<?xml version="1.0" encoding="UTF-8"?>
<testsuite name="com.unitedApi.SequenceHeaderDAOTest" tests="2" skipped="0" failures="0" errors="0" timestamp="2024-07-24T02:30:27" hostname="DESKTOP-FRUHT2G" time="5.694">
  <properties/>
  <testcase name="getSequenceHeader" classname="com.unitedApi.SequenceHeaderDAOTest" time="2.984"/>
  <testcase name="getSequenceHeaders" classname="com.unitedApi.SequenceHeaderDAOTest" time="2.71"/>
  <system-out><![CDATA[2024-07-24 14:30:27.784 [Test worker] DEBUG o.t.u.PrefixingImageNameSubstitutor - No prefix is configured
2024-07-24 14:30:27.784 [Test worker] DEBUG o.t.utility.ImageNameSubstitutor - Did not find a substitute image for postgres:latest (using image substitutor: DefaultImageNameSubstitutor (composite of 'ConfigurationFileImageNameSubstitutor' and 'PrefixingImageNameSubstitutor'))
2024-07-24 14:30:27.784 [Test worker] TRACE tc.postgres:latest - postgres:latest is already in image name cache
2024-07-24 14:30:27.784 [Test worker] DEBUG o.t.images.AbstractImagePullPolicy - Using locally available and not pulling image: postgres:latest
2024-07-24 14:30:27.784 [Test worker] DEBUG tc.postgres:latest - Starting container: postgres:latest
2024-07-24 14:30:27.784 [Test worker] DEBUG tc.postgres:latest - Trying to start container: postgres:latest (attempt 1/1)
2024-07-24 14:30:27.784 [Test worker] DEBUG tc.postgres:latest - Starting container: postgres:latest
2024-07-24 14:30:27.784 [Test worker] INFO  tc.postgres:latest - Creating container for image: postgres:latest
2024-07-24 14:30:27.784 [Test worker] DEBUG o.t.utility.RegistryAuthLocator - Looking up auth config for image: postgres:latest at registry: https://index.docker.io/v1/
2024-07-24 14:30:27.784 [Test worker] DEBUG o.t.utility.RegistryAuthLocator - No matching Auth Configs - falling back to defaultAuthConfig [null]
2024-07-24 14:30:27.784 [Test worker] DEBUG o.t.d.AuthDelegatingDockerClientConfig - Effective auth config [null]
2024-07-24 14:30:27.784 [Test worker] DEBUG o.t.s.c.g.d.c.command.AbstrDockerCmd - Cmd: org.testcontainers.shaded.com.github.dockerjava.core.command.CreateContainerCmdImpl@e5c2463[aliases=<null>,argsEscaped=<null>,attachStderr=<null>,attachStdin=<null>,attachStdout=<null>,authConfig=<null>,cmd={postgres,-c,fsync=off},domainName=<null>,entrypoint=<null>,env={POSTGRES_USER=user,POSTGRES_PASSWORD=password,POSTGRES_DB=db},exposedPorts=ExposedPorts(exposedPorts=[5432/tcp]),healthcheck=<null>,hostConfig=HostConfig(binds=[], blkioWeight=null, blkioWeightDevice=null, blkioDeviceReadBps=null, blkioDeviceWriteBps=null, blkioDeviceReadIOps=null, blkioDeviceWriteIOps=null, memorySwappiness=null, nanoCPUs=null, capAdd=null, capDrop=null, containerIDFile=null, cpuPeriod=null, cpuRealtimePeriod=null, cpuRealtimeRuntime=null, cpuShares=null, cpuQuota=null, cpusetCpus=null, cpusetMems=null, devices=null, deviceCgroupRules=null, deviceRequests=null, diskQuota=null, dns=null, dnsOptions=null, dnsSearch=null, extraHosts=[], groupAdd=null, ipcMode=null, cgroup=null, links=[], logConfig=LogConfig(type=null, config=null), lxcConf=null, memory=null, memorySwap=null, memoryReservation=null, kernelMemory=null, networkMode=null, oomKillDisable=null, init=null, autoRemove=null, oomScoreAdj=null, portBindings={5432/tcp=[Lcom.github.dockerjava.api.model.Ports$Binding;@61e86192}, privileged=null, publishAllPorts=null, readonlyRootfs=null, restartPolicy=null, ulimits=null, cpuCount=null, cpuPercent=null, ioMaximumIOps=null, ioMaximumBandwidth=null, volumesFrom=[], mounts=null, pidMode=null, isolation=null, securityOpts=null, storageOpt=null, cgroupParent=null, volumeDriver=null, shmSize=null, pidsLimit=null, runtime=null, tmpFs=null, utSMode=null, usernsMode=null, sysctls=null, consoleSize=null, cgroupnsMode=null),hostName=<null>,image=postgres:latest,ipv4Address=<null>,ipv6Address=<null>,labels={org.testcontainers=true, org.testcontainers.lang=java, org.testcontainers.version=1.19.8, org.testcontainers.sessionId=280e6229-7396-4d60-b1e3-a5de48b5d49b},macAddress=<null>,name=<null>,networkDisabled=<null>,networkingConfig=<null>,onBuild=<null>,platform=<null>,portSpecs=<null>,shell=<null>,stdInOnce=<null>,stdinOpen=<null>,stopSignal=<null>,stopTimeout=<null>,tty=<null>,user=<null>,volumes=Volumes(volumes=[]),workingDir=<null>]
2024-07-24 14:30:27.785 [Test worker] TRACE o.t.s.c.g.d.c.e.CreateContainerCmdExec - POST: DefaultWebTarget{path=[/containers/create], queryParams={}} 
2024-07-24 14:30:27.785 [Test worker] DEBUG c.g.d.z.s.o.a.h.c.h.i.c.InternalHttpClient - ex-0000008E: preparing request execution
2024-07-24 14:30:27.786 [Test worker] DEBUG c.g.d.z.s.o.a.h.c.h.p.RequestAddCookies - Cookie spec selected: strict
2024-07-24 14:30:27.786 [Test worker] DEBUG c.g.d.z.s.o.a.h.c.h.p.RequestAuthCache - Auth cache not set in the context
2024-07-24 14:30:27.786 [Test worker] DEBUG c.g.d.z.s.o.a.h.c.h.i.c.ProtocolExec - ex-0000008E: target auth state: UNCHALLENGED
2024-07-24 14:30:27.786 [Test worker] DEBUG c.g.d.z.s.o.a.h.c.h.i.c.ProtocolExec - ex-0000008E: proxy auth state: UNCHALLENGED
2024-07-24 14:30:27.786 [Test worker] DEBUG c.g.d.z.s.o.a.h.c.h.i.c.ConnectExec - ex-0000008E: acquiring connection with route {}->npipe://localhost:2375
2024-07-24 14:30:27.786 [Test worker] DEBUG c.g.d.z.s.o.a.h.c.h.i.c.InternalHttpClient - ex-0000008E: acquiring endpoint (3 MINUTES)
2024-07-24 14:30:27.786 [Test worker] DEBUG c.g.d.z.s.o.a.h.c.h.i.i.PoolingHttpClientConnectionManager - ex-0000008E: endpoint lease request (3 MINUTES) [route: {}->npipe://localhost:2375][total available: 1; route allocated: 1 of 2147483647; total allocated: 1 of 2147483647]
2024-07-24 14:30:27.786 [Test worker] DEBUG c.g.d.z.s.o.a.h.c.h.i.i.PoolingHttpClientConnectionManager - ex-0000008E: endpoint leased [route: {}->npipe://localhost:2375][total available: 0; route allocated: 1 of 2147483647; total allocated: 1 of 2147483647]
2024-07-24 14:30:27.786 [Test worker] DEBUG c.g.d.z.s.o.a.h.c.h.i.i.PoolingHttpClientConnectionManager - ex-0000008E: acquired ep-0000008D
2024-07-24 14:30:27.786 [Test worker] DEBUG c.g.d.z.s.o.a.h.c.h.i.c.InternalHttpClient - ex-0000008E: acquired endpoint ep-0000008D
2024-07-24 14:30:27.786 [Test worker] DEBUG c.g.d.z.s.o.a.h.c.h.i.c.MainClientExec - ex-0000008E: executing POST /v1.32/containers/create HTTP/1.1
2024-07-24 14:30:27.786 [Test worker] DEBUG c.g.d.z.s.o.a.h.c.h.i.c.InternalHttpClient - ep-0000008D: start execution ex-0000008E
2024-07-24 14:30:27.786 [Test worker] DEBUG c.g.d.z.s.o.a.h.c.h.i.i.PoolingHttpClientConnectionManager - ep-0000008D: executing exchange ex-0000008E over http-outgoing-13
2024-07-24 14:30:27.786 [Test worker] DEBUG c.g.d.z.s.o.a.h.client5.http.headers - http-outgoing-13 >> POST /v1.32/containers/create HTTP/1.1
2024-07-24 14:30:27.786 [Test worker] DEBUG c.g.d.z.s.o.a.h.client5.http.headers - http-outgoing-13 >> accept: application/json
2024-07-24 14:30:27.786 [Test worker] DEBUG c.g.d.z.s.o.a.h.client5.http.headers - http-outgoing-13 >> content-type: application/json
2024-07-24 14:30:27.786 [Test worker] DEBUG c.g.d.z.s.o.a.h.client5.http.headers - http-outgoing-13 >> x-tc-sid: 280e6229-7396-4d60-b1e3-a5de48b5d49b
2024-07-24 14:30:27.786 [Test worker] DEBUG c.g.d.z.s.o.a.h.client5.http.headers - http-outgoing-13 >> User-Agent: tc-java/1.19.8
2024-07-24 14:30:27.786 [Test worker] DEBUG c.g.d.z.s.o.a.h.client5.http.headers - http-outgoing-13 >> Accept-Encoding: gzip, x-gzip, deflate
2024-07-24 14:30:27.786 [Test worker] DEBUG c.g.d.z.s.o.a.h.client5.http.headers - http-outgoing-13 >> Content-Length: 2061
2024-07-24 14:30:27.786 [Test worker] DEBUG c.g.d.z.s.o.a.h.client5.http.headers - http-outgoing-13 >> Host: localhost:2375
2024-07-24 14:30:27.786 [Test worker] DEBUG c.g.d.z.s.o.a.h.client5.http.headers - http-outgoing-13 >> Connection: keep-alive
2024-07-24 14:30:27.787 [Test worker] DEBUG c.g.d.z.s.o.a.hc.client5.http.wire - http-outgoing-13 >> "POST /v1.32/containers/create HTTP/1.1[\r][\n]"
2024-07-24 14:30:27.787 [Test worker] DEBUG c.g.d.z.s.o.a.hc.client5.http.wire - http-outgoing-13 >> "accept: application/json[\r][\n]"
2024-07-24 14:30:27.787 [Test worker] DEBUG c.g.d.z.s.o.a.hc.client5.http.wire - http-outgoing-13 >> "content-type: application/json[\r][\n]"
2024-07-24 14:30:27.787 [Test worker] DEBUG c.g.d.z.s.o.a.hc.client5.http.wire - http-outgoing-13 >> "x-tc-sid: 280e6229-7396-4d60-b1e3-a5de48b5d49b[\r][\n]"
2024-07-24 14:30:27.787 [Test worker] DEBUG c.g.d.z.s.o.a.hc.client5.http.wire - http-outgoing-13 >> "User-Agent: tc-java/1.19.8[\r][\n]"
2024-07-24 14:30:27.787 [Test worker] DEBUG c.g.d.z.s.o.a.hc.client5.http.wire - http-outgoing-13 >> "Accept-Encoding: gzip, x-gzip, deflate[\r][\n]"
2024-07-24 14:30:27.787 [Test worker] DEBUG c.g.d.z.s.o.a.hc.client5.http.wire - http-outgoing-13 >> "Content-Length: 2061[\r][\n]"
2024-07-24 14:30:27.787 [Test worker] DEBUG c.g.d.z.s.o.a.hc.client5.http.wire - http-outgoing-13 >> "Host: localhost:2375[\r][\n]"
2024-07-24 14:30:27.787 [Test worker] DEBUG c.g.d.z.s.o.a.hc.client5.http.wire - http-outgoing-13 >> "Connection: keep-alive[\r][\n]"
2024-07-24 14:30:27.787 [Test worker] DEBUG c.g.d.z.s.o.a.hc.client5.http.wire - http-outgoing-13 >> "[\r][\n]"
2024-07-24 14:30:27.787 [Test worker] DEBUG c.g.d.z.s.o.a.hc.client5.http.wire - http-outgoing-13 >> "{"Hostname":null,"Domainname":null,"User":null,"AttachStdin":null,"AttachStdout":null,"AttachStderr":null,"PortSpecs":null,"Tty":null,"OpenStdin":null,"StdinOnce":null,"Env":["POSTGRES_USER=user","POSTGRES_PASSWORD=password","POSTGRES_DB=db"],"Cmd":["postgres","-c","fsync=off"],"Healthcheck":null,"ArgsEscaped":null,"Entrypoint":null,"Image":"postgres:latest","Volumes":{},"WorkingDir":null,"MacAddress":null,"OnBuild":null,"NetworkDisabled":null,"ExposedPorts":{"5432/tcp":{}},"StopSignal":null,"StopTimeout":null,"HostConfig":{"Binds":[],"BlkioWeight":null,"BlkioWeightDevice":null,"BlkioDeviceReadBps":null,"BlkioDeviceWriteBps":null,"BlkioDeviceReadIOps":null,"BlkioDeviceWriteIOps":null,"MemorySwappiness":null,"NanoCpus":null,"CapAdd":null,"CapDrop":null,"ContainerIDFile":null,"CpuPeriod":null,"CpuRealtimePeriod":null,"CpuRealtimeRuntime":null,"CpuShares":null,"CpuQuota":null,"CpusetCpus":null,"CpusetMems":null,"Devices":null,"DeviceCgroupRules":null,"DeviceRequests":null,"DiskQuota":null,"Dns":null,"DnsOptions":null,"DnsSearch":null,"ExtraHosts":[],"GroupAdd":null,"IpcMode":null,"Cgroup":null,"Links":[],"LogConfig":null,"LxcConf":null,"Memory":null,"MemorySwap":null,"MemoryReservation":null,"KernelMemory":null,"NetworkMode":null,"OomKillDisable":null,"Init":null,"AutoRemove":null,"OomScoreAdj":null,"PortBindings":{"5432/tcp":[{"HostIp":"","HostPort":""}]},"Privileged":null,"PublishAllPorts":null,"ReadonlyRootfs":null,"RestartPolicy":null,"Ulimits":null,"CpuCount":null,"CpuPercent":null,"IOMaximumIOps":null,"IOMaximumBandwidth":null,"VolumesFrom":[],"Mounts":null,"PidMode":null,"Isolation":null,"SecurityOpt":null,"StorageOpt":null,"CgroupParent":null,"VolumeDriver":null,"ShmSize":null,"PidsLimit":null,"Runtime":null,"Tmpfs":null,"UTSMode":null,"UsernsMode":null,"Sysctls":null,"ConsoleSize":null,"CgroupnsMode":null},"Labels":{"org.testcontainers":"true","org.testcontainers.lang":"java","org.testcontainers.version":"1.19.8","org.testcontainers.sessionId":"280e6229-7396-4d60-b1e3-a5de48b5d49b"},"Shell":null,"NetworkingConfig":null}"
2024-07-24 14:30:27.929 [Test worker] DEBUG c.g.d.z.s.o.a.hc.client5.http.wire - http-outgoing-13 << "HTTP/1.1 201 Created[\r][\n]"
2024-07-24 14:30:27.929 [Test worker] DEBUG c.g.d.z.s.o.a.hc.client5.http.wire - http-outgoing-13 << "Api-Version: 1.45[\r][\n]"
2024-07-24 14:30:27.929 [Test worker] DEBUG c.g.d.z.s.o.a.hc.client5.http.wire - http-outgoing-13 << "Content-Type: application/json[\r][\n]"
2024-07-24 14:30:27.929 [Test worker] DEBUG c.g.d.z.s.o.a.hc.client5.http.wire - http-outgoing-13 << "Date: Wed, 24 Jul 2024 02:30:27 GMT[\r][\n]"
2024-07-24 14:30:27.929 [Test worker] DEBUG c.g.d.z.s.o.a.hc.client5.http.wire - http-outgoing-13 << "Docker-Experimental: false[\r][\n]"
2024-07-24 14:30:27.929 [Test worker] DEBUG c.g.d.z.s.o.a.hc.client5.http.wire - http-outgoing-13 << "Ostype: linux[\r][\n]"
2024-07-24 14:30:27.929 [Test worker] DEBUG c.g.d.z.s.o.a.hc.client5.http.wire - http-outgoing-13 << "Server: Docker/26.0.0 (linux)[\r][\n]"
2024-07-24 14:30:27.929 [Test worker] DEBUG c.g.d.z.s.o.a.hc.client5.http.wire - http-outgoing-13 << "Transfer-Encoding: chunked[\r][\n]"
2024-07-24 14:30:27.929 [Test worker] DEBUG c.g.d.z.s.o.a.hc.client5.http.wire - http-outgoing-13 << "[\r][\n]"
2024-07-24 14:30:27.929 [Test worker] DEBUG c.g.d.z.s.o.a.h.client5.http.headers - http-outgoing-13 << HTTP/1.1 201 Created
2024-07-24 14:30:27.929 [Test worker] DEBUG c.g.d.z.s.o.a.h.client5.http.headers - http-outgoing-13 << Api-Version: 1.45
2024-07-24 14:30:27.929 [Test worker] DEBUG c.g.d.z.s.o.a.h.client5.http.headers - http-outgoing-13 << Content-Type: application/json
2024-07-24 14:30:27.929 [Test worker] DEBUG c.g.d.z.s.o.a.h.client5.http.headers - http-outgoing-13 << Date: Wed, 24 Jul 2024 02:30:27 GMT
2024-07-24 14:30:27.929 [Test worker] DEBUG c.g.d.z.s.o.a.h.client5.http.headers - http-outgoing-13 << Docker-Experimental: false
2024-07-24 14:30:27.929 [Test worker] DEBUG c.g.d.z.s.o.a.h.client5.http.headers - http-outgoing-13 << Ostype: linux
2024-07-24 14:30:27.929 [Test worker] DEBUG c.g.d.z.s.o.a.h.client5.http.headers - http-outgoing-13 << Server: Docker/26.0.0 (linux)
2024-07-24 14:30:27.929 [Test worker] DEBUG c.g.d.z.s.o.a.h.client5.http.headers - http-outgoing-13 << Transfer-Encoding: chunked
2024-07-24 14:30:27.929 [Test worker] DEBUG c.g.d.z.s.o.a.h.c.h.i.c.MainClientExec - ex-0000008E: connection can be kept alive for 3 MINUTES
2024-07-24 14:30:27.930 [Test worker] DEBUG c.g.d.z.s.o.a.hc.client5.http.wire - http-outgoing-13 << "58[\r][\n]"
2024-07-24 14:30:27.930 [Test worker] DEBUG c.g.d.z.s.o.a.hc.client5.http.wire - http-outgoing-13 << "{"Id":"36b1db985788a4878928f8818de5df75ef015b2e6df2158478dc493c87c7162e","Warnings":[]}[\n]"
2024-07-24 14:30:27.930 [Test worker] DEBUG c.g.d.z.s.o.a.hc.client5.http.wire - http-outgoing-13 << "[\r][\n]"
2024-07-24 14:30:27.930 [Test worker] DEBUG c.g.d.z.s.o.a.hc.client5.http.wire - http-outgoing-13 << "0[\r][\n]"
2024-07-24 14:30:27.930 [Test worker] DEBUG c.g.d.z.s.o.a.hc.client5.http.wire - http-outgoing-13 << "[\r][\n]"
2024-07-24 14:30:27.930 [Test worker] DEBUG c.g.d.z.s.o.a.h.c.h.i.c.InternalHttpClient - ep-0000008D: releasing valid endpoint
2024-07-24 14:30:27.930 [Test worker] DEBUG c.g.d.z.s.o.a.h.c.h.i.i.PoolingHttpClientConnectionManager - ep-0000008D: releasing endpoint
2024-07-24 14:30:27.930 [Test worker] DEBUG c.g.d.z.s.o.a.h.c.h.i.i.PoolingHttpClientConnectionManager - ep-0000008D: connection http-outgoing-13 can be kept alive for 3 MINUTES
2024-07-24 14:30:27.930 [Test worker] DEBUG c.g.d.z.s.o.a.h.c.h.i.i.PoolingHttpClientConnectionManager - ep-0000008D: connection released [route: {}->npipe://localhost:2375][total available: 1; route allocated: 1 of 2147483647; total allocated: 1 of 2147483647]
2024-07-24 14:30:27.930 [Test worker] INFO  tc.postgres:latest - Container postgres:latest is starting: 36b1db985788a4878928f8818de5df75ef015b2e6df2158478dc493c87c7162e
2024-07-24 14:30:27.930 [Test worker] DEBUG o.t.s.c.g.d.c.command.AbstrDockerCmd - Cmd: 36b1db985788a4878928f8818de5df75ef015b2e6df2158478dc493c87c7162e
2024-07-24 14:30:27.930 [Test worker] TRACE o.t.s.c.g.d.c.e.StartContainerCmdExec - POST: DefaultWebTarget{path=[/containers/36b1db985788a4878928f8818de5df75ef015b2e6df2158478dc493c87c7162e/start], queryParams={}}
2024-07-24 14:30:27.931 [Test worker] DEBUG c.g.d.z.s.o.a.h.c.h.i.c.InternalHttpClient - ex-0000008F: preparing request execution
2024-07-24 14:30:27.931 [Test worker] DEBUG c.g.d.z.s.o.a.h.c.h.p.RequestAddCookies - Cookie spec selected: strict
2024-07-24 14:30:27.931 [Test worker] DEBUG c.g.d.z.s.o.a.h.c.h.p.RequestAuthCache - Auth cache not set in the context
2024-07-24 14:30:27.931 [Test worker] DEBUG c.g.d.z.s.o.a.h.c.h.i.c.ProtocolExec - ex-0000008F: target auth state: UNCHALLENGED
2024-07-24 14:30:27.931 [Test worker] DEBUG c.g.d.z.s.o.a.h.c.h.i.c.ProtocolExec - ex-0000008F: proxy auth state: UNCHALLENGED
2024-07-24 14:30:27.931 [Test worker] DEBUG c.g.d.z.s.o.a.h.c.h.i.c.ConnectExec - ex-0000008F: acquiring connection with route {}->npipe://localhost:2375
2024-07-24 14:30:27.931 [Test worker] DEBUG c.g.d.z.s.o.a.h.c.h.i.c.InternalHttpClient - ex-0000008F: acquiring endpoint (3 MINUTES)
2024-07-24 14:30:27.931 [Test worker] DEBUG c.g.d.z.s.o.a.h.c.h.i.i.PoolingHttpClientConnectionManager - ex-0000008F: endpoint lease request (3 MINUTES) [route: {}->npipe://localhost:2375][total available: 1; route allocated: 1 of 2147483647; total allocated: 1 of 2147483647]
2024-07-24 14:30:27.931 [Test worker] DEBUG c.g.d.z.s.o.a.h.c.h.i.i.PoolingHttpClientConnectionManager - ex-0000008F: endpoint leased [route: {}->npipe://localhost:2375][total available: 0; route allocated: 1 of 2147483647; total allocated: 1 of 2147483647]
2024-07-24 14:30:27.931 [Test worker] DEBUG c.g.d.z.s.o.a.h.c.h.i.i.PoolingHttpClientConnectionManager - ex-0000008F: acquired ep-0000008E
2024-07-24 14:30:27.931 [Test worker] DEBUG c.g.d.z.s.o.a.h.c.h.i.c.InternalHttpClient - ex-0000008F: acquired endpoint ep-0000008E
2024-07-24 14:30:27.931 [Test worker] DEBUG c.g.d.z.s.o.a.h.c.h.i.c.MainClientExec - ex-0000008F: executing POST /v1.32/containers/36b1db985788a4878928f8818de5df75ef015b2e6df2158478dc493c87c7162e/start HTTP/1.1
2024-07-24 14:30:27.931 [Test worker] DEBUG c.g.d.z.s.o.a.h.c.h.i.c.InternalHttpClient - ep-0000008E: start execution ex-0000008F
2024-07-24 14:30:27.931 [Test worker] DEBUG c.g.d.z.s.o.a.h.c.h.i.i.PoolingHttpClientConnectionManager - ep-0000008E: executing exchange ex-0000008F over http-outgoing-13
2024-07-24 14:30:27.932 [Test worker] DEBUG c.g.d.z.s.o.a.h.client5.http.headers - http-outgoing-13 >> POST /v1.32/containers/36b1db985788a4878928f8818de5df75ef015b2e6df2158478dc493c87c7162e/start HTTP/1.1
2024-07-24 14:30:27.932 [Test worker] DEBUG c.g.d.z.s.o.a.h.client5.http.headers - http-outgoing-13 >> accept: application/json
2024-07-24 14:30:27.932 [Test worker] DEBUG c.g.d.z.s.o.a.h.client5.http.headers - http-outgoing-13 >> content-type: application/json
2024-07-24 14:30:27.932 [Test worker] DEBUG c.g.d.z.s.o.a.h.client5.http.headers - http-outgoing-13 >> x-tc-sid: 280e6229-7396-4d60-b1e3-a5de48b5d49b
2024-07-24 14:30:27.932 [Test worker] DEBUG c.g.d.z.s.o.a.h.client5.http.headers - http-outgoing-13 >> User-Agent: tc-java/1.19.8
2024-07-24 14:30:27.932 [Test worker] DEBUG c.g.d.z.s.o.a.h.client5.http.headers - http-outgoing-13 >> Accept-Encoding: gzip, x-gzip, deflate
2024-07-24 14:30:27.932 [Test worker] DEBUG c.g.d.z.s.o.a.h.client5.http.headers - http-outgoing-13 >> Host: localhost:2375
2024-07-24 14:30:27.932 [Test worker] DEBUG c.g.d.z.s.o.a.h.client5.http.headers - http-outgoing-13 >> Connection: keep-alive
2024-07-24 14:30:27.932 [Test worker] DEBUG c.g.d.z.s.o.a.hc.client5.http.wire - http-outgoing-13 >> "POST /v1.32/containers/36b1db985788a4878928f8818de5df75ef015b2e6df2158478dc493c87c7162e/start HTTP/1.1[\r][\n]"
2024-07-24 14:30:27.932 [Test worker] DEBUG c.g.d.z.s.o.a.hc.client5.http.wire - http-outgoing-13 >> "accept: application/json[\r][\n]"
2024-07-24 14:30:27.932 [Test worker] DEBUG c.g.d.z.s.o.a.hc.client5.http.wire - http-outgoing-13 >> "content-type: application/json[\r][\n]"
2024-07-24 14:30:27.932 [Test worker] DEBUG c.g.d.z.s.o.a.hc.client5.http.wire - http-outgoing-13 >> "x-tc-sid: 280e6229-7396-4d60-b1e3-a5de48b5d49b[\r][\n]"
2024-07-24 14:30:27.932 [Test worker] DEBUG c.g.d.z.s.o.a.hc.client5.http.wire - http-outgoing-13 >> "User-Agent: tc-java/1.19.8[\r][\n]"
2024-07-24 14:30:27.932 [Test worker] DEBUG c.g.d.z.s.o.a.hc.client5.http.wire - http-outgoing-13 >> "Accept-Encoding: gzip, x-gzip, deflate[\r][\n]"
2024-07-24 14:30:27.932 [Test worker] DEBUG c.g.d.z.s.o.a.hc.client5.http.wire - http-outgoing-13 >> "Host: localhost:2375[\r][\n]"
2024-07-24 14:30:27.932 [Test worker] DEBUG c.g.d.z.s.o.a.hc.client5.http.wire - http-outgoing-13 >> "Connection: keep-alive[\r][\n]"
2024-07-24 14:30:27.932 [Test worker] DEBUG c.g.d.z.s.o.a.hc.client5.http.wire - http-outgoing-13 >> "[\r][\n]"
2024-07-24 14:30:28.373 [Test worker] DEBUG c.g.d.z.s.o.a.hc.client5.http.wire - http-outgoing-13 << "HTTP/1.1 204 No Content[\r][\n]"
2024-07-24 14:30:28.373 [Test worker] DEBUG c.g.d.z.s.o.a.hc.client5.http.wire - http-outgoing-13 << "Api-Version: 1.45[\r][\n]"
2024-07-24 14:30:28.373 [Test worker] DEBUG c.g.d.z.s.o.a.hc.client5.http.wire - http-outgoing-13 << "Date: Wed, 24 Jul 2024 02:30:28 GMT[\r][\n]"
2024-07-24 14:30:28.373 [Test worker] DEBUG c.g.d.z.s.o.a.hc.client5.http.wire - http-outgoing-13 << "Docker-Experimental: false[\r][\n]"
2024-07-24 14:30:28.373 [Test worker] DEBUG c.g.d.z.s.o.a.hc.client5.http.wire - http-outgoing-13 << "Ostype: linux[\r][\n]"
2024-07-24 14:30:28.373 [Test worker] DEBUG c.g.d.z.s.o.a.hc.client5.http.wire - http-outgoing-13 << "Server: Docker/26.0.0 (linux)[\r][\n]"
2024-07-24 14:30:28.373 [Test worker] DEBUG c.g.d.z.s.o.a.hc.client5.http.wire - http-outgoing-13 << "[\r][\n]"
2024-07-24 14:30:28.374 [Test worker] DEBUG c.g.d.z.s.o.a.h.client5.http.headers - http-outgoing-13 << HTTP/1.1 204 No Content
2024-07-24 14:30:28.374 [Test worker] DEBUG c.g.d.z.s.o.a.h.client5.http.headers - http-outgoing-13 << Api-Version: 1.45
2024-07-24 14:30:28.374 [Test worker] DEBUG c.g.d.z.s.o.a.h.client5.http.headers - http-outgoing-13 << Date: Wed, 24 Jul 2024 02:30:28 GMT
2024-07-24 14:30:28.374 [Test worker] DEBUG c.g.d.z.s.o.a.h.client5.http.headers - http-outgoing-13 << Docker-Experimental: false
2024-07-24 14:30:28.374 [Test worker] DEBUG c.g.d.z.s.o.a.h.client5.http.headers - http-outgoing-13 << Ostype: linux
2024-07-24 14:30:28.374 [Test worker] DEBUG c.g.d.z.s.o.a.h.client5.http.headers - http-outgoing-13 << Server: Docker/26.0.0 (linux)
2024-07-24 14:30:28.374 [Test worker] DEBUG c.g.d.z.s.o.a.h.c.h.i.c.MainClientExec - ex-0000008F: connection can be kept alive for 3 MINUTES
2024-07-24 14:30:28.374 [Test worker] DEBUG c.g.d.z.s.o.a.h.c.h.i.c.InternalHttpClient - ep-0000008E: releasing valid endpoint
2024-07-24 14:30:28.374 [Test worker] DEBUG c.g.d.z.s.o.a.h.c.h.i.i.PoolingHttpClientConnectionManager - ep-0000008E: releasing endpoint
2024-07-24 14:30:28.375 [Test worker] DEBUG c.g.d.z.s.o.a.h.c.h.i.i.PoolingHttpClientConnectionManager - ep-0000008E: connection http-outgoing-13 can be kept alive for 3 MINUTES
2024-07-24 14:30:28.375 [Test worker] DEBUG c.g.d.z.s.o.a.h.c.h.i.i.PoolingHttpClientConnectionManager - ep-0000008E: connection released [route: {}->npipe://localhost:2375][total available: 1; route allocated: 1 of 2147483647; total allocated: 1 of 2147483647]
2024-07-24 14:30:28.375 [Test worker] DEBUG o.t.s.c.g.d.c.command.AbstrDockerCmd - Cmd: 36b1db985788a4878928f8818de5df75ef015b2e6df2158478dc493c87c7162e,false
2024-07-24 14:30:28.375 [Test worker] DEBUG o.t.s.c.g.d.c.e.InspectContainerCmdExec - GET: DefaultWebTarget{path=[/containers/36b1db985788a4878928f8818de5df75ef015b2e6df2158478dc493c87c7162e/json], queryParams={}}
2024-07-24 14:30:28.376 [Test worker] DEBUG c.g.d.z.s.o.a.h.c.h.i.c.InternalHttpClient - ex-00000090: preparing request execution
2024-07-24 14:30:28.376 [Test worker] DEBUG c.g.d.z.s.o.a.h.c.h.p.RequestAddCookies - Cookie spec selected: strict
2024-07-24 14:30:28.376 [Test worker] DEBUG c.g.d.z.s.o.a.h.c.h.p.RequestAuthCache - Auth cache not set in the context
2024-07-24 14:30:28.376 [Test worker] DEBUG c.g.d.z.s.o.a.h.c.h.i.c.ProtocolExec - ex-00000090: target auth state: UNCHALLENGED
2024-07-24 14:30:28.376 [Test worker] DEBUG c.g.d.z.s.o.a.h.c.h.i.c.ProtocolExec - ex-00000090: proxy auth state: UNCHALLENGED
2024-07-24 14:30:28.376 [Test worker] DEBUG c.g.d.z.s.o.a.h.c.h.i.c.ConnectExec - ex-00000090: acquiring connection with route {}->npipe://localhost:2375
2024-07-24 14:30:28.376 [Test worker] DEBUG c.g.d.z.s.o.a.h.c.h.i.c.InternalHttpClient - ex-00000090: acquiring endpoint (3 MINUTES)
2024-07-24 14:30:28.376 [Test worker] DEBUG c.g.d.z.s.o.a.h.c.h.i.i.PoolingHttpClientConnectionManager - ex-00000090: endpoint lease request (3 MINUTES) [route: {}->npipe://localhost:2375][total available: 1; route allocated: 1 of 2147483647; total allocated: 1 of 2147483647]
2024-07-24 14:30:28.376 [Test worker] DEBUG c.g.d.z.s.o.a.h.c.h.i.i.PoolingHttpClientConnectionManager - ex-00000090: endpoint leased [route: {}->npipe://localhost:2375][total available: 0; route allocated: 1 of 2147483647; total allocated: 1 of 2147483647]
2024-07-24 14:30:28.376 [Test worker] DEBUG c.g.d.z.s.o.a.h.c.h.i.i.PoolingHttpClientConnectionManager - ex-00000090: acquired ep-0000008F
2024-07-24 14:30:28.376 [Test worker] DEBUG c.g.d.z.s.o.a.h.c.h.i.c.InternalHttpClient - ex-00000090: acquired endpoint ep-0000008F
2024-07-24 14:30:28.376 [Test worker] DEBUG c.g.d.z.s.o.a.h.c.h.i.c.MainClientExec - ex-00000090: executing GET /v1.32/containers/36b1db985788a4878928f8818de5df75ef015b2e6df2158478dc493c87c7162e/json HTTP/1.1
2024-07-24 14:30:28.376 [Test worker] DEBUG c.g.d.z.s.o.a.h.c.h.i.c.InternalHttpClient - ep-0000008F: start execution ex-00000090
2024-07-24 14:30:28.376 [Test worker] DEBUG c.g.d.z.s.o.a.h.c.h.i.i.PoolingHttpClientConnectionManager - ep-0000008F: executing exchange ex-00000090 over http-outgoing-13
2024-07-24 14:30:28.376 [Test worker] DEBUG c.g.d.z.s.o.a.h.client5.http.headers - http-outgoing-13 >> GET /v1.32/containers/36b1db985788a4878928f8818de5df75ef015b2e6df2158478dc493c87c7162e/json HTTP/1.1
2024-07-24 14:30:28.376 [Test worker] DEBUG c.g.d.z.s.o.a.h.client5.http.headers - http-outgoing-13 >> accept: application/json
2024-07-24 14:30:28.376 [Test worker] DEBUG c.g.d.z.s.o.a.h.client5.http.headers - http-outgoing-13 >> x-tc-sid: 280e6229-7396-4d60-b1e3-a5de48b5d49b
2024-07-24 14:30:28.376 [Test worker] DEBUG c.g.d.z.s.o.a.h.client5.http.headers - http-outgoing-13 >> User-Agent: tc-java/1.19.8
2024-07-24 14:30:28.376 [Test worker] DEBUG c.g.d.z.s.o.a.h.client5.http.headers - http-outgoing-13 >> Accept-Encoding: gzip, x-gzip, deflate
2024-07-24 14:30:28.376 [Test worker] DEBUG c.g.d.z.s.o.a.h.client5.http.headers - http-outgoing-13 >> Host: localhost:2375
2024-07-24 14:30:28.376 [Test worker] DEBUG c.g.d.z.s.o.a.h.client5.http.headers - http-outgoing-13 >> Connection: keep-alive
2024-07-24 14:30:28.376 [Test worker] DEBUG c.g.d.z.s.o.a.hc.client5.http.wire - http-outgoing-13 >> "GET /v1.32/containers/36b1db985788a4878928f8818de5df75ef015b2e6df2158478dc493c87c7162e/json HTTP/1.1[\r][\n]"
2024-07-24 14:30:28.376 [Test worker] DEBUG c.g.d.z.s.o.a.hc.client5.http.wire - http-outgoing-13 >> "accept: application/json[\r][\n]"
2024-07-24 14:30:28.376 [Test worker] DEBUG c.g.d.z.s.o.a.hc.client5.http.wire - http-outgoing-13 >> "x-tc-sid: 280e6229-7396-4d60-b1e3-a5de48b5d49b[\r][\n]"
2024-07-24 14:30:28.376 [Test worker] DEBUG c.g.d.z.s.o.a.hc.client5.http.wire - http-outgoing-13 >> "User-Agent: tc-java/1.19.8[\r][\n]"
2024-07-24 14:30:28.376 [Test worker] DEBUG c.g.d.z.s.o.a.hc.client5.http.wire - http-outgoing-13 >> "Accept-Encoding: gzip, x-gzip, deflate[\r][\n]"
2024-07-24 14:30:28.376 [Test worker] DEBUG c.g.d.z.s.o.a.hc.client5.http.wire - http-outgoing-13 >> "Host: localhost:2375[\r][\n]"
2024-07-24 14:30:28.376 [Test worker] DEBUG c.g.d.z.s.o.a.hc.client5.http.wire - http-outgoing-13 >> "Connection: keep-alive[\r][\n]"
2024-07-24 14:30:28.376 [Test worker] DEBUG c.g.d.z.s.o.a.hc.client5.http.wire - http-outgoing-13 >> "[\r][\n]"
2024-07-24 14:30:28.380 [Test worker] DEBUG c.g.d.z.s.o.a.hc.client5.http.wire - http-outgoing-13 << "HTTP/1.1 200 OK[\r][\n]"
2024-07-24 14:30:28.380 [Test worker] DEBUG c.g.d.z.s.o.a.hc.client5.http.wire - http-outgoing-13 << "Api-Version: 1.45[\r][\n]"
2024-07-24 14:30:28.380 [Test worker] DEBUG c.g.d.z.s.o.a.hc.client5.http.wire - http-outgoing-13 << "Content-Type: application/json[\r][\n]"
2024-07-24 14:30:28.380 [Test worker] DEBUG c.g.d.z.s.o.a.hc.client5.http.wire - http-outgoing-13 << "Date: Wed, 24 Jul 2024 02:30:28 GMT[\r][\n]"
2024-07-24 14:30:28.380 [Test worker] DEBUG c.g.d.z.s.o.a.hc.client5.http.wire - http-outgoing-13 << "Docker-Experimental: false[\r][\n]"
2024-07-24 14:30:28.380 [Test worker] DEBUG c.g.d.z.s.o.a.hc.client5.http.wire - http-outgoing-13 << "Ostype: linux[\r][\n]"
2024-07-24 14:30:28.380 [Test worker] DEBUG c.g.d.z.s.o.a.hc.client5.http.wire - http-outgoing-13 << "Server: Docker/26.0.0 (linux)[\r][\n]"
2024-07-24 14:30:28.380 [Test worker] DEBUG c.g.d.z.s.o.a.hc.client5.http.wire - http-outgoing-13 << "Transfer-Encoding: chunked[\r][\n]"
2024-07-24 14:30:28.380 [Test worker] DEBUG c.g.d.z.s.o.a.hc.client5.http.wire - http-outgoing-13 << "[\r][\n]"
2024-07-24 14:30:28.381 [Test worker] DEBUG c.g.d.z.s.o.a.h.client5.http.headers - http-outgoing-13 << HTTP/1.1 200 OK
2024-07-24 14:30:28.381 [Test worker] DEBUG c.g.d.z.s.o.a.h.client5.http.headers - http-outgoing-13 << Api-Version: 1.45
2024-07-24 14:30:28.381 [Test worker] DEBUG c.g.d.z.s.o.a.h.client5.http.headers - http-outgoing-13 << Content-Type: application/json
2024-07-24 14:30:28.381 [Test worker] DEBUG c.g.d.z.s.o.a.h.client5.http.headers - http-outgoing-13 << Date: Wed, 24 Jul 2024 02:30:28 GMT
2024-07-24 14:30:28.381 [Test worker] DEBUG c.g.d.z.s.o.a.h.client5.http.headers - http-outgoing-13 << Docker-Experimental: false
2024-07-24 14:30:28.381 [Test worker] DEBUG c.g.d.z.s.o.a.h.client5.http.headers - http-outgoing-13 << Ostype: linux
2024-07-24 14:30:28.381 [Test worker] DEBUG c.g.d.z.s.o.a.h.client5.http.headers - http-outgoing-13 << Server: Docker/26.0.0 (linux)
2024-07-24 14:30:28.381 [Test worker] DEBUG c.g.d.z.s.o.a.h.client5.http.headers - http-outgoing-13 << Transfer-Encoding: chunked
2024-07-24 14:30:28.381 [Test worker] DEBUG c.g.d.z.s.o.a.h.c.h.i.c.MainClientExec - ex-00000090: connection can be kept alive for 3 MINUTES
2024-07-24 14:30:28.382 [Test worker] DEBUG c.g.d.z.s.o.a.hc.client5.http.wire - http-outgoing-13 << "1a3a[\r][\n]"
2024-07-24 14:30:28.382 [Test worker] DEBUG c.g.d.z.s.o.a.hc.client5.http.wire - http-outgoing-13 << "{"Id":"36b1db985788a4878928f8818de5df75ef015b2e6df2158478dc493c87c7162e","Created":"2024-07-24T02:30:27.799787762Z","Path":"docker-entrypoint.sh","Args":["postgres","-c","fsync=off"],"State":{"Status":"running","Running":true,"Paused":false,"Restarting":false,"OOMKilled":false,"Dead":false,"Pid":29582,"ExitCode":0,"Error":"","StartedAt":"2024-07-24T02:30:28.34858769Z","FinishedAt":"0001-01-01T00:00:00Z"},"Image":"sha256:8e4fc9e184899a58735e7ee333f5e272d7d2298cf59302006b71f33e217be130","ResolvConfPath":"/var/lib/docker/containers/36b1db985788a4878928f8818de5df75ef015b2e6df2158478dc493c87c7162e/resolv.conf","HostnamePath":"/var/lib/docker/containers/36b1db985788a4878928f8818de5df75ef015b2e6df2158478dc493c87c7162e/hostname","HostsPath":"/var/lib/docker/containers/36b1db985788a4878928f8818de5df75ef015b2e6df2158478dc493c87c7162e/hosts","LogPath":"/var/lib/docker/containers/36b1db985788a4878928f8818de5df75ef015b2e6df2158478dc493c87c7162e/36b1db985788a4878928f8818de5df75ef015b2e6df2158478dc493c87c7162e-json.log","Name":"/flamboyant_jackson","RestartCount":0,"Driver":"overlay2","Platform":"linux","MountLabel":"","ProcessLabel":"","AppArmorProfile":"","ExecIDs":null,"HostConfig":{"Binds":[],"ContainerIDFile":"","LogConfig":{"Type":"json-file","Config":{}},"NetworkMode":"default","PortBindings":{"5432/tcp":[{"HostIp":"0.0.0.0","HostPort":"0"}]},"RestartPolicy":{"Name":"no","MaximumRetryCount":0},"AutoRemove":false,"VolumeDriver":"","VolumesFrom":[],"ConsoleSize":[0,0],"CapAdd":null,"CapDrop":null,"CgroupnsMode":"host","Dns":null,"DnsOptions":null,"DnsSearch":null,"ExtraHosts":[],"GroupAdd":null,"IpcMode":"shareable","Cgroup":"","Links":null,"OomScoreAdj":0,"PidMode":"","Privileged":false,"PublishAllPorts":false,"ReadonlyRootfs":false,"SecurityOpt":null,"UTSMode":"","UsernsMode":"","ShmSize":67108864,"Runtime":"runc","Isolation":"","CpuShares":0,"Memory":0,"NanoCpus":0,"CgroupParent":"","BlkioWeight":0,"BlkioWeightDevice":null,"BlkioDeviceReadBps":null,"BlkioDeviceWriteBps":null,"BlkioDeviceReadIOps":null,"BlkioDeviceWriteIOps":null,"CpuPeriod":0,"CpuQuota":0,"CpuRealtimePeriod":0,"CpuRealtimeRuntime":0,"CpusetCpus":"","CpusetMems":"","Devices":null,"DeviceCgroupRules":null,"DeviceRequests":null,"MemoryReservation":0,"MemorySwap":0,"MemorySwappiness":null,"OomKillDisable":false,"PidsLimit":null,"Ulimits":null,"CpuCount":0,"CpuPercent":0,"IOMaximumIOps":0,"IOMaximumBandwidth":0,"MaskedPaths":["/proc/asound","/proc/acpi","/proc/kcore","/proc/keys","/proc/latency_stats","/proc/timer_list","/proc/timer_stats","/proc/sched_debug","/proc/scsi","/sys/firmware","/sys/devices/virtual/powercap"],"ReadonlyPaths":["/proc/bus","/proc/fs","/proc/irq","/proc/sys","/proc/sysrq-trigger"]},"GraphDriver":{"Data":{"LowerDir":"/var/lib/docker/overlay2/5c60aa41906d4b42a235b4d7c1012f5ae577976ef2573e5b7b7800833057be20-init/diff:/var/lib/docker/overlay2/8f0ddbd386af0785c2e348570516955816ab350305d698d363962d488eeb15ec/diff:/var/lib/docker/overlay2/0eb0ca73e9b0be7c3d7fa8762ef4778a68f38391bc84c037c2e90b88e781b475/diff:/var/lib/docker/overlay2/74e634bddc785c5d436b10a5158cd82e21dc2065fd1cf8ff9c1c12e01575a2d8/diff:/var/lib/docker/overlay2/bb918b2851cd2f508f1e3fdbfff8b7f8b041d61e65fe8c368288bf399e80b818/diff:/var/lib/docker/overlay2/2abab2946cbdc2941ee8ec4024c51dac7313dee9de5fbedd1ca33388c59eb3c8/diff:/var/lib/docker/overlay2/e12f6083ee669bd92743ceb339a896bb25dbe461b718705bb39eb410b80c0ecd/diff:/var/lib/docker/overlay2/ced1e86d670d097da5ed4da7288c22507735918959161c2cd8bf083fb30d169a/diff:/var/lib/docker/overlay2/94e9ac7b74923285ae73af20aeccb964ca9079e2305db367cb85d1603560472d/diff:/var/lib/docker/overlay2/a396b6dfd63f0c228c519871183c614cccf4d366a43460f27ecf97113c3c4be8/diff:/var/lib/docker/overlay2/f58ada5d5080c2bac553c734f81127660a90581a35ed2a92cebe3c59e340875b/diff:/var/lib/docker/overlay2/84f85636f37bf55d945e217b4f87a856eba7932284beaf042561007b66f48977/diff:/var/lib/docker/overlay2/1e6e519613884e91a2b74a588ba35dc8a2f789371ab798ef6e7d9836d756042f/diff:/var/lib/docker/overlay2/14a3151cc8b4f9d27d2e64f1a8abc0c7809309580f2d7e8dc8545055c1d56194/diff:/var/lib/d"
2024-07-24 14:30:28.383 [Test worker] DEBUG c.g.d.z.s.o.a.hc.client5.http.wire - http-outgoing-13 << "ocker/overlay2/5b354b9e793401517fe2f1da697653fdaadffc54888eaf76d67e0600b8c68bdc/diff","MergedDir":"/var/lib/docker/overlay2/5c60aa41906d4b42a235b4d7c1012f5ae577976ef2573e5b7b7800833057be20/merged","UpperDir":"/var/lib/docker/overlay2/5c60aa41906d4b42a235b4d7c1012f5ae577976ef2573e5b7b7800833057be20/diff","WorkDir":"/var/lib/docker/overlay2/5c60aa41906d4b42a235b4d7c1012f5ae577976ef2573e5b7b7800833057be20/work"},"Name":"overlay2"},"Mounts":[{"Type":"volume","Name":"2265a7adf416c5fc410d80dea692f6683701cd6ba92944cb0f55371ffdd0a57c","Source":"/var/lib/docker/volumes/2265a7adf416c5fc410d80dea692f6683701cd6ba92944cb0f55371ffdd0a57c/_data","Destination":"/var/lib/postgresql/data","Driver":"local","Mode":"","RW":true,"Propagation":""}],"Config":{"Hostname":"36b1db985788","Domainname":"","User":"","AttachStdin":false,"AttachStdout":false,"AttachStderr":false,"ExposedPorts":{"5432/tcp":{}},"Tty":false,"OpenStdin":false,"StdinOnce":false,"Env":["POSTGRES_USER=user","POSTGRES_PASSWORD=password","POSTGRES_DB=db","PATH=/usr/local/sbin:/usr/local/bin:/usr/sbin:/usr/bin:/sbin:/bin:/usr/lib/postgresql/16/bin","GOSU_VERSION=1.17","LANG=en_US.utf8","PG_MAJOR=16","PG_VERSION=16.2-1.pgdg120+2","PGDATA=/var/lib/postgresql/data"],"Cmd":["postgres","-c","fsync=off"],"Image":"postgres:latest","Volumes":{"/var/lib/postgresql/data":{}},"WorkingDir":"","Entrypoint":["docker-entrypoint.sh"],"OnBuild":null,"Labels":{"org.testcontainers":"true","org.testcontainers.lang":"java","org.testcontainers.sessionId":"280e6229-7396-4d60-b1e3-a5de48b5d49b","org.testcontainers.version":"1.19.8"},"StopSignal":"SIGINT"},"NetworkSettings":{"Bridge":"","SandboxID":"680c449ebbac8f5b5ca96a1d52becf889fd27d86a60ed68fd11968ac10176051","SandboxKey":"/var/run/docker/netns/680c449ebbac","Ports":{"5432/tcp":[{"HostIp":"0.0.0.0","HostPort":"51548"}]},"HairpinMode":false,"LinkLocalIPv6Address":"","LinkLocalIPv6PrefixLen":0,"SecondaryIPAddresses":null,"SecondaryIPv6Addresses":null,"EndpointID":"1dd2ef06e52f1c21612b2962dca328513aaa599d832cd36dcf05eb3484db61de","Gateway":"172.17.0.1","GlobalIPv6Address":"","GlobalIPv6PrefixLen":0,"IPAddress":"172.17.0.3","IPPrefixLen":16,"IPv6Gateway":"","MacAddress":"02:42:ac:11:00:03","Networks":{"bridge":{"IPAMConfig":null,"Links":null,"Aliases":null,"MacAddress":"02:42:ac:11:00:03","NetworkID":"3c842496be344cbdae878c1dee0957e7bc7c0a2236009c92752030f2b053e72f","EndpointID":"1dd2ef06e52f1c21612b2962dca328513aaa599d832cd36dcf05eb3484db61de","Gateway":"172.17.0.1","IPAddress":"172.17.0.3","IPPrefixLen":16,"IPv6Gateway":"","GlobalIPv6Address":"","GlobalIPv6PrefixLen":0,"DriverOpts":null,"DNSNames":null}}}}[\n]"
2024-07-24 14:30:28.384 [Test worker] DEBUG c.g.d.z.s.o.a.hc.client5.http.wire - http-outgoing-13 << "[\r][\n]"
2024-07-24 14:30:28.384 [Test worker] DEBUG c.g.d.z.s.o.a.hc.client5.http.wire - http-outgoing-13 << "0[\r][\n]"
2024-07-24 14:30:28.384 [Test worker] DEBUG c.g.d.z.s.o.a.hc.client5.http.wire - http-outgoing-13 << "[\r][\n]"
2024-07-24 14:30:28.384 [Test worker] DEBUG c.g.d.z.s.o.a.h.c.h.i.c.InternalHttpClient - ep-0000008F: releasing valid endpoint
2024-07-24 14:30:28.384 [Test worker] DEBUG c.g.d.z.s.o.a.h.c.h.i.i.PoolingHttpClientConnectionManager - ep-0000008F: releasing endpoint
2024-07-24 14:30:28.384 [Test worker] DEBUG c.g.d.z.s.o.a.h.c.h.i.i.PoolingHttpClientConnectionManager - ep-0000008F: connection http-outgoing-13 can be kept alive for 3 MINUTES
2024-07-24 14:30:28.384 [Test worker] DEBUG c.g.d.z.s.o.a.h.c.h.i.i.PoolingHttpClientConnectionManager - ep-0000008F: connection released [route: {}->npipe://localhost:2375][total available: 1; route allocated: 1 of 2147483647; total allocated: 1 of 2147483647]
2024-07-24 14:30:28.385 [Test worker] DEBUG o.t.s.c.g.d.c.command.AbstrDockerCmd - Cmd: sha256:8e4fc9e184899a58735e7ee333f5e272d7d2298cf59302006b71f33e217be130
2024-07-24 14:30:28.385 [Test worker] TRACE o.t.s.c.g.d.c.e.InspectImageCmdExec - GET: DefaultWebTarget{path=[/images/sha256:8e4fc9e184899a58735e7ee333f5e272d7d2298cf59302006b71f33e217be130/json], queryParams={}}
2024-07-24 14:30:28.386 [Test worker] DEBUG c.g.d.z.s.o.a.h.c.h.i.c.InternalHttpClient - ex-00000091: preparing request execution
2024-07-24 14:30:28.386 [Test worker] DEBUG c.g.d.z.s.o.a.h.c.h.p.RequestAddCookies - Cookie spec selected: strict
2024-07-24 14:30:28.386 [Test worker] DEBUG c.g.d.z.s.o.a.h.c.h.p.RequestAuthCache - Auth cache not set in the context
2024-07-24 14:30:28.386 [Test worker] DEBUG c.g.d.z.s.o.a.h.c.h.i.c.ProtocolExec - ex-00000091: target auth state: UNCHALLENGED
2024-07-24 14:30:28.386 [Test worker] DEBUG c.g.d.z.s.o.a.h.c.h.i.c.ProtocolExec - ex-00000091: proxy auth state: UNCHALLENGED
2024-07-24 14:30:28.386 [Test worker] DEBUG c.g.d.z.s.o.a.h.c.h.i.c.ConnectExec - ex-00000091: acquiring connection with route {}->npipe://localhost:2375
2024-07-24 14:30:28.386 [Test worker] DEBUG c.g.d.z.s.o.a.h.c.h.i.c.InternalHttpClient - ex-00000091: acquiring endpoint (3 MINUTES)
2024-07-24 14:30:28.387 [Test worker] DEBUG c.g.d.z.s.o.a.h.c.h.i.i.PoolingHttpClientConnectionManager - ex-00000091: endpoint lease request (3 MINUTES) [route: {}->npipe://localhost:2375][total available: 1; route allocated: 1 of 2147483647; total allocated: 1 of 2147483647]
2024-07-24 14:30:28.387 [Test worker] DEBUG c.g.d.z.s.o.a.h.c.h.i.i.PoolingHttpClientConnectionManager - ex-00000091: endpoint leased [route: {}->npipe://localhost:2375][total available: 0; route allocated: 1 of 2147483647; total allocated: 1 of 2147483647]
2024-07-24 14:30:28.387 [Test worker] DEBUG c.g.d.z.s.o.a.h.c.h.i.i.PoolingHttpClientConnectionManager - ex-00000091: acquired ep-00000090
2024-07-24 14:30:28.387 [Test worker] DEBUG c.g.d.z.s.o.a.h.c.h.i.c.InternalHttpClient - ex-00000091: acquired endpoint ep-00000090
2024-07-24 14:30:28.387 [Test worker] DEBUG c.g.d.z.s.o.a.h.c.h.i.c.MainClientExec - ex-00000091: executing GET /v1.32/images/sha256:8e4fc9e184899a58735e7ee333f5e272d7d2298cf59302006b71f33e217be130/json HTTP/1.1
2024-07-24 14:30:28.387 [Test worker] DEBUG c.g.d.z.s.o.a.h.c.h.i.c.InternalHttpClient - ep-00000090: start execution ex-00000091
2024-07-24 14:30:28.387 [Test worker] DEBUG c.g.d.z.s.o.a.h.c.h.i.i.PoolingHttpClientConnectionManager - ep-00000090: executing exchange ex-00000091 over http-outgoing-13
2024-07-24 14:30:28.387 [Test worker] DEBUG c.g.d.z.s.o.a.h.client5.http.headers - http-outgoing-13 >> GET /v1.32/images/sha256:8e4fc9e184899a58735e7ee333f5e272d7d2298cf59302006b71f33e217be130/json HTTP/1.1
2024-07-24 14:30:28.387 [Test worker] DEBUG c.g.d.z.s.o.a.h.client5.http.headers - http-outgoing-13 >> accept: application/json
2024-07-24 14:30:28.387 [Test worker] DEBUG c.g.d.z.s.o.a.h.client5.http.headers - http-outgoing-13 >> x-tc-sid: 280e6229-7396-4d60-b1e3-a5de48b5d49b
2024-07-24 14:30:28.387 [Test worker] DEBUG c.g.d.z.s.o.a.h.client5.http.headers - http-outgoing-13 >> User-Agent: tc-java/1.19.8
2024-07-24 14:30:28.387 [Test worker] DEBUG c.g.d.z.s.o.a.h.client5.http.headers - http-outgoing-13 >> Accept-Encoding: gzip, x-gzip, deflate
2024-07-24 14:30:28.387 [Test worker] DEBUG c.g.d.z.s.o.a.h.client5.http.headers - http-outgoing-13 >> Host: localhost:2375
2024-07-24 14:30:28.387 [Test worker] DEBUG c.g.d.z.s.o.a.h.client5.http.headers - http-outgoing-13 >> Connection: keep-alive
2024-07-24 14:30:28.387 [Test worker] DEBUG c.g.d.z.s.o.a.hc.client5.http.wire - http-outgoing-13 >> "GET /v1.32/images/sha256:8e4fc9e184899a58735e7ee333f5e272d7d2298cf59302006b71f33e217be130/json HTTP/1.1[\r][\n]"
2024-07-24 14:30:28.387 [Test worker] DEBUG c.g.d.z.s.o.a.hc.client5.http.wire - http-outgoing-13 >> "accept: application/json[\r][\n]"
2024-07-24 14:30:28.387 [Test worker] DEBUG c.g.d.z.s.o.a.hc.client5.http.wire - http-outgoing-13 >> "x-tc-sid: 280e6229-7396-4d60-b1e3-a5de48b5d49b[\r][\n]"
2024-07-24 14:30:28.387 [Test worker] DEBUG c.g.d.z.s.o.a.hc.client5.http.wire - http-outgoing-13 >> "User-Agent: tc-java/1.19.8[\r][\n]"
2024-07-24 14:30:28.387 [Test worker] DEBUG c.g.d.z.s.o.a.hc.client5.http.wire - http-outgoing-13 >> "Accept-Encoding: gzip, x-gzip, deflate[\r][\n]"
2024-07-24 14:30:28.387 [Test worker] DEBUG c.g.d.z.s.o.a.hc.client5.http.wire - http-outgoing-13 >> "Host: localhost:2375[\r][\n]"
2024-07-24 14:30:28.387 [Test worker] DEBUG c.g.d.z.s.o.a.hc.client5.http.wire - http-outgoing-13 >> "Connection: keep-alive[\r][\n]"
2024-07-24 14:30:28.387 [Test worker] DEBUG c.g.d.z.s.o.a.hc.client5.http.wire - http-outgoing-13 >> "[\r][\n]"
2024-07-24 14:30:28.392 [Test worker] DEBUG c.g.d.z.s.o.a.hc.client5.http.wire - http-outgoing-13 << "HTTP/1.1 200 OK[\r][\n]"
2024-07-24 14:30:28.392 [Test worker] DEBUG c.g.d.z.s.o.a.hc.client5.http.wire - http-outgoing-13 << "Api-Version: 1.45[\r][\n]"
2024-07-24 14:30:28.392 [Test worker] DEBUG c.g.d.z.s.o.a.hc.client5.http.wire - http-outgoing-13 << "Content-Type: application/json[\r][\n]"
2024-07-24 14:30:28.392 [Test worker] DEBUG c.g.d.z.s.o.a.hc.client5.http.wire - http-outgoing-13 << "Date: Wed, 24 Jul 2024 02:30:28 GMT[\r][\n]"
2024-07-24 14:30:28.392 [Test worker] DEBUG c.g.d.z.s.o.a.hc.client5.http.wire - http-outgoing-13 << "Docker-Experimental: false[\r][\n]"
2024-07-24 14:30:28.392 [Test worker] DEBUG c.g.d.z.s.o.a.hc.client5.http.wire - http-outgoing-13 << "Ostype: linux[\r][\n]"
2024-07-24 14:30:28.393 [Test worker] DEBUG c.g.d.z.s.o.a.hc.client5.http.wire - http-outgoing-13 << "Server: Docker/26.0.0 (linux)[\r][\n]"
2024-07-24 14:30:28.393 [Test worker] DEBUG c.g.d.z.s.o.a.hc.client5.http.wire - http-outgoing-13 << "Transfer-Encoding: chunked[\r][\n]"
2024-07-24 14:30:28.393 [Test worker] DEBUG c.g.d.z.s.o.a.hc.client5.http.wire - http-outgoing-13 << "[\r][\n]"
2024-07-24 14:30:28.393 [Test worker] DEBUG c.g.d.z.s.o.a.h.client5.http.headers - http-outgoing-13 << HTTP/1.1 200 OK
2024-07-24 14:30:28.393 [Test worker] DEBUG c.g.d.z.s.o.a.h.client5.http.headers - http-outgoing-13 << Api-Version: 1.45
2024-07-24 14:30:28.393 [Test worker] DEBUG c.g.d.z.s.o.a.h.client5.http.headers - http-outgoing-13 << Content-Type: application/json
2024-07-24 14:30:28.393 [Test worker] DEBUG c.g.d.z.s.o.a.h.client5.http.headers - http-outgoing-13 << Date: Wed, 24 Jul 2024 02:30:28 GMT
2024-07-24 14:30:28.393 [Test worker] DEBUG c.g.d.z.s.o.a.h.client5.http.headers - http-outgoing-13 << Docker-Experimental: false
2024-07-24 14:30:28.393 [Test worker] DEBUG c.g.d.z.s.o.a.h.client5.http.headers - http-outgoing-13 << Ostype: linux
2024-07-24 14:30:28.393 [Test worker] DEBUG c.g.d.z.s.o.a.h.client5.http.headers - http-outgoing-13 << Server: Docker/26.0.0 (linux)
2024-07-24 14:30:28.393 [Test worker] DEBUG c.g.d.z.s.o.a.h.client5.http.headers - http-outgoing-13 << Transfer-Encoding: chunked
2024-07-24 14:30:28.393 [Test worker] DEBUG c.g.d.z.s.o.a.h.c.h.i.c.MainClientExec - ex-00000091: connection can be kept alive for 3 MINUTES
2024-07-24 14:30:28.393 [Test worker] DEBUG c.g.d.z.s.o.a.hc.client5.http.wire - http-outgoing-13 << "fcb[\r][\n]"
2024-07-24 14:30:28.393 [Test worker] DEBUG c.g.d.z.s.o.a.hc.client5.http.wire - http-outgoing-13 << "{"Id":"sha256:8e4fc9e184899a58735e7ee333f5e272d7d2298cf59302006b71f33e217be130","RepoTags":["postgres:latest"],"RepoDigests":["postgres@sha256:4aea012537edfad80f98d870a36e6b90b4c09b27be7f4b4759d72db863baeebb"],"Parent":"","Comment":"buildkit.dockerfile.v0","Created":"2024-02-21T00:46:13Z","ContainerConfig":{"Hostname":"","Domainname":"","User":"","AttachStdin":false,"AttachStdout":false,"AttachStderr":false,"Tty":false,"OpenStdin":false,"StdinOnce":false,"Env":null,"Cmd":null,"Image":"","Volumes":null,"WorkingDir":"","Entrypoint":null,"OnBuild":null,"Labels":null},"DockerVersion":"","Author":"","Config":{"Hostname":"","Domainname":"","User":"","AttachStdin":false,"AttachStdout":false,"AttachStderr":false,"ExposedPorts":{"5432/tcp":{}},"Tty":false,"OpenStdin":false,"StdinOnce":false,"Env":["PATH=/usr/local/sbin:/usr/local/bin:/usr/sbin:/usr/bin:/sbin:/bin:/usr/lib/postgresql/16/bin","GOSU_VERSION=1.17","LANG=en_US.utf8","PG_MAJOR=16","PG_VERSION=16.2-1.pgdg120+2","PGDATA=/var/lib/postgresql/data"],"Cmd":["postgres"],"ArgsEscaped":true,"Image":"","Volumes":{"/var/lib/postgresql/data":{}},"WorkingDir":"","Entrypoint":["docker-entrypoint.sh"],"OnBuild":null,"Labels":null,"StopSignal":"SIGINT"},"Architecture":"amd64","Os":"linux","Size":431496964,"VirtualSize":431496964,"GraphDriver":{"Data":{"LowerDir":"/var/lib/docker/overlay2/0eb0ca73e9b0be7c3d7fa8762ef4778a68f38391bc84c037c2e90b88e781b475/diff:/var/lib/docker/overlay2/74e634bddc785c5d436b10a5158cd82e21dc2065fd1cf8ff9c1c12e01575a2d8/diff:/var/lib/docker/overlay2/bb918b2851cd2f508f1e3fdbfff8b7f8b041d61e65fe8c368288bf399e80b818/diff:/var/lib/docker/overlay2/2abab2946cbdc2941ee8ec4024c51dac7313dee9de5fbedd1ca33388c59eb3c8/diff:/var/lib/docker/overlay2/e12f6083ee669bd92743ceb339a896bb25dbe461b718705bb39eb410b80c0ecd/diff:/var/lib/docker/overlay2/ced1e86d670d097da5ed4da7288c22507735918959161c2cd8bf083fb30d169a/diff:/var/lib/docker/overlay2/94e9ac7b74923285ae73af20aeccb964ca9079e2305db367cb85d1603560472d/diff:/var/lib/docker/overlay2/a396b6dfd63f0c228c519871183c614cccf4d366a43460f27ecf97113c3c4be8/diff:/var/lib/docker/overlay2/f58ada5d5080c2bac553c734f81127660a90581a35ed2a92cebe3c59e340875b/diff:/var/lib/docker/overlay2/84f85636f37bf55d945e217b4f87a856eba7932284beaf042561007b66f48977/diff:/var/lib/docker/overlay2/1e6e519613884e91a2b74a588ba35dc8a2f789371ab798ef6e7d9836d756042f/diff:/var/lib/docker/overlay2/14a3151cc8b4f9d27d2e64f1a8abc0c7809309580f2d7e8dc8545055c1d56194/diff:/var/lib/docker/overlay2/5b354b9e793401517fe2f1da697653fdaadffc54888eaf76d67e0600b8c68bdc/diff","MergedDir":"/var/lib/docker/overlay2/8f0ddbd386af0785c2e348570516955816ab350305d698d363962d488eeb15ec/merged","UpperDir":"/var/lib/docker/overlay2/8f0ddbd386af0785c2e348570516955816ab350305d698d363962d488eeb15ec/diff","WorkDir":"/var/lib/docker/overlay2/8f0ddbd386af0785c2e348570516955816ab350305d698d363962d488eeb15ec/work"},"Name":"overlay2"},"RootFS":{"Type":"layers","Layers":["sha256:52ec5a4316fadc09a4a51f82b8d7b66ead0d71bea4f75e81e25b4094c4219061","sha256:5a99d63e3aef066b4fa085cf24d0281681d5530c22f0c93391b854ba5741b62e","sha256:12694c6edf8321950446751b5acc175137946701b72febd6a32ab6e6cb89403b","sha256:beceb355ef35df0b8123db4eddd8f734e7414a3828e463354a913dda6738571d","sha256:0f86e6985ca32f3adeb9f65e3f80b3f2aa37a697d345c84011b2421e5608bc06","sha256:22c31f24613cd6a7b43f3074166d79619574e76f430035be15d909ae45fb97da","sha256:7c32a1ce1cc084a148145553666d5b64e3b6551491d1c3c6cc545b5b69daf5da","sha256:192de40051e6f5b468a60be4e6d162a1bbf3dc4af2dfb0a7aa8db25f86b6e68e","sha256:257f3fc789f6526019470322285b4bfe55e3e09f41150576c0997f370407af14","sha256:2993953b2c109056b0d580a549dae9f902a84a29f3907d96d7329746a8df7fc2","sha256:0bc02fbb093e939812a0ca64bd21a807d815b89c5e034e73026d14535053f4e2","sha256:3866ad927dc8101b32941f0fe6e36e656eba398b92164688ce1d1afdeca7eb09","sha256:2621fdc21b32f8210d30df7b9f44c068fa347ce07f7e1935a2383e5f7e7ddecb","sha256:c116a9ba3dbfe8c6135659ba009883a03bdc660abfedc64e2528baa6d736dbc9"]},"Metadata":{"LastTagTime":"0001-01-01T00:00:00Z"},"Container":""}[\n]"
2024-07-24 14:30:28.393 [Test worker] DEBUG c.g.d.z.s.o.a.hc.client5.http.wire - http-outgoing-13 << "[\r][\n]"
2024-07-24 14:30:28.393 [Test worker] DEBUG c.g.d.z.s.o.a.hc.client5.http.wire - http-outgoing-13 << "0[\r][\n]"
2024-07-24 14:30:28.393 [Test worker] DEBUG c.g.d.z.s.o.a.hc.client5.http.wire - http-outgoing-13 << "[\r][\n]"
2024-07-24 14:30:28.394 [Test worker] DEBUG c.g.d.z.s.o.a.h.c.h.i.c.InternalHttpClient - ep-00000090: releasing valid endpoint
2024-07-24 14:30:28.394 [Test worker] DEBUG c.g.d.z.s.o.a.h.c.h.i.i.PoolingHttpClientConnectionManager - ep-00000090: releasing endpoint
2024-07-24 14:30:28.394 [Test worker] DEBUG c.g.d.z.s.o.a.h.c.h.i.i.PoolingHttpClientConnectionManager - ep-00000090: connection http-outgoing-13 can be kept alive for 3 MINUTES
2024-07-24 14:30:28.394 [Test worker] DEBUG c.g.d.z.s.o.a.h.c.h.i.i.PoolingHttpClientConnectionManager - ep-00000090: connection released [route: {}->npipe://localhost:2375][total available: 1; route allocated: 1 of 2147483647; total allocated: 1 of 2147483647]
2024-07-24 14:30:28.394 [Test worker] DEBUG o.t.s.c.g.d.c.command.AbstrDockerCmd - Cmd: 
2024-07-24 14:30:28.394 [Test worker] TRACE o.t.s.c.g.d.core.exec.VersionCmdExec - GET: DefaultWebTarget{path=[/version], queryParams={}}
2024-07-24 14:30:28.394 [Test worker] DEBUG c.g.d.z.s.o.a.h.c.h.i.c.InternalHttpClient - ex-00000092: preparing request execution
2024-07-24 14:30:28.395 [Test worker] DEBUG c.g.d.z.s.o.a.h.c.h.p.RequestAddCookies - Cookie spec selected: strict
2024-07-24 14:30:28.395 [Test worker] DEBUG c.g.d.z.s.o.a.h.c.h.p.RequestAuthCache - Auth cache not set in the context
2024-07-24 14:30:28.395 [Test worker] DEBUG c.g.d.z.s.o.a.h.c.h.i.c.ProtocolExec - ex-00000092: target auth state: UNCHALLENGED
2024-07-24 14:30:28.395 [Test worker] DEBUG c.g.d.z.s.o.a.h.c.h.i.c.ProtocolExec - ex-00000092: proxy auth state: UNCHALLENGED
2024-07-24 14:30:28.395 [Test worker] DEBUG c.g.d.z.s.o.a.h.c.h.i.c.ConnectExec - ex-00000092: acquiring connection with route {}->npipe://localhost:2375
2024-07-24 14:30:28.395 [Test worker] DEBUG c.g.d.z.s.o.a.h.c.h.i.c.InternalHttpClient - ex-00000092: acquiring endpoint (3 MINUTES)
2024-07-24 14:30:28.395 [Test worker] DEBUG c.g.d.z.s.o.a.h.c.h.i.i.PoolingHttpClientConnectionManager - ex-00000092: endpoint lease request (3 MINUTES) [route: {}->npipe://localhost:2375][total available: 1; route allocated: 1 of 2147483647; total allocated: 1 of 2147483647]
2024-07-24 14:30:28.395 [Test worker] DEBUG c.g.d.z.s.o.a.h.c.h.i.i.PoolingHttpClientConnectionManager - ex-00000092: endpoint leased [route: {}->npipe://localhost:2375][total available: 0; route allocated: 1 of 2147483647; total allocated: 1 of 2147483647]
2024-07-24 14:30:28.395 [Test worker] DEBUG c.g.d.z.s.o.a.h.c.h.i.i.PoolingHttpClientConnectionManager - ex-00000092: acquired ep-00000091
2024-07-24 14:30:28.395 [Test worker] DEBUG c.g.d.z.s.o.a.h.c.h.i.c.InternalHttpClient - ex-00000092: acquired endpoint ep-00000091
2024-07-24 14:30:28.395 [Test worker] DEBUG c.g.d.z.s.o.a.h.c.h.i.c.MainClientExec - ex-00000092: executing GET /v1.32/version HTTP/1.1
2024-07-24 14:30:28.395 [Test worker] DEBUG c.g.d.z.s.o.a.h.c.h.i.c.InternalHttpClient - ep-00000091: start execution ex-00000092
2024-07-24 14:30:28.395 [Test worker] DEBUG c.g.d.z.s.o.a.h.c.h.i.i.PoolingHttpClientConnectionManager - ep-00000091: executing exchange ex-00000092 over http-outgoing-13
2024-07-24 14:30:28.395 [Test worker] DEBUG c.g.d.z.s.o.a.h.client5.http.headers - http-outgoing-13 >> GET /v1.32/version HTTP/1.1
2024-07-24 14:30:28.395 [Test worker] DEBUG c.g.d.z.s.o.a.h.client5.http.headers - http-outgoing-13 >> accept: application/json
2024-07-24 14:30:28.395 [Test worker] DEBUG c.g.d.z.s.o.a.h.client5.http.headers - http-outgoing-13 >> x-tc-sid: 280e6229-7396-4d60-b1e3-a5de48b5d49b
2024-07-24 14:30:28.395 [Test worker] DEBUG c.g.d.z.s.o.a.h.client5.http.headers - http-outgoing-13 >> User-Agent: tc-java/1.19.8
2024-07-24 14:30:28.395 [Test worker] DEBUG c.g.d.z.s.o.a.h.client5.http.headers - http-outgoing-13 >> Accept-Encoding: gzip, x-gzip, deflate
2024-07-24 14:30:28.395 [Test worker] DEBUG c.g.d.z.s.o.a.h.client5.http.headers - http-outgoing-13 >> Host: localhost:2375
2024-07-24 14:30:28.395 [Test worker] DEBUG c.g.d.z.s.o.a.h.client5.http.headers - http-outgoing-13 >> Connection: keep-alive
2024-07-24 14:30:28.395 [Test worker] DEBUG c.g.d.z.s.o.a.hc.client5.http.wire - http-outgoing-13 >> "GET /v1.32/version HTTP/1.1[\r][\n]"
2024-07-24 14:30:28.395 [Test worker] DEBUG c.g.d.z.s.o.a.hc.client5.http.wire - http-outgoing-13 >> "accept: application/json[\r][\n]"
2024-07-24 14:30:28.395 [Test worker] DEBUG c.g.d.z.s.o.a.hc.client5.http.wire - http-outgoing-13 >> "x-tc-sid: 280e6229-7396-4d60-b1e3-a5de48b5d49b[\r][\n]"
2024-07-24 14:30:28.395 [Test worker] DEBUG c.g.d.z.s.o.a.hc.client5.http.wire - http-outgoing-13 >> "User-Agent: tc-java/1.19.8[\r][\n]"
2024-07-24 14:30:28.395 [Test worker] DEBUG c.g.d.z.s.o.a.hc.client5.http.wire - http-outgoing-13 >> "Accept-Encoding: gzip, x-gzip, deflate[\r][\n]"
2024-07-24 14:30:28.395 [Test worker] DEBUG c.g.d.z.s.o.a.hc.client5.http.wire - http-outgoing-13 >> "Host: localhost:2375[\r][\n]"
2024-07-24 14:30:28.395 [Test worker] DEBUG c.g.d.z.s.o.a.hc.client5.http.wire - http-outgoing-13 >> "Connection: keep-alive[\r][\n]"
2024-07-24 14:30:28.395 [Test worker] DEBUG c.g.d.z.s.o.a.hc.client5.http.wire - http-outgoing-13 >> "[\r][\n]"
2024-07-24 14:30:28.407 [Test worker] DEBUG c.g.d.z.s.o.a.hc.client5.http.wire - http-outgoing-13 << "HTTP/1.1 200 OK[\r][\n]"
2024-07-24 14:30:28.407 [Test worker] DEBUG c.g.d.z.s.o.a.hc.client5.http.wire - http-outgoing-13 << "Api-Version: 1.45[\r][\n]"
2024-07-24 14:30:28.407 [Test worker] DEBUG c.g.d.z.s.o.a.hc.client5.http.wire - http-outgoing-13 << "Content-Type: application/json[\r][\n]"
2024-07-24 14:30:28.407 [Test worker] DEBUG c.g.d.z.s.o.a.hc.client5.http.wire - http-outgoing-13 << "Date: Wed, 24 Jul 2024 02:30:28 GMT[\r][\n]"
2024-07-24 14:30:28.407 [Test worker] DEBUG c.g.d.z.s.o.a.hc.client5.http.wire - http-outgoing-13 << "Docker-Experimental: false[\r][\n]"
2024-07-24 14:30:28.407 [Test worker] DEBUG c.g.d.z.s.o.a.hc.client5.http.wire - http-outgoing-13 << "Ostype: linux[\r][\n]"
2024-07-24 14:30:28.407 [Test worker] DEBUG c.g.d.z.s.o.a.hc.client5.http.wire - http-outgoing-13 << "Server: Docker/26.0.0 (linux)[\r][\n]"
2024-07-24 14:30:28.407 [Test worker] DEBUG c.g.d.z.s.o.a.hc.client5.http.wire - http-outgoing-13 << "Transfer-Encoding: chunked[\r][\n]"
2024-07-24 14:30:28.407 [Test worker] DEBUG c.g.d.z.s.o.a.hc.client5.http.wire - http-outgoing-13 << "[\r][\n]"
2024-07-24 14:30:28.407 [Test worker] DEBUG c.g.d.z.s.o.a.h.client5.http.headers - http-outgoing-13 << HTTP/1.1 200 OK
2024-07-24 14:30:28.407 [Test worker] DEBUG c.g.d.z.s.o.a.h.client5.http.headers - http-outgoing-13 << Api-Version: 1.45
2024-07-24 14:30:28.407 [Test worker] DEBUG c.g.d.z.s.o.a.h.client5.http.headers - http-outgoing-13 << Content-Type: application/json
2024-07-24 14:30:28.407 [Test worker] DEBUG c.g.d.z.s.o.a.h.client5.http.headers - http-outgoing-13 << Date: Wed, 24 Jul 2024 02:30:28 GMT
2024-07-24 14:30:28.407 [Test worker] DEBUG c.g.d.z.s.o.a.h.client5.http.headers - http-outgoing-13 << Docker-Experimental: false
2024-07-24 14:30:28.407 [Test worker] DEBUG c.g.d.z.s.o.a.h.client5.http.headers - http-outgoing-13 << Ostype: linux
2024-07-24 14:30:28.407 [Test worker] DEBUG c.g.d.z.s.o.a.h.client5.http.headers - http-outgoing-13 << Server: Docker/26.0.0 (linux)
2024-07-24 14:30:28.407 [Test worker] DEBUG c.g.d.z.s.o.a.h.client5.http.headers - http-outgoing-13 << Transfer-Encoding: chunked
2024-07-24 14:30:28.407 [Test worker] DEBUG c.g.d.z.s.o.a.h.c.h.i.c.MainClientExec - ex-00000092: connection can be kept alive for 3 MINUTES
2024-07-24 14:30:28.408 [Test worker] DEBUG c.g.d.z.s.o.a.hc.client5.http.wire - http-outgoing-13 << "35f[\r][\n]"
2024-07-24 14:30:28.408 [Test worker] DEBUG c.g.d.z.s.o.a.hc.client5.http.wire - http-outgoing-13 << "{"Platform":{"Name":"Docker Desktop 4.29.0 (145265)"},"Components":[{"Name":"Engine","Version":"26.0.0","Details":{"ApiVersion":"1.45","Arch":"amd64","BuildTime":"2024-03-20T15:18:01.000000000+00:00","Experimental":"false","GitCommit":"8b79278","GoVersion":"go1.21.8","KernelVersion":"5.15.153.1-microsoft-standard-WSL2","MinAPIVersion":"1.24","Os":"linux"}},{"Name":"containerd","Version":"1.6.28","Details":{"GitCommit":"ae07eda36dd25f8a1b98dfbf587313b99c0190bb"}},{"Name":"runc","Version":"1.1.12","Details":{"GitCommit":"v1.1.12-0-g51d5e94"}},{"Name":"docker-init","Version":"0.19.0","Details":{"GitCommit":"de40ad0"}}],"Version":"26.0.0","ApiVersion":"1.45","MinAPIVersion":"1.24","GitCommit":"8b79278","GoVersion":"go1.21.8","Os":"linux","Arch":"amd64","KernelVersion":"5.15.153.1-microsoft-standard-WSL2","BuildTime":"2024-03-20T15:18:01.000000000+00:00"}[\n]"
2024-07-24 14:30:28.408 [Test worker] DEBUG c.g.d.z.s.o.a.hc.client5.http.wire - http-outgoing-13 << "[\r][\n]"
2024-07-24 14:30:28.408 [Test worker] DEBUG c.g.d.z.s.o.a.hc.client5.http.wire - http-outgoing-13 << "0[\r][\n]"
2024-07-24 14:30:28.408 [Test worker] DEBUG c.g.d.z.s.o.a.hc.client5.http.wire - http-outgoing-13 << "[\r][\n]"
2024-07-24 14:30:28.408 [Test worker] DEBUG c.g.d.z.s.o.a.h.c.h.i.c.InternalHttpClient - ep-00000091: releasing valid endpoint
2024-07-24 14:30:28.408 [Test worker] DEBUG c.g.d.z.s.o.a.h.c.h.i.i.PoolingHttpClientConnectionManager - ep-00000091: releasing endpoint
2024-07-24 14:30:28.408 [Test worker] DEBUG c.g.d.z.s.o.a.h.c.h.i.i.PoolingHttpClientConnectionManager - ep-00000091: connection http-outgoing-13 can be kept alive for 3 MINUTES
2024-07-24 14:30:28.408 [Test worker] DEBUG c.g.d.z.s.o.a.h.c.h.i.i.PoolingHttpClientConnectionManager - ep-00000091: connection released [route: {}->npipe://localhost:2375][total available: 1; route allocated: 1 of 2147483647; total allocated: 1 of 2147483647]
2024-07-24 14:30:28.408 [Test worker] TRACE o.t.s.c.g.d.c.e.LogContainerCmdExec - GET: DefaultWebTarget{path=[/containers/36b1db985788a4878928f8818de5df75ef015b2e6df2158478dc493c87c7162e/logs], queryParams={stdout=[true], stderr=[true], follow=[true], since=[0]}}
2024-07-24 14:30:28.409 [docker-java-stream-264362234] DEBUG c.g.d.z.s.o.a.h.c.h.i.c.InternalHttpClient - ex-00000093: preparing request execution
2024-07-24 14:30:28.409 [docker-java-stream-264362234] DEBUG c.g.d.z.s.o.a.h.c.h.p.RequestAddCookies - Cookie spec selected: strict
2024-07-24 14:30:28.409 [docker-java-stream-264362234] DEBUG c.g.d.z.s.o.a.h.c.h.p.RequestAuthCache - Auth cache not set in the context
2024-07-24 14:30:28.409 [docker-java-stream-264362234] DEBUG c.g.d.z.s.o.a.h.c.h.i.c.ProtocolExec - ex-00000093: target auth state: UNCHALLENGED
2024-07-24 14:30:28.409 [docker-java-stream-264362234] DEBUG c.g.d.z.s.o.a.h.c.h.i.c.ProtocolExec - ex-00000093: proxy auth state: UNCHALLENGED
2024-07-24 14:30:28.409 [docker-java-stream-264362234] DEBUG c.g.d.z.s.o.a.h.c.h.i.c.ConnectExec - ex-00000093: acquiring connection with route {}->npipe://localhost:2375
2024-07-24 14:30:28.409 [docker-java-stream-264362234] DEBUG c.g.d.z.s.o.a.h.c.h.i.c.InternalHttpClient - ex-00000093: acquiring endpoint (3 MINUTES)
2024-07-24 14:30:28.409 [docker-java-stream-264362234] DEBUG c.g.d.z.s.o.a.h.c.h.i.i.PoolingHttpClientConnectionManager - ex-00000093: endpoint lease request (3 MINUTES) [route: {}->npipe://localhost:2375][total available: 1; route allocated: 1 of 2147483647; total allocated: 1 of 2147483647]
2024-07-24 14:30:28.409 [docker-java-stream-264362234] DEBUG c.g.d.z.s.o.a.h.c.h.i.i.PoolingHttpClientConnectionManager - ex-00000093: endpoint leased [route: {}->npipe://localhost:2375][total available: 0; route allocated: 1 of 2147483647; total allocated: 1 of 2147483647]
2024-07-24 14:30:28.409 [docker-java-stream-264362234] DEBUG c.g.d.z.s.o.a.h.c.h.i.i.PoolingHttpClientConnectionManager - ex-00000093: acquired ep-00000092
2024-07-24 14:30:28.409 [docker-java-stream-264362234] DEBUG c.g.d.z.s.o.a.h.c.h.i.c.InternalHttpClient - ex-00000093: acquired endpoint ep-00000092
2024-07-24 14:30:28.409 [docker-java-stream-264362234] DEBUG c.g.d.z.s.o.a.h.c.h.i.c.MainClientExec - ex-00000093: executing GET /v1.32/containers/36b1db985788a4878928f8818de5df75ef015b2e6df2158478dc493c87c7162e/logs?stdout=true&stderr=true&follow=true&since=0 HTTP/1.1
2024-07-24 14:30:28.409 [docker-java-stream-264362234] DEBUG c.g.d.z.s.o.a.h.c.h.i.c.InternalHttpClient - ep-00000092: start execution ex-00000093
2024-07-24 14:30:28.409 [docker-java-stream-264362234] DEBUG c.g.d.z.s.o.a.h.c.h.i.i.PoolingHttpClientConnectionManager - ep-00000092: executing exchange ex-00000093 over http-outgoing-13
2024-07-24 14:30:28.409 [docker-java-stream-264362234] DEBUG c.g.d.z.s.o.a.h.client5.http.headers - http-outgoing-13 >> GET /v1.32/containers/36b1db985788a4878928f8818de5df75ef015b2e6df2158478dc493c87c7162e/logs?stdout=true&stderr=true&follow=true&since=0 HTTP/1.1
2024-07-24 14:30:28.409 [docker-java-stream-264362234] DEBUG c.g.d.z.s.o.a.h.client5.http.headers - http-outgoing-13 >> x-tc-sid: 280e6229-7396-4d60-b1e3-a5de48b5d49b
2024-07-24 14:30:28.409 [docker-java-stream-264362234] DEBUG c.g.d.z.s.o.a.h.client5.http.headers - http-outgoing-13 >> User-Agent: tc-java/1.19.8
2024-07-24 14:30:28.409 [docker-java-stream-264362234] DEBUG c.g.d.z.s.o.a.h.client5.http.headers - http-outgoing-13 >> Accept-Encoding: gzip, x-gzip, deflate
2024-07-24 14:30:28.409 [docker-java-stream-264362234] DEBUG c.g.d.z.s.o.a.h.client5.http.headers - http-outgoing-13 >> Host: localhost:2375
2024-07-24 14:30:28.409 [docker-java-stream-264362234] DEBUG c.g.d.z.s.o.a.h.client5.http.headers - http-outgoing-13 >> Connection: keep-alive
2024-07-24 14:30:28.409 [docker-java-stream-264362234] DEBUG c.g.d.z.s.o.a.hc.client5.http.wire - http-outgoing-13 >> "GET /v1.32/containers/36b1db985788a4878928f8818de5df75ef015b2e6df2158478dc493c87c7162e/logs?stdout=true&stderr=true&follow=true&since=0 HTTP/1.1[\r][\n]"
2024-07-24 14:30:28.409 [docker-java-stream-264362234] DEBUG c.g.d.z.s.o.a.hc.client5.http.wire - http-outgoing-13 >> "x-tc-sid: 280e6229-7396-4d60-b1e3-a5de48b5d49b[\r][\n]"
2024-07-24 14:30:28.409 [docker-java-stream-264362234] DEBUG c.g.d.z.s.o.a.hc.client5.http.wire - http-outgoing-13 >> "User-Agent: tc-java/1.19.8[\r][\n]"
2024-07-24 14:30:28.409 [docker-java-stream-264362234] DEBUG c.g.d.z.s.o.a.hc.client5.http.wire - http-outgoing-13 >> "Accept-Encoding: gzip, x-gzip, deflate[\r][\n]"
2024-07-24 14:30:28.409 [docker-java-stream-264362234] DEBUG c.g.d.z.s.o.a.hc.client5.http.wire - http-outgoing-13 >> "Host: localhost:2375[\r][\n]"
2024-07-24 14:30:28.410 [docker-java-stream-264362234] DEBUG c.g.d.z.s.o.a.hc.client5.http.wire - http-outgoing-13 >> "Connection: keep-alive[\r][\n]"
2024-07-24 14:30:28.410 [docker-java-stream-264362234] DEBUG c.g.d.z.s.o.a.hc.client5.http.wire - http-outgoing-13 >> "[\r][\n]"
2024-07-24 14:30:28.413 [docker-java-stream-264362234] DEBUG c.g.d.z.s.o.a.hc.client5.http.wire - http-outgoing-13 << "HTTP/1.1 200 OK[\r][\n]"
2024-07-24 14:30:28.413 [docker-java-stream-264362234] DEBUG c.g.d.z.s.o.a.hc.client5.http.wire - http-outgoing-13 << "Api-Version: 1.45[\r][\n]"
2024-07-24 14:30:28.413 [docker-java-stream-264362234] DEBUG c.g.d.z.s.o.a.hc.client5.http.wire - http-outgoing-13 << "Content-Type: application/vnd.docker.raw-stream[\r][\n]"
2024-07-24 14:30:28.413 [docker-java-stream-264362234] DEBUG c.g.d.z.s.o.a.hc.client5.http.wire - http-outgoing-13 << "Date: Wed, 24 Jul 2024 02:30:28 GMT[\r][\n]"
2024-07-24 14:30:28.413 [docker-java-stream-264362234] DEBUG c.g.d.z.s.o.a.hc.client5.http.wire - http-outgoing-13 << "Docker-Experimental: false[\r][\n]"
2024-07-24 14:30:28.413 [docker-java-stream-264362234] DEBUG c.g.d.z.s.o.a.hc.client5.http.wire - http-outgoing-13 << "Ostype: linux[\r][\n]"
2024-07-24 14:30:28.413 [docker-java-stream-264362234] DEBUG c.g.d.z.s.o.a.hc.client5.http.wire - http-outgoing-13 << "Server: Docker/26.0.0 (linux)[\r][\n]"
2024-07-24 14:30:28.413 [docker-java-stream-264362234] DEBUG c.g.d.z.s.o.a.hc.client5.http.wire - http-outgoing-13 << "Transfer-Encoding: chunked[\r][\n]"
2024-07-24 14:30:28.413 [docker-java-stream-264362234] DEBUG c.g.d.z.s.o.a.hc.client5.http.wire - http-outgoing-13 << "[\r][\n]"
2024-07-24 14:30:28.413 [docker-java-stream-264362234] DEBUG c.g.d.z.s.o.a.h.client5.http.headers - http-outgoing-13 << HTTP/1.1 200 OK
2024-07-24 14:30:28.413 [docker-java-stream-264362234] DEBUG c.g.d.z.s.o.a.h.client5.http.headers - http-outgoing-13 << Api-Version: 1.45
2024-07-24 14:30:28.413 [docker-java-stream-264362234] DEBUG c.g.d.z.s.o.a.h.client5.http.headers - http-outgoing-13 << Content-Type: application/vnd.docker.raw-stream
2024-07-24 14:30:28.413 [docker-java-stream-264362234] DEBUG c.g.d.z.s.o.a.h.client5.http.headers - http-outgoing-13 << Date: Wed, 24 Jul 2024 02:30:28 GMT
2024-07-24 14:30:28.413 [docker-java-stream-264362234] DEBUG c.g.d.z.s.o.a.h.client5.http.headers - http-outgoing-13 << Docker-Experimental: false
2024-07-24 14:30:28.413 [docker-java-stream-264362234] DEBUG c.g.d.z.s.o.a.h.client5.http.headers - http-outgoing-13 << Ostype: linux
2024-07-24 14:30:28.413 [docker-java-stream-264362234] DEBUG c.g.d.z.s.o.a.h.client5.http.headers - http-outgoing-13 << Server: Docker/26.0.0 (linux)
2024-07-24 14:30:28.413 [docker-java-stream-264362234] DEBUG c.g.d.z.s.o.a.h.client5.http.headers - http-outgoing-13 << Transfer-Encoding: chunked
2024-07-24 14:30:28.413 [docker-java-stream-264362234] DEBUG c.g.d.z.s.o.a.h.c.h.i.c.MainClientExec - ex-00000093: connection can be kept alive for 3 MINUTES
2024-07-24 14:30:28.415 [docker-java-stream-264362234] DEBUG c.g.d.z.s.o.a.hc.client5.http.wire - http-outgoing-13 << "1fd[\r][\n]"
2024-07-24 14:30:28.415 [docker-java-stream-264362234] DEBUG c.g.d.z.s.o.a.hc.client5.http.wire - http-outgoing-13 << "[0x1][0x0][0x0][0x0][0x0][0x0][0x0]NThe files belonging to this database system will be owned by user "postgres".[\n]"
2024-07-24 14:30:28.415 [docker-java-stream-264362234] DEBUG c.g.d.z.s.o.a.hc.client5.http.wire - http-outgoing-13 << "[0x1][0x0][0x0][0x0][0x0][0x0][0x0],This user must also own the server process.[\n]"
2024-07-24 14:30:28.415 [docker-java-stream-264362234] DEBUG c.g.d.z.s.o.a.hc.client5.http.wire - http-outgoing-13 << "[0x1][0x0][0x0][0x0][0x0][0x0][0x0][0x1][\n]"
2024-07-24 14:30:28.415 [docker-java-stream-264362234] DEBUG c.g.d.z.s.o.a.hc.client5.http.wire - http-outgoing-13 << "[0x1][0x0][0x0][0x0][0x0][0x0][0x0]CThe database cluster will be initialized with locale "en_US.utf8".[\n]"
2024-07-24 14:30:28.415 [docker-java-stream-264362234] DEBUG c.g.d.z.s.o.a.hc.client5.http.wire - http-outgoing-13 << "[0x1][0x0][0x0][0x0][0x0][0x0][0x0]BThe default database encoding has accordingly been set to "UTF8".[\n]"
2024-07-24 14:30:28.415 [docker-java-stream-264362234] DEBUG c.g.d.z.s.o.a.hc.client5.http.wire - http-outgoing-13 << "[0x1][0x0][0x0][0x0][0x0][0x0][0x0]@The default text search configuration will be set to "english".[\n]"
2024-07-24 14:30:28.415 [docker-java-stream-264362234] DEBUG c.g.d.z.s.o.a.hc.client5.http.wire - http-outgoing-13 << "[0x1][0x0][0x0][0x0][0x0][0x0][0x0][0x1][\n]"
2024-07-24 14:30:28.415 [docker-java-stream-264362234] DEBUG c.g.d.z.s.o.a.hc.client5.http.wire - http-outgoing-13 << "[0x1][0x0][0x0][0x0][0x0][0x0][0x0]"Data page checksums are disabled.[\n]"
2024-07-24 14:30:28.415 [docker-java-stream-264362234] DEBUG c.g.d.z.s.o.a.hc.client5.http.wire - http-outgoing-13 << "[0x1][0x0][0x0][0x0][0x0][0x0][0x0][0x1][\n]"
2024-07-24 14:30:28.415 [docker-java-stream-264362234] DEBUG c.g.d.z.s.o.a.hc.client5.http.wire - http-outgoing-13 << "[0x1][0x0][0x0][0x0][0x0][0x0][0x0]Ifixing permissions on existing directory /var/lib/postgresql/data ... ok[\n]"
2024-07-24 14:30:28.415 [docker-java-stream-264362234] DEBUG c.g.d.z.s.o.a.hc.client5.http.wire - http-outgoing-13 << "[\r][\n]"
2024-07-24 14:30:28.415 [Test worker] DEBUG o.t.c.output.WaitingConsumer - STDOUT: The default text search configuration will be set to "english".
2024-07-24 14:30:28.415 [Test worker] DEBUG o.t.c.output.WaitingConsumer - STDOUT: fixing permissions on existing directory /var/lib/postgresql/data ... ok
2024-07-24 14:30:28.415 [Test worker] DEBUG o.t.c.output.WaitingConsumer - STDOUT: 
2024-07-24 14:30:28.415 [Test worker] DEBUG o.t.c.output.WaitingConsumer - STDOUT: Data page checksums are disabled.
2024-07-24 14:30:28.415 [Test worker] DEBUG o.t.c.output.WaitingConsumer - STDOUT: 
2024-07-24 14:30:28.415 [Test worker] DEBUG o.t.c.output.WaitingConsumer - STDOUT: The default database encoding has accordingly been set to "UTF8".
2024-07-24 14:30:28.415 [Test worker] DEBUG o.t.c.output.WaitingConsumer - STDOUT: The database cluster will be initialized with locale "en_US.utf8".
2024-07-24 14:30:28.415 [Test worker] DEBUG o.t.c.output.WaitingConsumer - STDOUT: 
2024-07-24 14:30:28.415 [Test worker] DEBUG o.t.c.output.WaitingConsumer - STDOUT: This user must also own the server process.
2024-07-24 14:30:28.415 [Test worker] DEBUG o.t.c.output.WaitingConsumer - STDOUT: The files belonging to this database system will be owned by user "postgres".
2024-07-24 14:30:28.422 [docker-java-stream-264362234] DEBUG c.g.d.z.s.o.a.hc.client5.http.wire - http-outgoing-13 << "68[\r][\n]"
2024-07-24 14:30:28.422 [docker-java-stream-264362234] DEBUG c.g.d.z.s.o.a.hc.client5.http.wire - http-outgoing-13 << "[0x1][0x0][0x0][0x0][0x0][0x0][0x0][0x1f]creating subdirectories ... ok[\n]"
2024-07-24 14:30:28.422 [docker-java-stream-264362234] DEBUG c.g.d.z.s.o.a.hc.client5.http.wire - http-outgoing-13 << "[0x1][0x0][0x0][0x0][0x0][0x0][0x0]9selecting dynamic shared memory implementation ... posix[\n]"
2024-07-24 14:30:28.422 [docker-java-stream-264362234] DEBUG c.g.d.z.s.o.a.hc.client5.http.wire - http-outgoing-13 << "[\r][\n]"
2024-07-24 14:30:28.431 [Test worker] DEBUG o.t.c.output.WaitingConsumer - STDOUT: selecting dynamic shared memory implementation ... posix
2024-07-24 14:30:28.431 [Test worker] DEBUG o.t.c.output.WaitingConsumer - STDOUT: creating subdirectories ... ok
2024-07-24 14:30:28.443 [docker-java-stream-264362234] DEBUG c.g.d.z.s.o.a.hc.client5.http.wire - http-outgoing-13 << "32[\r][\n]"
2024-07-24 14:30:28.443 [docker-java-stream-264362234] DEBUG c.g.d.z.s.o.a.hc.client5.http.wire - http-outgoing-13 << "[0x1][0x0][0x0][0x0][0x0][0x0][0x0]*selecting default max_connections ... 100[\n]"
2024-07-24 14:30:28.443 [docker-java-stream-264362234] DEBUG c.g.d.z.s.o.a.hc.client5.http.wire - http-outgoing-13 << "[\r][\n]"
2024-07-24 14:30:28.446 [Test worker] DEBUG o.t.c.output.WaitingConsumer - STDOUT: selecting default max_connections ... 100
2024-07-24 14:30:28.473 [docker-java-stream-264362234] DEBUG c.g.d.z.s.o.a.hc.client5.http.wire - http-outgoing-13 << "33[\r][\n]"
2024-07-24 14:30:28.473 [docker-java-stream-264362234] DEBUG c.g.d.z.s.o.a.hc.client5.http.wire - http-outgoing-13 << "[0x1][0x0][0x0][0x0][0x0][0x0][0x0]+selecting default shared_buffers ... 128MB[\n]"
2024-07-24 14:30:28.473 [docker-java-stream-264362234] DEBUG c.g.d.z.s.o.a.hc.client5.http.wire - http-outgoing-13 << "[\r][\n]"
2024-07-24 14:30:28.473 [Test worker] DEBUG o.t.c.output.WaitingConsumer - STDOUT: selecting default shared_buffers ... 128MB
2024-07-24 14:30:28.493 [docker-java-stream-264362234] DEBUG c.g.d.z.s.o.a.hc.client5.http.wire - http-outgoing-13 << "30[\r][\n]"
2024-07-24 14:30:28.493 [docker-java-stream-264362234] DEBUG c.g.d.z.s.o.a.hc.client5.http.wire - http-outgoing-13 << "[0x1][0x0][0x0][0x0][0x0][0x0][0x0](selecting default time zone ... Etc/UTC[\n]"
2024-07-24 14:30:28.493 [docker-java-stream-264362234] DEBUG c.g.d.z.s.o.a.hc.client5.http.wire - http-outgoing-13 << "[\r][\n]"
2024-07-24 14:30:28.494 [docker-java-stream-264362234] DEBUG c.g.d.z.s.o.a.hc.client5.http.wire - http-outgoing-13 << "2c[\r][\n]"
2024-07-24 14:30:28.494 [docker-java-stream-264362234] DEBUG c.g.d.z.s.o.a.hc.client5.http.wire - http-outgoing-13 << "[0x1][0x0][0x0][0x0][0x0][0x0][0x0]$creating configuration files ... ok[\n]"
2024-07-24 14:30:28.494 [docker-java-stream-264362234] DEBUG c.g.d.z.s.o.a.hc.client5.http.wire - http-outgoing-13 << "[\r][\n]"
2024-07-24 14:30:28.494 [Test worker] DEBUG o.t.c.output.WaitingConsumer - STDOUT: selecting default time zone ... Etc/UTC
2024-07-24 14:30:28.494 [Test worker] DEBUG o.t.c.output.WaitingConsumer - STDOUT: creating configuration files ... ok
2024-07-24 14:30:28.635 [docker-java-stream-264362234] DEBUG c.g.d.z.s.o.a.hc.client5.http.wire - http-outgoing-13 << "28[\r][\n]"
2024-07-24 14:30:28.636 [docker-java-stream-264362234] DEBUG c.g.d.z.s.o.a.hc.client5.http.wire - http-outgoing-13 << "[0x1][0x0][0x0][0x0][0x0][0x0][0x0] running bootstrap script ... ok[\n]"
2024-07-24 14:30:28.636 [docker-java-stream-264362234] DEBUG c.g.d.z.s.o.a.hc.client5.http.wire - http-outgoing-13 << "[\r][\n]"
2024-07-24 14:30:28.636 [Test worker] DEBUG o.t.c.output.WaitingConsumer - STDOUT: running bootstrap script ... ok
2024-07-24 14:30:28.968 [docker-java-stream-264362234] DEBUG c.g.d.z.s.o.a.hc.client5.http.wire - http-outgoing-13 << "38[\r][\n]"
2024-07-24 14:30:28.968 [docker-java-stream-264362234] DEBUG c.g.d.z.s.o.a.hc.client5.http.wire - http-outgoing-13 << "[0x1][0x0][0x0][0x0][0x0][0x0][0x0]0performing post-bootstrap initialization ... ok[\n]"
2024-07-24 14:30:28.968 [docker-java-stream-264362234] DEBUG c.g.d.z.s.o.a.hc.client5.http.wire - http-outgoing-13 << "[\r][\n]"
2024-07-24 14:30:28.968 [Test worker] DEBUG o.t.c.output.WaitingConsumer - STDOUT: performing post-bootstrap initialization ... ok
2024-07-24 14:30:29.595 [docker-java-stream-264362234] DEBUG c.g.d.z.s.o.a.hc.client5.http.wire - http-outgoing-13 << "1ad[\r][\n]"
2024-07-24 14:30:29.595 [docker-java-stream-264362234] DEBUG c.g.d.z.s.o.a.hc.client5.http.wire - http-outgoing-13 << "[0x2][0x0][0x0][0x0][0x0][0x0][0x0]Ginitdb: warning: enabling "trust" authentication for local connections[\n]"
2024-07-24 14:30:29.595 [docker-java-stream-264362234] DEBUG c.g.d.z.s.o.a.hc.client5.http.wire - http-outgoing-13 << "[0x2][0x0][0x0][0x0][0x0][0x0][0x0][0xffffff90]initdb: hint: You can change this by editing pg_hba.conf or using the option -A, or --auth-local and --auth-host, the next time you run initdb.[\n]"
2024-07-24 14:30:29.595 [docker-java-stream-264362234] DEBUG c.g.d.z.s.o.a.hc.client5.http.wire - http-outgoing-13 << "[0x1][0x0][0x0][0x0][0x0][0x0][0x0][0x1c]syncing data to disk ... ok[\n]"
2024-07-24 14:30:29.595 [docker-java-stream-264362234] DEBUG c.g.d.z.s.o.a.hc.client5.http.wire - http-outgoing-13 << "[0x1][0x0][0x0][0x0][0x0][0x0][0x0][0x1][\n]"
2024-07-24 14:30:29.595 [docker-java-stream-264362234] DEBUG c.g.d.z.s.o.a.hc.client5.http.wire - http-outgoing-13 << "[0x1][0x0][0x0][0x0][0x0][0x0][0x0][0x1][\n]"
2024-07-24 14:30:29.595 [docker-java-stream-264362234] DEBUG c.g.d.z.s.o.a.hc.client5.http.wire - http-outgoing-13 << "[0x1][0x0][0x0][0x0][0x0][0x0][0x0]6Success. You can now start the database server using:[\n]"
2024-07-24 14:30:29.595 [docker-java-stream-264362234] DEBUG c.g.d.z.s.o.a.hc.client5.http.wire - http-outgoing-13 << "[0x1][0x0][0x0][0x0][0x0][0x0][0x0][0x1][\n]"
2024-07-24 14:30:29.595 [docker-java-stream-264362234] DEBUG c.g.d.z.s.o.a.hc.client5.http.wire - http-outgoing-13 << "[0x1][0x0][0x0][0x0][0x0][0x0][0x0]8    pg_ctl -D /var/lib/postgresql/data -l logfile start[\n]"
2024-07-24 14:30:29.595 [docker-java-stream-264362234] DEBUG c.g.d.z.s.o.a.hc.client5.http.wire - http-outgoing-13 << "[0x1][0x0][0x0][0x0][0x0][0x0][0x0][0x1][\n]"
2024-07-24 14:30:29.595 [docker-java-stream-264362234] DEBUG c.g.d.z.s.o.a.hc.client5.http.wire - http-outgoing-13 << "[\r][\n]"
2024-07-24 14:30:29.610 [Test worker] DEBUG o.t.c.output.WaitingConsumer - STDOUT: 
2024-07-24 14:30:29.610 [Test worker] DEBUG o.t.c.output.WaitingConsumer - STDOUT:     pg_ctl -D /var/lib/postgresql/data -l logfile start
2024-07-24 14:30:29.610 [Test worker] DEBUG o.t.c.output.WaitingConsumer - STDOUT: 
2024-07-24 14:30:29.610 [Test worker] DEBUG o.t.c.output.WaitingConsumer - STDOUT: Success. You can now start the database server using:
2024-07-24 14:30:29.610 [Test worker] DEBUG o.t.c.output.WaitingConsumer - STDOUT: 
2024-07-24 14:30:29.610 [Test worker] DEBUG o.t.c.output.WaitingConsumer - STDOUT: 
2024-07-24 14:30:29.610 [Test worker] DEBUG o.t.c.output.WaitingConsumer - STDOUT: syncing data to disk ... ok
2024-07-24 14:30:29.610 [Test worker] DEBUG o.t.c.output.WaitingConsumer - STDERR: initdb: hint: You can change this by editing pg_hba.conf or using the option -A, or --auth-local and --auth-host, the next time you run initdb.
2024-07-24 14:30:29.610 [Test worker] DEBUG o.t.c.output.WaitingConsumer - STDERR: initdb: warning: enabling "trust" authentication for local connections
2024-07-24 14:30:29.653 [docker-java-stream-264362234] DEBUG c.g.d.z.s.o.a.hc.client5.http.wire - http-outgoing-13 << "137[\r][\n]"
2024-07-24 14:30:29.653 [docker-java-stream-264362234] DEBUG c.g.d.z.s.o.a.hc.client5.http.wire - http-outgoing-13 << "[0x1][0x0][0x0][0x0][0x0][0x0][0x0][0xffffffc3]waiting for server to start....2024-07-24 02:30:29.652 UTC [48] LOG:  starting PostgreSQL 16.2 (Debian 16.2-1.pgdg120+2) on x86_64-pc-linux-gnu, compiled by gcc (Debian 12.2.0-14) 12.2.0, 64-bit[\n]"
2024-07-24 14:30:29.653 [docker-java-stream-264362234] DEBUG c.g.d.z.s.o.a.hc.client5.http.wire - http-outgoing-13 << "[0x1][0x0][0x0][0x0][0x0][0x0][0x0]d2024-07-24 02:30:29.652 UTC [48] LOG:  listening on Unix socket "/var/run/postgresql/.s.PGSQL.5432"[\n]"
2024-07-24 14:30:29.653 [docker-java-stream-264362234] DEBUG c.g.d.z.s.o.a.hc.client5.http.wire - http-outgoing-13 << "[\r][\n]"
2024-07-24 14:30:29.653 [Test worker] DEBUG o.t.c.output.WaitingConsumer - STDOUT: 2024-07-24 02:30:29.652 UTC [48] LOG:  listening on Unix socket "/var/run/postgresql/.s.PGSQL.5432"
2024-07-24 14:30:29.653 [Test worker] DEBUG o.t.c.output.WaitingConsumer - STDOUT: waiting for server to start....2024-07-24 02:30:29.652 UTC [48] LOG:  starting PostgreSQL 16.2 (Debian 16.2-1.pgdg120+2) on x86_64-pc-linux-gnu, compiled by gcc (Debian 12.2.0-14) 12.2.0, 64-bit
2024-07-24 14:30:29.655 [docker-java-stream-264362234] DEBUG c.g.d.z.s.o.a.hc.client5.http.wire - http-outgoing-13 << "68[\r][\n]"
2024-07-24 14:30:29.655 [docker-java-stream-264362234] DEBUG c.g.d.z.s.o.a.hc.client5.http.wire - http-outgoing-13 << "[0x1][0x0][0x0][0x0][0x0][0x0][0x0]`2024-07-24 02:30:29.654 UTC [51] LOG:  database system was shut down at 2024-07-24 02:30:28 UTC[\n]"
2024-07-24 14:30:29.655 [docker-java-stream-264362234] DEBUG c.g.d.z.s.o.a.hc.client5.http.wire - http-outgoing-13 << "[\r][\n]"
2024-07-24 14:30:29.659 [docker-java-stream-264362234] DEBUG c.g.d.z.s.o.a.hc.client5.http.wire - http-outgoing-13 << "5e[\r][\n]"
2024-07-24 14:30:29.659 [docker-java-stream-264362234] DEBUG c.g.d.z.s.o.a.hc.client5.http.wire - http-outgoing-13 << "[0x1][0x0][0x0][0x0][0x0][0x0][0x0]V2024-07-24 02:30:29.658 UTC [48] LOG:  database system is ready to accept connections[\n]"
2024-07-24 14:30:29.659 [docker-java-stream-264362234] DEBUG c.g.d.z.s.o.a.hc.client5.http.wire - http-outgoing-13 << "[\r][\n]"
2024-07-24 14:30:29.672 [Test worker] DEBUG o.t.c.output.WaitingConsumer - STDOUT: 2024-07-24 02:30:29.658 UTC [48] LOG:  database system is ready to accept connections
2024-07-24 14:30:29.672 [Test worker] DEBUG o.t.c.output.WaitingConsumer - STDOUT: 2024-07-24 02:30:29.654 UTC [51] LOG:  database system was shut down at 2024-07-24 02:30:28 UTC
2024-07-24 14:30:29.729 [docker-java-stream-264362234] DEBUG c.g.d.z.s.o.a.hc.client5.http.wire - http-outgoing-13 << "25[\r][\n]"
2024-07-24 14:30:29.730 [docker-java-stream-264362234] DEBUG c.g.d.z.s.o.a.hc.client5.http.wire - http-outgoing-13 << "[0x1][0x0][0x0][0x0][0x0][0x0][0x0][0x6] done[\n]"
2024-07-24 14:30:29.730 [docker-java-stream-264362234] DEBUG c.g.d.z.s.o.a.hc.client5.http.wire - http-outgoing-13 << "[0x1][0x0][0x0][0x0][0x0][0x0][0x0][0xf]server started[\n]"
2024-07-24 14:30:29.730 [docker-java-stream-264362234] DEBUG c.g.d.z.s.o.a.hc.client5.http.wire - http-outgoing-13 << "[\r][\n]"
2024-07-24 14:30:29.730 [Test worker] DEBUG o.t.c.output.WaitingConsumer - STDOUT: server started
2024-07-24 14:30:29.730 [Test worker] DEBUG o.t.c.output.WaitingConsumer - STDOUT:  done
2024-07-24 14:30:29.851 [docker-java-stream-264362234] DEBUG c.g.d.z.s.o.a.hc.client5.http.wire - http-outgoing-13 << "18[\r][\n]"
2024-07-24 14:30:29.851 [docker-java-stream-264362234] DEBUG c.g.d.z.s.o.a.hc.client5.http.wire - http-outgoing-13 << "[0x1][0x0][0x0][0x0][0x0][0x0][0x0][0x10]CREATE DATABASE[\n]"
2024-07-24 14:30:29.851 [docker-java-stream-264362234] DEBUG c.g.d.z.s.o.a.hc.client5.http.wire - http-outgoing-13 << "[\r][\n]"
2024-07-24 14:30:29.852 [Test worker] DEBUG o.t.c.output.WaitingConsumer - STDOUT: CREATE DATABASE
2024-07-24 14:30:29.852 [docker-java-stream-264362234] DEBUG c.g.d.z.s.o.a.hc.client5.http.wire - http-outgoing-13 << "6f[\r][\n]"
2024-07-24 14:30:29.852 [docker-java-stream-264362234] DEBUG c.g.d.z.s.o.a.hc.client5.http.wire - http-outgoing-13 << "[0x1][0x0][0x0][0x0][0x0][0x0][0x0][0x1][\n]"
2024-07-24 14:30:29.852 [docker-java-stream-264362234] DEBUG c.g.d.z.s.o.a.hc.client5.http.wire - http-outgoing-13 << "[0x1][0x0][0x0][0x0][0x0][0x0][0x0][0x1][\n]"
2024-07-24 14:30:29.852 [docker-java-stream-264362234] DEBUG c.g.d.z.s.o.a.hc.client5.http.wire - http-outgoing-13 << "[0x1][0x0][0x0][0x0][0x0][0x0][0x0]L/usr/local/bin/docker-entrypoint.sh: ignoring /docker-entrypoint-initdb.d/*[\n]"
2024-07-24 14:30:29.852 [docker-java-stream-264362234] DEBUG c.g.d.z.s.o.a.hc.client5.http.wire - http-outgoing-13 << "[0x1][0x0][0x0][0x0][0x0][0x0][0x0][0x1][\n]"
2024-07-24 14:30:29.852 [docker-java-stream-264362234] DEBUG c.g.d.z.s.o.a.hc.client5.http.wire - http-outgoing-13 << "[\r][\n]"
2024-07-24 14:30:29.855 [docker-java-stream-264362234] DEBUG c.g.d.z.s.o.a.hc.client5.http.wire - http-outgoing-13 << "c1[\r][\n]"
2024-07-24 14:30:29.855 [docker-java-stream-264362234] DEBUG c.g.d.z.s.o.a.hc.client5.http.wire - http-outgoing-13 << "[0x1][0x0][0x0][0x0][0x0][0x0][0x0]iwaiting for server to shut down....2024-07-24 02:30:29.853 UTC [48] LOG:  received fast shutdown request[\n]"
2024-07-24 14:30:29.855 [docker-java-stream-264362234] DEBUG c.g.d.z.s.o.a.hc.client5.http.wire - http-outgoing-13 << "[0x1][0x0][0x0][0x0][0x0][0x0][0x0]H2024-07-24 02:30:29.853 UTC [48] LOG:  aborting any active transactions[\n]"
2024-07-24 14:30:29.855 [docker-java-stream-264362234] DEBUG c.g.d.z.s.o.a.hc.client5.http.wire - http-outgoing-13 << "[\r][\n]"
2024-07-24 14:30:29.858 [docker-java-stream-264362234] DEBUG c.g.d.z.s.o.a.hc.client5.http.wire - http-outgoing-13 << "115[\r][\n]"
2024-07-24 14:30:29.858 [docker-java-stream-264362234] DEBUG c.g.d.z.s.o.a.hc.client5.http.wire - http-outgoing-13 << "[0x1][0x0][0x0][0x0][0x0][0x0][0x0]y2024-07-24 02:30:29.857 UTC [48] LOG:  background worker "logical replication launcher" (PID 54) exited with exit code 1[\n]"
2024-07-24 14:30:29.858 [docker-java-stream-264362234] DEBUG c.g.d.z.s.o.a.hc.client5.http.wire - http-outgoing-13 << "[0x1][0x0][0x0][0x0][0x0][0x0][0x0]52024-07-24 02:30:29.857 UTC [49] LOG:  shutting down[\n]"
2024-07-24 14:30:29.858 [docker-java-stream-264362234] DEBUG c.g.d.z.s.o.a.hc.client5.http.wire - http-outgoing-13 << "[0x1][0x0][0x0][0x0][0x0][0x0][0x0]O2024-07-24 02:30:29.857 UTC [49] LOG:  checkpoint starting: shutdown immediate[\n]"
2024-07-24 14:30:29.858 [docker-java-stream-264362234] DEBUG c.g.d.z.s.o.a.hc.client5.http.wire - http-outgoing-13 << "[\r][\n]"
2024-07-24 14:30:29.868 [docker-java-stream-264362234] DEBUG c.g.d.z.s.o.a.hc.client5.http.wire - http-outgoing-13 << "12c[\r][\n]"
2024-07-24 14:30:29.868 [docker-java-stream-264362234] DEBUG c.g.d.z.s.o.a.hc.client5.http.wire - http-outgoing-13 << "[0x1][0x0][0x0][0x0][0x0][0x0][0x1]$2024-07-24 02:30:29.868 UTC [49] LOG:  checkpoint complete: wrote 923 buffers (5.6%); 0 WAL file(s) added, 0 removed, 0 recycled; write=0.010 s, sync=0.001 s, total=0.011 s; sync files=0, longest=0.000 s, average=0.000 s; distance=4257 kB, estimate=4257 kB; lsn=0/1913068, redo lsn=0/1913068[\n]"
2024-07-24 14:30:29.868 [docker-java-stream-264362234] DEBUG c.g.d.z.s.o.a.hc.client5.http.wire - http-outgoing-13 << "[\r][\n]"
2024-07-24 14:30:29.874 [Test worker] DEBUG o.t.c.output.WaitingConsumer - STDOUT: 2024-07-24 02:30:29.868 UTC [49] LOG:  checkpoint complete: wrote 923 buffers (5.6%); 0 WAL file(s) added, 0 removed, 0 recycled; write=0.010 s, sync=0.001 s, total=0.011 s; sync files=0, longest=0.000 s, average=0.000 s; distance=4257 kB, estimate=4257 kB; lsn=0/1913068, redo lsn=0/1913068
2024-07-24 14:30:29.874 [Test worker] DEBUG o.t.c.output.WaitingConsumer - STDOUT: 2024-07-24 02:30:29.857 UTC [49] LOG:  checkpoint starting: shutdown immediate
2024-07-24 14:30:29.874 [Test worker] DEBUG o.t.c.output.WaitingConsumer - STDOUT: 2024-07-24 02:30:29.857 UTC [49] LOG:  shutting down
2024-07-24 14:30:29.874 [Test worker] DEBUG o.t.c.output.WaitingConsumer - STDOUT: 2024-07-24 02:30:29.857 UTC [48] LOG:  background worker "logical replication launcher" (PID 54) exited with exit code 1
2024-07-24 14:30:29.874 [Test worker] DEBUG o.t.c.output.WaitingConsumer - STDOUT: 2024-07-24 02:30:29.853 UTC [48] LOG:  aborting any active transactions
2024-07-24 14:30:29.874 [Test worker] DEBUG o.t.c.output.WaitingConsumer - STDOUT: waiting for server to shut down....2024-07-24 02:30:29.853 UTC [48] LOG:  received fast shutdown request
2024-07-24 14:30:29.874 [Test worker] DEBUG o.t.c.output.WaitingConsumer - STDOUT: 
2024-07-24 14:30:29.874 [Test worker] DEBUG o.t.c.output.WaitingConsumer - STDOUT: /usr/local/bin/docker-entrypoint.sh: ignoring /docker-entrypoint-initdb.d/*
2024-07-24 14:30:29.874 [Test worker] DEBUG o.t.c.output.WaitingConsumer - STDOUT: 
2024-07-24 14:30:29.874 [Test worker] DEBUG o.t.c.output.WaitingConsumer - STDOUT: 
2024-07-24 14:30:29.878 [docker-java-stream-264362234] DEBUG c.g.d.z.s.o.a.hc.client5.http.wire - http-outgoing-13 << "4c[\r][\n]"
2024-07-24 14:30:29.878 [docker-java-stream-264362234] DEBUG c.g.d.z.s.o.a.hc.client5.http.wire - http-outgoing-13 << "[0x1][0x0][0x0][0x0][0x0][0x0][0x0]D2024-07-24 02:30:29.877 UTC [48] LOG:  database system is shut down[\n]"
2024-07-24 14:30:29.878 [docker-java-stream-264362234] DEBUG c.g.d.z.s.o.a.hc.client5.http.wire - http-outgoing-13 << "[\r][\n]"
2024-07-24 14:30:29.889 [Test worker] DEBUG o.t.c.output.WaitingConsumer - STDOUT: 2024-07-24 02:30:29.877 UTC [48] LOG:  database system is shut down
2024-07-24 14:30:29.954 [docker-java-stream-264362234] DEBUG c.g.d.z.s.o.a.hc.client5.http.wire - http-outgoing-13 << "25[\r][\n]"
2024-07-24 14:30:29.954 [docker-java-stream-264362234] DEBUG c.g.d.z.s.o.a.hc.client5.http.wire - http-outgoing-13 << "[0x1][0x0][0x0][0x0][0x0][0x0][0x0][0x6] done[\n]"
2024-07-24 14:30:29.954 [docker-java-stream-264362234] DEBUG c.g.d.z.s.o.a.hc.client5.http.wire - http-outgoing-13 << "[0x1][0x0][0x0][0x0][0x0][0x0][0x0][0xf]server stopped[\n]"
2024-07-24 14:30:29.954 [docker-java-stream-264362234] DEBUG c.g.d.z.s.o.a.hc.client5.http.wire - http-outgoing-13 << "[\r][\n]"
2024-07-24 14:30:29.954 [Test worker] DEBUG o.t.c.output.WaitingConsumer - STDOUT: server stopped
2024-07-24 14:30:29.955 [Test worker] DEBUG o.t.c.output.WaitingConsumer - STDOUT:  done
2024-07-24 14:30:29.956 [docker-java-stream-264362234] DEBUG c.g.d.z.s.o.a.hc.client5.http.wire - http-outgoing-13 << "50[\r][\n]"
2024-07-24 14:30:29.956 [docker-java-stream-264362234] DEBUG c.g.d.z.s.o.a.hc.client5.http.wire - http-outgoing-13 << "[0x1][0x0][0x0][0x0][0x0][0x0][0x0][0x1][\n]"
2024-07-24 14:30:29.956 [docker-java-stream-264362234] DEBUG c.g.d.z.s.o.a.hc.client5.http.wire - http-outgoing-13 << "[0x1][0x0][0x0][0x0][0x0][0x0][0x0]6PostgreSQL init process complete; ready for start up.[\n]"
2024-07-24 14:30:29.956 [docker-java-stream-264362234] DEBUG c.g.d.z.s.o.a.hc.client5.http.wire - http-outgoing-13 << "[0x1][0x0][0x0][0x0][0x0][0x0][0x0][0x1][\n]"
2024-07-24 14:30:29.956 [docker-java-stream-264362234] DEBUG c.g.d.z.s.o.a.hc.client5.http.wire - http-outgoing-13 << "[\r][\n]"
2024-07-24 14:30:29.966 [Test worker] DEBUG o.t.c.output.WaitingConsumer - STDOUT: 
2024-07-24 14:30:29.966 [Test worker] DEBUG o.t.c.output.WaitingConsumer - STDOUT: PostgreSQL init process complete; ready for start up.
2024-07-24 14:30:29.966 [Test worker] DEBUG o.t.c.output.WaitingConsumer - STDOUT: 
2024-07-24 14:30:29.975 [docker-java-stream-264362234] DEBUG c.g.d.z.s.o.a.hc.client5.http.wire - http-outgoing-13 << "1cb[\r][\n]"
2024-07-24 14:30:29.976 [docker-java-stream-264362234] DEBUG c.g.d.z.s.o.a.hc.client5.http.wire - http-outgoing-13 << "[0x2][0x0][0x0][0x0][0x0][0x0][0x0][0xffffffa3]2024-07-24 02:30:29.974 UTC [1] LOG:  starting PostgreSQL 16.2 (Debian 16.2-1.pgdg120+2) on x86_64-pc-linux-gnu, compiled by gcc (Debian 12.2.0-14) 12.2.0, 64-bit[\n]"
2024-07-24 14:30:29.976 [docker-java-stream-264362234] DEBUG c.g.d.z.s.o.a.hc.client5.http.wire - http-outgoing-13 << "[0x2][0x0][0x0][0x0][0x0][0x0][0x0]U2024-07-24 02:30:29.974 UTC [1] LOG:  listening on IPv4 address "0.0.0.0", port 5432[\n]"
2024-07-24 14:30:29.976 [docker-java-stream-264362234] DEBUG c.g.d.z.s.o.a.hc.client5.http.wire - http-outgoing-13 << "[0x2][0x0][0x0][0x0][0x0][0x0][0x0]P2024-07-24 02:30:29.974 UTC [1] LOG:  listening on IPv6 address "::", port 5432[\n]"
2024-07-24 14:30:29.976 [docker-java-stream-264362234] DEBUG c.g.d.z.s.o.a.hc.client5.http.wire - http-outgoing-13 << "[0x2][0x0][0x0][0x0][0x0][0x0][0x0]c2024-07-24 02:30:29.975 UTC [1] LOG:  listening on Unix socket "/var/run/postgresql/.s.PGSQL.5432"[\n]"
2024-07-24 14:30:29.976 [docker-java-stream-264362234] DEBUG c.g.d.z.s.o.a.hc.client5.http.wire - http-outgoing-13 << "[\r][\n]"
2024-07-24 14:30:29.978 [docker-java-stream-264362234] DEBUG c.g.d.z.s.o.a.hc.client5.http.wire - http-outgoing-13 << "68[\r][\n]"
2024-07-24 14:30:29.979 [docker-java-stream-264362234] DEBUG c.g.d.z.s.o.a.hc.client5.http.wire - http-outgoing-13 << "[0x2][0x0][0x0][0x0][0x0][0x0][0x0]`2024-07-24 02:30:29.978 UTC [64] LOG:  database system was shut down at 2024-07-24 02:30:29 UTC[\n]"
2024-07-24 14:30:29.979 [docker-java-stream-264362234] DEBUG c.g.d.z.s.o.a.hc.client5.http.wire - http-outgoing-13 << "[\r][\n]"
2024-07-24 14:30:29.982 [Test worker] DEBUG o.t.c.output.WaitingConsumer - STDERR: 2024-07-24 02:30:29.978 UTC [64] LOG:  database system was shut down at 2024-07-24 02:30:29 UTC
2024-07-24 14:30:29.982 [Test worker] DEBUG o.t.c.output.WaitingConsumer - STDERR: 2024-07-24 02:30:29.975 UTC [1] LOG:  listening on Unix socket "/var/run/postgresql/.s.PGSQL.5432"
2024-07-24 14:30:29.982 [Test worker] DEBUG o.t.c.output.WaitingConsumer - STDERR: 2024-07-24 02:30:29.974 UTC [1] LOG:  listening on IPv6 address "::", port 5432
2024-07-24 14:30:29.982 [Test worker] DEBUG o.t.c.output.WaitingConsumer - STDERR: 2024-07-24 02:30:29.974 UTC [1] LOG:  listening on IPv4 address "0.0.0.0", port 5432
2024-07-24 14:30:29.982 [Test worker] DEBUG o.t.c.output.WaitingConsumer - STDERR: 2024-07-24 02:30:29.974 UTC [1] LOG:  starting PostgreSQL 16.2 (Debian 16.2-1.pgdg120+2) on x86_64-pc-linux-gnu, compiled by gcc (Debian 12.2.0-14) 12.2.0, 64-bit
2024-07-24 14:30:29.983 [docker-java-stream-264362234] DEBUG c.g.d.z.s.o.a.hc.client5.http.wire - http-outgoing-13 << "5d[\r][\n]"
2024-07-24 14:30:29.983 [docker-java-stream-264362234] DEBUG c.g.d.z.s.o.a.hc.client5.http.wire - http-outgoing-13 << "[0x2][0x0][0x0][0x0][0x0][0x0][0x0]U2024-07-24 02:30:29.982 UTC [1] LOG:  database system is ready to accept connections[\n]"
2024-07-24 14:30:29.983 [docker-java-stream-264362234] DEBUG c.g.d.z.s.o.a.hc.client5.http.wire - http-outgoing-13 << "[\r][\n]"
2024-07-24 14:30:29.997 [Test worker] DEBUG o.t.c.output.WaitingConsumer - STDERR: 2024-07-24 02:30:29.982 UTC [1] LOG:  database system is ready to accept connections
2024-07-24 14:30:29.997 [Test worker] DEBUG c.g.d.z.s.o.a.h.c.h.i.c.InternalHttpClient - ep-00000092: cancel
2024-07-24 14:30:29.997 [Test worker] DEBUG c.g.d.z.s.o.a.h.c.h.i.i.DefaultManagedHttpClientConnection - http-outgoing-13: close connection IMMEDIATE
2024-07-24 14:30:29.997 [Test worker] DEBUG c.g.d.z.s.o.a.h.c.h.i.c.InternalHttpClient - ep-00000092: endpoint closed
2024-07-24 14:30:29.997 [Test worker] DEBUG c.g.d.z.s.o.a.h.c.h.i.c.InternalHttpClient - ep-00000092: discarding endpoint
2024-07-24 14:30:29.997 [Test worker] DEBUG c.g.d.z.s.o.a.h.c.h.i.i.PoolingHttpClientConnectionManager - ep-00000092: releasing endpoint
2024-07-24 14:30:29.997 [Test worker] DEBUG c.g.d.z.s.o.a.h.c.h.i.i.PoolingHttpClientConnectionManager - ep-00000092: connection is not kept alive
2024-07-24 14:30:29.997 [Test worker] DEBUG c.g.d.z.s.o.a.h.c.h.i.i.PoolingHttpClientConnectionManager - ep-00000092: connection released [route: {}->npipe://localhost:2375][total available: 0; route allocated: 0 of 2147483647; total allocated: 0 of 2147483647]
2024-07-24 14:30:29.997 [docker-java-stream-264362234] DEBUG c.g.d.z.s.o.a.hc.client5.http.wire - http-outgoing-13 << "end of stream"
2024-07-24 14:30:29.997 [Test worker] DEBUG c.g.d.z.s.o.a.hc.client5.http.wire - http-outgoing-13 << "[read] I/O error: java.nio.channels.ClosedChannelException"
2024-07-24 14:30:29.997 [docker-java-stream-264362234] DEBUG c.g.d.z.s.o.a.hc.client5.http.wire - http-outgoing-13 << "[read] I/O error: java.nio.channels.ClosedChannelException"
2024-07-24 14:30:29.998 [docker-java-stream-264362234] DEBUG c.g.d.z.ApacheDockerHttpClientImpl$ApacheResponse - Failed to close the response
java.io.IOException: java.nio.channels.ClosedChannelException
	at java.base/java.nio.channels.Channels$2.read(Channels.java:240)
	at com.github.dockerjava.zerodep.shaded.org.apache.hc.client5.http.impl.io.LoggingInputStream.read(LoggingInputStream.java:81)
	at com.github.dockerjava.zerodep.shaded.org.apache.hc.core5.http.impl.io.SessionInputBufferImpl.fillBuffer(SessionInputBufferImpl.java:149)
	at com.github.dockerjava.zerodep.shaded.org.apache.hc.core5.http.impl.io.SessionInputBufferImpl.readLine(SessionInputBufferImpl.java:280)
	at com.github.dockerjava.zerodep.shaded.org.apache.hc.core5.http.impl.io.ChunkedInputStream.getChunkSize(ChunkedInputStream.java:261)
	at com.github.dockerjava.zerodep.shaded.org.apache.hc.core5.http.impl.io.ChunkedInputStream.nextChunk(ChunkedInputStream.java:222)
	at com.github.dockerjava.zerodep.shaded.org.apache.hc.core5.http.impl.io.ChunkedInputStream.read(ChunkedInputStream.java:147)
	at com.github.dockerjava.zerodep.shaded.org.apache.hc.core5.http.impl.io.ChunkedInputStream.close(ChunkedInputStream.java:314)
	at com.github.dockerjava.zerodep.shaded.org.apache.hc.core5.io.Closer.close(Closer.java:48)
	at com.github.dockerjava.zerodep.shaded.org.apache.hc.core5.http.impl.io.IncomingHttpEntity.close(IncomingHttpEntity.java:111)
	at com.github.dockerjava.zerodep.shaded.org.apache.hc.core5.http.io.entity.HttpEntityWrapper.close(HttpEntityWrapper.java:120)
	at com.github.dockerjava.zerodep.shaded.org.apache.hc.core5.io.Closer.close(Closer.java:48)
	at com.github.dockerjava.zerodep.shaded.org.apache.hc.core5.http.message.BasicClassicHttpResponse.close(BasicClassicHttpResponse.java:93)
	at com.github.dockerjava.zerodep.shaded.org.apache.hc.client5.http.impl.classic.CloseableHttpResponse.close(CloseableHttpResponse.java:200)
	at com.github.dockerjava.zerodep.ApacheDockerHttpClientImpl$ApacheResponse.close(ApacheDockerHttpClientImpl.java:271)
	at org.testcontainers.shaded.com.github.dockerjava.core.DefaultInvocationBuilder.lambda$executeAndStream$1(DefaultInvocationBuilder.java:277)
	at java.base/java.lang.Thread.run(Thread.java:833)
Caused by: java.nio.channels.ClosedChannelException: null
	at java.base/sun.nio.ch.WindowsAsynchronousFileChannelImpl.implRead(WindowsAsynchronousFileChannelImpl.java:516)
	at java.base/sun.nio.ch.AsynchronousFileChannelImpl.read(AsynchronousFileChannelImpl.java:229)
	at com.github.dockerjava.transport.NamedPipeSocket$AsynchronousFileByteChannel.read(NamedPipeSocket.java:117)
	at java.base/java.nio.channels.Channels$2.read(Channels.java:238)
	... 16 common frames omitted
2024-07-24 14:30:29.997 [Test worker] DEBUG c.g.d.z.ApacheDockerHttpClientImpl$ApacheResponse - Failed to close the response
java.io.IOException: java.nio.channels.ClosedChannelException
	at java.base/java.nio.channels.Channels$2.read(Channels.java:240)
	at com.github.dockerjava.zerodep.shaded.org.apache.hc.client5.http.impl.io.LoggingInputStream.read(LoggingInputStream.java:81)
	at com.github.dockerjava.zerodep.shaded.org.apache.hc.core5.http.impl.io.SessionInputBufferImpl.fillBuffer(SessionInputBufferImpl.java:149)
	at com.github.dockerjava.zerodep.shaded.org.apache.hc.core5.http.impl.io.SessionInputBufferImpl.readLine(SessionInputBufferImpl.java:280)
	at com.github.dockerjava.zerodep.shaded.org.apache.hc.core5.http.impl.io.ChunkedInputStream.getChunkSize(ChunkedInputStream.java:261)
	at com.github.dockerjava.zerodep.shaded.org.apache.hc.core5.http.impl.io.ChunkedInputStream.nextChunk(ChunkedInputStream.java:222)
	at com.github.dockerjava.zerodep.shaded.org.apache.hc.core5.http.impl.io.ChunkedInputStream.read(ChunkedInputStream.java:147)
	at com.github.dockerjava.zerodep.shaded.org.apache.hc.core5.http.impl.io.ChunkedInputStream.close(ChunkedInputStream.java:314)
	at com.github.dockerjava.zerodep.shaded.org.apache.hc.core5.io.Closer.close(Closer.java:48)
	at com.github.dockerjava.zerodep.shaded.org.apache.hc.core5.http.impl.io.IncomingHttpEntity.close(IncomingHttpEntity.java:111)
	at com.github.dockerjava.zerodep.shaded.org.apache.hc.core5.http.io.entity.HttpEntityWrapper.close(HttpEntityWrapper.java:120)
	at com.github.dockerjava.zerodep.shaded.org.apache.hc.core5.io.Closer.close(Closer.java:48)
	at com.github.dockerjava.zerodep.shaded.org.apache.hc.core5.http.message.BasicClassicHttpResponse.close(BasicClassicHttpResponse.java:93)
	at com.github.dockerjava.zerodep.shaded.org.apache.hc.client5.http.impl.classic.CloseableHttpResponse.close(CloseableHttpResponse.java:200)
	at com.github.dockerjava.zerodep.ApacheDockerHttpClientImpl$ApacheResponse.close(ApacheDockerHttpClientImpl.java:271)
	at org.testcontainers.shaded.com.github.dockerjava.core.DefaultInvocationBuilder.lambda$null$0(DefaultInvocationBuilder.java:272)
	at com.github.dockerjava.api.async.ResultCallbackTemplate.close(ResultCallbackTemplate.java:77)
	at org.testcontainers.containers.output.FrameConsumerResultCallback.close(FrameConsumerResultCallback.java:69)
	at org.testcontainers.containers.wait.strategy.LogMessageWaitStrategy.waitUntilReady(LogMessageWaitStrategy.java:49)
	at org.testcontainers.containers.wait.strategy.AbstractWaitStrategy.waitUntilReady(AbstractWaitStrategy.java:52)
	at org.testcontainers.containers.PostgreSQLContainer.waitUntilContainerStarted(PostgreSQLContainer.java:149)
	at org.testcontainers.containers.GenericContainer.tryStart(GenericContainer.java:500)
	at org.testcontainers.containers.GenericContainer.lambda$doStart$0(GenericContainer.java:354)
	at org.rnorth.ducttape.unreliables.Unreliables.retryUntilSuccess(Unreliables.java:81)
	at org.testcontainers.containers.GenericContainer.doStart(GenericContainer.java:344)
	at org.testcontainers.containers.GenericContainer.start(GenericContainer.java:330)
	at com.unitedApi.SequenceHeaderDAOTest.<init>(SequenceHeaderDAOTest.kt:37)
	at java.base/jdk.internal.reflect.NativeConstructorAccessorImpl.newInstance0(Native Method)
	at java.base/jdk.internal.reflect.NativeConstructorAccessorImpl.newInstance(NativeConstructorAccessorImpl.java:77)
	at java.base/jdk.internal.reflect.DelegatingConstructorAccessorImpl.newInstance(DelegatingConstructorAccessorImpl.java:45)
	at java.base/java.lang.reflect.Constructor.newInstanceWithCaller(Constructor.java:499)
	at java.base/java.lang.reflect.Constructor.newInstance(Constructor.java:480)
	at org.junit.runners.BlockJUnit4ClassRunner.createTest(BlockJUnit4ClassRunner.java:250)
	at org.junit.runners.BlockJUnit4ClassRunner.createTest(BlockJUnit4ClassRunner.java:260)
	at org.junit.runners.BlockJUnit4ClassRunner$2.runReflectiveCall(BlockJUnit4ClassRunner.java:309)
	at org.junit.internal.runners.model.ReflectiveCallable.run(ReflectiveCallable.java:12)
	at org.junit.runners.BlockJUnit4ClassRunner.methodBlock(BlockJUnit4ClassRunner.java:306)
	at org.junit.runners.BlockJUnit4ClassRunner$1.evaluate(BlockJUnit4ClassRunner.java:100)
	at org.junit.runners.ParentRunner.runLeaf(ParentRunner.java:366)
	at org.junit.runners.BlockJUnit4ClassRunner.runChild(BlockJUnit4ClassRunner.java:103)
	at org.junit.runners.BlockJUnit4ClassRunner.runChild(BlockJUnit4ClassRunner.java:63)
	at org.junit.runners.ParentRunner$4.run(ParentRunner.java:331)
	at org.junit.runners.ParentRunner$1.schedule(ParentRunner.java:79)
	at org.junit.runners.ParentRunner.runChildren(ParentRunner.java:329)
	at org.junit.runners.ParentRunner.access$100(ParentRunner.java:66)
	at org.junit.runners.ParentRunner$2.evaluate(ParentRunner.java:293)
	at org.junit.runners.ParentRunner$3.evaluate(ParentRunner.java:306)
	at org.junit.runners.ParentRunner.run(ParentRunner.java:413)
	at org.gradle.api.internal.tasks.testing.junit.JUnitTestClassExecutor.runTestClass(JUnitTestClassExecutor.java:112)
	at org.gradle.api.internal.tasks.testing.junit.JUnitTestClassExecutor.execute(JUnitTestClassExecutor.java:58)
	at org.gradle.api.internal.tasks.testing.junit.JUnitTestClassExecutor.execute(JUnitTestClassExecutor.java:40)
	at org.gradle.api.internal.tasks.testing.junit.AbstractJUnitTestClassProcessor.processTestClass(AbstractJUnitTestClassProcessor.java:60)
	at org.gradle.api.internal.tasks.testing.SuiteTestClassProcessor.processTestClass(SuiteTestClassProcessor.java:52)
	at java.base/jdk.internal.reflect.NativeMethodAccessorImpl.invoke0(Native Method)
	at java.base/jdk.internal.reflect.NativeMethodAccessorImpl.invoke(NativeMethodAccessorImpl.java:77)
	at java.base/jdk.internal.reflect.DelegatingMethodAccessorImpl.invoke(DelegatingMethodAccessorImpl.java:43)
	at java.base/java.lang.reflect.Method.invoke(Method.java:568)
	at org.gradle.internal.dispatch.ReflectionDispatch.dispatch(ReflectionDispatch.java:36)
	at org.gradle.internal.dispatch.ReflectionDispatch.dispatch(ReflectionDispatch.java:24)
	at org.gradle.internal.dispatch.ContextClassLoaderDispatch.dispatch(ContextClassLoaderDispatch.java:33)
	at org.gradle.internal.dispatch.ProxyDispatchAdapter$DispatchingInvocationHandler.invoke(ProxyDispatchAdapter.java:94)
	at jdk.proxy1/jdk.proxy1.$Proxy2.processTestClass(Unknown Source)
	at org.gradle.api.internal.tasks.testing.worker.TestWorker$2.run(TestWorker.java:176)
	at org.gradle.api.internal.tasks.testing.worker.TestWorker.executeAndMaintainThreadName(TestWorker.java:129)
	at org.gradle.api.internal.tasks.testing.worker.TestWorker.execute(TestWorker.java:100)
	at org.gradle.api.internal.tasks.testing.worker.TestWorker.execute(TestWorker.java:60)
	at org.gradle.process.internal.worker.child.ActionExecutionWorker.execute(ActionExecutionWorker.java:56)
	at org.gradle.process.internal.worker.child.SystemApplicationClassLoaderWorker.call(SystemApplicationClassLoaderWorker.java:113)
	at org.gradle.process.internal.worker.child.SystemApplicationClassLoaderWorker.call(SystemApplicationClassLoaderWorker.java:65)
	at worker.org.gradle.process.internal.worker.GradleWorkerMain.run(GradleWorkerMain.java:69)
	at worker.org.gradle.process.internal.worker.GradleWorkerMain.main(GradleWorkerMain.java:74)
Caused by: java.nio.channels.ClosedChannelException: null
	at java.base/sun.nio.ch.WindowsAsynchronousFileChannelImpl.implRead(WindowsAsynchronousFileChannelImpl.java:516)
	at java.base/sun.nio.ch.AsynchronousFileChannelImpl.read(AsynchronousFileChannelImpl.java:229)
	at com.github.dockerjava.transport.NamedPipeSocket$AsynchronousFileByteChannel.read(NamedPipeSocket.java:117)
	at java.base/java.nio.channels.Channels$2.read(Channels.java:238)
	... 70 common frames omitted
2024-07-24 14:30:29.998 [Test worker] INFO  tc.postgres:latest - Container postgres:latest started in PT2.2145661S
2024-07-24 14:30:29.998 [Test worker] INFO  tc.postgres:latest - Container is started (JDBC URL: jdbc:postgresql://localhost:51548/db?loggerLevel=OFF)
2024-07-24 14:30:29.999 [Test worker] INFO  org.testcontainers.ext.ScriptUtils - Executing database script from sql/init.sql
2024-07-24 14:30:30.000 [Test worker] DEBUG o.t.s.c.g.d.c.command.AbstrDockerCmd - Cmd: 36b1db985788a4878928f8818de5df75ef015b2e6df2158478dc493c87c7162e,false
2024-07-24 14:30:30.000 [Test worker] DEBUG o.t.s.c.g.d.c.e.InspectContainerCmdExec - GET: DefaultWebTarget{path=[/containers/36b1db985788a4878928f8818de5df75ef015b2e6df2158478dc493c87c7162e/json], queryParams={}}
2024-07-24 14:30:30.000 [Test worker] DEBUG c.g.d.z.s.o.a.h.c.h.i.c.InternalHttpClient - ex-00000094: preparing request execution
2024-07-24 14:30:30.000 [Test worker] DEBUG c.g.d.z.s.o.a.h.c.h.p.RequestAddCookies - Cookie spec selected: strict
2024-07-24 14:30:30.000 [Test worker] DEBUG c.g.d.z.s.o.a.h.c.h.p.RequestAuthCache - Auth cache not set in the context
2024-07-24 14:30:30.000 [Test worker] DEBUG c.g.d.z.s.o.a.h.c.h.i.c.ProtocolExec - ex-00000094: target auth state: UNCHALLENGED
2024-07-24 14:30:30.000 [Test worker] DEBUG c.g.d.z.s.o.a.h.c.h.i.c.ProtocolExec - ex-00000094: proxy auth state: UNCHALLENGED
2024-07-24 14:30:30.000 [Test worker] DEBUG c.g.d.z.s.o.a.h.c.h.i.c.ConnectExec - ex-00000094: acquiring connection with route {}->npipe://localhost:2375
2024-07-24 14:30:30.000 [Test worker] DEBUG c.g.d.z.s.o.a.h.c.h.i.c.InternalHttpClient - ex-00000094: acquiring endpoint (3 MINUTES)
2024-07-24 14:30:30.000 [Test worker] DEBUG c.g.d.z.s.o.a.h.c.h.i.i.PoolingHttpClientConnectionManager - ex-00000094: endpoint lease request (3 MINUTES) [route: {}->npipe://localhost:2375][total available: 0; route allocated: 0 of 2147483647; total allocated: 0 of 2147483647]
2024-07-24 14:30:30.000 [Test worker] DEBUG c.g.d.z.s.o.a.h.c.h.i.i.PoolingHttpClientConnectionManager - ex-00000094: endpoint leased [route: {}->npipe://localhost:2375][total available: 0; route allocated: 1 of 2147483647; total allocated: 1 of 2147483647]
2024-07-24 14:30:30.000 [Test worker] DEBUG c.g.d.z.s.o.a.h.c.h.i.i.PoolingHttpClientConnectionManager - ex-00000094: acquired ep-00000093
2024-07-24 14:30:30.000 [Test worker] DEBUG c.g.d.z.s.o.a.h.c.h.i.c.InternalHttpClient - ex-00000094: acquired endpoint ep-00000093
2024-07-24 14:30:30.000 [Test worker] DEBUG c.g.d.z.s.o.a.h.c.h.i.c.ConnectExec - ex-00000094: opening connection {}->npipe://localhost:2375
2024-07-24 14:30:30.000 [Test worker] DEBUG c.g.d.z.s.o.a.h.c.h.i.c.InternalHttpClient - ep-00000093: connecting endpoint (3 MINUTES)
2024-07-24 14:30:30.000 [Test worker] DEBUG c.g.d.z.s.o.a.h.c.h.i.i.PoolingHttpClientConnectionManager - ep-00000093: connecting endpoint to npipe://localhost:2375 (3 MINUTES)
2024-07-24 14:30:30.000 [Test worker] DEBUG c.g.d.z.s.o.a.h.c.h.i.i.DefaultHttpClientConnectionOperator - http-outgoing-14: connecting to localhost/127.0.0.1:2375
2024-07-24 14:30:30.000 [Test worker] DEBUG c.g.d.z.s.o.a.h.c.h.i.i.DefaultHttpClientConnectionOperator - http-outgoing-14: connection established 
2024-07-24 14:30:30.001 [Test worker] DEBUG c.g.d.z.s.o.a.h.c.h.i.i.PoolingHttpClientConnectionManager - ep-00000093: connected http-outgoing-14
2024-07-24 14:30:30.001 [Test worker] DEBUG c.g.d.z.s.o.a.h.c.h.i.c.InternalHttpClient - ep-00000093: endpoint connected
2024-07-24 14:30:30.001 [Test worker] DEBUG c.g.d.z.s.o.a.h.c.h.i.c.MainClientExec - ex-00000094: executing GET /v1.32/containers/36b1db985788a4878928f8818de5df75ef015b2e6df2158478dc493c87c7162e/json HTTP/1.1
2024-07-24 14:30:30.001 [Test worker] DEBUG c.g.d.z.s.o.a.h.c.h.i.c.InternalHttpClient - ep-00000093: start execution ex-00000094
2024-07-24 14:30:30.001 [Test worker] DEBUG c.g.d.z.s.o.a.h.c.h.i.i.PoolingHttpClientConnectionManager - ep-00000093: executing exchange ex-00000094 over http-outgoing-14
2024-07-24 14:30:30.001 [Test worker] DEBUG c.g.d.z.s.o.a.h.client5.http.headers - http-outgoing-14 >> GET /v1.32/containers/36b1db985788a4878928f8818de5df75ef015b2e6df2158478dc493c87c7162e/json HTTP/1.1
2024-07-24 14:30:30.001 [Test worker] DEBUG c.g.d.z.s.o.a.h.client5.http.headers - http-outgoing-14 >> accept: application/json
2024-07-24 14:30:30.001 [Test worker] DEBUG c.g.d.z.s.o.a.h.client5.http.headers - http-outgoing-14 >> x-tc-sid: 280e6229-7396-4d60-b1e3-a5de48b5d49b
2024-07-24 14:30:30.001 [Test worker] DEBUG c.g.d.z.s.o.a.h.client5.http.headers - http-outgoing-14 >> User-Agent: tc-java/1.19.8
2024-07-24 14:30:30.001 [Test worker] DEBUG c.g.d.z.s.o.a.h.client5.http.headers - http-outgoing-14 >> Accept-Encoding: gzip, x-gzip, deflate
2024-07-24 14:30:30.001 [Test worker] DEBUG c.g.d.z.s.o.a.h.client5.http.headers - http-outgoing-14 >> Host: localhost:2375
2024-07-24 14:30:30.001 [Test worker] DEBUG c.g.d.z.s.o.a.h.client5.http.headers - http-outgoing-14 >> Connection: keep-alive
2024-07-24 14:30:30.001 [Test worker] DEBUG c.g.d.z.s.o.a.hc.client5.http.wire - http-outgoing-14 >> "GET /v1.32/containers/36b1db985788a4878928f8818de5df75ef015b2e6df2158478dc493c87c7162e/json HTTP/1.1[\r][\n]"
2024-07-24 14:30:30.001 [Test worker] DEBUG c.g.d.z.s.o.a.hc.client5.http.wire - http-outgoing-14 >> "accept: application/json[\r][\n]"
2024-07-24 14:30:30.001 [Test worker] DEBUG c.g.d.z.s.o.a.hc.client5.http.wire - http-outgoing-14 >> "x-tc-sid: 280e6229-7396-4d60-b1e3-a5de48b5d49b[\r][\n]"
2024-07-24 14:30:30.001 [Test worker] DEBUG c.g.d.z.s.o.a.hc.client5.http.wire - http-outgoing-14 >> "User-Agent: tc-java/1.19.8[\r][\n]"
2024-07-24 14:30:30.001 [Test worker] DEBUG c.g.d.z.s.o.a.hc.client5.http.wire - http-outgoing-14 >> "Accept-Encoding: gzip, x-gzip, deflate[\r][\n]"
2024-07-24 14:30:30.001 [Test worker] DEBUG c.g.d.z.s.o.a.hc.client5.http.wire - http-outgoing-14 >> "Host: localhost:2375[\r][\n]"
2024-07-24 14:30:30.001 [Test worker] DEBUG c.g.d.z.s.o.a.hc.client5.http.wire - http-outgoing-14 >> "Connection: keep-alive[\r][\n]"
2024-07-24 14:30:30.001 [Test worker] DEBUG c.g.d.z.s.o.a.hc.client5.http.wire - http-outgoing-14 >> "[\r][\n]"
2024-07-24 14:30:30.004 [Test worker] DEBUG c.g.d.z.s.o.a.hc.client5.http.wire - http-outgoing-14 << "HTTP/1.1 200 OK[\r][\n]"
2024-07-24 14:30:30.004 [Test worker] DEBUG c.g.d.z.s.o.a.hc.client5.http.wire - http-outgoing-14 << "Api-Version: 1.45[\r][\n]"
2024-07-24 14:30:30.004 [Test worker] DEBUG c.g.d.z.s.o.a.hc.client5.http.wire - http-outgoing-14 << "Content-Type: application/json[\r][\n]"
2024-07-24 14:30:30.004 [Test worker] DEBUG c.g.d.z.s.o.a.hc.client5.http.wire - http-outgoing-14 << "Date: Wed, 24 Jul 2024 02:30:30 GMT[\r][\n]"
2024-07-24 14:30:30.004 [Test worker] DEBUG c.g.d.z.s.o.a.hc.client5.http.wire - http-outgoing-14 << "Docker-Experimental: false[\r][\n]"
2024-07-24 14:30:30.004 [Test worker] DEBUG c.g.d.z.s.o.a.hc.client5.http.wire - http-outgoing-14 << "Ostype: linux[\r][\n]"
2024-07-24 14:30:30.004 [Test worker] DEBUG c.g.d.z.s.o.a.hc.client5.http.wire - http-outgoing-14 << "Server: Docker/26.0.0 (linux)[\r][\n]"
2024-07-24 14:30:30.004 [Test worker] DEBUG c.g.d.z.s.o.a.hc.client5.http.wire - http-outgoing-14 << "Transfer-Encoding: chunked[\r][\n]"
2024-07-24 14:30:30.004 [Test worker] DEBUG c.g.d.z.s.o.a.hc.client5.http.wire - http-outgoing-14 << "[\r][\n]"
2024-07-24 14:30:30.004 [Test worker] DEBUG c.g.d.z.s.o.a.h.client5.http.headers - http-outgoing-14 << HTTP/1.1 200 OK
2024-07-24 14:30:30.004 [Test worker] DEBUG c.g.d.z.s.o.a.h.client5.http.headers - http-outgoing-14 << Api-Version: 1.45
2024-07-24 14:30:30.004 [Test worker] DEBUG c.g.d.z.s.o.a.h.client5.http.headers - http-outgoing-14 << Content-Type: application/json
2024-07-24 14:30:30.004 [Test worker] DEBUG c.g.d.z.s.o.a.h.client5.http.headers - http-outgoing-14 << Date: Wed, 24 Jul 2024 02:30:30 GMT
2024-07-24 14:30:30.004 [Test worker] DEBUG c.g.d.z.s.o.a.h.client5.http.headers - http-outgoing-14 << Docker-Experimental: false
2024-07-24 14:30:30.004 [Test worker] DEBUG c.g.d.z.s.o.a.h.client5.http.headers - http-outgoing-14 << Ostype: linux
2024-07-24 14:30:30.004 [Test worker] DEBUG c.g.d.z.s.o.a.h.client5.http.headers - http-outgoing-14 << Server: Docker/26.0.0 (linux)
2024-07-24 14:30:30.004 [Test worker] DEBUG c.g.d.z.s.o.a.h.client5.http.headers - http-outgoing-14 << Transfer-Encoding: chunked
2024-07-24 14:30:30.004 [Test worker] DEBUG c.g.d.z.s.o.a.h.c.h.i.c.MainClientExec - ex-00000094: connection can be kept alive for 3 MINUTES
2024-07-24 14:30:30.005 [Test worker] DEBUG c.g.d.z.s.o.a.hc.client5.http.wire - http-outgoing-14 << "1a3a[\r][\n]"
2024-07-24 14:30:30.005 [Test worker] DEBUG c.g.d.z.s.o.a.hc.client5.http.wire - http-outgoing-14 << "{"Id":"36b1db985788a4878928f8818de5df75ef015b2e6df2158478dc493c87c7162e","Created":"2024-07-24T02:30:27.799787762Z","Path":"docker-entrypoint.sh","Args":["postgres","-c","fsync=off"],"State":{"Status":"running","Running":true,"Paused":false,"Restarting":false,"OOMKilled":false,"Dead":false,"Pid":29582,"ExitCode":0,"Error":"","StartedAt":"2024-07-24T02:30:28.34858769Z","FinishedAt":"0001-01-01T00:00:00Z"},"Image":"sha256:8e4fc9e184899a58735e7ee333f5e272d7d2298cf59302006b71f33e217be130","ResolvConfPath":"/var/lib/docker/containers/36b1db985788a4878928f8818de5df75ef015b2e6df2158478dc493c87c7162e/resolv.conf","HostnamePath":"/var/lib/docker/containers/36b1db985788a4878928f8818de5df75ef015b2e6df2158478dc493c87c7162e/hostname","HostsPath":"/var/lib/docker/containers/36b1db985788a4878928f8818de5df75ef015b2e6df2158478dc493c87c7162e/hosts","LogPath":"/var/lib/docker/containers/36b1db985788a4878928f8818de5df75ef015b2e6df2158478dc493c87c7162e/36b1db985788a4878928f8818de5df75ef015b2e6df2158478dc493c87c7162e-json.log","Name":"/flamboyant_jackson","RestartCount":0,"Driver":"overlay2","Platform":"linux","MountLabel":"","ProcessLabel":"","AppArmorProfile":"","ExecIDs":null,"HostConfig":{"Binds":[],"ContainerIDFile":"","LogConfig":{"Type":"json-file","Config":{}},"NetworkMode":"default","PortBindings":{"5432/tcp":[{"HostIp":"0.0.0.0","HostPort":"0"}]},"RestartPolicy":{"Name":"no","MaximumRetryCount":0},"AutoRemove":false,"VolumeDriver":"","VolumesFrom":[],"ConsoleSize":[0,0],"CapAdd":null,"CapDrop":null,"CgroupnsMode":"host","Dns":null,"DnsOptions":null,"DnsSearch":null,"ExtraHosts":[],"GroupAdd":null,"IpcMode":"shareable","Cgroup":"","Links":null,"OomScoreAdj":0,"PidMode":"","Privileged":false,"PublishAllPorts":false,"ReadonlyRootfs":false,"SecurityOpt":null,"UTSMode":"","UsernsMode":"","ShmSize":67108864,"Runtime":"runc","Isolation":"","CpuShares":0,"Memory":0,"NanoCpus":0,"CgroupParent":"","BlkioWeight":0,"BlkioWeightDevice":null,"BlkioDeviceReadBps":null,"BlkioDeviceWriteBps":null,"BlkioDeviceReadIOps":null,"BlkioDeviceWriteIOps":null,"CpuPeriod":0,"CpuQuota":0,"CpuRealtimePeriod":0,"CpuRealtimeRuntime":0,"CpusetCpus":"","CpusetMems":"","Devices":null,"DeviceCgroupRules":null,"DeviceRequests":null,"MemoryReservation":0,"MemorySwap":0,"MemorySwappiness":null,"OomKillDisable":false,"PidsLimit":null,"Ulimits":null,"CpuCount":0,"CpuPercent":0,"IOMaximumIOps":0,"IOMaximumBandwidth":0,"MaskedPaths":["/proc/asound","/proc/acpi","/proc/kcore","/proc/keys","/proc/latency_stats","/proc/timer_list","/proc/timer_stats","/proc/sched_debug","/proc/scsi","/sys/firmware","/sys/devices/virtual/powercap"],"ReadonlyPaths":["/proc/bus","/proc/fs","/proc/irq","/proc/sys","/proc/sysrq-trigger"]},"GraphDriver":{"Data":{"LowerDir":"/var/lib/docker/overlay2/5c60aa41906d4b42a235b4d7c1012f5ae577976ef2573e5b7b7800833057be20-init/diff:/var/lib/docker/overlay2/8f0ddbd386af0785c2e348570516955816ab350305d698d363962d488eeb15ec/diff:/var/lib/docker/overlay2/0eb0ca73e9b0be7c3d7fa8762ef4778a68f38391bc84c037c2e90b88e781b475/diff:/var/lib/docker/overlay2/74e634bddc785c5d436b10a5158cd82e21dc2065fd1cf8ff9c1c12e01575a2d8/diff:/var/lib/docker/overlay2/bb918b2851cd2f508f1e3fdbfff8b7f8b041d61e65fe8c368288bf399e80b818/diff:/var/lib/docker/overlay2/2abab2946cbdc2941ee8ec4024c51dac7313dee9de5fbedd1ca33388c59eb3c8/diff:/var/lib/docker/overlay2/e12f6083ee669bd92743ceb339a896bb25dbe461b718705bb39eb410b80c0ecd/diff:/var/lib/docker/overlay2/ced1e86d670d097da5ed4da7288c22507735918959161c2cd8bf083fb30d169a/diff:/var/lib/docker/overlay2/94e9ac7b74923285ae73af20aeccb964ca9079e2305db367cb85d1603560472d/diff:/var/lib/docker/overlay2/a396b6dfd63f0c228c519871183c614cccf4d366a43460f27ecf97113c3c4be8/diff:/var/lib/docker/overlay2/f58ada5d5080c2bac553c734f81127660a90581a35ed2a92cebe3c59e340875b/diff:/var/lib/docker/overlay2/84f85636f37bf55d945e217b4f87a856eba7932284beaf042561007b66f48977/diff:/var/lib/docker/overlay2/1e6e519613884e91a2b74a588ba35dc8a2f789371ab798ef6e7d9836d756042f/diff:/var/lib/docker/overlay2/14a3151cc8b4f9d27d2e64f1a8abc0c7809309580f2d7e8dc8545055c1d56194/diff:/var/lib/d"
2024-07-24 14:30:30.006 [Test worker] DEBUG c.g.d.z.s.o.a.hc.client5.http.wire - http-outgoing-14 << "ocker/overlay2/5b354b9e793401517fe2f1da697653fdaadffc54888eaf76d67e0600b8c68bdc/diff","MergedDir":"/var/lib/docker/overlay2/5c60aa41906d4b42a235b4d7c1012f5ae577976ef2573e5b7b7800833057be20/merged","UpperDir":"/var/lib/docker/overlay2/5c60aa41906d4b42a235b4d7c1012f5ae577976ef2573e5b7b7800833057be20/diff","WorkDir":"/var/lib/docker/overlay2/5c60aa41906d4b42a235b4d7c1012f5ae577976ef2573e5b7b7800833057be20/work"},"Name":"overlay2"},"Mounts":[{"Type":"volume","Name":"2265a7adf416c5fc410d80dea692f6683701cd6ba92944cb0f55371ffdd0a57c","Source":"/var/lib/docker/volumes/2265a7adf416c5fc410d80dea692f6683701cd6ba92944cb0f55371ffdd0a57c/_data","Destination":"/var/lib/postgresql/data","Driver":"local","Mode":"","RW":true,"Propagation":""}],"Config":{"Hostname":"36b1db985788","Domainname":"","User":"","AttachStdin":false,"AttachStdout":false,"AttachStderr":false,"ExposedPorts":{"5432/tcp":{}},"Tty":false,"OpenStdin":false,"StdinOnce":false,"Env":["POSTGRES_USER=user","POSTGRES_PASSWORD=password","POSTGRES_DB=db","PATH=/usr/local/sbin:/usr/local/bin:/usr/sbin:/usr/bin:/sbin:/bin:/usr/lib/postgresql/16/bin","GOSU_VERSION=1.17","LANG=en_US.utf8","PG_MAJOR=16","PG_VERSION=16.2-1.pgdg120+2","PGDATA=/var/lib/postgresql/data"],"Cmd":["postgres","-c","fsync=off"],"Image":"postgres:latest","Volumes":{"/var/lib/postgresql/data":{}},"WorkingDir":"","Entrypoint":["docker-entrypoint.sh"],"OnBuild":null,"Labels":{"org.testcontainers":"true","org.testcontainers.lang":"java","org.testcontainers.sessionId":"280e6229-7396-4d60-b1e3-a5de48b5d49b","org.testcontainers.version":"1.19.8"},"StopSignal":"SIGINT"},"NetworkSettings":{"Bridge":"","SandboxID":"680c449ebbac8f5b5ca96a1d52becf889fd27d86a60ed68fd11968ac10176051","SandboxKey":"/var/run/docker/netns/680c449ebbac","Ports":{"5432/tcp":[{"HostIp":"0.0.0.0","HostPort":"51548"}]},"HairpinMode":false,"LinkLocalIPv6Address":"","LinkLocalIPv6PrefixLen":0,"SecondaryIPAddresses":null,"SecondaryIPv6Addresses":null,"EndpointID":"1dd2ef06e52f1c21612b2962dca328513aaa599d832cd36dcf05eb3484db61de","Gateway":"172.17.0.1","GlobalIPv6Address":"","GlobalIPv6PrefixLen":0,"IPAddress":"172.17.0.3","IPPrefixLen":16,"IPv6Gateway":"","MacAddress":"02:42:ac:11:00:03","Networks":{"bridge":{"IPAMConfig":null,"Links":null,"Aliases":null,"MacAddress":"02:42:ac:11:00:03","NetworkID":"3c842496be344cbdae878c1dee0957e7bc7c0a2236009c92752030f2b053e72f","EndpointID":"1dd2ef06e52f1c21612b2962dca328513aaa599d832cd36dcf05eb3484db61de","Gateway":"172.17.0.1","IPAddress":"172.17.0.3","IPPrefixLen":16,"IPv6Gateway":"","GlobalIPv6Address":"","GlobalIPv6PrefixLen":0,"DriverOpts":null,"DNSNames":null}}}}[\n]"
2024-07-24 14:30:30.006 [Test worker] DEBUG c.g.d.z.s.o.a.hc.client5.http.wire - http-outgoing-14 << "[\r][\n]"
2024-07-24 14:30:30.006 [Test worker] DEBUG c.g.d.z.s.o.a.hc.client5.http.wire - http-outgoing-14 << "0[\r][\n]"
2024-07-24 14:30:30.006 [Test worker] DEBUG c.g.d.z.s.o.a.hc.client5.http.wire - http-outgoing-14 << "[\r][\n]"
2024-07-24 14:30:30.006 [Test worker] DEBUG c.g.d.z.s.o.a.h.c.h.i.c.InternalHttpClient - ep-00000093: releasing valid endpoint
2024-07-24 14:30:30.006 [Test worker] DEBUG c.g.d.z.s.o.a.h.c.h.i.i.PoolingHttpClientConnectionManager - ep-00000093: releasing endpoint
2024-07-24 14:30:30.006 [Test worker] DEBUG c.g.d.z.s.o.a.h.c.h.i.i.PoolingHttpClientConnectionManager - ep-00000093: connection http-outgoing-14 can be kept alive for 3 MINUTES
2024-07-24 14:30:30.006 [Test worker] DEBUG c.g.d.z.s.o.a.h.c.h.i.i.PoolingHttpClientConnectionManager - ep-00000093: connection released [route: {}->npipe://localhost:2375][total available: 1; route allocated: 1 of 2147483647; total allocated: 1 of 2147483647]
2024-07-24 14:30:30.006 [Test worker] DEBUG tc.postgres:latest - Trying to create JDBC connection using org.postgresql.Driver to jdbc:postgresql://localhost:51548/db?loggerLevel=OFF with properties: {password=password, user=user}
2024-07-24 14:30:30.019 [Test worker] DEBUG o.t.jdbc.JdbcDatabaseDelegate - false returned as updateCount for SQL: drop table if exists WorkedOn
2024-07-24 14:30:30.020 [Test worker] DEBUG o.t.jdbc.JdbcDatabaseDelegate - false returned as updateCount for SQL: drop table if exists SequenceLine
2024-07-24 14:30:30.020 [Test worker] DEBUG o.t.jdbc.JdbcDatabaseDelegate - false returned as updateCount for SQL: drop table if exists WorkOrder
2024-07-24 14:30:30.021 [Test worker] DEBUG o.t.jdbc.JdbcDatabaseDelegate - false returned as updateCount for SQL: drop table if exists SequenceHeader
2024-07-24 14:30:30.021 [Test worker] DEBUG o.t.jdbc.JdbcDatabaseDelegate - false returned as updateCount for SQL: drop table if exists SaleOrderLine
2024-07-24 14:30:30.022 [Test worker] DEBUG o.t.jdbc.JdbcDatabaseDelegate - false returned as updateCount for SQL: drop table if exists SaleOrderHeader
2024-07-24 14:30:30.023 [Test worker] DEBUG o.t.jdbc.JdbcDatabaseDelegate - false returned as updateCount for SQL: drop table if exists Staff
2024-07-24 14:30:30.023 [Test worker] DEBUG o.t.jdbc.JdbcDatabaseDelegate - false returned as updateCount for SQL: drop table if exists WorkStation
2024-07-24 14:30:30.024 [Test worker] DEBUG o.t.jdbc.JdbcDatabaseDelegate - false returned as updateCount for SQL: drop table if exists Part
2024-07-24 14:30:30.024 [Test worker] DEBUG o.t.jdbc.JdbcDatabaseDelegate - false returned as updateCount for SQL: drop table if exists Customer
2024-07-24 14:30:30.028 [Test worker] DEBUG o.t.jdbc.JdbcDatabaseDelegate - false returned as updateCount for SQL: create table Customer ( customerId VarChar(8) PRIMARY Key, name VarChar(100) not null, address VarChar(500) not null )
2024-07-24 14:30:30.029 [Test worker] DEBUG o.t.jdbc.JdbcDatabaseDelegate - false returned as updateCount for SQL: create table Part ( partId VarChar(6) PRIMARY KEY, inventory Int not null, name VarChar(100) not null )
2024-07-24 14:30:30.030 [Test worker] DEBUG o.t.jdbc.JdbcDatabaseDelegate - false returned as updateCount for SQL: create table WorkStation ( name VarChar(50) PRIMARY KEY )
2024-07-24 14:30:30.031 [Test worker] DEBUG o.t.jdbc.JdbcDatabaseDelegate - false returned as updateCount for SQL: create table Staff ( staffID VarChar(6) PRIMARY KEY, name VarChar(100) not null )
2024-07-24 14:30:30.033 [Test worker] DEBUG o.t.jdbc.JdbcDatabaseDelegate - false returned as updateCount for SQL: create table SaleOrderHeader ( soHeaderId VarChar(6) PRIMARY key , customerId VarChar(8) not null references Customer (customerId) )
2024-07-24 14:30:30.034 [Test worker] DEBUG o.t.jdbc.JdbcDatabaseDelegate - false returned as updateCount for SQL: create table SaleOrderLine ( soLineId VarChar(6), soHeaderId VarChar(6) references SaleOrderHeader (soHeaderID), dateDue Date not null, partID VarChar(6) not null references Part(partId), PRIMARY KEY (soLineId,soHeaderId) )
2024-07-24 14:30:30.036 [Test worker] DEBUG o.t.jdbc.JdbcDatabaseDelegate - false returned as updateCount for SQL: create table SequenceHeader ( seqHeaderId VarChar(6) PRIMARY KEY, partId VarChar(6) not null references Part(partId) )
2024-07-24 14:30:30.037 [Test worker] DEBUG o.t.jdbc.JdbcDatabaseDelegate - false returned as updateCount for SQL: create table WorkOrder ( workOrderId VarChar(8) PRIMARY KEY, seqHeaderId VarChar(6) not null REFERENCES SequenceHeader (seqHeaderId), soLineId VarChar(6) not null, soHeaderId VarChar(6) not null, quanity Int not null, FOREIGN KEY (soLineId,soHeaderId) REFERENCES SaleOrderLine (soLineId,soHeaderId) )
2024-07-24 14:30:30.038 [Test worker] DEBUG o.t.jdbc.JdbcDatabaseDelegate - false returned as updateCount for SQL: create table SequenceLine ( seqLineId VarChar(10), seqHeaderId VarChar(6) references SequenceHeader (seqHeaderId), workStation VarChar(50) not null references WorkStation(name), PRIMARY KEY(seqLineId,seqHeaderId) )
2024-07-24 14:30:30.040 [Test worker] DEBUG o.t.jdbc.JdbcDatabaseDelegate - false returned as updateCount for SQL: create table WorkedOn ( staffId VarChar(8) references Staff (staffId), seqHeaderId VarChar(6), seqLineId VarChar(10), workOrderId VarChar(50) references WorkOrder(workOrderId), PRIMARY key (staffId,seqHeaderId,seqLineId,workOrderId), FOREIGN KEY (seqHeaderId,seqLineId) REFERENCES SequenceLine (seqHeaderId,seqLineId) )
2024-07-24 14:30:30.040 [Test worker] INFO  org.testcontainers.ext.ScriptUtils - Executed database script from sql/init.sql in 41 ms.
2024-07-24 14:30:30.059 [Test worker] DEBUG o.t.s.c.g.d.c.command.AbstrDockerCmd - Cmd: 36b1db985788a4878928f8818de5df75ef015b2e6df2158478dc493c87c7162e,false
2024-07-24 14:30:30.059 [Test worker] DEBUG o.t.s.c.g.d.c.e.InspectContainerCmdExec - GET: DefaultWebTarget{path=[/containers/36b1db985788a4878928f8818de5df75ef015b2e6df2158478dc493c87c7162e/json], queryParams={}}
2024-07-24 14:30:30.059 [Test worker] DEBUG c.g.d.z.s.o.a.h.c.h.i.c.InternalHttpClient - ex-00000095: preparing request execution
2024-07-24 14:30:30.059 [Test worker] DEBUG c.g.d.z.s.o.a.h.c.h.p.RequestAddCookies - Cookie spec selected: strict
2024-07-24 14:30:30.059 [Test worker] DEBUG c.g.d.z.s.o.a.h.c.h.p.RequestAuthCache - Auth cache not set in the context
2024-07-24 14:30:30.059 [Test worker] DEBUG c.g.d.z.s.o.a.h.c.h.i.c.ProtocolExec - ex-00000095: target auth state: UNCHALLENGED
2024-07-24 14:30:30.059 [Test worker] DEBUG c.g.d.z.s.o.a.h.c.h.i.c.ProtocolExec - ex-00000095: proxy auth state: UNCHALLENGED
2024-07-24 14:30:30.059 [Test worker] DEBUG c.g.d.z.s.o.a.h.c.h.i.c.ConnectExec - ex-00000095: acquiring connection with route {}->npipe://localhost:2375
2024-07-24 14:30:30.059 [Test worker] DEBUG c.g.d.z.s.o.a.h.c.h.i.c.InternalHttpClient - ex-00000095: acquiring endpoint (3 MINUTES)
2024-07-24 14:30:30.059 [Test worker] DEBUG c.g.d.z.s.o.a.h.c.h.i.i.PoolingHttpClientConnectionManager - ex-00000095: endpoint lease request (3 MINUTES) [route: {}->npipe://localhost:2375][total available: 1; route allocated: 1 of 2147483647; total allocated: 1 of 2147483647]
2024-07-24 14:30:30.059 [Test worker] DEBUG c.g.d.z.s.o.a.h.c.h.i.i.PoolingHttpClientConnectionManager - ex-00000095: endpoint leased [route: {}->npipe://localhost:2375][total available: 0; route allocated: 1 of 2147483647; total allocated: 1 of 2147483647]
2024-07-24 14:30:30.059 [Test worker] DEBUG c.g.d.z.s.o.a.h.c.h.i.i.PoolingHttpClientConnectionManager - ex-00000095: acquired ep-00000094
2024-07-24 14:30:30.059 [Test worker] DEBUG c.g.d.z.s.o.a.h.c.h.i.c.InternalHttpClient - ex-00000095: acquired endpoint ep-00000094
2024-07-24 14:30:30.059 [Test worker] DEBUG c.g.d.z.s.o.a.h.c.h.i.c.MainClientExec - ex-00000095: executing GET /v1.32/containers/36b1db985788a4878928f8818de5df75ef015b2e6df2158478dc493c87c7162e/json HTTP/1.1
2024-07-24 14:30:30.059 [Test worker] DEBUG c.g.d.z.s.o.a.h.c.h.i.c.InternalHttpClient - ep-00000094: start execution ex-00000095
2024-07-24 14:30:30.059 [Test worker] DEBUG c.g.d.z.s.o.a.h.c.h.i.i.PoolingHttpClientConnectionManager - ep-00000094: executing exchange ex-00000095 over http-outgoing-14
2024-07-24 14:30:30.059 [Test worker] DEBUG c.g.d.z.s.o.a.h.client5.http.headers - http-outgoing-14 >> GET /v1.32/containers/36b1db985788a4878928f8818de5df75ef015b2e6df2158478dc493c87c7162e/json HTTP/1.1
2024-07-24 14:30:30.059 [Test worker] DEBUG c.g.d.z.s.o.a.h.client5.http.headers - http-outgoing-14 >> accept: application/json
2024-07-24 14:30:30.059 [Test worker] DEBUG c.g.d.z.s.o.a.h.client5.http.headers - http-outgoing-14 >> x-tc-sid: 280e6229-7396-4d60-b1e3-a5de48b5d49b
2024-07-24 14:30:30.059 [Test worker] DEBUG c.g.d.z.s.o.a.h.client5.http.headers - http-outgoing-14 >> User-Agent: tc-java/1.19.8
2024-07-24 14:30:30.059 [Test worker] DEBUG c.g.d.z.s.o.a.h.client5.http.headers - http-outgoing-14 >> Accept-Encoding: gzip, x-gzip, deflate
2024-07-24 14:30:30.059 [Test worker] DEBUG c.g.d.z.s.o.a.h.client5.http.headers - http-outgoing-14 >> Host: localhost:2375
2024-07-24 14:30:30.059 [Test worker] DEBUG c.g.d.z.s.o.a.h.client5.http.headers - http-outgoing-14 >> Connection: keep-alive
2024-07-24 14:30:30.059 [Test worker] DEBUG c.g.d.z.s.o.a.hc.client5.http.wire - http-outgoing-14 >> "GET /v1.32/containers/36b1db985788a4878928f8818de5df75ef015b2e6df2158478dc493c87c7162e/json HTTP/1.1[\r][\n]"
2024-07-24 14:30:30.059 [Test worker] DEBUG c.g.d.z.s.o.a.hc.client5.http.wire - http-outgoing-14 >> "accept: application/json[\r][\n]"
2024-07-24 14:30:30.059 [Test worker] DEBUG c.g.d.z.s.o.a.hc.client5.http.wire - http-outgoing-14 >> "x-tc-sid: 280e6229-7396-4d60-b1e3-a5de48b5d49b[\r][\n]"
2024-07-24 14:30:30.059 [Test worker] DEBUG c.g.d.z.s.o.a.hc.client5.http.wire - http-outgoing-14 >> "User-Agent: tc-java/1.19.8[\r][\n]"
2024-07-24 14:30:30.059 [Test worker] DEBUG c.g.d.z.s.o.a.hc.client5.http.wire - http-outgoing-14 >> "Accept-Encoding: gzip, x-gzip, deflate[\r][\n]"
2024-07-24 14:30:30.059 [Test worker] DEBUG c.g.d.z.s.o.a.hc.client5.http.wire - http-outgoing-14 >> "Host: localhost:2375[\r][\n]"
2024-07-24 14:30:30.059 [Test worker] DEBUG c.g.d.z.s.o.a.hc.client5.http.wire - http-outgoing-14 >> "Connection: keep-alive[\r][\n]"
2024-07-24 14:30:30.059 [Test worker] DEBUG c.g.d.z.s.o.a.hc.client5.http.wire - http-outgoing-14 >> "[\r][\n]"
2024-07-24 14:30:30.063 [Test worker] DEBUG c.g.d.z.s.o.a.hc.client5.http.wire - http-outgoing-14 << "HTTP/1.1 200 OK[\r][\n]"
2024-07-24 14:30:30.063 [Test worker] DEBUG c.g.d.z.s.o.a.hc.client5.http.wire - http-outgoing-14 << "Api-Version: 1.45[\r][\n]"
2024-07-24 14:30:30.063 [Test worker] DEBUG c.g.d.z.s.o.a.hc.client5.http.wire - http-outgoing-14 << "Content-Type: application/json[\r][\n]"
2024-07-24 14:30:30.063 [Test worker] DEBUG c.g.d.z.s.o.a.hc.client5.http.wire - http-outgoing-14 << "Date: Wed, 24 Jul 2024 02:30:30 GMT[\r][\n]"
2024-07-24 14:30:30.063 [Test worker] DEBUG c.g.d.z.s.o.a.hc.client5.http.wire - http-outgoing-14 << "Docker-Experimental: false[\r][\n]"
2024-07-24 14:30:30.063 [Test worker] DEBUG c.g.d.z.s.o.a.hc.client5.http.wire - http-outgoing-14 << "Ostype: linux[\r][\n]"
2024-07-24 14:30:30.063 [Test worker] DEBUG c.g.d.z.s.o.a.hc.client5.http.wire - http-outgoing-14 << "Server: Docker/26.0.0 (linux)[\r][\n]"
2024-07-24 14:30:30.063 [Test worker] DEBUG c.g.d.z.s.o.a.hc.client5.http.wire - http-outgoing-14 << "Transfer-Encoding: chunked[\r][\n]"
2024-07-24 14:30:30.063 [Test worker] DEBUG c.g.d.z.s.o.a.hc.client5.http.wire - http-outgoing-14 << "[\r][\n]"
2024-07-24 14:30:30.063 [Test worker] DEBUG c.g.d.z.s.o.a.h.client5.http.headers - http-outgoing-14 << HTTP/1.1 200 OK
2024-07-24 14:30:30.063 [Test worker] DEBUG c.g.d.z.s.o.a.h.client5.http.headers - http-outgoing-14 << Api-Version: 1.45
2024-07-24 14:30:30.063 [Test worker] DEBUG c.g.d.z.s.o.a.h.client5.http.headers - http-outgoing-14 << Content-Type: application/json
2024-07-24 14:30:30.063 [Test worker] DEBUG c.g.d.z.s.o.a.h.client5.http.headers - http-outgoing-14 << Date: Wed, 24 Jul 2024 02:30:30 GMT
2024-07-24 14:30:30.063 [Test worker] DEBUG c.g.d.z.s.o.a.h.client5.http.headers - http-outgoing-14 << Docker-Experimental: false
2024-07-24 14:30:30.063 [Test worker] DEBUG c.g.d.z.s.o.a.h.client5.http.headers - http-outgoing-14 << Ostype: linux
2024-07-24 14:30:30.063 [Test worker] DEBUG c.g.d.z.s.o.a.h.client5.http.headers - http-outgoing-14 << Server: Docker/26.0.0 (linux)
2024-07-24 14:30:30.063 [Test worker] DEBUG c.g.d.z.s.o.a.h.client5.http.headers - http-outgoing-14 << Transfer-Encoding: chunked
2024-07-24 14:30:30.063 [Test worker] DEBUG c.g.d.z.s.o.a.h.c.h.i.c.MainClientExec - ex-00000095: connection can be kept alive for 3 MINUTES
2024-07-24 14:30:30.065 [Test worker] DEBUG c.g.d.z.s.o.a.hc.client5.http.wire - http-outgoing-14 << "1a3a[\r][\n]"
2024-07-24 14:30:30.065 [Test worker] DEBUG c.g.d.z.s.o.a.hc.client5.http.wire - http-outgoing-14 << "{"Id":"36b1db985788a4878928f8818de5df75ef015b2e6df2158478dc493c87c7162e","Created":"2024-07-24T02:30:27.799787762Z","Path":"docker-entrypoint.sh","Args":["postgres","-c","fsync=off"],"State":{"Status":"running","Running":true,"Paused":false,"Restarting":false,"OOMKilled":false,"Dead":false,"Pid":29582,"ExitCode":0,"Error":"","StartedAt":"2024-07-24T02:30:28.34858769Z","FinishedAt":"0001-01-01T00:00:00Z"},"Image":"sha256:8e4fc9e184899a58735e7ee333f5e272d7d2298cf59302006b71f33e217be130","ResolvConfPath":"/var/lib/docker/containers/36b1db985788a4878928f8818de5df75ef015b2e6df2158478dc493c87c7162e/resolv.conf","HostnamePath":"/var/lib/docker/containers/36b1db985788a4878928f8818de5df75ef015b2e6df2158478dc493c87c7162e/hostname","HostsPath":"/var/lib/docker/containers/36b1db985788a4878928f8818de5df75ef015b2e6df2158478dc493c87c7162e/hosts","LogPath":"/var/lib/docker/containers/36b1db985788a4878928f8818de5df75ef015b2e6df2158478dc493c87c7162e/36b1db985788a4878928f8818de5df75ef015b2e6df2158478dc493c87c7162e-json.log","Name":"/flamboyant_jackson","RestartCount":0,"Driver":"overlay2","Platform":"linux","MountLabel":"","ProcessLabel":"","AppArmorProfile":"","ExecIDs":null,"HostConfig":{"Binds":[],"ContainerIDFile":"","LogConfig":{"Type":"json-file","Config":{}},"NetworkMode":"default","PortBindings":{"5432/tcp":[{"HostIp":"0.0.0.0","HostPort":"0"}]},"RestartPolicy":{"Name":"no","MaximumRetryCount":0},"AutoRemove":false,"VolumeDriver":"","VolumesFrom":[],"ConsoleSize":[0,0],"CapAdd":null,"CapDrop":null,"CgroupnsMode":"host","Dns":null,"DnsOptions":null,"DnsSearch":null,"ExtraHosts":[],"GroupAdd":null,"IpcMode":"shareable","Cgroup":"","Links":null,"OomScoreAdj":0,"PidMode":"","Privileged":false,"PublishAllPorts":false,"ReadonlyRootfs":false,"SecurityOpt":null,"UTSMode":"","UsernsMode":"","ShmSize":67108864,"Runtime":"runc","Isolation":"","CpuShares":0,"Memory":0,"NanoCpus":0,"CgroupParent":"","BlkioWeight":0,"BlkioWeightDevice":null,"BlkioDeviceReadBps":null,"BlkioDeviceWriteBps":null,"BlkioDeviceReadIOps":null,"BlkioDeviceWriteIOps":null,"CpuPeriod":0,"CpuQuota":0,"CpuRealtimePeriod":0,"CpuRealtimeRuntime":0,"CpusetCpus":"","CpusetMems":"","Devices":null,"DeviceCgroupRules":null,"DeviceRequests":null,"MemoryReservation":0,"MemorySwap":0,"MemorySwappiness":null,"OomKillDisable":false,"PidsLimit":null,"Ulimits":null,"CpuCount":0,"CpuPercent":0,"IOMaximumIOps":0,"IOMaximumBandwidth":0,"MaskedPaths":["/proc/asound","/proc/acpi","/proc/kcore","/proc/keys","/proc/latency_stats","/proc/timer_list","/proc/timer_stats","/proc/sched_debug","/proc/scsi","/sys/firmware","/sys/devices/virtual/powercap"],"ReadonlyPaths":["/proc/bus","/proc/fs","/proc/irq","/proc/sys","/proc/sysrq-trigger"]},"GraphDriver":{"Data":{"LowerDir":"/var/lib/docker/overlay2/5c60aa41906d4b42a235b4d7c1012f5ae577976ef2573e5b7b7800833057be20-init/diff:/var/lib/docker/overlay2/8f0ddbd386af0785c2e348570516955816ab350305d698d363962d488eeb15ec/diff:/var/lib/docker/overlay2/0eb0ca73e9b0be7c3d7fa8762ef4778a68f38391bc84c037c2e90b88e781b475/diff:/var/lib/docker/overlay2/74e634bddc785c5d436b10a5158cd82e21dc2065fd1cf8ff9c1c12e01575a2d8/diff:/var/lib/docker/overlay2/bb918b2851cd2f508f1e3fdbfff8b7f8b041d61e65fe8c368288bf399e80b818/diff:/var/lib/docker/overlay2/2abab2946cbdc2941ee8ec4024c51dac7313dee9de5fbedd1ca33388c59eb3c8/diff:/var/lib/docker/overlay2/e12f6083ee669bd92743ceb339a896bb25dbe461b718705bb39eb410b80c0ecd/diff:/var/lib/docker/overlay2/ced1e86d670d097da5ed4da7288c22507735918959161c2cd8bf083fb30d169a/diff:/var/lib/docker/overlay2/94e9ac7b74923285ae73af20aeccb964ca9079e2305db367cb85d1603560472d/diff:/var/lib/docker/overlay2/a396b6dfd63f0c228c519871183c614cccf4d366a43460f27ecf97113c3c4be8/diff:/var/lib/docker/overlay2/f58ada5d5080c2bac553c734f81127660a90581a35ed2a92cebe3c59e340875b/diff:/var/lib/docker/overlay2/84f85636f37bf55d945e217b4f87a856eba7932284beaf042561007b66f48977/diff:/var/lib/docker/overlay2/1e6e519613884e91a2b74a588ba35dc8a2f789371ab798ef6e7d9836d756042f/diff:/var/lib/docker/overlay2/14a3151cc8b4f9d27d2e64f1a8abc0c7809309580f2d7e8dc8545055c1d56194/diff:/var/lib/d"
2024-07-24 14:30:30.065 [Test worker] DEBUG c.g.d.z.s.o.a.hc.client5.http.wire - http-outgoing-14 << "ocker/overlay2/5b354b9e793401517fe2f1da697653fdaadffc54888eaf76d67e0600b8c68bdc/diff","MergedDir":"/var/lib/docker/overlay2/5c60aa41906d4b42a235b4d7c1012f5ae577976ef2573e5b7b7800833057be20/merged","UpperDir":"/var/lib/docker/overlay2/5c60aa41906d4b42a235b4d7c1012f5ae577976ef2573e5b7b7800833057be20/diff","WorkDir":"/var/lib/docker/overlay2/5c60aa41906d4b42a235b4d7c1012f5ae577976ef2573e5b7b7800833057be20/work"},"Name":"overlay2"},"Mounts":[{"Type":"volume","Name":"2265a7adf416c5fc410d80dea692f6683701cd6ba92944cb0f55371ffdd0a57c","Source":"/var/lib/docker/volumes/2265a7adf416c5fc410d80dea692f6683701cd6ba92944cb0f55371ffdd0a57c/_data","Destination":"/var/lib/postgresql/data","Driver":"local","Mode":"","RW":true,"Propagation":""}],"Config":{"Hostname":"36b1db985788","Domainname":"","User":"","AttachStdin":false,"AttachStdout":false,"AttachStderr":false,"ExposedPorts":{"5432/tcp":{}},"Tty":false,"OpenStdin":false,"StdinOnce":false,"Env":["POSTGRES_USER=user","POSTGRES_PASSWORD=password","POSTGRES_DB=db","PATH=/usr/local/sbin:/usr/local/bin:/usr/sbin:/usr/bin:/sbin:/bin:/usr/lib/postgresql/16/bin","GOSU_VERSION=1.17","LANG=en_US.utf8","PG_MAJOR=16","PG_VERSION=16.2-1.pgdg120+2","PGDATA=/var/lib/postgresql/data"],"Cmd":["postgres","-c","fsync=off"],"Image":"postgres:latest","Volumes":{"/var/lib/postgresql/data":{}},"WorkingDir":"","Entrypoint":["docker-entrypoint.sh"],"OnBuild":null,"Labels":{"org.testcontainers":"true","org.testcontainers.lang":"java","org.testcontainers.sessionId":"280e6229-7396-4d60-b1e3-a5de48b5d49b","org.testcontainers.version":"1.19.8"},"StopSignal":"SIGINT"},"NetworkSettings":{"Bridge":"","SandboxID":"680c449ebbac8f5b5ca96a1d52becf889fd27d86a60ed68fd11968ac10176051","SandboxKey":"/var/run/docker/netns/680c449ebbac","Ports":{"5432/tcp":[{"HostIp":"0.0.0.0","HostPort":"51548"}]},"HairpinMode":false,"LinkLocalIPv6Address":"","LinkLocalIPv6PrefixLen":0,"SecondaryIPAddresses":null,"SecondaryIPv6Addresses":null,"EndpointID":"1dd2ef06e52f1c21612b2962dca328513aaa599d832cd36dcf05eb3484db61de","Gateway":"172.17.0.1","GlobalIPv6Address":"","GlobalIPv6PrefixLen":0,"IPAddress":"172.17.0.3","IPPrefixLen":16,"IPv6Gateway":"","MacAddress":"02:42:ac:11:00:03","Networks":{"bridge":{"IPAMConfig":null,"Links":null,"Aliases":null,"MacAddress":"02:42:ac:11:00:03","NetworkID":"3c842496be344cbdae878c1dee0957e7bc7c0a2236009c92752030f2b053e72f","EndpointID":"1dd2ef06e52f1c21612b2962dca328513aaa599d832cd36dcf05eb3484db61de","Gateway":"172.17.0.1","IPAddress":"172.17.0.3","IPPrefixLen":16,"IPv6Gateway":"","GlobalIPv6Address":"","GlobalIPv6PrefixLen":0,"DriverOpts":null,"DNSNames":null}}}}[\n]"
2024-07-24 14:30:30.066 [Test worker] DEBUG c.g.d.z.s.o.a.hc.client5.http.wire - http-outgoing-14 << "[\r][\n]"
2024-07-24 14:30:30.066 [Test worker] DEBUG c.g.d.z.s.o.a.hc.client5.http.wire - http-outgoing-14 << "0[\r][\n]"
2024-07-24 14:30:30.066 [Test worker] DEBUG c.g.d.z.s.o.a.hc.client5.http.wire - http-outgoing-14 << "[\r][\n]"
2024-07-24 14:30:30.066 [Test worker] DEBUG c.g.d.z.s.o.a.h.c.h.i.c.InternalHttpClient - ep-00000094: releasing valid endpoint
2024-07-24 14:30:30.066 [Test worker] DEBUG c.g.d.z.s.o.a.h.c.h.i.i.PoolingHttpClientConnectionManager - ep-00000094: releasing endpoint
2024-07-24 14:30:30.066 [Test worker] DEBUG c.g.d.z.s.o.a.h.c.h.i.i.PoolingHttpClientConnectionManager - ep-00000094: connection http-outgoing-14 can be kept alive for 3 MINUTES
2024-07-24 14:30:30.066 [Test worker] DEBUG c.g.d.z.s.o.a.h.c.h.i.i.PoolingHttpClientConnectionManager - ep-00000094: connection released [route: {}->npipe://localhost:2375][total available: 1; route allocated: 1 of 2147483647; total allocated: 1 of 2147483647]
2024-07-24 14:30:30.066 [Test worker] TRACE o.t.utility.ResourceReaper - Stopping container: 36b1db985788a4878928f8818de5df75ef015b2e6df2158478dc493c87c7162e
2024-07-24 14:30:30.066 [Test worker] DEBUG o.t.s.c.g.d.c.command.AbstrDockerCmd - Cmd: 36b1db985788a4878928f8818de5df75ef015b2e6df2158478dc493c87c7162e,<null>
2024-07-24 14:30:30.066 [Test worker] TRACE o.t.s.c.g.d.c.e.KillContainerCmdExec - POST: DefaultWebTarget{path=[/containers/36b1db985788a4878928f8818de5df75ef015b2e6df2158478dc493c87c7162e/kill], queryParams={}}
2024-07-24 14:30:30.066 [Test worker] DEBUG c.g.d.z.s.o.a.h.c.h.i.c.InternalHttpClient - ex-00000096: preparing request execution
2024-07-24 14:30:30.066 [Test worker] DEBUG c.g.d.z.s.o.a.h.c.h.p.RequestAddCookies - Cookie spec selected: strict
2024-07-24 14:30:30.066 [Test worker] DEBUG c.g.d.z.s.o.a.h.c.h.p.RequestAuthCache - Auth cache not set in the context
2024-07-24 14:30:30.066 [Test worker] DEBUG c.g.d.z.s.o.a.h.c.h.i.c.ProtocolExec - ex-00000096: target auth state: UNCHALLENGED
2024-07-24 14:30:30.066 [Test worker] DEBUG c.g.d.z.s.o.a.h.c.h.i.c.ProtocolExec - ex-00000096: proxy auth state: UNCHALLENGED
2024-07-24 14:30:30.066 [Test worker] DEBUG c.g.d.z.s.o.a.h.c.h.i.c.ConnectExec - ex-00000096: acquiring connection with route {}->npipe://localhost:2375
2024-07-24 14:30:30.066 [Test worker] DEBUG c.g.d.z.s.o.a.h.c.h.i.c.InternalHttpClient - ex-00000096: acquiring endpoint (3 MINUTES)
2024-07-24 14:30:30.066 [Test worker] DEBUG c.g.d.z.s.o.a.h.c.h.i.i.PoolingHttpClientConnectionManager - ex-00000096: endpoint lease request (3 MINUTES) [route: {}->npipe://localhost:2375][total available: 1; route allocated: 1 of 2147483647; total allocated: 1 of 2147483647]
2024-07-24 14:30:30.066 [Test worker] DEBUG c.g.d.z.s.o.a.h.c.h.i.i.PoolingHttpClientConnectionManager - ex-00000096: endpoint leased [route: {}->npipe://localhost:2375][total available: 0; route allocated: 1 of 2147483647; total allocated: 1 of 2147483647]
2024-07-24 14:30:30.066 [Test worker] DEBUG c.g.d.z.s.o.a.h.c.h.i.i.PoolingHttpClientConnectionManager - ex-00000096: acquired ep-00000095
2024-07-24 14:30:30.066 [Test worker] DEBUG c.g.d.z.s.o.a.h.c.h.i.c.InternalHttpClient - ex-00000096: acquired endpoint ep-00000095
2024-07-24 14:30:30.066 [Test worker] DEBUG c.g.d.z.s.o.a.h.c.h.i.c.MainClientExec - ex-00000096: executing POST /v1.32/containers/36b1db985788a4878928f8818de5df75ef015b2e6df2158478dc493c87c7162e/kill HTTP/1.1
2024-07-24 14:30:30.066 [Test worker] DEBUG c.g.d.z.s.o.a.h.c.h.i.c.InternalHttpClient - ep-00000095: start execution ex-00000096
2024-07-24 14:30:30.066 [Test worker] DEBUG c.g.d.z.s.o.a.h.c.h.i.i.PoolingHttpClientConnectionManager - ep-00000095: executing exchange ex-00000096 over http-outgoing-14
2024-07-24 14:30:30.067 [Test worker] DEBUG c.g.d.z.s.o.a.h.client5.http.headers - http-outgoing-14 >> POST /v1.32/containers/36b1db985788a4878928f8818de5df75ef015b2e6df2158478dc493c87c7162e/kill HTTP/1.1
2024-07-24 14:30:30.067 [Test worker] DEBUG c.g.d.z.s.o.a.h.client5.http.headers - http-outgoing-14 >> accept: application/json
2024-07-24 14:30:30.067 [Test worker] DEBUG c.g.d.z.s.o.a.h.client5.http.headers - http-outgoing-14 >> content-type: application/json
2024-07-24 14:30:30.067 [Test worker] DEBUG c.g.d.z.s.o.a.h.client5.http.headers - http-outgoing-14 >> x-tc-sid: 280e6229-7396-4d60-b1e3-a5de48b5d49b
2024-07-24 14:30:30.067 [Test worker] DEBUG c.g.d.z.s.o.a.h.client5.http.headers - http-outgoing-14 >> User-Agent: tc-java/1.19.8
2024-07-24 14:30:30.067 [Test worker] DEBUG c.g.d.z.s.o.a.h.client5.http.headers - http-outgoing-14 >> Accept-Encoding: gzip, x-gzip, deflate
2024-07-24 14:30:30.067 [Test worker] DEBUG c.g.d.z.s.o.a.h.client5.http.headers - http-outgoing-14 >> Host: localhost:2375
2024-07-24 14:30:30.067 [Test worker] DEBUG c.g.d.z.s.o.a.h.client5.http.headers - http-outgoing-14 >> Connection: keep-alive
2024-07-24 14:30:30.067 [Test worker] DEBUG c.g.d.z.s.o.a.hc.client5.http.wire - http-outgoing-14 >> "POST /v1.32/containers/36b1db985788a4878928f8818de5df75ef015b2e6df2158478dc493c87c7162e/kill HTTP/1.1[\r][\n]"
2024-07-24 14:30:30.067 [Test worker] DEBUG c.g.d.z.s.o.a.hc.client5.http.wire - http-outgoing-14 >> "accept: application/json[\r][\n]"
2024-07-24 14:30:30.067 [Test worker] DEBUG c.g.d.z.s.o.a.hc.client5.http.wire - http-outgoing-14 >> "content-type: application/json[\r][\n]"
2024-07-24 14:30:30.067 [Test worker] DEBUG c.g.d.z.s.o.a.hc.client5.http.wire - http-outgoing-14 >> "x-tc-sid: 280e6229-7396-4d60-b1e3-a5de48b5d49b[\r][\n]"
2024-07-24 14:30:30.067 [Test worker] DEBUG c.g.d.z.s.o.a.hc.client5.http.wire - http-outgoing-14 >> "User-Agent: tc-java/1.19.8[\r][\n]"
2024-07-24 14:30:30.067 [Test worker] DEBUG c.g.d.z.s.o.a.hc.client5.http.wire - http-outgoing-14 >> "Accept-Encoding: gzip, x-gzip, deflate[\r][\n]"
2024-07-24 14:30:30.067 [Test worker] DEBUG c.g.d.z.s.o.a.hc.client5.http.wire - http-outgoing-14 >> "Host: localhost:2375[\r][\n]"
2024-07-24 14:30:30.067 [Test worker] DEBUG c.g.d.z.s.o.a.hc.client5.http.wire - http-outgoing-14 >> "Connection: keep-alive[\r][\n]"
2024-07-24 14:30:30.067 [Test worker] DEBUG c.g.d.z.s.o.a.hc.client5.http.wire - http-outgoing-14 >> "[\r][\n]"
2024-07-24 14:30:30.658 [Test worker] DEBUG c.g.d.z.s.o.a.hc.client5.http.wire - http-outgoing-14 << "HTTP/1.1 204 No Content[\r][\n]"
2024-07-24 14:30:30.658 [Test worker] DEBUG c.g.d.z.s.o.a.hc.client5.http.wire - http-outgoing-14 << "Api-Version: 1.45[\r][\n]"
2024-07-24 14:30:30.658 [Test worker] DEBUG c.g.d.z.s.o.a.hc.client5.http.wire - http-outgoing-14 << "Date: Wed, 24 Jul 2024 02:30:30 GMT[\r][\n]"
2024-07-24 14:30:30.658 [Test worker] DEBUG c.g.d.z.s.o.a.hc.client5.http.wire - http-outgoing-14 << "Docker-Experimental: false[\r][\n]"
2024-07-24 14:30:30.658 [Test worker] DEBUG c.g.d.z.s.o.a.hc.client5.http.wire - http-outgoing-14 << "Ostype: linux[\r][\n]"
2024-07-24 14:30:30.658 [Test worker] DEBUG c.g.d.z.s.o.a.hc.client5.http.wire - http-outgoing-14 << "Server: Docker/26.0.0 (linux)[\r][\n]"
2024-07-24 14:30:30.658 [Test worker] DEBUG c.g.d.z.s.o.a.hc.client5.http.wire - http-outgoing-14 << "[\r][\n]"
2024-07-24 14:30:30.658 [Test worker] DEBUG c.g.d.z.s.o.a.h.client5.http.headers - http-outgoing-14 << HTTP/1.1 204 No Content
2024-07-24 14:30:30.658 [Test worker] DEBUG c.g.d.z.s.o.a.h.client5.http.headers - http-outgoing-14 << Api-Version: 1.45
2024-07-24 14:30:30.658 [Test worker] DEBUG c.g.d.z.s.o.a.h.client5.http.headers - http-outgoing-14 << Date: Wed, 24 Jul 2024 02:30:30 GMT
2024-07-24 14:30:30.658 [Test worker] DEBUG c.g.d.z.s.o.a.h.client5.http.headers - http-outgoing-14 << Docker-Experimental: false
2024-07-24 14:30:30.658 [Test worker] DEBUG c.g.d.z.s.o.a.h.client5.http.headers - http-outgoing-14 << Ostype: linux
2024-07-24 14:30:30.658 [Test worker] DEBUG c.g.d.z.s.o.a.h.client5.http.headers - http-outgoing-14 << Server: Docker/26.0.0 (linux)
2024-07-24 14:30:30.658 [Test worker] DEBUG c.g.d.z.s.o.a.h.c.h.i.c.MainClientExec - ex-00000096: connection can be kept alive for 3 MINUTES
2024-07-24 14:30:30.658 [Test worker] DEBUG c.g.d.z.s.o.a.h.c.h.i.c.InternalHttpClient - ep-00000095: releasing valid endpoint
2024-07-24 14:30:30.658 [Test worker] DEBUG c.g.d.z.s.o.a.h.c.h.i.i.PoolingHttpClientConnectionManager - ep-00000095: releasing endpoint
2024-07-24 14:30:30.658 [Test worker] DEBUG c.g.d.z.s.o.a.h.c.h.i.i.PoolingHttpClientConnectionManager - ep-00000095: connection http-outgoing-14 can be kept alive for 3 MINUTES
2024-07-24 14:30:30.658 [Test worker] DEBUG c.g.d.z.s.o.a.h.c.h.i.i.PoolingHttpClientConnectionManager - ep-00000095: connection released [route: {}->npipe://localhost:2375][total available: 1; route allocated: 1 of 2147483647; total allocated: 1 of 2147483647]
2024-07-24 14:30:30.658 [Test worker] TRACE o.t.utility.ResourceReaper - Stopped container: postgres:latest
2024-07-24 14:30:30.658 [Test worker] DEBUG o.t.s.c.g.d.c.command.AbstrDockerCmd - Cmd: 36b1db985788a4878928f8818de5df75ef015b2e6df2158478dc493c87c7162e,false
2024-07-24 14:30:30.659 [Test worker] DEBUG o.t.s.c.g.d.c.e.InspectContainerCmdExec - GET: DefaultWebTarget{path=[/containers/36b1db985788a4878928f8818de5df75ef015b2e6df2158478dc493c87c7162e/json], queryParams={}}
2024-07-24 14:30:30.659 [Test worker] DEBUG c.g.d.z.s.o.a.h.c.h.i.c.InternalHttpClient - ex-00000097: preparing request execution
2024-07-24 14:30:30.659 [Test worker] DEBUG c.g.d.z.s.o.a.h.c.h.p.RequestAddCookies - Cookie spec selected: strict
2024-07-24 14:30:30.659 [Test worker] DEBUG c.g.d.z.s.o.a.h.c.h.p.RequestAuthCache - Auth cache not set in the context
2024-07-24 14:30:30.659 [Test worker] DEBUG c.g.d.z.s.o.a.h.c.h.i.c.ProtocolExec - ex-00000097: target auth state: UNCHALLENGED
2024-07-24 14:30:30.659 [Test worker] DEBUG c.g.d.z.s.o.a.h.c.h.i.c.ProtocolExec - ex-00000097: proxy auth state: UNCHALLENGED
2024-07-24 14:30:30.659 [Test worker] DEBUG c.g.d.z.s.o.a.h.c.h.i.c.ConnectExec - ex-00000097: acquiring connection with route {}->npipe://localhost:2375
2024-07-24 14:30:30.659 [Test worker] DEBUG c.g.d.z.s.o.a.h.c.h.i.c.InternalHttpClient - ex-00000097: acquiring endpoint (3 MINUTES)
2024-07-24 14:30:30.659 [Test worker] DEBUG c.g.d.z.s.o.a.h.c.h.i.i.PoolingHttpClientConnectionManager - ex-00000097: endpoint lease request (3 MINUTES) [route: {}->npipe://localhost:2375][total available: 1; route allocated: 1 of 2147483647; total allocated: 1 of 2147483647]
2024-07-24 14:30:30.659 [Test worker] DEBUG c.g.d.z.s.o.a.h.c.h.i.i.PoolingHttpClientConnectionManager - ex-00000097: endpoint leased [route: {}->npipe://localhost:2375][total available: 0; route allocated: 1 of 2147483647; total allocated: 1 of 2147483647]
2024-07-24 14:30:30.659 [Test worker] DEBUG c.g.d.z.s.o.a.h.c.h.i.i.PoolingHttpClientConnectionManager - ex-00000097: acquired ep-00000096
2024-07-24 14:30:30.659 [Test worker] DEBUG c.g.d.z.s.o.a.h.c.h.i.c.InternalHttpClient - ex-00000097: acquired endpoint ep-00000096
2024-07-24 14:30:30.659 [Test worker] DEBUG c.g.d.z.s.o.a.h.c.h.i.c.MainClientExec - ex-00000097: executing GET /v1.32/containers/36b1db985788a4878928f8818de5df75ef015b2e6df2158478dc493c87c7162e/json HTTP/1.1
2024-07-24 14:30:30.659 [Test worker] DEBUG c.g.d.z.s.o.a.h.c.h.i.c.InternalHttpClient - ep-00000096: start execution ex-00000097
2024-07-24 14:30:30.659 [Test worker] DEBUG c.g.d.z.s.o.a.h.c.h.i.i.PoolingHttpClientConnectionManager - ep-00000096: executing exchange ex-00000097 over http-outgoing-14
2024-07-24 14:30:30.659 [Test worker] DEBUG c.g.d.z.s.o.a.h.client5.http.headers - http-outgoing-14 >> GET /v1.32/containers/36b1db985788a4878928f8818de5df75ef015b2e6df2158478dc493c87c7162e/json HTTP/1.1
2024-07-24 14:30:30.659 [Test worker] DEBUG c.g.d.z.s.o.a.h.client5.http.headers - http-outgoing-14 >> accept: application/json
2024-07-24 14:30:30.659 [Test worker] DEBUG c.g.d.z.s.o.a.h.client5.http.headers - http-outgoing-14 >> x-tc-sid: 280e6229-7396-4d60-b1e3-a5de48b5d49b
2024-07-24 14:30:30.659 [Test worker] DEBUG c.g.d.z.s.o.a.h.client5.http.headers - http-outgoing-14 >> User-Agent: tc-java/1.19.8
2024-07-24 14:30:30.659 [Test worker] DEBUG c.g.d.z.s.o.a.h.client5.http.headers - http-outgoing-14 >> Accept-Encoding: gzip, x-gzip, deflate
2024-07-24 14:30:30.659 [Test worker] DEBUG c.g.d.z.s.o.a.h.client5.http.headers - http-outgoing-14 >> Host: localhost:2375
2024-07-24 14:30:30.659 [Test worker] DEBUG c.g.d.z.s.o.a.h.client5.http.headers - http-outgoing-14 >> Connection: keep-alive
2024-07-24 14:30:30.659 [Test worker] DEBUG c.g.d.z.s.o.a.hc.client5.http.wire - http-outgoing-14 >> "GET /v1.32/containers/36b1db985788a4878928f8818de5df75ef015b2e6df2158478dc493c87c7162e/json HTTP/1.1[\r][\n]"
2024-07-24 14:30:30.659 [Test worker] DEBUG c.g.d.z.s.o.a.hc.client5.http.wire - http-outgoing-14 >> "accept: application/json[\r][\n]"
2024-07-24 14:30:30.659 [Test worker] DEBUG c.g.d.z.s.o.a.hc.client5.http.wire - http-outgoing-14 >> "x-tc-sid: 280e6229-7396-4d60-b1e3-a5de48b5d49b[\r][\n]"
2024-07-24 14:30:30.659 [Test worker] DEBUG c.g.d.z.s.o.a.hc.client5.http.wire - http-outgoing-14 >> "User-Agent: tc-java/1.19.8[\r][\n]"
2024-07-24 14:30:30.659 [Test worker] DEBUG c.g.d.z.s.o.a.hc.client5.http.wire - http-outgoing-14 >> "Accept-Encoding: gzip, x-gzip, deflate[\r][\n]"
2024-07-24 14:30:30.659 [Test worker] DEBUG c.g.d.z.s.o.a.hc.client5.http.wire - http-outgoing-14 >> "Host: localhost:2375[\r][\n]"
2024-07-24 14:30:30.659 [Test worker] DEBUG c.g.d.z.s.o.a.hc.client5.http.wire - http-outgoing-14 >> "Connection: keep-alive[\r][\n]"
2024-07-24 14:30:30.659 [Test worker] DEBUG c.g.d.z.s.o.a.hc.client5.http.wire - http-outgoing-14 >> "[\r][\n]"
2024-07-24 14:30:30.686 [Test worker] DEBUG c.g.d.z.s.o.a.hc.client5.http.wire - http-outgoing-14 << "HTTP/1.1 200 OK[\r][\n]"
2024-07-24 14:30:30.686 [Test worker] DEBUG c.g.d.z.s.o.a.hc.client5.http.wire - http-outgoing-14 << "Api-Version: 1.45[\r][\n]"
2024-07-24 14:30:30.686 [Test worker] DEBUG c.g.d.z.s.o.a.hc.client5.http.wire - http-outgoing-14 << "Content-Type: application/json[\r][\n]"
2024-07-24 14:30:30.686 [Test worker] DEBUG c.g.d.z.s.o.a.hc.client5.http.wire - http-outgoing-14 << "Date: Wed, 24 Jul 2024 02:30:30 GMT[\r][\n]"
2024-07-24 14:30:30.686 [Test worker] DEBUG c.g.d.z.s.o.a.hc.client5.http.wire - http-outgoing-14 << "Docker-Experimental: false[\r][\n]"
2024-07-24 14:30:30.686 [Test worker] DEBUG c.g.d.z.s.o.a.hc.client5.http.wire - http-outgoing-14 << "Ostype: linux[\r][\n]"
2024-07-24 14:30:30.686 [Test worker] DEBUG c.g.d.z.s.o.a.hc.client5.http.wire - http-outgoing-14 << "Server: Docker/26.0.0 (linux)[\r][\n]"
2024-07-24 14:30:30.686 [Test worker] DEBUG c.g.d.z.s.o.a.hc.client5.http.wire - http-outgoing-14 << "Transfer-Encoding: chunked[\r][\n]"
2024-07-24 14:30:30.686 [Test worker] DEBUG c.g.d.z.s.o.a.hc.client5.http.wire - http-outgoing-14 << "[\r][\n]"
2024-07-24 14:30:30.686 [Test worker] DEBUG c.g.d.z.s.o.a.h.client5.http.headers - http-outgoing-14 << HTTP/1.1 200 OK
2024-07-24 14:30:30.686 [Test worker] DEBUG c.g.d.z.s.o.a.h.client5.http.headers - http-outgoing-14 << Api-Version: 1.45
2024-07-24 14:30:30.686 [Test worker] DEBUG c.g.d.z.s.o.a.h.client5.http.headers - http-outgoing-14 << Content-Type: application/json
2024-07-24 14:30:30.686 [Test worker] DEBUG c.g.d.z.s.o.a.h.client5.http.headers - http-outgoing-14 << Date: Wed, 24 Jul 2024 02:30:30 GMT
2024-07-24 14:30:30.686 [Test worker] DEBUG c.g.d.z.s.o.a.h.client5.http.headers - http-outgoing-14 << Docker-Experimental: false
2024-07-24 14:30:30.686 [Test worker] DEBUG c.g.d.z.s.o.a.h.client5.http.headers - http-outgoing-14 << Ostype: linux
2024-07-24 14:30:30.686 [Test worker] DEBUG c.g.d.z.s.o.a.h.client5.http.headers - http-outgoing-14 << Server: Docker/26.0.0 (linux)
2024-07-24 14:30:30.686 [Test worker] DEBUG c.g.d.z.s.o.a.h.client5.http.headers - http-outgoing-14 << Transfer-Encoding: chunked
2024-07-24 14:30:30.686 [Test worker] DEBUG c.g.d.z.s.o.a.h.c.h.i.c.MainClientExec - ex-00000097: connection can be kept alive for 3 MINUTES
2024-07-24 14:30:30.687 [Test worker] DEBUG c.g.d.z.s.o.a.hc.client5.http.wire - http-outgoing-14 << "1942[\r][\n]"
2024-07-24 14:30:30.687 [Test worker] DEBUG c.g.d.z.s.o.a.hc.client5.http.wire - http-outgoing-14 << "{"Id":"36b1db985788a4878928f8818de5df75ef015b2e6df2158478dc493c87c7162e","Created":"2024-07-24T02:30:27.799787762Z","Path":"docker-entrypoint.sh","Args":["postgres","-c","fsync=off"],"State":{"Status":"exited","Running":false,"Paused":false,"Restarting":false,"OOMKilled":false,"Dead":false,"Pid":0,"ExitCode":137,"Error":"","StartedAt":"2024-07-24T02:30:28.34858769Z","FinishedAt":"2024-07-24T02:30:30.101564536Z"},"Image":"sha256:8e4fc9e184899a58735e7ee333f5e272d7d2298cf59302006b71f33e217be130","ResolvConfPath":"/var/lib/docker/containers/36b1db985788a4878928f8818de5df75ef015b2e6df2158478dc493c87c7162e/resolv.conf","HostnamePath":"/var/lib/docker/containers/36b1db985788a4878928f8818de5df75ef015b2e6df2158478dc493c87c7162e/hostname","HostsPath":"/var/lib/docker/containers/36b1db985788a4878928f8818de5df75ef015b2e6df2158478dc493c87c7162e/hosts","LogPath":"/var/lib/docker/containers/36b1db985788a4878928f8818de5df75ef015b2e6df2158478dc493c87c7162e/36b1db985788a4878928f8818de5df75ef015b2e6df2158478dc493c87c7162e-json.log","Name":"/flamboyant_jackson","RestartCount":0,"Driver":"overlay2","Platform":"linux","MountLabel":"","ProcessLabel":"","AppArmorProfile":"","ExecIDs":null,"HostConfig":{"Binds":[],"ContainerIDFile":"","LogConfig":{"Type":"json-file","Config":{}},"NetworkMode":"default","PortBindings":{"5432/tcp":[{"HostIp":"0.0.0.0","HostPort":"0"}]},"RestartPolicy":{"Name":"no","MaximumRetryCount":0},"AutoRemove":false,"VolumeDriver":"","VolumesFrom":[],"ConsoleSize":[0,0],"CapAdd":null,"CapDrop":null,"CgroupnsMode":"host","Dns":null,"DnsOptions":null,"DnsSearch":null,"ExtraHosts":[],"GroupAdd":null,"IpcMode":"shareable","Cgroup":"","Links":null,"OomScoreAdj":0,"PidMode":"","Privileged":false,"PublishAllPorts":false,"ReadonlyRootfs":false,"SecurityOpt":null,"UTSMode":"","UsernsMode":"","ShmSize":67108864,"Runtime":"runc","Isolation":"","CpuShares":0,"Memory":0,"NanoCpus":0,"CgroupParent":"","BlkioWeight":0,"BlkioWeightDevice":null,"BlkioDeviceReadBps":null,"BlkioDeviceWriteBps":null,"BlkioDeviceReadIOps":null,"BlkioDeviceWriteIOps":null,"CpuPeriod":0,"CpuQuota":0,"CpuRealtimePeriod":0,"CpuRealtimeRuntime":0,"CpusetCpus":"","CpusetMems":"","Devices":null,"DeviceCgroupRules":null,"DeviceRequests":null,"MemoryReservation":0,"MemorySwap":0,"MemorySwappiness":null,"OomKillDisable":false,"PidsLimit":null,"Ulimits":null,"CpuCount":0,"CpuPercent":0,"IOMaximumIOps":0,"IOMaximumBandwidth":0,"MaskedPaths":["/proc/asound","/proc/acpi","/proc/kcore","/proc/keys","/proc/latency_stats","/proc/timer_list","/proc/timer_stats","/proc/sched_debug","/proc/scsi","/sys/firmware","/sys/devices/virtual/powercap"],"ReadonlyPaths":["/proc/bus","/proc/fs","/proc/irq","/proc/sys","/proc/sysrq-trigger"]},"GraphDriver":{"Data":{"LowerDir":"/var/lib/docker/overlay2/5c60aa41906d4b42a235b4d7c1012f5ae577976ef2573e5b7b7800833057be20-init/diff:/var/lib/docker/overlay2/8f0ddbd386af0785c2e348570516955816ab350305d698d363962d488eeb15ec/diff:/var/lib/docker/overlay2/0eb0ca73e9b0be7c3d7fa8762ef4778a68f38391bc84c037c2e90b88e781b475/diff:/var/lib/docker/overlay2/74e634bddc785c5d436b10a5158cd82e21dc2065fd1cf8ff9c1c12e01575a2d8/diff:/var/lib/docker/overlay2/bb918b2851cd2f508f1e3fdbfff8b7f8b041d61e65fe8c368288bf399e80b818/diff:/var/lib/docker/overlay2/2abab2946cbdc2941ee8ec4024c51dac7313dee9de5fbedd1ca33388c59eb3c8/diff:/var/lib/docker/overlay2/e12f6083ee669bd92743ceb339a896bb25dbe461b718705bb39eb410b80c0ecd/diff:/var/lib/docker/overlay2/ced1e86d670d097da5ed4da7288c22507735918959161c2cd8bf083fb30d169a/diff:/var/lib/docker/overlay2/94e9ac7b74923285ae73af20aeccb964ca9079e2305db367cb85d1603560472d/diff:/var/lib/docker/overlay2/a396b6dfd63f0c228c519871183c614cccf4d366a43460f27ecf97113c3c4be8/diff:/var/lib/docker/overlay2/f58ada5d5080c2bac553c734f81127660a90581a35ed2a92cebe3c59e340875b/diff:/var/lib/docker/overlay2/84f85636f37bf55d945e217b4f87a856eba7932284beaf042561007b66f48977/diff:/var/lib/docker/overlay2/1e6e519613884e91a2b74a588ba35dc8a2f789371ab798ef6e7d9836d756042f/diff:/var/lib/docker/overlay2/14a3151cc8b4f9d27d2e64f1a8abc0c7809309580f2d7e8dc8545055c1d56194/diff:/v"
2024-07-24 14:30:30.688 [Test worker] DEBUG c.g.d.z.s.o.a.hc.client5.http.wire - http-outgoing-14 << "ar/lib/docker/overlay2/5b354b9e793401517fe2f1da697653fdaadffc54888eaf76d67e0600b8c68bdc/diff","MergedDir":"/var/lib/docker/overlay2/5c60aa41906d4b42a235b4d7c1012f5ae577976ef2573e5b7b7800833057be20/merged","UpperDir":"/var/lib/docker/overlay2/5c60aa41906d4b42a235b4d7c1012f5ae577976ef2573e5b7b7800833057be20/diff","WorkDir":"/var/lib/docker/overlay2/5c60aa41906d4b42a235b4d7c1012f5ae577976ef2573e5b7b7800833057be20/work"},"Name":"overlay2"},"Mounts":[{"Type":"volume","Name":"2265a7adf416c5fc410d80dea692f6683701cd6ba92944cb0f55371ffdd0a57c","Source":"/var/lib/docker/volumes/2265a7adf416c5fc410d80dea692f6683701cd6ba92944cb0f55371ffdd0a57c/_data","Destination":"/var/lib/postgresql/data","Driver":"local","Mode":"","RW":true,"Propagation":""}],"Config":{"Hostname":"36b1db985788","Domainname":"","User":"","AttachStdin":false,"AttachStdout":false,"AttachStderr":false,"ExposedPorts":{"5432/tcp":{}},"Tty":false,"OpenStdin":false,"StdinOnce":false,"Env":["POSTGRES_USER=user","POSTGRES_PASSWORD=password","POSTGRES_DB=db","PATH=/usr/local/sbin:/usr/local/bin:/usr/sbin:/usr/bin:/sbin:/bin:/usr/lib/postgresql/16/bin","GOSU_VERSION=1.17","LANG=en_US.utf8","PG_MAJOR=16","PG_VERSION=16.2-1.pgdg120+2","PGDATA=/var/lib/postgresql/data"],"Cmd":["postgres","-c","fsync=off"],"Image":"postgres:latest","Volumes":{"/var/lib/postgresql/data":{}},"WorkingDir":"","Entrypoint":["docker-entrypoint.sh"],"OnBuild":null,"Labels":{"org.testcontainers":"true","org.testcontainers.lang":"java","org.testcontainers.sessionId":"280e6229-7396-4d60-b1e3-a5de48b5d49b","org.testcontainers.version":"1.19.8"},"StopSignal":"SIGINT"},"NetworkSettings":{"Bridge":"","SandboxID":"680c449ebbac8f5b5ca96a1d52becf889fd27d86a60ed68fd11968ac10176051","SandboxKey":"/var/run/docker/netns/680c449ebbac","Ports":{},"HairpinMode":false,"LinkLocalIPv6Address":"","LinkLocalIPv6PrefixLen":0,"SecondaryIPAddresses":null,"SecondaryIPv6Addresses":null,"EndpointID":"","Gateway":"","GlobalIPv6Address":"","GlobalIPv6PrefixLen":0,"IPAddress":"","IPPrefixLen":0,"IPv6Gateway":"","MacAddress":"","Networks":{"bridge":{"IPAMConfig":null,"Links":null,"Aliases":null,"MacAddress":"","NetworkID":"3c842496be344cbdae878c1dee0957e7bc7c0a2236009c92752030f2b053e72f","EndpointID":"","Gateway":"","IPAddress":"","IPPrefixLen":0,"IPv6Gateway":"","GlobalIPv6Address":"","GlobalIPv6PrefixLen":0,"DriverOpts":null,"DNSNames":null}}}}[\n]"
2024-07-24 14:30:30.689 [Test worker] DEBUG c.g.d.z.s.o.a.hc.client5.http.wire - http-outgoing-14 << "[\r][\n]"
2024-07-24 14:30:30.689 [Test worker] DEBUG c.g.d.z.s.o.a.hc.client5.http.wire - http-outgoing-14 << "0[\r][\n]"
2024-07-24 14:30:30.689 [Test worker] DEBUG c.g.d.z.s.o.a.hc.client5.http.wire - http-outgoing-14 << "[\r][\n]"
2024-07-24 14:30:30.689 [Test worker] DEBUG c.g.d.z.s.o.a.h.c.h.i.c.InternalHttpClient - ep-00000096: releasing valid endpoint
2024-07-24 14:30:30.689 [Test worker] DEBUG c.g.d.z.s.o.a.h.c.h.i.i.PoolingHttpClientConnectionManager - ep-00000096: releasing endpoint
2024-07-24 14:30:30.689 [Test worker] DEBUG c.g.d.z.s.o.a.h.c.h.i.i.PoolingHttpClientConnectionManager - ep-00000096: connection http-outgoing-14 can be kept alive for 3 MINUTES
2024-07-24 14:30:30.689 [Test worker] DEBUG c.g.d.z.s.o.a.h.c.h.i.i.PoolingHttpClientConnectionManager - ep-00000096: connection released [route: {}->npipe://localhost:2375][total available: 1; route allocated: 1 of 2147483647; total allocated: 1 of 2147483647]
2024-07-24 14:30:30.689 [Test worker] TRACE o.t.utility.ResourceReaper - Removing container: 36b1db985788a4878928f8818de5df75ef015b2e6df2158478dc493c87c7162e
2024-07-24 14:30:30.689 [Test worker] DEBUG o.t.s.c.g.d.c.command.AbstrDockerCmd - Cmd: 36b1db985788a4878928f8818de5df75ef015b2e6df2158478dc493c87c7162e,true,true
2024-07-24 14:30:30.689 [Test worker] TRACE o.t.s.c.g.d.c.e.RemoveContainerCmdExec - DELETE: DefaultWebTarget{path=[/containers/36b1db985788a4878928f8818de5df75ef015b2e6df2158478dc493c87c7162e], queryParams={v=[true], force=[true]}}
2024-07-24 14:30:30.690 [Test worker] DEBUG c.g.d.z.s.o.a.h.c.h.i.c.InternalHttpClient - ex-00000098: preparing request execution
2024-07-24 14:30:30.690 [Test worker] DEBUG c.g.d.z.s.o.a.h.c.h.p.RequestAddCookies - Cookie spec selected: strict
2024-07-24 14:30:30.690 [Test worker] DEBUG c.g.d.z.s.o.a.h.c.h.p.RequestAuthCache - Auth cache not set in the context
2024-07-24 14:30:30.690 [Test worker] DEBUG c.g.d.z.s.o.a.h.c.h.i.c.ProtocolExec - ex-00000098: target auth state: UNCHALLENGED
2024-07-24 14:30:30.690 [Test worker] DEBUG c.g.d.z.s.o.a.h.c.h.i.c.ProtocolExec - ex-00000098: proxy auth state: UNCHALLENGED
2024-07-24 14:30:30.690 [Test worker] DEBUG c.g.d.z.s.o.a.h.c.h.i.c.ConnectExec - ex-00000098: acquiring connection with route {}->npipe://localhost:2375
2024-07-24 14:30:30.690 [Test worker] DEBUG c.g.d.z.s.o.a.h.c.h.i.c.InternalHttpClient - ex-00000098: acquiring endpoint (3 MINUTES)
2024-07-24 14:30:30.690 [Test worker] DEBUG c.g.d.z.s.o.a.h.c.h.i.i.PoolingHttpClientConnectionManager - ex-00000098: endpoint lease request (3 MINUTES) [route: {}->npipe://localhost:2375][total available: 1; route allocated: 1 of 2147483647; total allocated: 1 of 2147483647]
2024-07-24 14:30:30.690 [Test worker] DEBUG c.g.d.z.s.o.a.h.c.h.i.i.PoolingHttpClientConnectionManager - ex-00000098: endpoint leased [route: {}->npipe://localhost:2375][total available: 0; route allocated: 1 of 2147483647; total allocated: 1 of 2147483647]
2024-07-24 14:30:30.690 [Test worker] DEBUG c.g.d.z.s.o.a.h.c.h.i.i.PoolingHttpClientConnectionManager - ex-00000098: acquired ep-00000097
2024-07-24 14:30:30.690 [Test worker] DEBUG c.g.d.z.s.o.a.h.c.h.i.c.InternalHttpClient - ex-00000098: acquired endpoint ep-00000097
2024-07-24 14:30:30.690 [Test worker] DEBUG c.g.d.z.s.o.a.h.c.h.i.c.MainClientExec - ex-00000098: executing DELETE /v1.32/containers/36b1db985788a4878928f8818de5df75ef015b2e6df2158478dc493c87c7162e?v=true&force=true HTTP/1.1
2024-07-24 14:30:30.690 [Test worker] DEBUG c.g.d.z.s.o.a.h.c.h.i.c.InternalHttpClient - ep-00000097: start execution ex-00000098
2024-07-24 14:30:30.690 [Test worker] DEBUG c.g.d.z.s.o.a.h.c.h.i.i.PoolingHttpClientConnectionManager - ep-00000097: executing exchange ex-00000098 over http-outgoing-14
2024-07-24 14:30:30.690 [Test worker] DEBUG c.g.d.z.s.o.a.h.client5.http.headers - http-outgoing-14 >> DELETE /v1.32/containers/36b1db985788a4878928f8818de5df75ef015b2e6df2158478dc493c87c7162e?v=true&force=true HTTP/1.1
2024-07-24 14:30:30.690 [Test worker] DEBUG c.g.d.z.s.o.a.h.client5.http.headers - http-outgoing-14 >> accept: application/json
2024-07-24 14:30:30.690 [Test worker] DEBUG c.g.d.z.s.o.a.h.client5.http.headers - http-outgoing-14 >> x-tc-sid: 280e6229-7396-4d60-b1e3-a5de48b5d49b
2024-07-24 14:30:30.690 [Test worker] DEBUG c.g.d.z.s.o.a.h.client5.http.headers - http-outgoing-14 >> User-Agent: tc-java/1.19.8
2024-07-24 14:30:30.690 [Test worker] DEBUG c.g.d.z.s.o.a.h.client5.http.headers - http-outgoing-14 >> Accept-Encoding: gzip, x-gzip, deflate
2024-07-24 14:30:30.690 [Test worker] DEBUG c.g.d.z.s.o.a.h.client5.http.headers - http-outgoing-14 >> Host: localhost:2375
2024-07-24 14:30:30.690 [Test worker] DEBUG c.g.d.z.s.o.a.h.client5.http.headers - http-outgoing-14 >> Connection: keep-alive
2024-07-24 14:30:30.690 [Test worker] DEBUG c.g.d.z.s.o.a.hc.client5.http.wire - http-outgoing-14 >> "DELETE /v1.32/containers/36b1db985788a4878928f8818de5df75ef015b2e6df2158478dc493c87c7162e?v=true&force=true HTTP/1.1[\r][\n]"
2024-07-24 14:30:30.690 [Test worker] DEBUG c.g.d.z.s.o.a.hc.client5.http.wire - http-outgoing-14 >> "accept: application/json[\r][\n]"
2024-07-24 14:30:30.690 [Test worker] DEBUG c.g.d.z.s.o.a.hc.client5.http.wire - http-outgoing-14 >> "x-tc-sid: 280e6229-7396-4d60-b1e3-a5de48b5d49b[\r][\n]"
2024-07-24 14:30:30.690 [Test worker] DEBUG c.g.d.z.s.o.a.hc.client5.http.wire - http-outgoing-14 >> "User-Agent: tc-java/1.19.8[\r][\n]"
2024-07-24 14:30:30.690 [Test worker] DEBUG c.g.d.z.s.o.a.hc.client5.http.wire - http-outgoing-14 >> "Accept-Encoding: gzip, x-gzip, deflate[\r][\n]"
2024-07-24 14:30:30.690 [Test worker] DEBUG c.g.d.z.s.o.a.hc.client5.http.wire - http-outgoing-14 >> "Host: localhost:2375[\r][\n]"
2024-07-24 14:30:30.690 [Test worker] DEBUG c.g.d.z.s.o.a.hc.client5.http.wire - http-outgoing-14 >> "Connection: keep-alive[\r][\n]"
2024-07-24 14:30:30.690 [Test worker] DEBUG c.g.d.z.s.o.a.hc.client5.http.wire - http-outgoing-14 >> "[\r][\n]"
2024-07-24 14:30:30.764 [Test worker] DEBUG c.g.d.z.s.o.a.hc.client5.http.wire - http-outgoing-14 << "HTTP/1.1 204 No Content[\r][\n]"
2024-07-24 14:30:30.764 [Test worker] DEBUG c.g.d.z.s.o.a.hc.client5.http.wire - http-outgoing-14 << "Api-Version: 1.45[\r][\n]"
2024-07-24 14:30:30.764 [Test worker] DEBUG c.g.d.z.s.o.a.hc.client5.http.wire - http-outgoing-14 << "Date: Wed, 24 Jul 2024 02:30:30 GMT[\r][\n]"
2024-07-24 14:30:30.764 [Test worker] DEBUG c.g.d.z.s.o.a.hc.client5.http.wire - http-outgoing-14 << "Docker-Experimental: false[\r][\n]"
2024-07-24 14:30:30.764 [Test worker] DEBUG c.g.d.z.s.o.a.hc.client5.http.wire - http-outgoing-14 << "Ostype: linux[\r][\n]"
2024-07-24 14:30:30.764 [Test worker] DEBUG c.g.d.z.s.o.a.hc.client5.http.wire - http-outgoing-14 << "Server: Docker/26.0.0 (linux)[\r][\n]"
2024-07-24 14:30:30.764 [Test worker] DEBUG c.g.d.z.s.o.a.hc.client5.http.wire - http-outgoing-14 << "[\r][\n]"
2024-07-24 14:30:30.764 [Test worker] DEBUG c.g.d.z.s.o.a.h.client5.http.headers - http-outgoing-14 << HTTP/1.1 204 No Content
2024-07-24 14:30:30.764 [Test worker] DEBUG c.g.d.z.s.o.a.h.client5.http.headers - http-outgoing-14 << Api-Version: 1.45
2024-07-24 14:30:30.764 [Test worker] DEBUG c.g.d.z.s.o.a.h.client5.http.headers - http-outgoing-14 << Date: Wed, 24 Jul 2024 02:30:30 GMT
2024-07-24 14:30:30.764 [Test worker] DEBUG c.g.d.z.s.o.a.h.client5.http.headers - http-outgoing-14 << Docker-Experimental: false
2024-07-24 14:30:30.764 [Test worker] DEBUG c.g.d.z.s.o.a.h.client5.http.headers - http-outgoing-14 << Ostype: linux
2024-07-24 14:30:30.764 [Test worker] DEBUG c.g.d.z.s.o.a.h.client5.http.headers - http-outgoing-14 << Server: Docker/26.0.0 (linux)
2024-07-24 14:30:30.765 [Test worker] DEBUG c.g.d.z.s.o.a.h.c.h.i.c.MainClientExec - ex-00000098: connection can be kept alive for 3 MINUTES
2024-07-24 14:30:30.765 [Test worker] DEBUG c.g.d.z.s.o.a.h.c.h.i.c.InternalHttpClient - ep-00000097: releasing valid endpoint
2024-07-24 14:30:30.765 [Test worker] DEBUG c.g.d.z.s.o.a.h.c.h.i.i.PoolingHttpClientConnectionManager - ep-00000097: releasing endpoint
2024-07-24 14:30:30.765 [Test worker] DEBUG c.g.d.z.s.o.a.h.c.h.i.i.PoolingHttpClientConnectionManager - ep-00000097: connection http-outgoing-14 can be kept alive for 3 MINUTES
2024-07-24 14:30:30.765 [Test worker] DEBUG c.g.d.z.s.o.a.h.c.h.i.i.PoolingHttpClientConnectionManager - ep-00000097: connection released [route: {}->npipe://localhost:2375][total available: 1; route allocated: 1 of 2147483647; total allocated: 1 of 2147483647]
2024-07-24 14:30:30.765 [Test worker] DEBUG o.t.utility.ResourceReaper - Removed container and associated volume(s): postgres:latest
2024-07-24 14:30:30.766 [Test worker] DEBUG o.t.u.PrefixingImageNameSubstitutor - No prefix is configured
2024-07-24 14:30:30.767 [Test worker] DEBUG o.t.utility.ImageNameSubstitutor - Did not find a substitute image for postgres:latest (using image substitutor: DefaultImageNameSubstitutor (composite of 'ConfigurationFileImageNameSubstitutor' and 'PrefixingImageNameSubstitutor'))
2024-07-24 14:30:30.767 [Test worker] TRACE tc.postgres:latest - postgres:latest is already in image name cache
2024-07-24 14:30:30.767 [Test worker] DEBUG o.t.images.AbstractImagePullPolicy - Using locally available and not pulling image: postgres:latest
2024-07-24 14:30:30.767 [Test worker] DEBUG tc.postgres:latest - Starting container: postgres:latest
2024-07-24 14:30:30.767 [Test worker] DEBUG tc.postgres:latest - Trying to start container: postgres:latest (attempt 1/1)
2024-07-24 14:30:30.767 [Test worker] DEBUG tc.postgres:latest - Starting container: postgres:latest
2024-07-24 14:30:30.767 [Test worker] INFO  tc.postgres:latest - Creating container for image: postgres:latest
2024-07-24 14:30:30.767 [Test worker] DEBUG o.t.utility.RegistryAuthLocator - Looking up auth config for image: postgres:latest at registry: https://index.docker.io/v1/
2024-07-24 14:30:30.767 [Test worker] DEBUG o.t.utility.RegistryAuthLocator - No matching Auth Configs - falling back to defaultAuthConfig [null]
2024-07-24 14:30:30.767 [Test worker] DEBUG o.t.d.AuthDelegatingDockerClientConfig - Effective auth config [null]
2024-07-24 14:30:30.767 [Test worker] DEBUG o.t.s.c.g.d.c.command.AbstrDockerCmd - Cmd: org.testcontainers.shaded.com.github.dockerjava.core.command.CreateContainerCmdImpl@52d0f583[aliases=<null>,argsEscaped=<null>,attachStderr=<null>,attachStdin=<null>,attachStdout=<null>,authConfig=<null>,cmd={postgres,-c,fsync=off},domainName=<null>,entrypoint=<null>,env={POSTGRES_USER=user,POSTGRES_PASSWORD=password,POSTGRES_DB=db},exposedPorts=ExposedPorts(exposedPorts=[5432/tcp]),healthcheck=<null>,hostConfig=HostConfig(binds=[], blkioWeight=null, blkioWeightDevice=null, blkioDeviceReadBps=null, blkioDeviceWriteBps=null, blkioDeviceReadIOps=null, blkioDeviceWriteIOps=null, memorySwappiness=null, nanoCPUs=null, capAdd=null, capDrop=null, containerIDFile=null, cpuPeriod=null, cpuRealtimePeriod=null, cpuRealtimeRuntime=null, cpuShares=null, cpuQuota=null, cpusetCpus=null, cpusetMems=null, devices=null, deviceCgroupRules=null, deviceRequests=null, diskQuota=null, dns=null, dnsOptions=null, dnsSearch=null, extraHosts=[], groupAdd=null, ipcMode=null, cgroup=null, links=[], logConfig=LogConfig(type=null, config=null), lxcConf=null, memory=null, memorySwap=null, memoryReservation=null, kernelMemory=null, networkMode=null, oomKillDisable=null, init=null, autoRemove=null, oomScoreAdj=null, portBindings={5432/tcp=[Lcom.github.dockerjava.api.model.Ports$Binding;@46320c9a}, privileged=null, publishAllPorts=null, readonlyRootfs=null, restartPolicy=null, ulimits=null, cpuCount=null, cpuPercent=null, ioMaximumIOps=null, ioMaximumBandwidth=null, volumesFrom=[], mounts=null, pidMode=null, isolation=null, securityOpts=null, storageOpt=null, cgroupParent=null, volumeDriver=null, shmSize=null, pidsLimit=null, runtime=null, tmpFs=null, utSMode=null, usernsMode=null, sysctls=null, consoleSize=null, cgroupnsMode=null),hostName=<null>,image=postgres:latest,ipv4Address=<null>,ipv6Address=<null>,labels={org.testcontainers=true, org.testcontainers.lang=java, org.testcontainers.version=1.19.8, org.testcontainers.sessionId=280e6229-7396-4d60-b1e3-a5de48b5d49b},macAddress=<null>,name=<null>,networkDisabled=<null>,networkingConfig=<null>,onBuild=<null>,platform=<null>,portSpecs=<null>,shell=<null>,stdInOnce=<null>,stdinOpen=<null>,stopSignal=<null>,stopTimeout=<null>,tty=<null>,user=<null>,volumes=Volumes(volumes=[]),workingDir=<null>]
2024-07-24 14:30:30.767 [Test worker] TRACE o.t.s.c.g.d.c.e.CreateContainerCmdExec - POST: DefaultWebTarget{path=[/containers/create], queryParams={}} 
2024-07-24 14:30:30.768 [Test worker] DEBUG c.g.d.z.s.o.a.h.c.h.i.c.InternalHttpClient - ex-00000099: preparing request execution
2024-07-24 14:30:30.768 [Test worker] DEBUG c.g.d.z.s.o.a.h.c.h.p.RequestAddCookies - Cookie spec selected: strict
2024-07-24 14:30:30.768 [Test worker] DEBUG c.g.d.z.s.o.a.h.c.h.p.RequestAuthCache - Auth cache not set in the context
2024-07-24 14:30:30.768 [Test worker] DEBUG c.g.d.z.s.o.a.h.c.h.i.c.ProtocolExec - ex-00000099: target auth state: UNCHALLENGED
2024-07-24 14:30:30.768 [Test worker] DEBUG c.g.d.z.s.o.a.h.c.h.i.c.ProtocolExec - ex-00000099: proxy auth state: UNCHALLENGED
2024-07-24 14:30:30.768 [Test worker] DEBUG c.g.d.z.s.o.a.h.c.h.i.c.ConnectExec - ex-00000099: acquiring connection with route {}->npipe://localhost:2375
2024-07-24 14:30:30.768 [Test worker] DEBUG c.g.d.z.s.o.a.h.c.h.i.c.InternalHttpClient - ex-00000099: acquiring endpoint (3 MINUTES)
2024-07-24 14:30:30.768 [Test worker] DEBUG c.g.d.z.s.o.a.h.c.h.i.i.PoolingHttpClientConnectionManager - ex-00000099: endpoint lease request (3 MINUTES) [route: {}->npipe://localhost:2375][total available: 1; route allocated: 1 of 2147483647; total allocated: 1 of 2147483647]
2024-07-24 14:30:30.768 [Test worker] DEBUG c.g.d.z.s.o.a.h.c.h.i.i.PoolingHttpClientConnectionManager - ex-00000099: endpoint leased [route: {}->npipe://localhost:2375][total available: 0; route allocated: 1 of 2147483647; total allocated: 1 of 2147483647]
2024-07-24 14:30:30.768 [Test worker] DEBUG c.g.d.z.s.o.a.h.c.h.i.i.PoolingHttpClientConnectionManager - ex-00000099: acquired ep-00000098
2024-07-24 14:30:30.768 [Test worker] DEBUG c.g.d.z.s.o.a.h.c.h.i.c.InternalHttpClient - ex-00000099: acquired endpoint ep-00000098
2024-07-24 14:30:30.768 [Test worker] DEBUG c.g.d.z.s.o.a.h.c.h.i.c.MainClientExec - ex-00000099: executing POST /v1.32/containers/create HTTP/1.1
2024-07-24 14:30:30.768 [Test worker] DEBUG c.g.d.z.s.o.a.h.c.h.i.c.InternalHttpClient - ep-00000098: start execution ex-00000099
2024-07-24 14:30:30.768 [Test worker] DEBUG c.g.d.z.s.o.a.h.c.h.i.i.PoolingHttpClientConnectionManager - ep-00000098: executing exchange ex-00000099 over http-outgoing-14
2024-07-24 14:30:30.768 [Test worker] DEBUG c.g.d.z.s.o.a.h.client5.http.headers - http-outgoing-14 >> POST /v1.32/containers/create HTTP/1.1
2024-07-24 14:30:30.768 [Test worker] DEBUG c.g.d.z.s.o.a.h.client5.http.headers - http-outgoing-14 >> accept: application/json
2024-07-24 14:30:30.768 [Test worker] DEBUG c.g.d.z.s.o.a.h.client5.http.headers - http-outgoing-14 >> content-type: application/json
2024-07-24 14:30:30.768 [Test worker] DEBUG c.g.d.z.s.o.a.h.client5.http.headers - http-outgoing-14 >> x-tc-sid: 280e6229-7396-4d60-b1e3-a5de48b5d49b
2024-07-24 14:30:30.768 [Test worker] DEBUG c.g.d.z.s.o.a.h.client5.http.headers - http-outgoing-14 >> User-Agent: tc-java/1.19.8
2024-07-24 14:30:30.768 [Test worker] DEBUG c.g.d.z.s.o.a.h.client5.http.headers - http-outgoing-14 >> Accept-Encoding: gzip, x-gzip, deflate
2024-07-24 14:30:30.768 [Test worker] DEBUG c.g.d.z.s.o.a.h.client5.http.headers - http-outgoing-14 >> Content-Length: 2061
2024-07-24 14:30:30.768 [Test worker] DEBUG c.g.d.z.s.o.a.h.client5.http.headers - http-outgoing-14 >> Host: localhost:2375
2024-07-24 14:30:30.768 [Test worker] DEBUG c.g.d.z.s.o.a.h.client5.http.headers - http-outgoing-14 >> Connection: keep-alive
2024-07-24 14:30:30.768 [Test worker] DEBUG c.g.d.z.s.o.a.hc.client5.http.wire - http-outgoing-14 >> "POST /v1.32/containers/create HTTP/1.1[\r][\n]"
2024-07-24 14:30:30.768 [Test worker] DEBUG c.g.d.z.s.o.a.hc.client5.http.wire - http-outgoing-14 >> "accept: application/json[\r][\n]"
2024-07-24 14:30:30.768 [Test worker] DEBUG c.g.d.z.s.o.a.hc.client5.http.wire - http-outgoing-14 >> "content-type: application/json[\r][\n]"
2024-07-24 14:30:30.768 [Test worker] DEBUG c.g.d.z.s.o.a.hc.client5.http.wire - http-outgoing-14 >> "x-tc-sid: 280e6229-7396-4d60-b1e3-a5de48b5d49b[\r][\n]"
2024-07-24 14:30:30.768 [Test worker] DEBUG c.g.d.z.s.o.a.hc.client5.http.wire - http-outgoing-14 >> "User-Agent: tc-java/1.19.8[\r][\n]"
2024-07-24 14:30:30.768 [Test worker] DEBUG c.g.d.z.s.o.a.hc.client5.http.wire - http-outgoing-14 >> "Accept-Encoding: gzip, x-gzip, deflate[\r][\n]"
2024-07-24 14:30:30.768 [Test worker] DEBUG c.g.d.z.s.o.a.hc.client5.http.wire - http-outgoing-14 >> "Content-Length: 2061[\r][\n]"
2024-07-24 14:30:30.768 [Test worker] DEBUG c.g.d.z.s.o.a.hc.client5.http.wire - http-outgoing-14 >> "Host: localhost:2375[\r][\n]"
2024-07-24 14:30:30.768 [Test worker] DEBUG c.g.d.z.s.o.a.hc.client5.http.wire - http-outgoing-14 >> "Connection: keep-alive[\r][\n]"
2024-07-24 14:30:30.768 [Test worker] DEBUG c.g.d.z.s.o.a.hc.client5.http.wire - http-outgoing-14 >> "[\r][\n]"
2024-07-24 14:30:30.769 [Test worker] DEBUG c.g.d.z.s.o.a.hc.client5.http.wire - http-outgoing-14 >> "{"Hostname":null,"Domainname":null,"User":null,"AttachStdin":null,"AttachStdout":null,"AttachStderr":null,"PortSpecs":null,"Tty":null,"OpenStdin":null,"StdinOnce":null,"Env":["POSTGRES_USER=user","POSTGRES_PASSWORD=password","POSTGRES_DB=db"],"Cmd":["postgres","-c","fsync=off"],"Healthcheck":null,"ArgsEscaped":null,"Entrypoint":null,"Image":"postgres:latest","Volumes":{},"WorkingDir":null,"MacAddress":null,"OnBuild":null,"NetworkDisabled":null,"ExposedPorts":{"5432/tcp":{}},"StopSignal":null,"StopTimeout":null,"HostConfig":{"Binds":[],"BlkioWeight":null,"BlkioWeightDevice":null,"BlkioDeviceReadBps":null,"BlkioDeviceWriteBps":null,"BlkioDeviceReadIOps":null,"BlkioDeviceWriteIOps":null,"MemorySwappiness":null,"NanoCpus":null,"CapAdd":null,"CapDrop":null,"ContainerIDFile":null,"CpuPeriod":null,"CpuRealtimePeriod":null,"CpuRealtimeRuntime":null,"CpuShares":null,"CpuQuota":null,"CpusetCpus":null,"CpusetMems":null,"Devices":null,"DeviceCgroupRules":null,"DeviceRequests":null,"DiskQuota":null,"Dns":null,"DnsOptions":null,"DnsSearch":null,"ExtraHosts":[],"GroupAdd":null,"IpcMode":null,"Cgroup":null,"Links":[],"LogConfig":null,"LxcConf":null,"Memory":null,"MemorySwap":null,"MemoryReservation":null,"KernelMemory":null,"NetworkMode":null,"OomKillDisable":null,"Init":null,"AutoRemove":null,"OomScoreAdj":null,"PortBindings":{"5432/tcp":[{"HostIp":"","HostPort":""}]},"Privileged":null,"PublishAllPorts":null,"ReadonlyRootfs":null,"RestartPolicy":null,"Ulimits":null,"CpuCount":null,"CpuPercent":null,"IOMaximumIOps":null,"IOMaximumBandwidth":null,"VolumesFrom":[],"Mounts":null,"PidMode":null,"Isolation":null,"SecurityOpt":null,"StorageOpt":null,"CgroupParent":null,"VolumeDriver":null,"ShmSize":null,"PidsLimit":null,"Runtime":null,"Tmpfs":null,"UTSMode":null,"UsernsMode":null,"Sysctls":null,"ConsoleSize":null,"CgroupnsMode":null},"Labels":{"org.testcontainers":"true","org.testcontainers.lang":"java","org.testcontainers.version":"1.19.8","org.testcontainers.sessionId":"280e6229-7396-4d60-b1e3-a5de48b5d49b"},"Shell":null,"NetworkingConfig":null}"
2024-07-24 14:30:30.908 [Test worker] DEBUG c.g.d.z.s.o.a.hc.client5.http.wire - http-outgoing-14 << "HTTP/1.1 201 Created[\r][\n]"
2024-07-24 14:30:30.909 [Test worker] DEBUG c.g.d.z.s.o.a.hc.client5.http.wire - http-outgoing-14 << "Api-Version: 1.45[\r][\n]"
2024-07-24 14:30:30.909 [Test worker] DEBUG c.g.d.z.s.o.a.hc.client5.http.wire - http-outgoing-14 << "Content-Type: application/json[\r][\n]"
2024-07-24 14:30:30.909 [Test worker] DEBUG c.g.d.z.s.o.a.hc.client5.http.wire - http-outgoing-14 << "Date: Wed, 24 Jul 2024 02:30:30 GMT[\r][\n]"
2024-07-24 14:30:30.909 [Test worker] DEBUG c.g.d.z.s.o.a.hc.client5.http.wire - http-outgoing-14 << "Docker-Experimental: false[\r][\n]"
2024-07-24 14:30:30.909 [Test worker] DEBUG c.g.d.z.s.o.a.hc.client5.http.wire - http-outgoing-14 << "Ostype: linux[\r][\n]"
2024-07-24 14:30:30.909 [Test worker] DEBUG c.g.d.z.s.o.a.hc.client5.http.wire - http-outgoing-14 << "Server: Docker/26.0.0 (linux)[\r][\n]"
2024-07-24 14:30:30.909 [Test worker] DEBUG c.g.d.z.s.o.a.hc.client5.http.wire - http-outgoing-14 << "Transfer-Encoding: chunked[\r][\n]"
2024-07-24 14:30:30.909 [Test worker] DEBUG c.g.d.z.s.o.a.hc.client5.http.wire - http-outgoing-14 << "[\r][\n]"
2024-07-24 14:30:30.909 [Test worker] DEBUG c.g.d.z.s.o.a.h.client5.http.headers - http-outgoing-14 << HTTP/1.1 201 Created
2024-07-24 14:30:30.909 [Test worker] DEBUG c.g.d.z.s.o.a.h.client5.http.headers - http-outgoing-14 << Api-Version: 1.45
2024-07-24 14:30:30.909 [Test worker] DEBUG c.g.d.z.s.o.a.h.client5.http.headers - http-outgoing-14 << Content-Type: application/json
2024-07-24 14:30:30.909 [Test worker] DEBUG c.g.d.z.s.o.a.h.client5.http.headers - http-outgoing-14 << Date: Wed, 24 Jul 2024 02:30:30 GMT
2024-07-24 14:30:30.909 [Test worker] DEBUG c.g.d.z.s.o.a.h.client5.http.headers - http-outgoing-14 << Docker-Experimental: false
2024-07-24 14:30:30.909 [Test worker] DEBUG c.g.d.z.s.o.a.h.client5.http.headers - http-outgoing-14 << Ostype: linux
2024-07-24 14:30:30.909 [Test worker] DEBUG c.g.d.z.s.o.a.h.client5.http.headers - http-outgoing-14 << Server: Docker/26.0.0 (linux)
2024-07-24 14:30:30.909 [Test worker] DEBUG c.g.d.z.s.o.a.h.client5.http.headers - http-outgoing-14 << Transfer-Encoding: chunked
2024-07-24 14:30:30.909 [Test worker] DEBUG c.g.d.z.s.o.a.h.c.h.i.c.MainClientExec - ex-00000099: connection can be kept alive for 3 MINUTES
2024-07-24 14:30:30.909 [Test worker] DEBUG c.g.d.z.s.o.a.hc.client5.http.wire - http-outgoing-14 << "58[\r][\n]"
2024-07-24 14:30:30.909 [Test worker] DEBUG c.g.d.z.s.o.a.hc.client5.http.wire - http-outgoing-14 << "{"Id":"f2981dec7496bbfe77ed467a3fd13082650c1d8eb0320229b91cfc49ffb16235","Warnings":[]}[\n]"
2024-07-24 14:30:30.909 [Test worker] DEBUG c.g.d.z.s.o.a.hc.client5.http.wire - http-outgoing-14 << "[\r][\n]"
2024-07-24 14:30:30.909 [Test worker] DEBUG c.g.d.z.s.o.a.hc.client5.http.wire - http-outgoing-14 << "0[\r][\n]"
2024-07-24 14:30:30.909 [Test worker] DEBUG c.g.d.z.s.o.a.hc.client5.http.wire - http-outgoing-14 << "[\r][\n]"
2024-07-24 14:30:30.909 [Test worker] DEBUG c.g.d.z.s.o.a.h.c.h.i.c.InternalHttpClient - ep-00000098: releasing valid endpoint
2024-07-24 14:30:30.909 [Test worker] DEBUG c.g.d.z.s.o.a.h.c.h.i.i.PoolingHttpClientConnectionManager - ep-00000098: releasing endpoint
2024-07-24 14:30:30.909 [Test worker] DEBUG c.g.d.z.s.o.a.h.c.h.i.i.PoolingHttpClientConnectionManager - ep-00000098: connection http-outgoing-14 can be kept alive for 3 MINUTES
2024-07-24 14:30:30.909 [Test worker] DEBUG c.g.d.z.s.o.a.h.c.h.i.i.PoolingHttpClientConnectionManager - ep-00000098: connection released [route: {}->npipe://localhost:2375][total available: 1; route allocated: 1 of 2147483647; total allocated: 1 of 2147483647]
2024-07-24 14:30:30.909 [Test worker] INFO  tc.postgres:latest - Container postgres:latest is starting: f2981dec7496bbfe77ed467a3fd13082650c1d8eb0320229b91cfc49ffb16235
2024-07-24 14:30:30.910 [Test worker] DEBUG o.t.s.c.g.d.c.command.AbstrDockerCmd - Cmd: f2981dec7496bbfe77ed467a3fd13082650c1d8eb0320229b91cfc49ffb16235
2024-07-24 14:30:30.910 [Test worker] TRACE o.t.s.c.g.d.c.e.StartContainerCmdExec - POST: DefaultWebTarget{path=[/containers/f2981dec7496bbfe77ed467a3fd13082650c1d8eb0320229b91cfc49ffb16235/start], queryParams={}}
2024-07-24 14:30:30.910 [Test worker] DEBUG c.g.d.z.s.o.a.h.c.h.i.c.InternalHttpClient - ex-0000009A: preparing request execution
2024-07-24 14:30:30.910 [Test worker] DEBUG c.g.d.z.s.o.a.h.c.h.p.RequestAddCookies - Cookie spec selected: strict
2024-07-24 14:30:30.910 [Test worker] DEBUG c.g.d.z.s.o.a.h.c.h.p.RequestAuthCache - Auth cache not set in the context
2024-07-24 14:30:30.910 [Test worker] DEBUG c.g.d.z.s.o.a.h.c.h.i.c.ProtocolExec - ex-0000009A: target auth state: UNCHALLENGED
2024-07-24 14:30:30.910 [Test worker] DEBUG c.g.d.z.s.o.a.h.c.h.i.c.ProtocolExec - ex-0000009A: proxy auth state: UNCHALLENGED
2024-07-24 14:30:30.910 [Test worker] DEBUG c.g.d.z.s.o.a.h.c.h.i.c.ConnectExec - ex-0000009A: acquiring connection with route {}->npipe://localhost:2375
2024-07-24 14:30:30.910 [Test worker] DEBUG c.g.d.z.s.o.a.h.c.h.i.c.InternalHttpClient - ex-0000009A: acquiring endpoint (3 MINUTES)
2024-07-24 14:30:30.910 [Test worker] DEBUG c.g.d.z.s.o.a.h.c.h.i.i.PoolingHttpClientConnectionManager - ex-0000009A: endpoint lease request (3 MINUTES) [route: {}->npipe://localhost:2375][total available: 1; route allocated: 1 of 2147483647; total allocated: 1 of 2147483647]
2024-07-24 14:30:30.910 [Test worker] DEBUG c.g.d.z.s.o.a.h.c.h.i.i.PoolingHttpClientConnectionManager - ex-0000009A: endpoint leased [route: {}->npipe://localhost:2375][total available: 0; route allocated: 1 of 2147483647; total allocated: 1 of 2147483647]
2024-07-24 14:30:30.910 [Test worker] DEBUG c.g.d.z.s.o.a.h.c.h.i.i.PoolingHttpClientConnectionManager - ex-0000009A: acquired ep-00000099
2024-07-24 14:30:30.910 [Test worker] DEBUG c.g.d.z.s.o.a.h.c.h.i.c.InternalHttpClient - ex-0000009A: acquired endpoint ep-00000099
2024-07-24 14:30:30.910 [Test worker] DEBUG c.g.d.z.s.o.a.h.c.h.i.c.MainClientExec - ex-0000009A: executing POST /v1.32/containers/f2981dec7496bbfe77ed467a3fd13082650c1d8eb0320229b91cfc49ffb16235/start HTTP/1.1
2024-07-24 14:30:30.910 [Test worker] DEBUG c.g.d.z.s.o.a.h.c.h.i.c.InternalHttpClient - ep-00000099: start execution ex-0000009A
2024-07-24 14:30:30.910 [Test worker] DEBUG c.g.d.z.s.o.a.h.c.h.i.i.PoolingHttpClientConnectionManager - ep-00000099: executing exchange ex-0000009A over http-outgoing-14
2024-07-24 14:30:30.910 [Test worker] DEBUG c.g.d.z.s.o.a.h.client5.http.headers - http-outgoing-14 >> POST /v1.32/containers/f2981dec7496bbfe77ed467a3fd13082650c1d8eb0320229b91cfc49ffb16235/start HTTP/1.1
2024-07-24 14:30:30.910 [Test worker] DEBUG c.g.d.z.s.o.a.h.client5.http.headers - http-outgoing-14 >> accept: application/json
2024-07-24 14:30:30.910 [Test worker] DEBUG c.g.d.z.s.o.a.h.client5.http.headers - http-outgoing-14 >> content-type: application/json
2024-07-24 14:30:30.910 [Test worker] DEBUG c.g.d.z.s.o.a.h.client5.http.headers - http-outgoing-14 >> x-tc-sid: 280e6229-7396-4d60-b1e3-a5de48b5d49b
2024-07-24 14:30:30.910 [Test worker] DEBUG c.g.d.z.s.o.a.h.client5.http.headers - http-outgoing-14 >> User-Agent: tc-java/1.19.8
2024-07-24 14:30:30.910 [Test worker] DEBUG c.g.d.z.s.o.a.h.client5.http.headers - http-outgoing-14 >> Accept-Encoding: gzip, x-gzip, deflate
2024-07-24 14:30:30.910 [Test worker] DEBUG c.g.d.z.s.o.a.h.client5.http.headers - http-outgoing-14 >> Host: localhost:2375
2024-07-24 14:30:30.910 [Test worker] DEBUG c.g.d.z.s.o.a.h.client5.http.headers - http-outgoing-14 >> Connection: keep-alive
2024-07-24 14:30:30.910 [Test worker] DEBUG c.g.d.z.s.o.a.hc.client5.http.wire - http-outgoing-14 >> "POST /v1.32/containers/f2981dec7496bbfe77ed467a3fd13082650c1d8eb0320229b91cfc49ffb16235/start HTTP/1.1[\r][\n]"
2024-07-24 14:30:30.910 [Test worker] DEBUG c.g.d.z.s.o.a.hc.client5.http.wire - http-outgoing-14 >> "accept: application/json[\r][\n]"
2024-07-24 14:30:30.910 [Test worker] DEBUG c.g.d.z.s.o.a.hc.client5.http.wire - http-outgoing-14 >> "content-type: application/json[\r][\n]"
2024-07-24 14:30:30.910 [Test worker] DEBUG c.g.d.z.s.o.a.hc.client5.http.wire - http-outgoing-14 >> "x-tc-sid: 280e6229-7396-4d60-b1e3-a5de48b5d49b[\r][\n]"
2024-07-24 14:30:30.910 [Test worker] DEBUG c.g.d.z.s.o.a.hc.client5.http.wire - http-outgoing-14 >> "User-Agent: tc-java/1.19.8[\r][\n]"
2024-07-24 14:30:30.910 [Test worker] DEBUG c.g.d.z.s.o.a.hc.client5.http.wire - http-outgoing-14 >> "Accept-Encoding: gzip, x-gzip, deflate[\r][\n]"
2024-07-24 14:30:30.910 [Test worker] DEBUG c.g.d.z.s.o.a.hc.client5.http.wire - http-outgoing-14 >> "Host: localhost:2375[\r][\n]"
2024-07-24 14:30:30.910 [Test worker] DEBUG c.g.d.z.s.o.a.hc.client5.http.wire - http-outgoing-14 >> "Connection: keep-alive[\r][\n]"
2024-07-24 14:30:30.910 [Test worker] DEBUG c.g.d.z.s.o.a.hc.client5.http.wire - http-outgoing-14 >> "[\r][\n]"
2024-07-24 14:30:31.261 [Test worker] DEBUG c.g.d.z.s.o.a.hc.client5.http.wire - http-outgoing-14 << "HTTP/1.1 204 No Content[\r][\n]"
2024-07-24 14:30:31.261 [Test worker] DEBUG c.g.d.z.s.o.a.hc.client5.http.wire - http-outgoing-14 << "Api-Version: 1.45[\r][\n]"
2024-07-24 14:30:31.261 [Test worker] DEBUG c.g.d.z.s.o.a.hc.client5.http.wire - http-outgoing-14 << "Date: Wed, 24 Jul 2024 02:30:31 GMT[\r][\n]"
2024-07-24 14:30:31.261 [Test worker] DEBUG c.g.d.z.s.o.a.hc.client5.http.wire - http-outgoing-14 << "Docker-Experimental: false[\r][\n]"
2024-07-24 14:30:31.261 [Test worker] DEBUG c.g.d.z.s.o.a.hc.client5.http.wire - http-outgoing-14 << "Ostype: linux[\r][\n]"
2024-07-24 14:30:31.261 [Test worker] DEBUG c.g.d.z.s.o.a.hc.client5.http.wire - http-outgoing-14 << "Server: Docker/26.0.0 (linux)[\r][\n]"
2024-07-24 14:30:31.261 [Test worker] DEBUG c.g.d.z.s.o.a.hc.client5.http.wire - http-outgoing-14 << "[\r][\n]"
2024-07-24 14:30:31.261 [Test worker] DEBUG c.g.d.z.s.o.a.h.client5.http.headers - http-outgoing-14 << HTTP/1.1 204 No Content
2024-07-24 14:30:31.261 [Test worker] DEBUG c.g.d.z.s.o.a.h.client5.http.headers - http-outgoing-14 << Api-Version: 1.45
2024-07-24 14:30:31.261 [Test worker] DEBUG c.g.d.z.s.o.a.h.client5.http.headers - http-outgoing-14 << Date: Wed, 24 Jul 2024 02:30:31 GMT
2024-07-24 14:30:31.261 [Test worker] DEBUG c.g.d.z.s.o.a.h.client5.http.headers - http-outgoing-14 << Docker-Experimental: false
2024-07-24 14:30:31.261 [Test worker] DEBUG c.g.d.z.s.o.a.h.client5.http.headers - http-outgoing-14 << Ostype: linux
2024-07-24 14:30:31.261 [Test worker] DEBUG c.g.d.z.s.o.a.h.client5.http.headers - http-outgoing-14 << Server: Docker/26.0.0 (linux)
2024-07-24 14:30:31.261 [Test worker] DEBUG c.g.d.z.s.o.a.h.c.h.i.c.MainClientExec - ex-0000009A: connection can be kept alive for 3 MINUTES
2024-07-24 14:30:31.261 [Test worker] DEBUG c.g.d.z.s.o.a.h.c.h.i.c.InternalHttpClient - ep-00000099: releasing valid endpoint
2024-07-24 14:30:31.261 [Test worker] DEBUG c.g.d.z.s.o.a.h.c.h.i.i.PoolingHttpClientConnectionManager - ep-00000099: releasing endpoint
2024-07-24 14:30:31.261 [Test worker] DEBUG c.g.d.z.s.o.a.h.c.h.i.i.PoolingHttpClientConnectionManager - ep-00000099: connection http-outgoing-14 can be kept alive for 3 MINUTES
2024-07-24 14:30:31.261 [Test worker] DEBUG c.g.d.z.s.o.a.h.c.h.i.i.PoolingHttpClientConnectionManager - ep-00000099: connection released [route: {}->npipe://localhost:2375][total available: 1; route allocated: 1 of 2147483647; total allocated: 1 of 2147483647]
2024-07-24 14:30:31.262 [Test worker] DEBUG o.t.s.c.g.d.c.command.AbstrDockerCmd - Cmd: f2981dec7496bbfe77ed467a3fd13082650c1d8eb0320229b91cfc49ffb16235,false
2024-07-24 14:30:31.262 [Test worker] DEBUG o.t.s.c.g.d.c.e.InspectContainerCmdExec - GET: DefaultWebTarget{path=[/containers/f2981dec7496bbfe77ed467a3fd13082650c1d8eb0320229b91cfc49ffb16235/json], queryParams={}}
2024-07-24 14:30:31.263 [Test worker] DEBUG c.g.d.z.s.o.a.h.c.h.i.c.InternalHttpClient - ex-0000009B: preparing request execution
2024-07-24 14:30:31.263 [Test worker] DEBUG c.g.d.z.s.o.a.h.c.h.p.RequestAddCookies - Cookie spec selected: strict
2024-07-24 14:30:31.263 [Test worker] DEBUG c.g.d.z.s.o.a.h.c.h.p.RequestAuthCache - Auth cache not set in the context
2024-07-24 14:30:31.263 [Test worker] DEBUG c.g.d.z.s.o.a.h.c.h.i.c.ProtocolExec - ex-0000009B: target auth state: UNCHALLENGED
2024-07-24 14:30:31.263 [Test worker] DEBUG c.g.d.z.s.o.a.h.c.h.i.c.ProtocolExec - ex-0000009B: proxy auth state: UNCHALLENGED
2024-07-24 14:30:31.263 [Test worker] DEBUG c.g.d.z.s.o.a.h.c.h.i.c.ConnectExec - ex-0000009B: acquiring connection with route {}->npipe://localhost:2375
2024-07-24 14:30:31.263 [Test worker] DEBUG c.g.d.z.s.o.a.h.c.h.i.c.InternalHttpClient - ex-0000009B: acquiring endpoint (3 MINUTES)
2024-07-24 14:30:31.263 [Test worker] DEBUG c.g.d.z.s.o.a.h.c.h.i.i.PoolingHttpClientConnectionManager - ex-0000009B: endpoint lease request (3 MINUTES) [route: {}->npipe://localhost:2375][total available: 1; route allocated: 1 of 2147483647; total allocated: 1 of 2147483647]
2024-07-24 14:30:31.263 [Test worker] DEBUG c.g.d.z.s.o.a.h.c.h.i.i.PoolingHttpClientConnectionManager - ex-0000009B: endpoint leased [route: {}->npipe://localhost:2375][total available: 0; route allocated: 1 of 2147483647; total allocated: 1 of 2147483647]
2024-07-24 14:30:31.263 [Test worker] DEBUG c.g.d.z.s.o.a.h.c.h.i.i.PoolingHttpClientConnectionManager - ex-0000009B: acquired ep-0000009A
2024-07-24 14:30:31.263 [Test worker] DEBUG c.g.d.z.s.o.a.h.c.h.i.c.InternalHttpClient - ex-0000009B: acquired endpoint ep-0000009A
2024-07-24 14:30:31.263 [Test worker] DEBUG c.g.d.z.s.o.a.h.c.h.i.c.MainClientExec - ex-0000009B: executing GET /v1.32/containers/f2981dec7496bbfe77ed467a3fd13082650c1d8eb0320229b91cfc49ffb16235/json HTTP/1.1
2024-07-24 14:30:31.263 [Test worker] DEBUG c.g.d.z.s.o.a.h.c.h.i.c.InternalHttpClient - ep-0000009A: start execution ex-0000009B
2024-07-24 14:30:31.263 [Test worker] DEBUG c.g.d.z.s.o.a.h.c.h.i.i.PoolingHttpClientConnectionManager - ep-0000009A: executing exchange ex-0000009B over http-outgoing-14
2024-07-24 14:30:31.263 [Test worker] DEBUG c.g.d.z.s.o.a.h.client5.http.headers - http-outgoing-14 >> GET /v1.32/containers/f2981dec7496bbfe77ed467a3fd13082650c1d8eb0320229b91cfc49ffb16235/json HTTP/1.1
2024-07-24 14:30:31.263 [Test worker] DEBUG c.g.d.z.s.o.a.h.client5.http.headers - http-outgoing-14 >> accept: application/json
2024-07-24 14:30:31.263 [Test worker] DEBUG c.g.d.z.s.o.a.h.client5.http.headers - http-outgoing-14 >> x-tc-sid: 280e6229-7396-4d60-b1e3-a5de48b5d49b
2024-07-24 14:30:31.263 [Test worker] DEBUG c.g.d.z.s.o.a.h.client5.http.headers - http-outgoing-14 >> User-Agent: tc-java/1.19.8
2024-07-24 14:30:31.263 [Test worker] DEBUG c.g.d.z.s.o.a.h.client5.http.headers - http-outgoing-14 >> Accept-Encoding: gzip, x-gzip, deflate
2024-07-24 14:30:31.263 [Test worker] DEBUG c.g.d.z.s.o.a.h.client5.http.headers - http-outgoing-14 >> Host: localhost:2375
2024-07-24 14:30:31.263 [Test worker] DEBUG c.g.d.z.s.o.a.h.client5.http.headers - http-outgoing-14 >> Connection: keep-alive
2024-07-24 14:30:31.263 [Test worker] DEBUG c.g.d.z.s.o.a.hc.client5.http.wire - http-outgoing-14 >> "GET /v1.32/containers/f2981dec7496bbfe77ed467a3fd13082650c1d8eb0320229b91cfc49ffb16235/json HTTP/1.1[\r][\n]"
2024-07-24 14:30:31.263 [Test worker] DEBUG c.g.d.z.s.o.a.hc.client5.http.wire - http-outgoing-14 >> "accept: application/json[\r][\n]"
2024-07-24 14:30:31.263 [Test worker] DEBUG c.g.d.z.s.o.a.hc.client5.http.wire - http-outgoing-14 >> "x-tc-sid: 280e6229-7396-4d60-b1e3-a5de48b5d49b[\r][\n]"
2024-07-24 14:30:31.263 [Test worker] DEBUG c.g.d.z.s.o.a.hc.client5.http.wire - http-outgoing-14 >> "User-Agent: tc-java/1.19.8[\r][\n]"
2024-07-24 14:30:31.263 [Test worker] DEBUG c.g.d.z.s.o.a.hc.client5.http.wire - http-outgoing-14 >> "Accept-Encoding: gzip, x-gzip, deflate[\r][\n]"
2024-07-24 14:30:31.263 [Test worker] DEBUG c.g.d.z.s.o.a.hc.client5.http.wire - http-outgoing-14 >> "Host: localhost:2375[\r][\n]"
2024-07-24 14:30:31.263 [Test worker] DEBUG c.g.d.z.s.o.a.hc.client5.http.wire - http-outgoing-14 >> "Connection: keep-alive[\r][\n]"
2024-07-24 14:30:31.263 [Test worker] DEBUG c.g.d.z.s.o.a.hc.client5.http.wire - http-outgoing-14 >> "[\r][\n]"
2024-07-24 14:30:31.267 [Test worker] DEBUG c.g.d.z.s.o.a.hc.client5.http.wire - http-outgoing-14 << "HTTP/1.1 200 OK[\r][\n]"
2024-07-24 14:30:31.267 [Test worker] DEBUG c.g.d.z.s.o.a.hc.client5.http.wire - http-outgoing-14 << "Api-Version: 1.45[\r][\n]"
2024-07-24 14:30:31.267 [Test worker] DEBUG c.g.d.z.s.o.a.hc.client5.http.wire - http-outgoing-14 << "Content-Type: application/json[\r][\n]"
2024-07-24 14:30:31.267 [Test worker] DEBUG c.g.d.z.s.o.a.hc.client5.http.wire - http-outgoing-14 << "Date: Wed, 24 Jul 2024 02:30:31 GMT[\r][\n]"
2024-07-24 14:30:31.267 [Test worker] DEBUG c.g.d.z.s.o.a.hc.client5.http.wire - http-outgoing-14 << "Docker-Experimental: false[\r][\n]"
2024-07-24 14:30:31.267 [Test worker] DEBUG c.g.d.z.s.o.a.hc.client5.http.wire - http-outgoing-14 << "Ostype: linux[\r][\n]"
2024-07-24 14:30:31.267 [Test worker] DEBUG c.g.d.z.s.o.a.hc.client5.http.wire - http-outgoing-14 << "Server: Docker/26.0.0 (linux)[\r][\n]"
2024-07-24 14:30:31.267 [Test worker] DEBUG c.g.d.z.s.o.a.hc.client5.http.wire - http-outgoing-14 << "Transfer-Encoding: chunked[\r][\n]"
2024-07-24 14:30:31.267 [Test worker] DEBUG c.g.d.z.s.o.a.hc.client5.http.wire - http-outgoing-14 << "[\r][\n]"
2024-07-24 14:30:31.267 [Test worker] DEBUG c.g.d.z.s.o.a.h.client5.http.headers - http-outgoing-14 << HTTP/1.1 200 OK
2024-07-24 14:30:31.267 [Test worker] DEBUG c.g.d.z.s.o.a.h.client5.http.headers - http-outgoing-14 << Api-Version: 1.45
2024-07-24 14:30:31.267 [Test worker] DEBUG c.g.d.z.s.o.a.h.client5.http.headers - http-outgoing-14 << Content-Type: application/json
2024-07-24 14:30:31.267 [Test worker] DEBUG c.g.d.z.s.o.a.h.client5.http.headers - http-outgoing-14 << Date: Wed, 24 Jul 2024 02:30:31 GMT
2024-07-24 14:30:31.267 [Test worker] DEBUG c.g.d.z.s.o.a.h.client5.http.headers - http-outgoing-14 << Docker-Experimental: false
2024-07-24 14:30:31.267 [Test worker] DEBUG c.g.d.z.s.o.a.h.client5.http.headers - http-outgoing-14 << Ostype: linux
2024-07-24 14:30:31.267 [Test worker] DEBUG c.g.d.z.s.o.a.h.client5.http.headers - http-outgoing-14 << Server: Docker/26.0.0 (linux)
2024-07-24 14:30:31.267 [Test worker] DEBUG c.g.d.z.s.o.a.h.client5.http.headers - http-outgoing-14 << Transfer-Encoding: chunked
2024-07-24 14:30:31.267 [Test worker] DEBUG c.g.d.z.s.o.a.h.c.h.i.c.MainClientExec - ex-0000009B: connection can be kept alive for 3 MINUTES
2024-07-24 14:30:31.268 [Test worker] DEBUG c.g.d.z.s.o.a.hc.client5.http.wire - http-outgoing-14 << "1a39[\r][\n]"
2024-07-24 14:30:31.268 [Test worker] DEBUG c.g.d.z.s.o.a.hc.client5.http.wire - http-outgoing-14 << "{"Id":"f2981dec7496bbfe77ed467a3fd13082650c1d8eb0320229b91cfc49ffb16235","Created":"2024-07-24T02:30:30.774870272Z","Path":"docker-entrypoint.sh","Args":["postgres","-c","fsync=off"],"State":{"Status":"running","Running":true,"Paused":false,"Restarting":false,"OOMKilled":false,"Dead":false,"Pid":29727,"ExitCode":0,"Error":"","StartedAt":"2024-07-24T02:30:31.227858183Z","FinishedAt":"0001-01-01T00:00:00Z"},"Image":"sha256:8e4fc9e184899a58735e7ee333f5e272d7d2298cf59302006b71f33e217be130","ResolvConfPath":"/var/lib/docker/containers/f2981dec7496bbfe77ed467a3fd13082650c1d8eb0320229b91cfc49ffb16235/resolv.conf","HostnamePath":"/var/lib/docker/containers/f2981dec7496bbfe77ed467a3fd13082650c1d8eb0320229b91cfc49ffb16235/hostname","HostsPath":"/var/lib/docker/containers/f2981dec7496bbfe77ed467a3fd13082650c1d8eb0320229b91cfc49ffb16235/hosts","LogPath":"/var/lib/docker/containers/f2981dec7496bbfe77ed467a3fd13082650c1d8eb0320229b91cfc49ffb16235/f2981dec7496bbfe77ed467a3fd13082650c1d8eb0320229b91cfc49ffb16235-json.log","Name":"/clever_antonelli","RestartCount":0,"Driver":"overlay2","Platform":"linux","MountLabel":"","ProcessLabel":"","AppArmorProfile":"","ExecIDs":null,"HostConfig":{"Binds":[],"ContainerIDFile":"","LogConfig":{"Type":"json-file","Config":{}},"NetworkMode":"default","PortBindings":{"5432/tcp":[{"HostIp":"0.0.0.0","HostPort":"0"}]},"RestartPolicy":{"Name":"no","MaximumRetryCount":0},"AutoRemove":false,"VolumeDriver":"","VolumesFrom":[],"ConsoleSize":[0,0],"CapAdd":null,"CapDrop":null,"CgroupnsMode":"host","Dns":null,"DnsOptions":null,"DnsSearch":null,"ExtraHosts":[],"GroupAdd":null,"IpcMode":"shareable","Cgroup":"","Links":null,"OomScoreAdj":0,"PidMode":"","Privileged":false,"PublishAllPorts":false,"ReadonlyRootfs":false,"SecurityOpt":null,"UTSMode":"","UsernsMode":"","ShmSize":67108864,"Runtime":"runc","Isolation":"","CpuShares":0,"Memory":0,"NanoCpus":0,"CgroupParent":"","BlkioWeight":0,"BlkioWeightDevice":null,"BlkioDeviceReadBps":null,"BlkioDeviceWriteBps":null,"BlkioDeviceReadIOps":null,"BlkioDeviceWriteIOps":null,"CpuPeriod":0,"CpuQuota":0,"CpuRealtimePeriod":0,"CpuRealtimeRuntime":0,"CpusetCpus":"","CpusetMems":"","Devices":null,"DeviceCgroupRules":null,"DeviceRequests":null,"MemoryReservation":0,"MemorySwap":0,"MemorySwappiness":null,"OomKillDisable":false,"PidsLimit":null,"Ulimits":null,"CpuCount":0,"CpuPercent":0,"IOMaximumIOps":0,"IOMaximumBandwidth":0,"MaskedPaths":["/proc/asound","/proc/acpi","/proc/kcore","/proc/keys","/proc/latency_stats","/proc/timer_list","/proc/timer_stats","/proc/sched_debug","/proc/scsi","/sys/firmware","/sys/devices/virtual/powercap"],"ReadonlyPaths":["/proc/bus","/proc/fs","/proc/irq","/proc/sys","/proc/sysrq-trigger"]},"GraphDriver":{"Data":{"LowerDir":"/var/lib/docker/overlay2/4276cea001385bb7629b4fe75f3bbc3ebd9238d0e2d1f87ef5ecb7dbabe245ec-init/diff:/var/lib/docker/overlay2/8f0ddbd386af0785c2e348570516955816ab350305d698d363962d488eeb15ec/diff:/var/lib/docker/overlay2/0eb0ca73e9b0be7c3d7fa8762ef4778a68f38391bc84c037c2e90b88e781b475/diff:/var/lib/docker/overlay2/74e634bddc785c5d436b10a5158cd82e21dc2065fd1cf8ff9c1c12e01575a2d8/diff:/var/lib/docker/overlay2/bb918b2851cd2f508f1e3fdbfff8b7f8b041d61e65fe8c368288bf399e80b818/diff:/var/lib/docker/overlay2/2abab2946cbdc2941ee8ec4024c51dac7313dee9de5fbedd1ca33388c59eb3c8/diff:/var/lib/docker/overlay2/e12f6083ee669bd92743ceb339a896bb25dbe461b718705bb39eb410b80c0ecd/diff:/var/lib/docker/overlay2/ced1e86d670d097da5ed4da7288c22507735918959161c2cd8bf083fb30d169a/diff:/var/lib/docker/overlay2/94e9ac7b74923285ae73af20aeccb964ca9079e2305db367cb85d1603560472d/diff:/var/lib/docker/overlay2/a396b6dfd63f0c228c519871183c614cccf4d366a43460f27ecf97113c3c4be8/diff:/var/lib/docker/overlay2/f58ada5d5080c2bac553c734f81127660a90581a35ed2a92cebe3c59e340875b/diff:/var/lib/docker/overlay2/84f85636f37bf55d945e217b4f87a856eba7932284beaf042561007b66f48977/diff:/var/lib/docker/overlay2/1e6e519613884e91a2b74a588ba35dc8a2f789371ab798ef6e7d9836d756042f/diff:/var/lib/docker/overlay2/14a3151cc8b4f9d27d2e64f1a8abc0c7809309580f2d7e8dc8545055c1d56194/diff:/var/lib/do"
2024-07-24 14:30:31.268 [Test worker] DEBUG c.g.d.z.s.o.a.hc.client5.http.wire - http-outgoing-14 << "cker/overlay2/5b354b9e793401517fe2f1da697653fdaadffc54888eaf76d67e0600b8c68bdc/diff","MergedDir":"/var/lib/docker/overlay2/4276cea001385bb7629b4fe75f3bbc3ebd9238d0e2d1f87ef5ecb7dbabe245ec/merged","UpperDir":"/var/lib/docker/overlay2/4276cea001385bb7629b4fe75f3bbc3ebd9238d0e2d1f87ef5ecb7dbabe245ec/diff","WorkDir":"/var/lib/docker/overlay2/4276cea001385bb7629b4fe75f3bbc3ebd9238d0e2d1f87ef5ecb7dbabe245ec/work"},"Name":"overlay2"},"Mounts":[{"Type":"volume","Name":"a0ce8ffa2273a5eaed129112721e43d5e4c22f51d9f6a07bc5f7e2b1ac139297","Source":"/var/lib/docker/volumes/a0ce8ffa2273a5eaed129112721e43d5e4c22f51d9f6a07bc5f7e2b1ac139297/_data","Destination":"/var/lib/postgresql/data","Driver":"local","Mode":"","RW":true,"Propagation":""}],"Config":{"Hostname":"f2981dec7496","Domainname":"","User":"","AttachStdin":false,"AttachStdout":false,"AttachStderr":false,"ExposedPorts":{"5432/tcp":{}},"Tty":false,"OpenStdin":false,"StdinOnce":false,"Env":["POSTGRES_USER=user","POSTGRES_PASSWORD=password","POSTGRES_DB=db","PATH=/usr/local/sbin:/usr/local/bin:/usr/sbin:/usr/bin:/sbin:/bin:/usr/lib/postgresql/16/bin","GOSU_VERSION=1.17","LANG=en_US.utf8","PG_MAJOR=16","PG_VERSION=16.2-1.pgdg120+2","PGDATA=/var/lib/postgresql/data"],"Cmd":["postgres","-c","fsync=off"],"Image":"postgres:latest","Volumes":{"/var/lib/postgresql/data":{}},"WorkingDir":"","Entrypoint":["docker-entrypoint.sh"],"OnBuild":null,"Labels":{"org.testcontainers":"true","org.testcontainers.lang":"java","org.testcontainers.sessionId":"280e6229-7396-4d60-b1e3-a5de48b5d49b","org.testcontainers.version":"1.19.8"},"StopSignal":"SIGINT"},"NetworkSettings":{"Bridge":"","SandboxID":"69f83d8c9670372dffa31ac94ae82e80e383fe2bd26b76da2d5c831d2440d619","SandboxKey":"/var/run/docker/netns/69f83d8c9670","Ports":{"5432/tcp":[{"HostIp":"0.0.0.0","HostPort":"51555"}]},"HairpinMode":false,"LinkLocalIPv6Address":"","LinkLocalIPv6PrefixLen":0,"SecondaryIPAddresses":null,"SecondaryIPv6Addresses":null,"EndpointID":"b6f3ddea6bb48b966277a0704cc4a7b687748d819512ad276d6da6a2e7e8650a","Gateway":"172.17.0.1","GlobalIPv6Address":"","GlobalIPv6PrefixLen":0,"IPAddress":"172.17.0.3","IPPrefixLen":16,"IPv6Gateway":"","MacAddress":"02:42:ac:11:00:03","Networks":{"bridge":{"IPAMConfig":null,"Links":null,"Aliases":null,"MacAddress":"02:42:ac:11:00:03","NetworkID":"3c842496be344cbdae878c1dee0957e7bc7c0a2236009c92752030f2b053e72f","EndpointID":"b6f3ddea6bb48b966277a0704cc4a7b687748d819512ad276d6da6a2e7e8650a","Gateway":"172.17.0.1","IPAddress":"172.17.0.3","IPPrefixLen":16,"IPv6Gateway":"","GlobalIPv6Address":"","GlobalIPv6PrefixLen":0,"DriverOpts":null,"DNSNames":null}}}}[\n]"
2024-07-24 14:30:31.269 [Test worker] DEBUG c.g.d.z.s.o.a.hc.client5.http.wire - http-outgoing-14 << "[\r][\n]"
2024-07-24 14:30:31.269 [Test worker] DEBUG c.g.d.z.s.o.a.hc.client5.http.wire - http-outgoing-14 << "0[\r][\n]"
2024-07-24 14:30:31.269 [Test worker] DEBUG c.g.d.z.s.o.a.hc.client5.http.wire - http-outgoing-14 << "[\r][\n]"
2024-07-24 14:30:31.269 [Test worker] DEBUG c.g.d.z.s.o.a.h.c.h.i.c.InternalHttpClient - ep-0000009A: releasing valid endpoint
2024-07-24 14:30:31.269 [Test worker] DEBUG c.g.d.z.s.o.a.h.c.h.i.i.PoolingHttpClientConnectionManager - ep-0000009A: releasing endpoint
2024-07-24 14:30:31.269 [Test worker] DEBUG c.g.d.z.s.o.a.h.c.h.i.i.PoolingHttpClientConnectionManager - ep-0000009A: connection http-outgoing-14 can be kept alive for 3 MINUTES
2024-07-24 14:30:31.269 [Test worker] DEBUG c.g.d.z.s.o.a.h.c.h.i.i.PoolingHttpClientConnectionManager - ep-0000009A: connection released [route: {}->npipe://localhost:2375][total available: 1; route allocated: 1 of 2147483647; total allocated: 1 of 2147483647]
2024-07-24 14:30:31.269 [Test worker] DEBUG o.t.s.c.g.d.c.command.AbstrDockerCmd - Cmd: sha256:8e4fc9e184899a58735e7ee333f5e272d7d2298cf59302006b71f33e217be130
2024-07-24 14:30:31.270 [Test worker] TRACE o.t.s.c.g.d.c.e.InspectImageCmdExec - GET: DefaultWebTarget{path=[/images/sha256:8e4fc9e184899a58735e7ee333f5e272d7d2298cf59302006b71f33e217be130/json], queryParams={}}
2024-07-24 14:30:31.270 [Test worker] DEBUG c.g.d.z.s.o.a.h.c.h.i.c.InternalHttpClient - ex-0000009C: preparing request execution
2024-07-24 14:30:31.270 [Test worker] DEBUG c.g.d.z.s.o.a.h.c.h.p.RequestAddCookies - Cookie spec selected: strict
2024-07-24 14:30:31.270 [Test worker] DEBUG c.g.d.z.s.o.a.h.c.h.p.RequestAuthCache - Auth cache not set in the context
2024-07-24 14:30:31.270 [Test worker] DEBUG c.g.d.z.s.o.a.h.c.h.i.c.ProtocolExec - ex-0000009C: target auth state: UNCHALLENGED
2024-07-24 14:30:31.270 [Test worker] DEBUG c.g.d.z.s.o.a.h.c.h.i.c.ProtocolExec - ex-0000009C: proxy auth state: UNCHALLENGED
2024-07-24 14:30:31.270 [Test worker] DEBUG c.g.d.z.s.o.a.h.c.h.i.c.ConnectExec - ex-0000009C: acquiring connection with route {}->npipe://localhost:2375
2024-07-24 14:30:31.270 [Test worker] DEBUG c.g.d.z.s.o.a.h.c.h.i.c.InternalHttpClient - ex-0000009C: acquiring endpoint (3 MINUTES)
2024-07-24 14:30:31.270 [Test worker] DEBUG c.g.d.z.s.o.a.h.c.h.i.i.PoolingHttpClientConnectionManager - ex-0000009C: endpoint lease request (3 MINUTES) [route: {}->npipe://localhost:2375][total available: 1; route allocated: 1 of 2147483647; total allocated: 1 of 2147483647]
2024-07-24 14:30:31.270 [Test worker] DEBUG c.g.d.z.s.o.a.h.c.h.i.i.PoolingHttpClientConnectionManager - ex-0000009C: endpoint leased [route: {}->npipe://localhost:2375][total available: 0; route allocated: 1 of 2147483647; total allocated: 1 of 2147483647]
2024-07-24 14:30:31.270 [Test worker] DEBUG c.g.d.z.s.o.a.h.c.h.i.i.PoolingHttpClientConnectionManager - ex-0000009C: acquired ep-0000009B
2024-07-24 14:30:31.270 [Test worker] DEBUG c.g.d.z.s.o.a.h.c.h.i.c.InternalHttpClient - ex-0000009C: acquired endpoint ep-0000009B
2024-07-24 14:30:31.270 [Test worker] DEBUG c.g.d.z.s.o.a.h.c.h.i.c.MainClientExec - ex-0000009C: executing GET /v1.32/images/sha256:8e4fc9e184899a58735e7ee333f5e272d7d2298cf59302006b71f33e217be130/json HTTP/1.1
2024-07-24 14:30:31.270 [Test worker] DEBUG c.g.d.z.s.o.a.h.c.h.i.c.InternalHttpClient - ep-0000009B: start execution ex-0000009C
2024-07-24 14:30:31.270 [Test worker] DEBUG c.g.d.z.s.o.a.h.c.h.i.i.PoolingHttpClientConnectionManager - ep-0000009B: executing exchange ex-0000009C over http-outgoing-14
2024-07-24 14:30:31.271 [Test worker] DEBUG c.g.d.z.s.o.a.h.client5.http.headers - http-outgoing-14 >> GET /v1.32/images/sha256:8e4fc9e184899a58735e7ee333f5e272d7d2298cf59302006b71f33e217be130/json HTTP/1.1
2024-07-24 14:30:31.271 [Test worker] DEBUG c.g.d.z.s.o.a.h.client5.http.headers - http-outgoing-14 >> accept: application/json
2024-07-24 14:30:31.271 [Test worker] DEBUG c.g.d.z.s.o.a.h.client5.http.headers - http-outgoing-14 >> x-tc-sid: 280e6229-7396-4d60-b1e3-a5de48b5d49b
2024-07-24 14:30:31.271 [Test worker] DEBUG c.g.d.z.s.o.a.h.client5.http.headers - http-outgoing-14 >> User-Agent: tc-java/1.19.8
2024-07-24 14:30:31.271 [Test worker] DEBUG c.g.d.z.s.o.a.h.client5.http.headers - http-outgoing-14 >> Accept-Encoding: gzip, x-gzip, deflate
2024-07-24 14:30:31.271 [Test worker] DEBUG c.g.d.z.s.o.a.h.client5.http.headers - http-outgoing-14 >> Host: localhost:2375
2024-07-24 14:30:31.271 [Test worker] DEBUG c.g.d.z.s.o.a.h.client5.http.headers - http-outgoing-14 >> Connection: keep-alive
2024-07-24 14:30:31.271 [Test worker] DEBUG c.g.d.z.s.o.a.hc.client5.http.wire - http-outgoing-14 >> "GET /v1.32/images/sha256:8e4fc9e184899a58735e7ee333f5e272d7d2298cf59302006b71f33e217be130/json HTTP/1.1[\r][\n]"
2024-07-24 14:30:31.271 [Test worker] DEBUG c.g.d.z.s.o.a.hc.client5.http.wire - http-outgoing-14 >> "accept: application/json[\r][\n]"
2024-07-24 14:30:31.271 [Test worker] DEBUG c.g.d.z.s.o.a.hc.client5.http.wire - http-outgoing-14 >> "x-tc-sid: 280e6229-7396-4d60-b1e3-a5de48b5d49b[\r][\n]"
2024-07-24 14:30:31.271 [Test worker] DEBUG c.g.d.z.s.o.a.hc.client5.http.wire - http-outgoing-14 >> "User-Agent: tc-java/1.19.8[\r][\n]"
2024-07-24 14:30:31.271 [Test worker] DEBUG c.g.d.z.s.o.a.hc.client5.http.wire - http-outgoing-14 >> "Accept-Encoding: gzip, x-gzip, deflate[\r][\n]"
2024-07-24 14:30:31.271 [Test worker] DEBUG c.g.d.z.s.o.a.hc.client5.http.wire - http-outgoing-14 >> "Host: localhost:2375[\r][\n]"
2024-07-24 14:30:31.271 [Test worker] DEBUG c.g.d.z.s.o.a.hc.client5.http.wire - http-outgoing-14 >> "Connection: keep-alive[\r][\n]"
2024-07-24 14:30:31.271 [Test worker] DEBUG c.g.d.z.s.o.a.hc.client5.http.wire - http-outgoing-14 >> "[\r][\n]"
2024-07-24 14:30:31.274 [Test worker] DEBUG c.g.d.z.s.o.a.hc.client5.http.wire - http-outgoing-14 << "HTTP/1.1 200 OK[\r][\n]"
2024-07-24 14:30:31.274 [Test worker] DEBUG c.g.d.z.s.o.a.hc.client5.http.wire - http-outgoing-14 << "Api-Version: 1.45[\r][\n]"
2024-07-24 14:30:31.274 [Test worker] DEBUG c.g.d.z.s.o.a.hc.client5.http.wire - http-outgoing-14 << "Content-Type: application/json[\r][\n]"
2024-07-24 14:30:31.274 [Test worker] DEBUG c.g.d.z.s.o.a.hc.client5.http.wire - http-outgoing-14 << "Date: Wed, 24 Jul 2024 02:30:31 GMT[\r][\n]"
2024-07-24 14:30:31.274 [Test worker] DEBUG c.g.d.z.s.o.a.hc.client5.http.wire - http-outgoing-14 << "Docker-Experimental: false[\r][\n]"
2024-07-24 14:30:31.274 [Test worker] DEBUG c.g.d.z.s.o.a.hc.client5.http.wire - http-outgoing-14 << "Ostype: linux[\r][\n]"
2024-07-24 14:30:31.274 [Test worker] DEBUG c.g.d.z.s.o.a.hc.client5.http.wire - http-outgoing-14 << "Server: Docker/26.0.0 (linux)[\r][\n]"
2024-07-24 14:30:31.274 [Test worker] DEBUG c.g.d.z.s.o.a.hc.client5.http.wire - http-outgoing-14 << "Transfer-Encoding: chunked[\r][\n]"
2024-07-24 14:30:31.274 [Test worker] DEBUG c.g.d.z.s.o.a.hc.client5.http.wire - http-outgoing-14 << "[\r][\n]"
2024-07-24 14:30:31.274 [Test worker] DEBUG c.g.d.z.s.o.a.h.client5.http.headers - http-outgoing-14 << HTTP/1.1 200 OK
2024-07-24 14:30:31.274 [Test worker] DEBUG c.g.d.z.s.o.a.h.client5.http.headers - http-outgoing-14 << Api-Version: 1.45
2024-07-24 14:30:31.274 [Test worker] DEBUG c.g.d.z.s.o.a.h.client5.http.headers - http-outgoing-14 << Content-Type: application/json
2024-07-24 14:30:31.274 [Test worker] DEBUG c.g.d.z.s.o.a.h.client5.http.headers - http-outgoing-14 << Date: Wed, 24 Jul 2024 02:30:31 GMT
2024-07-24 14:30:31.274 [Test worker] DEBUG c.g.d.z.s.o.a.h.client5.http.headers - http-outgoing-14 << Docker-Experimental: false
2024-07-24 14:30:31.274 [Test worker] DEBUG c.g.d.z.s.o.a.h.client5.http.headers - http-outgoing-14 << Ostype: linux
2024-07-24 14:30:31.274 [Test worker] DEBUG c.g.d.z.s.o.a.h.client5.http.headers - http-outgoing-14 << Server: Docker/26.0.0 (linux)
2024-07-24 14:30:31.274 [Test worker] DEBUG c.g.d.z.s.o.a.h.client5.http.headers - http-outgoing-14 << Transfer-Encoding: chunked
2024-07-24 14:30:31.274 [Test worker] DEBUG c.g.d.z.s.o.a.h.c.h.i.c.MainClientExec - ex-0000009C: connection can be kept alive for 3 MINUTES
2024-07-24 14:30:31.274 [Test worker] DEBUG c.g.d.z.s.o.a.hc.client5.http.wire - http-outgoing-14 << "fcb[\r][\n]"
2024-07-24 14:30:31.274 [Test worker] DEBUG c.g.d.z.s.o.a.hc.client5.http.wire - http-outgoing-14 << "{"Id":"sha256:8e4fc9e184899a58735e7ee333f5e272d7d2298cf59302006b71f33e217be130","RepoTags":["postgres:latest"],"RepoDigests":["postgres@sha256:4aea012537edfad80f98d870a36e6b90b4c09b27be7f4b4759d72db863baeebb"],"Parent":"","Comment":"buildkit.dockerfile.v0","Created":"2024-02-21T00:46:13Z","ContainerConfig":{"Hostname":"","Domainname":"","User":"","AttachStdin":false,"AttachStdout":false,"AttachStderr":false,"Tty":false,"OpenStdin":false,"StdinOnce":false,"Env":null,"Cmd":null,"Image":"","Volumes":null,"WorkingDir":"","Entrypoint":null,"OnBuild":null,"Labels":null},"DockerVersion":"","Author":"","Config":{"Hostname":"","Domainname":"","User":"","AttachStdin":false,"AttachStdout":false,"AttachStderr":false,"ExposedPorts":{"5432/tcp":{}},"Tty":false,"OpenStdin":false,"StdinOnce":false,"Env":["PATH=/usr/local/sbin:/usr/local/bin:/usr/sbin:/usr/bin:/sbin:/bin:/usr/lib/postgresql/16/bin","GOSU_VERSION=1.17","LANG=en_US.utf8","PG_MAJOR=16","PG_VERSION=16.2-1.pgdg120+2","PGDATA=/var/lib/postgresql/data"],"Cmd":["postgres"],"ArgsEscaped":true,"Image":"","Volumes":{"/var/lib/postgresql/data":{}},"WorkingDir":"","Entrypoint":["docker-entrypoint.sh"],"OnBuild":null,"Labels":null,"StopSignal":"SIGINT"},"Architecture":"amd64","Os":"linux","Size":431496964,"VirtualSize":431496964,"GraphDriver":{"Data":{"LowerDir":"/var/lib/docker/overlay2/0eb0ca73e9b0be7c3d7fa8762ef4778a68f38391bc84c037c2e90b88e781b475/diff:/var/lib/docker/overlay2/74e634bddc785c5d436b10a5158cd82e21dc2065fd1cf8ff9c1c12e01575a2d8/diff:/var/lib/docker/overlay2/bb918b2851cd2f508f1e3fdbfff8b7f8b041d61e65fe8c368288bf399e80b818/diff:/var/lib/docker/overlay2/2abab2946cbdc2941ee8ec4024c51dac7313dee9de5fbedd1ca33388c59eb3c8/diff:/var/lib/docker/overlay2/e12f6083ee669bd92743ceb339a896bb25dbe461b718705bb39eb410b80c0ecd/diff:/var/lib/docker/overlay2/ced1e86d670d097da5ed4da7288c22507735918959161c2cd8bf083fb30d169a/diff:/var/lib/docker/overlay2/94e9ac7b74923285ae73af20aeccb964ca9079e2305db367cb85d1603560472d/diff:/var/lib/docker/overlay2/a396b6dfd63f0c228c519871183c614cccf4d366a43460f27ecf97113c3c4be8/diff:/var/lib/docker/overlay2/f58ada5d5080c2bac553c734f81127660a90581a35ed2a92cebe3c59e340875b/diff:/var/lib/docker/overlay2/84f85636f37bf55d945e217b4f87a856eba7932284beaf042561007b66f48977/diff:/var/lib/docker/overlay2/1e6e519613884e91a2b74a588ba35dc8a2f789371ab798ef6e7d9836d756042f/diff:/var/lib/docker/overlay2/14a3151cc8b4f9d27d2e64f1a8abc0c7809309580f2d7e8dc8545055c1d56194/diff:/var/lib/docker/overlay2/5b354b9e793401517fe2f1da697653fdaadffc54888eaf76d67e0600b8c68bdc/diff","MergedDir":"/var/lib/docker/overlay2/8f0ddbd386af0785c2e348570516955816ab350305d698d363962d488eeb15ec/merged","UpperDir":"/var/lib/docker/overlay2/8f0ddbd386af0785c2e348570516955816ab350305d698d363962d488eeb15ec/diff","WorkDir":"/var/lib/docker/overlay2/8f0ddbd386af0785c2e348570516955816ab350305d698d363962d488eeb15ec/work"},"Name":"overlay2"},"RootFS":{"Type":"layers","Layers":["sha256:52ec5a4316fadc09a4a51f82b8d7b66ead0d71bea4f75e81e25b4094c4219061","sha256:5a99d63e3aef066b4fa085cf24d0281681d5530c22f0c93391b854ba5741b62e","sha256:12694c6edf8321950446751b5acc175137946701b72febd6a32ab6e6cb89403b","sha256:beceb355ef35df0b8123db4eddd8f734e7414a3828e463354a913dda6738571d","sha256:0f86e6985ca32f3adeb9f65e3f80b3f2aa37a697d345c84011b2421e5608bc06","sha256:22c31f24613cd6a7b43f3074166d79619574e76f430035be15d909ae45fb97da","sha256:7c32a1ce1cc084a148145553666d5b64e3b6551491d1c3c6cc545b5b69daf5da","sha256:192de40051e6f5b468a60be4e6d162a1bbf3dc4af2dfb0a7aa8db25f86b6e68e","sha256:257f3fc789f6526019470322285b4bfe55e3e09f41150576c0997f370407af14","sha256:2993953b2c109056b0d580a549dae9f902a84a29f3907d96d7329746a8df7fc2","sha256:0bc02fbb093e939812a0ca64bd21a807d815b89c5e034e73026d14535053f4e2","sha256:3866ad927dc8101b32941f0fe6e36e656eba398b92164688ce1d1afdeca7eb09","sha256:2621fdc21b32f8210d30df7b9f44c068fa347ce07f7e1935a2383e5f7e7ddecb","sha256:c116a9ba3dbfe8c6135659ba009883a03bdc660abfedc64e2528baa6d736dbc9"]},"Metadata":{"LastTagTime":"0001-01-01T00:00:00Z"},"Container":""}[\n]"
2024-07-24 14:30:31.274 [Test worker] DEBUG c.g.d.z.s.o.a.hc.client5.http.wire - http-outgoing-14 << "[\r][\n]"
2024-07-24 14:30:31.275 [Test worker] DEBUG c.g.d.z.s.o.a.hc.client5.http.wire - http-outgoing-14 << "0[\r][\n]"
2024-07-24 14:30:31.275 [Test worker] DEBUG c.g.d.z.s.o.a.hc.client5.http.wire - http-outgoing-14 << "[\r][\n]"
2024-07-24 14:30:31.275 [Test worker] DEBUG c.g.d.z.s.o.a.h.c.h.i.c.InternalHttpClient - ep-0000009B: releasing valid endpoint
2024-07-24 14:30:31.275 [Test worker] DEBUG c.g.d.z.s.o.a.h.c.h.i.i.PoolingHttpClientConnectionManager - ep-0000009B: releasing endpoint
2024-07-24 14:30:31.275 [Test worker] DEBUG c.g.d.z.s.o.a.h.c.h.i.i.PoolingHttpClientConnectionManager - ep-0000009B: connection http-outgoing-14 can be kept alive for 3 MINUTES
2024-07-24 14:30:31.275 [Test worker] DEBUG c.g.d.z.s.o.a.h.c.h.i.i.PoolingHttpClientConnectionManager - ep-0000009B: connection released [route: {}->npipe://localhost:2375][total available: 1; route allocated: 1 of 2147483647; total allocated: 1 of 2147483647]
2024-07-24 14:30:31.275 [Test worker] DEBUG o.t.s.c.g.d.c.command.AbstrDockerCmd - Cmd: 
2024-07-24 14:30:31.275 [Test worker] TRACE o.t.s.c.g.d.core.exec.VersionCmdExec - GET: DefaultWebTarget{path=[/version], queryParams={}}
2024-07-24 14:30:31.275 [Test worker] DEBUG c.g.d.z.s.o.a.h.c.h.i.c.InternalHttpClient - ex-0000009D: preparing request execution
2024-07-24 14:30:31.275 [Test worker] DEBUG c.g.d.z.s.o.a.h.c.h.p.RequestAddCookies - Cookie spec selected: strict
2024-07-24 14:30:31.275 [Test worker] DEBUG c.g.d.z.s.o.a.h.c.h.p.RequestAuthCache - Auth cache not set in the context
2024-07-24 14:30:31.275 [Test worker] DEBUG c.g.d.z.s.o.a.h.c.h.i.c.ProtocolExec - ex-0000009D: target auth state: UNCHALLENGED
2024-07-24 14:30:31.275 [Test worker] DEBUG c.g.d.z.s.o.a.h.c.h.i.c.ProtocolExec - ex-0000009D: proxy auth state: UNCHALLENGED
2024-07-24 14:30:31.275 [Test worker] DEBUG c.g.d.z.s.o.a.h.c.h.i.c.ConnectExec - ex-0000009D: acquiring connection with route {}->npipe://localhost:2375
2024-07-24 14:30:31.275 [Test worker] DEBUG c.g.d.z.s.o.a.h.c.h.i.c.InternalHttpClient - ex-0000009D: acquiring endpoint (3 MINUTES)
2024-07-24 14:30:31.275 [Test worker] DEBUG c.g.d.z.s.o.a.h.c.h.i.i.PoolingHttpClientConnectionManager - ex-0000009D: endpoint lease request (3 MINUTES) [route: {}->npipe://localhost:2375][total available: 1; route allocated: 1 of 2147483647; total allocated: 1 of 2147483647]
2024-07-24 14:30:31.275 [Test worker] DEBUG c.g.d.z.s.o.a.h.c.h.i.i.PoolingHttpClientConnectionManager - ex-0000009D: endpoint leased [route: {}->npipe://localhost:2375][total available: 0; route allocated: 1 of 2147483647; total allocated: 1 of 2147483647]
2024-07-24 14:30:31.275 [Test worker] DEBUG c.g.d.z.s.o.a.h.c.h.i.i.PoolingHttpClientConnectionManager - ex-0000009D: acquired ep-0000009C
2024-07-24 14:30:31.275 [Test worker] DEBUG c.g.d.z.s.o.a.h.c.h.i.c.InternalHttpClient - ex-0000009D: acquired endpoint ep-0000009C
2024-07-24 14:30:31.275 [Test worker] DEBUG c.g.d.z.s.o.a.h.c.h.i.c.MainClientExec - ex-0000009D: executing GET /v1.32/version HTTP/1.1
2024-07-24 14:30:31.276 [Test worker] DEBUG c.g.d.z.s.o.a.h.c.h.i.c.InternalHttpClient - ep-0000009C: start execution ex-0000009D
2024-07-24 14:30:31.276 [Test worker] DEBUG c.g.d.z.s.o.a.h.c.h.i.i.PoolingHttpClientConnectionManager - ep-0000009C: executing exchange ex-0000009D over http-outgoing-14
2024-07-24 14:30:31.276 [Test worker] DEBUG c.g.d.z.s.o.a.h.client5.http.headers - http-outgoing-14 >> GET /v1.32/version HTTP/1.1
2024-07-24 14:30:31.276 [Test worker] DEBUG c.g.d.z.s.o.a.h.client5.http.headers - http-outgoing-14 >> accept: application/json
2024-07-24 14:30:31.276 [Test worker] DEBUG c.g.d.z.s.o.a.h.client5.http.headers - http-outgoing-14 >> x-tc-sid: 280e6229-7396-4d60-b1e3-a5de48b5d49b
2024-07-24 14:30:31.276 [Test worker] DEBUG c.g.d.z.s.o.a.h.client5.http.headers - http-outgoing-14 >> User-Agent: tc-java/1.19.8
2024-07-24 14:30:31.276 [Test worker] DEBUG c.g.d.z.s.o.a.h.client5.http.headers - http-outgoing-14 >> Accept-Encoding: gzip, x-gzip, deflate
2024-07-24 14:30:31.276 [Test worker] DEBUG c.g.d.z.s.o.a.h.client5.http.headers - http-outgoing-14 >> Host: localhost:2375
2024-07-24 14:30:31.276 [Test worker] DEBUG c.g.d.z.s.o.a.h.client5.http.headers - http-outgoing-14 >> Connection: keep-alive
2024-07-24 14:30:31.276 [Test worker] DEBUG c.g.d.z.s.o.a.hc.client5.http.wire - http-outgoing-14 >> "GET /v1.32/version HTTP/1.1[\r][\n]"
2024-07-24 14:30:31.276 [Test worker] DEBUG c.g.d.z.s.o.a.hc.client5.http.wire - http-outgoing-14 >> "accept: application/json[\r][\n]"
2024-07-24 14:30:31.276 [Test worker] DEBUG c.g.d.z.s.o.a.hc.client5.http.wire - http-outgoing-14 >> "x-tc-sid: 280e6229-7396-4d60-b1e3-a5de48b5d49b[\r][\n]"
2024-07-24 14:30:31.276 [Test worker] DEBUG c.g.d.z.s.o.a.hc.client5.http.wire - http-outgoing-14 >> "User-Agent: tc-java/1.19.8[\r][\n]"
2024-07-24 14:30:31.276 [Test worker] DEBUG c.g.d.z.s.o.a.hc.client5.http.wire - http-outgoing-14 >> "Accept-Encoding: gzip, x-gzip, deflate[\r][\n]"
2024-07-24 14:30:31.276 [Test worker] DEBUG c.g.d.z.s.o.a.hc.client5.http.wire - http-outgoing-14 >> "Host: localhost:2375[\r][\n]"
2024-07-24 14:30:31.276 [Test worker] DEBUG c.g.d.z.s.o.a.hc.client5.http.wire - http-outgoing-14 >> "Connection: keep-alive[\r][\n]"
2024-07-24 14:30:31.276 [Test worker] DEBUG c.g.d.z.s.o.a.hc.client5.http.wire - http-outgoing-14 >> "[\r][\n]"
2024-07-24 14:30:31.288 [Test worker] DEBUG c.g.d.z.s.o.a.hc.client5.http.wire - http-outgoing-14 << "HTTP/1.1 200 OK[\r][\n]"
2024-07-24 14:30:31.288 [Test worker] DEBUG c.g.d.z.s.o.a.hc.client5.http.wire - http-outgoing-14 << "Api-Version: 1.45[\r][\n]"
2024-07-24 14:30:31.288 [Test worker] DEBUG c.g.d.z.s.o.a.hc.client5.http.wire - http-outgoing-14 << "Content-Type: application/json[\r][\n]"
2024-07-24 14:30:31.288 [Test worker] DEBUG c.g.d.z.s.o.a.hc.client5.http.wire - http-outgoing-14 << "Date: Wed, 24 Jul 2024 02:30:31 GMT[\r][\n]"
2024-07-24 14:30:31.288 [Test worker] DEBUG c.g.d.z.s.o.a.hc.client5.http.wire - http-outgoing-14 << "Docker-Experimental: false[\r][\n]"
2024-07-24 14:30:31.288 [Test worker] DEBUG c.g.d.z.s.o.a.hc.client5.http.wire - http-outgoing-14 << "Ostype: linux[\r][\n]"
2024-07-24 14:30:31.288 [Test worker] DEBUG c.g.d.z.s.o.a.hc.client5.http.wire - http-outgoing-14 << "Server: Docker/26.0.0 (linux)[\r][\n]"
2024-07-24 14:30:31.288 [Test worker] DEBUG c.g.d.z.s.o.a.hc.client5.http.wire - http-outgoing-14 << "Transfer-Encoding: chunked[\r][\n]"
2024-07-24 14:30:31.288 [Test worker] DEBUG c.g.d.z.s.o.a.hc.client5.http.wire - http-outgoing-14 << "[\r][\n]"
2024-07-24 14:30:31.288 [Test worker] DEBUG c.g.d.z.s.o.a.h.client5.http.headers - http-outgoing-14 << HTTP/1.1 200 OK
2024-07-24 14:30:31.288 [Test worker] DEBUG c.g.d.z.s.o.a.h.client5.http.headers - http-outgoing-14 << Api-Version: 1.45
2024-07-24 14:30:31.288 [Test worker] DEBUG c.g.d.z.s.o.a.h.client5.http.headers - http-outgoing-14 << Content-Type: application/json
2024-07-24 14:30:31.288 [Test worker] DEBUG c.g.d.z.s.o.a.h.client5.http.headers - http-outgoing-14 << Date: Wed, 24 Jul 2024 02:30:31 GMT
2024-07-24 14:30:31.288 [Test worker] DEBUG c.g.d.z.s.o.a.h.client5.http.headers - http-outgoing-14 << Docker-Experimental: false
2024-07-24 14:30:31.288 [Test worker] DEBUG c.g.d.z.s.o.a.h.client5.http.headers - http-outgoing-14 << Ostype: linux
2024-07-24 14:30:31.288 [Test worker] DEBUG c.g.d.z.s.o.a.h.client5.http.headers - http-outgoing-14 << Server: Docker/26.0.0 (linux)
2024-07-24 14:30:31.288 [Test worker] DEBUG c.g.d.z.s.o.a.h.client5.http.headers - http-outgoing-14 << Transfer-Encoding: chunked
2024-07-24 14:30:31.288 [Test worker] DEBUG c.g.d.z.s.o.a.h.c.h.i.c.MainClientExec - ex-0000009D: connection can be kept alive for 3 MINUTES
2024-07-24 14:30:31.288 [Test worker] DEBUG c.g.d.z.s.o.a.hc.client5.http.wire - http-outgoing-14 << "35f[\r][\n]"
2024-07-24 14:30:31.289 [Test worker] DEBUG c.g.d.z.s.o.a.hc.client5.http.wire - http-outgoing-14 << "{"Platform":{"Name":"Docker Desktop 4.29.0 (145265)"},"Components":[{"Name":"Engine","Version":"26.0.0","Details":{"ApiVersion":"1.45","Arch":"amd64","BuildTime":"2024-03-20T15:18:01.000000000+00:00","Experimental":"false","GitCommit":"8b79278","GoVersion":"go1.21.8","KernelVersion":"5.15.153.1-microsoft-standard-WSL2","MinAPIVersion":"1.24","Os":"linux"}},{"Name":"containerd","Version":"1.6.28","Details":{"GitCommit":"ae07eda36dd25f8a1b98dfbf587313b99c0190bb"}},{"Name":"runc","Version":"1.1.12","Details":{"GitCommit":"v1.1.12-0-g51d5e94"}},{"Name":"docker-init","Version":"0.19.0","Details":{"GitCommit":"de40ad0"}}],"Version":"26.0.0","ApiVersion":"1.45","MinAPIVersion":"1.24","GitCommit":"8b79278","GoVersion":"go1.21.8","Os":"linux","Arch":"amd64","KernelVersion":"5.15.153.1-microsoft-standard-WSL2","BuildTime":"2024-03-20T15:18:01.000000000+00:00"}[\n]"
2024-07-24 14:30:31.289 [Test worker] DEBUG c.g.d.z.s.o.a.hc.client5.http.wire - http-outgoing-14 << "[\r][\n]"
2024-07-24 14:30:31.289 [Test worker] DEBUG c.g.d.z.s.o.a.hc.client5.http.wire - http-outgoing-14 << "0[\r][\n]"
2024-07-24 14:30:31.289 [Test worker] DEBUG c.g.d.z.s.o.a.hc.client5.http.wire - http-outgoing-14 << "[\r][\n]"
2024-07-24 14:30:31.290 [Test worker] DEBUG c.g.d.z.s.o.a.h.c.h.i.c.InternalHttpClient - ep-0000009C: releasing valid endpoint
2024-07-24 14:30:31.290 [Test worker] DEBUG c.g.d.z.s.o.a.h.c.h.i.i.PoolingHttpClientConnectionManager - ep-0000009C: releasing endpoint
2024-07-24 14:30:31.290 [Test worker] DEBUG c.g.d.z.s.o.a.h.c.h.i.i.PoolingHttpClientConnectionManager - ep-0000009C: connection http-outgoing-14 can be kept alive for 3 MINUTES
2024-07-24 14:30:31.290 [Test worker] DEBUG c.g.d.z.s.o.a.h.c.h.i.i.PoolingHttpClientConnectionManager - ep-0000009C: connection released [route: {}->npipe://localhost:2375][total available: 1; route allocated: 1 of 2147483647; total allocated: 1 of 2147483647]
2024-07-24 14:30:31.290 [Test worker] TRACE o.t.s.c.g.d.c.e.LogContainerCmdExec - GET: DefaultWebTarget{path=[/containers/f2981dec7496bbfe77ed467a3fd13082650c1d8eb0320229b91cfc49ffb16235/logs], queryParams={stdout=[true], stderr=[true], follow=[true], since=[0]}}
2024-07-24 14:30:31.291 [docker-java-stream-1274722064] DEBUG c.g.d.z.s.o.a.h.c.h.i.c.InternalHttpClient - ex-0000009E: preparing request execution
2024-07-24 14:30:31.291 [docker-java-stream-1274722064] DEBUG c.g.d.z.s.o.a.h.c.h.p.RequestAddCookies - Cookie spec selected: strict
2024-07-24 14:30:31.291 [docker-java-stream-1274722064] DEBUG c.g.d.z.s.o.a.h.c.h.p.RequestAuthCache - Auth cache not set in the context
2024-07-24 14:30:31.291 [docker-java-stream-1274722064] DEBUG c.g.d.z.s.o.a.h.c.h.i.c.ProtocolExec - ex-0000009E: target auth state: UNCHALLENGED
2024-07-24 14:30:31.291 [docker-java-stream-1274722064] DEBUG c.g.d.z.s.o.a.h.c.h.i.c.ProtocolExec - ex-0000009E: proxy auth state: UNCHALLENGED
2024-07-24 14:30:31.291 [docker-java-stream-1274722064] DEBUG c.g.d.z.s.o.a.h.c.h.i.c.ConnectExec - ex-0000009E: acquiring connection with route {}->npipe://localhost:2375
2024-07-24 14:30:31.291 [docker-java-stream-1274722064] DEBUG c.g.d.z.s.o.a.h.c.h.i.c.InternalHttpClient - ex-0000009E: acquiring endpoint (3 MINUTES)
2024-07-24 14:30:31.291 [docker-java-stream-1274722064] DEBUG c.g.d.z.s.o.a.h.c.h.i.i.PoolingHttpClientConnectionManager - ex-0000009E: endpoint lease request (3 MINUTES) [route: {}->npipe://localhost:2375][total available: 1; route allocated: 1 of 2147483647; total allocated: 1 of 2147483647]
2024-07-24 14:30:31.291 [docker-java-stream-1274722064] DEBUG c.g.d.z.s.o.a.h.c.h.i.i.PoolingHttpClientConnectionManager - ex-0000009E: endpoint leased [route: {}->npipe://localhost:2375][total available: 0; route allocated: 1 of 2147483647; total allocated: 1 of 2147483647]
2024-07-24 14:30:31.291 [docker-java-stream-1274722064] DEBUG c.g.d.z.s.o.a.h.c.h.i.i.PoolingHttpClientConnectionManager - ex-0000009E: acquired ep-0000009D
2024-07-24 14:30:31.291 [docker-java-stream-1274722064] DEBUG c.g.d.z.s.o.a.h.c.h.i.c.InternalHttpClient - ex-0000009E: acquired endpoint ep-0000009D
2024-07-24 14:30:31.291 [docker-java-stream-1274722064] DEBUG c.g.d.z.s.o.a.h.c.h.i.c.MainClientExec - ex-0000009E: executing GET /v1.32/containers/f2981dec7496bbfe77ed467a3fd13082650c1d8eb0320229b91cfc49ffb16235/logs?stdout=true&stderr=true&follow=true&since=0 HTTP/1.1
2024-07-24 14:30:31.291 [docker-java-stream-1274722064] DEBUG c.g.d.z.s.o.a.h.c.h.i.c.InternalHttpClient - ep-0000009D: start execution ex-0000009E
2024-07-24 14:30:31.291 [docker-java-stream-1274722064] DEBUG c.g.d.z.s.o.a.h.c.h.i.i.PoolingHttpClientConnectionManager - ep-0000009D: executing exchange ex-0000009E over http-outgoing-14
2024-07-24 14:30:31.291 [docker-java-stream-1274722064] DEBUG c.g.d.z.s.o.a.h.client5.http.headers - http-outgoing-14 >> GET /v1.32/containers/f2981dec7496bbfe77ed467a3fd13082650c1d8eb0320229b91cfc49ffb16235/logs?stdout=true&stderr=true&follow=true&since=0 HTTP/1.1
2024-07-24 14:30:31.292 [docker-java-stream-1274722064] DEBUG c.g.d.z.s.o.a.h.client5.http.headers - http-outgoing-14 >> x-tc-sid: 280e6229-7396-4d60-b1e3-a5de48b5d49b
2024-07-24 14:30:31.292 [docker-java-stream-1274722064] DEBUG c.g.d.z.s.o.a.h.client5.http.headers - http-outgoing-14 >> User-Agent: tc-java/1.19.8
2024-07-24 14:30:31.292 [docker-java-stream-1274722064] DEBUG c.g.d.z.s.o.a.h.client5.http.headers - http-outgoing-14 >> Accept-Encoding: gzip, x-gzip, deflate
2024-07-24 14:30:31.292 [docker-java-stream-1274722064] DEBUG c.g.d.z.s.o.a.h.client5.http.headers - http-outgoing-14 >> Host: localhost:2375
2024-07-24 14:30:31.292 [docker-java-stream-1274722064] DEBUG c.g.d.z.s.o.a.h.client5.http.headers - http-outgoing-14 >> Connection: keep-alive
2024-07-24 14:30:31.292 [docker-java-stream-1274722064] DEBUG c.g.d.z.s.o.a.hc.client5.http.wire - http-outgoing-14 >> "GET /v1.32/containers/f2981dec7496bbfe77ed467a3fd13082650c1d8eb0320229b91cfc49ffb16235/logs?stdout=true&stderr=true&follow=true&since=0 HTTP/1.1[\r][\n]"
2024-07-24 14:30:31.292 [docker-java-stream-1274722064] DEBUG c.g.d.z.s.o.a.hc.client5.http.wire - http-outgoing-14 >> "x-tc-sid: 280e6229-7396-4d60-b1e3-a5de48b5d49b[\r][\n]"
2024-07-24 14:30:31.292 [docker-java-stream-1274722064] DEBUG c.g.d.z.s.o.a.hc.client5.http.wire - http-outgoing-14 >> "User-Agent: tc-java/1.19.8[\r][\n]"
2024-07-24 14:30:31.292 [docker-java-stream-1274722064] DEBUG c.g.d.z.s.o.a.hc.client5.http.wire - http-outgoing-14 >> "Accept-Encoding: gzip, x-gzip, deflate[\r][\n]"
2024-07-24 14:30:31.292 [docker-java-stream-1274722064] DEBUG c.g.d.z.s.o.a.hc.client5.http.wire - http-outgoing-14 >> "Host: localhost:2375[\r][\n]"
2024-07-24 14:30:31.292 [docker-java-stream-1274722064] DEBUG c.g.d.z.s.o.a.hc.client5.http.wire - http-outgoing-14 >> "Connection: keep-alive[\r][\n]"
2024-07-24 14:30:31.292 [docker-java-stream-1274722064] DEBUG c.g.d.z.s.o.a.hc.client5.http.wire - http-outgoing-14 >> "[\r][\n]"
2024-07-24 14:30:31.296 [docker-java-stream-1274722064] DEBUG c.g.d.z.s.o.a.hc.client5.http.wire - http-outgoing-14 << "HTTP/1.1 200 OK[\r][\n]"
2024-07-24 14:30:31.296 [docker-java-stream-1274722064] DEBUG c.g.d.z.s.o.a.hc.client5.http.wire - http-outgoing-14 << "Api-Version: 1.45[\r][\n]"
2024-07-24 14:30:31.296 [docker-java-stream-1274722064] DEBUG c.g.d.z.s.o.a.hc.client5.http.wire - http-outgoing-14 << "Content-Type: application/vnd.docker.raw-stream[\r][\n]"
2024-07-24 14:30:31.296 [docker-java-stream-1274722064] DEBUG c.g.d.z.s.o.a.hc.client5.http.wire - http-outgoing-14 << "Date: Wed, 24 Jul 2024 02:30:31 GMT[\r][\n]"
2024-07-24 14:30:31.296 [docker-java-stream-1274722064] DEBUG c.g.d.z.s.o.a.hc.client5.http.wire - http-outgoing-14 << "Docker-Experimental: false[\r][\n]"
2024-07-24 14:30:31.296 [docker-java-stream-1274722064] DEBUG c.g.d.z.s.o.a.hc.client5.http.wire - http-outgoing-14 << "Ostype: linux[\r][\n]"
2024-07-24 14:30:31.296 [docker-java-stream-1274722064] DEBUG c.g.d.z.s.o.a.hc.client5.http.wire - http-outgoing-14 << "Server: Docker/26.0.0 (linux)[\r][\n]"
2024-07-24 14:30:31.296 [docker-java-stream-1274722064] DEBUG c.g.d.z.s.o.a.hc.client5.http.wire - http-outgoing-14 << "Transfer-Encoding: chunked[\r][\n]"
2024-07-24 14:30:31.296 [docker-java-stream-1274722064] DEBUG c.g.d.z.s.o.a.hc.client5.http.wire - http-outgoing-14 << "[\r][\n]"
2024-07-24 14:30:31.296 [docker-java-stream-1274722064] DEBUG c.g.d.z.s.o.a.h.client5.http.headers - http-outgoing-14 << HTTP/1.1 200 OK
2024-07-24 14:30:31.296 [docker-java-stream-1274722064] DEBUG c.g.d.z.s.o.a.h.client5.http.headers - http-outgoing-14 << Api-Version: 1.45
2024-07-24 14:30:31.296 [docker-java-stream-1274722064] DEBUG c.g.d.z.s.o.a.h.client5.http.headers - http-outgoing-14 << Content-Type: application/vnd.docker.raw-stream
2024-07-24 14:30:31.296 [docker-java-stream-1274722064] DEBUG c.g.d.z.s.o.a.h.client5.http.headers - http-outgoing-14 << Date: Wed, 24 Jul 2024 02:30:31 GMT
2024-07-24 14:30:31.296 [docker-java-stream-1274722064] DEBUG c.g.d.z.s.o.a.h.client5.http.headers - http-outgoing-14 << Docker-Experimental: false
2024-07-24 14:30:31.296 [docker-java-stream-1274722064] DEBUG c.g.d.z.s.o.a.h.client5.http.headers - http-outgoing-14 << Ostype: linux
2024-07-24 14:30:31.296 [docker-java-stream-1274722064] DEBUG c.g.d.z.s.o.a.h.client5.http.headers - http-outgoing-14 << Server: Docker/26.0.0 (linux)
2024-07-24 14:30:31.296 [docker-java-stream-1274722064] DEBUG c.g.d.z.s.o.a.h.client5.http.headers - http-outgoing-14 << Transfer-Encoding: chunked
2024-07-24 14:30:31.296 [docker-java-stream-1274722064] DEBUG c.g.d.z.s.o.a.h.c.h.i.c.MainClientExec - ex-0000009E: connection can be kept alive for 3 MINUTES
2024-07-24 14:30:31.296 [docker-java-stream-1274722064] DEBUG c.g.d.z.s.o.a.hc.client5.http.wire - http-outgoing-14 << "265[\r][\n]"
2024-07-24 14:30:31.296 [docker-java-stream-1274722064] DEBUG c.g.d.z.s.o.a.hc.client5.http.wire - http-outgoing-14 << "[0x1][0x0][0x0][0x0][0x0][0x0][0x0]NThe files belonging to this database system will be owned by user "postgres".[\n]"
2024-07-24 14:30:31.296 [docker-java-stream-1274722064] DEBUG c.g.d.z.s.o.a.hc.client5.http.wire - http-outgoing-14 << "[0x1][0x0][0x0][0x0][0x0][0x0][0x0],This user must also own the server process.[\n]"
2024-07-24 14:30:31.296 [docker-java-stream-1274722064] DEBUG c.g.d.z.s.o.a.hc.client5.http.wire - http-outgoing-14 << "[0x1][0x0][0x0][0x0][0x0][0x0][0x0][0x1][\n]"
2024-07-24 14:30:31.296 [docker-java-stream-1274722064] DEBUG c.g.d.z.s.o.a.hc.client5.http.wire - http-outgoing-14 << "[0x1][0x0][0x0][0x0][0x0][0x0][0x0]CThe database cluster will be initialized with locale "en_US.utf8".[\n]"
2024-07-24 14:30:31.296 [docker-java-stream-1274722064] DEBUG c.g.d.z.s.o.a.hc.client5.http.wire - http-outgoing-14 << "[0x1][0x0][0x0][0x0][0x0][0x0][0x0]BThe default database encoding has accordingly been set to "UTF8".[\n]"
2024-07-24 14:30:31.296 [docker-java-stream-1274722064] DEBUG c.g.d.z.s.o.a.hc.client5.http.wire - http-outgoing-14 << "[0x1][0x0][0x0][0x0][0x0][0x0][0x0]@The default text search configuration will be set to "english".[\n]"
2024-07-24 14:30:31.296 [docker-java-stream-1274722064] DEBUG c.g.d.z.s.o.a.hc.client5.http.wire - http-outgoing-14 << "[0x1][0x0][0x0][0x0][0x0][0x0][0x0][0x1][\n]"
2024-07-24 14:30:31.296 [docker-java-stream-1274722064] DEBUG c.g.d.z.s.o.a.hc.client5.http.wire - http-outgoing-14 << "[0x1][0x0][0x0][0x0][0x0][0x0][0x0]"Data page checksums are disabled.[\n]"
2024-07-24 14:30:31.296 [docker-java-stream-1274722064] DEBUG c.g.d.z.s.o.a.hc.client5.http.wire - http-outgoing-14 << "[0x1][0x0][0x0][0x0][0x0][0x0][0x0][0x1][\n]"
2024-07-24 14:30:31.296 [docker-java-stream-1274722064] DEBUG c.g.d.z.s.o.a.hc.client5.http.wire - http-outgoing-14 << "[0x1][0x0][0x0][0x0][0x0][0x0][0x0]Ifixing permissions on existing directory /var/lib/postgresql/data ... ok[\n]"
2024-07-24 14:30:31.296 [docker-java-stream-1274722064] DEBUG c.g.d.z.s.o.a.hc.client5.http.wire - http-outgoing-14 << "[0x1][0x0][0x0][0x0][0x0][0x0][0x0][0x1f]creating subdirectories ... ok[\n]"
2024-07-24 14:30:31.296 [docker-java-stream-1274722064] DEBUG c.g.d.z.s.o.a.hc.client5.http.wire - http-outgoing-14 << "[0x1][0x0][0x0][0x0][0x0][0x0][0x0]9selecting dynamic shared memory implementation ... posix[\n]"
2024-07-24 14:30:31.296 [docker-java-stream-1274722064] DEBUG c.g.d.z.s.o.a.hc.client5.http.wire - http-outgoing-14 << "[\r][\n]"
2024-07-24 14:30:31.296 [Test worker] DEBUG o.t.c.output.WaitingConsumer - STDOUT: creating subdirectories ... ok
2024-07-24 14:30:31.296 [Test worker] DEBUG o.t.c.output.WaitingConsumer - STDOUT: selecting dynamic shared memory implementation ... posix
2024-07-24 14:30:31.296 [Test worker] DEBUG o.t.c.output.WaitingConsumer - STDOUT: fixing permissions on existing directory /var/lib/postgresql/data ... ok
2024-07-24 14:30:31.296 [Test worker] DEBUG o.t.c.output.WaitingConsumer - STDOUT: 
2024-07-24 14:30:31.296 [Test worker] DEBUG o.t.c.output.WaitingConsumer - STDOUT: Data page checksums are disabled.
2024-07-24 14:30:31.296 [Test worker] DEBUG o.t.c.output.WaitingConsumer - STDOUT: 
2024-07-24 14:30:31.296 [Test worker] DEBUG o.t.c.output.WaitingConsumer - STDOUT: The default text search configuration will be set to "english".
2024-07-24 14:30:31.296 [Test worker] DEBUG o.t.c.output.WaitingConsumer - STDOUT: The default database encoding has accordingly been set to "UTF8".
2024-07-24 14:30:31.296 [Test worker] DEBUG o.t.c.output.WaitingConsumer - STDOUT: The database cluster will be initialized with locale "en_US.utf8".
2024-07-24 14:30:31.297 [Test worker] DEBUG o.t.c.output.WaitingConsumer - STDOUT: 
2024-07-24 14:30:31.297 [Test worker] DEBUG o.t.c.output.WaitingConsumer - STDOUT: This user must also own the server process.
2024-07-24 14:30:31.297 [Test worker] DEBUG o.t.c.output.WaitingConsumer - STDOUT: The files belonging to this database system will be owned by user "postgres".
2024-07-24 14:30:31.305 [docker-java-stream-1274722064] DEBUG c.g.d.z.s.o.a.hc.client5.http.wire - http-outgoing-14 << "32[\r][\n]"
2024-07-24 14:30:31.305 [docker-java-stream-1274722064] DEBUG c.g.d.z.s.o.a.hc.client5.http.wire - http-outgoing-14 << "[0x1][0x0][0x0][0x0][0x0][0x0][0x0]*selecting default max_connections ... 100[\n]"
2024-07-24 14:30:31.305 [docker-java-stream-1274722064] DEBUG c.g.d.z.s.o.a.hc.client5.http.wire - http-outgoing-14 << "[\r][\n]"
2024-07-24 14:30:31.314 [Test worker] DEBUG o.t.c.output.WaitingConsumer - STDOUT: selecting default max_connections ... 100
2024-07-24 14:30:31.329 [docker-java-stream-1274722064] DEBUG c.g.d.z.s.o.a.hc.client5.http.wire - http-outgoing-14 << "33[\r][\n]"
2024-07-24 14:30:31.329 [docker-java-stream-1274722064] DEBUG c.g.d.z.s.o.a.hc.client5.http.wire - http-outgoing-14 << "[0x1][0x0][0x0][0x0][0x0][0x0][0x0]+selecting default shared_buffers ... 128MB[\n]"
2024-07-24 14:30:31.329 [docker-java-stream-1274722064] DEBUG c.g.d.z.s.o.a.hc.client5.http.wire - http-outgoing-14 << "[\r][\n]"
2024-07-24 14:30:31.330 [Test worker] DEBUG o.t.c.output.WaitingConsumer - STDOUT: selecting default shared_buffers ... 128MB
2024-07-24 14:30:31.350 [docker-java-stream-1274722064] DEBUG c.g.d.z.s.o.a.hc.client5.http.wire - http-outgoing-14 << "30[\r][\n]"
2024-07-24 14:30:31.350 [docker-java-stream-1274722064] DEBUG c.g.d.z.s.o.a.hc.client5.http.wire - http-outgoing-14 << "[0x1][0x0][0x0][0x0][0x0][0x0][0x0](selecting default time zone ... Etc/UTC[\n]"
2024-07-24 14:30:31.350 [docker-java-stream-1274722064] DEBUG c.g.d.z.s.o.a.hc.client5.http.wire - http-outgoing-14 << "[\r][\n]"
2024-07-24 14:30:31.350 [Test worker] DEBUG o.t.c.output.WaitingConsumer - STDOUT: selecting default time zone ... Etc/UTC
2024-07-24 14:30:31.351 [docker-java-stream-1274722064] DEBUG c.g.d.z.s.o.a.hc.client5.http.wire - http-outgoing-14 << "2c[\r][\n]"
2024-07-24 14:30:31.351 [docker-java-stream-1274722064] DEBUG c.g.d.z.s.o.a.hc.client5.http.wire - http-outgoing-14 << "[0x1][0x0][0x0][0x0][0x0][0x0][0x0]$creating configuration files ... ok[\n]"
2024-07-24 14:30:31.351 [docker-java-stream-1274722064] DEBUG c.g.d.z.s.o.a.hc.client5.http.wire - http-outgoing-14 << "[\r][\n]"
2024-07-24 14:30:31.376 [Test worker] DEBUG o.t.c.output.WaitingConsumer - STDOUT: creating configuration files ... ok
2024-07-24 14:30:31.487 [docker-java-stream-1274722064] DEBUG c.g.d.z.s.o.a.hc.client5.http.wire - http-outgoing-14 << "28[\r][\n]"
2024-07-24 14:30:31.487 [docker-java-stream-1274722064] DEBUG c.g.d.z.s.o.a.hc.client5.http.wire - http-outgoing-14 << "[0x1][0x0][0x0][0x0][0x0][0x0][0x0] running bootstrap script ... ok[\n]"
2024-07-24 14:30:31.487 [docker-java-stream-1274722064] DEBUG c.g.d.z.s.o.a.hc.client5.http.wire - http-outgoing-14 << "[\r][\n]"
2024-07-24 14:30:31.487 [Test worker] DEBUG o.t.c.output.WaitingConsumer - STDOUT: running bootstrap script ... ok
2024-07-24 14:30:31.810 [docker-java-stream-1274722064] DEBUG c.g.d.z.s.o.a.hc.client5.http.wire - http-outgoing-14 << "38[\r][\n]"
2024-07-24 14:30:31.810 [docker-java-stream-1274722064] DEBUG c.g.d.z.s.o.a.hc.client5.http.wire - http-outgoing-14 << "[0x1][0x0][0x0][0x0][0x0][0x0][0x0]0performing post-bootstrap initialization ... ok[\n]"
2024-07-24 14:30:31.810 [docker-java-stream-1274722064] DEBUG c.g.d.z.s.o.a.hc.client5.http.wire - http-outgoing-14 << "[\r][\n]"
2024-07-24 14:30:31.810 [Test worker] DEBUG o.t.c.output.WaitingConsumer - STDOUT: performing post-bootstrap initialization ... ok
2024-07-24 14:30:32.340 [docker-java-stream-1274722064] DEBUG c.g.d.z.s.o.a.hc.client5.http.wire - http-outgoing-14 << "1ad[\r][\n]"
2024-07-24 14:30:32.340 [docker-java-stream-1274722064] DEBUG c.g.d.z.s.o.a.hc.client5.http.wire - http-outgoing-14 << "[0x2][0x0][0x0][0x0][0x0][0x0][0x0]Ginitdb: warning: enabling "trust" authentication for local connections[\n]"
2024-07-24 14:30:32.340 [docker-java-stream-1274722064] DEBUG c.g.d.z.s.o.a.hc.client5.http.wire - http-outgoing-14 << "[0x2][0x0][0x0][0x0][0x0][0x0][0x0][0xffffff90]initdb: hint: You can change this by editing pg_hba.conf or using the option -A, or --auth-local and --auth-host, the next time you run initdb.[\n]"
2024-07-24 14:30:32.340 [docker-java-stream-1274722064] DEBUG c.g.d.z.s.o.a.hc.client5.http.wire - http-outgoing-14 << "[0x1][0x0][0x0][0x0][0x0][0x0][0x0][0x1c]syncing data to disk ... ok[\n]"
2024-07-24 14:30:32.340 [docker-java-stream-1274722064] DEBUG c.g.d.z.s.o.a.hc.client5.http.wire - http-outgoing-14 << "[0x1][0x0][0x0][0x0][0x0][0x0][0x0][0x1][\n]"
2024-07-24 14:30:32.340 [docker-java-stream-1274722064] DEBUG c.g.d.z.s.o.a.hc.client5.http.wire - http-outgoing-14 << "[0x1][0x0][0x0][0x0][0x0][0x0][0x0][0x1][\n]"
2024-07-24 14:30:32.340 [docker-java-stream-1274722064] DEBUG c.g.d.z.s.o.a.hc.client5.http.wire - http-outgoing-14 << "[0x1][0x0][0x0][0x0][0x0][0x0][0x0]6Success. You can now start the database server using:[\n]"
2024-07-24 14:30:32.340 [docker-java-stream-1274722064] DEBUG c.g.d.z.s.o.a.hc.client5.http.wire - http-outgoing-14 << "[0x1][0x0][0x0][0x0][0x0][0x0][0x0][0x1][\n]"
2024-07-24 14:30:32.340 [docker-java-stream-1274722064] DEBUG c.g.d.z.s.o.a.hc.client5.http.wire - http-outgoing-14 << "[0x1][0x0][0x0][0x0][0x0][0x0][0x0]8    pg_ctl -D /var/lib/postgresql/data -l logfile start[\n]"
2024-07-24 14:30:32.340 [docker-java-stream-1274722064] DEBUG c.g.d.z.s.o.a.hc.client5.http.wire - http-outgoing-14 << "[0x1][0x0][0x0][0x0][0x0][0x0][0x0][0x1][\n]"
2024-07-24 14:30:32.340 [docker-java-stream-1274722064] DEBUG c.g.d.z.s.o.a.hc.client5.http.wire - http-outgoing-14 << "[\r][\n]"
2024-07-24 14:30:32.340 [Test worker] DEBUG o.t.c.output.WaitingConsumer - STDOUT: Success. You can now start the database server using:
2024-07-24 14:30:32.340 [Test worker] DEBUG o.t.c.output.WaitingConsumer - STDOUT: 
2024-07-24 14:30:32.341 [Test worker] DEBUG o.t.c.output.WaitingConsumer - STDOUT:     pg_ctl -D /var/lib/postgresql/data -l logfile start
2024-07-24 14:30:32.341 [Test worker] DEBUG o.t.c.output.WaitingConsumer - STDOUT: 
2024-07-24 14:30:32.341 [Test worker] DEBUG o.t.c.output.WaitingConsumer - STDOUT: 
2024-07-24 14:30:32.341 [Test worker] DEBUG o.t.c.output.WaitingConsumer - STDOUT: 
2024-07-24 14:30:32.341 [Test worker] DEBUG o.t.c.output.WaitingConsumer - STDOUT: syncing data to disk ... ok
2024-07-24 14:30:32.341 [Test worker] DEBUG o.t.c.output.WaitingConsumer - STDERR: initdb: hint: You can change this by editing pg_hba.conf or using the option -A, or --auth-local and --auth-host, the next time you run initdb.
2024-07-24 14:30:32.341 [Test worker] DEBUG o.t.c.output.WaitingConsumer - STDERR: initdb: warning: enabling "trust" authentication for local connections
2024-07-24 14:30:32.378 [docker-java-stream-1274722064] DEBUG c.g.d.z.s.o.a.hc.client5.http.wire - http-outgoing-14 << "137[\r][\n]"
2024-07-24 14:30:32.378 [docker-java-stream-1274722064] DEBUG c.g.d.z.s.o.a.hc.client5.http.wire - http-outgoing-14 << "[0x1][0x0][0x0][0x0][0x0][0x0][0x0][0xffffffc3]waiting for server to start....2024-07-24 02:30:32.378 UTC [48] LOG:  starting PostgreSQL 16.2 (Debian 16.2-1.pgdg120+2) on x86_64-pc-linux-gnu, compiled by gcc (Debian 12.2.0-14) 12.2.0, 64-bit[\n]"
2024-07-24 14:30:32.378 [docker-java-stream-1274722064] DEBUG c.g.d.z.s.o.a.hc.client5.http.wire - http-outgoing-14 << "[0x1][0x0][0x0][0x0][0x0][0x0][0x0]d2024-07-24 02:30:32.378 UTC [48] LOG:  listening on Unix socket "/var/run/postgresql/.s.PGSQL.5432"[\n]"
2024-07-24 14:30:32.378 [docker-java-stream-1274722064] DEBUG c.g.d.z.s.o.a.hc.client5.http.wire - http-outgoing-14 << "[\r][\n]"
2024-07-24 14:30:32.378 [Test worker] DEBUG o.t.c.output.WaitingConsumer - STDOUT: 2024-07-24 02:30:32.378 UTC [48] LOG:  listening on Unix socket "/var/run/postgresql/.s.PGSQL.5432"
2024-07-24 14:30:32.379 [Test worker] DEBUG o.t.c.output.WaitingConsumer - STDOUT: waiting for server to start....2024-07-24 02:30:32.378 UTC [48] LOG:  starting PostgreSQL 16.2 (Debian 16.2-1.pgdg120+2) on x86_64-pc-linux-gnu, compiled by gcc (Debian 12.2.0-14) 12.2.0, 64-bit
2024-07-24 14:30:32.381 [docker-java-stream-1274722064] DEBUG c.g.d.z.s.o.a.hc.client5.http.wire - http-outgoing-14 << "68[\r][\n]"
2024-07-24 14:30:32.381 [docker-java-stream-1274722064] DEBUG c.g.d.z.s.o.a.hc.client5.http.wire - http-outgoing-14 << "[0x1][0x0][0x0][0x0][0x0][0x0][0x0]`2024-07-24 02:30:32.380 UTC [51] LOG:  database system was shut down at 2024-07-24 02:30:31 UTC[\n]"
2024-07-24 14:30:32.381 [docker-java-stream-1274722064] DEBUG c.g.d.z.s.o.a.hc.client5.http.wire - http-outgoing-14 << "[\r][\n]"
2024-07-24 14:30:32.384 [docker-java-stream-1274722064] DEBUG c.g.d.z.s.o.a.hc.client5.http.wire - http-outgoing-14 << "5e[\r][\n]"
2024-07-24 14:30:32.384 [docker-java-stream-1274722064] DEBUG c.g.d.z.s.o.a.hc.client5.http.wire - http-outgoing-14 << "[0x1][0x0][0x0][0x0][0x0][0x0][0x0]V2024-07-24 02:30:32.384 UTC [48] LOG:  database system is ready to accept connections[\n]"
2024-07-24 14:30:32.384 [docker-java-stream-1274722064] DEBUG c.g.d.z.s.o.a.hc.client5.http.wire - http-outgoing-14 << "[\r][\n]"
2024-07-24 14:30:32.392 [Test worker] DEBUG o.t.c.output.WaitingConsumer - STDOUT: 2024-07-24 02:30:32.384 UTC [48] LOG:  database system is ready to accept connections
2024-07-24 14:30:32.392 [Test worker] DEBUG o.t.c.output.WaitingConsumer - STDOUT: 2024-07-24 02:30:32.380 UTC [51] LOG:  database system was shut down at 2024-07-24 02:30:31 UTC
2024-07-24 14:30:32.463 [docker-java-stream-1274722064] DEBUG c.g.d.z.s.o.a.hc.client5.http.wire - http-outgoing-14 << "25[\r][\n]"
2024-07-24 14:30:32.463 [docker-java-stream-1274722064] DEBUG c.g.d.z.s.o.a.hc.client5.http.wire - http-outgoing-14 << "[0x1][0x0][0x0][0x0][0x0][0x0][0x0][0x6] done[\n]"
2024-07-24 14:30:32.463 [docker-java-stream-1274722064] DEBUG c.g.d.z.s.o.a.hc.client5.http.wire - http-outgoing-14 << "[0x1][0x0][0x0][0x0][0x0][0x0][0x0][0xf]server started[\n]"
2024-07-24 14:30:32.463 [docker-java-stream-1274722064] DEBUG c.g.d.z.s.o.a.hc.client5.http.wire - http-outgoing-14 << "[\r][\n]"
2024-07-24 14:30:32.463 [Test worker] DEBUG o.t.c.output.WaitingConsumer - STDOUT: server started
2024-07-24 14:30:32.463 [Test worker] DEBUG o.t.c.output.WaitingConsumer - STDOUT:  done
2024-07-24 14:30:32.551 [docker-java-stream-1274722064] DEBUG c.g.d.z.s.o.a.hc.client5.http.wire - http-outgoing-14 << "18[\r][\n]"
2024-07-24 14:30:32.551 [docker-java-stream-1274722064] DEBUG c.g.d.z.s.o.a.hc.client5.http.wire - http-outgoing-14 << "[0x1][0x0][0x0][0x0][0x0][0x0][0x0][0x10]CREATE DATABASE[\n]"
2024-07-24 14:30:32.551 [docker-java-stream-1274722064] DEBUG c.g.d.z.s.o.a.hc.client5.http.wire - http-outgoing-14 << "[\r][\n]"
2024-07-24 14:30:32.551 [Test worker] DEBUG o.t.c.output.WaitingConsumer - STDOUT: CREATE DATABASE
2024-07-24 14:30:32.552 [docker-java-stream-1274722064] DEBUG c.g.d.z.s.o.a.hc.client5.http.wire - http-outgoing-14 << "9[\r][\n]"
2024-07-24 14:30:32.552 [docker-java-stream-1274722064] DEBUG c.g.d.z.s.o.a.hc.client5.http.wire - http-outgoing-14 << "[0x1][0x0][0x0][0x0][0x0][0x0][0x0][0x1][\n]"
2024-07-24 14:30:32.552 [docker-java-stream-1274722064] DEBUG c.g.d.z.s.o.a.hc.client5.http.wire - http-outgoing-14 << "[\r][\n]"
2024-07-24 14:30:32.552 [docker-java-stream-1274722064] DEBUG c.g.d.z.s.o.a.hc.client5.http.wire - http-outgoing-14 << "66[\r][\n]"
2024-07-24 14:30:32.552 [docker-java-stream-1274722064] DEBUG c.g.d.z.s.o.a.hc.client5.http.wire - http-outgoing-14 << "[0x1][0x0][0x0][0x0][0x0][0x0][0x0][0x1][\n]"
2024-07-24 14:30:32.552 [docker-java-stream-1274722064] DEBUG c.g.d.z.s.o.a.hc.client5.http.wire - http-outgoing-14 << "[0x1][0x0][0x0][0x0][0x0][0x0][0x0]L/usr/local/bin/docker-entrypoint.sh: ignoring /docker-entrypoint-initdb.d/*[\n]"
2024-07-24 14:30:32.552 [docker-java-stream-1274722064] DEBUG c.g.d.z.s.o.a.hc.client5.http.wire - http-outgoing-14 << "[0x1][0x0][0x0][0x0][0x0][0x0][0x0][0x1][\n]"
2024-07-24 14:30:32.552 [docker-java-stream-1274722064] DEBUG c.g.d.z.s.o.a.hc.client5.http.wire - http-outgoing-14 << "[\r][\n]"
2024-07-24 14:30:32.554 [docker-java-stream-1274722064] DEBUG c.g.d.z.s.o.a.hc.client5.http.wire - http-outgoing-14 << "c0[\r][\n]"
2024-07-24 14:30:32.554 [docker-java-stream-1274722064] DEBUG c.g.d.z.s.o.a.hc.client5.http.wire - http-outgoing-14 << "[0x1][0x0][0x0][0x0][0x0][0x0][0x0]hwaiting for server to shut down...2024-07-24 02:30:32.553 UTC [48] LOG:  received fast shutdown request[\n]"
2024-07-24 14:30:32.554 [docker-java-stream-1274722064] DEBUG c.g.d.z.s.o.a.hc.client5.http.wire - http-outgoing-14 << "[0x1][0x0][0x0][0x0][0x0][0x0][0x0]H2024-07-24 02:30:32.553 UTC [48] LOG:  aborting any active transactions[\n]"
2024-07-24 14:30:32.554 [docker-java-stream-1274722064] DEBUG c.g.d.z.s.o.a.hc.client5.http.wire - http-outgoing-14 << "[\r][\n]"
2024-07-24 14:30:32.556 [docker-java-stream-1274722064] DEBUG c.g.d.z.s.o.a.hc.client5.http.wire - http-outgoing-14 << "116[\r][\n]"
2024-07-24 14:30:32.556 [docker-java-stream-1274722064] DEBUG c.g.d.z.s.o.a.hc.client5.http.wire - http-outgoing-14 << "[0x1][0x0][0x0][0x0][0x0][0x0][0x0]z.2024-07-24 02:30:32.555 UTC [48] LOG:  background worker "logical replication launcher" (PID 54) exited with exit code 1[\n]"
2024-07-24 14:30:32.556 [docker-java-stream-1274722064] DEBUG c.g.d.z.s.o.a.hc.client5.http.wire - http-outgoing-14 << "[0x1][0x0][0x0][0x0][0x0][0x0][0x0]52024-07-24 02:30:32.555 UTC [49] LOG:  shutting down[\n]"
2024-07-24 14:30:32.556 [docker-java-stream-1274722064] DEBUG c.g.d.z.s.o.a.hc.client5.http.wire - http-outgoing-14 << "[0x1][0x0][0x0][0x0][0x0][0x0][0x0]O2024-07-24 02:30:32.555 UTC [49] LOG:  checkpoint starting: shutdown immediate[\n]"
2024-07-24 14:30:32.556 [docker-java-stream-1274722064] DEBUG c.g.d.z.s.o.a.hc.client5.http.wire - http-outgoing-14 << "[\r][\n]"
2024-07-24 14:30:32.562 [Test worker] DEBUG o.t.c.output.WaitingConsumer - STDOUT: 2024-07-24 02:30:32.555 UTC [49] LOG:  checkpoint starting: shutdown immediate
2024-07-24 14:30:32.562 [Test worker] DEBUG o.t.c.output.WaitingConsumer - STDOUT: 2024-07-24 02:30:32.555 UTC [49] LOG:  shutting down
2024-07-24 14:30:32.562 [Test worker] DEBUG o.t.c.output.WaitingConsumer - STDOUT: .2024-07-24 02:30:32.555 UTC [48] LOG:  background worker "logical replication launcher" (PID 54) exited with exit code 1
2024-07-24 14:30:32.562 [Test worker] DEBUG o.t.c.output.WaitingConsumer - STDOUT: 2024-07-24 02:30:32.553 UTC [48] LOG:  aborting any active transactions
2024-07-24 14:30:32.562 [Test worker] DEBUG o.t.c.output.WaitingConsumer - STDOUT: waiting for server to shut down...2024-07-24 02:30:32.553 UTC [48] LOG:  received fast shutdown request
2024-07-24 14:30:32.562 [Test worker] DEBUG o.t.c.output.WaitingConsumer - STDOUT: 
2024-07-24 14:30:32.562 [Test worker] DEBUG o.t.c.output.WaitingConsumer - STDOUT: /usr/local/bin/docker-entrypoint.sh: ignoring /docker-entrypoint-initdb.d/*
2024-07-24 14:30:32.562 [Test worker] DEBUG o.t.c.output.WaitingConsumer - STDOUT: 
2024-07-24 14:30:32.562 [Test worker] DEBUG o.t.c.output.WaitingConsumer - STDOUT: 
2024-07-24 14:30:32.565 [docker-java-stream-1274722064] DEBUG c.g.d.z.s.o.a.hc.client5.http.wire - http-outgoing-14 << "12c[\r][\n]"
2024-07-24 14:30:32.565 [docker-java-stream-1274722064] DEBUG c.g.d.z.s.o.a.hc.client5.http.wire - http-outgoing-14 << "[0x1][0x0][0x0][0x0][0x0][0x0][0x1]$2024-07-24 02:30:32.564 UTC [49] LOG:  checkpoint complete: wrote 923 buffers (5.6%); 0 WAL file(s) added, 0 removed, 0 recycled; write=0.009 s, sync=0.001 s, total=0.009 s; sync files=0, longest=0.000 s, average=0.000 s; distance=4257 kB, estimate=4257 kB; lsn=0/1913068, redo lsn=0/1913068[\n]"
2024-07-24 14:30:32.565 [docker-java-stream-1274722064] DEBUG c.g.d.z.s.o.a.hc.client5.http.wire - http-outgoing-14 << "[\r][\n]"
2024-07-24 14:30:32.573 [docker-java-stream-1274722064] DEBUG c.g.d.z.s.o.a.hc.client5.http.wire - http-outgoing-14 << "4c[\r][\n]"
2024-07-24 14:30:32.573 [docker-java-stream-1274722064] DEBUG c.g.d.z.s.o.a.hc.client5.http.wire - http-outgoing-14 << "[0x1][0x0][0x0][0x0][0x0][0x0][0x0]D2024-07-24 02:30:32.573 UTC [48] LOG:  database system is shut down[\n]"
2024-07-24 14:30:32.573 [docker-java-stream-1274722064] DEBUG c.g.d.z.s.o.a.hc.client5.http.wire - http-outgoing-14 << "[\r][\n]"
2024-07-24 14:30:32.578 [Test worker] DEBUG o.t.c.output.WaitingConsumer - STDOUT: 2024-07-24 02:30:32.573 UTC [48] LOG:  database system is shut down
2024-07-24 14:30:32.578 [Test worker] DEBUG o.t.c.output.WaitingConsumer - STDOUT: 2024-07-24 02:30:32.564 UTC [49] LOG:  checkpoint complete: wrote 923 buffers (5.6%); 0 WAL file(s) added, 0 removed, 0 recycled; write=0.009 s, sync=0.001 s, total=0.009 s; sync files=0, longest=0.000 s, average=0.000 s; distance=4257 kB, estimate=4257 kB; lsn=0/1913068, redo lsn=0/1913068
2024-07-24 14:30:32.654 [docker-java-stream-1274722064] DEBUG c.g.d.z.s.o.a.hc.client5.http.wire - http-outgoing-14 << "25[\r][\n]"
2024-07-24 14:30:32.654 [docker-java-stream-1274722064] DEBUG c.g.d.z.s.o.a.hc.client5.http.wire - http-outgoing-14 << "[0x1][0x0][0x0][0x0][0x0][0x0][0x0][0x6] done[\n]"
2024-07-24 14:30:32.654 [docker-java-stream-1274722064] DEBUG c.g.d.z.s.o.a.hc.client5.http.wire - http-outgoing-14 << "[0x1][0x0][0x0][0x0][0x0][0x0][0x0][0xf]server stopped[\n]"
2024-07-24 14:30:32.654 [docker-java-stream-1274722064] DEBUG c.g.d.z.s.o.a.hc.client5.http.wire - http-outgoing-14 << "[\r][\n]"
2024-07-24 14:30:32.654 [Test worker] DEBUG o.t.c.output.WaitingConsumer - STDOUT: server stopped
2024-07-24 14:30:32.654 [Test worker] DEBUG o.t.c.output.WaitingConsumer - STDOUT:  done
2024-07-24 14:30:32.655 [docker-java-stream-1274722064] DEBUG c.g.d.z.s.o.a.hc.client5.http.wire - http-outgoing-14 << "50[\r][\n]"
2024-07-24 14:30:32.655 [docker-java-stream-1274722064] DEBUG c.g.d.z.s.o.a.hc.client5.http.wire - http-outgoing-14 << "[0x1][0x0][0x0][0x0][0x0][0x0][0x0][0x1][\n]"
2024-07-24 14:30:32.655 [docker-java-stream-1274722064] DEBUG c.g.d.z.s.o.a.hc.client5.http.wire - http-outgoing-14 << "[0x1][0x0][0x0][0x0][0x0][0x0][0x0]6PostgreSQL init process complete; ready for start up.[\n]"
2024-07-24 14:30:32.655 [docker-java-stream-1274722064] DEBUG c.g.d.z.s.o.a.hc.client5.http.wire - http-outgoing-14 << "[0x1][0x0][0x0][0x0][0x0][0x0][0x0][0x1][\n]"
2024-07-24 14:30:32.655 [docker-java-stream-1274722064] DEBUG c.g.d.z.s.o.a.hc.client5.http.wire - http-outgoing-14 << "[\r][\n]"
2024-07-24 14:30:32.670 [Test worker] DEBUG o.t.c.output.WaitingConsumer - STDOUT: 
2024-07-24 14:30:32.670 [Test worker] DEBUG o.t.c.output.WaitingConsumer - STDOUT: PostgreSQL init process complete; ready for start up.
2024-07-24 14:30:32.670 [Test worker] DEBUG o.t.c.output.WaitingConsumer - STDOUT: 
2024-07-24 14:30:32.677 [docker-java-stream-1274722064] DEBUG c.g.d.z.s.o.a.hc.client5.http.wire - http-outgoing-14 << "1cb[\r][\n]"
2024-07-24 14:30:32.678 [docker-java-stream-1274722064] DEBUG c.g.d.z.s.o.a.hc.client5.http.wire - http-outgoing-14 << "[0x2][0x0][0x0][0x0][0x0][0x0][0x0][0xffffffa3]2024-07-24 02:30:32.676 UTC [1] LOG:  starting PostgreSQL 16.2 (Debian 16.2-1.pgdg120+2) on x86_64-pc-linux-gnu, compiled by gcc (Debian 12.2.0-14) 12.2.0, 64-bit[\n]"
2024-07-24 14:30:32.678 [docker-java-stream-1274722064] DEBUG c.g.d.z.s.o.a.hc.client5.http.wire - http-outgoing-14 << "[0x2][0x0][0x0][0x0][0x0][0x0][0x0]U2024-07-24 02:30:32.676 UTC [1] LOG:  listening on IPv4 address "0.0.0.0", port 5432[\n]"
2024-07-24 14:30:32.678 [docker-java-stream-1274722064] DEBUG c.g.d.z.s.o.a.hc.client5.http.wire - http-outgoing-14 << "[0x2][0x0][0x0][0x0][0x0][0x0][0x0]P2024-07-24 02:30:32.676 UTC [1] LOG:  listening on IPv6 address "::", port 5432[\n]"
2024-07-24 14:30:32.678 [docker-java-stream-1274722064] DEBUG c.g.d.z.s.o.a.hc.client5.http.wire - http-outgoing-14 << "[0x2][0x0][0x0][0x0][0x0][0x0][0x0]c2024-07-24 02:30:32.676 UTC [1] LOG:  listening on Unix socket "/var/run/postgresql/.s.PGSQL.5432"[\n]"
2024-07-24 14:30:32.678 [docker-java-stream-1274722064] DEBUG c.g.d.z.s.o.a.hc.client5.http.wire - http-outgoing-14 << "[\r][\n]"
2024-07-24 14:30:32.681 [docker-java-stream-1274722064] DEBUG c.g.d.z.s.o.a.hc.client5.http.wire - http-outgoing-14 << "68[\r][\n]"
2024-07-24 14:30:32.681 [docker-java-stream-1274722064] DEBUG c.g.d.z.s.o.a.hc.client5.http.wire - http-outgoing-14 << "[0x2][0x0][0x0][0x0][0x0][0x0][0x0]`2024-07-24 02:30:32.680 UTC [64] LOG:  database system was shut down at 2024-07-24 02:30:32 UTC[\n]"
2024-07-24 14:30:32.681 [docker-java-stream-1274722064] DEBUG c.g.d.z.s.o.a.hc.client5.http.wire - http-outgoing-14 << "[\r][\n]"
2024-07-24 14:30:32.685 [docker-java-stream-1274722064] DEBUG c.g.d.z.s.o.a.hc.client5.http.wire - http-outgoing-14 << "5d[\r][\n]"
2024-07-24 14:30:32.685 [Test worker] DEBUG o.t.c.output.WaitingConsumer - STDERR: 2024-07-24 02:30:32.680 UTC [64] LOG:  database system was shut down at 2024-07-24 02:30:32 UTC
2024-07-24 14:30:32.685 [docker-java-stream-1274722064] DEBUG c.g.d.z.s.o.a.hc.client5.http.wire - http-outgoing-14 << "[0x2][0x0][0x0][0x0][0x0][0x0][0x0]U2024-07-24 02:30:32.684 UTC [1] LOG:  database system is ready to accept connections[\n]"
2024-07-24 14:30:32.685 [docker-java-stream-1274722064] DEBUG c.g.d.z.s.o.a.hc.client5.http.wire - http-outgoing-14 << "[\r][\n]"
2024-07-24 14:30:32.685 [Test worker] DEBUG o.t.c.output.WaitingConsumer - STDERR: 2024-07-24 02:30:32.676 UTC [1] LOG:  listening on Unix socket "/var/run/postgresql/.s.PGSQL.5432"
2024-07-24 14:30:32.685 [Test worker] DEBUG o.t.c.output.WaitingConsumer - STDERR: 2024-07-24 02:30:32.684 UTC [1] LOG:  database system is ready to accept connections
2024-07-24 14:30:32.685 [Test worker] DEBUG c.g.d.z.s.o.a.h.c.h.i.c.InternalHttpClient - ep-0000009D: cancel
2024-07-24 14:30:32.685 [Test worker] DEBUG c.g.d.z.s.o.a.h.c.h.i.i.DefaultManagedHttpClientConnection - http-outgoing-14: close connection IMMEDIATE
2024-07-24 14:30:32.685 [Test worker] DEBUG c.g.d.z.s.o.a.h.c.h.i.c.InternalHttpClient - ep-0000009D: endpoint closed
2024-07-24 14:30:32.685 [Test worker] DEBUG c.g.d.z.s.o.a.h.c.h.i.c.InternalHttpClient - ep-0000009D: discarding endpoint
2024-07-24 14:30:32.685 [Test worker] DEBUG c.g.d.z.s.o.a.h.c.h.i.i.PoolingHttpClientConnectionManager - ep-0000009D: releasing endpoint
2024-07-24 14:30:32.685 [Test worker] DEBUG c.g.d.z.s.o.a.h.c.h.i.i.PoolingHttpClientConnectionManager - ep-0000009D: connection is not kept alive
2024-07-24 14:30:32.685 [docker-java-stream-1274722064] DEBUG c.g.d.z.s.o.a.hc.client5.http.wire - http-outgoing-14 << "end of stream"
2024-07-24 14:30:32.686 [Test worker] DEBUG c.g.d.z.s.o.a.h.c.h.i.i.PoolingHttpClientConnectionManager - ep-0000009D: connection released [route: {}->npipe://localhost:2375][total available: 0; route allocated: 0 of 2147483647; total allocated: 0 of 2147483647]
2024-07-24 14:30:32.686 [docker-java-stream-1274722064] DEBUG c.g.d.z.s.o.a.hc.client5.http.wire - http-outgoing-14 << "[read] I/O error: java.nio.channels.ClosedChannelException"
2024-07-24 14:30:32.686 [Test worker] DEBUG c.g.d.z.s.o.a.hc.client5.http.wire - http-outgoing-14 << "[read] I/O error: java.nio.channels.ClosedChannelException"
2024-07-24 14:30:32.686 [docker-java-stream-1274722064] DEBUG c.g.d.z.ApacheDockerHttpClientImpl$ApacheResponse - Failed to close the response
java.io.IOException: java.nio.channels.ClosedChannelException
	at java.base/java.nio.channels.Channels$2.read(Channels.java:240)
	at com.github.dockerjava.zerodep.shaded.org.apache.hc.client5.http.impl.io.LoggingInputStream.read(LoggingInputStream.java:81)
	at com.github.dockerjava.zerodep.shaded.org.apache.hc.core5.http.impl.io.SessionInputBufferImpl.fillBuffer(SessionInputBufferImpl.java:149)
	at com.github.dockerjava.zerodep.shaded.org.apache.hc.core5.http.impl.io.SessionInputBufferImpl.readLine(SessionInputBufferImpl.java:280)
	at com.github.dockerjava.zerodep.shaded.org.apache.hc.core5.http.impl.io.ChunkedInputStream.getChunkSize(ChunkedInputStream.java:261)
	at com.github.dockerjava.zerodep.shaded.org.apache.hc.core5.http.impl.io.ChunkedInputStream.nextChunk(ChunkedInputStream.java:222)
	at com.github.dockerjava.zerodep.shaded.org.apache.hc.core5.http.impl.io.ChunkedInputStream.read(ChunkedInputStream.java:147)
	at com.github.dockerjava.zerodep.shaded.org.apache.hc.core5.http.impl.io.ChunkedInputStream.close(ChunkedInputStream.java:314)
	at com.github.dockerjava.zerodep.shaded.org.apache.hc.core5.io.Closer.close(Closer.java:48)
	at com.github.dockerjava.zerodep.shaded.org.apache.hc.core5.http.impl.io.IncomingHttpEntity.close(IncomingHttpEntity.java:111)
	at com.github.dockerjava.zerodep.shaded.org.apache.hc.core5.http.io.entity.HttpEntityWrapper.close(HttpEntityWrapper.java:120)
	at com.github.dockerjava.zerodep.shaded.org.apache.hc.core5.io.Closer.close(Closer.java:48)
	at com.github.dockerjava.zerodep.shaded.org.apache.hc.core5.http.message.BasicClassicHttpResponse.close(BasicClassicHttpResponse.java:93)
	at com.github.dockerjava.zerodep.shaded.org.apache.hc.client5.http.impl.classic.CloseableHttpResponse.close(CloseableHttpResponse.java:200)
	at com.github.dockerjava.zerodep.ApacheDockerHttpClientImpl$ApacheResponse.close(ApacheDockerHttpClientImpl.java:271)
	at org.testcontainers.shaded.com.github.dockerjava.core.DefaultInvocationBuilder.lambda$executeAndStream$1(DefaultInvocationBuilder.java:277)
	at java.base/java.lang.Thread.run(Thread.java:833)
Caused by: java.nio.channels.ClosedChannelException: null
	at java.base/sun.nio.ch.WindowsAsynchronousFileChannelImpl.implRead(WindowsAsynchronousFileChannelImpl.java:516)
	at java.base/sun.nio.ch.AsynchronousFileChannelImpl.read(AsynchronousFileChannelImpl.java:229)
	at com.github.dockerjava.transport.NamedPipeSocket$AsynchronousFileByteChannel.read(NamedPipeSocket.java:117)
	at java.base/java.nio.channels.Channels$2.read(Channels.java:238)
	... 16 common frames omitted
2024-07-24 14:30:32.686 [Test worker] DEBUG c.g.d.z.ApacheDockerHttpClientImpl$ApacheResponse - Failed to close the response
java.io.IOException: java.nio.channels.ClosedChannelException
	at java.base/java.nio.channels.Channels$2.read(Channels.java:240)
	at com.github.dockerjava.zerodep.shaded.org.apache.hc.client5.http.impl.io.LoggingInputStream.read(LoggingInputStream.java:81)
	at com.github.dockerjava.zerodep.shaded.org.apache.hc.core5.http.impl.io.SessionInputBufferImpl.fillBuffer(SessionInputBufferImpl.java:149)
	at com.github.dockerjava.zerodep.shaded.org.apache.hc.core5.http.impl.io.SessionInputBufferImpl.readLine(SessionInputBufferImpl.java:280)
	at com.github.dockerjava.zerodep.shaded.org.apache.hc.core5.http.impl.io.ChunkedInputStream.getChunkSize(ChunkedInputStream.java:261)
	at com.github.dockerjava.zerodep.shaded.org.apache.hc.core5.http.impl.io.ChunkedInputStream.nextChunk(ChunkedInputStream.java:222)
	at com.github.dockerjava.zerodep.shaded.org.apache.hc.core5.http.impl.io.ChunkedInputStream.read(ChunkedInputStream.java:147)
	at com.github.dockerjava.zerodep.shaded.org.apache.hc.core5.http.impl.io.ChunkedInputStream.close(ChunkedInputStream.java:314)
	at com.github.dockerjava.zerodep.shaded.org.apache.hc.core5.io.Closer.close(Closer.java:48)
	at com.github.dockerjava.zerodep.shaded.org.apache.hc.core5.http.impl.io.IncomingHttpEntity.close(IncomingHttpEntity.java:111)
	at com.github.dockerjava.zerodep.shaded.org.apache.hc.core5.http.io.entity.HttpEntityWrapper.close(HttpEntityWrapper.java:120)
	at com.github.dockerjava.zerodep.shaded.org.apache.hc.core5.io.Closer.close(Closer.java:48)
	at com.github.dockerjava.zerodep.shaded.org.apache.hc.core5.http.message.BasicClassicHttpResponse.close(BasicClassicHttpResponse.java:93)
	at com.github.dockerjava.zerodep.shaded.org.apache.hc.client5.http.impl.classic.CloseableHttpResponse.close(CloseableHttpResponse.java:200)
	at com.github.dockerjava.zerodep.ApacheDockerHttpClientImpl$ApacheResponse.close(ApacheDockerHttpClientImpl.java:271)
	at org.testcontainers.shaded.com.github.dockerjava.core.DefaultInvocationBuilder.lambda$null$0(DefaultInvocationBuilder.java:272)
	at com.github.dockerjava.api.async.ResultCallbackTemplate.close(ResultCallbackTemplate.java:77)
	at org.testcontainers.containers.output.FrameConsumerResultCallback.close(FrameConsumerResultCallback.java:69)
	at org.testcontainers.containers.wait.strategy.LogMessageWaitStrategy.waitUntilReady(LogMessageWaitStrategy.java:49)
	at org.testcontainers.containers.wait.strategy.AbstractWaitStrategy.waitUntilReady(AbstractWaitStrategy.java:52)
	at org.testcontainers.containers.PostgreSQLContainer.waitUntilContainerStarted(PostgreSQLContainer.java:149)
	at org.testcontainers.containers.GenericContainer.tryStart(GenericContainer.java:500)
	at org.testcontainers.containers.GenericContainer.lambda$doStart$0(GenericContainer.java:354)
	at org.rnorth.ducttape.unreliables.Unreliables.retryUntilSuccess(Unreliables.java:81)
	at org.testcontainers.containers.GenericContainer.doStart(GenericContainer.java:344)
	at org.testcontainers.containers.GenericContainer.start(GenericContainer.java:330)
	at com.unitedApi.SequenceHeaderDAOTest.<init>(SequenceHeaderDAOTest.kt:37)
	at java.base/jdk.internal.reflect.NativeConstructorAccessorImpl.newInstance0(Native Method)
	at java.base/jdk.internal.reflect.NativeConstructorAccessorImpl.newInstance(NativeConstructorAccessorImpl.java:77)
	at java.base/jdk.internal.reflect.DelegatingConstructorAccessorImpl.newInstance(DelegatingConstructorAccessorImpl.java:45)
	at java.base/java.lang.reflect.Constructor.newInstanceWithCaller(Constructor.java:499)
	at java.base/java.lang.reflect.Constructor.newInstance(Constructor.java:480)
	at org.junit.runners.BlockJUnit4ClassRunner.createTest(BlockJUnit4ClassRunner.java:250)
	at org.junit.runners.BlockJUnit4ClassRunner.createTest(BlockJUnit4ClassRunner.java:260)
	at org.junit.runners.BlockJUnit4ClassRunner$2.runReflectiveCall(BlockJUnit4ClassRunner.java:309)
	at org.junit.internal.runners.model.ReflectiveCallable.run(ReflectiveCallable.java:12)
	at org.junit.runners.BlockJUnit4ClassRunner.methodBlock(BlockJUnit4ClassRunner.java:306)
	at org.junit.runners.BlockJUnit4ClassRunner$1.evaluate(BlockJUnit4ClassRunner.java:100)
	at org.junit.runners.ParentRunner.runLeaf(ParentRunner.java:366)
	at org.junit.runners.BlockJUnit4ClassRunner.runChild(BlockJUnit4ClassRunner.java:103)
	at org.junit.runners.BlockJUnit4ClassRunner.runChild(BlockJUnit4ClassRunner.java:63)
	at org.junit.runners.ParentRunner$4.run(ParentRunner.java:331)
	at org.junit.runners.ParentRunner$1.schedule(ParentRunner.java:79)
	at org.junit.runners.ParentRunner.runChildren(ParentRunner.java:329)
	at org.junit.runners.ParentRunner.access$100(ParentRunner.java:66)
	at org.junit.runners.ParentRunner$2.evaluate(ParentRunner.java:293)
	at org.junit.runners.ParentRunner$3.evaluate(ParentRunner.java:306)
	at org.junit.runners.ParentRunner.run(ParentRunner.java:413)
	at org.gradle.api.internal.tasks.testing.junit.JUnitTestClassExecutor.runTestClass(JUnitTestClassExecutor.java:112)
	at org.gradle.api.internal.tasks.testing.junit.JUnitTestClassExecutor.execute(JUnitTestClassExecutor.java:58)
	at org.gradle.api.internal.tasks.testing.junit.JUnitTestClassExecutor.execute(JUnitTestClassExecutor.java:40)
	at org.gradle.api.internal.tasks.testing.junit.AbstractJUnitTestClassProcessor.processTestClass(AbstractJUnitTestClassProcessor.java:60)
	at org.gradle.api.internal.tasks.testing.SuiteTestClassProcessor.processTestClass(SuiteTestClassProcessor.java:52)
	at java.base/jdk.internal.reflect.NativeMethodAccessorImpl.invoke0(Native Method)
	at java.base/jdk.internal.reflect.NativeMethodAccessorImpl.invoke(NativeMethodAccessorImpl.java:77)
	at java.base/jdk.internal.reflect.DelegatingMethodAccessorImpl.invoke(DelegatingMethodAccessorImpl.java:43)
	at java.base/java.lang.reflect.Method.invoke(Method.java:568)
	at org.gradle.internal.dispatch.ReflectionDispatch.dispatch(ReflectionDispatch.java:36)
	at org.gradle.internal.dispatch.ReflectionDispatch.dispatch(ReflectionDispatch.java:24)
	at org.gradle.internal.dispatch.ContextClassLoaderDispatch.dispatch(ContextClassLoaderDispatch.java:33)
	at org.gradle.internal.dispatch.ProxyDispatchAdapter$DispatchingInvocationHandler.invoke(ProxyDispatchAdapter.java:94)
	at jdk.proxy1/jdk.proxy1.$Proxy2.processTestClass(Unknown Source)
	at org.gradle.api.internal.tasks.testing.worker.TestWorker$2.run(TestWorker.java:176)
	at org.gradle.api.internal.tasks.testing.worker.TestWorker.executeAndMaintainThreadName(TestWorker.java:129)
	at org.gradle.api.internal.tasks.testing.worker.TestWorker.execute(TestWorker.java:100)
	at org.gradle.api.internal.tasks.testing.worker.TestWorker.execute(TestWorker.java:60)
	at org.gradle.process.internal.worker.child.ActionExecutionWorker.execute(ActionExecutionWorker.java:56)
	at org.gradle.process.internal.worker.child.SystemApplicationClassLoaderWorker.call(SystemApplicationClassLoaderWorker.java:113)
	at org.gradle.process.internal.worker.child.SystemApplicationClassLoaderWorker.call(SystemApplicationClassLoaderWorker.java:65)
	at worker.org.gradle.process.internal.worker.GradleWorkerMain.run(GradleWorkerMain.java:69)
	at worker.org.gradle.process.internal.worker.GradleWorkerMain.main(GradleWorkerMain.java:74)
Caused by: java.nio.channels.ClosedChannelException: null
	at java.base/sun.nio.ch.WindowsAsynchronousFileChannelImpl.implRead(WindowsAsynchronousFileChannelImpl.java:516)
	at java.base/sun.nio.ch.AsynchronousFileChannelImpl.read(AsynchronousFileChannelImpl.java:229)
	at com.github.dockerjava.transport.NamedPipeSocket$AsynchronousFileByteChannel.read(NamedPipeSocket.java:117)
	at java.base/java.nio.channels.Channels$2.read(Channels.java:238)
	... 70 common frames omitted
2024-07-24 14:30:32.686 [Test worker] INFO  tc.postgres:latest - Container postgres:latest started in PT1.9197866S
2024-07-24 14:30:32.686 [Test worker] INFO  tc.postgres:latest - Container is started (JDBC URL: jdbc:postgresql://localhost:51555/db?loggerLevel=OFF)
2024-07-24 14:30:32.688 [Test worker] INFO  org.testcontainers.ext.ScriptUtils - Executing database script from sql/init.sql
2024-07-24 14:30:32.688 [Test worker] DEBUG o.t.s.c.g.d.c.command.AbstrDockerCmd - Cmd: f2981dec7496bbfe77ed467a3fd13082650c1d8eb0320229b91cfc49ffb16235,false
2024-07-24 14:30:32.688 [Test worker] DEBUG o.t.s.c.g.d.c.e.InspectContainerCmdExec - GET: DefaultWebTarget{path=[/containers/f2981dec7496bbfe77ed467a3fd13082650c1d8eb0320229b91cfc49ffb16235/json], queryParams={}}
2024-07-24 14:30:32.689 [Test worker] DEBUG c.g.d.z.s.o.a.h.c.h.i.c.InternalHttpClient - ex-0000009F: preparing request execution
2024-07-24 14:30:32.689 [Test worker] DEBUG c.g.d.z.s.o.a.h.c.h.p.RequestAddCookies - Cookie spec selected: strict
2024-07-24 14:30:32.689 [Test worker] DEBUG c.g.d.z.s.o.a.h.c.h.p.RequestAuthCache - Auth cache not set in the context
2024-07-24 14:30:32.689 [Test worker] DEBUG c.g.d.z.s.o.a.h.c.h.i.c.ProtocolExec - ex-0000009F: target auth state: UNCHALLENGED
2024-07-24 14:30:32.689 [Test worker] DEBUG c.g.d.z.s.o.a.h.c.h.i.c.ProtocolExec - ex-0000009F: proxy auth state: UNCHALLENGED
2024-07-24 14:30:32.689 [Test worker] DEBUG c.g.d.z.s.o.a.h.c.h.i.c.ConnectExec - ex-0000009F: acquiring connection with route {}->npipe://localhost:2375
2024-07-24 14:30:32.689 [Test worker] DEBUG c.g.d.z.s.o.a.h.c.h.i.c.InternalHttpClient - ex-0000009F: acquiring endpoint (3 MINUTES)
2024-07-24 14:30:32.689 [Test worker] DEBUG c.g.d.z.s.o.a.h.c.h.i.i.PoolingHttpClientConnectionManager - ex-0000009F: endpoint lease request (3 MINUTES) [route: {}->npipe://localhost:2375][total available: 0; route allocated: 0 of 2147483647; total allocated: 0 of 2147483647]
2024-07-24 14:30:32.690 [Test worker] DEBUG c.g.d.z.s.o.a.h.c.h.i.i.PoolingHttpClientConnectionManager - ex-0000009F: endpoint leased [route: {}->npipe://localhost:2375][total available: 0; route allocated: 1 of 2147483647; total allocated: 1 of 2147483647]
2024-07-24 14:30:32.690 [Test worker] DEBUG c.g.d.z.s.o.a.h.c.h.i.i.PoolingHttpClientConnectionManager - ex-0000009F: acquired ep-0000009E
2024-07-24 14:30:32.690 [Test worker] DEBUG c.g.d.z.s.o.a.h.c.h.i.c.InternalHttpClient - ex-0000009F: acquired endpoint ep-0000009E
2024-07-24 14:30:32.690 [Test worker] DEBUG c.g.d.z.s.o.a.h.c.h.i.c.ConnectExec - ex-0000009F: opening connection {}->npipe://localhost:2375
2024-07-24 14:30:32.690 [Test worker] DEBUG c.g.d.z.s.o.a.h.c.h.i.c.InternalHttpClient - ep-0000009E: connecting endpoint (3 MINUTES)
2024-07-24 14:30:32.690 [Test worker] DEBUG c.g.d.z.s.o.a.h.c.h.i.i.PoolingHttpClientConnectionManager - ep-0000009E: connecting endpoint to npipe://localhost:2375 (3 MINUTES)
2024-07-24 14:30:32.690 [Test worker] DEBUG c.g.d.z.s.o.a.h.c.h.i.i.DefaultHttpClientConnectionOperator - http-outgoing-15: connecting to localhost/127.0.0.1:2375
2024-07-24 14:30:32.690 [Test worker] DEBUG c.g.d.z.s.o.a.h.c.h.i.i.DefaultHttpClientConnectionOperator - http-outgoing-15: connection established 
2024-07-24 14:30:32.690 [Test worker] DEBUG c.g.d.z.s.o.a.h.c.h.i.i.PoolingHttpClientConnectionManager - ep-0000009E: connected http-outgoing-15
2024-07-24 14:30:32.690 [Test worker] DEBUG c.g.d.z.s.o.a.h.c.h.i.c.InternalHttpClient - ep-0000009E: endpoint connected
2024-07-24 14:30:32.690 [Test worker] DEBUG c.g.d.z.s.o.a.h.c.h.i.c.MainClientExec - ex-0000009F: executing GET /v1.32/containers/f2981dec7496bbfe77ed467a3fd13082650c1d8eb0320229b91cfc49ffb16235/json HTTP/1.1
2024-07-24 14:30:32.690 [Test worker] DEBUG c.g.d.z.s.o.a.h.c.h.i.c.InternalHttpClient - ep-0000009E: start execution ex-0000009F
2024-07-24 14:30:32.690 [Test worker] DEBUG c.g.d.z.s.o.a.h.c.h.i.i.PoolingHttpClientConnectionManager - ep-0000009E: executing exchange ex-0000009F over http-outgoing-15
2024-07-24 14:30:32.690 [Test worker] DEBUG c.g.d.z.s.o.a.h.client5.http.headers - http-outgoing-15 >> GET /v1.32/containers/f2981dec7496bbfe77ed467a3fd13082650c1d8eb0320229b91cfc49ffb16235/json HTTP/1.1
2024-07-24 14:30:32.690 [Test worker] DEBUG c.g.d.z.s.o.a.h.client5.http.headers - http-outgoing-15 >> accept: application/json
2024-07-24 14:30:32.690 [Test worker] DEBUG c.g.d.z.s.o.a.h.client5.http.headers - http-outgoing-15 >> x-tc-sid: 280e6229-7396-4d60-b1e3-a5de48b5d49b
2024-07-24 14:30:32.690 [Test worker] DEBUG c.g.d.z.s.o.a.h.client5.http.headers - http-outgoing-15 >> User-Agent: tc-java/1.19.8
2024-07-24 14:30:32.690 [Test worker] DEBUG c.g.d.z.s.o.a.h.client5.http.headers - http-outgoing-15 >> Accept-Encoding: gzip, x-gzip, deflate
2024-07-24 14:30:32.690 [Test worker] DEBUG c.g.d.z.s.o.a.h.client5.http.headers - http-outgoing-15 >> Host: localhost:2375
2024-07-24 14:30:32.690 [Test worker] DEBUG c.g.d.z.s.o.a.h.client5.http.headers - http-outgoing-15 >> Connection: keep-alive
2024-07-24 14:30:32.690 [Test worker] DEBUG c.g.d.z.s.o.a.hc.client5.http.wire - http-outgoing-15 >> "GET /v1.32/containers/f2981dec7496bbfe77ed467a3fd13082650c1d8eb0320229b91cfc49ffb16235/json HTTP/1.1[\r][\n]"
2024-07-24 14:30:32.690 [Test worker] DEBUG c.g.d.z.s.o.a.hc.client5.http.wire - http-outgoing-15 >> "accept: application/json[\r][\n]"
2024-07-24 14:30:32.690 [Test worker] DEBUG c.g.d.z.s.o.a.hc.client5.http.wire - http-outgoing-15 >> "x-tc-sid: 280e6229-7396-4d60-b1e3-a5de48b5d49b[\r][\n]"
2024-07-24 14:30:32.690 [Test worker] DEBUG c.g.d.z.s.o.a.hc.client5.http.wire - http-outgoing-15 >> "User-Agent: tc-java/1.19.8[\r][\n]"
2024-07-24 14:30:32.690 [Test worker] DEBUG c.g.d.z.s.o.a.hc.client5.http.wire - http-outgoing-15 >> "Accept-Encoding: gzip, x-gzip, deflate[\r][\n]"
2024-07-24 14:30:32.690 [Test worker] DEBUG c.g.d.z.s.o.a.hc.client5.http.wire - http-outgoing-15 >> "Host: localhost:2375[\r][\n]"
2024-07-24 14:30:32.690 [Test worker] DEBUG c.g.d.z.s.o.a.hc.client5.http.wire - http-outgoing-15 >> "Connection: keep-alive[\r][\n]"
2024-07-24 14:30:32.690 [Test worker] DEBUG c.g.d.z.s.o.a.hc.client5.http.wire - http-outgoing-15 >> "[\r][\n]"
2024-07-24 14:30:32.694 [Test worker] DEBUG c.g.d.z.s.o.a.hc.client5.http.wire - http-outgoing-15 << "HTTP/1.1 200 OK[\r][\n]"
2024-07-24 14:30:32.694 [Test worker] DEBUG c.g.d.z.s.o.a.hc.client5.http.wire - http-outgoing-15 << "Api-Version: 1.45[\r][\n]"
2024-07-24 14:30:32.694 [Test worker] DEBUG c.g.d.z.s.o.a.hc.client5.http.wire - http-outgoing-15 << "Content-Type: application/json[\r][\n]"
2024-07-24 14:30:32.694 [Test worker] DEBUG c.g.d.z.s.o.a.hc.client5.http.wire - http-outgoing-15 << "Date: Wed, 24 Jul 2024 02:30:32 GMT[\r][\n]"
2024-07-24 14:30:32.694 [Test worker] DEBUG c.g.d.z.s.o.a.hc.client5.http.wire - http-outgoing-15 << "Docker-Experimental: false[\r][\n]"
2024-07-24 14:30:32.694 [Test worker] DEBUG c.g.d.z.s.o.a.hc.client5.http.wire - http-outgoing-15 << "Ostype: linux[\r][\n]"
2024-07-24 14:30:32.694 [Test worker] DEBUG c.g.d.z.s.o.a.hc.client5.http.wire - http-outgoing-15 << "Server: Docker/26.0.0 (linux)[\r][\n]"
2024-07-24 14:30:32.694 [Test worker] DEBUG c.g.d.z.s.o.a.hc.client5.http.wire - http-outgoing-15 << "Transfer-Encoding: chunked[\r][\n]"
2024-07-24 14:30:32.694 [Test worker] DEBUG c.g.d.z.s.o.a.hc.client5.http.wire - http-outgoing-15 << "[\r][\n]"
2024-07-24 14:30:32.694 [Test worker] DEBUG c.g.d.z.s.o.a.h.client5.http.headers - http-outgoing-15 << HTTP/1.1 200 OK
2024-07-24 14:30:32.694 [Test worker] DEBUG c.g.d.z.s.o.a.h.client5.http.headers - http-outgoing-15 << Api-Version: 1.45
2024-07-24 14:30:32.694 [Test worker] DEBUG c.g.d.z.s.o.a.h.client5.http.headers - http-outgoing-15 << Content-Type: application/json
2024-07-24 14:30:32.694 [Test worker] DEBUG c.g.d.z.s.o.a.h.client5.http.headers - http-outgoing-15 << Date: Wed, 24 Jul 2024 02:30:32 GMT
2024-07-24 14:30:32.694 [Test worker] DEBUG c.g.d.z.s.o.a.h.client5.http.headers - http-outgoing-15 << Docker-Experimental: false
2024-07-24 14:30:32.694 [Test worker] DEBUG c.g.d.z.s.o.a.h.client5.http.headers - http-outgoing-15 << Ostype: linux
2024-07-24 14:30:32.694 [Test worker] DEBUG c.g.d.z.s.o.a.h.client5.http.headers - http-outgoing-15 << Server: Docker/26.0.0 (linux)
2024-07-24 14:30:32.694 [Test worker] DEBUG c.g.d.z.s.o.a.h.client5.http.headers - http-outgoing-15 << Transfer-Encoding: chunked
2024-07-24 14:30:32.694 [Test worker] DEBUG c.g.d.z.s.o.a.h.c.h.i.c.MainClientExec - ex-0000009F: connection can be kept alive for 3 MINUTES
2024-07-24 14:30:32.695 [Test worker] DEBUG c.g.d.z.s.o.a.hc.client5.http.wire - http-outgoing-15 << "1a39[\r][\n]"
2024-07-24 14:30:32.695 [Test worker] DEBUG c.g.d.z.s.o.a.hc.client5.http.wire - http-outgoing-15 << "{"Id":"f2981dec7496bbfe77ed467a3fd13082650c1d8eb0320229b91cfc49ffb16235","Created":"2024-07-24T02:30:30.774870272Z","Path":"docker-entrypoint.sh","Args":["postgres","-c","fsync=off"],"State":{"Status":"running","Running":true,"Paused":false,"Restarting":false,"OOMKilled":false,"Dead":false,"Pid":29727,"ExitCode":0,"Error":"","StartedAt":"2024-07-24T02:30:31.227858183Z","FinishedAt":"0001-01-01T00:00:00Z"},"Image":"sha256:8e4fc9e184899a58735e7ee333f5e272d7d2298cf59302006b71f33e217be130","ResolvConfPath":"/var/lib/docker/containers/f2981dec7496bbfe77ed467a3fd13082650c1d8eb0320229b91cfc49ffb16235/resolv.conf","HostnamePath":"/var/lib/docker/containers/f2981dec7496bbfe77ed467a3fd13082650c1d8eb0320229b91cfc49ffb16235/hostname","HostsPath":"/var/lib/docker/containers/f2981dec7496bbfe77ed467a3fd13082650c1d8eb0320229b91cfc49ffb16235/hosts","LogPath":"/var/lib/docker/containers/f2981dec7496bbfe77ed467a3fd13082650c1d8eb0320229b91cfc49ffb16235/f2981dec7496bbfe77ed467a3fd13082650c1d8eb0320229b91cfc49ffb16235-json.log","Name":"/clever_antonelli","RestartCount":0,"Driver":"overlay2","Platform":"linux","MountLabel":"","ProcessLabel":"","AppArmorProfile":"","ExecIDs":null,"HostConfig":{"Binds":[],"ContainerIDFile":"","LogConfig":{"Type":"json-file","Config":{}},"NetworkMode":"default","PortBindings":{"5432/tcp":[{"HostIp":"0.0.0.0","HostPort":"0"}]},"RestartPolicy":{"Name":"no","MaximumRetryCount":0},"AutoRemove":false,"VolumeDriver":"","VolumesFrom":[],"ConsoleSize":[0,0],"CapAdd":null,"CapDrop":null,"CgroupnsMode":"host","Dns":null,"DnsOptions":null,"DnsSearch":null,"ExtraHosts":[],"GroupAdd":null,"IpcMode":"shareable","Cgroup":"","Links":null,"OomScoreAdj":0,"PidMode":"","Privileged":false,"PublishAllPorts":false,"ReadonlyRootfs":false,"SecurityOpt":null,"UTSMode":"","UsernsMode":"","ShmSize":67108864,"Runtime":"runc","Isolation":"","CpuShares":0,"Memory":0,"NanoCpus":0,"CgroupParent":"","BlkioWeight":0,"BlkioWeightDevice":null,"BlkioDeviceReadBps":null,"BlkioDeviceWriteBps":null,"BlkioDeviceReadIOps":null,"BlkioDeviceWriteIOps":null,"CpuPeriod":0,"CpuQuota":0,"CpuRealtimePeriod":0,"CpuRealtimeRuntime":0,"CpusetCpus":"","CpusetMems":"","Devices":null,"DeviceCgroupRules":null,"DeviceRequests":null,"MemoryReservation":0,"MemorySwap":0,"MemorySwappiness":null,"OomKillDisable":false,"PidsLimit":null,"Ulimits":null,"CpuCount":0,"CpuPercent":0,"IOMaximumIOps":0,"IOMaximumBandwidth":0,"MaskedPaths":["/proc/asound","/proc/acpi","/proc/kcore","/proc/keys","/proc/latency_stats","/proc/timer_list","/proc/timer_stats","/proc/sched_debug","/proc/scsi","/sys/firmware","/sys/devices/virtual/powercap"],"ReadonlyPaths":["/proc/bus","/proc/fs","/proc/irq","/proc/sys","/proc/sysrq-trigger"]},"GraphDriver":{"Data":{"LowerDir":"/var/lib/docker/overlay2/4276cea001385bb7629b4fe75f3bbc3ebd9238d0e2d1f87ef5ecb7dbabe245ec-init/diff:/var/lib/docker/overlay2/8f0ddbd386af0785c2e348570516955816ab350305d698d363962d488eeb15ec/diff:/var/lib/docker/overlay2/0eb0ca73e9b0be7c3d7fa8762ef4778a68f38391bc84c037c2e90b88e781b475/diff:/var/lib/docker/overlay2/74e634bddc785c5d436b10a5158cd82e21dc2065fd1cf8ff9c1c12e01575a2d8/diff:/var/lib/docker/overlay2/bb918b2851cd2f508f1e3fdbfff8b7f8b041d61e65fe8c368288bf399e80b818/diff:/var/lib/docker/overlay2/2abab2946cbdc2941ee8ec4024c51dac7313dee9de5fbedd1ca33388c59eb3c8/diff:/var/lib/docker/overlay2/e12f6083ee669bd92743ceb339a896bb25dbe461b718705bb39eb410b80c0ecd/diff:/var/lib/docker/overlay2/ced1e86d670d097da5ed4da7288c22507735918959161c2cd8bf083fb30d169a/diff:/var/lib/docker/overlay2/94e9ac7b74923285ae73af20aeccb964ca9079e2305db367cb85d1603560472d/diff:/var/lib/docker/overlay2/a396b6dfd63f0c228c519871183c614cccf4d366a43460f27ecf97113c3c4be8/diff:/var/lib/docker/overlay2/f58ada5d5080c2bac553c734f81127660a90581a35ed2a92cebe3c59e340875b/diff:/var/lib/docker/overlay2/84f85636f37bf55d945e217b4f87a856eba7932284beaf042561007b66f48977/diff:/var/lib/docker/overlay2/1e6e519613884e91a2b74a588ba35dc8a2f789371ab798ef6e7d9836d756042f/diff:/var/lib/docker/overlay2/14a3151cc8b4f9d27d2e64f1a8abc0c7809309580f2d7e8dc8545055c1d56194/diff:/var/lib/do"
2024-07-24 14:30:32.696 [Test worker] DEBUG c.g.d.z.s.o.a.hc.client5.http.wire - http-outgoing-15 << "cker/overlay2/5b354b9e793401517fe2f1da697653fdaadffc54888eaf76d67e0600b8c68bdc/diff","MergedDir":"/var/lib/docker/overlay2/4276cea001385bb7629b4fe75f3bbc3ebd9238d0e2d1f87ef5ecb7dbabe245ec/merged","UpperDir":"/var/lib/docker/overlay2/4276cea001385bb7629b4fe75f3bbc3ebd9238d0e2d1f87ef5ecb7dbabe245ec/diff","WorkDir":"/var/lib/docker/overlay2/4276cea001385bb7629b4fe75f3bbc3ebd9238d0e2d1f87ef5ecb7dbabe245ec/work"},"Name":"overlay2"},"Mounts":[{"Type":"volume","Name":"a0ce8ffa2273a5eaed129112721e43d5e4c22f51d9f6a07bc5f7e2b1ac139297","Source":"/var/lib/docker/volumes/a0ce8ffa2273a5eaed129112721e43d5e4c22f51d9f6a07bc5f7e2b1ac139297/_data","Destination":"/var/lib/postgresql/data","Driver":"local","Mode":"","RW":true,"Propagation":""}],"Config":{"Hostname":"f2981dec7496","Domainname":"","User":"","AttachStdin":false,"AttachStdout":false,"AttachStderr":false,"ExposedPorts":{"5432/tcp":{}},"Tty":false,"OpenStdin":false,"StdinOnce":false,"Env":["POSTGRES_USER=user","POSTGRES_PASSWORD=password","POSTGRES_DB=db","PATH=/usr/local/sbin:/usr/local/bin:/usr/sbin:/usr/bin:/sbin:/bin:/usr/lib/postgresql/16/bin","GOSU_VERSION=1.17","LANG=en_US.utf8","PG_MAJOR=16","PG_VERSION=16.2-1.pgdg120+2","PGDATA=/var/lib/postgresql/data"],"Cmd":["postgres","-c","fsync=off"],"Image":"postgres:latest","Volumes":{"/var/lib/postgresql/data":{}},"WorkingDir":"","Entrypoint":["docker-entrypoint.sh"],"OnBuild":null,"Labels":{"org.testcontainers":"true","org.testcontainers.lang":"java","org.testcontainers.sessionId":"280e6229-7396-4d60-b1e3-a5de48b5d49b","org.testcontainers.version":"1.19.8"},"StopSignal":"SIGINT"},"NetworkSettings":{"Bridge":"","SandboxID":"69f83d8c9670372dffa31ac94ae82e80e383fe2bd26b76da2d5c831d2440d619","SandboxKey":"/var/run/docker/netns/69f83d8c9670","Ports":{"5432/tcp":[{"HostIp":"0.0.0.0","HostPort":"51555"}]},"HairpinMode":false,"LinkLocalIPv6Address":"","LinkLocalIPv6PrefixLen":0,"SecondaryIPAddresses":null,"SecondaryIPv6Addresses":null,"EndpointID":"b6f3ddea6bb48b966277a0704cc4a7b687748d819512ad276d6da6a2e7e8650a","Gateway":"172.17.0.1","GlobalIPv6Address":"","GlobalIPv6PrefixLen":0,"IPAddress":"172.17.0.3","IPPrefixLen":16,"IPv6Gateway":"","MacAddress":"02:42:ac:11:00:03","Networks":{"bridge":{"IPAMConfig":null,"Links":null,"Aliases":null,"MacAddress":"02:42:ac:11:00:03","NetworkID":"3c842496be344cbdae878c1dee0957e7bc7c0a2236009c92752030f2b053e72f","EndpointID":"b6f3ddea6bb48b966277a0704cc4a7b687748d819512ad276d6da6a2e7e8650a","Gateway":"172.17.0.1","IPAddress":"172.17.0.3","IPPrefixLen":16,"IPv6Gateway":"","GlobalIPv6Address":"","GlobalIPv6PrefixLen":0,"DriverOpts":null,"DNSNames":null}}}}[\n]"
2024-07-24 14:30:32.697 [Test worker] DEBUG c.g.d.z.s.o.a.hc.client5.http.wire - http-outgoing-15 << "[\r][\n]"
2024-07-24 14:30:32.697 [Test worker] DEBUG c.g.d.z.s.o.a.hc.client5.http.wire - http-outgoing-15 << "0[\r][\n]"
2024-07-24 14:30:32.697 [Test worker] DEBUG c.g.d.z.s.o.a.hc.client5.http.wire - http-outgoing-15 << "[\r][\n]"
2024-07-24 14:30:32.697 [Test worker] DEBUG c.g.d.z.s.o.a.h.c.h.i.c.InternalHttpClient - ep-0000009E: releasing valid endpoint
2024-07-24 14:30:32.697 [Test worker] DEBUG c.g.d.z.s.o.a.h.c.h.i.i.PoolingHttpClientConnectionManager - ep-0000009E: releasing endpoint
2024-07-24 14:30:32.697 [Test worker] DEBUG c.g.d.z.s.o.a.h.c.h.i.i.PoolingHttpClientConnectionManager - ep-0000009E: connection http-outgoing-15 can be kept alive for 3 MINUTES
2024-07-24 14:30:32.697 [Test worker] DEBUG c.g.d.z.s.o.a.h.c.h.i.i.PoolingHttpClientConnectionManager - ep-0000009E: connection released [route: {}->npipe://localhost:2375][total available: 1; route allocated: 1 of 2147483647; total allocated: 1 of 2147483647]
2024-07-24 14:30:32.697 [Test worker] DEBUG tc.postgres:latest - Trying to create JDBC connection using org.postgresql.Driver to jdbc:postgresql://localhost:51555/db?loggerLevel=OFF with properties: {password=password, user=user}
2024-07-24 14:30:32.713 [Test worker] DEBUG o.t.jdbc.JdbcDatabaseDelegate - false returned as updateCount for SQL: drop table if exists WorkedOn
2024-07-24 14:30:32.714 [Test worker] DEBUG o.t.jdbc.JdbcDatabaseDelegate - false returned as updateCount for SQL: drop table if exists SequenceLine
2024-07-24 14:30:32.715 [Test worker] DEBUG o.t.jdbc.JdbcDatabaseDelegate - false returned as updateCount for SQL: drop table if exists WorkOrder
2024-07-24 14:30:32.716 [Test worker] DEBUG o.t.jdbc.JdbcDatabaseDelegate - false returned as updateCount for SQL: drop table if exists SequenceHeader
2024-07-24 14:30:32.716 [Test worker] DEBUG o.t.jdbc.JdbcDatabaseDelegate - false returned as updateCount for SQL: drop table if exists SaleOrderLine
2024-07-24 14:30:32.717 [Test worker] DEBUG o.t.jdbc.JdbcDatabaseDelegate - false returned as updateCount for SQL: drop table if exists SaleOrderHeader
2024-07-24 14:30:32.718 [Test worker] DEBUG o.t.jdbc.JdbcDatabaseDelegate - false returned as updateCount for SQL: drop table if exists Staff
2024-07-24 14:30:32.718 [Test worker] DEBUG o.t.jdbc.JdbcDatabaseDelegate - false returned as updateCount for SQL: drop table if exists WorkStation
2024-07-24 14:30:32.720 [Test worker] DEBUG o.t.jdbc.JdbcDatabaseDelegate - false returned as updateCount for SQL: drop table if exists Part
2024-07-24 14:30:32.720 [Test worker] DEBUG o.t.jdbc.JdbcDatabaseDelegate - false returned as updateCount for SQL: drop table if exists Customer
2024-07-24 14:30:32.725 [Test worker] DEBUG o.t.jdbc.JdbcDatabaseDelegate - false returned as updateCount for SQL: create table Customer ( customerId VarChar(8) PRIMARY Key, name VarChar(100) not null, address VarChar(500) not null )
2024-07-24 14:30:32.728 [Test worker] DEBUG o.t.jdbc.JdbcDatabaseDelegate - false returned as updateCount for SQL: create table Part ( partId VarChar(6) PRIMARY KEY, inventory Int not null, name VarChar(100) not null )
2024-07-24 14:30:32.729 [Test worker] DEBUG o.t.jdbc.JdbcDatabaseDelegate - false returned as updateCount for SQL: create table WorkStation ( name VarChar(50) PRIMARY KEY )
2024-07-24 14:30:32.730 [Test worker] DEBUG o.t.jdbc.JdbcDatabaseDelegate - false returned as updateCount for SQL: create table Staff ( staffID VarChar(6) PRIMARY KEY, name VarChar(100) not null )
2024-07-24 14:30:32.733 [Test worker] DEBUG o.t.jdbc.JdbcDatabaseDelegate - false returned as updateCount for SQL: create table SaleOrderHeader ( soHeaderId VarChar(6) PRIMARY key , customerId VarChar(8) not null references Customer (customerId) )
2024-07-24 14:30:32.735 [Test worker] DEBUG o.t.jdbc.JdbcDatabaseDelegate - false returned as updateCount for SQL: create table SaleOrderLine ( soLineId VarChar(6), soHeaderId VarChar(6) references SaleOrderHeader (soHeaderID), dateDue Date not null, partID VarChar(6) not null references Part(partId), PRIMARY KEY (soLineId,soHeaderId) )
2024-07-24 14:30:32.736 [Test worker] DEBUG o.t.jdbc.JdbcDatabaseDelegate - false returned as updateCount for SQL: create table SequenceHeader ( seqHeaderId VarChar(6) PRIMARY KEY, partId VarChar(6) not null references Part(partId) )
2024-07-24 14:30:32.738 [Test worker] DEBUG o.t.jdbc.JdbcDatabaseDelegate - false returned as updateCount for SQL: create table WorkOrder ( workOrderId VarChar(8) PRIMARY KEY, seqHeaderId VarChar(6) not null REFERENCES SequenceHeader (seqHeaderId), soLineId VarChar(6) not null, soHeaderId VarChar(6) not null, quanity Int not null, FOREIGN KEY (soLineId,soHeaderId) REFERENCES SaleOrderLine (soLineId,soHeaderId) )
2024-07-24 14:30:32.740 [Test worker] DEBUG o.t.jdbc.JdbcDatabaseDelegate - false returned as updateCount for SQL: create table SequenceLine ( seqLineId VarChar(10), seqHeaderId VarChar(6) references SequenceHeader (seqHeaderId), workStation VarChar(50) not null references WorkStation(name), PRIMARY KEY(seqLineId,seqHeaderId) )
2024-07-24 14:30:32.741 [Test worker] DEBUG o.t.jdbc.JdbcDatabaseDelegate - false returned as updateCount for SQL: create table WorkedOn ( staffId VarChar(8) references Staff (staffId), seqHeaderId VarChar(6), seqLineId VarChar(10), workOrderId VarChar(50) references WorkOrder(workOrderId), PRIMARY key (staffId,seqHeaderId,seqLineId,workOrderId), FOREIGN KEY (seqHeaderId,seqLineId) REFERENCES SequenceLine (seqHeaderId,seqLineId) )
2024-07-24 14:30:32.741 [Test worker] INFO  org.testcontainers.ext.ScriptUtils - Executed database script from sql/init.sql in 53 ms.
2024-07-24 14:30:32.756 [Test worker] DEBUG o.t.s.c.g.d.c.command.AbstrDockerCmd - Cmd: f2981dec7496bbfe77ed467a3fd13082650c1d8eb0320229b91cfc49ffb16235,false
2024-07-24 14:30:32.756 [Test worker] DEBUG o.t.s.c.g.d.c.e.InspectContainerCmdExec - GET: DefaultWebTarget{path=[/containers/f2981dec7496bbfe77ed467a3fd13082650c1d8eb0320229b91cfc49ffb16235/json], queryParams={}}
2024-07-24 14:30:32.757 [Test worker] DEBUG c.g.d.z.s.o.a.h.c.h.i.c.InternalHttpClient - ex-000000A0: preparing request execution
2024-07-24 14:30:32.757 [Test worker] DEBUG c.g.d.z.s.o.a.h.c.h.p.RequestAddCookies - Cookie spec selected: strict
2024-07-24 14:30:32.757 [Test worker] DEBUG c.g.d.z.s.o.a.h.c.h.p.RequestAuthCache - Auth cache not set in the context
2024-07-24 14:30:32.757 [Test worker] DEBUG c.g.d.z.s.o.a.h.c.h.i.c.ProtocolExec - ex-000000A0: target auth state: UNCHALLENGED
2024-07-24 14:30:32.757 [Test worker] DEBUG c.g.d.z.s.o.a.h.c.h.i.c.ProtocolExec - ex-000000A0: proxy auth state: UNCHALLENGED
2024-07-24 14:30:32.757 [Test worker] DEBUG c.g.d.z.s.o.a.h.c.h.i.c.ConnectExec - ex-000000A0: acquiring connection with route {}->npipe://localhost:2375
2024-07-24 14:30:32.757 [Test worker] DEBUG c.g.d.z.s.o.a.h.c.h.i.c.InternalHttpClient - ex-000000A0: acquiring endpoint (3 MINUTES)
2024-07-24 14:30:32.757 [Test worker] DEBUG c.g.d.z.s.o.a.h.c.h.i.i.PoolingHttpClientConnectionManager - ex-000000A0: endpoint lease request (3 MINUTES) [route: {}->npipe://localhost:2375][total available: 1; route allocated: 1 of 2147483647; total allocated: 1 of 2147483647]
2024-07-24 14:30:32.757 [Test worker] DEBUG c.g.d.z.s.o.a.h.c.h.i.i.PoolingHttpClientConnectionManager - ex-000000A0: endpoint leased [route: {}->npipe://localhost:2375][total available: 0; route allocated: 1 of 2147483647; total allocated: 1 of 2147483647]
2024-07-24 14:30:32.757 [Test worker] DEBUG c.g.d.z.s.o.a.h.c.h.i.i.PoolingHttpClientConnectionManager - ex-000000A0: acquired ep-0000009F
2024-07-24 14:30:32.757 [Test worker] DEBUG c.g.d.z.s.o.a.h.c.h.i.c.InternalHttpClient - ex-000000A0: acquired endpoint ep-0000009F
2024-07-24 14:30:32.757 [Test worker] DEBUG c.g.d.z.s.o.a.h.c.h.i.c.MainClientExec - ex-000000A0: executing GET /v1.32/containers/f2981dec7496bbfe77ed467a3fd13082650c1d8eb0320229b91cfc49ffb16235/json HTTP/1.1
2024-07-24 14:30:32.757 [Test worker] DEBUG c.g.d.z.s.o.a.h.c.h.i.c.InternalHttpClient - ep-0000009F: start execution ex-000000A0
2024-07-24 14:30:32.757 [Test worker] DEBUG c.g.d.z.s.o.a.h.c.h.i.i.PoolingHttpClientConnectionManager - ep-0000009F: executing exchange ex-000000A0 over http-outgoing-15
2024-07-24 14:30:32.757 [Test worker] DEBUG c.g.d.z.s.o.a.h.client5.http.headers - http-outgoing-15 >> GET /v1.32/containers/f2981dec7496bbfe77ed467a3fd13082650c1d8eb0320229b91cfc49ffb16235/json HTTP/1.1
2024-07-24 14:30:32.757 [Test worker] DEBUG c.g.d.z.s.o.a.h.client5.http.headers - http-outgoing-15 >> accept: application/json
2024-07-24 14:30:32.757 [Test worker] DEBUG c.g.d.z.s.o.a.h.client5.http.headers - http-outgoing-15 >> x-tc-sid: 280e6229-7396-4d60-b1e3-a5de48b5d49b
2024-07-24 14:30:32.757 [Test worker] DEBUG c.g.d.z.s.o.a.h.client5.http.headers - http-outgoing-15 >> User-Agent: tc-java/1.19.8
2024-07-24 14:30:32.757 [Test worker] DEBUG c.g.d.z.s.o.a.h.client5.http.headers - http-outgoing-15 >> Accept-Encoding: gzip, x-gzip, deflate
2024-07-24 14:30:32.757 [Test worker] DEBUG c.g.d.z.s.o.a.h.client5.http.headers - http-outgoing-15 >> Host: localhost:2375
2024-07-24 14:30:32.757 [Test worker] DEBUG c.g.d.z.s.o.a.h.client5.http.headers - http-outgoing-15 >> Connection: keep-alive
2024-07-24 14:30:32.757 [Test worker] DEBUG c.g.d.z.s.o.a.hc.client5.http.wire - http-outgoing-15 >> "GET /v1.32/containers/f2981dec7496bbfe77ed467a3fd13082650c1d8eb0320229b91cfc49ffb16235/json HTTP/1.1[\r][\n]"
2024-07-24 14:30:32.757 [Test worker] DEBUG c.g.d.z.s.o.a.hc.client5.http.wire - http-outgoing-15 >> "accept: application/json[\r][\n]"
2024-07-24 14:30:32.757 [Test worker] DEBUG c.g.d.z.s.o.a.hc.client5.http.wire - http-outgoing-15 >> "x-tc-sid: 280e6229-7396-4d60-b1e3-a5de48b5d49b[\r][\n]"
2024-07-24 14:30:32.757 [Test worker] DEBUG c.g.d.z.s.o.a.hc.client5.http.wire - http-outgoing-15 >> "User-Agent: tc-java/1.19.8[\r][\n]"
2024-07-24 14:30:32.757 [Test worker] DEBUG c.g.d.z.s.o.a.hc.client5.http.wire - http-outgoing-15 >> "Accept-Encoding: gzip, x-gzip, deflate[\r][\n]"
2024-07-24 14:30:32.757 [Test worker] DEBUG c.g.d.z.s.o.a.hc.client5.http.wire - http-outgoing-15 >> "Host: localhost:2375[\r][\n]"
2024-07-24 14:30:32.757 [Test worker] DEBUG c.g.d.z.s.o.a.hc.client5.http.wire - http-outgoing-15 >> "Connection: keep-alive[\r][\n]"
2024-07-24 14:30:32.757 [Test worker] DEBUG c.g.d.z.s.o.a.hc.client5.http.wire - http-outgoing-15 >> "[\r][\n]"
2024-07-24 14:30:32.760 [Test worker] DEBUG c.g.d.z.s.o.a.hc.client5.http.wire - http-outgoing-15 << "HTTP/1.1 200 OK[\r][\n]"
2024-07-24 14:30:32.760 [Test worker] DEBUG c.g.d.z.s.o.a.hc.client5.http.wire - http-outgoing-15 << "Api-Version: 1.45[\r][\n]"
2024-07-24 14:30:32.760 [Test worker] DEBUG c.g.d.z.s.o.a.hc.client5.http.wire - http-outgoing-15 << "Content-Type: application/json[\r][\n]"
2024-07-24 14:30:32.760 [Test worker] DEBUG c.g.d.z.s.o.a.hc.client5.http.wire - http-outgoing-15 << "Date: Wed, 24 Jul 2024 02:30:32 GMT[\r][\n]"
2024-07-24 14:30:32.760 [Test worker] DEBUG c.g.d.z.s.o.a.hc.client5.http.wire - http-outgoing-15 << "Docker-Experimental: false[\r][\n]"
2024-07-24 14:30:32.760 [Test worker] DEBUG c.g.d.z.s.o.a.hc.client5.http.wire - http-outgoing-15 << "Ostype: linux[\r][\n]"
2024-07-24 14:30:32.760 [Test worker] DEBUG c.g.d.z.s.o.a.hc.client5.http.wire - http-outgoing-15 << "Server: Docker/26.0.0 (linux)[\r][\n]"
2024-07-24 14:30:32.760 [Test worker] DEBUG c.g.d.z.s.o.a.hc.client5.http.wire - http-outgoing-15 << "Transfer-Encoding: chunked[\r][\n]"
2024-07-24 14:30:32.760 [Test worker] DEBUG c.g.d.z.s.o.a.hc.client5.http.wire - http-outgoing-15 << "[\r][\n]"
2024-07-24 14:30:32.760 [Test worker] DEBUG c.g.d.z.s.o.a.h.client5.http.headers - http-outgoing-15 << HTTP/1.1 200 OK
2024-07-24 14:30:32.760 [Test worker] DEBUG c.g.d.z.s.o.a.h.client5.http.headers - http-outgoing-15 << Api-Version: 1.45
2024-07-24 14:30:32.760 [Test worker] DEBUG c.g.d.z.s.o.a.h.client5.http.headers - http-outgoing-15 << Content-Type: application/json
2024-07-24 14:30:32.760 [Test worker] DEBUG c.g.d.z.s.o.a.h.client5.http.headers - http-outgoing-15 << Date: Wed, 24 Jul 2024 02:30:32 GMT
2024-07-24 14:30:32.760 [Test worker] DEBUG c.g.d.z.s.o.a.h.client5.http.headers - http-outgoing-15 << Docker-Experimental: false
2024-07-24 14:30:32.760 [Test worker] DEBUG c.g.d.z.s.o.a.h.client5.http.headers - http-outgoing-15 << Ostype: linux
2024-07-24 14:30:32.760 [Test worker] DEBUG c.g.d.z.s.o.a.h.client5.http.headers - http-outgoing-15 << Server: Docker/26.0.0 (linux)
2024-07-24 14:30:32.760 [Test worker] DEBUG c.g.d.z.s.o.a.h.client5.http.headers - http-outgoing-15 << Transfer-Encoding: chunked
2024-07-24 14:30:32.760 [Test worker] DEBUG c.g.d.z.s.o.a.h.c.h.i.c.MainClientExec - ex-000000A0: connection can be kept alive for 3 MINUTES
2024-07-24 14:30:32.762 [Test worker] DEBUG c.g.d.z.s.o.a.hc.client5.http.wire - http-outgoing-15 << "1a39[\r][\n]"
2024-07-24 14:30:32.762 [Test worker] DEBUG c.g.d.z.s.o.a.hc.client5.http.wire - http-outgoing-15 << "{"Id":"f2981dec7496bbfe77ed467a3fd13082650c1d8eb0320229b91cfc49ffb16235","Created":"2024-07-24T02:30:30.774870272Z","Path":"docker-entrypoint.sh","Args":["postgres","-c","fsync=off"],"State":{"Status":"running","Running":true,"Paused":false,"Restarting":false,"OOMKilled":false,"Dead":false,"Pid":29727,"ExitCode":0,"Error":"","StartedAt":"2024-07-24T02:30:31.227858183Z","FinishedAt":"0001-01-01T00:00:00Z"},"Image":"sha256:8e4fc9e184899a58735e7ee333f5e272d7d2298cf59302006b71f33e217be130","ResolvConfPath":"/var/lib/docker/containers/f2981dec7496bbfe77ed467a3fd13082650c1d8eb0320229b91cfc49ffb16235/resolv.conf","HostnamePath":"/var/lib/docker/containers/f2981dec7496bbfe77ed467a3fd13082650c1d8eb0320229b91cfc49ffb16235/hostname","HostsPath":"/var/lib/docker/containers/f2981dec7496bbfe77ed467a3fd13082650c1d8eb0320229b91cfc49ffb16235/hosts","LogPath":"/var/lib/docker/containers/f2981dec7496bbfe77ed467a3fd13082650c1d8eb0320229b91cfc49ffb16235/f2981dec7496bbfe77ed467a3fd13082650c1d8eb0320229b91cfc49ffb16235-json.log","Name":"/clever_antonelli","RestartCount":0,"Driver":"overlay2","Platform":"linux","MountLabel":"","ProcessLabel":"","AppArmorProfile":"","ExecIDs":null,"HostConfig":{"Binds":[],"ContainerIDFile":"","LogConfig":{"Type":"json-file","Config":{}},"NetworkMode":"default","PortBindings":{"5432/tcp":[{"HostIp":"0.0.0.0","HostPort":"0"}]},"RestartPolicy":{"Name":"no","MaximumRetryCount":0},"AutoRemove":false,"VolumeDriver":"","VolumesFrom":[],"ConsoleSize":[0,0],"CapAdd":null,"CapDrop":null,"CgroupnsMode":"host","Dns":null,"DnsOptions":null,"DnsSearch":null,"ExtraHosts":[],"GroupAdd":null,"IpcMode":"shareable","Cgroup":"","Links":null,"OomScoreAdj":0,"PidMode":"","Privileged":false,"PublishAllPorts":false,"ReadonlyRootfs":false,"SecurityOpt":null,"UTSMode":"","UsernsMode":"","ShmSize":67108864,"Runtime":"runc","Isolation":"","CpuShares":0,"Memory":0,"NanoCpus":0,"CgroupParent":"","BlkioWeight":0,"BlkioWeightDevice":null,"BlkioDeviceReadBps":null,"BlkioDeviceWriteBps":null,"BlkioDeviceReadIOps":null,"BlkioDeviceWriteIOps":null,"CpuPeriod":0,"CpuQuota":0,"CpuRealtimePeriod":0,"CpuRealtimeRuntime":0,"CpusetCpus":"","CpusetMems":"","Devices":null,"DeviceCgroupRules":null,"DeviceRequests":null,"MemoryReservation":0,"MemorySwap":0,"MemorySwappiness":null,"OomKillDisable":false,"PidsLimit":null,"Ulimits":null,"CpuCount":0,"CpuPercent":0,"IOMaximumIOps":0,"IOMaximumBandwidth":0,"MaskedPaths":["/proc/asound","/proc/acpi","/proc/kcore","/proc/keys","/proc/latency_stats","/proc/timer_list","/proc/timer_stats","/proc/sched_debug","/proc/scsi","/sys/firmware","/sys/devices/virtual/powercap"],"ReadonlyPaths":["/proc/bus","/proc/fs","/proc/irq","/proc/sys","/proc/sysrq-trigger"]},"GraphDriver":{"Data":{"LowerDir":"/var/lib/docker/overlay2/4276cea001385bb7629b4fe75f3bbc3ebd9238d0e2d1f87ef5ecb7dbabe245ec-init/diff:/var/lib/docker/overlay2/8f0ddbd386af0785c2e348570516955816ab350305d698d363962d488eeb15ec/diff:/var/lib/docker/overlay2/0eb0ca73e9b0be7c3d7fa8762ef4778a68f38391bc84c037c2e90b88e781b475/diff:/var/lib/docker/overlay2/74e634bddc785c5d436b10a5158cd82e21dc2065fd1cf8ff9c1c12e01575a2d8/diff:/var/lib/docker/overlay2/bb918b2851cd2f508f1e3fdbfff8b7f8b041d61e65fe8c368288bf399e80b818/diff:/var/lib/docker/overlay2/2abab2946cbdc2941ee8ec4024c51dac7313dee9de5fbedd1ca33388c59eb3c8/diff:/var/lib/docker/overlay2/e12f6083ee669bd92743ceb339a896bb25dbe461b718705bb39eb410b80c0ecd/diff:/var/lib/docker/overlay2/ced1e86d670d097da5ed4da7288c22507735918959161c2cd8bf083fb30d169a/diff:/var/lib/docker/overlay2/94e9ac7b74923285ae73af20aeccb964ca9079e2305db367cb85d1603560472d/diff:/var/lib/docker/overlay2/a396b6dfd63f0c228c519871183c614cccf4d366a43460f27ecf97113c3c4be8/diff:/var/lib/docker/overlay2/f58ada5d5080c2bac553c734f81127660a90581a35ed2a92cebe3c59e340875b/diff:/var/lib/docker/overlay2/84f85636f37bf55d945e217b4f87a856eba7932284beaf042561007b66f48977/diff:/var/lib/docker/overlay2/1e6e519613884e91a2b74a588ba35dc8a2f789371ab798ef6e7d9836d756042f/diff:/var/lib/docker/overlay2/14a3151cc8b4f9d27d2e64f1a8abc0c7809309580f2d7e8dc8545055c1d56194/diff:/var/lib/do"
2024-07-24 14:30:32.762 [Test worker] DEBUG c.g.d.z.s.o.a.hc.client5.http.wire - http-outgoing-15 << "cker/overlay2/5b354b9e793401517fe2f1da697653fdaadffc54888eaf76d67e0600b8c68bdc/diff","MergedDir":"/var/lib/docker/overlay2/4276cea001385bb7629b4fe75f3bbc3ebd9238d0e2d1f87ef5ecb7dbabe245ec/merged","UpperDir":"/var/lib/docker/overlay2/4276cea001385bb7629b4fe75f3bbc3ebd9238d0e2d1f87ef5ecb7dbabe245ec/diff","WorkDir":"/var/lib/docker/overlay2/4276cea001385bb7629b4fe75f3bbc3ebd9238d0e2d1f87ef5ecb7dbabe245ec/work"},"Name":"overlay2"},"Mounts":[{"Type":"volume","Name":"a0ce8ffa2273a5eaed129112721e43d5e4c22f51d9f6a07bc5f7e2b1ac139297","Source":"/var/lib/docker/volumes/a0ce8ffa2273a5eaed129112721e43d5e4c22f51d9f6a07bc5f7e2b1ac139297/_data","Destination":"/var/lib/postgresql/data","Driver":"local","Mode":"","RW":true,"Propagation":""}],"Config":{"Hostname":"f2981dec7496","Domainname":"","User":"","AttachStdin":false,"AttachStdout":false,"AttachStderr":false,"ExposedPorts":{"5432/tcp":{}},"Tty":false,"OpenStdin":false,"StdinOnce":false,"Env":["POSTGRES_USER=user","POSTGRES_PASSWORD=password","POSTGRES_DB=db","PATH=/usr/local/sbin:/usr/local/bin:/usr/sbin:/usr/bin:/sbin:/bin:/usr/lib/postgresql/16/bin","GOSU_VERSION=1.17","LANG=en_US.utf8","PG_MAJOR=16","PG_VERSION=16.2-1.pgdg120+2","PGDATA=/var/lib/postgresql/data"],"Cmd":["postgres","-c","fsync=off"],"Image":"postgres:latest","Volumes":{"/var/lib/postgresql/data":{}},"WorkingDir":"","Entrypoint":["docker-entrypoint.sh"],"OnBuild":null,"Labels":{"org.testcontainers":"true","org.testcontainers.lang":"java","org.testcontainers.sessionId":"280e6229-7396-4d60-b1e3-a5de48b5d49b","org.testcontainers.version":"1.19.8"},"StopSignal":"SIGINT"},"NetworkSettings":{"Bridge":"","SandboxID":"69f83d8c9670372dffa31ac94ae82e80e383fe2bd26b76da2d5c831d2440d619","SandboxKey":"/var/run/docker/netns/69f83d8c9670","Ports":{"5432/tcp":[{"HostIp":"0.0.0.0","HostPort":"51555"}]},"HairpinMode":false,"LinkLocalIPv6Address":"","LinkLocalIPv6PrefixLen":0,"SecondaryIPAddresses":null,"SecondaryIPv6Addresses":null,"EndpointID":"b6f3ddea6bb48b966277a0704cc4a7b687748d819512ad276d6da6a2e7e8650a","Gateway":"172.17.0.1","GlobalIPv6Address":"","GlobalIPv6PrefixLen":0,"IPAddress":"172.17.0.3","IPPrefixLen":16,"IPv6Gateway":"","MacAddress":"02:42:ac:11:00:03","Networks":{"bridge":{"IPAMConfig":null,"Links":null,"Aliases":null,"MacAddress":"02:42:ac:11:00:03","NetworkID":"3c842496be344cbdae878c1dee0957e7bc7c0a2236009c92752030f2b053e72f","EndpointID":"b6f3ddea6bb48b966277a0704cc4a7b687748d819512ad276d6da6a2e7e8650a","Gateway":"172.17.0.1","IPAddress":"172.17.0.3","IPPrefixLen":16,"IPv6Gateway":"","GlobalIPv6Address":"","GlobalIPv6PrefixLen":0,"DriverOpts":null,"DNSNames":null}}}}[\n]"
2024-07-24 14:30:32.763 [Test worker] DEBUG c.g.d.z.s.o.a.hc.client5.http.wire - http-outgoing-15 << "[\r][\n]"
2024-07-24 14:30:32.763 [Test worker] DEBUG c.g.d.z.s.o.a.hc.client5.http.wire - http-outgoing-15 << "0[\r][\n]"
2024-07-24 14:30:32.763 [Test worker] DEBUG c.g.d.z.s.o.a.hc.client5.http.wire - http-outgoing-15 << "[\r][\n]"
2024-07-24 14:30:32.763 [Test worker] DEBUG c.g.d.z.s.o.a.h.c.h.i.c.InternalHttpClient - ep-0000009F: releasing valid endpoint
2024-07-24 14:30:32.763 [Test worker] DEBUG c.g.d.z.s.o.a.h.c.h.i.i.PoolingHttpClientConnectionManager - ep-0000009F: releasing endpoint
2024-07-24 14:30:32.763 [Test worker] DEBUG c.g.d.z.s.o.a.h.c.h.i.i.PoolingHttpClientConnectionManager - ep-0000009F: connection http-outgoing-15 can be kept alive for 3 MINUTES
2024-07-24 14:30:32.763 [Test worker] DEBUG c.g.d.z.s.o.a.h.c.h.i.i.PoolingHttpClientConnectionManager - ep-0000009F: connection released [route: {}->npipe://localhost:2375][total available: 1; route allocated: 1 of 2147483647; total allocated: 1 of 2147483647]
2024-07-24 14:30:32.763 [Test worker] TRACE o.t.utility.ResourceReaper - Stopping container: f2981dec7496bbfe77ed467a3fd13082650c1d8eb0320229b91cfc49ffb16235
2024-07-24 14:30:32.763 [Test worker] DEBUG o.t.s.c.g.d.c.command.AbstrDockerCmd - Cmd: f2981dec7496bbfe77ed467a3fd13082650c1d8eb0320229b91cfc49ffb16235,<null>
2024-07-24 14:30:32.763 [Test worker] TRACE o.t.s.c.g.d.c.e.KillContainerCmdExec - POST: DefaultWebTarget{path=[/containers/f2981dec7496bbfe77ed467a3fd13082650c1d8eb0320229b91cfc49ffb16235/kill], queryParams={}}
2024-07-24 14:30:32.763 [Test worker] DEBUG c.g.d.z.s.o.a.h.c.h.i.c.InternalHttpClient - ex-000000A1: preparing request execution
2024-07-24 14:30:32.763 [Test worker] DEBUG c.g.d.z.s.o.a.h.c.h.p.RequestAddCookies - Cookie spec selected: strict
2024-07-24 14:30:32.763 [Test worker] DEBUG c.g.d.z.s.o.a.h.c.h.p.RequestAuthCache - Auth cache not set in the context
2024-07-24 14:30:32.763 [Test worker] DEBUG c.g.d.z.s.o.a.h.c.h.i.c.ProtocolExec - ex-000000A1: target auth state: UNCHALLENGED
2024-07-24 14:30:32.763 [Test worker] DEBUG c.g.d.z.s.o.a.h.c.h.i.c.ProtocolExec - ex-000000A1: proxy auth state: UNCHALLENGED
2024-07-24 14:30:32.763 [Test worker] DEBUG c.g.d.z.s.o.a.h.c.h.i.c.ConnectExec - ex-000000A1: acquiring connection with route {}->npipe://localhost:2375
2024-07-24 14:30:32.763 [Test worker] DEBUG c.g.d.z.s.o.a.h.c.h.i.c.InternalHttpClient - ex-000000A1: acquiring endpoint (3 MINUTES)
2024-07-24 14:30:32.763 [Test worker] DEBUG c.g.d.z.s.o.a.h.c.h.i.i.PoolingHttpClientConnectionManager - ex-000000A1: endpoint lease request (3 MINUTES) [route: {}->npipe://localhost:2375][total available: 1; route allocated: 1 of 2147483647; total allocated: 1 of 2147483647]
2024-07-24 14:30:32.763 [Test worker] DEBUG c.g.d.z.s.o.a.h.c.h.i.i.PoolingHttpClientConnectionManager - ex-000000A1: endpoint leased [route: {}->npipe://localhost:2375][total available: 0; route allocated: 1 of 2147483647; total allocated: 1 of 2147483647]
2024-07-24 14:30:32.763 [Test worker] DEBUG c.g.d.z.s.o.a.h.c.h.i.i.PoolingHttpClientConnectionManager - ex-000000A1: acquired ep-000000A0
2024-07-24 14:30:32.763 [Test worker] DEBUG c.g.d.z.s.o.a.h.c.h.i.c.InternalHttpClient - ex-000000A1: acquired endpoint ep-000000A0
2024-07-24 14:30:32.763 [Test worker] DEBUG c.g.d.z.s.o.a.h.c.h.i.c.MainClientExec - ex-000000A1: executing POST /v1.32/containers/f2981dec7496bbfe77ed467a3fd13082650c1d8eb0320229b91cfc49ffb16235/kill HTTP/1.1
2024-07-24 14:30:32.763 [Test worker] DEBUG c.g.d.z.s.o.a.h.c.h.i.c.InternalHttpClient - ep-000000A0: start execution ex-000000A1
2024-07-24 14:30:32.763 [Test worker] DEBUG c.g.d.z.s.o.a.h.c.h.i.i.PoolingHttpClientConnectionManager - ep-000000A0: executing exchange ex-000000A1 over http-outgoing-15
2024-07-24 14:30:32.764 [Test worker] DEBUG c.g.d.z.s.o.a.h.client5.http.headers - http-outgoing-15 >> POST /v1.32/containers/f2981dec7496bbfe77ed467a3fd13082650c1d8eb0320229b91cfc49ffb16235/kill HTTP/1.1
2024-07-24 14:30:32.764 [Test worker] DEBUG c.g.d.z.s.o.a.h.client5.http.headers - http-outgoing-15 >> accept: application/json
2024-07-24 14:30:32.764 [Test worker] DEBUG c.g.d.z.s.o.a.h.client5.http.headers - http-outgoing-15 >> content-type: application/json
2024-07-24 14:30:32.764 [Test worker] DEBUG c.g.d.z.s.o.a.h.client5.http.headers - http-outgoing-15 >> x-tc-sid: 280e6229-7396-4d60-b1e3-a5de48b5d49b
2024-07-24 14:30:32.764 [Test worker] DEBUG c.g.d.z.s.o.a.h.client5.http.headers - http-outgoing-15 >> User-Agent: tc-java/1.19.8
2024-07-24 14:30:32.764 [Test worker] DEBUG c.g.d.z.s.o.a.h.client5.http.headers - http-outgoing-15 >> Accept-Encoding: gzip, x-gzip, deflate
2024-07-24 14:30:32.764 [Test worker] DEBUG c.g.d.z.s.o.a.h.client5.http.headers - http-outgoing-15 >> Host: localhost:2375
2024-07-24 14:30:32.764 [Test worker] DEBUG c.g.d.z.s.o.a.h.client5.http.headers - http-outgoing-15 >> Connection: keep-alive
2024-07-24 14:30:32.764 [Test worker] DEBUG c.g.d.z.s.o.a.hc.client5.http.wire - http-outgoing-15 >> "POST /v1.32/containers/f2981dec7496bbfe77ed467a3fd13082650c1d8eb0320229b91cfc49ffb16235/kill HTTP/1.1[\r][\n]"
2024-07-24 14:30:32.764 [Test worker] DEBUG c.g.d.z.s.o.a.hc.client5.http.wire - http-outgoing-15 >> "accept: application/json[\r][\n]"
2024-07-24 14:30:32.764 [Test worker] DEBUG c.g.d.z.s.o.a.hc.client5.http.wire - http-outgoing-15 >> "content-type: application/json[\r][\n]"
2024-07-24 14:30:32.764 [Test worker] DEBUG c.g.d.z.s.o.a.hc.client5.http.wire - http-outgoing-15 >> "x-tc-sid: 280e6229-7396-4d60-b1e3-a5de48b5d49b[\r][\n]"
2024-07-24 14:30:32.764 [Test worker] DEBUG c.g.d.z.s.o.a.hc.client5.http.wire - http-outgoing-15 >> "User-Agent: tc-java/1.19.8[\r][\n]"
2024-07-24 14:30:32.764 [Test worker] DEBUG c.g.d.z.s.o.a.hc.client5.http.wire - http-outgoing-15 >> "Accept-Encoding: gzip, x-gzip, deflate[\r][\n]"
2024-07-24 14:30:32.764 [Test worker] DEBUG c.g.d.z.s.o.a.hc.client5.http.wire - http-outgoing-15 >> "Host: localhost:2375[\r][\n]"
2024-07-24 14:30:32.764 [Test worker] DEBUG c.g.d.z.s.o.a.hc.client5.http.wire - http-outgoing-15 >> "Connection: keep-alive[\r][\n]"
2024-07-24 14:30:32.764 [Test worker] DEBUG c.g.d.z.s.o.a.hc.client5.http.wire - http-outgoing-15 >> "[\r][\n]"
2024-07-24 14:30:33.381 [Test worker] DEBUG c.g.d.z.s.o.a.hc.client5.http.wire - http-outgoing-15 << "HTTP/1.1 204 No Content[\r][\n]"
2024-07-24 14:30:33.381 [Test worker] DEBUG c.g.d.z.s.o.a.hc.client5.http.wire - http-outgoing-15 << "Api-Version: 1.45[\r][\n]"
2024-07-24 14:30:33.381 [Test worker] DEBUG c.g.d.z.s.o.a.hc.client5.http.wire - http-outgoing-15 << "Date: Wed, 24 Jul 2024 02:30:33 GMT[\r][\n]"
2024-07-24 14:30:33.381 [Test worker] DEBUG c.g.d.z.s.o.a.hc.client5.http.wire - http-outgoing-15 << "Docker-Experimental: false[\r][\n]"
2024-07-24 14:30:33.381 [Test worker] DEBUG c.g.d.z.s.o.a.hc.client5.http.wire - http-outgoing-15 << "Ostype: linux[\r][\n]"
2024-07-24 14:30:33.381 [Test worker] DEBUG c.g.d.z.s.o.a.hc.client5.http.wire - http-outgoing-15 << "Server: Docker/26.0.0 (linux)[\r][\n]"
2024-07-24 14:30:33.381 [Test worker] DEBUG c.g.d.z.s.o.a.hc.client5.http.wire - http-outgoing-15 << "[\r][\n]"
2024-07-24 14:30:33.381 [Test worker] DEBUG c.g.d.z.s.o.a.h.client5.http.headers - http-outgoing-15 << HTTP/1.1 204 No Content
2024-07-24 14:30:33.381 [Test worker] DEBUG c.g.d.z.s.o.a.h.client5.http.headers - http-outgoing-15 << Api-Version: 1.45
2024-07-24 14:30:33.381 [Test worker] DEBUG c.g.d.z.s.o.a.h.client5.http.headers - http-outgoing-15 << Date: Wed, 24 Jul 2024 02:30:33 GMT
2024-07-24 14:30:33.381 [Test worker] DEBUG c.g.d.z.s.o.a.h.client5.http.headers - http-outgoing-15 << Docker-Experimental: false
2024-07-24 14:30:33.381 [Test worker] DEBUG c.g.d.z.s.o.a.h.client5.http.headers - http-outgoing-15 << Ostype: linux
2024-07-24 14:30:33.381 [Test worker] DEBUG c.g.d.z.s.o.a.h.client5.http.headers - http-outgoing-15 << Server: Docker/26.0.0 (linux)
2024-07-24 14:30:33.381 [Test worker] DEBUG c.g.d.z.s.o.a.h.c.h.i.c.MainClientExec - ex-000000A1: connection can be kept alive for 3 MINUTES
2024-07-24 14:30:33.381 [Test worker] DEBUG c.g.d.z.s.o.a.h.c.h.i.c.InternalHttpClient - ep-000000A0: releasing valid endpoint
2024-07-24 14:30:33.381 [Test worker] DEBUG c.g.d.z.s.o.a.h.c.h.i.i.PoolingHttpClientConnectionManager - ep-000000A0: releasing endpoint
2024-07-24 14:30:33.381 [Test worker] DEBUG c.g.d.z.s.o.a.h.c.h.i.i.PoolingHttpClientConnectionManager - ep-000000A0: connection http-outgoing-15 can be kept alive for 3 MINUTES
2024-07-24 14:30:33.381 [Test worker] DEBUG c.g.d.z.s.o.a.h.c.h.i.i.PoolingHttpClientConnectionManager - ep-000000A0: connection released [route: {}->npipe://localhost:2375][total available: 1; route allocated: 1 of 2147483647; total allocated: 1 of 2147483647]
2024-07-24 14:30:33.382 [Test worker] TRACE o.t.utility.ResourceReaper - Stopped container: postgres:latest
2024-07-24 14:30:33.382 [Test worker] DEBUG o.t.s.c.g.d.c.command.AbstrDockerCmd - Cmd: f2981dec7496bbfe77ed467a3fd13082650c1d8eb0320229b91cfc49ffb16235,false
2024-07-24 14:30:33.382 [Test worker] DEBUG o.t.s.c.g.d.c.e.InspectContainerCmdExec - GET: DefaultWebTarget{path=[/containers/f2981dec7496bbfe77ed467a3fd13082650c1d8eb0320229b91cfc49ffb16235/json], queryParams={}}
2024-07-24 14:30:33.383 [Test worker] DEBUG c.g.d.z.s.o.a.h.c.h.i.c.InternalHttpClient - ex-000000A2: preparing request execution
2024-07-24 14:30:33.383 [Test worker] DEBUG c.g.d.z.s.o.a.h.c.h.p.RequestAddCookies - Cookie spec selected: strict
2024-07-24 14:30:33.383 [Test worker] DEBUG c.g.d.z.s.o.a.h.c.h.p.RequestAuthCache - Auth cache not set in the context
2024-07-24 14:30:33.383 [Test worker] DEBUG c.g.d.z.s.o.a.h.c.h.i.c.ProtocolExec - ex-000000A2: target auth state: UNCHALLENGED
2024-07-24 14:30:33.383 [Test worker] DEBUG c.g.d.z.s.o.a.h.c.h.i.c.ProtocolExec - ex-000000A2: proxy auth state: UNCHALLENGED
2024-07-24 14:30:33.383 [Test worker] DEBUG c.g.d.z.s.o.a.h.c.h.i.c.ConnectExec - ex-000000A2: acquiring connection with route {}->npipe://localhost:2375
2024-07-24 14:30:33.383 [Test worker] DEBUG c.g.d.z.s.o.a.h.c.h.i.c.InternalHttpClient - ex-000000A2: acquiring endpoint (3 MINUTES)
2024-07-24 14:30:33.383 [Test worker] DEBUG c.g.d.z.s.o.a.h.c.h.i.i.PoolingHttpClientConnectionManager - ex-000000A2: endpoint lease request (3 MINUTES) [route: {}->npipe://localhost:2375][total available: 1; route allocated: 1 of 2147483647; total allocated: 1 of 2147483647]
2024-07-24 14:30:33.383 [Test worker] DEBUG c.g.d.z.s.o.a.h.c.h.i.i.PoolingHttpClientConnectionManager - ex-000000A2: endpoint leased [route: {}->npipe://localhost:2375][total available: 0; route allocated: 1 of 2147483647; total allocated: 1 of 2147483647]
2024-07-24 14:30:33.383 [Test worker] DEBUG c.g.d.z.s.o.a.h.c.h.i.i.PoolingHttpClientConnectionManager - ex-000000A2: acquired ep-000000A1
2024-07-24 14:30:33.383 [Test worker] DEBUG c.g.d.z.s.o.a.h.c.h.i.c.InternalHttpClient - ex-000000A2: acquired endpoint ep-000000A1
2024-07-24 14:30:33.383 [Test worker] DEBUG c.g.d.z.s.o.a.h.c.h.i.c.MainClientExec - ex-000000A2: executing GET /v1.32/containers/f2981dec7496bbfe77ed467a3fd13082650c1d8eb0320229b91cfc49ffb16235/json HTTP/1.1
2024-07-24 14:30:33.383 [Test worker] DEBUG c.g.d.z.s.o.a.h.c.h.i.c.InternalHttpClient - ep-000000A1: start execution ex-000000A2
2024-07-24 14:30:33.383 [Test worker] DEBUG c.g.d.z.s.o.a.h.c.h.i.i.PoolingHttpClientConnectionManager - ep-000000A1: executing exchange ex-000000A2 over http-outgoing-15
2024-07-24 14:30:33.383 [Test worker] DEBUG c.g.d.z.s.o.a.h.client5.http.headers - http-outgoing-15 >> GET /v1.32/containers/f2981dec7496bbfe77ed467a3fd13082650c1d8eb0320229b91cfc49ffb16235/json HTTP/1.1
2024-07-24 14:30:33.383 [Test worker] DEBUG c.g.d.z.s.o.a.h.client5.http.headers - http-outgoing-15 >> accept: application/json
2024-07-24 14:30:33.383 [Test worker] DEBUG c.g.d.z.s.o.a.h.client5.http.headers - http-outgoing-15 >> x-tc-sid: 280e6229-7396-4d60-b1e3-a5de48b5d49b
2024-07-24 14:30:33.383 [Test worker] DEBUG c.g.d.z.s.o.a.h.client5.http.headers - http-outgoing-15 >> User-Agent: tc-java/1.19.8
2024-07-24 14:30:33.383 [Test worker] DEBUG c.g.d.z.s.o.a.h.client5.http.headers - http-outgoing-15 >> Accept-Encoding: gzip, x-gzip, deflate
2024-07-24 14:30:33.383 [Test worker] DEBUG c.g.d.z.s.o.a.h.client5.http.headers - http-outgoing-15 >> Host: localhost:2375
2024-07-24 14:30:33.383 [Test worker] DEBUG c.g.d.z.s.o.a.h.client5.http.headers - http-outgoing-15 >> Connection: keep-alive
2024-07-24 14:30:33.383 [Test worker] DEBUG c.g.d.z.s.o.a.hc.client5.http.wire - http-outgoing-15 >> "GET /v1.32/containers/f2981dec7496bbfe77ed467a3fd13082650c1d8eb0320229b91cfc49ffb16235/json HTTP/1.1[\r][\n]"
2024-07-24 14:30:33.383 [Test worker] DEBUG c.g.d.z.s.o.a.hc.client5.http.wire - http-outgoing-15 >> "accept: application/json[\r][\n]"
2024-07-24 14:30:33.383 [Test worker] DEBUG c.g.d.z.s.o.a.hc.client5.http.wire - http-outgoing-15 >> "x-tc-sid: 280e6229-7396-4d60-b1e3-a5de48b5d49b[\r][\n]"
2024-07-24 14:30:33.383 [Test worker] DEBUG c.g.d.z.s.o.a.hc.client5.http.wire - http-outgoing-15 >> "User-Agent: tc-java/1.19.8[\r][\n]"
2024-07-24 14:30:33.383 [Test worker] DEBUG c.g.d.z.s.o.a.hc.client5.http.wire - http-outgoing-15 >> "Accept-Encoding: gzip, x-gzip, deflate[\r][\n]"
2024-07-24 14:30:33.383 [Test worker] DEBUG c.g.d.z.s.o.a.hc.client5.http.wire - http-outgoing-15 >> "Host: localhost:2375[\r][\n]"
2024-07-24 14:30:33.383 [Test worker] DEBUG c.g.d.z.s.o.a.hc.client5.http.wire - http-outgoing-15 >> "Connection: keep-alive[\r][\n]"
2024-07-24 14:30:33.383 [Test worker] DEBUG c.g.d.z.s.o.a.hc.client5.http.wire - http-outgoing-15 >> "[\r][\n]"
2024-07-24 14:30:33.398 [Test worker] DEBUG c.g.d.z.s.o.a.hc.client5.http.wire - http-outgoing-15 << "HTTP/1.1 200 OK[\r][\n]"
2024-07-24 14:30:33.398 [Test worker] DEBUG c.g.d.z.s.o.a.hc.client5.http.wire - http-outgoing-15 << "Api-Version: 1.45[\r][\n]"
2024-07-24 14:30:33.398 [Test worker] DEBUG c.g.d.z.s.o.a.hc.client5.http.wire - http-outgoing-15 << "Content-Type: application/json[\r][\n]"
2024-07-24 14:30:33.398 [Test worker] DEBUG c.g.d.z.s.o.a.hc.client5.http.wire - http-outgoing-15 << "Date: Wed, 24 Jul 2024 02:30:33 GMT[\r][\n]"
2024-07-24 14:30:33.398 [Test worker] DEBUG c.g.d.z.s.o.a.hc.client5.http.wire - http-outgoing-15 << "Docker-Experimental: false[\r][\n]"
2024-07-24 14:30:33.398 [Test worker] DEBUG c.g.d.z.s.o.a.hc.client5.http.wire - http-outgoing-15 << "Ostype: linux[\r][\n]"
2024-07-24 14:30:33.398 [Test worker] DEBUG c.g.d.z.s.o.a.hc.client5.http.wire - http-outgoing-15 << "Server: Docker/26.0.0 (linux)[\r][\n]"
2024-07-24 14:30:33.398 [Test worker] DEBUG c.g.d.z.s.o.a.hc.client5.http.wire - http-outgoing-15 << "Transfer-Encoding: chunked[\r][\n]"
2024-07-24 14:30:33.398 [Test worker] DEBUG c.g.d.z.s.o.a.hc.client5.http.wire - http-outgoing-15 << "[\r][\n]"
2024-07-24 14:30:33.399 [Test worker] DEBUG c.g.d.z.s.o.a.h.client5.http.headers - http-outgoing-15 << HTTP/1.1 200 OK
2024-07-24 14:30:33.399 [Test worker] DEBUG c.g.d.z.s.o.a.h.client5.http.headers - http-outgoing-15 << Api-Version: 1.45
2024-07-24 14:30:33.399 [Test worker] DEBUG c.g.d.z.s.o.a.h.client5.http.headers - http-outgoing-15 << Content-Type: application/json
2024-07-24 14:30:33.399 [Test worker] DEBUG c.g.d.z.s.o.a.h.client5.http.headers - http-outgoing-15 << Date: Wed, 24 Jul 2024 02:30:33 GMT
2024-07-24 14:30:33.399 [Test worker] DEBUG c.g.d.z.s.o.a.h.client5.http.headers - http-outgoing-15 << Docker-Experimental: false
2024-07-24 14:30:33.399 [Test worker] DEBUG c.g.d.z.s.o.a.h.client5.http.headers - http-outgoing-15 << Ostype: linux
2024-07-24 14:30:33.399 [Test worker] DEBUG c.g.d.z.s.o.a.h.client5.http.headers - http-outgoing-15 << Server: Docker/26.0.0 (linux)
2024-07-24 14:30:33.399 [Test worker] DEBUG c.g.d.z.s.o.a.h.client5.http.headers - http-outgoing-15 << Transfer-Encoding: chunked
2024-07-24 14:30:33.399 [Test worker] DEBUG c.g.d.z.s.o.a.h.c.h.i.c.MainClientExec - ex-000000A2: connection can be kept alive for 3 MINUTES
2024-07-24 14:30:33.400 [Test worker] DEBUG c.g.d.z.s.o.a.hc.client5.http.wire - http-outgoing-15 << "1941[\r][\n]"
2024-07-24 14:30:33.400 [Test worker] DEBUG c.g.d.z.s.o.a.hc.client5.http.wire - http-outgoing-15 << "{"Id":"f2981dec7496bbfe77ed467a3fd13082650c1d8eb0320229b91cfc49ffb16235","Created":"2024-07-24T02:30:30.774870272Z","Path":"docker-entrypoint.sh","Args":["postgres","-c","fsync=off"],"State":{"Status":"exited","Running":false,"Paused":false,"Restarting":false,"OOMKilled":false,"Dead":false,"Pid":0,"ExitCode":137,"Error":"","StartedAt":"2024-07-24T02:30:31.227858183Z","FinishedAt":"2024-07-24T02:30:32.801205916Z"},"Image":"sha256:8e4fc9e184899a58735e7ee333f5e272d7d2298cf59302006b71f33e217be130","ResolvConfPath":"/var/lib/docker/containers/f2981dec7496bbfe77ed467a3fd13082650c1d8eb0320229b91cfc49ffb16235/resolv.conf","HostnamePath":"/var/lib/docker/containers/f2981dec7496bbfe77ed467a3fd13082650c1d8eb0320229b91cfc49ffb16235/hostname","HostsPath":"/var/lib/docker/containers/f2981dec7496bbfe77ed467a3fd13082650c1d8eb0320229b91cfc49ffb16235/hosts","LogPath":"/var/lib/docker/containers/f2981dec7496bbfe77ed467a3fd13082650c1d8eb0320229b91cfc49ffb16235/f2981dec7496bbfe77ed467a3fd13082650c1d8eb0320229b91cfc49ffb16235-json.log","Name":"/clever_antonelli","RestartCount":0,"Driver":"overlay2","Platform":"linux","MountLabel":"","ProcessLabel":"","AppArmorProfile":"","ExecIDs":null,"HostConfig":{"Binds":[],"ContainerIDFile":"","LogConfig":{"Type":"json-file","Config":{}},"NetworkMode":"default","PortBindings":{"5432/tcp":[{"HostIp":"0.0.0.0","HostPort":"0"}]},"RestartPolicy":{"Name":"no","MaximumRetryCount":0},"AutoRemove":false,"VolumeDriver":"","VolumesFrom":[],"ConsoleSize":[0,0],"CapAdd":null,"CapDrop":null,"CgroupnsMode":"host","Dns":null,"DnsOptions":null,"DnsSearch":null,"ExtraHosts":[],"GroupAdd":null,"IpcMode":"shareable","Cgroup":"","Links":null,"OomScoreAdj":0,"PidMode":"","Privileged":false,"PublishAllPorts":false,"ReadonlyRootfs":false,"SecurityOpt":null,"UTSMode":"","UsernsMode":"","ShmSize":67108864,"Runtime":"runc","Isolation":"","CpuShares":0,"Memory":0,"NanoCpus":0,"CgroupParent":"","BlkioWeight":0,"BlkioWeightDevice":null,"BlkioDeviceReadBps":null,"BlkioDeviceWriteBps":null,"BlkioDeviceReadIOps":null,"BlkioDeviceWriteIOps":null,"CpuPeriod":0,"CpuQuota":0,"CpuRealtimePeriod":0,"CpuRealtimeRuntime":0,"CpusetCpus":"","CpusetMems":"","Devices":null,"DeviceCgroupRules":null,"DeviceRequests":null,"MemoryReservation":0,"MemorySwap":0,"MemorySwappiness":null,"OomKillDisable":false,"PidsLimit":null,"Ulimits":null,"CpuCount":0,"CpuPercent":0,"IOMaximumIOps":0,"IOMaximumBandwidth":0,"MaskedPaths":["/proc/asound","/proc/acpi","/proc/kcore","/proc/keys","/proc/latency_stats","/proc/timer_list","/proc/timer_stats","/proc/sched_debug","/proc/scsi","/sys/firmware","/sys/devices/virtual/powercap"],"ReadonlyPaths":["/proc/bus","/proc/fs","/proc/irq","/proc/sys","/proc/sysrq-trigger"]},"GraphDriver":{"Data":{"LowerDir":"/var/lib/docker/overlay2/4276cea001385bb7629b4fe75f3bbc3ebd9238d0e2d1f87ef5ecb7dbabe245ec-init/diff:/var/lib/docker/overlay2/8f0ddbd386af0785c2e348570516955816ab350305d698d363962d488eeb15ec/diff:/var/lib/docker/overlay2/0eb0ca73e9b0be7c3d7fa8762ef4778a68f38391bc84c037c2e90b88e781b475/diff:/var/lib/docker/overlay2/74e634bddc785c5d436b10a5158cd82e21dc2065fd1cf8ff9c1c12e01575a2d8/diff:/var/lib/docker/overlay2/bb918b2851cd2f508f1e3fdbfff8b7f8b041d61e65fe8c368288bf399e80b818/diff:/var/lib/docker/overlay2/2abab2946cbdc2941ee8ec4024c51dac7313dee9de5fbedd1ca33388c59eb3c8/diff:/var/lib/docker/overlay2/e12f6083ee669bd92743ceb339a896bb25dbe461b718705bb39eb410b80c0ecd/diff:/var/lib/docker/overlay2/ced1e86d670d097da5ed4da7288c22507735918959161c2cd8bf083fb30d169a/diff:/var/lib/docker/overlay2/94e9ac7b74923285ae73af20aeccb964ca9079e2305db367cb85d1603560472d/diff:/var/lib/docker/overlay2/a396b6dfd63f0c228c519871183c614cccf4d366a43460f27ecf97113c3c4be8/diff:/var/lib/docker/overlay2/f58ada5d5080c2bac553c734f81127660a90581a35ed2a92cebe3c59e340875b/diff:/var/lib/docker/overlay2/84f85636f37bf55d945e217b4f87a856eba7932284beaf042561007b66f48977/diff:/var/lib/docker/overlay2/1e6e519613884e91a2b74a588ba35dc8a2f789371ab798ef6e7d9836d756042f/diff:/var/lib/docker/overlay2/14a3151cc8b4f9d27d2e64f1a8abc0c7809309580f2d7e8dc8545055c1d56194/diff:/va"
2024-07-24 14:30:33.402 [Test worker] DEBUG c.g.d.z.s.o.a.hc.client5.http.wire - http-outgoing-15 << "r/lib/docker/overlay2/5b354b9e793401517fe2f1da697653fdaadffc54888eaf76d67e0600b8c68bdc/diff","MergedDir":"/var/lib/docker/overlay2/4276cea001385bb7629b4fe75f3bbc3ebd9238d0e2d1f87ef5ecb7dbabe245ec/merged","UpperDir":"/var/lib/docker/overlay2/4276cea001385bb7629b4fe75f3bbc3ebd9238d0e2d1f87ef5ecb7dbabe245ec/diff","WorkDir":"/var/lib/docker/overlay2/4276cea001385bb7629b4fe75f3bbc3ebd9238d0e2d1f87ef5ecb7dbabe245ec/work"},"Name":"overlay2"},"Mounts":[{"Type":"volume","Name":"a0ce8ffa2273a5eaed129112721e43d5e4c22f51d9f6a07bc5f7e2b1ac139297","Source":"/var/lib/docker/volumes/a0ce8ffa2273a5eaed129112721e43d5e4c22f51d9f6a07bc5f7e2b1ac139297/_data","Destination":"/var/lib/postgresql/data","Driver":"local","Mode":"","RW":true,"Propagation":""}],"Config":{"Hostname":"f2981dec7496","Domainname":"","User":"","AttachStdin":false,"AttachStdout":false,"AttachStderr":false,"ExposedPorts":{"5432/tcp":{}},"Tty":false,"OpenStdin":false,"StdinOnce":false,"Env":["POSTGRES_USER=user","POSTGRES_PASSWORD=password","POSTGRES_DB=db","PATH=/usr/local/sbin:/usr/local/bin:/usr/sbin:/usr/bin:/sbin:/bin:/usr/lib/postgresql/16/bin","GOSU_VERSION=1.17","LANG=en_US.utf8","PG_MAJOR=16","PG_VERSION=16.2-1.pgdg120+2","PGDATA=/var/lib/postgresql/data"],"Cmd":["postgres","-c","fsync=off"],"Image":"postgres:latest","Volumes":{"/var/lib/postgresql/data":{}},"WorkingDir":"","Entrypoint":["docker-entrypoint.sh"],"OnBuild":null,"Labels":{"org.testcontainers":"true","org.testcontainers.lang":"java","org.testcontainers.sessionId":"280e6229-7396-4d60-b1e3-a5de48b5d49b","org.testcontainers.version":"1.19.8"},"StopSignal":"SIGINT"},"NetworkSettings":{"Bridge":"","SandboxID":"69f83d8c9670372dffa31ac94ae82e80e383fe2bd26b76da2d5c831d2440d619","SandboxKey":"/var/run/docker/netns/69f83d8c9670","Ports":{},"HairpinMode":false,"LinkLocalIPv6Address":"","LinkLocalIPv6PrefixLen":0,"SecondaryIPAddresses":null,"SecondaryIPv6Addresses":null,"EndpointID":"","Gateway":"","GlobalIPv6Address":"","GlobalIPv6PrefixLen":0,"IPAddress":"","IPPrefixLen":0,"IPv6Gateway":"","MacAddress":"","Networks":{"bridge":{"IPAMConfig":null,"Links":null,"Aliases":null,"MacAddress":"","NetworkID":"3c842496be344cbdae878c1dee0957e7bc7c0a2236009c92752030f2b053e72f","EndpointID":"","Gateway":"","IPAddress":"","IPPrefixLen":0,"IPv6Gateway":"","GlobalIPv6Address":"","GlobalIPv6PrefixLen":0,"DriverOpts":null,"DNSNames":null}}}}[\n]"
2024-07-24 14:30:33.403 [Test worker] DEBUG c.g.d.z.s.o.a.hc.client5.http.wire - http-outgoing-15 << "[\r][\n]"
2024-07-24 14:30:33.403 [Test worker] DEBUG c.g.d.z.s.o.a.hc.client5.http.wire - http-outgoing-15 << "0[\r][\n]"
2024-07-24 14:30:33.403 [Test worker] DEBUG c.g.d.z.s.o.a.hc.client5.http.wire - http-outgoing-15 << "[\r][\n]"
2024-07-24 14:30:33.403 [Test worker] DEBUG c.g.d.z.s.o.a.h.c.h.i.c.InternalHttpClient - ep-000000A1: releasing valid endpoint
2024-07-24 14:30:33.404 [Test worker] DEBUG c.g.d.z.s.o.a.h.c.h.i.i.PoolingHttpClientConnectionManager - ep-000000A1: releasing endpoint
2024-07-24 14:30:33.404 [Test worker] DEBUG c.g.d.z.s.o.a.h.c.h.i.i.PoolingHttpClientConnectionManager - ep-000000A1: connection http-outgoing-15 can be kept alive for 3 MINUTES
2024-07-24 14:30:33.404 [Test worker] DEBUG c.g.d.z.s.o.a.h.c.h.i.i.PoolingHttpClientConnectionManager - ep-000000A1: connection released [route: {}->npipe://localhost:2375][total available: 1; route allocated: 1 of 2147483647; total allocated: 1 of 2147483647]
2024-07-24 14:30:33.404 [Test worker] TRACE o.t.utility.ResourceReaper - Removing container: f2981dec7496bbfe77ed467a3fd13082650c1d8eb0320229b91cfc49ffb16235
2024-07-24 14:30:33.404 [Test worker] DEBUG o.t.s.c.g.d.c.command.AbstrDockerCmd - Cmd: f2981dec7496bbfe77ed467a3fd13082650c1d8eb0320229b91cfc49ffb16235,true,true
2024-07-24 14:30:33.405 [Test worker] TRACE o.t.s.c.g.d.c.e.RemoveContainerCmdExec - DELETE: DefaultWebTarget{path=[/containers/f2981dec7496bbfe77ed467a3fd13082650c1d8eb0320229b91cfc49ffb16235], queryParams={v=[true], force=[true]}}
2024-07-24 14:30:33.405 [Test worker] DEBUG c.g.d.z.s.o.a.h.c.h.i.c.InternalHttpClient - ex-000000A3: preparing request execution
2024-07-24 14:30:33.405 [Test worker] DEBUG c.g.d.z.s.o.a.h.c.h.p.RequestAddCookies - Cookie spec selected: strict
2024-07-24 14:30:33.405 [Test worker] DEBUG c.g.d.z.s.o.a.h.c.h.p.RequestAuthCache - Auth cache not set in the context
2024-07-24 14:30:33.405 [Test worker] DEBUG c.g.d.z.s.o.a.h.c.h.i.c.ProtocolExec - ex-000000A3: target auth state: UNCHALLENGED
2024-07-24 14:30:33.405 [Test worker] DEBUG c.g.d.z.s.o.a.h.c.h.i.c.ProtocolExec - ex-000000A3: proxy auth state: UNCHALLENGED
2024-07-24 14:30:33.405 [Test worker] DEBUG c.g.d.z.s.o.a.h.c.h.i.c.ConnectExec - ex-000000A3: acquiring connection with route {}->npipe://localhost:2375
2024-07-24 14:30:33.405 [Test worker] DEBUG c.g.d.z.s.o.a.h.c.h.i.c.InternalHttpClient - ex-000000A3: acquiring endpoint (3 MINUTES)
2024-07-24 14:30:33.405 [Test worker] DEBUG c.g.d.z.s.o.a.h.c.h.i.i.PoolingHttpClientConnectionManager - ex-000000A3: endpoint lease request (3 MINUTES) [route: {}->npipe://localhost:2375][total available: 1; route allocated: 1 of 2147483647; total allocated: 1 of 2147483647]
2024-07-24 14:30:33.405 [Test worker] DEBUG c.g.d.z.s.o.a.h.c.h.i.i.PoolingHttpClientConnectionManager - ex-000000A3: endpoint leased [route: {}->npipe://localhost:2375][total available: 0; route allocated: 1 of 2147483647; total allocated: 1 of 2147483647]
2024-07-24 14:30:33.405 [Test worker] DEBUG c.g.d.z.s.o.a.h.c.h.i.i.PoolingHttpClientConnectionManager - ex-000000A3: acquired ep-000000A2
2024-07-24 14:30:33.405 [Test worker] DEBUG c.g.d.z.s.o.a.h.c.h.i.c.InternalHttpClient - ex-000000A3: acquired endpoint ep-000000A2
2024-07-24 14:30:33.405 [Test worker] DEBUG c.g.d.z.s.o.a.h.c.h.i.c.MainClientExec - ex-000000A3: executing DELETE /v1.32/containers/f2981dec7496bbfe77ed467a3fd13082650c1d8eb0320229b91cfc49ffb16235?v=true&force=true HTTP/1.1
2024-07-24 14:30:33.405 [Test worker] DEBUG c.g.d.z.s.o.a.h.c.h.i.c.InternalHttpClient - ep-000000A2: start execution ex-000000A3
2024-07-24 14:30:33.405 [Test worker] DEBUG c.g.d.z.s.o.a.h.c.h.i.i.PoolingHttpClientConnectionManager - ep-000000A2: executing exchange ex-000000A3 over http-outgoing-15
2024-07-24 14:30:33.405 [Test worker] DEBUG c.g.d.z.s.o.a.h.client5.http.headers - http-outgoing-15 >> DELETE /v1.32/containers/f2981dec7496bbfe77ed467a3fd13082650c1d8eb0320229b91cfc49ffb16235?v=true&force=true HTTP/1.1
2024-07-24 14:30:33.405 [Test worker] DEBUG c.g.d.z.s.o.a.h.client5.http.headers - http-outgoing-15 >> accept: application/json
2024-07-24 14:30:33.405 [Test worker] DEBUG c.g.d.z.s.o.a.h.client5.http.headers - http-outgoing-15 >> x-tc-sid: 280e6229-7396-4d60-b1e3-a5de48b5d49b
2024-07-24 14:30:33.405 [Test worker] DEBUG c.g.d.z.s.o.a.h.client5.http.headers - http-outgoing-15 >> User-Agent: tc-java/1.19.8
2024-07-24 14:30:33.405 [Test worker] DEBUG c.g.d.z.s.o.a.h.client5.http.headers - http-outgoing-15 >> Accept-Encoding: gzip, x-gzip, deflate
2024-07-24 14:30:33.405 [Test worker] DEBUG c.g.d.z.s.o.a.h.client5.http.headers - http-outgoing-15 >> Host: localhost:2375
2024-07-24 14:30:33.405 [Test worker] DEBUG c.g.d.z.s.o.a.h.client5.http.headers - http-outgoing-15 >> Connection: keep-alive
2024-07-24 14:30:33.405 [Test worker] DEBUG c.g.d.z.s.o.a.hc.client5.http.wire - http-outgoing-15 >> "DELETE /v1.32/containers/f2981dec7496bbfe77ed467a3fd13082650c1d8eb0320229b91cfc49ffb16235?v=true&force=true HTTP/1.1[\r][\n]"
2024-07-24 14:30:33.405 [Test worker] DEBUG c.g.d.z.s.o.a.hc.client5.http.wire - http-outgoing-15 >> "accept: application/json[\r][\n]"
2024-07-24 14:30:33.405 [Test worker] DEBUG c.g.d.z.s.o.a.hc.client5.http.wire - http-outgoing-15 >> "x-tc-sid: 280e6229-7396-4d60-b1e3-a5de48b5d49b[\r][\n]"
2024-07-24 14:30:33.405 [Test worker] DEBUG c.g.d.z.s.o.a.hc.client5.http.wire - http-outgoing-15 >> "User-Agent: tc-java/1.19.8[\r][\n]"
2024-07-24 14:30:33.405 [Test worker] DEBUG c.g.d.z.s.o.a.hc.client5.http.wire - http-outgoing-15 >> "Accept-Encoding: gzip, x-gzip, deflate[\r][\n]"
2024-07-24 14:30:33.405 [Test worker] DEBUG c.g.d.z.s.o.a.hc.client5.http.wire - http-outgoing-15 >> "Host: localhost:2375[\r][\n]"
2024-07-24 14:30:33.405 [Test worker] DEBUG c.g.d.z.s.o.a.hc.client5.http.wire - http-outgoing-15 >> "Connection: keep-alive[\r][\n]"
2024-07-24 14:30:33.405 [Test worker] DEBUG c.g.d.z.s.o.a.hc.client5.http.wire - http-outgoing-15 >> "[\r][\n]"
2024-07-24 14:30:33.475 [Test worker] DEBUG c.g.d.z.s.o.a.hc.client5.http.wire - http-outgoing-15 << "HTTP/1.1 204 No Content[\r][\n]"
2024-07-24 14:30:33.475 [Test worker] DEBUG c.g.d.z.s.o.a.hc.client5.http.wire - http-outgoing-15 << "Api-Version: 1.45[\r][\n]"
2024-07-24 14:30:33.475 [Test worker] DEBUG c.g.d.z.s.o.a.hc.client5.http.wire - http-outgoing-15 << "Date: Wed, 24 Jul 2024 02:30:33 GMT[\r][\n]"
2024-07-24 14:30:33.475 [Test worker] DEBUG c.g.d.z.s.o.a.hc.client5.http.wire - http-outgoing-15 << "Docker-Experimental: false[\r][\n]"
2024-07-24 14:30:33.475 [Test worker] DEBUG c.g.d.z.s.o.a.hc.client5.http.wire - http-outgoing-15 << "Ostype: linux[\r][\n]"
2024-07-24 14:30:33.475 [Test worker] DEBUG c.g.d.z.s.o.a.hc.client5.http.wire - http-outgoing-15 << "Server: Docker/26.0.0 (linux)[\r][\n]"
2024-07-24 14:30:33.475 [Test worker] DEBUG c.g.d.z.s.o.a.hc.client5.http.wire - http-outgoing-15 << "[\r][\n]"
2024-07-24 14:30:33.475 [Test worker] DEBUG c.g.d.z.s.o.a.h.client5.http.headers - http-outgoing-15 << HTTP/1.1 204 No Content
2024-07-24 14:30:33.475 [Test worker] DEBUG c.g.d.z.s.o.a.h.client5.http.headers - http-outgoing-15 << Api-Version: 1.45
2024-07-24 14:30:33.475 [Test worker] DEBUG c.g.d.z.s.o.a.h.client5.http.headers - http-outgoing-15 << Date: Wed, 24 Jul 2024 02:30:33 GMT
2024-07-24 14:30:33.475 [Test worker] DEBUG c.g.d.z.s.o.a.h.client5.http.headers - http-outgoing-15 << Docker-Experimental: false
2024-07-24 14:30:33.475 [Test worker] DEBUG c.g.d.z.s.o.a.h.client5.http.headers - http-outgoing-15 << Ostype: linux
2024-07-24 14:30:33.475 [Test worker] DEBUG c.g.d.z.s.o.a.h.client5.http.headers - http-outgoing-15 << Server: Docker/26.0.0 (linux)
2024-07-24 14:30:33.475 [Test worker] DEBUG c.g.d.z.s.o.a.h.c.h.i.c.MainClientExec - ex-000000A3: connection can be kept alive for 3 MINUTES
2024-07-24 14:30:33.475 [Test worker] DEBUG c.g.d.z.s.o.a.h.c.h.i.c.InternalHttpClient - ep-000000A2: releasing valid endpoint
2024-07-24 14:30:33.475 [Test worker] DEBUG c.g.d.z.s.o.a.h.c.h.i.i.PoolingHttpClientConnectionManager - ep-000000A2: releasing endpoint
2024-07-24 14:30:33.475 [Test worker] DEBUG c.g.d.z.s.o.a.h.c.h.i.i.PoolingHttpClientConnectionManager - ep-000000A2: connection http-outgoing-15 can be kept alive for 3 MINUTES
2024-07-24 14:30:33.475 [Test worker] DEBUG c.g.d.z.s.o.a.h.c.h.i.i.PoolingHttpClientConnectionManager - ep-000000A2: connection released [route: {}->npipe://localhost:2375][total available: 1; route allocated: 1 of 2147483647; total allocated: 1 of 2147483647]
2024-07-24 14:30:33.475 [Test worker] DEBUG o.t.utility.ResourceReaper - Removed container and associated volume(s): postgres:latest
]]></system-out>
  <system-err><![CDATA[]]></system-err>
</testsuite>
