<?xml version="1.0" encoding="UTF-8"?>
<testsuite name="com.unitedApi.WorkOrderDAOTest" tests="3" skipped="0" failures="0" errors="0" timestamp="2024-07-24T02:30:48" hostname="DESKTOP-FRUHT2G" time="7.74">
  <properties/>
  <testcase name="getWorkOrders" classname="com.unitedApi.WorkOrderDAOTest" time="2.605"/>
  <testcase name="getWorkOrderBySaleLine" classname="com.unitedApi.WorkOrderDAOTest" time="2.481"/>
  <testcase name="getWorkOrder" classname="com.unitedApi.WorkOrderDAOTest" time="2.653"/>
  <system-out><![CDATA[2024-07-24 14:30:48.953 [Test worker] DEBUG o.t.u.PrefixingImageNameSubstitutor - No prefix is configured
2024-07-24 14:30:48.953 [Test worker] DEBUG o.t.utility.ImageNameSubstitutor - Did not find a substitute image for postgres:latest (using image substitutor: DefaultImageNameSubstitutor (composite of 'ConfigurationFileImageNameSubstitutor' and 'PrefixingImageNameSubstitutor'))
2024-07-24 14:30:48.953 [Test worker] TRACE tc.postgres:latest - postgres:latest is already in image name cache
2024-07-24 14:30:48.953 [Test worker] DEBUG o.t.images.AbstractImagePullPolicy - Using locally available and not pulling image: postgres:latest
2024-07-24 14:30:48.953 [Test worker] DEBUG tc.postgres:latest - Starting container: postgres:latest
2024-07-24 14:30:48.953 [Test worker] DEBUG tc.postgres:latest - Trying to start container: postgres:latest (attempt 1/1)
2024-07-24 14:30:48.953 [Test worker] DEBUG tc.postgres:latest - Starting container: postgres:latest
2024-07-24 14:30:48.953 [Test worker] INFO  tc.postgres:latest - Creating container for image: postgres:latest
2024-07-24 14:30:48.953 [Test worker] DEBUG o.t.utility.RegistryAuthLocator - Looking up auth config for image: postgres:latest at registry: https://index.docker.io/v1/
2024-07-24 14:30:48.953 [Test worker] DEBUG o.t.utility.RegistryAuthLocator - No matching Auth Configs - falling back to defaultAuthConfig [null]
2024-07-24 14:30:48.953 [Test worker] DEBUG o.t.d.AuthDelegatingDockerClientConfig - Effective auth config [null]
2024-07-24 14:30:48.953 [Test worker] DEBUG o.t.s.c.g.d.c.command.AbstrDockerCmd - Cmd: org.testcontainers.shaded.com.github.dockerjava.core.command.CreateContainerCmdImpl@7675c171[aliases=<null>,argsEscaped=<null>,attachStderr=<null>,attachStdin=<null>,attachStdout=<null>,authConfig=<null>,cmd={postgres,-c,fsync=off},domainName=<null>,entrypoint=<null>,env={POSTGRES_USER=user,POSTGRES_PASSWORD=password,POSTGRES_DB=db},exposedPorts=ExposedPorts(exposedPorts=[5432/tcp]),healthcheck=<null>,hostConfig=HostConfig(binds=[], blkioWeight=null, blkioWeightDevice=null, blkioDeviceReadBps=null, blkioDeviceWriteBps=null, blkioDeviceReadIOps=null, blkioDeviceWriteIOps=null, memorySwappiness=null, nanoCPUs=null, capAdd=null, capDrop=null, containerIDFile=null, cpuPeriod=null, cpuRealtimePeriod=null, cpuRealtimeRuntime=null, cpuShares=null, cpuQuota=null, cpusetCpus=null, cpusetMems=null, devices=null, deviceCgroupRules=null, deviceRequests=null, diskQuota=null, dns=null, dnsOptions=null, dnsSearch=null, extraHosts=[], groupAdd=null, ipcMode=null, cgroup=null, links=[], logConfig=LogConfig(type=null, config=null), lxcConf=null, memory=null, memorySwap=null, memoryReservation=null, kernelMemory=null, networkMode=null, oomKillDisable=null, init=null, autoRemove=null, oomScoreAdj=null, portBindings={5432/tcp=[Lcom.github.dockerjava.api.model.Ports$Binding;@6ee88e21}, privileged=null, publishAllPorts=null, readonlyRootfs=null, restartPolicy=null, ulimits=null, cpuCount=null, cpuPercent=null, ioMaximumIOps=null, ioMaximumBandwidth=null, volumesFrom=[], mounts=null, pidMode=null, isolation=null, securityOpts=null, storageOpt=null, cgroupParent=null, volumeDriver=null, shmSize=null, pidsLimit=null, runtime=null, tmpFs=null, utSMode=null, usernsMode=null, sysctls=null, consoleSize=null, cgroupnsMode=null),hostName=<null>,image=postgres:latest,ipv4Address=<null>,ipv6Address=<null>,labels={org.testcontainers=true, org.testcontainers.lang=java, org.testcontainers.version=1.19.8, org.testcontainers.sessionId=280e6229-7396-4d60-b1e3-a5de48b5d49b},macAddress=<null>,name=<null>,networkDisabled=<null>,networkingConfig=<null>,onBuild=<null>,platform=<null>,portSpecs=<null>,shell=<null>,stdInOnce=<null>,stdinOpen=<null>,stopSignal=<null>,stopTimeout=<null>,tty=<null>,user=<null>,volumes=Volumes(volumes=[]),workingDir=<null>]
2024-07-24 14:30:48.954 [Test worker] TRACE o.t.s.c.g.d.c.e.CreateContainerCmdExec - POST: DefaultWebTarget{path=[/containers/create], queryParams={}} 
2024-07-24 14:30:48.955 [Test worker] DEBUG c.g.d.z.s.o.a.h.c.h.i.c.InternalHttpClient - ex-000000E6: preparing request execution
2024-07-24 14:30:48.955 [Test worker] DEBUG c.g.d.z.s.o.a.h.c.h.p.RequestAddCookies - Cookie spec selected: strict
2024-07-24 14:30:48.955 [Test worker] DEBUG c.g.d.z.s.o.a.h.c.h.p.RequestAuthCache - Auth cache not set in the context
2024-07-24 14:30:48.955 [Test worker] DEBUG c.g.d.z.s.o.a.h.c.h.i.c.ProtocolExec - ex-000000E6: target auth state: UNCHALLENGED
2024-07-24 14:30:48.955 [Test worker] DEBUG c.g.d.z.s.o.a.h.c.h.i.c.ProtocolExec - ex-000000E6: proxy auth state: UNCHALLENGED
2024-07-24 14:30:48.955 [Test worker] DEBUG c.g.d.z.s.o.a.h.c.h.i.c.ConnectExec - ex-000000E6: acquiring connection with route {}->npipe://localhost:2375
2024-07-24 14:30:48.955 [Test worker] DEBUG c.g.d.z.s.o.a.h.c.h.i.c.InternalHttpClient - ex-000000E6: acquiring endpoint (3 MINUTES)
2024-07-24 14:30:48.955 [Test worker] DEBUG c.g.d.z.s.o.a.h.c.h.i.i.PoolingHttpClientConnectionManager - ex-000000E6: endpoint lease request (3 MINUTES) [route: {}->npipe://localhost:2375][total available: 1; route allocated: 1 of 2147483647; total allocated: 1 of 2147483647]
2024-07-24 14:30:48.955 [Test worker] DEBUG c.g.d.z.s.o.a.h.c.h.i.i.PoolingHttpClientConnectionManager - ex-000000E6: endpoint leased [route: {}->npipe://localhost:2375][total available: 0; route allocated: 1 of 2147483647; total allocated: 1 of 2147483647]
2024-07-24 14:30:48.955 [Test worker] DEBUG c.g.d.z.s.o.a.h.c.h.i.i.PoolingHttpClientConnectionManager - ex-000000E6: acquired ep-000000E5
2024-07-24 14:30:48.955 [Test worker] DEBUG c.g.d.z.s.o.a.h.c.h.i.c.InternalHttpClient - ex-000000E6: acquired endpoint ep-000000E5
2024-07-24 14:30:48.955 [Test worker] DEBUG c.g.d.z.s.o.a.h.c.h.i.c.MainClientExec - ex-000000E6: executing POST /v1.32/containers/create HTTP/1.1
2024-07-24 14:30:48.955 [Test worker] DEBUG c.g.d.z.s.o.a.h.c.h.i.c.InternalHttpClient - ep-000000E5: start execution ex-000000E6
2024-07-24 14:30:48.955 [Test worker] DEBUG c.g.d.z.s.o.a.h.c.h.i.i.PoolingHttpClientConnectionManager - ep-000000E5: executing exchange ex-000000E6 over http-outgoing-21
2024-07-24 14:30:48.955 [Test worker] DEBUG c.g.d.z.s.o.a.h.client5.http.headers - http-outgoing-21 >> POST /v1.32/containers/create HTTP/1.1
2024-07-24 14:30:48.955 [Test worker] DEBUG c.g.d.z.s.o.a.h.client5.http.headers - http-outgoing-21 >> accept: application/json
2024-07-24 14:30:48.955 [Test worker] DEBUG c.g.d.z.s.o.a.h.client5.http.headers - http-outgoing-21 >> content-type: application/json
2024-07-24 14:30:48.955 [Test worker] DEBUG c.g.d.z.s.o.a.h.client5.http.headers - http-outgoing-21 >> x-tc-sid: 280e6229-7396-4d60-b1e3-a5de48b5d49b
2024-07-24 14:30:48.955 [Test worker] DEBUG c.g.d.z.s.o.a.h.client5.http.headers - http-outgoing-21 >> User-Agent: tc-java/1.19.8
2024-07-24 14:30:48.955 [Test worker] DEBUG c.g.d.z.s.o.a.h.client5.http.headers - http-outgoing-21 >> Accept-Encoding: gzip, x-gzip, deflate
2024-07-24 14:30:48.955 [Test worker] DEBUG c.g.d.z.s.o.a.h.client5.http.headers - http-outgoing-21 >> Content-Length: 2061
2024-07-24 14:30:48.955 [Test worker] DEBUG c.g.d.z.s.o.a.h.client5.http.headers - http-outgoing-21 >> Host: localhost:2375
2024-07-24 14:30:48.955 [Test worker] DEBUG c.g.d.z.s.o.a.h.client5.http.headers - http-outgoing-21 >> Connection: keep-alive
2024-07-24 14:30:48.955 [Test worker] DEBUG c.g.d.z.s.o.a.hc.client5.http.wire - http-outgoing-21 >> "POST /v1.32/containers/create HTTP/1.1[\r][\n]"
2024-07-24 14:30:48.955 [Test worker] DEBUG c.g.d.z.s.o.a.hc.client5.http.wire - http-outgoing-21 >> "accept: application/json[\r][\n]"
2024-07-24 14:30:48.955 [Test worker] DEBUG c.g.d.z.s.o.a.hc.client5.http.wire - http-outgoing-21 >> "content-type: application/json[\r][\n]"
2024-07-24 14:30:48.955 [Test worker] DEBUG c.g.d.z.s.o.a.hc.client5.http.wire - http-outgoing-21 >> "x-tc-sid: 280e6229-7396-4d60-b1e3-a5de48b5d49b[\r][\n]"
2024-07-24 14:30:48.955 [Test worker] DEBUG c.g.d.z.s.o.a.hc.client5.http.wire - http-outgoing-21 >> "User-Agent: tc-java/1.19.8[\r][\n]"
2024-07-24 14:30:48.955 [Test worker] DEBUG c.g.d.z.s.o.a.hc.client5.http.wire - http-outgoing-21 >> "Accept-Encoding: gzip, x-gzip, deflate[\r][\n]"
2024-07-24 14:30:48.955 [Test worker] DEBUG c.g.d.z.s.o.a.hc.client5.http.wire - http-outgoing-21 >> "Content-Length: 2061[\r][\n]"
2024-07-24 14:30:48.955 [Test worker] DEBUG c.g.d.z.s.o.a.hc.client5.http.wire - http-outgoing-21 >> "Host: localhost:2375[\r][\n]"
2024-07-24 14:30:48.955 [Test worker] DEBUG c.g.d.z.s.o.a.hc.client5.http.wire - http-outgoing-21 >> "Connection: keep-alive[\r][\n]"
2024-07-24 14:30:48.955 [Test worker] DEBUG c.g.d.z.s.o.a.hc.client5.http.wire - http-outgoing-21 >> "[\r][\n]"
2024-07-24 14:30:48.955 [Test worker] DEBUG c.g.d.z.s.o.a.hc.client5.http.wire - http-outgoing-21 >> "{"Hostname":null,"Domainname":null,"User":null,"AttachStdin":null,"AttachStdout":null,"AttachStderr":null,"PortSpecs":null,"Tty":null,"OpenStdin":null,"StdinOnce":null,"Env":["POSTGRES_USER=user","POSTGRES_PASSWORD=password","POSTGRES_DB=db"],"Cmd":["postgres","-c","fsync=off"],"Healthcheck":null,"ArgsEscaped":null,"Entrypoint":null,"Image":"postgres:latest","Volumes":{},"WorkingDir":null,"MacAddress":null,"OnBuild":null,"NetworkDisabled":null,"ExposedPorts":{"5432/tcp":{}},"StopSignal":null,"StopTimeout":null,"HostConfig":{"Binds":[],"BlkioWeight":null,"BlkioWeightDevice":null,"BlkioDeviceReadBps":null,"BlkioDeviceWriteBps":null,"BlkioDeviceReadIOps":null,"BlkioDeviceWriteIOps":null,"MemorySwappiness":null,"NanoCpus":null,"CapAdd":null,"CapDrop":null,"ContainerIDFile":null,"CpuPeriod":null,"CpuRealtimePeriod":null,"CpuRealtimeRuntime":null,"CpuShares":null,"CpuQuota":null,"CpusetCpus":null,"CpusetMems":null,"Devices":null,"DeviceCgroupRules":null,"DeviceRequests":null,"DiskQuota":null,"Dns":null,"DnsOptions":null,"DnsSearch":null,"ExtraHosts":[],"GroupAdd":null,"IpcMode":null,"Cgroup":null,"Links":[],"LogConfig":null,"LxcConf":null,"Memory":null,"MemorySwap":null,"MemoryReservation":null,"KernelMemory":null,"NetworkMode":null,"OomKillDisable":null,"Init":null,"AutoRemove":null,"OomScoreAdj":null,"PortBindings":{"5432/tcp":[{"HostIp":"","HostPort":""}]},"Privileged":null,"PublishAllPorts":null,"ReadonlyRootfs":null,"RestartPolicy":null,"Ulimits":null,"CpuCount":null,"CpuPercent":null,"IOMaximumIOps":null,"IOMaximumBandwidth":null,"VolumesFrom":[],"Mounts":null,"PidMode":null,"Isolation":null,"SecurityOpt":null,"StorageOpt":null,"CgroupParent":null,"VolumeDriver":null,"ShmSize":null,"PidsLimit":null,"Runtime":null,"Tmpfs":null,"UTSMode":null,"UsernsMode":null,"Sysctls":null,"ConsoleSize":null,"CgroupnsMode":null},"Labels":{"org.testcontainers":"true","org.testcontainers.lang":"java","org.testcontainers.version":"1.19.8","org.testcontainers.sessionId":"280e6229-7396-4d60-b1e3-a5de48b5d49b"},"Shell":null,"NetworkingConfig":null}"
2024-07-24 14:30:49.084 [Test worker] DEBUG c.g.d.z.s.o.a.hc.client5.http.wire - http-outgoing-21 << "HTTP/1.1 201 Created[\r][\n]"
2024-07-24 14:30:49.084 [Test worker] DEBUG c.g.d.z.s.o.a.hc.client5.http.wire - http-outgoing-21 << "Api-Version: 1.45[\r][\n]"
2024-07-24 14:30:49.084 [Test worker] DEBUG c.g.d.z.s.o.a.hc.client5.http.wire - http-outgoing-21 << "Content-Type: application/json[\r][\n]"
2024-07-24 14:30:49.084 [Test worker] DEBUG c.g.d.z.s.o.a.hc.client5.http.wire - http-outgoing-21 << "Date: Wed, 24 Jul 2024 02:30:49 GMT[\r][\n]"
2024-07-24 14:30:49.084 [Test worker] DEBUG c.g.d.z.s.o.a.hc.client5.http.wire - http-outgoing-21 << "Docker-Experimental: false[\r][\n]"
2024-07-24 14:30:49.084 [Test worker] DEBUG c.g.d.z.s.o.a.hc.client5.http.wire - http-outgoing-21 << "Ostype: linux[\r][\n]"
2024-07-24 14:30:49.084 [Test worker] DEBUG c.g.d.z.s.o.a.hc.client5.http.wire - http-outgoing-21 << "Server: Docker/26.0.0 (linux)[\r][\n]"
2024-07-24 14:30:49.084 [Test worker] DEBUG c.g.d.z.s.o.a.hc.client5.http.wire - http-outgoing-21 << "Transfer-Encoding: chunked[\r][\n]"
2024-07-24 14:30:49.084 [Test worker] DEBUG c.g.d.z.s.o.a.hc.client5.http.wire - http-outgoing-21 << "[\r][\n]"
2024-07-24 14:30:49.084 [Test worker] DEBUG c.g.d.z.s.o.a.h.client5.http.headers - http-outgoing-21 << HTTP/1.1 201 Created
2024-07-24 14:30:49.084 [Test worker] DEBUG c.g.d.z.s.o.a.h.client5.http.headers - http-outgoing-21 << Api-Version: 1.45
2024-07-24 14:30:49.084 [Test worker] DEBUG c.g.d.z.s.o.a.h.client5.http.headers - http-outgoing-21 << Content-Type: application/json
2024-07-24 14:30:49.084 [Test worker] DEBUG c.g.d.z.s.o.a.h.client5.http.headers - http-outgoing-21 << Date: Wed, 24 Jul 2024 02:30:49 GMT
2024-07-24 14:30:49.084 [Test worker] DEBUG c.g.d.z.s.o.a.h.client5.http.headers - http-outgoing-21 << Docker-Experimental: false
2024-07-24 14:30:49.084 [Test worker] DEBUG c.g.d.z.s.o.a.h.client5.http.headers - http-outgoing-21 << Ostype: linux
2024-07-24 14:30:49.084 [Test worker] DEBUG c.g.d.z.s.o.a.h.client5.http.headers - http-outgoing-21 << Server: Docker/26.0.0 (linux)
2024-07-24 14:30:49.084 [Test worker] DEBUG c.g.d.z.s.o.a.h.client5.http.headers - http-outgoing-21 << Transfer-Encoding: chunked
2024-07-24 14:30:49.084 [Test worker] DEBUG c.g.d.z.s.o.a.h.c.h.i.c.MainClientExec - ex-000000E6: connection can be kept alive for 3 MINUTES
2024-07-24 14:30:49.084 [Test worker] DEBUG c.g.d.z.s.o.a.hc.client5.http.wire - http-outgoing-21 << "58[\r][\n]"
2024-07-24 14:30:49.084 [Test worker] DEBUG c.g.d.z.s.o.a.hc.client5.http.wire - http-outgoing-21 << "{"Id":"66e2ed711703de84f2beec2511b3d671fb3044c0bdf4ac2ac73142c898adb892","Warnings":[]}[\n]"
2024-07-24 14:30:49.084 [Test worker] DEBUG c.g.d.z.s.o.a.hc.client5.http.wire - http-outgoing-21 << "[\r][\n]"
2024-07-24 14:30:49.084 [Test worker] DEBUG c.g.d.z.s.o.a.hc.client5.http.wire - http-outgoing-21 << "0[\r][\n]"
2024-07-24 14:30:49.084 [Test worker] DEBUG c.g.d.z.s.o.a.hc.client5.http.wire - http-outgoing-21 << "[\r][\n]"
2024-07-24 14:30:49.085 [Test worker] DEBUG c.g.d.z.s.o.a.h.c.h.i.c.InternalHttpClient - ep-000000E5: releasing valid endpoint
2024-07-24 14:30:49.085 [Test worker] DEBUG c.g.d.z.s.o.a.h.c.h.i.i.PoolingHttpClientConnectionManager - ep-000000E5: releasing endpoint
2024-07-24 14:30:49.085 [Test worker] DEBUG c.g.d.z.s.o.a.h.c.h.i.i.PoolingHttpClientConnectionManager - ep-000000E5: connection http-outgoing-21 can be kept alive for 3 MINUTES
2024-07-24 14:30:49.085 [Test worker] DEBUG c.g.d.z.s.o.a.h.c.h.i.i.PoolingHttpClientConnectionManager - ep-000000E5: connection released [route: {}->npipe://localhost:2375][total available: 1; route allocated: 1 of 2147483647; total allocated: 1 of 2147483647]
2024-07-24 14:30:49.085 [Test worker] INFO  tc.postgres:latest - Container postgres:latest is starting: 66e2ed711703de84f2beec2511b3d671fb3044c0bdf4ac2ac73142c898adb892
2024-07-24 14:30:49.085 [Test worker] DEBUG o.t.s.c.g.d.c.command.AbstrDockerCmd - Cmd: 66e2ed711703de84f2beec2511b3d671fb3044c0bdf4ac2ac73142c898adb892
2024-07-24 14:30:49.085 [Test worker] TRACE o.t.s.c.g.d.c.e.StartContainerCmdExec - POST: DefaultWebTarget{path=[/containers/66e2ed711703de84f2beec2511b3d671fb3044c0bdf4ac2ac73142c898adb892/start], queryParams={}}
2024-07-24 14:30:49.085 [Test worker] DEBUG c.g.d.z.s.o.a.h.c.h.i.c.InternalHttpClient - ex-000000E7: preparing request execution
2024-07-24 14:30:49.085 [Test worker] DEBUG c.g.d.z.s.o.a.h.c.h.p.RequestAddCookies - Cookie spec selected: strict
2024-07-24 14:30:49.086 [Test worker] DEBUG c.g.d.z.s.o.a.h.c.h.p.RequestAuthCache - Auth cache not set in the context
2024-07-24 14:30:49.086 [Test worker] DEBUG c.g.d.z.s.o.a.h.c.h.i.c.ProtocolExec - ex-000000E7: target auth state: UNCHALLENGED
2024-07-24 14:30:49.086 [Test worker] DEBUG c.g.d.z.s.o.a.h.c.h.i.c.ProtocolExec - ex-000000E7: proxy auth state: UNCHALLENGED
2024-07-24 14:30:49.086 [Test worker] DEBUG c.g.d.z.s.o.a.h.c.h.i.c.ConnectExec - ex-000000E7: acquiring connection with route {}->npipe://localhost:2375
2024-07-24 14:30:49.086 [Test worker] DEBUG c.g.d.z.s.o.a.h.c.h.i.c.InternalHttpClient - ex-000000E7: acquiring endpoint (3 MINUTES)
2024-07-24 14:30:49.086 [Test worker] DEBUG c.g.d.z.s.o.a.h.c.h.i.i.PoolingHttpClientConnectionManager - ex-000000E7: endpoint lease request (3 MINUTES) [route: {}->npipe://localhost:2375][total available: 1; route allocated: 1 of 2147483647; total allocated: 1 of 2147483647]
2024-07-24 14:30:49.086 [Test worker] DEBUG c.g.d.z.s.o.a.h.c.h.i.i.PoolingHttpClientConnectionManager - ex-000000E7: endpoint leased [route: {}->npipe://localhost:2375][total available: 0; route allocated: 1 of 2147483647; total allocated: 1 of 2147483647]
2024-07-24 14:30:49.086 [Test worker] DEBUG c.g.d.z.s.o.a.h.c.h.i.i.PoolingHttpClientConnectionManager - ex-000000E7: acquired ep-000000E6
2024-07-24 14:30:49.086 [Test worker] DEBUG c.g.d.z.s.o.a.h.c.h.i.c.InternalHttpClient - ex-000000E7: acquired endpoint ep-000000E6
2024-07-24 14:30:49.086 [Test worker] DEBUG c.g.d.z.s.o.a.h.c.h.i.c.MainClientExec - ex-000000E7: executing POST /v1.32/containers/66e2ed711703de84f2beec2511b3d671fb3044c0bdf4ac2ac73142c898adb892/start HTTP/1.1
2024-07-24 14:30:49.086 [Test worker] DEBUG c.g.d.z.s.o.a.h.c.h.i.c.InternalHttpClient - ep-000000E6: start execution ex-000000E7
2024-07-24 14:30:49.086 [Test worker] DEBUG c.g.d.z.s.o.a.h.c.h.i.i.PoolingHttpClientConnectionManager - ep-000000E6: executing exchange ex-000000E7 over http-outgoing-21
2024-07-24 14:30:49.086 [Test worker] DEBUG c.g.d.z.s.o.a.h.client5.http.headers - http-outgoing-21 >> POST /v1.32/containers/66e2ed711703de84f2beec2511b3d671fb3044c0bdf4ac2ac73142c898adb892/start HTTP/1.1
2024-07-24 14:30:49.086 [Test worker] DEBUG c.g.d.z.s.o.a.h.client5.http.headers - http-outgoing-21 >> accept: application/json
2024-07-24 14:30:49.086 [Test worker] DEBUG c.g.d.z.s.o.a.h.client5.http.headers - http-outgoing-21 >> content-type: application/json
2024-07-24 14:30:49.086 [Test worker] DEBUG c.g.d.z.s.o.a.h.client5.http.headers - http-outgoing-21 >> x-tc-sid: 280e6229-7396-4d60-b1e3-a5de48b5d49b
2024-07-24 14:30:49.086 [Test worker] DEBUG c.g.d.z.s.o.a.h.client5.http.headers - http-outgoing-21 >> User-Agent: tc-java/1.19.8
2024-07-24 14:30:49.086 [Test worker] DEBUG c.g.d.z.s.o.a.h.client5.http.headers - http-outgoing-21 >> Accept-Encoding: gzip, x-gzip, deflate
2024-07-24 14:30:49.086 [Test worker] DEBUG c.g.d.z.s.o.a.h.client5.http.headers - http-outgoing-21 >> Host: localhost:2375
2024-07-24 14:30:49.086 [Test worker] DEBUG c.g.d.z.s.o.a.h.client5.http.headers - http-outgoing-21 >> Connection: keep-alive
2024-07-24 14:30:49.086 [Test worker] DEBUG c.g.d.z.s.o.a.hc.client5.http.wire - http-outgoing-21 >> "POST /v1.32/containers/66e2ed711703de84f2beec2511b3d671fb3044c0bdf4ac2ac73142c898adb892/start HTTP/1.1[\r][\n]"
2024-07-24 14:30:49.086 [Test worker] DEBUG c.g.d.z.s.o.a.hc.client5.http.wire - http-outgoing-21 >> "accept: application/json[\r][\n]"
2024-07-24 14:30:49.086 [Test worker] DEBUG c.g.d.z.s.o.a.hc.client5.http.wire - http-outgoing-21 >> "content-type: application/json[\r][\n]"
2024-07-24 14:30:49.086 [Test worker] DEBUG c.g.d.z.s.o.a.hc.client5.http.wire - http-outgoing-21 >> "x-tc-sid: 280e6229-7396-4d60-b1e3-a5de48b5d49b[\r][\n]"
2024-07-24 14:30:49.086 [Test worker] DEBUG c.g.d.z.s.o.a.hc.client5.http.wire - http-outgoing-21 >> "User-Agent: tc-java/1.19.8[\r][\n]"
2024-07-24 14:30:49.086 [Test worker] DEBUG c.g.d.z.s.o.a.hc.client5.http.wire - http-outgoing-21 >> "Accept-Encoding: gzip, x-gzip, deflate[\r][\n]"
2024-07-24 14:30:49.086 [Test worker] DEBUG c.g.d.z.s.o.a.hc.client5.http.wire - http-outgoing-21 >> "Host: localhost:2375[\r][\n]"
2024-07-24 14:30:49.086 [Test worker] DEBUG c.g.d.z.s.o.a.hc.client5.http.wire - http-outgoing-21 >> "Connection: keep-alive[\r][\n]"
2024-07-24 14:30:49.086 [Test worker] DEBUG c.g.d.z.s.o.a.hc.client5.http.wire - http-outgoing-21 >> "[\r][\n]"
2024-07-24 14:30:49.435 [Test worker] DEBUG c.g.d.z.s.o.a.hc.client5.http.wire - http-outgoing-21 << "HTTP/1.1 204 No Content[\r][\n]"
2024-07-24 14:30:49.436 [Test worker] DEBUG c.g.d.z.s.o.a.hc.client5.http.wire - http-outgoing-21 << "Api-Version: 1.45[\r][\n]"
2024-07-24 14:30:49.436 [Test worker] DEBUG c.g.d.z.s.o.a.hc.client5.http.wire - http-outgoing-21 << "Date: Wed, 24 Jul 2024 02:30:49 GMT[\r][\n]"
2024-07-24 14:30:49.436 [Test worker] DEBUG c.g.d.z.s.o.a.hc.client5.http.wire - http-outgoing-21 << "Docker-Experimental: false[\r][\n]"
2024-07-24 14:30:49.436 [Test worker] DEBUG c.g.d.z.s.o.a.hc.client5.http.wire - http-outgoing-21 << "Ostype: linux[\r][\n]"
2024-07-24 14:30:49.436 [Test worker] DEBUG c.g.d.z.s.o.a.hc.client5.http.wire - http-outgoing-21 << "Server: Docker/26.0.0 (linux)[\r][\n]"
2024-07-24 14:30:49.436 [Test worker] DEBUG c.g.d.z.s.o.a.hc.client5.http.wire - http-outgoing-21 << "[\r][\n]"
2024-07-24 14:30:49.436 [Test worker] DEBUG c.g.d.z.s.o.a.h.client5.http.headers - http-outgoing-21 << HTTP/1.1 204 No Content
2024-07-24 14:30:49.436 [Test worker] DEBUG c.g.d.z.s.o.a.h.client5.http.headers - http-outgoing-21 << Api-Version: 1.45
2024-07-24 14:30:49.436 [Test worker] DEBUG c.g.d.z.s.o.a.h.client5.http.headers - http-outgoing-21 << Date: Wed, 24 Jul 2024 02:30:49 GMT
2024-07-24 14:30:49.436 [Test worker] DEBUG c.g.d.z.s.o.a.h.client5.http.headers - http-outgoing-21 << Docker-Experimental: false
2024-07-24 14:30:49.436 [Test worker] DEBUG c.g.d.z.s.o.a.h.client5.http.headers - http-outgoing-21 << Ostype: linux
2024-07-24 14:30:49.436 [Test worker] DEBUG c.g.d.z.s.o.a.h.client5.http.headers - http-outgoing-21 << Server: Docker/26.0.0 (linux)
2024-07-24 14:30:49.436 [Test worker] DEBUG c.g.d.z.s.o.a.h.c.h.i.c.MainClientExec - ex-000000E7: connection can be kept alive for 3 MINUTES
2024-07-24 14:30:49.436 [Test worker] DEBUG c.g.d.z.s.o.a.h.c.h.i.c.InternalHttpClient - ep-000000E6: releasing valid endpoint
2024-07-24 14:30:49.436 [Test worker] DEBUG c.g.d.z.s.o.a.h.c.h.i.i.PoolingHttpClientConnectionManager - ep-000000E6: releasing endpoint
2024-07-24 14:30:49.436 [Test worker] DEBUG c.g.d.z.s.o.a.h.c.h.i.i.PoolingHttpClientConnectionManager - ep-000000E6: connection http-outgoing-21 can be kept alive for 3 MINUTES
2024-07-24 14:30:49.436 [Test worker] DEBUG c.g.d.z.s.o.a.h.c.h.i.i.PoolingHttpClientConnectionManager - ep-000000E6: connection released [route: {}->npipe://localhost:2375][total available: 1; route allocated: 1 of 2147483647; total allocated: 1 of 2147483647]
2024-07-24 14:30:49.436 [Test worker] DEBUG o.t.s.c.g.d.c.command.AbstrDockerCmd - Cmd: 66e2ed711703de84f2beec2511b3d671fb3044c0bdf4ac2ac73142c898adb892,false
2024-07-24 14:30:49.437 [Test worker] DEBUG o.t.s.c.g.d.c.e.InspectContainerCmdExec - GET: DefaultWebTarget{path=[/containers/66e2ed711703de84f2beec2511b3d671fb3044c0bdf4ac2ac73142c898adb892/json], queryParams={}}
2024-07-24 14:30:49.438 [Test worker] DEBUG c.g.d.z.s.o.a.h.c.h.i.c.InternalHttpClient - ex-000000E8: preparing request execution
2024-07-24 14:30:49.438 [Test worker] DEBUG c.g.d.z.s.o.a.h.c.h.p.RequestAddCookies - Cookie spec selected: strict
2024-07-24 14:30:49.438 [Test worker] DEBUG c.g.d.z.s.o.a.h.c.h.p.RequestAuthCache - Auth cache not set in the context
2024-07-24 14:30:49.438 [Test worker] DEBUG c.g.d.z.s.o.a.h.c.h.i.c.ProtocolExec - ex-000000E8: target auth state: UNCHALLENGED
2024-07-24 14:30:49.438 [Test worker] DEBUG c.g.d.z.s.o.a.h.c.h.i.c.ProtocolExec - ex-000000E8: proxy auth state: UNCHALLENGED
2024-07-24 14:30:49.438 [Test worker] DEBUG c.g.d.z.s.o.a.h.c.h.i.c.ConnectExec - ex-000000E8: acquiring connection with route {}->npipe://localhost:2375
2024-07-24 14:30:49.438 [Test worker] DEBUG c.g.d.z.s.o.a.h.c.h.i.c.InternalHttpClient - ex-000000E8: acquiring endpoint (3 MINUTES)
2024-07-24 14:30:49.438 [Test worker] DEBUG c.g.d.z.s.o.a.h.c.h.i.i.PoolingHttpClientConnectionManager - ex-000000E8: endpoint lease request (3 MINUTES) [route: {}->npipe://localhost:2375][total available: 1; route allocated: 1 of 2147483647; total allocated: 1 of 2147483647]
2024-07-24 14:30:49.438 [Test worker] DEBUG c.g.d.z.s.o.a.h.c.h.i.i.PoolingHttpClientConnectionManager - ex-000000E8: endpoint leased [route: {}->npipe://localhost:2375][total available: 0; route allocated: 1 of 2147483647; total allocated: 1 of 2147483647]
2024-07-24 14:30:49.438 [Test worker] DEBUG c.g.d.z.s.o.a.h.c.h.i.i.PoolingHttpClientConnectionManager - ex-000000E8: acquired ep-000000E7
2024-07-24 14:30:49.438 [Test worker] DEBUG c.g.d.z.s.o.a.h.c.h.i.c.InternalHttpClient - ex-000000E8: acquired endpoint ep-000000E7
2024-07-24 14:30:49.438 [Test worker] DEBUG c.g.d.z.s.o.a.h.c.h.i.c.MainClientExec - ex-000000E8: executing GET /v1.32/containers/66e2ed711703de84f2beec2511b3d671fb3044c0bdf4ac2ac73142c898adb892/json HTTP/1.1
2024-07-24 14:30:49.438 [Test worker] DEBUG c.g.d.z.s.o.a.h.c.h.i.c.InternalHttpClient - ep-000000E7: start execution ex-000000E8
2024-07-24 14:30:49.438 [Test worker] DEBUG c.g.d.z.s.o.a.h.c.h.i.i.PoolingHttpClientConnectionManager - ep-000000E7: executing exchange ex-000000E8 over http-outgoing-21
2024-07-24 14:30:49.438 [Test worker] DEBUG c.g.d.z.s.o.a.h.client5.http.headers - http-outgoing-21 >> GET /v1.32/containers/66e2ed711703de84f2beec2511b3d671fb3044c0bdf4ac2ac73142c898adb892/json HTTP/1.1
2024-07-24 14:30:49.438 [Test worker] DEBUG c.g.d.z.s.o.a.h.client5.http.headers - http-outgoing-21 >> accept: application/json
2024-07-24 14:30:49.438 [Test worker] DEBUG c.g.d.z.s.o.a.h.client5.http.headers - http-outgoing-21 >> x-tc-sid: 280e6229-7396-4d60-b1e3-a5de48b5d49b
2024-07-24 14:30:49.438 [Test worker] DEBUG c.g.d.z.s.o.a.h.client5.http.headers - http-outgoing-21 >> User-Agent: tc-java/1.19.8
2024-07-24 14:30:49.438 [Test worker] DEBUG c.g.d.z.s.o.a.h.client5.http.headers - http-outgoing-21 >> Accept-Encoding: gzip, x-gzip, deflate
2024-07-24 14:30:49.438 [Test worker] DEBUG c.g.d.z.s.o.a.h.client5.http.headers - http-outgoing-21 >> Host: localhost:2375
2024-07-24 14:30:49.438 [Test worker] DEBUG c.g.d.z.s.o.a.h.client5.http.headers - http-outgoing-21 >> Connection: keep-alive
2024-07-24 14:30:49.438 [Test worker] DEBUG c.g.d.z.s.o.a.hc.client5.http.wire - http-outgoing-21 >> "GET /v1.32/containers/66e2ed711703de84f2beec2511b3d671fb3044c0bdf4ac2ac73142c898adb892/json HTTP/1.1[\r][\n]"
2024-07-24 14:30:49.438 [Test worker] DEBUG c.g.d.z.s.o.a.hc.client5.http.wire - http-outgoing-21 >> "accept: application/json[\r][\n]"
2024-07-24 14:30:49.438 [Test worker] DEBUG c.g.d.z.s.o.a.hc.client5.http.wire - http-outgoing-21 >> "x-tc-sid: 280e6229-7396-4d60-b1e3-a5de48b5d49b[\r][\n]"
2024-07-24 14:30:49.438 [Test worker] DEBUG c.g.d.z.s.o.a.hc.client5.http.wire - http-outgoing-21 >> "User-Agent: tc-java/1.19.8[\r][\n]"
2024-07-24 14:30:49.438 [Test worker] DEBUG c.g.d.z.s.o.a.hc.client5.http.wire - http-outgoing-21 >> "Accept-Encoding: gzip, x-gzip, deflate[\r][\n]"
2024-07-24 14:30:49.438 [Test worker] DEBUG c.g.d.z.s.o.a.hc.client5.http.wire - http-outgoing-21 >> "Host: localhost:2375[\r][\n]"
2024-07-24 14:30:49.438 [Test worker] DEBUG c.g.d.z.s.o.a.hc.client5.http.wire - http-outgoing-21 >> "Connection: keep-alive[\r][\n]"
2024-07-24 14:30:49.438 [Test worker] DEBUG c.g.d.z.s.o.a.hc.client5.http.wire - http-outgoing-21 >> "[\r][\n]"
2024-07-24 14:30:49.441 [Test worker] DEBUG c.g.d.z.s.o.a.hc.client5.http.wire - http-outgoing-21 << "HTTP/1.1 200 OK[\r][\n]"
2024-07-24 14:30:49.442 [Test worker] DEBUG c.g.d.z.s.o.a.hc.client5.http.wire - http-outgoing-21 << "Api-Version: 1.45[\r][\n]"
2024-07-24 14:30:49.442 [Test worker] DEBUG c.g.d.z.s.o.a.hc.client5.http.wire - http-outgoing-21 << "Content-Type: application/json[\r][\n]"
2024-07-24 14:30:49.442 [Test worker] DEBUG c.g.d.z.s.o.a.hc.client5.http.wire - http-outgoing-21 << "Date: Wed, 24 Jul 2024 02:30:49 GMT[\r][\n]"
2024-07-24 14:30:49.442 [Test worker] DEBUG c.g.d.z.s.o.a.hc.client5.http.wire - http-outgoing-21 << "Docker-Experimental: false[\r][\n]"
2024-07-24 14:30:49.442 [Test worker] DEBUG c.g.d.z.s.o.a.hc.client5.http.wire - http-outgoing-21 << "Ostype: linux[\r][\n]"
2024-07-24 14:30:49.442 [Test worker] DEBUG c.g.d.z.s.o.a.hc.client5.http.wire - http-outgoing-21 << "Server: Docker/26.0.0 (linux)[\r][\n]"
2024-07-24 14:30:49.442 [Test worker] DEBUG c.g.d.z.s.o.a.hc.client5.http.wire - http-outgoing-21 << "Transfer-Encoding: chunked[\r][\n]"
2024-07-24 14:30:49.442 [Test worker] DEBUG c.g.d.z.s.o.a.hc.client5.http.wire - http-outgoing-21 << "[\r][\n]"
2024-07-24 14:30:49.442 [Test worker] DEBUG c.g.d.z.s.o.a.h.client5.http.headers - http-outgoing-21 << HTTP/1.1 200 OK
2024-07-24 14:30:49.442 [Test worker] DEBUG c.g.d.z.s.o.a.h.client5.http.headers - http-outgoing-21 << Api-Version: 1.45
2024-07-24 14:30:49.442 [Test worker] DEBUG c.g.d.z.s.o.a.h.client5.http.headers - http-outgoing-21 << Content-Type: application/json
2024-07-24 14:30:49.442 [Test worker] DEBUG c.g.d.z.s.o.a.h.client5.http.headers - http-outgoing-21 << Date: Wed, 24 Jul 2024 02:30:49 GMT
2024-07-24 14:30:49.442 [Test worker] DEBUG c.g.d.z.s.o.a.h.client5.http.headers - http-outgoing-21 << Docker-Experimental: false
2024-07-24 14:30:49.442 [Test worker] DEBUG c.g.d.z.s.o.a.h.client5.http.headers - http-outgoing-21 << Ostype: linux
2024-07-24 14:30:49.442 [Test worker] DEBUG c.g.d.z.s.o.a.h.client5.http.headers - http-outgoing-21 << Server: Docker/26.0.0 (linux)
2024-07-24 14:30:49.442 [Test worker] DEBUG c.g.d.z.s.o.a.h.client5.http.headers - http-outgoing-21 << Transfer-Encoding: chunked
2024-07-24 14:30:49.442 [Test worker] DEBUG c.g.d.z.s.o.a.h.c.h.i.c.MainClientExec - ex-000000E8: connection can be kept alive for 3 MINUTES
2024-07-24 14:30:49.443 [Test worker] DEBUG c.g.d.z.s.o.a.hc.client5.http.wire - http-outgoing-21 << "1a3d[\r][\n]"
2024-07-24 14:30:49.443 [Test worker] DEBUG c.g.d.z.s.o.a.hc.client5.http.wire - http-outgoing-21 << "{"Id":"66e2ed711703de84f2beec2511b3d671fb3044c0bdf4ac2ac73142c898adb892","Created":"2024-07-24T02:30:48.962436808Z","Path":"docker-entrypoint.sh","Args":["postgres","-c","fsync=off"],"State":{"Status":"running","Running":true,"Paused":false,"Restarting":false,"OOMKilled":false,"Dead":false,"Pid":30755,"ExitCode":0,"Error":"","StartedAt":"2024-07-24T02:30:49.411799671Z","FinishedAt":"0001-01-01T00:00:00Z"},"Image":"sha256:8e4fc9e184899a58735e7ee333f5e272d7d2298cf59302006b71f33e217be130","ResolvConfPath":"/var/lib/docker/containers/66e2ed711703de84f2beec2511b3d671fb3044c0bdf4ac2ac73142c898adb892/resolv.conf","HostnamePath":"/var/lib/docker/containers/66e2ed711703de84f2beec2511b3d671fb3044c0bdf4ac2ac73142c898adb892/hostname","HostsPath":"/var/lib/docker/containers/66e2ed711703de84f2beec2511b3d671fb3044c0bdf4ac2ac73142c898adb892/hosts","LogPath":"/var/lib/docker/containers/66e2ed711703de84f2beec2511b3d671fb3044c0bdf4ac2ac73142c898adb892/66e2ed711703de84f2beec2511b3d671fb3044c0bdf4ac2ac73142c898adb892-json.log","Name":"/mystifying_heyrovsky","RestartCount":0,"Driver":"overlay2","Platform":"linux","MountLabel":"","ProcessLabel":"","AppArmorProfile":"","ExecIDs":null,"HostConfig":{"Binds":[],"ContainerIDFile":"","LogConfig":{"Type":"json-file","Config":{}},"NetworkMode":"default","PortBindings":{"5432/tcp":[{"HostIp":"0.0.0.0","HostPort":"0"}]},"RestartPolicy":{"Name":"no","MaximumRetryCount":0},"AutoRemove":false,"VolumeDriver":"","VolumesFrom":[],"ConsoleSize":[0,0],"CapAdd":null,"CapDrop":null,"CgroupnsMode":"host","Dns":null,"DnsOptions":null,"DnsSearch":null,"ExtraHosts":[],"GroupAdd":null,"IpcMode":"shareable","Cgroup":"","Links":null,"OomScoreAdj":0,"PidMode":"","Privileged":false,"PublishAllPorts":false,"ReadonlyRootfs":false,"SecurityOpt":null,"UTSMode":"","UsernsMode":"","ShmSize":67108864,"Runtime":"runc","Isolation":"","CpuShares":0,"Memory":0,"NanoCpus":0,"CgroupParent":"","BlkioWeight":0,"BlkioWeightDevice":null,"BlkioDeviceReadBps":null,"BlkioDeviceWriteBps":null,"BlkioDeviceReadIOps":null,"BlkioDeviceWriteIOps":null,"CpuPeriod":0,"CpuQuota":0,"CpuRealtimePeriod":0,"CpuRealtimeRuntime":0,"CpusetCpus":"","CpusetMems":"","Devices":null,"DeviceCgroupRules":null,"DeviceRequests":null,"MemoryReservation":0,"MemorySwap":0,"MemorySwappiness":null,"OomKillDisable":false,"PidsLimit":null,"Ulimits":null,"CpuCount":0,"CpuPercent":0,"IOMaximumIOps":0,"IOMaximumBandwidth":0,"MaskedPaths":["/proc/asound","/proc/acpi","/proc/kcore","/proc/keys","/proc/latency_stats","/proc/timer_list","/proc/timer_stats","/proc/sched_debug","/proc/scsi","/sys/firmware","/sys/devices/virtual/powercap"],"ReadonlyPaths":["/proc/bus","/proc/fs","/proc/irq","/proc/sys","/proc/sysrq-trigger"]},"GraphDriver":{"Data":{"LowerDir":"/var/lib/docker/overlay2/8ab4090c2ff3b59b9a61408f4a5294f97abb90f9d038b581f91bd4ad8ca1554f-init/diff:/var/lib/docker/overlay2/8f0ddbd386af0785c2e348570516955816ab350305d698d363962d488eeb15ec/diff:/var/lib/docker/overlay2/0eb0ca73e9b0be7c3d7fa8762ef4778a68f38391bc84c037c2e90b88e781b475/diff:/var/lib/docker/overlay2/74e634bddc785c5d436b10a5158cd82e21dc2065fd1cf8ff9c1c12e01575a2d8/diff:/var/lib/docker/overlay2/bb918b2851cd2f508f1e3fdbfff8b7f8b041d61e65fe8c368288bf399e80b818/diff:/var/lib/docker/overlay2/2abab2946cbdc2941ee8ec4024c51dac7313dee9de5fbedd1ca33388c59eb3c8/diff:/var/lib/docker/overlay2/e12f6083ee669bd92743ceb339a896bb25dbe461b718705bb39eb410b80c0ecd/diff:/var/lib/docker/overlay2/ced1e86d670d097da5ed4da7288c22507735918959161c2cd8bf083fb30d169a/diff:/var/lib/docker/overlay2/94e9ac7b74923285ae73af20aeccb964ca9079e2305db367cb85d1603560472d/diff:/var/lib/docker/overlay2/a396b6dfd63f0c228c519871183c614cccf4d366a43460f27ecf97113c3c4be8/diff:/var/lib/docker/overlay2/f58ada5d5080c2bac553c734f81127660a90581a35ed2a92cebe3c59e340875b/diff:/var/lib/docker/overlay2/84f85636f37bf55d945e217b4f87a856eba7932284beaf042561007b66f48977/diff:/var/lib/docker/overlay2/1e6e519613884e91a2b74a588ba35dc8a2f789371ab798ef6e7d9836d756042f/diff:/var/lib/docker/overlay2/14a3151cc8b4f9d27d2e64f1a8abc0c7809309580f2d7e8dc8545055c1d56194/diff:/var/li"
2024-07-24 14:30:49.444 [Test worker] DEBUG c.g.d.z.s.o.a.hc.client5.http.wire - http-outgoing-21 << "b/docker/overlay2/5b354b9e793401517fe2f1da697653fdaadffc54888eaf76d67e0600b8c68bdc/diff","MergedDir":"/var/lib/docker/overlay2/8ab4090c2ff3b59b9a61408f4a5294f97abb90f9d038b581f91bd4ad8ca1554f/merged","UpperDir":"/var/lib/docker/overlay2/8ab4090c2ff3b59b9a61408f4a5294f97abb90f9d038b581f91bd4ad8ca1554f/diff","WorkDir":"/var/lib/docker/overlay2/8ab4090c2ff3b59b9a61408f4a5294f97abb90f9d038b581f91bd4ad8ca1554f/work"},"Name":"overlay2"},"Mounts":[{"Type":"volume","Name":"191aecb902acf58c1809e236862ba4c7a2df528cd3598106a7954aae218d5e3c","Source":"/var/lib/docker/volumes/191aecb902acf58c1809e236862ba4c7a2df528cd3598106a7954aae218d5e3c/_data","Destination":"/var/lib/postgresql/data","Driver":"local","Mode":"","RW":true,"Propagation":""}],"Config":{"Hostname":"66e2ed711703","Domainname":"","User":"","AttachStdin":false,"AttachStdout":false,"AttachStderr":false,"ExposedPorts":{"5432/tcp":{}},"Tty":false,"OpenStdin":false,"StdinOnce":false,"Env":["POSTGRES_USER=user","POSTGRES_PASSWORD=password","POSTGRES_DB=db","PATH=/usr/local/sbin:/usr/local/bin:/usr/sbin:/usr/bin:/sbin:/bin:/usr/lib/postgresql/16/bin","GOSU_VERSION=1.17","LANG=en_US.utf8","PG_MAJOR=16","PG_VERSION=16.2-1.pgdg120+2","PGDATA=/var/lib/postgresql/data"],"Cmd":["postgres","-c","fsync=off"],"Image":"postgres:latest","Volumes":{"/var/lib/postgresql/data":{}},"WorkingDir":"","Entrypoint":["docker-entrypoint.sh"],"OnBuild":null,"Labels":{"org.testcontainers":"true","org.testcontainers.lang":"java","org.testcontainers.sessionId":"280e6229-7396-4d60-b1e3-a5de48b5d49b","org.testcontainers.version":"1.19.8"},"StopSignal":"SIGINT"},"NetworkSettings":{"Bridge":"","SandboxID":"5177fb4bd92f593d576ddb2ab87387edf7af7f0c6a783a733201a12c766d0d47","SandboxKey":"/var/run/docker/netns/5177fb4bd92f","Ports":{"5432/tcp":[{"HostIp":"0.0.0.0","HostPort":"51578"}]},"HairpinMode":false,"LinkLocalIPv6Address":"","LinkLocalIPv6PrefixLen":0,"SecondaryIPAddresses":null,"SecondaryIPv6Addresses":null,"EndpointID":"5137c785f47e918efe4a5fd429ea829e9a0a5b648710f8e5578b83db4e35dca9","Gateway":"172.17.0.1","GlobalIPv6Address":"","GlobalIPv6PrefixLen":0,"IPAddress":"172.17.0.3","IPPrefixLen":16,"IPv6Gateway":"","MacAddress":"02:42:ac:11:00:03","Networks":{"bridge":{"IPAMConfig":null,"Links":null,"Aliases":null,"MacAddress":"02:42:ac:11:00:03","NetworkID":"3c842496be344cbdae878c1dee0957e7bc7c0a2236009c92752030f2b053e72f","EndpointID":"5137c785f47e918efe4a5fd429ea829e9a0a5b648710f8e5578b83db4e35dca9","Gateway":"172.17.0.1","IPAddress":"172.17.0.3","IPPrefixLen":16,"IPv6Gateway":"","GlobalIPv6Address":"","GlobalIPv6PrefixLen":0,"DriverOpts":null,"DNSNames":null}}}}[\n]"
2024-07-24 14:30:49.444 [Test worker] DEBUG c.g.d.z.s.o.a.hc.client5.http.wire - http-outgoing-21 << "[\r][\n]"
2024-07-24 14:30:49.444 [Test worker] DEBUG c.g.d.z.s.o.a.hc.client5.http.wire - http-outgoing-21 << "0[\r][\n]"
2024-07-24 14:30:49.444 [Test worker] DEBUG c.g.d.z.s.o.a.hc.client5.http.wire - http-outgoing-21 << "[\r][\n]"
2024-07-24 14:30:49.444 [Test worker] DEBUG c.g.d.z.s.o.a.h.c.h.i.c.InternalHttpClient - ep-000000E7: releasing valid endpoint
2024-07-24 14:30:49.444 [Test worker] DEBUG c.g.d.z.s.o.a.h.c.h.i.i.PoolingHttpClientConnectionManager - ep-000000E7: releasing endpoint
2024-07-24 14:30:49.444 [Test worker] DEBUG c.g.d.z.s.o.a.h.c.h.i.i.PoolingHttpClientConnectionManager - ep-000000E7: connection http-outgoing-21 can be kept alive for 3 MINUTES
2024-07-24 14:30:49.444 [Test worker] DEBUG c.g.d.z.s.o.a.h.c.h.i.i.PoolingHttpClientConnectionManager - ep-000000E7: connection released [route: {}->npipe://localhost:2375][total available: 1; route allocated: 1 of 2147483647; total allocated: 1 of 2147483647]
2024-07-24 14:30:49.445 [Test worker] DEBUG o.t.s.c.g.d.c.command.AbstrDockerCmd - Cmd: sha256:8e4fc9e184899a58735e7ee333f5e272d7d2298cf59302006b71f33e217be130
2024-07-24 14:30:49.445 [Test worker] TRACE o.t.s.c.g.d.c.e.InspectImageCmdExec - GET: DefaultWebTarget{path=[/images/sha256:8e4fc9e184899a58735e7ee333f5e272d7d2298cf59302006b71f33e217be130/json], queryParams={}}
2024-07-24 14:30:49.445 [Test worker] DEBUG c.g.d.z.s.o.a.h.c.h.i.c.InternalHttpClient - ex-000000E9: preparing request execution
2024-07-24 14:30:49.445 [Test worker] DEBUG c.g.d.z.s.o.a.h.c.h.p.RequestAddCookies - Cookie spec selected: strict
2024-07-24 14:30:49.445 [Test worker] DEBUG c.g.d.z.s.o.a.h.c.h.p.RequestAuthCache - Auth cache not set in the context
2024-07-24 14:30:49.445 [Test worker] DEBUG c.g.d.z.s.o.a.h.c.h.i.c.ProtocolExec - ex-000000E9: target auth state: UNCHALLENGED
2024-07-24 14:30:49.445 [Test worker] DEBUG c.g.d.z.s.o.a.h.c.h.i.c.ProtocolExec - ex-000000E9: proxy auth state: UNCHALLENGED
2024-07-24 14:30:49.445 [Test worker] DEBUG c.g.d.z.s.o.a.h.c.h.i.c.ConnectExec - ex-000000E9: acquiring connection with route {}->npipe://localhost:2375
2024-07-24 14:30:49.445 [Test worker] DEBUG c.g.d.z.s.o.a.h.c.h.i.c.InternalHttpClient - ex-000000E9: acquiring endpoint (3 MINUTES)
2024-07-24 14:30:49.445 [Test worker] DEBUG c.g.d.z.s.o.a.h.c.h.i.i.PoolingHttpClientConnectionManager - ex-000000E9: endpoint lease request (3 MINUTES) [route: {}->npipe://localhost:2375][total available: 1; route allocated: 1 of 2147483647; total allocated: 1 of 2147483647]
2024-07-24 14:30:49.445 [Test worker] DEBUG c.g.d.z.s.o.a.h.c.h.i.i.PoolingHttpClientConnectionManager - ex-000000E9: endpoint leased [route: {}->npipe://localhost:2375][total available: 0; route allocated: 1 of 2147483647; total allocated: 1 of 2147483647]
2024-07-24 14:30:49.445 [Test worker] DEBUG c.g.d.z.s.o.a.h.c.h.i.i.PoolingHttpClientConnectionManager - ex-000000E9: acquired ep-000000E8
2024-07-24 14:30:49.445 [Test worker] DEBUG c.g.d.z.s.o.a.h.c.h.i.c.InternalHttpClient - ex-000000E9: acquired endpoint ep-000000E8
2024-07-24 14:30:49.445 [Test worker] DEBUG c.g.d.z.s.o.a.h.c.h.i.c.MainClientExec - ex-000000E9: executing GET /v1.32/images/sha256:8e4fc9e184899a58735e7ee333f5e272d7d2298cf59302006b71f33e217be130/json HTTP/1.1
2024-07-24 14:30:49.445 [Test worker] DEBUG c.g.d.z.s.o.a.h.c.h.i.c.InternalHttpClient - ep-000000E8: start execution ex-000000E9
2024-07-24 14:30:49.445 [Test worker] DEBUG c.g.d.z.s.o.a.h.c.h.i.i.PoolingHttpClientConnectionManager - ep-000000E8: executing exchange ex-000000E9 over http-outgoing-21
2024-07-24 14:30:49.445 [Test worker] DEBUG c.g.d.z.s.o.a.h.client5.http.headers - http-outgoing-21 >> GET /v1.32/images/sha256:8e4fc9e184899a58735e7ee333f5e272d7d2298cf59302006b71f33e217be130/json HTTP/1.1
2024-07-24 14:30:49.445 [Test worker] DEBUG c.g.d.z.s.o.a.h.client5.http.headers - http-outgoing-21 >> accept: application/json
2024-07-24 14:30:49.445 [Test worker] DEBUG c.g.d.z.s.o.a.h.client5.http.headers - http-outgoing-21 >> x-tc-sid: 280e6229-7396-4d60-b1e3-a5de48b5d49b
2024-07-24 14:30:49.445 [Test worker] DEBUG c.g.d.z.s.o.a.h.client5.http.headers - http-outgoing-21 >> User-Agent: tc-java/1.19.8
2024-07-24 14:30:49.445 [Test worker] DEBUG c.g.d.z.s.o.a.h.client5.http.headers - http-outgoing-21 >> Accept-Encoding: gzip, x-gzip, deflate
2024-07-24 14:30:49.445 [Test worker] DEBUG c.g.d.z.s.o.a.h.client5.http.headers - http-outgoing-21 >> Host: localhost:2375
2024-07-24 14:30:49.445 [Test worker] DEBUG c.g.d.z.s.o.a.h.client5.http.headers - http-outgoing-21 >> Connection: keep-alive
2024-07-24 14:30:49.445 [Test worker] DEBUG c.g.d.z.s.o.a.hc.client5.http.wire - http-outgoing-21 >> "GET /v1.32/images/sha256:8e4fc9e184899a58735e7ee333f5e272d7d2298cf59302006b71f33e217be130/json HTTP/1.1[\r][\n]"
2024-07-24 14:30:49.445 [Test worker] DEBUG c.g.d.z.s.o.a.hc.client5.http.wire - http-outgoing-21 >> "accept: application/json[\r][\n]"
2024-07-24 14:30:49.445 [Test worker] DEBUG c.g.d.z.s.o.a.hc.client5.http.wire - http-outgoing-21 >> "x-tc-sid: 280e6229-7396-4d60-b1e3-a5de48b5d49b[\r][\n]"
2024-07-24 14:30:49.445 [Test worker] DEBUG c.g.d.z.s.o.a.hc.client5.http.wire - http-outgoing-21 >> "User-Agent: tc-java/1.19.8[\r][\n]"
2024-07-24 14:30:49.445 [Test worker] DEBUG c.g.d.z.s.o.a.hc.client5.http.wire - http-outgoing-21 >> "Accept-Encoding: gzip, x-gzip, deflate[\r][\n]"
2024-07-24 14:30:49.445 [Test worker] DEBUG c.g.d.z.s.o.a.hc.client5.http.wire - http-outgoing-21 >> "Host: localhost:2375[\r][\n]"
2024-07-24 14:30:49.445 [Test worker] DEBUG c.g.d.z.s.o.a.hc.client5.http.wire - http-outgoing-21 >> "Connection: keep-alive[\r][\n]"
2024-07-24 14:30:49.445 [Test worker] DEBUG c.g.d.z.s.o.a.hc.client5.http.wire - http-outgoing-21 >> "[\r][\n]"
2024-07-24 14:30:49.448 [Test worker] DEBUG c.g.d.z.s.o.a.hc.client5.http.wire - http-outgoing-21 << "HTTP/1.1 200 OK[\r][\n]"
2024-07-24 14:30:49.448 [Test worker] DEBUG c.g.d.z.s.o.a.hc.client5.http.wire - http-outgoing-21 << "Api-Version: 1.45[\r][\n]"
2024-07-24 14:30:49.448 [Test worker] DEBUG c.g.d.z.s.o.a.hc.client5.http.wire - http-outgoing-21 << "Content-Type: application/json[\r][\n]"
2024-07-24 14:30:49.448 [Test worker] DEBUG c.g.d.z.s.o.a.hc.client5.http.wire - http-outgoing-21 << "Date: Wed, 24 Jul 2024 02:30:49 GMT[\r][\n]"
2024-07-24 14:30:49.448 [Test worker] DEBUG c.g.d.z.s.o.a.hc.client5.http.wire - http-outgoing-21 << "Docker-Experimental: false[\r][\n]"
2024-07-24 14:30:49.448 [Test worker] DEBUG c.g.d.z.s.o.a.hc.client5.http.wire - http-outgoing-21 << "Ostype: linux[\r][\n]"
2024-07-24 14:30:49.448 [Test worker] DEBUG c.g.d.z.s.o.a.hc.client5.http.wire - http-outgoing-21 << "Server: Docker/26.0.0 (linux)[\r][\n]"
2024-07-24 14:30:49.448 [Test worker] DEBUG c.g.d.z.s.o.a.hc.client5.http.wire - http-outgoing-21 << "Transfer-Encoding: chunked[\r][\n]"
2024-07-24 14:30:49.448 [Test worker] DEBUG c.g.d.z.s.o.a.hc.client5.http.wire - http-outgoing-21 << "[\r][\n]"
2024-07-24 14:30:49.449 [Test worker] DEBUG c.g.d.z.s.o.a.h.client5.http.headers - http-outgoing-21 << HTTP/1.1 200 OK
2024-07-24 14:30:49.449 [Test worker] DEBUG c.g.d.z.s.o.a.h.client5.http.headers - http-outgoing-21 << Api-Version: 1.45
2024-07-24 14:30:49.449 [Test worker] DEBUG c.g.d.z.s.o.a.h.client5.http.headers - http-outgoing-21 << Content-Type: application/json
2024-07-24 14:30:49.449 [Test worker] DEBUG c.g.d.z.s.o.a.h.client5.http.headers - http-outgoing-21 << Date: Wed, 24 Jul 2024 02:30:49 GMT
2024-07-24 14:30:49.449 [Test worker] DEBUG c.g.d.z.s.o.a.h.client5.http.headers - http-outgoing-21 << Docker-Experimental: false
2024-07-24 14:30:49.449 [Test worker] DEBUG c.g.d.z.s.o.a.h.client5.http.headers - http-outgoing-21 << Ostype: linux
2024-07-24 14:30:49.449 [Test worker] DEBUG c.g.d.z.s.o.a.h.client5.http.headers - http-outgoing-21 << Server: Docker/26.0.0 (linux)
2024-07-24 14:30:49.449 [Test worker] DEBUG c.g.d.z.s.o.a.h.client5.http.headers - http-outgoing-21 << Transfer-Encoding: chunked
2024-07-24 14:30:49.449 [Test worker] DEBUG c.g.d.z.s.o.a.h.c.h.i.c.MainClientExec - ex-000000E9: connection can be kept alive for 3 MINUTES
2024-07-24 14:30:49.449 [Test worker] DEBUG c.g.d.z.s.o.a.hc.client5.http.wire - http-outgoing-21 << "fcb[\r][\n]"
2024-07-24 14:30:49.449 [Test worker] DEBUG c.g.d.z.s.o.a.hc.client5.http.wire - http-outgoing-21 << "{"Id":"sha256:8e4fc9e184899a58735e7ee333f5e272d7d2298cf59302006b71f33e217be130","RepoTags":["postgres:latest"],"RepoDigests":["postgres@sha256:4aea012537edfad80f98d870a36e6b90b4c09b27be7f4b4759d72db863baeebb"],"Parent":"","Comment":"buildkit.dockerfile.v0","Created":"2024-02-21T00:46:13Z","ContainerConfig":{"Hostname":"","Domainname":"","User":"","AttachStdin":false,"AttachStdout":false,"AttachStderr":false,"Tty":false,"OpenStdin":false,"StdinOnce":false,"Env":null,"Cmd":null,"Image":"","Volumes":null,"WorkingDir":"","Entrypoint":null,"OnBuild":null,"Labels":null},"DockerVersion":"","Author":"","Config":{"Hostname":"","Domainname":"","User":"","AttachStdin":false,"AttachStdout":false,"AttachStderr":false,"ExposedPorts":{"5432/tcp":{}},"Tty":false,"OpenStdin":false,"StdinOnce":false,"Env":["PATH=/usr/local/sbin:/usr/local/bin:/usr/sbin:/usr/bin:/sbin:/bin:/usr/lib/postgresql/16/bin","GOSU_VERSION=1.17","LANG=en_US.utf8","PG_MAJOR=16","PG_VERSION=16.2-1.pgdg120+2","PGDATA=/var/lib/postgresql/data"],"Cmd":["postgres"],"ArgsEscaped":true,"Image":"","Volumes":{"/var/lib/postgresql/data":{}},"WorkingDir":"","Entrypoint":["docker-entrypoint.sh"],"OnBuild":null,"Labels":null,"StopSignal":"SIGINT"},"Architecture":"amd64","Os":"linux","Size":431496964,"VirtualSize":431496964,"GraphDriver":{"Data":{"LowerDir":"/var/lib/docker/overlay2/0eb0ca73e9b0be7c3d7fa8762ef4778a68f38391bc84c037c2e90b88e781b475/diff:/var/lib/docker/overlay2/74e634bddc785c5d436b10a5158cd82e21dc2065fd1cf8ff9c1c12e01575a2d8/diff:/var/lib/docker/overlay2/bb918b2851cd2f508f1e3fdbfff8b7f8b041d61e65fe8c368288bf399e80b818/diff:/var/lib/docker/overlay2/2abab2946cbdc2941ee8ec4024c51dac7313dee9de5fbedd1ca33388c59eb3c8/diff:/var/lib/docker/overlay2/e12f6083ee669bd92743ceb339a896bb25dbe461b718705bb39eb410b80c0ecd/diff:/var/lib/docker/overlay2/ced1e86d670d097da5ed4da7288c22507735918959161c2cd8bf083fb30d169a/diff:/var/lib/docker/overlay2/94e9ac7b74923285ae73af20aeccb964ca9079e2305db367cb85d1603560472d/diff:/var/lib/docker/overlay2/a396b6dfd63f0c228c519871183c614cccf4d366a43460f27ecf97113c3c4be8/diff:/var/lib/docker/overlay2/f58ada5d5080c2bac553c734f81127660a90581a35ed2a92cebe3c59e340875b/diff:/var/lib/docker/overlay2/84f85636f37bf55d945e217b4f87a856eba7932284beaf042561007b66f48977/diff:/var/lib/docker/overlay2/1e6e519613884e91a2b74a588ba35dc8a2f789371ab798ef6e7d9836d756042f/diff:/var/lib/docker/overlay2/14a3151cc8b4f9d27d2e64f1a8abc0c7809309580f2d7e8dc8545055c1d56194/diff:/var/lib/docker/overlay2/5b354b9e793401517fe2f1da697653fdaadffc54888eaf76d67e0600b8c68bdc/diff","MergedDir":"/var/lib/docker/overlay2/8f0ddbd386af0785c2e348570516955816ab350305d698d363962d488eeb15ec/merged","UpperDir":"/var/lib/docker/overlay2/8f0ddbd386af0785c2e348570516955816ab350305d698d363962d488eeb15ec/diff","WorkDir":"/var/lib/docker/overlay2/8f0ddbd386af0785c2e348570516955816ab350305d698d363962d488eeb15ec/work"},"Name":"overlay2"},"RootFS":{"Type":"layers","Layers":["sha256:52ec5a4316fadc09a4a51f82b8d7b66ead0d71bea4f75e81e25b4094c4219061","sha256:5a99d63e3aef066b4fa085cf24d0281681d5530c22f0c93391b854ba5741b62e","sha256:12694c6edf8321950446751b5acc175137946701b72febd6a32ab6e6cb89403b","sha256:beceb355ef35df0b8123db4eddd8f734e7414a3828e463354a913dda6738571d","sha256:0f86e6985ca32f3adeb9f65e3f80b3f2aa37a697d345c84011b2421e5608bc06","sha256:22c31f24613cd6a7b43f3074166d79619574e76f430035be15d909ae45fb97da","sha256:7c32a1ce1cc084a148145553666d5b64e3b6551491d1c3c6cc545b5b69daf5da","sha256:192de40051e6f5b468a60be4e6d162a1bbf3dc4af2dfb0a7aa8db25f86b6e68e","sha256:257f3fc789f6526019470322285b4bfe55e3e09f41150576c0997f370407af14","sha256:2993953b2c109056b0d580a549dae9f902a84a29f3907d96d7329746a8df7fc2","sha256:0bc02fbb093e939812a0ca64bd21a807d815b89c5e034e73026d14535053f4e2","sha256:3866ad927dc8101b32941f0fe6e36e656eba398b92164688ce1d1afdeca7eb09","sha256:2621fdc21b32f8210d30df7b9f44c068fa347ce07f7e1935a2383e5f7e7ddecb","sha256:c116a9ba3dbfe8c6135659ba009883a03bdc660abfedc64e2528baa6d736dbc9"]},"Metadata":{"LastTagTime":"0001-01-01T00:00:00Z"},"Container":""}[\n]"
2024-07-24 14:30:49.449 [Test worker] DEBUG c.g.d.z.s.o.a.hc.client5.http.wire - http-outgoing-21 << "[\r][\n]"
2024-07-24 14:30:49.449 [Test worker] DEBUG c.g.d.z.s.o.a.hc.client5.http.wire - http-outgoing-21 << "0[\r][\n]"
2024-07-24 14:30:49.449 [Test worker] DEBUG c.g.d.z.s.o.a.hc.client5.http.wire - http-outgoing-21 << "[\r][\n]"
2024-07-24 14:30:49.450 [Test worker] DEBUG c.g.d.z.s.o.a.h.c.h.i.c.InternalHttpClient - ep-000000E8: releasing valid endpoint
2024-07-24 14:30:49.450 [Test worker] DEBUG c.g.d.z.s.o.a.h.c.h.i.i.PoolingHttpClientConnectionManager - ep-000000E8: releasing endpoint
2024-07-24 14:30:49.450 [Test worker] DEBUG c.g.d.z.s.o.a.h.c.h.i.i.PoolingHttpClientConnectionManager - ep-000000E8: connection http-outgoing-21 can be kept alive for 3 MINUTES
2024-07-24 14:30:49.450 [Test worker] DEBUG c.g.d.z.s.o.a.h.c.h.i.i.PoolingHttpClientConnectionManager - ep-000000E8: connection released [route: {}->npipe://localhost:2375][total available: 1; route allocated: 1 of 2147483647; total allocated: 1 of 2147483647]
2024-07-24 14:30:49.450 [Test worker] DEBUG o.t.s.c.g.d.c.command.AbstrDockerCmd - Cmd: 
2024-07-24 14:30:49.450 [Test worker] TRACE o.t.s.c.g.d.core.exec.VersionCmdExec - GET: DefaultWebTarget{path=[/version], queryParams={}}
2024-07-24 14:30:49.450 [Test worker] DEBUG c.g.d.z.s.o.a.h.c.h.i.c.InternalHttpClient - ex-000000EA: preparing request execution
2024-07-24 14:30:49.451 [Test worker] DEBUG c.g.d.z.s.o.a.h.c.h.p.RequestAddCookies - Cookie spec selected: strict
2024-07-24 14:30:49.451 [Test worker] DEBUG c.g.d.z.s.o.a.h.c.h.p.RequestAuthCache - Auth cache not set in the context
2024-07-24 14:30:49.451 [Test worker] DEBUG c.g.d.z.s.o.a.h.c.h.i.c.ProtocolExec - ex-000000EA: target auth state: UNCHALLENGED
2024-07-24 14:30:49.451 [Test worker] DEBUG c.g.d.z.s.o.a.h.c.h.i.c.ProtocolExec - ex-000000EA: proxy auth state: UNCHALLENGED
2024-07-24 14:30:49.451 [Test worker] DEBUG c.g.d.z.s.o.a.h.c.h.i.c.ConnectExec - ex-000000EA: acquiring connection with route {}->npipe://localhost:2375
2024-07-24 14:30:49.451 [Test worker] DEBUG c.g.d.z.s.o.a.h.c.h.i.c.InternalHttpClient - ex-000000EA: acquiring endpoint (3 MINUTES)
2024-07-24 14:30:49.451 [Test worker] DEBUG c.g.d.z.s.o.a.h.c.h.i.i.PoolingHttpClientConnectionManager - ex-000000EA: endpoint lease request (3 MINUTES) [route: {}->npipe://localhost:2375][total available: 1; route allocated: 1 of 2147483647; total allocated: 1 of 2147483647]
2024-07-24 14:30:49.451 [Test worker] DEBUG c.g.d.z.s.o.a.h.c.h.i.i.PoolingHttpClientConnectionManager - ex-000000EA: endpoint leased [route: {}->npipe://localhost:2375][total available: 0; route allocated: 1 of 2147483647; total allocated: 1 of 2147483647]
2024-07-24 14:30:49.451 [Test worker] DEBUG c.g.d.z.s.o.a.h.c.h.i.i.PoolingHttpClientConnectionManager - ex-000000EA: acquired ep-000000E9
2024-07-24 14:30:49.451 [Test worker] DEBUG c.g.d.z.s.o.a.h.c.h.i.c.InternalHttpClient - ex-000000EA: acquired endpoint ep-000000E9
2024-07-24 14:30:49.451 [Test worker] DEBUG c.g.d.z.s.o.a.h.c.h.i.c.MainClientExec - ex-000000EA: executing GET /v1.32/version HTTP/1.1
2024-07-24 14:30:49.451 [Test worker] DEBUG c.g.d.z.s.o.a.h.c.h.i.c.InternalHttpClient - ep-000000E9: start execution ex-000000EA
2024-07-24 14:30:49.451 [Test worker] DEBUG c.g.d.z.s.o.a.h.c.h.i.i.PoolingHttpClientConnectionManager - ep-000000E9: executing exchange ex-000000EA over http-outgoing-21
2024-07-24 14:30:49.451 [Test worker] DEBUG c.g.d.z.s.o.a.h.client5.http.headers - http-outgoing-21 >> GET /v1.32/version HTTP/1.1
2024-07-24 14:30:49.451 [Test worker] DEBUG c.g.d.z.s.o.a.h.client5.http.headers - http-outgoing-21 >> accept: application/json
2024-07-24 14:30:49.451 [Test worker] DEBUG c.g.d.z.s.o.a.h.client5.http.headers - http-outgoing-21 >> x-tc-sid: 280e6229-7396-4d60-b1e3-a5de48b5d49b
2024-07-24 14:30:49.451 [Test worker] DEBUG c.g.d.z.s.o.a.h.client5.http.headers - http-outgoing-21 >> User-Agent: tc-java/1.19.8
2024-07-24 14:30:49.451 [Test worker] DEBUG c.g.d.z.s.o.a.h.client5.http.headers - http-outgoing-21 >> Accept-Encoding: gzip, x-gzip, deflate
2024-07-24 14:30:49.451 [Test worker] DEBUG c.g.d.z.s.o.a.h.client5.http.headers - http-outgoing-21 >> Host: localhost:2375
2024-07-24 14:30:49.451 [Test worker] DEBUG c.g.d.z.s.o.a.h.client5.http.headers - http-outgoing-21 >> Connection: keep-alive
2024-07-24 14:30:49.451 [Test worker] DEBUG c.g.d.z.s.o.a.hc.client5.http.wire - http-outgoing-21 >> "GET /v1.32/version HTTP/1.1[\r][\n]"
2024-07-24 14:30:49.451 [Test worker] DEBUG c.g.d.z.s.o.a.hc.client5.http.wire - http-outgoing-21 >> "accept: application/json[\r][\n]"
2024-07-24 14:30:49.451 [Test worker] DEBUG c.g.d.z.s.o.a.hc.client5.http.wire - http-outgoing-21 >> "x-tc-sid: 280e6229-7396-4d60-b1e3-a5de48b5d49b[\r][\n]"
2024-07-24 14:30:49.451 [Test worker] DEBUG c.g.d.z.s.o.a.hc.client5.http.wire - http-outgoing-21 >> "User-Agent: tc-java/1.19.8[\r][\n]"
2024-07-24 14:30:49.451 [Test worker] DEBUG c.g.d.z.s.o.a.hc.client5.http.wire - http-outgoing-21 >> "Accept-Encoding: gzip, x-gzip, deflate[\r][\n]"
2024-07-24 14:30:49.451 [Test worker] DEBUG c.g.d.z.s.o.a.hc.client5.http.wire - http-outgoing-21 >> "Host: localhost:2375[\r][\n]"
2024-07-24 14:30:49.451 [Test worker] DEBUG c.g.d.z.s.o.a.hc.client5.http.wire - http-outgoing-21 >> "Connection: keep-alive[\r][\n]"
2024-07-24 14:30:49.451 [Test worker] DEBUG c.g.d.z.s.o.a.hc.client5.http.wire - http-outgoing-21 >> "[\r][\n]"
2024-07-24 14:30:49.462 [Test worker] DEBUG c.g.d.z.s.o.a.hc.client5.http.wire - http-outgoing-21 << "HTTP/1.1 200 OK[\r][\n]"
2024-07-24 14:30:49.462 [Test worker] DEBUG c.g.d.z.s.o.a.hc.client5.http.wire - http-outgoing-21 << "Api-Version: 1.45[\r][\n]"
2024-07-24 14:30:49.462 [Test worker] DEBUG c.g.d.z.s.o.a.hc.client5.http.wire - http-outgoing-21 << "Content-Type: application/json[\r][\n]"
2024-07-24 14:30:49.462 [Test worker] DEBUG c.g.d.z.s.o.a.hc.client5.http.wire - http-outgoing-21 << "Date: Wed, 24 Jul 2024 02:30:49 GMT[\r][\n]"
2024-07-24 14:30:49.462 [Test worker] DEBUG c.g.d.z.s.o.a.hc.client5.http.wire - http-outgoing-21 << "Docker-Experimental: false[\r][\n]"
2024-07-24 14:30:49.462 [Test worker] DEBUG c.g.d.z.s.o.a.hc.client5.http.wire - http-outgoing-21 << "Ostype: linux[\r][\n]"
2024-07-24 14:30:49.462 [Test worker] DEBUG c.g.d.z.s.o.a.hc.client5.http.wire - http-outgoing-21 << "Server: Docker/26.0.0 (linux)[\r][\n]"
2024-07-24 14:30:49.462 [Test worker] DEBUG c.g.d.z.s.o.a.hc.client5.http.wire - http-outgoing-21 << "Transfer-Encoding: chunked[\r][\n]"
2024-07-24 14:30:49.462 [Test worker] DEBUG c.g.d.z.s.o.a.hc.client5.http.wire - http-outgoing-21 << "[\r][\n]"
2024-07-24 14:30:49.462 [Test worker] DEBUG c.g.d.z.s.o.a.h.client5.http.headers - http-outgoing-21 << HTTP/1.1 200 OK
2024-07-24 14:30:49.462 [Test worker] DEBUG c.g.d.z.s.o.a.h.client5.http.headers - http-outgoing-21 << Api-Version: 1.45
2024-07-24 14:30:49.462 [Test worker] DEBUG c.g.d.z.s.o.a.h.client5.http.headers - http-outgoing-21 << Content-Type: application/json
2024-07-24 14:30:49.462 [Test worker] DEBUG c.g.d.z.s.o.a.h.client5.http.headers - http-outgoing-21 << Date: Wed, 24 Jul 2024 02:30:49 GMT
2024-07-24 14:30:49.462 [Test worker] DEBUG c.g.d.z.s.o.a.h.client5.http.headers - http-outgoing-21 << Docker-Experimental: false
2024-07-24 14:30:49.462 [Test worker] DEBUG c.g.d.z.s.o.a.h.client5.http.headers - http-outgoing-21 << Ostype: linux
2024-07-24 14:30:49.462 [Test worker] DEBUG c.g.d.z.s.o.a.h.client5.http.headers - http-outgoing-21 << Server: Docker/26.0.0 (linux)
2024-07-24 14:30:49.462 [Test worker] DEBUG c.g.d.z.s.o.a.h.client5.http.headers - http-outgoing-21 << Transfer-Encoding: chunked
2024-07-24 14:30:49.462 [Test worker] DEBUG c.g.d.z.s.o.a.h.c.h.i.c.MainClientExec - ex-000000EA: connection can be kept alive for 3 MINUTES
2024-07-24 14:30:49.463 [Test worker] DEBUG c.g.d.z.s.o.a.hc.client5.http.wire - http-outgoing-21 << "35f[\r][\n]"
2024-07-24 14:30:49.463 [Test worker] DEBUG c.g.d.z.s.o.a.hc.client5.http.wire - http-outgoing-21 << "{"Platform":{"Name":"Docker Desktop 4.29.0 (145265)"},"Components":[{"Name":"Engine","Version":"26.0.0","Details":{"ApiVersion":"1.45","Arch":"amd64","BuildTime":"2024-03-20T15:18:01.000000000+00:00","Experimental":"false","GitCommit":"8b79278","GoVersion":"go1.21.8","KernelVersion":"5.15.153.1-microsoft-standard-WSL2","MinAPIVersion":"1.24","Os":"linux"}},{"Name":"containerd","Version":"1.6.28","Details":{"GitCommit":"ae07eda36dd25f8a1b98dfbf587313b99c0190bb"}},{"Name":"runc","Version":"1.1.12","Details":{"GitCommit":"v1.1.12-0-g51d5e94"}},{"Name":"docker-init","Version":"0.19.0","Details":{"GitCommit":"de40ad0"}}],"Version":"26.0.0","ApiVersion":"1.45","MinAPIVersion":"1.24","GitCommit":"8b79278","GoVersion":"go1.21.8","Os":"linux","Arch":"amd64","KernelVersion":"5.15.153.1-microsoft-standard-WSL2","BuildTime":"2024-03-20T15:18:01.000000000+00:00"}[\n]"
2024-07-24 14:30:49.463 [Test worker] DEBUG c.g.d.z.s.o.a.hc.client5.http.wire - http-outgoing-21 << "[\r][\n]"
2024-07-24 14:30:49.463 [Test worker] DEBUG c.g.d.z.s.o.a.hc.client5.http.wire - http-outgoing-21 << "0[\r][\n]"
2024-07-24 14:30:49.463 [Test worker] DEBUG c.g.d.z.s.o.a.hc.client5.http.wire - http-outgoing-21 << "[\r][\n]"
2024-07-24 14:30:49.463 [Test worker] DEBUG c.g.d.z.s.o.a.h.c.h.i.c.InternalHttpClient - ep-000000E9: releasing valid endpoint
2024-07-24 14:30:49.463 [Test worker] DEBUG c.g.d.z.s.o.a.h.c.h.i.i.PoolingHttpClientConnectionManager - ep-000000E9: releasing endpoint
2024-07-24 14:30:49.463 [Test worker] DEBUG c.g.d.z.s.o.a.h.c.h.i.i.PoolingHttpClientConnectionManager - ep-000000E9: connection http-outgoing-21 can be kept alive for 3 MINUTES
2024-07-24 14:30:49.463 [Test worker] DEBUG c.g.d.z.s.o.a.h.c.h.i.i.PoolingHttpClientConnectionManager - ep-000000E9: connection released [route: {}->npipe://localhost:2375][total available: 1; route allocated: 1 of 2147483647; total allocated: 1 of 2147483647]
2024-07-24 14:30:49.463 [Test worker] TRACE o.t.s.c.g.d.c.e.LogContainerCmdExec - GET: DefaultWebTarget{path=[/containers/66e2ed711703de84f2beec2511b3d671fb3044c0bdf4ac2ac73142c898adb892/logs], queryParams={stdout=[true], stderr=[true], follow=[true], since=[0]}}
2024-07-24 14:30:49.464 [docker-java-stream-738338833] DEBUG c.g.d.z.s.o.a.h.c.h.i.c.InternalHttpClient - ex-000000EB: preparing request execution
2024-07-24 14:30:49.464 [docker-java-stream-738338833] DEBUG c.g.d.z.s.o.a.h.c.h.p.RequestAddCookies - Cookie spec selected: strict
2024-07-24 14:30:49.464 [docker-java-stream-738338833] DEBUG c.g.d.z.s.o.a.h.c.h.p.RequestAuthCache - Auth cache not set in the context
2024-07-24 14:30:49.464 [docker-java-stream-738338833] DEBUG c.g.d.z.s.o.a.h.c.h.i.c.ProtocolExec - ex-000000EB: target auth state: UNCHALLENGED
2024-07-24 14:30:49.464 [docker-java-stream-738338833] DEBUG c.g.d.z.s.o.a.h.c.h.i.c.ProtocolExec - ex-000000EB: proxy auth state: UNCHALLENGED
2024-07-24 14:30:49.464 [docker-java-stream-738338833] DEBUG c.g.d.z.s.o.a.h.c.h.i.c.ConnectExec - ex-000000EB: acquiring connection with route {}->npipe://localhost:2375
2024-07-24 14:30:49.464 [docker-java-stream-738338833] DEBUG c.g.d.z.s.o.a.h.c.h.i.c.InternalHttpClient - ex-000000EB: acquiring endpoint (3 MINUTES)
2024-07-24 14:30:49.464 [docker-java-stream-738338833] DEBUG c.g.d.z.s.o.a.h.c.h.i.i.PoolingHttpClientConnectionManager - ex-000000EB: endpoint lease request (3 MINUTES) [route: {}->npipe://localhost:2375][total available: 1; route allocated: 1 of 2147483647; total allocated: 1 of 2147483647]
2024-07-24 14:30:49.464 [docker-java-stream-738338833] DEBUG c.g.d.z.s.o.a.h.c.h.i.i.PoolingHttpClientConnectionManager - ex-000000EB: endpoint leased [route: {}->npipe://localhost:2375][total available: 0; route allocated: 1 of 2147483647; total allocated: 1 of 2147483647]
2024-07-24 14:30:49.464 [docker-java-stream-738338833] DEBUG c.g.d.z.s.o.a.h.c.h.i.i.PoolingHttpClientConnectionManager - ex-000000EB: acquired ep-000000EA
2024-07-24 14:30:49.464 [docker-java-stream-738338833] DEBUG c.g.d.z.s.o.a.h.c.h.i.c.InternalHttpClient - ex-000000EB: acquired endpoint ep-000000EA
2024-07-24 14:30:49.464 [docker-java-stream-738338833] DEBUG c.g.d.z.s.o.a.h.c.h.i.c.MainClientExec - ex-000000EB: executing GET /v1.32/containers/66e2ed711703de84f2beec2511b3d671fb3044c0bdf4ac2ac73142c898adb892/logs?stdout=true&stderr=true&follow=true&since=0 HTTP/1.1
2024-07-24 14:30:49.464 [docker-java-stream-738338833] DEBUG c.g.d.z.s.o.a.h.c.h.i.c.InternalHttpClient - ep-000000EA: start execution ex-000000EB
2024-07-24 14:30:49.464 [docker-java-stream-738338833] DEBUG c.g.d.z.s.o.a.h.c.h.i.i.PoolingHttpClientConnectionManager - ep-000000EA: executing exchange ex-000000EB over http-outgoing-21
2024-07-24 14:30:49.465 [docker-java-stream-738338833] DEBUG c.g.d.z.s.o.a.h.client5.http.headers - http-outgoing-21 >> GET /v1.32/containers/66e2ed711703de84f2beec2511b3d671fb3044c0bdf4ac2ac73142c898adb892/logs?stdout=true&stderr=true&follow=true&since=0 HTTP/1.1
2024-07-24 14:30:49.465 [docker-java-stream-738338833] DEBUG c.g.d.z.s.o.a.h.client5.http.headers - http-outgoing-21 >> x-tc-sid: 280e6229-7396-4d60-b1e3-a5de48b5d49b
2024-07-24 14:30:49.465 [docker-java-stream-738338833] DEBUG c.g.d.z.s.o.a.h.client5.http.headers - http-outgoing-21 >> User-Agent: tc-java/1.19.8
2024-07-24 14:30:49.465 [docker-java-stream-738338833] DEBUG c.g.d.z.s.o.a.h.client5.http.headers - http-outgoing-21 >> Accept-Encoding: gzip, x-gzip, deflate
2024-07-24 14:30:49.465 [docker-java-stream-738338833] DEBUG c.g.d.z.s.o.a.h.client5.http.headers - http-outgoing-21 >> Host: localhost:2375
2024-07-24 14:30:49.465 [docker-java-stream-738338833] DEBUG c.g.d.z.s.o.a.h.client5.http.headers - http-outgoing-21 >> Connection: keep-alive
2024-07-24 14:30:49.465 [docker-java-stream-738338833] DEBUG c.g.d.z.s.o.a.hc.client5.http.wire - http-outgoing-21 >> "GET /v1.32/containers/66e2ed711703de84f2beec2511b3d671fb3044c0bdf4ac2ac73142c898adb892/logs?stdout=true&stderr=true&follow=true&since=0 HTTP/1.1[\r][\n]"
2024-07-24 14:30:49.465 [docker-java-stream-738338833] DEBUG c.g.d.z.s.o.a.hc.client5.http.wire - http-outgoing-21 >> "x-tc-sid: 280e6229-7396-4d60-b1e3-a5de48b5d49b[\r][\n]"
2024-07-24 14:30:49.465 [docker-java-stream-738338833] DEBUG c.g.d.z.s.o.a.hc.client5.http.wire - http-outgoing-21 >> "User-Agent: tc-java/1.19.8[\r][\n]"
2024-07-24 14:30:49.465 [docker-java-stream-738338833] DEBUG c.g.d.z.s.o.a.hc.client5.http.wire - http-outgoing-21 >> "Accept-Encoding: gzip, x-gzip, deflate[\r][\n]"
2024-07-24 14:30:49.465 [docker-java-stream-738338833] DEBUG c.g.d.z.s.o.a.hc.client5.http.wire - http-outgoing-21 >> "Host: localhost:2375[\r][\n]"
2024-07-24 14:30:49.465 [docker-java-stream-738338833] DEBUG c.g.d.z.s.o.a.hc.client5.http.wire - http-outgoing-21 >> "Connection: keep-alive[\r][\n]"
2024-07-24 14:30:49.465 [docker-java-stream-738338833] DEBUG c.g.d.z.s.o.a.hc.client5.http.wire - http-outgoing-21 >> "[\r][\n]"
2024-07-24 14:30:49.469 [docker-java-stream-738338833] DEBUG c.g.d.z.s.o.a.hc.client5.http.wire - http-outgoing-21 << "HTTP/1.1 200 OK[\r][\n]"
2024-07-24 14:30:49.469 [docker-java-stream-738338833] DEBUG c.g.d.z.s.o.a.hc.client5.http.wire - http-outgoing-21 << "Api-Version: 1.45[\r][\n]"
2024-07-24 14:30:49.469 [docker-java-stream-738338833] DEBUG c.g.d.z.s.o.a.hc.client5.http.wire - http-outgoing-21 << "Content-Type: application/vnd.docker.raw-stream[\r][\n]"
2024-07-24 14:30:49.469 [docker-java-stream-738338833] DEBUG c.g.d.z.s.o.a.hc.client5.http.wire - http-outgoing-21 << "Date: Wed, 24 Jul 2024 02:30:49 GMT[\r][\n]"
2024-07-24 14:30:49.469 [docker-java-stream-738338833] DEBUG c.g.d.z.s.o.a.hc.client5.http.wire - http-outgoing-21 << "Docker-Experimental: false[\r][\n]"
2024-07-24 14:30:49.469 [docker-java-stream-738338833] DEBUG c.g.d.z.s.o.a.hc.client5.http.wire - http-outgoing-21 << "Ostype: linux[\r][\n]"
2024-07-24 14:30:49.469 [docker-java-stream-738338833] DEBUG c.g.d.z.s.o.a.hc.client5.http.wire - http-outgoing-21 << "Server: Docker/26.0.0 (linux)[\r][\n]"
2024-07-24 14:30:49.469 [docker-java-stream-738338833] DEBUG c.g.d.z.s.o.a.hc.client5.http.wire - http-outgoing-21 << "Transfer-Encoding: chunked[\r][\n]"
2024-07-24 14:30:49.469 [docker-java-stream-738338833] DEBUG c.g.d.z.s.o.a.hc.client5.http.wire - http-outgoing-21 << "[\r][\n]"
2024-07-24 14:30:49.469 [docker-java-stream-738338833] DEBUG c.g.d.z.s.o.a.h.client5.http.headers - http-outgoing-21 << HTTP/1.1 200 OK
2024-07-24 14:30:49.469 [docker-java-stream-738338833] DEBUG c.g.d.z.s.o.a.h.client5.http.headers - http-outgoing-21 << Api-Version: 1.45
2024-07-24 14:30:49.469 [docker-java-stream-738338833] DEBUG c.g.d.z.s.o.a.h.client5.http.headers - http-outgoing-21 << Content-Type: application/vnd.docker.raw-stream
2024-07-24 14:30:49.469 [docker-java-stream-738338833] DEBUG c.g.d.z.s.o.a.h.client5.http.headers - http-outgoing-21 << Date: Wed, 24 Jul 2024 02:30:49 GMT
2024-07-24 14:30:49.469 [docker-java-stream-738338833] DEBUG c.g.d.z.s.o.a.h.client5.http.headers - http-outgoing-21 << Docker-Experimental: false
2024-07-24 14:30:49.469 [docker-java-stream-738338833] DEBUG c.g.d.z.s.o.a.h.client5.http.headers - http-outgoing-21 << Ostype: linux
2024-07-24 14:30:49.469 [docker-java-stream-738338833] DEBUG c.g.d.z.s.o.a.h.client5.http.headers - http-outgoing-21 << Server: Docker/26.0.0 (linux)
2024-07-24 14:30:49.469 [docker-java-stream-738338833] DEBUG c.g.d.z.s.o.a.h.client5.http.headers - http-outgoing-21 << Transfer-Encoding: chunked
2024-07-24 14:30:49.469 [docker-java-stream-738338833] DEBUG c.g.d.z.s.o.a.h.c.h.i.c.MainClientExec - ex-000000EB: connection can be kept alive for 3 MINUTES
2024-07-24 14:30:49.470 [docker-java-stream-738338833] DEBUG c.g.d.z.s.o.a.hc.client5.http.wire - http-outgoing-21 << "93[\r][\n]"
2024-07-24 14:30:49.470 [docker-java-stream-738338833] DEBUG c.g.d.z.s.o.a.hc.client5.http.wire - http-outgoing-21 << "[0x1][0x0][0x0][0x0][0x0][0x0][0x0]NThe files belonging to this database system will be owned by user "postgres".[\n]"
2024-07-24 14:30:49.470 [docker-java-stream-738338833] DEBUG c.g.d.z.s.o.a.hc.client5.http.wire - http-outgoing-21 << "[0x1][0x0][0x0][0x0][0x0][0x0][0x0],This user must also own the server process.[\n]"
2024-07-24 14:30:49.470 [docker-java-stream-738338833] DEBUG c.g.d.z.s.o.a.hc.client5.http.wire - http-outgoing-21 << "[0x1][0x0][0x0][0x0][0x0][0x0][0x0][0x1][\n]"
2024-07-24 14:30:49.470 [docker-java-stream-738338833] DEBUG c.g.d.z.s.o.a.hc.client5.http.wire - http-outgoing-21 << "[\r][\n]"
2024-07-24 14:30:49.470 [docker-java-stream-738338833] DEBUG c.g.d.z.s.o.a.hc.client5.http.wire - http-outgoing-21 << "16a[\r][\n]"
2024-07-24 14:30:49.470 [docker-java-stream-738338833] DEBUG c.g.d.z.s.o.a.hc.client5.http.wire - http-outgoing-21 << "[0x1][0x0][0x0][0x0][0x0][0x0][0x0]CThe database cluster will be initialized with locale "en_US.utf8".[\n]"
2024-07-24 14:30:49.470 [docker-java-stream-738338833] DEBUG c.g.d.z.s.o.a.hc.client5.http.wire - http-outgoing-21 << "[0x1][0x0][0x0][0x0][0x0][0x0][0x0]BThe default database encoding has accordingly been set to "UTF8".[\n]"
2024-07-24 14:30:49.470 [docker-java-stream-738338833] DEBUG c.g.d.z.s.o.a.hc.client5.http.wire - http-outgoing-21 << "[0x1][0x0][0x0][0x0][0x0][0x0][0x0]@The default text search configuration will be set to "english".[\n]"
2024-07-24 14:30:49.470 [docker-java-stream-738338833] DEBUG c.g.d.z.s.o.a.hc.client5.http.wire - http-outgoing-21 << "[0x1][0x0][0x0][0x0][0x0][0x0][0x0][0x1][\n]"
2024-07-24 14:30:49.470 [docker-java-stream-738338833] DEBUG c.g.d.z.s.o.a.hc.client5.http.wire - http-outgoing-21 << "[0x1][0x0][0x0][0x0][0x0][0x0][0x0]"Data page checksums are disabled.[\n]"
2024-07-24 14:30:49.470 [docker-java-stream-738338833] DEBUG c.g.d.z.s.o.a.hc.client5.http.wire - http-outgoing-21 << "[0x1][0x0][0x0][0x0][0x0][0x0][0x0][0x1][\n]"
2024-07-24 14:30:49.470 [docker-java-stream-738338833] DEBUG c.g.d.z.s.o.a.hc.client5.http.wire - http-outgoing-21 << "[0x1][0x0][0x0][0x0][0x0][0x0][0x0]Ifixing permissions on existing directory /var/lib/postgresql/data ... ok[\n]"
2024-07-24 14:30:49.470 [docker-java-stream-738338833] DEBUG c.g.d.z.s.o.a.hc.client5.http.wire - http-outgoing-21 << "[\r][\n]"
2024-07-24 14:30:49.470 [Test worker] DEBUG o.t.c.output.WaitingConsumer - STDOUT: The default database encoding has accordingly been set to "UTF8".
2024-07-24 14:30:49.470 [Test worker] DEBUG o.t.c.output.WaitingConsumer - STDOUT: fixing permissions on existing directory /var/lib/postgresql/data ... ok
2024-07-24 14:30:49.470 [Test worker] DEBUG o.t.c.output.WaitingConsumer - STDOUT: 
2024-07-24 14:30:49.470 [Test worker] DEBUG o.t.c.output.WaitingConsumer - STDOUT: Data page checksums are disabled.
2024-07-24 14:30:49.470 [Test worker] DEBUG o.t.c.output.WaitingConsumer - STDOUT: 
2024-07-24 14:30:49.470 [Test worker] DEBUG o.t.c.output.WaitingConsumer - STDOUT: The default text search configuration will be set to "english".
2024-07-24 14:30:49.470 [Test worker] DEBUG o.t.c.output.WaitingConsumer - STDOUT: The database cluster will be initialized with locale "en_US.utf8".
2024-07-24 14:30:49.470 [Test worker] DEBUG o.t.c.output.WaitingConsumer - STDOUT: 
2024-07-24 14:30:49.470 [Test worker] DEBUG o.t.c.output.WaitingConsumer - STDOUT: This user must also own the server process.
2024-07-24 14:30:49.470 [Test worker] DEBUG o.t.c.output.WaitingConsumer - STDOUT: The files belonging to this database system will be owned by user "postgres".
2024-07-24 14:30:49.470 [docker-java-stream-738338833] DEBUG c.g.d.z.s.o.a.hc.client5.http.wire - http-outgoing-21 << "68[\r][\n]"
2024-07-24 14:30:49.470 [docker-java-stream-738338833] DEBUG c.g.d.z.s.o.a.hc.client5.http.wire - http-outgoing-21 << "[0x1][0x0][0x0][0x0][0x0][0x0][0x0][0x1f]creating subdirectories ... ok[\n]"
2024-07-24 14:30:49.470 [docker-java-stream-738338833] DEBUG c.g.d.z.s.o.a.hc.client5.http.wire - http-outgoing-21 << "[0x1][0x0][0x0][0x0][0x0][0x0][0x0]9selecting dynamic shared memory implementation ... posix[\n]"
2024-07-24 14:30:49.470 [docker-java-stream-738338833] DEBUG c.g.d.z.s.o.a.hc.client5.http.wire - http-outgoing-21 << "[\r][\n]"
2024-07-24 14:30:49.485 [Test worker] DEBUG o.t.c.output.WaitingConsumer - STDOUT: selecting dynamic shared memory implementation ... posix
2024-07-24 14:30:49.485 [Test worker] DEBUG o.t.c.output.WaitingConsumer - STDOUT: creating subdirectories ... ok
2024-07-24 14:30:49.494 [docker-java-stream-738338833] DEBUG c.g.d.z.s.o.a.hc.client5.http.wire - http-outgoing-21 << "32[\r][\n]"
2024-07-24 14:30:49.494 [docker-java-stream-738338833] DEBUG c.g.d.z.s.o.a.hc.client5.http.wire - http-outgoing-21 << "[0x1][0x0][0x0][0x0][0x0][0x0][0x0]*selecting default max_connections ... 100[\n]"
2024-07-24 14:30:49.494 [docker-java-stream-738338833] DEBUG c.g.d.z.s.o.a.hc.client5.http.wire - http-outgoing-21 << "[\r][\n]"
2024-07-24 14:30:49.500 [Test worker] DEBUG o.t.c.output.WaitingConsumer - STDOUT: selecting default max_connections ... 100
2024-07-24 14:30:49.520 [docker-java-stream-738338833] DEBUG c.g.d.z.s.o.a.hc.client5.http.wire - http-outgoing-21 << "33[\r][\n]"
2024-07-24 14:30:49.520 [docker-java-stream-738338833] DEBUG c.g.d.z.s.o.a.hc.client5.http.wire - http-outgoing-21 << "[0x1][0x0][0x0][0x0][0x0][0x0][0x0]+selecting default shared_buffers ... 128MB[\n]"
2024-07-24 14:30:49.520 [docker-java-stream-738338833] DEBUG c.g.d.z.s.o.a.hc.client5.http.wire - http-outgoing-21 << "[\r][\n]"
2024-07-24 14:30:49.520 [Test worker] DEBUG o.t.c.output.WaitingConsumer - STDOUT: selecting default shared_buffers ... 128MB
2024-07-24 14:30:49.540 [docker-java-stream-738338833] DEBUG c.g.d.z.s.o.a.hc.client5.http.wire - http-outgoing-21 << "30[\r][\n]"
2024-07-24 14:30:49.540 [docker-java-stream-738338833] DEBUG c.g.d.z.s.o.a.hc.client5.http.wire - http-outgoing-21 << "[0x1][0x0][0x0][0x0][0x0][0x0][0x0](selecting default time zone ... Etc/UTC[\n]"
2024-07-24 14:30:49.540 [docker-java-stream-738338833] DEBUG c.g.d.z.s.o.a.hc.client5.http.wire - http-outgoing-21 << "[\r][\n]"
2024-07-24 14:30:49.540 [Test worker] DEBUG o.t.c.output.WaitingConsumer - STDOUT: selecting default time zone ... Etc/UTC
2024-07-24 14:30:49.540 [docker-java-stream-738338833] DEBUG c.g.d.z.s.o.a.hc.client5.http.wire - http-outgoing-21 << "2c[\r][\n]"
2024-07-24 14:30:49.540 [docker-java-stream-738338833] DEBUG c.g.d.z.s.o.a.hc.client5.http.wire - http-outgoing-21 << "[0x1][0x0][0x0][0x0][0x0][0x0][0x0]$creating configuration files ... ok[\n]"
2024-07-24 14:30:49.540 [docker-java-stream-738338833] DEBUG c.g.d.z.s.o.a.hc.client5.http.wire - http-outgoing-21 << "[\r][\n]"
2024-07-24 14:30:49.562 [Test worker] DEBUG o.t.c.output.WaitingConsumer - STDOUT: creating configuration files ... ok
2024-07-24 14:30:49.666 [docker-java-stream-738338833] DEBUG c.g.d.z.s.o.a.hc.client5.http.wire - http-outgoing-21 << "28[\r][\n]"
2024-07-24 14:30:49.666 [docker-java-stream-738338833] DEBUG c.g.d.z.s.o.a.hc.client5.http.wire - http-outgoing-21 << "[0x1][0x0][0x0][0x0][0x0][0x0][0x0] running bootstrap script ... ok[\n]"
2024-07-24 14:30:49.666 [docker-java-stream-738338833] DEBUG c.g.d.z.s.o.a.hc.client5.http.wire - http-outgoing-21 << "[\r][\n]"
2024-07-24 14:30:49.666 [Test worker] DEBUG o.t.c.output.WaitingConsumer - STDOUT: running bootstrap script ... ok
2024-07-24 14:30:49.986 [docker-java-stream-738338833] DEBUG c.g.d.z.s.o.a.hc.client5.http.wire - http-outgoing-21 << "38[\r][\n]"
2024-07-24 14:30:49.986 [docker-java-stream-738338833] DEBUG c.g.d.z.s.o.a.hc.client5.http.wire - http-outgoing-21 << "[0x1][0x0][0x0][0x0][0x0][0x0][0x0]0performing post-bootstrap initialization ... ok[\n]"
2024-07-24 14:30:49.986 [docker-java-stream-738338833] DEBUG c.g.d.z.s.o.a.hc.client5.http.wire - http-outgoing-21 << "[\r][\n]"
2024-07-24 14:30:49.986 [Test worker] DEBUG o.t.c.output.WaitingConsumer - STDOUT: performing post-bootstrap initialization ... ok
2024-07-24 14:30:50.405 [docker-java-stream-738338833] DEBUG c.g.d.z.s.o.a.hc.client5.http.wire - http-outgoing-21 << "1ad[\r][\n]"
2024-07-24 14:30:50.405 [docker-java-stream-738338833] DEBUG c.g.d.z.s.o.a.hc.client5.http.wire - http-outgoing-21 << "[0x2][0x0][0x0][0x0][0x0][0x0][0x0]Ginitdb: warning: enabling "trust" authentication for local connections[\n]"
2024-07-24 14:30:50.405 [docker-java-stream-738338833] DEBUG c.g.d.z.s.o.a.hc.client5.http.wire - http-outgoing-21 << "[0x2][0x0][0x0][0x0][0x0][0x0][0x0][0xffffff90]initdb: hint: You can change this by editing pg_hba.conf or using the option -A, or --auth-local and --auth-host, the next time you run initdb.[\n]"
2024-07-24 14:30:50.405 [docker-java-stream-738338833] DEBUG c.g.d.z.s.o.a.hc.client5.http.wire - http-outgoing-21 << "[0x1][0x0][0x0][0x0][0x0][0x0][0x0][0x1c]syncing data to disk ... ok[\n]"
2024-07-24 14:30:50.405 [docker-java-stream-738338833] DEBUG c.g.d.z.s.o.a.hc.client5.http.wire - http-outgoing-21 << "[0x1][0x0][0x0][0x0][0x0][0x0][0x0][0x1][\n]"
2024-07-24 14:30:50.405 [docker-java-stream-738338833] DEBUG c.g.d.z.s.o.a.hc.client5.http.wire - http-outgoing-21 << "[0x1][0x0][0x0][0x0][0x0][0x0][0x0][0x1][\n]"
2024-07-24 14:30:50.405 [docker-java-stream-738338833] DEBUG c.g.d.z.s.o.a.hc.client5.http.wire - http-outgoing-21 << "[0x1][0x0][0x0][0x0][0x0][0x0][0x0]6Success. You can now start the database server using:[\n]"
2024-07-24 14:30:50.405 [docker-java-stream-738338833] DEBUG c.g.d.z.s.o.a.hc.client5.http.wire - http-outgoing-21 << "[0x1][0x0][0x0][0x0][0x0][0x0][0x0][0x1][\n]"
2024-07-24 14:30:50.405 [docker-java-stream-738338833] DEBUG c.g.d.z.s.o.a.hc.client5.http.wire - http-outgoing-21 << "[0x1][0x0][0x0][0x0][0x0][0x0][0x0]8    pg_ctl -D /var/lib/postgresql/data -l logfile start[\n]"
2024-07-24 14:30:50.405 [docker-java-stream-738338833] DEBUG c.g.d.z.s.o.a.hc.client5.http.wire - http-outgoing-21 << "[0x1][0x0][0x0][0x0][0x0][0x0][0x0][0x1][\n]"
2024-07-24 14:30:50.405 [docker-java-stream-738338833] DEBUG c.g.d.z.s.o.a.hc.client5.http.wire - http-outgoing-21 << "[\r][\n]"
2024-07-24 14:30:50.405 [Test worker] DEBUG o.t.c.output.WaitingConsumer - STDOUT: 
2024-07-24 14:30:50.405 [Test worker] DEBUG o.t.c.output.WaitingConsumer - STDOUT: 
2024-07-24 14:30:50.405 [Test worker] DEBUG o.t.c.output.WaitingConsumer - STDOUT:     pg_ctl -D /var/lib/postgresql/data -l logfile start
2024-07-24 14:30:50.405 [Test worker] DEBUG o.t.c.output.WaitingConsumer - STDOUT: 
2024-07-24 14:30:50.405 [Test worker] DEBUG o.t.c.output.WaitingConsumer - STDOUT: Success. You can now start the database server using:
2024-07-24 14:30:50.405 [Test worker] DEBUG o.t.c.output.WaitingConsumer - STDOUT: 
2024-07-24 14:30:50.405 [Test worker] DEBUG o.t.c.output.WaitingConsumer - STDOUT: syncing data to disk ... ok
2024-07-24 14:30:50.405 [Test worker] DEBUG o.t.c.output.WaitingConsumer - STDERR: initdb: hint: You can change this by editing pg_hba.conf or using the option -A, or --auth-local and --auth-host, the next time you run initdb.
2024-07-24 14:30:50.405 [Test worker] DEBUG o.t.c.output.WaitingConsumer - STDERR: initdb: warning: enabling "trust" authentication for local connections
2024-07-24 14:30:50.447 [docker-java-stream-738338833] DEBUG c.g.d.z.s.o.a.hc.client5.http.wire - http-outgoing-21 << "137[\r][\n]"
2024-07-24 14:30:50.447 [docker-java-stream-738338833] DEBUG c.g.d.z.s.o.a.hc.client5.http.wire - http-outgoing-21 << "[0x1][0x0][0x0][0x0][0x0][0x0][0x0][0xffffffc3]waiting for server to start....2024-07-24 02:30:50.446 UTC [48] LOG:  starting PostgreSQL 16.2 (Debian 16.2-1.pgdg120+2) on x86_64-pc-linux-gnu, compiled by gcc (Debian 12.2.0-14) 12.2.0, 64-bit[\n]"
2024-07-24 14:30:50.447 [docker-java-stream-738338833] DEBUG c.g.d.z.s.o.a.hc.client5.http.wire - http-outgoing-21 << "[0x1][0x0][0x0][0x0][0x0][0x0][0x0]d2024-07-24 02:30:50.446 UTC [48] LOG:  listening on Unix socket "/var/run/postgresql/.s.PGSQL.5432"[\n]"
2024-07-24 14:30:50.447 [docker-java-stream-738338833] DEBUG c.g.d.z.s.o.a.hc.client5.http.wire - http-outgoing-21 << "[\r][\n]"
2024-07-24 14:30:50.448 [Test worker] DEBUG o.t.c.output.WaitingConsumer - STDOUT: waiting for server to start....2024-07-24 02:30:50.446 UTC [48] LOG:  starting PostgreSQL 16.2 (Debian 16.2-1.pgdg120+2) on x86_64-pc-linux-gnu, compiled by gcc (Debian 12.2.0-14) 12.2.0, 64-bit
2024-07-24 14:30:50.448 [Test worker] DEBUG o.t.c.output.WaitingConsumer - STDOUT: 2024-07-24 02:30:50.446 UTC [48] LOG:  listening on Unix socket "/var/run/postgresql/.s.PGSQL.5432"
2024-07-24 14:30:50.450 [docker-java-stream-738338833] DEBUG c.g.d.z.s.o.a.hc.client5.http.wire - http-outgoing-21 << "68[\r][\n]"
2024-07-24 14:30:50.450 [docker-java-stream-738338833] DEBUG c.g.d.z.s.o.a.hc.client5.http.wire - http-outgoing-21 << "[0x1][0x0][0x0][0x0][0x0][0x0][0x0]`2024-07-24 02:30:50.449 UTC [51] LOG:  database system was shut down at 2024-07-24 02:30:49 UTC[\n]"
2024-07-24 14:30:50.450 [docker-java-stream-738338833] DEBUG c.g.d.z.s.o.a.hc.client5.http.wire - http-outgoing-21 << "[\r][\n]"
2024-07-24 14:30:50.453 [docker-java-stream-738338833] DEBUG c.g.d.z.s.o.a.hc.client5.http.wire - http-outgoing-21 << "5e[\r][\n]"
2024-07-24 14:30:50.453 [docker-java-stream-738338833] DEBUG c.g.d.z.s.o.a.hc.client5.http.wire - http-outgoing-21 << "[0x1][0x0][0x0][0x0][0x0][0x0][0x0]V2024-07-24 02:30:50.453 UTC [48] LOG:  database system is ready to accept connections[\n]"
2024-07-24 14:30:50.453 [docker-java-stream-738338833] DEBUG c.g.d.z.s.o.a.hc.client5.http.wire - http-outgoing-21 << "[\r][\n]"
2024-07-24 14:30:50.466 [Test worker] DEBUG o.t.c.output.WaitingConsumer - STDOUT: 2024-07-24 02:30:50.453 UTC [48] LOG:  database system is ready to accept connections
2024-07-24 14:30:50.466 [Test worker] DEBUG o.t.c.output.WaitingConsumer - STDOUT: 2024-07-24 02:30:50.449 UTC [51] LOG:  database system was shut down at 2024-07-24 02:30:49 UTC
2024-07-24 14:30:50.529 [docker-java-stream-738338833] DEBUG c.g.d.z.s.o.a.hc.client5.http.wire - http-outgoing-21 << "25[\r][\n]"
2024-07-24 14:30:50.529 [docker-java-stream-738338833] DEBUG c.g.d.z.s.o.a.hc.client5.http.wire - http-outgoing-21 << "[0x1][0x0][0x0][0x0][0x0][0x0][0x0][0x6] done[\n]"
2024-07-24 14:30:50.529 [docker-java-stream-738338833] DEBUG c.g.d.z.s.o.a.hc.client5.http.wire - http-outgoing-21 << "[0x1][0x0][0x0][0x0][0x0][0x0][0x0][0xf]server started[\n]"
2024-07-24 14:30:50.529 [docker-java-stream-738338833] DEBUG c.g.d.z.s.o.a.hc.client5.http.wire - http-outgoing-21 << "[\r][\n]"
2024-07-24 14:30:50.529 [Test worker] DEBUG o.t.c.output.WaitingConsumer - STDOUT: server started
2024-07-24 14:30:50.529 [Test worker] DEBUG o.t.c.output.WaitingConsumer - STDOUT:  done
2024-07-24 14:30:50.618 [docker-java-stream-738338833] DEBUG c.g.d.z.s.o.a.hc.client5.http.wire - http-outgoing-21 << "18[\r][\n]"
2024-07-24 14:30:50.618 [docker-java-stream-738338833] DEBUG c.g.d.z.s.o.a.hc.client5.http.wire - http-outgoing-21 << "[0x1][0x0][0x0][0x0][0x0][0x0][0x0][0x10]CREATE DATABASE[\n]"
2024-07-24 14:30:50.618 [docker-java-stream-738338833] DEBUG c.g.d.z.s.o.a.hc.client5.http.wire - http-outgoing-21 << "[\r][\n]"
2024-07-24 14:30:50.618 [Test worker] DEBUG o.t.c.output.WaitingConsumer - STDOUT: CREATE DATABASE
2024-07-24 14:30:50.619 [docker-java-stream-738338833] DEBUG c.g.d.z.s.o.a.hc.client5.http.wire - http-outgoing-21 << "6f[\r][\n]"
2024-07-24 14:30:50.619 [docker-java-stream-738338833] DEBUG c.g.d.z.s.o.a.hc.client5.http.wire - http-outgoing-21 << "[0x1][0x0][0x0][0x0][0x0][0x0][0x0][0x1][\n]"
2024-07-24 14:30:50.619 [docker-java-stream-738338833] DEBUG c.g.d.z.s.o.a.hc.client5.http.wire - http-outgoing-21 << "[0x1][0x0][0x0][0x0][0x0][0x0][0x0][0x1][\n]"
2024-07-24 14:30:50.619 [docker-java-stream-738338833] DEBUG c.g.d.z.s.o.a.hc.client5.http.wire - http-outgoing-21 << "[0x1][0x0][0x0][0x0][0x0][0x0][0x0]L/usr/local/bin/docker-entrypoint.sh: ignoring /docker-entrypoint-initdb.d/*[\n]"
2024-07-24 14:30:50.619 [docker-java-stream-738338833] DEBUG c.g.d.z.s.o.a.hc.client5.http.wire - http-outgoing-21 << "[0x1][0x0][0x0][0x0][0x0][0x0][0x0][0x1][\n]"
2024-07-24 14:30:50.619 [docker-java-stream-738338833] DEBUG c.g.d.z.s.o.a.hc.client5.http.wire - http-outgoing-21 << "[\r][\n]"
2024-07-24 14:30:50.621 [docker-java-stream-738338833] DEBUG c.g.d.z.s.o.a.hc.client5.http.wire - http-outgoing-21 << "c1[\r][\n]"
2024-07-24 14:30:50.621 [docker-java-stream-738338833] DEBUG c.g.d.z.s.o.a.hc.client5.http.wire - http-outgoing-21 << "[0x1][0x0][0x0][0x0][0x0][0x0][0x0]hwaiting for server to shut down...2024-07-24 02:30:50.620 UTC [48] LOG:  received fast shutdown request[\n]"
2024-07-24 14:30:50.621 [docker-java-stream-738338833] DEBUG c.g.d.z.s.o.a.hc.client5.http.wire - http-outgoing-21 << "[0x1][0x0][0x0][0x0][0x0][0x0][0x0]I.2024-07-24 02:30:50.620 UTC [48] LOG:  aborting any active transactions[\n]"
2024-07-24 14:30:50.621 [docker-java-stream-738338833] DEBUG c.g.d.z.s.o.a.hc.client5.http.wire - http-outgoing-21 << "[\r][\n]"
2024-07-24 14:30:50.623 [docker-java-stream-738338833] DEBUG c.g.d.z.s.o.a.hc.client5.http.wire - http-outgoing-21 << "81[\r][\n]"
2024-07-24 14:30:50.623 [docker-java-stream-738338833] DEBUG c.g.d.z.s.o.a.hc.client5.http.wire - http-outgoing-21 << "[0x1][0x0][0x0][0x0][0x0][0x0][0x0]y2024-07-24 02:30:50.622 UTC [48] LOG:  background worker "logical replication launcher" (PID 54) exited with exit code 1[\n]"
2024-07-24 14:30:50.623 [docker-java-stream-738338833] DEBUG c.g.d.z.s.o.a.hc.client5.http.wire - http-outgoing-21 << "[\r][\n]"
2024-07-24 14:30:50.623 [docker-java-stream-738338833] DEBUG c.g.d.z.s.o.a.hc.client5.http.wire - http-outgoing-21 << "94[\r][\n]"
2024-07-24 14:30:50.623 [docker-java-stream-738338833] DEBUG c.g.d.z.s.o.a.hc.client5.http.wire - http-outgoing-21 << "[0x1][0x0][0x0][0x0][0x0][0x0][0x0]52024-07-24 02:30:50.622 UTC [49] LOG:  shutting down[\n]"
2024-07-24 14:30:50.623 [docker-java-stream-738338833] DEBUG c.g.d.z.s.o.a.hc.client5.http.wire - http-outgoing-21 << "[0x1][0x0][0x0][0x0][0x0][0x0][0x0]O2024-07-24 02:30:50.622 UTC [49] LOG:  checkpoint starting: shutdown immediate[\n]"
2024-07-24 14:30:50.623 [docker-java-stream-738338833] DEBUG c.g.d.z.s.o.a.hc.client5.http.wire - http-outgoing-21 << "[\r][\n]"
2024-07-24 14:30:50.632 [docker-java-stream-738338833] DEBUG c.g.d.z.s.o.a.hc.client5.http.wire - http-outgoing-21 << "12c[\r][\n]"
2024-07-24 14:30:50.632 [docker-java-stream-738338833] DEBUG c.g.d.z.s.o.a.hc.client5.http.wire - http-outgoing-21 << "[0x1][0x0][0x0][0x0][0x0][0x0][0x1]$2024-07-24 02:30:50.631 UTC [49] LOG:  checkpoint complete: wrote 923 buffers (5.6%); 0 WAL file(s) added, 0 removed, 0 recycled; write=0.009 s, sync=0.001 s, total=0.010 s; sync files=0, longest=0.000 s, average=0.000 s; distance=4257 kB, estimate=4257 kB; lsn=0/1913068, redo lsn=0/1913068[\n]"
2024-07-24 14:30:50.632 [docker-java-stream-738338833] DEBUG c.g.d.z.s.o.a.hc.client5.http.wire - http-outgoing-21 << "[\r][\n]"
2024-07-24 14:30:50.638 [Test worker] DEBUG o.t.c.output.WaitingConsumer - STDOUT: 2024-07-24 02:30:50.631 UTC [49] LOG:  checkpoint complete: wrote 923 buffers (5.6%); 0 WAL file(s) added, 0 removed, 0 recycled; write=0.009 s, sync=0.001 s, total=0.010 s; sync files=0, longest=0.000 s, average=0.000 s; distance=4257 kB, estimate=4257 kB; lsn=0/1913068, redo lsn=0/1913068
2024-07-24 14:30:50.638 [Test worker] DEBUG o.t.c.output.WaitingConsumer - STDOUT: 2024-07-24 02:30:50.622 UTC [49] LOG:  checkpoint starting: shutdown immediate
2024-07-24 14:30:50.638 [Test worker] DEBUG o.t.c.output.WaitingConsumer - STDOUT: 2024-07-24 02:30:50.622 UTC [49] LOG:  shutting down
2024-07-24 14:30:50.638 [Test worker] DEBUG o.t.c.output.WaitingConsumer - STDOUT: 2024-07-24 02:30:50.622 UTC [48] LOG:  background worker "logical replication launcher" (PID 54) exited with exit code 1
2024-07-24 14:30:50.638 [Test worker] DEBUG o.t.c.output.WaitingConsumer - STDOUT: .2024-07-24 02:30:50.620 UTC [48] LOG:  aborting any active transactions
2024-07-24 14:30:50.638 [Test worker] DEBUG o.t.c.output.WaitingConsumer - STDOUT: waiting for server to shut down...2024-07-24 02:30:50.620 UTC [48] LOG:  received fast shutdown request
2024-07-24 14:30:50.638 [Test worker] DEBUG o.t.c.output.WaitingConsumer - STDOUT: 
2024-07-24 14:30:50.638 [Test worker] DEBUG o.t.c.output.WaitingConsumer - STDOUT: /usr/local/bin/docker-entrypoint.sh: ignoring /docker-entrypoint-initdb.d/*
2024-07-24 14:30:50.638 [Test worker] DEBUG o.t.c.output.WaitingConsumer - STDOUT: 
2024-07-24 14:30:50.638 [Test worker] DEBUG o.t.c.output.WaitingConsumer - STDOUT: 
2024-07-24 14:30:50.641 [docker-java-stream-738338833] DEBUG c.g.d.z.s.o.a.hc.client5.http.wire - http-outgoing-21 << "4c[\r][\n]"
2024-07-24 14:30:50.641 [docker-java-stream-738338833] DEBUG c.g.d.z.s.o.a.hc.client5.http.wire - http-outgoing-21 << "[0x1][0x0][0x0][0x0][0x0][0x0][0x0]D2024-07-24 02:30:50.639 UTC [48] LOG:  database system is shut down[\n]"
2024-07-24 14:30:50.641 [docker-java-stream-738338833] DEBUG c.g.d.z.s.o.a.hc.client5.http.wire - http-outgoing-21 << "[\r][\n]"
2024-07-24 14:30:50.653 [Test worker] DEBUG o.t.c.output.WaitingConsumer - STDOUT: 2024-07-24 02:30:50.639 UTC [48] LOG:  database system is shut down
2024-07-24 14:30:50.721 [docker-java-stream-738338833] DEBUG c.g.d.z.s.o.a.hc.client5.http.wire - http-outgoing-21 << "25[\r][\n]"
2024-07-24 14:30:50.721 [docker-java-stream-738338833] DEBUG c.g.d.z.s.o.a.hc.client5.http.wire - http-outgoing-21 << "[0x1][0x0][0x0][0x0][0x0][0x0][0x0][0x6] done[\n]"
2024-07-24 14:30:50.721 [docker-java-stream-738338833] DEBUG c.g.d.z.s.o.a.hc.client5.http.wire - http-outgoing-21 << "[0x1][0x0][0x0][0x0][0x0][0x0][0x0][0xf]server stopped[\n]"
2024-07-24 14:30:50.721 [docker-java-stream-738338833] DEBUG c.g.d.z.s.o.a.hc.client5.http.wire - http-outgoing-21 << "[\r][\n]"
2024-07-24 14:30:50.721 [Test worker] DEBUG o.t.c.output.WaitingConsumer - STDOUT: server stopped
2024-07-24 14:30:50.721 [Test worker] DEBUG o.t.c.output.WaitingConsumer - STDOUT:  done
2024-07-24 14:30:50.722 [docker-java-stream-738338833] DEBUG c.g.d.z.s.o.a.hc.client5.http.wire - http-outgoing-21 << "50[\r][\n]"
2024-07-24 14:30:50.722 [docker-java-stream-738338833] DEBUG c.g.d.z.s.o.a.hc.client5.http.wire - http-outgoing-21 << "[0x1][0x0][0x0][0x0][0x0][0x0][0x0][0x1][\n]"
2024-07-24 14:30:50.722 [docker-java-stream-738338833] DEBUG c.g.d.z.s.o.a.hc.client5.http.wire - http-outgoing-21 << "[0x1][0x0][0x0][0x0][0x0][0x0][0x0]6PostgreSQL init process complete; ready for start up.[\n]"
2024-07-24 14:30:50.722 [docker-java-stream-738338833] DEBUG c.g.d.z.s.o.a.hc.client5.http.wire - http-outgoing-21 << "[0x1][0x0][0x0][0x0][0x0][0x0][0x0][0x1][\n]"
2024-07-24 14:30:50.722 [docker-java-stream-738338833] DEBUG c.g.d.z.s.o.a.hc.client5.http.wire - http-outgoing-21 << "[\r][\n]"
2024-07-24 14:30:50.732 [Test worker] DEBUG o.t.c.output.WaitingConsumer - STDOUT: 
2024-07-24 14:30:50.732 [Test worker] DEBUG o.t.c.output.WaitingConsumer - STDOUT: PostgreSQL init process complete; ready for start up.
2024-07-24 14:30:50.732 [Test worker] DEBUG o.t.c.output.WaitingConsumer - STDOUT: 
2024-07-24 14:30:50.741 [docker-java-stream-738338833] DEBUG c.g.d.z.s.o.a.hc.client5.http.wire - http-outgoing-21 << "ab[\r][\n]"
2024-07-24 14:30:50.741 [docker-java-stream-738338833] DEBUG c.g.d.z.s.o.a.hc.client5.http.wire - http-outgoing-21 << "[0x2][0x0][0x0][0x0][0x0][0x0][0x0][0xffffffa3]2024-07-24 02:30:50.740 UTC [1] LOG:  starting PostgreSQL 16.2 (Debian 16.2-1.pgdg120+2) on x86_64-pc-linux-gnu, compiled by gcc (Debian 12.2.0-14) 12.2.0, 64-bit[\n]"
2024-07-24 14:30:50.741 [docker-java-stream-738338833] DEBUG c.g.d.z.s.o.a.hc.client5.http.wire - http-outgoing-21 << "[\r][\n]"
2024-07-24 14:30:50.741 [docker-java-stream-738338833] DEBUG c.g.d.z.s.o.a.hc.client5.http.wire - http-outgoing-21 << "b5[\r][\n]"
2024-07-24 14:30:50.741 [docker-java-stream-738338833] DEBUG c.g.d.z.s.o.a.hc.client5.http.wire - http-outgoing-21 << "[0x2][0x0][0x0][0x0][0x0][0x0][0x0]U2024-07-24 02:30:50.740 UTC [1] LOG:  listening on IPv4 address "0.0.0.0", port 5432[\n]"
2024-07-24 14:30:50.741 [docker-java-stream-738338833] DEBUG c.g.d.z.s.o.a.hc.client5.http.wire - http-outgoing-21 << "[0x2][0x0][0x0][0x0][0x0][0x0][0x0]P2024-07-24 02:30:50.740 UTC [1] LOG:  listening on IPv6 address "::", port 5432[\n]"
2024-07-24 14:30:50.741 [docker-java-stream-738338833] DEBUG c.g.d.z.s.o.a.hc.client5.http.wire - http-outgoing-21 << "[\r][\n]"
2024-07-24 14:30:50.741 [docker-java-stream-738338833] DEBUG c.g.d.z.s.o.a.hc.client5.http.wire - http-outgoing-21 << "6b[\r][\n]"
2024-07-24 14:30:50.741 [docker-java-stream-738338833] DEBUG c.g.d.z.s.o.a.hc.client5.http.wire - http-outgoing-21 << "[0x2][0x0][0x0][0x0][0x0][0x0][0x0]c2024-07-24 02:30:50.740 UTC [1] LOG:  listening on Unix socket "/var/run/postgresql/.s.PGSQL.5432"[\n]"
2024-07-24 14:30:50.741 [docker-java-stream-738338833] DEBUG c.g.d.z.s.o.a.hc.client5.http.wire - http-outgoing-21 << "[\r][\n]"
2024-07-24 14:30:50.743 [docker-java-stream-738338833] DEBUG c.g.d.z.s.o.a.hc.client5.http.wire - http-outgoing-21 << "68[\r][\n]"
2024-07-24 14:30:50.743 [docker-java-stream-738338833] DEBUG c.g.d.z.s.o.a.hc.client5.http.wire - http-outgoing-21 << "[0x2][0x0][0x0][0x0][0x0][0x0][0x0]`2024-07-24 02:30:50.743 UTC [64] LOG:  database system was shut down at 2024-07-24 02:30:50 UTC[\n]"
2024-07-24 14:30:50.743 [docker-java-stream-738338833] DEBUG c.g.d.z.s.o.a.hc.client5.http.wire - http-outgoing-21 << "[\r][\n]"
2024-07-24 14:30:50.747 [Test worker] DEBUG o.t.c.output.WaitingConsumer - STDERR: 2024-07-24 02:30:50.743 UTC [64] LOG:  database system was shut down at 2024-07-24 02:30:50 UTC
2024-07-24 14:30:50.747 [Test worker] DEBUG o.t.c.output.WaitingConsumer - STDERR: 2024-07-24 02:30:50.740 UTC [1] LOG:  listening on Unix socket "/var/run/postgresql/.s.PGSQL.5432"
2024-07-24 14:30:50.747 [Test worker] DEBUG o.t.c.output.WaitingConsumer - STDERR: 2024-07-24 02:30:50.740 UTC [1] LOG:  listening on IPv6 address "::", port 5432
2024-07-24 14:30:50.747 [Test worker] DEBUG o.t.c.output.WaitingConsumer - STDERR: 2024-07-24 02:30:50.740 UTC [1] LOG:  listening on IPv4 address "0.0.0.0", port 5432
2024-07-24 14:30:50.747 [Test worker] DEBUG o.t.c.output.WaitingConsumer - STDERR: 2024-07-24 02:30:50.740 UTC [1] LOG:  starting PostgreSQL 16.2 (Debian 16.2-1.pgdg120+2) on x86_64-pc-linux-gnu, compiled by gcc (Debian 12.2.0-14) 12.2.0, 64-bit
2024-07-24 14:30:50.747 [docker-java-stream-738338833] DEBUG c.g.d.z.s.o.a.hc.client5.http.wire - http-outgoing-21 << "5d[\r][\n]"
2024-07-24 14:30:50.747 [docker-java-stream-738338833] DEBUG c.g.d.z.s.o.a.hc.client5.http.wire - http-outgoing-21 << "[0x2][0x0][0x0][0x0][0x0][0x0][0x0]U2024-07-24 02:30:50.747 UTC [1] LOG:  database system is ready to accept connections[\n]"
2024-07-24 14:30:50.747 [docker-java-stream-738338833] DEBUG c.g.d.z.s.o.a.hc.client5.http.wire - http-outgoing-21 << "[\r][\n]"
2024-07-24 14:30:50.763 [Test worker] DEBUG o.t.c.output.WaitingConsumer - STDERR: 2024-07-24 02:30:50.747 UTC [1] LOG:  database system is ready to accept connections
2024-07-24 14:30:50.763 [Test worker] DEBUG c.g.d.z.s.o.a.h.c.h.i.c.InternalHttpClient - ep-000000EA: cancel
2024-07-24 14:30:50.763 [Test worker] DEBUG c.g.d.z.s.o.a.h.c.h.i.i.DefaultManagedHttpClientConnection - http-outgoing-21: close connection IMMEDIATE
2024-07-24 14:30:50.763 [Test worker] DEBUG c.g.d.z.s.o.a.h.c.h.i.c.InternalHttpClient - ep-000000EA: endpoint closed
2024-07-24 14:30:50.763 [Test worker] DEBUG c.g.d.z.s.o.a.h.c.h.i.c.InternalHttpClient - ep-000000EA: discarding endpoint
2024-07-24 14:30:50.763 [Test worker] DEBUG c.g.d.z.s.o.a.h.c.h.i.i.PoolingHttpClientConnectionManager - ep-000000EA: releasing endpoint
2024-07-24 14:30:50.763 [Test worker] DEBUG c.g.d.z.s.o.a.h.c.h.i.i.PoolingHttpClientConnectionManager - ep-000000EA: connection is not kept alive
2024-07-24 14:30:50.763 [docker-java-stream-738338833] DEBUG c.g.d.z.s.o.a.hc.client5.http.wire - http-outgoing-21 << "end of stream"
2024-07-24 14:30:50.763 [Test worker] DEBUG c.g.d.z.s.o.a.h.c.h.i.i.PoolingHttpClientConnectionManager - ep-000000EA: connection released [route: {}->npipe://localhost:2375][total available: 0; route allocated: 0 of 2147483647; total allocated: 0 of 2147483647]
2024-07-24 14:30:50.763 [Test worker] DEBUG c.g.d.z.s.o.a.hc.client5.http.wire - http-outgoing-21 << "[read] I/O error: java.nio.channels.ClosedChannelException"
2024-07-24 14:30:50.764 [docker-java-stream-738338833] DEBUG c.g.d.z.s.o.a.hc.client5.http.wire - http-outgoing-21 << "[read] I/O error: java.nio.channels.ClosedChannelException"
2024-07-24 14:30:50.764 [docker-java-stream-738338833] DEBUG c.g.d.z.ApacheDockerHttpClientImpl$ApacheResponse - Failed to close the response
java.io.IOException: java.nio.channels.ClosedChannelException
	at java.base/java.nio.channels.Channels$2.read(Channels.java:240)
	at com.github.dockerjava.zerodep.shaded.org.apache.hc.client5.http.impl.io.LoggingInputStream.read(LoggingInputStream.java:81)
	at com.github.dockerjava.zerodep.shaded.org.apache.hc.core5.http.impl.io.SessionInputBufferImpl.fillBuffer(SessionInputBufferImpl.java:149)
	at com.github.dockerjava.zerodep.shaded.org.apache.hc.core5.http.impl.io.SessionInputBufferImpl.readLine(SessionInputBufferImpl.java:280)
	at com.github.dockerjava.zerodep.shaded.org.apache.hc.core5.http.impl.io.ChunkedInputStream.getChunkSize(ChunkedInputStream.java:261)
	at com.github.dockerjava.zerodep.shaded.org.apache.hc.core5.http.impl.io.ChunkedInputStream.nextChunk(ChunkedInputStream.java:222)
	at com.github.dockerjava.zerodep.shaded.org.apache.hc.core5.http.impl.io.ChunkedInputStream.read(ChunkedInputStream.java:147)
	at com.github.dockerjava.zerodep.shaded.org.apache.hc.core5.http.impl.io.ChunkedInputStream.close(ChunkedInputStream.java:314)
	at com.github.dockerjava.zerodep.shaded.org.apache.hc.core5.io.Closer.close(Closer.java:48)
	at com.github.dockerjava.zerodep.shaded.org.apache.hc.core5.http.impl.io.IncomingHttpEntity.close(IncomingHttpEntity.java:111)
	at com.github.dockerjava.zerodep.shaded.org.apache.hc.core5.http.io.entity.HttpEntityWrapper.close(HttpEntityWrapper.java:120)
	at com.github.dockerjava.zerodep.shaded.org.apache.hc.core5.io.Closer.close(Closer.java:48)
	at com.github.dockerjava.zerodep.shaded.org.apache.hc.core5.http.message.BasicClassicHttpResponse.close(BasicClassicHttpResponse.java:93)
	at com.github.dockerjava.zerodep.shaded.org.apache.hc.client5.http.impl.classic.CloseableHttpResponse.close(CloseableHttpResponse.java:200)
	at com.github.dockerjava.zerodep.ApacheDockerHttpClientImpl$ApacheResponse.close(ApacheDockerHttpClientImpl.java:271)
	at org.testcontainers.shaded.com.github.dockerjava.core.DefaultInvocationBuilder.lambda$executeAndStream$1(DefaultInvocationBuilder.java:277)
	at java.base/java.lang.Thread.run(Thread.java:833)
Caused by: java.nio.channels.ClosedChannelException: null
	at java.base/sun.nio.ch.WindowsAsynchronousFileChannelImpl.implRead(WindowsAsynchronousFileChannelImpl.java:516)
	at java.base/sun.nio.ch.AsynchronousFileChannelImpl.read(AsynchronousFileChannelImpl.java:229)
	at com.github.dockerjava.transport.NamedPipeSocket$AsynchronousFileByteChannel.read(NamedPipeSocket.java:117)
	at java.base/java.nio.channels.Channels$2.read(Channels.java:238)
	... 16 common frames omitted
2024-07-24 14:30:50.763 [Test worker] DEBUG c.g.d.z.ApacheDockerHttpClientImpl$ApacheResponse - Failed to close the response
java.io.IOException: java.nio.channels.ClosedChannelException
	at java.base/java.nio.channels.Channels$2.read(Channels.java:240)
	at com.github.dockerjava.zerodep.shaded.org.apache.hc.client5.http.impl.io.LoggingInputStream.read(LoggingInputStream.java:81)
	at com.github.dockerjava.zerodep.shaded.org.apache.hc.core5.http.impl.io.SessionInputBufferImpl.fillBuffer(SessionInputBufferImpl.java:149)
	at com.github.dockerjava.zerodep.shaded.org.apache.hc.core5.http.impl.io.SessionInputBufferImpl.readLine(SessionInputBufferImpl.java:280)
	at com.github.dockerjava.zerodep.shaded.org.apache.hc.core5.http.impl.io.ChunkedInputStream.getChunkSize(ChunkedInputStream.java:261)
	at com.github.dockerjava.zerodep.shaded.org.apache.hc.core5.http.impl.io.ChunkedInputStream.nextChunk(ChunkedInputStream.java:222)
	at com.github.dockerjava.zerodep.shaded.org.apache.hc.core5.http.impl.io.ChunkedInputStream.read(ChunkedInputStream.java:147)
	at com.github.dockerjava.zerodep.shaded.org.apache.hc.core5.http.impl.io.ChunkedInputStream.close(ChunkedInputStream.java:314)
	at com.github.dockerjava.zerodep.shaded.org.apache.hc.core5.io.Closer.close(Closer.java:48)
	at com.github.dockerjava.zerodep.shaded.org.apache.hc.core5.http.impl.io.IncomingHttpEntity.close(IncomingHttpEntity.java:111)
	at com.github.dockerjava.zerodep.shaded.org.apache.hc.core5.http.io.entity.HttpEntityWrapper.close(HttpEntityWrapper.java:120)
	at com.github.dockerjava.zerodep.shaded.org.apache.hc.core5.io.Closer.close(Closer.java:48)
	at com.github.dockerjava.zerodep.shaded.org.apache.hc.core5.http.message.BasicClassicHttpResponse.close(BasicClassicHttpResponse.java:93)
	at com.github.dockerjava.zerodep.shaded.org.apache.hc.client5.http.impl.classic.CloseableHttpResponse.close(CloseableHttpResponse.java:200)
	at com.github.dockerjava.zerodep.ApacheDockerHttpClientImpl$ApacheResponse.close(ApacheDockerHttpClientImpl.java:271)
	at org.testcontainers.shaded.com.github.dockerjava.core.DefaultInvocationBuilder.lambda$null$0(DefaultInvocationBuilder.java:272)
	at com.github.dockerjava.api.async.ResultCallbackTemplate.close(ResultCallbackTemplate.java:77)
	at org.testcontainers.containers.output.FrameConsumerResultCallback.close(FrameConsumerResultCallback.java:69)
	at org.testcontainers.containers.wait.strategy.LogMessageWaitStrategy.waitUntilReady(LogMessageWaitStrategy.java:49)
	at org.testcontainers.containers.wait.strategy.AbstractWaitStrategy.waitUntilReady(AbstractWaitStrategy.java:52)
	at org.testcontainers.containers.PostgreSQLContainer.waitUntilContainerStarted(PostgreSQLContainer.java:149)
	at org.testcontainers.containers.GenericContainer.tryStart(GenericContainer.java:500)
	at org.testcontainers.containers.GenericContainer.lambda$doStart$0(GenericContainer.java:354)
	at org.rnorth.ducttape.unreliables.Unreliables.retryUntilSuccess(Unreliables.java:81)
	at org.testcontainers.containers.GenericContainer.doStart(GenericContainer.java:344)
	at org.testcontainers.containers.GenericContainer.start(GenericContainer.java:330)
	at com.unitedApi.WorkOrderDAOTest.<init>(WorkOrderDAOTest.kt:46)
	at java.base/jdk.internal.reflect.NativeConstructorAccessorImpl.newInstance0(Native Method)
	at java.base/jdk.internal.reflect.NativeConstructorAccessorImpl.newInstance(NativeConstructorAccessorImpl.java:77)
	at java.base/jdk.internal.reflect.DelegatingConstructorAccessorImpl.newInstance(DelegatingConstructorAccessorImpl.java:45)
	at java.base/java.lang.reflect.Constructor.newInstanceWithCaller(Constructor.java:499)
	at java.base/java.lang.reflect.Constructor.newInstance(Constructor.java:480)
	at org.junit.runners.BlockJUnit4ClassRunner.createTest(BlockJUnit4ClassRunner.java:250)
	at org.junit.runners.BlockJUnit4ClassRunner.createTest(BlockJUnit4ClassRunner.java:260)
	at org.junit.runners.BlockJUnit4ClassRunner$2.runReflectiveCall(BlockJUnit4ClassRunner.java:309)
	at org.junit.internal.runners.model.ReflectiveCallable.run(ReflectiveCallable.java:12)
	at org.junit.runners.BlockJUnit4ClassRunner.methodBlock(BlockJUnit4ClassRunner.java:306)
	at org.junit.runners.BlockJUnit4ClassRunner$1.evaluate(BlockJUnit4ClassRunner.java:100)
	at org.junit.runners.ParentRunner.runLeaf(ParentRunner.java:366)
	at org.junit.runners.BlockJUnit4ClassRunner.runChild(BlockJUnit4ClassRunner.java:103)
	at org.junit.runners.BlockJUnit4ClassRunner.runChild(BlockJUnit4ClassRunner.java:63)
	at org.junit.runners.ParentRunner$4.run(ParentRunner.java:331)
	at org.junit.runners.ParentRunner$1.schedule(ParentRunner.java:79)
	at org.junit.runners.ParentRunner.runChildren(ParentRunner.java:329)
	at org.junit.runners.ParentRunner.access$100(ParentRunner.java:66)
	at org.junit.runners.ParentRunner$2.evaluate(ParentRunner.java:293)
	at org.junit.runners.ParentRunner$3.evaluate(ParentRunner.java:306)
	at org.junit.runners.ParentRunner.run(ParentRunner.java:413)
	at org.gradle.api.internal.tasks.testing.junit.JUnitTestClassExecutor.runTestClass(JUnitTestClassExecutor.java:112)
	at org.gradle.api.internal.tasks.testing.junit.JUnitTestClassExecutor.execute(JUnitTestClassExecutor.java:58)
	at org.gradle.api.internal.tasks.testing.junit.JUnitTestClassExecutor.execute(JUnitTestClassExecutor.java:40)
	at org.gradle.api.internal.tasks.testing.junit.AbstractJUnitTestClassProcessor.processTestClass(AbstractJUnitTestClassProcessor.java:60)
	at org.gradle.api.internal.tasks.testing.SuiteTestClassProcessor.processTestClass(SuiteTestClassProcessor.java:52)
	at java.base/jdk.internal.reflect.NativeMethodAccessorImpl.invoke0(Native Method)
	at java.base/jdk.internal.reflect.NativeMethodAccessorImpl.invoke(NativeMethodAccessorImpl.java:77)
	at java.base/jdk.internal.reflect.DelegatingMethodAccessorImpl.invoke(DelegatingMethodAccessorImpl.java:43)
	at java.base/java.lang.reflect.Method.invoke(Method.java:568)
	at org.gradle.internal.dispatch.ReflectionDispatch.dispatch(ReflectionDispatch.java:36)
	at org.gradle.internal.dispatch.ReflectionDispatch.dispatch(ReflectionDispatch.java:24)
	at org.gradle.internal.dispatch.ContextClassLoaderDispatch.dispatch(ContextClassLoaderDispatch.java:33)
	at org.gradle.internal.dispatch.ProxyDispatchAdapter$DispatchingInvocationHandler.invoke(ProxyDispatchAdapter.java:94)
	at jdk.proxy1/jdk.proxy1.$Proxy2.processTestClass(Unknown Source)
	at org.gradle.api.internal.tasks.testing.worker.TestWorker$2.run(TestWorker.java:176)
	at org.gradle.api.internal.tasks.testing.worker.TestWorker.executeAndMaintainThreadName(TestWorker.java:129)
	at org.gradle.api.internal.tasks.testing.worker.TestWorker.execute(TestWorker.java:100)
	at org.gradle.api.internal.tasks.testing.worker.TestWorker.execute(TestWorker.java:60)
	at org.gradle.process.internal.worker.child.ActionExecutionWorker.execute(ActionExecutionWorker.java:56)
	at org.gradle.process.internal.worker.child.SystemApplicationClassLoaderWorker.call(SystemApplicationClassLoaderWorker.java:113)
	at org.gradle.process.internal.worker.child.SystemApplicationClassLoaderWorker.call(SystemApplicationClassLoaderWorker.java:65)
	at worker.org.gradle.process.internal.worker.GradleWorkerMain.run(GradleWorkerMain.java:69)
	at worker.org.gradle.process.internal.worker.GradleWorkerMain.main(GradleWorkerMain.java:74)
Caused by: java.nio.channels.ClosedChannelException: null
	at java.base/sun.nio.ch.WindowsAsynchronousFileChannelImpl.implRead(WindowsAsynchronousFileChannelImpl.java:516)
	at java.base/sun.nio.ch.AsynchronousFileChannelImpl.read(AsynchronousFileChannelImpl.java:229)
	at com.github.dockerjava.transport.NamedPipeSocket$AsynchronousFileByteChannel.read(NamedPipeSocket.java:117)
	at java.base/java.nio.channels.Channels$2.read(Channels.java:238)
	... 70 common frames omitted
2024-07-24 14:30:50.764 [Test worker] INFO  tc.postgres:latest - Container postgres:latest started in PT1.8106198S
2024-07-24 14:30:50.764 [Test worker] INFO  tc.postgres:latest - Container is started (JDBC URL: jdbc:postgresql://localhost:51578/db?loggerLevel=OFF)
2024-07-24 14:30:50.765 [Test worker] INFO  org.testcontainers.ext.ScriptUtils - Executing database script from sql/init.sql
2024-07-24 14:30:50.766 [Test worker] DEBUG o.t.s.c.g.d.c.command.AbstrDockerCmd - Cmd: 66e2ed711703de84f2beec2511b3d671fb3044c0bdf4ac2ac73142c898adb892,false
2024-07-24 14:30:50.766 [Test worker] DEBUG o.t.s.c.g.d.c.e.InspectContainerCmdExec - GET: DefaultWebTarget{path=[/containers/66e2ed711703de84f2beec2511b3d671fb3044c0bdf4ac2ac73142c898adb892/json], queryParams={}}
2024-07-24 14:30:50.766 [Test worker] DEBUG c.g.d.z.s.o.a.h.c.h.i.c.InternalHttpClient - ex-000000EC: preparing request execution
2024-07-24 14:30:50.766 [Test worker] DEBUG c.g.d.z.s.o.a.h.c.h.p.RequestAddCookies - Cookie spec selected: strict
2024-07-24 14:30:50.766 [Test worker] DEBUG c.g.d.z.s.o.a.h.c.h.p.RequestAuthCache - Auth cache not set in the context
2024-07-24 14:30:50.766 [Test worker] DEBUG c.g.d.z.s.o.a.h.c.h.i.c.ProtocolExec - ex-000000EC: target auth state: UNCHALLENGED
2024-07-24 14:30:50.766 [Test worker] DEBUG c.g.d.z.s.o.a.h.c.h.i.c.ProtocolExec - ex-000000EC: proxy auth state: UNCHALLENGED
2024-07-24 14:30:50.766 [Test worker] DEBUG c.g.d.z.s.o.a.h.c.h.i.c.ConnectExec - ex-000000EC: acquiring connection with route {}->npipe://localhost:2375
2024-07-24 14:30:50.766 [Test worker] DEBUG c.g.d.z.s.o.a.h.c.h.i.c.InternalHttpClient - ex-000000EC: acquiring endpoint (3 MINUTES)
2024-07-24 14:30:50.766 [Test worker] DEBUG c.g.d.z.s.o.a.h.c.h.i.i.PoolingHttpClientConnectionManager - ex-000000EC: endpoint lease request (3 MINUTES) [route: {}->npipe://localhost:2375][total available: 0; route allocated: 0 of 2147483647; total allocated: 0 of 2147483647]
2024-07-24 14:30:50.766 [Test worker] DEBUG c.g.d.z.s.o.a.h.c.h.i.i.PoolingHttpClientConnectionManager - ex-000000EC: endpoint leased [route: {}->npipe://localhost:2375][total available: 0; route allocated: 1 of 2147483647; total allocated: 1 of 2147483647]
2024-07-24 14:30:50.766 [Test worker] DEBUG c.g.d.z.s.o.a.h.c.h.i.i.PoolingHttpClientConnectionManager - ex-000000EC: acquired ep-000000EB
2024-07-24 14:30:50.766 [Test worker] DEBUG c.g.d.z.s.o.a.h.c.h.i.c.InternalHttpClient - ex-000000EC: acquired endpoint ep-000000EB
2024-07-24 14:30:50.766 [Test worker] DEBUG c.g.d.z.s.o.a.h.c.h.i.c.ConnectExec - ex-000000EC: opening connection {}->npipe://localhost:2375
2024-07-24 14:30:50.766 [Test worker] DEBUG c.g.d.z.s.o.a.h.c.h.i.c.InternalHttpClient - ep-000000EB: connecting endpoint (3 MINUTES)
2024-07-24 14:30:50.766 [Test worker] DEBUG c.g.d.z.s.o.a.h.c.h.i.i.PoolingHttpClientConnectionManager - ep-000000EB: connecting endpoint to npipe://localhost:2375 (3 MINUTES)
2024-07-24 14:30:50.766 [Test worker] DEBUG c.g.d.z.s.o.a.h.c.h.i.i.DefaultHttpClientConnectionOperator - http-outgoing-22: connecting to localhost/127.0.0.1:2375
2024-07-24 14:30:50.767 [Test worker] DEBUG c.g.d.z.s.o.a.h.c.h.i.i.DefaultHttpClientConnectionOperator - http-outgoing-22: connection established 
2024-07-24 14:30:50.767 [Test worker] DEBUG c.g.d.z.s.o.a.h.c.h.i.i.PoolingHttpClientConnectionManager - ep-000000EB: connected http-outgoing-22
2024-07-24 14:30:50.767 [Test worker] DEBUG c.g.d.z.s.o.a.h.c.h.i.c.InternalHttpClient - ep-000000EB: endpoint connected
2024-07-24 14:30:50.767 [Test worker] DEBUG c.g.d.z.s.o.a.h.c.h.i.c.MainClientExec - ex-000000EC: executing GET /v1.32/containers/66e2ed711703de84f2beec2511b3d671fb3044c0bdf4ac2ac73142c898adb892/json HTTP/1.1
2024-07-24 14:30:50.767 [Test worker] DEBUG c.g.d.z.s.o.a.h.c.h.i.c.InternalHttpClient - ep-000000EB: start execution ex-000000EC
2024-07-24 14:30:50.767 [Test worker] DEBUG c.g.d.z.s.o.a.h.c.h.i.i.PoolingHttpClientConnectionManager - ep-000000EB: executing exchange ex-000000EC over http-outgoing-22
2024-07-24 14:30:50.767 [Test worker] DEBUG c.g.d.z.s.o.a.h.client5.http.headers - http-outgoing-22 >> GET /v1.32/containers/66e2ed711703de84f2beec2511b3d671fb3044c0bdf4ac2ac73142c898adb892/json HTTP/1.1
2024-07-24 14:30:50.767 [Test worker] DEBUG c.g.d.z.s.o.a.h.client5.http.headers - http-outgoing-22 >> accept: application/json
2024-07-24 14:30:50.767 [Test worker] DEBUG c.g.d.z.s.o.a.h.client5.http.headers - http-outgoing-22 >> x-tc-sid: 280e6229-7396-4d60-b1e3-a5de48b5d49b
2024-07-24 14:30:50.767 [Test worker] DEBUG c.g.d.z.s.o.a.h.client5.http.headers - http-outgoing-22 >> User-Agent: tc-java/1.19.8
2024-07-24 14:30:50.767 [Test worker] DEBUG c.g.d.z.s.o.a.h.client5.http.headers - http-outgoing-22 >> Accept-Encoding: gzip, x-gzip, deflate
2024-07-24 14:30:50.767 [Test worker] DEBUG c.g.d.z.s.o.a.h.client5.http.headers - http-outgoing-22 >> Host: localhost:2375
2024-07-24 14:30:50.767 [Test worker] DEBUG c.g.d.z.s.o.a.h.client5.http.headers - http-outgoing-22 >> Connection: keep-alive
2024-07-24 14:30:50.767 [Test worker] DEBUG c.g.d.z.s.o.a.hc.client5.http.wire - http-outgoing-22 >> "GET /v1.32/containers/66e2ed711703de84f2beec2511b3d671fb3044c0bdf4ac2ac73142c898adb892/json HTTP/1.1[\r][\n]"
2024-07-24 14:30:50.767 [Test worker] DEBUG c.g.d.z.s.o.a.hc.client5.http.wire - http-outgoing-22 >> "accept: application/json[\r][\n]"
2024-07-24 14:30:50.767 [Test worker] DEBUG c.g.d.z.s.o.a.hc.client5.http.wire - http-outgoing-22 >> "x-tc-sid: 280e6229-7396-4d60-b1e3-a5de48b5d49b[\r][\n]"
2024-07-24 14:30:50.767 [Test worker] DEBUG c.g.d.z.s.o.a.hc.client5.http.wire - http-outgoing-22 >> "User-Agent: tc-java/1.19.8[\r][\n]"
2024-07-24 14:30:50.767 [Test worker] DEBUG c.g.d.z.s.o.a.hc.client5.http.wire - http-outgoing-22 >> "Accept-Encoding: gzip, x-gzip, deflate[\r][\n]"
2024-07-24 14:30:50.767 [Test worker] DEBUG c.g.d.z.s.o.a.hc.client5.http.wire - http-outgoing-22 >> "Host: localhost:2375[\r][\n]"
2024-07-24 14:30:50.767 [Test worker] DEBUG c.g.d.z.s.o.a.hc.client5.http.wire - http-outgoing-22 >> "Connection: keep-alive[\r][\n]"
2024-07-24 14:30:50.767 [Test worker] DEBUG c.g.d.z.s.o.a.hc.client5.http.wire - http-outgoing-22 >> "[\r][\n]"
2024-07-24 14:30:50.770 [Test worker] DEBUG c.g.d.z.s.o.a.hc.client5.http.wire - http-outgoing-22 << "HTTP/1.1 200 OK[\r][\n]"
2024-07-24 14:30:50.770 [Test worker] DEBUG c.g.d.z.s.o.a.hc.client5.http.wire - http-outgoing-22 << "Api-Version: 1.45[\r][\n]"
2024-07-24 14:30:50.770 [Test worker] DEBUG c.g.d.z.s.o.a.hc.client5.http.wire - http-outgoing-22 << "Content-Type: application/json[\r][\n]"
2024-07-24 14:30:50.770 [Test worker] DEBUG c.g.d.z.s.o.a.hc.client5.http.wire - http-outgoing-22 << "Date: Wed, 24 Jul 2024 02:30:50 GMT[\r][\n]"
2024-07-24 14:30:50.770 [Test worker] DEBUG c.g.d.z.s.o.a.hc.client5.http.wire - http-outgoing-22 << "Docker-Experimental: false[\r][\n]"
2024-07-24 14:30:50.770 [Test worker] DEBUG c.g.d.z.s.o.a.hc.client5.http.wire - http-outgoing-22 << "Ostype: linux[\r][\n]"
2024-07-24 14:30:50.770 [Test worker] DEBUG c.g.d.z.s.o.a.hc.client5.http.wire - http-outgoing-22 << "Server: Docker/26.0.0 (linux)[\r][\n]"
2024-07-24 14:30:50.770 [Test worker] DEBUG c.g.d.z.s.o.a.hc.client5.http.wire - http-outgoing-22 << "Transfer-Encoding: chunked[\r][\n]"
2024-07-24 14:30:50.770 [Test worker] DEBUG c.g.d.z.s.o.a.hc.client5.http.wire - http-outgoing-22 << "[\r][\n]"
2024-07-24 14:30:50.770 [Test worker] DEBUG c.g.d.z.s.o.a.h.client5.http.headers - http-outgoing-22 << HTTP/1.1 200 OK
2024-07-24 14:30:50.770 [Test worker] DEBUG c.g.d.z.s.o.a.h.client5.http.headers - http-outgoing-22 << Api-Version: 1.45
2024-07-24 14:30:50.770 [Test worker] DEBUG c.g.d.z.s.o.a.h.client5.http.headers - http-outgoing-22 << Content-Type: application/json
2024-07-24 14:30:50.770 [Test worker] DEBUG c.g.d.z.s.o.a.h.client5.http.headers - http-outgoing-22 << Date: Wed, 24 Jul 2024 02:30:50 GMT
2024-07-24 14:30:50.770 [Test worker] DEBUG c.g.d.z.s.o.a.h.client5.http.headers - http-outgoing-22 << Docker-Experimental: false
2024-07-24 14:30:50.770 [Test worker] DEBUG c.g.d.z.s.o.a.h.client5.http.headers - http-outgoing-22 << Ostype: linux
2024-07-24 14:30:50.770 [Test worker] DEBUG c.g.d.z.s.o.a.h.client5.http.headers - http-outgoing-22 << Server: Docker/26.0.0 (linux)
2024-07-24 14:30:50.770 [Test worker] DEBUG c.g.d.z.s.o.a.h.client5.http.headers - http-outgoing-22 << Transfer-Encoding: chunked
2024-07-24 14:30:50.770 [Test worker] DEBUG c.g.d.z.s.o.a.h.c.h.i.c.MainClientExec - ex-000000EC: connection can be kept alive for 3 MINUTES
2024-07-24 14:30:50.771 [Test worker] DEBUG c.g.d.z.s.o.a.hc.client5.http.wire - http-outgoing-22 << "1a3d[\r][\n]"
2024-07-24 14:30:50.771 [Test worker] DEBUG c.g.d.z.s.o.a.hc.client5.http.wire - http-outgoing-22 << "{"Id":"66e2ed711703de84f2beec2511b3d671fb3044c0bdf4ac2ac73142c898adb892","Created":"2024-07-24T02:30:48.962436808Z","Path":"docker-entrypoint.sh","Args":["postgres","-c","fsync=off"],"State":{"Status":"running","Running":true,"Paused":false,"Restarting":false,"OOMKilled":false,"Dead":false,"Pid":30755,"ExitCode":0,"Error":"","StartedAt":"2024-07-24T02:30:49.411799671Z","FinishedAt":"0001-01-01T00:00:00Z"},"Image":"sha256:8e4fc9e184899a58735e7ee333f5e272d7d2298cf59302006b71f33e217be130","ResolvConfPath":"/var/lib/docker/containers/66e2ed711703de84f2beec2511b3d671fb3044c0bdf4ac2ac73142c898adb892/resolv.conf","HostnamePath":"/var/lib/docker/containers/66e2ed711703de84f2beec2511b3d671fb3044c0bdf4ac2ac73142c898adb892/hostname","HostsPath":"/var/lib/docker/containers/66e2ed711703de84f2beec2511b3d671fb3044c0bdf4ac2ac73142c898adb892/hosts","LogPath":"/var/lib/docker/containers/66e2ed711703de84f2beec2511b3d671fb3044c0bdf4ac2ac73142c898adb892/66e2ed711703de84f2beec2511b3d671fb3044c0bdf4ac2ac73142c898adb892-json.log","Name":"/mystifying_heyrovsky","RestartCount":0,"Driver":"overlay2","Platform":"linux","MountLabel":"","ProcessLabel":"","AppArmorProfile":"","ExecIDs":null,"HostConfig":{"Binds":[],"ContainerIDFile":"","LogConfig":{"Type":"json-file","Config":{}},"NetworkMode":"default","PortBindings":{"5432/tcp":[{"HostIp":"0.0.0.0","HostPort":"0"}]},"RestartPolicy":{"Name":"no","MaximumRetryCount":0},"AutoRemove":false,"VolumeDriver":"","VolumesFrom":[],"ConsoleSize":[0,0],"CapAdd":null,"CapDrop":null,"CgroupnsMode":"host","Dns":null,"DnsOptions":null,"DnsSearch":null,"ExtraHosts":[],"GroupAdd":null,"IpcMode":"shareable","Cgroup":"","Links":null,"OomScoreAdj":0,"PidMode":"","Privileged":false,"PublishAllPorts":false,"ReadonlyRootfs":false,"SecurityOpt":null,"UTSMode":"","UsernsMode":"","ShmSize":67108864,"Runtime":"runc","Isolation":"","CpuShares":0,"Memory":0,"NanoCpus":0,"CgroupParent":"","BlkioWeight":0,"BlkioWeightDevice":null,"BlkioDeviceReadBps":null,"BlkioDeviceWriteBps":null,"BlkioDeviceReadIOps":null,"BlkioDeviceWriteIOps":null,"CpuPeriod":0,"CpuQuota":0,"CpuRealtimePeriod":0,"CpuRealtimeRuntime":0,"CpusetCpus":"","CpusetMems":"","Devices":null,"DeviceCgroupRules":null,"DeviceRequests":null,"MemoryReservation":0,"MemorySwap":0,"MemorySwappiness":null,"OomKillDisable":false,"PidsLimit":null,"Ulimits":null,"CpuCount":0,"CpuPercent":0,"IOMaximumIOps":0,"IOMaximumBandwidth":0,"MaskedPaths":["/proc/asound","/proc/acpi","/proc/kcore","/proc/keys","/proc/latency_stats","/proc/timer_list","/proc/timer_stats","/proc/sched_debug","/proc/scsi","/sys/firmware","/sys/devices/virtual/powercap"],"ReadonlyPaths":["/proc/bus","/proc/fs","/proc/irq","/proc/sys","/proc/sysrq-trigger"]},"GraphDriver":{"Data":{"LowerDir":"/var/lib/docker/overlay2/8ab4090c2ff3b59b9a61408f4a5294f97abb90f9d038b581f91bd4ad8ca1554f-init/diff:/var/lib/docker/overlay2/8f0ddbd386af0785c2e348570516955816ab350305d698d363962d488eeb15ec/diff:/var/lib/docker/overlay2/0eb0ca73e9b0be7c3d7fa8762ef4778a68f38391bc84c037c2e90b88e781b475/diff:/var/lib/docker/overlay2/74e634bddc785c5d436b10a5158cd82e21dc2065fd1cf8ff9c1c12e01575a2d8/diff:/var/lib/docker/overlay2/bb918b2851cd2f508f1e3fdbfff8b7f8b041d61e65fe8c368288bf399e80b818/diff:/var/lib/docker/overlay2/2abab2946cbdc2941ee8ec4024c51dac7313dee9de5fbedd1ca33388c59eb3c8/diff:/var/lib/docker/overlay2/e12f6083ee669bd92743ceb339a896bb25dbe461b718705bb39eb410b80c0ecd/diff:/var/lib/docker/overlay2/ced1e86d670d097da5ed4da7288c22507735918959161c2cd8bf083fb30d169a/diff:/var/lib/docker/overlay2/94e9ac7b74923285ae73af20aeccb964ca9079e2305db367cb85d1603560472d/diff:/var/lib/docker/overlay2/a396b6dfd63f0c228c519871183c614cccf4d366a43460f27ecf97113c3c4be8/diff:/var/lib/docker/overlay2/f58ada5d5080c2bac553c734f81127660a90581a35ed2a92cebe3c59e340875b/diff:/var/lib/docker/overlay2/84f85636f37bf55d945e217b4f87a856eba7932284beaf042561007b66f48977/diff:/var/lib/docker/overlay2/1e6e519613884e91a2b74a588ba35dc8a2f789371ab798ef6e7d9836d756042f/diff:/var/lib/docker/overlay2/14a3151cc8b4f9d27d2e64f1a8abc0c7809309580f2d7e8dc8545055c1d56194/diff:/var/li"
2024-07-24 14:30:50.772 [Test worker] DEBUG c.g.d.z.s.o.a.hc.client5.http.wire - http-outgoing-22 << "b/docker/overlay2/5b354b9e793401517fe2f1da697653fdaadffc54888eaf76d67e0600b8c68bdc/diff","MergedDir":"/var/lib/docker/overlay2/8ab4090c2ff3b59b9a61408f4a5294f97abb90f9d038b581f91bd4ad8ca1554f/merged","UpperDir":"/var/lib/docker/overlay2/8ab4090c2ff3b59b9a61408f4a5294f97abb90f9d038b581f91bd4ad8ca1554f/diff","WorkDir":"/var/lib/docker/overlay2/8ab4090c2ff3b59b9a61408f4a5294f97abb90f9d038b581f91bd4ad8ca1554f/work"},"Name":"overlay2"},"Mounts":[{"Type":"volume","Name":"191aecb902acf58c1809e236862ba4c7a2df528cd3598106a7954aae218d5e3c","Source":"/var/lib/docker/volumes/191aecb902acf58c1809e236862ba4c7a2df528cd3598106a7954aae218d5e3c/_data","Destination":"/var/lib/postgresql/data","Driver":"local","Mode":"","RW":true,"Propagation":""}],"Config":{"Hostname":"66e2ed711703","Domainname":"","User":"","AttachStdin":false,"AttachStdout":false,"AttachStderr":false,"ExposedPorts":{"5432/tcp":{}},"Tty":false,"OpenStdin":false,"StdinOnce":false,"Env":["POSTGRES_USER=user","POSTGRES_PASSWORD=password","POSTGRES_DB=db","PATH=/usr/local/sbin:/usr/local/bin:/usr/sbin:/usr/bin:/sbin:/bin:/usr/lib/postgresql/16/bin","GOSU_VERSION=1.17","LANG=en_US.utf8","PG_MAJOR=16","PG_VERSION=16.2-1.pgdg120+2","PGDATA=/var/lib/postgresql/data"],"Cmd":["postgres","-c","fsync=off"],"Image":"postgres:latest","Volumes":{"/var/lib/postgresql/data":{}},"WorkingDir":"","Entrypoint":["docker-entrypoint.sh"],"OnBuild":null,"Labels":{"org.testcontainers":"true","org.testcontainers.lang":"java","org.testcontainers.sessionId":"280e6229-7396-4d60-b1e3-a5de48b5d49b","org.testcontainers.version":"1.19.8"},"StopSignal":"SIGINT"},"NetworkSettings":{"Bridge":"","SandboxID":"5177fb4bd92f593d576ddb2ab87387edf7af7f0c6a783a733201a12c766d0d47","SandboxKey":"/var/run/docker/netns/5177fb4bd92f","Ports":{"5432/tcp":[{"HostIp":"0.0.0.0","HostPort":"51578"}]},"HairpinMode":false,"LinkLocalIPv6Address":"","LinkLocalIPv6PrefixLen":0,"SecondaryIPAddresses":null,"SecondaryIPv6Addresses":null,"EndpointID":"5137c785f47e918efe4a5fd429ea829e9a0a5b648710f8e5578b83db4e35dca9","Gateway":"172.17.0.1","GlobalIPv6Address":"","GlobalIPv6PrefixLen":0,"IPAddress":"172.17.0.3","IPPrefixLen":16,"IPv6Gateway":"","MacAddress":"02:42:ac:11:00:03","Networks":{"bridge":{"IPAMConfig":null,"Links":null,"Aliases":null,"MacAddress":"02:42:ac:11:00:03","NetworkID":"3c842496be344cbdae878c1dee0957e7bc7c0a2236009c92752030f2b053e72f","EndpointID":"5137c785f47e918efe4a5fd429ea829e9a0a5b648710f8e5578b83db4e35dca9","Gateway":"172.17.0.1","IPAddress":"172.17.0.3","IPPrefixLen":16,"IPv6Gateway":"","GlobalIPv6Address":"","GlobalIPv6PrefixLen":0,"DriverOpts":null,"DNSNames":null}}}}[\n]"
2024-07-24 14:30:50.772 [Test worker] DEBUG c.g.d.z.s.o.a.hc.client5.http.wire - http-outgoing-22 << "[\r][\n]"
2024-07-24 14:30:50.772 [Test worker] DEBUG c.g.d.z.s.o.a.hc.client5.http.wire - http-outgoing-22 << "0[\r][\n]"
2024-07-24 14:30:50.772 [Test worker] DEBUG c.g.d.z.s.o.a.hc.client5.http.wire - http-outgoing-22 << "[\r][\n]"
2024-07-24 14:30:50.772 [Test worker] DEBUG c.g.d.z.s.o.a.h.c.h.i.c.InternalHttpClient - ep-000000EB: releasing valid endpoint
2024-07-24 14:30:50.772 [Test worker] DEBUG c.g.d.z.s.o.a.h.c.h.i.i.PoolingHttpClientConnectionManager - ep-000000EB: releasing endpoint
2024-07-24 14:30:50.772 [Test worker] DEBUG c.g.d.z.s.o.a.h.c.h.i.i.PoolingHttpClientConnectionManager - ep-000000EB: connection http-outgoing-22 can be kept alive for 3 MINUTES
2024-07-24 14:30:50.772 [Test worker] DEBUG c.g.d.z.s.o.a.h.c.h.i.i.PoolingHttpClientConnectionManager - ep-000000EB: connection released [route: {}->npipe://localhost:2375][total available: 1; route allocated: 1 of 2147483647; total allocated: 1 of 2147483647]
2024-07-24 14:30:50.772 [Test worker] DEBUG tc.postgres:latest - Trying to create JDBC connection using org.postgresql.Driver to jdbc:postgresql://localhost:51578/db?loggerLevel=OFF with properties: {password=password, user=user}
2024-07-24 14:30:50.786 [Test worker] DEBUG o.t.jdbc.JdbcDatabaseDelegate - false returned as updateCount for SQL: drop table if exists WorkedOn
2024-07-24 14:30:50.786 [Test worker] DEBUG o.t.jdbc.JdbcDatabaseDelegate - false returned as updateCount for SQL: drop table if exists SequenceLine
2024-07-24 14:30:50.787 [Test worker] DEBUG o.t.jdbc.JdbcDatabaseDelegate - false returned as updateCount for SQL: drop table if exists WorkOrder
2024-07-24 14:30:50.788 [Test worker] DEBUG o.t.jdbc.JdbcDatabaseDelegate - false returned as updateCount for SQL: drop table if exists SequenceHeader
2024-07-24 14:30:50.788 [Test worker] DEBUG o.t.jdbc.JdbcDatabaseDelegate - false returned as updateCount for SQL: drop table if exists SaleOrderLine
2024-07-24 14:30:50.789 [Test worker] DEBUG o.t.jdbc.JdbcDatabaseDelegate - false returned as updateCount for SQL: drop table if exists SaleOrderHeader
2024-07-24 14:30:50.789 [Test worker] DEBUG o.t.jdbc.JdbcDatabaseDelegate - false returned as updateCount for SQL: drop table if exists Staff
2024-07-24 14:30:50.790 [Test worker] DEBUG o.t.jdbc.JdbcDatabaseDelegate - false returned as updateCount for SQL: drop table if exists WorkStation
2024-07-24 14:30:50.791 [Test worker] DEBUG o.t.jdbc.JdbcDatabaseDelegate - false returned as updateCount for SQL: drop table if exists Part
2024-07-24 14:30:50.791 [Test worker] DEBUG o.t.jdbc.JdbcDatabaseDelegate - false returned as updateCount for SQL: drop table if exists Customer
2024-07-24 14:30:50.794 [Test worker] DEBUG o.t.jdbc.JdbcDatabaseDelegate - false returned as updateCount for SQL: create table Customer ( customerId VarChar(8) PRIMARY Key, name VarChar(100) not null, address VarChar(500) not null )
2024-07-24 14:30:50.796 [Test worker] DEBUG o.t.jdbc.JdbcDatabaseDelegate - false returned as updateCount for SQL: create table Part ( partId VarChar(6) PRIMARY KEY, inventory Int not null, name VarChar(100) not null )
2024-07-24 14:30:50.798 [Test worker] DEBUG o.t.jdbc.JdbcDatabaseDelegate - false returned as updateCount for SQL: create table WorkStation ( name VarChar(50) PRIMARY KEY )
2024-07-24 14:30:50.799 [Test worker] DEBUG o.t.jdbc.JdbcDatabaseDelegate - false returned as updateCount for SQL: create table Staff ( staffID VarChar(6) PRIMARY KEY, name VarChar(100) not null )
2024-07-24 14:30:50.800 [Test worker] DEBUG o.t.jdbc.JdbcDatabaseDelegate - false returned as updateCount for SQL: create table SaleOrderHeader ( soHeaderId VarChar(6) PRIMARY key , customerId VarChar(8) not null references Customer (customerId) )
2024-07-24 14:30:50.802 [Test worker] DEBUG o.t.jdbc.JdbcDatabaseDelegate - false returned as updateCount for SQL: create table SaleOrderLine ( soLineId VarChar(6), soHeaderId VarChar(6) references SaleOrderHeader (soHeaderID), dateDue Date not null, partID VarChar(6) not null references Part(partId), PRIMARY KEY (soLineId,soHeaderId) )
2024-07-24 14:30:50.804 [Test worker] DEBUG o.t.jdbc.JdbcDatabaseDelegate - false returned as updateCount for SQL: create table SequenceHeader ( seqHeaderId VarChar(6) PRIMARY KEY, partId VarChar(6) not null references Part(partId) )
2024-07-24 14:30:50.805 [Test worker] DEBUG o.t.jdbc.JdbcDatabaseDelegate - false returned as updateCount for SQL: create table WorkOrder ( workOrderId VarChar(8) PRIMARY KEY, seqHeaderId VarChar(6) not null REFERENCES SequenceHeader (seqHeaderId), soLineId VarChar(6) not null, soHeaderId VarChar(6) not null, quanity Int not null, FOREIGN KEY (soLineId,soHeaderId) REFERENCES SaleOrderLine (soLineId,soHeaderId) )
2024-07-24 14:30:50.806 [Test worker] DEBUG o.t.jdbc.JdbcDatabaseDelegate - false returned as updateCount for SQL: create table SequenceLine ( seqLineId VarChar(10), seqHeaderId VarChar(6) references SequenceHeader (seqHeaderId), workStation VarChar(50) not null references WorkStation(name), PRIMARY KEY(seqLineId,seqHeaderId) )
2024-07-24 14:30:50.808 [Test worker] DEBUG o.t.jdbc.JdbcDatabaseDelegate - false returned as updateCount for SQL: create table WorkedOn ( staffId VarChar(8) references Staff (staffId), seqHeaderId VarChar(6), seqLineId VarChar(10), workOrderId VarChar(50) references WorkOrder(workOrderId), PRIMARY key (staffId,seqHeaderId,seqLineId,workOrderId), FOREIGN KEY (seqHeaderId,seqLineId) REFERENCES SequenceLine (seqHeaderId,seqLineId) )
2024-07-24 14:30:50.808 [Test worker] INFO  org.testcontainers.ext.ScriptUtils - Executed database script from sql/init.sql in 42 ms.
2024-07-24 14:30:50.834 [Test worker] DEBUG o.t.s.c.g.d.c.command.AbstrDockerCmd - Cmd: 66e2ed711703de84f2beec2511b3d671fb3044c0bdf4ac2ac73142c898adb892,false
2024-07-24 14:30:50.834 [Test worker] DEBUG o.t.s.c.g.d.c.e.InspectContainerCmdExec - GET: DefaultWebTarget{path=[/containers/66e2ed711703de84f2beec2511b3d671fb3044c0bdf4ac2ac73142c898adb892/json], queryParams={}}
2024-07-24 14:30:50.834 [Test worker] DEBUG c.g.d.z.s.o.a.h.c.h.i.c.InternalHttpClient - ex-000000ED: preparing request execution
2024-07-24 14:30:50.834 [Test worker] DEBUG c.g.d.z.s.o.a.h.c.h.p.RequestAddCookies - Cookie spec selected: strict
2024-07-24 14:30:50.834 [Test worker] DEBUG c.g.d.z.s.o.a.h.c.h.p.RequestAuthCache - Auth cache not set in the context
2024-07-24 14:30:50.834 [Test worker] DEBUG c.g.d.z.s.o.a.h.c.h.i.c.ProtocolExec - ex-000000ED: target auth state: UNCHALLENGED
2024-07-24 14:30:50.834 [Test worker] DEBUG c.g.d.z.s.o.a.h.c.h.i.c.ProtocolExec - ex-000000ED: proxy auth state: UNCHALLENGED
2024-07-24 14:30:50.834 [Test worker] DEBUG c.g.d.z.s.o.a.h.c.h.i.c.ConnectExec - ex-000000ED: acquiring connection with route {}->npipe://localhost:2375
2024-07-24 14:30:50.834 [Test worker] DEBUG c.g.d.z.s.o.a.h.c.h.i.c.InternalHttpClient - ex-000000ED: acquiring endpoint (3 MINUTES)
2024-07-24 14:30:50.834 [Test worker] DEBUG c.g.d.z.s.o.a.h.c.h.i.i.PoolingHttpClientConnectionManager - ex-000000ED: endpoint lease request (3 MINUTES) [route: {}->npipe://localhost:2375][total available: 1; route allocated: 1 of 2147483647; total allocated: 1 of 2147483647]
2024-07-24 14:30:50.834 [Test worker] DEBUG c.g.d.z.s.o.a.h.c.h.i.i.PoolingHttpClientConnectionManager - ex-000000ED: endpoint leased [route: {}->npipe://localhost:2375][total available: 0; route allocated: 1 of 2147483647; total allocated: 1 of 2147483647]
2024-07-24 14:30:50.834 [Test worker] DEBUG c.g.d.z.s.o.a.h.c.h.i.i.PoolingHttpClientConnectionManager - ex-000000ED: acquired ep-000000EC
2024-07-24 14:30:50.834 [Test worker] DEBUG c.g.d.z.s.o.a.h.c.h.i.c.InternalHttpClient - ex-000000ED: acquired endpoint ep-000000EC
2024-07-24 14:30:50.834 [Test worker] DEBUG c.g.d.z.s.o.a.h.c.h.i.c.MainClientExec - ex-000000ED: executing GET /v1.32/containers/66e2ed711703de84f2beec2511b3d671fb3044c0bdf4ac2ac73142c898adb892/json HTTP/1.1
2024-07-24 14:30:50.834 [Test worker] DEBUG c.g.d.z.s.o.a.h.c.h.i.c.InternalHttpClient - ep-000000EC: start execution ex-000000ED
2024-07-24 14:30:50.834 [Test worker] DEBUG c.g.d.z.s.o.a.h.c.h.i.i.PoolingHttpClientConnectionManager - ep-000000EC: executing exchange ex-000000ED over http-outgoing-22
2024-07-24 14:30:50.834 [Test worker] DEBUG c.g.d.z.s.o.a.h.client5.http.headers - http-outgoing-22 >> GET /v1.32/containers/66e2ed711703de84f2beec2511b3d671fb3044c0bdf4ac2ac73142c898adb892/json HTTP/1.1
2024-07-24 14:30:50.834 [Test worker] DEBUG c.g.d.z.s.o.a.h.client5.http.headers - http-outgoing-22 >> accept: application/json
2024-07-24 14:30:50.834 [Test worker] DEBUG c.g.d.z.s.o.a.h.client5.http.headers - http-outgoing-22 >> x-tc-sid: 280e6229-7396-4d60-b1e3-a5de48b5d49b
2024-07-24 14:30:50.834 [Test worker] DEBUG c.g.d.z.s.o.a.h.client5.http.headers - http-outgoing-22 >> User-Agent: tc-java/1.19.8
2024-07-24 14:30:50.834 [Test worker] DEBUG c.g.d.z.s.o.a.h.client5.http.headers - http-outgoing-22 >> Accept-Encoding: gzip, x-gzip, deflate
2024-07-24 14:30:50.834 [Test worker] DEBUG c.g.d.z.s.o.a.h.client5.http.headers - http-outgoing-22 >> Host: localhost:2375
2024-07-24 14:30:50.834 [Test worker] DEBUG c.g.d.z.s.o.a.h.client5.http.headers - http-outgoing-22 >> Connection: keep-alive
2024-07-24 14:30:50.834 [Test worker] DEBUG c.g.d.z.s.o.a.hc.client5.http.wire - http-outgoing-22 >> "GET /v1.32/containers/66e2ed711703de84f2beec2511b3d671fb3044c0bdf4ac2ac73142c898adb892/json HTTP/1.1[\r][\n]"
2024-07-24 14:30:50.834 [Test worker] DEBUG c.g.d.z.s.o.a.hc.client5.http.wire - http-outgoing-22 >> "accept: application/json[\r][\n]"
2024-07-24 14:30:50.834 [Test worker] DEBUG c.g.d.z.s.o.a.hc.client5.http.wire - http-outgoing-22 >> "x-tc-sid: 280e6229-7396-4d60-b1e3-a5de48b5d49b[\r][\n]"
2024-07-24 14:30:50.834 [Test worker] DEBUG c.g.d.z.s.o.a.hc.client5.http.wire - http-outgoing-22 >> "User-Agent: tc-java/1.19.8[\r][\n]"
2024-07-24 14:30:50.834 [Test worker] DEBUG c.g.d.z.s.o.a.hc.client5.http.wire - http-outgoing-22 >> "Accept-Encoding: gzip, x-gzip, deflate[\r][\n]"
2024-07-24 14:30:50.834 [Test worker] DEBUG c.g.d.z.s.o.a.hc.client5.http.wire - http-outgoing-22 >> "Host: localhost:2375[\r][\n]"
2024-07-24 14:30:50.834 [Test worker] DEBUG c.g.d.z.s.o.a.hc.client5.http.wire - http-outgoing-22 >> "Connection: keep-alive[\r][\n]"
2024-07-24 14:30:50.834 [Test worker] DEBUG c.g.d.z.s.o.a.hc.client5.http.wire - http-outgoing-22 >> "[\r][\n]"
2024-07-24 14:30:50.837 [Test worker] DEBUG c.g.d.z.s.o.a.hc.client5.http.wire - http-outgoing-22 << "HTTP/1.1 200 OK[\r][\n]"
2024-07-24 14:30:50.837 [Test worker] DEBUG c.g.d.z.s.o.a.hc.client5.http.wire - http-outgoing-22 << "Api-Version: 1.45[\r][\n]"
2024-07-24 14:30:50.837 [Test worker] DEBUG c.g.d.z.s.o.a.hc.client5.http.wire - http-outgoing-22 << "Content-Type: application/json[\r][\n]"
2024-07-24 14:30:50.837 [Test worker] DEBUG c.g.d.z.s.o.a.hc.client5.http.wire - http-outgoing-22 << "Date: Wed, 24 Jul 2024 02:30:50 GMT[\r][\n]"
2024-07-24 14:30:50.837 [Test worker] DEBUG c.g.d.z.s.o.a.hc.client5.http.wire - http-outgoing-22 << "Docker-Experimental: false[\r][\n]"
2024-07-24 14:30:50.837 [Test worker] DEBUG c.g.d.z.s.o.a.hc.client5.http.wire - http-outgoing-22 << "Ostype: linux[\r][\n]"
2024-07-24 14:30:50.837 [Test worker] DEBUG c.g.d.z.s.o.a.hc.client5.http.wire - http-outgoing-22 << "Server: Docker/26.0.0 (linux)[\r][\n]"
2024-07-24 14:30:50.837 [Test worker] DEBUG c.g.d.z.s.o.a.hc.client5.http.wire - http-outgoing-22 << "Transfer-Encoding: chunked[\r][\n]"
2024-07-24 14:30:50.838 [Test worker] DEBUG c.g.d.z.s.o.a.hc.client5.http.wire - http-outgoing-22 << "[\r][\n]"
2024-07-24 14:30:50.838 [Test worker] DEBUG c.g.d.z.s.o.a.h.client5.http.headers - http-outgoing-22 << HTTP/1.1 200 OK
2024-07-24 14:30:50.838 [Test worker] DEBUG c.g.d.z.s.o.a.h.client5.http.headers - http-outgoing-22 << Api-Version: 1.45
2024-07-24 14:30:50.838 [Test worker] DEBUG c.g.d.z.s.o.a.h.client5.http.headers - http-outgoing-22 << Content-Type: application/json
2024-07-24 14:30:50.838 [Test worker] DEBUG c.g.d.z.s.o.a.h.client5.http.headers - http-outgoing-22 << Date: Wed, 24 Jul 2024 02:30:50 GMT
2024-07-24 14:30:50.838 [Test worker] DEBUG c.g.d.z.s.o.a.h.client5.http.headers - http-outgoing-22 << Docker-Experimental: false
2024-07-24 14:30:50.838 [Test worker] DEBUG c.g.d.z.s.o.a.h.client5.http.headers - http-outgoing-22 << Ostype: linux
2024-07-24 14:30:50.838 [Test worker] DEBUG c.g.d.z.s.o.a.h.client5.http.headers - http-outgoing-22 << Server: Docker/26.0.0 (linux)
2024-07-24 14:30:50.838 [Test worker] DEBUG c.g.d.z.s.o.a.h.client5.http.headers - http-outgoing-22 << Transfer-Encoding: chunked
2024-07-24 14:30:50.838 [Test worker] DEBUG c.g.d.z.s.o.a.h.c.h.i.c.MainClientExec - ex-000000ED: connection can be kept alive for 3 MINUTES
2024-07-24 14:30:50.839 [Test worker] DEBUG c.g.d.z.s.o.a.hc.client5.http.wire - http-outgoing-22 << "1a3d[\r][\n]"
2024-07-24 14:30:50.839 [Test worker] DEBUG c.g.d.z.s.o.a.hc.client5.http.wire - http-outgoing-22 << "{"Id":"66e2ed711703de84f2beec2511b3d671fb3044c0bdf4ac2ac73142c898adb892","Created":"2024-07-24T02:30:48.962436808Z","Path":"docker-entrypoint.sh","Args":["postgres","-c","fsync=off"],"State":{"Status":"running","Running":true,"Paused":false,"Restarting":false,"OOMKilled":false,"Dead":false,"Pid":30755,"ExitCode":0,"Error":"","StartedAt":"2024-07-24T02:30:49.411799671Z","FinishedAt":"0001-01-01T00:00:00Z"},"Image":"sha256:8e4fc9e184899a58735e7ee333f5e272d7d2298cf59302006b71f33e217be130","ResolvConfPath":"/var/lib/docker/containers/66e2ed711703de84f2beec2511b3d671fb3044c0bdf4ac2ac73142c898adb892/resolv.conf","HostnamePath":"/var/lib/docker/containers/66e2ed711703de84f2beec2511b3d671fb3044c0bdf4ac2ac73142c898adb892/hostname","HostsPath":"/var/lib/docker/containers/66e2ed711703de84f2beec2511b3d671fb3044c0bdf4ac2ac73142c898adb892/hosts","LogPath":"/var/lib/docker/containers/66e2ed711703de84f2beec2511b3d671fb3044c0bdf4ac2ac73142c898adb892/66e2ed711703de84f2beec2511b3d671fb3044c0bdf4ac2ac73142c898adb892-json.log","Name":"/mystifying_heyrovsky","RestartCount":0,"Driver":"overlay2","Platform":"linux","MountLabel":"","ProcessLabel":"","AppArmorProfile":"","ExecIDs":null,"HostConfig":{"Binds":[],"ContainerIDFile":"","LogConfig":{"Type":"json-file","Config":{}},"NetworkMode":"default","PortBindings":{"5432/tcp":[{"HostIp":"0.0.0.0","HostPort":"0"}]},"RestartPolicy":{"Name":"no","MaximumRetryCount":0},"AutoRemove":false,"VolumeDriver":"","VolumesFrom":[],"ConsoleSize":[0,0],"CapAdd":null,"CapDrop":null,"CgroupnsMode":"host","Dns":null,"DnsOptions":null,"DnsSearch":null,"ExtraHosts":[],"GroupAdd":null,"IpcMode":"shareable","Cgroup":"","Links":null,"OomScoreAdj":0,"PidMode":"","Privileged":false,"PublishAllPorts":false,"ReadonlyRootfs":false,"SecurityOpt":null,"UTSMode":"","UsernsMode":"","ShmSize":67108864,"Runtime":"runc","Isolation":"","CpuShares":0,"Memory":0,"NanoCpus":0,"CgroupParent":"","BlkioWeight":0,"BlkioWeightDevice":null,"BlkioDeviceReadBps":null,"BlkioDeviceWriteBps":null,"BlkioDeviceReadIOps":null,"BlkioDeviceWriteIOps":null,"CpuPeriod":0,"CpuQuota":0,"CpuRealtimePeriod":0,"CpuRealtimeRuntime":0,"CpusetCpus":"","CpusetMems":"","Devices":null,"DeviceCgroupRules":null,"DeviceRequests":null,"MemoryReservation":0,"MemorySwap":0,"MemorySwappiness":null,"OomKillDisable":false,"PidsLimit":null,"Ulimits":null,"CpuCount":0,"CpuPercent":0,"IOMaximumIOps":0,"IOMaximumBandwidth":0,"MaskedPaths":["/proc/asound","/proc/acpi","/proc/kcore","/proc/keys","/proc/latency_stats","/proc/timer_list","/proc/timer_stats","/proc/sched_debug","/proc/scsi","/sys/firmware","/sys/devices/virtual/powercap"],"ReadonlyPaths":["/proc/bus","/proc/fs","/proc/irq","/proc/sys","/proc/sysrq-trigger"]},"GraphDriver":{"Data":{"LowerDir":"/var/lib/docker/overlay2/8ab4090c2ff3b59b9a61408f4a5294f97abb90f9d038b581f91bd4ad8ca1554f-init/diff:/var/lib/docker/overlay2/8f0ddbd386af0785c2e348570516955816ab350305d698d363962d488eeb15ec/diff:/var/lib/docker/overlay2/0eb0ca73e9b0be7c3d7fa8762ef4778a68f38391bc84c037c2e90b88e781b475/diff:/var/lib/docker/overlay2/74e634bddc785c5d436b10a5158cd82e21dc2065fd1cf8ff9c1c12e01575a2d8/diff:/var/lib/docker/overlay2/bb918b2851cd2f508f1e3fdbfff8b7f8b041d61e65fe8c368288bf399e80b818/diff:/var/lib/docker/overlay2/2abab2946cbdc2941ee8ec4024c51dac7313dee9de5fbedd1ca33388c59eb3c8/diff:/var/lib/docker/overlay2/e12f6083ee669bd92743ceb339a896bb25dbe461b718705bb39eb410b80c0ecd/diff:/var/lib/docker/overlay2/ced1e86d670d097da5ed4da7288c22507735918959161c2cd8bf083fb30d169a/diff:/var/lib/docker/overlay2/94e9ac7b74923285ae73af20aeccb964ca9079e2305db367cb85d1603560472d/diff:/var/lib/docker/overlay2/a396b6dfd63f0c228c519871183c614cccf4d366a43460f27ecf97113c3c4be8/diff:/var/lib/docker/overlay2/f58ada5d5080c2bac553c734f81127660a90581a35ed2a92cebe3c59e340875b/diff:/var/lib/docker/overlay2/84f85636f37bf55d945e217b4f87a856eba7932284beaf042561007b66f48977/diff:/var/lib/docker/overlay2/1e6e519613884e91a2b74a588ba35dc8a2f789371ab798ef6e7d9836d756042f/diff:/var/lib/docker/overlay2/14a3151cc8b4f9d27d2e64f1a8abc0c7809309580f2d7e8dc8545055c1d56194/diff:/var/li"
2024-07-24 14:30:50.840 [Test worker] DEBUG c.g.d.z.s.o.a.hc.client5.http.wire - http-outgoing-22 << "b/docker/overlay2/5b354b9e793401517fe2f1da697653fdaadffc54888eaf76d67e0600b8c68bdc/diff","MergedDir":"/var/lib/docker/overlay2/8ab4090c2ff3b59b9a61408f4a5294f97abb90f9d038b581f91bd4ad8ca1554f/merged","UpperDir":"/var/lib/docker/overlay2/8ab4090c2ff3b59b9a61408f4a5294f97abb90f9d038b581f91bd4ad8ca1554f/diff","WorkDir":"/var/lib/docker/overlay2/8ab4090c2ff3b59b9a61408f4a5294f97abb90f9d038b581f91bd4ad8ca1554f/work"},"Name":"overlay2"},"Mounts":[{"Type":"volume","Name":"191aecb902acf58c1809e236862ba4c7a2df528cd3598106a7954aae218d5e3c","Source":"/var/lib/docker/volumes/191aecb902acf58c1809e236862ba4c7a2df528cd3598106a7954aae218d5e3c/_data","Destination":"/var/lib/postgresql/data","Driver":"local","Mode":"","RW":true,"Propagation":""}],"Config":{"Hostname":"66e2ed711703","Domainname":"","User":"","AttachStdin":false,"AttachStdout":false,"AttachStderr":false,"ExposedPorts":{"5432/tcp":{}},"Tty":false,"OpenStdin":false,"StdinOnce":false,"Env":["POSTGRES_USER=user","POSTGRES_PASSWORD=password","POSTGRES_DB=db","PATH=/usr/local/sbin:/usr/local/bin:/usr/sbin:/usr/bin:/sbin:/bin:/usr/lib/postgresql/16/bin","GOSU_VERSION=1.17","LANG=en_US.utf8","PG_MAJOR=16","PG_VERSION=16.2-1.pgdg120+2","PGDATA=/var/lib/postgresql/data"],"Cmd":["postgres","-c","fsync=off"],"Image":"postgres:latest","Volumes":{"/var/lib/postgresql/data":{}},"WorkingDir":"","Entrypoint":["docker-entrypoint.sh"],"OnBuild":null,"Labels":{"org.testcontainers":"true","org.testcontainers.lang":"java","org.testcontainers.sessionId":"280e6229-7396-4d60-b1e3-a5de48b5d49b","org.testcontainers.version":"1.19.8"},"StopSignal":"SIGINT"},"NetworkSettings":{"Bridge":"","SandboxID":"5177fb4bd92f593d576ddb2ab87387edf7af7f0c6a783a733201a12c766d0d47","SandboxKey":"/var/run/docker/netns/5177fb4bd92f","Ports":{"5432/tcp":[{"HostIp":"0.0.0.0","HostPort":"51578"}]},"HairpinMode":false,"LinkLocalIPv6Address":"","LinkLocalIPv6PrefixLen":0,"SecondaryIPAddresses":null,"SecondaryIPv6Addresses":null,"EndpointID":"5137c785f47e918efe4a5fd429ea829e9a0a5b648710f8e5578b83db4e35dca9","Gateway":"172.17.0.1","GlobalIPv6Address":"","GlobalIPv6PrefixLen":0,"IPAddress":"172.17.0.3","IPPrefixLen":16,"IPv6Gateway":"","MacAddress":"02:42:ac:11:00:03","Networks":{"bridge":{"IPAMConfig":null,"Links":null,"Aliases":null,"MacAddress":"02:42:ac:11:00:03","NetworkID":"3c842496be344cbdae878c1dee0957e7bc7c0a2236009c92752030f2b053e72f","EndpointID":"5137c785f47e918efe4a5fd429ea829e9a0a5b648710f8e5578b83db4e35dca9","Gateway":"172.17.0.1","IPAddress":"172.17.0.3","IPPrefixLen":16,"IPv6Gateway":"","GlobalIPv6Address":"","GlobalIPv6PrefixLen":0,"DriverOpts":null,"DNSNames":null}}}}[\n]"
2024-07-24 14:30:50.840 [Test worker] DEBUG c.g.d.z.s.o.a.hc.client5.http.wire - http-outgoing-22 << "[\r][\n]"
2024-07-24 14:30:50.840 [Test worker] DEBUG c.g.d.z.s.o.a.hc.client5.http.wire - http-outgoing-22 << "0[\r][\n]"
2024-07-24 14:30:50.840 [Test worker] DEBUG c.g.d.z.s.o.a.hc.client5.http.wire - http-outgoing-22 << "[\r][\n]"
2024-07-24 14:30:50.840 [Test worker] DEBUG c.g.d.z.s.o.a.h.c.h.i.c.InternalHttpClient - ep-000000EC: releasing valid endpoint
2024-07-24 14:30:50.840 [Test worker] DEBUG c.g.d.z.s.o.a.h.c.h.i.i.PoolingHttpClientConnectionManager - ep-000000EC: releasing endpoint
2024-07-24 14:30:50.841 [Test worker] DEBUG c.g.d.z.s.o.a.h.c.h.i.i.PoolingHttpClientConnectionManager - ep-000000EC: connection http-outgoing-22 can be kept alive for 3 MINUTES
2024-07-24 14:30:50.841 [Test worker] DEBUG c.g.d.z.s.o.a.h.c.h.i.i.PoolingHttpClientConnectionManager - ep-000000EC: connection released [route: {}->npipe://localhost:2375][total available: 1; route allocated: 1 of 2147483647; total allocated: 1 of 2147483647]
2024-07-24 14:30:50.841 [Test worker] TRACE o.t.utility.ResourceReaper - Stopping container: 66e2ed711703de84f2beec2511b3d671fb3044c0bdf4ac2ac73142c898adb892
2024-07-24 14:30:50.841 [Test worker] DEBUG o.t.s.c.g.d.c.command.AbstrDockerCmd - Cmd: 66e2ed711703de84f2beec2511b3d671fb3044c0bdf4ac2ac73142c898adb892,<null>
2024-07-24 14:30:50.841 [Test worker] TRACE o.t.s.c.g.d.c.e.KillContainerCmdExec - POST: DefaultWebTarget{path=[/containers/66e2ed711703de84f2beec2511b3d671fb3044c0bdf4ac2ac73142c898adb892/kill], queryParams={}}
2024-07-24 14:30:50.841 [Test worker] DEBUG c.g.d.z.s.o.a.h.c.h.i.c.InternalHttpClient - ex-000000EE: preparing request execution
2024-07-24 14:30:50.841 [Test worker] DEBUG c.g.d.z.s.o.a.h.c.h.p.RequestAddCookies - Cookie spec selected: strict
2024-07-24 14:30:50.841 [Test worker] DEBUG c.g.d.z.s.o.a.h.c.h.p.RequestAuthCache - Auth cache not set in the context
2024-07-24 14:30:50.841 [Test worker] DEBUG c.g.d.z.s.o.a.h.c.h.i.c.ProtocolExec - ex-000000EE: target auth state: UNCHALLENGED
2024-07-24 14:30:50.841 [Test worker] DEBUG c.g.d.z.s.o.a.h.c.h.i.c.ProtocolExec - ex-000000EE: proxy auth state: UNCHALLENGED
2024-07-24 14:30:50.841 [Test worker] DEBUG c.g.d.z.s.o.a.h.c.h.i.c.ConnectExec - ex-000000EE: acquiring connection with route {}->npipe://localhost:2375
2024-07-24 14:30:50.841 [Test worker] DEBUG c.g.d.z.s.o.a.h.c.h.i.c.InternalHttpClient - ex-000000EE: acquiring endpoint (3 MINUTES)
2024-07-24 14:30:50.841 [Test worker] DEBUG c.g.d.z.s.o.a.h.c.h.i.i.PoolingHttpClientConnectionManager - ex-000000EE: endpoint lease request (3 MINUTES) [route: {}->npipe://localhost:2375][total available: 1; route allocated: 1 of 2147483647; total allocated: 1 of 2147483647]
2024-07-24 14:30:50.841 [Test worker] DEBUG c.g.d.z.s.o.a.h.c.h.i.i.PoolingHttpClientConnectionManager - ex-000000EE: endpoint leased [route: {}->npipe://localhost:2375][total available: 0; route allocated: 1 of 2147483647; total allocated: 1 of 2147483647]
2024-07-24 14:30:50.841 [Test worker] DEBUG c.g.d.z.s.o.a.h.c.h.i.i.PoolingHttpClientConnectionManager - ex-000000EE: acquired ep-000000ED
2024-07-24 14:30:50.841 [Test worker] DEBUG c.g.d.z.s.o.a.h.c.h.i.c.InternalHttpClient - ex-000000EE: acquired endpoint ep-000000ED
2024-07-24 14:30:50.841 [Test worker] DEBUG c.g.d.z.s.o.a.h.c.h.i.c.MainClientExec - ex-000000EE: executing POST /v1.32/containers/66e2ed711703de84f2beec2511b3d671fb3044c0bdf4ac2ac73142c898adb892/kill HTTP/1.1
2024-07-24 14:30:50.841 [Test worker] DEBUG c.g.d.z.s.o.a.h.c.h.i.c.InternalHttpClient - ep-000000ED: start execution ex-000000EE
2024-07-24 14:30:50.841 [Test worker] DEBUG c.g.d.z.s.o.a.h.c.h.i.i.PoolingHttpClientConnectionManager - ep-000000ED: executing exchange ex-000000EE over http-outgoing-22
2024-07-24 14:30:50.841 [Test worker] DEBUG c.g.d.z.s.o.a.h.client5.http.headers - http-outgoing-22 >> POST /v1.32/containers/66e2ed711703de84f2beec2511b3d671fb3044c0bdf4ac2ac73142c898adb892/kill HTTP/1.1
2024-07-24 14:30:50.841 [Test worker] DEBUG c.g.d.z.s.o.a.h.client5.http.headers - http-outgoing-22 >> accept: application/json
2024-07-24 14:30:50.841 [Test worker] DEBUG c.g.d.z.s.o.a.h.client5.http.headers - http-outgoing-22 >> content-type: application/json
2024-07-24 14:30:50.841 [Test worker] DEBUG c.g.d.z.s.o.a.h.client5.http.headers - http-outgoing-22 >> x-tc-sid: 280e6229-7396-4d60-b1e3-a5de48b5d49b
2024-07-24 14:30:50.841 [Test worker] DEBUG c.g.d.z.s.o.a.h.client5.http.headers - http-outgoing-22 >> User-Agent: tc-java/1.19.8
2024-07-24 14:30:50.841 [Test worker] DEBUG c.g.d.z.s.o.a.h.client5.http.headers - http-outgoing-22 >> Accept-Encoding: gzip, x-gzip, deflate
2024-07-24 14:30:50.841 [Test worker] DEBUG c.g.d.z.s.o.a.h.client5.http.headers - http-outgoing-22 >> Host: localhost:2375
2024-07-24 14:30:50.841 [Test worker] DEBUG c.g.d.z.s.o.a.h.client5.http.headers - http-outgoing-22 >> Connection: keep-alive
2024-07-24 14:30:50.841 [Test worker] DEBUG c.g.d.z.s.o.a.hc.client5.http.wire - http-outgoing-22 >> "POST /v1.32/containers/66e2ed711703de84f2beec2511b3d671fb3044c0bdf4ac2ac73142c898adb892/kill HTTP/1.1[\r][\n]"
2024-07-24 14:30:50.841 [Test worker] DEBUG c.g.d.z.s.o.a.hc.client5.http.wire - http-outgoing-22 >> "accept: application/json[\r][\n]"
2024-07-24 14:30:50.841 [Test worker] DEBUG c.g.d.z.s.o.a.hc.client5.http.wire - http-outgoing-22 >> "content-type: application/json[\r][\n]"
2024-07-24 14:30:50.841 [Test worker] DEBUG c.g.d.z.s.o.a.hc.client5.http.wire - http-outgoing-22 >> "x-tc-sid: 280e6229-7396-4d60-b1e3-a5de48b5d49b[\r][\n]"
2024-07-24 14:30:50.841 [Test worker] DEBUG c.g.d.z.s.o.a.hc.client5.http.wire - http-outgoing-22 >> "User-Agent: tc-java/1.19.8[\r][\n]"
2024-07-24 14:30:50.841 [Test worker] DEBUG c.g.d.z.s.o.a.hc.client5.http.wire - http-outgoing-22 >> "Accept-Encoding: gzip, x-gzip, deflate[\r][\n]"
2024-07-24 14:30:50.841 [Test worker] DEBUG c.g.d.z.s.o.a.hc.client5.http.wire - http-outgoing-22 >> "Host: localhost:2375[\r][\n]"
2024-07-24 14:30:50.841 [Test worker] DEBUG c.g.d.z.s.o.a.hc.client5.http.wire - http-outgoing-22 >> "Connection: keep-alive[\r][\n]"
2024-07-24 14:30:50.841 [Test worker] DEBUG c.g.d.z.s.o.a.hc.client5.http.wire - http-outgoing-22 >> "[\r][\n]"
2024-07-24 14:30:51.466 [Test worker] DEBUG c.g.d.z.s.o.a.hc.client5.http.wire - http-outgoing-22 << "HTTP/1.1 204 No Content[\r][\n]"
2024-07-24 14:30:51.467 [Test worker] DEBUG c.g.d.z.s.o.a.hc.client5.http.wire - http-outgoing-22 << "Api-Version: 1.45[\r][\n]"
2024-07-24 14:30:51.467 [Test worker] DEBUG c.g.d.z.s.o.a.hc.client5.http.wire - http-outgoing-22 << "Date: Wed, 24 Jul 2024 02:30:51 GMT[\r][\n]"
2024-07-24 14:30:51.467 [Test worker] DEBUG c.g.d.z.s.o.a.hc.client5.http.wire - http-outgoing-22 << "Docker-Experimental: false[\r][\n]"
2024-07-24 14:30:51.467 [Test worker] DEBUG c.g.d.z.s.o.a.hc.client5.http.wire - http-outgoing-22 << "Ostype: linux[\r][\n]"
2024-07-24 14:30:51.467 [Test worker] DEBUG c.g.d.z.s.o.a.hc.client5.http.wire - http-outgoing-22 << "Server: Docker/26.0.0 (linux)[\r][\n]"
2024-07-24 14:30:51.467 [Test worker] DEBUG c.g.d.z.s.o.a.hc.client5.http.wire - http-outgoing-22 << "[\r][\n]"
2024-07-24 14:30:51.467 [Test worker] DEBUG c.g.d.z.s.o.a.h.client5.http.headers - http-outgoing-22 << HTTP/1.1 204 No Content
2024-07-24 14:30:51.467 [Test worker] DEBUG c.g.d.z.s.o.a.h.client5.http.headers - http-outgoing-22 << Api-Version: 1.45
2024-07-24 14:30:51.467 [Test worker] DEBUG c.g.d.z.s.o.a.h.client5.http.headers - http-outgoing-22 << Date: Wed, 24 Jul 2024 02:30:51 GMT
2024-07-24 14:30:51.467 [Test worker] DEBUG c.g.d.z.s.o.a.h.client5.http.headers - http-outgoing-22 << Docker-Experimental: false
2024-07-24 14:30:51.467 [Test worker] DEBUG c.g.d.z.s.o.a.h.client5.http.headers - http-outgoing-22 << Ostype: linux
2024-07-24 14:30:51.467 [Test worker] DEBUG c.g.d.z.s.o.a.h.client5.http.headers - http-outgoing-22 << Server: Docker/26.0.0 (linux)
2024-07-24 14:30:51.467 [Test worker] DEBUG c.g.d.z.s.o.a.h.c.h.i.c.MainClientExec - ex-000000EE: connection can be kept alive for 3 MINUTES
2024-07-24 14:30:51.467 [Test worker] DEBUG c.g.d.z.s.o.a.h.c.h.i.c.InternalHttpClient - ep-000000ED: releasing valid endpoint
2024-07-24 14:30:51.467 [Test worker] DEBUG c.g.d.z.s.o.a.h.c.h.i.i.PoolingHttpClientConnectionManager - ep-000000ED: releasing endpoint
2024-07-24 14:30:51.467 [Test worker] DEBUG c.g.d.z.s.o.a.h.c.h.i.i.PoolingHttpClientConnectionManager - ep-000000ED: connection http-outgoing-22 can be kept alive for 3 MINUTES
2024-07-24 14:30:51.467 [Test worker] DEBUG c.g.d.z.s.o.a.h.c.h.i.i.PoolingHttpClientConnectionManager - ep-000000ED: connection released [route: {}->npipe://localhost:2375][total available: 1; route allocated: 1 of 2147483647; total allocated: 1 of 2147483647]
2024-07-24 14:30:51.467 [Test worker] TRACE o.t.utility.ResourceReaper - Stopped container: postgres:latest
2024-07-24 14:30:51.467 [Test worker] DEBUG o.t.s.c.g.d.c.command.AbstrDockerCmd - Cmd: 66e2ed711703de84f2beec2511b3d671fb3044c0bdf4ac2ac73142c898adb892,false
2024-07-24 14:30:51.467 [Test worker] DEBUG o.t.s.c.g.d.c.e.InspectContainerCmdExec - GET: DefaultWebTarget{path=[/containers/66e2ed711703de84f2beec2511b3d671fb3044c0bdf4ac2ac73142c898adb892/json], queryParams={}}
2024-07-24 14:30:51.468 [Test worker] DEBUG c.g.d.z.s.o.a.h.c.h.i.c.InternalHttpClient - ex-000000EF: preparing request execution
2024-07-24 14:30:51.468 [Test worker] DEBUG c.g.d.z.s.o.a.h.c.h.p.RequestAddCookies - Cookie spec selected: strict
2024-07-24 14:30:51.468 [Test worker] DEBUG c.g.d.z.s.o.a.h.c.h.p.RequestAuthCache - Auth cache not set in the context
2024-07-24 14:30:51.468 [Test worker] DEBUG c.g.d.z.s.o.a.h.c.h.i.c.ProtocolExec - ex-000000EF: target auth state: UNCHALLENGED
2024-07-24 14:30:51.468 [Test worker] DEBUG c.g.d.z.s.o.a.h.c.h.i.c.ProtocolExec - ex-000000EF: proxy auth state: UNCHALLENGED
2024-07-24 14:30:51.468 [Test worker] DEBUG c.g.d.z.s.o.a.h.c.h.i.c.ConnectExec - ex-000000EF: acquiring connection with route {}->npipe://localhost:2375
2024-07-24 14:30:51.468 [Test worker] DEBUG c.g.d.z.s.o.a.h.c.h.i.c.InternalHttpClient - ex-000000EF: acquiring endpoint (3 MINUTES)
2024-07-24 14:30:51.468 [Test worker] DEBUG c.g.d.z.s.o.a.h.c.h.i.i.PoolingHttpClientConnectionManager - ex-000000EF: endpoint lease request (3 MINUTES) [route: {}->npipe://localhost:2375][total available: 1; route allocated: 1 of 2147483647; total allocated: 1 of 2147483647]
2024-07-24 14:30:51.468 [Test worker] DEBUG c.g.d.z.s.o.a.h.c.h.i.i.PoolingHttpClientConnectionManager - ex-000000EF: endpoint leased [route: {}->npipe://localhost:2375][total available: 0; route allocated: 1 of 2147483647; total allocated: 1 of 2147483647]
2024-07-24 14:30:51.468 [Test worker] DEBUG c.g.d.z.s.o.a.h.c.h.i.i.PoolingHttpClientConnectionManager - ex-000000EF: acquired ep-000000EE
2024-07-24 14:30:51.468 [Test worker] DEBUG c.g.d.z.s.o.a.h.c.h.i.c.InternalHttpClient - ex-000000EF: acquired endpoint ep-000000EE
2024-07-24 14:30:51.468 [Test worker] DEBUG c.g.d.z.s.o.a.h.c.h.i.c.MainClientExec - ex-000000EF: executing GET /v1.32/containers/66e2ed711703de84f2beec2511b3d671fb3044c0bdf4ac2ac73142c898adb892/json HTTP/1.1
2024-07-24 14:30:51.468 [Test worker] DEBUG c.g.d.z.s.o.a.h.c.h.i.c.InternalHttpClient - ep-000000EE: start execution ex-000000EF
2024-07-24 14:30:51.468 [Test worker] DEBUG c.g.d.z.s.o.a.h.c.h.i.i.PoolingHttpClientConnectionManager - ep-000000EE: executing exchange ex-000000EF over http-outgoing-22
2024-07-24 14:30:51.468 [Test worker] DEBUG c.g.d.z.s.o.a.h.client5.http.headers - http-outgoing-22 >> GET /v1.32/containers/66e2ed711703de84f2beec2511b3d671fb3044c0bdf4ac2ac73142c898adb892/json HTTP/1.1
2024-07-24 14:30:51.468 [Test worker] DEBUG c.g.d.z.s.o.a.h.client5.http.headers - http-outgoing-22 >> accept: application/json
2024-07-24 14:30:51.468 [Test worker] DEBUG c.g.d.z.s.o.a.h.client5.http.headers - http-outgoing-22 >> x-tc-sid: 280e6229-7396-4d60-b1e3-a5de48b5d49b
2024-07-24 14:30:51.468 [Test worker] DEBUG c.g.d.z.s.o.a.h.client5.http.headers - http-outgoing-22 >> User-Agent: tc-java/1.19.8
2024-07-24 14:30:51.468 [Test worker] DEBUG c.g.d.z.s.o.a.h.client5.http.headers - http-outgoing-22 >> Accept-Encoding: gzip, x-gzip, deflate
2024-07-24 14:30:51.468 [Test worker] DEBUG c.g.d.z.s.o.a.h.client5.http.headers - http-outgoing-22 >> Host: localhost:2375
2024-07-24 14:30:51.468 [Test worker] DEBUG c.g.d.z.s.o.a.h.client5.http.headers - http-outgoing-22 >> Connection: keep-alive
2024-07-24 14:30:51.468 [Test worker] DEBUG c.g.d.z.s.o.a.hc.client5.http.wire - http-outgoing-22 >> "GET /v1.32/containers/66e2ed711703de84f2beec2511b3d671fb3044c0bdf4ac2ac73142c898adb892/json HTTP/1.1[\r][\n]"
2024-07-24 14:30:51.468 [Test worker] DEBUG c.g.d.z.s.o.a.hc.client5.http.wire - http-outgoing-22 >> "accept: application/json[\r][\n]"
2024-07-24 14:30:51.468 [Test worker] DEBUG c.g.d.z.s.o.a.hc.client5.http.wire - http-outgoing-22 >> "x-tc-sid: 280e6229-7396-4d60-b1e3-a5de48b5d49b[\r][\n]"
2024-07-24 14:30:51.468 [Test worker] DEBUG c.g.d.z.s.o.a.hc.client5.http.wire - http-outgoing-22 >> "User-Agent: tc-java/1.19.8[\r][\n]"
2024-07-24 14:30:51.468 [Test worker] DEBUG c.g.d.z.s.o.a.hc.client5.http.wire - http-outgoing-22 >> "Accept-Encoding: gzip, x-gzip, deflate[\r][\n]"
2024-07-24 14:30:51.468 [Test worker] DEBUG c.g.d.z.s.o.a.hc.client5.http.wire - http-outgoing-22 >> "Host: localhost:2375[\r][\n]"
2024-07-24 14:30:51.468 [Test worker] DEBUG c.g.d.z.s.o.a.hc.client5.http.wire - http-outgoing-22 >> "Connection: keep-alive[\r][\n]"
2024-07-24 14:30:51.468 [Test worker] DEBUG c.g.d.z.s.o.a.hc.client5.http.wire - http-outgoing-22 >> "[\r][\n]"
2024-07-24 14:30:51.483 [Test worker] DEBUG c.g.d.z.s.o.a.hc.client5.http.wire - http-outgoing-22 << "HTTP/1.1 200 OK[\r][\n]"
2024-07-24 14:30:51.483 [Test worker] DEBUG c.g.d.z.s.o.a.hc.client5.http.wire - http-outgoing-22 << "Api-Version: 1.45[\r][\n]"
2024-07-24 14:30:51.483 [Test worker] DEBUG c.g.d.z.s.o.a.hc.client5.http.wire - http-outgoing-22 << "Content-Type: application/json[\r][\n]"
2024-07-24 14:30:51.483 [Test worker] DEBUG c.g.d.z.s.o.a.hc.client5.http.wire - http-outgoing-22 << "Date: Wed, 24 Jul 2024 02:30:51 GMT[\r][\n]"
2024-07-24 14:30:51.483 [Test worker] DEBUG c.g.d.z.s.o.a.hc.client5.http.wire - http-outgoing-22 << "Docker-Experimental: false[\r][\n]"
2024-07-24 14:30:51.483 [Test worker] DEBUG c.g.d.z.s.o.a.hc.client5.http.wire - http-outgoing-22 << "Ostype: linux[\r][\n]"
2024-07-24 14:30:51.483 [Test worker] DEBUG c.g.d.z.s.o.a.hc.client5.http.wire - http-outgoing-22 << "Server: Docker/26.0.0 (linux)[\r][\n]"
2024-07-24 14:30:51.483 [Test worker] DEBUG c.g.d.z.s.o.a.hc.client5.http.wire - http-outgoing-22 << "Transfer-Encoding: chunked[\r][\n]"
2024-07-24 14:30:51.483 [Test worker] DEBUG c.g.d.z.s.o.a.hc.client5.http.wire - http-outgoing-22 << "[\r][\n]"
2024-07-24 14:30:51.483 [Test worker] DEBUG c.g.d.z.s.o.a.h.client5.http.headers - http-outgoing-22 << HTTP/1.1 200 OK
2024-07-24 14:30:51.483 [Test worker] DEBUG c.g.d.z.s.o.a.h.client5.http.headers - http-outgoing-22 << Api-Version: 1.45
2024-07-24 14:30:51.483 [Test worker] DEBUG c.g.d.z.s.o.a.h.client5.http.headers - http-outgoing-22 << Content-Type: application/json
2024-07-24 14:30:51.483 [Test worker] DEBUG c.g.d.z.s.o.a.h.client5.http.headers - http-outgoing-22 << Date: Wed, 24 Jul 2024 02:30:51 GMT
2024-07-24 14:30:51.483 [Test worker] DEBUG c.g.d.z.s.o.a.h.client5.http.headers - http-outgoing-22 << Docker-Experimental: false
2024-07-24 14:30:51.483 [Test worker] DEBUG c.g.d.z.s.o.a.h.client5.http.headers - http-outgoing-22 << Ostype: linux
2024-07-24 14:30:51.483 [Test worker] DEBUG c.g.d.z.s.o.a.h.client5.http.headers - http-outgoing-22 << Server: Docker/26.0.0 (linux)
2024-07-24 14:30:51.483 [Test worker] DEBUG c.g.d.z.s.o.a.h.client5.http.headers - http-outgoing-22 << Transfer-Encoding: chunked
2024-07-24 14:30:51.483 [Test worker] DEBUG c.g.d.z.s.o.a.h.c.h.i.c.MainClientExec - ex-000000EF: connection can be kept alive for 3 MINUTES
2024-07-24 14:30:51.484 [Test worker] DEBUG c.g.d.z.s.o.a.hc.client5.http.wire - http-outgoing-22 << "1945[\r][\n]"
2024-07-24 14:30:51.484 [Test worker] DEBUG c.g.d.z.s.o.a.hc.client5.http.wire - http-outgoing-22 << "{"Id":"66e2ed711703de84f2beec2511b3d671fb3044c0bdf4ac2ac73142c898adb892","Created":"2024-07-24T02:30:48.962436808Z","Path":"docker-entrypoint.sh","Args":["postgres","-c","fsync=off"],"State":{"Status":"exited","Running":false,"Paused":false,"Restarting":false,"OOMKilled":false,"Dead":false,"Pid":0,"ExitCode":137,"Error":"","StartedAt":"2024-07-24T02:30:49.411799671Z","FinishedAt":"2024-07-24T02:30:50.881156021Z"},"Image":"sha256:8e4fc9e184899a58735e7ee333f5e272d7d2298cf59302006b71f33e217be130","ResolvConfPath":"/var/lib/docker/containers/66e2ed711703de84f2beec2511b3d671fb3044c0bdf4ac2ac73142c898adb892/resolv.conf","HostnamePath":"/var/lib/docker/containers/66e2ed711703de84f2beec2511b3d671fb3044c0bdf4ac2ac73142c898adb892/hostname","HostsPath":"/var/lib/docker/containers/66e2ed711703de84f2beec2511b3d671fb3044c0bdf4ac2ac73142c898adb892/hosts","LogPath":"/var/lib/docker/containers/66e2ed711703de84f2beec2511b3d671fb3044c0bdf4ac2ac73142c898adb892/66e2ed711703de84f2beec2511b3d671fb3044c0bdf4ac2ac73142c898adb892-json.log","Name":"/mystifying_heyrovsky","RestartCount":0,"Driver":"overlay2","Platform":"linux","MountLabel":"","ProcessLabel":"","AppArmorProfile":"","ExecIDs":null,"HostConfig":{"Binds":[],"ContainerIDFile":"","LogConfig":{"Type":"json-file","Config":{}},"NetworkMode":"default","PortBindings":{"5432/tcp":[{"HostIp":"0.0.0.0","HostPort":"0"}]},"RestartPolicy":{"Name":"no","MaximumRetryCount":0},"AutoRemove":false,"VolumeDriver":"","VolumesFrom":[],"ConsoleSize":[0,0],"CapAdd":null,"CapDrop":null,"CgroupnsMode":"host","Dns":null,"DnsOptions":null,"DnsSearch":null,"ExtraHosts":[],"GroupAdd":null,"IpcMode":"shareable","Cgroup":"","Links":null,"OomScoreAdj":0,"PidMode":"","Privileged":false,"PublishAllPorts":false,"ReadonlyRootfs":false,"SecurityOpt":null,"UTSMode":"","UsernsMode":"","ShmSize":67108864,"Runtime":"runc","Isolation":"","CpuShares":0,"Memory":0,"NanoCpus":0,"CgroupParent":"","BlkioWeight":0,"BlkioWeightDevice":null,"BlkioDeviceReadBps":null,"BlkioDeviceWriteBps":null,"BlkioDeviceReadIOps":null,"BlkioDeviceWriteIOps":null,"CpuPeriod":0,"CpuQuota":0,"CpuRealtimePeriod":0,"CpuRealtimeRuntime":0,"CpusetCpus":"","CpusetMems":"","Devices":null,"DeviceCgroupRules":null,"DeviceRequests":null,"MemoryReservation":0,"MemorySwap":0,"MemorySwappiness":null,"OomKillDisable":false,"PidsLimit":null,"Ulimits":null,"CpuCount":0,"CpuPercent":0,"IOMaximumIOps":0,"IOMaximumBandwidth":0,"MaskedPaths":["/proc/asound","/proc/acpi","/proc/kcore","/proc/keys","/proc/latency_stats","/proc/timer_list","/proc/timer_stats","/proc/sched_debug","/proc/scsi","/sys/firmware","/sys/devices/virtual/powercap"],"ReadonlyPaths":["/proc/bus","/proc/fs","/proc/irq","/proc/sys","/proc/sysrq-trigger"]},"GraphDriver":{"Data":{"LowerDir":"/var/lib/docker/overlay2/8ab4090c2ff3b59b9a61408f4a5294f97abb90f9d038b581f91bd4ad8ca1554f-init/diff:/var/lib/docker/overlay2/8f0ddbd386af0785c2e348570516955816ab350305d698d363962d488eeb15ec/diff:/var/lib/docker/overlay2/0eb0ca73e9b0be7c3d7fa8762ef4778a68f38391bc84c037c2e90b88e781b475/diff:/var/lib/docker/overlay2/74e634bddc785c5d436b10a5158cd82e21dc2065fd1cf8ff9c1c12e01575a2d8/diff:/var/lib/docker/overlay2/bb918b2851cd2f508f1e3fdbfff8b7f8b041d61e65fe8c368288bf399e80b818/diff:/var/lib/docker/overlay2/2abab2946cbdc2941ee8ec4024c51dac7313dee9de5fbedd1ca33388c59eb3c8/diff:/var/lib/docker/overlay2/e12f6083ee669bd92743ceb339a896bb25dbe461b718705bb39eb410b80c0ecd/diff:/var/lib/docker/overlay2/ced1e86d670d097da5ed4da7288c22507735918959161c2cd8bf083fb30d169a/diff:/var/lib/docker/overlay2/94e9ac7b74923285ae73af20aeccb964ca9079e2305db367cb85d1603560472d/diff:/var/lib/docker/overlay2/a396b6dfd63f0c228c519871183c614cccf4d366a43460f27ecf97113c3c4be8/diff:/var/lib/docker/overlay2/f58ada5d5080c2bac553c734f81127660a90581a35ed2a92cebe3c59e340875b/diff:/var/lib/docker/overlay2/84f85636f37bf55d945e217b4f87a856eba7932284beaf042561007b66f48977/diff:/var/lib/docker/overlay2/1e6e519613884e91a2b74a588ba35dc8a2f789371ab798ef6e7d9836d756042f/diff:/var/lib/docker/overlay2/14a3151cc8b4f9d27d2e64f1a8abc0c7809309580f2d7e8dc8545055c1d56194/diff"
2024-07-24 14:30:51.484 [Test worker] DEBUG c.g.d.z.s.o.a.hc.client5.http.wire - http-outgoing-22 << ":/var/lib/docker/overlay2/5b354b9e793401517fe2f1da697653fdaadffc54888eaf76d67e0600b8c68bdc/diff","MergedDir":"/var/lib/docker/overlay2/8ab4090c2ff3b59b9a61408f4a5294f97abb90f9d038b581f91bd4ad8ca1554f/merged","UpperDir":"/var/lib/docker/overlay2/8ab4090c2ff3b59b9a61408f4a5294f97abb90f9d038b581f91bd4ad8ca1554f/diff","WorkDir":"/var/lib/docker/overlay2/8ab4090c2ff3b59b9a61408f4a5294f97abb90f9d038b581f91bd4ad8ca1554f/work"},"Name":"overlay2"},"Mounts":[{"Type":"volume","Name":"191aecb902acf58c1809e236862ba4c7a2df528cd3598106a7954aae218d5e3c","Source":"/var/lib/docker/volumes/191aecb902acf58c1809e236862ba4c7a2df528cd3598106a7954aae218d5e3c/_data","Destination":"/var/lib/postgresql/data","Driver":"local","Mode":"","RW":true,"Propagation":""}],"Config":{"Hostname":"66e2ed711703","Domainname":"","User":"","AttachStdin":false,"AttachStdout":false,"AttachStderr":false,"ExposedPorts":{"5432/tcp":{}},"Tty":false,"OpenStdin":false,"StdinOnce":false,"Env":["POSTGRES_USER=user","POSTGRES_PASSWORD=password","POSTGRES_DB=db","PATH=/usr/local/sbin:/usr/local/bin:/usr/sbin:/usr/bin:/sbin:/bin:/usr/lib/postgresql/16/bin","GOSU_VERSION=1.17","LANG=en_US.utf8","PG_MAJOR=16","PG_VERSION=16.2-1.pgdg120+2","PGDATA=/var/lib/postgresql/data"],"Cmd":["postgres","-c","fsync=off"],"Image":"postgres:latest","Volumes":{"/var/lib/postgresql/data":{}},"WorkingDir":"","Entrypoint":["docker-entrypoint.sh"],"OnBuild":null,"Labels":{"org.testcontainers":"true","org.testcontainers.lang":"java","org.testcontainers.sessionId":"280e6229-7396-4d60-b1e3-a5de48b5d49b","org.testcontainers.version":"1.19.8"},"StopSignal":"SIGINT"},"NetworkSettings":{"Bridge":"","SandboxID":"5177fb4bd92f593d576ddb2ab87387edf7af7f0c6a783a733201a12c766d0d47","SandboxKey":"/var/run/docker/netns/5177fb4bd92f","Ports":{},"HairpinMode":false,"LinkLocalIPv6Address":"","LinkLocalIPv6PrefixLen":0,"SecondaryIPAddresses":null,"SecondaryIPv6Addresses":null,"EndpointID":"","Gateway":"","GlobalIPv6Address":"","GlobalIPv6PrefixLen":0,"IPAddress":"","IPPrefixLen":0,"IPv6Gateway":"","MacAddress":"","Networks":{"bridge":{"IPAMConfig":null,"Links":null,"Aliases":null,"MacAddress":"","NetworkID":"3c842496be344cbdae878c1dee0957e7bc7c0a2236009c92752030f2b053e72f","EndpointID":"","Gateway":"","IPAddress":"","IPPrefixLen":0,"IPv6Gateway":"","GlobalIPv6Address":"","GlobalIPv6PrefixLen":0,"DriverOpts":null,"DNSNames":null}}}}[\n]"
2024-07-24 14:30:51.485 [Test worker] DEBUG c.g.d.z.s.o.a.hc.client5.http.wire - http-outgoing-22 << "[\r][\n]"
2024-07-24 14:30:51.485 [Test worker] DEBUG c.g.d.z.s.o.a.hc.client5.http.wire - http-outgoing-22 << "0[\r][\n]"
2024-07-24 14:30:51.485 [Test worker] DEBUG c.g.d.z.s.o.a.hc.client5.http.wire - http-outgoing-22 << "[\r][\n]"
2024-07-24 14:30:51.485 [Test worker] DEBUG c.g.d.z.s.o.a.h.c.h.i.c.InternalHttpClient - ep-000000EE: releasing valid endpoint
2024-07-24 14:30:51.485 [Test worker] DEBUG c.g.d.z.s.o.a.h.c.h.i.i.PoolingHttpClientConnectionManager - ep-000000EE: releasing endpoint
2024-07-24 14:30:51.485 [Test worker] DEBUG c.g.d.z.s.o.a.h.c.h.i.i.PoolingHttpClientConnectionManager - ep-000000EE: connection http-outgoing-22 can be kept alive for 3 MINUTES
2024-07-24 14:30:51.485 [Test worker] DEBUG c.g.d.z.s.o.a.h.c.h.i.i.PoolingHttpClientConnectionManager - ep-000000EE: connection released [route: {}->npipe://localhost:2375][total available: 1; route allocated: 1 of 2147483647; total allocated: 1 of 2147483647]
2024-07-24 14:30:51.485 [Test worker] TRACE o.t.utility.ResourceReaper - Removing container: 66e2ed711703de84f2beec2511b3d671fb3044c0bdf4ac2ac73142c898adb892
2024-07-24 14:30:51.485 [Test worker] DEBUG o.t.s.c.g.d.c.command.AbstrDockerCmd - Cmd: 66e2ed711703de84f2beec2511b3d671fb3044c0bdf4ac2ac73142c898adb892,true,true
2024-07-24 14:30:51.486 [Test worker] TRACE o.t.s.c.g.d.c.e.RemoveContainerCmdExec - DELETE: DefaultWebTarget{path=[/containers/66e2ed711703de84f2beec2511b3d671fb3044c0bdf4ac2ac73142c898adb892], queryParams={v=[true], force=[true]}}
2024-07-24 14:30:51.486 [Test worker] DEBUG c.g.d.z.s.o.a.h.c.h.i.c.InternalHttpClient - ex-000000F0: preparing request execution
2024-07-24 14:30:51.486 [Test worker] DEBUG c.g.d.z.s.o.a.h.c.h.p.RequestAddCookies - Cookie spec selected: strict
2024-07-24 14:30:51.486 [Test worker] DEBUG c.g.d.z.s.o.a.h.c.h.p.RequestAuthCache - Auth cache not set in the context
2024-07-24 14:30:51.486 [Test worker] DEBUG c.g.d.z.s.o.a.h.c.h.i.c.ProtocolExec - ex-000000F0: target auth state: UNCHALLENGED
2024-07-24 14:30:51.486 [Test worker] DEBUG c.g.d.z.s.o.a.h.c.h.i.c.ProtocolExec - ex-000000F0: proxy auth state: UNCHALLENGED
2024-07-24 14:30:51.486 [Test worker] DEBUG c.g.d.z.s.o.a.h.c.h.i.c.ConnectExec - ex-000000F0: acquiring connection with route {}->npipe://localhost:2375
2024-07-24 14:30:51.486 [Test worker] DEBUG c.g.d.z.s.o.a.h.c.h.i.c.InternalHttpClient - ex-000000F0: acquiring endpoint (3 MINUTES)
2024-07-24 14:30:51.486 [Test worker] DEBUG c.g.d.z.s.o.a.h.c.h.i.i.PoolingHttpClientConnectionManager - ex-000000F0: endpoint lease request (3 MINUTES) [route: {}->npipe://localhost:2375][total available: 1; route allocated: 1 of 2147483647; total allocated: 1 of 2147483647]
2024-07-24 14:30:51.486 [Test worker] DEBUG c.g.d.z.s.o.a.h.c.h.i.i.PoolingHttpClientConnectionManager - ex-000000F0: endpoint leased [route: {}->npipe://localhost:2375][total available: 0; route allocated: 1 of 2147483647; total allocated: 1 of 2147483647]
2024-07-24 14:30:51.486 [Test worker] DEBUG c.g.d.z.s.o.a.h.c.h.i.i.PoolingHttpClientConnectionManager - ex-000000F0: acquired ep-000000EF
2024-07-24 14:30:51.486 [Test worker] DEBUG c.g.d.z.s.o.a.h.c.h.i.c.InternalHttpClient - ex-000000F0: acquired endpoint ep-000000EF
2024-07-24 14:30:51.486 [Test worker] DEBUG c.g.d.z.s.o.a.h.c.h.i.c.MainClientExec - ex-000000F0: executing DELETE /v1.32/containers/66e2ed711703de84f2beec2511b3d671fb3044c0bdf4ac2ac73142c898adb892?v=true&force=true HTTP/1.1
2024-07-24 14:30:51.486 [Test worker] DEBUG c.g.d.z.s.o.a.h.c.h.i.c.InternalHttpClient - ep-000000EF: start execution ex-000000F0
2024-07-24 14:30:51.486 [Test worker] DEBUG c.g.d.z.s.o.a.h.c.h.i.i.PoolingHttpClientConnectionManager - ep-000000EF: executing exchange ex-000000F0 over http-outgoing-22
2024-07-24 14:30:51.486 [Test worker] DEBUG c.g.d.z.s.o.a.h.client5.http.headers - http-outgoing-22 >> DELETE /v1.32/containers/66e2ed711703de84f2beec2511b3d671fb3044c0bdf4ac2ac73142c898adb892?v=true&force=true HTTP/1.1
2024-07-24 14:30:51.486 [Test worker] DEBUG c.g.d.z.s.o.a.h.client5.http.headers - http-outgoing-22 >> accept: application/json
2024-07-24 14:30:51.486 [Test worker] DEBUG c.g.d.z.s.o.a.h.client5.http.headers - http-outgoing-22 >> x-tc-sid: 280e6229-7396-4d60-b1e3-a5de48b5d49b
2024-07-24 14:30:51.486 [Test worker] DEBUG c.g.d.z.s.o.a.h.client5.http.headers - http-outgoing-22 >> User-Agent: tc-java/1.19.8
2024-07-24 14:30:51.486 [Test worker] DEBUG c.g.d.z.s.o.a.h.client5.http.headers - http-outgoing-22 >> Accept-Encoding: gzip, x-gzip, deflate
2024-07-24 14:30:51.486 [Test worker] DEBUG c.g.d.z.s.o.a.h.client5.http.headers - http-outgoing-22 >> Host: localhost:2375
2024-07-24 14:30:51.486 [Test worker] DEBUG c.g.d.z.s.o.a.h.client5.http.headers - http-outgoing-22 >> Connection: keep-alive
2024-07-24 14:30:51.486 [Test worker] DEBUG c.g.d.z.s.o.a.hc.client5.http.wire - http-outgoing-22 >> "DELETE /v1.32/containers/66e2ed711703de84f2beec2511b3d671fb3044c0bdf4ac2ac73142c898adb892?v=true&force=true HTTP/1.1[\r][\n]"
2024-07-24 14:30:51.486 [Test worker] DEBUG c.g.d.z.s.o.a.hc.client5.http.wire - http-outgoing-22 >> "accept: application/json[\r][\n]"
2024-07-24 14:30:51.486 [Test worker] DEBUG c.g.d.z.s.o.a.hc.client5.http.wire - http-outgoing-22 >> "x-tc-sid: 280e6229-7396-4d60-b1e3-a5de48b5d49b[\r][\n]"
2024-07-24 14:30:51.486 [Test worker] DEBUG c.g.d.z.s.o.a.hc.client5.http.wire - http-outgoing-22 >> "User-Agent: tc-java/1.19.8[\r][\n]"
2024-07-24 14:30:51.486 [Test worker] DEBUG c.g.d.z.s.o.a.hc.client5.http.wire - http-outgoing-22 >> "Accept-Encoding: gzip, x-gzip, deflate[\r][\n]"
2024-07-24 14:30:51.486 [Test worker] DEBUG c.g.d.z.s.o.a.hc.client5.http.wire - http-outgoing-22 >> "Host: localhost:2375[\r][\n]"
2024-07-24 14:30:51.486 [Test worker] DEBUG c.g.d.z.s.o.a.hc.client5.http.wire - http-outgoing-22 >> "Connection: keep-alive[\r][\n]"
2024-07-24 14:30:51.486 [Test worker] DEBUG c.g.d.z.s.o.a.hc.client5.http.wire - http-outgoing-22 >> "[\r][\n]"
2024-07-24 14:30:51.555 [Test worker] DEBUG c.g.d.z.s.o.a.hc.client5.http.wire - http-outgoing-22 << "HTTP/1.1 204 No Content[\r][\n]"
2024-07-24 14:30:51.555 [Test worker] DEBUG c.g.d.z.s.o.a.hc.client5.http.wire - http-outgoing-22 << "Api-Version: 1.45[\r][\n]"
2024-07-24 14:30:51.555 [Test worker] DEBUG c.g.d.z.s.o.a.hc.client5.http.wire - http-outgoing-22 << "Date: Wed, 24 Jul 2024 02:30:51 GMT[\r][\n]"
2024-07-24 14:30:51.555 [Test worker] DEBUG c.g.d.z.s.o.a.hc.client5.http.wire - http-outgoing-22 << "Docker-Experimental: false[\r][\n]"
2024-07-24 14:30:51.555 [Test worker] DEBUG c.g.d.z.s.o.a.hc.client5.http.wire - http-outgoing-22 << "Ostype: linux[\r][\n]"
2024-07-24 14:30:51.555 [Test worker] DEBUG c.g.d.z.s.o.a.hc.client5.http.wire - http-outgoing-22 << "Server: Docker/26.0.0 (linux)[\r][\n]"
2024-07-24 14:30:51.555 [Test worker] DEBUG c.g.d.z.s.o.a.hc.client5.http.wire - http-outgoing-22 << "[\r][\n]"
2024-07-24 14:30:51.555 [Test worker] DEBUG c.g.d.z.s.o.a.h.client5.http.headers - http-outgoing-22 << HTTP/1.1 204 No Content
2024-07-24 14:30:51.556 [Test worker] DEBUG c.g.d.z.s.o.a.h.client5.http.headers - http-outgoing-22 << Api-Version: 1.45
2024-07-24 14:30:51.556 [Test worker] DEBUG c.g.d.z.s.o.a.h.client5.http.headers - http-outgoing-22 << Date: Wed, 24 Jul 2024 02:30:51 GMT
2024-07-24 14:30:51.556 [Test worker] DEBUG c.g.d.z.s.o.a.h.client5.http.headers - http-outgoing-22 << Docker-Experimental: false
2024-07-24 14:30:51.556 [Test worker] DEBUG c.g.d.z.s.o.a.h.client5.http.headers - http-outgoing-22 << Ostype: linux
2024-07-24 14:30:51.556 [Test worker] DEBUG c.g.d.z.s.o.a.h.client5.http.headers - http-outgoing-22 << Server: Docker/26.0.0 (linux)
2024-07-24 14:30:51.556 [Test worker] DEBUG c.g.d.z.s.o.a.h.c.h.i.c.MainClientExec - ex-000000F0: connection can be kept alive for 3 MINUTES
2024-07-24 14:30:51.556 [Test worker] DEBUG c.g.d.z.s.o.a.h.c.h.i.c.InternalHttpClient - ep-000000EF: releasing valid endpoint
2024-07-24 14:30:51.556 [Test worker] DEBUG c.g.d.z.s.o.a.h.c.h.i.i.PoolingHttpClientConnectionManager - ep-000000EF: releasing endpoint
2024-07-24 14:30:51.556 [Test worker] DEBUG c.g.d.z.s.o.a.h.c.h.i.i.PoolingHttpClientConnectionManager - ep-000000EF: connection http-outgoing-22 can be kept alive for 3 MINUTES
2024-07-24 14:30:51.556 [Test worker] DEBUG c.g.d.z.s.o.a.h.c.h.i.i.PoolingHttpClientConnectionManager - ep-000000EF: connection released [route: {}->npipe://localhost:2375][total available: 1; route allocated: 1 of 2147483647; total allocated: 1 of 2147483647]
2024-07-24 14:30:51.556 [Test worker] DEBUG o.t.utility.ResourceReaper - Removed container and associated volume(s): postgres:latest
2024-07-24 14:30:51.557 [Test worker] DEBUG o.t.u.PrefixingImageNameSubstitutor - No prefix is configured
2024-07-24 14:30:51.557 [Test worker] DEBUG o.t.utility.ImageNameSubstitutor - Did not find a substitute image for postgres:latest (using image substitutor: DefaultImageNameSubstitutor (composite of 'ConfigurationFileImageNameSubstitutor' and 'PrefixingImageNameSubstitutor'))
2024-07-24 14:30:51.557 [Test worker] TRACE tc.postgres:latest - postgres:latest is already in image name cache
2024-07-24 14:30:51.557 [Test worker] DEBUG o.t.images.AbstractImagePullPolicy - Using locally available and not pulling image: postgres:latest
2024-07-24 14:30:51.557 [Test worker] DEBUG tc.postgres:latest - Starting container: postgres:latest
2024-07-24 14:30:51.557 [Test worker] DEBUG tc.postgres:latest - Trying to start container: postgres:latest (attempt 1/1)
2024-07-24 14:30:51.557 [Test worker] DEBUG tc.postgres:latest - Starting container: postgres:latest
2024-07-24 14:30:51.557 [Test worker] INFO  tc.postgres:latest - Creating container for image: postgres:latest
2024-07-24 14:30:51.557 [Test worker] DEBUG o.t.utility.RegistryAuthLocator - Looking up auth config for image: postgres:latest at registry: https://index.docker.io/v1/
2024-07-24 14:30:51.557 [Test worker] DEBUG o.t.utility.RegistryAuthLocator - No matching Auth Configs - falling back to defaultAuthConfig [null]
2024-07-24 14:30:51.557 [Test worker] DEBUG o.t.d.AuthDelegatingDockerClientConfig - Effective auth config [null]
2024-07-24 14:30:51.557 [Test worker] DEBUG o.t.s.c.g.d.c.command.AbstrDockerCmd - Cmd: org.testcontainers.shaded.com.github.dockerjava.core.command.CreateContainerCmdImpl@7cf63b9a[aliases=<null>,argsEscaped=<null>,attachStderr=<null>,attachStdin=<null>,attachStdout=<null>,authConfig=<null>,cmd={postgres,-c,fsync=off},domainName=<null>,entrypoint=<null>,env={POSTGRES_USER=user,POSTGRES_PASSWORD=password,POSTGRES_DB=db},exposedPorts=ExposedPorts(exposedPorts=[5432/tcp]),healthcheck=<null>,hostConfig=HostConfig(binds=[], blkioWeight=null, blkioWeightDevice=null, blkioDeviceReadBps=null, blkioDeviceWriteBps=null, blkioDeviceReadIOps=null, blkioDeviceWriteIOps=null, memorySwappiness=null, nanoCPUs=null, capAdd=null, capDrop=null, containerIDFile=null, cpuPeriod=null, cpuRealtimePeriod=null, cpuRealtimeRuntime=null, cpuShares=null, cpuQuota=null, cpusetCpus=null, cpusetMems=null, devices=null, deviceCgroupRules=null, deviceRequests=null, diskQuota=null, dns=null, dnsOptions=null, dnsSearch=null, extraHosts=[], groupAdd=null, ipcMode=null, cgroup=null, links=[], logConfig=LogConfig(type=null, config=null), lxcConf=null, memory=null, memorySwap=null, memoryReservation=null, kernelMemory=null, networkMode=null, oomKillDisable=null, init=null, autoRemove=null, oomScoreAdj=null, portBindings={5432/tcp=[Lcom.github.dockerjava.api.model.Ports$Binding;@50b734c4}, privileged=null, publishAllPorts=null, readonlyRootfs=null, restartPolicy=null, ulimits=null, cpuCount=null, cpuPercent=null, ioMaximumIOps=null, ioMaximumBandwidth=null, volumesFrom=[], mounts=null, pidMode=null, isolation=null, securityOpts=null, storageOpt=null, cgroupParent=null, volumeDriver=null, shmSize=null, pidsLimit=null, runtime=null, tmpFs=null, utSMode=null, usernsMode=null, sysctls=null, consoleSize=null, cgroupnsMode=null),hostName=<null>,image=postgres:latest,ipv4Address=<null>,ipv6Address=<null>,labels={org.testcontainers=true, org.testcontainers.lang=java, org.testcontainers.version=1.19.8, org.testcontainers.sessionId=280e6229-7396-4d60-b1e3-a5de48b5d49b},macAddress=<null>,name=<null>,networkDisabled=<null>,networkingConfig=<null>,onBuild=<null>,platform=<null>,portSpecs=<null>,shell=<null>,stdInOnce=<null>,stdinOpen=<null>,stopSignal=<null>,stopTimeout=<null>,tty=<null>,user=<null>,volumes=Volumes(volumes=[]),workingDir=<null>]
2024-07-24 14:30:51.558 [Test worker] TRACE o.t.s.c.g.d.c.e.CreateContainerCmdExec - POST: DefaultWebTarget{path=[/containers/create], queryParams={}} 
2024-07-24 14:30:51.558 [Test worker] DEBUG c.g.d.z.s.o.a.h.c.h.i.c.InternalHttpClient - ex-000000F1: preparing request execution
2024-07-24 14:30:51.558 [Test worker] DEBUG c.g.d.z.s.o.a.h.c.h.p.RequestAddCookies - Cookie spec selected: strict
2024-07-24 14:30:51.558 [Test worker] DEBUG c.g.d.z.s.o.a.h.c.h.p.RequestAuthCache - Auth cache not set in the context
2024-07-24 14:30:51.558 [Test worker] DEBUG c.g.d.z.s.o.a.h.c.h.i.c.ProtocolExec - ex-000000F1: target auth state: UNCHALLENGED
2024-07-24 14:30:51.558 [Test worker] DEBUG c.g.d.z.s.o.a.h.c.h.i.c.ProtocolExec - ex-000000F1: proxy auth state: UNCHALLENGED
2024-07-24 14:30:51.558 [Test worker] DEBUG c.g.d.z.s.o.a.h.c.h.i.c.ConnectExec - ex-000000F1: acquiring connection with route {}->npipe://localhost:2375
2024-07-24 14:30:51.558 [Test worker] DEBUG c.g.d.z.s.o.a.h.c.h.i.c.InternalHttpClient - ex-000000F1: acquiring endpoint (3 MINUTES)
2024-07-24 14:30:51.558 [Test worker] DEBUG c.g.d.z.s.o.a.h.c.h.i.i.PoolingHttpClientConnectionManager - ex-000000F1: endpoint lease request (3 MINUTES) [route: {}->npipe://localhost:2375][total available: 1; route allocated: 1 of 2147483647; total allocated: 1 of 2147483647]
2024-07-24 14:30:51.558 [Test worker] DEBUG c.g.d.z.s.o.a.h.c.h.i.i.PoolingHttpClientConnectionManager - ex-000000F1: endpoint leased [route: {}->npipe://localhost:2375][total available: 0; route allocated: 1 of 2147483647; total allocated: 1 of 2147483647]
2024-07-24 14:30:51.558 [Test worker] DEBUG c.g.d.z.s.o.a.h.c.h.i.i.PoolingHttpClientConnectionManager - ex-000000F1: acquired ep-000000F0
2024-07-24 14:30:51.558 [Test worker] DEBUG c.g.d.z.s.o.a.h.c.h.i.c.InternalHttpClient - ex-000000F1: acquired endpoint ep-000000F0
2024-07-24 14:30:51.558 [Test worker] DEBUG c.g.d.z.s.o.a.h.c.h.i.c.MainClientExec - ex-000000F1: executing POST /v1.32/containers/create HTTP/1.1
2024-07-24 14:30:51.558 [Test worker] DEBUG c.g.d.z.s.o.a.h.c.h.i.c.InternalHttpClient - ep-000000F0: start execution ex-000000F1
2024-07-24 14:30:51.558 [Test worker] DEBUG c.g.d.z.s.o.a.h.c.h.i.i.PoolingHttpClientConnectionManager - ep-000000F0: executing exchange ex-000000F1 over http-outgoing-22
2024-07-24 14:30:51.559 [Test worker] DEBUG c.g.d.z.s.o.a.h.client5.http.headers - http-outgoing-22 >> POST /v1.32/containers/create HTTP/1.1
2024-07-24 14:30:51.559 [Test worker] DEBUG c.g.d.z.s.o.a.h.client5.http.headers - http-outgoing-22 >> accept: application/json
2024-07-24 14:30:51.559 [Test worker] DEBUG c.g.d.z.s.o.a.h.client5.http.headers - http-outgoing-22 >> content-type: application/json
2024-07-24 14:30:51.559 [Test worker] DEBUG c.g.d.z.s.o.a.h.client5.http.headers - http-outgoing-22 >> x-tc-sid: 280e6229-7396-4d60-b1e3-a5de48b5d49b
2024-07-24 14:30:51.559 [Test worker] DEBUG c.g.d.z.s.o.a.h.client5.http.headers - http-outgoing-22 >> User-Agent: tc-java/1.19.8
2024-07-24 14:30:51.559 [Test worker] DEBUG c.g.d.z.s.o.a.h.client5.http.headers - http-outgoing-22 >> Accept-Encoding: gzip, x-gzip, deflate
2024-07-24 14:30:51.559 [Test worker] DEBUG c.g.d.z.s.o.a.h.client5.http.headers - http-outgoing-22 >> Content-Length: 2061
2024-07-24 14:30:51.559 [Test worker] DEBUG c.g.d.z.s.o.a.h.client5.http.headers - http-outgoing-22 >> Host: localhost:2375
2024-07-24 14:30:51.559 [Test worker] DEBUG c.g.d.z.s.o.a.h.client5.http.headers - http-outgoing-22 >> Connection: keep-alive
2024-07-24 14:30:51.559 [Test worker] DEBUG c.g.d.z.s.o.a.hc.client5.http.wire - http-outgoing-22 >> "POST /v1.32/containers/create HTTP/1.1[\r][\n]"
2024-07-24 14:30:51.559 [Test worker] DEBUG c.g.d.z.s.o.a.hc.client5.http.wire - http-outgoing-22 >> "accept: application/json[\r][\n]"
2024-07-24 14:30:51.559 [Test worker] DEBUG c.g.d.z.s.o.a.hc.client5.http.wire - http-outgoing-22 >> "content-type: application/json[\r][\n]"
2024-07-24 14:30:51.559 [Test worker] DEBUG c.g.d.z.s.o.a.hc.client5.http.wire - http-outgoing-22 >> "x-tc-sid: 280e6229-7396-4d60-b1e3-a5de48b5d49b[\r][\n]"
2024-07-24 14:30:51.559 [Test worker] DEBUG c.g.d.z.s.o.a.hc.client5.http.wire - http-outgoing-22 >> "User-Agent: tc-java/1.19.8[\r][\n]"
2024-07-24 14:30:51.559 [Test worker] DEBUG c.g.d.z.s.o.a.hc.client5.http.wire - http-outgoing-22 >> "Accept-Encoding: gzip, x-gzip, deflate[\r][\n]"
2024-07-24 14:30:51.559 [Test worker] DEBUG c.g.d.z.s.o.a.hc.client5.http.wire - http-outgoing-22 >> "Content-Length: 2061[\r][\n]"
2024-07-24 14:30:51.559 [Test worker] DEBUG c.g.d.z.s.o.a.hc.client5.http.wire - http-outgoing-22 >> "Host: localhost:2375[\r][\n]"
2024-07-24 14:30:51.559 [Test worker] DEBUG c.g.d.z.s.o.a.hc.client5.http.wire - http-outgoing-22 >> "Connection: keep-alive[\r][\n]"
2024-07-24 14:30:51.559 [Test worker] DEBUG c.g.d.z.s.o.a.hc.client5.http.wire - http-outgoing-22 >> "[\r][\n]"
2024-07-24 14:30:51.559 [Test worker] DEBUG c.g.d.z.s.o.a.hc.client5.http.wire - http-outgoing-22 >> "{"Hostname":null,"Domainname":null,"User":null,"AttachStdin":null,"AttachStdout":null,"AttachStderr":null,"PortSpecs":null,"Tty":null,"OpenStdin":null,"StdinOnce":null,"Env":["POSTGRES_USER=user","POSTGRES_PASSWORD=password","POSTGRES_DB=db"],"Cmd":["postgres","-c","fsync=off"],"Healthcheck":null,"ArgsEscaped":null,"Entrypoint":null,"Image":"postgres:latest","Volumes":{},"WorkingDir":null,"MacAddress":null,"OnBuild":null,"NetworkDisabled":null,"ExposedPorts":{"5432/tcp":{}},"StopSignal":null,"StopTimeout":null,"HostConfig":{"Binds":[],"BlkioWeight":null,"BlkioWeightDevice":null,"BlkioDeviceReadBps":null,"BlkioDeviceWriteBps":null,"BlkioDeviceReadIOps":null,"BlkioDeviceWriteIOps":null,"MemorySwappiness":null,"NanoCpus":null,"CapAdd":null,"CapDrop":null,"ContainerIDFile":null,"CpuPeriod":null,"CpuRealtimePeriod":null,"CpuRealtimeRuntime":null,"CpuShares":null,"CpuQuota":null,"CpusetCpus":null,"CpusetMems":null,"Devices":null,"DeviceCgroupRules":null,"DeviceRequests":null,"DiskQuota":null,"Dns":null,"DnsOptions":null,"DnsSearch":null,"ExtraHosts":[],"GroupAdd":null,"IpcMode":null,"Cgroup":null,"Links":[],"LogConfig":null,"LxcConf":null,"Memory":null,"MemorySwap":null,"MemoryReservation":null,"KernelMemory":null,"NetworkMode":null,"OomKillDisable":null,"Init":null,"AutoRemove":null,"OomScoreAdj":null,"PortBindings":{"5432/tcp":[{"HostIp":"","HostPort":""}]},"Privileged":null,"PublishAllPorts":null,"ReadonlyRootfs":null,"RestartPolicy":null,"Ulimits":null,"CpuCount":null,"CpuPercent":null,"IOMaximumIOps":null,"IOMaximumBandwidth":null,"VolumesFrom":[],"Mounts":null,"PidMode":null,"Isolation":null,"SecurityOpt":null,"StorageOpt":null,"CgroupParent":null,"VolumeDriver":null,"ShmSize":null,"PidsLimit":null,"Runtime":null,"Tmpfs":null,"UTSMode":null,"UsernsMode":null,"Sysctls":null,"ConsoleSize":null,"CgroupnsMode":null},"Labels":{"org.testcontainers":"true","org.testcontainers.lang":"java","org.testcontainers.version":"1.19.8","org.testcontainers.sessionId":"280e6229-7396-4d60-b1e3-a5de48b5d49b"},"Shell":null,"NetworkingConfig":null}"
2024-07-24 14:30:51.701 [Test worker] DEBUG c.g.d.z.s.o.a.hc.client5.http.wire - http-outgoing-22 << "HTTP/1.1 201 Created[\r][\n]"
2024-07-24 14:30:51.701 [Test worker] DEBUG c.g.d.z.s.o.a.hc.client5.http.wire - http-outgoing-22 << "Api-Version: 1.45[\r][\n]"
2024-07-24 14:30:51.701 [Test worker] DEBUG c.g.d.z.s.o.a.hc.client5.http.wire - http-outgoing-22 << "Content-Type: application/json[\r][\n]"
2024-07-24 14:30:51.701 [Test worker] DEBUG c.g.d.z.s.o.a.hc.client5.http.wire - http-outgoing-22 << "Date: Wed, 24 Jul 2024 02:30:51 GMT[\r][\n]"
2024-07-24 14:30:51.701 [Test worker] DEBUG c.g.d.z.s.o.a.hc.client5.http.wire - http-outgoing-22 << "Docker-Experimental: false[\r][\n]"
2024-07-24 14:30:51.701 [Test worker] DEBUG c.g.d.z.s.o.a.hc.client5.http.wire - http-outgoing-22 << "Ostype: linux[\r][\n]"
2024-07-24 14:30:51.701 [Test worker] DEBUG c.g.d.z.s.o.a.hc.client5.http.wire - http-outgoing-22 << "Server: Docker/26.0.0 (linux)[\r][\n]"
2024-07-24 14:30:51.701 [Test worker] DEBUG c.g.d.z.s.o.a.hc.client5.http.wire - http-outgoing-22 << "Transfer-Encoding: chunked[\r][\n]"
2024-07-24 14:30:51.701 [Test worker] DEBUG c.g.d.z.s.o.a.hc.client5.http.wire - http-outgoing-22 << "[\r][\n]"
2024-07-24 14:30:51.701 [Test worker] DEBUG c.g.d.z.s.o.a.h.client5.http.headers - http-outgoing-22 << HTTP/1.1 201 Created
2024-07-24 14:30:51.701 [Test worker] DEBUG c.g.d.z.s.o.a.h.client5.http.headers - http-outgoing-22 << Api-Version: 1.45
2024-07-24 14:30:51.701 [Test worker] DEBUG c.g.d.z.s.o.a.h.client5.http.headers - http-outgoing-22 << Content-Type: application/json
2024-07-24 14:30:51.701 [Test worker] DEBUG c.g.d.z.s.o.a.h.client5.http.headers - http-outgoing-22 << Date: Wed, 24 Jul 2024 02:30:51 GMT
2024-07-24 14:30:51.701 [Test worker] DEBUG c.g.d.z.s.o.a.h.client5.http.headers - http-outgoing-22 << Docker-Experimental: false
2024-07-24 14:30:51.701 [Test worker] DEBUG c.g.d.z.s.o.a.h.client5.http.headers - http-outgoing-22 << Ostype: linux
2024-07-24 14:30:51.701 [Test worker] DEBUG c.g.d.z.s.o.a.h.client5.http.headers - http-outgoing-22 << Server: Docker/26.0.0 (linux)
2024-07-24 14:30:51.701 [Test worker] DEBUG c.g.d.z.s.o.a.h.client5.http.headers - http-outgoing-22 << Transfer-Encoding: chunked
2024-07-24 14:30:51.702 [Test worker] DEBUG c.g.d.z.s.o.a.h.c.h.i.c.MainClientExec - ex-000000F1: connection can be kept alive for 3 MINUTES
2024-07-24 14:30:51.702 [Test worker] DEBUG c.g.d.z.s.o.a.hc.client5.http.wire - http-outgoing-22 << "58[\r][\n]"
2024-07-24 14:30:51.702 [Test worker] DEBUG c.g.d.z.s.o.a.hc.client5.http.wire - http-outgoing-22 << "{"Id":"f10406509958512fec1355ce42f14975228c4c993a7948f7acb05018968d7392","Warnings":[]}[\n]"
2024-07-24 14:30:51.702 [Test worker] DEBUG c.g.d.z.s.o.a.hc.client5.http.wire - http-outgoing-22 << "[\r][\n]"
2024-07-24 14:30:51.702 [Test worker] DEBUG c.g.d.z.s.o.a.hc.client5.http.wire - http-outgoing-22 << "0[\r][\n]"
2024-07-24 14:30:51.702 [Test worker] DEBUG c.g.d.z.s.o.a.hc.client5.http.wire - http-outgoing-22 << "[\r][\n]"
2024-07-24 14:30:51.702 [Test worker] DEBUG c.g.d.z.s.o.a.h.c.h.i.c.InternalHttpClient - ep-000000F0: releasing valid endpoint
2024-07-24 14:30:51.702 [Test worker] DEBUG c.g.d.z.s.o.a.h.c.h.i.i.PoolingHttpClientConnectionManager - ep-000000F0: releasing endpoint
2024-07-24 14:30:51.702 [Test worker] DEBUG c.g.d.z.s.o.a.h.c.h.i.i.PoolingHttpClientConnectionManager - ep-000000F0: connection http-outgoing-22 can be kept alive for 3 MINUTES
2024-07-24 14:30:51.702 [Test worker] DEBUG c.g.d.z.s.o.a.h.c.h.i.i.PoolingHttpClientConnectionManager - ep-000000F0: connection released [route: {}->npipe://localhost:2375][total available: 1; route allocated: 1 of 2147483647; total allocated: 1 of 2147483647]
2024-07-24 14:30:51.702 [Test worker] INFO  tc.postgres:latest - Container postgres:latest is starting: f10406509958512fec1355ce42f14975228c4c993a7948f7acb05018968d7392
2024-07-24 14:30:51.702 [Test worker] DEBUG o.t.s.c.g.d.c.command.AbstrDockerCmd - Cmd: f10406509958512fec1355ce42f14975228c4c993a7948f7acb05018968d7392
2024-07-24 14:30:51.703 [Test worker] TRACE o.t.s.c.g.d.c.e.StartContainerCmdExec - POST: DefaultWebTarget{path=[/containers/f10406509958512fec1355ce42f14975228c4c993a7948f7acb05018968d7392/start], queryParams={}}
2024-07-24 14:30:51.703 [Test worker] DEBUG c.g.d.z.s.o.a.h.c.h.i.c.InternalHttpClient - ex-000000F2: preparing request execution
2024-07-24 14:30:51.703 [Test worker] DEBUG c.g.d.z.s.o.a.h.c.h.p.RequestAddCookies - Cookie spec selected: strict
2024-07-24 14:30:51.703 [Test worker] DEBUG c.g.d.z.s.o.a.h.c.h.p.RequestAuthCache - Auth cache not set in the context
2024-07-24 14:30:51.703 [Test worker] DEBUG c.g.d.z.s.o.a.h.c.h.i.c.ProtocolExec - ex-000000F2: target auth state: UNCHALLENGED
2024-07-24 14:30:51.703 [Test worker] DEBUG c.g.d.z.s.o.a.h.c.h.i.c.ProtocolExec - ex-000000F2: proxy auth state: UNCHALLENGED
2024-07-24 14:30:51.703 [Test worker] DEBUG c.g.d.z.s.o.a.h.c.h.i.c.ConnectExec - ex-000000F2: acquiring connection with route {}->npipe://localhost:2375
2024-07-24 14:30:51.703 [Test worker] DEBUG c.g.d.z.s.o.a.h.c.h.i.c.InternalHttpClient - ex-000000F2: acquiring endpoint (3 MINUTES)
2024-07-24 14:30:51.703 [Test worker] DEBUG c.g.d.z.s.o.a.h.c.h.i.i.PoolingHttpClientConnectionManager - ex-000000F2: endpoint lease request (3 MINUTES) [route: {}->npipe://localhost:2375][total available: 1; route allocated: 1 of 2147483647; total allocated: 1 of 2147483647]
2024-07-24 14:30:51.704 [Test worker] DEBUG c.g.d.z.s.o.a.h.c.h.i.i.PoolingHttpClientConnectionManager - ex-000000F2: endpoint leased [route: {}->npipe://localhost:2375][total available: 0; route allocated: 1 of 2147483647; total allocated: 1 of 2147483647]
2024-07-24 14:30:51.704 [Test worker] DEBUG c.g.d.z.s.o.a.h.c.h.i.i.PoolingHttpClientConnectionManager - ex-000000F2: acquired ep-000000F1
2024-07-24 14:30:51.704 [Test worker] DEBUG c.g.d.z.s.o.a.h.c.h.i.c.InternalHttpClient - ex-000000F2: acquired endpoint ep-000000F1
2024-07-24 14:30:51.704 [Test worker] DEBUG c.g.d.z.s.o.a.h.c.h.i.c.MainClientExec - ex-000000F2: executing POST /v1.32/containers/f10406509958512fec1355ce42f14975228c4c993a7948f7acb05018968d7392/start HTTP/1.1
2024-07-24 14:30:51.704 [Test worker] DEBUG c.g.d.z.s.o.a.h.c.h.i.c.InternalHttpClient - ep-000000F1: start execution ex-000000F2
2024-07-24 14:30:51.704 [Test worker] DEBUG c.g.d.z.s.o.a.h.c.h.i.i.PoolingHttpClientConnectionManager - ep-000000F1: executing exchange ex-000000F2 over http-outgoing-22
2024-07-24 14:30:51.704 [Test worker] DEBUG c.g.d.z.s.o.a.h.client5.http.headers - http-outgoing-22 >> POST /v1.32/containers/f10406509958512fec1355ce42f14975228c4c993a7948f7acb05018968d7392/start HTTP/1.1
2024-07-24 14:30:51.704 [Test worker] DEBUG c.g.d.z.s.o.a.h.client5.http.headers - http-outgoing-22 >> accept: application/json
2024-07-24 14:30:51.704 [Test worker] DEBUG c.g.d.z.s.o.a.h.client5.http.headers - http-outgoing-22 >> content-type: application/json
2024-07-24 14:30:51.704 [Test worker] DEBUG c.g.d.z.s.o.a.h.client5.http.headers - http-outgoing-22 >> x-tc-sid: 280e6229-7396-4d60-b1e3-a5de48b5d49b
2024-07-24 14:30:51.704 [Test worker] DEBUG c.g.d.z.s.o.a.h.client5.http.headers - http-outgoing-22 >> User-Agent: tc-java/1.19.8
2024-07-24 14:30:51.704 [Test worker] DEBUG c.g.d.z.s.o.a.h.client5.http.headers - http-outgoing-22 >> Accept-Encoding: gzip, x-gzip, deflate
2024-07-24 14:30:51.704 [Test worker] DEBUG c.g.d.z.s.o.a.h.client5.http.headers - http-outgoing-22 >> Host: localhost:2375
2024-07-24 14:30:51.704 [Test worker] DEBUG c.g.d.z.s.o.a.h.client5.http.headers - http-outgoing-22 >> Connection: keep-alive
2024-07-24 14:30:51.704 [Test worker] DEBUG c.g.d.z.s.o.a.hc.client5.http.wire - http-outgoing-22 >> "POST /v1.32/containers/f10406509958512fec1355ce42f14975228c4c993a7948f7acb05018968d7392/start HTTP/1.1[\r][\n]"
2024-07-24 14:30:51.704 [Test worker] DEBUG c.g.d.z.s.o.a.hc.client5.http.wire - http-outgoing-22 >> "accept: application/json[\r][\n]"
2024-07-24 14:30:51.704 [Test worker] DEBUG c.g.d.z.s.o.a.hc.client5.http.wire - http-outgoing-22 >> "content-type: application/json[\r][\n]"
2024-07-24 14:30:51.704 [Test worker] DEBUG c.g.d.z.s.o.a.hc.client5.http.wire - http-outgoing-22 >> "x-tc-sid: 280e6229-7396-4d60-b1e3-a5de48b5d49b[\r][\n]"
2024-07-24 14:30:51.704 [Test worker] DEBUG c.g.d.z.s.o.a.hc.client5.http.wire - http-outgoing-22 >> "User-Agent: tc-java/1.19.8[\r][\n]"
2024-07-24 14:30:51.704 [Test worker] DEBUG c.g.d.z.s.o.a.hc.client5.http.wire - http-outgoing-22 >> "Accept-Encoding: gzip, x-gzip, deflate[\r][\n]"
2024-07-24 14:30:51.704 [Test worker] DEBUG c.g.d.z.s.o.a.hc.client5.http.wire - http-outgoing-22 >> "Host: localhost:2375[\r][\n]"
2024-07-24 14:30:51.704 [Test worker] DEBUG c.g.d.z.s.o.a.hc.client5.http.wire - http-outgoing-22 >> "Connection: keep-alive[\r][\n]"
2024-07-24 14:30:51.704 [Test worker] DEBUG c.g.d.z.s.o.a.hc.client5.http.wire - http-outgoing-22 >> "[\r][\n]"
2024-07-24 14:30:52.027 [Test worker] DEBUG c.g.d.z.s.o.a.hc.client5.http.wire - http-outgoing-22 << "HTTP/1.1 204 No Content[\r][\n]"
2024-07-24 14:30:52.027 [Test worker] DEBUG c.g.d.z.s.o.a.hc.client5.http.wire - http-outgoing-22 << "Api-Version: 1.45[\r][\n]"
2024-07-24 14:30:52.027 [Test worker] DEBUG c.g.d.z.s.o.a.hc.client5.http.wire - http-outgoing-22 << "Date: Wed, 24 Jul 2024 02:30:52 GMT[\r][\n]"
2024-07-24 14:30:52.027 [Test worker] DEBUG c.g.d.z.s.o.a.hc.client5.http.wire - http-outgoing-22 << "Docker-Experimental: false[\r][\n]"
2024-07-24 14:30:52.027 [Test worker] DEBUG c.g.d.z.s.o.a.hc.client5.http.wire - http-outgoing-22 << "Ostype: linux[\r][\n]"
2024-07-24 14:30:52.027 [Test worker] DEBUG c.g.d.z.s.o.a.hc.client5.http.wire - http-outgoing-22 << "Server: Docker/26.0.0 (linux)[\r][\n]"
2024-07-24 14:30:52.027 [Test worker] DEBUG c.g.d.z.s.o.a.hc.client5.http.wire - http-outgoing-22 << "[\r][\n]"
2024-07-24 14:30:52.027 [Test worker] DEBUG c.g.d.z.s.o.a.h.client5.http.headers - http-outgoing-22 << HTTP/1.1 204 No Content
2024-07-24 14:30:52.027 [Test worker] DEBUG c.g.d.z.s.o.a.h.client5.http.headers - http-outgoing-22 << Api-Version: 1.45
2024-07-24 14:30:52.027 [Test worker] DEBUG c.g.d.z.s.o.a.h.client5.http.headers - http-outgoing-22 << Date: Wed, 24 Jul 2024 02:30:52 GMT
2024-07-24 14:30:52.027 [Test worker] DEBUG c.g.d.z.s.o.a.h.client5.http.headers - http-outgoing-22 << Docker-Experimental: false
2024-07-24 14:30:52.027 [Test worker] DEBUG c.g.d.z.s.o.a.h.client5.http.headers - http-outgoing-22 << Ostype: linux
2024-07-24 14:30:52.027 [Test worker] DEBUG c.g.d.z.s.o.a.h.client5.http.headers - http-outgoing-22 << Server: Docker/26.0.0 (linux)
2024-07-24 14:30:52.028 [Test worker] DEBUG c.g.d.z.s.o.a.h.c.h.i.c.MainClientExec - ex-000000F2: connection can be kept alive for 3 MINUTES
2024-07-24 14:30:52.028 [Test worker] DEBUG c.g.d.z.s.o.a.h.c.h.i.c.InternalHttpClient - ep-000000F1: releasing valid endpoint
2024-07-24 14:30:52.028 [Test worker] DEBUG c.g.d.z.s.o.a.h.c.h.i.i.PoolingHttpClientConnectionManager - ep-000000F1: releasing endpoint
2024-07-24 14:30:52.028 [Test worker] DEBUG c.g.d.z.s.o.a.h.c.h.i.i.PoolingHttpClientConnectionManager - ep-000000F1: connection http-outgoing-22 can be kept alive for 3 MINUTES
2024-07-24 14:30:52.028 [Test worker] DEBUG c.g.d.z.s.o.a.h.c.h.i.i.PoolingHttpClientConnectionManager - ep-000000F1: connection released [route: {}->npipe://localhost:2375][total available: 1; route allocated: 1 of 2147483647; total allocated: 1 of 2147483647]
2024-07-24 14:30:52.028 [Test worker] DEBUG o.t.s.c.g.d.c.command.AbstrDockerCmd - Cmd: f10406509958512fec1355ce42f14975228c4c993a7948f7acb05018968d7392,false
2024-07-24 14:30:52.028 [Test worker] DEBUG o.t.s.c.g.d.c.e.InspectContainerCmdExec - GET: DefaultWebTarget{path=[/containers/f10406509958512fec1355ce42f14975228c4c993a7948f7acb05018968d7392/json], queryParams={}}
2024-07-24 14:30:52.029 [Test worker] DEBUG c.g.d.z.s.o.a.h.c.h.i.c.InternalHttpClient - ex-000000F3: preparing request execution
2024-07-24 14:30:52.029 [Test worker] DEBUG c.g.d.z.s.o.a.h.c.h.p.RequestAddCookies - Cookie spec selected: strict
2024-07-24 14:30:52.029 [Test worker] DEBUG c.g.d.z.s.o.a.h.c.h.p.RequestAuthCache - Auth cache not set in the context
2024-07-24 14:30:52.029 [Test worker] DEBUG c.g.d.z.s.o.a.h.c.h.i.c.ProtocolExec - ex-000000F3: target auth state: UNCHALLENGED
2024-07-24 14:30:52.029 [Test worker] DEBUG c.g.d.z.s.o.a.h.c.h.i.c.ProtocolExec - ex-000000F3: proxy auth state: UNCHALLENGED
2024-07-24 14:30:52.029 [Test worker] DEBUG c.g.d.z.s.o.a.h.c.h.i.c.ConnectExec - ex-000000F3: acquiring connection with route {}->npipe://localhost:2375
2024-07-24 14:30:52.029 [Test worker] DEBUG c.g.d.z.s.o.a.h.c.h.i.c.InternalHttpClient - ex-000000F3: acquiring endpoint (3 MINUTES)
2024-07-24 14:30:52.029 [Test worker] DEBUG c.g.d.z.s.o.a.h.c.h.i.i.PoolingHttpClientConnectionManager - ex-000000F3: endpoint lease request (3 MINUTES) [route: {}->npipe://localhost:2375][total available: 1; route allocated: 1 of 2147483647; total allocated: 1 of 2147483647]
2024-07-24 14:30:52.029 [Test worker] DEBUG c.g.d.z.s.o.a.h.c.h.i.i.PoolingHttpClientConnectionManager - ex-000000F3: endpoint leased [route: {}->npipe://localhost:2375][total available: 0; route allocated: 1 of 2147483647; total allocated: 1 of 2147483647]
2024-07-24 14:30:52.029 [Test worker] DEBUG c.g.d.z.s.o.a.h.c.h.i.i.PoolingHttpClientConnectionManager - ex-000000F3: acquired ep-000000F2
2024-07-24 14:30:52.029 [Test worker] DEBUG c.g.d.z.s.o.a.h.c.h.i.c.InternalHttpClient - ex-000000F3: acquired endpoint ep-000000F2
2024-07-24 14:30:52.029 [Test worker] DEBUG c.g.d.z.s.o.a.h.c.h.i.c.MainClientExec - ex-000000F3: executing GET /v1.32/containers/f10406509958512fec1355ce42f14975228c4c993a7948f7acb05018968d7392/json HTTP/1.1
2024-07-24 14:30:52.029 [Test worker] DEBUG c.g.d.z.s.o.a.h.c.h.i.c.InternalHttpClient - ep-000000F2: start execution ex-000000F3
2024-07-24 14:30:52.029 [Test worker] DEBUG c.g.d.z.s.o.a.h.c.h.i.i.PoolingHttpClientConnectionManager - ep-000000F2: executing exchange ex-000000F3 over http-outgoing-22
2024-07-24 14:30:52.029 [Test worker] DEBUG c.g.d.z.s.o.a.h.client5.http.headers - http-outgoing-22 >> GET /v1.32/containers/f10406509958512fec1355ce42f14975228c4c993a7948f7acb05018968d7392/json HTTP/1.1
2024-07-24 14:30:52.029 [Test worker] DEBUG c.g.d.z.s.o.a.h.client5.http.headers - http-outgoing-22 >> accept: application/json
2024-07-24 14:30:52.029 [Test worker] DEBUG c.g.d.z.s.o.a.h.client5.http.headers - http-outgoing-22 >> x-tc-sid: 280e6229-7396-4d60-b1e3-a5de48b5d49b
2024-07-24 14:30:52.029 [Test worker] DEBUG c.g.d.z.s.o.a.h.client5.http.headers - http-outgoing-22 >> User-Agent: tc-java/1.19.8
2024-07-24 14:30:52.029 [Test worker] DEBUG c.g.d.z.s.o.a.h.client5.http.headers - http-outgoing-22 >> Accept-Encoding: gzip, x-gzip, deflate
2024-07-24 14:30:52.029 [Test worker] DEBUG c.g.d.z.s.o.a.h.client5.http.headers - http-outgoing-22 >> Host: localhost:2375
2024-07-24 14:30:52.029 [Test worker] DEBUG c.g.d.z.s.o.a.h.client5.http.headers - http-outgoing-22 >> Connection: keep-alive
2024-07-24 14:30:52.029 [Test worker] DEBUG c.g.d.z.s.o.a.hc.client5.http.wire - http-outgoing-22 >> "GET /v1.32/containers/f10406509958512fec1355ce42f14975228c4c993a7948f7acb05018968d7392/json HTTP/1.1[\r][\n]"
2024-07-24 14:30:52.029 [Test worker] DEBUG c.g.d.z.s.o.a.hc.client5.http.wire - http-outgoing-22 >> "accept: application/json[\r][\n]"
2024-07-24 14:30:52.029 [Test worker] DEBUG c.g.d.z.s.o.a.hc.client5.http.wire - http-outgoing-22 >> "x-tc-sid: 280e6229-7396-4d60-b1e3-a5de48b5d49b[\r][\n]"
2024-07-24 14:30:52.029 [Test worker] DEBUG c.g.d.z.s.o.a.hc.client5.http.wire - http-outgoing-22 >> "User-Agent: tc-java/1.19.8[\r][\n]"
2024-07-24 14:30:52.029 [Test worker] DEBUG c.g.d.z.s.o.a.hc.client5.http.wire - http-outgoing-22 >> "Accept-Encoding: gzip, x-gzip, deflate[\r][\n]"
2024-07-24 14:30:52.029 [Test worker] DEBUG c.g.d.z.s.o.a.hc.client5.http.wire - http-outgoing-22 >> "Host: localhost:2375[\r][\n]"
2024-07-24 14:30:52.029 [Test worker] DEBUG c.g.d.z.s.o.a.hc.client5.http.wire - http-outgoing-22 >> "Connection: keep-alive[\r][\n]"
2024-07-24 14:30:52.029 [Test worker] DEBUG c.g.d.z.s.o.a.hc.client5.http.wire - http-outgoing-22 >> "[\r][\n]"
2024-07-24 14:30:52.033 [Test worker] DEBUG c.g.d.z.s.o.a.hc.client5.http.wire - http-outgoing-22 << "HTTP/1.1 200 OK[\r][\n]"
2024-07-24 14:30:52.033 [Test worker] DEBUG c.g.d.z.s.o.a.hc.client5.http.wire - http-outgoing-22 << "Api-Version: 1.45[\r][\n]"
2024-07-24 14:30:52.033 [Test worker] DEBUG c.g.d.z.s.o.a.hc.client5.http.wire - http-outgoing-22 << "Content-Type: application/json[\r][\n]"
2024-07-24 14:30:52.033 [Test worker] DEBUG c.g.d.z.s.o.a.hc.client5.http.wire - http-outgoing-22 << "Date: Wed, 24 Jul 2024 02:30:52 GMT[\r][\n]"
2024-07-24 14:30:52.033 [Test worker] DEBUG c.g.d.z.s.o.a.hc.client5.http.wire - http-outgoing-22 << "Docker-Experimental: false[\r][\n]"
2024-07-24 14:30:52.033 [Test worker] DEBUG c.g.d.z.s.o.a.hc.client5.http.wire - http-outgoing-22 << "Ostype: linux[\r][\n]"
2024-07-24 14:30:52.033 [Test worker] DEBUG c.g.d.z.s.o.a.hc.client5.http.wire - http-outgoing-22 << "Server: Docker/26.0.0 (linux)[\r][\n]"
2024-07-24 14:30:52.033 [Test worker] DEBUG c.g.d.z.s.o.a.hc.client5.http.wire - http-outgoing-22 << "Transfer-Encoding: chunked[\r][\n]"
2024-07-24 14:30:52.033 [Test worker] DEBUG c.g.d.z.s.o.a.hc.client5.http.wire - http-outgoing-22 << "[\r][\n]"
2024-07-24 14:30:52.033 [Test worker] DEBUG c.g.d.z.s.o.a.h.client5.http.headers - http-outgoing-22 << HTTP/1.1 200 OK
2024-07-24 14:30:52.033 [Test worker] DEBUG c.g.d.z.s.o.a.h.client5.http.headers - http-outgoing-22 << Api-Version: 1.45
2024-07-24 14:30:52.033 [Test worker] DEBUG c.g.d.z.s.o.a.h.client5.http.headers - http-outgoing-22 << Content-Type: application/json
2024-07-24 14:30:52.033 [Test worker] DEBUG c.g.d.z.s.o.a.h.client5.http.headers - http-outgoing-22 << Date: Wed, 24 Jul 2024 02:30:52 GMT
2024-07-24 14:30:52.033 [Test worker] DEBUG c.g.d.z.s.o.a.h.client5.http.headers - http-outgoing-22 << Docker-Experimental: false
2024-07-24 14:30:52.033 [Test worker] DEBUG c.g.d.z.s.o.a.h.client5.http.headers - http-outgoing-22 << Ostype: linux
2024-07-24 14:30:52.033 [Test worker] DEBUG c.g.d.z.s.o.a.h.client5.http.headers - http-outgoing-22 << Server: Docker/26.0.0 (linux)
2024-07-24 14:30:52.033 [Test worker] DEBUG c.g.d.z.s.o.a.h.client5.http.headers - http-outgoing-22 << Transfer-Encoding: chunked
2024-07-24 14:30:52.033 [Test worker] DEBUG c.g.d.z.s.o.a.h.c.h.i.c.MainClientExec - ex-000000F3: connection can be kept alive for 3 MINUTES
2024-07-24 14:30:52.034 [Test worker] DEBUG c.g.d.z.s.o.a.hc.client5.http.wire - http-outgoing-22 << "1a39[\r][\n]"
2024-07-24 14:30:52.034 [Test worker] DEBUG c.g.d.z.s.o.a.hc.client5.http.wire - http-outgoing-22 << "{"Id":"f10406509958512fec1355ce42f14975228c4c993a7948f7acb05018968d7392","Created":"2024-07-24T02:30:51.564311915Z","Path":"docker-entrypoint.sh","Args":["postgres","-c","fsync=off"],"State":{"Status":"running","Running":true,"Paused":false,"Restarting":false,"OOMKilled":false,"Dead":false,"Pid":30903,"ExitCode":0,"Error":"","StartedAt":"2024-07-24T02:30:52.011445357Z","FinishedAt":"0001-01-01T00:00:00Z"},"Image":"sha256:8e4fc9e184899a58735e7ee333f5e272d7d2298cf59302006b71f33e217be130","ResolvConfPath":"/var/lib/docker/containers/f10406509958512fec1355ce42f14975228c4c993a7948f7acb05018968d7392/resolv.conf","HostnamePath":"/var/lib/docker/containers/f10406509958512fec1355ce42f14975228c4c993a7948f7acb05018968d7392/hostname","HostsPath":"/var/lib/docker/containers/f10406509958512fec1355ce42f14975228c4c993a7948f7acb05018968d7392/hosts","LogPath":"/var/lib/docker/containers/f10406509958512fec1355ce42f14975228c4c993a7948f7acb05018968d7392/f10406509958512fec1355ce42f14975228c4c993a7948f7acb05018968d7392-json.log","Name":"/vigilant_almeida","RestartCount":0,"Driver":"overlay2","Platform":"linux","MountLabel":"","ProcessLabel":"","AppArmorProfile":"","ExecIDs":null,"HostConfig":{"Binds":[],"ContainerIDFile":"","LogConfig":{"Type":"json-file","Config":{}},"NetworkMode":"default","PortBindings":{"5432/tcp":[{"HostIp":"0.0.0.0","HostPort":"0"}]},"RestartPolicy":{"Name":"no","MaximumRetryCount":0},"AutoRemove":false,"VolumeDriver":"","VolumesFrom":[],"ConsoleSize":[0,0],"CapAdd":null,"CapDrop":null,"CgroupnsMode":"host","Dns":null,"DnsOptions":null,"DnsSearch":null,"ExtraHosts":[],"GroupAdd":null,"IpcMode":"shareable","Cgroup":"","Links":null,"OomScoreAdj":0,"PidMode":"","Privileged":false,"PublishAllPorts":false,"ReadonlyRootfs":false,"SecurityOpt":null,"UTSMode":"","UsernsMode":"","ShmSize":67108864,"Runtime":"runc","Isolation":"","CpuShares":0,"Memory":0,"NanoCpus":0,"CgroupParent":"","BlkioWeight":0,"BlkioWeightDevice":null,"BlkioDeviceReadBps":null,"BlkioDeviceWriteBps":null,"BlkioDeviceReadIOps":null,"BlkioDeviceWriteIOps":null,"CpuPeriod":0,"CpuQuota":0,"CpuRealtimePeriod":0,"CpuRealtimeRuntime":0,"CpusetCpus":"","CpusetMems":"","Devices":null,"DeviceCgroupRules":null,"DeviceRequests":null,"MemoryReservation":0,"MemorySwap":0,"MemorySwappiness":null,"OomKillDisable":false,"PidsLimit":null,"Ulimits":null,"CpuCount":0,"CpuPercent":0,"IOMaximumIOps":0,"IOMaximumBandwidth":0,"MaskedPaths":["/proc/asound","/proc/acpi","/proc/kcore","/proc/keys","/proc/latency_stats","/proc/timer_list","/proc/timer_stats","/proc/sched_debug","/proc/scsi","/sys/firmware","/sys/devices/virtual/powercap"],"ReadonlyPaths":["/proc/bus","/proc/fs","/proc/irq","/proc/sys","/proc/sysrq-trigger"]},"GraphDriver":{"Data":{"LowerDir":"/var/lib/docker/overlay2/11277b3984b34ae9dc1d28fcd2a5f0d96c8e16b8677765034376233977a69834-init/diff:/var/lib/docker/overlay2/8f0ddbd386af0785c2e348570516955816ab350305d698d363962d488eeb15ec/diff:/var/lib/docker/overlay2/0eb0ca73e9b0be7c3d7fa8762ef4778a68f38391bc84c037c2e90b88e781b475/diff:/var/lib/docker/overlay2/74e634bddc785c5d436b10a5158cd82e21dc2065fd1cf8ff9c1c12e01575a2d8/diff:/var/lib/docker/overlay2/bb918b2851cd2f508f1e3fdbfff8b7f8b041d61e65fe8c368288bf399e80b818/diff:/var/lib/docker/overlay2/2abab2946cbdc2941ee8ec4024c51dac7313dee9de5fbedd1ca33388c59eb3c8/diff:/var/lib/docker/overlay2/e12f6083ee669bd92743ceb339a896bb25dbe461b718705bb39eb410b80c0ecd/diff:/var/lib/docker/overlay2/ced1e86d670d097da5ed4da7288c22507735918959161c2cd8bf083fb30d169a/diff:/var/lib/docker/overlay2/94e9ac7b74923285ae73af20aeccb964ca9079e2305db367cb85d1603560472d/diff:/var/lib/docker/overlay2/a396b6dfd63f0c228c519871183c614cccf4d366a43460f27ecf97113c3c4be8/diff:/var/lib/docker/overlay2/f58ada5d5080c2bac553c734f81127660a90581a35ed2a92cebe3c59e340875b/diff:/var/lib/docker/overlay2/84f85636f37bf55d945e217b4f87a856eba7932284beaf042561007b66f48977/diff:/var/lib/docker/overlay2/1e6e519613884e91a2b74a588ba35dc8a2f789371ab798ef6e7d9836d756042f/diff:/var/lib/docker/overlay2/14a3151cc8b4f9d27d2e64f1a8abc0c7809309580f2d7e8dc8545055c1d56194/diff:/var/lib/do"
2024-07-24 14:30:52.035 [Test worker] DEBUG c.g.d.z.s.o.a.hc.client5.http.wire - http-outgoing-22 << "cker/overlay2/5b354b9e793401517fe2f1da697653fdaadffc54888eaf76d67e0600b8c68bdc/diff","MergedDir":"/var/lib/docker/overlay2/11277b3984b34ae9dc1d28fcd2a5f0d96c8e16b8677765034376233977a69834/merged","UpperDir":"/var/lib/docker/overlay2/11277b3984b34ae9dc1d28fcd2a5f0d96c8e16b8677765034376233977a69834/diff","WorkDir":"/var/lib/docker/overlay2/11277b3984b34ae9dc1d28fcd2a5f0d96c8e16b8677765034376233977a69834/work"},"Name":"overlay2"},"Mounts":[{"Type":"volume","Name":"4247a9ffdc923cc1266cb20f00d4e95cf8c7f488a4af56b8c0abda92008f44c0","Source":"/var/lib/docker/volumes/4247a9ffdc923cc1266cb20f00d4e95cf8c7f488a4af56b8c0abda92008f44c0/_data","Destination":"/var/lib/postgresql/data","Driver":"local","Mode":"","RW":true,"Propagation":""}],"Config":{"Hostname":"f10406509958","Domainname":"","User":"","AttachStdin":false,"AttachStdout":false,"AttachStderr":false,"ExposedPorts":{"5432/tcp":{}},"Tty":false,"OpenStdin":false,"StdinOnce":false,"Env":["POSTGRES_USER=user","POSTGRES_PASSWORD=password","POSTGRES_DB=db","PATH=/usr/local/sbin:/usr/local/bin:/usr/sbin:/usr/bin:/sbin:/bin:/usr/lib/postgresql/16/bin","GOSU_VERSION=1.17","LANG=en_US.utf8","PG_MAJOR=16","PG_VERSION=16.2-1.pgdg120+2","PGDATA=/var/lib/postgresql/data"],"Cmd":["postgres","-c","fsync=off"],"Image":"postgres:latest","Volumes":{"/var/lib/postgresql/data":{}},"WorkingDir":"","Entrypoint":["docker-entrypoint.sh"],"OnBuild":null,"Labels":{"org.testcontainers":"true","org.testcontainers.lang":"java","org.testcontainers.sessionId":"280e6229-7396-4d60-b1e3-a5de48b5d49b","org.testcontainers.version":"1.19.8"},"StopSignal":"SIGINT"},"NetworkSettings":{"Bridge":"","SandboxID":"3deaf1e66a4617d4ba161d344082513957f46b48bb3e62c24b155fa5df3b6b7c","SandboxKey":"/var/run/docker/netns/3deaf1e66a46","Ports":{"5432/tcp":[{"HostIp":"0.0.0.0","HostPort":"51581"}]},"HairpinMode":false,"LinkLocalIPv6Address":"","LinkLocalIPv6PrefixLen":0,"SecondaryIPAddresses":null,"SecondaryIPv6Addresses":null,"EndpointID":"5c32faddf2f96528832ce76b8d0108c918dbb2b1809b0345b3835283a269889f","Gateway":"172.17.0.1","GlobalIPv6Address":"","GlobalIPv6PrefixLen":0,"IPAddress":"172.17.0.3","IPPrefixLen":16,"IPv6Gateway":"","MacAddress":"02:42:ac:11:00:03","Networks":{"bridge":{"IPAMConfig":null,"Links":null,"Aliases":null,"MacAddress":"02:42:ac:11:00:03","NetworkID":"3c842496be344cbdae878c1dee0957e7bc7c0a2236009c92752030f2b053e72f","EndpointID":"5c32faddf2f96528832ce76b8d0108c918dbb2b1809b0345b3835283a269889f","Gateway":"172.17.0.1","IPAddress":"172.17.0.3","IPPrefixLen":16,"IPv6Gateway":"","GlobalIPv6Address":"","GlobalIPv6PrefixLen":0,"DriverOpts":null,"DNSNames":null}}}}[\n]"
2024-07-24 14:30:52.035 [Test worker] DEBUG c.g.d.z.s.o.a.hc.client5.http.wire - http-outgoing-22 << "[\r][\n]"
2024-07-24 14:30:52.035 [Test worker] DEBUG c.g.d.z.s.o.a.hc.client5.http.wire - http-outgoing-22 << "0[\r][\n]"
2024-07-24 14:30:52.035 [Test worker] DEBUG c.g.d.z.s.o.a.hc.client5.http.wire - http-outgoing-22 << "[\r][\n]"
2024-07-24 14:30:52.035 [Test worker] DEBUG c.g.d.z.s.o.a.h.c.h.i.c.InternalHttpClient - ep-000000F2: releasing valid endpoint
2024-07-24 14:30:52.035 [Test worker] DEBUG c.g.d.z.s.o.a.h.c.h.i.i.PoolingHttpClientConnectionManager - ep-000000F2: releasing endpoint
2024-07-24 14:30:52.035 [Test worker] DEBUG c.g.d.z.s.o.a.h.c.h.i.i.PoolingHttpClientConnectionManager - ep-000000F2: connection http-outgoing-22 can be kept alive for 3 MINUTES
2024-07-24 14:30:52.035 [Test worker] DEBUG c.g.d.z.s.o.a.h.c.h.i.i.PoolingHttpClientConnectionManager - ep-000000F2: connection released [route: {}->npipe://localhost:2375][total available: 1; route allocated: 1 of 2147483647; total allocated: 1 of 2147483647]
2024-07-24 14:30:52.036 [Test worker] DEBUG o.t.s.c.g.d.c.command.AbstrDockerCmd - Cmd: sha256:8e4fc9e184899a58735e7ee333f5e272d7d2298cf59302006b71f33e217be130
2024-07-24 14:30:52.036 [Test worker] TRACE o.t.s.c.g.d.c.e.InspectImageCmdExec - GET: DefaultWebTarget{path=[/images/sha256:8e4fc9e184899a58735e7ee333f5e272d7d2298cf59302006b71f33e217be130/json], queryParams={}}
2024-07-24 14:30:52.036 [Test worker] DEBUG c.g.d.z.s.o.a.h.c.h.i.c.InternalHttpClient - ex-000000F4: preparing request execution
2024-07-24 14:30:52.037 [Test worker] DEBUG c.g.d.z.s.o.a.h.c.h.p.RequestAddCookies - Cookie spec selected: strict
2024-07-24 14:30:52.037 [Test worker] DEBUG c.g.d.z.s.o.a.h.c.h.p.RequestAuthCache - Auth cache not set in the context
2024-07-24 14:30:52.037 [Test worker] DEBUG c.g.d.z.s.o.a.h.c.h.i.c.ProtocolExec - ex-000000F4: target auth state: UNCHALLENGED
2024-07-24 14:30:52.037 [Test worker] DEBUG c.g.d.z.s.o.a.h.c.h.i.c.ProtocolExec - ex-000000F4: proxy auth state: UNCHALLENGED
2024-07-24 14:30:52.037 [Test worker] DEBUG c.g.d.z.s.o.a.h.c.h.i.c.ConnectExec - ex-000000F4: acquiring connection with route {}->npipe://localhost:2375
2024-07-24 14:30:52.037 [Test worker] DEBUG c.g.d.z.s.o.a.h.c.h.i.c.InternalHttpClient - ex-000000F4: acquiring endpoint (3 MINUTES)
2024-07-24 14:30:52.037 [Test worker] DEBUG c.g.d.z.s.o.a.h.c.h.i.i.PoolingHttpClientConnectionManager - ex-000000F4: endpoint lease request (3 MINUTES) [route: {}->npipe://localhost:2375][total available: 1; route allocated: 1 of 2147483647; total allocated: 1 of 2147483647]
2024-07-24 14:30:52.037 [Test worker] DEBUG c.g.d.z.s.o.a.h.c.h.i.i.PoolingHttpClientConnectionManager - ex-000000F4: endpoint leased [route: {}->npipe://localhost:2375][total available: 0; route allocated: 1 of 2147483647; total allocated: 1 of 2147483647]
2024-07-24 14:30:52.037 [Test worker] DEBUG c.g.d.z.s.o.a.h.c.h.i.i.PoolingHttpClientConnectionManager - ex-000000F4: acquired ep-000000F3
2024-07-24 14:30:52.037 [Test worker] DEBUG c.g.d.z.s.o.a.h.c.h.i.c.InternalHttpClient - ex-000000F4: acquired endpoint ep-000000F3
2024-07-24 14:30:52.037 [Test worker] DEBUG c.g.d.z.s.o.a.h.c.h.i.c.MainClientExec - ex-000000F4: executing GET /v1.32/images/sha256:8e4fc9e184899a58735e7ee333f5e272d7d2298cf59302006b71f33e217be130/json HTTP/1.1
2024-07-24 14:30:52.037 [Test worker] DEBUG c.g.d.z.s.o.a.h.c.h.i.c.InternalHttpClient - ep-000000F3: start execution ex-000000F4
2024-07-24 14:30:52.037 [Test worker] DEBUG c.g.d.z.s.o.a.h.c.h.i.i.PoolingHttpClientConnectionManager - ep-000000F3: executing exchange ex-000000F4 over http-outgoing-22
2024-07-24 14:30:52.037 [Test worker] DEBUG c.g.d.z.s.o.a.h.client5.http.headers - http-outgoing-22 >> GET /v1.32/images/sha256:8e4fc9e184899a58735e7ee333f5e272d7d2298cf59302006b71f33e217be130/json HTTP/1.1
2024-07-24 14:30:52.037 [Test worker] DEBUG c.g.d.z.s.o.a.h.client5.http.headers - http-outgoing-22 >> accept: application/json
2024-07-24 14:30:52.037 [Test worker] DEBUG c.g.d.z.s.o.a.h.client5.http.headers - http-outgoing-22 >> x-tc-sid: 280e6229-7396-4d60-b1e3-a5de48b5d49b
2024-07-24 14:30:52.037 [Test worker] DEBUG c.g.d.z.s.o.a.h.client5.http.headers - http-outgoing-22 >> User-Agent: tc-java/1.19.8
2024-07-24 14:30:52.037 [Test worker] DEBUG c.g.d.z.s.o.a.h.client5.http.headers - http-outgoing-22 >> Accept-Encoding: gzip, x-gzip, deflate
2024-07-24 14:30:52.037 [Test worker] DEBUG c.g.d.z.s.o.a.h.client5.http.headers - http-outgoing-22 >> Host: localhost:2375
2024-07-24 14:30:52.037 [Test worker] DEBUG c.g.d.z.s.o.a.h.client5.http.headers - http-outgoing-22 >> Connection: keep-alive
2024-07-24 14:30:52.037 [Test worker] DEBUG c.g.d.z.s.o.a.hc.client5.http.wire - http-outgoing-22 >> "GET /v1.32/images/sha256:8e4fc9e184899a58735e7ee333f5e272d7d2298cf59302006b71f33e217be130/json HTTP/1.1[\r][\n]"
2024-07-24 14:30:52.037 [Test worker] DEBUG c.g.d.z.s.o.a.hc.client5.http.wire - http-outgoing-22 >> "accept: application/json[\r][\n]"
2024-07-24 14:30:52.037 [Test worker] DEBUG c.g.d.z.s.o.a.hc.client5.http.wire - http-outgoing-22 >> "x-tc-sid: 280e6229-7396-4d60-b1e3-a5de48b5d49b[\r][\n]"
2024-07-24 14:30:52.037 [Test worker] DEBUG c.g.d.z.s.o.a.hc.client5.http.wire - http-outgoing-22 >> "User-Agent: tc-java/1.19.8[\r][\n]"
2024-07-24 14:30:52.037 [Test worker] DEBUG c.g.d.z.s.o.a.hc.client5.http.wire - http-outgoing-22 >> "Accept-Encoding: gzip, x-gzip, deflate[\r][\n]"
2024-07-24 14:30:52.037 [Test worker] DEBUG c.g.d.z.s.o.a.hc.client5.http.wire - http-outgoing-22 >> "Host: localhost:2375[\r][\n]"
2024-07-24 14:30:52.037 [Test worker] DEBUG c.g.d.z.s.o.a.hc.client5.http.wire - http-outgoing-22 >> "Connection: keep-alive[\r][\n]"
2024-07-24 14:30:52.037 [Test worker] DEBUG c.g.d.z.s.o.a.hc.client5.http.wire - http-outgoing-22 >> "[\r][\n]"
2024-07-24 14:30:52.040 [Test worker] DEBUG c.g.d.z.s.o.a.hc.client5.http.wire - http-outgoing-22 << "HTTP/1.1 200 OK[\r][\n]"
2024-07-24 14:30:52.040 [Test worker] DEBUG c.g.d.z.s.o.a.hc.client5.http.wire - http-outgoing-22 << "Api-Version: 1.45[\r][\n]"
2024-07-24 14:30:52.040 [Test worker] DEBUG c.g.d.z.s.o.a.hc.client5.http.wire - http-outgoing-22 << "Content-Type: application/json[\r][\n]"
2024-07-24 14:30:52.040 [Test worker] DEBUG c.g.d.z.s.o.a.hc.client5.http.wire - http-outgoing-22 << "Date: Wed, 24 Jul 2024 02:30:52 GMT[\r][\n]"
2024-07-24 14:30:52.040 [Test worker] DEBUG c.g.d.z.s.o.a.hc.client5.http.wire - http-outgoing-22 << "Docker-Experimental: false[\r][\n]"
2024-07-24 14:30:52.040 [Test worker] DEBUG c.g.d.z.s.o.a.hc.client5.http.wire - http-outgoing-22 << "Ostype: linux[\r][\n]"
2024-07-24 14:30:52.040 [Test worker] DEBUG c.g.d.z.s.o.a.hc.client5.http.wire - http-outgoing-22 << "Server: Docker/26.0.0 (linux)[\r][\n]"
2024-07-24 14:30:52.040 [Test worker] DEBUG c.g.d.z.s.o.a.hc.client5.http.wire - http-outgoing-22 << "Transfer-Encoding: chunked[\r][\n]"
2024-07-24 14:30:52.040 [Test worker] DEBUG c.g.d.z.s.o.a.hc.client5.http.wire - http-outgoing-22 << "[\r][\n]"
2024-07-24 14:30:52.040 [Test worker] DEBUG c.g.d.z.s.o.a.h.client5.http.headers - http-outgoing-22 << HTTP/1.1 200 OK
2024-07-24 14:30:52.040 [Test worker] DEBUG c.g.d.z.s.o.a.h.client5.http.headers - http-outgoing-22 << Api-Version: 1.45
2024-07-24 14:30:52.040 [Test worker] DEBUG c.g.d.z.s.o.a.h.client5.http.headers - http-outgoing-22 << Content-Type: application/json
2024-07-24 14:30:52.040 [Test worker] DEBUG c.g.d.z.s.o.a.h.client5.http.headers - http-outgoing-22 << Date: Wed, 24 Jul 2024 02:30:52 GMT
2024-07-24 14:30:52.040 [Test worker] DEBUG c.g.d.z.s.o.a.h.client5.http.headers - http-outgoing-22 << Docker-Experimental: false
2024-07-24 14:30:52.040 [Test worker] DEBUG c.g.d.z.s.o.a.h.client5.http.headers - http-outgoing-22 << Ostype: linux
2024-07-24 14:30:52.040 [Test worker] DEBUG c.g.d.z.s.o.a.h.client5.http.headers - http-outgoing-22 << Server: Docker/26.0.0 (linux)
2024-07-24 14:30:52.040 [Test worker] DEBUG c.g.d.z.s.o.a.h.client5.http.headers - http-outgoing-22 << Transfer-Encoding: chunked
2024-07-24 14:30:52.041 [Test worker] DEBUG c.g.d.z.s.o.a.h.c.h.i.c.MainClientExec - ex-000000F4: connection can be kept alive for 3 MINUTES
2024-07-24 14:30:52.041 [Test worker] DEBUG c.g.d.z.s.o.a.hc.client5.http.wire - http-outgoing-22 << "fcb[\r][\n]"
2024-07-24 14:30:52.041 [Test worker] DEBUG c.g.d.z.s.o.a.hc.client5.http.wire - http-outgoing-22 << "{"Id":"sha256:8e4fc9e184899a58735e7ee333f5e272d7d2298cf59302006b71f33e217be130","RepoTags":["postgres:latest"],"RepoDigests":["postgres@sha256:4aea012537edfad80f98d870a36e6b90b4c09b27be7f4b4759d72db863baeebb"],"Parent":"","Comment":"buildkit.dockerfile.v0","Created":"2024-02-21T00:46:13Z","ContainerConfig":{"Hostname":"","Domainname":"","User":"","AttachStdin":false,"AttachStdout":false,"AttachStderr":false,"Tty":false,"OpenStdin":false,"StdinOnce":false,"Env":null,"Cmd":null,"Image":"","Volumes":null,"WorkingDir":"","Entrypoint":null,"OnBuild":null,"Labels":null},"DockerVersion":"","Author":"","Config":{"Hostname":"","Domainname":"","User":"","AttachStdin":false,"AttachStdout":false,"AttachStderr":false,"ExposedPorts":{"5432/tcp":{}},"Tty":false,"OpenStdin":false,"StdinOnce":false,"Env":["PATH=/usr/local/sbin:/usr/local/bin:/usr/sbin:/usr/bin:/sbin:/bin:/usr/lib/postgresql/16/bin","GOSU_VERSION=1.17","LANG=en_US.utf8","PG_MAJOR=16","PG_VERSION=16.2-1.pgdg120+2","PGDATA=/var/lib/postgresql/data"],"Cmd":["postgres"],"ArgsEscaped":true,"Image":"","Volumes":{"/var/lib/postgresql/data":{}},"WorkingDir":"","Entrypoint":["docker-entrypoint.sh"],"OnBuild":null,"Labels":null,"StopSignal":"SIGINT"},"Architecture":"amd64","Os":"linux","Size":431496964,"VirtualSize":431496964,"GraphDriver":{"Data":{"LowerDir":"/var/lib/docker/overlay2/0eb0ca73e9b0be7c3d7fa8762ef4778a68f38391bc84c037c2e90b88e781b475/diff:/var/lib/docker/overlay2/74e634bddc785c5d436b10a5158cd82e21dc2065fd1cf8ff9c1c12e01575a2d8/diff:/var/lib/docker/overlay2/bb918b2851cd2f508f1e3fdbfff8b7f8b041d61e65fe8c368288bf399e80b818/diff:/var/lib/docker/overlay2/2abab2946cbdc2941ee8ec4024c51dac7313dee9de5fbedd1ca33388c59eb3c8/diff:/var/lib/docker/overlay2/e12f6083ee669bd92743ceb339a896bb25dbe461b718705bb39eb410b80c0ecd/diff:/var/lib/docker/overlay2/ced1e86d670d097da5ed4da7288c22507735918959161c2cd8bf083fb30d169a/diff:/var/lib/docker/overlay2/94e9ac7b74923285ae73af20aeccb964ca9079e2305db367cb85d1603560472d/diff:/var/lib/docker/overlay2/a396b6dfd63f0c228c519871183c614cccf4d366a43460f27ecf97113c3c4be8/diff:/var/lib/docker/overlay2/f58ada5d5080c2bac553c734f81127660a90581a35ed2a92cebe3c59e340875b/diff:/var/lib/docker/overlay2/84f85636f37bf55d945e217b4f87a856eba7932284beaf042561007b66f48977/diff:/var/lib/docker/overlay2/1e6e519613884e91a2b74a588ba35dc8a2f789371ab798ef6e7d9836d756042f/diff:/var/lib/docker/overlay2/14a3151cc8b4f9d27d2e64f1a8abc0c7809309580f2d7e8dc8545055c1d56194/diff:/var/lib/docker/overlay2/5b354b9e793401517fe2f1da697653fdaadffc54888eaf76d67e0600b8c68bdc/diff","MergedDir":"/var/lib/docker/overlay2/8f0ddbd386af0785c2e348570516955816ab350305d698d363962d488eeb15ec/merged","UpperDir":"/var/lib/docker/overlay2/8f0ddbd386af0785c2e348570516955816ab350305d698d363962d488eeb15ec/diff","WorkDir":"/var/lib/docker/overlay2/8f0ddbd386af0785c2e348570516955816ab350305d698d363962d488eeb15ec/work"},"Name":"overlay2"},"RootFS":{"Type":"layers","Layers":["sha256:52ec5a4316fadc09a4a51f82b8d7b66ead0d71bea4f75e81e25b4094c4219061","sha256:5a99d63e3aef066b4fa085cf24d0281681d5530c22f0c93391b854ba5741b62e","sha256:12694c6edf8321950446751b5acc175137946701b72febd6a32ab6e6cb89403b","sha256:beceb355ef35df0b8123db4eddd8f734e7414a3828e463354a913dda6738571d","sha256:0f86e6985ca32f3adeb9f65e3f80b3f2aa37a697d345c84011b2421e5608bc06","sha256:22c31f24613cd6a7b43f3074166d79619574e76f430035be15d909ae45fb97da","sha256:7c32a1ce1cc084a148145553666d5b64e3b6551491d1c3c6cc545b5b69daf5da","sha256:192de40051e6f5b468a60be4e6d162a1bbf3dc4af2dfb0a7aa8db25f86b6e68e","sha256:257f3fc789f6526019470322285b4bfe55e3e09f41150576c0997f370407af14","sha256:2993953b2c109056b0d580a549dae9f902a84a29f3907d96d7329746a8df7fc2","sha256:0bc02fbb093e939812a0ca64bd21a807d815b89c5e034e73026d14535053f4e2","sha256:3866ad927dc8101b32941f0fe6e36e656eba398b92164688ce1d1afdeca7eb09","sha256:2621fdc21b32f8210d30df7b9f44c068fa347ce07f7e1935a2383e5f7e7ddecb","sha256:c116a9ba3dbfe8c6135659ba009883a03bdc660abfedc64e2528baa6d736dbc9"]},"Metadata":{"LastTagTime":"0001-01-01T00:00:00Z"},"Container":""}[\n]"
2024-07-24 14:30:52.041 [Test worker] DEBUG c.g.d.z.s.o.a.hc.client5.http.wire - http-outgoing-22 << "[\r][\n]"
2024-07-24 14:30:52.041 [Test worker] DEBUG c.g.d.z.s.o.a.hc.client5.http.wire - http-outgoing-22 << "0[\r][\n]"
2024-07-24 14:30:52.041 [Test worker] DEBUG c.g.d.z.s.o.a.hc.client5.http.wire - http-outgoing-22 << "[\r][\n]"
2024-07-24 14:30:52.041 [Test worker] DEBUG c.g.d.z.s.o.a.h.c.h.i.c.InternalHttpClient - ep-000000F3: releasing valid endpoint
2024-07-24 14:30:52.041 [Test worker] DEBUG c.g.d.z.s.o.a.h.c.h.i.i.PoolingHttpClientConnectionManager - ep-000000F3: releasing endpoint
2024-07-24 14:30:52.041 [Test worker] DEBUG c.g.d.z.s.o.a.h.c.h.i.i.PoolingHttpClientConnectionManager - ep-000000F3: connection http-outgoing-22 can be kept alive for 3 MINUTES
2024-07-24 14:30:52.041 [Test worker] DEBUG c.g.d.z.s.o.a.h.c.h.i.i.PoolingHttpClientConnectionManager - ep-000000F3: connection released [route: {}->npipe://localhost:2375][total available: 1; route allocated: 1 of 2147483647; total allocated: 1 of 2147483647]
2024-07-24 14:30:52.041 [Test worker] DEBUG o.t.s.c.g.d.c.command.AbstrDockerCmd - Cmd: 
2024-07-24 14:30:52.042 [Test worker] TRACE o.t.s.c.g.d.core.exec.VersionCmdExec - GET: DefaultWebTarget{path=[/version], queryParams={}}
2024-07-24 14:30:52.042 [Test worker] DEBUG c.g.d.z.s.o.a.h.c.h.i.c.InternalHttpClient - ex-000000F5: preparing request execution
2024-07-24 14:30:52.042 [Test worker] DEBUG c.g.d.z.s.o.a.h.c.h.p.RequestAddCookies - Cookie spec selected: strict
2024-07-24 14:30:52.042 [Test worker] DEBUG c.g.d.z.s.o.a.h.c.h.p.RequestAuthCache - Auth cache not set in the context
2024-07-24 14:30:52.042 [Test worker] DEBUG c.g.d.z.s.o.a.h.c.h.i.c.ProtocolExec - ex-000000F5: target auth state: UNCHALLENGED
2024-07-24 14:30:52.042 [Test worker] DEBUG c.g.d.z.s.o.a.h.c.h.i.c.ProtocolExec - ex-000000F5: proxy auth state: UNCHALLENGED
2024-07-24 14:30:52.042 [Test worker] DEBUG c.g.d.z.s.o.a.h.c.h.i.c.ConnectExec - ex-000000F5: acquiring connection with route {}->npipe://localhost:2375
2024-07-24 14:30:52.042 [Test worker] DEBUG c.g.d.z.s.o.a.h.c.h.i.c.InternalHttpClient - ex-000000F5: acquiring endpoint (3 MINUTES)
2024-07-24 14:30:52.042 [Test worker] DEBUG c.g.d.z.s.o.a.h.c.h.i.i.PoolingHttpClientConnectionManager - ex-000000F5: endpoint lease request (3 MINUTES) [route: {}->npipe://localhost:2375][total available: 1; route allocated: 1 of 2147483647; total allocated: 1 of 2147483647]
2024-07-24 14:30:52.042 [Test worker] DEBUG c.g.d.z.s.o.a.h.c.h.i.i.PoolingHttpClientConnectionManager - ex-000000F5: endpoint leased [route: {}->npipe://localhost:2375][total available: 0; route allocated: 1 of 2147483647; total allocated: 1 of 2147483647]
2024-07-24 14:30:52.042 [Test worker] DEBUG c.g.d.z.s.o.a.h.c.h.i.i.PoolingHttpClientConnectionManager - ex-000000F5: acquired ep-000000F4
2024-07-24 14:30:52.042 [Test worker] DEBUG c.g.d.z.s.o.a.h.c.h.i.c.InternalHttpClient - ex-000000F5: acquired endpoint ep-000000F4
2024-07-24 14:30:52.042 [Test worker] DEBUG c.g.d.z.s.o.a.h.c.h.i.c.MainClientExec - ex-000000F5: executing GET /v1.32/version HTTP/1.1
2024-07-24 14:30:52.042 [Test worker] DEBUG c.g.d.z.s.o.a.h.c.h.i.c.InternalHttpClient - ep-000000F4: start execution ex-000000F5
2024-07-24 14:30:52.042 [Test worker] DEBUG c.g.d.z.s.o.a.h.c.h.i.i.PoolingHttpClientConnectionManager - ep-000000F4: executing exchange ex-000000F5 over http-outgoing-22
2024-07-24 14:30:52.042 [Test worker] DEBUG c.g.d.z.s.o.a.h.client5.http.headers - http-outgoing-22 >> GET /v1.32/version HTTP/1.1
2024-07-24 14:30:52.042 [Test worker] DEBUG c.g.d.z.s.o.a.h.client5.http.headers - http-outgoing-22 >> accept: application/json
2024-07-24 14:30:52.042 [Test worker] DEBUG c.g.d.z.s.o.a.h.client5.http.headers - http-outgoing-22 >> x-tc-sid: 280e6229-7396-4d60-b1e3-a5de48b5d49b
2024-07-24 14:30:52.042 [Test worker] DEBUG c.g.d.z.s.o.a.h.client5.http.headers - http-outgoing-22 >> User-Agent: tc-java/1.19.8
2024-07-24 14:30:52.042 [Test worker] DEBUG c.g.d.z.s.o.a.h.client5.http.headers - http-outgoing-22 >> Accept-Encoding: gzip, x-gzip, deflate
2024-07-24 14:30:52.042 [Test worker] DEBUG c.g.d.z.s.o.a.h.client5.http.headers - http-outgoing-22 >> Host: localhost:2375
2024-07-24 14:30:52.042 [Test worker] DEBUG c.g.d.z.s.o.a.h.client5.http.headers - http-outgoing-22 >> Connection: keep-alive
2024-07-24 14:30:52.043 [Test worker] DEBUG c.g.d.z.s.o.a.hc.client5.http.wire - http-outgoing-22 >> "GET /v1.32/version HTTP/1.1[\r][\n]"
2024-07-24 14:30:52.043 [Test worker] DEBUG c.g.d.z.s.o.a.hc.client5.http.wire - http-outgoing-22 >> "accept: application/json[\r][\n]"
2024-07-24 14:30:52.043 [Test worker] DEBUG c.g.d.z.s.o.a.hc.client5.http.wire - http-outgoing-22 >> "x-tc-sid: 280e6229-7396-4d60-b1e3-a5de48b5d49b[\r][\n]"
2024-07-24 14:30:52.043 [Test worker] DEBUG c.g.d.z.s.o.a.hc.client5.http.wire - http-outgoing-22 >> "User-Agent: tc-java/1.19.8[\r][\n]"
2024-07-24 14:30:52.043 [Test worker] DEBUG c.g.d.z.s.o.a.hc.client5.http.wire - http-outgoing-22 >> "Accept-Encoding: gzip, x-gzip, deflate[\r][\n]"
2024-07-24 14:30:52.043 [Test worker] DEBUG c.g.d.z.s.o.a.hc.client5.http.wire - http-outgoing-22 >> "Host: localhost:2375[\r][\n]"
2024-07-24 14:30:52.043 [Test worker] DEBUG c.g.d.z.s.o.a.hc.client5.http.wire - http-outgoing-22 >> "Connection: keep-alive[\r][\n]"
2024-07-24 14:30:52.043 [Test worker] DEBUG c.g.d.z.s.o.a.hc.client5.http.wire - http-outgoing-22 >> "[\r][\n]"
2024-07-24 14:30:52.054 [Test worker] DEBUG c.g.d.z.s.o.a.hc.client5.http.wire - http-outgoing-22 << "HTTP/1.1 200 OK[\r][\n]"
2024-07-24 14:30:52.054 [Test worker] DEBUG c.g.d.z.s.o.a.hc.client5.http.wire - http-outgoing-22 << "Api-Version: 1.45[\r][\n]"
2024-07-24 14:30:52.054 [Test worker] DEBUG c.g.d.z.s.o.a.hc.client5.http.wire - http-outgoing-22 << "Content-Type: application/json[\r][\n]"
2024-07-24 14:30:52.054 [Test worker] DEBUG c.g.d.z.s.o.a.hc.client5.http.wire - http-outgoing-22 << "Date: Wed, 24 Jul 2024 02:30:52 GMT[\r][\n]"
2024-07-24 14:30:52.054 [Test worker] DEBUG c.g.d.z.s.o.a.hc.client5.http.wire - http-outgoing-22 << "Docker-Experimental: false[\r][\n]"
2024-07-24 14:30:52.054 [Test worker] DEBUG c.g.d.z.s.o.a.hc.client5.http.wire - http-outgoing-22 << "Ostype: linux[\r][\n]"
2024-07-24 14:30:52.054 [Test worker] DEBUG c.g.d.z.s.o.a.hc.client5.http.wire - http-outgoing-22 << "Server: Docker/26.0.0 (linux)[\r][\n]"
2024-07-24 14:30:52.054 [Test worker] DEBUG c.g.d.z.s.o.a.hc.client5.http.wire - http-outgoing-22 << "Transfer-Encoding: chunked[\r][\n]"
2024-07-24 14:30:52.054 [Test worker] DEBUG c.g.d.z.s.o.a.hc.client5.http.wire - http-outgoing-22 << "[\r][\n]"
2024-07-24 14:30:52.054 [Test worker] DEBUG c.g.d.z.s.o.a.h.client5.http.headers - http-outgoing-22 << HTTP/1.1 200 OK
2024-07-24 14:30:52.054 [Test worker] DEBUG c.g.d.z.s.o.a.h.client5.http.headers - http-outgoing-22 << Api-Version: 1.45
2024-07-24 14:30:52.054 [Test worker] DEBUG c.g.d.z.s.o.a.h.client5.http.headers - http-outgoing-22 << Content-Type: application/json
2024-07-24 14:30:52.054 [Test worker] DEBUG c.g.d.z.s.o.a.h.client5.http.headers - http-outgoing-22 << Date: Wed, 24 Jul 2024 02:30:52 GMT
2024-07-24 14:30:52.054 [Test worker] DEBUG c.g.d.z.s.o.a.h.client5.http.headers - http-outgoing-22 << Docker-Experimental: false
2024-07-24 14:30:52.054 [Test worker] DEBUG c.g.d.z.s.o.a.h.client5.http.headers - http-outgoing-22 << Ostype: linux
2024-07-24 14:30:52.054 [Test worker] DEBUG c.g.d.z.s.o.a.h.client5.http.headers - http-outgoing-22 << Server: Docker/26.0.0 (linux)
2024-07-24 14:30:52.054 [Test worker] DEBUG c.g.d.z.s.o.a.h.client5.http.headers - http-outgoing-22 << Transfer-Encoding: chunked
2024-07-24 14:30:52.054 [Test worker] DEBUG c.g.d.z.s.o.a.h.c.h.i.c.MainClientExec - ex-000000F5: connection can be kept alive for 3 MINUTES
2024-07-24 14:30:52.054 [Test worker] DEBUG c.g.d.z.s.o.a.hc.client5.http.wire - http-outgoing-22 << "35f[\r][\n]"
2024-07-24 14:30:52.054 [Test worker] DEBUG c.g.d.z.s.o.a.hc.client5.http.wire - http-outgoing-22 << "{"Platform":{"Name":"Docker Desktop 4.29.0 (145265)"},"Components":[{"Name":"Engine","Version":"26.0.0","Details":{"ApiVersion":"1.45","Arch":"amd64","BuildTime":"2024-03-20T15:18:01.000000000+00:00","Experimental":"false","GitCommit":"8b79278","GoVersion":"go1.21.8","KernelVersion":"5.15.153.1-microsoft-standard-WSL2","MinAPIVersion":"1.24","Os":"linux"}},{"Name":"containerd","Version":"1.6.28","Details":{"GitCommit":"ae07eda36dd25f8a1b98dfbf587313b99c0190bb"}},{"Name":"runc","Version":"1.1.12","Details":{"GitCommit":"v1.1.12-0-g51d5e94"}},{"Name":"docker-init","Version":"0.19.0","Details":{"GitCommit":"de40ad0"}}],"Version":"26.0.0","ApiVersion":"1.45","MinAPIVersion":"1.24","GitCommit":"8b79278","GoVersion":"go1.21.8","Os":"linux","Arch":"amd64","KernelVersion":"5.15.153.1-microsoft-standard-WSL2","BuildTime":"2024-03-20T15:18:01.000000000+00:00"}[\n]"
2024-07-24 14:30:52.054 [Test worker] DEBUG c.g.d.z.s.o.a.hc.client5.http.wire - http-outgoing-22 << "[\r][\n]"
2024-07-24 14:30:52.054 [Test worker] DEBUG c.g.d.z.s.o.a.hc.client5.http.wire - http-outgoing-22 << "0[\r][\n]"
2024-07-24 14:30:52.054 [Test worker] DEBUG c.g.d.z.s.o.a.hc.client5.http.wire - http-outgoing-22 << "[\r][\n]"
2024-07-24 14:30:52.055 [Test worker] DEBUG c.g.d.z.s.o.a.h.c.h.i.c.InternalHttpClient - ep-000000F4: releasing valid endpoint
2024-07-24 14:30:52.055 [Test worker] DEBUG c.g.d.z.s.o.a.h.c.h.i.i.PoolingHttpClientConnectionManager - ep-000000F4: releasing endpoint
2024-07-24 14:30:52.055 [Test worker] DEBUG c.g.d.z.s.o.a.h.c.h.i.i.PoolingHttpClientConnectionManager - ep-000000F4: connection http-outgoing-22 can be kept alive for 3 MINUTES
2024-07-24 14:30:52.055 [Test worker] DEBUG c.g.d.z.s.o.a.h.c.h.i.i.PoolingHttpClientConnectionManager - ep-000000F4: connection released [route: {}->npipe://localhost:2375][total available: 1; route allocated: 1 of 2147483647; total allocated: 1 of 2147483647]
2024-07-24 14:30:52.055 [Test worker] TRACE o.t.s.c.g.d.c.e.LogContainerCmdExec - GET: DefaultWebTarget{path=[/containers/f10406509958512fec1355ce42f14975228c4c993a7948f7acb05018968d7392/logs], queryParams={stdout=[true], stderr=[true], follow=[true], since=[0]}}
2024-07-24 14:30:52.056 [docker-java-stream--1977851033] DEBUG c.g.d.z.s.o.a.h.c.h.i.c.InternalHttpClient - ex-000000F6: preparing request execution
2024-07-24 14:30:52.056 [docker-java-stream--1977851033] DEBUG c.g.d.z.s.o.a.h.c.h.p.RequestAddCookies - Cookie spec selected: strict
2024-07-24 14:30:52.056 [docker-java-stream--1977851033] DEBUG c.g.d.z.s.o.a.h.c.h.p.RequestAuthCache - Auth cache not set in the context
2024-07-24 14:30:52.056 [docker-java-stream--1977851033] DEBUG c.g.d.z.s.o.a.h.c.h.i.c.ProtocolExec - ex-000000F6: target auth state: UNCHALLENGED
2024-07-24 14:30:52.056 [docker-java-stream--1977851033] DEBUG c.g.d.z.s.o.a.h.c.h.i.c.ProtocolExec - ex-000000F6: proxy auth state: UNCHALLENGED
2024-07-24 14:30:52.056 [docker-java-stream--1977851033] DEBUG c.g.d.z.s.o.a.h.c.h.i.c.ConnectExec - ex-000000F6: acquiring connection with route {}->npipe://localhost:2375
2024-07-24 14:30:52.056 [docker-java-stream--1977851033] DEBUG c.g.d.z.s.o.a.h.c.h.i.c.InternalHttpClient - ex-000000F6: acquiring endpoint (3 MINUTES)
2024-07-24 14:30:52.057 [docker-java-stream--1977851033] DEBUG c.g.d.z.s.o.a.h.c.h.i.i.PoolingHttpClientConnectionManager - ex-000000F6: endpoint lease request (3 MINUTES) [route: {}->npipe://localhost:2375][total available: 1; route allocated: 1 of 2147483647; total allocated: 1 of 2147483647]
2024-07-24 14:30:52.057 [docker-java-stream--1977851033] DEBUG c.g.d.z.s.o.a.h.c.h.i.i.PoolingHttpClientConnectionManager - ex-000000F6: endpoint leased [route: {}->npipe://localhost:2375][total available: 0; route allocated: 1 of 2147483647; total allocated: 1 of 2147483647]
2024-07-24 14:30:52.057 [docker-java-stream--1977851033] DEBUG c.g.d.z.s.o.a.h.c.h.i.i.PoolingHttpClientConnectionManager - ex-000000F6: acquired ep-000000F5
2024-07-24 14:30:52.057 [docker-java-stream--1977851033] DEBUG c.g.d.z.s.o.a.h.c.h.i.c.InternalHttpClient - ex-000000F6: acquired endpoint ep-000000F5
2024-07-24 14:30:52.057 [docker-java-stream--1977851033] DEBUG c.g.d.z.s.o.a.h.c.h.i.c.MainClientExec - ex-000000F6: executing GET /v1.32/containers/f10406509958512fec1355ce42f14975228c4c993a7948f7acb05018968d7392/logs?stdout=true&stderr=true&follow=true&since=0 HTTP/1.1
2024-07-24 14:30:52.057 [docker-java-stream--1977851033] DEBUG c.g.d.z.s.o.a.h.c.h.i.c.InternalHttpClient - ep-000000F5: start execution ex-000000F6
2024-07-24 14:30:52.057 [docker-java-stream--1977851033] DEBUG c.g.d.z.s.o.a.h.c.h.i.i.PoolingHttpClientConnectionManager - ep-000000F5: executing exchange ex-000000F6 over http-outgoing-22
2024-07-24 14:30:52.057 [docker-java-stream--1977851033] DEBUG c.g.d.z.s.o.a.h.client5.http.headers - http-outgoing-22 >> GET /v1.32/containers/f10406509958512fec1355ce42f14975228c4c993a7948f7acb05018968d7392/logs?stdout=true&stderr=true&follow=true&since=0 HTTP/1.1
2024-07-24 14:30:52.057 [docker-java-stream--1977851033] DEBUG c.g.d.z.s.o.a.h.client5.http.headers - http-outgoing-22 >> x-tc-sid: 280e6229-7396-4d60-b1e3-a5de48b5d49b
2024-07-24 14:30:52.057 [docker-java-stream--1977851033] DEBUG c.g.d.z.s.o.a.h.client5.http.headers - http-outgoing-22 >> User-Agent: tc-java/1.19.8
2024-07-24 14:30:52.057 [docker-java-stream--1977851033] DEBUG c.g.d.z.s.o.a.h.client5.http.headers - http-outgoing-22 >> Accept-Encoding: gzip, x-gzip, deflate
2024-07-24 14:30:52.057 [docker-java-stream--1977851033] DEBUG c.g.d.z.s.o.a.h.client5.http.headers - http-outgoing-22 >> Host: localhost:2375
2024-07-24 14:30:52.057 [docker-java-stream--1977851033] DEBUG c.g.d.z.s.o.a.h.client5.http.headers - http-outgoing-22 >> Connection: keep-alive
2024-07-24 14:30:52.057 [docker-java-stream--1977851033] DEBUG c.g.d.z.s.o.a.hc.client5.http.wire - http-outgoing-22 >> "GET /v1.32/containers/f10406509958512fec1355ce42f14975228c4c993a7948f7acb05018968d7392/logs?stdout=true&stderr=true&follow=true&since=0 HTTP/1.1[\r][\n]"
2024-07-24 14:30:52.057 [docker-java-stream--1977851033] DEBUG c.g.d.z.s.o.a.hc.client5.http.wire - http-outgoing-22 >> "x-tc-sid: 280e6229-7396-4d60-b1e3-a5de48b5d49b[\r][\n]"
2024-07-24 14:30:52.057 [docker-java-stream--1977851033] DEBUG c.g.d.z.s.o.a.hc.client5.http.wire - http-outgoing-22 >> "User-Agent: tc-java/1.19.8[\r][\n]"
2024-07-24 14:30:52.057 [docker-java-stream--1977851033] DEBUG c.g.d.z.s.o.a.hc.client5.http.wire - http-outgoing-22 >> "Accept-Encoding: gzip, x-gzip, deflate[\r][\n]"
2024-07-24 14:30:52.057 [docker-java-stream--1977851033] DEBUG c.g.d.z.s.o.a.hc.client5.http.wire - http-outgoing-22 >> "Host: localhost:2375[\r][\n]"
2024-07-24 14:30:52.057 [docker-java-stream--1977851033] DEBUG c.g.d.z.s.o.a.hc.client5.http.wire - http-outgoing-22 >> "Connection: keep-alive[\r][\n]"
2024-07-24 14:30:52.057 [docker-java-stream--1977851033] DEBUG c.g.d.z.s.o.a.hc.client5.http.wire - http-outgoing-22 >> "[\r][\n]"
2024-07-24 14:30:52.061 [docker-java-stream--1977851033] DEBUG c.g.d.z.s.o.a.hc.client5.http.wire - http-outgoing-22 << "HTTP/1.1 200 OK[\r][\n]"
2024-07-24 14:30:52.061 [docker-java-stream--1977851033] DEBUG c.g.d.z.s.o.a.hc.client5.http.wire - http-outgoing-22 << "Api-Version: 1.45[\r][\n]"
2024-07-24 14:30:52.061 [docker-java-stream--1977851033] DEBUG c.g.d.z.s.o.a.hc.client5.http.wire - http-outgoing-22 << "Content-Type: application/vnd.docker.raw-stream[\r][\n]"
2024-07-24 14:30:52.061 [docker-java-stream--1977851033] DEBUG c.g.d.z.s.o.a.hc.client5.http.wire - http-outgoing-22 << "Date: Wed, 24 Jul 2024 02:30:52 GMT[\r][\n]"
2024-07-24 14:30:52.061 [docker-java-stream--1977851033] DEBUG c.g.d.z.s.o.a.hc.client5.http.wire - http-outgoing-22 << "Docker-Experimental: false[\r][\n]"
2024-07-24 14:30:52.061 [docker-java-stream--1977851033] DEBUG c.g.d.z.s.o.a.hc.client5.http.wire - http-outgoing-22 << "Ostype: linux[\r][\n]"
2024-07-24 14:30:52.061 [docker-java-stream--1977851033] DEBUG c.g.d.z.s.o.a.hc.client5.http.wire - http-outgoing-22 << "Server: Docker/26.0.0 (linux)[\r][\n]"
2024-07-24 14:30:52.061 [docker-java-stream--1977851033] DEBUG c.g.d.z.s.o.a.hc.client5.http.wire - http-outgoing-22 << "Transfer-Encoding: chunked[\r][\n]"
2024-07-24 14:30:52.061 [docker-java-stream--1977851033] DEBUG c.g.d.z.s.o.a.hc.client5.http.wire - http-outgoing-22 << "[\r][\n]"
2024-07-24 14:30:52.061 [docker-java-stream--1977851033] DEBUG c.g.d.z.s.o.a.h.client5.http.headers - http-outgoing-22 << HTTP/1.1 200 OK
2024-07-24 14:30:52.061 [docker-java-stream--1977851033] DEBUG c.g.d.z.s.o.a.h.client5.http.headers - http-outgoing-22 << Api-Version: 1.45
2024-07-24 14:30:52.061 [docker-java-stream--1977851033] DEBUG c.g.d.z.s.o.a.h.client5.http.headers - http-outgoing-22 << Content-Type: application/vnd.docker.raw-stream
2024-07-24 14:30:52.061 [docker-java-stream--1977851033] DEBUG c.g.d.z.s.o.a.h.client5.http.headers - http-outgoing-22 << Date: Wed, 24 Jul 2024 02:30:52 GMT
2024-07-24 14:30:52.061 [docker-java-stream--1977851033] DEBUG c.g.d.z.s.o.a.h.client5.http.headers - http-outgoing-22 << Docker-Experimental: false
2024-07-24 14:30:52.061 [docker-java-stream--1977851033] DEBUG c.g.d.z.s.o.a.h.client5.http.headers - http-outgoing-22 << Ostype: linux
2024-07-24 14:30:52.061 [docker-java-stream--1977851033] DEBUG c.g.d.z.s.o.a.h.client5.http.headers - http-outgoing-22 << Server: Docker/26.0.0 (linux)
2024-07-24 14:30:52.061 [docker-java-stream--1977851033] DEBUG c.g.d.z.s.o.a.h.client5.http.headers - http-outgoing-22 << Transfer-Encoding: chunked
2024-07-24 14:30:52.061 [docker-java-stream--1977851033] DEBUG c.g.d.z.s.o.a.h.c.h.i.c.MainClientExec - ex-000000F6: connection can be kept alive for 3 MINUTES
2024-07-24 14:30:52.065 [docker-java-stream--1977851033] DEBUG c.g.d.z.s.o.a.hc.client5.http.wire - http-outgoing-22 << "1fd[\r][\n]"
2024-07-24 14:30:52.065 [docker-java-stream--1977851033] DEBUG c.g.d.z.s.o.a.hc.client5.http.wire - http-outgoing-22 << "[0x1][0x0][0x0][0x0][0x0][0x0][0x0]NThe files belonging to this database system will be owned by user "postgres".[\n]"
2024-07-24 14:30:52.065 [docker-java-stream--1977851033] DEBUG c.g.d.z.s.o.a.hc.client5.http.wire - http-outgoing-22 << "[0x1][0x0][0x0][0x0][0x0][0x0][0x0],This user must also own the server process.[\n]"
2024-07-24 14:30:52.065 [docker-java-stream--1977851033] DEBUG c.g.d.z.s.o.a.hc.client5.http.wire - http-outgoing-22 << "[0x1][0x0][0x0][0x0][0x0][0x0][0x0][0x1][\n]"
2024-07-24 14:30:52.065 [docker-java-stream--1977851033] DEBUG c.g.d.z.s.o.a.hc.client5.http.wire - http-outgoing-22 << "[0x1][0x0][0x0][0x0][0x0][0x0][0x0]CThe database cluster will be initialized with locale "en_US.utf8".[\n]"
2024-07-24 14:30:52.065 [docker-java-stream--1977851033] DEBUG c.g.d.z.s.o.a.hc.client5.http.wire - http-outgoing-22 << "[0x1][0x0][0x0][0x0][0x0][0x0][0x0]BThe default database encoding has accordingly been set to "UTF8".[\n]"
2024-07-24 14:30:52.065 [docker-java-stream--1977851033] DEBUG c.g.d.z.s.o.a.hc.client5.http.wire - http-outgoing-22 << "[0x1][0x0][0x0][0x0][0x0][0x0][0x0]@The default text search configuration will be set to "english".[\n]"
2024-07-24 14:30:52.065 [docker-java-stream--1977851033] DEBUG c.g.d.z.s.o.a.hc.client5.http.wire - http-outgoing-22 << "[0x1][0x0][0x0][0x0][0x0][0x0][0x0][0x1][\n]"
2024-07-24 14:30:52.065 [docker-java-stream--1977851033] DEBUG c.g.d.z.s.o.a.hc.client5.http.wire - http-outgoing-22 << "[0x1][0x0][0x0][0x0][0x0][0x0][0x0]"Data page checksums are disabled.[\n]"
2024-07-24 14:30:52.065 [docker-java-stream--1977851033] DEBUG c.g.d.z.s.o.a.hc.client5.http.wire - http-outgoing-22 << "[0x1][0x0][0x0][0x0][0x0][0x0][0x0][0x1][\n]"
2024-07-24 14:30:52.065 [docker-java-stream--1977851033] DEBUG c.g.d.z.s.o.a.hc.client5.http.wire - http-outgoing-22 << "[0x1][0x0][0x0][0x0][0x0][0x0][0x0]Ifixing permissions on existing directory /var/lib/postgresql/data ... ok[\n]"
2024-07-24 14:30:52.065 [docker-java-stream--1977851033] DEBUG c.g.d.z.s.o.a.hc.client5.http.wire - http-outgoing-22 << "[\r][\n]"
2024-07-24 14:30:52.066 [Test worker] DEBUG o.t.c.output.WaitingConsumer - STDOUT: fixing permissions on existing directory /var/lib/postgresql/data ... ok
2024-07-24 14:30:52.066 [Test worker] DEBUG o.t.c.output.WaitingConsumer - STDOUT: 
2024-07-24 14:30:52.066 [Test worker] DEBUG o.t.c.output.WaitingConsumer - STDOUT: Data page checksums are disabled.
2024-07-24 14:30:52.066 [Test worker] DEBUG o.t.c.output.WaitingConsumer - STDOUT: 
2024-07-24 14:30:52.066 [Test worker] DEBUG o.t.c.output.WaitingConsumer - STDOUT: The default text search configuration will be set to "english".
2024-07-24 14:30:52.066 [Test worker] DEBUG o.t.c.output.WaitingConsumer - STDOUT: The default database encoding has accordingly been set to "UTF8".
2024-07-24 14:30:52.066 [Test worker] DEBUG o.t.c.output.WaitingConsumer - STDOUT: The database cluster will be initialized with locale "en_US.utf8".
2024-07-24 14:30:52.066 [Test worker] DEBUG o.t.c.output.WaitingConsumer - STDOUT: 
2024-07-24 14:30:52.066 [Test worker] DEBUG o.t.c.output.WaitingConsumer - STDOUT: This user must also own the server process.
2024-07-24 14:30:52.066 [Test worker] DEBUG o.t.c.output.WaitingConsumer - STDOUT: The files belonging to this database system will be owned by user "postgres".
2024-07-24 14:30:52.070 [docker-java-stream--1977851033] DEBUG c.g.d.z.s.o.a.hc.client5.http.wire - http-outgoing-22 << "68[\r][\n]"
2024-07-24 14:30:52.070 [docker-java-stream--1977851033] DEBUG c.g.d.z.s.o.a.hc.client5.http.wire - http-outgoing-22 << "[0x1][0x0][0x0][0x0][0x0][0x0][0x0][0x1f]creating subdirectories ... ok[\n]"
2024-07-24 14:30:52.070 [docker-java-stream--1977851033] DEBUG c.g.d.z.s.o.a.hc.client5.http.wire - http-outgoing-22 << "[0x1][0x0][0x0][0x0][0x0][0x0][0x0]9selecting dynamic shared memory implementation ... posix[\n]"
2024-07-24 14:30:52.070 [docker-java-stream--1977851033] DEBUG c.g.d.z.s.o.a.hc.client5.http.wire - http-outgoing-22 << "[\r][\n]"
2024-07-24 14:30:52.078 [Test worker] DEBUG o.t.c.output.WaitingConsumer - STDOUT: selecting dynamic shared memory implementation ... posix
2024-07-24 14:30:52.078 [Test worker] DEBUG o.t.c.output.WaitingConsumer - STDOUT: creating subdirectories ... ok
2024-07-24 14:30:52.088 [docker-java-stream--1977851033] DEBUG c.g.d.z.s.o.a.hc.client5.http.wire - http-outgoing-22 << "32[\r][\n]"
2024-07-24 14:30:52.088 [docker-java-stream--1977851033] DEBUG c.g.d.z.s.o.a.hc.client5.http.wire - http-outgoing-22 << "[0x1][0x0][0x0][0x0][0x0][0x0][0x0]*selecting default max_connections ... 100[\n]"
2024-07-24 14:30:52.088 [docker-java-stream--1977851033] DEBUG c.g.d.z.s.o.a.hc.client5.http.wire - http-outgoing-22 << "[\r][\n]"
2024-07-24 14:30:52.093 [Test worker] DEBUG o.t.c.output.WaitingConsumer - STDOUT: selecting default max_connections ... 100
2024-07-24 14:30:52.113 [docker-java-stream--1977851033] DEBUG c.g.d.z.s.o.a.hc.client5.http.wire - http-outgoing-22 << "33[\r][\n]"
2024-07-24 14:30:52.113 [docker-java-stream--1977851033] DEBUG c.g.d.z.s.o.a.hc.client5.http.wire - http-outgoing-22 << "[0x1][0x0][0x0][0x0][0x0][0x0][0x0]+selecting default shared_buffers ... 128MB[\n]"
2024-07-24 14:30:52.113 [docker-java-stream--1977851033] DEBUG c.g.d.z.s.o.a.hc.client5.http.wire - http-outgoing-22 << "[\r][\n]"
2024-07-24 14:30:52.113 [Test worker] DEBUG o.t.c.output.WaitingConsumer - STDOUT: selecting default shared_buffers ... 128MB
2024-07-24 14:30:52.133 [docker-java-stream--1977851033] DEBUG c.g.d.z.s.o.a.hc.client5.http.wire - http-outgoing-22 << "30[\r][\n]"
2024-07-24 14:30:52.133 [docker-java-stream--1977851033] DEBUG c.g.d.z.s.o.a.hc.client5.http.wire - http-outgoing-22 << "[0x1][0x0][0x0][0x0][0x0][0x0][0x0](selecting default time zone ... Etc/UTC[\n]"
2024-07-24 14:30:52.133 [docker-java-stream--1977851033] DEBUG c.g.d.z.s.o.a.hc.client5.http.wire - http-outgoing-22 << "[\r][\n]"
2024-07-24 14:30:52.133 [docker-java-stream--1977851033] DEBUG c.g.d.z.s.o.a.hc.client5.http.wire - http-outgoing-22 << "2c[\r][\n]"
2024-07-24 14:30:52.133 [docker-java-stream--1977851033] DEBUG c.g.d.z.s.o.a.hc.client5.http.wire - http-outgoing-22 << "[0x1][0x0][0x0][0x0][0x0][0x0][0x0]$creating configuration files ... ok[\n]"
2024-07-24 14:30:52.133 [docker-java-stream--1977851033] DEBUG c.g.d.z.s.o.a.hc.client5.http.wire - http-outgoing-22 << "[\r][\n]"
2024-07-24 14:30:52.138 [Test worker] DEBUG o.t.c.output.WaitingConsumer - STDOUT: creating configuration files ... ok
2024-07-24 14:30:52.138 [Test worker] DEBUG o.t.c.output.WaitingConsumer - STDOUT: selecting default time zone ... Etc/UTC
2024-07-24 14:30:52.267 [docker-java-stream--1977851033] DEBUG c.g.d.z.s.o.a.hc.client5.http.wire - http-outgoing-22 << "28[\r][\n]"
2024-07-24 14:30:52.267 [docker-java-stream--1977851033] DEBUG c.g.d.z.s.o.a.hc.client5.http.wire - http-outgoing-22 << "[0x1][0x0][0x0][0x0][0x0][0x0][0x0] running bootstrap script ... ok[\n]"
2024-07-24 14:30:52.267 [docker-java-stream--1977851033] DEBUG c.g.d.z.s.o.a.hc.client5.http.wire - http-outgoing-22 << "[\r][\n]"
2024-07-24 14:30:52.280 [Test worker] DEBUG o.t.c.output.WaitingConsumer - STDOUT: running bootstrap script ... ok
2024-07-24 14:30:52.600 [docker-java-stream--1977851033] DEBUG c.g.d.z.s.o.a.hc.client5.http.wire - http-outgoing-22 << "38[\r][\n]"
2024-07-24 14:30:52.600 [docker-java-stream--1977851033] DEBUG c.g.d.z.s.o.a.hc.client5.http.wire - http-outgoing-22 << "[0x1][0x0][0x0][0x0][0x0][0x0][0x0]0performing post-bootstrap initialization ... ok[\n]"
2024-07-24 14:30:52.600 [docker-java-stream--1977851033] DEBUG c.g.d.z.s.o.a.hc.client5.http.wire - http-outgoing-22 << "[\r][\n]"
2024-07-24 14:30:52.600 [Test worker] DEBUG o.t.c.output.WaitingConsumer - STDOUT: performing post-bootstrap initialization ... ok
2024-07-24 14:30:53.019 [docker-java-stream--1977851033] DEBUG c.g.d.z.s.o.a.hc.client5.http.wire - http-outgoing-22 << "1ad[\r][\n]"
2024-07-24 14:30:53.019 [docker-java-stream--1977851033] DEBUG c.g.d.z.s.o.a.hc.client5.http.wire - http-outgoing-22 << "[0x2][0x0][0x0][0x0][0x0][0x0][0x0]Ginitdb: warning: enabling "trust" authentication for local connections[\n]"
2024-07-24 14:30:53.019 [docker-java-stream--1977851033] DEBUG c.g.d.z.s.o.a.hc.client5.http.wire - http-outgoing-22 << "[0x2][0x0][0x0][0x0][0x0][0x0][0x0][0xffffff90]initdb: hint: You can change this by editing pg_hba.conf or using the option -A, or --auth-local and --auth-host, the next time you run initdb.[\n]"
2024-07-24 14:30:53.019 [docker-java-stream--1977851033] DEBUG c.g.d.z.s.o.a.hc.client5.http.wire - http-outgoing-22 << "[0x1][0x0][0x0][0x0][0x0][0x0][0x0][0x1c]syncing data to disk ... ok[\n]"
2024-07-24 14:30:53.019 [docker-java-stream--1977851033] DEBUG c.g.d.z.s.o.a.hc.client5.http.wire - http-outgoing-22 << "[0x1][0x0][0x0][0x0][0x0][0x0][0x0][0x1][\n]"
2024-07-24 14:30:53.019 [docker-java-stream--1977851033] DEBUG c.g.d.z.s.o.a.hc.client5.http.wire - http-outgoing-22 << "[0x1][0x0][0x0][0x0][0x0][0x0][0x0][0x1][\n]"
2024-07-24 14:30:53.019 [docker-java-stream--1977851033] DEBUG c.g.d.z.s.o.a.hc.client5.http.wire - http-outgoing-22 << "[0x1][0x0][0x0][0x0][0x0][0x0][0x0]6Success. You can now start the database server using:[\n]"
2024-07-24 14:30:53.019 [docker-java-stream--1977851033] DEBUG c.g.d.z.s.o.a.hc.client5.http.wire - http-outgoing-22 << "[0x1][0x0][0x0][0x0][0x0][0x0][0x0][0x1][\n]"
2024-07-24 14:30:53.019 [docker-java-stream--1977851033] DEBUG c.g.d.z.s.o.a.hc.client5.http.wire - http-outgoing-22 << "[0x1][0x0][0x0][0x0][0x0][0x0][0x0]8    pg_ctl -D /var/lib/postgresql/data -l logfile start[\n]"
2024-07-24 14:30:53.019 [docker-java-stream--1977851033] DEBUG c.g.d.z.s.o.a.hc.client5.http.wire - http-outgoing-22 << "[0x1][0x0][0x0][0x0][0x0][0x0][0x0][0x1][\n]"
2024-07-24 14:30:53.019 [docker-java-stream--1977851033] DEBUG c.g.d.z.s.o.a.hc.client5.http.wire - http-outgoing-22 << "[\r][\n]"
2024-07-24 14:30:53.019 [Test worker] DEBUG o.t.c.output.WaitingConsumer - STDOUT: 
2024-07-24 14:30:53.019 [Test worker] DEBUG o.t.c.output.WaitingConsumer - STDOUT:     pg_ctl -D /var/lib/postgresql/data -l logfile start
2024-07-24 14:30:53.019 [Test worker] DEBUG o.t.c.output.WaitingConsumer - STDOUT: 
2024-07-24 14:30:53.019 [Test worker] DEBUG o.t.c.output.WaitingConsumer - STDOUT: Success. You can now start the database server using:
2024-07-24 14:30:53.019 [Test worker] DEBUG o.t.c.output.WaitingConsumer - STDOUT: 
2024-07-24 14:30:53.019 [Test worker] DEBUG o.t.c.output.WaitingConsumer - STDOUT: 
2024-07-24 14:30:53.019 [Test worker] DEBUG o.t.c.output.WaitingConsumer - STDOUT: syncing data to disk ... ok
2024-07-24 14:30:53.019 [Test worker] DEBUG o.t.c.output.WaitingConsumer - STDERR: initdb: hint: You can change this by editing pg_hba.conf or using the option -A, or --auth-local and --auth-host, the next time you run initdb.
2024-07-24 14:30:53.019 [Test worker] DEBUG o.t.c.output.WaitingConsumer - STDERR: initdb: warning: enabling "trust" authentication for local connections
2024-07-24 14:30:53.067 [docker-java-stream--1977851033] DEBUG c.g.d.z.s.o.a.hc.client5.http.wire - http-outgoing-22 << "137[\r][\n]"
2024-07-24 14:30:53.067 [docker-java-stream--1977851033] DEBUG c.g.d.z.s.o.a.hc.client5.http.wire - http-outgoing-22 << "[0x1][0x0][0x0][0x0][0x0][0x0][0x0][0xffffffc3]waiting for server to start....2024-07-24 02:30:53.065 UTC [48] LOG:  starting PostgreSQL 16.2 (Debian 16.2-1.pgdg120+2) on x86_64-pc-linux-gnu, compiled by gcc (Debian 12.2.0-14) 12.2.0, 64-bit[\n]"
2024-07-24 14:30:53.067 [docker-java-stream--1977851033] DEBUG c.g.d.z.s.o.a.hc.client5.http.wire - http-outgoing-22 << "[0x1][0x0][0x0][0x0][0x0][0x0][0x0]d2024-07-24 02:30:53.065 UTC [48] LOG:  listening on Unix socket "/var/run/postgresql/.s.PGSQL.5432"[\n]"
2024-07-24 14:30:53.067 [docker-java-stream--1977851033] DEBUG c.g.d.z.s.o.a.hc.client5.http.wire - http-outgoing-22 << "[\r][\n]"
2024-07-24 14:30:53.067 [Test worker] DEBUG o.t.c.output.WaitingConsumer - STDOUT: 2024-07-24 02:30:53.065 UTC [48] LOG:  listening on Unix socket "/var/run/postgresql/.s.PGSQL.5432"
2024-07-24 14:30:53.067 [Test worker] DEBUG o.t.c.output.WaitingConsumer - STDOUT: waiting for server to start....2024-07-24 02:30:53.065 UTC [48] LOG:  starting PostgreSQL 16.2 (Debian 16.2-1.pgdg120+2) on x86_64-pc-linux-gnu, compiled by gcc (Debian 12.2.0-14) 12.2.0, 64-bit
2024-07-24 14:30:53.069 [docker-java-stream--1977851033] DEBUG c.g.d.z.s.o.a.hc.client5.http.wire - http-outgoing-22 << "68[\r][\n]"
2024-07-24 14:30:53.069 [docker-java-stream--1977851033] DEBUG c.g.d.z.s.o.a.hc.client5.http.wire - http-outgoing-22 << "[0x1][0x0][0x0][0x0][0x0][0x0][0x0]`2024-07-24 02:30:53.068 UTC [51] LOG:  database system was shut down at 2024-07-24 02:30:52 UTC[\n]"
2024-07-24 14:30:53.069 [docker-java-stream--1977851033] DEBUG c.g.d.z.s.o.a.hc.client5.http.wire - http-outgoing-22 << "[\r][\n]"
2024-07-24 14:30:53.072 [docker-java-stream--1977851033] DEBUG c.g.d.z.s.o.a.hc.client5.http.wire - http-outgoing-22 << "5e[\r][\n]"
2024-07-24 14:30:53.073 [docker-java-stream--1977851033] DEBUG c.g.d.z.s.o.a.hc.client5.http.wire - http-outgoing-22 << "[0x1][0x0][0x0][0x0][0x0][0x0][0x0]V2024-07-24 02:30:53.072 UTC [48] LOG:  database system is ready to accept connections[\n]"
2024-07-24 14:30:53.073 [docker-java-stream--1977851033] DEBUG c.g.d.z.s.o.a.hc.client5.http.wire - http-outgoing-22 << "[\r][\n]"
2024-07-24 14:30:53.084 [Test worker] DEBUG o.t.c.output.WaitingConsumer - STDOUT: 2024-07-24 02:30:53.072 UTC [48] LOG:  database system is ready to accept connections
2024-07-24 14:30:53.084 [Test worker] DEBUG o.t.c.output.WaitingConsumer - STDOUT: 2024-07-24 02:30:53.068 UTC [51] LOG:  database system was shut down at 2024-07-24 02:30:52 UTC
2024-07-24 14:30:53.148 [docker-java-stream--1977851033] DEBUG c.g.d.z.s.o.a.hc.client5.http.wire - http-outgoing-22 << "25[\r][\n]"
2024-07-24 14:30:53.148 [docker-java-stream--1977851033] DEBUG c.g.d.z.s.o.a.hc.client5.http.wire - http-outgoing-22 << "[0x1][0x0][0x0][0x0][0x0][0x0][0x0][0x6] done[\n]"
2024-07-24 14:30:53.148 [docker-java-stream--1977851033] DEBUG c.g.d.z.s.o.a.hc.client5.http.wire - http-outgoing-22 << "[0x1][0x0][0x0][0x0][0x0][0x0][0x0][0xf]server started[\n]"
2024-07-24 14:30:53.148 [docker-java-stream--1977851033] DEBUG c.g.d.z.s.o.a.hc.client5.http.wire - http-outgoing-22 << "[\r][\n]"
2024-07-24 14:30:53.148 [Test worker] DEBUG o.t.c.output.WaitingConsumer - STDOUT: server started
2024-07-24 14:30:53.148 [Test worker] DEBUG o.t.c.output.WaitingConsumer - STDOUT:  done
2024-07-24 14:30:53.236 [docker-java-stream--1977851033] DEBUG c.g.d.z.s.o.a.hc.client5.http.wire - http-outgoing-22 << "18[\r][\n]"
2024-07-24 14:30:53.236 [docker-java-stream--1977851033] DEBUG c.g.d.z.s.o.a.hc.client5.http.wire - http-outgoing-22 << "[0x1][0x0][0x0][0x0][0x0][0x0][0x0][0x10]CREATE DATABASE[\n]"
2024-07-24 14:30:53.236 [docker-java-stream--1977851033] DEBUG c.g.d.z.s.o.a.hc.client5.http.wire - http-outgoing-22 << "[\r][\n]"
2024-07-24 14:30:53.237 [Test worker] DEBUG o.t.c.output.WaitingConsumer - STDOUT: CREATE DATABASE
2024-07-24 14:30:53.237 [docker-java-stream--1977851033] DEBUG c.g.d.z.s.o.a.hc.client5.http.wire - http-outgoing-22 << "9[\r][\n]"
2024-07-24 14:30:53.237 [docker-java-stream--1977851033] DEBUG c.g.d.z.s.o.a.hc.client5.http.wire - http-outgoing-22 << "[0x1][0x0][0x0][0x0][0x0][0x0][0x0][0x1][\n]"
2024-07-24 14:30:53.237 [docker-java-stream--1977851033] DEBUG c.g.d.z.s.o.a.hc.client5.http.wire - http-outgoing-22 << "[\r][\n]"
2024-07-24 14:30:53.237 [docker-java-stream--1977851033] DEBUG c.g.d.z.s.o.a.hc.client5.http.wire - http-outgoing-22 << "66[\r][\n]"
2024-07-24 14:30:53.237 [docker-java-stream--1977851033] DEBUG c.g.d.z.s.o.a.hc.client5.http.wire - http-outgoing-22 << "[0x1][0x0][0x0][0x0][0x0][0x0][0x0][0x1][\n]"
2024-07-24 14:30:53.237 [docker-java-stream--1977851033] DEBUG c.g.d.z.s.o.a.hc.client5.http.wire - http-outgoing-22 << "[0x1][0x0][0x0][0x0][0x0][0x0][0x0]L/usr/local/bin/docker-entrypoint.sh: ignoring /docker-entrypoint-initdb.d/*[\n]"
2024-07-24 14:30:53.237 [docker-java-stream--1977851033] DEBUG c.g.d.z.s.o.a.hc.client5.http.wire - http-outgoing-22 << "[0x1][0x0][0x0][0x0][0x0][0x0][0x0][0x1][\n]"
2024-07-24 14:30:53.237 [docker-java-stream--1977851033] DEBUG c.g.d.z.s.o.a.hc.client5.http.wire - http-outgoing-22 << "[\r][\n]"
2024-07-24 14:30:53.239 [docker-java-stream--1977851033] DEBUG c.g.d.z.s.o.a.hc.client5.http.wire - http-outgoing-22 << "c1[\r][\n]"
2024-07-24 14:30:53.239 [docker-java-stream--1977851033] DEBUG c.g.d.z.s.o.a.hc.client5.http.wire - http-outgoing-22 << "[0x1][0x0][0x0][0x0][0x0][0x0][0x0]F2024-07-24 02:30:53.238 UTC [48] LOG:  received fast shutdown request[\n]"
2024-07-24 14:30:53.239 [docker-java-stream--1977851033] DEBUG c.g.d.z.s.o.a.hc.client5.http.wire - http-outgoing-22 << "[0x1][0x0][0x0][0x0][0x0][0x0][0x0]kwaiting for server to shut down....2024-07-24 02:30:53.238 UTC [48] LOG:  aborting any active transactions[\n]"
2024-07-24 14:30:53.239 [docker-java-stream--1977851033] DEBUG c.g.d.z.s.o.a.hc.client5.http.wire - http-outgoing-22 << "[\r][\n]"
2024-07-24 14:30:53.241 [docker-java-stream--1977851033] DEBUG c.g.d.z.s.o.a.hc.client5.http.wire - http-outgoing-22 << "81[\r][\n]"
2024-07-24 14:30:53.241 [docker-java-stream--1977851033] DEBUG c.g.d.z.s.o.a.hc.client5.http.wire - http-outgoing-22 << "[0x1][0x0][0x0][0x0][0x0][0x0][0x0]y2024-07-24 02:30:53.240 UTC [48] LOG:  background worker "logical replication launcher" (PID 54) exited with exit code 1[\n]"
2024-07-24 14:30:53.241 [docker-java-stream--1977851033] DEBUG c.g.d.z.s.o.a.hc.client5.http.wire - http-outgoing-22 << "[\r][\n]"
2024-07-24 14:30:53.241 [docker-java-stream--1977851033] DEBUG c.g.d.z.s.o.a.hc.client5.http.wire - http-outgoing-22 << "94[\r][\n]"
2024-07-24 14:30:53.241 [docker-java-stream--1977851033] DEBUG c.g.d.z.s.o.a.hc.client5.http.wire - http-outgoing-22 << "[0x1][0x0][0x0][0x0][0x0][0x0][0x0]52024-07-24 02:30:53.241 UTC [49] LOG:  shutting down[\n]"
2024-07-24 14:30:53.241 [docker-java-stream--1977851033] DEBUG c.g.d.z.s.o.a.hc.client5.http.wire - http-outgoing-22 << "[0x1][0x0][0x0][0x0][0x0][0x0][0x0]O2024-07-24 02:30:53.241 UTC [49] LOG:  checkpoint starting: shutdown immediate[\n]"
2024-07-24 14:30:53.241 [docker-java-stream--1977851033] DEBUG c.g.d.z.s.o.a.hc.client5.http.wire - http-outgoing-22 << "[\r][\n]"
2024-07-24 14:30:53.252 [docker-java-stream--1977851033] DEBUG c.g.d.z.s.o.a.hc.client5.http.wire - http-outgoing-22 << "12c[\r][\n]"
2024-07-24 14:30:53.252 [docker-java-stream--1977851033] DEBUG c.g.d.z.s.o.a.hc.client5.http.wire - http-outgoing-22 << "[0x1][0x0][0x0][0x0][0x0][0x0][0x1]$2024-07-24 02:30:53.251 UTC [49] LOG:  checkpoint complete: wrote 923 buffers (5.6%); 0 WAL file(s) added, 0 removed, 0 recycled; write=0.010 s, sync=0.001 s, total=0.010 s; sync files=0, longest=0.000 s, average=0.000 s; distance=4257 kB, estimate=4257 kB; lsn=0/1913068, redo lsn=0/1913068[\n]"
2024-07-24 14:30:53.252 [docker-java-stream--1977851033] DEBUG c.g.d.z.s.o.a.hc.client5.http.wire - http-outgoing-22 << "[\r][\n]"
2024-07-24 14:30:53.255 [Test worker] DEBUG o.t.c.output.WaitingConsumer - STDOUT: 2024-07-24 02:30:53.251 UTC [49] LOG:  checkpoint complete: wrote 923 buffers (5.6%); 0 WAL file(s) added, 0 removed, 0 recycled; write=0.010 s, sync=0.001 s, total=0.010 s; sync files=0, longest=0.000 s, average=0.000 s; distance=4257 kB, estimate=4257 kB; lsn=0/1913068, redo lsn=0/1913068
2024-07-24 14:30:53.255 [Test worker] DEBUG o.t.c.output.WaitingConsumer - STDOUT: 2024-07-24 02:30:53.241 UTC [49] LOG:  checkpoint starting: shutdown immediate
2024-07-24 14:30:53.255 [Test worker] DEBUG o.t.c.output.WaitingConsumer - STDOUT: 2024-07-24 02:30:53.241 UTC [49] LOG:  shutting down
2024-07-24 14:30:53.255 [Test worker] DEBUG o.t.c.output.WaitingConsumer - STDOUT: 2024-07-24 02:30:53.240 UTC [48] LOG:  background worker "logical replication launcher" (PID 54) exited with exit code 1
2024-07-24 14:30:53.255 [Test worker] DEBUG o.t.c.output.WaitingConsumer - STDOUT: waiting for server to shut down....2024-07-24 02:30:53.238 UTC [48] LOG:  aborting any active transactions
2024-07-24 14:30:53.255 [Test worker] DEBUG o.t.c.output.WaitingConsumer - STDOUT: 2024-07-24 02:30:53.238 UTC [48] LOG:  received fast shutdown request
2024-07-24 14:30:53.255 [Test worker] DEBUG o.t.c.output.WaitingConsumer - STDOUT: 
2024-07-24 14:30:53.255 [Test worker] DEBUG o.t.c.output.WaitingConsumer - STDOUT: /usr/local/bin/docker-entrypoint.sh: ignoring /docker-entrypoint-initdb.d/*
2024-07-24 14:30:53.255 [Test worker] DEBUG o.t.c.output.WaitingConsumer - STDOUT: 
2024-07-24 14:30:53.255 [Test worker] DEBUG o.t.c.output.WaitingConsumer - STDOUT: 
2024-07-24 14:30:53.261 [docker-java-stream--1977851033] DEBUG c.g.d.z.s.o.a.hc.client5.http.wire - http-outgoing-22 << "4c[\r][\n]"
2024-07-24 14:30:53.261 [docker-java-stream--1977851033] DEBUG c.g.d.z.s.o.a.hc.client5.http.wire - http-outgoing-22 << "[0x1][0x0][0x0][0x0][0x0][0x0][0x0]D2024-07-24 02:30:53.260 UTC [48] LOG:  database system is shut down[\n]"
2024-07-24 14:30:53.261 [docker-java-stream--1977851033] DEBUG c.g.d.z.s.o.a.hc.client5.http.wire - http-outgoing-22 << "[\r][\n]"
2024-07-24 14:30:53.270 [Test worker] DEBUG o.t.c.output.WaitingConsumer - STDOUT: 2024-07-24 02:30:53.260 UTC [48] LOG:  database system is shut down
2024-07-24 14:30:53.339 [docker-java-stream--1977851033] DEBUG c.g.d.z.s.o.a.hc.client5.http.wire - http-outgoing-22 << "25[\r][\n]"
2024-07-24 14:30:53.339 [docker-java-stream--1977851033] DEBUG c.g.d.z.s.o.a.hc.client5.http.wire - http-outgoing-22 << "[0x1][0x0][0x0][0x0][0x0][0x0][0x0][0x6] done[\n]"
2024-07-24 14:30:53.339 [docker-java-stream--1977851033] DEBUG c.g.d.z.s.o.a.hc.client5.http.wire - http-outgoing-22 << "[0x1][0x0][0x0][0x0][0x0][0x0][0x0][0xf]server stopped[\n]"
2024-07-24 14:30:53.339 [docker-java-stream--1977851033] DEBUG c.g.d.z.s.o.a.hc.client5.http.wire - http-outgoing-22 << "[\r][\n]"
2024-07-24 14:30:53.339 [Test worker] DEBUG o.t.c.output.WaitingConsumer - STDOUT: server stopped
2024-07-24 14:30:53.339 [Test worker] DEBUG o.t.c.output.WaitingConsumer - STDOUT:  done
2024-07-24 14:30:53.340 [docker-java-stream--1977851033] DEBUG c.g.d.z.s.o.a.hc.client5.http.wire - http-outgoing-22 << "50[\r][\n]"
2024-07-24 14:30:53.340 [docker-java-stream--1977851033] DEBUG c.g.d.z.s.o.a.hc.client5.http.wire - http-outgoing-22 << "[0x1][0x0][0x0][0x0][0x0][0x0][0x0][0x1][\n]"
2024-07-24 14:30:53.340 [docker-java-stream--1977851033] DEBUG c.g.d.z.s.o.a.hc.client5.http.wire - http-outgoing-22 << "[0x1][0x0][0x0][0x0][0x0][0x0][0x0]6PostgreSQL init process complete; ready for start up.[\n]"
2024-07-24 14:30:53.340 [docker-java-stream--1977851033] DEBUG c.g.d.z.s.o.a.hc.client5.http.wire - http-outgoing-22 << "[0x1][0x0][0x0][0x0][0x0][0x0][0x0][0x1][\n]"
2024-07-24 14:30:53.340 [docker-java-stream--1977851033] DEBUG c.g.d.z.s.o.a.hc.client5.http.wire - http-outgoing-22 << "[\r][\n]"
2024-07-24 14:30:53.358 [docker-java-stream--1977851033] DEBUG c.g.d.z.s.o.a.hc.client5.http.wire - http-outgoing-22 << "1cb[\r][\n]"
2024-07-24 14:30:53.358 [docker-java-stream--1977851033] DEBUG c.g.d.z.s.o.a.hc.client5.http.wire - http-outgoing-22 << "[0x2][0x0][0x0][0x0][0x0][0x0][0x0][0xffffffa3]2024-07-24 02:30:53.357 UTC [1] LOG:  starting PostgreSQL 16.2 (Debian 16.2-1.pgdg120+2) on x86_64-pc-linux-gnu, compiled by gcc (Debian 12.2.0-14) 12.2.0, 64-bit[\n]"
2024-07-24 14:30:53.358 [docker-java-stream--1977851033] DEBUG c.g.d.z.s.o.a.hc.client5.http.wire - http-outgoing-22 << "[0x2][0x0][0x0][0x0][0x0][0x0][0x0]U2024-07-24 02:30:53.357 UTC [1] LOG:  listening on IPv4 address "0.0.0.0", port 5432[\n]"
2024-07-24 14:30:53.358 [docker-java-stream--1977851033] DEBUG c.g.d.z.s.o.a.hc.client5.http.wire - http-outgoing-22 << "[0x2][0x0][0x0][0x0][0x0][0x0][0x0]P2024-07-24 02:30:53.358 UTC [1] LOG:  listening on IPv6 address "::", port 5432[\n]"
2024-07-24 14:30:53.358 [docker-java-stream--1977851033] DEBUG c.g.d.z.s.o.a.hc.client5.http.wire - http-outgoing-22 << "[0x2][0x0][0x0][0x0][0x0][0x0][0x0]c2024-07-24 02:30:53.358 UTC [1] LOG:  listening on Unix socket "/var/run/postgresql/.s.PGSQL.5432"[\n]"
2024-07-24 14:30:53.358 [docker-java-stream--1977851033] DEBUG c.g.d.z.s.o.a.hc.client5.http.wire - http-outgoing-22 << "[\r][\n]"
2024-07-24 14:30:53.360 [docker-java-stream--1977851033] DEBUG c.g.d.z.s.o.a.hc.client5.http.wire - http-outgoing-22 << "68[\r][\n]"
2024-07-24 14:30:53.360 [docker-java-stream--1977851033] DEBUG c.g.d.z.s.o.a.hc.client5.http.wire - http-outgoing-22 << "[0x2][0x0][0x0][0x0][0x0][0x0][0x0]`2024-07-24 02:30:53.360 UTC [64] LOG:  database system was shut down at 2024-07-24 02:30:53 UTC[\n]"
2024-07-24 14:30:53.360 [docker-java-stream--1977851033] DEBUG c.g.d.z.s.o.a.hc.client5.http.wire - http-outgoing-22 << "[\r][\n]"
2024-07-24 14:30:53.363 [Test worker] DEBUG o.t.c.output.WaitingConsumer - STDERR: 2024-07-24 02:30:53.360 UTC [64] LOG:  database system was shut down at 2024-07-24 02:30:53 UTC
2024-07-24 14:30:53.363 [Test worker] DEBUG o.t.c.output.WaitingConsumer - STDERR: 2024-07-24 02:30:53.358 UTC [1] LOG:  listening on Unix socket "/var/run/postgresql/.s.PGSQL.5432"
2024-07-24 14:30:53.363 [Test worker] DEBUG o.t.c.output.WaitingConsumer - STDERR: 2024-07-24 02:30:53.358 UTC [1] LOG:  listening on IPv6 address "::", port 5432
2024-07-24 14:30:53.363 [Test worker] DEBUG o.t.c.output.WaitingConsumer - STDERR: 2024-07-24 02:30:53.357 UTC [1] LOG:  listening on IPv4 address "0.0.0.0", port 5432
2024-07-24 14:30:53.363 [Test worker] DEBUG o.t.c.output.WaitingConsumer - STDERR: 2024-07-24 02:30:53.357 UTC [1] LOG:  starting PostgreSQL 16.2 (Debian 16.2-1.pgdg120+2) on x86_64-pc-linux-gnu, compiled by gcc (Debian 12.2.0-14) 12.2.0, 64-bit
2024-07-24 14:30:53.363 [Test worker] DEBUG o.t.c.output.WaitingConsumer - STDOUT: 
2024-07-24 14:30:53.363 [Test worker] DEBUG o.t.c.output.WaitingConsumer - STDOUT: PostgreSQL init process complete; ready for start up.
2024-07-24 14:30:53.363 [Test worker] DEBUG o.t.c.output.WaitingConsumer - STDOUT: 
2024-07-24 14:30:53.364 [docker-java-stream--1977851033] DEBUG c.g.d.z.s.o.a.hc.client5.http.wire - http-outgoing-22 << "5d[\r][\n]"
2024-07-24 14:30:53.364 [docker-java-stream--1977851033] DEBUG c.g.d.z.s.o.a.hc.client5.http.wire - http-outgoing-22 << "[0x2][0x0][0x0][0x0][0x0][0x0][0x0]U2024-07-24 02:30:53.363 UTC [1] LOG:  database system is ready to accept connections[\n]"
2024-07-24 14:30:53.364 [docker-java-stream--1977851033] DEBUG c.g.d.z.s.o.a.hc.client5.http.wire - http-outgoing-22 << "[\r][\n]"
2024-07-24 14:30:53.378 [Test worker] DEBUG o.t.c.output.WaitingConsumer - STDERR: 2024-07-24 02:30:53.363 UTC [1] LOG:  database system is ready to accept connections
2024-07-24 14:30:53.378 [Test worker] DEBUG c.g.d.z.s.o.a.h.c.h.i.c.InternalHttpClient - ep-000000F5: cancel
2024-07-24 14:30:53.378 [Test worker] DEBUG c.g.d.z.s.o.a.h.c.h.i.i.DefaultManagedHttpClientConnection - http-outgoing-22: close connection IMMEDIATE
2024-07-24 14:30:53.378 [Test worker] DEBUG c.g.d.z.s.o.a.h.c.h.i.c.InternalHttpClient - ep-000000F5: endpoint closed
2024-07-24 14:30:53.378 [Test worker] DEBUG c.g.d.z.s.o.a.h.c.h.i.c.InternalHttpClient - ep-000000F5: discarding endpoint
2024-07-24 14:30:53.378 [Test worker] DEBUG c.g.d.z.s.o.a.h.c.h.i.i.PoolingHttpClientConnectionManager - ep-000000F5: releasing endpoint
2024-07-24 14:30:53.378 [Test worker] DEBUG c.g.d.z.s.o.a.h.c.h.i.i.PoolingHttpClientConnectionManager - ep-000000F5: connection is not kept alive
2024-07-24 14:30:53.378 [Test worker] DEBUG c.g.d.z.s.o.a.h.c.h.i.i.PoolingHttpClientConnectionManager - ep-000000F5: connection released [route: {}->npipe://localhost:2375][total available: 0; route allocated: 0 of 2147483647; total allocated: 0 of 2147483647]
2024-07-24 14:30:53.378 [docker-java-stream--1977851033] DEBUG c.g.d.z.s.o.a.hc.client5.http.wire - http-outgoing-22 << "end of stream"
2024-07-24 14:30:53.378 [Test worker] DEBUG c.g.d.z.s.o.a.hc.client5.http.wire - http-outgoing-22 << "[read] I/O error: java.nio.channels.ClosedChannelException"
2024-07-24 14:30:53.378 [docker-java-stream--1977851033] DEBUG c.g.d.z.s.o.a.hc.client5.http.wire - http-outgoing-22 << "[read] I/O error: java.nio.channels.ClosedChannelException"
2024-07-24 14:30:53.378 [docker-java-stream--1977851033] DEBUG c.g.d.z.ApacheDockerHttpClientImpl$ApacheResponse - Failed to close the response
java.io.IOException: java.nio.channels.ClosedChannelException
	at java.base/java.nio.channels.Channels$2.read(Channels.java:240)
	at com.github.dockerjava.zerodep.shaded.org.apache.hc.client5.http.impl.io.LoggingInputStream.read(LoggingInputStream.java:81)
	at com.github.dockerjava.zerodep.shaded.org.apache.hc.core5.http.impl.io.SessionInputBufferImpl.fillBuffer(SessionInputBufferImpl.java:149)
	at com.github.dockerjava.zerodep.shaded.org.apache.hc.core5.http.impl.io.SessionInputBufferImpl.readLine(SessionInputBufferImpl.java:280)
	at com.github.dockerjava.zerodep.shaded.org.apache.hc.core5.http.impl.io.ChunkedInputStream.getChunkSize(ChunkedInputStream.java:261)
	at com.github.dockerjava.zerodep.shaded.org.apache.hc.core5.http.impl.io.ChunkedInputStream.nextChunk(ChunkedInputStream.java:222)
	at com.github.dockerjava.zerodep.shaded.org.apache.hc.core5.http.impl.io.ChunkedInputStream.read(ChunkedInputStream.java:147)
	at com.github.dockerjava.zerodep.shaded.org.apache.hc.core5.http.impl.io.ChunkedInputStream.close(ChunkedInputStream.java:314)
	at com.github.dockerjava.zerodep.shaded.org.apache.hc.core5.io.Closer.close(Closer.java:48)
	at com.github.dockerjava.zerodep.shaded.org.apache.hc.core5.http.impl.io.IncomingHttpEntity.close(IncomingHttpEntity.java:111)
	at com.github.dockerjava.zerodep.shaded.org.apache.hc.core5.http.io.entity.HttpEntityWrapper.close(HttpEntityWrapper.java:120)
	at com.github.dockerjava.zerodep.shaded.org.apache.hc.core5.io.Closer.close(Closer.java:48)
	at com.github.dockerjava.zerodep.shaded.org.apache.hc.core5.http.message.BasicClassicHttpResponse.close(BasicClassicHttpResponse.java:93)
	at com.github.dockerjava.zerodep.shaded.org.apache.hc.client5.http.impl.classic.CloseableHttpResponse.close(CloseableHttpResponse.java:200)
	at com.github.dockerjava.zerodep.ApacheDockerHttpClientImpl$ApacheResponse.close(ApacheDockerHttpClientImpl.java:271)
	at org.testcontainers.shaded.com.github.dockerjava.core.DefaultInvocationBuilder.lambda$executeAndStream$1(DefaultInvocationBuilder.java:277)
	at java.base/java.lang.Thread.run(Thread.java:833)
Caused by: java.nio.channels.ClosedChannelException: null
	at java.base/sun.nio.ch.WindowsAsynchronousFileChannelImpl.implRead(WindowsAsynchronousFileChannelImpl.java:516)
	at java.base/sun.nio.ch.AsynchronousFileChannelImpl.read(AsynchronousFileChannelImpl.java:229)
	at com.github.dockerjava.transport.NamedPipeSocket$AsynchronousFileByteChannel.read(NamedPipeSocket.java:117)
	at java.base/java.nio.channels.Channels$2.read(Channels.java:238)
	... 16 common frames omitted
2024-07-24 14:30:53.378 [Test worker] DEBUG c.g.d.z.ApacheDockerHttpClientImpl$ApacheResponse - Failed to close the response
java.io.IOException: java.nio.channels.ClosedChannelException
	at java.base/java.nio.channels.Channels$2.read(Channels.java:240)
	at com.github.dockerjava.zerodep.shaded.org.apache.hc.client5.http.impl.io.LoggingInputStream.read(LoggingInputStream.java:81)
	at com.github.dockerjava.zerodep.shaded.org.apache.hc.core5.http.impl.io.SessionInputBufferImpl.fillBuffer(SessionInputBufferImpl.java:149)
	at com.github.dockerjava.zerodep.shaded.org.apache.hc.core5.http.impl.io.SessionInputBufferImpl.readLine(SessionInputBufferImpl.java:280)
	at com.github.dockerjava.zerodep.shaded.org.apache.hc.core5.http.impl.io.ChunkedInputStream.getChunkSize(ChunkedInputStream.java:261)
	at com.github.dockerjava.zerodep.shaded.org.apache.hc.core5.http.impl.io.ChunkedInputStream.nextChunk(ChunkedInputStream.java:222)
	at com.github.dockerjava.zerodep.shaded.org.apache.hc.core5.http.impl.io.ChunkedInputStream.read(ChunkedInputStream.java:147)
	at com.github.dockerjava.zerodep.shaded.org.apache.hc.core5.http.impl.io.ChunkedInputStream.close(ChunkedInputStream.java:314)
	at com.github.dockerjava.zerodep.shaded.org.apache.hc.core5.io.Closer.close(Closer.java:48)
	at com.github.dockerjava.zerodep.shaded.org.apache.hc.core5.http.impl.io.IncomingHttpEntity.close(IncomingHttpEntity.java:111)
	at com.github.dockerjava.zerodep.shaded.org.apache.hc.core5.http.io.entity.HttpEntityWrapper.close(HttpEntityWrapper.java:120)
	at com.github.dockerjava.zerodep.shaded.org.apache.hc.core5.io.Closer.close(Closer.java:48)
	at com.github.dockerjava.zerodep.shaded.org.apache.hc.core5.http.message.BasicClassicHttpResponse.close(BasicClassicHttpResponse.java:93)
	at com.github.dockerjava.zerodep.shaded.org.apache.hc.client5.http.impl.classic.CloseableHttpResponse.close(CloseableHttpResponse.java:200)
	at com.github.dockerjava.zerodep.ApacheDockerHttpClientImpl$ApacheResponse.close(ApacheDockerHttpClientImpl.java:271)
	at org.testcontainers.shaded.com.github.dockerjava.core.DefaultInvocationBuilder.lambda$null$0(DefaultInvocationBuilder.java:272)
	at com.github.dockerjava.api.async.ResultCallbackTemplate.close(ResultCallbackTemplate.java:77)
	at org.testcontainers.containers.output.FrameConsumerResultCallback.close(FrameConsumerResultCallback.java:69)
	at org.testcontainers.containers.wait.strategy.LogMessageWaitStrategy.waitUntilReady(LogMessageWaitStrategy.java:49)
	at org.testcontainers.containers.wait.strategy.AbstractWaitStrategy.waitUntilReady(AbstractWaitStrategy.java:52)
	at org.testcontainers.containers.PostgreSQLContainer.waitUntilContainerStarted(PostgreSQLContainer.java:149)
	at org.testcontainers.containers.GenericContainer.tryStart(GenericContainer.java:500)
	at org.testcontainers.containers.GenericContainer.lambda$doStart$0(GenericContainer.java:354)
	at org.rnorth.ducttape.unreliables.Unreliables.retryUntilSuccess(Unreliables.java:81)
	at org.testcontainers.containers.GenericContainer.doStart(GenericContainer.java:344)
	at org.testcontainers.containers.GenericContainer.start(GenericContainer.java:330)
	at com.unitedApi.WorkOrderDAOTest.<init>(WorkOrderDAOTest.kt:46)
	at java.base/jdk.internal.reflect.NativeConstructorAccessorImpl.newInstance0(Native Method)
	at java.base/jdk.internal.reflect.NativeConstructorAccessorImpl.newInstance(NativeConstructorAccessorImpl.java:77)
	at java.base/jdk.internal.reflect.DelegatingConstructorAccessorImpl.newInstance(DelegatingConstructorAccessorImpl.java:45)
	at java.base/java.lang.reflect.Constructor.newInstanceWithCaller(Constructor.java:499)
	at java.base/java.lang.reflect.Constructor.newInstance(Constructor.java:480)
	at org.junit.runners.BlockJUnit4ClassRunner.createTest(BlockJUnit4ClassRunner.java:250)
	at org.junit.runners.BlockJUnit4ClassRunner.createTest(BlockJUnit4ClassRunner.java:260)
	at org.junit.runners.BlockJUnit4ClassRunner$2.runReflectiveCall(BlockJUnit4ClassRunner.java:309)
	at org.junit.internal.runners.model.ReflectiveCallable.run(ReflectiveCallable.java:12)
	at org.junit.runners.BlockJUnit4ClassRunner.methodBlock(BlockJUnit4ClassRunner.java:306)
	at org.junit.runners.BlockJUnit4ClassRunner$1.evaluate(BlockJUnit4ClassRunner.java:100)
	at org.junit.runners.ParentRunner.runLeaf(ParentRunner.java:366)
	at org.junit.runners.BlockJUnit4ClassRunner.runChild(BlockJUnit4ClassRunner.java:103)
	at org.junit.runners.BlockJUnit4ClassRunner.runChild(BlockJUnit4ClassRunner.java:63)
	at org.junit.runners.ParentRunner$4.run(ParentRunner.java:331)
	at org.junit.runners.ParentRunner$1.schedule(ParentRunner.java:79)
	at org.junit.runners.ParentRunner.runChildren(ParentRunner.java:329)
	at org.junit.runners.ParentRunner.access$100(ParentRunner.java:66)
	at org.junit.runners.ParentRunner$2.evaluate(ParentRunner.java:293)
	at org.junit.runners.ParentRunner$3.evaluate(ParentRunner.java:306)
	at org.junit.runners.ParentRunner.run(ParentRunner.java:413)
	at org.gradle.api.internal.tasks.testing.junit.JUnitTestClassExecutor.runTestClass(JUnitTestClassExecutor.java:112)
	at org.gradle.api.internal.tasks.testing.junit.JUnitTestClassExecutor.execute(JUnitTestClassExecutor.java:58)
	at org.gradle.api.internal.tasks.testing.junit.JUnitTestClassExecutor.execute(JUnitTestClassExecutor.java:40)
	at org.gradle.api.internal.tasks.testing.junit.AbstractJUnitTestClassProcessor.processTestClass(AbstractJUnitTestClassProcessor.java:60)
	at org.gradle.api.internal.tasks.testing.SuiteTestClassProcessor.processTestClass(SuiteTestClassProcessor.java:52)
	at java.base/jdk.internal.reflect.NativeMethodAccessorImpl.invoke0(Native Method)
	at java.base/jdk.internal.reflect.NativeMethodAccessorImpl.invoke(NativeMethodAccessorImpl.java:77)
	at java.base/jdk.internal.reflect.DelegatingMethodAccessorImpl.invoke(DelegatingMethodAccessorImpl.java:43)
	at java.base/java.lang.reflect.Method.invoke(Method.java:568)
	at org.gradle.internal.dispatch.ReflectionDispatch.dispatch(ReflectionDispatch.java:36)
	at org.gradle.internal.dispatch.ReflectionDispatch.dispatch(ReflectionDispatch.java:24)
	at org.gradle.internal.dispatch.ContextClassLoaderDispatch.dispatch(ContextClassLoaderDispatch.java:33)
	at org.gradle.internal.dispatch.ProxyDispatchAdapter$DispatchingInvocationHandler.invoke(ProxyDispatchAdapter.java:94)
	at jdk.proxy1/jdk.proxy1.$Proxy2.processTestClass(Unknown Source)
	at org.gradle.api.internal.tasks.testing.worker.TestWorker$2.run(TestWorker.java:176)
	at org.gradle.api.internal.tasks.testing.worker.TestWorker.executeAndMaintainThreadName(TestWorker.java:129)
	at org.gradle.api.internal.tasks.testing.worker.TestWorker.execute(TestWorker.java:100)
	at org.gradle.api.internal.tasks.testing.worker.TestWorker.execute(TestWorker.java:60)
	at org.gradle.process.internal.worker.child.ActionExecutionWorker.execute(ActionExecutionWorker.java:56)
	at org.gradle.process.internal.worker.child.SystemApplicationClassLoaderWorker.call(SystemApplicationClassLoaderWorker.java:113)
	at org.gradle.process.internal.worker.child.SystemApplicationClassLoaderWorker.call(SystemApplicationClassLoaderWorker.java:65)
	at worker.org.gradle.process.internal.worker.GradleWorkerMain.run(GradleWorkerMain.java:69)
	at worker.org.gradle.process.internal.worker.GradleWorkerMain.main(GradleWorkerMain.java:74)
Caused by: java.nio.channels.ClosedChannelException: null
	at java.base/sun.nio.ch.WindowsAsynchronousFileChannelImpl.implRead(WindowsAsynchronousFileChannelImpl.java:516)
	at java.base/sun.nio.ch.AsynchronousFileChannelImpl.read(AsynchronousFileChannelImpl.java:229)
	at com.github.dockerjava.transport.NamedPipeSocket$AsynchronousFileByteChannel.read(NamedPipeSocket.java:117)
	at java.base/java.nio.channels.Channels$2.read(Channels.java:238)
	... 70 common frames omitted
2024-07-24 14:30:53.379 [Test worker] INFO  tc.postgres:latest - Container postgres:latest started in PT1.8215114S
2024-07-24 14:30:53.379 [Test worker] INFO  tc.postgres:latest - Container is started (JDBC URL: jdbc:postgresql://localhost:51581/db?loggerLevel=OFF)
2024-07-24 14:30:53.380 [Test worker] INFO  org.testcontainers.ext.ScriptUtils - Executing database script from sql/init.sql
2024-07-24 14:30:53.380 [Test worker] DEBUG o.t.s.c.g.d.c.command.AbstrDockerCmd - Cmd: f10406509958512fec1355ce42f14975228c4c993a7948f7acb05018968d7392,false
2024-07-24 14:30:53.380 [Test worker] DEBUG o.t.s.c.g.d.c.e.InspectContainerCmdExec - GET: DefaultWebTarget{path=[/containers/f10406509958512fec1355ce42f14975228c4c993a7948f7acb05018968d7392/json], queryParams={}}
2024-07-24 14:30:53.381 [Test worker] DEBUG c.g.d.z.s.o.a.h.c.h.i.c.InternalHttpClient - ex-000000F7: preparing request execution
2024-07-24 14:30:53.381 [Test worker] DEBUG c.g.d.z.s.o.a.h.c.h.p.RequestAddCookies - Cookie spec selected: strict
2024-07-24 14:30:53.381 [Test worker] DEBUG c.g.d.z.s.o.a.h.c.h.p.RequestAuthCache - Auth cache not set in the context
2024-07-24 14:30:53.381 [Test worker] DEBUG c.g.d.z.s.o.a.h.c.h.i.c.ProtocolExec - ex-000000F7: target auth state: UNCHALLENGED
2024-07-24 14:30:53.381 [Test worker] DEBUG c.g.d.z.s.o.a.h.c.h.i.c.ProtocolExec - ex-000000F7: proxy auth state: UNCHALLENGED
2024-07-24 14:30:53.381 [Test worker] DEBUG c.g.d.z.s.o.a.h.c.h.i.c.ConnectExec - ex-000000F7: acquiring connection with route {}->npipe://localhost:2375
2024-07-24 14:30:53.381 [Test worker] DEBUG c.g.d.z.s.o.a.h.c.h.i.c.InternalHttpClient - ex-000000F7: acquiring endpoint (3 MINUTES)
2024-07-24 14:30:53.381 [Test worker] DEBUG c.g.d.z.s.o.a.h.c.h.i.i.PoolingHttpClientConnectionManager - ex-000000F7: endpoint lease request (3 MINUTES) [route: {}->npipe://localhost:2375][total available: 0; route allocated: 0 of 2147483647; total allocated: 0 of 2147483647]
2024-07-24 14:30:53.381 [Test worker] DEBUG c.g.d.z.s.o.a.h.c.h.i.i.PoolingHttpClientConnectionManager - ex-000000F7: endpoint leased [route: {}->npipe://localhost:2375][total available: 0; route allocated: 1 of 2147483647; total allocated: 1 of 2147483647]
2024-07-24 14:30:53.381 [Test worker] DEBUG c.g.d.z.s.o.a.h.c.h.i.i.PoolingHttpClientConnectionManager - ex-000000F7: acquired ep-000000F6
2024-07-24 14:30:53.381 [Test worker] DEBUG c.g.d.z.s.o.a.h.c.h.i.c.InternalHttpClient - ex-000000F7: acquired endpoint ep-000000F6
2024-07-24 14:30:53.381 [Test worker] DEBUG c.g.d.z.s.o.a.h.c.h.i.c.ConnectExec - ex-000000F7: opening connection {}->npipe://localhost:2375
2024-07-24 14:30:53.381 [Test worker] DEBUG c.g.d.z.s.o.a.h.c.h.i.c.InternalHttpClient - ep-000000F6: connecting endpoint (3 MINUTES)
2024-07-24 14:30:53.381 [Test worker] DEBUG c.g.d.z.s.o.a.h.c.h.i.i.PoolingHttpClientConnectionManager - ep-000000F6: connecting endpoint to npipe://localhost:2375 (3 MINUTES)
2024-07-24 14:30:53.382 [Test worker] DEBUG c.g.d.z.s.o.a.h.c.h.i.i.DefaultHttpClientConnectionOperator - http-outgoing-23: connecting to localhost/127.0.0.1:2375
2024-07-24 14:30:53.382 [Test worker] DEBUG c.g.d.z.s.o.a.h.c.h.i.i.DefaultHttpClientConnectionOperator - http-outgoing-23: connection established 
2024-07-24 14:30:53.382 [Test worker] DEBUG c.g.d.z.s.o.a.h.c.h.i.i.PoolingHttpClientConnectionManager - ep-000000F6: connected http-outgoing-23
2024-07-24 14:30:53.382 [Test worker] DEBUG c.g.d.z.s.o.a.h.c.h.i.c.InternalHttpClient - ep-000000F6: endpoint connected
2024-07-24 14:30:53.382 [Test worker] DEBUG c.g.d.z.s.o.a.h.c.h.i.c.MainClientExec - ex-000000F7: executing GET /v1.32/containers/f10406509958512fec1355ce42f14975228c4c993a7948f7acb05018968d7392/json HTTP/1.1
2024-07-24 14:30:53.382 [Test worker] DEBUG c.g.d.z.s.o.a.h.c.h.i.c.InternalHttpClient - ep-000000F6: start execution ex-000000F7
2024-07-24 14:30:53.382 [Test worker] DEBUG c.g.d.z.s.o.a.h.c.h.i.i.PoolingHttpClientConnectionManager - ep-000000F6: executing exchange ex-000000F7 over http-outgoing-23
2024-07-24 14:30:53.382 [Test worker] DEBUG c.g.d.z.s.o.a.h.client5.http.headers - http-outgoing-23 >> GET /v1.32/containers/f10406509958512fec1355ce42f14975228c4c993a7948f7acb05018968d7392/json HTTP/1.1
2024-07-24 14:30:53.382 [Test worker] DEBUG c.g.d.z.s.o.a.h.client5.http.headers - http-outgoing-23 >> accept: application/json
2024-07-24 14:30:53.382 [Test worker] DEBUG c.g.d.z.s.o.a.h.client5.http.headers - http-outgoing-23 >> x-tc-sid: 280e6229-7396-4d60-b1e3-a5de48b5d49b
2024-07-24 14:30:53.382 [Test worker] DEBUG c.g.d.z.s.o.a.h.client5.http.headers - http-outgoing-23 >> User-Agent: tc-java/1.19.8
2024-07-24 14:30:53.382 [Test worker] DEBUG c.g.d.z.s.o.a.h.client5.http.headers - http-outgoing-23 >> Accept-Encoding: gzip, x-gzip, deflate
2024-07-24 14:30:53.382 [Test worker] DEBUG c.g.d.z.s.o.a.h.client5.http.headers - http-outgoing-23 >> Host: localhost:2375
2024-07-24 14:30:53.382 [Test worker] DEBUG c.g.d.z.s.o.a.h.client5.http.headers - http-outgoing-23 >> Connection: keep-alive
2024-07-24 14:30:53.382 [Test worker] DEBUG c.g.d.z.s.o.a.hc.client5.http.wire - http-outgoing-23 >> "GET /v1.32/containers/f10406509958512fec1355ce42f14975228c4c993a7948f7acb05018968d7392/json HTTP/1.1[\r][\n]"
2024-07-24 14:30:53.382 [Test worker] DEBUG c.g.d.z.s.o.a.hc.client5.http.wire - http-outgoing-23 >> "accept: application/json[\r][\n]"
2024-07-24 14:30:53.382 [Test worker] DEBUG c.g.d.z.s.o.a.hc.client5.http.wire - http-outgoing-23 >> "x-tc-sid: 280e6229-7396-4d60-b1e3-a5de48b5d49b[\r][\n]"
2024-07-24 14:30:53.382 [Test worker] DEBUG c.g.d.z.s.o.a.hc.client5.http.wire - http-outgoing-23 >> "User-Agent: tc-java/1.19.8[\r][\n]"
2024-07-24 14:30:53.382 [Test worker] DEBUG c.g.d.z.s.o.a.hc.client5.http.wire - http-outgoing-23 >> "Accept-Encoding: gzip, x-gzip, deflate[\r][\n]"
2024-07-24 14:30:53.382 [Test worker] DEBUG c.g.d.z.s.o.a.hc.client5.http.wire - http-outgoing-23 >> "Host: localhost:2375[\r][\n]"
2024-07-24 14:30:53.382 [Test worker] DEBUG c.g.d.z.s.o.a.hc.client5.http.wire - http-outgoing-23 >> "Connection: keep-alive[\r][\n]"
2024-07-24 14:30:53.382 [Test worker] DEBUG c.g.d.z.s.o.a.hc.client5.http.wire - http-outgoing-23 >> "[\r][\n]"
2024-07-24 14:30:53.385 [Test worker] DEBUG c.g.d.z.s.o.a.hc.client5.http.wire - http-outgoing-23 << "HTTP/1.1 200 OK[\r][\n]"
2024-07-24 14:30:53.385 [Test worker] DEBUG c.g.d.z.s.o.a.hc.client5.http.wire - http-outgoing-23 << "Api-Version: 1.45[\r][\n]"
2024-07-24 14:30:53.385 [Test worker] DEBUG c.g.d.z.s.o.a.hc.client5.http.wire - http-outgoing-23 << "Content-Type: application/json[\r][\n]"
2024-07-24 14:30:53.385 [Test worker] DEBUG c.g.d.z.s.o.a.hc.client5.http.wire - http-outgoing-23 << "Date: Wed, 24 Jul 2024 02:30:53 GMT[\r][\n]"
2024-07-24 14:30:53.385 [Test worker] DEBUG c.g.d.z.s.o.a.hc.client5.http.wire - http-outgoing-23 << "Docker-Experimental: false[\r][\n]"
2024-07-24 14:30:53.385 [Test worker] DEBUG c.g.d.z.s.o.a.hc.client5.http.wire - http-outgoing-23 << "Ostype: linux[\r][\n]"
2024-07-24 14:30:53.385 [Test worker] DEBUG c.g.d.z.s.o.a.hc.client5.http.wire - http-outgoing-23 << "Server: Docker/26.0.0 (linux)[\r][\n]"
2024-07-24 14:30:53.385 [Test worker] DEBUG c.g.d.z.s.o.a.hc.client5.http.wire - http-outgoing-23 << "Transfer-Encoding: chunked[\r][\n]"
2024-07-24 14:30:53.385 [Test worker] DEBUG c.g.d.z.s.o.a.hc.client5.http.wire - http-outgoing-23 << "[\r][\n]"
2024-07-24 14:30:53.385 [Test worker] DEBUG c.g.d.z.s.o.a.h.client5.http.headers - http-outgoing-23 << HTTP/1.1 200 OK
2024-07-24 14:30:53.385 [Test worker] DEBUG c.g.d.z.s.o.a.h.client5.http.headers - http-outgoing-23 << Api-Version: 1.45
2024-07-24 14:30:53.385 [Test worker] DEBUG c.g.d.z.s.o.a.h.client5.http.headers - http-outgoing-23 << Content-Type: application/json
2024-07-24 14:30:53.385 [Test worker] DEBUG c.g.d.z.s.o.a.h.client5.http.headers - http-outgoing-23 << Date: Wed, 24 Jul 2024 02:30:53 GMT
2024-07-24 14:30:53.385 [Test worker] DEBUG c.g.d.z.s.o.a.h.client5.http.headers - http-outgoing-23 << Docker-Experimental: false
2024-07-24 14:30:53.385 [Test worker] DEBUG c.g.d.z.s.o.a.h.client5.http.headers - http-outgoing-23 << Ostype: linux
2024-07-24 14:30:53.385 [Test worker] DEBUG c.g.d.z.s.o.a.h.client5.http.headers - http-outgoing-23 << Server: Docker/26.0.0 (linux)
2024-07-24 14:30:53.385 [Test worker] DEBUG c.g.d.z.s.o.a.h.client5.http.headers - http-outgoing-23 << Transfer-Encoding: chunked
2024-07-24 14:30:53.385 [Test worker] DEBUG c.g.d.z.s.o.a.h.c.h.i.c.MainClientExec - ex-000000F7: connection can be kept alive for 3 MINUTES
2024-07-24 14:30:53.386 [Test worker] DEBUG c.g.d.z.s.o.a.hc.client5.http.wire - http-outgoing-23 << "1a39[\r][\n]"
2024-07-24 14:30:53.386 [Test worker] DEBUG c.g.d.z.s.o.a.hc.client5.http.wire - http-outgoing-23 << "{"Id":"f10406509958512fec1355ce42f14975228c4c993a7948f7acb05018968d7392","Created":"2024-07-24T02:30:51.564311915Z","Path":"docker-entrypoint.sh","Args":["postgres","-c","fsync=off"],"State":{"Status":"running","Running":true,"Paused":false,"Restarting":false,"OOMKilled":false,"Dead":false,"Pid":30903,"ExitCode":0,"Error":"","StartedAt":"2024-07-24T02:30:52.011445357Z","FinishedAt":"0001-01-01T00:00:00Z"},"Image":"sha256:8e4fc9e184899a58735e7ee333f5e272d7d2298cf59302006b71f33e217be130","ResolvConfPath":"/var/lib/docker/containers/f10406509958512fec1355ce42f14975228c4c993a7948f7acb05018968d7392/resolv.conf","HostnamePath":"/var/lib/docker/containers/f10406509958512fec1355ce42f14975228c4c993a7948f7acb05018968d7392/hostname","HostsPath":"/var/lib/docker/containers/f10406509958512fec1355ce42f14975228c4c993a7948f7acb05018968d7392/hosts","LogPath":"/var/lib/docker/containers/f10406509958512fec1355ce42f14975228c4c993a7948f7acb05018968d7392/f10406509958512fec1355ce42f14975228c4c993a7948f7acb05018968d7392-json.log","Name":"/vigilant_almeida","RestartCount":0,"Driver":"overlay2","Platform":"linux","MountLabel":"","ProcessLabel":"","AppArmorProfile":"","ExecIDs":null,"HostConfig":{"Binds":[],"ContainerIDFile":"","LogConfig":{"Type":"json-file","Config":{}},"NetworkMode":"default","PortBindings":{"5432/tcp":[{"HostIp":"0.0.0.0","HostPort":"0"}]},"RestartPolicy":{"Name":"no","MaximumRetryCount":0},"AutoRemove":false,"VolumeDriver":"","VolumesFrom":[],"ConsoleSize":[0,0],"CapAdd":null,"CapDrop":null,"CgroupnsMode":"host","Dns":null,"DnsOptions":null,"DnsSearch":null,"ExtraHosts":[],"GroupAdd":null,"IpcMode":"shareable","Cgroup":"","Links":null,"OomScoreAdj":0,"PidMode":"","Privileged":false,"PublishAllPorts":false,"ReadonlyRootfs":false,"SecurityOpt":null,"UTSMode":"","UsernsMode":"","ShmSize":67108864,"Runtime":"runc","Isolation":"","CpuShares":0,"Memory":0,"NanoCpus":0,"CgroupParent":"","BlkioWeight":0,"BlkioWeightDevice":null,"BlkioDeviceReadBps":null,"BlkioDeviceWriteBps":null,"BlkioDeviceReadIOps":null,"BlkioDeviceWriteIOps":null,"CpuPeriod":0,"CpuQuota":0,"CpuRealtimePeriod":0,"CpuRealtimeRuntime":0,"CpusetCpus":"","CpusetMems":"","Devices":null,"DeviceCgroupRules":null,"DeviceRequests":null,"MemoryReservation":0,"MemorySwap":0,"MemorySwappiness":null,"OomKillDisable":false,"PidsLimit":null,"Ulimits":null,"CpuCount":0,"CpuPercent":0,"IOMaximumIOps":0,"IOMaximumBandwidth":0,"MaskedPaths":["/proc/asound","/proc/acpi","/proc/kcore","/proc/keys","/proc/latency_stats","/proc/timer_list","/proc/timer_stats","/proc/sched_debug","/proc/scsi","/sys/firmware","/sys/devices/virtual/powercap"],"ReadonlyPaths":["/proc/bus","/proc/fs","/proc/irq","/proc/sys","/proc/sysrq-trigger"]},"GraphDriver":{"Data":{"LowerDir":"/var/lib/docker/overlay2/11277b3984b34ae9dc1d28fcd2a5f0d96c8e16b8677765034376233977a69834-init/diff:/var/lib/docker/overlay2/8f0ddbd386af0785c2e348570516955816ab350305d698d363962d488eeb15ec/diff:/var/lib/docker/overlay2/0eb0ca73e9b0be7c3d7fa8762ef4778a68f38391bc84c037c2e90b88e781b475/diff:/var/lib/docker/overlay2/74e634bddc785c5d436b10a5158cd82e21dc2065fd1cf8ff9c1c12e01575a2d8/diff:/var/lib/docker/overlay2/bb918b2851cd2f508f1e3fdbfff8b7f8b041d61e65fe8c368288bf399e80b818/diff:/var/lib/docker/overlay2/2abab2946cbdc2941ee8ec4024c51dac7313dee9de5fbedd1ca33388c59eb3c8/diff:/var/lib/docker/overlay2/e12f6083ee669bd92743ceb339a896bb25dbe461b718705bb39eb410b80c0ecd/diff:/var/lib/docker/overlay2/ced1e86d670d097da5ed4da7288c22507735918959161c2cd8bf083fb30d169a/diff:/var/lib/docker/overlay2/94e9ac7b74923285ae73af20aeccb964ca9079e2305db367cb85d1603560472d/diff:/var/lib/docker/overlay2/a396b6dfd63f0c228c519871183c614cccf4d366a43460f27ecf97113c3c4be8/diff:/var/lib/docker/overlay2/f58ada5d5080c2bac553c734f81127660a90581a35ed2a92cebe3c59e340875b/diff:/var/lib/docker/overlay2/84f85636f37bf55d945e217b4f87a856eba7932284beaf042561007b66f48977/diff:/var/lib/docker/overlay2/1e6e519613884e91a2b74a588ba35dc8a2f789371ab798ef6e7d9836d756042f/diff:/var/lib/docker/overlay2/14a3151cc8b4f9d27d2e64f1a8abc0c7809309580f2d7e8dc8545055c1d56194/diff:/var/lib/do"
2024-07-24 14:30:53.386 [Test worker] DEBUG c.g.d.z.s.o.a.hc.client5.http.wire - http-outgoing-23 << "cker/overlay2/5b354b9e793401517fe2f1da697653fdaadffc54888eaf76d67e0600b8c68bdc/diff","MergedDir":"/var/lib/docker/overlay2/11277b3984b34ae9dc1d28fcd2a5f0d96c8e16b8677765034376233977a69834/merged","UpperDir":"/var/lib/docker/overlay2/11277b3984b34ae9dc1d28fcd2a5f0d96c8e16b8677765034376233977a69834/diff","WorkDir":"/var/lib/docker/overlay2/11277b3984b34ae9dc1d28fcd2a5f0d96c8e16b8677765034376233977a69834/work"},"Name":"overlay2"},"Mounts":[{"Type":"volume","Name":"4247a9ffdc923cc1266cb20f00d4e95cf8c7f488a4af56b8c0abda92008f44c0","Source":"/var/lib/docker/volumes/4247a9ffdc923cc1266cb20f00d4e95cf8c7f488a4af56b8c0abda92008f44c0/_data","Destination":"/var/lib/postgresql/data","Driver":"local","Mode":"","RW":true,"Propagation":""}],"Config":{"Hostname":"f10406509958","Domainname":"","User":"","AttachStdin":false,"AttachStdout":false,"AttachStderr":false,"ExposedPorts":{"5432/tcp":{}},"Tty":false,"OpenStdin":false,"StdinOnce":false,"Env":["POSTGRES_USER=user","POSTGRES_PASSWORD=password","POSTGRES_DB=db","PATH=/usr/local/sbin:/usr/local/bin:/usr/sbin:/usr/bin:/sbin:/bin:/usr/lib/postgresql/16/bin","GOSU_VERSION=1.17","LANG=en_US.utf8","PG_MAJOR=16","PG_VERSION=16.2-1.pgdg120+2","PGDATA=/var/lib/postgresql/data"],"Cmd":["postgres","-c","fsync=off"],"Image":"postgres:latest","Volumes":{"/var/lib/postgresql/data":{}},"WorkingDir":"","Entrypoint":["docker-entrypoint.sh"],"OnBuild":null,"Labels":{"org.testcontainers":"true","org.testcontainers.lang":"java","org.testcontainers.sessionId":"280e6229-7396-4d60-b1e3-a5de48b5d49b","org.testcontainers.version":"1.19.8"},"StopSignal":"SIGINT"},"NetworkSettings":{"Bridge":"","SandboxID":"3deaf1e66a4617d4ba161d344082513957f46b48bb3e62c24b155fa5df3b6b7c","SandboxKey":"/var/run/docker/netns/3deaf1e66a46","Ports":{"5432/tcp":[{"HostIp":"0.0.0.0","HostPort":"51581"}]},"HairpinMode":false,"LinkLocalIPv6Address":"","LinkLocalIPv6PrefixLen":0,"SecondaryIPAddresses":null,"SecondaryIPv6Addresses":null,"EndpointID":"5c32faddf2f96528832ce76b8d0108c918dbb2b1809b0345b3835283a269889f","Gateway":"172.17.0.1","GlobalIPv6Address":"","GlobalIPv6PrefixLen":0,"IPAddress":"172.17.0.3","IPPrefixLen":16,"IPv6Gateway":"","MacAddress":"02:42:ac:11:00:03","Networks":{"bridge":{"IPAMConfig":null,"Links":null,"Aliases":null,"MacAddress":"02:42:ac:11:00:03","NetworkID":"3c842496be344cbdae878c1dee0957e7bc7c0a2236009c92752030f2b053e72f","EndpointID":"5c32faddf2f96528832ce76b8d0108c918dbb2b1809b0345b3835283a269889f","Gateway":"172.17.0.1","IPAddress":"172.17.0.3","IPPrefixLen":16,"IPv6Gateway":"","GlobalIPv6Address":"","GlobalIPv6PrefixLen":0,"DriverOpts":null,"DNSNames":null}}}}[\n]"
2024-07-24 14:30:53.387 [Test worker] DEBUG c.g.d.z.s.o.a.hc.client5.http.wire - http-outgoing-23 << "[\r][\n]"
2024-07-24 14:30:53.387 [Test worker] DEBUG c.g.d.z.s.o.a.hc.client5.http.wire - http-outgoing-23 << "0[\r][\n]"
2024-07-24 14:30:53.387 [Test worker] DEBUG c.g.d.z.s.o.a.hc.client5.http.wire - http-outgoing-23 << "[\r][\n]"
2024-07-24 14:30:53.387 [Test worker] DEBUG c.g.d.z.s.o.a.h.c.h.i.c.InternalHttpClient - ep-000000F6: releasing valid endpoint
2024-07-24 14:30:53.387 [Test worker] DEBUG c.g.d.z.s.o.a.h.c.h.i.i.PoolingHttpClientConnectionManager - ep-000000F6: releasing endpoint
2024-07-24 14:30:53.387 [Test worker] DEBUG c.g.d.z.s.o.a.h.c.h.i.i.PoolingHttpClientConnectionManager - ep-000000F6: connection http-outgoing-23 can be kept alive for 3 MINUTES
2024-07-24 14:30:53.387 [Test worker] DEBUG c.g.d.z.s.o.a.h.c.h.i.i.PoolingHttpClientConnectionManager - ep-000000F6: connection released [route: {}->npipe://localhost:2375][total available: 1; route allocated: 1 of 2147483647; total allocated: 1 of 2147483647]
2024-07-24 14:30:53.387 [Test worker] DEBUG tc.postgres:latest - Trying to create JDBC connection using org.postgresql.Driver to jdbc:postgresql://localhost:51581/db?loggerLevel=OFF with properties: {password=password, user=user}
2024-07-24 14:30:53.399 [Test worker] DEBUG o.t.jdbc.JdbcDatabaseDelegate - false returned as updateCount for SQL: drop table if exists WorkedOn
2024-07-24 14:30:53.401 [Test worker] DEBUG o.t.jdbc.JdbcDatabaseDelegate - false returned as updateCount for SQL: drop table if exists SequenceLine
2024-07-24 14:30:53.401 [Test worker] DEBUG o.t.jdbc.JdbcDatabaseDelegate - false returned as updateCount for SQL: drop table if exists WorkOrder
2024-07-24 14:30:53.402 [Test worker] DEBUG o.t.jdbc.JdbcDatabaseDelegate - false returned as updateCount for SQL: drop table if exists SequenceHeader
2024-07-24 14:30:53.402 [Test worker] DEBUG o.t.jdbc.JdbcDatabaseDelegate - false returned as updateCount for SQL: drop table if exists SaleOrderLine
2024-07-24 14:30:53.403 [Test worker] DEBUG o.t.jdbc.JdbcDatabaseDelegate - false returned as updateCount for SQL: drop table if exists SaleOrderHeader
2024-07-24 14:30:53.403 [Test worker] DEBUG o.t.jdbc.JdbcDatabaseDelegate - false returned as updateCount for SQL: drop table if exists Staff
2024-07-24 14:30:53.404 [Test worker] DEBUG o.t.jdbc.JdbcDatabaseDelegate - false returned as updateCount for SQL: drop table if exists WorkStation
2024-07-24 14:30:53.405 [Test worker] DEBUG o.t.jdbc.JdbcDatabaseDelegate - false returned as updateCount for SQL: drop table if exists Part
2024-07-24 14:30:53.405 [Test worker] DEBUG o.t.jdbc.JdbcDatabaseDelegate - false returned as updateCount for SQL: drop table if exists Customer
2024-07-24 14:30:53.408 [Test worker] DEBUG o.t.jdbc.JdbcDatabaseDelegate - false returned as updateCount for SQL: create table Customer ( customerId VarChar(8) PRIMARY Key, name VarChar(100) not null, address VarChar(500) not null )
2024-07-24 14:30:53.410 [Test worker] DEBUG o.t.jdbc.JdbcDatabaseDelegate - false returned as updateCount for SQL: create table Part ( partId VarChar(6) PRIMARY KEY, inventory Int not null, name VarChar(100) not null )
2024-07-24 14:30:53.411 [Test worker] DEBUG o.t.jdbc.JdbcDatabaseDelegate - false returned as updateCount for SQL: create table WorkStation ( name VarChar(50) PRIMARY KEY )
2024-07-24 14:30:53.412 [Test worker] DEBUG o.t.jdbc.JdbcDatabaseDelegate - false returned as updateCount for SQL: create table Staff ( staffID VarChar(6) PRIMARY KEY, name VarChar(100) not null )
2024-07-24 14:30:53.413 [Test worker] DEBUG o.t.jdbc.JdbcDatabaseDelegate - false returned as updateCount for SQL: create table SaleOrderHeader ( soHeaderId VarChar(6) PRIMARY key , customerId VarChar(8) not null references Customer (customerId) )
2024-07-24 14:30:53.415 [Test worker] DEBUG o.t.jdbc.JdbcDatabaseDelegate - false returned as updateCount for SQL: create table SaleOrderLine ( soLineId VarChar(6), soHeaderId VarChar(6) references SaleOrderHeader (soHeaderID), dateDue Date not null, partID VarChar(6) not null references Part(partId), PRIMARY KEY (soLineId,soHeaderId) )
2024-07-24 14:30:53.417 [Test worker] DEBUG o.t.jdbc.JdbcDatabaseDelegate - false returned as updateCount for SQL: create table SequenceHeader ( seqHeaderId VarChar(6) PRIMARY KEY, partId VarChar(6) not null references Part(partId) )
2024-07-24 14:30:53.418 [Test worker] DEBUG o.t.jdbc.JdbcDatabaseDelegate - false returned as updateCount for SQL: create table WorkOrder ( workOrderId VarChar(8) PRIMARY KEY, seqHeaderId VarChar(6) not null REFERENCES SequenceHeader (seqHeaderId), soLineId VarChar(6) not null, soHeaderId VarChar(6) not null, quanity Int not null, FOREIGN KEY (soLineId,soHeaderId) REFERENCES SaleOrderLine (soLineId,soHeaderId) )
2024-07-24 14:30:53.419 [Test worker] DEBUG o.t.jdbc.JdbcDatabaseDelegate - false returned as updateCount for SQL: create table SequenceLine ( seqLineId VarChar(10), seqHeaderId VarChar(6) references SequenceHeader (seqHeaderId), workStation VarChar(50) not null references WorkStation(name), PRIMARY KEY(seqLineId,seqHeaderId) )
2024-07-24 14:30:53.421 [Test worker] DEBUG o.t.jdbc.JdbcDatabaseDelegate - false returned as updateCount for SQL: create table WorkedOn ( staffId VarChar(8) references Staff (staffId), seqHeaderId VarChar(6), seqLineId VarChar(10), workOrderId VarChar(50) references WorkOrder(workOrderId), PRIMARY key (staffId,seqHeaderId,seqLineId,workOrderId), FOREIGN KEY (seqHeaderId,seqLineId) REFERENCES SequenceLine (seqHeaderId,seqLineId) )
2024-07-24 14:30:53.421 [Test worker] INFO  org.testcontainers.ext.ScriptUtils - Executed database script from sql/init.sql in 40 ms.
2024-07-24 14:30:53.441 [Test worker] DEBUG o.t.s.c.g.d.c.command.AbstrDockerCmd - Cmd: f10406509958512fec1355ce42f14975228c4c993a7948f7acb05018968d7392,false
2024-07-24 14:30:53.441 [Test worker] DEBUG o.t.s.c.g.d.c.e.InspectContainerCmdExec - GET: DefaultWebTarget{path=[/containers/f10406509958512fec1355ce42f14975228c4c993a7948f7acb05018968d7392/json], queryParams={}}
2024-07-24 14:30:53.442 [Test worker] DEBUG c.g.d.z.s.o.a.h.c.h.i.c.InternalHttpClient - ex-000000F8: preparing request execution
2024-07-24 14:30:53.442 [Test worker] DEBUG c.g.d.z.s.o.a.h.c.h.p.RequestAddCookies - Cookie spec selected: strict
2024-07-24 14:30:53.442 [Test worker] DEBUG c.g.d.z.s.o.a.h.c.h.p.RequestAuthCache - Auth cache not set in the context
2024-07-24 14:30:53.442 [Test worker] DEBUG c.g.d.z.s.o.a.h.c.h.i.c.ProtocolExec - ex-000000F8: target auth state: UNCHALLENGED
2024-07-24 14:30:53.442 [Test worker] DEBUG c.g.d.z.s.o.a.h.c.h.i.c.ProtocolExec - ex-000000F8: proxy auth state: UNCHALLENGED
2024-07-24 14:30:53.442 [Test worker] DEBUG c.g.d.z.s.o.a.h.c.h.i.c.ConnectExec - ex-000000F8: acquiring connection with route {}->npipe://localhost:2375
2024-07-24 14:30:53.442 [Test worker] DEBUG c.g.d.z.s.o.a.h.c.h.i.c.InternalHttpClient - ex-000000F8: acquiring endpoint (3 MINUTES)
2024-07-24 14:30:53.442 [Test worker] DEBUG c.g.d.z.s.o.a.h.c.h.i.i.PoolingHttpClientConnectionManager - ex-000000F8: endpoint lease request (3 MINUTES) [route: {}->npipe://localhost:2375][total available: 1; route allocated: 1 of 2147483647; total allocated: 1 of 2147483647]
2024-07-24 14:30:53.442 [Test worker] DEBUG c.g.d.z.s.o.a.h.c.h.i.i.PoolingHttpClientConnectionManager - ex-000000F8: endpoint leased [route: {}->npipe://localhost:2375][total available: 0; route allocated: 1 of 2147483647; total allocated: 1 of 2147483647]
2024-07-24 14:30:53.442 [Test worker] DEBUG c.g.d.z.s.o.a.h.c.h.i.i.PoolingHttpClientConnectionManager - ex-000000F8: acquired ep-000000F7
2024-07-24 14:30:53.442 [Test worker] DEBUG c.g.d.z.s.o.a.h.c.h.i.c.InternalHttpClient - ex-000000F8: acquired endpoint ep-000000F7
2024-07-24 14:30:53.442 [Test worker] DEBUG c.g.d.z.s.o.a.h.c.h.i.c.MainClientExec - ex-000000F8: executing GET /v1.32/containers/f10406509958512fec1355ce42f14975228c4c993a7948f7acb05018968d7392/json HTTP/1.1
2024-07-24 14:30:53.442 [Test worker] DEBUG c.g.d.z.s.o.a.h.c.h.i.c.InternalHttpClient - ep-000000F7: start execution ex-000000F8
2024-07-24 14:30:53.442 [Test worker] DEBUG c.g.d.z.s.o.a.h.c.h.i.i.PoolingHttpClientConnectionManager - ep-000000F7: executing exchange ex-000000F8 over http-outgoing-23
2024-07-24 14:30:53.442 [Test worker] DEBUG c.g.d.z.s.o.a.h.client5.http.headers - http-outgoing-23 >> GET /v1.32/containers/f10406509958512fec1355ce42f14975228c4c993a7948f7acb05018968d7392/json HTTP/1.1
2024-07-24 14:30:53.442 [Test worker] DEBUG c.g.d.z.s.o.a.h.client5.http.headers - http-outgoing-23 >> accept: application/json
2024-07-24 14:30:53.442 [Test worker] DEBUG c.g.d.z.s.o.a.h.client5.http.headers - http-outgoing-23 >> x-tc-sid: 280e6229-7396-4d60-b1e3-a5de48b5d49b
2024-07-24 14:30:53.442 [Test worker] DEBUG c.g.d.z.s.o.a.h.client5.http.headers - http-outgoing-23 >> User-Agent: tc-java/1.19.8
2024-07-24 14:30:53.442 [Test worker] DEBUG c.g.d.z.s.o.a.h.client5.http.headers - http-outgoing-23 >> Accept-Encoding: gzip, x-gzip, deflate
2024-07-24 14:30:53.442 [Test worker] DEBUG c.g.d.z.s.o.a.h.client5.http.headers - http-outgoing-23 >> Host: localhost:2375
2024-07-24 14:30:53.442 [Test worker] DEBUG c.g.d.z.s.o.a.h.client5.http.headers - http-outgoing-23 >> Connection: keep-alive
2024-07-24 14:30:53.442 [Test worker] DEBUG c.g.d.z.s.o.a.hc.client5.http.wire - http-outgoing-23 >> "GET /v1.32/containers/f10406509958512fec1355ce42f14975228c4c993a7948f7acb05018968d7392/json HTTP/1.1[\r][\n]"
2024-07-24 14:30:53.442 [Test worker] DEBUG c.g.d.z.s.o.a.hc.client5.http.wire - http-outgoing-23 >> "accept: application/json[\r][\n]"
2024-07-24 14:30:53.442 [Test worker] DEBUG c.g.d.z.s.o.a.hc.client5.http.wire - http-outgoing-23 >> "x-tc-sid: 280e6229-7396-4d60-b1e3-a5de48b5d49b[\r][\n]"
2024-07-24 14:30:53.442 [Test worker] DEBUG c.g.d.z.s.o.a.hc.client5.http.wire - http-outgoing-23 >> "User-Agent: tc-java/1.19.8[\r][\n]"
2024-07-24 14:30:53.442 [Test worker] DEBUG c.g.d.z.s.o.a.hc.client5.http.wire - http-outgoing-23 >> "Accept-Encoding: gzip, x-gzip, deflate[\r][\n]"
2024-07-24 14:30:53.442 [Test worker] DEBUG c.g.d.z.s.o.a.hc.client5.http.wire - http-outgoing-23 >> "Host: localhost:2375[\r][\n]"
2024-07-24 14:30:53.442 [Test worker] DEBUG c.g.d.z.s.o.a.hc.client5.http.wire - http-outgoing-23 >> "Connection: keep-alive[\r][\n]"
2024-07-24 14:30:53.442 [Test worker] DEBUG c.g.d.z.s.o.a.hc.client5.http.wire - http-outgoing-23 >> "[\r][\n]"
2024-07-24 14:30:53.445 [Test worker] DEBUG c.g.d.z.s.o.a.hc.client5.http.wire - http-outgoing-23 << "HTTP/1.1 200 OK[\r][\n]"
2024-07-24 14:30:53.445 [Test worker] DEBUG c.g.d.z.s.o.a.hc.client5.http.wire - http-outgoing-23 << "Api-Version: 1.45[\r][\n]"
2024-07-24 14:30:53.445 [Test worker] DEBUG c.g.d.z.s.o.a.hc.client5.http.wire - http-outgoing-23 << "Content-Type: application/json[\r][\n]"
2024-07-24 14:30:53.446 [Test worker] DEBUG c.g.d.z.s.o.a.hc.client5.http.wire - http-outgoing-23 << "Date: Wed, 24 Jul 2024 02:30:53 GMT[\r][\n]"
2024-07-24 14:30:53.446 [Test worker] DEBUG c.g.d.z.s.o.a.hc.client5.http.wire - http-outgoing-23 << "Docker-Experimental: false[\r][\n]"
2024-07-24 14:30:53.446 [Test worker] DEBUG c.g.d.z.s.o.a.hc.client5.http.wire - http-outgoing-23 << "Ostype: linux[\r][\n]"
2024-07-24 14:30:53.446 [Test worker] DEBUG c.g.d.z.s.o.a.hc.client5.http.wire - http-outgoing-23 << "Server: Docker/26.0.0 (linux)[\r][\n]"
2024-07-24 14:30:53.446 [Test worker] DEBUG c.g.d.z.s.o.a.hc.client5.http.wire - http-outgoing-23 << "Transfer-Encoding: chunked[\r][\n]"
2024-07-24 14:30:53.446 [Test worker] DEBUG c.g.d.z.s.o.a.hc.client5.http.wire - http-outgoing-23 << "[\r][\n]"
2024-07-24 14:30:53.446 [Test worker] DEBUG c.g.d.z.s.o.a.h.client5.http.headers - http-outgoing-23 << HTTP/1.1 200 OK
2024-07-24 14:30:53.446 [Test worker] DEBUG c.g.d.z.s.o.a.h.client5.http.headers - http-outgoing-23 << Api-Version: 1.45
2024-07-24 14:30:53.446 [Test worker] DEBUG c.g.d.z.s.o.a.h.client5.http.headers - http-outgoing-23 << Content-Type: application/json
2024-07-24 14:30:53.446 [Test worker] DEBUG c.g.d.z.s.o.a.h.client5.http.headers - http-outgoing-23 << Date: Wed, 24 Jul 2024 02:30:53 GMT
2024-07-24 14:30:53.446 [Test worker] DEBUG c.g.d.z.s.o.a.h.client5.http.headers - http-outgoing-23 << Docker-Experimental: false
2024-07-24 14:30:53.446 [Test worker] DEBUG c.g.d.z.s.o.a.h.client5.http.headers - http-outgoing-23 << Ostype: linux
2024-07-24 14:30:53.446 [Test worker] DEBUG c.g.d.z.s.o.a.h.client5.http.headers - http-outgoing-23 << Server: Docker/26.0.0 (linux)
2024-07-24 14:30:53.446 [Test worker] DEBUG c.g.d.z.s.o.a.h.client5.http.headers - http-outgoing-23 << Transfer-Encoding: chunked
2024-07-24 14:30:53.446 [Test worker] DEBUG c.g.d.z.s.o.a.h.c.h.i.c.MainClientExec - ex-000000F8: connection can be kept alive for 3 MINUTES
2024-07-24 14:30:53.447 [Test worker] DEBUG c.g.d.z.s.o.a.hc.client5.http.wire - http-outgoing-23 << "1a39[\r][\n]"
2024-07-24 14:30:53.447 [Test worker] DEBUG c.g.d.z.s.o.a.hc.client5.http.wire - http-outgoing-23 << "{"Id":"f10406509958512fec1355ce42f14975228c4c993a7948f7acb05018968d7392","Created":"2024-07-24T02:30:51.564311915Z","Path":"docker-entrypoint.sh","Args":["postgres","-c","fsync=off"],"State":{"Status":"running","Running":true,"Paused":false,"Restarting":false,"OOMKilled":false,"Dead":false,"Pid":30903,"ExitCode":0,"Error":"","StartedAt":"2024-07-24T02:30:52.011445357Z","FinishedAt":"0001-01-01T00:00:00Z"},"Image":"sha256:8e4fc9e184899a58735e7ee333f5e272d7d2298cf59302006b71f33e217be130","ResolvConfPath":"/var/lib/docker/containers/f10406509958512fec1355ce42f14975228c4c993a7948f7acb05018968d7392/resolv.conf","HostnamePath":"/var/lib/docker/containers/f10406509958512fec1355ce42f14975228c4c993a7948f7acb05018968d7392/hostname","HostsPath":"/var/lib/docker/containers/f10406509958512fec1355ce42f14975228c4c993a7948f7acb05018968d7392/hosts","LogPath":"/var/lib/docker/containers/f10406509958512fec1355ce42f14975228c4c993a7948f7acb05018968d7392/f10406509958512fec1355ce42f14975228c4c993a7948f7acb05018968d7392-json.log","Name":"/vigilant_almeida","RestartCount":0,"Driver":"overlay2","Platform":"linux","MountLabel":"","ProcessLabel":"","AppArmorProfile":"","ExecIDs":null,"HostConfig":{"Binds":[],"ContainerIDFile":"","LogConfig":{"Type":"json-file","Config":{}},"NetworkMode":"default","PortBindings":{"5432/tcp":[{"HostIp":"0.0.0.0","HostPort":"0"}]},"RestartPolicy":{"Name":"no","MaximumRetryCount":0},"AutoRemove":false,"VolumeDriver":"","VolumesFrom":[],"ConsoleSize":[0,0],"CapAdd":null,"CapDrop":null,"CgroupnsMode":"host","Dns":null,"DnsOptions":null,"DnsSearch":null,"ExtraHosts":[],"GroupAdd":null,"IpcMode":"shareable","Cgroup":"","Links":null,"OomScoreAdj":0,"PidMode":"","Privileged":false,"PublishAllPorts":false,"ReadonlyRootfs":false,"SecurityOpt":null,"UTSMode":"","UsernsMode":"","ShmSize":67108864,"Runtime":"runc","Isolation":"","CpuShares":0,"Memory":0,"NanoCpus":0,"CgroupParent":"","BlkioWeight":0,"BlkioWeightDevice":null,"BlkioDeviceReadBps":null,"BlkioDeviceWriteBps":null,"BlkioDeviceReadIOps":null,"BlkioDeviceWriteIOps":null,"CpuPeriod":0,"CpuQuota":0,"CpuRealtimePeriod":0,"CpuRealtimeRuntime":0,"CpusetCpus":"","CpusetMems":"","Devices":null,"DeviceCgroupRules":null,"DeviceRequests":null,"MemoryReservation":0,"MemorySwap":0,"MemorySwappiness":null,"OomKillDisable":false,"PidsLimit":null,"Ulimits":null,"CpuCount":0,"CpuPercent":0,"IOMaximumIOps":0,"IOMaximumBandwidth":0,"MaskedPaths":["/proc/asound","/proc/acpi","/proc/kcore","/proc/keys","/proc/latency_stats","/proc/timer_list","/proc/timer_stats","/proc/sched_debug","/proc/scsi","/sys/firmware","/sys/devices/virtual/powercap"],"ReadonlyPaths":["/proc/bus","/proc/fs","/proc/irq","/proc/sys","/proc/sysrq-trigger"]},"GraphDriver":{"Data":{"LowerDir":"/var/lib/docker/overlay2/11277b3984b34ae9dc1d28fcd2a5f0d96c8e16b8677765034376233977a69834-init/diff:/var/lib/docker/overlay2/8f0ddbd386af0785c2e348570516955816ab350305d698d363962d488eeb15ec/diff:/var/lib/docker/overlay2/0eb0ca73e9b0be7c3d7fa8762ef4778a68f38391bc84c037c2e90b88e781b475/diff:/var/lib/docker/overlay2/74e634bddc785c5d436b10a5158cd82e21dc2065fd1cf8ff9c1c12e01575a2d8/diff:/var/lib/docker/overlay2/bb918b2851cd2f508f1e3fdbfff8b7f8b041d61e65fe8c368288bf399e80b818/diff:/var/lib/docker/overlay2/2abab2946cbdc2941ee8ec4024c51dac7313dee9de5fbedd1ca33388c59eb3c8/diff:/var/lib/docker/overlay2/e12f6083ee669bd92743ceb339a896bb25dbe461b718705bb39eb410b80c0ecd/diff:/var/lib/docker/overlay2/ced1e86d670d097da5ed4da7288c22507735918959161c2cd8bf083fb30d169a/diff:/var/lib/docker/overlay2/94e9ac7b74923285ae73af20aeccb964ca9079e2305db367cb85d1603560472d/diff:/var/lib/docker/overlay2/a396b6dfd63f0c228c519871183c614cccf4d366a43460f27ecf97113c3c4be8/diff:/var/lib/docker/overlay2/f58ada5d5080c2bac553c734f81127660a90581a35ed2a92cebe3c59e340875b/diff:/var/lib/docker/overlay2/84f85636f37bf55d945e217b4f87a856eba7932284beaf042561007b66f48977/diff:/var/lib/docker/overlay2/1e6e519613884e91a2b74a588ba35dc8a2f789371ab798ef6e7d9836d756042f/diff:/var/lib/docker/overlay2/14a3151cc8b4f9d27d2e64f1a8abc0c7809309580f2d7e8dc8545055c1d56194/diff:/var/lib/do"
2024-07-24 14:30:53.447 [Test worker] DEBUG c.g.d.z.s.o.a.hc.client5.http.wire - http-outgoing-23 << "cker/overlay2/5b354b9e793401517fe2f1da697653fdaadffc54888eaf76d67e0600b8c68bdc/diff","MergedDir":"/var/lib/docker/overlay2/11277b3984b34ae9dc1d28fcd2a5f0d96c8e16b8677765034376233977a69834/merged","UpperDir":"/var/lib/docker/overlay2/11277b3984b34ae9dc1d28fcd2a5f0d96c8e16b8677765034376233977a69834/diff","WorkDir":"/var/lib/docker/overlay2/11277b3984b34ae9dc1d28fcd2a5f0d96c8e16b8677765034376233977a69834/work"},"Name":"overlay2"},"Mounts":[{"Type":"volume","Name":"4247a9ffdc923cc1266cb20f00d4e95cf8c7f488a4af56b8c0abda92008f44c0","Source":"/var/lib/docker/volumes/4247a9ffdc923cc1266cb20f00d4e95cf8c7f488a4af56b8c0abda92008f44c0/_data","Destination":"/var/lib/postgresql/data","Driver":"local","Mode":"","RW":true,"Propagation":""}],"Config":{"Hostname":"f10406509958","Domainname":"","User":"","AttachStdin":false,"AttachStdout":false,"AttachStderr":false,"ExposedPorts":{"5432/tcp":{}},"Tty":false,"OpenStdin":false,"StdinOnce":false,"Env":["POSTGRES_USER=user","POSTGRES_PASSWORD=password","POSTGRES_DB=db","PATH=/usr/local/sbin:/usr/local/bin:/usr/sbin:/usr/bin:/sbin:/bin:/usr/lib/postgresql/16/bin","GOSU_VERSION=1.17","LANG=en_US.utf8","PG_MAJOR=16","PG_VERSION=16.2-1.pgdg120+2","PGDATA=/var/lib/postgresql/data"],"Cmd":["postgres","-c","fsync=off"],"Image":"postgres:latest","Volumes":{"/var/lib/postgresql/data":{}},"WorkingDir":"","Entrypoint":["docker-entrypoint.sh"],"OnBuild":null,"Labels":{"org.testcontainers":"true","org.testcontainers.lang":"java","org.testcontainers.sessionId":"280e6229-7396-4d60-b1e3-a5de48b5d49b","org.testcontainers.version":"1.19.8"},"StopSignal":"SIGINT"},"NetworkSettings":{"Bridge":"","SandboxID":"3deaf1e66a4617d4ba161d344082513957f46b48bb3e62c24b155fa5df3b6b7c","SandboxKey":"/var/run/docker/netns/3deaf1e66a46","Ports":{"5432/tcp":[{"HostIp":"0.0.0.0","HostPort":"51581"}]},"HairpinMode":false,"LinkLocalIPv6Address":"","LinkLocalIPv6PrefixLen":0,"SecondaryIPAddresses":null,"SecondaryIPv6Addresses":null,"EndpointID":"5c32faddf2f96528832ce76b8d0108c918dbb2b1809b0345b3835283a269889f","Gateway":"172.17.0.1","GlobalIPv6Address":"","GlobalIPv6PrefixLen":0,"IPAddress":"172.17.0.3","IPPrefixLen":16,"IPv6Gateway":"","MacAddress":"02:42:ac:11:00:03","Networks":{"bridge":{"IPAMConfig":null,"Links":null,"Aliases":null,"MacAddress":"02:42:ac:11:00:03","NetworkID":"3c842496be344cbdae878c1dee0957e7bc7c0a2236009c92752030f2b053e72f","EndpointID":"5c32faddf2f96528832ce76b8d0108c918dbb2b1809b0345b3835283a269889f","Gateway":"172.17.0.1","IPAddress":"172.17.0.3","IPPrefixLen":16,"IPv6Gateway":"","GlobalIPv6Address":"","GlobalIPv6PrefixLen":0,"DriverOpts":null,"DNSNames":null}}}}[\n]"
2024-07-24 14:30:53.448 [Test worker] DEBUG c.g.d.z.s.o.a.hc.client5.http.wire - http-outgoing-23 << "[\r][\n]"
2024-07-24 14:30:53.448 [Test worker] DEBUG c.g.d.z.s.o.a.hc.client5.http.wire - http-outgoing-23 << "0[\r][\n]"
2024-07-24 14:30:53.448 [Test worker] DEBUG c.g.d.z.s.o.a.hc.client5.http.wire - http-outgoing-23 << "[\r][\n]"
2024-07-24 14:30:53.448 [Test worker] DEBUG c.g.d.z.s.o.a.h.c.h.i.c.InternalHttpClient - ep-000000F7: releasing valid endpoint
2024-07-24 14:30:53.448 [Test worker] DEBUG c.g.d.z.s.o.a.h.c.h.i.i.PoolingHttpClientConnectionManager - ep-000000F7: releasing endpoint
2024-07-24 14:30:53.448 [Test worker] DEBUG c.g.d.z.s.o.a.h.c.h.i.i.PoolingHttpClientConnectionManager - ep-000000F7: connection http-outgoing-23 can be kept alive for 3 MINUTES
2024-07-24 14:30:53.448 [Test worker] DEBUG c.g.d.z.s.o.a.h.c.h.i.i.PoolingHttpClientConnectionManager - ep-000000F7: connection released [route: {}->npipe://localhost:2375][total available: 1; route allocated: 1 of 2147483647; total allocated: 1 of 2147483647]
2024-07-24 14:30:53.448 [Test worker] TRACE o.t.utility.ResourceReaper - Stopping container: f10406509958512fec1355ce42f14975228c4c993a7948f7acb05018968d7392
2024-07-24 14:30:53.448 [Test worker] DEBUG o.t.s.c.g.d.c.command.AbstrDockerCmd - Cmd: f10406509958512fec1355ce42f14975228c4c993a7948f7acb05018968d7392,<null>
2024-07-24 14:30:53.448 [Test worker] TRACE o.t.s.c.g.d.c.e.KillContainerCmdExec - POST: DefaultWebTarget{path=[/containers/f10406509958512fec1355ce42f14975228c4c993a7948f7acb05018968d7392/kill], queryParams={}}
2024-07-24 14:30:53.448 [Test worker] DEBUG c.g.d.z.s.o.a.h.c.h.i.c.InternalHttpClient - ex-000000F9: preparing request execution
2024-07-24 14:30:53.448 [Test worker] DEBUG c.g.d.z.s.o.a.h.c.h.p.RequestAddCookies - Cookie spec selected: strict
2024-07-24 14:30:53.448 [Test worker] DEBUG c.g.d.z.s.o.a.h.c.h.p.RequestAuthCache - Auth cache not set in the context
2024-07-24 14:30:53.448 [Test worker] DEBUG c.g.d.z.s.o.a.h.c.h.i.c.ProtocolExec - ex-000000F9: target auth state: UNCHALLENGED
2024-07-24 14:30:53.448 [Test worker] DEBUG c.g.d.z.s.o.a.h.c.h.i.c.ProtocolExec - ex-000000F9: proxy auth state: UNCHALLENGED
2024-07-24 14:30:53.448 [Test worker] DEBUG c.g.d.z.s.o.a.h.c.h.i.c.ConnectExec - ex-000000F9: acquiring connection with route {}->npipe://localhost:2375
2024-07-24 14:30:53.448 [Test worker] DEBUG c.g.d.z.s.o.a.h.c.h.i.c.InternalHttpClient - ex-000000F9: acquiring endpoint (3 MINUTES)
2024-07-24 14:30:53.448 [Test worker] DEBUG c.g.d.z.s.o.a.h.c.h.i.i.PoolingHttpClientConnectionManager - ex-000000F9: endpoint lease request (3 MINUTES) [route: {}->npipe://localhost:2375][total available: 1; route allocated: 1 of 2147483647; total allocated: 1 of 2147483647]
2024-07-24 14:30:53.448 [Test worker] DEBUG c.g.d.z.s.o.a.h.c.h.i.i.PoolingHttpClientConnectionManager - ex-000000F9: endpoint leased [route: {}->npipe://localhost:2375][total available: 0; route allocated: 1 of 2147483647; total allocated: 1 of 2147483647]
2024-07-24 14:30:53.448 [Test worker] DEBUG c.g.d.z.s.o.a.h.c.h.i.i.PoolingHttpClientConnectionManager - ex-000000F9: acquired ep-000000F8
2024-07-24 14:30:53.448 [Test worker] DEBUG c.g.d.z.s.o.a.h.c.h.i.c.InternalHttpClient - ex-000000F9: acquired endpoint ep-000000F8
2024-07-24 14:30:53.448 [Test worker] DEBUG c.g.d.z.s.o.a.h.c.h.i.c.MainClientExec - ex-000000F9: executing POST /v1.32/containers/f10406509958512fec1355ce42f14975228c4c993a7948f7acb05018968d7392/kill HTTP/1.1
2024-07-24 14:30:53.448 [Test worker] DEBUG c.g.d.z.s.o.a.h.c.h.i.c.InternalHttpClient - ep-000000F8: start execution ex-000000F9
2024-07-24 14:30:53.448 [Test worker] DEBUG c.g.d.z.s.o.a.h.c.h.i.i.PoolingHttpClientConnectionManager - ep-000000F8: executing exchange ex-000000F9 over http-outgoing-23
2024-07-24 14:30:53.448 [Test worker] DEBUG c.g.d.z.s.o.a.h.client5.http.headers - http-outgoing-23 >> POST /v1.32/containers/f10406509958512fec1355ce42f14975228c4c993a7948f7acb05018968d7392/kill HTTP/1.1
2024-07-24 14:30:53.448 [Test worker] DEBUG c.g.d.z.s.o.a.h.client5.http.headers - http-outgoing-23 >> accept: application/json
2024-07-24 14:30:53.448 [Test worker] DEBUG c.g.d.z.s.o.a.h.client5.http.headers - http-outgoing-23 >> content-type: application/json
2024-07-24 14:30:53.448 [Test worker] DEBUG c.g.d.z.s.o.a.h.client5.http.headers - http-outgoing-23 >> x-tc-sid: 280e6229-7396-4d60-b1e3-a5de48b5d49b
2024-07-24 14:30:53.448 [Test worker] DEBUG c.g.d.z.s.o.a.h.client5.http.headers - http-outgoing-23 >> User-Agent: tc-java/1.19.8
2024-07-24 14:30:53.448 [Test worker] DEBUG c.g.d.z.s.o.a.h.client5.http.headers - http-outgoing-23 >> Accept-Encoding: gzip, x-gzip, deflate
2024-07-24 14:30:53.448 [Test worker] DEBUG c.g.d.z.s.o.a.h.client5.http.headers - http-outgoing-23 >> Host: localhost:2375
2024-07-24 14:30:53.448 [Test worker] DEBUG c.g.d.z.s.o.a.h.client5.http.headers - http-outgoing-23 >> Connection: keep-alive
2024-07-24 14:30:53.448 [Test worker] DEBUG c.g.d.z.s.o.a.hc.client5.http.wire - http-outgoing-23 >> "POST /v1.32/containers/f10406509958512fec1355ce42f14975228c4c993a7948f7acb05018968d7392/kill HTTP/1.1[\r][\n]"
2024-07-24 14:30:53.448 [Test worker] DEBUG c.g.d.z.s.o.a.hc.client5.http.wire - http-outgoing-23 >> "accept: application/json[\r][\n]"
2024-07-24 14:30:53.448 [Test worker] DEBUG c.g.d.z.s.o.a.hc.client5.http.wire - http-outgoing-23 >> "content-type: application/json[\r][\n]"
2024-07-24 14:30:53.448 [Test worker] DEBUG c.g.d.z.s.o.a.hc.client5.http.wire - http-outgoing-23 >> "x-tc-sid: 280e6229-7396-4d60-b1e3-a5de48b5d49b[\r][\n]"
2024-07-24 14:30:53.448 [Test worker] DEBUG c.g.d.z.s.o.a.hc.client5.http.wire - http-outgoing-23 >> "User-Agent: tc-java/1.19.8[\r][\n]"
2024-07-24 14:30:53.448 [Test worker] DEBUG c.g.d.z.s.o.a.hc.client5.http.wire - http-outgoing-23 >> "Accept-Encoding: gzip, x-gzip, deflate[\r][\n]"
2024-07-24 14:30:53.448 [Test worker] DEBUG c.g.d.z.s.o.a.hc.client5.http.wire - http-outgoing-23 >> "Host: localhost:2375[\r][\n]"
2024-07-24 14:30:53.448 [Test worker] DEBUG c.g.d.z.s.o.a.hc.client5.http.wire - http-outgoing-23 >> "Connection: keep-alive[\r][\n]"
2024-07-24 14:30:53.448 [Test worker] DEBUG c.g.d.z.s.o.a.hc.client5.http.wire - http-outgoing-23 >> "[\r][\n]"
2024-07-24 14:30:53.941 [Test worker] DEBUG c.g.d.z.s.o.a.hc.client5.http.wire - http-outgoing-23 << "HTTP/1.1 204 No Content[\r][\n]"
2024-07-24 14:30:53.941 [Test worker] DEBUG c.g.d.z.s.o.a.hc.client5.http.wire - http-outgoing-23 << "Api-Version: 1.45[\r][\n]"
2024-07-24 14:30:53.941 [Test worker] DEBUG c.g.d.z.s.o.a.hc.client5.http.wire - http-outgoing-23 << "Date: Wed, 24 Jul 2024 02:30:53 GMT[\r][\n]"
2024-07-24 14:30:53.941 [Test worker] DEBUG c.g.d.z.s.o.a.hc.client5.http.wire - http-outgoing-23 << "Docker-Experimental: false[\r][\n]"
2024-07-24 14:30:53.941 [Test worker] DEBUG c.g.d.z.s.o.a.hc.client5.http.wire - http-outgoing-23 << "Ostype: linux[\r][\n]"
2024-07-24 14:30:53.941 [Test worker] DEBUG c.g.d.z.s.o.a.hc.client5.http.wire - http-outgoing-23 << "Server: Docker/26.0.0 (linux)[\r][\n]"
2024-07-24 14:30:53.941 [Test worker] DEBUG c.g.d.z.s.o.a.hc.client5.http.wire - http-outgoing-23 << "[\r][\n]"
2024-07-24 14:30:53.941 [Test worker] DEBUG c.g.d.z.s.o.a.h.client5.http.headers - http-outgoing-23 << HTTP/1.1 204 No Content
2024-07-24 14:30:53.941 [Test worker] DEBUG c.g.d.z.s.o.a.h.client5.http.headers - http-outgoing-23 << Api-Version: 1.45
2024-07-24 14:30:53.941 [Test worker] DEBUG c.g.d.z.s.o.a.h.client5.http.headers - http-outgoing-23 << Date: Wed, 24 Jul 2024 02:30:53 GMT
2024-07-24 14:30:53.941 [Test worker] DEBUG c.g.d.z.s.o.a.h.client5.http.headers - http-outgoing-23 << Docker-Experimental: false
2024-07-24 14:30:53.941 [Test worker] DEBUG c.g.d.z.s.o.a.h.client5.http.headers - http-outgoing-23 << Ostype: linux
2024-07-24 14:30:53.941 [Test worker] DEBUG c.g.d.z.s.o.a.h.client5.http.headers - http-outgoing-23 << Server: Docker/26.0.0 (linux)
2024-07-24 14:30:53.941 [Test worker] DEBUG c.g.d.z.s.o.a.h.c.h.i.c.MainClientExec - ex-000000F9: connection can be kept alive for 3 MINUTES
2024-07-24 14:30:53.941 [Test worker] DEBUG c.g.d.z.s.o.a.h.c.h.i.c.InternalHttpClient - ep-000000F8: releasing valid endpoint
2024-07-24 14:30:53.941 [Test worker] DEBUG c.g.d.z.s.o.a.h.c.h.i.i.PoolingHttpClientConnectionManager - ep-000000F8: releasing endpoint
2024-07-24 14:30:53.941 [Test worker] DEBUG c.g.d.z.s.o.a.h.c.h.i.i.PoolingHttpClientConnectionManager - ep-000000F8: connection http-outgoing-23 can be kept alive for 3 MINUTES
2024-07-24 14:30:53.941 [Test worker] DEBUG c.g.d.z.s.o.a.h.c.h.i.i.PoolingHttpClientConnectionManager - ep-000000F8: connection released [route: {}->npipe://localhost:2375][total available: 1; route allocated: 1 of 2147483647; total allocated: 1 of 2147483647]
2024-07-24 14:30:53.942 [Test worker] TRACE o.t.utility.ResourceReaper - Stopped container: postgres:latest
2024-07-24 14:30:53.942 [Test worker] DEBUG o.t.s.c.g.d.c.command.AbstrDockerCmd - Cmd: f10406509958512fec1355ce42f14975228c4c993a7948f7acb05018968d7392,false
2024-07-24 14:30:53.942 [Test worker] DEBUG o.t.s.c.g.d.c.e.InspectContainerCmdExec - GET: DefaultWebTarget{path=[/containers/f10406509958512fec1355ce42f14975228c4c993a7948f7acb05018968d7392/json], queryParams={}}
2024-07-24 14:30:53.942 [Test worker] DEBUG c.g.d.z.s.o.a.h.c.h.i.c.InternalHttpClient - ex-000000FA: preparing request execution
2024-07-24 14:30:53.942 [Test worker] DEBUG c.g.d.z.s.o.a.h.c.h.p.RequestAddCookies - Cookie spec selected: strict
2024-07-24 14:30:53.942 [Test worker] DEBUG c.g.d.z.s.o.a.h.c.h.p.RequestAuthCache - Auth cache not set in the context
2024-07-24 14:30:53.942 [Test worker] DEBUG c.g.d.z.s.o.a.h.c.h.i.c.ProtocolExec - ex-000000FA: target auth state: UNCHALLENGED
2024-07-24 14:30:53.942 [Test worker] DEBUG c.g.d.z.s.o.a.h.c.h.i.c.ProtocolExec - ex-000000FA: proxy auth state: UNCHALLENGED
2024-07-24 14:30:53.942 [Test worker] DEBUG c.g.d.z.s.o.a.h.c.h.i.c.ConnectExec - ex-000000FA: acquiring connection with route {}->npipe://localhost:2375
2024-07-24 14:30:53.942 [Test worker] DEBUG c.g.d.z.s.o.a.h.c.h.i.c.InternalHttpClient - ex-000000FA: acquiring endpoint (3 MINUTES)
2024-07-24 14:30:53.942 [Test worker] DEBUG c.g.d.z.s.o.a.h.c.h.i.i.PoolingHttpClientConnectionManager - ex-000000FA: endpoint lease request (3 MINUTES) [route: {}->npipe://localhost:2375][total available: 1; route allocated: 1 of 2147483647; total allocated: 1 of 2147483647]
2024-07-24 14:30:53.942 [Test worker] DEBUG c.g.d.z.s.o.a.h.c.h.i.i.PoolingHttpClientConnectionManager - ex-000000FA: endpoint leased [route: {}->npipe://localhost:2375][total available: 0; route allocated: 1 of 2147483647; total allocated: 1 of 2147483647]
2024-07-24 14:30:53.942 [Test worker] DEBUG c.g.d.z.s.o.a.h.c.h.i.i.PoolingHttpClientConnectionManager - ex-000000FA: acquired ep-000000F9
2024-07-24 14:30:53.942 [Test worker] DEBUG c.g.d.z.s.o.a.h.c.h.i.c.InternalHttpClient - ex-000000FA: acquired endpoint ep-000000F9
2024-07-24 14:30:53.942 [Test worker] DEBUG c.g.d.z.s.o.a.h.c.h.i.c.MainClientExec - ex-000000FA: executing GET /v1.32/containers/f10406509958512fec1355ce42f14975228c4c993a7948f7acb05018968d7392/json HTTP/1.1
2024-07-24 14:30:53.942 [Test worker] DEBUG c.g.d.z.s.o.a.h.c.h.i.c.InternalHttpClient - ep-000000F9: start execution ex-000000FA
2024-07-24 14:30:53.942 [Test worker] DEBUG c.g.d.z.s.o.a.h.c.h.i.i.PoolingHttpClientConnectionManager - ep-000000F9: executing exchange ex-000000FA over http-outgoing-23
2024-07-24 14:30:53.942 [Test worker] DEBUG c.g.d.z.s.o.a.h.client5.http.headers - http-outgoing-23 >> GET /v1.32/containers/f10406509958512fec1355ce42f14975228c4c993a7948f7acb05018968d7392/json HTTP/1.1
2024-07-24 14:30:53.942 [Test worker] DEBUG c.g.d.z.s.o.a.h.client5.http.headers - http-outgoing-23 >> accept: application/json
2024-07-24 14:30:53.942 [Test worker] DEBUG c.g.d.z.s.o.a.h.client5.http.headers - http-outgoing-23 >> x-tc-sid: 280e6229-7396-4d60-b1e3-a5de48b5d49b
2024-07-24 14:30:53.942 [Test worker] DEBUG c.g.d.z.s.o.a.h.client5.http.headers - http-outgoing-23 >> User-Agent: tc-java/1.19.8
2024-07-24 14:30:53.942 [Test worker] DEBUG c.g.d.z.s.o.a.h.client5.http.headers - http-outgoing-23 >> Accept-Encoding: gzip, x-gzip, deflate
2024-07-24 14:30:53.942 [Test worker] DEBUG c.g.d.z.s.o.a.h.client5.http.headers - http-outgoing-23 >> Host: localhost:2375
2024-07-24 14:30:53.942 [Test worker] DEBUG c.g.d.z.s.o.a.h.client5.http.headers - http-outgoing-23 >> Connection: keep-alive
2024-07-24 14:30:53.942 [Test worker] DEBUG c.g.d.z.s.o.a.hc.client5.http.wire - http-outgoing-23 >> "GET /v1.32/containers/f10406509958512fec1355ce42f14975228c4c993a7948f7acb05018968d7392/json HTTP/1.1[\r][\n]"
2024-07-24 14:30:53.942 [Test worker] DEBUG c.g.d.z.s.o.a.hc.client5.http.wire - http-outgoing-23 >> "accept: application/json[\r][\n]"
2024-07-24 14:30:53.942 [Test worker] DEBUG c.g.d.z.s.o.a.hc.client5.http.wire - http-outgoing-23 >> "x-tc-sid: 280e6229-7396-4d60-b1e3-a5de48b5d49b[\r][\n]"
2024-07-24 14:30:53.942 [Test worker] DEBUG c.g.d.z.s.o.a.hc.client5.http.wire - http-outgoing-23 >> "User-Agent: tc-java/1.19.8[\r][\n]"
2024-07-24 14:30:53.942 [Test worker] DEBUG c.g.d.z.s.o.a.hc.client5.http.wire - http-outgoing-23 >> "Accept-Encoding: gzip, x-gzip, deflate[\r][\n]"
2024-07-24 14:30:53.942 [Test worker] DEBUG c.g.d.z.s.o.a.hc.client5.http.wire - http-outgoing-23 >> "Host: localhost:2375[\r][\n]"
2024-07-24 14:30:53.942 [Test worker] DEBUG c.g.d.z.s.o.a.hc.client5.http.wire - http-outgoing-23 >> "Connection: keep-alive[\r][\n]"
2024-07-24 14:30:53.942 [Test worker] DEBUG c.g.d.z.s.o.a.hc.client5.http.wire - http-outgoing-23 >> "[\r][\n]"
2024-07-24 14:30:53.956 [Test worker] DEBUG c.g.d.z.s.o.a.hc.client5.http.wire - http-outgoing-23 << "HTTP/1.1 200 OK[\r][\n]"
2024-07-24 14:30:53.956 [Test worker] DEBUG c.g.d.z.s.o.a.hc.client5.http.wire - http-outgoing-23 << "Api-Version: 1.45[\r][\n]"
2024-07-24 14:30:53.956 [Test worker] DEBUG c.g.d.z.s.o.a.hc.client5.http.wire - http-outgoing-23 << "Content-Type: application/json[\r][\n]"
2024-07-24 14:30:53.956 [Test worker] DEBUG c.g.d.z.s.o.a.hc.client5.http.wire - http-outgoing-23 << "Date: Wed, 24 Jul 2024 02:30:53 GMT[\r][\n]"
2024-07-24 14:30:53.956 [Test worker] DEBUG c.g.d.z.s.o.a.hc.client5.http.wire - http-outgoing-23 << "Docker-Experimental: false[\r][\n]"
2024-07-24 14:30:53.956 [Test worker] DEBUG c.g.d.z.s.o.a.hc.client5.http.wire - http-outgoing-23 << "Ostype: linux[\r][\n]"
2024-07-24 14:30:53.956 [Test worker] DEBUG c.g.d.z.s.o.a.hc.client5.http.wire - http-outgoing-23 << "Server: Docker/26.0.0 (linux)[\r][\n]"
2024-07-24 14:30:53.956 [Test worker] DEBUG c.g.d.z.s.o.a.hc.client5.http.wire - http-outgoing-23 << "Transfer-Encoding: chunked[\r][\n]"
2024-07-24 14:30:53.956 [Test worker] DEBUG c.g.d.z.s.o.a.hc.client5.http.wire - http-outgoing-23 << "[\r][\n]"
2024-07-24 14:30:53.956 [Test worker] DEBUG c.g.d.z.s.o.a.h.client5.http.headers - http-outgoing-23 << HTTP/1.1 200 OK
2024-07-24 14:30:53.956 [Test worker] DEBUG c.g.d.z.s.o.a.h.client5.http.headers - http-outgoing-23 << Api-Version: 1.45
2024-07-24 14:30:53.956 [Test worker] DEBUG c.g.d.z.s.o.a.h.client5.http.headers - http-outgoing-23 << Content-Type: application/json
2024-07-24 14:30:53.956 [Test worker] DEBUG c.g.d.z.s.o.a.h.client5.http.headers - http-outgoing-23 << Date: Wed, 24 Jul 2024 02:30:53 GMT
2024-07-24 14:30:53.956 [Test worker] DEBUG c.g.d.z.s.o.a.h.client5.http.headers - http-outgoing-23 << Docker-Experimental: false
2024-07-24 14:30:53.956 [Test worker] DEBUG c.g.d.z.s.o.a.h.client5.http.headers - http-outgoing-23 << Ostype: linux
2024-07-24 14:30:53.956 [Test worker] DEBUG c.g.d.z.s.o.a.h.client5.http.headers - http-outgoing-23 << Server: Docker/26.0.0 (linux)
2024-07-24 14:30:53.956 [Test worker] DEBUG c.g.d.z.s.o.a.h.client5.http.headers - http-outgoing-23 << Transfer-Encoding: chunked
2024-07-24 14:30:53.956 [Test worker] DEBUG c.g.d.z.s.o.a.h.c.h.i.c.MainClientExec - ex-000000FA: connection can be kept alive for 3 MINUTES
2024-07-24 14:30:53.957 [Test worker] DEBUG c.g.d.z.s.o.a.hc.client5.http.wire - http-outgoing-23 << "1941[\r][\n]"
2024-07-24 14:30:53.957 [Test worker] DEBUG c.g.d.z.s.o.a.hc.client5.http.wire - http-outgoing-23 << "{"Id":"f10406509958512fec1355ce42f14975228c4c993a7948f7acb05018968d7392","Created":"2024-07-24T02:30:51.564311915Z","Path":"docker-entrypoint.sh","Args":["postgres","-c","fsync=off"],"State":{"Status":"exited","Running":false,"Paused":false,"Restarting":false,"OOMKilled":false,"Dead":false,"Pid":0,"ExitCode":137,"Error":"","StartedAt":"2024-07-24T02:30:52.011445357Z","FinishedAt":"2024-07-24T02:30:53.482859641Z"},"Image":"sha256:8e4fc9e184899a58735e7ee333f5e272d7d2298cf59302006b71f33e217be130","ResolvConfPath":"/var/lib/docker/containers/f10406509958512fec1355ce42f14975228c4c993a7948f7acb05018968d7392/resolv.conf","HostnamePath":"/var/lib/docker/containers/f10406509958512fec1355ce42f14975228c4c993a7948f7acb05018968d7392/hostname","HostsPath":"/var/lib/docker/containers/f10406509958512fec1355ce42f14975228c4c993a7948f7acb05018968d7392/hosts","LogPath":"/var/lib/docker/containers/f10406509958512fec1355ce42f14975228c4c993a7948f7acb05018968d7392/f10406509958512fec1355ce42f14975228c4c993a7948f7acb05018968d7392-json.log","Name":"/vigilant_almeida","RestartCount":0,"Driver":"overlay2","Platform":"linux","MountLabel":"","ProcessLabel":"","AppArmorProfile":"","ExecIDs":null,"HostConfig":{"Binds":[],"ContainerIDFile":"","LogConfig":{"Type":"json-file","Config":{}},"NetworkMode":"default","PortBindings":{"5432/tcp":[{"HostIp":"0.0.0.0","HostPort":"0"}]},"RestartPolicy":{"Name":"no","MaximumRetryCount":0},"AutoRemove":false,"VolumeDriver":"","VolumesFrom":[],"ConsoleSize":[0,0],"CapAdd":null,"CapDrop":null,"CgroupnsMode":"host","Dns":null,"DnsOptions":null,"DnsSearch":null,"ExtraHosts":[],"GroupAdd":null,"IpcMode":"shareable","Cgroup":"","Links":null,"OomScoreAdj":0,"PidMode":"","Privileged":false,"PublishAllPorts":false,"ReadonlyRootfs":false,"SecurityOpt":null,"UTSMode":"","UsernsMode":"","ShmSize":67108864,"Runtime":"runc","Isolation":"","CpuShares":0,"Memory":0,"NanoCpus":0,"CgroupParent":"","BlkioWeight":0,"BlkioWeightDevice":null,"BlkioDeviceReadBps":null,"BlkioDeviceWriteBps":null,"BlkioDeviceReadIOps":null,"BlkioDeviceWriteIOps":null,"CpuPeriod":0,"CpuQuota":0,"CpuRealtimePeriod":0,"CpuRealtimeRuntime":0,"CpusetCpus":"","CpusetMems":"","Devices":null,"DeviceCgroupRules":null,"DeviceRequests":null,"MemoryReservation":0,"MemorySwap":0,"MemorySwappiness":null,"OomKillDisable":false,"PidsLimit":null,"Ulimits":null,"CpuCount":0,"CpuPercent":0,"IOMaximumIOps":0,"IOMaximumBandwidth":0,"MaskedPaths":["/proc/asound","/proc/acpi","/proc/kcore","/proc/keys","/proc/latency_stats","/proc/timer_list","/proc/timer_stats","/proc/sched_debug","/proc/scsi","/sys/firmware","/sys/devices/virtual/powercap"],"ReadonlyPaths":["/proc/bus","/proc/fs","/proc/irq","/proc/sys","/proc/sysrq-trigger"]},"GraphDriver":{"Data":{"LowerDir":"/var/lib/docker/overlay2/11277b3984b34ae9dc1d28fcd2a5f0d96c8e16b8677765034376233977a69834-init/diff:/var/lib/docker/overlay2/8f0ddbd386af0785c2e348570516955816ab350305d698d363962d488eeb15ec/diff:/var/lib/docker/overlay2/0eb0ca73e9b0be7c3d7fa8762ef4778a68f38391bc84c037c2e90b88e781b475/diff:/var/lib/docker/overlay2/74e634bddc785c5d436b10a5158cd82e21dc2065fd1cf8ff9c1c12e01575a2d8/diff:/var/lib/docker/overlay2/bb918b2851cd2f508f1e3fdbfff8b7f8b041d61e65fe8c368288bf399e80b818/diff:/var/lib/docker/overlay2/2abab2946cbdc2941ee8ec4024c51dac7313dee9de5fbedd1ca33388c59eb3c8/diff:/var/lib/docker/overlay2/e12f6083ee669bd92743ceb339a896bb25dbe461b718705bb39eb410b80c0ecd/diff:/var/lib/docker/overlay2/ced1e86d670d097da5ed4da7288c22507735918959161c2cd8bf083fb30d169a/diff:/var/lib/docker/overlay2/94e9ac7b74923285ae73af20aeccb964ca9079e2305db367cb85d1603560472d/diff:/var/lib/docker/overlay2/a396b6dfd63f0c228c519871183c614cccf4d366a43460f27ecf97113c3c4be8/diff:/var/lib/docker/overlay2/f58ada5d5080c2bac553c734f81127660a90581a35ed2a92cebe3c59e340875b/diff:/var/lib/docker/overlay2/84f85636f37bf55d945e217b4f87a856eba7932284beaf042561007b66f48977/diff:/var/lib/docker/overlay2/1e6e519613884e91a2b74a588ba35dc8a2f789371ab798ef6e7d9836d756042f/diff:/var/lib/docker/overlay2/14a3151cc8b4f9d27d2e64f1a8abc0c7809309580f2d7e8dc8545055c1d56194/diff:/va"
2024-07-24 14:30:53.958 [Test worker] DEBUG c.g.d.z.s.o.a.hc.client5.http.wire - http-outgoing-23 << "r/lib/docker/overlay2/5b354b9e793401517fe2f1da697653fdaadffc54888eaf76d67e0600b8c68bdc/diff","MergedDir":"/var/lib/docker/overlay2/11277b3984b34ae9dc1d28fcd2a5f0d96c8e16b8677765034376233977a69834/merged","UpperDir":"/var/lib/docker/overlay2/11277b3984b34ae9dc1d28fcd2a5f0d96c8e16b8677765034376233977a69834/diff","WorkDir":"/var/lib/docker/overlay2/11277b3984b34ae9dc1d28fcd2a5f0d96c8e16b8677765034376233977a69834/work"},"Name":"overlay2"},"Mounts":[{"Type":"volume","Name":"4247a9ffdc923cc1266cb20f00d4e95cf8c7f488a4af56b8c0abda92008f44c0","Source":"/var/lib/docker/volumes/4247a9ffdc923cc1266cb20f00d4e95cf8c7f488a4af56b8c0abda92008f44c0/_data","Destination":"/var/lib/postgresql/data","Driver":"local","Mode":"","RW":true,"Propagation":""}],"Config":{"Hostname":"f10406509958","Domainname":"","User":"","AttachStdin":false,"AttachStdout":false,"AttachStderr":false,"ExposedPorts":{"5432/tcp":{}},"Tty":false,"OpenStdin":false,"StdinOnce":false,"Env":["POSTGRES_USER=user","POSTGRES_PASSWORD=password","POSTGRES_DB=db","PATH=/usr/local/sbin:/usr/local/bin:/usr/sbin:/usr/bin:/sbin:/bin:/usr/lib/postgresql/16/bin","GOSU_VERSION=1.17","LANG=en_US.utf8","PG_MAJOR=16","PG_VERSION=16.2-1.pgdg120+2","PGDATA=/var/lib/postgresql/data"],"Cmd":["postgres","-c","fsync=off"],"Image":"postgres:latest","Volumes":{"/var/lib/postgresql/data":{}},"WorkingDir":"","Entrypoint":["docker-entrypoint.sh"],"OnBuild":null,"Labels":{"org.testcontainers":"true","org.testcontainers.lang":"java","org.testcontainers.sessionId":"280e6229-7396-4d60-b1e3-a5de48b5d49b","org.testcontainers.version":"1.19.8"},"StopSignal":"SIGINT"},"NetworkSettings":{"Bridge":"","SandboxID":"3deaf1e66a4617d4ba161d344082513957f46b48bb3e62c24b155fa5df3b6b7c","SandboxKey":"/var/run/docker/netns/3deaf1e66a46","Ports":{},"HairpinMode":false,"LinkLocalIPv6Address":"","LinkLocalIPv6PrefixLen":0,"SecondaryIPAddresses":null,"SecondaryIPv6Addresses":null,"EndpointID":"","Gateway":"","GlobalIPv6Address":"","GlobalIPv6PrefixLen":0,"IPAddress":"","IPPrefixLen":0,"IPv6Gateway":"","MacAddress":"","Networks":{"bridge":{"IPAMConfig":null,"Links":null,"Aliases":null,"MacAddress":"","NetworkID":"3c842496be344cbdae878c1dee0957e7bc7c0a2236009c92752030f2b053e72f","EndpointID":"","Gateway":"","IPAddress":"","IPPrefixLen":0,"IPv6Gateway":"","GlobalIPv6Address":"","GlobalIPv6PrefixLen":0,"DriverOpts":null,"DNSNames":null}}}}[\n]"
2024-07-24 14:30:53.959 [Test worker] DEBUG c.g.d.z.s.o.a.hc.client5.http.wire - http-outgoing-23 << "[\r][\n]"
2024-07-24 14:30:53.959 [Test worker] DEBUG c.g.d.z.s.o.a.hc.client5.http.wire - http-outgoing-23 << "0[\r][\n]"
2024-07-24 14:30:53.959 [Test worker] DEBUG c.g.d.z.s.o.a.hc.client5.http.wire - http-outgoing-23 << "[\r][\n]"
2024-07-24 14:30:53.959 [Test worker] DEBUG c.g.d.z.s.o.a.h.c.h.i.c.InternalHttpClient - ep-000000F9: releasing valid endpoint
2024-07-24 14:30:53.959 [Test worker] DEBUG c.g.d.z.s.o.a.h.c.h.i.i.PoolingHttpClientConnectionManager - ep-000000F9: releasing endpoint
2024-07-24 14:30:53.959 [Test worker] DEBUG c.g.d.z.s.o.a.h.c.h.i.i.PoolingHttpClientConnectionManager - ep-000000F9: connection http-outgoing-23 can be kept alive for 3 MINUTES
2024-07-24 14:30:53.959 [Test worker] DEBUG c.g.d.z.s.o.a.h.c.h.i.i.PoolingHttpClientConnectionManager - ep-000000F9: connection released [route: {}->npipe://localhost:2375][total available: 1; route allocated: 1 of 2147483647; total allocated: 1 of 2147483647]
2024-07-24 14:30:53.959 [Test worker] TRACE o.t.utility.ResourceReaper - Removing container: f10406509958512fec1355ce42f14975228c4c993a7948f7acb05018968d7392
2024-07-24 14:30:53.959 [Test worker] DEBUG o.t.s.c.g.d.c.command.AbstrDockerCmd - Cmd: f10406509958512fec1355ce42f14975228c4c993a7948f7acb05018968d7392,true,true
2024-07-24 14:30:53.959 [Test worker] TRACE o.t.s.c.g.d.c.e.RemoveContainerCmdExec - DELETE: DefaultWebTarget{path=[/containers/f10406509958512fec1355ce42f14975228c4c993a7948f7acb05018968d7392], queryParams={v=[true], force=[true]}}
2024-07-24 14:30:53.959 [Test worker] DEBUG c.g.d.z.s.o.a.h.c.h.i.c.InternalHttpClient - ex-000000FB: preparing request execution
2024-07-24 14:30:53.959 [Test worker] DEBUG c.g.d.z.s.o.a.h.c.h.p.RequestAddCookies - Cookie spec selected: strict
2024-07-24 14:30:53.959 [Test worker] DEBUG c.g.d.z.s.o.a.h.c.h.p.RequestAuthCache - Auth cache not set in the context
2024-07-24 14:30:53.959 [Test worker] DEBUG c.g.d.z.s.o.a.h.c.h.i.c.ProtocolExec - ex-000000FB: target auth state: UNCHALLENGED
2024-07-24 14:30:53.959 [Test worker] DEBUG c.g.d.z.s.o.a.h.c.h.i.c.ProtocolExec - ex-000000FB: proxy auth state: UNCHALLENGED
2024-07-24 14:30:53.959 [Test worker] DEBUG c.g.d.z.s.o.a.h.c.h.i.c.ConnectExec - ex-000000FB: acquiring connection with route {}->npipe://localhost:2375
2024-07-24 14:30:53.959 [Test worker] DEBUG c.g.d.z.s.o.a.h.c.h.i.c.InternalHttpClient - ex-000000FB: acquiring endpoint (3 MINUTES)
2024-07-24 14:30:53.959 [Test worker] DEBUG c.g.d.z.s.o.a.h.c.h.i.i.PoolingHttpClientConnectionManager - ex-000000FB: endpoint lease request (3 MINUTES) [route: {}->npipe://localhost:2375][total available: 1; route allocated: 1 of 2147483647; total allocated: 1 of 2147483647]
2024-07-24 14:30:53.959 [Test worker] DEBUG c.g.d.z.s.o.a.h.c.h.i.i.PoolingHttpClientConnectionManager - ex-000000FB: endpoint leased [route: {}->npipe://localhost:2375][total available: 0; route allocated: 1 of 2147483647; total allocated: 1 of 2147483647]
2024-07-24 14:30:53.959 [Test worker] DEBUG c.g.d.z.s.o.a.h.c.h.i.i.PoolingHttpClientConnectionManager - ex-000000FB: acquired ep-000000FA
2024-07-24 14:30:53.959 [Test worker] DEBUG c.g.d.z.s.o.a.h.c.h.i.c.InternalHttpClient - ex-000000FB: acquired endpoint ep-000000FA
2024-07-24 14:30:53.959 [Test worker] DEBUG c.g.d.z.s.o.a.h.c.h.i.c.MainClientExec - ex-000000FB: executing DELETE /v1.32/containers/f10406509958512fec1355ce42f14975228c4c993a7948f7acb05018968d7392?v=true&force=true HTTP/1.1
2024-07-24 14:30:53.959 [Test worker] DEBUG c.g.d.z.s.o.a.h.c.h.i.c.InternalHttpClient - ep-000000FA: start execution ex-000000FB
2024-07-24 14:30:53.959 [Test worker] DEBUG c.g.d.z.s.o.a.h.c.h.i.i.PoolingHttpClientConnectionManager - ep-000000FA: executing exchange ex-000000FB over http-outgoing-23
2024-07-24 14:30:53.959 [Test worker] DEBUG c.g.d.z.s.o.a.h.client5.http.headers - http-outgoing-23 >> DELETE /v1.32/containers/f10406509958512fec1355ce42f14975228c4c993a7948f7acb05018968d7392?v=true&force=true HTTP/1.1
2024-07-24 14:30:53.959 [Test worker] DEBUG c.g.d.z.s.o.a.h.client5.http.headers - http-outgoing-23 >> accept: application/json
2024-07-24 14:30:53.959 [Test worker] DEBUG c.g.d.z.s.o.a.h.client5.http.headers - http-outgoing-23 >> x-tc-sid: 280e6229-7396-4d60-b1e3-a5de48b5d49b
2024-07-24 14:30:53.959 [Test worker] DEBUG c.g.d.z.s.o.a.h.client5.http.headers - http-outgoing-23 >> User-Agent: tc-java/1.19.8
2024-07-24 14:30:53.959 [Test worker] DEBUG c.g.d.z.s.o.a.h.client5.http.headers - http-outgoing-23 >> Accept-Encoding: gzip, x-gzip, deflate
2024-07-24 14:30:53.959 [Test worker] DEBUG c.g.d.z.s.o.a.h.client5.http.headers - http-outgoing-23 >> Host: localhost:2375
2024-07-24 14:30:53.959 [Test worker] DEBUG c.g.d.z.s.o.a.h.client5.http.headers - http-outgoing-23 >> Connection: keep-alive
2024-07-24 14:30:53.959 [Test worker] DEBUG c.g.d.z.s.o.a.hc.client5.http.wire - http-outgoing-23 >> "DELETE /v1.32/containers/f10406509958512fec1355ce42f14975228c4c993a7948f7acb05018968d7392?v=true&force=true HTTP/1.1[\r][\n]"
2024-07-24 14:30:53.959 [Test worker] DEBUG c.g.d.z.s.o.a.hc.client5.http.wire - http-outgoing-23 >> "accept: application/json[\r][\n]"
2024-07-24 14:30:53.959 [Test worker] DEBUG c.g.d.z.s.o.a.hc.client5.http.wire - http-outgoing-23 >> "x-tc-sid: 280e6229-7396-4d60-b1e3-a5de48b5d49b[\r][\n]"
2024-07-24 14:30:53.959 [Test worker] DEBUG c.g.d.z.s.o.a.hc.client5.http.wire - http-outgoing-23 >> "User-Agent: tc-java/1.19.8[\r][\n]"
2024-07-24 14:30:53.959 [Test worker] DEBUG c.g.d.z.s.o.a.hc.client5.http.wire - http-outgoing-23 >> "Accept-Encoding: gzip, x-gzip, deflate[\r][\n]"
2024-07-24 14:30:53.960 [Test worker] DEBUG c.g.d.z.s.o.a.hc.client5.http.wire - http-outgoing-23 >> "Host: localhost:2375[\r][\n]"
2024-07-24 14:30:53.960 [Test worker] DEBUG c.g.d.z.s.o.a.hc.client5.http.wire - http-outgoing-23 >> "Connection: keep-alive[\r][\n]"
2024-07-24 14:30:53.960 [Test worker] DEBUG c.g.d.z.s.o.a.hc.client5.http.wire - http-outgoing-23 >> "[\r][\n]"
2024-07-24 14:30:54.038 [Test worker] DEBUG c.g.d.z.s.o.a.hc.client5.http.wire - http-outgoing-23 << "HTTP/1.1 204 No Content[\r][\n]"
2024-07-24 14:30:54.038 [Test worker] DEBUG c.g.d.z.s.o.a.hc.client5.http.wire - http-outgoing-23 << "Api-Version: 1.45[\r][\n]"
2024-07-24 14:30:54.038 [Test worker] DEBUG c.g.d.z.s.o.a.hc.client5.http.wire - http-outgoing-23 << "Date: Wed, 24 Jul 2024 02:30:54 GMT[\r][\n]"
2024-07-24 14:30:54.038 [Test worker] DEBUG c.g.d.z.s.o.a.hc.client5.http.wire - http-outgoing-23 << "Docker-Experimental: false[\r][\n]"
2024-07-24 14:30:54.038 [Test worker] DEBUG c.g.d.z.s.o.a.hc.client5.http.wire - http-outgoing-23 << "Ostype: linux[\r][\n]"
2024-07-24 14:30:54.038 [Test worker] DEBUG c.g.d.z.s.o.a.hc.client5.http.wire - http-outgoing-23 << "Server: Docker/26.0.0 (linux)[\r][\n]"
2024-07-24 14:30:54.038 [Test worker] DEBUG c.g.d.z.s.o.a.hc.client5.http.wire - http-outgoing-23 << "[\r][\n]"
2024-07-24 14:30:54.038 [Test worker] DEBUG c.g.d.z.s.o.a.h.client5.http.headers - http-outgoing-23 << HTTP/1.1 204 No Content
2024-07-24 14:30:54.038 [Test worker] DEBUG c.g.d.z.s.o.a.h.client5.http.headers - http-outgoing-23 << Api-Version: 1.45
2024-07-24 14:30:54.038 [Test worker] DEBUG c.g.d.z.s.o.a.h.client5.http.headers - http-outgoing-23 << Date: Wed, 24 Jul 2024 02:30:54 GMT
2024-07-24 14:30:54.038 [Test worker] DEBUG c.g.d.z.s.o.a.h.client5.http.headers - http-outgoing-23 << Docker-Experimental: false
2024-07-24 14:30:54.038 [Test worker] DEBUG c.g.d.z.s.o.a.h.client5.http.headers - http-outgoing-23 << Ostype: linux
2024-07-24 14:30:54.038 [Test worker] DEBUG c.g.d.z.s.o.a.h.client5.http.headers - http-outgoing-23 << Server: Docker/26.0.0 (linux)
2024-07-24 14:30:54.038 [Test worker] DEBUG c.g.d.z.s.o.a.h.c.h.i.c.MainClientExec - ex-000000FB: connection can be kept alive for 3 MINUTES
2024-07-24 14:30:54.038 [Test worker] DEBUG c.g.d.z.s.o.a.h.c.h.i.c.InternalHttpClient - ep-000000FA: releasing valid endpoint
2024-07-24 14:30:54.038 [Test worker] DEBUG c.g.d.z.s.o.a.h.c.h.i.i.PoolingHttpClientConnectionManager - ep-000000FA: releasing endpoint
2024-07-24 14:30:54.038 [Test worker] DEBUG c.g.d.z.s.o.a.h.c.h.i.i.PoolingHttpClientConnectionManager - ep-000000FA: connection http-outgoing-23 can be kept alive for 3 MINUTES
2024-07-24 14:30:54.038 [Test worker] DEBUG c.g.d.z.s.o.a.h.c.h.i.i.PoolingHttpClientConnectionManager - ep-000000FA: connection released [route: {}->npipe://localhost:2375][total available: 1; route allocated: 1 of 2147483647; total allocated: 1 of 2147483647]
2024-07-24 14:30:54.038 [Test worker] DEBUG o.t.utility.ResourceReaper - Removed container and associated volume(s): postgres:latest
2024-07-24 14:30:54.039 [Test worker] DEBUG o.t.u.PrefixingImageNameSubstitutor - No prefix is configured
2024-07-24 14:30:54.039 [Test worker] DEBUG o.t.utility.ImageNameSubstitutor - Did not find a substitute image for postgres:latest (using image substitutor: DefaultImageNameSubstitutor (composite of 'ConfigurationFileImageNameSubstitutor' and 'PrefixingImageNameSubstitutor'))
2024-07-24 14:30:54.039 [Test worker] TRACE tc.postgres:latest - postgres:latest is already in image name cache
2024-07-24 14:30:54.039 [Test worker] DEBUG o.t.images.AbstractImagePullPolicy - Using locally available and not pulling image: postgres:latest
2024-07-24 14:30:54.039 [Test worker] DEBUG tc.postgres:latest - Starting container: postgres:latest
2024-07-24 14:30:54.039 [Test worker] DEBUG tc.postgres:latest - Trying to start container: postgres:latest (attempt 1/1)
2024-07-24 14:30:54.039 [Test worker] DEBUG tc.postgres:latest - Starting container: postgres:latest
2024-07-24 14:30:54.039 [Test worker] INFO  tc.postgres:latest - Creating container for image: postgres:latest
2024-07-24 14:30:54.039 [Test worker] DEBUG o.t.utility.RegistryAuthLocator - Looking up auth config for image: postgres:latest at registry: https://index.docker.io/v1/
2024-07-24 14:30:54.039 [Test worker] DEBUG o.t.utility.RegistryAuthLocator - No matching Auth Configs - falling back to defaultAuthConfig [null]
2024-07-24 14:30:54.039 [Test worker] DEBUG o.t.d.AuthDelegatingDockerClientConfig - Effective auth config [null]
2024-07-24 14:30:54.039 [Test worker] DEBUG o.t.s.c.g.d.c.command.AbstrDockerCmd - Cmd: org.testcontainers.shaded.com.github.dockerjava.core.command.CreateContainerCmdImpl@1a7cb3a4[aliases=<null>,argsEscaped=<null>,attachStderr=<null>,attachStdin=<null>,attachStdout=<null>,authConfig=<null>,cmd={postgres,-c,fsync=off},domainName=<null>,entrypoint=<null>,env={POSTGRES_USER=user,POSTGRES_PASSWORD=password,POSTGRES_DB=db},exposedPorts=ExposedPorts(exposedPorts=[5432/tcp]),healthcheck=<null>,hostConfig=HostConfig(binds=[], blkioWeight=null, blkioWeightDevice=null, blkioDeviceReadBps=null, blkioDeviceWriteBps=null, blkioDeviceReadIOps=null, blkioDeviceWriteIOps=null, memorySwappiness=null, nanoCPUs=null, capAdd=null, capDrop=null, containerIDFile=null, cpuPeriod=null, cpuRealtimePeriod=null, cpuRealtimeRuntime=null, cpuShares=null, cpuQuota=null, cpusetCpus=null, cpusetMems=null, devices=null, deviceCgroupRules=null, deviceRequests=null, diskQuota=null, dns=null, dnsOptions=null, dnsSearch=null, extraHosts=[], groupAdd=null, ipcMode=null, cgroup=null, links=[], logConfig=LogConfig(type=null, config=null), lxcConf=null, memory=null, memorySwap=null, memoryReservation=null, kernelMemory=null, networkMode=null, oomKillDisable=null, init=null, autoRemove=null, oomScoreAdj=null, portBindings={5432/tcp=[Lcom.github.dockerjava.api.model.Ports$Binding;@491cafec}, privileged=null, publishAllPorts=null, readonlyRootfs=null, restartPolicy=null, ulimits=null, cpuCount=null, cpuPercent=null, ioMaximumIOps=null, ioMaximumBandwidth=null, volumesFrom=[], mounts=null, pidMode=null, isolation=null, securityOpts=null, storageOpt=null, cgroupParent=null, volumeDriver=null, shmSize=null, pidsLimit=null, runtime=null, tmpFs=null, utSMode=null, usernsMode=null, sysctls=null, consoleSize=null, cgroupnsMode=null),hostName=<null>,image=postgres:latest,ipv4Address=<null>,ipv6Address=<null>,labels={org.testcontainers=true, org.testcontainers.lang=java, org.testcontainers.version=1.19.8, org.testcontainers.sessionId=280e6229-7396-4d60-b1e3-a5de48b5d49b},macAddress=<null>,name=<null>,networkDisabled=<null>,networkingConfig=<null>,onBuild=<null>,platform=<null>,portSpecs=<null>,shell=<null>,stdInOnce=<null>,stdinOpen=<null>,stopSignal=<null>,stopTimeout=<null>,tty=<null>,user=<null>,volumes=Volumes(volumes=[]),workingDir=<null>]
2024-07-24 14:30:54.040 [Test worker] TRACE o.t.s.c.g.d.c.e.CreateContainerCmdExec - POST: DefaultWebTarget{path=[/containers/create], queryParams={}} 
2024-07-24 14:30:54.040 [Test worker] DEBUG c.g.d.z.s.o.a.h.c.h.i.c.InternalHttpClient - ex-000000FC: preparing request execution
2024-07-24 14:30:54.040 [Test worker] DEBUG c.g.d.z.s.o.a.h.c.h.p.RequestAddCookies - Cookie spec selected: strict
2024-07-24 14:30:54.040 [Test worker] DEBUG c.g.d.z.s.o.a.h.c.h.p.RequestAuthCache - Auth cache not set in the context
2024-07-24 14:30:54.041 [Test worker] DEBUG c.g.d.z.s.o.a.h.c.h.i.c.ProtocolExec - ex-000000FC: target auth state: UNCHALLENGED
2024-07-24 14:30:54.041 [Test worker] DEBUG c.g.d.z.s.o.a.h.c.h.i.c.ProtocolExec - ex-000000FC: proxy auth state: UNCHALLENGED
2024-07-24 14:30:54.041 [Test worker] DEBUG c.g.d.z.s.o.a.h.c.h.i.c.ConnectExec - ex-000000FC: acquiring connection with route {}->npipe://localhost:2375
2024-07-24 14:30:54.041 [Test worker] DEBUG c.g.d.z.s.o.a.h.c.h.i.c.InternalHttpClient - ex-000000FC: acquiring endpoint (3 MINUTES)
2024-07-24 14:30:54.041 [Test worker] DEBUG c.g.d.z.s.o.a.h.c.h.i.i.PoolingHttpClientConnectionManager - ex-000000FC: endpoint lease request (3 MINUTES) [route: {}->npipe://localhost:2375][total available: 1; route allocated: 1 of 2147483647; total allocated: 1 of 2147483647]
2024-07-24 14:30:54.041 [Test worker] DEBUG c.g.d.z.s.o.a.h.c.h.i.i.PoolingHttpClientConnectionManager - ex-000000FC: endpoint leased [route: {}->npipe://localhost:2375][total available: 0; route allocated: 1 of 2147483647; total allocated: 1 of 2147483647]
2024-07-24 14:30:54.041 [Test worker] DEBUG c.g.d.z.s.o.a.h.c.h.i.i.PoolingHttpClientConnectionManager - ex-000000FC: acquired ep-000000FB
2024-07-24 14:30:54.041 [Test worker] DEBUG c.g.d.z.s.o.a.h.c.h.i.c.InternalHttpClient - ex-000000FC: acquired endpoint ep-000000FB
2024-07-24 14:30:54.041 [Test worker] DEBUG c.g.d.z.s.o.a.h.c.h.i.c.MainClientExec - ex-000000FC: executing POST /v1.32/containers/create HTTP/1.1
2024-07-24 14:30:54.041 [Test worker] DEBUG c.g.d.z.s.o.a.h.c.h.i.c.InternalHttpClient - ep-000000FB: start execution ex-000000FC
2024-07-24 14:30:54.041 [Test worker] DEBUG c.g.d.z.s.o.a.h.c.h.i.i.PoolingHttpClientConnectionManager - ep-000000FB: executing exchange ex-000000FC over http-outgoing-23
2024-07-24 14:30:54.041 [Test worker] DEBUG c.g.d.z.s.o.a.h.client5.http.headers - http-outgoing-23 >> POST /v1.32/containers/create HTTP/1.1
2024-07-24 14:30:54.041 [Test worker] DEBUG c.g.d.z.s.o.a.h.client5.http.headers - http-outgoing-23 >> accept: application/json
2024-07-24 14:30:54.041 [Test worker] DEBUG c.g.d.z.s.o.a.h.client5.http.headers - http-outgoing-23 >> content-type: application/json
2024-07-24 14:30:54.041 [Test worker] DEBUG c.g.d.z.s.o.a.h.client5.http.headers - http-outgoing-23 >> x-tc-sid: 280e6229-7396-4d60-b1e3-a5de48b5d49b
2024-07-24 14:30:54.041 [Test worker] DEBUG c.g.d.z.s.o.a.h.client5.http.headers - http-outgoing-23 >> User-Agent: tc-java/1.19.8
2024-07-24 14:30:54.041 [Test worker] DEBUG c.g.d.z.s.o.a.h.client5.http.headers - http-outgoing-23 >> Accept-Encoding: gzip, x-gzip, deflate
2024-07-24 14:30:54.041 [Test worker] DEBUG c.g.d.z.s.o.a.h.client5.http.headers - http-outgoing-23 >> Content-Length: 2061
2024-07-24 14:30:54.041 [Test worker] DEBUG c.g.d.z.s.o.a.h.client5.http.headers - http-outgoing-23 >> Host: localhost:2375
2024-07-24 14:30:54.041 [Test worker] DEBUG c.g.d.z.s.o.a.h.client5.http.headers - http-outgoing-23 >> Connection: keep-alive
2024-07-24 14:30:54.041 [Test worker] DEBUG c.g.d.z.s.o.a.hc.client5.http.wire - http-outgoing-23 >> "POST /v1.32/containers/create HTTP/1.1[\r][\n]"
2024-07-24 14:30:54.041 [Test worker] DEBUG c.g.d.z.s.o.a.hc.client5.http.wire - http-outgoing-23 >> "accept: application/json[\r][\n]"
2024-07-24 14:30:54.041 [Test worker] DEBUG c.g.d.z.s.o.a.hc.client5.http.wire - http-outgoing-23 >> "content-type: application/json[\r][\n]"
2024-07-24 14:30:54.041 [Test worker] DEBUG c.g.d.z.s.o.a.hc.client5.http.wire - http-outgoing-23 >> "x-tc-sid: 280e6229-7396-4d60-b1e3-a5de48b5d49b[\r][\n]"
2024-07-24 14:30:54.041 [Test worker] DEBUG c.g.d.z.s.o.a.hc.client5.http.wire - http-outgoing-23 >> "User-Agent: tc-java/1.19.8[\r][\n]"
2024-07-24 14:30:54.041 [Test worker] DEBUG c.g.d.z.s.o.a.hc.client5.http.wire - http-outgoing-23 >> "Accept-Encoding: gzip, x-gzip, deflate[\r][\n]"
2024-07-24 14:30:54.041 [Test worker] DEBUG c.g.d.z.s.o.a.hc.client5.http.wire - http-outgoing-23 >> "Content-Length: 2061[\r][\n]"
2024-07-24 14:30:54.041 [Test worker] DEBUG c.g.d.z.s.o.a.hc.client5.http.wire - http-outgoing-23 >> "Host: localhost:2375[\r][\n]"
2024-07-24 14:30:54.041 [Test worker] DEBUG c.g.d.z.s.o.a.hc.client5.http.wire - http-outgoing-23 >> "Connection: keep-alive[\r][\n]"
2024-07-24 14:30:54.041 [Test worker] DEBUG c.g.d.z.s.o.a.hc.client5.http.wire - http-outgoing-23 >> "[\r][\n]"
2024-07-24 14:30:54.041 [Test worker] DEBUG c.g.d.z.s.o.a.hc.client5.http.wire - http-outgoing-23 >> "{"Hostname":null,"Domainname":null,"User":null,"AttachStdin":null,"AttachStdout":null,"AttachStderr":null,"PortSpecs":null,"Tty":null,"OpenStdin":null,"StdinOnce":null,"Env":["POSTGRES_USER=user","POSTGRES_PASSWORD=password","POSTGRES_DB=db"],"Cmd":["postgres","-c","fsync=off"],"Healthcheck":null,"ArgsEscaped":null,"Entrypoint":null,"Image":"postgres:latest","Volumes":{},"WorkingDir":null,"MacAddress":null,"OnBuild":null,"NetworkDisabled":null,"ExposedPorts":{"5432/tcp":{}},"StopSignal":null,"StopTimeout":null,"HostConfig":{"Binds":[],"BlkioWeight":null,"BlkioWeightDevice":null,"BlkioDeviceReadBps":null,"BlkioDeviceWriteBps":null,"BlkioDeviceReadIOps":null,"BlkioDeviceWriteIOps":null,"MemorySwappiness":null,"NanoCpus":null,"CapAdd":null,"CapDrop":null,"ContainerIDFile":null,"CpuPeriod":null,"CpuRealtimePeriod":null,"CpuRealtimeRuntime":null,"CpuShares":null,"CpuQuota":null,"CpusetCpus":null,"CpusetMems":null,"Devices":null,"DeviceCgroupRules":null,"DeviceRequests":null,"DiskQuota":null,"Dns":null,"DnsOptions":null,"DnsSearch":null,"ExtraHosts":[],"GroupAdd":null,"IpcMode":null,"Cgroup":null,"Links":[],"LogConfig":null,"LxcConf":null,"Memory":null,"MemorySwap":null,"MemoryReservation":null,"KernelMemory":null,"NetworkMode":null,"OomKillDisable":null,"Init":null,"AutoRemove":null,"OomScoreAdj":null,"PortBindings":{"5432/tcp":[{"HostIp":"","HostPort":""}]},"Privileged":null,"PublishAllPorts":null,"ReadonlyRootfs":null,"RestartPolicy":null,"Ulimits":null,"CpuCount":null,"CpuPercent":null,"IOMaximumIOps":null,"IOMaximumBandwidth":null,"VolumesFrom":[],"Mounts":null,"PidMode":null,"Isolation":null,"SecurityOpt":null,"StorageOpt":null,"CgroupParent":null,"VolumeDriver":null,"ShmSize":null,"PidsLimit":null,"Runtime":null,"Tmpfs":null,"UTSMode":null,"UsernsMode":null,"Sysctls":null,"ConsoleSize":null,"CgroupnsMode":null},"Labels":{"org.testcontainers":"true","org.testcontainers.lang":"java","org.testcontainers.version":"1.19.8","org.testcontainers.sessionId":"280e6229-7396-4d60-b1e3-a5de48b5d49b"},"Shell":null,"NetworkingConfig":null}"
2024-07-24 14:30:54.184 [Test worker] DEBUG c.g.d.z.s.o.a.hc.client5.http.wire - http-outgoing-23 << "HTTP/1.1 201 Created[\r][\n]"
2024-07-24 14:30:54.184 [Test worker] DEBUG c.g.d.z.s.o.a.hc.client5.http.wire - http-outgoing-23 << "Api-Version: 1.45[\r][\n]"
2024-07-24 14:30:54.184 [Test worker] DEBUG c.g.d.z.s.o.a.hc.client5.http.wire - http-outgoing-23 << "Content-Type: application/json[\r][\n]"
2024-07-24 14:30:54.184 [Test worker] DEBUG c.g.d.z.s.o.a.hc.client5.http.wire - http-outgoing-23 << "Date: Wed, 24 Jul 2024 02:30:54 GMT[\r][\n]"
2024-07-24 14:30:54.184 [Test worker] DEBUG c.g.d.z.s.o.a.hc.client5.http.wire - http-outgoing-23 << "Docker-Experimental: false[\r][\n]"
2024-07-24 14:30:54.184 [Test worker] DEBUG c.g.d.z.s.o.a.hc.client5.http.wire - http-outgoing-23 << "Ostype: linux[\r][\n]"
2024-07-24 14:30:54.184 [Test worker] DEBUG c.g.d.z.s.o.a.hc.client5.http.wire - http-outgoing-23 << "Server: Docker/26.0.0 (linux)[\r][\n]"
2024-07-24 14:30:54.184 [Test worker] DEBUG c.g.d.z.s.o.a.hc.client5.http.wire - http-outgoing-23 << "Transfer-Encoding: chunked[\r][\n]"
2024-07-24 14:30:54.184 [Test worker] DEBUG c.g.d.z.s.o.a.hc.client5.http.wire - http-outgoing-23 << "[\r][\n]"
2024-07-24 14:30:54.184 [Test worker] DEBUG c.g.d.z.s.o.a.h.client5.http.headers - http-outgoing-23 << HTTP/1.1 201 Created
2024-07-24 14:30:54.184 [Test worker] DEBUG c.g.d.z.s.o.a.h.client5.http.headers - http-outgoing-23 << Api-Version: 1.45
2024-07-24 14:30:54.184 [Test worker] DEBUG c.g.d.z.s.o.a.h.client5.http.headers - http-outgoing-23 << Content-Type: application/json
2024-07-24 14:30:54.184 [Test worker] DEBUG c.g.d.z.s.o.a.h.client5.http.headers - http-outgoing-23 << Date: Wed, 24 Jul 2024 02:30:54 GMT
2024-07-24 14:30:54.184 [Test worker] DEBUG c.g.d.z.s.o.a.h.client5.http.headers - http-outgoing-23 << Docker-Experimental: false
2024-07-24 14:30:54.184 [Test worker] DEBUG c.g.d.z.s.o.a.h.client5.http.headers - http-outgoing-23 << Ostype: linux
2024-07-24 14:30:54.184 [Test worker] DEBUG c.g.d.z.s.o.a.h.client5.http.headers - http-outgoing-23 << Server: Docker/26.0.0 (linux)
2024-07-24 14:30:54.184 [Test worker] DEBUG c.g.d.z.s.o.a.h.client5.http.headers - http-outgoing-23 << Transfer-Encoding: chunked
2024-07-24 14:30:54.185 [Test worker] DEBUG c.g.d.z.s.o.a.h.c.h.i.c.MainClientExec - ex-000000FC: connection can be kept alive for 3 MINUTES
2024-07-24 14:30:54.185 [Test worker] DEBUG c.g.d.z.s.o.a.hc.client5.http.wire - http-outgoing-23 << "58[\r][\n]"
2024-07-24 14:30:54.185 [Test worker] DEBUG c.g.d.z.s.o.a.hc.client5.http.wire - http-outgoing-23 << "{"Id":"a7abbe77a59372ae8d3288d74f88a72e3a16c20aadcfa3cc641b58ef3a45ceb1","Warnings":[]}[\n]"
2024-07-24 14:30:54.185 [Test worker] DEBUG c.g.d.z.s.o.a.hc.client5.http.wire - http-outgoing-23 << "[\r][\n]"
2024-07-24 14:30:54.185 [Test worker] DEBUG c.g.d.z.s.o.a.hc.client5.http.wire - http-outgoing-23 << "0[\r][\n]"
2024-07-24 14:30:54.185 [Test worker] DEBUG c.g.d.z.s.o.a.hc.client5.http.wire - http-outgoing-23 << "[\r][\n]"
2024-07-24 14:30:54.185 [Test worker] DEBUG c.g.d.z.s.o.a.h.c.h.i.c.InternalHttpClient - ep-000000FB: releasing valid endpoint
2024-07-24 14:30:54.185 [Test worker] DEBUG c.g.d.z.s.o.a.h.c.h.i.i.PoolingHttpClientConnectionManager - ep-000000FB: releasing endpoint
2024-07-24 14:30:54.185 [Test worker] DEBUG c.g.d.z.s.o.a.h.c.h.i.i.PoolingHttpClientConnectionManager - ep-000000FB: connection http-outgoing-23 can be kept alive for 3 MINUTES
2024-07-24 14:30:54.185 [Test worker] DEBUG c.g.d.z.s.o.a.h.c.h.i.i.PoolingHttpClientConnectionManager - ep-000000FB: connection released [route: {}->npipe://localhost:2375][total available: 1; route allocated: 1 of 2147483647; total allocated: 1 of 2147483647]
2024-07-24 14:30:54.185 [Test worker] INFO  tc.postgres:latest - Container postgres:latest is starting: a7abbe77a59372ae8d3288d74f88a72e3a16c20aadcfa3cc641b58ef3a45ceb1
2024-07-24 14:30:54.185 [Test worker] DEBUG o.t.s.c.g.d.c.command.AbstrDockerCmd - Cmd: a7abbe77a59372ae8d3288d74f88a72e3a16c20aadcfa3cc641b58ef3a45ceb1
2024-07-24 14:30:54.185 [Test worker] TRACE o.t.s.c.g.d.c.e.StartContainerCmdExec - POST: DefaultWebTarget{path=[/containers/a7abbe77a59372ae8d3288d74f88a72e3a16c20aadcfa3cc641b58ef3a45ceb1/start], queryParams={}}
2024-07-24 14:30:54.186 [Test worker] DEBUG c.g.d.z.s.o.a.h.c.h.i.c.InternalHttpClient - ex-000000FD: preparing request execution
2024-07-24 14:30:54.186 [Test worker] DEBUG c.g.d.z.s.o.a.h.c.h.p.RequestAddCookies - Cookie spec selected: strict
2024-07-24 14:30:54.186 [Test worker] DEBUG c.g.d.z.s.o.a.h.c.h.p.RequestAuthCache - Auth cache not set in the context
2024-07-24 14:30:54.186 [Test worker] DEBUG c.g.d.z.s.o.a.h.c.h.i.c.ProtocolExec - ex-000000FD: target auth state: UNCHALLENGED
2024-07-24 14:30:54.186 [Test worker] DEBUG c.g.d.z.s.o.a.h.c.h.i.c.ProtocolExec - ex-000000FD: proxy auth state: UNCHALLENGED
2024-07-24 14:30:54.186 [Test worker] DEBUG c.g.d.z.s.o.a.h.c.h.i.c.ConnectExec - ex-000000FD: acquiring connection with route {}->npipe://localhost:2375
2024-07-24 14:30:54.186 [Test worker] DEBUG c.g.d.z.s.o.a.h.c.h.i.c.InternalHttpClient - ex-000000FD: acquiring endpoint (3 MINUTES)
2024-07-24 14:30:54.186 [Test worker] DEBUG c.g.d.z.s.o.a.h.c.h.i.i.PoolingHttpClientConnectionManager - ex-000000FD: endpoint lease request (3 MINUTES) [route: {}->npipe://localhost:2375][total available: 1; route allocated: 1 of 2147483647; total allocated: 1 of 2147483647]
2024-07-24 14:30:54.186 [Test worker] DEBUG c.g.d.z.s.o.a.h.c.h.i.i.PoolingHttpClientConnectionManager - ex-000000FD: endpoint leased [route: {}->npipe://localhost:2375][total available: 0; route allocated: 1 of 2147483647; total allocated: 1 of 2147483647]
2024-07-24 14:30:54.186 [Test worker] DEBUG c.g.d.z.s.o.a.h.c.h.i.i.PoolingHttpClientConnectionManager - ex-000000FD: acquired ep-000000FC
2024-07-24 14:30:54.186 [Test worker] DEBUG c.g.d.z.s.o.a.h.c.h.i.c.InternalHttpClient - ex-000000FD: acquired endpoint ep-000000FC
2024-07-24 14:30:54.186 [Test worker] DEBUG c.g.d.z.s.o.a.h.c.h.i.c.MainClientExec - ex-000000FD: executing POST /v1.32/containers/a7abbe77a59372ae8d3288d74f88a72e3a16c20aadcfa3cc641b58ef3a45ceb1/start HTTP/1.1
2024-07-24 14:30:54.186 [Test worker] DEBUG c.g.d.z.s.o.a.h.c.h.i.c.InternalHttpClient - ep-000000FC: start execution ex-000000FD
2024-07-24 14:30:54.186 [Test worker] DEBUG c.g.d.z.s.o.a.h.c.h.i.i.PoolingHttpClientConnectionManager - ep-000000FC: executing exchange ex-000000FD over http-outgoing-23
2024-07-24 14:30:54.186 [Test worker] DEBUG c.g.d.z.s.o.a.h.client5.http.headers - http-outgoing-23 >> POST /v1.32/containers/a7abbe77a59372ae8d3288d74f88a72e3a16c20aadcfa3cc641b58ef3a45ceb1/start HTTP/1.1
2024-07-24 14:30:54.186 [Test worker] DEBUG c.g.d.z.s.o.a.h.client5.http.headers - http-outgoing-23 >> accept: application/json
2024-07-24 14:30:54.186 [Test worker] DEBUG c.g.d.z.s.o.a.h.client5.http.headers - http-outgoing-23 >> content-type: application/json
2024-07-24 14:30:54.186 [Test worker] DEBUG c.g.d.z.s.o.a.h.client5.http.headers - http-outgoing-23 >> x-tc-sid: 280e6229-7396-4d60-b1e3-a5de48b5d49b
2024-07-24 14:30:54.186 [Test worker] DEBUG c.g.d.z.s.o.a.h.client5.http.headers - http-outgoing-23 >> User-Agent: tc-java/1.19.8
2024-07-24 14:30:54.186 [Test worker] DEBUG c.g.d.z.s.o.a.h.client5.http.headers - http-outgoing-23 >> Accept-Encoding: gzip, x-gzip, deflate
2024-07-24 14:30:54.186 [Test worker] DEBUG c.g.d.z.s.o.a.h.client5.http.headers - http-outgoing-23 >> Host: localhost:2375
2024-07-24 14:30:54.186 [Test worker] DEBUG c.g.d.z.s.o.a.h.client5.http.headers - http-outgoing-23 >> Connection: keep-alive
2024-07-24 14:30:54.186 [Test worker] DEBUG c.g.d.z.s.o.a.hc.client5.http.wire - http-outgoing-23 >> "POST /v1.32/containers/a7abbe77a59372ae8d3288d74f88a72e3a16c20aadcfa3cc641b58ef3a45ceb1/start HTTP/1.1[\r][\n]"
2024-07-24 14:30:54.186 [Test worker] DEBUG c.g.d.z.s.o.a.hc.client5.http.wire - http-outgoing-23 >> "accept: application/json[\r][\n]"
2024-07-24 14:30:54.186 [Test worker] DEBUG c.g.d.z.s.o.a.hc.client5.http.wire - http-outgoing-23 >> "content-type: application/json[\r][\n]"
2024-07-24 14:30:54.186 [Test worker] DEBUG c.g.d.z.s.o.a.hc.client5.http.wire - http-outgoing-23 >> "x-tc-sid: 280e6229-7396-4d60-b1e3-a5de48b5d49b[\r][\n]"
2024-07-24 14:30:54.187 [Test worker] DEBUG c.g.d.z.s.o.a.hc.client5.http.wire - http-outgoing-23 >> "User-Agent: tc-java/1.19.8[\r][\n]"
2024-07-24 14:30:54.187 [Test worker] DEBUG c.g.d.z.s.o.a.hc.client5.http.wire - http-outgoing-23 >> "Accept-Encoding: gzip, x-gzip, deflate[\r][\n]"
2024-07-24 14:30:54.187 [Test worker] DEBUG c.g.d.z.s.o.a.hc.client5.http.wire - http-outgoing-23 >> "Host: localhost:2375[\r][\n]"
2024-07-24 14:30:54.187 [Test worker] DEBUG c.g.d.z.s.o.a.hc.client5.http.wire - http-outgoing-23 >> "Connection: keep-alive[\r][\n]"
2024-07-24 14:30:54.187 [Test worker] DEBUG c.g.d.z.s.o.a.hc.client5.http.wire - http-outgoing-23 >> "[\r][\n]"
2024-07-24 14:30:54.529 [Test worker] DEBUG c.g.d.z.s.o.a.hc.client5.http.wire - http-outgoing-23 << "HTTP/1.1 204 No Content[\r][\n]"
2024-07-24 14:30:54.529 [Test worker] DEBUG c.g.d.z.s.o.a.hc.client5.http.wire - http-outgoing-23 << "Api-Version: 1.45[\r][\n]"
2024-07-24 14:30:54.529 [Test worker] DEBUG c.g.d.z.s.o.a.hc.client5.http.wire - http-outgoing-23 << "Date: Wed, 24 Jul 2024 02:30:54 GMT[\r][\n]"
2024-07-24 14:30:54.529 [Test worker] DEBUG c.g.d.z.s.o.a.hc.client5.http.wire - http-outgoing-23 << "Docker-Experimental: false[\r][\n]"
2024-07-24 14:30:54.529 [Test worker] DEBUG c.g.d.z.s.o.a.hc.client5.http.wire - http-outgoing-23 << "Ostype: linux[\r][\n]"
2024-07-24 14:30:54.529 [Test worker] DEBUG c.g.d.z.s.o.a.hc.client5.http.wire - http-outgoing-23 << "Server: Docker/26.0.0 (linux)[\r][\n]"
2024-07-24 14:30:54.529 [Test worker] DEBUG c.g.d.z.s.o.a.hc.client5.http.wire - http-outgoing-23 << "[\r][\n]"
2024-07-24 14:30:54.529 [Test worker] DEBUG c.g.d.z.s.o.a.h.client5.http.headers - http-outgoing-23 << HTTP/1.1 204 No Content
2024-07-24 14:30:54.529 [Test worker] DEBUG c.g.d.z.s.o.a.h.client5.http.headers - http-outgoing-23 << Api-Version: 1.45
2024-07-24 14:30:54.529 [Test worker] DEBUG c.g.d.z.s.o.a.h.client5.http.headers - http-outgoing-23 << Date: Wed, 24 Jul 2024 02:30:54 GMT
2024-07-24 14:30:54.529 [Test worker] DEBUG c.g.d.z.s.o.a.h.client5.http.headers - http-outgoing-23 << Docker-Experimental: false
2024-07-24 14:30:54.529 [Test worker] DEBUG c.g.d.z.s.o.a.h.client5.http.headers - http-outgoing-23 << Ostype: linux
2024-07-24 14:30:54.529 [Test worker] DEBUG c.g.d.z.s.o.a.h.client5.http.headers - http-outgoing-23 << Server: Docker/26.0.0 (linux)
2024-07-24 14:30:54.530 [Test worker] DEBUG c.g.d.z.s.o.a.h.c.h.i.c.MainClientExec - ex-000000FD: connection can be kept alive for 3 MINUTES
2024-07-24 14:30:54.530 [Test worker] DEBUG c.g.d.z.s.o.a.h.c.h.i.c.InternalHttpClient - ep-000000FC: releasing valid endpoint
2024-07-24 14:30:54.530 [Test worker] DEBUG c.g.d.z.s.o.a.h.c.h.i.i.PoolingHttpClientConnectionManager - ep-000000FC: releasing endpoint
2024-07-24 14:30:54.530 [Test worker] DEBUG c.g.d.z.s.o.a.h.c.h.i.i.PoolingHttpClientConnectionManager - ep-000000FC: connection http-outgoing-23 can be kept alive for 3 MINUTES
2024-07-24 14:30:54.530 [Test worker] DEBUG c.g.d.z.s.o.a.h.c.h.i.i.PoolingHttpClientConnectionManager - ep-000000FC: connection released [route: {}->npipe://localhost:2375][total available: 1; route allocated: 1 of 2147483647; total allocated: 1 of 2147483647]
2024-07-24 14:30:54.531 [Test worker] DEBUG o.t.s.c.g.d.c.command.AbstrDockerCmd - Cmd: a7abbe77a59372ae8d3288d74f88a72e3a16c20aadcfa3cc641b58ef3a45ceb1,false
2024-07-24 14:30:54.531 [Test worker] DEBUG o.t.s.c.g.d.c.e.InspectContainerCmdExec - GET: DefaultWebTarget{path=[/containers/a7abbe77a59372ae8d3288d74f88a72e3a16c20aadcfa3cc641b58ef3a45ceb1/json], queryParams={}}
2024-07-24 14:30:54.531 [Test worker] DEBUG c.g.d.z.s.o.a.h.c.h.i.c.InternalHttpClient - ex-000000FE: preparing request execution
2024-07-24 14:30:54.531 [Test worker] DEBUG c.g.d.z.s.o.a.h.c.h.p.RequestAddCookies - Cookie spec selected: strict
2024-07-24 14:30:54.532 [Test worker] DEBUG c.g.d.z.s.o.a.h.c.h.p.RequestAuthCache - Auth cache not set in the context
2024-07-24 14:30:54.532 [Test worker] DEBUG c.g.d.z.s.o.a.h.c.h.i.c.ProtocolExec - ex-000000FE: target auth state: UNCHALLENGED
2024-07-24 14:30:54.532 [Test worker] DEBUG c.g.d.z.s.o.a.h.c.h.i.c.ProtocolExec - ex-000000FE: proxy auth state: UNCHALLENGED
2024-07-24 14:30:54.532 [Test worker] DEBUG c.g.d.z.s.o.a.h.c.h.i.c.ConnectExec - ex-000000FE: acquiring connection with route {}->npipe://localhost:2375
2024-07-24 14:30:54.532 [Test worker] DEBUG c.g.d.z.s.o.a.h.c.h.i.c.InternalHttpClient - ex-000000FE: acquiring endpoint (3 MINUTES)
2024-07-24 14:30:54.532 [Test worker] DEBUG c.g.d.z.s.o.a.h.c.h.i.i.PoolingHttpClientConnectionManager - ex-000000FE: endpoint lease request (3 MINUTES) [route: {}->npipe://localhost:2375][total available: 1; route allocated: 1 of 2147483647; total allocated: 1 of 2147483647]
2024-07-24 14:30:54.532 [Test worker] DEBUG c.g.d.z.s.o.a.h.c.h.i.i.PoolingHttpClientConnectionManager - ex-000000FE: endpoint leased [route: {}->npipe://localhost:2375][total available: 0; route allocated: 1 of 2147483647; total allocated: 1 of 2147483647]
2024-07-24 14:30:54.532 [Test worker] DEBUG c.g.d.z.s.o.a.h.c.h.i.i.PoolingHttpClientConnectionManager - ex-000000FE: acquired ep-000000FD
2024-07-24 14:30:54.532 [Test worker] DEBUG c.g.d.z.s.o.a.h.c.h.i.c.InternalHttpClient - ex-000000FE: acquired endpoint ep-000000FD
2024-07-24 14:30:54.532 [Test worker] DEBUG c.g.d.z.s.o.a.h.c.h.i.c.MainClientExec - ex-000000FE: executing GET /v1.32/containers/a7abbe77a59372ae8d3288d74f88a72e3a16c20aadcfa3cc641b58ef3a45ceb1/json HTTP/1.1
2024-07-24 14:30:54.532 [Test worker] DEBUG c.g.d.z.s.o.a.h.c.h.i.c.InternalHttpClient - ep-000000FD: start execution ex-000000FE
2024-07-24 14:30:54.532 [Test worker] DEBUG c.g.d.z.s.o.a.h.c.h.i.i.PoolingHttpClientConnectionManager - ep-000000FD: executing exchange ex-000000FE over http-outgoing-23
2024-07-24 14:30:54.532 [Test worker] DEBUG c.g.d.z.s.o.a.h.client5.http.headers - http-outgoing-23 >> GET /v1.32/containers/a7abbe77a59372ae8d3288d74f88a72e3a16c20aadcfa3cc641b58ef3a45ceb1/json HTTP/1.1
2024-07-24 14:30:54.532 [Test worker] DEBUG c.g.d.z.s.o.a.h.client5.http.headers - http-outgoing-23 >> accept: application/json
2024-07-24 14:30:54.532 [Test worker] DEBUG c.g.d.z.s.o.a.h.client5.http.headers - http-outgoing-23 >> x-tc-sid: 280e6229-7396-4d60-b1e3-a5de48b5d49b
2024-07-24 14:30:54.532 [Test worker] DEBUG c.g.d.z.s.o.a.h.client5.http.headers - http-outgoing-23 >> User-Agent: tc-java/1.19.8
2024-07-24 14:30:54.532 [Test worker] DEBUG c.g.d.z.s.o.a.h.client5.http.headers - http-outgoing-23 >> Accept-Encoding: gzip, x-gzip, deflate
2024-07-24 14:30:54.532 [Test worker] DEBUG c.g.d.z.s.o.a.h.client5.http.headers - http-outgoing-23 >> Host: localhost:2375
2024-07-24 14:30:54.532 [Test worker] DEBUG c.g.d.z.s.o.a.h.client5.http.headers - http-outgoing-23 >> Connection: keep-alive
2024-07-24 14:30:54.532 [Test worker] DEBUG c.g.d.z.s.o.a.hc.client5.http.wire - http-outgoing-23 >> "GET /v1.32/containers/a7abbe77a59372ae8d3288d74f88a72e3a16c20aadcfa3cc641b58ef3a45ceb1/json HTTP/1.1[\r][\n]"
2024-07-24 14:30:54.532 [Test worker] DEBUG c.g.d.z.s.o.a.hc.client5.http.wire - http-outgoing-23 >> "accept: application/json[\r][\n]"
2024-07-24 14:30:54.532 [Test worker] DEBUG c.g.d.z.s.o.a.hc.client5.http.wire - http-outgoing-23 >> "x-tc-sid: 280e6229-7396-4d60-b1e3-a5de48b5d49b[\r][\n]"
2024-07-24 14:30:54.532 [Test worker] DEBUG c.g.d.z.s.o.a.hc.client5.http.wire - http-outgoing-23 >> "User-Agent: tc-java/1.19.8[\r][\n]"
2024-07-24 14:30:54.532 [Test worker] DEBUG c.g.d.z.s.o.a.hc.client5.http.wire - http-outgoing-23 >> "Accept-Encoding: gzip, x-gzip, deflate[\r][\n]"
2024-07-24 14:30:54.532 [Test worker] DEBUG c.g.d.z.s.o.a.hc.client5.http.wire - http-outgoing-23 >> "Host: localhost:2375[\r][\n]"
2024-07-24 14:30:54.532 [Test worker] DEBUG c.g.d.z.s.o.a.hc.client5.http.wire - http-outgoing-23 >> "Connection: keep-alive[\r][\n]"
2024-07-24 14:30:54.532 [Test worker] DEBUG c.g.d.z.s.o.a.hc.client5.http.wire - http-outgoing-23 >> "[\r][\n]"
2024-07-24 14:30:54.541 [Test worker] DEBUG c.g.d.z.s.o.a.hc.client5.http.wire - http-outgoing-23 << "HTTP/1.1 200 OK[\r][\n]"
2024-07-24 14:30:54.541 [Test worker] DEBUG c.g.d.z.s.o.a.hc.client5.http.wire - http-outgoing-23 << "Api-Version: 1.45[\r][\n]"
2024-07-24 14:30:54.541 [Test worker] DEBUG c.g.d.z.s.o.a.hc.client5.http.wire - http-outgoing-23 << "Content-Type: application/json[\r][\n]"
2024-07-24 14:30:54.541 [Test worker] DEBUG c.g.d.z.s.o.a.hc.client5.http.wire - http-outgoing-23 << "Date: Wed, 24 Jul 2024 02:30:54 GMT[\r][\n]"
2024-07-24 14:30:54.541 [Test worker] DEBUG c.g.d.z.s.o.a.hc.client5.http.wire - http-outgoing-23 << "Docker-Experimental: false[\r][\n]"
2024-07-24 14:30:54.541 [Test worker] DEBUG c.g.d.z.s.o.a.hc.client5.http.wire - http-outgoing-23 << "Ostype: linux[\r][\n]"
2024-07-24 14:30:54.541 [Test worker] DEBUG c.g.d.z.s.o.a.hc.client5.http.wire - http-outgoing-23 << "Server: Docker/26.0.0 (linux)[\r][\n]"
2024-07-24 14:30:54.541 [Test worker] DEBUG c.g.d.z.s.o.a.hc.client5.http.wire - http-outgoing-23 << "Transfer-Encoding: chunked[\r][\n]"
2024-07-24 14:30:54.541 [Test worker] DEBUG c.g.d.z.s.o.a.hc.client5.http.wire - http-outgoing-23 << "[\r][\n]"
2024-07-24 14:30:54.541 [Test worker] DEBUG c.g.d.z.s.o.a.h.client5.http.headers - http-outgoing-23 << HTTP/1.1 200 OK
2024-07-24 14:30:54.541 [Test worker] DEBUG c.g.d.z.s.o.a.h.client5.http.headers - http-outgoing-23 << Api-Version: 1.45
2024-07-24 14:30:54.541 [Test worker] DEBUG c.g.d.z.s.o.a.h.client5.http.headers - http-outgoing-23 << Content-Type: application/json
2024-07-24 14:30:54.541 [Test worker] DEBUG c.g.d.z.s.o.a.h.client5.http.headers - http-outgoing-23 << Date: Wed, 24 Jul 2024 02:30:54 GMT
2024-07-24 14:30:54.541 [Test worker] DEBUG c.g.d.z.s.o.a.h.client5.http.headers - http-outgoing-23 << Docker-Experimental: false
2024-07-24 14:30:54.541 [Test worker] DEBUG c.g.d.z.s.o.a.h.client5.http.headers - http-outgoing-23 << Ostype: linux
2024-07-24 14:30:54.541 [Test worker] DEBUG c.g.d.z.s.o.a.h.client5.http.headers - http-outgoing-23 << Server: Docker/26.0.0 (linux)
2024-07-24 14:30:54.541 [Test worker] DEBUG c.g.d.z.s.o.a.h.client5.http.headers - http-outgoing-23 << Transfer-Encoding: chunked
2024-07-24 14:30:54.541 [Test worker] DEBUG c.g.d.z.s.o.a.h.c.h.i.c.MainClientExec - ex-000000FE: connection can be kept alive for 3 MINUTES
2024-07-24 14:30:54.543 [Test worker] DEBUG c.g.d.z.s.o.a.hc.client5.http.wire - http-outgoing-23 << "1a36[\r][\n]"
2024-07-24 14:30:54.543 [Test worker] DEBUG c.g.d.z.s.o.a.hc.client5.http.wire - http-outgoing-23 << "{"Id":"a7abbe77a59372ae8d3288d74f88a72e3a16c20aadcfa3cc641b58ef3a45ceb1","Created":"2024-07-24T02:30:54.047299807Z","Path":"docker-entrypoint.sh","Args":["postgres","-c","fsync=off"],"State":{"Status":"running","Running":true,"Paused":false,"Restarting":false,"OOMKilled":false,"Dead":false,"Pid":31050,"ExitCode":0,"Error":"","StartedAt":"2024-07-24T02:30:54.510634964Z","FinishedAt":"0001-01-01T00:00:00Z"},"Image":"sha256:8e4fc9e184899a58735e7ee333f5e272d7d2298cf59302006b71f33e217be130","ResolvConfPath":"/var/lib/docker/containers/a7abbe77a59372ae8d3288d74f88a72e3a16c20aadcfa3cc641b58ef3a45ceb1/resolv.conf","HostnamePath":"/var/lib/docker/containers/a7abbe77a59372ae8d3288d74f88a72e3a16c20aadcfa3cc641b58ef3a45ceb1/hostname","HostsPath":"/var/lib/docker/containers/a7abbe77a59372ae8d3288d74f88a72e3a16c20aadcfa3cc641b58ef3a45ceb1/hosts","LogPath":"/var/lib/docker/containers/a7abbe77a59372ae8d3288d74f88a72e3a16c20aadcfa3cc641b58ef3a45ceb1/a7abbe77a59372ae8d3288d74f88a72e3a16c20aadcfa3cc641b58ef3a45ceb1-json.log","Name":"/crazy_noether","RestartCount":0,"Driver":"overlay2","Platform":"linux","MountLabel":"","ProcessLabel":"","AppArmorProfile":"","ExecIDs":null,"HostConfig":{"Binds":[],"ContainerIDFile":"","LogConfig":{"Type":"json-file","Config":{}},"NetworkMode":"default","PortBindings":{"5432/tcp":[{"HostIp":"0.0.0.0","HostPort":"0"}]},"RestartPolicy":{"Name":"no","MaximumRetryCount":0},"AutoRemove":false,"VolumeDriver":"","VolumesFrom":[],"ConsoleSize":[0,0],"CapAdd":null,"CapDrop":null,"CgroupnsMode":"host","Dns":null,"DnsOptions":null,"DnsSearch":null,"ExtraHosts":[],"GroupAdd":null,"IpcMode":"shareable","Cgroup":"","Links":null,"OomScoreAdj":0,"PidMode":"","Privileged":false,"PublishAllPorts":false,"ReadonlyRootfs":false,"SecurityOpt":null,"UTSMode":"","UsernsMode":"","ShmSize":67108864,"Runtime":"runc","Isolation":"","CpuShares":0,"Memory":0,"NanoCpus":0,"CgroupParent":"","BlkioWeight":0,"BlkioWeightDevice":null,"BlkioDeviceReadBps":null,"BlkioDeviceWriteBps":null,"BlkioDeviceReadIOps":null,"BlkioDeviceWriteIOps":null,"CpuPeriod":0,"CpuQuota":0,"CpuRealtimePeriod":0,"CpuRealtimeRuntime":0,"CpusetCpus":"","CpusetMems":"","Devices":null,"DeviceCgroupRules":null,"DeviceRequests":null,"MemoryReservation":0,"MemorySwap":0,"MemorySwappiness":null,"OomKillDisable":false,"PidsLimit":null,"Ulimits":null,"CpuCount":0,"CpuPercent":0,"IOMaximumIOps":0,"IOMaximumBandwidth":0,"MaskedPaths":["/proc/asound","/proc/acpi","/proc/kcore","/proc/keys","/proc/latency_stats","/proc/timer_list","/proc/timer_stats","/proc/sched_debug","/proc/scsi","/sys/firmware","/sys/devices/virtual/powercap"],"ReadonlyPaths":["/proc/bus","/proc/fs","/proc/irq","/proc/sys","/proc/sysrq-trigger"]},"GraphDriver":{"Data":{"LowerDir":"/var/lib/docker/overlay2/fd4d9c32badac715de67c33c9b031f94528792b864ef17b83ba40c4e3a8cf923-init/diff:/var/lib/docker/overlay2/8f0ddbd386af0785c2e348570516955816ab350305d698d363962d488eeb15ec/diff:/var/lib/docker/overlay2/0eb0ca73e9b0be7c3d7fa8762ef4778a68f38391bc84c037c2e90b88e781b475/diff:/var/lib/docker/overlay2/74e634bddc785c5d436b10a5158cd82e21dc2065fd1cf8ff9c1c12e01575a2d8/diff:/var/lib/docker/overlay2/bb918b2851cd2f508f1e3fdbfff8b7f8b041d61e65fe8c368288bf399e80b818/diff:/var/lib/docker/overlay2/2abab2946cbdc2941ee8ec4024c51dac7313dee9de5fbedd1ca33388c59eb3c8/diff:/var/lib/docker/overlay2/e12f6083ee669bd92743ceb339a896bb25dbe461b718705bb39eb410b80c0ecd/diff:/var/lib/docker/overlay2/ced1e86d670d097da5ed4da7288c22507735918959161c2cd8bf083fb30d169a/diff:/var/lib/docker/overlay2/94e9ac7b74923285ae73af20aeccb964ca9079e2305db367cb85d1603560472d/diff:/var/lib/docker/overlay2/a396b6dfd63f0c228c519871183c614cccf4d366a43460f27ecf97113c3c4be8/diff:/var/lib/docker/overlay2/f58ada5d5080c2bac553c734f81127660a90581a35ed2a92cebe3c59e340875b/diff:/var/lib/docker/overlay2/84f85636f37bf55d945e217b4f87a856eba7932284beaf042561007b66f48977/diff:/var/lib/docker/overlay2/1e6e519613884e91a2b74a588ba35dc8a2f789371ab798ef6e7d9836d756042f/diff:/var/lib/docker/overlay2/14a3151cc8b4f9d27d2e64f1a8abc0c7809309580f2d7e8dc8545055c1d56194/diff:/var/lib/docke"
2024-07-24 14:30:54.543 [Test worker] DEBUG c.g.d.z.s.o.a.hc.client5.http.wire - http-outgoing-23 << "r/overlay2/5b354b9e793401517fe2f1da697653fdaadffc54888eaf76d67e0600b8c68bdc/diff","MergedDir":"/var/lib/docker/overlay2/fd4d9c32badac715de67c33c9b031f94528792b864ef17b83ba40c4e3a8cf923/merged","UpperDir":"/var/lib/docker/overlay2/fd4d9c32badac715de67c33c9b031f94528792b864ef17b83ba40c4e3a8cf923/diff","WorkDir":"/var/lib/docker/overlay2/fd4d9c32badac715de67c33c9b031f94528792b864ef17b83ba40c4e3a8cf923/work"},"Name":"overlay2"},"Mounts":[{"Type":"volume","Name":"e0570b4ee6304e380b12638c25eb9fb329a82e1a317eb34f621052c41433e1f2","Source":"/var/lib/docker/volumes/e0570b4ee6304e380b12638c25eb9fb329a82e1a317eb34f621052c41433e1f2/_data","Destination":"/var/lib/postgresql/data","Driver":"local","Mode":"","RW":true,"Propagation":""}],"Config":{"Hostname":"a7abbe77a593","Domainname":"","User":"","AttachStdin":false,"AttachStdout":false,"AttachStderr":false,"ExposedPorts":{"5432/tcp":{}},"Tty":false,"OpenStdin":false,"StdinOnce":false,"Env":["POSTGRES_USER=user","POSTGRES_PASSWORD=password","POSTGRES_DB=db","PATH=/usr/local/sbin:/usr/local/bin:/usr/sbin:/usr/bin:/sbin:/bin:/usr/lib/postgresql/16/bin","GOSU_VERSION=1.17","LANG=en_US.utf8","PG_MAJOR=16","PG_VERSION=16.2-1.pgdg120+2","PGDATA=/var/lib/postgresql/data"],"Cmd":["postgres","-c","fsync=off"],"Image":"postgres:latest","Volumes":{"/var/lib/postgresql/data":{}},"WorkingDir":"","Entrypoint":["docker-entrypoint.sh"],"OnBuild":null,"Labels":{"org.testcontainers":"true","org.testcontainers.lang":"java","org.testcontainers.sessionId":"280e6229-7396-4d60-b1e3-a5de48b5d49b","org.testcontainers.version":"1.19.8"},"StopSignal":"SIGINT"},"NetworkSettings":{"Bridge":"","SandboxID":"958395a82368ce934db558fe54637c4fdde97ab4a4655ede24e95aec8369376b","SandboxKey":"/var/run/docker/netns/958395a82368","Ports":{"5432/tcp":[{"HostIp":"0.0.0.0","HostPort":"51584"}]},"HairpinMode":false,"LinkLocalIPv6Address":"","LinkLocalIPv6PrefixLen":0,"SecondaryIPAddresses":null,"SecondaryIPv6Addresses":null,"EndpointID":"3d777c7e735cd21bdba9e888ec7d06cada4f56c3782733d89e65c0ac85afd9c7","Gateway":"172.17.0.1","GlobalIPv6Address":"","GlobalIPv6PrefixLen":0,"IPAddress":"172.17.0.3","IPPrefixLen":16,"IPv6Gateway":"","MacAddress":"02:42:ac:11:00:03","Networks":{"bridge":{"IPAMConfig":null,"Links":null,"Aliases":null,"MacAddress":"02:42:ac:11:00:03","NetworkID":"3c842496be344cbdae878c1dee0957e7bc7c0a2236009c92752030f2b053e72f","EndpointID":"3d777c7e735cd21bdba9e888ec7d06cada4f56c3782733d89e65c0ac85afd9c7","Gateway":"172.17.0.1","IPAddress":"172.17.0.3","IPPrefixLen":16,"IPv6Gateway":"","GlobalIPv6Address":"","GlobalIPv6PrefixLen":0,"DriverOpts":null,"DNSNames":null}}}}[\n]"
2024-07-24 14:30:54.544 [Test worker] DEBUG c.g.d.z.s.o.a.hc.client5.http.wire - http-outgoing-23 << "[\r][\n]"
2024-07-24 14:30:54.544 [Test worker] DEBUG c.g.d.z.s.o.a.hc.client5.http.wire - http-outgoing-23 << "0[\r][\n]"
2024-07-24 14:30:54.544 [Test worker] DEBUG c.g.d.z.s.o.a.hc.client5.http.wire - http-outgoing-23 << "[\r][\n]"
2024-07-24 14:30:54.544 [Test worker] DEBUG c.g.d.z.s.o.a.h.c.h.i.c.InternalHttpClient - ep-000000FD: releasing valid endpoint
2024-07-24 14:30:54.544 [Test worker] DEBUG c.g.d.z.s.o.a.h.c.h.i.i.PoolingHttpClientConnectionManager - ep-000000FD: releasing endpoint
2024-07-24 14:30:54.544 [Test worker] DEBUG c.g.d.z.s.o.a.h.c.h.i.i.PoolingHttpClientConnectionManager - ep-000000FD: connection http-outgoing-23 can be kept alive for 3 MINUTES
2024-07-24 14:30:54.544 [Test worker] DEBUG c.g.d.z.s.o.a.h.c.h.i.i.PoolingHttpClientConnectionManager - ep-000000FD: connection released [route: {}->npipe://localhost:2375][total available: 1; route allocated: 1 of 2147483647; total allocated: 1 of 2147483647]
2024-07-24 14:30:54.544 [Test worker] DEBUG o.t.s.c.g.d.c.command.AbstrDockerCmd - Cmd: sha256:8e4fc9e184899a58735e7ee333f5e272d7d2298cf59302006b71f33e217be130
2024-07-24 14:30:54.545 [Test worker] TRACE o.t.s.c.g.d.c.e.InspectImageCmdExec - GET: DefaultWebTarget{path=[/images/sha256:8e4fc9e184899a58735e7ee333f5e272d7d2298cf59302006b71f33e217be130/json], queryParams={}}
2024-07-24 14:30:54.545 [Test worker] DEBUG c.g.d.z.s.o.a.h.c.h.i.c.InternalHttpClient - ex-000000FF: preparing request execution
2024-07-24 14:30:54.545 [Test worker] DEBUG c.g.d.z.s.o.a.h.c.h.p.RequestAddCookies - Cookie spec selected: strict
2024-07-24 14:30:54.545 [Test worker] DEBUG c.g.d.z.s.o.a.h.c.h.p.RequestAuthCache - Auth cache not set in the context
2024-07-24 14:30:54.545 [Test worker] DEBUG c.g.d.z.s.o.a.h.c.h.i.c.ProtocolExec - ex-000000FF: target auth state: UNCHALLENGED
2024-07-24 14:30:54.545 [Test worker] DEBUG c.g.d.z.s.o.a.h.c.h.i.c.ProtocolExec - ex-000000FF: proxy auth state: UNCHALLENGED
2024-07-24 14:30:54.545 [Test worker] DEBUG c.g.d.z.s.o.a.h.c.h.i.c.ConnectExec - ex-000000FF: acquiring connection with route {}->npipe://localhost:2375
2024-07-24 14:30:54.545 [Test worker] DEBUG c.g.d.z.s.o.a.h.c.h.i.c.InternalHttpClient - ex-000000FF: acquiring endpoint (3 MINUTES)
2024-07-24 14:30:54.545 [Test worker] DEBUG c.g.d.z.s.o.a.h.c.h.i.i.PoolingHttpClientConnectionManager - ex-000000FF: endpoint lease request (3 MINUTES) [route: {}->npipe://localhost:2375][total available: 1; route allocated: 1 of 2147483647; total allocated: 1 of 2147483647]
2024-07-24 14:30:54.545 [Test worker] DEBUG c.g.d.z.s.o.a.h.c.h.i.i.PoolingHttpClientConnectionManager - ex-000000FF: endpoint leased [route: {}->npipe://localhost:2375][total available: 0; route allocated: 1 of 2147483647; total allocated: 1 of 2147483647]
2024-07-24 14:30:54.545 [Test worker] DEBUG c.g.d.z.s.o.a.h.c.h.i.i.PoolingHttpClientConnectionManager - ex-000000FF: acquired ep-000000FE
2024-07-24 14:30:54.545 [Test worker] DEBUG c.g.d.z.s.o.a.h.c.h.i.c.InternalHttpClient - ex-000000FF: acquired endpoint ep-000000FE
2024-07-24 14:30:54.545 [Test worker] DEBUG c.g.d.z.s.o.a.h.c.h.i.c.MainClientExec - ex-000000FF: executing GET /v1.32/images/sha256:8e4fc9e184899a58735e7ee333f5e272d7d2298cf59302006b71f33e217be130/json HTTP/1.1
2024-07-24 14:30:54.545 [Test worker] DEBUG c.g.d.z.s.o.a.h.c.h.i.c.InternalHttpClient - ep-000000FE: start execution ex-000000FF
2024-07-24 14:30:54.545 [Test worker] DEBUG c.g.d.z.s.o.a.h.c.h.i.i.PoolingHttpClientConnectionManager - ep-000000FE: executing exchange ex-000000FF over http-outgoing-23
2024-07-24 14:30:54.545 [Test worker] DEBUG c.g.d.z.s.o.a.h.client5.http.headers - http-outgoing-23 >> GET /v1.32/images/sha256:8e4fc9e184899a58735e7ee333f5e272d7d2298cf59302006b71f33e217be130/json HTTP/1.1
2024-07-24 14:30:54.545 [Test worker] DEBUG c.g.d.z.s.o.a.h.client5.http.headers - http-outgoing-23 >> accept: application/json
2024-07-24 14:30:54.545 [Test worker] DEBUG c.g.d.z.s.o.a.h.client5.http.headers - http-outgoing-23 >> x-tc-sid: 280e6229-7396-4d60-b1e3-a5de48b5d49b
2024-07-24 14:30:54.545 [Test worker] DEBUG c.g.d.z.s.o.a.h.client5.http.headers - http-outgoing-23 >> User-Agent: tc-java/1.19.8
2024-07-24 14:30:54.545 [Test worker] DEBUG c.g.d.z.s.o.a.h.client5.http.headers - http-outgoing-23 >> Accept-Encoding: gzip, x-gzip, deflate
2024-07-24 14:30:54.545 [Test worker] DEBUG c.g.d.z.s.o.a.h.client5.http.headers - http-outgoing-23 >> Host: localhost:2375
2024-07-24 14:30:54.545 [Test worker] DEBUG c.g.d.z.s.o.a.h.client5.http.headers - http-outgoing-23 >> Connection: keep-alive
2024-07-24 14:30:54.545 [Test worker] DEBUG c.g.d.z.s.o.a.hc.client5.http.wire - http-outgoing-23 >> "GET /v1.32/images/sha256:8e4fc9e184899a58735e7ee333f5e272d7d2298cf59302006b71f33e217be130/json HTTP/1.1[\r][\n]"
2024-07-24 14:30:54.545 [Test worker] DEBUG c.g.d.z.s.o.a.hc.client5.http.wire - http-outgoing-23 >> "accept: application/json[\r][\n]"
2024-07-24 14:30:54.545 [Test worker] DEBUG c.g.d.z.s.o.a.hc.client5.http.wire - http-outgoing-23 >> "x-tc-sid: 280e6229-7396-4d60-b1e3-a5de48b5d49b[\r][\n]"
2024-07-24 14:30:54.545 [Test worker] DEBUG c.g.d.z.s.o.a.hc.client5.http.wire - http-outgoing-23 >> "User-Agent: tc-java/1.19.8[\r][\n]"
2024-07-24 14:30:54.545 [Test worker] DEBUG c.g.d.z.s.o.a.hc.client5.http.wire - http-outgoing-23 >> "Accept-Encoding: gzip, x-gzip, deflate[\r][\n]"
2024-07-24 14:30:54.545 [Test worker] DEBUG c.g.d.z.s.o.a.hc.client5.http.wire - http-outgoing-23 >> "Host: localhost:2375[\r][\n]"
2024-07-24 14:30:54.545 [Test worker] DEBUG c.g.d.z.s.o.a.hc.client5.http.wire - http-outgoing-23 >> "Connection: keep-alive[\r][\n]"
2024-07-24 14:30:54.545 [Test worker] DEBUG c.g.d.z.s.o.a.hc.client5.http.wire - http-outgoing-23 >> "[\r][\n]"
2024-07-24 14:30:54.549 [Test worker] DEBUG c.g.d.z.s.o.a.hc.client5.http.wire - http-outgoing-23 << "HTTP/1.1 200 OK[\r][\n]"
2024-07-24 14:30:54.549 [Test worker] DEBUG c.g.d.z.s.o.a.hc.client5.http.wire - http-outgoing-23 << "Api-Version: 1.45[\r][\n]"
2024-07-24 14:30:54.549 [Test worker] DEBUG c.g.d.z.s.o.a.hc.client5.http.wire - http-outgoing-23 << "Content-Type: application/json[\r][\n]"
2024-07-24 14:30:54.549 [Test worker] DEBUG c.g.d.z.s.o.a.hc.client5.http.wire - http-outgoing-23 << "Date: Wed, 24 Jul 2024 02:30:54 GMT[\r][\n]"
2024-07-24 14:30:54.549 [Test worker] DEBUG c.g.d.z.s.o.a.hc.client5.http.wire - http-outgoing-23 << "Docker-Experimental: false[\r][\n]"
2024-07-24 14:30:54.549 [Test worker] DEBUG c.g.d.z.s.o.a.hc.client5.http.wire - http-outgoing-23 << "Ostype: linux[\r][\n]"
2024-07-24 14:30:54.549 [Test worker] DEBUG c.g.d.z.s.o.a.hc.client5.http.wire - http-outgoing-23 << "Server: Docker/26.0.0 (linux)[\r][\n]"
2024-07-24 14:30:54.549 [Test worker] DEBUG c.g.d.z.s.o.a.hc.client5.http.wire - http-outgoing-23 << "Transfer-Encoding: chunked[\r][\n]"
2024-07-24 14:30:54.549 [Test worker] DEBUG c.g.d.z.s.o.a.hc.client5.http.wire - http-outgoing-23 << "[\r][\n]"
2024-07-24 14:30:54.550 [Test worker] DEBUG c.g.d.z.s.o.a.h.client5.http.headers - http-outgoing-23 << HTTP/1.1 200 OK
2024-07-24 14:30:54.550 [Test worker] DEBUG c.g.d.z.s.o.a.h.client5.http.headers - http-outgoing-23 << Api-Version: 1.45
2024-07-24 14:30:54.550 [Test worker] DEBUG c.g.d.z.s.o.a.h.client5.http.headers - http-outgoing-23 << Content-Type: application/json
2024-07-24 14:30:54.550 [Test worker] DEBUG c.g.d.z.s.o.a.h.client5.http.headers - http-outgoing-23 << Date: Wed, 24 Jul 2024 02:30:54 GMT
2024-07-24 14:30:54.550 [Test worker] DEBUG c.g.d.z.s.o.a.h.client5.http.headers - http-outgoing-23 << Docker-Experimental: false
2024-07-24 14:30:54.550 [Test worker] DEBUG c.g.d.z.s.o.a.h.client5.http.headers - http-outgoing-23 << Ostype: linux
2024-07-24 14:30:54.550 [Test worker] DEBUG c.g.d.z.s.o.a.h.client5.http.headers - http-outgoing-23 << Server: Docker/26.0.0 (linux)
2024-07-24 14:30:54.550 [Test worker] DEBUG c.g.d.z.s.o.a.h.client5.http.headers - http-outgoing-23 << Transfer-Encoding: chunked
2024-07-24 14:30:54.550 [Test worker] DEBUG c.g.d.z.s.o.a.h.c.h.i.c.MainClientExec - ex-000000FF: connection can be kept alive for 3 MINUTES
2024-07-24 14:30:54.550 [Test worker] DEBUG c.g.d.z.s.o.a.hc.client5.http.wire - http-outgoing-23 << "fcb[\r][\n]"
2024-07-24 14:30:54.550 [Test worker] DEBUG c.g.d.z.s.o.a.hc.client5.http.wire - http-outgoing-23 << "{"Id":"sha256:8e4fc9e184899a58735e7ee333f5e272d7d2298cf59302006b71f33e217be130","RepoTags":["postgres:latest"],"RepoDigests":["postgres@sha256:4aea012537edfad80f98d870a36e6b90b4c09b27be7f4b4759d72db863baeebb"],"Parent":"","Comment":"buildkit.dockerfile.v0","Created":"2024-02-21T00:46:13Z","ContainerConfig":{"Hostname":"","Domainname":"","User":"","AttachStdin":false,"AttachStdout":false,"AttachStderr":false,"Tty":false,"OpenStdin":false,"StdinOnce":false,"Env":null,"Cmd":null,"Image":"","Volumes":null,"WorkingDir":"","Entrypoint":null,"OnBuild":null,"Labels":null},"DockerVersion":"","Author":"","Config":{"Hostname":"","Domainname":"","User":"","AttachStdin":false,"AttachStdout":false,"AttachStderr":false,"ExposedPorts":{"5432/tcp":{}},"Tty":false,"OpenStdin":false,"StdinOnce":false,"Env":["PATH=/usr/local/sbin:/usr/local/bin:/usr/sbin:/usr/bin:/sbin:/bin:/usr/lib/postgresql/16/bin","GOSU_VERSION=1.17","LANG=en_US.utf8","PG_MAJOR=16","PG_VERSION=16.2-1.pgdg120+2","PGDATA=/var/lib/postgresql/data"],"Cmd":["postgres"],"ArgsEscaped":true,"Image":"","Volumes":{"/var/lib/postgresql/data":{}},"WorkingDir":"","Entrypoint":["docker-entrypoint.sh"],"OnBuild":null,"Labels":null,"StopSignal":"SIGINT"},"Architecture":"amd64","Os":"linux","Size":431496964,"VirtualSize":431496964,"GraphDriver":{"Data":{"LowerDir":"/var/lib/docker/overlay2/0eb0ca73e9b0be7c3d7fa8762ef4778a68f38391bc84c037c2e90b88e781b475/diff:/var/lib/docker/overlay2/74e634bddc785c5d436b10a5158cd82e21dc2065fd1cf8ff9c1c12e01575a2d8/diff:/var/lib/docker/overlay2/bb918b2851cd2f508f1e3fdbfff8b7f8b041d61e65fe8c368288bf399e80b818/diff:/var/lib/docker/overlay2/2abab2946cbdc2941ee8ec4024c51dac7313dee9de5fbedd1ca33388c59eb3c8/diff:/var/lib/docker/overlay2/e12f6083ee669bd92743ceb339a896bb25dbe461b718705bb39eb410b80c0ecd/diff:/var/lib/docker/overlay2/ced1e86d670d097da5ed4da7288c22507735918959161c2cd8bf083fb30d169a/diff:/var/lib/docker/overlay2/94e9ac7b74923285ae73af20aeccb964ca9079e2305db367cb85d1603560472d/diff:/var/lib/docker/overlay2/a396b6dfd63f0c228c519871183c614cccf4d366a43460f27ecf97113c3c4be8/diff:/var/lib/docker/overlay2/f58ada5d5080c2bac553c734f81127660a90581a35ed2a92cebe3c59e340875b/diff:/var/lib/docker/overlay2/84f85636f37bf55d945e217b4f87a856eba7932284beaf042561007b66f48977/diff:/var/lib/docker/overlay2/1e6e519613884e91a2b74a588ba35dc8a2f789371ab798ef6e7d9836d756042f/diff:/var/lib/docker/overlay2/14a3151cc8b4f9d27d2e64f1a8abc0c7809309580f2d7e8dc8545055c1d56194/diff:/var/lib/docker/overlay2/5b354b9e793401517fe2f1da697653fdaadffc54888eaf76d67e0600b8c68bdc/diff","MergedDir":"/var/lib/docker/overlay2/8f0ddbd386af0785c2e348570516955816ab350305d698d363962d488eeb15ec/merged","UpperDir":"/var/lib/docker/overlay2/8f0ddbd386af0785c2e348570516955816ab350305d698d363962d488eeb15ec/diff","WorkDir":"/var/lib/docker/overlay2/8f0ddbd386af0785c2e348570516955816ab350305d698d363962d488eeb15ec/work"},"Name":"overlay2"},"RootFS":{"Type":"layers","Layers":["sha256:52ec5a4316fadc09a4a51f82b8d7b66ead0d71bea4f75e81e25b4094c4219061","sha256:5a99d63e3aef066b4fa085cf24d0281681d5530c22f0c93391b854ba5741b62e","sha256:12694c6edf8321950446751b5acc175137946701b72febd6a32ab6e6cb89403b","sha256:beceb355ef35df0b8123db4eddd8f734e7414a3828e463354a913dda6738571d","sha256:0f86e6985ca32f3adeb9f65e3f80b3f2aa37a697d345c84011b2421e5608bc06","sha256:22c31f24613cd6a7b43f3074166d79619574e76f430035be15d909ae45fb97da","sha256:7c32a1ce1cc084a148145553666d5b64e3b6551491d1c3c6cc545b5b69daf5da","sha256:192de40051e6f5b468a60be4e6d162a1bbf3dc4af2dfb0a7aa8db25f86b6e68e","sha256:257f3fc789f6526019470322285b4bfe55e3e09f41150576c0997f370407af14","sha256:2993953b2c109056b0d580a549dae9f902a84a29f3907d96d7329746a8df7fc2","sha256:0bc02fbb093e939812a0ca64bd21a807d815b89c5e034e73026d14535053f4e2","sha256:3866ad927dc8101b32941f0fe6e36e656eba398b92164688ce1d1afdeca7eb09","sha256:2621fdc21b32f8210d30df7b9f44c068fa347ce07f7e1935a2383e5f7e7ddecb","sha256:c116a9ba3dbfe8c6135659ba009883a03bdc660abfedc64e2528baa6d736dbc9"]},"Metadata":{"LastTagTime":"0001-01-01T00:00:00Z"},"Container":""}[\n]"
2024-07-24 14:30:54.551 [Test worker] DEBUG c.g.d.z.s.o.a.hc.client5.http.wire - http-outgoing-23 << "[\r][\n]"
2024-07-24 14:30:54.551 [Test worker] DEBUG c.g.d.z.s.o.a.hc.client5.http.wire - http-outgoing-23 << "0[\r][\n]"
2024-07-24 14:30:54.551 [Test worker] DEBUG c.g.d.z.s.o.a.hc.client5.http.wire - http-outgoing-23 << "[\r][\n]"
2024-07-24 14:30:54.551 [Test worker] DEBUG c.g.d.z.s.o.a.h.c.h.i.c.InternalHttpClient - ep-000000FE: releasing valid endpoint
2024-07-24 14:30:54.551 [Test worker] DEBUG c.g.d.z.s.o.a.h.c.h.i.i.PoolingHttpClientConnectionManager - ep-000000FE: releasing endpoint
2024-07-24 14:30:54.551 [Test worker] DEBUG c.g.d.z.s.o.a.h.c.h.i.i.PoolingHttpClientConnectionManager - ep-000000FE: connection http-outgoing-23 can be kept alive for 3 MINUTES
2024-07-24 14:30:54.551 [Test worker] DEBUG c.g.d.z.s.o.a.h.c.h.i.i.PoolingHttpClientConnectionManager - ep-000000FE: connection released [route: {}->npipe://localhost:2375][total available: 1; route allocated: 1 of 2147483647; total allocated: 1 of 2147483647]
2024-07-24 14:30:54.551 [Test worker] DEBUG o.t.s.c.g.d.c.command.AbstrDockerCmd - Cmd: 
2024-07-24 14:30:54.551 [Test worker] TRACE o.t.s.c.g.d.core.exec.VersionCmdExec - GET: DefaultWebTarget{path=[/version], queryParams={}}
2024-07-24 14:30:54.552 [Test worker] DEBUG c.g.d.z.s.o.a.h.c.h.i.c.InternalHttpClient - ex-00000100: preparing request execution
2024-07-24 14:30:54.552 [Test worker] DEBUG c.g.d.z.s.o.a.h.c.h.p.RequestAddCookies - Cookie spec selected: strict
2024-07-24 14:30:54.552 [Test worker] DEBUG c.g.d.z.s.o.a.h.c.h.p.RequestAuthCache - Auth cache not set in the context
2024-07-24 14:30:54.552 [Test worker] DEBUG c.g.d.z.s.o.a.h.c.h.i.c.ProtocolExec - ex-00000100: target auth state: UNCHALLENGED
2024-07-24 14:30:54.552 [Test worker] DEBUG c.g.d.z.s.o.a.h.c.h.i.c.ProtocolExec - ex-00000100: proxy auth state: UNCHALLENGED
2024-07-24 14:30:54.552 [Test worker] DEBUG c.g.d.z.s.o.a.h.c.h.i.c.ConnectExec - ex-00000100: acquiring connection with route {}->npipe://localhost:2375
2024-07-24 14:30:54.552 [Test worker] DEBUG c.g.d.z.s.o.a.h.c.h.i.c.InternalHttpClient - ex-00000100: acquiring endpoint (3 MINUTES)
2024-07-24 14:30:54.552 [Test worker] DEBUG c.g.d.z.s.o.a.h.c.h.i.i.PoolingHttpClientConnectionManager - ex-00000100: endpoint lease request (3 MINUTES) [route: {}->npipe://localhost:2375][total available: 1; route allocated: 1 of 2147483647; total allocated: 1 of 2147483647]
2024-07-24 14:30:54.552 [Test worker] DEBUG c.g.d.z.s.o.a.h.c.h.i.i.PoolingHttpClientConnectionManager - ex-00000100: endpoint leased [route: {}->npipe://localhost:2375][total available: 0; route allocated: 1 of 2147483647; total allocated: 1 of 2147483647]
2024-07-24 14:30:54.552 [Test worker] DEBUG c.g.d.z.s.o.a.h.c.h.i.i.PoolingHttpClientConnectionManager - ex-00000100: acquired ep-000000FF
2024-07-24 14:30:54.552 [Test worker] DEBUG c.g.d.z.s.o.a.h.c.h.i.c.InternalHttpClient - ex-00000100: acquired endpoint ep-000000FF
2024-07-24 14:30:54.552 [Test worker] DEBUG c.g.d.z.s.o.a.h.c.h.i.c.MainClientExec - ex-00000100: executing GET /v1.32/version HTTP/1.1
2024-07-24 14:30:54.552 [Test worker] DEBUG c.g.d.z.s.o.a.h.c.h.i.c.InternalHttpClient - ep-000000FF: start execution ex-00000100
2024-07-24 14:30:54.552 [Test worker] DEBUG c.g.d.z.s.o.a.h.c.h.i.i.PoolingHttpClientConnectionManager - ep-000000FF: executing exchange ex-00000100 over http-outgoing-23
2024-07-24 14:30:54.552 [Test worker] DEBUG c.g.d.z.s.o.a.h.client5.http.headers - http-outgoing-23 >> GET /v1.32/version HTTP/1.1
2024-07-24 14:30:54.552 [Test worker] DEBUG c.g.d.z.s.o.a.h.client5.http.headers - http-outgoing-23 >> accept: application/json
2024-07-24 14:30:54.552 [Test worker] DEBUG c.g.d.z.s.o.a.h.client5.http.headers - http-outgoing-23 >> x-tc-sid: 280e6229-7396-4d60-b1e3-a5de48b5d49b
2024-07-24 14:30:54.552 [Test worker] DEBUG c.g.d.z.s.o.a.h.client5.http.headers - http-outgoing-23 >> User-Agent: tc-java/1.19.8
2024-07-24 14:30:54.552 [Test worker] DEBUG c.g.d.z.s.o.a.h.client5.http.headers - http-outgoing-23 >> Accept-Encoding: gzip, x-gzip, deflate
2024-07-24 14:30:54.552 [Test worker] DEBUG c.g.d.z.s.o.a.h.client5.http.headers - http-outgoing-23 >> Host: localhost:2375
2024-07-24 14:30:54.552 [Test worker] DEBUG c.g.d.z.s.o.a.h.client5.http.headers - http-outgoing-23 >> Connection: keep-alive
2024-07-24 14:30:54.552 [Test worker] DEBUG c.g.d.z.s.o.a.hc.client5.http.wire - http-outgoing-23 >> "GET /v1.32/version HTTP/1.1[\r][\n]"
2024-07-24 14:30:54.552 [Test worker] DEBUG c.g.d.z.s.o.a.hc.client5.http.wire - http-outgoing-23 >> "accept: application/json[\r][\n]"
2024-07-24 14:30:54.552 [Test worker] DEBUG c.g.d.z.s.o.a.hc.client5.http.wire - http-outgoing-23 >> "x-tc-sid: 280e6229-7396-4d60-b1e3-a5de48b5d49b[\r][\n]"
2024-07-24 14:30:54.552 [Test worker] DEBUG c.g.d.z.s.o.a.hc.client5.http.wire - http-outgoing-23 >> "User-Agent: tc-java/1.19.8[\r][\n]"
2024-07-24 14:30:54.552 [Test worker] DEBUG c.g.d.z.s.o.a.hc.client5.http.wire - http-outgoing-23 >> "Accept-Encoding: gzip, x-gzip, deflate[\r][\n]"
2024-07-24 14:30:54.552 [Test worker] DEBUG c.g.d.z.s.o.a.hc.client5.http.wire - http-outgoing-23 >> "Host: localhost:2375[\r][\n]"
2024-07-24 14:30:54.552 [Test worker] DEBUG c.g.d.z.s.o.a.hc.client5.http.wire - http-outgoing-23 >> "Connection: keep-alive[\r][\n]"
2024-07-24 14:30:54.552 [Test worker] DEBUG c.g.d.z.s.o.a.hc.client5.http.wire - http-outgoing-23 >> "[\r][\n]"
2024-07-24 14:30:54.562 [Test worker] DEBUG c.g.d.z.s.o.a.hc.client5.http.wire - http-outgoing-23 << "HTTP/1.1 200 OK[\r][\n]"
2024-07-24 14:30:54.562 [Test worker] DEBUG c.g.d.z.s.o.a.hc.client5.http.wire - http-outgoing-23 << "Api-Version: 1.45[\r][\n]"
2024-07-24 14:30:54.563 [Test worker] DEBUG c.g.d.z.s.o.a.hc.client5.http.wire - http-outgoing-23 << "Content-Type: application/json[\r][\n]"
2024-07-24 14:30:54.563 [Test worker] DEBUG c.g.d.z.s.o.a.hc.client5.http.wire - http-outgoing-23 << "Date: Wed, 24 Jul 2024 02:30:54 GMT[\r][\n]"
2024-07-24 14:30:54.563 [Test worker] DEBUG c.g.d.z.s.o.a.hc.client5.http.wire - http-outgoing-23 << "Docker-Experimental: false[\r][\n]"
2024-07-24 14:30:54.563 [Test worker] DEBUG c.g.d.z.s.o.a.hc.client5.http.wire - http-outgoing-23 << "Ostype: linux[\r][\n]"
2024-07-24 14:30:54.563 [Test worker] DEBUG c.g.d.z.s.o.a.hc.client5.http.wire - http-outgoing-23 << "Server: Docker/26.0.0 (linux)[\r][\n]"
2024-07-24 14:30:54.563 [Test worker] DEBUG c.g.d.z.s.o.a.hc.client5.http.wire - http-outgoing-23 << "Transfer-Encoding: chunked[\r][\n]"
2024-07-24 14:30:54.563 [Test worker] DEBUG c.g.d.z.s.o.a.hc.client5.http.wire - http-outgoing-23 << "[\r][\n]"
2024-07-24 14:30:54.563 [Test worker] DEBUG c.g.d.z.s.o.a.h.client5.http.headers - http-outgoing-23 << HTTP/1.1 200 OK
2024-07-24 14:30:54.563 [Test worker] DEBUG c.g.d.z.s.o.a.h.client5.http.headers - http-outgoing-23 << Api-Version: 1.45
2024-07-24 14:30:54.563 [Test worker] DEBUG c.g.d.z.s.o.a.h.client5.http.headers - http-outgoing-23 << Content-Type: application/json
2024-07-24 14:30:54.563 [Test worker] DEBUG c.g.d.z.s.o.a.h.client5.http.headers - http-outgoing-23 << Date: Wed, 24 Jul 2024 02:30:54 GMT
2024-07-24 14:30:54.563 [Test worker] DEBUG c.g.d.z.s.o.a.h.client5.http.headers - http-outgoing-23 << Docker-Experimental: false
2024-07-24 14:30:54.563 [Test worker] DEBUG c.g.d.z.s.o.a.h.client5.http.headers - http-outgoing-23 << Ostype: linux
2024-07-24 14:30:54.563 [Test worker] DEBUG c.g.d.z.s.o.a.h.client5.http.headers - http-outgoing-23 << Server: Docker/26.0.0 (linux)
2024-07-24 14:30:54.563 [Test worker] DEBUG c.g.d.z.s.o.a.h.client5.http.headers - http-outgoing-23 << Transfer-Encoding: chunked
2024-07-24 14:30:54.563 [Test worker] DEBUG c.g.d.z.s.o.a.h.c.h.i.c.MainClientExec - ex-00000100: connection can be kept alive for 3 MINUTES
2024-07-24 14:30:54.563 [Test worker] DEBUG c.g.d.z.s.o.a.hc.client5.http.wire - http-outgoing-23 << "35f[\r][\n]"
2024-07-24 14:30:54.563 [Test worker] DEBUG c.g.d.z.s.o.a.hc.client5.http.wire - http-outgoing-23 << "{"Platform":{"Name":"Docker Desktop 4.29.0 (145265)"},"Components":[{"Name":"Engine","Version":"26.0.0","Details":{"ApiVersion":"1.45","Arch":"amd64","BuildTime":"2024-03-20T15:18:01.000000000+00:00","Experimental":"false","GitCommit":"8b79278","GoVersion":"go1.21.8","KernelVersion":"5.15.153.1-microsoft-standard-WSL2","MinAPIVersion":"1.24","Os":"linux"}},{"Name":"containerd","Version":"1.6.28","Details":{"GitCommit":"ae07eda36dd25f8a1b98dfbf587313b99c0190bb"}},{"Name":"runc","Version":"1.1.12","Details":{"GitCommit":"v1.1.12-0-g51d5e94"}},{"Name":"docker-init","Version":"0.19.0","Details":{"GitCommit":"de40ad0"}}],"Version":"26.0.0","ApiVersion":"1.45","MinAPIVersion":"1.24","GitCommit":"8b79278","GoVersion":"go1.21.8","Os":"linux","Arch":"amd64","KernelVersion":"5.15.153.1-microsoft-standard-WSL2","BuildTime":"2024-03-20T15:18:01.000000000+00:00"}[\n]"
2024-07-24 14:30:54.563 [Test worker] DEBUG c.g.d.z.s.o.a.hc.client5.http.wire - http-outgoing-23 << "[\r][\n]"
2024-07-24 14:30:54.563 [Test worker] DEBUG c.g.d.z.s.o.a.hc.client5.http.wire - http-outgoing-23 << "0[\r][\n]"
2024-07-24 14:30:54.563 [Test worker] DEBUG c.g.d.z.s.o.a.hc.client5.http.wire - http-outgoing-23 << "[\r][\n]"
2024-07-24 14:30:54.563 [Test worker] DEBUG c.g.d.z.s.o.a.h.c.h.i.c.InternalHttpClient - ep-000000FF: releasing valid endpoint
2024-07-24 14:30:54.563 [Test worker] DEBUG c.g.d.z.s.o.a.h.c.h.i.i.PoolingHttpClientConnectionManager - ep-000000FF: releasing endpoint
2024-07-24 14:30:54.563 [Test worker] DEBUG c.g.d.z.s.o.a.h.c.h.i.i.PoolingHttpClientConnectionManager - ep-000000FF: connection http-outgoing-23 can be kept alive for 3 MINUTES
2024-07-24 14:30:54.563 [Test worker] DEBUG c.g.d.z.s.o.a.h.c.h.i.i.PoolingHttpClientConnectionManager - ep-000000FF: connection released [route: {}->npipe://localhost:2375][total available: 1; route allocated: 1 of 2147483647; total allocated: 1 of 2147483647]
2024-07-24 14:30:54.564 [Test worker] TRACE o.t.s.c.g.d.c.e.LogContainerCmdExec - GET: DefaultWebTarget{path=[/containers/a7abbe77a59372ae8d3288d74f88a72e3a16c20aadcfa3cc641b58ef3a45ceb1/logs], queryParams={stdout=[true], stderr=[true], follow=[true], since=[0]}}
2024-07-24 14:30:54.565 [docker-java-stream-1673154761] DEBUG c.g.d.z.s.o.a.h.c.h.i.c.InternalHttpClient - ex-00000101: preparing request execution
2024-07-24 14:30:54.565 [docker-java-stream-1673154761] DEBUG c.g.d.z.s.o.a.h.c.h.p.RequestAddCookies - Cookie spec selected: strict
2024-07-24 14:30:54.565 [docker-java-stream-1673154761] DEBUG c.g.d.z.s.o.a.h.c.h.p.RequestAuthCache - Auth cache not set in the context
2024-07-24 14:30:54.565 [docker-java-stream-1673154761] DEBUG c.g.d.z.s.o.a.h.c.h.i.c.ProtocolExec - ex-00000101: target auth state: UNCHALLENGED
2024-07-24 14:30:54.565 [docker-java-stream-1673154761] DEBUG c.g.d.z.s.o.a.h.c.h.i.c.ProtocolExec - ex-00000101: proxy auth state: UNCHALLENGED
2024-07-24 14:30:54.565 [docker-java-stream-1673154761] DEBUG c.g.d.z.s.o.a.h.c.h.i.c.ConnectExec - ex-00000101: acquiring connection with route {}->npipe://localhost:2375
2024-07-24 14:30:54.565 [docker-java-stream-1673154761] DEBUG c.g.d.z.s.o.a.h.c.h.i.c.InternalHttpClient - ex-00000101: acquiring endpoint (3 MINUTES)
2024-07-24 14:30:54.565 [docker-java-stream-1673154761] DEBUG c.g.d.z.s.o.a.h.c.h.i.i.PoolingHttpClientConnectionManager - ex-00000101: endpoint lease request (3 MINUTES) [route: {}->npipe://localhost:2375][total available: 1; route allocated: 1 of 2147483647; total allocated: 1 of 2147483647]
2024-07-24 14:30:54.565 [docker-java-stream-1673154761] DEBUG c.g.d.z.s.o.a.h.c.h.i.i.PoolingHttpClientConnectionManager - ex-00000101: endpoint leased [route: {}->npipe://localhost:2375][total available: 0; route allocated: 1 of 2147483647; total allocated: 1 of 2147483647]
2024-07-24 14:30:54.565 [docker-java-stream-1673154761] DEBUG c.g.d.z.s.o.a.h.c.h.i.i.PoolingHttpClientConnectionManager - ex-00000101: acquired ep-00000100
2024-07-24 14:30:54.565 [docker-java-stream-1673154761] DEBUG c.g.d.z.s.o.a.h.c.h.i.c.InternalHttpClient - ex-00000101: acquired endpoint ep-00000100
2024-07-24 14:30:54.565 [docker-java-stream-1673154761] DEBUG c.g.d.z.s.o.a.h.c.h.i.c.MainClientExec - ex-00000101: executing GET /v1.32/containers/a7abbe77a59372ae8d3288d74f88a72e3a16c20aadcfa3cc641b58ef3a45ceb1/logs?stdout=true&stderr=true&follow=true&since=0 HTTP/1.1
2024-07-24 14:30:54.565 [docker-java-stream-1673154761] DEBUG c.g.d.z.s.o.a.h.c.h.i.c.InternalHttpClient - ep-00000100: start execution ex-00000101
2024-07-24 14:30:54.565 [docker-java-stream-1673154761] DEBUG c.g.d.z.s.o.a.h.c.h.i.i.PoolingHttpClientConnectionManager - ep-00000100: executing exchange ex-00000101 over http-outgoing-23
2024-07-24 14:30:54.566 [docker-java-stream-1673154761] DEBUG c.g.d.z.s.o.a.h.client5.http.headers - http-outgoing-23 >> GET /v1.32/containers/a7abbe77a59372ae8d3288d74f88a72e3a16c20aadcfa3cc641b58ef3a45ceb1/logs?stdout=true&stderr=true&follow=true&since=0 HTTP/1.1
2024-07-24 14:30:54.566 [docker-java-stream-1673154761] DEBUG c.g.d.z.s.o.a.h.client5.http.headers - http-outgoing-23 >> x-tc-sid: 280e6229-7396-4d60-b1e3-a5de48b5d49b
2024-07-24 14:30:54.566 [docker-java-stream-1673154761] DEBUG c.g.d.z.s.o.a.h.client5.http.headers - http-outgoing-23 >> User-Agent: tc-java/1.19.8
2024-07-24 14:30:54.566 [docker-java-stream-1673154761] DEBUG c.g.d.z.s.o.a.h.client5.http.headers - http-outgoing-23 >> Accept-Encoding: gzip, x-gzip, deflate
2024-07-24 14:30:54.566 [docker-java-stream-1673154761] DEBUG c.g.d.z.s.o.a.h.client5.http.headers - http-outgoing-23 >> Host: localhost:2375
2024-07-24 14:30:54.566 [docker-java-stream-1673154761] DEBUG c.g.d.z.s.o.a.h.client5.http.headers - http-outgoing-23 >> Connection: keep-alive
2024-07-24 14:30:54.566 [docker-java-stream-1673154761] DEBUG c.g.d.z.s.o.a.hc.client5.http.wire - http-outgoing-23 >> "GET /v1.32/containers/a7abbe77a59372ae8d3288d74f88a72e3a16c20aadcfa3cc641b58ef3a45ceb1/logs?stdout=true&stderr=true&follow=true&since=0 HTTP/1.1[\r][\n]"
2024-07-24 14:30:54.566 [docker-java-stream-1673154761] DEBUG c.g.d.z.s.o.a.hc.client5.http.wire - http-outgoing-23 >> "x-tc-sid: 280e6229-7396-4d60-b1e3-a5de48b5d49b[\r][\n]"
2024-07-24 14:30:54.566 [docker-java-stream-1673154761] DEBUG c.g.d.z.s.o.a.hc.client5.http.wire - http-outgoing-23 >> "User-Agent: tc-java/1.19.8[\r][\n]"
2024-07-24 14:30:54.566 [docker-java-stream-1673154761] DEBUG c.g.d.z.s.o.a.hc.client5.http.wire - http-outgoing-23 >> "Accept-Encoding: gzip, x-gzip, deflate[\r][\n]"
2024-07-24 14:30:54.566 [docker-java-stream-1673154761] DEBUG c.g.d.z.s.o.a.hc.client5.http.wire - http-outgoing-23 >> "Host: localhost:2375[\r][\n]"
2024-07-24 14:30:54.566 [docker-java-stream-1673154761] DEBUG c.g.d.z.s.o.a.hc.client5.http.wire - http-outgoing-23 >> "Connection: keep-alive[\r][\n]"
2024-07-24 14:30:54.566 [docker-java-stream-1673154761] DEBUG c.g.d.z.s.o.a.hc.client5.http.wire - http-outgoing-23 >> "[\r][\n]"
2024-07-24 14:30:54.569 [docker-java-stream-1673154761] DEBUG c.g.d.z.s.o.a.hc.client5.http.wire - http-outgoing-23 << "HTTP/1.1 200 OK[\r][\n]"
2024-07-24 14:30:54.569 [docker-java-stream-1673154761] DEBUG c.g.d.z.s.o.a.hc.client5.http.wire - http-outgoing-23 << "Api-Version: 1.45[\r][\n]"
2024-07-24 14:30:54.569 [docker-java-stream-1673154761] DEBUG c.g.d.z.s.o.a.hc.client5.http.wire - http-outgoing-23 << "Content-Type: application/vnd.docker.raw-stream[\r][\n]"
2024-07-24 14:30:54.569 [docker-java-stream-1673154761] DEBUG c.g.d.z.s.o.a.hc.client5.http.wire - http-outgoing-23 << "Date: Wed, 24 Jul 2024 02:30:54 GMT[\r][\n]"
2024-07-24 14:30:54.569 [docker-java-stream-1673154761] DEBUG c.g.d.z.s.o.a.hc.client5.http.wire - http-outgoing-23 << "Docker-Experimental: false[\r][\n]"
2024-07-24 14:30:54.569 [docker-java-stream-1673154761] DEBUG c.g.d.z.s.o.a.hc.client5.http.wire - http-outgoing-23 << "Ostype: linux[\r][\n]"
2024-07-24 14:30:54.569 [docker-java-stream-1673154761] DEBUG c.g.d.z.s.o.a.hc.client5.http.wire - http-outgoing-23 << "Server: Docker/26.0.0 (linux)[\r][\n]"
2024-07-24 14:30:54.569 [docker-java-stream-1673154761] DEBUG c.g.d.z.s.o.a.hc.client5.http.wire - http-outgoing-23 << "Transfer-Encoding: chunked[\r][\n]"
2024-07-24 14:30:54.569 [docker-java-stream-1673154761] DEBUG c.g.d.z.s.o.a.hc.client5.http.wire - http-outgoing-23 << "[\r][\n]"
2024-07-24 14:30:54.569 [docker-java-stream-1673154761] DEBUG c.g.d.z.s.o.a.h.client5.http.headers - http-outgoing-23 << HTTP/1.1 200 OK
2024-07-24 14:30:54.569 [docker-java-stream-1673154761] DEBUG c.g.d.z.s.o.a.h.client5.http.headers - http-outgoing-23 << Api-Version: 1.45
2024-07-24 14:30:54.569 [docker-java-stream-1673154761] DEBUG c.g.d.z.s.o.a.h.client5.http.headers - http-outgoing-23 << Content-Type: application/vnd.docker.raw-stream
2024-07-24 14:30:54.569 [docker-java-stream-1673154761] DEBUG c.g.d.z.s.o.a.h.client5.http.headers - http-outgoing-23 << Date: Wed, 24 Jul 2024 02:30:54 GMT
2024-07-24 14:30:54.569 [docker-java-stream-1673154761] DEBUG c.g.d.z.s.o.a.h.client5.http.headers - http-outgoing-23 << Docker-Experimental: false
2024-07-24 14:30:54.569 [docker-java-stream-1673154761] DEBUG c.g.d.z.s.o.a.h.client5.http.headers - http-outgoing-23 << Ostype: linux
2024-07-24 14:30:54.569 [docker-java-stream-1673154761] DEBUG c.g.d.z.s.o.a.h.client5.http.headers - http-outgoing-23 << Server: Docker/26.0.0 (linux)
2024-07-24 14:30:54.569 [docker-java-stream-1673154761] DEBUG c.g.d.z.s.o.a.h.client5.http.headers - http-outgoing-23 << Transfer-Encoding: chunked
2024-07-24 14:30:54.570 [docker-java-stream-1673154761] DEBUG c.g.d.z.s.o.a.h.c.h.i.c.MainClientExec - ex-00000101: connection can be kept alive for 3 MINUTES
2024-07-24 14:30:54.570 [docker-java-stream-1673154761] DEBUG c.g.d.z.s.o.a.hc.client5.http.wire - http-outgoing-23 << "170[\r][\n]"
2024-07-24 14:30:54.570 [docker-java-stream-1673154761] DEBUG c.g.d.z.s.o.a.hc.client5.http.wire - http-outgoing-23 << "[0x1][0x0][0x0][0x0][0x0][0x0][0x0]NThe files belonging to this database system will be owned by user "postgres".[\n]"
2024-07-24 14:30:54.570 [docker-java-stream-1673154761] DEBUG c.g.d.z.s.o.a.hc.client5.http.wire - http-outgoing-23 << "[0x1][0x0][0x0][0x0][0x0][0x0][0x0],This user must also own the server process.[\n]"
2024-07-24 14:30:54.570 [docker-java-stream-1673154761] DEBUG c.g.d.z.s.o.a.hc.client5.http.wire - http-outgoing-23 << "[0x1][0x0][0x0][0x0][0x0][0x0][0x0][0x1][\n]"
2024-07-24 14:30:54.570 [docker-java-stream-1673154761] DEBUG c.g.d.z.s.o.a.hc.client5.http.wire - http-outgoing-23 << "[0x1][0x0][0x0][0x0][0x0][0x0][0x0]CThe database cluster will be initialized with locale "en_US.utf8".[\n]"
2024-07-24 14:30:54.570 [docker-java-stream-1673154761] DEBUG c.g.d.z.s.o.a.hc.client5.http.wire - http-outgoing-23 << "[0x1][0x0][0x0][0x0][0x0][0x0][0x0]BThe default database encoding has accordingly been set to "UTF8".[\n]"
2024-07-24 14:30:54.570 [docker-java-stream-1673154761] DEBUG c.g.d.z.s.o.a.hc.client5.http.wire - http-outgoing-23 << "[0x1][0x0][0x0][0x0][0x0][0x0][0x0]@The default text search configuration will be set to "english".[\n]"
2024-07-24 14:30:54.570 [docker-java-stream-1673154761] DEBUG c.g.d.z.s.o.a.hc.client5.http.wire - http-outgoing-23 << "[\r][\n]"
2024-07-24 14:30:54.570 [docker-java-stream-1673154761] DEBUG c.g.d.z.s.o.a.hc.client5.http.wire - http-outgoing-23 << "f5[\r][\n]"
2024-07-24 14:30:54.570 [docker-java-stream-1673154761] DEBUG c.g.d.z.s.o.a.hc.client5.http.wire - http-outgoing-23 << "[0x1][0x0][0x0][0x0][0x0][0x0][0x0][0x1][\n]"
2024-07-24 14:30:54.570 [docker-java-stream-1673154761] DEBUG c.g.d.z.s.o.a.hc.client5.http.wire - http-outgoing-23 << "[0x1][0x0][0x0][0x0][0x0][0x0][0x0]"Data page checksums are disabled.[\n]"
2024-07-24 14:30:54.570 [docker-java-stream-1673154761] DEBUG c.g.d.z.s.o.a.hc.client5.http.wire - http-outgoing-23 << "[0x1][0x0][0x0][0x0][0x0][0x0][0x0][0x1][\n]"
2024-07-24 14:30:54.570 [docker-java-stream-1673154761] DEBUG c.g.d.z.s.o.a.hc.client5.http.wire - http-outgoing-23 << "[0x1][0x0][0x0][0x0][0x0][0x0][0x0]Ifixing permissions on existing directory /var/lib/postgresql/data ... ok[\n]"
2024-07-24 14:30:54.570 [docker-java-stream-1673154761] DEBUG c.g.d.z.s.o.a.hc.client5.http.wire - http-outgoing-23 << "[0x1][0x0][0x0][0x0][0x0][0x0][0x0][0x1f]creating subdirectories ... ok[\n]"
2024-07-24 14:30:54.570 [docker-java-stream-1673154761] DEBUG c.g.d.z.s.o.a.hc.client5.http.wire - http-outgoing-23 << "[0x1][0x0][0x0][0x0][0x0][0x0][0x0]9selecting dynamic shared memory implementation ... posix[\n]"
2024-07-24 14:30:54.570 [docker-java-stream-1673154761] DEBUG c.g.d.z.s.o.a.hc.client5.http.wire - http-outgoing-23 << "[\r][\n]"
2024-07-24 14:30:54.570 [Test worker] DEBUG o.t.c.output.WaitingConsumer - STDOUT: The database cluster will be initialized with locale "en_US.utf8".
2024-07-24 14:30:54.570 [Test worker] DEBUG o.t.c.output.WaitingConsumer - STDOUT: selecting dynamic shared memory implementation ... posix
2024-07-24 14:30:54.570 [Test worker] DEBUG o.t.c.output.WaitingConsumer - STDOUT: creating subdirectories ... ok
2024-07-24 14:30:54.570 [Test worker] DEBUG o.t.c.output.WaitingConsumer - STDOUT: fixing permissions on existing directory /var/lib/postgresql/data ... ok
2024-07-24 14:30:54.570 [Test worker] DEBUG o.t.c.output.WaitingConsumer - STDOUT: 
2024-07-24 14:30:54.570 [Test worker] DEBUG o.t.c.output.WaitingConsumer - STDOUT: Data page checksums are disabled.
2024-07-24 14:30:54.570 [Test worker] DEBUG o.t.c.output.WaitingConsumer - STDOUT: 
2024-07-24 14:30:54.570 [Test worker] DEBUG o.t.c.output.WaitingConsumer - STDOUT: The default text search configuration will be set to "english".
2024-07-24 14:30:54.570 [Test worker] DEBUG o.t.c.output.WaitingConsumer - STDOUT: The default database encoding has accordingly been set to "UTF8".
2024-07-24 14:30:54.570 [Test worker] DEBUG o.t.c.output.WaitingConsumer - STDOUT: 
2024-07-24 14:30:54.570 [Test worker] DEBUG o.t.c.output.WaitingConsumer - STDOUT: This user must also own the server process.
2024-07-24 14:30:54.570 [Test worker] DEBUG o.t.c.output.WaitingConsumer - STDOUT: The files belonging to this database system will be owned by user "postgres".
2024-07-24 14:30:54.588 [docker-java-stream-1673154761] DEBUG c.g.d.z.s.o.a.hc.client5.http.wire - http-outgoing-23 << "32[\r][\n]"
2024-07-24 14:30:54.588 [docker-java-stream-1673154761] DEBUG c.g.d.z.s.o.a.hc.client5.http.wire - http-outgoing-23 << "[0x1][0x0][0x0][0x0][0x0][0x0][0x0]*selecting default max_connections ... 100[\n]"
2024-07-24 14:30:54.588 [docker-java-stream-1673154761] DEBUG c.g.d.z.s.o.a.hc.client5.http.wire - http-outgoing-23 << "[\r][\n]"
2024-07-24 14:30:54.588 [Test worker] DEBUG o.t.c.output.WaitingConsumer - STDOUT: selecting default max_connections ... 100
2024-07-24 14:30:54.613 [docker-java-stream-1673154761] DEBUG c.g.d.z.s.o.a.hc.client5.http.wire - http-outgoing-23 << "33[\r][\n]"
2024-07-24 14:30:54.613 [docker-java-stream-1673154761] DEBUG c.g.d.z.s.o.a.hc.client5.http.wire - http-outgoing-23 << "[0x1][0x0][0x0][0x0][0x0][0x0][0x0]+selecting default shared_buffers ... 128MB[\n]"
2024-07-24 14:30:54.613 [docker-java-stream-1673154761] DEBUG c.g.d.z.s.o.a.hc.client5.http.wire - http-outgoing-23 << "[\r][\n]"
2024-07-24 14:30:54.613 [Test worker] DEBUG o.t.c.output.WaitingConsumer - STDOUT: selecting default shared_buffers ... 128MB
2024-07-24 14:30:54.633 [docker-java-stream-1673154761] DEBUG c.g.d.z.s.o.a.hc.client5.http.wire - http-outgoing-23 << "30[\r][\n]"
2024-07-24 14:30:54.633 [docker-java-stream-1673154761] DEBUG c.g.d.z.s.o.a.hc.client5.http.wire - http-outgoing-23 << "[0x1][0x0][0x0][0x0][0x0][0x0][0x0](selecting default time zone ... Etc/UTC[\n]"
2024-07-24 14:30:54.633 [docker-java-stream-1673154761] DEBUG c.g.d.z.s.o.a.hc.client5.http.wire - http-outgoing-23 << "[\r][\n]"
2024-07-24 14:30:54.633 [Test worker] DEBUG o.t.c.output.WaitingConsumer - STDOUT: selecting default time zone ... Etc/UTC
2024-07-24 14:30:54.633 [docker-java-stream-1673154761] DEBUG c.g.d.z.s.o.a.hc.client5.http.wire - http-outgoing-23 << "2c[\r][\n]"
2024-07-24 14:30:54.633 [docker-java-stream-1673154761] DEBUG c.g.d.z.s.o.a.hc.client5.http.wire - http-outgoing-23 << "[0x1][0x0][0x0][0x0][0x0][0x0][0x0]$creating configuration files ... ok[\n]"
2024-07-24 14:30:54.633 [docker-java-stream-1673154761] DEBUG c.g.d.z.s.o.a.hc.client5.http.wire - http-outgoing-23 << "[\r][\n]"
2024-07-24 14:30:54.633 [Test worker] DEBUG o.t.c.output.WaitingConsumer - STDOUT: creating configuration files ... ok
2024-07-24 14:30:54.767 [docker-java-stream-1673154761] DEBUG c.g.d.z.s.o.a.hc.client5.http.wire - http-outgoing-23 << "28[\r][\n]"
2024-07-24 14:30:54.767 [docker-java-stream-1673154761] DEBUG c.g.d.z.s.o.a.hc.client5.http.wire - http-outgoing-23 << "[0x1][0x0][0x0][0x0][0x0][0x0][0x0] running bootstrap script ... ok[\n]"
2024-07-24 14:30:54.767 [docker-java-stream-1673154761] DEBUG c.g.d.z.s.o.a.hc.client5.http.wire - http-outgoing-23 << "[\r][\n]"
2024-07-24 14:30:54.767 [Test worker] DEBUG o.t.c.output.WaitingConsumer - STDOUT: running bootstrap script ... ok
2024-07-24 14:30:55.089 [docker-java-stream-1673154761] DEBUG c.g.d.z.s.o.a.hc.client5.http.wire - http-outgoing-23 << "38[\r][\n]"
2024-07-24 14:30:55.089 [docker-java-stream-1673154761] DEBUG c.g.d.z.s.o.a.hc.client5.http.wire - http-outgoing-23 << "[0x1][0x0][0x0][0x0][0x0][0x0][0x0]0performing post-bootstrap initialization ... ok[\n]"
2024-07-24 14:30:55.089 [docker-java-stream-1673154761] DEBUG c.g.d.z.s.o.a.hc.client5.http.wire - http-outgoing-23 << "[\r][\n]"
2024-07-24 14:30:55.089 [Test worker] DEBUG o.t.c.output.WaitingConsumer - STDOUT: performing post-bootstrap initialization ... ok
2024-07-24 14:30:55.617 [docker-java-stream-1673154761] DEBUG c.g.d.z.s.o.a.hc.client5.http.wire - http-outgoing-23 << "1ad[\r][\n]"
2024-07-24 14:30:55.617 [docker-java-stream-1673154761] DEBUG c.g.d.z.s.o.a.hc.client5.http.wire - http-outgoing-23 << "[0x1][0x0][0x0][0x0][0x0][0x0][0x0][0x1c]syncing data to disk ... ok[\n]"
2024-07-24 14:30:55.617 [docker-java-stream-1673154761] DEBUG c.g.d.z.s.o.a.hc.client5.http.wire - http-outgoing-23 << "[0x1][0x0][0x0][0x0][0x0][0x0][0x0][0x1][\n]"
2024-07-24 14:30:55.617 [docker-java-stream-1673154761] DEBUG c.g.d.z.s.o.a.hc.client5.http.wire - http-outgoing-23 << "[0x1][0x0][0x0][0x0][0x0][0x0][0x0][0x1][\n]"
2024-07-24 14:30:55.617 [docker-java-stream-1673154761] DEBUG c.g.d.z.s.o.a.hc.client5.http.wire - http-outgoing-23 << "[0x1][0x0][0x0][0x0][0x0][0x0][0x0]6Success. You can now start the database server using:[\n]"
2024-07-24 14:30:55.617 [docker-java-stream-1673154761] DEBUG c.g.d.z.s.o.a.hc.client5.http.wire - http-outgoing-23 << "[0x1][0x0][0x0][0x0][0x0][0x0][0x0][0x1][\n]"
2024-07-24 14:30:55.617 [docker-java-stream-1673154761] DEBUG c.g.d.z.s.o.a.hc.client5.http.wire - http-outgoing-23 << "[0x1][0x0][0x0][0x0][0x0][0x0][0x0]8    pg_ctl -D /var/lib/postgresql/data -l logfile start[\n]"
2024-07-24 14:30:55.617 [docker-java-stream-1673154761] DEBUG c.g.d.z.s.o.a.hc.client5.http.wire - http-outgoing-23 << "[0x1][0x0][0x0][0x0][0x0][0x0][0x0][0x1][\n]"
2024-07-24 14:30:55.617 [docker-java-stream-1673154761] DEBUG c.g.d.z.s.o.a.hc.client5.http.wire - http-outgoing-23 << "[0x2][0x0][0x0][0x0][0x0][0x0][0x0]Ginitdb: warning: enabling "trust" authentication for local connections[\n]"
2024-07-24 14:30:55.617 [docker-java-stream-1673154761] DEBUG c.g.d.z.s.o.a.hc.client5.http.wire - http-outgoing-23 << "[0x2][0x0][0x0][0x0][0x0][0x0][0x0][0xffffff90]initdb: hint: You can change this by editing pg_hba.conf or using the option -A, or --auth-local and --auth-host, the next time you run initdb.[\n]"
2024-07-24 14:30:55.617 [docker-java-stream-1673154761] DEBUG c.g.d.z.s.o.a.hc.client5.http.wire - http-outgoing-23 << "[\r][\n]"
2024-07-24 14:30:55.617 [Test worker] DEBUG o.t.c.output.WaitingConsumer - STDERR: initdb: hint: You can change this by editing pg_hba.conf or using the option -A, or --auth-local and --auth-host, the next time you run initdb.
2024-07-24 14:30:55.618 [Test worker] DEBUG o.t.c.output.WaitingConsumer - STDERR: initdb: warning: enabling "trust" authentication for local connections
2024-07-24 14:30:55.618 [Test worker] DEBUG o.t.c.output.WaitingConsumer - STDOUT: 
2024-07-24 14:30:55.618 [Test worker] DEBUG o.t.c.output.WaitingConsumer - STDOUT:     pg_ctl -D /var/lib/postgresql/data -l logfile start
2024-07-24 14:30:55.618 [Test worker] DEBUG o.t.c.output.WaitingConsumer - STDOUT: 
2024-07-24 14:30:55.618 [Test worker] DEBUG o.t.c.output.WaitingConsumer - STDOUT: Success. You can now start the database server using:
2024-07-24 14:30:55.618 [Test worker] DEBUG o.t.c.output.WaitingConsumer - STDOUT: 
2024-07-24 14:30:55.618 [Test worker] DEBUG o.t.c.output.WaitingConsumer - STDOUT: 
2024-07-24 14:30:55.618 [Test worker] DEBUG o.t.c.output.WaitingConsumer - STDOUT: syncing data to disk ... ok
2024-07-24 14:30:55.655 [docker-java-stream-1673154761] DEBUG c.g.d.z.s.o.a.hc.client5.http.wire - http-outgoing-23 << "137[\r][\n]"
2024-07-24 14:30:55.655 [docker-java-stream-1673154761] DEBUG c.g.d.z.s.o.a.hc.client5.http.wire - http-outgoing-23 << "[0x1][0x0][0x0][0x0][0x0][0x0][0x0][0xffffffc3]waiting for server to start....2024-07-24 02:30:55.654 UTC [48] LOG:  starting PostgreSQL 16.2 (Debian 16.2-1.pgdg120+2) on x86_64-pc-linux-gnu, compiled by gcc (Debian 12.2.0-14) 12.2.0, 64-bit[\n]"
2024-07-24 14:30:55.655 [docker-java-stream-1673154761] DEBUG c.g.d.z.s.o.a.hc.client5.http.wire - http-outgoing-23 << "[0x1][0x0][0x0][0x0][0x0][0x0][0x0]d2024-07-24 02:30:55.655 UTC [48] LOG:  listening on Unix socket "/var/run/postgresql/.s.PGSQL.5432"[\n]"
2024-07-24 14:30:55.655 [docker-java-stream-1673154761] DEBUG c.g.d.z.s.o.a.hc.client5.http.wire - http-outgoing-23 << "[\r][\n]"
2024-07-24 14:30:55.655 [Test worker] DEBUG o.t.c.output.WaitingConsumer - STDOUT: 2024-07-24 02:30:55.655 UTC [48] LOG:  listening on Unix socket "/var/run/postgresql/.s.PGSQL.5432"
2024-07-24 14:30:55.655 [Test worker] DEBUG o.t.c.output.WaitingConsumer - STDOUT: waiting for server to start....2024-07-24 02:30:55.654 UTC [48] LOG:  starting PostgreSQL 16.2 (Debian 16.2-1.pgdg120+2) on x86_64-pc-linux-gnu, compiled by gcc (Debian 12.2.0-14) 12.2.0, 64-bit
2024-07-24 14:30:55.658 [docker-java-stream-1673154761] DEBUG c.g.d.z.s.o.a.hc.client5.http.wire - http-outgoing-23 << "68[\r][\n]"
2024-07-24 14:30:55.658 [docker-java-stream-1673154761] DEBUG c.g.d.z.s.o.a.hc.client5.http.wire - http-outgoing-23 << "[0x1][0x0][0x0][0x0][0x0][0x0][0x0]`2024-07-24 02:30:55.657 UTC [51] LOG:  database system was shut down at 2024-07-24 02:30:55 UTC[\n]"
2024-07-24 14:30:55.658 [docker-java-stream-1673154761] DEBUG c.g.d.z.s.o.a.hc.client5.http.wire - http-outgoing-23 << "[\r][\n]"
2024-07-24 14:30:55.661 [docker-java-stream-1673154761] DEBUG c.g.d.z.s.o.a.hc.client5.http.wire - http-outgoing-23 << "5e[\r][\n]"
2024-07-24 14:30:55.661 [docker-java-stream-1673154761] DEBUG c.g.d.z.s.o.a.hc.client5.http.wire - http-outgoing-23 << "[0x1][0x0][0x0][0x0][0x0][0x0][0x0]V2024-07-24 02:30:55.660 UTC [48] LOG:  database system is ready to accept connections[\n]"
2024-07-24 14:30:55.661 [docker-java-stream-1673154761] DEBUG c.g.d.z.s.o.a.hc.client5.http.wire - http-outgoing-23 << "[\r][\n]"
2024-07-24 14:30:55.668 [Test worker] DEBUG o.t.c.output.WaitingConsumer - STDOUT: 2024-07-24 02:30:55.660 UTC [48] LOG:  database system is ready to accept connections
2024-07-24 14:30:55.669 [Test worker] DEBUG o.t.c.output.WaitingConsumer - STDOUT: 2024-07-24 02:30:55.657 UTC [51] LOG:  database system was shut down at 2024-07-24 02:30:55 UTC
2024-07-24 14:30:55.740 [docker-java-stream-1673154761] DEBUG c.g.d.z.s.o.a.hc.client5.http.wire - http-outgoing-23 << "25[\r][\n]"
2024-07-24 14:30:55.740 [docker-java-stream-1673154761] DEBUG c.g.d.z.s.o.a.hc.client5.http.wire - http-outgoing-23 << "[0x1][0x0][0x0][0x0][0x0][0x0][0x0][0x6] done[\n]"
2024-07-24 14:30:55.740 [docker-java-stream-1673154761] DEBUG c.g.d.z.s.o.a.hc.client5.http.wire - http-outgoing-23 << "[0x1][0x0][0x0][0x0][0x0][0x0][0x0][0xf]server started[\n]"
2024-07-24 14:30:55.740 [docker-java-stream-1673154761] DEBUG c.g.d.z.s.o.a.hc.client5.http.wire - http-outgoing-23 << "[\r][\n]"
2024-07-24 14:30:55.740 [Test worker] DEBUG o.t.c.output.WaitingConsumer - STDOUT: server started
2024-07-24 14:30:55.741 [Test worker] DEBUG o.t.c.output.WaitingConsumer - STDOUT:  done
2024-07-24 14:30:55.829 [docker-java-stream-1673154761] DEBUG c.g.d.z.s.o.a.hc.client5.http.wire - http-outgoing-23 << "18[\r][\n]"
2024-07-24 14:30:55.829 [docker-java-stream-1673154761] DEBUG c.g.d.z.s.o.a.hc.client5.http.wire - http-outgoing-23 << "[0x1][0x0][0x0][0x0][0x0][0x0][0x0][0x10]CREATE DATABASE[\n]"
2024-07-24 14:30:55.829 [docker-java-stream-1673154761] DEBUG c.g.d.z.s.o.a.hc.client5.http.wire - http-outgoing-23 << "[\r][\n]"
2024-07-24 14:30:55.830 [Test worker] DEBUG o.t.c.output.WaitingConsumer - STDOUT: CREATE DATABASE
2024-07-24 14:30:55.830 [docker-java-stream-1673154761] DEBUG c.g.d.z.s.o.a.hc.client5.http.wire - http-outgoing-23 << "6f[\r][\n]"
2024-07-24 14:30:55.830 [docker-java-stream-1673154761] DEBUG c.g.d.z.s.o.a.hc.client5.http.wire - http-outgoing-23 << "[0x1][0x0][0x0][0x0][0x0][0x0][0x0][0x1][\n]"
2024-07-24 14:30:55.830 [docker-java-stream-1673154761] DEBUG c.g.d.z.s.o.a.hc.client5.http.wire - http-outgoing-23 << "[0x1][0x0][0x0][0x0][0x0][0x0][0x0][0x1][\n]"
2024-07-24 14:30:55.830 [docker-java-stream-1673154761] DEBUG c.g.d.z.s.o.a.hc.client5.http.wire - http-outgoing-23 << "[0x1][0x0][0x0][0x0][0x0][0x0][0x0]L/usr/local/bin/docker-entrypoint.sh: ignoring /docker-entrypoint-initdb.d/*[\n]"
2024-07-24 14:30:55.830 [docker-java-stream-1673154761] DEBUG c.g.d.z.s.o.a.hc.client5.http.wire - http-outgoing-23 << "[0x1][0x0][0x0][0x0][0x0][0x0][0x0][0x1][\n]"
2024-07-24 14:30:55.830 [docker-java-stream-1673154761] DEBUG c.g.d.z.s.o.a.hc.client5.http.wire - http-outgoing-23 << "[\r][\n]"
2024-07-24 14:30:55.832 [docker-java-stream-1673154761] DEBUG c.g.d.z.s.o.a.hc.client5.http.wire - http-outgoing-23 << "c1[\r][\n]"
2024-07-24 14:30:55.832 [docker-java-stream-1673154761] DEBUG c.g.d.z.s.o.a.hc.client5.http.wire - http-outgoing-23 << "[0x1][0x0][0x0][0x0][0x0][0x0][0x0]hwaiting for server to shut down...2024-07-24 02:30:55.831 UTC [48] LOG:  received fast shutdown request[\n]"
2024-07-24 14:30:55.832 [docker-java-stream-1673154761] DEBUG c.g.d.z.s.o.a.hc.client5.http.wire - http-outgoing-23 << "[0x1][0x0][0x0][0x0][0x0][0x0][0x0]I.2024-07-24 02:30:55.831 UTC [48] LOG:  aborting any active transactions[\n]"
2024-07-24 14:30:55.832 [docker-java-stream-1673154761] DEBUG c.g.d.z.s.o.a.hc.client5.http.wire - http-outgoing-23 << "[\r][\n]"
2024-07-24 14:30:55.834 [docker-java-stream-1673154761] DEBUG c.g.d.z.s.o.a.hc.client5.http.wire - http-outgoing-23 << "81[\r][\n]"
2024-07-24 14:30:55.834 [docker-java-stream-1673154761] DEBUG c.g.d.z.s.o.a.hc.client5.http.wire - http-outgoing-23 << "[0x1][0x0][0x0][0x0][0x0][0x0][0x0]y2024-07-24 02:30:55.833 UTC [48] LOG:  background worker "logical replication launcher" (PID 54) exited with exit code 1[\n]"
2024-07-24 14:30:55.834 [docker-java-stream-1673154761] DEBUG c.g.d.z.s.o.a.hc.client5.http.wire - http-outgoing-23 << "[\r][\n]"
2024-07-24 14:30:55.834 [docker-java-stream-1673154761] DEBUG c.g.d.z.s.o.a.hc.client5.http.wire - http-outgoing-23 << "94[\r][\n]"
2024-07-24 14:30:55.834 [docker-java-stream-1673154761] DEBUG c.g.d.z.s.o.a.hc.client5.http.wire - http-outgoing-23 << "[0x1][0x0][0x0][0x0][0x0][0x0][0x0]52024-07-24 02:30:55.834 UTC [49] LOG:  shutting down[\n]"
2024-07-24 14:30:55.834 [docker-java-stream-1673154761] DEBUG c.g.d.z.s.o.a.hc.client5.http.wire - http-outgoing-23 << "[0x1][0x0][0x0][0x0][0x0][0x0][0x0]O2024-07-24 02:30:55.834 UTC [49] LOG:  checkpoint starting: shutdown immediate[\n]"
2024-07-24 14:30:55.834 [docker-java-stream-1673154761] DEBUG c.g.d.z.s.o.a.hc.client5.http.wire - http-outgoing-23 << "[\r][\n]"
2024-07-24 14:30:55.840 [Test worker] DEBUG o.t.c.output.WaitingConsumer - STDOUT: 2024-07-24 02:30:55.834 UTC [49] LOG:  checkpoint starting: shutdown immediate
2024-07-24 14:30:55.840 [Test worker] DEBUG o.t.c.output.WaitingConsumer - STDOUT: 2024-07-24 02:30:55.834 UTC [49] LOG:  shutting down
2024-07-24 14:30:55.840 [Test worker] DEBUG o.t.c.output.WaitingConsumer - STDOUT: 2024-07-24 02:30:55.833 UTC [48] LOG:  background worker "logical replication launcher" (PID 54) exited with exit code 1
2024-07-24 14:30:55.840 [Test worker] DEBUG o.t.c.output.WaitingConsumer - STDOUT: .2024-07-24 02:30:55.831 UTC [48] LOG:  aborting any active transactions
2024-07-24 14:30:55.840 [Test worker] DEBUG o.t.c.output.WaitingConsumer - STDOUT: waiting for server to shut down...2024-07-24 02:30:55.831 UTC [48] LOG:  received fast shutdown request
2024-07-24 14:30:55.840 [Test worker] DEBUG o.t.c.output.WaitingConsumer - STDOUT: 
2024-07-24 14:30:55.840 [Test worker] DEBUG o.t.c.output.WaitingConsumer - STDOUT: /usr/local/bin/docker-entrypoint.sh: ignoring /docker-entrypoint-initdb.d/*
2024-07-24 14:30:55.840 [Test worker] DEBUG o.t.c.output.WaitingConsumer - STDOUT: 
2024-07-24 14:30:55.840 [Test worker] DEBUG o.t.c.output.WaitingConsumer - STDOUT: 
2024-07-24 14:30:55.844 [docker-java-stream-1673154761] DEBUG c.g.d.z.s.o.a.hc.client5.http.wire - http-outgoing-23 << "12c[\r][\n]"
2024-07-24 14:30:55.844 [docker-java-stream-1673154761] DEBUG c.g.d.z.s.o.a.hc.client5.http.wire - http-outgoing-23 << "[0x1][0x0][0x0][0x0][0x0][0x0][0x1]$2024-07-24 02:30:55.843 UTC [49] LOG:  checkpoint complete: wrote 923 buffers (5.6%); 0 WAL file(s) added, 0 removed, 0 recycled; write=0.010 s, sync=0.001 s, total=0.010 s; sync files=0, longest=0.000 s, average=0.000 s; distance=4257 kB, estimate=4257 kB; lsn=0/1913068, redo lsn=0/1913068[\n]"
2024-07-24 14:30:55.844 [docker-java-stream-1673154761] DEBUG c.g.d.z.s.o.a.hc.client5.http.wire - http-outgoing-23 << "[\r][\n]"
2024-07-24 14:30:55.852 [docker-java-stream-1673154761] DEBUG c.g.d.z.s.o.a.hc.client5.http.wire - http-outgoing-23 << "4c[\r][\n]"
2024-07-24 14:30:55.852 [docker-java-stream-1673154761] DEBUG c.g.d.z.s.o.a.hc.client5.http.wire - http-outgoing-23 << "[0x1][0x0][0x0][0x0][0x0][0x0][0x0]D2024-07-24 02:30:55.852 UTC [48] LOG:  database system is shut down[\n]"
2024-07-24 14:30:55.852 [docker-java-stream-1673154761] DEBUG c.g.d.z.s.o.a.hc.client5.http.wire - http-outgoing-23 << "[\r][\n]"
2024-07-24 14:30:55.855 [Test worker] DEBUG o.t.c.output.WaitingConsumer - STDOUT: 2024-07-24 02:30:55.852 UTC [48] LOG:  database system is shut down
2024-07-24 14:30:55.855 [Test worker] DEBUG o.t.c.output.WaitingConsumer - STDOUT: 2024-07-24 02:30:55.843 UTC [49] LOG:  checkpoint complete: wrote 923 buffers (5.6%); 0 WAL file(s) added, 0 removed, 0 recycled; write=0.010 s, sync=0.001 s, total=0.010 s; sync files=0, longest=0.000 s, average=0.000 s; distance=4257 kB, estimate=4257 kB; lsn=0/1913068, redo lsn=0/1913068
2024-07-24 14:30:55.933 [docker-java-stream-1673154761] DEBUG c.g.d.z.s.o.a.hc.client5.http.wire - http-outgoing-23 << "25[\r][\n]"
2024-07-24 14:30:55.933 [docker-java-stream-1673154761] DEBUG c.g.d.z.s.o.a.hc.client5.http.wire - http-outgoing-23 << "[0x1][0x0][0x0][0x0][0x0][0x0][0x0][0x6] done[\n]"
2024-07-24 14:30:55.933 [docker-java-stream-1673154761] DEBUG c.g.d.z.s.o.a.hc.client5.http.wire - http-outgoing-23 << "[0x1][0x0][0x0][0x0][0x0][0x0][0x0][0xf]server stopped[\n]"
2024-07-24 14:30:55.933 [docker-java-stream-1673154761] DEBUG c.g.d.z.s.o.a.hc.client5.http.wire - http-outgoing-23 << "[\r][\n]"
2024-07-24 14:30:55.933 [Test worker] DEBUG o.t.c.output.WaitingConsumer - STDOUT: server stopped
2024-07-24 14:30:55.933 [Test worker] DEBUG o.t.c.output.WaitingConsumer - STDOUT:  done
2024-07-24 14:30:55.934 [docker-java-stream-1673154761] DEBUG c.g.d.z.s.o.a.hc.client5.http.wire - http-outgoing-23 << "50[\r][\n]"
2024-07-24 14:30:55.934 [docker-java-stream-1673154761] DEBUG c.g.d.z.s.o.a.hc.client5.http.wire - http-outgoing-23 << "[0x1][0x0][0x0][0x0][0x0][0x0][0x0][0x1][\n]"
2024-07-24 14:30:55.934 [docker-java-stream-1673154761] DEBUG c.g.d.z.s.o.a.hc.client5.http.wire - http-outgoing-23 << "[0x1][0x0][0x0][0x0][0x0][0x0][0x0]6PostgreSQL init process complete; ready for start up.[\n]"
2024-07-24 14:30:55.934 [docker-java-stream-1673154761] DEBUG c.g.d.z.s.o.a.hc.client5.http.wire - http-outgoing-23 << "[0x1][0x0][0x0][0x0][0x0][0x0][0x0][0x1][\n]"
2024-07-24 14:30:55.934 [docker-java-stream-1673154761] DEBUG c.g.d.z.s.o.a.hc.client5.http.wire - http-outgoing-23 << "[\r][\n]"
2024-07-24 14:30:55.949 [Test worker] DEBUG o.t.c.output.WaitingConsumer - STDOUT: 
2024-07-24 14:30:55.949 [Test worker] DEBUG o.t.c.output.WaitingConsumer - STDOUT: PostgreSQL init process complete; ready for start up.
2024-07-24 14:30:55.949 [Test worker] DEBUG o.t.c.output.WaitingConsumer - STDOUT: 
2024-07-24 14:30:55.954 [docker-java-stream-1673154761] DEBUG c.g.d.z.s.o.a.hc.client5.http.wire - http-outgoing-23 << "1cb[\r][\n]"
2024-07-24 14:30:55.954 [docker-java-stream-1673154761] DEBUG c.g.d.z.s.o.a.hc.client5.http.wire - http-outgoing-23 << "[0x2][0x0][0x0][0x0][0x0][0x0][0x0][0xffffffa3]2024-07-24 02:30:55.953 UTC [1] LOG:  starting PostgreSQL 16.2 (Debian 16.2-1.pgdg120+2) on x86_64-pc-linux-gnu, compiled by gcc (Debian 12.2.0-14) 12.2.0, 64-bit[\n]"
2024-07-24 14:30:55.954 [docker-java-stream-1673154761] DEBUG c.g.d.z.s.o.a.hc.client5.http.wire - http-outgoing-23 << "[0x2][0x0][0x0][0x0][0x0][0x0][0x0]U2024-07-24 02:30:55.954 UTC [1] LOG:  listening on IPv4 address "0.0.0.0", port 5432[\n]"
2024-07-24 14:30:55.954 [docker-java-stream-1673154761] DEBUG c.g.d.z.s.o.a.hc.client5.http.wire - http-outgoing-23 << "[0x2][0x0][0x0][0x0][0x0][0x0][0x0]P2024-07-24 02:30:55.954 UTC [1] LOG:  listening on IPv6 address "::", port 5432[\n]"
2024-07-24 14:30:55.954 [docker-java-stream-1673154761] DEBUG c.g.d.z.s.o.a.hc.client5.http.wire - http-outgoing-23 << "[0x2][0x0][0x0][0x0][0x0][0x0][0x0]c2024-07-24 02:30:55.954 UTC [1] LOG:  listening on Unix socket "/var/run/postgresql/.s.PGSQL.5432"[\n]"
2024-07-24 14:30:55.954 [docker-java-stream-1673154761] DEBUG c.g.d.z.s.o.a.hc.client5.http.wire - http-outgoing-23 << "[\r][\n]"
2024-07-24 14:30:55.957 [docker-java-stream-1673154761] DEBUG c.g.d.z.s.o.a.hc.client5.http.wire - http-outgoing-23 << "68[\r][\n]"
2024-07-24 14:30:55.957 [docker-java-stream-1673154761] DEBUG c.g.d.z.s.o.a.hc.client5.http.wire - http-outgoing-23 << "[0x2][0x0][0x0][0x0][0x0][0x0][0x0]`2024-07-24 02:30:55.956 UTC [64] LOG:  database system was shut down at 2024-07-24 02:30:55 UTC[\n]"
2024-07-24 14:30:55.957 [docker-java-stream-1673154761] DEBUG c.g.d.z.s.o.a.hc.client5.http.wire - http-outgoing-23 << "[\r][\n]"
2024-07-24 14:30:55.961 [docker-java-stream-1673154761] DEBUG c.g.d.z.s.o.a.hc.client5.http.wire - http-outgoing-23 << "5d[\r][\n]"
2024-07-24 14:30:55.961 [docker-java-stream-1673154761] DEBUG c.g.d.z.s.o.a.hc.client5.http.wire - http-outgoing-23 << "[0x2][0x0][0x0][0x0][0x0][0x0][0x0]U2024-07-24 02:30:55.960 UTC [1] LOG:  database system is ready to accept connections[\n]"
2024-07-24 14:30:55.961 [docker-java-stream-1673154761] DEBUG c.g.d.z.s.o.a.hc.client5.http.wire - http-outgoing-23 << "[\r][\n]"
2024-07-24 14:30:55.964 [Test worker] DEBUG o.t.c.output.WaitingConsumer - STDERR: 2024-07-24 02:30:55.960 UTC [1] LOG:  database system is ready to accept connections
2024-07-24 14:30:55.965 [Test worker] DEBUG c.g.d.z.s.o.a.h.c.h.i.c.InternalHttpClient - ep-00000100: cancel
2024-07-24 14:30:55.965 [Test worker] DEBUG c.g.d.z.s.o.a.h.c.h.i.i.DefaultManagedHttpClientConnection - http-outgoing-23: close connection IMMEDIATE
2024-07-24 14:30:55.965 [Test worker] DEBUG c.g.d.z.s.o.a.h.c.h.i.c.InternalHttpClient - ep-00000100: endpoint closed
2024-07-24 14:30:55.965 [Test worker] DEBUG c.g.d.z.s.o.a.h.c.h.i.c.InternalHttpClient - ep-00000100: discarding endpoint
2024-07-24 14:30:55.965 [Test worker] DEBUG c.g.d.z.s.o.a.h.c.h.i.i.PoolingHttpClientConnectionManager - ep-00000100: releasing endpoint
2024-07-24 14:30:55.965 [Test worker] DEBUG c.g.d.z.s.o.a.h.c.h.i.i.PoolingHttpClientConnectionManager - ep-00000100: connection is not kept alive
2024-07-24 14:30:55.965 [docker-java-stream-1673154761] DEBUG c.g.d.z.s.o.a.hc.client5.http.wire - http-outgoing-23 << "end of stream"
2024-07-24 14:30:55.965 [Test worker] DEBUG c.g.d.z.s.o.a.h.c.h.i.i.PoolingHttpClientConnectionManager - ep-00000100: connection released [route: {}->npipe://localhost:2375][total available: 0; route allocated: 0 of 2147483647; total allocated: 0 of 2147483647]
2024-07-24 14:30:55.965 [Test worker] DEBUG c.g.d.z.s.o.a.hc.client5.http.wire - http-outgoing-23 << "[read] I/O error: java.nio.channels.ClosedChannelException"
2024-07-24 14:30:55.965 [docker-java-stream-1673154761] DEBUG c.g.d.z.s.o.a.hc.client5.http.wire - http-outgoing-23 << "[read] I/O error: java.nio.channels.ClosedChannelException"
2024-07-24 14:30:55.965 [docker-java-stream-1673154761] DEBUG c.g.d.z.ApacheDockerHttpClientImpl$ApacheResponse - Failed to close the response
java.io.IOException: java.nio.channels.ClosedChannelException
	at java.base/java.nio.channels.Channels$2.read(Channels.java:240)
	at com.github.dockerjava.zerodep.shaded.org.apache.hc.client5.http.impl.io.LoggingInputStream.read(LoggingInputStream.java:81)
	at com.github.dockerjava.zerodep.shaded.org.apache.hc.core5.http.impl.io.SessionInputBufferImpl.fillBuffer(SessionInputBufferImpl.java:149)
	at com.github.dockerjava.zerodep.shaded.org.apache.hc.core5.http.impl.io.SessionInputBufferImpl.readLine(SessionInputBufferImpl.java:280)
	at com.github.dockerjava.zerodep.shaded.org.apache.hc.core5.http.impl.io.ChunkedInputStream.getChunkSize(ChunkedInputStream.java:261)
	at com.github.dockerjava.zerodep.shaded.org.apache.hc.core5.http.impl.io.ChunkedInputStream.nextChunk(ChunkedInputStream.java:222)
	at com.github.dockerjava.zerodep.shaded.org.apache.hc.core5.http.impl.io.ChunkedInputStream.read(ChunkedInputStream.java:147)
	at com.github.dockerjava.zerodep.shaded.org.apache.hc.core5.http.impl.io.ChunkedInputStream.close(ChunkedInputStream.java:314)
	at com.github.dockerjava.zerodep.shaded.org.apache.hc.core5.io.Closer.close(Closer.java:48)
	at com.github.dockerjava.zerodep.shaded.org.apache.hc.core5.http.impl.io.IncomingHttpEntity.close(IncomingHttpEntity.java:111)
	at com.github.dockerjava.zerodep.shaded.org.apache.hc.core5.http.io.entity.HttpEntityWrapper.close(HttpEntityWrapper.java:120)
	at com.github.dockerjava.zerodep.shaded.org.apache.hc.core5.io.Closer.close(Closer.java:48)
	at com.github.dockerjava.zerodep.shaded.org.apache.hc.core5.http.message.BasicClassicHttpResponse.close(BasicClassicHttpResponse.java:93)
	at com.github.dockerjava.zerodep.shaded.org.apache.hc.client5.http.impl.classic.CloseableHttpResponse.close(CloseableHttpResponse.java:200)
	at com.github.dockerjava.zerodep.ApacheDockerHttpClientImpl$ApacheResponse.close(ApacheDockerHttpClientImpl.java:271)
	at org.testcontainers.shaded.com.github.dockerjava.core.DefaultInvocationBuilder.lambda$executeAndStream$1(DefaultInvocationBuilder.java:277)
	at java.base/java.lang.Thread.run(Thread.java:833)
Caused by: java.nio.channels.ClosedChannelException: null
	at java.base/sun.nio.ch.WindowsAsynchronousFileChannelImpl.implRead(WindowsAsynchronousFileChannelImpl.java:516)
	at java.base/sun.nio.ch.AsynchronousFileChannelImpl.read(AsynchronousFileChannelImpl.java:229)
	at com.github.dockerjava.transport.NamedPipeSocket$AsynchronousFileByteChannel.read(NamedPipeSocket.java:117)
	at java.base/java.nio.channels.Channels$2.read(Channels.java:238)
	... 16 common frames omitted
2024-07-24 14:30:55.965 [Test worker] DEBUG c.g.d.z.ApacheDockerHttpClientImpl$ApacheResponse - Failed to close the response
java.io.IOException: java.nio.channels.ClosedChannelException
	at java.base/java.nio.channels.Channels$2.read(Channels.java:240)
	at com.github.dockerjava.zerodep.shaded.org.apache.hc.client5.http.impl.io.LoggingInputStream.read(LoggingInputStream.java:81)
	at com.github.dockerjava.zerodep.shaded.org.apache.hc.core5.http.impl.io.SessionInputBufferImpl.fillBuffer(SessionInputBufferImpl.java:149)
	at com.github.dockerjava.zerodep.shaded.org.apache.hc.core5.http.impl.io.SessionInputBufferImpl.readLine(SessionInputBufferImpl.java:280)
	at com.github.dockerjava.zerodep.shaded.org.apache.hc.core5.http.impl.io.ChunkedInputStream.getChunkSize(ChunkedInputStream.java:261)
	at com.github.dockerjava.zerodep.shaded.org.apache.hc.core5.http.impl.io.ChunkedInputStream.nextChunk(ChunkedInputStream.java:222)
	at com.github.dockerjava.zerodep.shaded.org.apache.hc.core5.http.impl.io.ChunkedInputStream.read(ChunkedInputStream.java:147)
	at com.github.dockerjava.zerodep.shaded.org.apache.hc.core5.http.impl.io.ChunkedInputStream.close(ChunkedInputStream.java:314)
	at com.github.dockerjava.zerodep.shaded.org.apache.hc.core5.io.Closer.close(Closer.java:48)
	at com.github.dockerjava.zerodep.shaded.org.apache.hc.core5.http.impl.io.IncomingHttpEntity.close(IncomingHttpEntity.java:111)
	at com.github.dockerjava.zerodep.shaded.org.apache.hc.core5.http.io.entity.HttpEntityWrapper.close(HttpEntityWrapper.java:120)
	at com.github.dockerjava.zerodep.shaded.org.apache.hc.core5.io.Closer.close(Closer.java:48)
	at com.github.dockerjava.zerodep.shaded.org.apache.hc.core5.http.message.BasicClassicHttpResponse.close(BasicClassicHttpResponse.java:93)
	at com.github.dockerjava.zerodep.shaded.org.apache.hc.client5.http.impl.classic.CloseableHttpResponse.close(CloseableHttpResponse.java:200)
	at com.github.dockerjava.zerodep.ApacheDockerHttpClientImpl$ApacheResponse.close(ApacheDockerHttpClientImpl.java:271)
	at org.testcontainers.shaded.com.github.dockerjava.core.DefaultInvocationBuilder.lambda$null$0(DefaultInvocationBuilder.java:272)
	at com.github.dockerjava.api.async.ResultCallbackTemplate.close(ResultCallbackTemplate.java:77)
	at org.testcontainers.containers.output.FrameConsumerResultCallback.close(FrameConsumerResultCallback.java:69)
	at org.testcontainers.containers.wait.strategy.LogMessageWaitStrategy.waitUntilReady(LogMessageWaitStrategy.java:49)
	at org.testcontainers.containers.wait.strategy.AbstractWaitStrategy.waitUntilReady(AbstractWaitStrategy.java:52)
	at org.testcontainers.containers.PostgreSQLContainer.waitUntilContainerStarted(PostgreSQLContainer.java:149)
	at org.testcontainers.containers.GenericContainer.tryStart(GenericContainer.java:500)
	at org.testcontainers.containers.GenericContainer.lambda$doStart$0(GenericContainer.java:354)
	at org.rnorth.ducttape.unreliables.Unreliables.retryUntilSuccess(Unreliables.java:81)
	at org.testcontainers.containers.GenericContainer.doStart(GenericContainer.java:344)
	at org.testcontainers.containers.GenericContainer.start(GenericContainer.java:330)
	at com.unitedApi.WorkOrderDAOTest.<init>(WorkOrderDAOTest.kt:46)
	at java.base/jdk.internal.reflect.NativeConstructorAccessorImpl.newInstance0(Native Method)
	at java.base/jdk.internal.reflect.NativeConstructorAccessorImpl.newInstance(NativeConstructorAccessorImpl.java:77)
	at java.base/jdk.internal.reflect.DelegatingConstructorAccessorImpl.newInstance(DelegatingConstructorAccessorImpl.java:45)
	at java.base/java.lang.reflect.Constructor.newInstanceWithCaller(Constructor.java:499)
	at java.base/java.lang.reflect.Constructor.newInstance(Constructor.java:480)
	at org.junit.runners.BlockJUnit4ClassRunner.createTest(BlockJUnit4ClassRunner.java:250)
	at org.junit.runners.BlockJUnit4ClassRunner.createTest(BlockJUnit4ClassRunner.java:260)
	at org.junit.runners.BlockJUnit4ClassRunner$2.runReflectiveCall(BlockJUnit4ClassRunner.java:309)
	at org.junit.internal.runners.model.ReflectiveCallable.run(ReflectiveCallable.java:12)
	at org.junit.runners.BlockJUnit4ClassRunner.methodBlock(BlockJUnit4ClassRunner.java:306)
	at org.junit.runners.BlockJUnit4ClassRunner$1.evaluate(BlockJUnit4ClassRunner.java:100)
	at org.junit.runners.ParentRunner.runLeaf(ParentRunner.java:366)
	at org.junit.runners.BlockJUnit4ClassRunner.runChild(BlockJUnit4ClassRunner.java:103)
	at org.junit.runners.BlockJUnit4ClassRunner.runChild(BlockJUnit4ClassRunner.java:63)
	at org.junit.runners.ParentRunner$4.run(ParentRunner.java:331)
	at org.junit.runners.ParentRunner$1.schedule(ParentRunner.java:79)
	at org.junit.runners.ParentRunner.runChildren(ParentRunner.java:329)
	at org.junit.runners.ParentRunner.access$100(ParentRunner.java:66)
	at org.junit.runners.ParentRunner$2.evaluate(ParentRunner.java:293)
	at org.junit.runners.ParentRunner$3.evaluate(ParentRunner.java:306)
	at org.junit.runners.ParentRunner.run(ParentRunner.java:413)
	at org.gradle.api.internal.tasks.testing.junit.JUnitTestClassExecutor.runTestClass(JUnitTestClassExecutor.java:112)
	at org.gradle.api.internal.tasks.testing.junit.JUnitTestClassExecutor.execute(JUnitTestClassExecutor.java:58)
	at org.gradle.api.internal.tasks.testing.junit.JUnitTestClassExecutor.execute(JUnitTestClassExecutor.java:40)
	at org.gradle.api.internal.tasks.testing.junit.AbstractJUnitTestClassProcessor.processTestClass(AbstractJUnitTestClassProcessor.java:60)
	at org.gradle.api.internal.tasks.testing.SuiteTestClassProcessor.processTestClass(SuiteTestClassProcessor.java:52)
	at java.base/jdk.internal.reflect.NativeMethodAccessorImpl.invoke0(Native Method)
	at java.base/jdk.internal.reflect.NativeMethodAccessorImpl.invoke(NativeMethodAccessorImpl.java:77)
	at java.base/jdk.internal.reflect.DelegatingMethodAccessorImpl.invoke(DelegatingMethodAccessorImpl.java:43)
	at java.base/java.lang.reflect.Method.invoke(Method.java:568)
	at org.gradle.internal.dispatch.ReflectionDispatch.dispatch(ReflectionDispatch.java:36)
	at org.gradle.internal.dispatch.ReflectionDispatch.dispatch(ReflectionDispatch.java:24)
	at org.gradle.internal.dispatch.ContextClassLoaderDispatch.dispatch(ContextClassLoaderDispatch.java:33)
	at org.gradle.internal.dispatch.ProxyDispatchAdapter$DispatchingInvocationHandler.invoke(ProxyDispatchAdapter.java:94)
	at jdk.proxy1/jdk.proxy1.$Proxy2.processTestClass(Unknown Source)
	at org.gradle.api.internal.tasks.testing.worker.TestWorker$2.run(TestWorker.java:176)
	at org.gradle.api.internal.tasks.testing.worker.TestWorker.executeAndMaintainThreadName(TestWorker.java:129)
	at org.gradle.api.internal.tasks.testing.worker.TestWorker.execute(TestWorker.java:100)
	at org.gradle.api.internal.tasks.testing.worker.TestWorker.execute(TestWorker.java:60)
	at org.gradle.process.internal.worker.child.ActionExecutionWorker.execute(ActionExecutionWorker.java:56)
	at org.gradle.process.internal.worker.child.SystemApplicationClassLoaderWorker.call(SystemApplicationClassLoaderWorker.java:113)
	at org.gradle.process.internal.worker.child.SystemApplicationClassLoaderWorker.call(SystemApplicationClassLoaderWorker.java:65)
	at worker.org.gradle.process.internal.worker.GradleWorkerMain.run(GradleWorkerMain.java:69)
	at worker.org.gradle.process.internal.worker.GradleWorkerMain.main(GradleWorkerMain.java:74)
Caused by: java.nio.channels.ClosedChannelException: null
	at java.base/sun.nio.ch.WindowsAsynchronousFileChannelImpl.implRead(WindowsAsynchronousFileChannelImpl.java:516)
	at java.base/sun.nio.ch.AsynchronousFileChannelImpl.read(AsynchronousFileChannelImpl.java:229)
	at com.github.dockerjava.transport.NamedPipeSocket$AsynchronousFileByteChannel.read(NamedPipeSocket.java:117)
	at java.base/java.nio.channels.Channels$2.read(Channels.java:238)
	... 70 common frames omitted
2024-07-24 14:30:55.966 [Test worker] INFO  tc.postgres:latest - Container postgres:latest started in PT1.9262787S
2024-07-24 14:30:55.966 [Test worker] INFO  tc.postgres:latest - Container is started (JDBC URL: jdbc:postgresql://localhost:51584/db?loggerLevel=OFF)
2024-07-24 14:30:55.967 [Test worker] INFO  org.testcontainers.ext.ScriptUtils - Executing database script from sql/init.sql
2024-07-24 14:30:55.967 [Test worker] DEBUG o.t.s.c.g.d.c.command.AbstrDockerCmd - Cmd: a7abbe77a59372ae8d3288d74f88a72e3a16c20aadcfa3cc641b58ef3a45ceb1,false
2024-07-24 14:30:55.968 [Test worker] DEBUG o.t.s.c.g.d.c.e.InspectContainerCmdExec - GET: DefaultWebTarget{path=[/containers/a7abbe77a59372ae8d3288d74f88a72e3a16c20aadcfa3cc641b58ef3a45ceb1/json], queryParams={}}
2024-07-24 14:30:55.968 [Test worker] DEBUG c.g.d.z.s.o.a.h.c.h.i.c.InternalHttpClient - ex-00000102: preparing request execution
2024-07-24 14:30:55.968 [Test worker] DEBUG c.g.d.z.s.o.a.h.c.h.p.RequestAddCookies - Cookie spec selected: strict
2024-07-24 14:30:55.968 [Test worker] DEBUG c.g.d.z.s.o.a.h.c.h.p.RequestAuthCache - Auth cache not set in the context
2024-07-24 14:30:55.968 [Test worker] DEBUG c.g.d.z.s.o.a.h.c.h.i.c.ProtocolExec - ex-00000102: target auth state: UNCHALLENGED
2024-07-24 14:30:55.968 [Test worker] DEBUG c.g.d.z.s.o.a.h.c.h.i.c.ProtocolExec - ex-00000102: proxy auth state: UNCHALLENGED
2024-07-24 14:30:55.968 [Test worker] DEBUG c.g.d.z.s.o.a.h.c.h.i.c.ConnectExec - ex-00000102: acquiring connection with route {}->npipe://localhost:2375
2024-07-24 14:30:55.968 [Test worker] DEBUG c.g.d.z.s.o.a.h.c.h.i.c.InternalHttpClient - ex-00000102: acquiring endpoint (3 MINUTES)
2024-07-24 14:30:55.968 [Test worker] DEBUG c.g.d.z.s.o.a.h.c.h.i.i.PoolingHttpClientConnectionManager - ex-00000102: endpoint lease request (3 MINUTES) [route: {}->npipe://localhost:2375][total available: 0; route allocated: 0 of 2147483647; total allocated: 0 of 2147483647]
2024-07-24 14:30:55.968 [Test worker] DEBUG c.g.d.z.s.o.a.h.c.h.i.i.PoolingHttpClientConnectionManager - ex-00000102: endpoint leased [route: {}->npipe://localhost:2375][total available: 0; route allocated: 1 of 2147483647; total allocated: 1 of 2147483647]
2024-07-24 14:30:55.968 [Test worker] DEBUG c.g.d.z.s.o.a.h.c.h.i.i.PoolingHttpClientConnectionManager - ex-00000102: acquired ep-00000101
2024-07-24 14:30:55.968 [Test worker] DEBUG c.g.d.z.s.o.a.h.c.h.i.c.InternalHttpClient - ex-00000102: acquired endpoint ep-00000101
2024-07-24 14:30:55.968 [Test worker] DEBUG c.g.d.z.s.o.a.h.c.h.i.c.ConnectExec - ex-00000102: opening connection {}->npipe://localhost:2375
2024-07-24 14:30:55.968 [Test worker] DEBUG c.g.d.z.s.o.a.h.c.h.i.c.InternalHttpClient - ep-00000101: connecting endpoint (3 MINUTES)
2024-07-24 14:30:55.968 [Test worker] DEBUG c.g.d.z.s.o.a.h.c.h.i.i.PoolingHttpClientConnectionManager - ep-00000101: connecting endpoint to npipe://localhost:2375 (3 MINUTES)
2024-07-24 14:30:55.969 [Test worker] DEBUG c.g.d.z.s.o.a.h.c.h.i.i.DefaultHttpClientConnectionOperator - http-outgoing-24: connecting to localhost/127.0.0.1:2375
2024-07-24 14:30:55.969 [Test worker] DEBUG c.g.d.z.s.o.a.h.c.h.i.i.DefaultHttpClientConnectionOperator - http-outgoing-24: connection established 
2024-07-24 14:30:55.969 [Test worker] DEBUG c.g.d.z.s.o.a.h.c.h.i.i.PoolingHttpClientConnectionManager - ep-00000101: connected http-outgoing-24
2024-07-24 14:30:55.969 [Test worker] DEBUG c.g.d.z.s.o.a.h.c.h.i.c.InternalHttpClient - ep-00000101: endpoint connected
2024-07-24 14:30:55.969 [Test worker] DEBUG c.g.d.z.s.o.a.h.c.h.i.c.MainClientExec - ex-00000102: executing GET /v1.32/containers/a7abbe77a59372ae8d3288d74f88a72e3a16c20aadcfa3cc641b58ef3a45ceb1/json HTTP/1.1
2024-07-24 14:30:55.969 [Test worker] DEBUG c.g.d.z.s.o.a.h.c.h.i.c.InternalHttpClient - ep-00000101: start execution ex-00000102
2024-07-24 14:30:55.969 [Test worker] DEBUG c.g.d.z.s.o.a.h.c.h.i.i.PoolingHttpClientConnectionManager - ep-00000101: executing exchange ex-00000102 over http-outgoing-24
2024-07-24 14:30:55.969 [Test worker] DEBUG c.g.d.z.s.o.a.h.client5.http.headers - http-outgoing-24 >> GET /v1.32/containers/a7abbe77a59372ae8d3288d74f88a72e3a16c20aadcfa3cc641b58ef3a45ceb1/json HTTP/1.1
2024-07-24 14:30:55.969 [Test worker] DEBUG c.g.d.z.s.o.a.h.client5.http.headers - http-outgoing-24 >> accept: application/json
2024-07-24 14:30:55.969 [Test worker] DEBUG c.g.d.z.s.o.a.h.client5.http.headers - http-outgoing-24 >> x-tc-sid: 280e6229-7396-4d60-b1e3-a5de48b5d49b
2024-07-24 14:30:55.969 [Test worker] DEBUG c.g.d.z.s.o.a.h.client5.http.headers - http-outgoing-24 >> User-Agent: tc-java/1.19.8
2024-07-24 14:30:55.969 [Test worker] DEBUG c.g.d.z.s.o.a.h.client5.http.headers - http-outgoing-24 >> Accept-Encoding: gzip, x-gzip, deflate
2024-07-24 14:30:55.969 [Test worker] DEBUG c.g.d.z.s.o.a.h.client5.http.headers - http-outgoing-24 >> Host: localhost:2375
2024-07-24 14:30:55.969 [Test worker] DEBUG c.g.d.z.s.o.a.h.client5.http.headers - http-outgoing-24 >> Connection: keep-alive
2024-07-24 14:30:55.969 [Test worker] DEBUG c.g.d.z.s.o.a.hc.client5.http.wire - http-outgoing-24 >> "GET /v1.32/containers/a7abbe77a59372ae8d3288d74f88a72e3a16c20aadcfa3cc641b58ef3a45ceb1/json HTTP/1.1[\r][\n]"
2024-07-24 14:30:55.969 [Test worker] DEBUG c.g.d.z.s.o.a.hc.client5.http.wire - http-outgoing-24 >> "accept: application/json[\r][\n]"
2024-07-24 14:30:55.969 [Test worker] DEBUG c.g.d.z.s.o.a.hc.client5.http.wire - http-outgoing-24 >> "x-tc-sid: 280e6229-7396-4d60-b1e3-a5de48b5d49b[\r][\n]"
2024-07-24 14:30:55.969 [Test worker] DEBUG c.g.d.z.s.o.a.hc.client5.http.wire - http-outgoing-24 >> "User-Agent: tc-java/1.19.8[\r][\n]"
2024-07-24 14:30:55.969 [Test worker] DEBUG c.g.d.z.s.o.a.hc.client5.http.wire - http-outgoing-24 >> "Accept-Encoding: gzip, x-gzip, deflate[\r][\n]"
2024-07-24 14:30:55.969 [Test worker] DEBUG c.g.d.z.s.o.a.hc.client5.http.wire - http-outgoing-24 >> "Host: localhost:2375[\r][\n]"
2024-07-24 14:30:55.969 [Test worker] DEBUG c.g.d.z.s.o.a.hc.client5.http.wire - http-outgoing-24 >> "Connection: keep-alive[\r][\n]"
2024-07-24 14:30:55.969 [Test worker] DEBUG c.g.d.z.s.o.a.hc.client5.http.wire - http-outgoing-24 >> "[\r][\n]"
2024-07-24 14:30:55.972 [Test worker] DEBUG c.g.d.z.s.o.a.hc.client5.http.wire - http-outgoing-24 << "HTTP/1.1 200 OK[\r][\n]"
2024-07-24 14:30:55.972 [Test worker] DEBUG c.g.d.z.s.o.a.hc.client5.http.wire - http-outgoing-24 << "Api-Version: 1.45[\r][\n]"
2024-07-24 14:30:55.972 [Test worker] DEBUG c.g.d.z.s.o.a.hc.client5.http.wire - http-outgoing-24 << "Content-Type: application/json[\r][\n]"
2024-07-24 14:30:55.972 [Test worker] DEBUG c.g.d.z.s.o.a.hc.client5.http.wire - http-outgoing-24 << "Date: Wed, 24 Jul 2024 02:30:55 GMT[\r][\n]"
2024-07-24 14:30:55.972 [Test worker] DEBUG c.g.d.z.s.o.a.hc.client5.http.wire - http-outgoing-24 << "Docker-Experimental: false[\r][\n]"
2024-07-24 14:30:55.972 [Test worker] DEBUG c.g.d.z.s.o.a.hc.client5.http.wire - http-outgoing-24 << "Ostype: linux[\r][\n]"
2024-07-24 14:30:55.972 [Test worker] DEBUG c.g.d.z.s.o.a.hc.client5.http.wire - http-outgoing-24 << "Server: Docker/26.0.0 (linux)[\r][\n]"
2024-07-24 14:30:55.972 [Test worker] DEBUG c.g.d.z.s.o.a.hc.client5.http.wire - http-outgoing-24 << "Transfer-Encoding: chunked[\r][\n]"
2024-07-24 14:30:55.972 [Test worker] DEBUG c.g.d.z.s.o.a.hc.client5.http.wire - http-outgoing-24 << "[\r][\n]"
2024-07-24 14:30:55.972 [Test worker] DEBUG c.g.d.z.s.o.a.h.client5.http.headers - http-outgoing-24 << HTTP/1.1 200 OK
2024-07-24 14:30:55.973 [Test worker] DEBUG c.g.d.z.s.o.a.h.client5.http.headers - http-outgoing-24 << Api-Version: 1.45
2024-07-24 14:30:55.973 [Test worker] DEBUG c.g.d.z.s.o.a.h.client5.http.headers - http-outgoing-24 << Content-Type: application/json
2024-07-24 14:30:55.973 [Test worker] DEBUG c.g.d.z.s.o.a.h.client5.http.headers - http-outgoing-24 << Date: Wed, 24 Jul 2024 02:30:55 GMT
2024-07-24 14:30:55.973 [Test worker] DEBUG c.g.d.z.s.o.a.h.client5.http.headers - http-outgoing-24 << Docker-Experimental: false
2024-07-24 14:30:55.973 [Test worker] DEBUG c.g.d.z.s.o.a.h.client5.http.headers - http-outgoing-24 << Ostype: linux
2024-07-24 14:30:55.973 [Test worker] DEBUG c.g.d.z.s.o.a.h.client5.http.headers - http-outgoing-24 << Server: Docker/26.0.0 (linux)
2024-07-24 14:30:55.973 [Test worker] DEBUG c.g.d.z.s.o.a.h.client5.http.headers - http-outgoing-24 << Transfer-Encoding: chunked
2024-07-24 14:30:55.973 [Test worker] DEBUG c.g.d.z.s.o.a.h.c.h.i.c.MainClientExec - ex-00000102: connection can be kept alive for 3 MINUTES
2024-07-24 14:30:55.974 [Test worker] DEBUG c.g.d.z.s.o.a.hc.client5.http.wire - http-outgoing-24 << "1a36[\r][\n]"
2024-07-24 14:30:55.974 [Test worker] DEBUG c.g.d.z.s.o.a.hc.client5.http.wire - http-outgoing-24 << "{"Id":"a7abbe77a59372ae8d3288d74f88a72e3a16c20aadcfa3cc641b58ef3a45ceb1","Created":"2024-07-24T02:30:54.047299807Z","Path":"docker-entrypoint.sh","Args":["postgres","-c","fsync=off"],"State":{"Status":"running","Running":true,"Paused":false,"Restarting":false,"OOMKilled":false,"Dead":false,"Pid":31050,"ExitCode":0,"Error":"","StartedAt":"2024-07-24T02:30:54.510634964Z","FinishedAt":"0001-01-01T00:00:00Z"},"Image":"sha256:8e4fc9e184899a58735e7ee333f5e272d7d2298cf59302006b71f33e217be130","ResolvConfPath":"/var/lib/docker/containers/a7abbe77a59372ae8d3288d74f88a72e3a16c20aadcfa3cc641b58ef3a45ceb1/resolv.conf","HostnamePath":"/var/lib/docker/containers/a7abbe77a59372ae8d3288d74f88a72e3a16c20aadcfa3cc641b58ef3a45ceb1/hostname","HostsPath":"/var/lib/docker/containers/a7abbe77a59372ae8d3288d74f88a72e3a16c20aadcfa3cc641b58ef3a45ceb1/hosts","LogPath":"/var/lib/docker/containers/a7abbe77a59372ae8d3288d74f88a72e3a16c20aadcfa3cc641b58ef3a45ceb1/a7abbe77a59372ae8d3288d74f88a72e3a16c20aadcfa3cc641b58ef3a45ceb1-json.log","Name":"/crazy_noether","RestartCount":0,"Driver":"overlay2","Platform":"linux","MountLabel":"","ProcessLabel":"","AppArmorProfile":"","ExecIDs":null,"HostConfig":{"Binds":[],"ContainerIDFile":"","LogConfig":{"Type":"json-file","Config":{}},"NetworkMode":"default","PortBindings":{"5432/tcp":[{"HostIp":"0.0.0.0","HostPort":"0"}]},"RestartPolicy":{"Name":"no","MaximumRetryCount":0},"AutoRemove":false,"VolumeDriver":"","VolumesFrom":[],"ConsoleSize":[0,0],"CapAdd":null,"CapDrop":null,"CgroupnsMode":"host","Dns":null,"DnsOptions":null,"DnsSearch":null,"ExtraHosts":[],"GroupAdd":null,"IpcMode":"shareable","Cgroup":"","Links":null,"OomScoreAdj":0,"PidMode":"","Privileged":false,"PublishAllPorts":false,"ReadonlyRootfs":false,"SecurityOpt":null,"UTSMode":"","UsernsMode":"","ShmSize":67108864,"Runtime":"runc","Isolation":"","CpuShares":0,"Memory":0,"NanoCpus":0,"CgroupParent":"","BlkioWeight":0,"BlkioWeightDevice":null,"BlkioDeviceReadBps":null,"BlkioDeviceWriteBps":null,"BlkioDeviceReadIOps":null,"BlkioDeviceWriteIOps":null,"CpuPeriod":0,"CpuQuota":0,"CpuRealtimePeriod":0,"CpuRealtimeRuntime":0,"CpusetCpus":"","CpusetMems":"","Devices":null,"DeviceCgroupRules":null,"DeviceRequests":null,"MemoryReservation":0,"MemorySwap":0,"MemorySwappiness":null,"OomKillDisable":false,"PidsLimit":null,"Ulimits":null,"CpuCount":0,"CpuPercent":0,"IOMaximumIOps":0,"IOMaximumBandwidth":0,"MaskedPaths":["/proc/asound","/proc/acpi","/proc/kcore","/proc/keys","/proc/latency_stats","/proc/timer_list","/proc/timer_stats","/proc/sched_debug","/proc/scsi","/sys/firmware","/sys/devices/virtual/powercap"],"ReadonlyPaths":["/proc/bus","/proc/fs","/proc/irq","/proc/sys","/proc/sysrq-trigger"]},"GraphDriver":{"Data":{"LowerDir":"/var/lib/docker/overlay2/fd4d9c32badac715de67c33c9b031f94528792b864ef17b83ba40c4e3a8cf923-init/diff:/var/lib/docker/overlay2/8f0ddbd386af0785c2e348570516955816ab350305d698d363962d488eeb15ec/diff:/var/lib/docker/overlay2/0eb0ca73e9b0be7c3d7fa8762ef4778a68f38391bc84c037c2e90b88e781b475/diff:/var/lib/docker/overlay2/74e634bddc785c5d436b10a5158cd82e21dc2065fd1cf8ff9c1c12e01575a2d8/diff:/var/lib/docker/overlay2/bb918b2851cd2f508f1e3fdbfff8b7f8b041d61e65fe8c368288bf399e80b818/diff:/var/lib/docker/overlay2/2abab2946cbdc2941ee8ec4024c51dac7313dee9de5fbedd1ca33388c59eb3c8/diff:/var/lib/docker/overlay2/e12f6083ee669bd92743ceb339a896bb25dbe461b718705bb39eb410b80c0ecd/diff:/var/lib/docker/overlay2/ced1e86d670d097da5ed4da7288c22507735918959161c2cd8bf083fb30d169a/diff:/var/lib/docker/overlay2/94e9ac7b74923285ae73af20aeccb964ca9079e2305db367cb85d1603560472d/diff:/var/lib/docker/overlay2/a396b6dfd63f0c228c519871183c614cccf4d366a43460f27ecf97113c3c4be8/diff:/var/lib/docker/overlay2/f58ada5d5080c2bac553c734f81127660a90581a35ed2a92cebe3c59e340875b/diff:/var/lib/docker/overlay2/84f85636f37bf55d945e217b4f87a856eba7932284beaf042561007b66f48977/diff:/var/lib/docker/overlay2/1e6e519613884e91a2b74a588ba35dc8a2f789371ab798ef6e7d9836d756042f/diff:/var/lib/docker/overlay2/14a3151cc8b4f9d27d2e64f1a8abc0c7809309580f2d7e8dc8545055c1d56194/diff:/var/lib/docke"
2024-07-24 14:30:55.974 [Test worker] DEBUG c.g.d.z.s.o.a.hc.client5.http.wire - http-outgoing-24 << "r/overlay2/5b354b9e793401517fe2f1da697653fdaadffc54888eaf76d67e0600b8c68bdc/diff","MergedDir":"/var/lib/docker/overlay2/fd4d9c32badac715de67c33c9b031f94528792b864ef17b83ba40c4e3a8cf923/merged","UpperDir":"/var/lib/docker/overlay2/fd4d9c32badac715de67c33c9b031f94528792b864ef17b83ba40c4e3a8cf923/diff","WorkDir":"/var/lib/docker/overlay2/fd4d9c32badac715de67c33c9b031f94528792b864ef17b83ba40c4e3a8cf923/work"},"Name":"overlay2"},"Mounts":[{"Type":"volume","Name":"e0570b4ee6304e380b12638c25eb9fb329a82e1a317eb34f621052c41433e1f2","Source":"/var/lib/docker/volumes/e0570b4ee6304e380b12638c25eb9fb329a82e1a317eb34f621052c41433e1f2/_data","Destination":"/var/lib/postgresql/data","Driver":"local","Mode":"","RW":true,"Propagation":""}],"Config":{"Hostname":"a7abbe77a593","Domainname":"","User":"","AttachStdin":false,"AttachStdout":false,"AttachStderr":false,"ExposedPorts":{"5432/tcp":{}},"Tty":false,"OpenStdin":false,"StdinOnce":false,"Env":["POSTGRES_USER=user","POSTGRES_PASSWORD=password","POSTGRES_DB=db","PATH=/usr/local/sbin:/usr/local/bin:/usr/sbin:/usr/bin:/sbin:/bin:/usr/lib/postgresql/16/bin","GOSU_VERSION=1.17","LANG=en_US.utf8","PG_MAJOR=16","PG_VERSION=16.2-1.pgdg120+2","PGDATA=/var/lib/postgresql/data"],"Cmd":["postgres","-c","fsync=off"],"Image":"postgres:latest","Volumes":{"/var/lib/postgresql/data":{}},"WorkingDir":"","Entrypoint":["docker-entrypoint.sh"],"OnBuild":null,"Labels":{"org.testcontainers":"true","org.testcontainers.lang":"java","org.testcontainers.sessionId":"280e6229-7396-4d60-b1e3-a5de48b5d49b","org.testcontainers.version":"1.19.8"},"StopSignal":"SIGINT"},"NetworkSettings":{"Bridge":"","SandboxID":"958395a82368ce934db558fe54637c4fdde97ab4a4655ede24e95aec8369376b","SandboxKey":"/var/run/docker/netns/958395a82368","Ports":{"5432/tcp":[{"HostIp":"0.0.0.0","HostPort":"51584"}]},"HairpinMode":false,"LinkLocalIPv6Address":"","LinkLocalIPv6PrefixLen":0,"SecondaryIPAddresses":null,"SecondaryIPv6Addresses":null,"EndpointID":"3d777c7e735cd21bdba9e888ec7d06cada4f56c3782733d89e65c0ac85afd9c7","Gateway":"172.17.0.1","GlobalIPv6Address":"","GlobalIPv6PrefixLen":0,"IPAddress":"172.17.0.3","IPPrefixLen":16,"IPv6Gateway":"","MacAddress":"02:42:ac:11:00:03","Networks":{"bridge":{"IPAMConfig":null,"Links":null,"Aliases":null,"MacAddress":"02:42:ac:11:00:03","NetworkID":"3c842496be344cbdae878c1dee0957e7bc7c0a2236009c92752030f2b053e72f","EndpointID":"3d777c7e735cd21bdba9e888ec7d06cada4f56c3782733d89e65c0ac85afd9c7","Gateway":"172.17.0.1","IPAddress":"172.17.0.3","IPPrefixLen":16,"IPv6Gateway":"","GlobalIPv6Address":"","GlobalIPv6PrefixLen":0,"DriverOpts":null,"DNSNames":null}}}}[\n]"
2024-07-24 14:30:55.975 [Test worker] DEBUG c.g.d.z.s.o.a.hc.client5.http.wire - http-outgoing-24 << "[\r][\n]"
2024-07-24 14:30:55.975 [Test worker] DEBUG c.g.d.z.s.o.a.hc.client5.http.wire - http-outgoing-24 << "0[\r][\n]"
2024-07-24 14:30:55.975 [Test worker] DEBUG c.g.d.z.s.o.a.hc.client5.http.wire - http-outgoing-24 << "[\r][\n]"
2024-07-24 14:30:55.975 [Test worker] DEBUG c.g.d.z.s.o.a.h.c.h.i.c.InternalHttpClient - ep-00000101: releasing valid endpoint
2024-07-24 14:30:55.975 [Test worker] DEBUG c.g.d.z.s.o.a.h.c.h.i.i.PoolingHttpClientConnectionManager - ep-00000101: releasing endpoint
2024-07-24 14:30:55.975 [Test worker] DEBUG c.g.d.z.s.o.a.h.c.h.i.i.PoolingHttpClientConnectionManager - ep-00000101: connection http-outgoing-24 can be kept alive for 3 MINUTES
2024-07-24 14:30:55.975 [Test worker] DEBUG c.g.d.z.s.o.a.h.c.h.i.i.PoolingHttpClientConnectionManager - ep-00000101: connection released [route: {}->npipe://localhost:2375][total available: 1; route allocated: 1 of 2147483647; total allocated: 1 of 2147483647]
2024-07-24 14:30:55.975 [Test worker] DEBUG tc.postgres:latest - Trying to create JDBC connection using org.postgresql.Driver to jdbc:postgresql://localhost:51584/db?loggerLevel=OFF with properties: {password=password, user=user}
2024-07-24 14:30:55.993 [Test worker] DEBUG o.t.jdbc.JdbcDatabaseDelegate - false returned as updateCount for SQL: drop table if exists WorkedOn
2024-07-24 14:30:55.994 [Test worker] DEBUG o.t.jdbc.JdbcDatabaseDelegate - false returned as updateCount for SQL: drop table if exists SequenceLine
2024-07-24 14:30:55.995 [Test worker] DEBUG o.t.jdbc.JdbcDatabaseDelegate - false returned as updateCount for SQL: drop table if exists WorkOrder
2024-07-24 14:30:55.996 [Test worker] DEBUG o.t.jdbc.JdbcDatabaseDelegate - false returned as updateCount for SQL: drop table if exists SequenceHeader
2024-07-24 14:30:55.997 [Test worker] DEBUG o.t.jdbc.JdbcDatabaseDelegate - false returned as updateCount for SQL: drop table if exists SaleOrderLine
2024-07-24 14:30:55.998 [Test worker] DEBUG o.t.jdbc.JdbcDatabaseDelegate - false returned as updateCount for SQL: drop table if exists SaleOrderHeader
2024-07-24 14:30:55.999 [Test worker] DEBUG o.t.jdbc.JdbcDatabaseDelegate - false returned as updateCount for SQL: drop table if exists Staff
2024-07-24 14:30:56.000 [Test worker] DEBUG o.t.jdbc.JdbcDatabaseDelegate - false returned as updateCount for SQL: drop table if exists WorkStation
2024-07-24 14:30:56.000 [Test worker] DEBUG o.t.jdbc.JdbcDatabaseDelegate - false returned as updateCount for SQL: drop table if exists Part
2024-07-24 14:30:56.001 [Test worker] DEBUG o.t.jdbc.JdbcDatabaseDelegate - false returned as updateCount for SQL: drop table if exists Customer
2024-07-24 14:30:56.005 [Test worker] DEBUG o.t.jdbc.JdbcDatabaseDelegate - false returned as updateCount for SQL: create table Customer ( customerId VarChar(8) PRIMARY Key, name VarChar(100) not null, address VarChar(500) not null )
2024-07-24 14:30:56.007 [Test worker] DEBUG o.t.jdbc.JdbcDatabaseDelegate - false returned as updateCount for SQL: create table Part ( partId VarChar(6) PRIMARY KEY, inventory Int not null, name VarChar(100) not null )
2024-07-24 14:30:56.008 [Test worker] DEBUG o.t.jdbc.JdbcDatabaseDelegate - false returned as updateCount for SQL: create table WorkStation ( name VarChar(50) PRIMARY KEY )
2024-07-24 14:30:56.009 [Test worker] DEBUG o.t.jdbc.JdbcDatabaseDelegate - false returned as updateCount for SQL: create table Staff ( staffID VarChar(6) PRIMARY KEY, name VarChar(100) not null )
2024-07-24 14:30:56.012 [Test worker] DEBUG o.t.jdbc.JdbcDatabaseDelegate - false returned as updateCount for SQL: create table SaleOrderHeader ( soHeaderId VarChar(6) PRIMARY key , customerId VarChar(8) not null references Customer (customerId) )
2024-07-24 14:30:56.013 [Test worker] DEBUG o.t.jdbc.JdbcDatabaseDelegate - false returned as updateCount for SQL: create table SaleOrderLine ( soLineId VarChar(6), soHeaderId VarChar(6) references SaleOrderHeader (soHeaderID), dateDue Date not null, partID VarChar(6) not null references Part(partId), PRIMARY KEY (soLineId,soHeaderId) )
2024-07-24 14:30:56.015 [Test worker] DEBUG o.t.jdbc.JdbcDatabaseDelegate - false returned as updateCount for SQL: create table SequenceHeader ( seqHeaderId VarChar(6) PRIMARY KEY, partId VarChar(6) not null references Part(partId) )
2024-07-24 14:30:56.017 [Test worker] DEBUG o.t.jdbc.JdbcDatabaseDelegate - false returned as updateCount for SQL: create table WorkOrder ( workOrderId VarChar(8) PRIMARY KEY, seqHeaderId VarChar(6) not null REFERENCES SequenceHeader (seqHeaderId), soLineId VarChar(6) not null, soHeaderId VarChar(6) not null, quanity Int not null, FOREIGN KEY (soLineId,soHeaderId) REFERENCES SaleOrderLine (soLineId,soHeaderId) )
2024-07-24 14:30:56.018 [Test worker] DEBUG o.t.jdbc.JdbcDatabaseDelegate - false returned as updateCount for SQL: create table SequenceLine ( seqLineId VarChar(10), seqHeaderId VarChar(6) references SequenceHeader (seqHeaderId), workStation VarChar(50) not null references WorkStation(name), PRIMARY KEY(seqLineId,seqHeaderId) )
2024-07-24 14:30:56.020 [Test worker] DEBUG o.t.jdbc.JdbcDatabaseDelegate - false returned as updateCount for SQL: create table WorkedOn ( staffId VarChar(8) references Staff (staffId), seqHeaderId VarChar(6), seqLineId VarChar(10), workOrderId VarChar(50) references WorkOrder(workOrderId), PRIMARY key (staffId,seqHeaderId,seqLineId,workOrderId), FOREIGN KEY (seqHeaderId,seqLineId) REFERENCES SequenceLine (seqHeaderId,seqLineId) )
2024-07-24 14:30:56.020 [Test worker] INFO  org.testcontainers.ext.ScriptUtils - Executed database script from sql/init.sql in 52 ms.
2024-07-24 14:30:56.041 [Test worker] DEBUG o.t.s.c.g.d.c.command.AbstrDockerCmd - Cmd: a7abbe77a59372ae8d3288d74f88a72e3a16c20aadcfa3cc641b58ef3a45ceb1,false
2024-07-24 14:30:56.041 [Test worker] DEBUG o.t.s.c.g.d.c.e.InspectContainerCmdExec - GET: DefaultWebTarget{path=[/containers/a7abbe77a59372ae8d3288d74f88a72e3a16c20aadcfa3cc641b58ef3a45ceb1/json], queryParams={}}
2024-07-24 14:30:56.042 [Test worker] DEBUG c.g.d.z.s.o.a.h.c.h.i.c.InternalHttpClient - ex-00000103: preparing request execution
2024-07-24 14:30:56.042 [Test worker] DEBUG c.g.d.z.s.o.a.h.c.h.p.RequestAddCookies - Cookie spec selected: strict
2024-07-24 14:30:56.042 [Test worker] DEBUG c.g.d.z.s.o.a.h.c.h.p.RequestAuthCache - Auth cache not set in the context
2024-07-24 14:30:56.042 [Test worker] DEBUG c.g.d.z.s.o.a.h.c.h.i.c.ProtocolExec - ex-00000103: target auth state: UNCHALLENGED
2024-07-24 14:30:56.042 [Test worker] DEBUG c.g.d.z.s.o.a.h.c.h.i.c.ProtocolExec - ex-00000103: proxy auth state: UNCHALLENGED
2024-07-24 14:30:56.042 [Test worker] DEBUG c.g.d.z.s.o.a.h.c.h.i.c.ConnectExec - ex-00000103: acquiring connection with route {}->npipe://localhost:2375
2024-07-24 14:30:56.042 [Test worker] DEBUG c.g.d.z.s.o.a.h.c.h.i.c.InternalHttpClient - ex-00000103: acquiring endpoint (3 MINUTES)
2024-07-24 14:30:56.042 [Test worker] DEBUG c.g.d.z.s.o.a.h.c.h.i.i.PoolingHttpClientConnectionManager - ex-00000103: endpoint lease request (3 MINUTES) [route: {}->npipe://localhost:2375][total available: 1; route allocated: 1 of 2147483647; total allocated: 1 of 2147483647]
2024-07-24 14:30:56.042 [Test worker] DEBUG c.g.d.z.s.o.a.h.c.h.i.i.PoolingHttpClientConnectionManager - ex-00000103: endpoint leased [route: {}->npipe://localhost:2375][total available: 0; route allocated: 1 of 2147483647; total allocated: 1 of 2147483647]
2024-07-24 14:30:56.042 [Test worker] DEBUG c.g.d.z.s.o.a.h.c.h.i.i.PoolingHttpClientConnectionManager - ex-00000103: acquired ep-00000102
2024-07-24 14:30:56.042 [Test worker] DEBUG c.g.d.z.s.o.a.h.c.h.i.c.InternalHttpClient - ex-00000103: acquired endpoint ep-00000102
2024-07-24 14:30:56.042 [Test worker] DEBUG c.g.d.z.s.o.a.h.c.h.i.c.MainClientExec - ex-00000103: executing GET /v1.32/containers/a7abbe77a59372ae8d3288d74f88a72e3a16c20aadcfa3cc641b58ef3a45ceb1/json HTTP/1.1
2024-07-24 14:30:56.042 [Test worker] DEBUG c.g.d.z.s.o.a.h.c.h.i.c.InternalHttpClient - ep-00000102: start execution ex-00000103
2024-07-24 14:30:56.042 [Test worker] DEBUG c.g.d.z.s.o.a.h.c.h.i.i.PoolingHttpClientConnectionManager - ep-00000102: executing exchange ex-00000103 over http-outgoing-24
2024-07-24 14:30:56.042 [Test worker] DEBUG c.g.d.z.s.o.a.h.client5.http.headers - http-outgoing-24 >> GET /v1.32/containers/a7abbe77a59372ae8d3288d74f88a72e3a16c20aadcfa3cc641b58ef3a45ceb1/json HTTP/1.1
2024-07-24 14:30:56.042 [Test worker] DEBUG c.g.d.z.s.o.a.h.client5.http.headers - http-outgoing-24 >> accept: application/json
2024-07-24 14:30:56.042 [Test worker] DEBUG c.g.d.z.s.o.a.h.client5.http.headers - http-outgoing-24 >> x-tc-sid: 280e6229-7396-4d60-b1e3-a5de48b5d49b
2024-07-24 14:30:56.042 [Test worker] DEBUG c.g.d.z.s.o.a.h.client5.http.headers - http-outgoing-24 >> User-Agent: tc-java/1.19.8
2024-07-24 14:30:56.042 [Test worker] DEBUG c.g.d.z.s.o.a.h.client5.http.headers - http-outgoing-24 >> Accept-Encoding: gzip, x-gzip, deflate
2024-07-24 14:30:56.042 [Test worker] DEBUG c.g.d.z.s.o.a.h.client5.http.headers - http-outgoing-24 >> Host: localhost:2375
2024-07-24 14:30:56.042 [Test worker] DEBUG c.g.d.z.s.o.a.h.client5.http.headers - http-outgoing-24 >> Connection: keep-alive
2024-07-24 14:30:56.042 [Test worker] DEBUG c.g.d.z.s.o.a.hc.client5.http.wire - http-outgoing-24 >> "GET /v1.32/containers/a7abbe77a59372ae8d3288d74f88a72e3a16c20aadcfa3cc641b58ef3a45ceb1/json HTTP/1.1[\r][\n]"
2024-07-24 14:30:56.042 [Test worker] DEBUG c.g.d.z.s.o.a.hc.client5.http.wire - http-outgoing-24 >> "accept: application/json[\r][\n]"
2024-07-24 14:30:56.042 [Test worker] DEBUG c.g.d.z.s.o.a.hc.client5.http.wire - http-outgoing-24 >> "x-tc-sid: 280e6229-7396-4d60-b1e3-a5de48b5d49b[\r][\n]"
2024-07-24 14:30:56.042 [Test worker] DEBUG c.g.d.z.s.o.a.hc.client5.http.wire - http-outgoing-24 >> "User-Agent: tc-java/1.19.8[\r][\n]"
2024-07-24 14:30:56.042 [Test worker] DEBUG c.g.d.z.s.o.a.hc.client5.http.wire - http-outgoing-24 >> "Accept-Encoding: gzip, x-gzip, deflate[\r][\n]"
2024-07-24 14:30:56.042 [Test worker] DEBUG c.g.d.z.s.o.a.hc.client5.http.wire - http-outgoing-24 >> "Host: localhost:2375[\r][\n]"
2024-07-24 14:30:56.042 [Test worker] DEBUG c.g.d.z.s.o.a.hc.client5.http.wire - http-outgoing-24 >> "Connection: keep-alive[\r][\n]"
2024-07-24 14:30:56.042 [Test worker] DEBUG c.g.d.z.s.o.a.hc.client5.http.wire - http-outgoing-24 >> "[\r][\n]"
2024-07-24 14:30:56.045 [Test worker] DEBUG c.g.d.z.s.o.a.hc.client5.http.wire - http-outgoing-24 << "HTTP/1.1 200 OK[\r][\n]"
2024-07-24 14:30:56.045 [Test worker] DEBUG c.g.d.z.s.o.a.hc.client5.http.wire - http-outgoing-24 << "Api-Version: 1.45[\r][\n]"
2024-07-24 14:30:56.045 [Test worker] DEBUG c.g.d.z.s.o.a.hc.client5.http.wire - http-outgoing-24 << "Content-Type: application/json[\r][\n]"
2024-07-24 14:30:56.045 [Test worker] DEBUG c.g.d.z.s.o.a.hc.client5.http.wire - http-outgoing-24 << "Date: Wed, 24 Jul 2024 02:30:56 GMT[\r][\n]"
2024-07-24 14:30:56.045 [Test worker] DEBUG c.g.d.z.s.o.a.hc.client5.http.wire - http-outgoing-24 << "Docker-Experimental: false[\r][\n]"
2024-07-24 14:30:56.045 [Test worker] DEBUG c.g.d.z.s.o.a.hc.client5.http.wire - http-outgoing-24 << "Ostype: linux[\r][\n]"
2024-07-24 14:30:56.045 [Test worker] DEBUG c.g.d.z.s.o.a.hc.client5.http.wire - http-outgoing-24 << "Server: Docker/26.0.0 (linux)[\r][\n]"
2024-07-24 14:30:56.045 [Test worker] DEBUG c.g.d.z.s.o.a.hc.client5.http.wire - http-outgoing-24 << "Transfer-Encoding: chunked[\r][\n]"
2024-07-24 14:30:56.045 [Test worker] DEBUG c.g.d.z.s.o.a.hc.client5.http.wire - http-outgoing-24 << "[\r][\n]"
2024-07-24 14:30:56.045 [Test worker] DEBUG c.g.d.z.s.o.a.h.client5.http.headers - http-outgoing-24 << HTTP/1.1 200 OK
2024-07-24 14:30:56.046 [Test worker] DEBUG c.g.d.z.s.o.a.h.client5.http.headers - http-outgoing-24 << Api-Version: 1.45
2024-07-24 14:30:56.046 [Test worker] DEBUG c.g.d.z.s.o.a.h.client5.http.headers - http-outgoing-24 << Content-Type: application/json
2024-07-24 14:30:56.046 [Test worker] DEBUG c.g.d.z.s.o.a.h.client5.http.headers - http-outgoing-24 << Date: Wed, 24 Jul 2024 02:30:56 GMT
2024-07-24 14:30:56.046 [Test worker] DEBUG c.g.d.z.s.o.a.h.client5.http.headers - http-outgoing-24 << Docker-Experimental: false
2024-07-24 14:30:56.046 [Test worker] DEBUG c.g.d.z.s.o.a.h.client5.http.headers - http-outgoing-24 << Ostype: linux
2024-07-24 14:30:56.046 [Test worker] DEBUG c.g.d.z.s.o.a.h.client5.http.headers - http-outgoing-24 << Server: Docker/26.0.0 (linux)
2024-07-24 14:30:56.046 [Test worker] DEBUG c.g.d.z.s.o.a.h.client5.http.headers - http-outgoing-24 << Transfer-Encoding: chunked
2024-07-24 14:30:56.046 [Test worker] DEBUG c.g.d.z.s.o.a.h.c.h.i.c.MainClientExec - ex-00000103: connection can be kept alive for 3 MINUTES
2024-07-24 14:30:56.047 [Test worker] DEBUG c.g.d.z.s.o.a.hc.client5.http.wire - http-outgoing-24 << "1a36[\r][\n]"
2024-07-24 14:30:56.047 [Test worker] DEBUG c.g.d.z.s.o.a.hc.client5.http.wire - http-outgoing-24 << "{"Id":"a7abbe77a59372ae8d3288d74f88a72e3a16c20aadcfa3cc641b58ef3a45ceb1","Created":"2024-07-24T02:30:54.047299807Z","Path":"docker-entrypoint.sh","Args":["postgres","-c","fsync=off"],"State":{"Status":"running","Running":true,"Paused":false,"Restarting":false,"OOMKilled":false,"Dead":false,"Pid":31050,"ExitCode":0,"Error":"","StartedAt":"2024-07-24T02:30:54.510634964Z","FinishedAt":"0001-01-01T00:00:00Z"},"Image":"sha256:8e4fc9e184899a58735e7ee333f5e272d7d2298cf59302006b71f33e217be130","ResolvConfPath":"/var/lib/docker/containers/a7abbe77a59372ae8d3288d74f88a72e3a16c20aadcfa3cc641b58ef3a45ceb1/resolv.conf","HostnamePath":"/var/lib/docker/containers/a7abbe77a59372ae8d3288d74f88a72e3a16c20aadcfa3cc641b58ef3a45ceb1/hostname","HostsPath":"/var/lib/docker/containers/a7abbe77a59372ae8d3288d74f88a72e3a16c20aadcfa3cc641b58ef3a45ceb1/hosts","LogPath":"/var/lib/docker/containers/a7abbe77a59372ae8d3288d74f88a72e3a16c20aadcfa3cc641b58ef3a45ceb1/a7abbe77a59372ae8d3288d74f88a72e3a16c20aadcfa3cc641b58ef3a45ceb1-json.log","Name":"/crazy_noether","RestartCount":0,"Driver":"overlay2","Platform":"linux","MountLabel":"","ProcessLabel":"","AppArmorProfile":"","ExecIDs":null,"HostConfig":{"Binds":[],"ContainerIDFile":"","LogConfig":{"Type":"json-file","Config":{}},"NetworkMode":"default","PortBindings":{"5432/tcp":[{"HostIp":"0.0.0.0","HostPort":"0"}]},"RestartPolicy":{"Name":"no","MaximumRetryCount":0},"AutoRemove":false,"VolumeDriver":"","VolumesFrom":[],"ConsoleSize":[0,0],"CapAdd":null,"CapDrop":null,"CgroupnsMode":"host","Dns":null,"DnsOptions":null,"DnsSearch":null,"ExtraHosts":[],"GroupAdd":null,"IpcMode":"shareable","Cgroup":"","Links":null,"OomScoreAdj":0,"PidMode":"","Privileged":false,"PublishAllPorts":false,"ReadonlyRootfs":false,"SecurityOpt":null,"UTSMode":"","UsernsMode":"","ShmSize":67108864,"Runtime":"runc","Isolation":"","CpuShares":0,"Memory":0,"NanoCpus":0,"CgroupParent":"","BlkioWeight":0,"BlkioWeightDevice":null,"BlkioDeviceReadBps":null,"BlkioDeviceWriteBps":null,"BlkioDeviceReadIOps":null,"BlkioDeviceWriteIOps":null,"CpuPeriod":0,"CpuQuota":0,"CpuRealtimePeriod":0,"CpuRealtimeRuntime":0,"CpusetCpus":"","CpusetMems":"","Devices":null,"DeviceCgroupRules":null,"DeviceRequests":null,"MemoryReservation":0,"MemorySwap":0,"MemorySwappiness":null,"OomKillDisable":false,"PidsLimit":null,"Ulimits":null,"CpuCount":0,"CpuPercent":0,"IOMaximumIOps":0,"IOMaximumBandwidth":0,"MaskedPaths":["/proc/asound","/proc/acpi","/proc/kcore","/proc/keys","/proc/latency_stats","/proc/timer_list","/proc/timer_stats","/proc/sched_debug","/proc/scsi","/sys/firmware","/sys/devices/virtual/powercap"],"ReadonlyPaths":["/proc/bus","/proc/fs","/proc/irq","/proc/sys","/proc/sysrq-trigger"]},"GraphDriver":{"Data":{"LowerDir":"/var/lib/docker/overlay2/fd4d9c32badac715de67c33c9b031f94528792b864ef17b83ba40c4e3a8cf923-init/diff:/var/lib/docker/overlay2/8f0ddbd386af0785c2e348570516955816ab350305d698d363962d488eeb15ec/diff:/var/lib/docker/overlay2/0eb0ca73e9b0be7c3d7fa8762ef4778a68f38391bc84c037c2e90b88e781b475/diff:/var/lib/docker/overlay2/74e634bddc785c5d436b10a5158cd82e21dc2065fd1cf8ff9c1c12e01575a2d8/diff:/var/lib/docker/overlay2/bb918b2851cd2f508f1e3fdbfff8b7f8b041d61e65fe8c368288bf399e80b818/diff:/var/lib/docker/overlay2/2abab2946cbdc2941ee8ec4024c51dac7313dee9de5fbedd1ca33388c59eb3c8/diff:/var/lib/docker/overlay2/e12f6083ee669bd92743ceb339a896bb25dbe461b718705bb39eb410b80c0ecd/diff:/var/lib/docker/overlay2/ced1e86d670d097da5ed4da7288c22507735918959161c2cd8bf083fb30d169a/diff:/var/lib/docker/overlay2/94e9ac7b74923285ae73af20aeccb964ca9079e2305db367cb85d1603560472d/diff:/var/lib/docker/overlay2/a396b6dfd63f0c228c519871183c614cccf4d366a43460f27ecf97113c3c4be8/diff:/var/lib/docker/overlay2/f58ada5d5080c2bac553c734f81127660a90581a35ed2a92cebe3c59e340875b/diff:/var/lib/docker/overlay2/84f85636f37bf55d945e217b4f87a856eba7932284beaf042561007b66f48977/diff:/var/lib/docker/overlay2/1e6e519613884e91a2b74a588ba35dc8a2f789371ab798ef6e7d9836d756042f/diff:/var/lib/docker/overlay2/14a3151cc8b4f9d27d2e64f1a8abc0c7809309580f2d7e8dc8545055c1d56194/diff:/var/lib/docke"
2024-07-24 14:30:56.047 [Test worker] DEBUG c.g.d.z.s.o.a.hc.client5.http.wire - http-outgoing-24 << "r/overlay2/5b354b9e793401517fe2f1da697653fdaadffc54888eaf76d67e0600b8c68bdc/diff","MergedDir":"/var/lib/docker/overlay2/fd4d9c32badac715de67c33c9b031f94528792b864ef17b83ba40c4e3a8cf923/merged","UpperDir":"/var/lib/docker/overlay2/fd4d9c32badac715de67c33c9b031f94528792b864ef17b83ba40c4e3a8cf923/diff","WorkDir":"/var/lib/docker/overlay2/fd4d9c32badac715de67c33c9b031f94528792b864ef17b83ba40c4e3a8cf923/work"},"Name":"overlay2"},"Mounts":[{"Type":"volume","Name":"e0570b4ee6304e380b12638c25eb9fb329a82e1a317eb34f621052c41433e1f2","Source":"/var/lib/docker/volumes/e0570b4ee6304e380b12638c25eb9fb329a82e1a317eb34f621052c41433e1f2/_data","Destination":"/var/lib/postgresql/data","Driver":"local","Mode":"","RW":true,"Propagation":""}],"Config":{"Hostname":"a7abbe77a593","Domainname":"","User":"","AttachStdin":false,"AttachStdout":false,"AttachStderr":false,"ExposedPorts":{"5432/tcp":{}},"Tty":false,"OpenStdin":false,"StdinOnce":false,"Env":["POSTGRES_USER=user","POSTGRES_PASSWORD=password","POSTGRES_DB=db","PATH=/usr/local/sbin:/usr/local/bin:/usr/sbin:/usr/bin:/sbin:/bin:/usr/lib/postgresql/16/bin","GOSU_VERSION=1.17","LANG=en_US.utf8","PG_MAJOR=16","PG_VERSION=16.2-1.pgdg120+2","PGDATA=/var/lib/postgresql/data"],"Cmd":["postgres","-c","fsync=off"],"Image":"postgres:latest","Volumes":{"/var/lib/postgresql/data":{}},"WorkingDir":"","Entrypoint":["docker-entrypoint.sh"],"OnBuild":null,"Labels":{"org.testcontainers":"true","org.testcontainers.lang":"java","org.testcontainers.sessionId":"280e6229-7396-4d60-b1e3-a5de48b5d49b","org.testcontainers.version":"1.19.8"},"StopSignal":"SIGINT"},"NetworkSettings":{"Bridge":"","SandboxID":"958395a82368ce934db558fe54637c4fdde97ab4a4655ede24e95aec8369376b","SandboxKey":"/var/run/docker/netns/958395a82368","Ports":{"5432/tcp":[{"HostIp":"0.0.0.0","HostPort":"51584"}]},"HairpinMode":false,"LinkLocalIPv6Address":"","LinkLocalIPv6PrefixLen":0,"SecondaryIPAddresses":null,"SecondaryIPv6Addresses":null,"EndpointID":"3d777c7e735cd21bdba9e888ec7d06cada4f56c3782733d89e65c0ac85afd9c7","Gateway":"172.17.0.1","GlobalIPv6Address":"","GlobalIPv6PrefixLen":0,"IPAddress":"172.17.0.3","IPPrefixLen":16,"IPv6Gateway":"","MacAddress":"02:42:ac:11:00:03","Networks":{"bridge":{"IPAMConfig":null,"Links":null,"Aliases":null,"MacAddress":"02:42:ac:11:00:03","NetworkID":"3c842496be344cbdae878c1dee0957e7bc7c0a2236009c92752030f2b053e72f","EndpointID":"3d777c7e735cd21bdba9e888ec7d06cada4f56c3782733d89e65c0ac85afd9c7","Gateway":"172.17.0.1","IPAddress":"172.17.0.3","IPPrefixLen":16,"IPv6Gateway":"","GlobalIPv6Address":"","GlobalIPv6PrefixLen":0,"DriverOpts":null,"DNSNames":null}}}}[\n]"
2024-07-24 14:30:56.047 [Test worker] DEBUG c.g.d.z.s.o.a.hc.client5.http.wire - http-outgoing-24 << "[\r][\n]"
2024-07-24 14:30:56.047 [Test worker] DEBUG c.g.d.z.s.o.a.hc.client5.http.wire - http-outgoing-24 << "0[\r][\n]"
2024-07-24 14:30:56.047 [Test worker] DEBUG c.g.d.z.s.o.a.hc.client5.http.wire - http-outgoing-24 << "[\r][\n]"
2024-07-24 14:30:56.047 [Test worker] DEBUG c.g.d.z.s.o.a.h.c.h.i.c.InternalHttpClient - ep-00000102: releasing valid endpoint
2024-07-24 14:30:56.047 [Test worker] DEBUG c.g.d.z.s.o.a.h.c.h.i.i.PoolingHttpClientConnectionManager - ep-00000102: releasing endpoint
2024-07-24 14:30:56.047 [Test worker] DEBUG c.g.d.z.s.o.a.h.c.h.i.i.PoolingHttpClientConnectionManager - ep-00000102: connection http-outgoing-24 can be kept alive for 3 MINUTES
2024-07-24 14:30:56.047 [Test worker] DEBUG c.g.d.z.s.o.a.h.c.h.i.i.PoolingHttpClientConnectionManager - ep-00000102: connection released [route: {}->npipe://localhost:2375][total available: 1; route allocated: 1 of 2147483647; total allocated: 1 of 2147483647]
2024-07-24 14:30:56.047 [Test worker] TRACE o.t.utility.ResourceReaper - Stopping container: a7abbe77a59372ae8d3288d74f88a72e3a16c20aadcfa3cc641b58ef3a45ceb1
2024-07-24 14:30:56.047 [Test worker] DEBUG o.t.s.c.g.d.c.command.AbstrDockerCmd - Cmd: a7abbe77a59372ae8d3288d74f88a72e3a16c20aadcfa3cc641b58ef3a45ceb1,<null>
2024-07-24 14:30:56.048 [Test worker] TRACE o.t.s.c.g.d.c.e.KillContainerCmdExec - POST: DefaultWebTarget{path=[/containers/a7abbe77a59372ae8d3288d74f88a72e3a16c20aadcfa3cc641b58ef3a45ceb1/kill], queryParams={}}
2024-07-24 14:30:56.048 [Test worker] DEBUG c.g.d.z.s.o.a.h.c.h.i.c.InternalHttpClient - ex-00000104: preparing request execution
2024-07-24 14:30:56.048 [Test worker] DEBUG c.g.d.z.s.o.a.h.c.h.p.RequestAddCookies - Cookie spec selected: strict
2024-07-24 14:30:56.048 [Test worker] DEBUG c.g.d.z.s.o.a.h.c.h.p.RequestAuthCache - Auth cache not set in the context
2024-07-24 14:30:56.048 [Test worker] DEBUG c.g.d.z.s.o.a.h.c.h.i.c.ProtocolExec - ex-00000104: target auth state: UNCHALLENGED
2024-07-24 14:30:56.048 [Test worker] DEBUG c.g.d.z.s.o.a.h.c.h.i.c.ProtocolExec - ex-00000104: proxy auth state: UNCHALLENGED
2024-07-24 14:30:56.048 [Test worker] DEBUG c.g.d.z.s.o.a.h.c.h.i.c.ConnectExec - ex-00000104: acquiring connection with route {}->npipe://localhost:2375
2024-07-24 14:30:56.048 [Test worker] DEBUG c.g.d.z.s.o.a.h.c.h.i.c.InternalHttpClient - ex-00000104: acquiring endpoint (3 MINUTES)
2024-07-24 14:30:56.048 [Test worker] DEBUG c.g.d.z.s.o.a.h.c.h.i.i.PoolingHttpClientConnectionManager - ex-00000104: endpoint lease request (3 MINUTES) [route: {}->npipe://localhost:2375][total available: 1; route allocated: 1 of 2147483647; total allocated: 1 of 2147483647]
2024-07-24 14:30:56.048 [Test worker] DEBUG c.g.d.z.s.o.a.h.c.h.i.i.PoolingHttpClientConnectionManager - ex-00000104: endpoint leased [route: {}->npipe://localhost:2375][total available: 0; route allocated: 1 of 2147483647; total allocated: 1 of 2147483647]
2024-07-24 14:30:56.048 [Test worker] DEBUG c.g.d.z.s.o.a.h.c.h.i.i.PoolingHttpClientConnectionManager - ex-00000104: acquired ep-00000103
2024-07-24 14:30:56.048 [Test worker] DEBUG c.g.d.z.s.o.a.h.c.h.i.c.InternalHttpClient - ex-00000104: acquired endpoint ep-00000103
2024-07-24 14:30:56.048 [Test worker] DEBUG c.g.d.z.s.o.a.h.c.h.i.c.MainClientExec - ex-00000104: executing POST /v1.32/containers/a7abbe77a59372ae8d3288d74f88a72e3a16c20aadcfa3cc641b58ef3a45ceb1/kill HTTP/1.1
2024-07-24 14:30:56.048 [Test worker] DEBUG c.g.d.z.s.o.a.h.c.h.i.c.InternalHttpClient - ep-00000103: start execution ex-00000104
2024-07-24 14:30:56.048 [Test worker] DEBUG c.g.d.z.s.o.a.h.c.h.i.i.PoolingHttpClientConnectionManager - ep-00000103: executing exchange ex-00000104 over http-outgoing-24
2024-07-24 14:30:56.048 [Test worker] DEBUG c.g.d.z.s.o.a.h.client5.http.headers - http-outgoing-24 >> POST /v1.32/containers/a7abbe77a59372ae8d3288d74f88a72e3a16c20aadcfa3cc641b58ef3a45ceb1/kill HTTP/1.1
2024-07-24 14:30:56.048 [Test worker] DEBUG c.g.d.z.s.o.a.h.client5.http.headers - http-outgoing-24 >> accept: application/json
2024-07-24 14:30:56.048 [Test worker] DEBUG c.g.d.z.s.o.a.h.client5.http.headers - http-outgoing-24 >> content-type: application/json
2024-07-24 14:30:56.048 [Test worker] DEBUG c.g.d.z.s.o.a.h.client5.http.headers - http-outgoing-24 >> x-tc-sid: 280e6229-7396-4d60-b1e3-a5de48b5d49b
2024-07-24 14:30:56.048 [Test worker] DEBUG c.g.d.z.s.o.a.h.client5.http.headers - http-outgoing-24 >> User-Agent: tc-java/1.19.8
2024-07-24 14:30:56.048 [Test worker] DEBUG c.g.d.z.s.o.a.h.client5.http.headers - http-outgoing-24 >> Accept-Encoding: gzip, x-gzip, deflate
2024-07-24 14:30:56.048 [Test worker] DEBUG c.g.d.z.s.o.a.h.client5.http.headers - http-outgoing-24 >> Host: localhost:2375
2024-07-24 14:30:56.048 [Test worker] DEBUG c.g.d.z.s.o.a.h.client5.http.headers - http-outgoing-24 >> Connection: keep-alive
2024-07-24 14:30:56.048 [Test worker] DEBUG c.g.d.z.s.o.a.hc.client5.http.wire - http-outgoing-24 >> "POST /v1.32/containers/a7abbe77a59372ae8d3288d74f88a72e3a16c20aadcfa3cc641b58ef3a45ceb1/kill HTTP/1.1[\r][\n]"
2024-07-24 14:30:56.048 [Test worker] DEBUG c.g.d.z.s.o.a.hc.client5.http.wire - http-outgoing-24 >> "accept: application/json[\r][\n]"
2024-07-24 14:30:56.048 [Test worker] DEBUG c.g.d.z.s.o.a.hc.client5.http.wire - http-outgoing-24 >> "content-type: application/json[\r][\n]"
2024-07-24 14:30:56.048 [Test worker] DEBUG c.g.d.z.s.o.a.hc.client5.http.wire - http-outgoing-24 >> "x-tc-sid: 280e6229-7396-4d60-b1e3-a5de48b5d49b[\r][\n]"
2024-07-24 14:30:56.048 [Test worker] DEBUG c.g.d.z.s.o.a.hc.client5.http.wire - http-outgoing-24 >> "User-Agent: tc-java/1.19.8[\r][\n]"
2024-07-24 14:30:56.048 [Test worker] DEBUG c.g.d.z.s.o.a.hc.client5.http.wire - http-outgoing-24 >> "Accept-Encoding: gzip, x-gzip, deflate[\r][\n]"
2024-07-24 14:30:56.048 [Test worker] DEBUG c.g.d.z.s.o.a.hc.client5.http.wire - http-outgoing-24 >> "Host: localhost:2375[\r][\n]"
2024-07-24 14:30:56.048 [Test worker] DEBUG c.g.d.z.s.o.a.hc.client5.http.wire - http-outgoing-24 >> "Connection: keep-alive[\r][\n]"
2024-07-24 14:30:56.048 [Test worker] DEBUG c.g.d.z.s.o.a.hc.client5.http.wire - http-outgoing-24 >> "[\r][\n]"
2024-07-24 14:30:56.591 [Test worker] DEBUG c.g.d.z.s.o.a.hc.client5.http.wire - http-outgoing-24 << "HTTP/1.1 204 No Content[\r][\n]"
2024-07-24 14:30:56.591 [Test worker] DEBUG c.g.d.z.s.o.a.hc.client5.http.wire - http-outgoing-24 << "Api-Version: 1.45[\r][\n]"
2024-07-24 14:30:56.591 [Test worker] DEBUG c.g.d.z.s.o.a.hc.client5.http.wire - http-outgoing-24 << "Date: Wed, 24 Jul 2024 02:30:56 GMT[\r][\n]"
2024-07-24 14:30:56.591 [Test worker] DEBUG c.g.d.z.s.o.a.hc.client5.http.wire - http-outgoing-24 << "Docker-Experimental: false[\r][\n]"
2024-07-24 14:30:56.591 [Test worker] DEBUG c.g.d.z.s.o.a.hc.client5.http.wire - http-outgoing-24 << "Ostype: linux[\r][\n]"
2024-07-24 14:30:56.591 [Test worker] DEBUG c.g.d.z.s.o.a.hc.client5.http.wire - http-outgoing-24 << "Server: Docker/26.0.0 (linux)[\r][\n]"
2024-07-24 14:30:56.591 [Test worker] DEBUG c.g.d.z.s.o.a.hc.client5.http.wire - http-outgoing-24 << "[\r][\n]"
2024-07-24 14:30:56.591 [Test worker] DEBUG c.g.d.z.s.o.a.h.client5.http.headers - http-outgoing-24 << HTTP/1.1 204 No Content
2024-07-24 14:30:56.591 [Test worker] DEBUG c.g.d.z.s.o.a.h.client5.http.headers - http-outgoing-24 << Api-Version: 1.45
2024-07-24 14:30:56.591 [Test worker] DEBUG c.g.d.z.s.o.a.h.client5.http.headers - http-outgoing-24 << Date: Wed, 24 Jul 2024 02:30:56 GMT
2024-07-24 14:30:56.591 [Test worker] DEBUG c.g.d.z.s.o.a.h.client5.http.headers - http-outgoing-24 << Docker-Experimental: false
2024-07-24 14:30:56.591 [Test worker] DEBUG c.g.d.z.s.o.a.h.client5.http.headers - http-outgoing-24 << Ostype: linux
2024-07-24 14:30:56.591 [Test worker] DEBUG c.g.d.z.s.o.a.h.client5.http.headers - http-outgoing-24 << Server: Docker/26.0.0 (linux)
2024-07-24 14:30:56.591 [Test worker] DEBUG c.g.d.z.s.o.a.h.c.h.i.c.MainClientExec - ex-00000104: connection can be kept alive for 3 MINUTES
2024-07-24 14:30:56.591 [Test worker] DEBUG c.g.d.z.s.o.a.h.c.h.i.c.InternalHttpClient - ep-00000103: releasing valid endpoint
2024-07-24 14:30:56.591 [Test worker] DEBUG c.g.d.z.s.o.a.h.c.h.i.i.PoolingHttpClientConnectionManager - ep-00000103: releasing endpoint
2024-07-24 14:30:56.592 [Test worker] DEBUG c.g.d.z.s.o.a.h.c.h.i.i.PoolingHttpClientConnectionManager - ep-00000103: connection http-outgoing-24 can be kept alive for 3 MINUTES
2024-07-24 14:30:56.592 [Test worker] DEBUG c.g.d.z.s.o.a.h.c.h.i.i.PoolingHttpClientConnectionManager - ep-00000103: connection released [route: {}->npipe://localhost:2375][total available: 1; route allocated: 1 of 2147483647; total allocated: 1 of 2147483647]
2024-07-24 14:30:56.592 [Test worker] TRACE o.t.utility.ResourceReaper - Stopped container: postgres:latest
2024-07-24 14:30:56.592 [Test worker] DEBUG o.t.s.c.g.d.c.command.AbstrDockerCmd - Cmd: a7abbe77a59372ae8d3288d74f88a72e3a16c20aadcfa3cc641b58ef3a45ceb1,false
2024-07-24 14:30:56.593 [Test worker] DEBUG o.t.s.c.g.d.c.e.InspectContainerCmdExec - GET: DefaultWebTarget{path=[/containers/a7abbe77a59372ae8d3288d74f88a72e3a16c20aadcfa3cc641b58ef3a45ceb1/json], queryParams={}}
2024-07-24 14:30:56.593 [Test worker] DEBUG c.g.d.z.s.o.a.h.c.h.i.c.InternalHttpClient - ex-00000105: preparing request execution
2024-07-24 14:30:56.593 [Test worker] DEBUG c.g.d.z.s.o.a.h.c.h.p.RequestAddCookies - Cookie spec selected: strict
2024-07-24 14:30:56.593 [Test worker] DEBUG c.g.d.z.s.o.a.h.c.h.p.RequestAuthCache - Auth cache not set in the context
2024-07-24 14:30:56.593 [Test worker] DEBUG c.g.d.z.s.o.a.h.c.h.i.c.ProtocolExec - ex-00000105: target auth state: UNCHALLENGED
2024-07-24 14:30:56.593 [Test worker] DEBUG c.g.d.z.s.o.a.h.c.h.i.c.ProtocolExec - ex-00000105: proxy auth state: UNCHALLENGED
2024-07-24 14:30:56.593 [Test worker] DEBUG c.g.d.z.s.o.a.h.c.h.i.c.ConnectExec - ex-00000105: acquiring connection with route {}->npipe://localhost:2375
2024-07-24 14:30:56.593 [Test worker] DEBUG c.g.d.z.s.o.a.h.c.h.i.c.InternalHttpClient - ex-00000105: acquiring endpoint (3 MINUTES)
2024-07-24 14:30:56.593 [Test worker] DEBUG c.g.d.z.s.o.a.h.c.h.i.i.PoolingHttpClientConnectionManager - ex-00000105: endpoint lease request (3 MINUTES) [route: {}->npipe://localhost:2375][total available: 1; route allocated: 1 of 2147483647; total allocated: 1 of 2147483647]
2024-07-24 14:30:56.593 [Test worker] DEBUG c.g.d.z.s.o.a.h.c.h.i.i.PoolingHttpClientConnectionManager - ex-00000105: endpoint leased [route: {}->npipe://localhost:2375][total available: 0; route allocated: 1 of 2147483647; total allocated: 1 of 2147483647]
2024-07-24 14:30:56.593 [Test worker] DEBUG c.g.d.z.s.o.a.h.c.h.i.i.PoolingHttpClientConnectionManager - ex-00000105: acquired ep-00000104
2024-07-24 14:30:56.593 [Test worker] DEBUG c.g.d.z.s.o.a.h.c.h.i.c.InternalHttpClient - ex-00000105: acquired endpoint ep-00000104
2024-07-24 14:30:56.593 [Test worker] DEBUG c.g.d.z.s.o.a.h.c.h.i.c.MainClientExec - ex-00000105: executing GET /v1.32/containers/a7abbe77a59372ae8d3288d74f88a72e3a16c20aadcfa3cc641b58ef3a45ceb1/json HTTP/1.1
2024-07-24 14:30:56.593 [Test worker] DEBUG c.g.d.z.s.o.a.h.c.h.i.c.InternalHttpClient - ep-00000104: start execution ex-00000105
2024-07-24 14:30:56.593 [Test worker] DEBUG c.g.d.z.s.o.a.h.c.h.i.i.PoolingHttpClientConnectionManager - ep-00000104: executing exchange ex-00000105 over http-outgoing-24
2024-07-24 14:30:56.593 [Test worker] DEBUG c.g.d.z.s.o.a.h.client5.http.headers - http-outgoing-24 >> GET /v1.32/containers/a7abbe77a59372ae8d3288d74f88a72e3a16c20aadcfa3cc641b58ef3a45ceb1/json HTTP/1.1
2024-07-24 14:30:56.593 [Test worker] DEBUG c.g.d.z.s.o.a.h.client5.http.headers - http-outgoing-24 >> accept: application/json
2024-07-24 14:30:56.593 [Test worker] DEBUG c.g.d.z.s.o.a.h.client5.http.headers - http-outgoing-24 >> x-tc-sid: 280e6229-7396-4d60-b1e3-a5de48b5d49b
2024-07-24 14:30:56.593 [Test worker] DEBUG c.g.d.z.s.o.a.h.client5.http.headers - http-outgoing-24 >> User-Agent: tc-java/1.19.8
2024-07-24 14:30:56.593 [Test worker] DEBUG c.g.d.z.s.o.a.h.client5.http.headers - http-outgoing-24 >> Accept-Encoding: gzip, x-gzip, deflate
2024-07-24 14:30:56.593 [Test worker] DEBUG c.g.d.z.s.o.a.h.client5.http.headers - http-outgoing-24 >> Host: localhost:2375
2024-07-24 14:30:56.593 [Test worker] DEBUG c.g.d.z.s.o.a.h.client5.http.headers - http-outgoing-24 >> Connection: keep-alive
2024-07-24 14:30:56.593 [Test worker] DEBUG c.g.d.z.s.o.a.hc.client5.http.wire - http-outgoing-24 >> "GET /v1.32/containers/a7abbe77a59372ae8d3288d74f88a72e3a16c20aadcfa3cc641b58ef3a45ceb1/json HTTP/1.1[\r][\n]"
2024-07-24 14:30:56.593 [Test worker] DEBUG c.g.d.z.s.o.a.hc.client5.http.wire - http-outgoing-24 >> "accept: application/json[\r][\n]"
2024-07-24 14:30:56.593 [Test worker] DEBUG c.g.d.z.s.o.a.hc.client5.http.wire - http-outgoing-24 >> "x-tc-sid: 280e6229-7396-4d60-b1e3-a5de48b5d49b[\r][\n]"
2024-07-24 14:30:56.593 [Test worker] DEBUG c.g.d.z.s.o.a.hc.client5.http.wire - http-outgoing-24 >> "User-Agent: tc-java/1.19.8[\r][\n]"
2024-07-24 14:30:56.593 [Test worker] DEBUG c.g.d.z.s.o.a.hc.client5.http.wire - http-outgoing-24 >> "Accept-Encoding: gzip, x-gzip, deflate[\r][\n]"
2024-07-24 14:30:56.593 [Test worker] DEBUG c.g.d.z.s.o.a.hc.client5.http.wire - http-outgoing-24 >> "Host: localhost:2375[\r][\n]"
2024-07-24 14:30:56.593 [Test worker] DEBUG c.g.d.z.s.o.a.hc.client5.http.wire - http-outgoing-24 >> "Connection: keep-alive[\r][\n]"
2024-07-24 14:30:56.593 [Test worker] DEBUG c.g.d.z.s.o.a.hc.client5.http.wire - http-outgoing-24 >> "[\r][\n]"
2024-07-24 14:30:56.617 [Test worker] DEBUG c.g.d.z.s.o.a.hc.client5.http.wire - http-outgoing-24 << "HTTP/1.1 200 OK[\r][\n]"
2024-07-24 14:30:56.617 [Test worker] DEBUG c.g.d.z.s.o.a.hc.client5.http.wire - http-outgoing-24 << "Api-Version: 1.45[\r][\n]"
2024-07-24 14:30:56.617 [Test worker] DEBUG c.g.d.z.s.o.a.hc.client5.http.wire - http-outgoing-24 << "Content-Type: application/json[\r][\n]"
2024-07-24 14:30:56.617 [Test worker] DEBUG c.g.d.z.s.o.a.hc.client5.http.wire - http-outgoing-24 << "Date: Wed, 24 Jul 2024 02:30:56 GMT[\r][\n]"
2024-07-24 14:30:56.617 [Test worker] DEBUG c.g.d.z.s.o.a.hc.client5.http.wire - http-outgoing-24 << "Docker-Experimental: false[\r][\n]"
2024-07-24 14:30:56.617 [Test worker] DEBUG c.g.d.z.s.o.a.hc.client5.http.wire - http-outgoing-24 << "Ostype: linux[\r][\n]"
2024-07-24 14:30:56.617 [Test worker] DEBUG c.g.d.z.s.o.a.hc.client5.http.wire - http-outgoing-24 << "Server: Docker/26.0.0 (linux)[\r][\n]"
2024-07-24 14:30:56.617 [Test worker] DEBUG c.g.d.z.s.o.a.hc.client5.http.wire - http-outgoing-24 << "Transfer-Encoding: chunked[\r][\n]"
2024-07-24 14:30:56.617 [Test worker] DEBUG c.g.d.z.s.o.a.hc.client5.http.wire - http-outgoing-24 << "[\r][\n]"
2024-07-24 14:30:56.617 [Test worker] DEBUG c.g.d.z.s.o.a.h.client5.http.headers - http-outgoing-24 << HTTP/1.1 200 OK
2024-07-24 14:30:56.617 [Test worker] DEBUG c.g.d.z.s.o.a.h.client5.http.headers - http-outgoing-24 << Api-Version: 1.45
2024-07-24 14:30:56.617 [Test worker] DEBUG c.g.d.z.s.o.a.h.client5.http.headers - http-outgoing-24 << Content-Type: application/json
2024-07-24 14:30:56.617 [Test worker] DEBUG c.g.d.z.s.o.a.h.client5.http.headers - http-outgoing-24 << Date: Wed, 24 Jul 2024 02:30:56 GMT
2024-07-24 14:30:56.617 [Test worker] DEBUG c.g.d.z.s.o.a.h.client5.http.headers - http-outgoing-24 << Docker-Experimental: false
2024-07-24 14:30:56.617 [Test worker] DEBUG c.g.d.z.s.o.a.h.client5.http.headers - http-outgoing-24 << Ostype: linux
2024-07-24 14:30:56.617 [Test worker] DEBUG c.g.d.z.s.o.a.h.client5.http.headers - http-outgoing-24 << Server: Docker/26.0.0 (linux)
2024-07-24 14:30:56.617 [Test worker] DEBUG c.g.d.z.s.o.a.h.client5.http.headers - http-outgoing-24 << Transfer-Encoding: chunked
2024-07-24 14:30:56.617 [Test worker] DEBUG c.g.d.z.s.o.a.h.c.h.i.c.MainClientExec - ex-00000105: connection can be kept alive for 3 MINUTES
2024-07-24 14:30:56.618 [Test worker] DEBUG c.g.d.z.s.o.a.hc.client5.http.wire - http-outgoing-24 << "193e[\r][\n]"
2024-07-24 14:30:56.618 [Test worker] DEBUG c.g.d.z.s.o.a.hc.client5.http.wire - http-outgoing-24 << "{"Id":"a7abbe77a59372ae8d3288d74f88a72e3a16c20aadcfa3cc641b58ef3a45ceb1","Created":"2024-07-24T02:30:54.047299807Z","Path":"docker-entrypoint.sh","Args":["postgres","-c","fsync=off"],"State":{"Status":"exited","Running":false,"Paused":false,"Restarting":false,"OOMKilled":false,"Dead":false,"Pid":0,"ExitCode":137,"Error":"","StartedAt":"2024-07-24T02:30:54.510634964Z","FinishedAt":"2024-07-24T02:30:56.081936591Z"},"Image":"sha256:8e4fc9e184899a58735e7ee333f5e272d7d2298cf59302006b71f33e217be130","ResolvConfPath":"/var/lib/docker/containers/a7abbe77a59372ae8d3288d74f88a72e3a16c20aadcfa3cc641b58ef3a45ceb1/resolv.conf","HostnamePath":"/var/lib/docker/containers/a7abbe77a59372ae8d3288d74f88a72e3a16c20aadcfa3cc641b58ef3a45ceb1/hostname","HostsPath":"/var/lib/docker/containers/a7abbe77a59372ae8d3288d74f88a72e3a16c20aadcfa3cc641b58ef3a45ceb1/hosts","LogPath":"/var/lib/docker/containers/a7abbe77a59372ae8d3288d74f88a72e3a16c20aadcfa3cc641b58ef3a45ceb1/a7abbe77a59372ae8d3288d74f88a72e3a16c20aadcfa3cc641b58ef3a45ceb1-json.log","Name":"/crazy_noether","RestartCount":0,"Driver":"overlay2","Platform":"linux","MountLabel":"","ProcessLabel":"","AppArmorProfile":"","ExecIDs":null,"HostConfig":{"Binds":[],"ContainerIDFile":"","LogConfig":{"Type":"json-file","Config":{}},"NetworkMode":"default","PortBindings":{"5432/tcp":[{"HostIp":"0.0.0.0","HostPort":"0"}]},"RestartPolicy":{"Name":"no","MaximumRetryCount":0},"AutoRemove":false,"VolumeDriver":"","VolumesFrom":[],"ConsoleSize":[0,0],"CapAdd":null,"CapDrop":null,"CgroupnsMode":"host","Dns":null,"DnsOptions":null,"DnsSearch":null,"ExtraHosts":[],"GroupAdd":null,"IpcMode":"shareable","Cgroup":"","Links":null,"OomScoreAdj":0,"PidMode":"","Privileged":false,"PublishAllPorts":false,"ReadonlyRootfs":false,"SecurityOpt":null,"UTSMode":"","UsernsMode":"","ShmSize":67108864,"Runtime":"runc","Isolation":"","CpuShares":0,"Memory":0,"NanoCpus":0,"CgroupParent":"","BlkioWeight":0,"BlkioWeightDevice":null,"BlkioDeviceReadBps":null,"BlkioDeviceWriteBps":null,"BlkioDeviceReadIOps":null,"BlkioDeviceWriteIOps":null,"CpuPeriod":0,"CpuQuota":0,"CpuRealtimePeriod":0,"CpuRealtimeRuntime":0,"CpusetCpus":"","CpusetMems":"","Devices":null,"DeviceCgroupRules":null,"DeviceRequests":null,"MemoryReservation":0,"MemorySwap":0,"MemorySwappiness":null,"OomKillDisable":false,"PidsLimit":null,"Ulimits":null,"CpuCount":0,"CpuPercent":0,"IOMaximumIOps":0,"IOMaximumBandwidth":0,"MaskedPaths":["/proc/asound","/proc/acpi","/proc/kcore","/proc/keys","/proc/latency_stats","/proc/timer_list","/proc/timer_stats","/proc/sched_debug","/proc/scsi","/sys/firmware","/sys/devices/virtual/powercap"],"ReadonlyPaths":["/proc/bus","/proc/fs","/proc/irq","/proc/sys","/proc/sysrq-trigger"]},"GraphDriver":{"Data":{"LowerDir":"/var/lib/docker/overlay2/fd4d9c32badac715de67c33c9b031f94528792b864ef17b83ba40c4e3a8cf923-init/diff:/var/lib/docker/overlay2/8f0ddbd386af0785c2e348570516955816ab350305d698d363962d488eeb15ec/diff:/var/lib/docker/overlay2/0eb0ca73e9b0be7c3d7fa8762ef4778a68f38391bc84c037c2e90b88e781b475/diff:/var/lib/docker/overlay2/74e634bddc785c5d436b10a5158cd82e21dc2065fd1cf8ff9c1c12e01575a2d8/diff:/var/lib/docker/overlay2/bb918b2851cd2f508f1e3fdbfff8b7f8b041d61e65fe8c368288bf399e80b818/diff:/var/lib/docker/overlay2/2abab2946cbdc2941ee8ec4024c51dac7313dee9de5fbedd1ca33388c59eb3c8/diff:/var/lib/docker/overlay2/e12f6083ee669bd92743ceb339a896bb25dbe461b718705bb39eb410b80c0ecd/diff:/var/lib/docker/overlay2/ced1e86d670d097da5ed4da7288c22507735918959161c2cd8bf083fb30d169a/diff:/var/lib/docker/overlay2/94e9ac7b74923285ae73af20aeccb964ca9079e2305db367cb85d1603560472d/diff:/var/lib/docker/overlay2/a396b6dfd63f0c228c519871183c614cccf4d366a43460f27ecf97113c3c4be8/diff:/var/lib/docker/overlay2/f58ada5d5080c2bac553c734f81127660a90581a35ed2a92cebe3c59e340875b/diff:/var/lib/docker/overlay2/84f85636f37bf55d945e217b4f87a856eba7932284beaf042561007b66f48977/diff:/var/lib/docker/overlay2/1e6e519613884e91a2b74a588ba35dc8a2f789371ab798ef6e7d9836d756042f/diff:/var/lib/docker/overlay2/14a3151cc8b4f9d27d2e64f1a8abc0c7809309580f2d7e8dc8545055c1d56194/diff:/var/l"
2024-07-24 14:30:56.618 [Test worker] DEBUG c.g.d.z.s.o.a.hc.client5.http.wire - http-outgoing-24 << "ib/docker/overlay2/5b354b9e793401517fe2f1da697653fdaadffc54888eaf76d67e0600b8c68bdc/diff","MergedDir":"/var/lib/docker/overlay2/fd4d9c32badac715de67c33c9b031f94528792b864ef17b83ba40c4e3a8cf923/merged","UpperDir":"/var/lib/docker/overlay2/fd4d9c32badac715de67c33c9b031f94528792b864ef17b83ba40c4e3a8cf923/diff","WorkDir":"/var/lib/docker/overlay2/fd4d9c32badac715de67c33c9b031f94528792b864ef17b83ba40c4e3a8cf923/work"},"Name":"overlay2"},"Mounts":[{"Type":"volume","Name":"e0570b4ee6304e380b12638c25eb9fb329a82e1a317eb34f621052c41433e1f2","Source":"/var/lib/docker/volumes/e0570b4ee6304e380b12638c25eb9fb329a82e1a317eb34f621052c41433e1f2/_data","Destination":"/var/lib/postgresql/data","Driver":"local","Mode":"","RW":true,"Propagation":""}],"Config":{"Hostname":"a7abbe77a593","Domainname":"","User":"","AttachStdin":false,"AttachStdout":false,"AttachStderr":false,"ExposedPorts":{"5432/tcp":{}},"Tty":false,"OpenStdin":false,"StdinOnce":false,"Env":["POSTGRES_USER=user","POSTGRES_PASSWORD=password","POSTGRES_DB=db","PATH=/usr/local/sbin:/usr/local/bin:/usr/sbin:/usr/bin:/sbin:/bin:/usr/lib/postgresql/16/bin","GOSU_VERSION=1.17","LANG=en_US.utf8","PG_MAJOR=16","PG_VERSION=16.2-1.pgdg120+2","PGDATA=/var/lib/postgresql/data"],"Cmd":["postgres","-c","fsync=off"],"Image":"postgres:latest","Volumes":{"/var/lib/postgresql/data":{}},"WorkingDir":"","Entrypoint":["docker-entrypoint.sh"],"OnBuild":null,"Labels":{"org.testcontainers":"true","org.testcontainers.lang":"java","org.testcontainers.sessionId":"280e6229-7396-4d60-b1e3-a5de48b5d49b","org.testcontainers.version":"1.19.8"},"StopSignal":"SIGINT"},"NetworkSettings":{"Bridge":"","SandboxID":"958395a82368ce934db558fe54637c4fdde97ab4a4655ede24e95aec8369376b","SandboxKey":"/var/run/docker/netns/958395a82368","Ports":{},"HairpinMode":false,"LinkLocalIPv6Address":"","LinkLocalIPv6PrefixLen":0,"SecondaryIPAddresses":null,"SecondaryIPv6Addresses":null,"EndpointID":"","Gateway":"","GlobalIPv6Address":"","GlobalIPv6PrefixLen":0,"IPAddress":"","IPPrefixLen":0,"IPv6Gateway":"","MacAddress":"","Networks":{"bridge":{"IPAMConfig":null,"Links":null,"Aliases":null,"MacAddress":"","NetworkID":"3c842496be344cbdae878c1dee0957e7bc7c0a2236009c92752030f2b053e72f","EndpointID":"","Gateway":"","IPAddress":"","IPPrefixLen":0,"IPv6Gateway":"","GlobalIPv6Address":"","GlobalIPv6PrefixLen":0,"DriverOpts":null,"DNSNames":null}}}}[\n]"
2024-07-24 14:30:56.619 [Test worker] DEBUG c.g.d.z.s.o.a.hc.client5.http.wire - http-outgoing-24 << "[\r][\n]"
2024-07-24 14:30:56.619 [Test worker] DEBUG c.g.d.z.s.o.a.hc.client5.http.wire - http-outgoing-24 << "0[\r][\n]"
2024-07-24 14:30:56.619 [Test worker] DEBUG c.g.d.z.s.o.a.hc.client5.http.wire - http-outgoing-24 << "[\r][\n]"
2024-07-24 14:30:56.619 [Test worker] DEBUG c.g.d.z.s.o.a.h.c.h.i.c.InternalHttpClient - ep-00000104: releasing valid endpoint
2024-07-24 14:30:56.619 [Test worker] DEBUG c.g.d.z.s.o.a.h.c.h.i.i.PoolingHttpClientConnectionManager - ep-00000104: releasing endpoint
2024-07-24 14:30:56.619 [Test worker] DEBUG c.g.d.z.s.o.a.h.c.h.i.i.PoolingHttpClientConnectionManager - ep-00000104: connection http-outgoing-24 can be kept alive for 3 MINUTES
2024-07-24 14:30:56.619 [Test worker] DEBUG c.g.d.z.s.o.a.h.c.h.i.i.PoolingHttpClientConnectionManager - ep-00000104: connection released [route: {}->npipe://localhost:2375][total available: 1; route allocated: 1 of 2147483647; total allocated: 1 of 2147483647]
2024-07-24 14:30:56.619 [Test worker] TRACE o.t.utility.ResourceReaper - Removing container: a7abbe77a59372ae8d3288d74f88a72e3a16c20aadcfa3cc641b58ef3a45ceb1
2024-07-24 14:30:56.619 [Test worker] DEBUG o.t.s.c.g.d.c.command.AbstrDockerCmd - Cmd: a7abbe77a59372ae8d3288d74f88a72e3a16c20aadcfa3cc641b58ef3a45ceb1,true,true
2024-07-24 14:30:56.620 [Test worker] TRACE o.t.s.c.g.d.c.e.RemoveContainerCmdExec - DELETE: DefaultWebTarget{path=[/containers/a7abbe77a59372ae8d3288d74f88a72e3a16c20aadcfa3cc641b58ef3a45ceb1], queryParams={v=[true], force=[true]}}
2024-07-24 14:30:56.620 [Test worker] DEBUG c.g.d.z.s.o.a.h.c.h.i.c.InternalHttpClient - ex-00000106: preparing request execution
2024-07-24 14:30:56.620 [Test worker] DEBUG c.g.d.z.s.o.a.h.c.h.p.RequestAddCookies - Cookie spec selected: strict
2024-07-24 14:30:56.620 [Test worker] DEBUG c.g.d.z.s.o.a.h.c.h.p.RequestAuthCache - Auth cache not set in the context
2024-07-24 14:30:56.620 [Test worker] DEBUG c.g.d.z.s.o.a.h.c.h.i.c.ProtocolExec - ex-00000106: target auth state: UNCHALLENGED
2024-07-24 14:30:56.620 [Test worker] DEBUG c.g.d.z.s.o.a.h.c.h.i.c.ProtocolExec - ex-00000106: proxy auth state: UNCHALLENGED
2024-07-24 14:30:56.620 [Test worker] DEBUG c.g.d.z.s.o.a.h.c.h.i.c.ConnectExec - ex-00000106: acquiring connection with route {}->npipe://localhost:2375
2024-07-24 14:30:56.620 [Test worker] DEBUG c.g.d.z.s.o.a.h.c.h.i.c.InternalHttpClient - ex-00000106: acquiring endpoint (3 MINUTES)
2024-07-24 14:30:56.620 [Test worker] DEBUG c.g.d.z.s.o.a.h.c.h.i.i.PoolingHttpClientConnectionManager - ex-00000106: endpoint lease request (3 MINUTES) [route: {}->npipe://localhost:2375][total available: 1; route allocated: 1 of 2147483647; total allocated: 1 of 2147483647]
2024-07-24 14:30:56.620 [Test worker] DEBUG c.g.d.z.s.o.a.h.c.h.i.i.PoolingHttpClientConnectionManager - ex-00000106: endpoint leased [route: {}->npipe://localhost:2375][total available: 0; route allocated: 1 of 2147483647; total allocated: 1 of 2147483647]
2024-07-24 14:30:56.620 [Test worker] DEBUG c.g.d.z.s.o.a.h.c.h.i.i.PoolingHttpClientConnectionManager - ex-00000106: acquired ep-00000105
2024-07-24 14:30:56.620 [Test worker] DEBUG c.g.d.z.s.o.a.h.c.h.i.c.InternalHttpClient - ex-00000106: acquired endpoint ep-00000105
2024-07-24 14:30:56.620 [Test worker] DEBUG c.g.d.z.s.o.a.h.c.h.i.c.MainClientExec - ex-00000106: executing DELETE /v1.32/containers/a7abbe77a59372ae8d3288d74f88a72e3a16c20aadcfa3cc641b58ef3a45ceb1?v=true&force=true HTTP/1.1
2024-07-24 14:30:56.620 [Test worker] DEBUG c.g.d.z.s.o.a.h.c.h.i.c.InternalHttpClient - ep-00000105: start execution ex-00000106
2024-07-24 14:30:56.620 [Test worker] DEBUG c.g.d.z.s.o.a.h.c.h.i.i.PoolingHttpClientConnectionManager - ep-00000105: executing exchange ex-00000106 over http-outgoing-24
2024-07-24 14:30:56.620 [Test worker] DEBUG c.g.d.z.s.o.a.h.client5.http.headers - http-outgoing-24 >> DELETE /v1.32/containers/a7abbe77a59372ae8d3288d74f88a72e3a16c20aadcfa3cc641b58ef3a45ceb1?v=true&force=true HTTP/1.1
2024-07-24 14:30:56.620 [Test worker] DEBUG c.g.d.z.s.o.a.h.client5.http.headers - http-outgoing-24 >> accept: application/json
2024-07-24 14:30:56.620 [Test worker] DEBUG c.g.d.z.s.o.a.h.client5.http.headers - http-outgoing-24 >> x-tc-sid: 280e6229-7396-4d60-b1e3-a5de48b5d49b
2024-07-24 14:30:56.620 [Test worker] DEBUG c.g.d.z.s.o.a.h.client5.http.headers - http-outgoing-24 >> User-Agent: tc-java/1.19.8
2024-07-24 14:30:56.620 [Test worker] DEBUG c.g.d.z.s.o.a.h.client5.http.headers - http-outgoing-24 >> Accept-Encoding: gzip, x-gzip, deflate
2024-07-24 14:30:56.620 [Test worker] DEBUG c.g.d.z.s.o.a.h.client5.http.headers - http-outgoing-24 >> Host: localhost:2375
2024-07-24 14:30:56.620 [Test worker] DEBUG c.g.d.z.s.o.a.h.client5.http.headers - http-outgoing-24 >> Connection: keep-alive
2024-07-24 14:30:56.620 [Test worker] DEBUG c.g.d.z.s.o.a.hc.client5.http.wire - http-outgoing-24 >> "DELETE /v1.32/containers/a7abbe77a59372ae8d3288d74f88a72e3a16c20aadcfa3cc641b58ef3a45ceb1?v=true&force=true HTTP/1.1[\r][\n]"
2024-07-24 14:30:56.620 [Test worker] DEBUG c.g.d.z.s.o.a.hc.client5.http.wire - http-outgoing-24 >> "accept: application/json[\r][\n]"
2024-07-24 14:30:56.621 [Test worker] DEBUG c.g.d.z.s.o.a.hc.client5.http.wire - http-outgoing-24 >> "x-tc-sid: 280e6229-7396-4d60-b1e3-a5de48b5d49b[\r][\n]"
2024-07-24 14:30:56.621 [Test worker] DEBUG c.g.d.z.s.o.a.hc.client5.http.wire - http-outgoing-24 >> "User-Agent: tc-java/1.19.8[\r][\n]"
2024-07-24 14:30:56.621 [Test worker] DEBUG c.g.d.z.s.o.a.hc.client5.http.wire - http-outgoing-24 >> "Accept-Encoding: gzip, x-gzip, deflate[\r][\n]"
2024-07-24 14:30:56.621 [Test worker] DEBUG c.g.d.z.s.o.a.hc.client5.http.wire - http-outgoing-24 >> "Host: localhost:2375[\r][\n]"
2024-07-24 14:30:56.621 [Test worker] DEBUG c.g.d.z.s.o.a.hc.client5.http.wire - http-outgoing-24 >> "Connection: keep-alive[\r][\n]"
2024-07-24 14:30:56.621 [Test worker] DEBUG c.g.d.z.s.o.a.hc.client5.http.wire - http-outgoing-24 >> "[\r][\n]"
2024-07-24 14:30:56.690 [Test worker] DEBUG c.g.d.z.s.o.a.hc.client5.http.wire - http-outgoing-24 << "HTTP/1.1 204 No Content[\r][\n]"
2024-07-24 14:30:56.690 [Test worker] DEBUG c.g.d.z.s.o.a.hc.client5.http.wire - http-outgoing-24 << "Api-Version: 1.45[\r][\n]"
2024-07-24 14:30:56.690 [Test worker] DEBUG c.g.d.z.s.o.a.hc.client5.http.wire - http-outgoing-24 << "Date: Wed, 24 Jul 2024 02:30:56 GMT[\r][\n]"
2024-07-24 14:30:56.690 [Test worker] DEBUG c.g.d.z.s.o.a.hc.client5.http.wire - http-outgoing-24 << "Docker-Experimental: false[\r][\n]"
2024-07-24 14:30:56.690 [Test worker] DEBUG c.g.d.z.s.o.a.hc.client5.http.wire - http-outgoing-24 << "Ostype: linux[\r][\n]"
2024-07-24 14:30:56.690 [Test worker] DEBUG c.g.d.z.s.o.a.hc.client5.http.wire - http-outgoing-24 << "Server: Docker/26.0.0 (linux)[\r][\n]"
2024-07-24 14:30:56.690 [Test worker] DEBUG c.g.d.z.s.o.a.hc.client5.http.wire - http-outgoing-24 << "[\r][\n]"
2024-07-24 14:30:56.690 [Test worker] DEBUG c.g.d.z.s.o.a.h.client5.http.headers - http-outgoing-24 << HTTP/1.1 204 No Content
2024-07-24 14:30:56.690 [Test worker] DEBUG c.g.d.z.s.o.a.h.client5.http.headers - http-outgoing-24 << Api-Version: 1.45
2024-07-24 14:30:56.690 [Test worker] DEBUG c.g.d.z.s.o.a.h.client5.http.headers - http-outgoing-24 << Date: Wed, 24 Jul 2024 02:30:56 GMT
2024-07-24 14:30:56.690 [Test worker] DEBUG c.g.d.z.s.o.a.h.client5.http.headers - http-outgoing-24 << Docker-Experimental: false
2024-07-24 14:30:56.690 [Test worker] DEBUG c.g.d.z.s.o.a.h.client5.http.headers - http-outgoing-24 << Ostype: linux
2024-07-24 14:30:56.690 [Test worker] DEBUG c.g.d.z.s.o.a.h.client5.http.headers - http-outgoing-24 << Server: Docker/26.0.0 (linux)
2024-07-24 14:30:56.691 [Test worker] DEBUG c.g.d.z.s.o.a.h.c.h.i.c.MainClientExec - ex-00000106: connection can be kept alive for 3 MINUTES
2024-07-24 14:30:56.691 [Test worker] DEBUG c.g.d.z.s.o.a.h.c.h.i.c.InternalHttpClient - ep-00000105: releasing valid endpoint
2024-07-24 14:30:56.691 [Test worker] DEBUG c.g.d.z.s.o.a.h.c.h.i.i.PoolingHttpClientConnectionManager - ep-00000105: releasing endpoint
2024-07-24 14:30:56.691 [Test worker] DEBUG c.g.d.z.s.o.a.h.c.h.i.i.PoolingHttpClientConnectionManager - ep-00000105: connection http-outgoing-24 can be kept alive for 3 MINUTES
2024-07-24 14:30:56.691 [Test worker] DEBUG c.g.d.z.s.o.a.h.c.h.i.i.PoolingHttpClientConnectionManager - ep-00000105: connection released [route: {}->npipe://localhost:2375][total available: 1; route allocated: 1 of 2147483647; total allocated: 1 of 2147483647]
2024-07-24 14:30:56.691 [Test worker] DEBUG o.t.utility.ResourceReaper - Removed container and associated volume(s): postgres:latest
]]></system-out>
  <system-err><![CDATA[]]></system-err>
</testsuite>
