<?xml version="1.0" encoding="UTF-8"?>
<testsuite name="com.unitedApi.PartDAOTest" tests="2" skipped="0" failures="0" errors="0" timestamp="2024-07-24T02:30:06" hostname="DESKTOP-FRUHT2G" time="5.374">
  <properties/>
  <testcase name="getPart" classname="com.unitedApi.PartDAOTest" time="2.552"/>
  <testcase name="getParts" classname="com.unitedApi.PartDAOTest" time="2.822"/>
  <system-out><![CDATA[2024-07-24 14:30:06.603 [Test worker] DEBUG o.t.u.PrefixingImageNameSubstitutor - No prefix is configured
2024-07-24 14:30:06.603 [Test worker] DEBUG o.t.utility.ImageNameSubstitutor - Did not find a substitute image for postgres:latest (using image substitutor: DefaultImageNameSubstitutor (composite of 'ConfigurationFileImageNameSubstitutor' and 'PrefixingImageNameSubstitutor'))
2024-07-24 14:30:06.603 [Test worker] TRACE tc.postgres:latest - postgres:latest is already in image name cache
2024-07-24 14:30:06.603 [Test worker] DEBUG o.t.images.AbstractImagePullPolicy - Using locally available and not pulling image: postgres:latest
2024-07-24 14:30:06.603 [Test worker] DEBUG tc.postgres:latest - Starting container: postgres:latest
2024-07-24 14:30:06.603 [Test worker] DEBUG tc.postgres:latest - Trying to start container: postgres:latest (attempt 1/1)
2024-07-24 14:30:06.603 [Test worker] DEBUG tc.postgres:latest - Starting container: postgres:latest
2024-07-24 14:30:06.603 [Test worker] INFO  tc.postgres:latest - Creating container for image: postgres:latest
2024-07-24 14:30:06.604 [Test worker] DEBUG o.t.utility.RegistryAuthLocator - Looking up auth config for image: postgres:latest at registry: https://index.docker.io/v1/
2024-07-24 14:30:06.604 [Test worker] DEBUG o.t.utility.RegistryAuthLocator - No matching Auth Configs - falling back to defaultAuthConfig [null]
2024-07-24 14:30:06.604 [Test worker] DEBUG o.t.d.AuthDelegatingDockerClientConfig - Effective auth config [null]
2024-07-24 14:30:06.604 [Test worker] DEBUG o.t.s.c.g.d.c.command.AbstrDockerCmd - Cmd: org.testcontainers.shaded.com.github.dockerjava.core.command.CreateContainerCmdImpl@5c059a68[aliases=<null>,argsEscaped=<null>,attachStderr=<null>,attachStdin=<null>,attachStdout=<null>,authConfig=<null>,cmd={postgres,-c,fsync=off},domainName=<null>,entrypoint=<null>,env={POSTGRES_USER=user,POSTGRES_PASSWORD=password,POSTGRES_DB=db},exposedPorts=ExposedPorts(exposedPorts=[5432/tcp]),healthcheck=<null>,hostConfig=HostConfig(binds=[], blkioWeight=null, blkioWeightDevice=null, blkioDeviceReadBps=null, blkioDeviceWriteBps=null, blkioDeviceReadIOps=null, blkioDeviceWriteIOps=null, memorySwappiness=null, nanoCPUs=null, capAdd=null, capDrop=null, containerIDFile=null, cpuPeriod=null, cpuRealtimePeriod=null, cpuRealtimeRuntime=null, cpuShares=null, cpuQuota=null, cpusetCpus=null, cpusetMems=null, devices=null, deviceCgroupRules=null, deviceRequests=null, diskQuota=null, dns=null, dnsOptions=null, dnsSearch=null, extraHosts=[], groupAdd=null, ipcMode=null, cgroup=null, links=[], logConfig=LogConfig(type=null, config=null), lxcConf=null, memory=null, memorySwap=null, memoryReservation=null, kernelMemory=null, networkMode=null, oomKillDisable=null, init=null, autoRemove=null, oomScoreAdj=null, portBindings={5432/tcp=[Lcom.github.dockerjava.api.model.Ports$Binding;@2e1eb85f}, privileged=null, publishAllPorts=null, readonlyRootfs=null, restartPolicy=null, ulimits=null, cpuCount=null, cpuPercent=null, ioMaximumIOps=null, ioMaximumBandwidth=null, volumesFrom=[], mounts=null, pidMode=null, isolation=null, securityOpts=null, storageOpt=null, cgroupParent=null, volumeDriver=null, shmSize=null, pidsLimit=null, runtime=null, tmpFs=null, utSMode=null, usernsMode=null, sysctls=null, consoleSize=null, cgroupnsMode=null),hostName=<null>,image=postgres:latest,ipv4Address=<null>,ipv6Address=<null>,labels={org.testcontainers=true, org.testcontainers.lang=java, org.testcontainers.version=1.19.8, org.testcontainers.sessionId=280e6229-7396-4d60-b1e3-a5de48b5d49b},macAddress=<null>,name=<null>,networkDisabled=<null>,networkingConfig=<null>,onBuild=<null>,platform=<null>,portSpecs=<null>,shell=<null>,stdInOnce=<null>,stdinOpen=<null>,stopSignal=<null>,stopTimeout=<null>,tty=<null>,user=<null>,volumes=Volumes(volumes=[]),workingDir=<null>]
2024-07-24 14:30:06.604 [Test worker] TRACE o.t.s.c.g.d.c.e.CreateContainerCmdExec - POST: DefaultWebTarget{path=[/containers/create], queryParams={}} 
2024-07-24 14:30:06.605 [Test worker] DEBUG c.g.d.z.s.o.a.h.c.h.i.c.InternalHttpClient - ex-00000036: preparing request execution
2024-07-24 14:30:06.605 [Test worker] DEBUG c.g.d.z.s.o.a.h.c.h.p.RequestAddCookies - Cookie spec selected: strict
2024-07-24 14:30:06.605 [Test worker] DEBUG c.g.d.z.s.o.a.h.c.h.p.RequestAuthCache - Auth cache not set in the context
2024-07-24 14:30:06.605 [Test worker] DEBUG c.g.d.z.s.o.a.h.c.h.i.c.ProtocolExec - ex-00000036: target auth state: UNCHALLENGED
2024-07-24 14:30:06.605 [Test worker] DEBUG c.g.d.z.s.o.a.h.c.h.i.c.ProtocolExec - ex-00000036: proxy auth state: UNCHALLENGED
2024-07-24 14:30:06.605 [Test worker] DEBUG c.g.d.z.s.o.a.h.c.h.i.c.ConnectExec - ex-00000036: acquiring connection with route {}->npipe://localhost:2375
2024-07-24 14:30:06.605 [Test worker] DEBUG c.g.d.z.s.o.a.h.c.h.i.c.InternalHttpClient - ex-00000036: acquiring endpoint (3 MINUTES)
2024-07-24 14:30:06.605 [Test worker] DEBUG c.g.d.z.s.o.a.h.c.h.i.i.PoolingHttpClientConnectionManager - ex-00000036: endpoint lease request (3 MINUTES) [route: {}->npipe://localhost:2375][total available: 1; route allocated: 1 of 2147483647; total allocated: 1 of 2147483647]
2024-07-24 14:30:06.605 [Test worker] DEBUG c.g.d.z.s.o.a.h.c.h.i.i.PoolingHttpClientConnectionManager - ex-00000036: endpoint leased [route: {}->npipe://localhost:2375][total available: 0; route allocated: 1 of 2147483647; total allocated: 1 of 2147483647]
2024-07-24 14:30:06.606 [Test worker] DEBUG c.g.d.z.s.o.a.h.c.h.i.i.PoolingHttpClientConnectionManager - ex-00000036: acquired ep-00000035
2024-07-24 14:30:06.606 [Test worker] DEBUG c.g.d.z.s.o.a.h.c.h.i.c.InternalHttpClient - ex-00000036: acquired endpoint ep-00000035
2024-07-24 14:30:06.606 [Test worker] DEBUG c.g.d.z.s.o.a.h.c.h.i.c.MainClientExec - ex-00000036: executing POST /v1.32/containers/create HTTP/1.1
2024-07-24 14:30:06.606 [Test worker] DEBUG c.g.d.z.s.o.a.h.c.h.i.c.InternalHttpClient - ep-00000035: start execution ex-00000036
2024-07-24 14:30:06.606 [Test worker] DEBUG c.g.d.z.s.o.a.h.c.h.i.i.PoolingHttpClientConnectionManager - ep-00000035: executing exchange ex-00000036 over http-outgoing-5
2024-07-24 14:30:06.606 [Test worker] DEBUG c.g.d.z.s.o.a.h.client5.http.headers - http-outgoing-5 >> POST /v1.32/containers/create HTTP/1.1
2024-07-24 14:30:06.606 [Test worker] DEBUG c.g.d.z.s.o.a.h.client5.http.headers - http-outgoing-5 >> accept: application/json
2024-07-24 14:30:06.606 [Test worker] DEBUG c.g.d.z.s.o.a.h.client5.http.headers - http-outgoing-5 >> content-type: application/json
2024-07-24 14:30:06.606 [Test worker] DEBUG c.g.d.z.s.o.a.h.client5.http.headers - http-outgoing-5 >> x-tc-sid: 280e6229-7396-4d60-b1e3-a5de48b5d49b
2024-07-24 14:30:06.606 [Test worker] DEBUG c.g.d.z.s.o.a.h.client5.http.headers - http-outgoing-5 >> User-Agent: tc-java/1.19.8
2024-07-24 14:30:06.606 [Test worker] DEBUG c.g.d.z.s.o.a.h.client5.http.headers - http-outgoing-5 >> Accept-Encoding: gzip, x-gzip, deflate
2024-07-24 14:30:06.606 [Test worker] DEBUG c.g.d.z.s.o.a.h.client5.http.headers - http-outgoing-5 >> Content-Length: 2061
2024-07-24 14:30:06.606 [Test worker] DEBUG c.g.d.z.s.o.a.h.client5.http.headers - http-outgoing-5 >> Host: localhost:2375
2024-07-24 14:30:06.606 [Test worker] DEBUG c.g.d.z.s.o.a.h.client5.http.headers - http-outgoing-5 >> Connection: keep-alive
2024-07-24 14:30:06.606 [Test worker] DEBUG c.g.d.z.s.o.a.hc.client5.http.wire - http-outgoing-5 >> "POST /v1.32/containers/create HTTP/1.1[\r][\n]"
2024-07-24 14:30:06.606 [Test worker] DEBUG c.g.d.z.s.o.a.hc.client5.http.wire - http-outgoing-5 >> "accept: application/json[\r][\n]"
2024-07-24 14:30:06.606 [Test worker] DEBUG c.g.d.z.s.o.a.hc.client5.http.wire - http-outgoing-5 >> "content-type: application/json[\r][\n]"
2024-07-24 14:30:06.606 [Test worker] DEBUG c.g.d.z.s.o.a.hc.client5.http.wire - http-outgoing-5 >> "x-tc-sid: 280e6229-7396-4d60-b1e3-a5de48b5d49b[\r][\n]"
2024-07-24 14:30:06.606 [Test worker] DEBUG c.g.d.z.s.o.a.hc.client5.http.wire - http-outgoing-5 >> "User-Agent: tc-java/1.19.8[\r][\n]"
2024-07-24 14:30:06.606 [Test worker] DEBUG c.g.d.z.s.o.a.hc.client5.http.wire - http-outgoing-5 >> "Accept-Encoding: gzip, x-gzip, deflate[\r][\n]"
2024-07-24 14:30:06.606 [Test worker] DEBUG c.g.d.z.s.o.a.hc.client5.http.wire - http-outgoing-5 >> "Content-Length: 2061[\r][\n]"
2024-07-24 14:30:06.606 [Test worker] DEBUG c.g.d.z.s.o.a.hc.client5.http.wire - http-outgoing-5 >> "Host: localhost:2375[\r][\n]"
2024-07-24 14:30:06.606 [Test worker] DEBUG c.g.d.z.s.o.a.hc.client5.http.wire - http-outgoing-5 >> "Connection: keep-alive[\r][\n]"
2024-07-24 14:30:06.606 [Test worker] DEBUG c.g.d.z.s.o.a.hc.client5.http.wire - http-outgoing-5 >> "[\r][\n]"
2024-07-24 14:30:06.606 [Test worker] DEBUG c.g.d.z.s.o.a.hc.client5.http.wire - http-outgoing-5 >> "{"Hostname":null,"Domainname":null,"User":null,"AttachStdin":null,"AttachStdout":null,"AttachStderr":null,"PortSpecs":null,"Tty":null,"OpenStdin":null,"StdinOnce":null,"Env":["POSTGRES_USER=user","POSTGRES_PASSWORD=password","POSTGRES_DB=db"],"Cmd":["postgres","-c","fsync=off"],"Healthcheck":null,"ArgsEscaped":null,"Entrypoint":null,"Image":"postgres:latest","Volumes":{},"WorkingDir":null,"MacAddress":null,"OnBuild":null,"NetworkDisabled":null,"ExposedPorts":{"5432/tcp":{}},"StopSignal":null,"StopTimeout":null,"HostConfig":{"Binds":[],"BlkioWeight":null,"BlkioWeightDevice":null,"BlkioDeviceReadBps":null,"BlkioDeviceWriteBps":null,"BlkioDeviceReadIOps":null,"BlkioDeviceWriteIOps":null,"MemorySwappiness":null,"NanoCpus":null,"CapAdd":null,"CapDrop":null,"ContainerIDFile":null,"CpuPeriod":null,"CpuRealtimePeriod":null,"CpuRealtimeRuntime":null,"CpuShares":null,"CpuQuota":null,"CpusetCpus":null,"CpusetMems":null,"Devices":null,"DeviceCgroupRules":null,"DeviceRequests":null,"DiskQuota":null,"Dns":null,"DnsOptions":null,"DnsSearch":null,"ExtraHosts":[],"GroupAdd":null,"IpcMode":null,"Cgroup":null,"Links":[],"LogConfig":null,"LxcConf":null,"Memory":null,"MemorySwap":null,"MemoryReservation":null,"KernelMemory":null,"NetworkMode":null,"OomKillDisable":null,"Init":null,"AutoRemove":null,"OomScoreAdj":null,"PortBindings":{"5432/tcp":[{"HostIp":"","HostPort":""}]},"Privileged":null,"PublishAllPorts":null,"ReadonlyRootfs":null,"RestartPolicy":null,"Ulimits":null,"CpuCount":null,"CpuPercent":null,"IOMaximumIOps":null,"IOMaximumBandwidth":null,"VolumesFrom":[],"Mounts":null,"PidMode":null,"Isolation":null,"SecurityOpt":null,"StorageOpt":null,"CgroupParent":null,"VolumeDriver":null,"ShmSize":null,"PidsLimit":null,"Runtime":null,"Tmpfs":null,"UTSMode":null,"UsernsMode":null,"Sysctls":null,"ConsoleSize":null,"CgroupnsMode":null},"Labels":{"org.testcontainers":"true","org.testcontainers.lang":"java","org.testcontainers.version":"1.19.8","org.testcontainers.sessionId":"280e6229-7396-4d60-b1e3-a5de48b5d49b"},"Shell":null,"NetworkingConfig":null}"
2024-07-24 14:30:06.729 [Test worker] DEBUG c.g.d.z.s.o.a.hc.client5.http.wire - http-outgoing-5 << "HTTP/1.1 201 Created[\r][\n]"
2024-07-24 14:30:06.729 [Test worker] DEBUG c.g.d.z.s.o.a.hc.client5.http.wire - http-outgoing-5 << "Api-Version: 1.45[\r][\n]"
2024-07-24 14:30:06.729 [Test worker] DEBUG c.g.d.z.s.o.a.hc.client5.http.wire - http-outgoing-5 << "Content-Type: application/json[\r][\n]"
2024-07-24 14:30:06.729 [Test worker] DEBUG c.g.d.z.s.o.a.hc.client5.http.wire - http-outgoing-5 << "Date: Wed, 24 Jul 2024 02:30:06 GMT[\r][\n]"
2024-07-24 14:30:06.729 [Test worker] DEBUG c.g.d.z.s.o.a.hc.client5.http.wire - http-outgoing-5 << "Docker-Experimental: false[\r][\n]"
2024-07-24 14:30:06.729 [Test worker] DEBUG c.g.d.z.s.o.a.hc.client5.http.wire - http-outgoing-5 << "Ostype: linux[\r][\n]"
2024-07-24 14:30:06.729 [Test worker] DEBUG c.g.d.z.s.o.a.hc.client5.http.wire - http-outgoing-5 << "Server: Docker/26.0.0 (linux)[\r][\n]"
2024-07-24 14:30:06.729 [Test worker] DEBUG c.g.d.z.s.o.a.hc.client5.http.wire - http-outgoing-5 << "Transfer-Encoding: chunked[\r][\n]"
2024-07-24 14:30:06.729 [Test worker] DEBUG c.g.d.z.s.o.a.hc.client5.http.wire - http-outgoing-5 << "[\r][\n]"
2024-07-24 14:30:06.729 [Test worker] DEBUG c.g.d.z.s.o.a.h.client5.http.headers - http-outgoing-5 << HTTP/1.1 201 Created
2024-07-24 14:30:06.729 [Test worker] DEBUG c.g.d.z.s.o.a.h.client5.http.headers - http-outgoing-5 << Api-Version: 1.45
2024-07-24 14:30:06.729 [Test worker] DEBUG c.g.d.z.s.o.a.h.client5.http.headers - http-outgoing-5 << Content-Type: application/json
2024-07-24 14:30:06.729 [Test worker] DEBUG c.g.d.z.s.o.a.h.client5.http.headers - http-outgoing-5 << Date: Wed, 24 Jul 2024 02:30:06 GMT
2024-07-24 14:30:06.729 [Test worker] DEBUG c.g.d.z.s.o.a.h.client5.http.headers - http-outgoing-5 << Docker-Experimental: false
2024-07-24 14:30:06.729 [Test worker] DEBUG c.g.d.z.s.o.a.h.client5.http.headers - http-outgoing-5 << Ostype: linux
2024-07-24 14:30:06.729 [Test worker] DEBUG c.g.d.z.s.o.a.h.client5.http.headers - http-outgoing-5 << Server: Docker/26.0.0 (linux)
2024-07-24 14:30:06.729 [Test worker] DEBUG c.g.d.z.s.o.a.h.client5.http.headers - http-outgoing-5 << Transfer-Encoding: chunked
2024-07-24 14:30:06.729 [Test worker] DEBUG c.g.d.z.s.o.a.h.c.h.i.c.MainClientExec - ex-00000036: connection can be kept alive for 3 MINUTES
2024-07-24 14:30:06.730 [Test worker] DEBUG c.g.d.z.s.o.a.hc.client5.http.wire - http-outgoing-5 << "58[\r][\n]"
2024-07-24 14:30:06.730 [Test worker] DEBUG c.g.d.z.s.o.a.hc.client5.http.wire - http-outgoing-5 << "{"Id":"65ebb6d1f7d8f13308a5b203756fa2b813c8606471ea76d80d4dc1676c2a65a0","Warnings":[]}[\n]"
2024-07-24 14:30:06.730 [Test worker] DEBUG c.g.d.z.s.o.a.hc.client5.http.wire - http-outgoing-5 << "[\r][\n]"
2024-07-24 14:30:06.730 [Test worker] DEBUG c.g.d.z.s.o.a.hc.client5.http.wire - http-outgoing-5 << "0[\r][\n]"
2024-07-24 14:30:06.730 [Test worker] DEBUG c.g.d.z.s.o.a.hc.client5.http.wire - http-outgoing-5 << "[\r][\n]"
2024-07-24 14:30:06.730 [Test worker] DEBUG c.g.d.z.s.o.a.h.c.h.i.c.InternalHttpClient - ep-00000035: releasing valid endpoint
2024-07-24 14:30:06.730 [Test worker] DEBUG c.g.d.z.s.o.a.h.c.h.i.i.PoolingHttpClientConnectionManager - ep-00000035: releasing endpoint
2024-07-24 14:30:06.730 [Test worker] DEBUG c.g.d.z.s.o.a.h.c.h.i.i.PoolingHttpClientConnectionManager - ep-00000035: connection http-outgoing-5 can be kept alive for 3 MINUTES
2024-07-24 14:30:06.730 [Test worker] DEBUG c.g.d.z.s.o.a.h.c.h.i.i.PoolingHttpClientConnectionManager - ep-00000035: connection released [route: {}->npipe://localhost:2375][total available: 1; route allocated: 1 of 2147483647; total allocated: 1 of 2147483647]
2024-07-24 14:30:06.730 [Test worker] INFO  tc.postgres:latest - Container postgres:latest is starting: 65ebb6d1f7d8f13308a5b203756fa2b813c8606471ea76d80d4dc1676c2a65a0
2024-07-24 14:30:06.730 [Test worker] DEBUG o.t.s.c.g.d.c.command.AbstrDockerCmd - Cmd: 65ebb6d1f7d8f13308a5b203756fa2b813c8606471ea76d80d4dc1676c2a65a0
2024-07-24 14:30:06.731 [Test worker] TRACE o.t.s.c.g.d.c.e.StartContainerCmdExec - POST: DefaultWebTarget{path=[/containers/65ebb6d1f7d8f13308a5b203756fa2b813c8606471ea76d80d4dc1676c2a65a0/start], queryParams={}}
2024-07-24 14:30:06.731 [Test worker] DEBUG c.g.d.z.s.o.a.h.c.h.i.c.InternalHttpClient - ex-00000037: preparing request execution
2024-07-24 14:30:06.731 [Test worker] DEBUG c.g.d.z.s.o.a.h.c.h.p.RequestAddCookies - Cookie spec selected: strict
2024-07-24 14:30:06.731 [Test worker] DEBUG c.g.d.z.s.o.a.h.c.h.p.RequestAuthCache - Auth cache not set in the context
2024-07-24 14:30:06.731 [Test worker] DEBUG c.g.d.z.s.o.a.h.c.h.i.c.ProtocolExec - ex-00000037: target auth state: UNCHALLENGED
2024-07-24 14:30:06.731 [Test worker] DEBUG c.g.d.z.s.o.a.h.c.h.i.c.ProtocolExec - ex-00000037: proxy auth state: UNCHALLENGED
2024-07-24 14:30:06.731 [Test worker] DEBUG c.g.d.z.s.o.a.h.c.h.i.c.ConnectExec - ex-00000037: acquiring connection with route {}->npipe://localhost:2375
2024-07-24 14:30:06.731 [Test worker] DEBUG c.g.d.z.s.o.a.h.c.h.i.c.InternalHttpClient - ex-00000037: acquiring endpoint (3 MINUTES)
2024-07-24 14:30:06.731 [Test worker] DEBUG c.g.d.z.s.o.a.h.c.h.i.i.PoolingHttpClientConnectionManager - ex-00000037: endpoint lease request (3 MINUTES) [route: {}->npipe://localhost:2375][total available: 1; route allocated: 1 of 2147483647; total allocated: 1 of 2147483647]
2024-07-24 14:30:06.731 [Test worker] DEBUG c.g.d.z.s.o.a.h.c.h.i.i.PoolingHttpClientConnectionManager - ex-00000037: endpoint leased [route: {}->npipe://localhost:2375][total available: 0; route allocated: 1 of 2147483647; total allocated: 1 of 2147483647]
2024-07-24 14:30:06.731 [Test worker] DEBUG c.g.d.z.s.o.a.h.c.h.i.i.PoolingHttpClientConnectionManager - ex-00000037: acquired ep-00000036
2024-07-24 14:30:06.731 [Test worker] DEBUG c.g.d.z.s.o.a.h.c.h.i.c.InternalHttpClient - ex-00000037: acquired endpoint ep-00000036
2024-07-24 14:30:06.731 [Test worker] DEBUG c.g.d.z.s.o.a.h.c.h.i.c.MainClientExec - ex-00000037: executing POST /v1.32/containers/65ebb6d1f7d8f13308a5b203756fa2b813c8606471ea76d80d4dc1676c2a65a0/start HTTP/1.1
2024-07-24 14:30:06.732 [Test worker] DEBUG c.g.d.z.s.o.a.h.c.h.i.c.InternalHttpClient - ep-00000036: start execution ex-00000037
2024-07-24 14:30:06.732 [Test worker] DEBUG c.g.d.z.s.o.a.h.c.h.i.i.PoolingHttpClientConnectionManager - ep-00000036: executing exchange ex-00000037 over http-outgoing-5
2024-07-24 14:30:06.732 [Test worker] DEBUG c.g.d.z.s.o.a.h.client5.http.headers - http-outgoing-5 >> POST /v1.32/containers/65ebb6d1f7d8f13308a5b203756fa2b813c8606471ea76d80d4dc1676c2a65a0/start HTTP/1.1
2024-07-24 14:30:06.732 [Test worker] DEBUG c.g.d.z.s.o.a.h.client5.http.headers - http-outgoing-5 >> accept: application/json
2024-07-24 14:30:06.732 [Test worker] DEBUG c.g.d.z.s.o.a.h.client5.http.headers - http-outgoing-5 >> content-type: application/json
2024-07-24 14:30:06.732 [Test worker] DEBUG c.g.d.z.s.o.a.h.client5.http.headers - http-outgoing-5 >> x-tc-sid: 280e6229-7396-4d60-b1e3-a5de48b5d49b
2024-07-24 14:30:06.732 [Test worker] DEBUG c.g.d.z.s.o.a.h.client5.http.headers - http-outgoing-5 >> User-Agent: tc-java/1.19.8
2024-07-24 14:30:06.732 [Test worker] DEBUG c.g.d.z.s.o.a.h.client5.http.headers - http-outgoing-5 >> Accept-Encoding: gzip, x-gzip, deflate
2024-07-24 14:30:06.732 [Test worker] DEBUG c.g.d.z.s.o.a.h.client5.http.headers - http-outgoing-5 >> Host: localhost:2375
2024-07-24 14:30:06.732 [Test worker] DEBUG c.g.d.z.s.o.a.h.client5.http.headers - http-outgoing-5 >> Connection: keep-alive
2024-07-24 14:30:06.732 [Test worker] DEBUG c.g.d.z.s.o.a.hc.client5.http.wire - http-outgoing-5 >> "POST /v1.32/containers/65ebb6d1f7d8f13308a5b203756fa2b813c8606471ea76d80d4dc1676c2a65a0/start HTTP/1.1[\r][\n]"
2024-07-24 14:30:06.732 [Test worker] DEBUG c.g.d.z.s.o.a.hc.client5.http.wire - http-outgoing-5 >> "accept: application/json[\r][\n]"
2024-07-24 14:30:06.732 [Test worker] DEBUG c.g.d.z.s.o.a.hc.client5.http.wire - http-outgoing-5 >> "content-type: application/json[\r][\n]"
2024-07-24 14:30:06.732 [Test worker] DEBUG c.g.d.z.s.o.a.hc.client5.http.wire - http-outgoing-5 >> "x-tc-sid: 280e6229-7396-4d60-b1e3-a5de48b5d49b[\r][\n]"
2024-07-24 14:30:06.732 [Test worker] DEBUG c.g.d.z.s.o.a.hc.client5.http.wire - http-outgoing-5 >> "User-Agent: tc-java/1.19.8[\r][\n]"
2024-07-24 14:30:06.732 [Test worker] DEBUG c.g.d.z.s.o.a.hc.client5.http.wire - http-outgoing-5 >> "Accept-Encoding: gzip, x-gzip, deflate[\r][\n]"
2024-07-24 14:30:06.732 [Test worker] DEBUG c.g.d.z.s.o.a.hc.client5.http.wire - http-outgoing-5 >> "Host: localhost:2375[\r][\n]"
2024-07-24 14:30:06.732 [Test worker] DEBUG c.g.d.z.s.o.a.hc.client5.http.wire - http-outgoing-5 >> "Connection: keep-alive[\r][\n]"
2024-07-24 14:30:06.732 [Test worker] DEBUG c.g.d.z.s.o.a.hc.client5.http.wire - http-outgoing-5 >> "[\r][\n]"
2024-07-24 14:30:07.080 [Test worker] DEBUG c.g.d.z.s.o.a.hc.client5.http.wire - http-outgoing-5 << "HTTP/1.1 204 No Content[\r][\n]"
2024-07-24 14:30:07.081 [Test worker] DEBUG c.g.d.z.s.o.a.hc.client5.http.wire - http-outgoing-5 << "Api-Version: 1.45[\r][\n]"
2024-07-24 14:30:07.081 [Test worker] DEBUG c.g.d.z.s.o.a.hc.client5.http.wire - http-outgoing-5 << "Date: Wed, 24 Jul 2024 02:30:07 GMT[\r][\n]"
2024-07-24 14:30:07.081 [Test worker] DEBUG c.g.d.z.s.o.a.hc.client5.http.wire - http-outgoing-5 << "Docker-Experimental: false[\r][\n]"
2024-07-24 14:30:07.081 [Test worker] DEBUG c.g.d.z.s.o.a.hc.client5.http.wire - http-outgoing-5 << "Ostype: linux[\r][\n]"
2024-07-24 14:30:07.081 [Test worker] DEBUG c.g.d.z.s.o.a.hc.client5.http.wire - http-outgoing-5 << "Server: Docker/26.0.0 (linux)[\r][\n]"
2024-07-24 14:30:07.081 [Test worker] DEBUG c.g.d.z.s.o.a.hc.client5.http.wire - http-outgoing-5 << "[\r][\n]"
2024-07-24 14:30:07.081 [Test worker] DEBUG c.g.d.z.s.o.a.h.client5.http.headers - http-outgoing-5 << HTTP/1.1 204 No Content
2024-07-24 14:30:07.081 [Test worker] DEBUG c.g.d.z.s.o.a.h.client5.http.headers - http-outgoing-5 << Api-Version: 1.45
2024-07-24 14:30:07.081 [Test worker] DEBUG c.g.d.z.s.o.a.h.client5.http.headers - http-outgoing-5 << Date: Wed, 24 Jul 2024 02:30:07 GMT
2024-07-24 14:30:07.081 [Test worker] DEBUG c.g.d.z.s.o.a.h.client5.http.headers - http-outgoing-5 << Docker-Experimental: false
2024-07-24 14:30:07.081 [Test worker] DEBUG c.g.d.z.s.o.a.h.client5.http.headers - http-outgoing-5 << Ostype: linux
2024-07-24 14:30:07.081 [Test worker] DEBUG c.g.d.z.s.o.a.h.client5.http.headers - http-outgoing-5 << Server: Docker/26.0.0 (linux)
2024-07-24 14:30:07.082 [Test worker] DEBUG c.g.d.z.s.o.a.h.c.h.i.c.MainClientExec - ex-00000037: connection can be kept alive for 3 MINUTES
2024-07-24 14:30:07.082 [Test worker] DEBUG c.g.d.z.s.o.a.h.c.h.i.c.InternalHttpClient - ep-00000036: releasing valid endpoint
2024-07-24 14:30:07.082 [Test worker] DEBUG c.g.d.z.s.o.a.h.c.h.i.i.PoolingHttpClientConnectionManager - ep-00000036: releasing endpoint
2024-07-24 14:30:07.082 [Test worker] DEBUG c.g.d.z.s.o.a.h.c.h.i.i.PoolingHttpClientConnectionManager - ep-00000036: connection http-outgoing-5 can be kept alive for 3 MINUTES
2024-07-24 14:30:07.082 [Test worker] DEBUG c.g.d.z.s.o.a.h.c.h.i.i.PoolingHttpClientConnectionManager - ep-00000036: connection released [route: {}->npipe://localhost:2375][total available: 1; route allocated: 1 of 2147483647; total allocated: 1 of 2147483647]
2024-07-24 14:30:07.083 [Test worker] DEBUG o.t.s.c.g.d.c.command.AbstrDockerCmd - Cmd: 65ebb6d1f7d8f13308a5b203756fa2b813c8606471ea76d80d4dc1676c2a65a0,false
2024-07-24 14:30:07.083 [Test worker] DEBUG o.t.s.c.g.d.c.e.InspectContainerCmdExec - GET: DefaultWebTarget{path=[/containers/65ebb6d1f7d8f13308a5b203756fa2b813c8606471ea76d80d4dc1676c2a65a0/json], queryParams={}}
2024-07-24 14:30:07.083 [Test worker] DEBUG c.g.d.z.s.o.a.h.c.h.i.c.InternalHttpClient - ex-00000038: preparing request execution
2024-07-24 14:30:07.083 [Test worker] DEBUG c.g.d.z.s.o.a.h.c.h.p.RequestAddCookies - Cookie spec selected: strict
2024-07-24 14:30:07.083 [Test worker] DEBUG c.g.d.z.s.o.a.h.c.h.p.RequestAuthCache - Auth cache not set in the context
2024-07-24 14:30:07.083 [Test worker] DEBUG c.g.d.z.s.o.a.h.c.h.i.c.ProtocolExec - ex-00000038: target auth state: UNCHALLENGED
2024-07-24 14:30:07.083 [Test worker] DEBUG c.g.d.z.s.o.a.h.c.h.i.c.ProtocolExec - ex-00000038: proxy auth state: UNCHALLENGED
2024-07-24 14:30:07.083 [Test worker] DEBUG c.g.d.z.s.o.a.h.c.h.i.c.ConnectExec - ex-00000038: acquiring connection with route {}->npipe://localhost:2375
2024-07-24 14:30:07.083 [Test worker] DEBUG c.g.d.z.s.o.a.h.c.h.i.c.InternalHttpClient - ex-00000038: acquiring endpoint (3 MINUTES)
2024-07-24 14:30:07.083 [Test worker] DEBUG c.g.d.z.s.o.a.h.c.h.i.i.PoolingHttpClientConnectionManager - ex-00000038: endpoint lease request (3 MINUTES) [route: {}->npipe://localhost:2375][total available: 1; route allocated: 1 of 2147483647; total allocated: 1 of 2147483647]
2024-07-24 14:30:07.084 [Test worker] DEBUG c.g.d.z.s.o.a.h.c.h.i.i.PoolingHttpClientConnectionManager - ex-00000038: endpoint leased [route: {}->npipe://localhost:2375][total available: 0; route allocated: 1 of 2147483647; total allocated: 1 of 2147483647]
2024-07-24 14:30:07.084 [Test worker] DEBUG c.g.d.z.s.o.a.h.c.h.i.i.PoolingHttpClientConnectionManager - ex-00000038: acquired ep-00000037
2024-07-24 14:30:07.084 [Test worker] DEBUG c.g.d.z.s.o.a.h.c.h.i.c.InternalHttpClient - ex-00000038: acquired endpoint ep-00000037
2024-07-24 14:30:07.084 [Test worker] DEBUG c.g.d.z.s.o.a.h.c.h.i.c.MainClientExec - ex-00000038: executing GET /v1.32/containers/65ebb6d1f7d8f13308a5b203756fa2b813c8606471ea76d80d4dc1676c2a65a0/json HTTP/1.1
2024-07-24 14:30:07.084 [Test worker] DEBUG c.g.d.z.s.o.a.h.c.h.i.c.InternalHttpClient - ep-00000037: start execution ex-00000038
2024-07-24 14:30:07.084 [Test worker] DEBUG c.g.d.z.s.o.a.h.c.h.i.i.PoolingHttpClientConnectionManager - ep-00000037: executing exchange ex-00000038 over http-outgoing-5
2024-07-24 14:30:07.084 [Test worker] DEBUG c.g.d.z.s.o.a.h.client5.http.headers - http-outgoing-5 >> GET /v1.32/containers/65ebb6d1f7d8f13308a5b203756fa2b813c8606471ea76d80d4dc1676c2a65a0/json HTTP/1.1
2024-07-24 14:30:07.084 [Test worker] DEBUG c.g.d.z.s.o.a.h.client5.http.headers - http-outgoing-5 >> accept: application/json
2024-07-24 14:30:07.084 [Test worker] DEBUG c.g.d.z.s.o.a.h.client5.http.headers - http-outgoing-5 >> x-tc-sid: 280e6229-7396-4d60-b1e3-a5de48b5d49b
2024-07-24 14:30:07.084 [Test worker] DEBUG c.g.d.z.s.o.a.h.client5.http.headers - http-outgoing-5 >> User-Agent: tc-java/1.19.8
2024-07-24 14:30:07.084 [Test worker] DEBUG c.g.d.z.s.o.a.h.client5.http.headers - http-outgoing-5 >> Accept-Encoding: gzip, x-gzip, deflate
2024-07-24 14:30:07.084 [Test worker] DEBUG c.g.d.z.s.o.a.h.client5.http.headers - http-outgoing-5 >> Host: localhost:2375
2024-07-24 14:30:07.084 [Test worker] DEBUG c.g.d.z.s.o.a.h.client5.http.headers - http-outgoing-5 >> Connection: keep-alive
2024-07-24 14:30:07.084 [Test worker] DEBUG c.g.d.z.s.o.a.hc.client5.http.wire - http-outgoing-5 >> "GET /v1.32/containers/65ebb6d1f7d8f13308a5b203756fa2b813c8606471ea76d80d4dc1676c2a65a0/json HTTP/1.1[\r][\n]"
2024-07-24 14:30:07.084 [Test worker] DEBUG c.g.d.z.s.o.a.hc.client5.http.wire - http-outgoing-5 >> "accept: application/json[\r][\n]"
2024-07-24 14:30:07.084 [Test worker] DEBUG c.g.d.z.s.o.a.hc.client5.http.wire - http-outgoing-5 >> "x-tc-sid: 280e6229-7396-4d60-b1e3-a5de48b5d49b[\r][\n]"
2024-07-24 14:30:07.084 [Test worker] DEBUG c.g.d.z.s.o.a.hc.client5.http.wire - http-outgoing-5 >> "User-Agent: tc-java/1.19.8[\r][\n]"
2024-07-24 14:30:07.084 [Test worker] DEBUG c.g.d.z.s.o.a.hc.client5.http.wire - http-outgoing-5 >> "Accept-Encoding: gzip, x-gzip, deflate[\r][\n]"
2024-07-24 14:30:07.084 [Test worker] DEBUG c.g.d.z.s.o.a.hc.client5.http.wire - http-outgoing-5 >> "Host: localhost:2375[\r][\n]"
2024-07-24 14:30:07.084 [Test worker] DEBUG c.g.d.z.s.o.a.hc.client5.http.wire - http-outgoing-5 >> "Connection: keep-alive[\r][\n]"
2024-07-24 14:30:07.084 [Test worker] DEBUG c.g.d.z.s.o.a.hc.client5.http.wire - http-outgoing-5 >> "[\r][\n]"
2024-07-24 14:30:07.088 [Test worker] DEBUG c.g.d.z.s.o.a.hc.client5.http.wire - http-outgoing-5 << "HTTP/1.1 200 OK[\r][\n]"
2024-07-24 14:30:07.088 [Test worker] DEBUG c.g.d.z.s.o.a.hc.client5.http.wire - http-outgoing-5 << "Api-Version: 1.45[\r][\n]"
2024-07-24 14:30:07.088 [Test worker] DEBUG c.g.d.z.s.o.a.hc.client5.http.wire - http-outgoing-5 << "Content-Type: application/json[\r][\n]"
2024-07-24 14:30:07.088 [Test worker] DEBUG c.g.d.z.s.o.a.hc.client5.http.wire - http-outgoing-5 << "Date: Wed, 24 Jul 2024 02:30:07 GMT[\r][\n]"
2024-07-24 14:30:07.088 [Test worker] DEBUG c.g.d.z.s.o.a.hc.client5.http.wire - http-outgoing-5 << "Docker-Experimental: false[\r][\n]"
2024-07-24 14:30:07.088 [Test worker] DEBUG c.g.d.z.s.o.a.hc.client5.http.wire - http-outgoing-5 << "Ostype: linux[\r][\n]"
2024-07-24 14:30:07.088 [Test worker] DEBUG c.g.d.z.s.o.a.hc.client5.http.wire - http-outgoing-5 << "Server: Docker/26.0.0 (linux)[\r][\n]"
2024-07-24 14:30:07.088 [Test worker] DEBUG c.g.d.z.s.o.a.hc.client5.http.wire - http-outgoing-5 << "Transfer-Encoding: chunked[\r][\n]"
2024-07-24 14:30:07.088 [Test worker] DEBUG c.g.d.z.s.o.a.hc.client5.http.wire - http-outgoing-5 << "[\r][\n]"
2024-07-24 14:30:07.088 [Test worker] DEBUG c.g.d.z.s.o.a.h.client5.http.headers - http-outgoing-5 << HTTP/1.1 200 OK
2024-07-24 14:30:07.088 [Test worker] DEBUG c.g.d.z.s.o.a.h.client5.http.headers - http-outgoing-5 << Api-Version: 1.45
2024-07-24 14:30:07.088 [Test worker] DEBUG c.g.d.z.s.o.a.h.client5.http.headers - http-outgoing-5 << Content-Type: application/json
2024-07-24 14:30:07.088 [Test worker] DEBUG c.g.d.z.s.o.a.h.client5.http.headers - http-outgoing-5 << Date: Wed, 24 Jul 2024 02:30:07 GMT
2024-07-24 14:30:07.088 [Test worker] DEBUG c.g.d.z.s.o.a.h.client5.http.headers - http-outgoing-5 << Docker-Experimental: false
2024-07-24 14:30:07.088 [Test worker] DEBUG c.g.d.z.s.o.a.h.client5.http.headers - http-outgoing-5 << Ostype: linux
2024-07-24 14:30:07.088 [Test worker] DEBUG c.g.d.z.s.o.a.h.client5.http.headers - http-outgoing-5 << Server: Docker/26.0.0 (linux)
2024-07-24 14:30:07.088 [Test worker] DEBUG c.g.d.z.s.o.a.h.client5.http.headers - http-outgoing-5 << Transfer-Encoding: chunked
2024-07-24 14:30:07.088 [Test worker] DEBUG c.g.d.z.s.o.a.h.c.h.i.c.MainClientExec - ex-00000038: connection can be kept alive for 3 MINUTES
2024-07-24 14:30:07.089 [Test worker] DEBUG c.g.d.z.s.o.a.hc.client5.http.wire - http-outgoing-5 << "1a3b[\r][\n]"
2024-07-24 14:30:07.089 [Test worker] DEBUG c.g.d.z.s.o.a.hc.client5.http.wire - http-outgoing-5 << "{"Id":"65ebb6d1f7d8f13308a5b203756fa2b813c8606471ea76d80d4dc1676c2a65a0","Created":"2024-07-24T02:30:06.612700114Z","Path":"docker-entrypoint.sh","Args":["postgres","-c","fsync=off"],"State":{"Status":"running","Running":true,"Paused":false,"Restarting":false,"OOMKilled":false,"Dead":false,"Pid":28406,"ExitCode":0,"Error":"","StartedAt":"2024-07-24T02:30:07.062865795Z","FinishedAt":"0001-01-01T00:00:00Z"},"Image":"sha256:8e4fc9e184899a58735e7ee333f5e272d7d2298cf59302006b71f33e217be130","ResolvConfPath":"/var/lib/docker/containers/65ebb6d1f7d8f13308a5b203756fa2b813c8606471ea76d80d4dc1676c2a65a0/resolv.conf","HostnamePath":"/var/lib/docker/containers/65ebb6d1f7d8f13308a5b203756fa2b813c8606471ea76d80d4dc1676c2a65a0/hostname","HostsPath":"/var/lib/docker/containers/65ebb6d1f7d8f13308a5b203756fa2b813c8606471ea76d80d4dc1676c2a65a0/hosts","LogPath":"/var/lib/docker/containers/65ebb6d1f7d8f13308a5b203756fa2b813c8606471ea76d80d4dc1676c2a65a0/65ebb6d1f7d8f13308a5b203756fa2b813c8606471ea76d80d4dc1676c2a65a0-json.log","Name":"/xenodochial_fermat","RestartCount":0,"Driver":"overlay2","Platform":"linux","MountLabel":"","ProcessLabel":"","AppArmorProfile":"","ExecIDs":null,"HostConfig":{"Binds":[],"ContainerIDFile":"","LogConfig":{"Type":"json-file","Config":{}},"NetworkMode":"default","PortBindings":{"5432/tcp":[{"HostIp":"0.0.0.0","HostPort":"0"}]},"RestartPolicy":{"Name":"no","MaximumRetryCount":0},"AutoRemove":false,"VolumeDriver":"","VolumesFrom":[],"ConsoleSize":[0,0],"CapAdd":null,"CapDrop":null,"CgroupnsMode":"host","Dns":null,"DnsOptions":null,"DnsSearch":null,"ExtraHosts":[],"GroupAdd":null,"IpcMode":"shareable","Cgroup":"","Links":null,"OomScoreAdj":0,"PidMode":"","Privileged":false,"PublishAllPorts":false,"ReadonlyRootfs":false,"SecurityOpt":null,"UTSMode":"","UsernsMode":"","ShmSize":67108864,"Runtime":"runc","Isolation":"","CpuShares":0,"Memory":0,"NanoCpus":0,"CgroupParent":"","BlkioWeight":0,"BlkioWeightDevice":null,"BlkioDeviceReadBps":null,"BlkioDeviceWriteBps":null,"BlkioDeviceReadIOps":null,"BlkioDeviceWriteIOps":null,"CpuPeriod":0,"CpuQuota":0,"CpuRealtimePeriod":0,"CpuRealtimeRuntime":0,"CpusetCpus":"","CpusetMems":"","Devices":null,"DeviceCgroupRules":null,"DeviceRequests":null,"MemoryReservation":0,"MemorySwap":0,"MemorySwappiness":null,"OomKillDisable":false,"PidsLimit":null,"Ulimits":null,"CpuCount":0,"CpuPercent":0,"IOMaximumIOps":0,"IOMaximumBandwidth":0,"MaskedPaths":["/proc/asound","/proc/acpi","/proc/kcore","/proc/keys","/proc/latency_stats","/proc/timer_list","/proc/timer_stats","/proc/sched_debug","/proc/scsi","/sys/firmware","/sys/devices/virtual/powercap"],"ReadonlyPaths":["/proc/bus","/proc/fs","/proc/irq","/proc/sys","/proc/sysrq-trigger"]},"GraphDriver":{"Data":{"LowerDir":"/var/lib/docker/overlay2/fb3824f45e74f09362d73ea5b31c23e27e5f15f328122fcde664699fca182e36-init/diff:/var/lib/docker/overlay2/8f0ddbd386af0785c2e348570516955816ab350305d698d363962d488eeb15ec/diff:/var/lib/docker/overlay2/0eb0ca73e9b0be7c3d7fa8762ef4778a68f38391bc84c037c2e90b88e781b475/diff:/var/lib/docker/overlay2/74e634bddc785c5d436b10a5158cd82e21dc2065fd1cf8ff9c1c12e01575a2d8/diff:/var/lib/docker/overlay2/bb918b2851cd2f508f1e3fdbfff8b7f8b041d61e65fe8c368288bf399e80b818/diff:/var/lib/docker/overlay2/2abab2946cbdc2941ee8ec4024c51dac7313dee9de5fbedd1ca33388c59eb3c8/diff:/var/lib/docker/overlay2/e12f6083ee669bd92743ceb339a896bb25dbe461b718705bb39eb410b80c0ecd/diff:/var/lib/docker/overlay2/ced1e86d670d097da5ed4da7288c22507735918959161c2cd8bf083fb30d169a/diff:/var/lib/docker/overlay2/94e9ac7b74923285ae73af20aeccb964ca9079e2305db367cb85d1603560472d/diff:/var/lib/docker/overlay2/a396b6dfd63f0c228c519871183c614cccf4d366a43460f27ecf97113c3c4be8/diff:/var/lib/docker/overlay2/f58ada5d5080c2bac553c734f81127660a90581a35ed2a92cebe3c59e340875b/diff:/var/lib/docker/overlay2/84f85636f37bf55d945e217b4f87a856eba7932284beaf042561007b66f48977/diff:/var/lib/docker/overlay2/1e6e519613884e91a2b74a588ba35dc8a2f789371ab798ef6e7d9836d756042f/diff:/var/lib/docker/overlay2/14a3151cc8b4f9d27d2e64f1a8abc0c7809309580f2d7e8dc8545055c1d56194/diff:/var/lib/"
2024-07-24 14:30:07.089 [Test worker] DEBUG c.g.d.z.s.o.a.hc.client5.http.wire - http-outgoing-5 << "docker/overlay2/5b354b9e793401517fe2f1da697653fdaadffc54888eaf76d67e0600b8c68bdc/diff","MergedDir":"/var/lib/docker/overlay2/fb3824f45e74f09362d73ea5b31c23e27e5f15f328122fcde664699fca182e36/merged","UpperDir":"/var/lib/docker/overlay2/fb3824f45e74f09362d73ea5b31c23e27e5f15f328122fcde664699fca182e36/diff","WorkDir":"/var/lib/docker/overlay2/fb3824f45e74f09362d73ea5b31c23e27e5f15f328122fcde664699fca182e36/work"},"Name":"overlay2"},"Mounts":[{"Type":"volume","Name":"fbb11297e2934a481331b519ff283f45d9c9ec12e09a126c5edc130e9a5d892f","Source":"/var/lib/docker/volumes/fbb11297e2934a481331b519ff283f45d9c9ec12e09a126c5edc130e9a5d892f/_data","Destination":"/var/lib/postgresql/data","Driver":"local","Mode":"","RW":true,"Propagation":""}],"Config":{"Hostname":"65ebb6d1f7d8","Domainname":"","User":"","AttachStdin":false,"AttachStdout":false,"AttachStderr":false,"ExposedPorts":{"5432/tcp":{}},"Tty":false,"OpenStdin":false,"StdinOnce":false,"Env":["POSTGRES_USER=user","POSTGRES_PASSWORD=password","POSTGRES_DB=db","PATH=/usr/local/sbin:/usr/local/bin:/usr/sbin:/usr/bin:/sbin:/bin:/usr/lib/postgresql/16/bin","GOSU_VERSION=1.17","LANG=en_US.utf8","PG_MAJOR=16","PG_VERSION=16.2-1.pgdg120+2","PGDATA=/var/lib/postgresql/data"],"Cmd":["postgres","-c","fsync=off"],"Image":"postgres:latest","Volumes":{"/var/lib/postgresql/data":{}},"WorkingDir":"","Entrypoint":["docker-entrypoint.sh"],"OnBuild":null,"Labels":{"org.testcontainers":"true","org.testcontainers.lang":"java","org.testcontainers.sessionId":"280e6229-7396-4d60-b1e3-a5de48b5d49b","org.testcontainers.version":"1.19.8"},"StopSignal":"SIGINT"},"NetworkSettings":{"Bridge":"","SandboxID":"2c1fa2ea2207747afff59b0627e49aaccdc84021a4a80a6da2372233001d5d88","SandboxKey":"/var/run/docker/netns/2c1fa2ea2207","Ports":{"5432/tcp":[{"HostIp":"0.0.0.0","HostPort":"51520"}]},"HairpinMode":false,"LinkLocalIPv6Address":"","LinkLocalIPv6PrefixLen":0,"SecondaryIPAddresses":null,"SecondaryIPv6Addresses":null,"EndpointID":"4f6d2bf8c85ca82fdb0bf67023a645d6186b67643a662280a2abf0ba00043b09","Gateway":"172.17.0.1","GlobalIPv6Address":"","GlobalIPv6PrefixLen":0,"IPAddress":"172.17.0.3","IPPrefixLen":16,"IPv6Gateway":"","MacAddress":"02:42:ac:11:00:03","Networks":{"bridge":{"IPAMConfig":null,"Links":null,"Aliases":null,"MacAddress":"02:42:ac:11:00:03","NetworkID":"3c842496be344cbdae878c1dee0957e7bc7c0a2236009c92752030f2b053e72f","EndpointID":"4f6d2bf8c85ca82fdb0bf67023a645d6186b67643a662280a2abf0ba00043b09","Gateway":"172.17.0.1","IPAddress":"172.17.0.3","IPPrefixLen":16,"IPv6Gateway":"","GlobalIPv6Address":"","GlobalIPv6PrefixLen":0,"DriverOpts":null,"DNSNames":null}}}}[\n]"
2024-07-24 14:30:07.090 [Test worker] DEBUG c.g.d.z.s.o.a.hc.client5.http.wire - http-outgoing-5 << "[\r][\n]"
2024-07-24 14:30:07.090 [Test worker] DEBUG c.g.d.z.s.o.a.hc.client5.http.wire - http-outgoing-5 << "0[\r][\n]"
2024-07-24 14:30:07.090 [Test worker] DEBUG c.g.d.z.s.o.a.hc.client5.http.wire - http-outgoing-5 << "[\r][\n]"
2024-07-24 14:30:07.090 [Test worker] DEBUG c.g.d.z.s.o.a.h.c.h.i.c.InternalHttpClient - ep-00000037: releasing valid endpoint
2024-07-24 14:30:07.090 [Test worker] DEBUG c.g.d.z.s.o.a.h.c.h.i.i.PoolingHttpClientConnectionManager - ep-00000037: releasing endpoint
2024-07-24 14:30:07.090 [Test worker] DEBUG c.g.d.z.s.o.a.h.c.h.i.i.PoolingHttpClientConnectionManager - ep-00000037: connection http-outgoing-5 can be kept alive for 3 MINUTES
2024-07-24 14:30:07.090 [Test worker] DEBUG c.g.d.z.s.o.a.h.c.h.i.i.PoolingHttpClientConnectionManager - ep-00000037: connection released [route: {}->npipe://localhost:2375][total available: 1; route allocated: 1 of 2147483647; total allocated: 1 of 2147483647]
2024-07-24 14:30:07.091 [Test worker] DEBUG o.t.s.c.g.d.c.command.AbstrDockerCmd - Cmd: sha256:8e4fc9e184899a58735e7ee333f5e272d7d2298cf59302006b71f33e217be130
2024-07-24 14:30:07.091 [Test worker] TRACE o.t.s.c.g.d.c.e.InspectImageCmdExec - GET: DefaultWebTarget{path=[/images/sha256:8e4fc9e184899a58735e7ee333f5e272d7d2298cf59302006b71f33e217be130/json], queryParams={}}
2024-07-24 14:30:07.091 [Test worker] DEBUG c.g.d.z.s.o.a.h.c.h.i.c.InternalHttpClient - ex-00000039: preparing request execution
2024-07-24 14:30:07.091 [Test worker] DEBUG c.g.d.z.s.o.a.h.c.h.p.RequestAddCookies - Cookie spec selected: strict
2024-07-24 14:30:07.091 [Test worker] DEBUG c.g.d.z.s.o.a.h.c.h.p.RequestAuthCache - Auth cache not set in the context
2024-07-24 14:30:07.091 [Test worker] DEBUG c.g.d.z.s.o.a.h.c.h.i.c.ProtocolExec - ex-00000039: target auth state: UNCHALLENGED
2024-07-24 14:30:07.091 [Test worker] DEBUG c.g.d.z.s.o.a.h.c.h.i.c.ProtocolExec - ex-00000039: proxy auth state: UNCHALLENGED
2024-07-24 14:30:07.091 [Test worker] DEBUG c.g.d.z.s.o.a.h.c.h.i.c.ConnectExec - ex-00000039: acquiring connection with route {}->npipe://localhost:2375
2024-07-24 14:30:07.091 [Test worker] DEBUG c.g.d.z.s.o.a.h.c.h.i.c.InternalHttpClient - ex-00000039: acquiring endpoint (3 MINUTES)
2024-07-24 14:30:07.091 [Test worker] DEBUG c.g.d.z.s.o.a.h.c.h.i.i.PoolingHttpClientConnectionManager - ex-00000039: endpoint lease request (3 MINUTES) [route: {}->npipe://localhost:2375][total available: 1; route allocated: 1 of 2147483647; total allocated: 1 of 2147483647]
2024-07-24 14:30:07.091 [Test worker] DEBUG c.g.d.z.s.o.a.h.c.h.i.i.PoolingHttpClientConnectionManager - ex-00000039: endpoint leased [route: {}->npipe://localhost:2375][total available: 0; route allocated: 1 of 2147483647; total allocated: 1 of 2147483647]
2024-07-24 14:30:07.091 [Test worker] DEBUG c.g.d.z.s.o.a.h.c.h.i.i.PoolingHttpClientConnectionManager - ex-00000039: acquired ep-00000038
2024-07-24 14:30:07.092 [Test worker] DEBUG c.g.d.z.s.o.a.h.c.h.i.c.InternalHttpClient - ex-00000039: acquired endpoint ep-00000038
2024-07-24 14:30:07.092 [Test worker] DEBUG c.g.d.z.s.o.a.h.c.h.i.c.MainClientExec - ex-00000039: executing GET /v1.32/images/sha256:8e4fc9e184899a58735e7ee333f5e272d7d2298cf59302006b71f33e217be130/json HTTP/1.1
2024-07-24 14:30:07.092 [Test worker] DEBUG c.g.d.z.s.o.a.h.c.h.i.c.InternalHttpClient - ep-00000038: start execution ex-00000039
2024-07-24 14:30:07.092 [Test worker] DEBUG c.g.d.z.s.o.a.h.c.h.i.i.PoolingHttpClientConnectionManager - ep-00000038: executing exchange ex-00000039 over http-outgoing-5
2024-07-24 14:30:07.092 [Test worker] DEBUG c.g.d.z.s.o.a.h.client5.http.headers - http-outgoing-5 >> GET /v1.32/images/sha256:8e4fc9e184899a58735e7ee333f5e272d7d2298cf59302006b71f33e217be130/json HTTP/1.1
2024-07-24 14:30:07.092 [Test worker] DEBUG c.g.d.z.s.o.a.h.client5.http.headers - http-outgoing-5 >> accept: application/json
2024-07-24 14:30:07.092 [Test worker] DEBUG c.g.d.z.s.o.a.h.client5.http.headers - http-outgoing-5 >> x-tc-sid: 280e6229-7396-4d60-b1e3-a5de48b5d49b
2024-07-24 14:30:07.092 [Test worker] DEBUG c.g.d.z.s.o.a.h.client5.http.headers - http-outgoing-5 >> User-Agent: tc-java/1.19.8
2024-07-24 14:30:07.092 [Test worker] DEBUG c.g.d.z.s.o.a.h.client5.http.headers - http-outgoing-5 >> Accept-Encoding: gzip, x-gzip, deflate
2024-07-24 14:30:07.092 [Test worker] DEBUG c.g.d.z.s.o.a.h.client5.http.headers - http-outgoing-5 >> Host: localhost:2375
2024-07-24 14:30:07.092 [Test worker] DEBUG c.g.d.z.s.o.a.h.client5.http.headers - http-outgoing-5 >> Connection: keep-alive
2024-07-24 14:30:07.092 [Test worker] DEBUG c.g.d.z.s.o.a.hc.client5.http.wire - http-outgoing-5 >> "GET /v1.32/images/sha256:8e4fc9e184899a58735e7ee333f5e272d7d2298cf59302006b71f33e217be130/json HTTP/1.1[\r][\n]"
2024-07-24 14:30:07.092 [Test worker] DEBUG c.g.d.z.s.o.a.hc.client5.http.wire - http-outgoing-5 >> "accept: application/json[\r][\n]"
2024-07-24 14:30:07.092 [Test worker] DEBUG c.g.d.z.s.o.a.hc.client5.http.wire - http-outgoing-5 >> "x-tc-sid: 280e6229-7396-4d60-b1e3-a5de48b5d49b[\r][\n]"
2024-07-24 14:30:07.092 [Test worker] DEBUG c.g.d.z.s.o.a.hc.client5.http.wire - http-outgoing-5 >> "User-Agent: tc-java/1.19.8[\r][\n]"
2024-07-24 14:30:07.092 [Test worker] DEBUG c.g.d.z.s.o.a.hc.client5.http.wire - http-outgoing-5 >> "Accept-Encoding: gzip, x-gzip, deflate[\r][\n]"
2024-07-24 14:30:07.092 [Test worker] DEBUG c.g.d.z.s.o.a.hc.client5.http.wire - http-outgoing-5 >> "Host: localhost:2375[\r][\n]"
2024-07-24 14:30:07.092 [Test worker] DEBUG c.g.d.z.s.o.a.hc.client5.http.wire - http-outgoing-5 >> "Connection: keep-alive[\r][\n]"
2024-07-24 14:30:07.092 [Test worker] DEBUG c.g.d.z.s.o.a.hc.client5.http.wire - http-outgoing-5 >> "[\r][\n]"
2024-07-24 14:30:07.096 [Test worker] DEBUG c.g.d.z.s.o.a.hc.client5.http.wire - http-outgoing-5 << "HTTP/1.1 200 OK[\r][\n]"
2024-07-24 14:30:07.096 [Test worker] DEBUG c.g.d.z.s.o.a.hc.client5.http.wire - http-outgoing-5 << "Api-Version: 1.45[\r][\n]"
2024-07-24 14:30:07.096 [Test worker] DEBUG c.g.d.z.s.o.a.hc.client5.http.wire - http-outgoing-5 << "Content-Type: application/json[\r][\n]"
2024-07-24 14:30:07.096 [Test worker] DEBUG c.g.d.z.s.o.a.hc.client5.http.wire - http-outgoing-5 << "Date: Wed, 24 Jul 2024 02:30:07 GMT[\r][\n]"
2024-07-24 14:30:07.096 [Test worker] DEBUG c.g.d.z.s.o.a.hc.client5.http.wire - http-outgoing-5 << "Docker-Experimental: false[\r][\n]"
2024-07-24 14:30:07.096 [Test worker] DEBUG c.g.d.z.s.o.a.hc.client5.http.wire - http-outgoing-5 << "Ostype: linux[\r][\n]"
2024-07-24 14:30:07.096 [Test worker] DEBUG c.g.d.z.s.o.a.hc.client5.http.wire - http-outgoing-5 << "Server: Docker/26.0.0 (linux)[\r][\n]"
2024-07-24 14:30:07.096 [Test worker] DEBUG c.g.d.z.s.o.a.hc.client5.http.wire - http-outgoing-5 << "Transfer-Encoding: chunked[\r][\n]"
2024-07-24 14:30:07.096 [Test worker] DEBUG c.g.d.z.s.o.a.hc.client5.http.wire - http-outgoing-5 << "[\r][\n]"
2024-07-24 14:30:07.096 [Test worker] DEBUG c.g.d.z.s.o.a.h.client5.http.headers - http-outgoing-5 << HTTP/1.1 200 OK
2024-07-24 14:30:07.096 [Test worker] DEBUG c.g.d.z.s.o.a.h.client5.http.headers - http-outgoing-5 << Api-Version: 1.45
2024-07-24 14:30:07.096 [Test worker] DEBUG c.g.d.z.s.o.a.h.client5.http.headers - http-outgoing-5 << Content-Type: application/json
2024-07-24 14:30:07.096 [Test worker] DEBUG c.g.d.z.s.o.a.h.client5.http.headers - http-outgoing-5 << Date: Wed, 24 Jul 2024 02:30:07 GMT
2024-07-24 14:30:07.096 [Test worker] DEBUG c.g.d.z.s.o.a.h.client5.http.headers - http-outgoing-5 << Docker-Experimental: false
2024-07-24 14:30:07.096 [Test worker] DEBUG c.g.d.z.s.o.a.h.client5.http.headers - http-outgoing-5 << Ostype: linux
2024-07-24 14:30:07.096 [Test worker] DEBUG c.g.d.z.s.o.a.h.client5.http.headers - http-outgoing-5 << Server: Docker/26.0.0 (linux)
2024-07-24 14:30:07.096 [Test worker] DEBUG c.g.d.z.s.o.a.h.client5.http.headers - http-outgoing-5 << Transfer-Encoding: chunked
2024-07-24 14:30:07.096 [Test worker] DEBUG c.g.d.z.s.o.a.h.c.h.i.c.MainClientExec - ex-00000039: connection can be kept alive for 3 MINUTES
2024-07-24 14:30:07.097 [Test worker] DEBUG c.g.d.z.s.o.a.hc.client5.http.wire - http-outgoing-5 << "fcb[\r][\n]"
2024-07-24 14:30:07.097 [Test worker] DEBUG c.g.d.z.s.o.a.hc.client5.http.wire - http-outgoing-5 << "{"Id":"sha256:8e4fc9e184899a58735e7ee333f5e272d7d2298cf59302006b71f33e217be130","RepoTags":["postgres:latest"],"RepoDigests":["postgres@sha256:4aea012537edfad80f98d870a36e6b90b4c09b27be7f4b4759d72db863baeebb"],"Parent":"","Comment":"buildkit.dockerfile.v0","Created":"2024-02-21T00:46:13Z","ContainerConfig":{"Hostname":"","Domainname":"","User":"","AttachStdin":false,"AttachStdout":false,"AttachStderr":false,"Tty":false,"OpenStdin":false,"StdinOnce":false,"Env":null,"Cmd":null,"Image":"","Volumes":null,"WorkingDir":"","Entrypoint":null,"OnBuild":null,"Labels":null},"DockerVersion":"","Author":"","Config":{"Hostname":"","Domainname":"","User":"","AttachStdin":false,"AttachStdout":false,"AttachStderr":false,"ExposedPorts":{"5432/tcp":{}},"Tty":false,"OpenStdin":false,"StdinOnce":false,"Env":["PATH=/usr/local/sbin:/usr/local/bin:/usr/sbin:/usr/bin:/sbin:/bin:/usr/lib/postgresql/16/bin","GOSU_VERSION=1.17","LANG=en_US.utf8","PG_MAJOR=16","PG_VERSION=16.2-1.pgdg120+2","PGDATA=/var/lib/postgresql/data"],"Cmd":["postgres"],"ArgsEscaped":true,"Image":"","Volumes":{"/var/lib/postgresql/data":{}},"WorkingDir":"","Entrypoint":["docker-entrypoint.sh"],"OnBuild":null,"Labels":null,"StopSignal":"SIGINT"},"Architecture":"amd64","Os":"linux","Size":431496964,"VirtualSize":431496964,"GraphDriver":{"Data":{"LowerDir":"/var/lib/docker/overlay2/0eb0ca73e9b0be7c3d7fa8762ef4778a68f38391bc84c037c2e90b88e781b475/diff:/var/lib/docker/overlay2/74e634bddc785c5d436b10a5158cd82e21dc2065fd1cf8ff9c1c12e01575a2d8/diff:/var/lib/docker/overlay2/bb918b2851cd2f508f1e3fdbfff8b7f8b041d61e65fe8c368288bf399e80b818/diff:/var/lib/docker/overlay2/2abab2946cbdc2941ee8ec4024c51dac7313dee9de5fbedd1ca33388c59eb3c8/diff:/var/lib/docker/overlay2/e12f6083ee669bd92743ceb339a896bb25dbe461b718705bb39eb410b80c0ecd/diff:/var/lib/docker/overlay2/ced1e86d670d097da5ed4da7288c22507735918959161c2cd8bf083fb30d169a/diff:/var/lib/docker/overlay2/94e9ac7b74923285ae73af20aeccb964ca9079e2305db367cb85d1603560472d/diff:/var/lib/docker/overlay2/a396b6dfd63f0c228c519871183c614cccf4d366a43460f27ecf97113c3c4be8/diff:/var/lib/docker/overlay2/f58ada5d5080c2bac553c734f81127660a90581a35ed2a92cebe3c59e340875b/diff:/var/lib/docker/overlay2/84f85636f37bf55d945e217b4f87a856eba7932284beaf042561007b66f48977/diff:/var/lib/docker/overlay2/1e6e519613884e91a2b74a588ba35dc8a2f789371ab798ef6e7d9836d756042f/diff:/var/lib/docker/overlay2/14a3151cc8b4f9d27d2e64f1a8abc0c7809309580f2d7e8dc8545055c1d56194/diff:/var/lib/docker/overlay2/5b354b9e793401517fe2f1da697653fdaadffc54888eaf76d67e0600b8c68bdc/diff","MergedDir":"/var/lib/docker/overlay2/8f0ddbd386af0785c2e348570516955816ab350305d698d363962d488eeb15ec/merged","UpperDir":"/var/lib/docker/overlay2/8f0ddbd386af0785c2e348570516955816ab350305d698d363962d488eeb15ec/diff","WorkDir":"/var/lib/docker/overlay2/8f0ddbd386af0785c2e348570516955816ab350305d698d363962d488eeb15ec/work"},"Name":"overlay2"},"RootFS":{"Type":"layers","Layers":["sha256:52ec5a4316fadc09a4a51f82b8d7b66ead0d71bea4f75e81e25b4094c4219061","sha256:5a99d63e3aef066b4fa085cf24d0281681d5530c22f0c93391b854ba5741b62e","sha256:12694c6edf8321950446751b5acc175137946701b72febd6a32ab6e6cb89403b","sha256:beceb355ef35df0b8123db4eddd8f734e7414a3828e463354a913dda6738571d","sha256:0f86e6985ca32f3adeb9f65e3f80b3f2aa37a697d345c84011b2421e5608bc06","sha256:22c31f24613cd6a7b43f3074166d79619574e76f430035be15d909ae45fb97da","sha256:7c32a1ce1cc084a148145553666d5b64e3b6551491d1c3c6cc545b5b69daf5da","sha256:192de40051e6f5b468a60be4e6d162a1bbf3dc4af2dfb0a7aa8db25f86b6e68e","sha256:257f3fc789f6526019470322285b4bfe55e3e09f41150576c0997f370407af14","sha256:2993953b2c109056b0d580a549dae9f902a84a29f3907d96d7329746a8df7fc2","sha256:0bc02fbb093e939812a0ca64bd21a807d815b89c5e034e73026d14535053f4e2","sha256:3866ad927dc8101b32941f0fe6e36e656eba398b92164688ce1d1afdeca7eb09","sha256:2621fdc21b32f8210d30df7b9f44c068fa347ce07f7e1935a2383e5f7e7ddecb","sha256:c116a9ba3dbfe8c6135659ba009883a03bdc660abfedc64e2528baa6d736dbc9"]},"Metadata":{"LastTagTime":"0001-01-01T00:00:00Z"},"Container":""}[\n]"
2024-07-24 14:30:07.097 [Test worker] DEBUG c.g.d.z.s.o.a.hc.client5.http.wire - http-outgoing-5 << "[\r][\n]"
2024-07-24 14:30:07.097 [Test worker] DEBUG c.g.d.z.s.o.a.hc.client5.http.wire - http-outgoing-5 << "0[\r][\n]"
2024-07-24 14:30:07.097 [Test worker] DEBUG c.g.d.z.s.o.a.hc.client5.http.wire - http-outgoing-5 << "[\r][\n]"
2024-07-24 14:30:07.097 [Test worker] DEBUG c.g.d.z.s.o.a.h.c.h.i.c.InternalHttpClient - ep-00000038: releasing valid endpoint
2024-07-24 14:30:07.097 [Test worker] DEBUG c.g.d.z.s.o.a.h.c.h.i.i.PoolingHttpClientConnectionManager - ep-00000038: releasing endpoint
2024-07-24 14:30:07.097 [Test worker] DEBUG c.g.d.z.s.o.a.h.c.h.i.i.PoolingHttpClientConnectionManager - ep-00000038: connection http-outgoing-5 can be kept alive for 3 MINUTES
2024-07-24 14:30:07.098 [Test worker] DEBUG c.g.d.z.s.o.a.h.c.h.i.i.PoolingHttpClientConnectionManager - ep-00000038: connection released [route: {}->npipe://localhost:2375][total available: 1; route allocated: 1 of 2147483647; total allocated: 1 of 2147483647]
2024-07-24 14:30:07.098 [Test worker] DEBUG o.t.s.c.g.d.c.command.AbstrDockerCmd - Cmd: 
2024-07-24 14:30:07.098 [Test worker] TRACE o.t.s.c.g.d.core.exec.VersionCmdExec - GET: DefaultWebTarget{path=[/version], queryParams={}}
2024-07-24 14:30:07.098 [Test worker] DEBUG c.g.d.z.s.o.a.h.c.h.i.c.InternalHttpClient - ex-0000003A: preparing request execution
2024-07-24 14:30:07.098 [Test worker] DEBUG c.g.d.z.s.o.a.h.c.h.p.RequestAddCookies - Cookie spec selected: strict
2024-07-24 14:30:07.098 [Test worker] DEBUG c.g.d.z.s.o.a.h.c.h.p.RequestAuthCache - Auth cache not set in the context
2024-07-24 14:30:07.098 [Test worker] DEBUG c.g.d.z.s.o.a.h.c.h.i.c.ProtocolExec - ex-0000003A: target auth state: UNCHALLENGED
2024-07-24 14:30:07.098 [Test worker] DEBUG c.g.d.z.s.o.a.h.c.h.i.c.ProtocolExec - ex-0000003A: proxy auth state: UNCHALLENGED
2024-07-24 14:30:07.098 [Test worker] DEBUG c.g.d.z.s.o.a.h.c.h.i.c.ConnectExec - ex-0000003A: acquiring connection with route {}->npipe://localhost:2375
2024-07-24 14:30:07.098 [Test worker] DEBUG c.g.d.z.s.o.a.h.c.h.i.c.InternalHttpClient - ex-0000003A: acquiring endpoint (3 MINUTES)
2024-07-24 14:30:07.098 [Test worker] DEBUG c.g.d.z.s.o.a.h.c.h.i.i.PoolingHttpClientConnectionManager - ex-0000003A: endpoint lease request (3 MINUTES) [route: {}->npipe://localhost:2375][total available: 1; route allocated: 1 of 2147483647; total allocated: 1 of 2147483647]
2024-07-24 14:30:07.098 [Test worker] DEBUG c.g.d.z.s.o.a.h.c.h.i.i.PoolingHttpClientConnectionManager - ex-0000003A: endpoint leased [route: {}->npipe://localhost:2375][total available: 0; route allocated: 1 of 2147483647; total allocated: 1 of 2147483647]
2024-07-24 14:30:07.098 [Test worker] DEBUG c.g.d.z.s.o.a.h.c.h.i.i.PoolingHttpClientConnectionManager - ex-0000003A: acquired ep-00000039
2024-07-24 14:30:07.098 [Test worker] DEBUG c.g.d.z.s.o.a.h.c.h.i.c.InternalHttpClient - ex-0000003A: acquired endpoint ep-00000039
2024-07-24 14:30:07.098 [Test worker] DEBUG c.g.d.z.s.o.a.h.c.h.i.c.MainClientExec - ex-0000003A: executing GET /v1.32/version HTTP/1.1
2024-07-24 14:30:07.098 [Test worker] DEBUG c.g.d.z.s.o.a.h.c.h.i.c.InternalHttpClient - ep-00000039: start execution ex-0000003A
2024-07-24 14:30:07.098 [Test worker] DEBUG c.g.d.z.s.o.a.h.c.h.i.i.PoolingHttpClientConnectionManager - ep-00000039: executing exchange ex-0000003A over http-outgoing-5
2024-07-24 14:30:07.098 [Test worker] DEBUG c.g.d.z.s.o.a.h.client5.http.headers - http-outgoing-5 >> GET /v1.32/version HTTP/1.1
2024-07-24 14:30:07.098 [Test worker] DEBUG c.g.d.z.s.o.a.h.client5.http.headers - http-outgoing-5 >> accept: application/json
2024-07-24 14:30:07.098 [Test worker] DEBUG c.g.d.z.s.o.a.h.client5.http.headers - http-outgoing-5 >> x-tc-sid: 280e6229-7396-4d60-b1e3-a5de48b5d49b
2024-07-24 14:30:07.098 [Test worker] DEBUG c.g.d.z.s.o.a.h.client5.http.headers - http-outgoing-5 >> User-Agent: tc-java/1.19.8
2024-07-24 14:30:07.098 [Test worker] DEBUG c.g.d.z.s.o.a.h.client5.http.headers - http-outgoing-5 >> Accept-Encoding: gzip, x-gzip, deflate
2024-07-24 14:30:07.098 [Test worker] DEBUG c.g.d.z.s.o.a.h.client5.http.headers - http-outgoing-5 >> Host: localhost:2375
2024-07-24 14:30:07.098 [Test worker] DEBUG c.g.d.z.s.o.a.h.client5.http.headers - http-outgoing-5 >> Connection: keep-alive
2024-07-24 14:30:07.098 [Test worker] DEBUG c.g.d.z.s.o.a.hc.client5.http.wire - http-outgoing-5 >> "GET /v1.32/version HTTP/1.1[\r][\n]"
2024-07-24 14:30:07.098 [Test worker] DEBUG c.g.d.z.s.o.a.hc.client5.http.wire - http-outgoing-5 >> "accept: application/json[\r][\n]"
2024-07-24 14:30:07.098 [Test worker] DEBUG c.g.d.z.s.o.a.hc.client5.http.wire - http-outgoing-5 >> "x-tc-sid: 280e6229-7396-4d60-b1e3-a5de48b5d49b[\r][\n]"
2024-07-24 14:30:07.098 [Test worker] DEBUG c.g.d.z.s.o.a.hc.client5.http.wire - http-outgoing-5 >> "User-Agent: tc-java/1.19.8[\r][\n]"
2024-07-24 14:30:07.098 [Test worker] DEBUG c.g.d.z.s.o.a.hc.client5.http.wire - http-outgoing-5 >> "Accept-Encoding: gzip, x-gzip, deflate[\r][\n]"
2024-07-24 14:30:07.098 [Test worker] DEBUG c.g.d.z.s.o.a.hc.client5.http.wire - http-outgoing-5 >> "Host: localhost:2375[\r][\n]"
2024-07-24 14:30:07.098 [Test worker] DEBUG c.g.d.z.s.o.a.hc.client5.http.wire - http-outgoing-5 >> "Connection: keep-alive[\r][\n]"
2024-07-24 14:30:07.098 [Test worker] DEBUG c.g.d.z.s.o.a.hc.client5.http.wire - http-outgoing-5 >> "[\r][\n]"
2024-07-24 14:30:07.112 [Test worker] DEBUG c.g.d.z.s.o.a.hc.client5.http.wire - http-outgoing-5 << "HTTP/1.1 200 OK[\r][\n]"
2024-07-24 14:30:07.112 [Test worker] DEBUG c.g.d.z.s.o.a.hc.client5.http.wire - http-outgoing-5 << "Api-Version: 1.45[\r][\n]"
2024-07-24 14:30:07.112 [Test worker] DEBUG c.g.d.z.s.o.a.hc.client5.http.wire - http-outgoing-5 << "Content-Type: application/json[\r][\n]"
2024-07-24 14:30:07.112 [Test worker] DEBUG c.g.d.z.s.o.a.hc.client5.http.wire - http-outgoing-5 << "Date: Wed, 24 Jul 2024 02:30:07 GMT[\r][\n]"
2024-07-24 14:30:07.112 [Test worker] DEBUG c.g.d.z.s.o.a.hc.client5.http.wire - http-outgoing-5 << "Docker-Experimental: false[\r][\n]"
2024-07-24 14:30:07.112 [Test worker] DEBUG c.g.d.z.s.o.a.hc.client5.http.wire - http-outgoing-5 << "Ostype: linux[\r][\n]"
2024-07-24 14:30:07.112 [Test worker] DEBUG c.g.d.z.s.o.a.hc.client5.http.wire - http-outgoing-5 << "Server: Docker/26.0.0 (linux)[\r][\n]"
2024-07-24 14:30:07.112 [Test worker] DEBUG c.g.d.z.s.o.a.hc.client5.http.wire - http-outgoing-5 << "Transfer-Encoding: chunked[\r][\n]"
2024-07-24 14:30:07.112 [Test worker] DEBUG c.g.d.z.s.o.a.hc.client5.http.wire - http-outgoing-5 << "[\r][\n]"
2024-07-24 14:30:07.112 [Test worker] DEBUG c.g.d.z.s.o.a.h.client5.http.headers - http-outgoing-5 << HTTP/1.1 200 OK
2024-07-24 14:30:07.112 [Test worker] DEBUG c.g.d.z.s.o.a.h.client5.http.headers - http-outgoing-5 << Api-Version: 1.45
2024-07-24 14:30:07.112 [Test worker] DEBUG c.g.d.z.s.o.a.h.client5.http.headers - http-outgoing-5 << Content-Type: application/json
2024-07-24 14:30:07.112 [Test worker] DEBUG c.g.d.z.s.o.a.h.client5.http.headers - http-outgoing-5 << Date: Wed, 24 Jul 2024 02:30:07 GMT
2024-07-24 14:30:07.112 [Test worker] DEBUG c.g.d.z.s.o.a.h.client5.http.headers - http-outgoing-5 << Docker-Experimental: false
2024-07-24 14:30:07.112 [Test worker] DEBUG c.g.d.z.s.o.a.h.client5.http.headers - http-outgoing-5 << Ostype: linux
2024-07-24 14:30:07.112 [Test worker] DEBUG c.g.d.z.s.o.a.h.client5.http.headers - http-outgoing-5 << Server: Docker/26.0.0 (linux)
2024-07-24 14:30:07.112 [Test worker] DEBUG c.g.d.z.s.o.a.h.client5.http.headers - http-outgoing-5 << Transfer-Encoding: chunked
2024-07-24 14:30:07.112 [Test worker] DEBUG c.g.d.z.s.o.a.h.c.h.i.c.MainClientExec - ex-0000003A: connection can be kept alive for 3 MINUTES
2024-07-24 14:30:07.113 [Test worker] DEBUG c.g.d.z.s.o.a.hc.client5.http.wire - http-outgoing-5 << "35f[\r][\n]"
2024-07-24 14:30:07.113 [Test worker] DEBUG c.g.d.z.s.o.a.hc.client5.http.wire - http-outgoing-5 << "{"Platform":{"Name":"Docker Desktop 4.29.0 (145265)"},"Components":[{"Name":"Engine","Version":"26.0.0","Details":{"ApiVersion":"1.45","Arch":"amd64","BuildTime":"2024-03-20T15:18:01.000000000+00:00","Experimental":"false","GitCommit":"8b79278","GoVersion":"go1.21.8","KernelVersion":"5.15.153.1-microsoft-standard-WSL2","MinAPIVersion":"1.24","Os":"linux"}},{"Name":"containerd","Version":"1.6.28","Details":{"GitCommit":"ae07eda36dd25f8a1b98dfbf587313b99c0190bb"}},{"Name":"runc","Version":"1.1.12","Details":{"GitCommit":"v1.1.12-0-g51d5e94"}},{"Name":"docker-init","Version":"0.19.0","Details":{"GitCommit":"de40ad0"}}],"Version":"26.0.0","ApiVersion":"1.45","MinAPIVersion":"1.24","GitCommit":"8b79278","GoVersion":"go1.21.8","Os":"linux","Arch":"amd64","KernelVersion":"5.15.153.1-microsoft-standard-WSL2","BuildTime":"2024-03-20T15:18:01.000000000+00:00"}[\n]"
2024-07-24 14:30:07.113 [Test worker] DEBUG c.g.d.z.s.o.a.hc.client5.http.wire - http-outgoing-5 << "[\r][\n]"
2024-07-24 14:30:07.113 [Test worker] DEBUG c.g.d.z.s.o.a.hc.client5.http.wire - http-outgoing-5 << "0[\r][\n]"
2024-07-24 14:30:07.113 [Test worker] DEBUG c.g.d.z.s.o.a.hc.client5.http.wire - http-outgoing-5 << "[\r][\n]"
2024-07-24 14:30:07.113 [Test worker] DEBUG c.g.d.z.s.o.a.h.c.h.i.c.InternalHttpClient - ep-00000039: releasing valid endpoint
2024-07-24 14:30:07.113 [Test worker] DEBUG c.g.d.z.s.o.a.h.c.h.i.i.PoolingHttpClientConnectionManager - ep-00000039: releasing endpoint
2024-07-24 14:30:07.114 [Test worker] DEBUG c.g.d.z.s.o.a.h.c.h.i.i.PoolingHttpClientConnectionManager - ep-00000039: connection http-outgoing-5 can be kept alive for 3 MINUTES
2024-07-24 14:30:07.114 [Test worker] DEBUG c.g.d.z.s.o.a.h.c.h.i.i.PoolingHttpClientConnectionManager - ep-00000039: connection released [route: {}->npipe://localhost:2375][total available: 1; route allocated: 1 of 2147483647; total allocated: 1 of 2147483647]
2024-07-24 14:30:07.114 [Test worker] TRACE o.t.s.c.g.d.c.e.LogContainerCmdExec - GET: DefaultWebTarget{path=[/containers/65ebb6d1f7d8f13308a5b203756fa2b813c8606471ea76d80d4dc1676c2a65a0/logs], queryParams={stdout=[true], stderr=[true], follow=[true], since=[0]}}
2024-07-24 14:30:07.115 [docker-java-stream-1367903745] DEBUG c.g.d.z.s.o.a.h.c.h.i.c.InternalHttpClient - ex-0000003B: preparing request execution
2024-07-24 14:30:07.115 [docker-java-stream-1367903745] DEBUG c.g.d.z.s.o.a.h.c.h.p.RequestAddCookies - Cookie spec selected: strict
2024-07-24 14:30:07.115 [docker-java-stream-1367903745] DEBUG c.g.d.z.s.o.a.h.c.h.p.RequestAuthCache - Auth cache not set in the context
2024-07-24 14:30:07.115 [docker-java-stream-1367903745] DEBUG c.g.d.z.s.o.a.h.c.h.i.c.ProtocolExec - ex-0000003B: target auth state: UNCHALLENGED
2024-07-24 14:30:07.115 [docker-java-stream-1367903745] DEBUG c.g.d.z.s.o.a.h.c.h.i.c.ProtocolExec - ex-0000003B: proxy auth state: UNCHALLENGED
2024-07-24 14:30:07.115 [docker-java-stream-1367903745] DEBUG c.g.d.z.s.o.a.h.c.h.i.c.ConnectExec - ex-0000003B: acquiring connection with route {}->npipe://localhost:2375
2024-07-24 14:30:07.115 [docker-java-stream-1367903745] DEBUG c.g.d.z.s.o.a.h.c.h.i.c.InternalHttpClient - ex-0000003B: acquiring endpoint (3 MINUTES)
2024-07-24 14:30:07.115 [docker-java-stream-1367903745] DEBUG c.g.d.z.s.o.a.h.c.h.i.i.PoolingHttpClientConnectionManager - ex-0000003B: endpoint lease request (3 MINUTES) [route: {}->npipe://localhost:2375][total available: 1; route allocated: 1 of 2147483647; total allocated: 1 of 2147483647]
2024-07-24 14:30:07.116 [docker-java-stream-1367903745] DEBUG c.g.d.z.s.o.a.h.c.h.i.i.PoolingHttpClientConnectionManager - ex-0000003B: endpoint leased [route: {}->npipe://localhost:2375][total available: 0; route allocated: 1 of 2147483647; total allocated: 1 of 2147483647]
2024-07-24 14:30:07.116 [docker-java-stream-1367903745] DEBUG c.g.d.z.s.o.a.h.c.h.i.i.PoolingHttpClientConnectionManager - ex-0000003B: acquired ep-0000003A
2024-07-24 14:30:07.116 [docker-java-stream-1367903745] DEBUG c.g.d.z.s.o.a.h.c.h.i.c.InternalHttpClient - ex-0000003B: acquired endpoint ep-0000003A
2024-07-24 14:30:07.116 [docker-java-stream-1367903745] DEBUG c.g.d.z.s.o.a.h.c.h.i.c.MainClientExec - ex-0000003B: executing GET /v1.32/containers/65ebb6d1f7d8f13308a5b203756fa2b813c8606471ea76d80d4dc1676c2a65a0/logs?stdout=true&stderr=true&follow=true&since=0 HTTP/1.1
2024-07-24 14:30:07.116 [docker-java-stream-1367903745] DEBUG c.g.d.z.s.o.a.h.c.h.i.c.InternalHttpClient - ep-0000003A: start execution ex-0000003B
2024-07-24 14:30:07.116 [docker-java-stream-1367903745] DEBUG c.g.d.z.s.o.a.h.c.h.i.i.PoolingHttpClientConnectionManager - ep-0000003A: executing exchange ex-0000003B over http-outgoing-5
2024-07-24 14:30:07.116 [docker-java-stream-1367903745] DEBUG c.g.d.z.s.o.a.h.client5.http.headers - http-outgoing-5 >> GET /v1.32/containers/65ebb6d1f7d8f13308a5b203756fa2b813c8606471ea76d80d4dc1676c2a65a0/logs?stdout=true&stderr=true&follow=true&since=0 HTTP/1.1
2024-07-24 14:30:07.116 [docker-java-stream-1367903745] DEBUG c.g.d.z.s.o.a.h.client5.http.headers - http-outgoing-5 >> x-tc-sid: 280e6229-7396-4d60-b1e3-a5de48b5d49b
2024-07-24 14:30:07.116 [docker-java-stream-1367903745] DEBUG c.g.d.z.s.o.a.h.client5.http.headers - http-outgoing-5 >> User-Agent: tc-java/1.19.8
2024-07-24 14:30:07.116 [docker-java-stream-1367903745] DEBUG c.g.d.z.s.o.a.h.client5.http.headers - http-outgoing-5 >> Accept-Encoding: gzip, x-gzip, deflate
2024-07-24 14:30:07.116 [docker-java-stream-1367903745] DEBUG c.g.d.z.s.o.a.h.client5.http.headers - http-outgoing-5 >> Host: localhost:2375
2024-07-24 14:30:07.116 [docker-java-stream-1367903745] DEBUG c.g.d.z.s.o.a.h.client5.http.headers - http-outgoing-5 >> Connection: keep-alive
2024-07-24 14:30:07.116 [docker-java-stream-1367903745] DEBUG c.g.d.z.s.o.a.hc.client5.http.wire - http-outgoing-5 >> "GET /v1.32/containers/65ebb6d1f7d8f13308a5b203756fa2b813c8606471ea76d80d4dc1676c2a65a0/logs?stdout=true&stderr=true&follow=true&since=0 HTTP/1.1[\r][\n]"
2024-07-24 14:30:07.116 [docker-java-stream-1367903745] DEBUG c.g.d.z.s.o.a.hc.client5.http.wire - http-outgoing-5 >> "x-tc-sid: 280e6229-7396-4d60-b1e3-a5de48b5d49b[\r][\n]"
2024-07-24 14:30:07.116 [docker-java-stream-1367903745] DEBUG c.g.d.z.s.o.a.hc.client5.http.wire - http-outgoing-5 >> "User-Agent: tc-java/1.19.8[\r][\n]"
2024-07-24 14:30:07.116 [docker-java-stream-1367903745] DEBUG c.g.d.z.s.o.a.hc.client5.http.wire - http-outgoing-5 >> "Accept-Encoding: gzip, x-gzip, deflate[\r][\n]"
2024-07-24 14:30:07.116 [docker-java-stream-1367903745] DEBUG c.g.d.z.s.o.a.hc.client5.http.wire - http-outgoing-5 >> "Host: localhost:2375[\r][\n]"
2024-07-24 14:30:07.116 [docker-java-stream-1367903745] DEBUG c.g.d.z.s.o.a.hc.client5.http.wire - http-outgoing-5 >> "Connection: keep-alive[\r][\n]"
2024-07-24 14:30:07.116 [docker-java-stream-1367903745] DEBUG c.g.d.z.s.o.a.hc.client5.http.wire - http-outgoing-5 >> "[\r][\n]"
2024-07-24 14:30:07.120 [docker-java-stream-1367903745] DEBUG c.g.d.z.s.o.a.hc.client5.http.wire - http-outgoing-5 << "HTTP/1.1 200 OK[\r][\n]"
2024-07-24 14:30:07.120 [docker-java-stream-1367903745] DEBUG c.g.d.z.s.o.a.hc.client5.http.wire - http-outgoing-5 << "Api-Version: 1.45[\r][\n]"
2024-07-24 14:30:07.120 [docker-java-stream-1367903745] DEBUG c.g.d.z.s.o.a.hc.client5.http.wire - http-outgoing-5 << "Content-Type: application/vnd.docker.raw-stream[\r][\n]"
2024-07-24 14:30:07.120 [docker-java-stream-1367903745] DEBUG c.g.d.z.s.o.a.hc.client5.http.wire - http-outgoing-5 << "Date: Wed, 24 Jul 2024 02:30:07 GMT[\r][\n]"
2024-07-24 14:30:07.120 [docker-java-stream-1367903745] DEBUG c.g.d.z.s.o.a.hc.client5.http.wire - http-outgoing-5 << "Docker-Experimental: false[\r][\n]"
2024-07-24 14:30:07.120 [docker-java-stream-1367903745] DEBUG c.g.d.z.s.o.a.hc.client5.http.wire - http-outgoing-5 << "Ostype: linux[\r][\n]"
2024-07-24 14:30:07.120 [docker-java-stream-1367903745] DEBUG c.g.d.z.s.o.a.hc.client5.http.wire - http-outgoing-5 << "Server: Docker/26.0.0 (linux)[\r][\n]"
2024-07-24 14:30:07.120 [docker-java-stream-1367903745] DEBUG c.g.d.z.s.o.a.hc.client5.http.wire - http-outgoing-5 << "Transfer-Encoding: chunked[\r][\n]"
2024-07-24 14:30:07.120 [docker-java-stream-1367903745] DEBUG c.g.d.z.s.o.a.hc.client5.http.wire - http-outgoing-5 << "[\r][\n]"
2024-07-24 14:30:07.120 [docker-java-stream-1367903745] DEBUG c.g.d.z.s.o.a.h.client5.http.headers - http-outgoing-5 << HTTP/1.1 200 OK
2024-07-24 14:30:07.120 [docker-java-stream-1367903745] DEBUG c.g.d.z.s.o.a.h.client5.http.headers - http-outgoing-5 << Api-Version: 1.45
2024-07-24 14:30:07.120 [docker-java-stream-1367903745] DEBUG c.g.d.z.s.o.a.h.client5.http.headers - http-outgoing-5 << Content-Type: application/vnd.docker.raw-stream
2024-07-24 14:30:07.120 [docker-java-stream-1367903745] DEBUG c.g.d.z.s.o.a.h.client5.http.headers - http-outgoing-5 << Date: Wed, 24 Jul 2024 02:30:07 GMT
2024-07-24 14:30:07.120 [docker-java-stream-1367903745] DEBUG c.g.d.z.s.o.a.h.client5.http.headers - http-outgoing-5 << Docker-Experimental: false
2024-07-24 14:30:07.120 [docker-java-stream-1367903745] DEBUG c.g.d.z.s.o.a.h.client5.http.headers - http-outgoing-5 << Ostype: linux
2024-07-24 14:30:07.120 [docker-java-stream-1367903745] DEBUG c.g.d.z.s.o.a.h.client5.http.headers - http-outgoing-5 << Server: Docker/26.0.0 (linux)
2024-07-24 14:30:07.120 [docker-java-stream-1367903745] DEBUG c.g.d.z.s.o.a.h.client5.http.headers - http-outgoing-5 << Transfer-Encoding: chunked
2024-07-24 14:30:07.121 [docker-java-stream-1367903745] DEBUG c.g.d.z.s.o.a.h.c.h.i.c.MainClientExec - ex-0000003B: connection can be kept alive for 3 MINUTES
2024-07-24 14:30:07.122 [docker-java-stream-1367903745] DEBUG c.g.d.z.s.o.a.hc.client5.http.wire - http-outgoing-5 << "1fd[\r][\n]"
2024-07-24 14:30:07.122 [docker-java-stream-1367903745] DEBUG c.g.d.z.s.o.a.hc.client5.http.wire - http-outgoing-5 << "[0x1][0x0][0x0][0x0][0x0][0x0][0x0]NThe files belonging to this database system will be owned by user "postgres".[\n]"
2024-07-24 14:30:07.122 [docker-java-stream-1367903745] DEBUG c.g.d.z.s.o.a.hc.client5.http.wire - http-outgoing-5 << "[0x1][0x0][0x0][0x0][0x0][0x0][0x0],This user must also own the server process.[\n]"
2024-07-24 14:30:07.122 [docker-java-stream-1367903745] DEBUG c.g.d.z.s.o.a.hc.client5.http.wire - http-outgoing-5 << "[0x1][0x0][0x0][0x0][0x0][0x0][0x0][0x1][\n]"
2024-07-24 14:30:07.122 [docker-java-stream-1367903745] DEBUG c.g.d.z.s.o.a.hc.client5.http.wire - http-outgoing-5 << "[0x1][0x0][0x0][0x0][0x0][0x0][0x0]CThe database cluster will be initialized with locale "en_US.utf8".[\n]"
2024-07-24 14:30:07.122 [docker-java-stream-1367903745] DEBUG c.g.d.z.s.o.a.hc.client5.http.wire - http-outgoing-5 << "[0x1][0x0][0x0][0x0][0x0][0x0][0x0]BThe default database encoding has accordingly been set to "UTF8".[\n]"
2024-07-24 14:30:07.122 [docker-java-stream-1367903745] DEBUG c.g.d.z.s.o.a.hc.client5.http.wire - http-outgoing-5 << "[0x1][0x0][0x0][0x0][0x0][0x0][0x0]@The default text search configuration will be set to "english".[\n]"
2024-07-24 14:30:07.122 [docker-java-stream-1367903745] DEBUG c.g.d.z.s.o.a.hc.client5.http.wire - http-outgoing-5 << "[0x1][0x0][0x0][0x0][0x0][0x0][0x0][0x1][\n]"
2024-07-24 14:30:07.122 [docker-java-stream-1367903745] DEBUG c.g.d.z.s.o.a.hc.client5.http.wire - http-outgoing-5 << "[0x1][0x0][0x0][0x0][0x0][0x0][0x0]"Data page checksums are disabled.[\n]"
2024-07-24 14:30:07.122 [docker-java-stream-1367903745] DEBUG c.g.d.z.s.o.a.hc.client5.http.wire - http-outgoing-5 << "[0x1][0x0][0x0][0x0][0x0][0x0][0x0][0x1][\n]"
2024-07-24 14:30:07.122 [docker-java-stream-1367903745] DEBUG c.g.d.z.s.o.a.hc.client5.http.wire - http-outgoing-5 << "[0x1][0x0][0x0][0x0][0x0][0x0][0x0]Ifixing permissions on existing directory /var/lib/postgresql/data ... ok[\n]"
2024-07-24 14:30:07.122 [docker-java-stream-1367903745] DEBUG c.g.d.z.s.o.a.hc.client5.http.wire - http-outgoing-5 << "[\r][\n]"
2024-07-24 14:30:07.122 [Test worker] DEBUG o.t.c.output.WaitingConsumer - STDOUT: 
2024-07-24 14:30:07.123 [Test worker] DEBUG o.t.c.output.WaitingConsumer - STDOUT: fixing permissions on existing directory /var/lib/postgresql/data ... ok
2024-07-24 14:30:07.123 [Test worker] DEBUG o.t.c.output.WaitingConsumer - STDOUT: 
2024-07-24 14:30:07.123 [Test worker] DEBUG o.t.c.output.WaitingConsumer - STDOUT: Data page checksums are disabled.
2024-07-24 14:30:07.123 [Test worker] DEBUG o.t.c.output.WaitingConsumer - STDOUT: 
2024-07-24 14:30:07.123 [Test worker] DEBUG o.t.c.output.WaitingConsumer - STDOUT: The default text search configuration will be set to "english".
2024-07-24 14:30:07.123 [Test worker] DEBUG o.t.c.output.WaitingConsumer - STDOUT: The default database encoding has accordingly been set to "UTF8".
2024-07-24 14:30:07.123 [Test worker] DEBUG o.t.c.output.WaitingConsumer - STDOUT: The database cluster will be initialized with locale "en_US.utf8".
2024-07-24 14:30:07.123 [Test worker] DEBUG o.t.c.output.WaitingConsumer - STDOUT: This user must also own the server process.
2024-07-24 14:30:07.123 [Test worker] DEBUG o.t.c.output.WaitingConsumer - STDOUT: The files belonging to this database system will be owned by user "postgres".
2024-07-24 14:30:07.127 [docker-java-stream-1367903745] DEBUG c.g.d.z.s.o.a.hc.client5.http.wire - http-outgoing-5 << "68[\r][\n]"
2024-07-24 14:30:07.128 [docker-java-stream-1367903745] DEBUG c.g.d.z.s.o.a.hc.client5.http.wire - http-outgoing-5 << "[0x1][0x0][0x0][0x0][0x0][0x0][0x0][0x1f]creating subdirectories ... ok[\n]"
2024-07-24 14:30:07.128 [docker-java-stream-1367903745] DEBUG c.g.d.z.s.o.a.hc.client5.http.wire - http-outgoing-5 << "[0x1][0x0][0x0][0x0][0x0][0x0][0x0]9selecting dynamic shared memory implementation ... posix[\n]"
2024-07-24 14:30:07.128 [docker-java-stream-1367903745] DEBUG c.g.d.z.s.o.a.hc.client5.http.wire - http-outgoing-5 << "[\r][\n]"
2024-07-24 14:30:07.136 [Test worker] DEBUG o.t.c.output.WaitingConsumer - STDOUT: selecting dynamic shared memory implementation ... posix
2024-07-24 14:30:07.137 [Test worker] DEBUG o.t.c.output.WaitingConsumer - STDOUT: creating subdirectories ... ok
2024-07-24 14:30:07.145 [docker-java-stream-1367903745] DEBUG c.g.d.z.s.o.a.hc.client5.http.wire - http-outgoing-5 << "32[\r][\n]"
2024-07-24 14:30:07.146 [docker-java-stream-1367903745] DEBUG c.g.d.z.s.o.a.hc.client5.http.wire - http-outgoing-5 << "[0x1][0x0][0x0][0x0][0x0][0x0][0x0]*selecting default max_connections ... 100[\n]"
2024-07-24 14:30:07.146 [docker-java-stream-1367903745] DEBUG c.g.d.z.s.o.a.hc.client5.http.wire - http-outgoing-5 << "[\r][\n]"
2024-07-24 14:30:07.152 [Test worker] DEBUG o.t.c.output.WaitingConsumer - STDOUT: selecting default max_connections ... 100
2024-07-24 14:30:07.172 [docker-java-stream-1367903745] DEBUG c.g.d.z.s.o.a.hc.client5.http.wire - http-outgoing-5 << "33[\r][\n]"
2024-07-24 14:30:07.172 [docker-java-stream-1367903745] DEBUG c.g.d.z.s.o.a.hc.client5.http.wire - http-outgoing-5 << "[0x1][0x0][0x0][0x0][0x0][0x0][0x0]+selecting default shared_buffers ... 128MB[\n]"
2024-07-24 14:30:07.172 [docker-java-stream-1367903745] DEBUG c.g.d.z.s.o.a.hc.client5.http.wire - http-outgoing-5 << "[\r][\n]"
2024-07-24 14:30:07.173 [Test worker] DEBUG o.t.c.output.WaitingConsumer - STDOUT: selecting default shared_buffers ... 128MB
2024-07-24 14:30:07.193 [docker-java-stream-1367903745] DEBUG c.g.d.z.s.o.a.hc.client5.http.wire - http-outgoing-5 << "30[\r][\n]"
2024-07-24 14:30:07.194 [docker-java-stream-1367903745] DEBUG c.g.d.z.s.o.a.hc.client5.http.wire - http-outgoing-5 << "[0x1][0x0][0x0][0x0][0x0][0x0][0x0](selecting default time zone ... Etc/UTC[\n]"
2024-07-24 14:30:07.194 [docker-java-stream-1367903745] DEBUG c.g.d.z.s.o.a.hc.client5.http.wire - http-outgoing-5 << "[\r][\n]"
2024-07-24 14:30:07.194 [Test worker] DEBUG o.t.c.output.WaitingConsumer - STDOUT: selecting default time zone ... Etc/UTC
2024-07-24 14:30:07.194 [docker-java-stream-1367903745] DEBUG c.g.d.z.s.o.a.hc.client5.http.wire - http-outgoing-5 << "2c[\r][\n]"
2024-07-24 14:30:07.194 [docker-java-stream-1367903745] DEBUG c.g.d.z.s.o.a.hc.client5.http.wire - http-outgoing-5 << "[0x1][0x0][0x0][0x0][0x0][0x0][0x0]$creating configuration files ... ok[\n]"
2024-07-24 14:30:07.194 [docker-java-stream-1367903745] DEBUG c.g.d.z.s.o.a.hc.client5.http.wire - http-outgoing-5 << "[\r][\n]"
2024-07-24 14:30:07.215 [Test worker] DEBUG o.t.c.output.WaitingConsumer - STDOUT: creating configuration files ... ok
2024-07-24 14:30:07.337 [docker-java-stream-1367903745] DEBUG c.g.d.z.s.o.a.hc.client5.http.wire - http-outgoing-5 << "28[\r][\n]"
2024-07-24 14:30:07.338 [docker-java-stream-1367903745] DEBUG c.g.d.z.s.o.a.hc.client5.http.wire - http-outgoing-5 << "[0x1][0x0][0x0][0x0][0x0][0x0][0x0] running bootstrap script ... ok[\n]"
2024-07-24 14:30:07.338 [docker-java-stream-1367903745] DEBUG c.g.d.z.s.o.a.hc.client5.http.wire - http-outgoing-5 << "[\r][\n]"
2024-07-24 14:30:07.353 [Test worker] DEBUG o.t.c.output.WaitingConsumer - STDOUT: running bootstrap script ... ok
2024-07-24 14:30:07.666 [docker-java-stream-1367903745] DEBUG c.g.d.z.s.o.a.hc.client5.http.wire - http-outgoing-5 << "38[\r][\n]"
2024-07-24 14:30:07.666 [docker-java-stream-1367903745] DEBUG c.g.d.z.s.o.a.hc.client5.http.wire - http-outgoing-5 << "[0x1][0x0][0x0][0x0][0x0][0x0][0x0]0performing post-bootstrap initialization ... ok[\n]"
2024-07-24 14:30:07.666 [docker-java-stream-1367903745] DEBUG c.g.d.z.s.o.a.hc.client5.http.wire - http-outgoing-5 << "[\r][\n]"
2024-07-24 14:30:07.667 [Test worker] DEBUG o.t.c.output.WaitingConsumer - STDOUT: performing post-bootstrap initialization ... ok
2024-07-24 14:30:08.100 [docker-java-stream-1367903745] DEBUG c.g.d.z.s.o.a.hc.client5.http.wire - http-outgoing-5 << "1ad[\r][\n]"
2024-07-24 14:30:08.100 [docker-java-stream-1367903745] DEBUG c.g.d.z.s.o.a.hc.client5.http.wire - http-outgoing-5 << "[0x2][0x0][0x0][0x0][0x0][0x0][0x0]Ginitdb: warning: enabling "trust" authentication for local connections[\n]"
2024-07-24 14:30:08.100 [docker-java-stream-1367903745] DEBUG c.g.d.z.s.o.a.hc.client5.http.wire - http-outgoing-5 << "[0x2][0x0][0x0][0x0][0x0][0x0][0x0][0xffffff90]initdb: hint: You can change this by editing pg_hba.conf or using the option -A, or --auth-local and --auth-host, the next time you run initdb.[\n]"
2024-07-24 14:30:08.100 [docker-java-stream-1367903745] DEBUG c.g.d.z.s.o.a.hc.client5.http.wire - http-outgoing-5 << "[0x1][0x0][0x0][0x0][0x0][0x0][0x0][0x1c]syncing data to disk ... ok[\n]"
2024-07-24 14:30:08.100 [docker-java-stream-1367903745] DEBUG c.g.d.z.s.o.a.hc.client5.http.wire - http-outgoing-5 << "[0x1][0x0][0x0][0x0][0x0][0x0][0x0][0x1][\n]"
2024-07-24 14:30:08.100 [docker-java-stream-1367903745] DEBUG c.g.d.z.s.o.a.hc.client5.http.wire - http-outgoing-5 << "[0x1][0x0][0x0][0x0][0x0][0x0][0x0][0x1][\n]"
2024-07-24 14:30:08.100 [docker-java-stream-1367903745] DEBUG c.g.d.z.s.o.a.hc.client5.http.wire - http-outgoing-5 << "[0x1][0x0][0x0][0x0][0x0][0x0][0x0]6Success. You can now start the database server using:[\n]"
2024-07-24 14:30:08.100 [docker-java-stream-1367903745] DEBUG c.g.d.z.s.o.a.hc.client5.http.wire - http-outgoing-5 << "[0x1][0x0][0x0][0x0][0x0][0x0][0x0][0x1][\n]"
2024-07-24 14:30:08.100 [docker-java-stream-1367903745] DEBUG c.g.d.z.s.o.a.hc.client5.http.wire - http-outgoing-5 << "[0x1][0x0][0x0][0x0][0x0][0x0][0x0]8    pg_ctl -D /var/lib/postgresql/data -l logfile start[\n]"
2024-07-24 14:30:08.100 [docker-java-stream-1367903745] DEBUG c.g.d.z.s.o.a.hc.client5.http.wire - http-outgoing-5 << "[0x1][0x0][0x0][0x0][0x0][0x0][0x0][0x1][\n]"
2024-07-24 14:30:08.100 [docker-java-stream-1367903745] DEBUG c.g.d.z.s.o.a.hc.client5.http.wire - http-outgoing-5 << "[\r][\n]"
2024-07-24 14:30:08.100 [Test worker] DEBUG o.t.c.output.WaitingConsumer - STDOUT: 
2024-07-24 14:30:08.100 [Test worker] DEBUG o.t.c.output.WaitingConsumer - STDOUT: 
2024-07-24 14:30:08.100 [Test worker] DEBUG o.t.c.output.WaitingConsumer - STDOUT:     pg_ctl -D /var/lib/postgresql/data -l logfile start
2024-07-24 14:30:08.100 [Test worker] DEBUG o.t.c.output.WaitingConsumer - STDOUT: 
2024-07-24 14:30:08.100 [Test worker] DEBUG o.t.c.output.WaitingConsumer - STDOUT: Success. You can now start the database server using:
2024-07-24 14:30:08.100 [Test worker] DEBUG o.t.c.output.WaitingConsumer - STDOUT: 
2024-07-24 14:30:08.100 [Test worker] DEBUG o.t.c.output.WaitingConsumer - STDOUT: syncing data to disk ... ok
2024-07-24 14:30:08.100 [Test worker] DEBUG o.t.c.output.WaitingConsumer - STDERR: initdb: hint: You can change this by editing pg_hba.conf or using the option -A, or --auth-local and --auth-host, the next time you run initdb.
2024-07-24 14:30:08.101 [Test worker] DEBUG o.t.c.output.WaitingConsumer - STDERR: initdb: warning: enabling "trust" authentication for local connections
2024-07-24 14:30:08.140 [docker-java-stream-1367903745] DEBUG c.g.d.z.s.o.a.hc.client5.http.wire - http-outgoing-5 << "137[\r][\n]"
2024-07-24 14:30:08.140 [docker-java-stream-1367903745] DEBUG c.g.d.z.s.o.a.hc.client5.http.wire - http-outgoing-5 << "[0x1][0x0][0x0][0x0][0x0][0x0][0x0][0xffffffc3]waiting for server to start....2024-07-24 02:30:08.140 UTC [48] LOG:  starting PostgreSQL 16.2 (Debian 16.2-1.pgdg120+2) on x86_64-pc-linux-gnu, compiled by gcc (Debian 12.2.0-14) 12.2.0, 64-bit[\n]"
2024-07-24 14:30:08.140 [docker-java-stream-1367903745] DEBUG c.g.d.z.s.o.a.hc.client5.http.wire - http-outgoing-5 << "[0x1][0x0][0x0][0x0][0x0][0x0][0x0]d2024-07-24 02:30:08.140 UTC [48] LOG:  listening on Unix socket "/var/run/postgresql/.s.PGSQL.5432"[\n]"
2024-07-24 14:30:08.140 [docker-java-stream-1367903745] DEBUG c.g.d.z.s.o.a.hc.client5.http.wire - http-outgoing-5 << "[\r][\n]"
2024-07-24 14:30:08.141 [Test worker] DEBUG o.t.c.output.WaitingConsumer - STDOUT: 2024-07-24 02:30:08.140 UTC [48] LOG:  listening on Unix socket "/var/run/postgresql/.s.PGSQL.5432"
2024-07-24 14:30:08.141 [Test worker] DEBUG o.t.c.output.WaitingConsumer - STDOUT: waiting for server to start....2024-07-24 02:30:08.140 UTC [48] LOG:  starting PostgreSQL 16.2 (Debian 16.2-1.pgdg120+2) on x86_64-pc-linux-gnu, compiled by gcc (Debian 12.2.0-14) 12.2.0, 64-bit
2024-07-24 14:30:08.143 [docker-java-stream-1367903745] DEBUG c.g.d.z.s.o.a.hc.client5.http.wire - http-outgoing-5 << "68[\r][\n]"
2024-07-24 14:30:08.143 [docker-java-stream-1367903745] DEBUG c.g.d.z.s.o.a.hc.client5.http.wire - http-outgoing-5 << "[0x1][0x0][0x0][0x0][0x0][0x0][0x0]`2024-07-24 02:30:08.142 UTC [51] LOG:  database system was shut down at 2024-07-24 02:30:07 UTC[\n]"
2024-07-24 14:30:08.143 [docker-java-stream-1367903745] DEBUG c.g.d.z.s.o.a.hc.client5.http.wire - http-outgoing-5 << "[\r][\n]"
2024-07-24 14:30:08.146 [docker-java-stream-1367903745] DEBUG c.g.d.z.s.o.a.hc.client5.http.wire - http-outgoing-5 << "5e[\r][\n]"
2024-07-24 14:30:08.146 [docker-java-stream-1367903745] DEBUG c.g.d.z.s.o.a.hc.client5.http.wire - http-outgoing-5 << "[0x1][0x0][0x0][0x0][0x0][0x0][0x0]V2024-07-24 02:30:08.146 UTC [48] LOG:  database system is ready to accept connections[\n]"
2024-07-24 14:30:08.146 [docker-java-stream-1367903745] DEBUG c.g.d.z.s.o.a.hc.client5.http.wire - http-outgoing-5 << "[\r][\n]"
2024-07-24 14:30:08.162 [Test worker] DEBUG o.t.c.output.WaitingConsumer - STDOUT: 2024-07-24 02:30:08.146 UTC [48] LOG:  database system is ready to accept connections
2024-07-24 14:30:08.162 [Test worker] DEBUG o.t.c.output.WaitingConsumer - STDOUT: 2024-07-24 02:30:08.142 UTC [51] LOG:  database system was shut down at 2024-07-24 02:30:07 UTC
2024-07-24 14:30:08.224 [docker-java-stream-1367903745] DEBUG c.g.d.z.s.o.a.hc.client5.http.wire - http-outgoing-5 << "25[\r][\n]"
2024-07-24 14:30:08.224 [docker-java-stream-1367903745] DEBUG c.g.d.z.s.o.a.hc.client5.http.wire - http-outgoing-5 << "[0x1][0x0][0x0][0x0][0x0][0x0][0x0][0x6] done[\n]"
2024-07-24 14:30:08.224 [docker-java-stream-1367903745] DEBUG c.g.d.z.s.o.a.hc.client5.http.wire - http-outgoing-5 << "[0x1][0x0][0x0][0x0][0x0][0x0][0x0][0xf]server started[\n]"
2024-07-24 14:30:08.224 [docker-java-stream-1367903745] DEBUG c.g.d.z.s.o.a.hc.client5.http.wire - http-outgoing-5 << "[\r][\n]"
2024-07-24 14:30:08.225 [Test worker] DEBUG o.t.c.output.WaitingConsumer - STDOUT: server started
2024-07-24 14:30:08.225 [Test worker] DEBUG o.t.c.output.WaitingConsumer - STDOUT:  done
2024-07-24 14:30:08.319 [docker-java-stream-1367903745] DEBUG c.g.d.z.s.o.a.hc.client5.http.wire - http-outgoing-5 << "18[\r][\n]"
2024-07-24 14:30:08.319 [docker-java-stream-1367903745] DEBUG c.g.d.z.s.o.a.hc.client5.http.wire - http-outgoing-5 << "[0x1][0x0][0x0][0x0][0x0][0x0][0x0][0x10]CREATE DATABASE[\n]"
2024-07-24 14:30:08.319 [docker-java-stream-1367903745] DEBUG c.g.d.z.s.o.a.hc.client5.http.wire - http-outgoing-5 << "[\r][\n]"
2024-07-24 14:30:08.319 [Test worker] DEBUG o.t.c.output.WaitingConsumer - STDOUT: CREATE DATABASE
2024-07-24 14:30:08.320 [docker-java-stream-1367903745] DEBUG c.g.d.z.s.o.a.hc.client5.http.wire - http-outgoing-5 << "6f[\r][\n]"
2024-07-24 14:30:08.320 [docker-java-stream-1367903745] DEBUG c.g.d.z.s.o.a.hc.client5.http.wire - http-outgoing-5 << "[0x1][0x0][0x0][0x0][0x0][0x0][0x0][0x1][\n]"
2024-07-24 14:30:08.320 [docker-java-stream-1367903745] DEBUG c.g.d.z.s.o.a.hc.client5.http.wire - http-outgoing-5 << "[0x1][0x0][0x0][0x0][0x0][0x0][0x0][0x1][\n]"
2024-07-24 14:30:08.320 [docker-java-stream-1367903745] DEBUG c.g.d.z.s.o.a.hc.client5.http.wire - http-outgoing-5 << "[0x1][0x0][0x0][0x0][0x0][0x0][0x0]L/usr/local/bin/docker-entrypoint.sh: ignoring /docker-entrypoint-initdb.d/*[\n]"
2024-07-24 14:30:08.320 [docker-java-stream-1367903745] DEBUG c.g.d.z.s.o.a.hc.client5.http.wire - http-outgoing-5 << "[0x1][0x0][0x0][0x0][0x0][0x0][0x0][0x1][\n]"
2024-07-24 14:30:08.320 [docker-java-stream-1367903745] DEBUG c.g.d.z.s.o.a.hc.client5.http.wire - http-outgoing-5 << "[\r][\n]"
2024-07-24 14:30:08.321 [docker-java-stream-1367903745] DEBUG c.g.d.z.s.o.a.hc.client5.http.wire - http-outgoing-5 << "c1[\r][\n]"
2024-07-24 14:30:08.321 [docker-java-stream-1367903745] DEBUG c.g.d.z.s.o.a.hc.client5.http.wire - http-outgoing-5 << "[0x1][0x0][0x0][0x0][0x0][0x0][0x0]hwaiting for server to shut down...2024-07-24 02:30:08.321 UTC [48] LOG:  received fast shutdown request[\n]"
2024-07-24 14:30:08.321 [docker-java-stream-1367903745] DEBUG c.g.d.z.s.o.a.hc.client5.http.wire - http-outgoing-5 << "[0x1][0x0][0x0][0x0][0x0][0x0][0x0]I.2024-07-24 02:30:08.321 UTC [48] LOG:  aborting any active transactions[\n]"
2024-07-24 14:30:08.321 [docker-java-stream-1367903745] DEBUG c.g.d.z.s.o.a.hc.client5.http.wire - http-outgoing-5 << "[\r][\n]"
2024-07-24 14:30:08.324 [docker-java-stream-1367903745] DEBUG c.g.d.z.s.o.a.hc.client5.http.wire - http-outgoing-5 << "81[\r][\n]"
2024-07-24 14:30:08.324 [docker-java-stream-1367903745] DEBUG c.g.d.z.s.o.a.hc.client5.http.wire - http-outgoing-5 << "[0x1][0x0][0x0][0x0][0x0][0x0][0x0]y2024-07-24 02:30:08.323 UTC [48] LOG:  background worker "logical replication launcher" (PID 54) exited with exit code 1[\n]"
2024-07-24 14:30:08.324 [docker-java-stream-1367903745] DEBUG c.g.d.z.s.o.a.hc.client5.http.wire - http-outgoing-5 << "[\r][\n]"
2024-07-24 14:30:08.325 [docker-java-stream-1367903745] DEBUG c.g.d.z.s.o.a.hc.client5.http.wire - http-outgoing-5 << "94[\r][\n]"
2024-07-24 14:30:08.325 [docker-java-stream-1367903745] DEBUG c.g.d.z.s.o.a.hc.client5.http.wire - http-outgoing-5 << "[0x1][0x0][0x0][0x0][0x0][0x0][0x0]52024-07-24 02:30:08.324 UTC [49] LOG:  shutting down[\n]"
2024-07-24 14:30:08.325 [docker-java-stream-1367903745] DEBUG c.g.d.z.s.o.a.hc.client5.http.wire - http-outgoing-5 << "[0x1][0x0][0x0][0x0][0x0][0x0][0x0]O2024-07-24 02:30:08.324 UTC [49] LOG:  checkpoint starting: shutdown immediate[\n]"
2024-07-24 14:30:08.325 [docker-java-stream-1367903745] DEBUG c.g.d.z.s.o.a.hc.client5.http.wire - http-outgoing-5 << "[\r][\n]"
2024-07-24 14:30:08.334 [Test worker] DEBUG o.t.c.output.WaitingConsumer - STDOUT: 2024-07-24 02:30:08.324 UTC [49] LOG:  checkpoint starting: shutdown immediate
2024-07-24 14:30:08.334 [Test worker] DEBUG o.t.c.output.WaitingConsumer - STDOUT: 2024-07-24 02:30:08.324 UTC [49] LOG:  shutting down
2024-07-24 14:30:08.334 [Test worker] DEBUG o.t.c.output.WaitingConsumer - STDOUT: 2024-07-24 02:30:08.323 UTC [48] LOG:  background worker "logical replication launcher" (PID 54) exited with exit code 1
2024-07-24 14:30:08.334 [Test worker] DEBUG o.t.c.output.WaitingConsumer - STDOUT: .2024-07-24 02:30:08.321 UTC [48] LOG:  aborting any active transactions
2024-07-24 14:30:08.334 [Test worker] DEBUG o.t.c.output.WaitingConsumer - STDOUT: waiting for server to shut down...2024-07-24 02:30:08.321 UTC [48] LOG:  received fast shutdown request
2024-07-24 14:30:08.334 [Test worker] DEBUG o.t.c.output.WaitingConsumer - STDOUT: 
2024-07-24 14:30:08.334 [Test worker] DEBUG o.t.c.output.WaitingConsumer - STDOUT: /usr/local/bin/docker-entrypoint.sh: ignoring /docker-entrypoint-initdb.d/*
2024-07-24 14:30:08.334 [Test worker] DEBUG o.t.c.output.WaitingConsumer - STDOUT: 
2024-07-24 14:30:08.334 [Test worker] DEBUG o.t.c.output.WaitingConsumer - STDOUT: 
2024-07-24 14:30:08.336 [docker-java-stream-1367903745] DEBUG c.g.d.z.s.o.a.hc.client5.http.wire - http-outgoing-5 << "12c[\r][\n]"
2024-07-24 14:30:08.336 [docker-java-stream-1367903745] DEBUG c.g.d.z.s.o.a.hc.client5.http.wire - http-outgoing-5 << "[0x1][0x0][0x0][0x0][0x0][0x0][0x1]$2024-07-24 02:30:08.336 UTC [49] LOG:  checkpoint complete: wrote 923 buffers (5.6%); 0 WAL file(s) added, 0 removed, 0 recycled; write=0.011 s, sync=0.001 s, total=0.012 s; sync files=0, longest=0.000 s, average=0.000 s; distance=4257 kB, estimate=4257 kB; lsn=0/1913068, redo lsn=0/1913068[\n]"
2024-07-24 14:30:08.336 [docker-java-stream-1367903745] DEBUG c.g.d.z.s.o.a.hc.client5.http.wire - http-outgoing-5 << "[\r][\n]"
2024-07-24 14:30:08.345 [docker-java-stream-1367903745] DEBUG c.g.d.z.s.o.a.hc.client5.http.wire - http-outgoing-5 << "4c[\r][\n]"
2024-07-24 14:30:08.345 [docker-java-stream-1367903745] DEBUG c.g.d.z.s.o.a.hc.client5.http.wire - http-outgoing-5 << "[0x1][0x0][0x0][0x0][0x0][0x0][0x0]D2024-07-24 02:30:08.345 UTC [48] LOG:  database system is shut down[\n]"
2024-07-24 14:30:08.345 [docker-java-stream-1367903745] DEBUG c.g.d.z.s.o.a.hc.client5.http.wire - http-outgoing-5 << "[\r][\n]"
2024-07-24 14:30:08.349 [Test worker] DEBUG o.t.c.output.WaitingConsumer - STDOUT: 2024-07-24 02:30:08.345 UTC [48] LOG:  database system is shut down
2024-07-24 14:30:08.349 [Test worker] DEBUG o.t.c.output.WaitingConsumer - STDOUT: 2024-07-24 02:30:08.336 UTC [49] LOG:  checkpoint complete: wrote 923 buffers (5.6%); 0 WAL file(s) added, 0 removed, 0 recycled; write=0.011 s, sync=0.001 s, total=0.012 s; sync files=0, longest=0.000 s, average=0.000 s; distance=4257 kB, estimate=4257 kB; lsn=0/1913068, redo lsn=0/1913068
2024-07-24 14:30:08.422 [docker-java-stream-1367903745] DEBUG c.g.d.z.s.o.a.hc.client5.http.wire - http-outgoing-5 << "25[\r][\n]"
2024-07-24 14:30:08.422 [docker-java-stream-1367903745] DEBUG c.g.d.z.s.o.a.hc.client5.http.wire - http-outgoing-5 << "[0x1][0x0][0x0][0x0][0x0][0x0][0x0][0x6] done[\n]"
2024-07-24 14:30:08.422 [docker-java-stream-1367903745] DEBUG c.g.d.z.s.o.a.hc.client5.http.wire - http-outgoing-5 << "[0x1][0x0][0x0][0x0][0x0][0x0][0x0][0xf]server stopped[\n]"
2024-07-24 14:30:08.422 [docker-java-stream-1367903745] DEBUG c.g.d.z.s.o.a.hc.client5.http.wire - http-outgoing-5 << "[\r][\n]"
2024-07-24 14:30:08.423 [Test worker] DEBUG o.t.c.output.WaitingConsumer - STDOUT: server stopped
2024-07-24 14:30:08.423 [Test worker] DEBUG o.t.c.output.WaitingConsumer - STDOUT:  done
2024-07-24 14:30:08.423 [docker-java-stream-1367903745] DEBUG c.g.d.z.s.o.a.hc.client5.http.wire - http-outgoing-5 << "50[\r][\n]"
2024-07-24 14:30:08.423 [docker-java-stream-1367903745] DEBUG c.g.d.z.s.o.a.hc.client5.http.wire - http-outgoing-5 << "[0x1][0x0][0x0][0x0][0x0][0x0][0x0][0x1][\n]"
2024-07-24 14:30:08.423 [docker-java-stream-1367903745] DEBUG c.g.d.z.s.o.a.hc.client5.http.wire - http-outgoing-5 << "[0x1][0x0][0x0][0x0][0x0][0x0][0x0]6PostgreSQL init process complete; ready for start up.[\n]"
2024-07-24 14:30:08.423 [docker-java-stream-1367903745] DEBUG c.g.d.z.s.o.a.hc.client5.http.wire - http-outgoing-5 << "[0x1][0x0][0x0][0x0][0x0][0x0][0x0][0x1][\n]"
2024-07-24 14:30:08.423 [docker-java-stream-1367903745] DEBUG c.g.d.z.s.o.a.hc.client5.http.wire - http-outgoing-5 << "[\r][\n]"
2024-07-24 14:30:08.441 [Test worker] DEBUG o.t.c.output.WaitingConsumer - STDOUT: 
2024-07-24 14:30:08.441 [Test worker] DEBUG o.t.c.output.WaitingConsumer - STDOUT: PostgreSQL init process complete; ready for start up.
2024-07-24 14:30:08.441 [Test worker] DEBUG o.t.c.output.WaitingConsumer - STDOUT: 
2024-07-24 14:30:08.441 [docker-java-stream-1367903745] DEBUG c.g.d.z.s.o.a.hc.client5.http.wire - http-outgoing-5 << "1cb[\r][\n]"
2024-07-24 14:30:08.441 [docker-java-stream-1367903745] DEBUG c.g.d.z.s.o.a.hc.client5.http.wire - http-outgoing-5 << "[0x2][0x0][0x0][0x0][0x0][0x0][0x0][0xffffffa3]2024-07-24 02:30:08.440 UTC [1] LOG:  starting PostgreSQL 16.2 (Debian 16.2-1.pgdg120+2) on x86_64-pc-linux-gnu, compiled by gcc (Debian 12.2.0-14) 12.2.0, 64-bit[\n]"
2024-07-24 14:30:08.441 [docker-java-stream-1367903745] DEBUG c.g.d.z.s.o.a.hc.client5.http.wire - http-outgoing-5 << "[0x2][0x0][0x0][0x0][0x0][0x0][0x0]U2024-07-24 02:30:08.441 UTC [1] LOG:  listening on IPv4 address "0.0.0.0", port 5432[\n]"
2024-07-24 14:30:08.441 [docker-java-stream-1367903745] DEBUG c.g.d.z.s.o.a.hc.client5.http.wire - http-outgoing-5 << "[0x2][0x0][0x0][0x0][0x0][0x0][0x0]P2024-07-24 02:30:08.441 UTC [1] LOG:  listening on IPv6 address "::", port 5432[\n]"
2024-07-24 14:30:08.441 [docker-java-stream-1367903745] DEBUG c.g.d.z.s.o.a.hc.client5.http.wire - http-outgoing-5 << "[0x2][0x0][0x0][0x0][0x0][0x0][0x0]c2024-07-24 02:30:08.441 UTC [1] LOG:  listening on Unix socket "/var/run/postgresql/.s.PGSQL.5432"[\n]"
2024-07-24 14:30:08.441 [docker-java-stream-1367903745] DEBUG c.g.d.z.s.o.a.hc.client5.http.wire - http-outgoing-5 << "[\r][\n]"
2024-07-24 14:30:08.444 [docker-java-stream-1367903745] DEBUG c.g.d.z.s.o.a.hc.client5.http.wire - http-outgoing-5 << "68[\r][\n]"
2024-07-24 14:30:08.444 [docker-java-stream-1367903745] DEBUG c.g.d.z.s.o.a.hc.client5.http.wire - http-outgoing-5 << "[0x2][0x0][0x0][0x0][0x0][0x0][0x0]`2024-07-24 02:30:08.444 UTC [64] LOG:  database system was shut down at 2024-07-24 02:30:08 UTC[\n]"
2024-07-24 14:30:08.444 [docker-java-stream-1367903745] DEBUG c.g.d.z.s.o.a.hc.client5.http.wire - http-outgoing-5 << "[\r][\n]"
2024-07-24 14:30:08.450 [docker-java-stream-1367903745] DEBUG c.g.d.z.s.o.a.hc.client5.http.wire - http-outgoing-5 << "5d[\r][\n]"
2024-07-24 14:30:08.450 [docker-java-stream-1367903745] DEBUG c.g.d.z.s.o.a.hc.client5.http.wire - http-outgoing-5 << "[0x2][0x0][0x0][0x0][0x0][0x0][0x0]U2024-07-24 02:30:08.449 UTC [1] LOG:  database system is ready to accept connections[\n]"
2024-07-24 14:30:08.450 [docker-java-stream-1367903745] DEBUG c.g.d.z.s.o.a.hc.client5.http.wire - http-outgoing-5 << "[\r][\n]"
2024-07-24 14:30:08.456 [Test worker] DEBUG o.t.c.output.WaitingConsumer - STDERR: 2024-07-24 02:30:08.449 UTC [1] LOG:  database system is ready to accept connections
2024-07-24 14:30:08.456 [Test worker] DEBUG c.g.d.z.s.o.a.h.c.h.i.c.InternalHttpClient - ep-0000003A: cancel
2024-07-24 14:30:08.456 [Test worker] DEBUG c.g.d.z.s.o.a.h.c.h.i.i.DefaultManagedHttpClientConnection - http-outgoing-5: close connection IMMEDIATE
2024-07-24 14:30:08.457 [Test worker] DEBUG c.g.d.z.s.o.a.h.c.h.i.c.InternalHttpClient - ep-0000003A: endpoint closed
2024-07-24 14:30:08.457 [Test worker] DEBUG c.g.d.z.s.o.a.h.c.h.i.c.InternalHttpClient - ep-0000003A: discarding endpoint
2024-07-24 14:30:08.457 [Test worker] DEBUG c.g.d.z.s.o.a.h.c.h.i.i.PoolingHttpClientConnectionManager - ep-0000003A: releasing endpoint
2024-07-24 14:30:08.457 [docker-java-stream-1367903745] DEBUG c.g.d.z.s.o.a.hc.client5.http.wire - http-outgoing-5 << "end of stream"
2024-07-24 14:30:08.457 [Test worker] DEBUG c.g.d.z.s.o.a.h.c.h.i.i.PoolingHttpClientConnectionManager - ep-0000003A: connection is not kept alive
2024-07-24 14:30:08.457 [Test worker] DEBUG c.g.d.z.s.o.a.h.c.h.i.i.PoolingHttpClientConnectionManager - ep-0000003A: connection released [route: {}->npipe://localhost:2375][total available: 0; route allocated: 0 of 2147483647; total allocated: 0 of 2147483647]
2024-07-24 14:30:08.457 [docker-java-stream-1367903745] DEBUG c.g.d.z.s.o.a.hc.client5.http.wire - http-outgoing-5 << "[read] I/O error: java.nio.channels.ClosedChannelException"
2024-07-24 14:30:08.457 [Test worker] DEBUG c.g.d.z.s.o.a.hc.client5.http.wire - http-outgoing-5 << "[read] I/O error: java.nio.channels.ClosedChannelException"
2024-07-24 14:30:08.457 [docker-java-stream-1367903745] DEBUG c.g.d.z.ApacheDockerHttpClientImpl$ApacheResponse - Failed to close the response
java.io.IOException: java.nio.channels.ClosedChannelException
	at java.base/java.nio.channels.Channels$2.read(Channels.java:240)
	at com.github.dockerjava.zerodep.shaded.org.apache.hc.client5.http.impl.io.LoggingInputStream.read(LoggingInputStream.java:81)
	at com.github.dockerjava.zerodep.shaded.org.apache.hc.core5.http.impl.io.SessionInputBufferImpl.fillBuffer(SessionInputBufferImpl.java:149)
	at com.github.dockerjava.zerodep.shaded.org.apache.hc.core5.http.impl.io.SessionInputBufferImpl.readLine(SessionInputBufferImpl.java:280)
	at com.github.dockerjava.zerodep.shaded.org.apache.hc.core5.http.impl.io.ChunkedInputStream.getChunkSize(ChunkedInputStream.java:261)
	at com.github.dockerjava.zerodep.shaded.org.apache.hc.core5.http.impl.io.ChunkedInputStream.nextChunk(ChunkedInputStream.java:222)
	at com.github.dockerjava.zerodep.shaded.org.apache.hc.core5.http.impl.io.ChunkedInputStream.read(ChunkedInputStream.java:147)
	at com.github.dockerjava.zerodep.shaded.org.apache.hc.core5.http.impl.io.ChunkedInputStream.close(ChunkedInputStream.java:314)
	at com.github.dockerjava.zerodep.shaded.org.apache.hc.core5.io.Closer.close(Closer.java:48)
	at com.github.dockerjava.zerodep.shaded.org.apache.hc.core5.http.impl.io.IncomingHttpEntity.close(IncomingHttpEntity.java:111)
	at com.github.dockerjava.zerodep.shaded.org.apache.hc.core5.http.io.entity.HttpEntityWrapper.close(HttpEntityWrapper.java:120)
	at com.github.dockerjava.zerodep.shaded.org.apache.hc.core5.io.Closer.close(Closer.java:48)
	at com.github.dockerjava.zerodep.shaded.org.apache.hc.core5.http.message.BasicClassicHttpResponse.close(BasicClassicHttpResponse.java:93)
	at com.github.dockerjava.zerodep.shaded.org.apache.hc.client5.http.impl.classic.CloseableHttpResponse.close(CloseableHttpResponse.java:200)
	at com.github.dockerjava.zerodep.ApacheDockerHttpClientImpl$ApacheResponse.close(ApacheDockerHttpClientImpl.java:271)
	at org.testcontainers.shaded.com.github.dockerjava.core.DefaultInvocationBuilder.lambda$executeAndStream$1(DefaultInvocationBuilder.java:277)
	at java.base/java.lang.Thread.run(Thread.java:833)
Caused by: java.nio.channels.ClosedChannelException: null
	at java.base/sun.nio.ch.WindowsAsynchronousFileChannelImpl.implRead(WindowsAsynchronousFileChannelImpl.java:516)
	at java.base/sun.nio.ch.AsynchronousFileChannelImpl.read(AsynchronousFileChannelImpl.java:229)
	at com.github.dockerjava.transport.NamedPipeSocket$AsynchronousFileByteChannel.read(NamedPipeSocket.java:117)
	at java.base/java.nio.channels.Channels$2.read(Channels.java:238)
	... 16 common frames omitted
2024-07-24 14:30:08.457 [Test worker] DEBUG c.g.d.z.ApacheDockerHttpClientImpl$ApacheResponse - Failed to close the response
java.io.IOException: java.nio.channels.ClosedChannelException
	at java.base/java.nio.channels.Channels$2.read(Channels.java:240)
	at com.github.dockerjava.zerodep.shaded.org.apache.hc.client5.http.impl.io.LoggingInputStream.read(LoggingInputStream.java:81)
	at com.github.dockerjava.zerodep.shaded.org.apache.hc.core5.http.impl.io.SessionInputBufferImpl.fillBuffer(SessionInputBufferImpl.java:149)
	at com.github.dockerjava.zerodep.shaded.org.apache.hc.core5.http.impl.io.SessionInputBufferImpl.readLine(SessionInputBufferImpl.java:280)
	at com.github.dockerjava.zerodep.shaded.org.apache.hc.core5.http.impl.io.ChunkedInputStream.getChunkSize(ChunkedInputStream.java:261)
	at com.github.dockerjava.zerodep.shaded.org.apache.hc.core5.http.impl.io.ChunkedInputStream.nextChunk(ChunkedInputStream.java:222)
	at com.github.dockerjava.zerodep.shaded.org.apache.hc.core5.http.impl.io.ChunkedInputStream.read(ChunkedInputStream.java:147)
	at com.github.dockerjava.zerodep.shaded.org.apache.hc.core5.http.impl.io.ChunkedInputStream.close(ChunkedInputStream.java:314)
	at com.github.dockerjava.zerodep.shaded.org.apache.hc.core5.io.Closer.close(Closer.java:48)
	at com.github.dockerjava.zerodep.shaded.org.apache.hc.core5.http.impl.io.IncomingHttpEntity.close(IncomingHttpEntity.java:111)
	at com.github.dockerjava.zerodep.shaded.org.apache.hc.core5.http.io.entity.HttpEntityWrapper.close(HttpEntityWrapper.java:120)
	at com.github.dockerjava.zerodep.shaded.org.apache.hc.core5.io.Closer.close(Closer.java:48)
	at com.github.dockerjava.zerodep.shaded.org.apache.hc.core5.http.message.BasicClassicHttpResponse.close(BasicClassicHttpResponse.java:93)
	at com.github.dockerjava.zerodep.shaded.org.apache.hc.client5.http.impl.classic.CloseableHttpResponse.close(CloseableHttpResponse.java:200)
	at com.github.dockerjava.zerodep.ApacheDockerHttpClientImpl$ApacheResponse.close(ApacheDockerHttpClientImpl.java:271)
	at org.testcontainers.shaded.com.github.dockerjava.core.DefaultInvocationBuilder.lambda$null$0(DefaultInvocationBuilder.java:272)
	at com.github.dockerjava.api.async.ResultCallbackTemplate.close(ResultCallbackTemplate.java:77)
	at org.testcontainers.containers.output.FrameConsumerResultCallback.close(FrameConsumerResultCallback.java:69)
	at org.testcontainers.containers.wait.strategy.LogMessageWaitStrategy.waitUntilReady(LogMessageWaitStrategy.java:49)
	at org.testcontainers.containers.wait.strategy.AbstractWaitStrategy.waitUntilReady(AbstractWaitStrategy.java:52)
	at org.testcontainers.containers.PostgreSQLContainer.waitUntilContainerStarted(PostgreSQLContainer.java:149)
	at org.testcontainers.containers.GenericContainer.tryStart(GenericContainer.java:500)
	at org.testcontainers.containers.GenericContainer.lambda$doStart$0(GenericContainer.java:354)
	at org.rnorth.ducttape.unreliables.Unreliables.retryUntilSuccess(Unreliables.java:81)
	at org.testcontainers.containers.GenericContainer.doStart(GenericContainer.java:344)
	at org.testcontainers.containers.GenericContainer.start(GenericContainer.java:330)
	at com.unitedApi.PartDAOTest.<init>(PartDAOTest.kt:33)
	at java.base/jdk.internal.reflect.NativeConstructorAccessorImpl.newInstance0(Native Method)
	at java.base/jdk.internal.reflect.NativeConstructorAccessorImpl.newInstance(NativeConstructorAccessorImpl.java:77)
	at java.base/jdk.internal.reflect.DelegatingConstructorAccessorImpl.newInstance(DelegatingConstructorAccessorImpl.java:45)
	at java.base/java.lang.reflect.Constructor.newInstanceWithCaller(Constructor.java:499)
	at java.base/java.lang.reflect.Constructor.newInstance(Constructor.java:480)
	at org.junit.runners.BlockJUnit4ClassRunner.createTest(BlockJUnit4ClassRunner.java:250)
	at org.junit.runners.BlockJUnit4ClassRunner.createTest(BlockJUnit4ClassRunner.java:260)
	at org.junit.runners.BlockJUnit4ClassRunner$2.runReflectiveCall(BlockJUnit4ClassRunner.java:309)
	at org.junit.internal.runners.model.ReflectiveCallable.run(ReflectiveCallable.java:12)
	at org.junit.runners.BlockJUnit4ClassRunner.methodBlock(BlockJUnit4ClassRunner.java:306)
	at org.junit.runners.BlockJUnit4ClassRunner$1.evaluate(BlockJUnit4ClassRunner.java:100)
	at org.junit.runners.ParentRunner.runLeaf(ParentRunner.java:366)
	at org.junit.runners.BlockJUnit4ClassRunner.runChild(BlockJUnit4ClassRunner.java:103)
	at org.junit.runners.BlockJUnit4ClassRunner.runChild(BlockJUnit4ClassRunner.java:63)
	at org.junit.runners.ParentRunner$4.run(ParentRunner.java:331)
	at org.junit.runners.ParentRunner$1.schedule(ParentRunner.java:79)
	at org.junit.runners.ParentRunner.runChildren(ParentRunner.java:329)
	at org.junit.runners.ParentRunner.access$100(ParentRunner.java:66)
	at org.junit.runners.ParentRunner$2.evaluate(ParentRunner.java:293)
	at org.junit.runners.ParentRunner$3.evaluate(ParentRunner.java:306)
	at org.junit.runners.ParentRunner.run(ParentRunner.java:413)
	at org.gradle.api.internal.tasks.testing.junit.JUnitTestClassExecutor.runTestClass(JUnitTestClassExecutor.java:112)
	at org.gradle.api.internal.tasks.testing.junit.JUnitTestClassExecutor.execute(JUnitTestClassExecutor.java:58)
	at org.gradle.api.internal.tasks.testing.junit.JUnitTestClassExecutor.execute(JUnitTestClassExecutor.java:40)
	at org.gradle.api.internal.tasks.testing.junit.AbstractJUnitTestClassProcessor.processTestClass(AbstractJUnitTestClassProcessor.java:60)
	at org.gradle.api.internal.tasks.testing.SuiteTestClassProcessor.processTestClass(SuiteTestClassProcessor.java:52)
	at java.base/jdk.internal.reflect.NativeMethodAccessorImpl.invoke0(Native Method)
	at java.base/jdk.internal.reflect.NativeMethodAccessorImpl.invoke(NativeMethodAccessorImpl.java:77)
	at java.base/jdk.internal.reflect.DelegatingMethodAccessorImpl.invoke(DelegatingMethodAccessorImpl.java:43)
	at java.base/java.lang.reflect.Method.invoke(Method.java:568)
	at org.gradle.internal.dispatch.ReflectionDispatch.dispatch(ReflectionDispatch.java:36)
	at org.gradle.internal.dispatch.ReflectionDispatch.dispatch(ReflectionDispatch.java:24)
	at org.gradle.internal.dispatch.ContextClassLoaderDispatch.dispatch(ContextClassLoaderDispatch.java:33)
	at org.gradle.internal.dispatch.ProxyDispatchAdapter$DispatchingInvocationHandler.invoke(ProxyDispatchAdapter.java:94)
	at jdk.proxy1/jdk.proxy1.$Proxy2.processTestClass(Unknown Source)
	at org.gradle.api.internal.tasks.testing.worker.TestWorker$2.run(TestWorker.java:176)
	at org.gradle.api.internal.tasks.testing.worker.TestWorker.executeAndMaintainThreadName(TestWorker.java:129)
	at org.gradle.api.internal.tasks.testing.worker.TestWorker.execute(TestWorker.java:100)
	at org.gradle.api.internal.tasks.testing.worker.TestWorker.execute(TestWorker.java:60)
	at org.gradle.process.internal.worker.child.ActionExecutionWorker.execute(ActionExecutionWorker.java:56)
	at org.gradle.process.internal.worker.child.SystemApplicationClassLoaderWorker.call(SystemApplicationClassLoaderWorker.java:113)
	at org.gradle.process.internal.worker.child.SystemApplicationClassLoaderWorker.call(SystemApplicationClassLoaderWorker.java:65)
	at worker.org.gradle.process.internal.worker.GradleWorkerMain.run(GradleWorkerMain.java:69)
	at worker.org.gradle.process.internal.worker.GradleWorkerMain.main(GradleWorkerMain.java:74)
Caused by: java.nio.channels.ClosedChannelException: null
	at java.base/sun.nio.ch.WindowsAsynchronousFileChannelImpl.implRead(WindowsAsynchronousFileChannelImpl.java:516)
	at java.base/sun.nio.ch.AsynchronousFileChannelImpl.read(AsynchronousFileChannelImpl.java:229)
	at com.github.dockerjava.transport.NamedPipeSocket$AsynchronousFileByteChannel.read(NamedPipeSocket.java:117)
	at java.base/java.nio.channels.Channels$2.read(Channels.java:238)
	... 70 common frames omitted
2024-07-24 14:30:08.458 [Test worker] INFO  tc.postgres:latest - Container postgres:latest started in PT1.8547835S
2024-07-24 14:30:08.458 [Test worker] INFO  tc.postgres:latest - Container is started (JDBC URL: jdbc:postgresql://localhost:51520/db?loggerLevel=OFF)
2024-07-24 14:30:08.460 [Test worker] INFO  org.testcontainers.ext.ScriptUtils - Executing database script from sql/init.sql
2024-07-24 14:30:08.460 [Test worker] DEBUG o.t.s.c.g.d.c.command.AbstrDockerCmd - Cmd: 65ebb6d1f7d8f13308a5b203756fa2b813c8606471ea76d80d4dc1676c2a65a0,false
2024-07-24 14:30:08.461 [Test worker] DEBUG o.t.s.c.g.d.c.e.InspectContainerCmdExec - GET: DefaultWebTarget{path=[/containers/65ebb6d1f7d8f13308a5b203756fa2b813c8606471ea76d80d4dc1676c2a65a0/json], queryParams={}}
2024-07-24 14:30:08.461 [Test worker] DEBUG c.g.d.z.s.o.a.h.c.h.i.c.InternalHttpClient - ex-0000003C: preparing request execution
2024-07-24 14:30:08.461 [Test worker] DEBUG c.g.d.z.s.o.a.h.c.h.p.RequestAddCookies - Cookie spec selected: strict
2024-07-24 14:30:08.461 [Test worker] DEBUG c.g.d.z.s.o.a.h.c.h.p.RequestAuthCache - Auth cache not set in the context
2024-07-24 14:30:08.461 [Test worker] DEBUG c.g.d.z.s.o.a.h.c.h.i.c.ProtocolExec - ex-0000003C: target auth state: UNCHALLENGED
2024-07-24 14:30:08.461 [Test worker] DEBUG c.g.d.z.s.o.a.h.c.h.i.c.ProtocolExec - ex-0000003C: proxy auth state: UNCHALLENGED
2024-07-24 14:30:08.461 [Test worker] DEBUG c.g.d.z.s.o.a.h.c.h.i.c.ConnectExec - ex-0000003C: acquiring connection with route {}->npipe://localhost:2375
2024-07-24 14:30:08.461 [Test worker] DEBUG c.g.d.z.s.o.a.h.c.h.i.c.InternalHttpClient - ex-0000003C: acquiring endpoint (3 MINUTES)
2024-07-24 14:30:08.461 [Test worker] DEBUG c.g.d.z.s.o.a.h.c.h.i.i.PoolingHttpClientConnectionManager - ex-0000003C: endpoint lease request (3 MINUTES) [route: {}->npipe://localhost:2375][total available: 0; route allocated: 0 of 2147483647; total allocated: 0 of 2147483647]
2024-07-24 14:30:08.461 [Test worker] DEBUG c.g.d.z.s.o.a.h.c.h.i.i.PoolingHttpClientConnectionManager - ex-0000003C: endpoint leased [route: {}->npipe://localhost:2375][total available: 0; route allocated: 1 of 2147483647; total allocated: 1 of 2147483647]
2024-07-24 14:30:08.461 [Test worker] DEBUG c.g.d.z.s.o.a.h.c.h.i.i.PoolingHttpClientConnectionManager - ex-0000003C: acquired ep-0000003B
2024-07-24 14:30:08.461 [Test worker] DEBUG c.g.d.z.s.o.a.h.c.h.i.c.InternalHttpClient - ex-0000003C: acquired endpoint ep-0000003B
2024-07-24 14:30:08.461 [Test worker] DEBUG c.g.d.z.s.o.a.h.c.h.i.c.ConnectExec - ex-0000003C: opening connection {}->npipe://localhost:2375
2024-07-24 14:30:08.461 [Test worker] DEBUG c.g.d.z.s.o.a.h.c.h.i.c.InternalHttpClient - ep-0000003B: connecting endpoint (3 MINUTES)
2024-07-24 14:30:08.461 [Test worker] DEBUG c.g.d.z.s.o.a.h.c.h.i.i.PoolingHttpClientConnectionManager - ep-0000003B: connecting endpoint to npipe://localhost:2375 (3 MINUTES)
2024-07-24 14:30:08.462 [Test worker] DEBUG c.g.d.z.s.o.a.h.c.h.i.i.DefaultHttpClientConnectionOperator - http-outgoing-6: connecting to localhost/127.0.0.1:2375
2024-07-24 14:30:08.462 [Test worker] DEBUG c.g.d.z.s.o.a.h.c.h.i.i.DefaultHttpClientConnectionOperator - http-outgoing-6: connection established 
2024-07-24 14:30:08.462 [Test worker] DEBUG c.g.d.z.s.o.a.h.c.h.i.i.PoolingHttpClientConnectionManager - ep-0000003B: connected http-outgoing-6
2024-07-24 14:30:08.462 [Test worker] DEBUG c.g.d.z.s.o.a.h.c.h.i.c.InternalHttpClient - ep-0000003B: endpoint connected
2024-07-24 14:30:08.462 [Test worker] DEBUG c.g.d.z.s.o.a.h.c.h.i.c.MainClientExec - ex-0000003C: executing GET /v1.32/containers/65ebb6d1f7d8f13308a5b203756fa2b813c8606471ea76d80d4dc1676c2a65a0/json HTTP/1.1
2024-07-24 14:30:08.462 [Test worker] DEBUG c.g.d.z.s.o.a.h.c.h.i.c.InternalHttpClient - ep-0000003B: start execution ex-0000003C
2024-07-24 14:30:08.462 [Test worker] DEBUG c.g.d.z.s.o.a.h.c.h.i.i.PoolingHttpClientConnectionManager - ep-0000003B: executing exchange ex-0000003C over http-outgoing-6
2024-07-24 14:30:08.462 [Test worker] DEBUG c.g.d.z.s.o.a.h.client5.http.headers - http-outgoing-6 >> GET /v1.32/containers/65ebb6d1f7d8f13308a5b203756fa2b813c8606471ea76d80d4dc1676c2a65a0/json HTTP/1.1
2024-07-24 14:30:08.462 [Test worker] DEBUG c.g.d.z.s.o.a.h.client5.http.headers - http-outgoing-6 >> accept: application/json
2024-07-24 14:30:08.462 [Test worker] DEBUG c.g.d.z.s.o.a.h.client5.http.headers - http-outgoing-6 >> x-tc-sid: 280e6229-7396-4d60-b1e3-a5de48b5d49b
2024-07-24 14:30:08.462 [Test worker] DEBUG c.g.d.z.s.o.a.h.client5.http.headers - http-outgoing-6 >> User-Agent: tc-java/1.19.8
2024-07-24 14:30:08.462 [Test worker] DEBUG c.g.d.z.s.o.a.h.client5.http.headers - http-outgoing-6 >> Accept-Encoding: gzip, x-gzip, deflate
2024-07-24 14:30:08.462 [Test worker] DEBUG c.g.d.z.s.o.a.h.client5.http.headers - http-outgoing-6 >> Host: localhost:2375
2024-07-24 14:30:08.462 [Test worker] DEBUG c.g.d.z.s.o.a.h.client5.http.headers - http-outgoing-6 >> Connection: keep-alive
2024-07-24 14:30:08.462 [Test worker] DEBUG c.g.d.z.s.o.a.hc.client5.http.wire - http-outgoing-6 >> "GET /v1.32/containers/65ebb6d1f7d8f13308a5b203756fa2b813c8606471ea76d80d4dc1676c2a65a0/json HTTP/1.1[\r][\n]"
2024-07-24 14:30:08.462 [Test worker] DEBUG c.g.d.z.s.o.a.hc.client5.http.wire - http-outgoing-6 >> "accept: application/json[\r][\n]"
2024-07-24 14:30:08.462 [Test worker] DEBUG c.g.d.z.s.o.a.hc.client5.http.wire - http-outgoing-6 >> "x-tc-sid: 280e6229-7396-4d60-b1e3-a5de48b5d49b[\r][\n]"
2024-07-24 14:30:08.462 [Test worker] DEBUG c.g.d.z.s.o.a.hc.client5.http.wire - http-outgoing-6 >> "User-Agent: tc-java/1.19.8[\r][\n]"
2024-07-24 14:30:08.462 [Test worker] DEBUG c.g.d.z.s.o.a.hc.client5.http.wire - http-outgoing-6 >> "Accept-Encoding: gzip, x-gzip, deflate[\r][\n]"
2024-07-24 14:30:08.462 [Test worker] DEBUG c.g.d.z.s.o.a.hc.client5.http.wire - http-outgoing-6 >> "Host: localhost:2375[\r][\n]"
2024-07-24 14:30:08.462 [Test worker] DEBUG c.g.d.z.s.o.a.hc.client5.http.wire - http-outgoing-6 >> "Connection: keep-alive[\r][\n]"
2024-07-24 14:30:08.462 [Test worker] DEBUG c.g.d.z.s.o.a.hc.client5.http.wire - http-outgoing-6 >> "[\r][\n]"
2024-07-24 14:30:08.465 [Test worker] DEBUG c.g.d.z.s.o.a.hc.client5.http.wire - http-outgoing-6 << "HTTP/1.1 200 OK[\r][\n]"
2024-07-24 14:30:08.465 [Test worker] DEBUG c.g.d.z.s.o.a.hc.client5.http.wire - http-outgoing-6 << "Api-Version: 1.45[\r][\n]"
2024-07-24 14:30:08.465 [Test worker] DEBUG c.g.d.z.s.o.a.hc.client5.http.wire - http-outgoing-6 << "Content-Type: application/json[\r][\n]"
2024-07-24 14:30:08.465 [Test worker] DEBUG c.g.d.z.s.o.a.hc.client5.http.wire - http-outgoing-6 << "Date: Wed, 24 Jul 2024 02:30:08 GMT[\r][\n]"
2024-07-24 14:30:08.465 [Test worker] DEBUG c.g.d.z.s.o.a.hc.client5.http.wire - http-outgoing-6 << "Docker-Experimental: false[\r][\n]"
2024-07-24 14:30:08.465 [Test worker] DEBUG c.g.d.z.s.o.a.hc.client5.http.wire - http-outgoing-6 << "Ostype: linux[\r][\n]"
2024-07-24 14:30:08.465 [Test worker] DEBUG c.g.d.z.s.o.a.hc.client5.http.wire - http-outgoing-6 << "Server: Docker/26.0.0 (linux)[\r][\n]"
2024-07-24 14:30:08.465 [Test worker] DEBUG c.g.d.z.s.o.a.hc.client5.http.wire - http-outgoing-6 << "Transfer-Encoding: chunked[\r][\n]"
2024-07-24 14:30:08.465 [Test worker] DEBUG c.g.d.z.s.o.a.hc.client5.http.wire - http-outgoing-6 << "[\r][\n]"
2024-07-24 14:30:08.465 [Test worker] DEBUG c.g.d.z.s.o.a.h.client5.http.headers - http-outgoing-6 << HTTP/1.1 200 OK
2024-07-24 14:30:08.465 [Test worker] DEBUG c.g.d.z.s.o.a.h.client5.http.headers - http-outgoing-6 << Api-Version: 1.45
2024-07-24 14:30:08.465 [Test worker] DEBUG c.g.d.z.s.o.a.h.client5.http.headers - http-outgoing-6 << Content-Type: application/json
2024-07-24 14:30:08.465 [Test worker] DEBUG c.g.d.z.s.o.a.h.client5.http.headers - http-outgoing-6 << Date: Wed, 24 Jul 2024 02:30:08 GMT
2024-07-24 14:30:08.465 [Test worker] DEBUG c.g.d.z.s.o.a.h.client5.http.headers - http-outgoing-6 << Docker-Experimental: false
2024-07-24 14:30:08.465 [Test worker] DEBUG c.g.d.z.s.o.a.h.client5.http.headers - http-outgoing-6 << Ostype: linux
2024-07-24 14:30:08.465 [Test worker] DEBUG c.g.d.z.s.o.a.h.client5.http.headers - http-outgoing-6 << Server: Docker/26.0.0 (linux)
2024-07-24 14:30:08.465 [Test worker] DEBUG c.g.d.z.s.o.a.h.client5.http.headers - http-outgoing-6 << Transfer-Encoding: chunked
2024-07-24 14:30:08.465 [Test worker] DEBUG c.g.d.z.s.o.a.h.c.h.i.c.MainClientExec - ex-0000003C: connection can be kept alive for 3 MINUTES
2024-07-24 14:30:08.466 [Test worker] DEBUG c.g.d.z.s.o.a.hc.client5.http.wire - http-outgoing-6 << "1a3b[\r][\n]"
2024-07-24 14:30:08.466 [Test worker] DEBUG c.g.d.z.s.o.a.hc.client5.http.wire - http-outgoing-6 << "{"Id":"65ebb6d1f7d8f13308a5b203756fa2b813c8606471ea76d80d4dc1676c2a65a0","Created":"2024-07-24T02:30:06.612700114Z","Path":"docker-entrypoint.sh","Args":["postgres","-c","fsync=off"],"State":{"Status":"running","Running":true,"Paused":false,"Restarting":false,"OOMKilled":false,"Dead":false,"Pid":28406,"ExitCode":0,"Error":"","StartedAt":"2024-07-24T02:30:07.062865795Z","FinishedAt":"0001-01-01T00:00:00Z"},"Image":"sha256:8e4fc9e184899a58735e7ee333f5e272d7d2298cf59302006b71f33e217be130","ResolvConfPath":"/var/lib/docker/containers/65ebb6d1f7d8f13308a5b203756fa2b813c8606471ea76d80d4dc1676c2a65a0/resolv.conf","HostnamePath":"/var/lib/docker/containers/65ebb6d1f7d8f13308a5b203756fa2b813c8606471ea76d80d4dc1676c2a65a0/hostname","HostsPath":"/var/lib/docker/containers/65ebb6d1f7d8f13308a5b203756fa2b813c8606471ea76d80d4dc1676c2a65a0/hosts","LogPath":"/var/lib/docker/containers/65ebb6d1f7d8f13308a5b203756fa2b813c8606471ea76d80d4dc1676c2a65a0/65ebb6d1f7d8f13308a5b203756fa2b813c8606471ea76d80d4dc1676c2a65a0-json.log","Name":"/xenodochial_fermat","RestartCount":0,"Driver":"overlay2","Platform":"linux","MountLabel":"","ProcessLabel":"","AppArmorProfile":"","ExecIDs":null,"HostConfig":{"Binds":[],"ContainerIDFile":"","LogConfig":{"Type":"json-file","Config":{}},"NetworkMode":"default","PortBindings":{"5432/tcp":[{"HostIp":"0.0.0.0","HostPort":"0"}]},"RestartPolicy":{"Name":"no","MaximumRetryCount":0},"AutoRemove":false,"VolumeDriver":"","VolumesFrom":[],"ConsoleSize":[0,0],"CapAdd":null,"CapDrop":null,"CgroupnsMode":"host","Dns":null,"DnsOptions":null,"DnsSearch":null,"ExtraHosts":[],"GroupAdd":null,"IpcMode":"shareable","Cgroup":"","Links":null,"OomScoreAdj":0,"PidMode":"","Privileged":false,"PublishAllPorts":false,"ReadonlyRootfs":false,"SecurityOpt":null,"UTSMode":"","UsernsMode":"","ShmSize":67108864,"Runtime":"runc","Isolation":"","CpuShares":0,"Memory":0,"NanoCpus":0,"CgroupParent":"","BlkioWeight":0,"BlkioWeightDevice":null,"BlkioDeviceReadBps":null,"BlkioDeviceWriteBps":null,"BlkioDeviceReadIOps":null,"BlkioDeviceWriteIOps":null,"CpuPeriod":0,"CpuQuota":0,"CpuRealtimePeriod":0,"CpuRealtimeRuntime":0,"CpusetCpus":"","CpusetMems":"","Devices":null,"DeviceCgroupRules":null,"DeviceRequests":null,"MemoryReservation":0,"MemorySwap":0,"MemorySwappiness":null,"OomKillDisable":false,"PidsLimit":null,"Ulimits":null,"CpuCount":0,"CpuPercent":0,"IOMaximumIOps":0,"IOMaximumBandwidth":0,"MaskedPaths":["/proc/asound","/proc/acpi","/proc/kcore","/proc/keys","/proc/latency_stats","/proc/timer_list","/proc/timer_stats","/proc/sched_debug","/proc/scsi","/sys/firmware","/sys/devices/virtual/powercap"],"ReadonlyPaths":["/proc/bus","/proc/fs","/proc/irq","/proc/sys","/proc/sysrq-trigger"]},"GraphDriver":{"Data":{"LowerDir":"/var/lib/docker/overlay2/fb3824f45e74f09362d73ea5b31c23e27e5f15f328122fcde664699fca182e36-init/diff:/var/lib/docker/overlay2/8f0ddbd386af0785c2e348570516955816ab350305d698d363962d488eeb15ec/diff:/var/lib/docker/overlay2/0eb0ca73e9b0be7c3d7fa8762ef4778a68f38391bc84c037c2e90b88e781b475/diff:/var/lib/docker/overlay2/74e634bddc785c5d436b10a5158cd82e21dc2065fd1cf8ff9c1c12e01575a2d8/diff:/var/lib/docker/overlay2/bb918b2851cd2f508f1e3fdbfff8b7f8b041d61e65fe8c368288bf399e80b818/diff:/var/lib/docker/overlay2/2abab2946cbdc2941ee8ec4024c51dac7313dee9de5fbedd1ca33388c59eb3c8/diff:/var/lib/docker/overlay2/e12f6083ee669bd92743ceb339a896bb25dbe461b718705bb39eb410b80c0ecd/diff:/var/lib/docker/overlay2/ced1e86d670d097da5ed4da7288c22507735918959161c2cd8bf083fb30d169a/diff:/var/lib/docker/overlay2/94e9ac7b74923285ae73af20aeccb964ca9079e2305db367cb85d1603560472d/diff:/var/lib/docker/overlay2/a396b6dfd63f0c228c519871183c614cccf4d366a43460f27ecf97113c3c4be8/diff:/var/lib/docker/overlay2/f58ada5d5080c2bac553c734f81127660a90581a35ed2a92cebe3c59e340875b/diff:/var/lib/docker/overlay2/84f85636f37bf55d945e217b4f87a856eba7932284beaf042561007b66f48977/diff:/var/lib/docker/overlay2/1e6e519613884e91a2b74a588ba35dc8a2f789371ab798ef6e7d9836d756042f/diff:/var/lib/docker/overlay2/14a3151cc8b4f9d27d2e64f1a8abc0c7809309580f2d7e8dc8545055c1d56194/diff:/var/lib/"
2024-07-24 14:30:08.467 [Test worker] DEBUG c.g.d.z.s.o.a.hc.client5.http.wire - http-outgoing-6 << "docker/overlay2/5b354b9e793401517fe2f1da697653fdaadffc54888eaf76d67e0600b8c68bdc/diff","MergedDir":"/var/lib/docker/overlay2/fb3824f45e74f09362d73ea5b31c23e27e5f15f328122fcde664699fca182e36/merged","UpperDir":"/var/lib/docker/overlay2/fb3824f45e74f09362d73ea5b31c23e27e5f15f328122fcde664699fca182e36/diff","WorkDir":"/var/lib/docker/overlay2/fb3824f45e74f09362d73ea5b31c23e27e5f15f328122fcde664699fca182e36/work"},"Name":"overlay2"},"Mounts":[{"Type":"volume","Name":"fbb11297e2934a481331b519ff283f45d9c9ec12e09a126c5edc130e9a5d892f","Source":"/var/lib/docker/volumes/fbb11297e2934a481331b519ff283f45d9c9ec12e09a126c5edc130e9a5d892f/_data","Destination":"/var/lib/postgresql/data","Driver":"local","Mode":"","RW":true,"Propagation":""}],"Config":{"Hostname":"65ebb6d1f7d8","Domainname":"","User":"","AttachStdin":false,"AttachStdout":false,"AttachStderr":false,"ExposedPorts":{"5432/tcp":{}},"Tty":false,"OpenStdin":false,"StdinOnce":false,"Env":["POSTGRES_USER=user","POSTGRES_PASSWORD=password","POSTGRES_DB=db","PATH=/usr/local/sbin:/usr/local/bin:/usr/sbin:/usr/bin:/sbin:/bin:/usr/lib/postgresql/16/bin","GOSU_VERSION=1.17","LANG=en_US.utf8","PG_MAJOR=16","PG_VERSION=16.2-1.pgdg120+2","PGDATA=/var/lib/postgresql/data"],"Cmd":["postgres","-c","fsync=off"],"Image":"postgres:latest","Volumes":{"/var/lib/postgresql/data":{}},"WorkingDir":"","Entrypoint":["docker-entrypoint.sh"],"OnBuild":null,"Labels":{"org.testcontainers":"true","org.testcontainers.lang":"java","org.testcontainers.sessionId":"280e6229-7396-4d60-b1e3-a5de48b5d49b","org.testcontainers.version":"1.19.8"},"StopSignal":"SIGINT"},"NetworkSettings":{"Bridge":"","SandboxID":"2c1fa2ea2207747afff59b0627e49aaccdc84021a4a80a6da2372233001d5d88","SandboxKey":"/var/run/docker/netns/2c1fa2ea2207","Ports":{"5432/tcp":[{"HostIp":"0.0.0.0","HostPort":"51520"}]},"HairpinMode":false,"LinkLocalIPv6Address":"","LinkLocalIPv6PrefixLen":0,"SecondaryIPAddresses":null,"SecondaryIPv6Addresses":null,"EndpointID":"4f6d2bf8c85ca82fdb0bf67023a645d6186b67643a662280a2abf0ba00043b09","Gateway":"172.17.0.1","GlobalIPv6Address":"","GlobalIPv6PrefixLen":0,"IPAddress":"172.17.0.3","IPPrefixLen":16,"IPv6Gateway":"","MacAddress":"02:42:ac:11:00:03","Networks":{"bridge":{"IPAMConfig":null,"Links":null,"Aliases":null,"MacAddress":"02:42:ac:11:00:03","NetworkID":"3c842496be344cbdae878c1dee0957e7bc7c0a2236009c92752030f2b053e72f","EndpointID":"4f6d2bf8c85ca82fdb0bf67023a645d6186b67643a662280a2abf0ba00043b09","Gateway":"172.17.0.1","IPAddress":"172.17.0.3","IPPrefixLen":16,"IPv6Gateway":"","GlobalIPv6Address":"","GlobalIPv6PrefixLen":0,"DriverOpts":null,"DNSNames":null}}}}[\n]"
2024-07-24 14:30:08.467 [Test worker] DEBUG c.g.d.z.s.o.a.hc.client5.http.wire - http-outgoing-6 << "[\r][\n]"
2024-07-24 14:30:08.467 [Test worker] DEBUG c.g.d.z.s.o.a.hc.client5.http.wire - http-outgoing-6 << "0[\r][\n]"
2024-07-24 14:30:08.467 [Test worker] DEBUG c.g.d.z.s.o.a.hc.client5.http.wire - http-outgoing-6 << "[\r][\n]"
2024-07-24 14:30:08.467 [Test worker] DEBUG c.g.d.z.s.o.a.h.c.h.i.c.InternalHttpClient - ep-0000003B: releasing valid endpoint
2024-07-24 14:30:08.467 [Test worker] DEBUG c.g.d.z.s.o.a.h.c.h.i.i.PoolingHttpClientConnectionManager - ep-0000003B: releasing endpoint
2024-07-24 14:30:08.468 [Test worker] DEBUG c.g.d.z.s.o.a.h.c.h.i.i.PoolingHttpClientConnectionManager - ep-0000003B: connection http-outgoing-6 can be kept alive for 3 MINUTES
2024-07-24 14:30:08.468 [Test worker] DEBUG c.g.d.z.s.o.a.h.c.h.i.i.PoolingHttpClientConnectionManager - ep-0000003B: connection released [route: {}->npipe://localhost:2375][total available: 1; route allocated: 1 of 2147483647; total allocated: 1 of 2147483647]
2024-07-24 14:30:08.468 [Test worker] DEBUG tc.postgres:latest - Trying to create JDBC connection using org.postgresql.Driver to jdbc:postgresql://localhost:51520/db?loggerLevel=OFF with properties: {password=password, user=user}
2024-07-24 14:30:08.482 [Test worker] DEBUG o.t.jdbc.JdbcDatabaseDelegate - false returned as updateCount for SQL: drop table if exists WorkedOn
2024-07-24 14:30:08.483 [Test worker] DEBUG o.t.jdbc.JdbcDatabaseDelegate - false returned as updateCount for SQL: drop table if exists SequenceLine
2024-07-24 14:30:08.484 [Test worker] DEBUG o.t.jdbc.JdbcDatabaseDelegate - false returned as updateCount for SQL: drop table if exists WorkOrder
2024-07-24 14:30:08.484 [Test worker] DEBUG o.t.jdbc.JdbcDatabaseDelegate - false returned as updateCount for SQL: drop table if exists SequenceHeader
2024-07-24 14:30:08.485 [Test worker] DEBUG o.t.jdbc.JdbcDatabaseDelegate - false returned as updateCount for SQL: drop table if exists SaleOrderLine
2024-07-24 14:30:08.486 [Test worker] DEBUG o.t.jdbc.JdbcDatabaseDelegate - false returned as updateCount for SQL: drop table if exists SaleOrderHeader
2024-07-24 14:30:08.486 [Test worker] DEBUG o.t.jdbc.JdbcDatabaseDelegate - false returned as updateCount for SQL: drop table if exists Staff
2024-07-24 14:30:08.487 [Test worker] DEBUG o.t.jdbc.JdbcDatabaseDelegate - false returned as updateCount for SQL: drop table if exists WorkStation
2024-07-24 14:30:08.488 [Test worker] DEBUG o.t.jdbc.JdbcDatabaseDelegate - false returned as updateCount for SQL: drop table if exists Part
2024-07-24 14:30:08.489 [Test worker] DEBUG o.t.jdbc.JdbcDatabaseDelegate - false returned as updateCount for SQL: drop table if exists Customer
2024-07-24 14:30:08.492 [Test worker] DEBUG o.t.jdbc.JdbcDatabaseDelegate - false returned as updateCount for SQL: create table Customer ( customerId VarChar(8) PRIMARY Key, name VarChar(100) not null, address VarChar(500) not null )
2024-07-24 14:30:08.494 [Test worker] DEBUG o.t.jdbc.JdbcDatabaseDelegate - false returned as updateCount for SQL: create table Part ( partId VarChar(6) PRIMARY KEY, inventory Int not null, name VarChar(100) not null )
2024-07-24 14:30:08.496 [Test worker] DEBUG o.t.jdbc.JdbcDatabaseDelegate - false returned as updateCount for SQL: create table WorkStation ( name VarChar(50) PRIMARY KEY )
2024-07-24 14:30:08.498 [Test worker] DEBUG o.t.jdbc.JdbcDatabaseDelegate - false returned as updateCount for SQL: create table Staff ( staffID VarChar(6) PRIMARY KEY, name VarChar(100) not null )
2024-07-24 14:30:08.501 [Test worker] DEBUG o.t.jdbc.JdbcDatabaseDelegate - false returned as updateCount for SQL: create table SaleOrderHeader ( soHeaderId VarChar(6) PRIMARY key , customerId VarChar(8) not null references Customer (customerId) )
2024-07-24 14:30:08.502 [Test worker] DEBUG o.t.jdbc.JdbcDatabaseDelegate - false returned as updateCount for SQL: create table SaleOrderLine ( soLineId VarChar(6), soHeaderId VarChar(6) references SaleOrderHeader (soHeaderID), dateDue Date not null, partID VarChar(6) not null references Part(partId), PRIMARY KEY (soLineId,soHeaderId) )
2024-07-24 14:30:08.503 [Test worker] DEBUG o.t.jdbc.JdbcDatabaseDelegate - false returned as updateCount for SQL: create table SequenceHeader ( seqHeaderId VarChar(6) PRIMARY KEY, partId VarChar(6) not null references Part(partId) )
2024-07-24 14:30:08.505 [Test worker] DEBUG o.t.jdbc.JdbcDatabaseDelegate - false returned as updateCount for SQL: create table WorkOrder ( workOrderId VarChar(8) PRIMARY KEY, seqHeaderId VarChar(6) not null REFERENCES SequenceHeader (seqHeaderId), soLineId VarChar(6) not null, soHeaderId VarChar(6) not null, quanity Int not null, FOREIGN KEY (soLineId,soHeaderId) REFERENCES SaleOrderLine (soLineId,soHeaderId) )
2024-07-24 14:30:08.507 [Test worker] DEBUG o.t.jdbc.JdbcDatabaseDelegate - false returned as updateCount for SQL: create table SequenceLine ( seqLineId VarChar(10), seqHeaderId VarChar(6) references SequenceHeader (seqHeaderId), workStation VarChar(50) not null references WorkStation(name), PRIMARY KEY(seqLineId,seqHeaderId) )
2024-07-24 14:30:08.508 [Test worker] DEBUG o.t.jdbc.JdbcDatabaseDelegate - false returned as updateCount for SQL: create table WorkedOn ( staffId VarChar(8) references Staff (staffId), seqHeaderId VarChar(6), seqLineId VarChar(10), workOrderId VarChar(50) references WorkOrder(workOrderId), PRIMARY key (staffId,seqHeaderId,seqLineId,workOrderId), FOREIGN KEY (seqHeaderId,seqLineId) REFERENCES SequenceLine (seqHeaderId,seqLineId) )
2024-07-24 14:30:08.508 [Test worker] INFO  org.testcontainers.ext.ScriptUtils - Executed database script from sql/init.sql in 48 ms.
2024-07-24 14:30:08.526 [Test worker] DEBUG o.t.s.c.g.d.c.command.AbstrDockerCmd - Cmd: 65ebb6d1f7d8f13308a5b203756fa2b813c8606471ea76d80d4dc1676c2a65a0,false
2024-07-24 14:30:08.526 [Test worker] DEBUG o.t.s.c.g.d.c.e.InspectContainerCmdExec - GET: DefaultWebTarget{path=[/containers/65ebb6d1f7d8f13308a5b203756fa2b813c8606471ea76d80d4dc1676c2a65a0/json], queryParams={}}
2024-07-24 14:30:08.526 [Test worker] DEBUG c.g.d.z.s.o.a.h.c.h.i.c.InternalHttpClient - ex-0000003D: preparing request execution
2024-07-24 14:30:08.526 [Test worker] DEBUG c.g.d.z.s.o.a.h.c.h.p.RequestAddCookies - Cookie spec selected: strict
2024-07-24 14:30:08.526 [Test worker] DEBUG c.g.d.z.s.o.a.h.c.h.p.RequestAuthCache - Auth cache not set in the context
2024-07-24 14:30:08.526 [Test worker] DEBUG c.g.d.z.s.o.a.h.c.h.i.c.ProtocolExec - ex-0000003D: target auth state: UNCHALLENGED
2024-07-24 14:30:08.526 [Test worker] DEBUG c.g.d.z.s.o.a.h.c.h.i.c.ProtocolExec - ex-0000003D: proxy auth state: UNCHALLENGED
2024-07-24 14:30:08.526 [Test worker] DEBUG c.g.d.z.s.o.a.h.c.h.i.c.ConnectExec - ex-0000003D: acquiring connection with route {}->npipe://localhost:2375
2024-07-24 14:30:08.526 [Test worker] DEBUG c.g.d.z.s.o.a.h.c.h.i.c.InternalHttpClient - ex-0000003D: acquiring endpoint (3 MINUTES)
2024-07-24 14:30:08.526 [Test worker] DEBUG c.g.d.z.s.o.a.h.c.h.i.i.PoolingHttpClientConnectionManager - ex-0000003D: endpoint lease request (3 MINUTES) [route: {}->npipe://localhost:2375][total available: 1; route allocated: 1 of 2147483647; total allocated: 1 of 2147483647]
2024-07-24 14:30:08.526 [Test worker] DEBUG c.g.d.z.s.o.a.h.c.h.i.i.PoolingHttpClientConnectionManager - ex-0000003D: endpoint leased [route: {}->npipe://localhost:2375][total available: 0; route allocated: 1 of 2147483647; total allocated: 1 of 2147483647]
2024-07-24 14:30:08.526 [Test worker] DEBUG c.g.d.z.s.o.a.h.c.h.i.i.PoolingHttpClientConnectionManager - ex-0000003D: acquired ep-0000003C
2024-07-24 14:30:08.526 [Test worker] DEBUG c.g.d.z.s.o.a.h.c.h.i.c.InternalHttpClient - ex-0000003D: acquired endpoint ep-0000003C
2024-07-24 14:30:08.526 [Test worker] DEBUG c.g.d.z.s.o.a.h.c.h.i.c.MainClientExec - ex-0000003D: executing GET /v1.32/containers/65ebb6d1f7d8f13308a5b203756fa2b813c8606471ea76d80d4dc1676c2a65a0/json HTTP/1.1
2024-07-24 14:30:08.526 [Test worker] DEBUG c.g.d.z.s.o.a.h.c.h.i.c.InternalHttpClient - ep-0000003C: start execution ex-0000003D
2024-07-24 14:30:08.526 [Test worker] DEBUG c.g.d.z.s.o.a.h.c.h.i.i.PoolingHttpClientConnectionManager - ep-0000003C: executing exchange ex-0000003D over http-outgoing-6
2024-07-24 14:30:08.526 [Test worker] DEBUG c.g.d.z.s.o.a.h.client5.http.headers - http-outgoing-6 >> GET /v1.32/containers/65ebb6d1f7d8f13308a5b203756fa2b813c8606471ea76d80d4dc1676c2a65a0/json HTTP/1.1
2024-07-24 14:30:08.526 [Test worker] DEBUG c.g.d.z.s.o.a.h.client5.http.headers - http-outgoing-6 >> accept: application/json
2024-07-24 14:30:08.526 [Test worker] DEBUG c.g.d.z.s.o.a.h.client5.http.headers - http-outgoing-6 >> x-tc-sid: 280e6229-7396-4d60-b1e3-a5de48b5d49b
2024-07-24 14:30:08.526 [Test worker] DEBUG c.g.d.z.s.o.a.h.client5.http.headers - http-outgoing-6 >> User-Agent: tc-java/1.19.8
2024-07-24 14:30:08.526 [Test worker] DEBUG c.g.d.z.s.o.a.h.client5.http.headers - http-outgoing-6 >> Accept-Encoding: gzip, x-gzip, deflate
2024-07-24 14:30:08.526 [Test worker] DEBUG c.g.d.z.s.o.a.h.client5.http.headers - http-outgoing-6 >> Host: localhost:2375
2024-07-24 14:30:08.526 [Test worker] DEBUG c.g.d.z.s.o.a.h.client5.http.headers - http-outgoing-6 >> Connection: keep-alive
2024-07-24 14:30:08.527 [Test worker] DEBUG c.g.d.z.s.o.a.hc.client5.http.wire - http-outgoing-6 >> "GET /v1.32/containers/65ebb6d1f7d8f13308a5b203756fa2b813c8606471ea76d80d4dc1676c2a65a0/json HTTP/1.1[\r][\n]"
2024-07-24 14:30:08.527 [Test worker] DEBUG c.g.d.z.s.o.a.hc.client5.http.wire - http-outgoing-6 >> "accept: application/json[\r][\n]"
2024-07-24 14:30:08.527 [Test worker] DEBUG c.g.d.z.s.o.a.hc.client5.http.wire - http-outgoing-6 >> "x-tc-sid: 280e6229-7396-4d60-b1e3-a5de48b5d49b[\r][\n]"
2024-07-24 14:30:08.527 [Test worker] DEBUG c.g.d.z.s.o.a.hc.client5.http.wire - http-outgoing-6 >> "User-Agent: tc-java/1.19.8[\r][\n]"
2024-07-24 14:30:08.527 [Test worker] DEBUG c.g.d.z.s.o.a.hc.client5.http.wire - http-outgoing-6 >> "Accept-Encoding: gzip, x-gzip, deflate[\r][\n]"
2024-07-24 14:30:08.527 [Test worker] DEBUG c.g.d.z.s.o.a.hc.client5.http.wire - http-outgoing-6 >> "Host: localhost:2375[\r][\n]"
2024-07-24 14:30:08.527 [Test worker] DEBUG c.g.d.z.s.o.a.hc.client5.http.wire - http-outgoing-6 >> "Connection: keep-alive[\r][\n]"
2024-07-24 14:30:08.527 [Test worker] DEBUG c.g.d.z.s.o.a.hc.client5.http.wire - http-outgoing-6 >> "[\r][\n]"
2024-07-24 14:30:08.530 [Test worker] DEBUG c.g.d.z.s.o.a.hc.client5.http.wire - http-outgoing-6 << "HTTP/1.1 200 OK[\r][\n]"
2024-07-24 14:30:08.530 [Test worker] DEBUG c.g.d.z.s.o.a.hc.client5.http.wire - http-outgoing-6 << "Api-Version: 1.45[\r][\n]"
2024-07-24 14:30:08.530 [Test worker] DEBUG c.g.d.z.s.o.a.hc.client5.http.wire - http-outgoing-6 << "Content-Type: application/json[\r][\n]"
2024-07-24 14:30:08.530 [Test worker] DEBUG c.g.d.z.s.o.a.hc.client5.http.wire - http-outgoing-6 << "Date: Wed, 24 Jul 2024 02:30:08 GMT[\r][\n]"
2024-07-24 14:30:08.530 [Test worker] DEBUG c.g.d.z.s.o.a.hc.client5.http.wire - http-outgoing-6 << "Docker-Experimental: false[\r][\n]"
2024-07-24 14:30:08.530 [Test worker] DEBUG c.g.d.z.s.o.a.hc.client5.http.wire - http-outgoing-6 << "Ostype: linux[\r][\n]"
2024-07-24 14:30:08.530 [Test worker] DEBUG c.g.d.z.s.o.a.hc.client5.http.wire - http-outgoing-6 << "Server: Docker/26.0.0 (linux)[\r][\n]"
2024-07-24 14:30:08.530 [Test worker] DEBUG c.g.d.z.s.o.a.hc.client5.http.wire - http-outgoing-6 << "Transfer-Encoding: chunked[\r][\n]"
2024-07-24 14:30:08.530 [Test worker] DEBUG c.g.d.z.s.o.a.hc.client5.http.wire - http-outgoing-6 << "[\r][\n]"
2024-07-24 14:30:08.530 [Test worker] DEBUG c.g.d.z.s.o.a.h.client5.http.headers - http-outgoing-6 << HTTP/1.1 200 OK
2024-07-24 14:30:08.530 [Test worker] DEBUG c.g.d.z.s.o.a.h.client5.http.headers - http-outgoing-6 << Api-Version: 1.45
2024-07-24 14:30:08.530 [Test worker] DEBUG c.g.d.z.s.o.a.h.client5.http.headers - http-outgoing-6 << Content-Type: application/json
2024-07-24 14:30:08.530 [Test worker] DEBUG c.g.d.z.s.o.a.h.client5.http.headers - http-outgoing-6 << Date: Wed, 24 Jul 2024 02:30:08 GMT
2024-07-24 14:30:08.530 [Test worker] DEBUG c.g.d.z.s.o.a.h.client5.http.headers - http-outgoing-6 << Docker-Experimental: false
2024-07-24 14:30:08.530 [Test worker] DEBUG c.g.d.z.s.o.a.h.client5.http.headers - http-outgoing-6 << Ostype: linux
2024-07-24 14:30:08.530 [Test worker] DEBUG c.g.d.z.s.o.a.h.client5.http.headers - http-outgoing-6 << Server: Docker/26.0.0 (linux)
2024-07-24 14:30:08.530 [Test worker] DEBUG c.g.d.z.s.o.a.h.client5.http.headers - http-outgoing-6 << Transfer-Encoding: chunked
2024-07-24 14:30:08.531 [Test worker] DEBUG c.g.d.z.s.o.a.h.c.h.i.c.MainClientExec - ex-0000003D: connection can be kept alive for 3 MINUTES
2024-07-24 14:30:08.531 [Test worker] DEBUG c.g.d.z.s.o.a.hc.client5.http.wire - http-outgoing-6 << "1a3b[\r][\n]"
2024-07-24 14:30:08.531 [Test worker] DEBUG c.g.d.z.s.o.a.hc.client5.http.wire - http-outgoing-6 << "{"Id":"65ebb6d1f7d8f13308a5b203756fa2b813c8606471ea76d80d4dc1676c2a65a0","Created":"2024-07-24T02:30:06.612700114Z","Path":"docker-entrypoint.sh","Args":["postgres","-c","fsync=off"],"State":{"Status":"running","Running":true,"Paused":false,"Restarting":false,"OOMKilled":false,"Dead":false,"Pid":28406,"ExitCode":0,"Error":"","StartedAt":"2024-07-24T02:30:07.062865795Z","FinishedAt":"0001-01-01T00:00:00Z"},"Image":"sha256:8e4fc9e184899a58735e7ee333f5e272d7d2298cf59302006b71f33e217be130","ResolvConfPath":"/var/lib/docker/containers/65ebb6d1f7d8f13308a5b203756fa2b813c8606471ea76d80d4dc1676c2a65a0/resolv.conf","HostnamePath":"/var/lib/docker/containers/65ebb6d1f7d8f13308a5b203756fa2b813c8606471ea76d80d4dc1676c2a65a0/hostname","HostsPath":"/var/lib/docker/containers/65ebb6d1f7d8f13308a5b203756fa2b813c8606471ea76d80d4dc1676c2a65a0/hosts","LogPath":"/var/lib/docker/containers/65ebb6d1f7d8f13308a5b203756fa2b813c8606471ea76d80d4dc1676c2a65a0/65ebb6d1f7d8f13308a5b203756fa2b813c8606471ea76d80d4dc1676c2a65a0-json.log","Name":"/xenodochial_fermat","RestartCount":0,"Driver":"overlay2","Platform":"linux","MountLabel":"","ProcessLabel":"","AppArmorProfile":"","ExecIDs":null,"HostConfig":{"Binds":[],"ContainerIDFile":"","LogConfig":{"Type":"json-file","Config":{}},"NetworkMode":"default","PortBindings":{"5432/tcp":[{"HostIp":"0.0.0.0","HostPort":"0"}]},"RestartPolicy":{"Name":"no","MaximumRetryCount":0},"AutoRemove":false,"VolumeDriver":"","VolumesFrom":[],"ConsoleSize":[0,0],"CapAdd":null,"CapDrop":null,"CgroupnsMode":"host","Dns":null,"DnsOptions":null,"DnsSearch":null,"ExtraHosts":[],"GroupAdd":null,"IpcMode":"shareable","Cgroup":"","Links":null,"OomScoreAdj":0,"PidMode":"","Privileged":false,"PublishAllPorts":false,"ReadonlyRootfs":false,"SecurityOpt":null,"UTSMode":"","UsernsMode":"","ShmSize":67108864,"Runtime":"runc","Isolation":"","CpuShares":0,"Memory":0,"NanoCpus":0,"CgroupParent":"","BlkioWeight":0,"BlkioWeightDevice":null,"BlkioDeviceReadBps":null,"BlkioDeviceWriteBps":null,"BlkioDeviceReadIOps":null,"BlkioDeviceWriteIOps":null,"CpuPeriod":0,"CpuQuota":0,"CpuRealtimePeriod":0,"CpuRealtimeRuntime":0,"CpusetCpus":"","CpusetMems":"","Devices":null,"DeviceCgroupRules":null,"DeviceRequests":null,"MemoryReservation":0,"MemorySwap":0,"MemorySwappiness":null,"OomKillDisable":false,"PidsLimit":null,"Ulimits":null,"CpuCount":0,"CpuPercent":0,"IOMaximumIOps":0,"IOMaximumBandwidth":0,"MaskedPaths":["/proc/asound","/proc/acpi","/proc/kcore","/proc/keys","/proc/latency_stats","/proc/timer_list","/proc/timer_stats","/proc/sched_debug","/proc/scsi","/sys/firmware","/sys/devices/virtual/powercap"],"ReadonlyPaths":["/proc/bus","/proc/fs","/proc/irq","/proc/sys","/proc/sysrq-trigger"]},"GraphDriver":{"Data":{"LowerDir":"/var/lib/docker/overlay2/fb3824f45e74f09362d73ea5b31c23e27e5f15f328122fcde664699fca182e36-init/diff:/var/lib/docker/overlay2/8f0ddbd386af0785c2e348570516955816ab350305d698d363962d488eeb15ec/diff:/var/lib/docker/overlay2/0eb0ca73e9b0be7c3d7fa8762ef4778a68f38391bc84c037c2e90b88e781b475/diff:/var/lib/docker/overlay2/74e634bddc785c5d436b10a5158cd82e21dc2065fd1cf8ff9c1c12e01575a2d8/diff:/var/lib/docker/overlay2/bb918b2851cd2f508f1e3fdbfff8b7f8b041d61e65fe8c368288bf399e80b818/diff:/var/lib/docker/overlay2/2abab2946cbdc2941ee8ec4024c51dac7313dee9de5fbedd1ca33388c59eb3c8/diff:/var/lib/docker/overlay2/e12f6083ee669bd92743ceb339a896bb25dbe461b718705bb39eb410b80c0ecd/diff:/var/lib/docker/overlay2/ced1e86d670d097da5ed4da7288c22507735918959161c2cd8bf083fb30d169a/diff:/var/lib/docker/overlay2/94e9ac7b74923285ae73af20aeccb964ca9079e2305db367cb85d1603560472d/diff:/var/lib/docker/overlay2/a396b6dfd63f0c228c519871183c614cccf4d366a43460f27ecf97113c3c4be8/diff:/var/lib/docker/overlay2/f58ada5d5080c2bac553c734f81127660a90581a35ed2a92cebe3c59e340875b/diff:/var/lib/docker/overlay2/84f85636f37bf55d945e217b4f87a856eba7932284beaf042561007b66f48977/diff:/var/lib/docker/overlay2/1e6e519613884e91a2b74a588ba35dc8a2f789371ab798ef6e7d9836d756042f/diff:/var/lib/docker/overlay2/14a3151cc8b4f9d27d2e64f1a8abc0c7809309580f2d7e8dc8545055c1d56194/diff:/var/lib/"
2024-07-24 14:30:08.532 [Test worker] DEBUG c.g.d.z.s.o.a.hc.client5.http.wire - http-outgoing-6 << "docker/overlay2/5b354b9e793401517fe2f1da697653fdaadffc54888eaf76d67e0600b8c68bdc/diff","MergedDir":"/var/lib/docker/overlay2/fb3824f45e74f09362d73ea5b31c23e27e5f15f328122fcde664699fca182e36/merged","UpperDir":"/var/lib/docker/overlay2/fb3824f45e74f09362d73ea5b31c23e27e5f15f328122fcde664699fca182e36/diff","WorkDir":"/var/lib/docker/overlay2/fb3824f45e74f09362d73ea5b31c23e27e5f15f328122fcde664699fca182e36/work"},"Name":"overlay2"},"Mounts":[{"Type":"volume","Name":"fbb11297e2934a481331b519ff283f45d9c9ec12e09a126c5edc130e9a5d892f","Source":"/var/lib/docker/volumes/fbb11297e2934a481331b519ff283f45d9c9ec12e09a126c5edc130e9a5d892f/_data","Destination":"/var/lib/postgresql/data","Driver":"local","Mode":"","RW":true,"Propagation":""}],"Config":{"Hostname":"65ebb6d1f7d8","Domainname":"","User":"","AttachStdin":false,"AttachStdout":false,"AttachStderr":false,"ExposedPorts":{"5432/tcp":{}},"Tty":false,"OpenStdin":false,"StdinOnce":false,"Env":["POSTGRES_USER=user","POSTGRES_PASSWORD=password","POSTGRES_DB=db","PATH=/usr/local/sbin:/usr/local/bin:/usr/sbin:/usr/bin:/sbin:/bin:/usr/lib/postgresql/16/bin","GOSU_VERSION=1.17","LANG=en_US.utf8","PG_MAJOR=16","PG_VERSION=16.2-1.pgdg120+2","PGDATA=/var/lib/postgresql/data"],"Cmd":["postgres","-c","fsync=off"],"Image":"postgres:latest","Volumes":{"/var/lib/postgresql/data":{}},"WorkingDir":"","Entrypoint":["docker-entrypoint.sh"],"OnBuild":null,"Labels":{"org.testcontainers":"true","org.testcontainers.lang":"java","org.testcontainers.sessionId":"280e6229-7396-4d60-b1e3-a5de48b5d49b","org.testcontainers.version":"1.19.8"},"StopSignal":"SIGINT"},"NetworkSettings":{"Bridge":"","SandboxID":"2c1fa2ea2207747afff59b0627e49aaccdc84021a4a80a6da2372233001d5d88","SandboxKey":"/var/run/docker/netns/2c1fa2ea2207","Ports":{"5432/tcp":[{"HostIp":"0.0.0.0","HostPort":"51520"}]},"HairpinMode":false,"LinkLocalIPv6Address":"","LinkLocalIPv6PrefixLen":0,"SecondaryIPAddresses":null,"SecondaryIPv6Addresses":null,"EndpointID":"4f6d2bf8c85ca82fdb0bf67023a645d6186b67643a662280a2abf0ba00043b09","Gateway":"172.17.0.1","GlobalIPv6Address":"","GlobalIPv6PrefixLen":0,"IPAddress":"172.17.0.3","IPPrefixLen":16,"IPv6Gateway":"","MacAddress":"02:42:ac:11:00:03","Networks":{"bridge":{"IPAMConfig":null,"Links":null,"Aliases":null,"MacAddress":"02:42:ac:11:00:03","NetworkID":"3c842496be344cbdae878c1dee0957e7bc7c0a2236009c92752030f2b053e72f","EndpointID":"4f6d2bf8c85ca82fdb0bf67023a645d6186b67643a662280a2abf0ba00043b09","Gateway":"172.17.0.1","IPAddress":"172.17.0.3","IPPrefixLen":16,"IPv6Gateway":"","GlobalIPv6Address":"","GlobalIPv6PrefixLen":0,"DriverOpts":null,"DNSNames":null}}}}[\n]"
2024-07-24 14:30:08.532 [Test worker] DEBUG c.g.d.z.s.o.a.hc.client5.http.wire - http-outgoing-6 << "[\r][\n]"
2024-07-24 14:30:08.532 [Test worker] DEBUG c.g.d.z.s.o.a.hc.client5.http.wire - http-outgoing-6 << "0[\r][\n]"
2024-07-24 14:30:08.532 [Test worker] DEBUG c.g.d.z.s.o.a.hc.client5.http.wire - http-outgoing-6 << "[\r][\n]"
2024-07-24 14:30:08.532 [Test worker] DEBUG c.g.d.z.s.o.a.h.c.h.i.c.InternalHttpClient - ep-0000003C: releasing valid endpoint
2024-07-24 14:30:08.533 [Test worker] DEBUG c.g.d.z.s.o.a.h.c.h.i.i.PoolingHttpClientConnectionManager - ep-0000003C: releasing endpoint
2024-07-24 14:30:08.533 [Test worker] DEBUG c.g.d.z.s.o.a.h.c.h.i.i.PoolingHttpClientConnectionManager - ep-0000003C: connection http-outgoing-6 can be kept alive for 3 MINUTES
2024-07-24 14:30:08.533 [Test worker] DEBUG c.g.d.z.s.o.a.h.c.h.i.i.PoolingHttpClientConnectionManager - ep-0000003C: connection released [route: {}->npipe://localhost:2375][total available: 1; route allocated: 1 of 2147483647; total allocated: 1 of 2147483647]
2024-07-24 14:30:08.533 [Test worker] TRACE o.t.utility.ResourceReaper - Stopping container: 65ebb6d1f7d8f13308a5b203756fa2b813c8606471ea76d80d4dc1676c2a65a0
2024-07-24 14:30:08.533 [Test worker] DEBUG o.t.s.c.g.d.c.command.AbstrDockerCmd - Cmd: 65ebb6d1f7d8f13308a5b203756fa2b813c8606471ea76d80d4dc1676c2a65a0,<null>
2024-07-24 14:30:08.533 [Test worker] TRACE o.t.s.c.g.d.c.e.KillContainerCmdExec - POST: DefaultWebTarget{path=[/containers/65ebb6d1f7d8f13308a5b203756fa2b813c8606471ea76d80d4dc1676c2a65a0/kill], queryParams={}}
2024-07-24 14:30:08.534 [Test worker] DEBUG c.g.d.z.s.o.a.h.c.h.i.c.InternalHttpClient - ex-0000003E: preparing request execution
2024-07-24 14:30:08.534 [Test worker] DEBUG c.g.d.z.s.o.a.h.c.h.p.RequestAddCookies - Cookie spec selected: strict
2024-07-24 14:30:08.534 [Test worker] DEBUG c.g.d.z.s.o.a.h.c.h.p.RequestAuthCache - Auth cache not set in the context
2024-07-24 14:30:08.534 [Test worker] DEBUG c.g.d.z.s.o.a.h.c.h.i.c.ProtocolExec - ex-0000003E: target auth state: UNCHALLENGED
2024-07-24 14:30:08.534 [Test worker] DEBUG c.g.d.z.s.o.a.h.c.h.i.c.ProtocolExec - ex-0000003E: proxy auth state: UNCHALLENGED
2024-07-24 14:30:08.534 [Test worker] DEBUG c.g.d.z.s.o.a.h.c.h.i.c.ConnectExec - ex-0000003E: acquiring connection with route {}->npipe://localhost:2375
2024-07-24 14:30:08.534 [Test worker] DEBUG c.g.d.z.s.o.a.h.c.h.i.c.InternalHttpClient - ex-0000003E: acquiring endpoint (3 MINUTES)
2024-07-24 14:30:08.534 [Test worker] DEBUG c.g.d.z.s.o.a.h.c.h.i.i.PoolingHttpClientConnectionManager - ex-0000003E: endpoint lease request (3 MINUTES) [route: {}->npipe://localhost:2375][total available: 1; route allocated: 1 of 2147483647; total allocated: 1 of 2147483647]
2024-07-24 14:30:08.534 [Test worker] DEBUG c.g.d.z.s.o.a.h.c.h.i.i.PoolingHttpClientConnectionManager - ex-0000003E: endpoint leased [route: {}->npipe://localhost:2375][total available: 0; route allocated: 1 of 2147483647; total allocated: 1 of 2147483647]
2024-07-24 14:30:08.534 [Test worker] DEBUG c.g.d.z.s.o.a.h.c.h.i.i.PoolingHttpClientConnectionManager - ex-0000003E: acquired ep-0000003D
2024-07-24 14:30:08.534 [Test worker] DEBUG c.g.d.z.s.o.a.h.c.h.i.c.InternalHttpClient - ex-0000003E: acquired endpoint ep-0000003D
2024-07-24 14:30:08.534 [Test worker] DEBUG c.g.d.z.s.o.a.h.c.h.i.c.MainClientExec - ex-0000003E: executing POST /v1.32/containers/65ebb6d1f7d8f13308a5b203756fa2b813c8606471ea76d80d4dc1676c2a65a0/kill HTTP/1.1
2024-07-24 14:30:08.534 [Test worker] DEBUG c.g.d.z.s.o.a.h.c.h.i.c.InternalHttpClient - ep-0000003D: start execution ex-0000003E
2024-07-24 14:30:08.534 [Test worker] DEBUG c.g.d.z.s.o.a.h.c.h.i.i.PoolingHttpClientConnectionManager - ep-0000003D: executing exchange ex-0000003E over http-outgoing-6
2024-07-24 14:30:08.534 [Test worker] DEBUG c.g.d.z.s.o.a.h.client5.http.headers - http-outgoing-6 >> POST /v1.32/containers/65ebb6d1f7d8f13308a5b203756fa2b813c8606471ea76d80d4dc1676c2a65a0/kill HTTP/1.1
2024-07-24 14:30:08.534 [Test worker] DEBUG c.g.d.z.s.o.a.h.client5.http.headers - http-outgoing-6 >> accept: application/json
2024-07-24 14:30:08.534 [Test worker] DEBUG c.g.d.z.s.o.a.h.client5.http.headers - http-outgoing-6 >> content-type: application/json
2024-07-24 14:30:08.534 [Test worker] DEBUG c.g.d.z.s.o.a.h.client5.http.headers - http-outgoing-6 >> x-tc-sid: 280e6229-7396-4d60-b1e3-a5de48b5d49b
2024-07-24 14:30:08.534 [Test worker] DEBUG c.g.d.z.s.o.a.h.client5.http.headers - http-outgoing-6 >> User-Agent: tc-java/1.19.8
2024-07-24 14:30:08.534 [Test worker] DEBUG c.g.d.z.s.o.a.h.client5.http.headers - http-outgoing-6 >> Accept-Encoding: gzip, x-gzip, deflate
2024-07-24 14:30:08.534 [Test worker] DEBUG c.g.d.z.s.o.a.h.client5.http.headers - http-outgoing-6 >> Host: localhost:2375
2024-07-24 14:30:08.534 [Test worker] DEBUG c.g.d.z.s.o.a.h.client5.http.headers - http-outgoing-6 >> Connection: keep-alive
2024-07-24 14:30:08.534 [Test worker] DEBUG c.g.d.z.s.o.a.hc.client5.http.wire - http-outgoing-6 >> "POST /v1.32/containers/65ebb6d1f7d8f13308a5b203756fa2b813c8606471ea76d80d4dc1676c2a65a0/kill HTTP/1.1[\r][\n]"
2024-07-24 14:30:08.534 [Test worker] DEBUG c.g.d.z.s.o.a.hc.client5.http.wire - http-outgoing-6 >> "accept: application/json[\r][\n]"
2024-07-24 14:30:08.534 [Test worker] DEBUG c.g.d.z.s.o.a.hc.client5.http.wire - http-outgoing-6 >> "content-type: application/json[\r][\n]"
2024-07-24 14:30:08.534 [Test worker] DEBUG c.g.d.z.s.o.a.hc.client5.http.wire - http-outgoing-6 >> "x-tc-sid: 280e6229-7396-4d60-b1e3-a5de48b5d49b[\r][\n]"
2024-07-24 14:30:08.534 [Test worker] DEBUG c.g.d.z.s.o.a.hc.client5.http.wire - http-outgoing-6 >> "User-Agent: tc-java/1.19.8[\r][\n]"
2024-07-24 14:30:08.534 [Test worker] DEBUG c.g.d.z.s.o.a.hc.client5.http.wire - http-outgoing-6 >> "Accept-Encoding: gzip, x-gzip, deflate[\r][\n]"
2024-07-24 14:30:08.534 [Test worker] DEBUG c.g.d.z.s.o.a.hc.client5.http.wire - http-outgoing-6 >> "Host: localhost:2375[\r][\n]"
2024-07-24 14:30:08.534 [Test worker] DEBUG c.g.d.z.s.o.a.hc.client5.http.wire - http-outgoing-6 >> "Connection: keep-alive[\r][\n]"
2024-07-24 14:30:08.534 [Test worker] DEBUG c.g.d.z.s.o.a.hc.client5.http.wire - http-outgoing-6 >> "[\r][\n]"
2024-07-24 14:30:09.035 [Test worker] DEBUG c.g.d.z.s.o.a.hc.client5.http.wire - http-outgoing-6 << "HTTP/1.1 204 No Content[\r][\n]"
2024-07-24 14:30:09.035 [Test worker] DEBUG c.g.d.z.s.o.a.hc.client5.http.wire - http-outgoing-6 << "Api-Version: 1.45[\r][\n]"
2024-07-24 14:30:09.035 [Test worker] DEBUG c.g.d.z.s.o.a.hc.client5.http.wire - http-outgoing-6 << "Date: Wed, 24 Jul 2024 02:30:09 GMT[\r][\n]"
2024-07-24 14:30:09.035 [Test worker] DEBUG c.g.d.z.s.o.a.hc.client5.http.wire - http-outgoing-6 << "Docker-Experimental: false[\r][\n]"
2024-07-24 14:30:09.035 [Test worker] DEBUG c.g.d.z.s.o.a.hc.client5.http.wire - http-outgoing-6 << "Ostype: linux[\r][\n]"
2024-07-24 14:30:09.035 [Test worker] DEBUG c.g.d.z.s.o.a.hc.client5.http.wire - http-outgoing-6 << "Server: Docker/26.0.0 (linux)[\r][\n]"
2024-07-24 14:30:09.035 [Test worker] DEBUG c.g.d.z.s.o.a.hc.client5.http.wire - http-outgoing-6 << "[\r][\n]"
2024-07-24 14:30:09.035 [Test worker] DEBUG c.g.d.z.s.o.a.h.client5.http.headers - http-outgoing-6 << HTTP/1.1 204 No Content
2024-07-24 14:30:09.035 [Test worker] DEBUG c.g.d.z.s.o.a.h.client5.http.headers - http-outgoing-6 << Api-Version: 1.45
2024-07-24 14:30:09.035 [Test worker] DEBUG c.g.d.z.s.o.a.h.client5.http.headers - http-outgoing-6 << Date: Wed, 24 Jul 2024 02:30:09 GMT
2024-07-24 14:30:09.035 [Test worker] DEBUG c.g.d.z.s.o.a.h.client5.http.headers - http-outgoing-6 << Docker-Experimental: false
2024-07-24 14:30:09.035 [Test worker] DEBUG c.g.d.z.s.o.a.h.client5.http.headers - http-outgoing-6 << Ostype: linux
2024-07-24 14:30:09.035 [Test worker] DEBUG c.g.d.z.s.o.a.h.client5.http.headers - http-outgoing-6 << Server: Docker/26.0.0 (linux)
2024-07-24 14:30:09.035 [Test worker] DEBUG c.g.d.z.s.o.a.h.c.h.i.c.MainClientExec - ex-0000003E: connection can be kept alive for 3 MINUTES
2024-07-24 14:30:09.035 [Test worker] DEBUG c.g.d.z.s.o.a.h.c.h.i.c.InternalHttpClient - ep-0000003D: releasing valid endpoint
2024-07-24 14:30:09.035 [Test worker] DEBUG c.g.d.z.s.o.a.h.c.h.i.i.PoolingHttpClientConnectionManager - ep-0000003D: releasing endpoint
2024-07-24 14:30:09.035 [Test worker] DEBUG c.g.d.z.s.o.a.h.c.h.i.i.PoolingHttpClientConnectionManager - ep-0000003D: connection http-outgoing-6 can be kept alive for 3 MINUTES
2024-07-24 14:30:09.035 [Test worker] DEBUG c.g.d.z.s.o.a.h.c.h.i.i.PoolingHttpClientConnectionManager - ep-0000003D: connection released [route: {}->npipe://localhost:2375][total available: 1; route allocated: 1 of 2147483647; total allocated: 1 of 2147483647]
2024-07-24 14:30:09.035 [Test worker] TRACE o.t.utility.ResourceReaper - Stopped container: postgres:latest
2024-07-24 14:30:09.035 [Test worker] DEBUG o.t.s.c.g.d.c.command.AbstrDockerCmd - Cmd: 65ebb6d1f7d8f13308a5b203756fa2b813c8606471ea76d80d4dc1676c2a65a0,false
2024-07-24 14:30:09.036 [Test worker] DEBUG o.t.s.c.g.d.c.e.InspectContainerCmdExec - GET: DefaultWebTarget{path=[/containers/65ebb6d1f7d8f13308a5b203756fa2b813c8606471ea76d80d4dc1676c2a65a0/json], queryParams={}}
2024-07-24 14:30:09.036 [Test worker] DEBUG c.g.d.z.s.o.a.h.c.h.i.c.InternalHttpClient - ex-0000003F: preparing request execution
2024-07-24 14:30:09.036 [Test worker] DEBUG c.g.d.z.s.o.a.h.c.h.p.RequestAddCookies - Cookie spec selected: strict
2024-07-24 14:30:09.036 [Test worker] DEBUG c.g.d.z.s.o.a.h.c.h.p.RequestAuthCache - Auth cache not set in the context
2024-07-24 14:30:09.036 [Test worker] DEBUG c.g.d.z.s.o.a.h.c.h.i.c.ProtocolExec - ex-0000003F: target auth state: UNCHALLENGED
2024-07-24 14:30:09.036 [Test worker] DEBUG c.g.d.z.s.o.a.h.c.h.i.c.ProtocolExec - ex-0000003F: proxy auth state: UNCHALLENGED
2024-07-24 14:30:09.036 [Test worker] DEBUG c.g.d.z.s.o.a.h.c.h.i.c.ConnectExec - ex-0000003F: acquiring connection with route {}->npipe://localhost:2375
2024-07-24 14:30:09.036 [Test worker] DEBUG c.g.d.z.s.o.a.h.c.h.i.c.InternalHttpClient - ex-0000003F: acquiring endpoint (3 MINUTES)
2024-07-24 14:30:09.036 [Test worker] DEBUG c.g.d.z.s.o.a.h.c.h.i.i.PoolingHttpClientConnectionManager - ex-0000003F: endpoint lease request (3 MINUTES) [route: {}->npipe://localhost:2375][total available: 1; route allocated: 1 of 2147483647; total allocated: 1 of 2147483647]
2024-07-24 14:30:09.037 [Test worker] DEBUG c.g.d.z.s.o.a.h.c.h.i.i.PoolingHttpClientConnectionManager - ex-0000003F: endpoint leased [route: {}->npipe://localhost:2375][total available: 0; route allocated: 1 of 2147483647; total allocated: 1 of 2147483647]
2024-07-24 14:30:09.037 [Test worker] DEBUG c.g.d.z.s.o.a.h.c.h.i.i.PoolingHttpClientConnectionManager - ex-0000003F: acquired ep-0000003E
2024-07-24 14:30:09.037 [Test worker] DEBUG c.g.d.z.s.o.a.h.c.h.i.c.InternalHttpClient - ex-0000003F: acquired endpoint ep-0000003E
2024-07-24 14:30:09.037 [Test worker] DEBUG c.g.d.z.s.o.a.h.c.h.i.c.MainClientExec - ex-0000003F: executing GET /v1.32/containers/65ebb6d1f7d8f13308a5b203756fa2b813c8606471ea76d80d4dc1676c2a65a0/json HTTP/1.1
2024-07-24 14:30:09.037 [Test worker] DEBUG c.g.d.z.s.o.a.h.c.h.i.c.InternalHttpClient - ep-0000003E: start execution ex-0000003F
2024-07-24 14:30:09.037 [Test worker] DEBUG c.g.d.z.s.o.a.h.c.h.i.i.PoolingHttpClientConnectionManager - ep-0000003E: executing exchange ex-0000003F over http-outgoing-6
2024-07-24 14:30:09.037 [Test worker] DEBUG c.g.d.z.s.o.a.h.client5.http.headers - http-outgoing-6 >> GET /v1.32/containers/65ebb6d1f7d8f13308a5b203756fa2b813c8606471ea76d80d4dc1676c2a65a0/json HTTP/1.1
2024-07-24 14:30:09.037 [Test worker] DEBUG c.g.d.z.s.o.a.h.client5.http.headers - http-outgoing-6 >> accept: application/json
2024-07-24 14:30:09.037 [Test worker] DEBUG c.g.d.z.s.o.a.h.client5.http.headers - http-outgoing-6 >> x-tc-sid: 280e6229-7396-4d60-b1e3-a5de48b5d49b
2024-07-24 14:30:09.037 [Test worker] DEBUG c.g.d.z.s.o.a.h.client5.http.headers - http-outgoing-6 >> User-Agent: tc-java/1.19.8
2024-07-24 14:30:09.037 [Test worker] DEBUG c.g.d.z.s.o.a.h.client5.http.headers - http-outgoing-6 >> Accept-Encoding: gzip, x-gzip, deflate
2024-07-24 14:30:09.037 [Test worker] DEBUG c.g.d.z.s.o.a.h.client5.http.headers - http-outgoing-6 >> Host: localhost:2375
2024-07-24 14:30:09.037 [Test worker] DEBUG c.g.d.z.s.o.a.h.client5.http.headers - http-outgoing-6 >> Connection: keep-alive
2024-07-24 14:30:09.037 [Test worker] DEBUG c.g.d.z.s.o.a.hc.client5.http.wire - http-outgoing-6 >> "GET /v1.32/containers/65ebb6d1f7d8f13308a5b203756fa2b813c8606471ea76d80d4dc1676c2a65a0/json HTTP/1.1[\r][\n]"
2024-07-24 14:30:09.037 [Test worker] DEBUG c.g.d.z.s.o.a.hc.client5.http.wire - http-outgoing-6 >> "accept: application/json[\r][\n]"
2024-07-24 14:30:09.037 [Test worker] DEBUG c.g.d.z.s.o.a.hc.client5.http.wire - http-outgoing-6 >> "x-tc-sid: 280e6229-7396-4d60-b1e3-a5de48b5d49b[\r][\n]"
2024-07-24 14:30:09.037 [Test worker] DEBUG c.g.d.z.s.o.a.hc.client5.http.wire - http-outgoing-6 >> "User-Agent: tc-java/1.19.8[\r][\n]"
2024-07-24 14:30:09.037 [Test worker] DEBUG c.g.d.z.s.o.a.hc.client5.http.wire - http-outgoing-6 >> "Accept-Encoding: gzip, x-gzip, deflate[\r][\n]"
2024-07-24 14:30:09.037 [Test worker] DEBUG c.g.d.z.s.o.a.hc.client5.http.wire - http-outgoing-6 >> "Host: localhost:2375[\r][\n]"
2024-07-24 14:30:09.037 [Test worker] DEBUG c.g.d.z.s.o.a.hc.client5.http.wire - http-outgoing-6 >> "Connection: keep-alive[\r][\n]"
2024-07-24 14:30:09.037 [Test worker] DEBUG c.g.d.z.s.o.a.hc.client5.http.wire - http-outgoing-6 >> "[\r][\n]"
2024-07-24 14:30:09.053 [Test worker] DEBUG c.g.d.z.s.o.a.hc.client5.http.wire - http-outgoing-6 << "HTTP/1.1 200 OK[\r][\n]"
2024-07-24 14:30:09.053 [Test worker] DEBUG c.g.d.z.s.o.a.hc.client5.http.wire - http-outgoing-6 << "Api-Version: 1.45[\r][\n]"
2024-07-24 14:30:09.053 [Test worker] DEBUG c.g.d.z.s.o.a.hc.client5.http.wire - http-outgoing-6 << "Content-Type: application/json[\r][\n]"
2024-07-24 14:30:09.053 [Test worker] DEBUG c.g.d.z.s.o.a.hc.client5.http.wire - http-outgoing-6 << "Date: Wed, 24 Jul 2024 02:30:09 GMT[\r][\n]"
2024-07-24 14:30:09.053 [Test worker] DEBUG c.g.d.z.s.o.a.hc.client5.http.wire - http-outgoing-6 << "Docker-Experimental: false[\r][\n]"
2024-07-24 14:30:09.053 [Test worker] DEBUG c.g.d.z.s.o.a.hc.client5.http.wire - http-outgoing-6 << "Ostype: linux[\r][\n]"
2024-07-24 14:30:09.053 [Test worker] DEBUG c.g.d.z.s.o.a.hc.client5.http.wire - http-outgoing-6 << "Server: Docker/26.0.0 (linux)[\r][\n]"
2024-07-24 14:30:09.053 [Test worker] DEBUG c.g.d.z.s.o.a.hc.client5.http.wire - http-outgoing-6 << "Transfer-Encoding: chunked[\r][\n]"
2024-07-24 14:30:09.053 [Test worker] DEBUG c.g.d.z.s.o.a.hc.client5.http.wire - http-outgoing-6 << "[\r][\n]"
2024-07-24 14:30:09.053 [Test worker] DEBUG c.g.d.z.s.o.a.h.client5.http.headers - http-outgoing-6 << HTTP/1.1 200 OK
2024-07-24 14:30:09.053 [Test worker] DEBUG c.g.d.z.s.o.a.h.client5.http.headers - http-outgoing-6 << Api-Version: 1.45
2024-07-24 14:30:09.053 [Test worker] DEBUG c.g.d.z.s.o.a.h.client5.http.headers - http-outgoing-6 << Content-Type: application/json
2024-07-24 14:30:09.053 [Test worker] DEBUG c.g.d.z.s.o.a.h.client5.http.headers - http-outgoing-6 << Date: Wed, 24 Jul 2024 02:30:09 GMT
2024-07-24 14:30:09.053 [Test worker] DEBUG c.g.d.z.s.o.a.h.client5.http.headers - http-outgoing-6 << Docker-Experimental: false
2024-07-24 14:30:09.053 [Test worker] DEBUG c.g.d.z.s.o.a.h.client5.http.headers - http-outgoing-6 << Ostype: linux
2024-07-24 14:30:09.053 [Test worker] DEBUG c.g.d.z.s.o.a.h.client5.http.headers - http-outgoing-6 << Server: Docker/26.0.0 (linux)
2024-07-24 14:30:09.053 [Test worker] DEBUG c.g.d.z.s.o.a.h.client5.http.headers - http-outgoing-6 << Transfer-Encoding: chunked
2024-07-24 14:30:09.053 [Test worker] DEBUG c.g.d.z.s.o.a.h.c.h.i.c.MainClientExec - ex-0000003F: connection can be kept alive for 3 MINUTES
2024-07-24 14:30:09.055 [Test worker] DEBUG c.g.d.z.s.o.a.hc.client5.http.wire - http-outgoing-6 << "1943[\r][\n]"
2024-07-24 14:30:09.055 [Test worker] DEBUG c.g.d.z.s.o.a.hc.client5.http.wire - http-outgoing-6 << "{"Id":"65ebb6d1f7d8f13308a5b203756fa2b813c8606471ea76d80d4dc1676c2a65a0","Created":"2024-07-24T02:30:06.612700114Z","Path":"docker-entrypoint.sh","Args":["postgres","-c","fsync=off"],"State":{"Status":"exited","Running":false,"Paused":false,"Restarting":false,"OOMKilled":false,"Dead":false,"Pid":0,"ExitCode":137,"Error":"","StartedAt":"2024-07-24T02:30:07.062865795Z","FinishedAt":"2024-07-24T02:30:08.580982739Z"},"Image":"sha256:8e4fc9e184899a58735e7ee333f5e272d7d2298cf59302006b71f33e217be130","ResolvConfPath":"/var/lib/docker/containers/65ebb6d1f7d8f13308a5b203756fa2b813c8606471ea76d80d4dc1676c2a65a0/resolv.conf","HostnamePath":"/var/lib/docker/containers/65ebb6d1f7d8f13308a5b203756fa2b813c8606471ea76d80d4dc1676c2a65a0/hostname","HostsPath":"/var/lib/docker/containers/65ebb6d1f7d8f13308a5b203756fa2b813c8606471ea76d80d4dc1676c2a65a0/hosts","LogPath":"/var/lib/docker/containers/65ebb6d1f7d8f13308a5b203756fa2b813c8606471ea76d80d4dc1676c2a65a0/65ebb6d1f7d8f13308a5b203756fa2b813c8606471ea76d80d4dc1676c2a65a0-json.log","Name":"/xenodochial_fermat","RestartCount":0,"Driver":"overlay2","Platform":"linux","MountLabel":"","ProcessLabel":"","AppArmorProfile":"","ExecIDs":null,"HostConfig":{"Binds":[],"ContainerIDFile":"","LogConfig":{"Type":"json-file","Config":{}},"NetworkMode":"default","PortBindings":{"5432/tcp":[{"HostIp":"0.0.0.0","HostPort":"0"}]},"RestartPolicy":{"Name":"no","MaximumRetryCount":0},"AutoRemove":false,"VolumeDriver":"","VolumesFrom":[],"ConsoleSize":[0,0],"CapAdd":null,"CapDrop":null,"CgroupnsMode":"host","Dns":null,"DnsOptions":null,"DnsSearch":null,"ExtraHosts":[],"GroupAdd":null,"IpcMode":"shareable","Cgroup":"","Links":null,"OomScoreAdj":0,"PidMode":"","Privileged":false,"PublishAllPorts":false,"ReadonlyRootfs":false,"SecurityOpt":null,"UTSMode":"","UsernsMode":"","ShmSize":67108864,"Runtime":"runc","Isolation":"","CpuShares":0,"Memory":0,"NanoCpus":0,"CgroupParent":"","BlkioWeight":0,"BlkioWeightDevice":null,"BlkioDeviceReadBps":null,"BlkioDeviceWriteBps":null,"BlkioDeviceReadIOps":null,"BlkioDeviceWriteIOps":null,"CpuPeriod":0,"CpuQuota":0,"CpuRealtimePeriod":0,"CpuRealtimeRuntime":0,"CpusetCpus":"","CpusetMems":"","Devices":null,"DeviceCgroupRules":null,"DeviceRequests":null,"MemoryReservation":0,"MemorySwap":0,"MemorySwappiness":null,"OomKillDisable":false,"PidsLimit":null,"Ulimits":null,"CpuCount":0,"CpuPercent":0,"IOMaximumIOps":0,"IOMaximumBandwidth":0,"MaskedPaths":["/proc/asound","/proc/acpi","/proc/kcore","/proc/keys","/proc/latency_stats","/proc/timer_list","/proc/timer_stats","/proc/sched_debug","/proc/scsi","/sys/firmware","/sys/devices/virtual/powercap"],"ReadonlyPaths":["/proc/bus","/proc/fs","/proc/irq","/proc/sys","/proc/sysrq-trigger"]},"GraphDriver":{"Data":{"LowerDir":"/var/lib/docker/overlay2/fb3824f45e74f09362d73ea5b31c23e27e5f15f328122fcde664699fca182e36-init/diff:/var/lib/docker/overlay2/8f0ddbd386af0785c2e348570516955816ab350305d698d363962d488eeb15ec/diff:/var/lib/docker/overlay2/0eb0ca73e9b0be7c3d7fa8762ef4778a68f38391bc84c037c2e90b88e781b475/diff:/var/lib/docker/overlay2/74e634bddc785c5d436b10a5158cd82e21dc2065fd1cf8ff9c1c12e01575a2d8/diff:/var/lib/docker/overlay2/bb918b2851cd2f508f1e3fdbfff8b7f8b041d61e65fe8c368288bf399e80b818/diff:/var/lib/docker/overlay2/2abab2946cbdc2941ee8ec4024c51dac7313dee9de5fbedd1ca33388c59eb3c8/diff:/var/lib/docker/overlay2/e12f6083ee669bd92743ceb339a896bb25dbe461b718705bb39eb410b80c0ecd/diff:/var/lib/docker/overlay2/ced1e86d670d097da5ed4da7288c22507735918959161c2cd8bf083fb30d169a/diff:/var/lib/docker/overlay2/94e9ac7b74923285ae73af20aeccb964ca9079e2305db367cb85d1603560472d/diff:/var/lib/docker/overlay2/a396b6dfd63f0c228c519871183c614cccf4d366a43460f27ecf97113c3c4be8/diff:/var/lib/docker/overlay2/f58ada5d5080c2bac553c734f81127660a90581a35ed2a92cebe3c59e340875b/diff:/var/lib/docker/overlay2/84f85636f37bf55d945e217b4f87a856eba7932284beaf042561007b66f48977/diff:/var/lib/docker/overlay2/1e6e519613884e91a2b74a588ba35dc8a2f789371ab798ef6e7d9836d756042f/diff:/var/lib/docker/overlay2/14a3151cc8b4f9d27d2e64f1a8abc0c7809309580f2d7e8dc8545055c1d56194/diff:/"
2024-07-24 14:30:09.055 [Test worker] DEBUG c.g.d.z.s.o.a.hc.client5.http.wire - http-outgoing-6 << "var/lib/docker/overlay2/5b354b9e793401517fe2f1da697653fdaadffc54888eaf76d67e0600b8c68bdc/diff","MergedDir":"/var/lib/docker/overlay2/fb3824f45e74f09362d73ea5b31c23e27e5f15f328122fcde664699fca182e36/merged","UpperDir":"/var/lib/docker/overlay2/fb3824f45e74f09362d73ea5b31c23e27e5f15f328122fcde664699fca182e36/diff","WorkDir":"/var/lib/docker/overlay2/fb3824f45e74f09362d73ea5b31c23e27e5f15f328122fcde664699fca182e36/work"},"Name":"overlay2"},"Mounts":[{"Type":"volume","Name":"fbb11297e2934a481331b519ff283f45d9c9ec12e09a126c5edc130e9a5d892f","Source":"/var/lib/docker/volumes/fbb11297e2934a481331b519ff283f45d9c9ec12e09a126c5edc130e9a5d892f/_data","Destination":"/var/lib/postgresql/data","Driver":"local","Mode":"","RW":true,"Propagation":""}],"Config":{"Hostname":"65ebb6d1f7d8","Domainname":"","User":"","AttachStdin":false,"AttachStdout":false,"AttachStderr":false,"ExposedPorts":{"5432/tcp":{}},"Tty":false,"OpenStdin":false,"StdinOnce":false,"Env":["POSTGRES_USER=user","POSTGRES_PASSWORD=password","POSTGRES_DB=db","PATH=/usr/local/sbin:/usr/local/bin:/usr/sbin:/usr/bin:/sbin:/bin:/usr/lib/postgresql/16/bin","GOSU_VERSION=1.17","LANG=en_US.utf8","PG_MAJOR=16","PG_VERSION=16.2-1.pgdg120+2","PGDATA=/var/lib/postgresql/data"],"Cmd":["postgres","-c","fsync=off"],"Image":"postgres:latest","Volumes":{"/var/lib/postgresql/data":{}},"WorkingDir":"","Entrypoint":["docker-entrypoint.sh"],"OnBuild":null,"Labels":{"org.testcontainers":"true","org.testcontainers.lang":"java","org.testcontainers.sessionId":"280e6229-7396-4d60-b1e3-a5de48b5d49b","org.testcontainers.version":"1.19.8"},"StopSignal":"SIGINT"},"NetworkSettings":{"Bridge":"","SandboxID":"2c1fa2ea2207747afff59b0627e49aaccdc84021a4a80a6da2372233001d5d88","SandboxKey":"/var/run/docker/netns/2c1fa2ea2207","Ports":{},"HairpinMode":false,"LinkLocalIPv6Address":"","LinkLocalIPv6PrefixLen":0,"SecondaryIPAddresses":null,"SecondaryIPv6Addresses":null,"EndpointID":"","Gateway":"","GlobalIPv6Address":"","GlobalIPv6PrefixLen":0,"IPAddress":"","IPPrefixLen":0,"IPv6Gateway":"","MacAddress":"","Networks":{"bridge":{"IPAMConfig":null,"Links":null,"Aliases":null,"MacAddress":"","NetworkID":"3c842496be344cbdae878c1dee0957e7bc7c0a2236009c92752030f2b053e72f","EndpointID":"","Gateway":"","IPAddress":"","IPPrefixLen":0,"IPv6Gateway":"","GlobalIPv6Address":"","GlobalIPv6PrefixLen":0,"DriverOpts":null,"DNSNames":null}}}}[\n]"
2024-07-24 14:30:09.056 [Test worker] DEBUG c.g.d.z.s.o.a.hc.client5.http.wire - http-outgoing-6 << "[\r][\n]"
2024-07-24 14:30:09.056 [Test worker] DEBUG c.g.d.z.s.o.a.hc.client5.http.wire - http-outgoing-6 << "0[\r][\n]"
2024-07-24 14:30:09.056 [Test worker] DEBUG c.g.d.z.s.o.a.hc.client5.http.wire - http-outgoing-6 << "[\r][\n]"
2024-07-24 14:30:09.056 [Test worker] DEBUG c.g.d.z.s.o.a.h.c.h.i.c.InternalHttpClient - ep-0000003E: releasing valid endpoint
2024-07-24 14:30:09.056 [Test worker] DEBUG c.g.d.z.s.o.a.h.c.h.i.i.PoolingHttpClientConnectionManager - ep-0000003E: releasing endpoint
2024-07-24 14:30:09.056 [Test worker] DEBUG c.g.d.z.s.o.a.h.c.h.i.i.PoolingHttpClientConnectionManager - ep-0000003E: connection http-outgoing-6 can be kept alive for 3 MINUTES
2024-07-24 14:30:09.057 [Test worker] DEBUG c.g.d.z.s.o.a.h.c.h.i.i.PoolingHttpClientConnectionManager - ep-0000003E: connection released [route: {}->npipe://localhost:2375][total available: 1; route allocated: 1 of 2147483647; total allocated: 1 of 2147483647]
2024-07-24 14:30:09.057 [Test worker] TRACE o.t.utility.ResourceReaper - Removing container: 65ebb6d1f7d8f13308a5b203756fa2b813c8606471ea76d80d4dc1676c2a65a0
2024-07-24 14:30:09.057 [Test worker] DEBUG o.t.s.c.g.d.c.command.AbstrDockerCmd - Cmd: 65ebb6d1f7d8f13308a5b203756fa2b813c8606471ea76d80d4dc1676c2a65a0,true,true
2024-07-24 14:30:09.057 [Test worker] TRACE o.t.s.c.g.d.c.e.RemoveContainerCmdExec - DELETE: DefaultWebTarget{path=[/containers/65ebb6d1f7d8f13308a5b203756fa2b813c8606471ea76d80d4dc1676c2a65a0], queryParams={v=[true], force=[true]}}
2024-07-24 14:30:09.058 [Test worker] DEBUG c.g.d.z.s.o.a.h.c.h.i.c.InternalHttpClient - ex-00000040: preparing request execution
2024-07-24 14:30:09.058 [Test worker] DEBUG c.g.d.z.s.o.a.h.c.h.p.RequestAddCookies - Cookie spec selected: strict
2024-07-24 14:30:09.058 [Test worker] DEBUG c.g.d.z.s.o.a.h.c.h.p.RequestAuthCache - Auth cache not set in the context
2024-07-24 14:30:09.058 [Test worker] DEBUG c.g.d.z.s.o.a.h.c.h.i.c.ProtocolExec - ex-00000040: target auth state: UNCHALLENGED
2024-07-24 14:30:09.058 [Test worker] DEBUG c.g.d.z.s.o.a.h.c.h.i.c.ProtocolExec - ex-00000040: proxy auth state: UNCHALLENGED
2024-07-24 14:30:09.058 [Test worker] DEBUG c.g.d.z.s.o.a.h.c.h.i.c.ConnectExec - ex-00000040: acquiring connection with route {}->npipe://localhost:2375
2024-07-24 14:30:09.058 [Test worker] DEBUG c.g.d.z.s.o.a.h.c.h.i.c.InternalHttpClient - ex-00000040: acquiring endpoint (3 MINUTES)
2024-07-24 14:30:09.058 [Test worker] DEBUG c.g.d.z.s.o.a.h.c.h.i.i.PoolingHttpClientConnectionManager - ex-00000040: endpoint lease request (3 MINUTES) [route: {}->npipe://localhost:2375][total available: 1; route allocated: 1 of 2147483647; total allocated: 1 of 2147483647]
2024-07-24 14:30:09.058 [Test worker] DEBUG c.g.d.z.s.o.a.h.c.h.i.i.PoolingHttpClientConnectionManager - ex-00000040: endpoint leased [route: {}->npipe://localhost:2375][total available: 0; route allocated: 1 of 2147483647; total allocated: 1 of 2147483647]
2024-07-24 14:30:09.059 [Test worker] DEBUG c.g.d.z.s.o.a.h.c.h.i.i.PoolingHttpClientConnectionManager - ex-00000040: acquired ep-0000003F
2024-07-24 14:30:09.059 [Test worker] DEBUG c.g.d.z.s.o.a.h.c.h.i.c.InternalHttpClient - ex-00000040: acquired endpoint ep-0000003F
2024-07-24 14:30:09.059 [Test worker] DEBUG c.g.d.z.s.o.a.h.c.h.i.c.MainClientExec - ex-00000040: executing DELETE /v1.32/containers/65ebb6d1f7d8f13308a5b203756fa2b813c8606471ea76d80d4dc1676c2a65a0?v=true&force=true HTTP/1.1
2024-07-24 14:30:09.059 [Test worker] DEBUG c.g.d.z.s.o.a.h.c.h.i.c.InternalHttpClient - ep-0000003F: start execution ex-00000040
2024-07-24 14:30:09.059 [Test worker] DEBUG c.g.d.z.s.o.a.h.c.h.i.i.PoolingHttpClientConnectionManager - ep-0000003F: executing exchange ex-00000040 over http-outgoing-6
2024-07-24 14:30:09.059 [Test worker] DEBUG c.g.d.z.s.o.a.h.client5.http.headers - http-outgoing-6 >> DELETE /v1.32/containers/65ebb6d1f7d8f13308a5b203756fa2b813c8606471ea76d80d4dc1676c2a65a0?v=true&force=true HTTP/1.1
2024-07-24 14:30:09.059 [Test worker] DEBUG c.g.d.z.s.o.a.h.client5.http.headers - http-outgoing-6 >> accept: application/json
2024-07-24 14:30:09.059 [Test worker] DEBUG c.g.d.z.s.o.a.h.client5.http.headers - http-outgoing-6 >> x-tc-sid: 280e6229-7396-4d60-b1e3-a5de48b5d49b
2024-07-24 14:30:09.059 [Test worker] DEBUG c.g.d.z.s.o.a.h.client5.http.headers - http-outgoing-6 >> User-Agent: tc-java/1.19.8
2024-07-24 14:30:09.059 [Test worker] DEBUG c.g.d.z.s.o.a.h.client5.http.headers - http-outgoing-6 >> Accept-Encoding: gzip, x-gzip, deflate
2024-07-24 14:30:09.059 [Test worker] DEBUG c.g.d.z.s.o.a.h.client5.http.headers - http-outgoing-6 >> Host: localhost:2375
2024-07-24 14:30:09.059 [Test worker] DEBUG c.g.d.z.s.o.a.h.client5.http.headers - http-outgoing-6 >> Connection: keep-alive
2024-07-24 14:30:09.059 [Test worker] DEBUG c.g.d.z.s.o.a.hc.client5.http.wire - http-outgoing-6 >> "DELETE /v1.32/containers/65ebb6d1f7d8f13308a5b203756fa2b813c8606471ea76d80d4dc1676c2a65a0?v=true&force=true HTTP/1.1[\r][\n]"
2024-07-24 14:30:09.059 [Test worker] DEBUG c.g.d.z.s.o.a.hc.client5.http.wire - http-outgoing-6 >> "accept: application/json[\r][\n]"
2024-07-24 14:30:09.059 [Test worker] DEBUG c.g.d.z.s.o.a.hc.client5.http.wire - http-outgoing-6 >> "x-tc-sid: 280e6229-7396-4d60-b1e3-a5de48b5d49b[\r][\n]"
2024-07-24 14:30:09.059 [Test worker] DEBUG c.g.d.z.s.o.a.hc.client5.http.wire - http-outgoing-6 >> "User-Agent: tc-java/1.19.8[\r][\n]"
2024-07-24 14:30:09.059 [Test worker] DEBUG c.g.d.z.s.o.a.hc.client5.http.wire - http-outgoing-6 >> "Accept-Encoding: gzip, x-gzip, deflate[\r][\n]"
2024-07-24 14:30:09.059 [Test worker] DEBUG c.g.d.z.s.o.a.hc.client5.http.wire - http-outgoing-6 >> "Host: localhost:2375[\r][\n]"
2024-07-24 14:30:09.059 [Test worker] DEBUG c.g.d.z.s.o.a.hc.client5.http.wire - http-outgoing-6 >> "Connection: keep-alive[\r][\n]"
2024-07-24 14:30:09.059 [Test worker] DEBUG c.g.d.z.s.o.a.hc.client5.http.wire - http-outgoing-6 >> "[\r][\n]"
2024-07-24 14:30:09.151 [Test worker] DEBUG c.g.d.z.s.o.a.hc.client5.http.wire - http-outgoing-6 << "HTTP/1.1 204 No Content[\r][\n]"
2024-07-24 14:30:09.151 [Test worker] DEBUG c.g.d.z.s.o.a.hc.client5.http.wire - http-outgoing-6 << "Api-Version: 1.45[\r][\n]"
2024-07-24 14:30:09.151 [Test worker] DEBUG c.g.d.z.s.o.a.hc.client5.http.wire - http-outgoing-6 << "Date: Wed, 24 Jul 2024 02:30:09 GMT[\r][\n]"
2024-07-24 14:30:09.151 [Test worker] DEBUG c.g.d.z.s.o.a.hc.client5.http.wire - http-outgoing-6 << "Docker-Experimental: false[\r][\n]"
2024-07-24 14:30:09.151 [Test worker] DEBUG c.g.d.z.s.o.a.hc.client5.http.wire - http-outgoing-6 << "Ostype: linux[\r][\n]"
2024-07-24 14:30:09.151 [Test worker] DEBUG c.g.d.z.s.o.a.hc.client5.http.wire - http-outgoing-6 << "Server: Docker/26.0.0 (linux)[\r][\n]"
2024-07-24 14:30:09.151 [Test worker] DEBUG c.g.d.z.s.o.a.hc.client5.http.wire - http-outgoing-6 << "[\r][\n]"
2024-07-24 14:30:09.152 [Test worker] DEBUG c.g.d.z.s.o.a.h.client5.http.headers - http-outgoing-6 << HTTP/1.1 204 No Content
2024-07-24 14:30:09.152 [Test worker] DEBUG c.g.d.z.s.o.a.h.client5.http.headers - http-outgoing-6 << Api-Version: 1.45
2024-07-24 14:30:09.152 [Test worker] DEBUG c.g.d.z.s.o.a.h.client5.http.headers - http-outgoing-6 << Date: Wed, 24 Jul 2024 02:30:09 GMT
2024-07-24 14:30:09.152 [Test worker] DEBUG c.g.d.z.s.o.a.h.client5.http.headers - http-outgoing-6 << Docker-Experimental: false
2024-07-24 14:30:09.152 [Test worker] DEBUG c.g.d.z.s.o.a.h.client5.http.headers - http-outgoing-6 << Ostype: linux
2024-07-24 14:30:09.152 [Test worker] DEBUG c.g.d.z.s.o.a.h.client5.http.headers - http-outgoing-6 << Server: Docker/26.0.0 (linux)
2024-07-24 14:30:09.152 [Test worker] DEBUG c.g.d.z.s.o.a.h.c.h.i.c.MainClientExec - ex-00000040: connection can be kept alive for 3 MINUTES
2024-07-24 14:30:09.152 [Test worker] DEBUG c.g.d.z.s.o.a.h.c.h.i.c.InternalHttpClient - ep-0000003F: releasing valid endpoint
2024-07-24 14:30:09.152 [Test worker] DEBUG c.g.d.z.s.o.a.h.c.h.i.i.PoolingHttpClientConnectionManager - ep-0000003F: releasing endpoint
2024-07-24 14:30:09.152 [Test worker] DEBUG c.g.d.z.s.o.a.h.c.h.i.i.PoolingHttpClientConnectionManager - ep-0000003F: connection http-outgoing-6 can be kept alive for 3 MINUTES
2024-07-24 14:30:09.152 [Test worker] DEBUG c.g.d.z.s.o.a.h.c.h.i.i.PoolingHttpClientConnectionManager - ep-0000003F: connection released [route: {}->npipe://localhost:2375][total available: 1; route allocated: 1 of 2147483647; total allocated: 1 of 2147483647]
2024-07-24 14:30:09.152 [Test worker] DEBUG o.t.utility.ResourceReaper - Removed container and associated volume(s): postgres:latest
2024-07-24 14:30:09.153 [Test worker] DEBUG o.t.u.PrefixingImageNameSubstitutor - No prefix is configured
2024-07-24 14:30:09.153 [Test worker] DEBUG o.t.utility.ImageNameSubstitutor - Did not find a substitute image for postgres:latest (using image substitutor: DefaultImageNameSubstitutor (composite of 'ConfigurationFileImageNameSubstitutor' and 'PrefixingImageNameSubstitutor'))
2024-07-24 14:30:09.153 [Test worker] TRACE tc.postgres:latest - postgres:latest is already in image name cache
2024-07-24 14:30:09.153 [Test worker] DEBUG o.t.images.AbstractImagePullPolicy - Using locally available and not pulling image: postgres:latest
2024-07-24 14:30:09.153 [Test worker] DEBUG tc.postgres:latest - Starting container: postgres:latest
2024-07-24 14:30:09.153 [Test worker] DEBUG tc.postgres:latest - Trying to start container: postgres:latest (attempt 1/1)
2024-07-24 14:30:09.153 [Test worker] DEBUG tc.postgres:latest - Starting container: postgres:latest
2024-07-24 14:30:09.153 [Test worker] INFO  tc.postgres:latest - Creating container for image: postgres:latest
2024-07-24 14:30:09.153 [Test worker] DEBUG o.t.utility.RegistryAuthLocator - Looking up auth config for image: postgres:latest at registry: https://index.docker.io/v1/
2024-07-24 14:30:09.153 [Test worker] DEBUG o.t.utility.RegistryAuthLocator - No matching Auth Configs - falling back to defaultAuthConfig [null]
2024-07-24 14:30:09.153 [Test worker] DEBUG o.t.d.AuthDelegatingDockerClientConfig - Effective auth config [null]
2024-07-24 14:30:09.154 [Test worker] DEBUG o.t.s.c.g.d.c.command.AbstrDockerCmd - Cmd: org.testcontainers.shaded.com.github.dockerjava.core.command.CreateContainerCmdImpl@196624bf[aliases=<null>,argsEscaped=<null>,attachStderr=<null>,attachStdin=<null>,attachStdout=<null>,authConfig=<null>,cmd={postgres,-c,fsync=off},domainName=<null>,entrypoint=<null>,env={POSTGRES_USER=user,POSTGRES_PASSWORD=password,POSTGRES_DB=db},exposedPorts=ExposedPorts(exposedPorts=[5432/tcp]),healthcheck=<null>,hostConfig=HostConfig(binds=[], blkioWeight=null, blkioWeightDevice=null, blkioDeviceReadBps=null, blkioDeviceWriteBps=null, blkioDeviceReadIOps=null, blkioDeviceWriteIOps=null, memorySwappiness=null, nanoCPUs=null, capAdd=null, capDrop=null, containerIDFile=null, cpuPeriod=null, cpuRealtimePeriod=null, cpuRealtimeRuntime=null, cpuShares=null, cpuQuota=null, cpusetCpus=null, cpusetMems=null, devices=null, deviceCgroupRules=null, deviceRequests=null, diskQuota=null, dns=null, dnsOptions=null, dnsSearch=null, extraHosts=[], groupAdd=null, ipcMode=null, cgroup=null, links=[], logConfig=LogConfig(type=null, config=null), lxcConf=null, memory=null, memorySwap=null, memoryReservation=null, kernelMemory=null, networkMode=null, oomKillDisable=null, init=null, autoRemove=null, oomScoreAdj=null, portBindings={5432/tcp=[Lcom.github.dockerjava.api.model.Ports$Binding;@160e99e0}, privileged=null, publishAllPorts=null, readonlyRootfs=null, restartPolicy=null, ulimits=null, cpuCount=null, cpuPercent=null, ioMaximumIOps=null, ioMaximumBandwidth=null, volumesFrom=[], mounts=null, pidMode=null, isolation=null, securityOpts=null, storageOpt=null, cgroupParent=null, volumeDriver=null, shmSize=null, pidsLimit=null, runtime=null, tmpFs=null, utSMode=null, usernsMode=null, sysctls=null, consoleSize=null, cgroupnsMode=null),hostName=<null>,image=postgres:latest,ipv4Address=<null>,ipv6Address=<null>,labels={org.testcontainers=true, org.testcontainers.lang=java, org.testcontainers.version=1.19.8, org.testcontainers.sessionId=280e6229-7396-4d60-b1e3-a5de48b5d49b},macAddress=<null>,name=<null>,networkDisabled=<null>,networkingConfig=<null>,onBuild=<null>,platform=<null>,portSpecs=<null>,shell=<null>,stdInOnce=<null>,stdinOpen=<null>,stopSignal=<null>,stopTimeout=<null>,tty=<null>,user=<null>,volumes=Volumes(volumes=[]),workingDir=<null>]
2024-07-24 14:30:09.154 [Test worker] TRACE o.t.s.c.g.d.c.e.CreateContainerCmdExec - POST: DefaultWebTarget{path=[/containers/create], queryParams={}} 
2024-07-24 14:30:09.155 [Test worker] DEBUG c.g.d.z.s.o.a.h.c.h.i.c.InternalHttpClient - ex-00000041: preparing request execution
2024-07-24 14:30:09.155 [Test worker] DEBUG c.g.d.z.s.o.a.h.c.h.p.RequestAddCookies - Cookie spec selected: strict
2024-07-24 14:30:09.155 [Test worker] DEBUG c.g.d.z.s.o.a.h.c.h.p.RequestAuthCache - Auth cache not set in the context
2024-07-24 14:30:09.155 [Test worker] DEBUG c.g.d.z.s.o.a.h.c.h.i.c.ProtocolExec - ex-00000041: target auth state: UNCHALLENGED
2024-07-24 14:30:09.155 [Test worker] DEBUG c.g.d.z.s.o.a.h.c.h.i.c.ProtocolExec - ex-00000041: proxy auth state: UNCHALLENGED
2024-07-24 14:30:09.155 [Test worker] DEBUG c.g.d.z.s.o.a.h.c.h.i.c.ConnectExec - ex-00000041: acquiring connection with route {}->npipe://localhost:2375
2024-07-24 14:30:09.155 [Test worker] DEBUG c.g.d.z.s.o.a.h.c.h.i.c.InternalHttpClient - ex-00000041: acquiring endpoint (3 MINUTES)
2024-07-24 14:30:09.155 [Test worker] DEBUG c.g.d.z.s.o.a.h.c.h.i.i.PoolingHttpClientConnectionManager - ex-00000041: endpoint lease request (3 MINUTES) [route: {}->npipe://localhost:2375][total available: 1; route allocated: 1 of 2147483647; total allocated: 1 of 2147483647]
2024-07-24 14:30:09.156 [Test worker] DEBUG c.g.d.z.s.o.a.h.c.h.i.i.PoolingHttpClientConnectionManager - ex-00000041: endpoint leased [route: {}->npipe://localhost:2375][total available: 0; route allocated: 1 of 2147483647; total allocated: 1 of 2147483647]
2024-07-24 14:30:09.156 [Test worker] DEBUG c.g.d.z.s.o.a.h.c.h.i.i.PoolingHttpClientConnectionManager - ex-00000041: acquired ep-00000040
2024-07-24 14:30:09.156 [Test worker] DEBUG c.g.d.z.s.o.a.h.c.h.i.c.InternalHttpClient - ex-00000041: acquired endpoint ep-00000040
2024-07-24 14:30:09.156 [Test worker] DEBUG c.g.d.z.s.o.a.h.c.h.i.c.MainClientExec - ex-00000041: executing POST /v1.32/containers/create HTTP/1.1
2024-07-24 14:30:09.156 [Test worker] DEBUG c.g.d.z.s.o.a.h.c.h.i.c.InternalHttpClient - ep-00000040: start execution ex-00000041
2024-07-24 14:30:09.156 [Test worker] DEBUG c.g.d.z.s.o.a.h.c.h.i.i.PoolingHttpClientConnectionManager - ep-00000040: executing exchange ex-00000041 over http-outgoing-6
2024-07-24 14:30:09.156 [Test worker] DEBUG c.g.d.z.s.o.a.h.client5.http.headers - http-outgoing-6 >> POST /v1.32/containers/create HTTP/1.1
2024-07-24 14:30:09.156 [Test worker] DEBUG c.g.d.z.s.o.a.h.client5.http.headers - http-outgoing-6 >> accept: application/json
2024-07-24 14:30:09.156 [Test worker] DEBUG c.g.d.z.s.o.a.h.client5.http.headers - http-outgoing-6 >> content-type: application/json
2024-07-24 14:30:09.156 [Test worker] DEBUG c.g.d.z.s.o.a.h.client5.http.headers - http-outgoing-6 >> x-tc-sid: 280e6229-7396-4d60-b1e3-a5de48b5d49b
2024-07-24 14:30:09.156 [Test worker] DEBUG c.g.d.z.s.o.a.h.client5.http.headers - http-outgoing-6 >> User-Agent: tc-java/1.19.8
2024-07-24 14:30:09.156 [Test worker] DEBUG c.g.d.z.s.o.a.h.client5.http.headers - http-outgoing-6 >> Accept-Encoding: gzip, x-gzip, deflate
2024-07-24 14:30:09.156 [Test worker] DEBUG c.g.d.z.s.o.a.h.client5.http.headers - http-outgoing-6 >> Content-Length: 2061
2024-07-24 14:30:09.156 [Test worker] DEBUG c.g.d.z.s.o.a.h.client5.http.headers - http-outgoing-6 >> Host: localhost:2375
2024-07-24 14:30:09.156 [Test worker] DEBUG c.g.d.z.s.o.a.h.client5.http.headers - http-outgoing-6 >> Connection: keep-alive
2024-07-24 14:30:09.156 [Test worker] DEBUG c.g.d.z.s.o.a.hc.client5.http.wire - http-outgoing-6 >> "POST /v1.32/containers/create HTTP/1.1[\r][\n]"
2024-07-24 14:30:09.156 [Test worker] DEBUG c.g.d.z.s.o.a.hc.client5.http.wire - http-outgoing-6 >> "accept: application/json[\r][\n]"
2024-07-24 14:30:09.156 [Test worker] DEBUG c.g.d.z.s.o.a.hc.client5.http.wire - http-outgoing-6 >> "content-type: application/json[\r][\n]"
2024-07-24 14:30:09.156 [Test worker] DEBUG c.g.d.z.s.o.a.hc.client5.http.wire - http-outgoing-6 >> "x-tc-sid: 280e6229-7396-4d60-b1e3-a5de48b5d49b[\r][\n]"
2024-07-24 14:30:09.156 [Test worker] DEBUG c.g.d.z.s.o.a.hc.client5.http.wire - http-outgoing-6 >> "User-Agent: tc-java/1.19.8[\r][\n]"
2024-07-24 14:30:09.156 [Test worker] DEBUG c.g.d.z.s.o.a.hc.client5.http.wire - http-outgoing-6 >> "Accept-Encoding: gzip, x-gzip, deflate[\r][\n]"
2024-07-24 14:30:09.156 [Test worker] DEBUG c.g.d.z.s.o.a.hc.client5.http.wire - http-outgoing-6 >> "Content-Length: 2061[\r][\n]"
2024-07-24 14:30:09.156 [Test worker] DEBUG c.g.d.z.s.o.a.hc.client5.http.wire - http-outgoing-6 >> "Host: localhost:2375[\r][\n]"
2024-07-24 14:30:09.156 [Test worker] DEBUG c.g.d.z.s.o.a.hc.client5.http.wire - http-outgoing-6 >> "Connection: keep-alive[\r][\n]"
2024-07-24 14:30:09.156 [Test worker] DEBUG c.g.d.z.s.o.a.hc.client5.http.wire - http-outgoing-6 >> "[\r][\n]"
2024-07-24 14:30:09.156 [Test worker] DEBUG c.g.d.z.s.o.a.hc.client5.http.wire - http-outgoing-6 >> "{"Hostname":null,"Domainname":null,"User":null,"AttachStdin":null,"AttachStdout":null,"AttachStderr":null,"PortSpecs":null,"Tty":null,"OpenStdin":null,"StdinOnce":null,"Env":["POSTGRES_USER=user","POSTGRES_PASSWORD=password","POSTGRES_DB=db"],"Cmd":["postgres","-c","fsync=off"],"Healthcheck":null,"ArgsEscaped":null,"Entrypoint":null,"Image":"postgres:latest","Volumes":{},"WorkingDir":null,"MacAddress":null,"OnBuild":null,"NetworkDisabled":null,"ExposedPorts":{"5432/tcp":{}},"StopSignal":null,"StopTimeout":null,"HostConfig":{"Binds":[],"BlkioWeight":null,"BlkioWeightDevice":null,"BlkioDeviceReadBps":null,"BlkioDeviceWriteBps":null,"BlkioDeviceReadIOps":null,"BlkioDeviceWriteIOps":null,"MemorySwappiness":null,"NanoCpus":null,"CapAdd":null,"CapDrop":null,"ContainerIDFile":null,"CpuPeriod":null,"CpuRealtimePeriod":null,"CpuRealtimeRuntime":null,"CpuShares":null,"CpuQuota":null,"CpusetCpus":null,"CpusetMems":null,"Devices":null,"DeviceCgroupRules":null,"DeviceRequests":null,"DiskQuota":null,"Dns":null,"DnsOptions":null,"DnsSearch":null,"ExtraHosts":[],"GroupAdd":null,"IpcMode":null,"Cgroup":null,"Links":[],"LogConfig":null,"LxcConf":null,"Memory":null,"MemorySwap":null,"MemoryReservation":null,"KernelMemory":null,"NetworkMode":null,"OomKillDisable":null,"Init":null,"AutoRemove":null,"OomScoreAdj":null,"PortBindings":{"5432/tcp":[{"HostIp":"","HostPort":""}]},"Privileged":null,"PublishAllPorts":null,"ReadonlyRootfs":null,"RestartPolicy":null,"Ulimits":null,"CpuCount":null,"CpuPercent":null,"IOMaximumIOps":null,"IOMaximumBandwidth":null,"VolumesFrom":[],"Mounts":null,"PidMode":null,"Isolation":null,"SecurityOpt":null,"StorageOpt":null,"CgroupParent":null,"VolumeDriver":null,"ShmSize":null,"PidsLimit":null,"Runtime":null,"Tmpfs":null,"UTSMode":null,"UsernsMode":null,"Sysctls":null,"ConsoleSize":null,"CgroupnsMode":null},"Labels":{"org.testcontainers":"true","org.testcontainers.lang":"java","org.testcontainers.version":"1.19.8","org.testcontainers.sessionId":"280e6229-7396-4d60-b1e3-a5de48b5d49b"},"Shell":null,"NetworkingConfig":null}"
2024-07-24 14:30:09.290 [Test worker] DEBUG c.g.d.z.s.o.a.hc.client5.http.wire - http-outgoing-6 << "HTTP/1.1 201 Created[\r][\n]"
2024-07-24 14:30:09.290 [Test worker] DEBUG c.g.d.z.s.o.a.hc.client5.http.wire - http-outgoing-6 << "Api-Version: 1.45[\r][\n]"
2024-07-24 14:30:09.290 [Test worker] DEBUG c.g.d.z.s.o.a.hc.client5.http.wire - http-outgoing-6 << "Content-Type: application/json[\r][\n]"
2024-07-24 14:30:09.290 [Test worker] DEBUG c.g.d.z.s.o.a.hc.client5.http.wire - http-outgoing-6 << "Date: Wed, 24 Jul 2024 02:30:09 GMT[\r][\n]"
2024-07-24 14:30:09.290 [Test worker] DEBUG c.g.d.z.s.o.a.hc.client5.http.wire - http-outgoing-6 << "Docker-Experimental: false[\r][\n]"
2024-07-24 14:30:09.290 [Test worker] DEBUG c.g.d.z.s.o.a.hc.client5.http.wire - http-outgoing-6 << "Ostype: linux[\r][\n]"
2024-07-24 14:30:09.290 [Test worker] DEBUG c.g.d.z.s.o.a.hc.client5.http.wire - http-outgoing-6 << "Server: Docker/26.0.0 (linux)[\r][\n]"
2024-07-24 14:30:09.290 [Test worker] DEBUG c.g.d.z.s.o.a.hc.client5.http.wire - http-outgoing-6 << "Transfer-Encoding: chunked[\r][\n]"
2024-07-24 14:30:09.290 [Test worker] DEBUG c.g.d.z.s.o.a.hc.client5.http.wire - http-outgoing-6 << "[\r][\n]"
2024-07-24 14:30:09.291 [Test worker] DEBUG c.g.d.z.s.o.a.h.client5.http.headers - http-outgoing-6 << HTTP/1.1 201 Created
2024-07-24 14:30:09.291 [Test worker] DEBUG c.g.d.z.s.o.a.h.client5.http.headers - http-outgoing-6 << Api-Version: 1.45
2024-07-24 14:30:09.291 [Test worker] DEBUG c.g.d.z.s.o.a.h.client5.http.headers - http-outgoing-6 << Content-Type: application/json
2024-07-24 14:30:09.291 [Test worker] DEBUG c.g.d.z.s.o.a.h.client5.http.headers - http-outgoing-6 << Date: Wed, 24 Jul 2024 02:30:09 GMT
2024-07-24 14:30:09.291 [Test worker] DEBUG c.g.d.z.s.o.a.h.client5.http.headers - http-outgoing-6 << Docker-Experimental: false
2024-07-24 14:30:09.291 [Test worker] DEBUG c.g.d.z.s.o.a.h.client5.http.headers - http-outgoing-6 << Ostype: linux
2024-07-24 14:30:09.291 [Test worker] DEBUG c.g.d.z.s.o.a.h.client5.http.headers - http-outgoing-6 << Server: Docker/26.0.0 (linux)
2024-07-24 14:30:09.291 [Test worker] DEBUG c.g.d.z.s.o.a.h.client5.http.headers - http-outgoing-6 << Transfer-Encoding: chunked
2024-07-24 14:30:09.291 [Test worker] DEBUG c.g.d.z.s.o.a.h.c.h.i.c.MainClientExec - ex-00000041: connection can be kept alive for 3 MINUTES
2024-07-24 14:30:09.291 [Test worker] DEBUG c.g.d.z.s.o.a.hc.client5.http.wire - http-outgoing-6 << "58[\r][\n]"
2024-07-24 14:30:09.291 [Test worker] DEBUG c.g.d.z.s.o.a.hc.client5.http.wire - http-outgoing-6 << "{"Id":"afcc96ed33635e7bd74e2151e7e34065e0aba62864b5576e172f05974628f666","Warnings":[]}[\n]"
2024-07-24 14:30:09.291 [Test worker] DEBUG c.g.d.z.s.o.a.hc.client5.http.wire - http-outgoing-6 << "[\r][\n]"
2024-07-24 14:30:09.291 [Test worker] DEBUG c.g.d.z.s.o.a.hc.client5.http.wire - http-outgoing-6 << "0[\r][\n]"
2024-07-24 14:30:09.291 [Test worker] DEBUG c.g.d.z.s.o.a.hc.client5.http.wire - http-outgoing-6 << "[\r][\n]"
2024-07-24 14:30:09.292 [Test worker] DEBUG c.g.d.z.s.o.a.h.c.h.i.c.InternalHttpClient - ep-00000040: releasing valid endpoint
2024-07-24 14:30:09.292 [Test worker] DEBUG c.g.d.z.s.o.a.h.c.h.i.i.PoolingHttpClientConnectionManager - ep-00000040: releasing endpoint
2024-07-24 14:30:09.292 [Test worker] DEBUG c.g.d.z.s.o.a.h.c.h.i.i.PoolingHttpClientConnectionManager - ep-00000040: connection http-outgoing-6 can be kept alive for 3 MINUTES
2024-07-24 14:30:09.292 [Test worker] DEBUG c.g.d.z.s.o.a.h.c.h.i.i.PoolingHttpClientConnectionManager - ep-00000040: connection released [route: {}->npipe://localhost:2375][total available: 1; route allocated: 1 of 2147483647; total allocated: 1 of 2147483647]
2024-07-24 14:30:09.292 [Test worker] INFO  tc.postgres:latest - Container postgres:latest is starting: afcc96ed33635e7bd74e2151e7e34065e0aba62864b5576e172f05974628f666
2024-07-24 14:30:09.292 [Test worker] DEBUG o.t.s.c.g.d.c.command.AbstrDockerCmd - Cmd: afcc96ed33635e7bd74e2151e7e34065e0aba62864b5576e172f05974628f666
2024-07-24 14:30:09.293 [Test worker] TRACE o.t.s.c.g.d.c.e.StartContainerCmdExec - POST: DefaultWebTarget{path=[/containers/afcc96ed33635e7bd74e2151e7e34065e0aba62864b5576e172f05974628f666/start], queryParams={}}
2024-07-24 14:30:09.293 [Test worker] DEBUG c.g.d.z.s.o.a.h.c.h.i.c.InternalHttpClient - ex-00000042: preparing request execution
2024-07-24 14:30:09.293 [Test worker] DEBUG c.g.d.z.s.o.a.h.c.h.p.RequestAddCookies - Cookie spec selected: strict
2024-07-24 14:30:09.293 [Test worker] DEBUG c.g.d.z.s.o.a.h.c.h.p.RequestAuthCache - Auth cache not set in the context
2024-07-24 14:30:09.293 [Test worker] DEBUG c.g.d.z.s.o.a.h.c.h.i.c.ProtocolExec - ex-00000042: target auth state: UNCHALLENGED
2024-07-24 14:30:09.293 [Test worker] DEBUG c.g.d.z.s.o.a.h.c.h.i.c.ProtocolExec - ex-00000042: proxy auth state: UNCHALLENGED
2024-07-24 14:30:09.293 [Test worker] DEBUG c.g.d.z.s.o.a.h.c.h.i.c.ConnectExec - ex-00000042: acquiring connection with route {}->npipe://localhost:2375
2024-07-24 14:30:09.293 [Test worker] DEBUG c.g.d.z.s.o.a.h.c.h.i.c.InternalHttpClient - ex-00000042: acquiring endpoint (3 MINUTES)
2024-07-24 14:30:09.293 [Test worker] DEBUG c.g.d.z.s.o.a.h.c.h.i.i.PoolingHttpClientConnectionManager - ex-00000042: endpoint lease request (3 MINUTES) [route: {}->npipe://localhost:2375][total available: 1; route allocated: 1 of 2147483647; total allocated: 1 of 2147483647]
2024-07-24 14:30:09.294 [Test worker] DEBUG c.g.d.z.s.o.a.h.c.h.i.i.PoolingHttpClientConnectionManager - ex-00000042: endpoint leased [route: {}->npipe://localhost:2375][total available: 0; route allocated: 1 of 2147483647; total allocated: 1 of 2147483647]
2024-07-24 14:30:09.294 [Test worker] DEBUG c.g.d.z.s.o.a.h.c.h.i.i.PoolingHttpClientConnectionManager - ex-00000042: acquired ep-00000041
2024-07-24 14:30:09.294 [Test worker] DEBUG c.g.d.z.s.o.a.h.c.h.i.c.InternalHttpClient - ex-00000042: acquired endpoint ep-00000041
2024-07-24 14:30:09.294 [Test worker] DEBUG c.g.d.z.s.o.a.h.c.h.i.c.MainClientExec - ex-00000042: executing POST /v1.32/containers/afcc96ed33635e7bd74e2151e7e34065e0aba62864b5576e172f05974628f666/start HTTP/1.1
2024-07-24 14:30:09.294 [Test worker] DEBUG c.g.d.z.s.o.a.h.c.h.i.c.InternalHttpClient - ep-00000041: start execution ex-00000042
2024-07-24 14:30:09.294 [Test worker] DEBUG c.g.d.z.s.o.a.h.c.h.i.i.PoolingHttpClientConnectionManager - ep-00000041: executing exchange ex-00000042 over http-outgoing-6
2024-07-24 14:30:09.294 [Test worker] DEBUG c.g.d.z.s.o.a.h.client5.http.headers - http-outgoing-6 >> POST /v1.32/containers/afcc96ed33635e7bd74e2151e7e34065e0aba62864b5576e172f05974628f666/start HTTP/1.1
2024-07-24 14:30:09.294 [Test worker] DEBUG c.g.d.z.s.o.a.h.client5.http.headers - http-outgoing-6 >> accept: application/json
2024-07-24 14:30:09.294 [Test worker] DEBUG c.g.d.z.s.o.a.h.client5.http.headers - http-outgoing-6 >> content-type: application/json
2024-07-24 14:30:09.294 [Test worker] DEBUG c.g.d.z.s.o.a.h.client5.http.headers - http-outgoing-6 >> x-tc-sid: 280e6229-7396-4d60-b1e3-a5de48b5d49b
2024-07-24 14:30:09.294 [Test worker] DEBUG c.g.d.z.s.o.a.h.client5.http.headers - http-outgoing-6 >> User-Agent: tc-java/1.19.8
2024-07-24 14:30:09.294 [Test worker] DEBUG c.g.d.z.s.o.a.h.client5.http.headers - http-outgoing-6 >> Accept-Encoding: gzip, x-gzip, deflate
2024-07-24 14:30:09.294 [Test worker] DEBUG c.g.d.z.s.o.a.h.client5.http.headers - http-outgoing-6 >> Host: localhost:2375
2024-07-24 14:30:09.294 [Test worker] DEBUG c.g.d.z.s.o.a.h.client5.http.headers - http-outgoing-6 >> Connection: keep-alive
2024-07-24 14:30:09.294 [Test worker] DEBUG c.g.d.z.s.o.a.hc.client5.http.wire - http-outgoing-6 >> "POST /v1.32/containers/afcc96ed33635e7bd74e2151e7e34065e0aba62864b5576e172f05974628f666/start HTTP/1.1[\r][\n]"
2024-07-24 14:30:09.294 [Test worker] DEBUG c.g.d.z.s.o.a.hc.client5.http.wire - http-outgoing-6 >> "accept: application/json[\r][\n]"
2024-07-24 14:30:09.294 [Test worker] DEBUG c.g.d.z.s.o.a.hc.client5.http.wire - http-outgoing-6 >> "content-type: application/json[\r][\n]"
2024-07-24 14:30:09.294 [Test worker] DEBUG c.g.d.z.s.o.a.hc.client5.http.wire - http-outgoing-6 >> "x-tc-sid: 280e6229-7396-4d60-b1e3-a5de48b5d49b[\r][\n]"
2024-07-24 14:30:09.294 [Test worker] DEBUG c.g.d.z.s.o.a.hc.client5.http.wire - http-outgoing-6 >> "User-Agent: tc-java/1.19.8[\r][\n]"
2024-07-24 14:30:09.294 [Test worker] DEBUG c.g.d.z.s.o.a.hc.client5.http.wire - http-outgoing-6 >> "Accept-Encoding: gzip, x-gzip, deflate[\r][\n]"
2024-07-24 14:30:09.294 [Test worker] DEBUG c.g.d.z.s.o.a.hc.client5.http.wire - http-outgoing-6 >> "Host: localhost:2375[\r][\n]"
2024-07-24 14:30:09.294 [Test worker] DEBUG c.g.d.z.s.o.a.hc.client5.http.wire - http-outgoing-6 >> "Connection: keep-alive[\r][\n]"
2024-07-24 14:30:09.294 [Test worker] DEBUG c.g.d.z.s.o.a.hc.client5.http.wire - http-outgoing-6 >> "[\r][\n]"
2024-07-24 14:30:09.670 [Test worker] DEBUG c.g.d.z.s.o.a.hc.client5.http.wire - http-outgoing-6 << "HTTP/1.1 204 No Content[\r][\n]"
2024-07-24 14:30:09.670 [Test worker] DEBUG c.g.d.z.s.o.a.hc.client5.http.wire - http-outgoing-6 << "Api-Version: 1.45[\r][\n]"
2024-07-24 14:30:09.670 [Test worker] DEBUG c.g.d.z.s.o.a.hc.client5.http.wire - http-outgoing-6 << "Date: Wed, 24 Jul 2024 02:30:09 GMT[\r][\n]"
2024-07-24 14:30:09.670 [Test worker] DEBUG c.g.d.z.s.o.a.hc.client5.http.wire - http-outgoing-6 << "Docker-Experimental: false[\r][\n]"
2024-07-24 14:30:09.670 [Test worker] DEBUG c.g.d.z.s.o.a.hc.client5.http.wire - http-outgoing-6 << "Ostype: linux[\r][\n]"
2024-07-24 14:30:09.670 [Test worker] DEBUG c.g.d.z.s.o.a.hc.client5.http.wire - http-outgoing-6 << "Server: Docker/26.0.0 (linux)[\r][\n]"
2024-07-24 14:30:09.670 [Test worker] DEBUG c.g.d.z.s.o.a.hc.client5.http.wire - http-outgoing-6 << "[\r][\n]"
2024-07-24 14:30:09.670 [Test worker] DEBUG c.g.d.z.s.o.a.h.client5.http.headers - http-outgoing-6 << HTTP/1.1 204 No Content
2024-07-24 14:30:09.670 [Test worker] DEBUG c.g.d.z.s.o.a.h.client5.http.headers - http-outgoing-6 << Api-Version: 1.45
2024-07-24 14:30:09.671 [Test worker] DEBUG c.g.d.z.s.o.a.h.client5.http.headers - http-outgoing-6 << Date: Wed, 24 Jul 2024 02:30:09 GMT
2024-07-24 14:30:09.671 [Test worker] DEBUG c.g.d.z.s.o.a.h.client5.http.headers - http-outgoing-6 << Docker-Experimental: false
2024-07-24 14:30:09.671 [Test worker] DEBUG c.g.d.z.s.o.a.h.client5.http.headers - http-outgoing-6 << Ostype: linux
2024-07-24 14:30:09.671 [Test worker] DEBUG c.g.d.z.s.o.a.h.client5.http.headers - http-outgoing-6 << Server: Docker/26.0.0 (linux)
2024-07-24 14:30:09.671 [Test worker] DEBUG c.g.d.z.s.o.a.h.c.h.i.c.MainClientExec - ex-00000042: connection can be kept alive for 3 MINUTES
2024-07-24 14:30:09.671 [Test worker] DEBUG c.g.d.z.s.o.a.h.c.h.i.c.InternalHttpClient - ep-00000041: releasing valid endpoint
2024-07-24 14:30:09.671 [Test worker] DEBUG c.g.d.z.s.o.a.h.c.h.i.i.PoolingHttpClientConnectionManager - ep-00000041: releasing endpoint
2024-07-24 14:30:09.671 [Test worker] DEBUG c.g.d.z.s.o.a.h.c.h.i.i.PoolingHttpClientConnectionManager - ep-00000041: connection http-outgoing-6 can be kept alive for 3 MINUTES
2024-07-24 14:30:09.671 [Test worker] DEBUG c.g.d.z.s.o.a.h.c.h.i.i.PoolingHttpClientConnectionManager - ep-00000041: connection released [route: {}->npipe://localhost:2375][total available: 1; route allocated: 1 of 2147483647; total allocated: 1 of 2147483647]
2024-07-24 14:30:09.672 [Test worker] DEBUG o.t.s.c.g.d.c.command.AbstrDockerCmd - Cmd: afcc96ed33635e7bd74e2151e7e34065e0aba62864b5576e172f05974628f666,false
2024-07-24 14:30:09.672 [Test worker] DEBUG o.t.s.c.g.d.c.e.InspectContainerCmdExec - GET: DefaultWebTarget{path=[/containers/afcc96ed33635e7bd74e2151e7e34065e0aba62864b5576e172f05974628f666/json], queryParams={}}
2024-07-24 14:30:09.672 [Test worker] DEBUG c.g.d.z.s.o.a.h.c.h.i.c.InternalHttpClient - ex-00000043: preparing request execution
2024-07-24 14:30:09.672 [Test worker] DEBUG c.g.d.z.s.o.a.h.c.h.p.RequestAddCookies - Cookie spec selected: strict
2024-07-24 14:30:09.672 [Test worker] DEBUG c.g.d.z.s.o.a.h.c.h.p.RequestAuthCache - Auth cache not set in the context
2024-07-24 14:30:09.672 [Test worker] DEBUG c.g.d.z.s.o.a.h.c.h.i.c.ProtocolExec - ex-00000043: target auth state: UNCHALLENGED
2024-07-24 14:30:09.672 [Test worker] DEBUG c.g.d.z.s.o.a.h.c.h.i.c.ProtocolExec - ex-00000043: proxy auth state: UNCHALLENGED
2024-07-24 14:30:09.672 [Test worker] DEBUG c.g.d.z.s.o.a.h.c.h.i.c.ConnectExec - ex-00000043: acquiring connection with route {}->npipe://localhost:2375
2024-07-24 14:30:09.672 [Test worker] DEBUG c.g.d.z.s.o.a.h.c.h.i.c.InternalHttpClient - ex-00000043: acquiring endpoint (3 MINUTES)
2024-07-24 14:30:09.672 [Test worker] DEBUG c.g.d.z.s.o.a.h.c.h.i.i.PoolingHttpClientConnectionManager - ex-00000043: endpoint lease request (3 MINUTES) [route: {}->npipe://localhost:2375][total available: 1; route allocated: 1 of 2147483647; total allocated: 1 of 2147483647]
2024-07-24 14:30:09.672 [Test worker] DEBUG c.g.d.z.s.o.a.h.c.h.i.i.PoolingHttpClientConnectionManager - ex-00000043: endpoint leased [route: {}->npipe://localhost:2375][total available: 0; route allocated: 1 of 2147483647; total allocated: 1 of 2147483647]
2024-07-24 14:30:09.673 [Test worker] DEBUG c.g.d.z.s.o.a.h.c.h.i.i.PoolingHttpClientConnectionManager - ex-00000043: acquired ep-00000042
2024-07-24 14:30:09.673 [Test worker] DEBUG c.g.d.z.s.o.a.h.c.h.i.c.InternalHttpClient - ex-00000043: acquired endpoint ep-00000042
2024-07-24 14:30:09.673 [Test worker] DEBUG c.g.d.z.s.o.a.h.c.h.i.c.MainClientExec - ex-00000043: executing GET /v1.32/containers/afcc96ed33635e7bd74e2151e7e34065e0aba62864b5576e172f05974628f666/json HTTP/1.1
2024-07-24 14:30:09.673 [Test worker] DEBUG c.g.d.z.s.o.a.h.c.h.i.c.InternalHttpClient - ep-00000042: start execution ex-00000043
2024-07-24 14:30:09.673 [Test worker] DEBUG c.g.d.z.s.o.a.h.c.h.i.i.PoolingHttpClientConnectionManager - ep-00000042: executing exchange ex-00000043 over http-outgoing-6
2024-07-24 14:30:09.673 [Test worker] DEBUG c.g.d.z.s.o.a.h.client5.http.headers - http-outgoing-6 >> GET /v1.32/containers/afcc96ed33635e7bd74e2151e7e34065e0aba62864b5576e172f05974628f666/json HTTP/1.1
2024-07-24 14:30:09.673 [Test worker] DEBUG c.g.d.z.s.o.a.h.client5.http.headers - http-outgoing-6 >> accept: application/json
2024-07-24 14:30:09.673 [Test worker] DEBUG c.g.d.z.s.o.a.h.client5.http.headers - http-outgoing-6 >> x-tc-sid: 280e6229-7396-4d60-b1e3-a5de48b5d49b
2024-07-24 14:30:09.673 [Test worker] DEBUG c.g.d.z.s.o.a.h.client5.http.headers - http-outgoing-6 >> User-Agent: tc-java/1.19.8
2024-07-24 14:30:09.673 [Test worker] DEBUG c.g.d.z.s.o.a.h.client5.http.headers - http-outgoing-6 >> Accept-Encoding: gzip, x-gzip, deflate
2024-07-24 14:30:09.673 [Test worker] DEBUG c.g.d.z.s.o.a.h.client5.http.headers - http-outgoing-6 >> Host: localhost:2375
2024-07-24 14:30:09.673 [Test worker] DEBUG c.g.d.z.s.o.a.h.client5.http.headers - http-outgoing-6 >> Connection: keep-alive
2024-07-24 14:30:09.673 [Test worker] DEBUG c.g.d.z.s.o.a.hc.client5.http.wire - http-outgoing-6 >> "GET /v1.32/containers/afcc96ed33635e7bd74e2151e7e34065e0aba62864b5576e172f05974628f666/json HTTP/1.1[\r][\n]"
2024-07-24 14:30:09.673 [Test worker] DEBUG c.g.d.z.s.o.a.hc.client5.http.wire - http-outgoing-6 >> "accept: application/json[\r][\n]"
2024-07-24 14:30:09.673 [Test worker] DEBUG c.g.d.z.s.o.a.hc.client5.http.wire - http-outgoing-6 >> "x-tc-sid: 280e6229-7396-4d60-b1e3-a5de48b5d49b[\r][\n]"
2024-07-24 14:30:09.673 [Test worker] DEBUG c.g.d.z.s.o.a.hc.client5.http.wire - http-outgoing-6 >> "User-Agent: tc-java/1.19.8[\r][\n]"
2024-07-24 14:30:09.673 [Test worker] DEBUG c.g.d.z.s.o.a.hc.client5.http.wire - http-outgoing-6 >> "Accept-Encoding: gzip, x-gzip, deflate[\r][\n]"
2024-07-24 14:30:09.673 [Test worker] DEBUG c.g.d.z.s.o.a.hc.client5.http.wire - http-outgoing-6 >> "Host: localhost:2375[\r][\n]"
2024-07-24 14:30:09.673 [Test worker] DEBUG c.g.d.z.s.o.a.hc.client5.http.wire - http-outgoing-6 >> "Connection: keep-alive[\r][\n]"
2024-07-24 14:30:09.673 [Test worker] DEBUG c.g.d.z.s.o.a.hc.client5.http.wire - http-outgoing-6 >> "[\r][\n]"
2024-07-24 14:30:09.676 [Test worker] DEBUG c.g.d.z.s.o.a.hc.client5.http.wire - http-outgoing-6 << "HTTP/1.1 200 OK[\r][\n]"
2024-07-24 14:30:09.677 [Test worker] DEBUG c.g.d.z.s.o.a.hc.client5.http.wire - http-outgoing-6 << "Api-Version: 1.45[\r][\n]"
2024-07-24 14:30:09.677 [Test worker] DEBUG c.g.d.z.s.o.a.hc.client5.http.wire - http-outgoing-6 << "Content-Type: application/json[\r][\n]"
2024-07-24 14:30:09.677 [Test worker] DEBUG c.g.d.z.s.o.a.hc.client5.http.wire - http-outgoing-6 << "Date: Wed, 24 Jul 2024 02:30:09 GMT[\r][\n]"
2024-07-24 14:30:09.677 [Test worker] DEBUG c.g.d.z.s.o.a.hc.client5.http.wire - http-outgoing-6 << "Docker-Experimental: false[\r][\n]"
2024-07-24 14:30:09.677 [Test worker] DEBUG c.g.d.z.s.o.a.hc.client5.http.wire - http-outgoing-6 << "Ostype: linux[\r][\n]"
2024-07-24 14:30:09.677 [Test worker] DEBUG c.g.d.z.s.o.a.hc.client5.http.wire - http-outgoing-6 << "Server: Docker/26.0.0 (linux)[\r][\n]"
2024-07-24 14:30:09.677 [Test worker] DEBUG c.g.d.z.s.o.a.hc.client5.http.wire - http-outgoing-6 << "Transfer-Encoding: chunked[\r][\n]"
2024-07-24 14:30:09.677 [Test worker] DEBUG c.g.d.z.s.o.a.hc.client5.http.wire - http-outgoing-6 << "[\r][\n]"
2024-07-24 14:30:09.677 [Test worker] DEBUG c.g.d.z.s.o.a.h.client5.http.headers - http-outgoing-6 << HTTP/1.1 200 OK
2024-07-24 14:30:09.677 [Test worker] DEBUG c.g.d.z.s.o.a.h.client5.http.headers - http-outgoing-6 << Api-Version: 1.45
2024-07-24 14:30:09.677 [Test worker] DEBUG c.g.d.z.s.o.a.h.client5.http.headers - http-outgoing-6 << Content-Type: application/json
2024-07-24 14:30:09.677 [Test worker] DEBUG c.g.d.z.s.o.a.h.client5.http.headers - http-outgoing-6 << Date: Wed, 24 Jul 2024 02:30:09 GMT
2024-07-24 14:30:09.677 [Test worker] DEBUG c.g.d.z.s.o.a.h.client5.http.headers - http-outgoing-6 << Docker-Experimental: false
2024-07-24 14:30:09.677 [Test worker] DEBUG c.g.d.z.s.o.a.h.client5.http.headers - http-outgoing-6 << Ostype: linux
2024-07-24 14:30:09.677 [Test worker] DEBUG c.g.d.z.s.o.a.h.client5.http.headers - http-outgoing-6 << Server: Docker/26.0.0 (linux)
2024-07-24 14:30:09.677 [Test worker] DEBUG c.g.d.z.s.o.a.h.client5.http.headers - http-outgoing-6 << Transfer-Encoding: chunked
2024-07-24 14:30:09.677 [Test worker] DEBUG c.g.d.z.s.o.a.h.c.h.i.c.MainClientExec - ex-00000043: connection can be kept alive for 3 MINUTES
2024-07-24 14:30:09.678 [Test worker] DEBUG c.g.d.z.s.o.a.hc.client5.http.wire - http-outgoing-6 << "1a38[\r][\n]"
2024-07-24 14:30:09.678 [Test worker] DEBUG c.g.d.z.s.o.a.hc.client5.http.wire - http-outgoing-6 << "{"Id":"afcc96ed33635e7bd74e2151e7e34065e0aba62864b5576e172f05974628f666","Created":"2024-07-24T02:30:09.163263516Z","Path":"docker-entrypoint.sh","Args":["postgres","-c","fsync=off"],"State":{"Status":"running","Running":true,"Paused":false,"Restarting":false,"OOMKilled":false,"Dead":false,"Pid":28553,"ExitCode":0,"Error":"","StartedAt":"2024-07-24T02:30:09.652000554Z","FinishedAt":"0001-01-01T00:00:00Z"},"Image":"sha256:8e4fc9e184899a58735e7ee333f5e272d7d2298cf59302006b71f33e217be130","ResolvConfPath":"/var/lib/docker/containers/afcc96ed33635e7bd74e2151e7e34065e0aba62864b5576e172f05974628f666/resolv.conf","HostnamePath":"/var/lib/docker/containers/afcc96ed33635e7bd74e2151e7e34065e0aba62864b5576e172f05974628f666/hostname","HostsPath":"/var/lib/docker/containers/afcc96ed33635e7bd74e2151e7e34065e0aba62864b5576e172f05974628f666/hosts","LogPath":"/var/lib/docker/containers/afcc96ed33635e7bd74e2151e7e34065e0aba62864b5576e172f05974628f666/afcc96ed33635e7bd74e2151e7e34065e0aba62864b5576e172f05974628f666-json.log","Name":"/suspicious_shaw","RestartCount":0,"Driver":"overlay2","Platform":"linux","MountLabel":"","ProcessLabel":"","AppArmorProfile":"","ExecIDs":null,"HostConfig":{"Binds":[],"ContainerIDFile":"","LogConfig":{"Type":"json-file","Config":{}},"NetworkMode":"default","PortBindings":{"5432/tcp":[{"HostIp":"0.0.0.0","HostPort":"0"}]},"RestartPolicy":{"Name":"no","MaximumRetryCount":0},"AutoRemove":false,"VolumeDriver":"","VolumesFrom":[],"ConsoleSize":[0,0],"CapAdd":null,"CapDrop":null,"CgroupnsMode":"host","Dns":null,"DnsOptions":null,"DnsSearch":null,"ExtraHosts":[],"GroupAdd":null,"IpcMode":"shareable","Cgroup":"","Links":null,"OomScoreAdj":0,"PidMode":"","Privileged":false,"PublishAllPorts":false,"ReadonlyRootfs":false,"SecurityOpt":null,"UTSMode":"","UsernsMode":"","ShmSize":67108864,"Runtime":"runc","Isolation":"","CpuShares":0,"Memory":0,"NanoCpus":0,"CgroupParent":"","BlkioWeight":0,"BlkioWeightDevice":null,"BlkioDeviceReadBps":null,"BlkioDeviceWriteBps":null,"BlkioDeviceReadIOps":null,"BlkioDeviceWriteIOps":null,"CpuPeriod":0,"CpuQuota":0,"CpuRealtimePeriod":0,"CpuRealtimeRuntime":0,"CpusetCpus":"","CpusetMems":"","Devices":null,"DeviceCgroupRules":null,"DeviceRequests":null,"MemoryReservation":0,"MemorySwap":0,"MemorySwappiness":null,"OomKillDisable":false,"PidsLimit":null,"Ulimits":null,"CpuCount":0,"CpuPercent":0,"IOMaximumIOps":0,"IOMaximumBandwidth":0,"MaskedPaths":["/proc/asound","/proc/acpi","/proc/kcore","/proc/keys","/proc/latency_stats","/proc/timer_list","/proc/timer_stats","/proc/sched_debug","/proc/scsi","/sys/firmware","/sys/devices/virtual/powercap"],"ReadonlyPaths":["/proc/bus","/proc/fs","/proc/irq","/proc/sys","/proc/sysrq-trigger"]},"GraphDriver":{"Data":{"LowerDir":"/var/lib/docker/overlay2/3ac9d74f8a6bdabaf3d86ba56484f00d462695a663bb88f0db49edbc073bef62-init/diff:/var/lib/docker/overlay2/8f0ddbd386af0785c2e348570516955816ab350305d698d363962d488eeb15ec/diff:/var/lib/docker/overlay2/0eb0ca73e9b0be7c3d7fa8762ef4778a68f38391bc84c037c2e90b88e781b475/diff:/var/lib/docker/overlay2/74e634bddc785c5d436b10a5158cd82e21dc2065fd1cf8ff9c1c12e01575a2d8/diff:/var/lib/docker/overlay2/bb918b2851cd2f508f1e3fdbfff8b7f8b041d61e65fe8c368288bf399e80b818/diff:/var/lib/docker/overlay2/2abab2946cbdc2941ee8ec4024c51dac7313dee9de5fbedd1ca33388c59eb3c8/diff:/var/lib/docker/overlay2/e12f6083ee669bd92743ceb339a896bb25dbe461b718705bb39eb410b80c0ecd/diff:/var/lib/docker/overlay2/ced1e86d670d097da5ed4da7288c22507735918959161c2cd8bf083fb30d169a/diff:/var/lib/docker/overlay2/94e9ac7b74923285ae73af20aeccb964ca9079e2305db367cb85d1603560472d/diff:/var/lib/docker/overlay2/a396b6dfd63f0c228c519871183c614cccf4d366a43460f27ecf97113c3c4be8/diff:/var/lib/docker/overlay2/f58ada5d5080c2bac553c734f81127660a90581a35ed2a92cebe3c59e340875b/diff:/var/lib/docker/overlay2/84f85636f37bf55d945e217b4f87a856eba7932284beaf042561007b66f48977/diff:/var/lib/docker/overlay2/1e6e519613884e91a2b74a588ba35dc8a2f789371ab798ef6e7d9836d756042f/diff:/var/lib/docker/overlay2/14a3151cc8b4f9d27d2e64f1a8abc0c7809309580f2d7e8dc8545055c1d56194/diff:/var/lib/doc"
2024-07-24 14:30:09.679 [Test worker] DEBUG c.g.d.z.s.o.a.hc.client5.http.wire - http-outgoing-6 << "ker/overlay2/5b354b9e793401517fe2f1da697653fdaadffc54888eaf76d67e0600b8c68bdc/diff","MergedDir":"/var/lib/docker/overlay2/3ac9d74f8a6bdabaf3d86ba56484f00d462695a663bb88f0db49edbc073bef62/merged","UpperDir":"/var/lib/docker/overlay2/3ac9d74f8a6bdabaf3d86ba56484f00d462695a663bb88f0db49edbc073bef62/diff","WorkDir":"/var/lib/docker/overlay2/3ac9d74f8a6bdabaf3d86ba56484f00d462695a663bb88f0db49edbc073bef62/work"},"Name":"overlay2"},"Mounts":[{"Type":"volume","Name":"b5362541dcc61c5869d15b96550f73dfed77e2a89add984aed95040fea6bd5fe","Source":"/var/lib/docker/volumes/b5362541dcc61c5869d15b96550f73dfed77e2a89add984aed95040fea6bd5fe/_data","Destination":"/var/lib/postgresql/data","Driver":"local","Mode":"","RW":true,"Propagation":""}],"Config":{"Hostname":"afcc96ed3363","Domainname":"","User":"","AttachStdin":false,"AttachStdout":false,"AttachStderr":false,"ExposedPorts":{"5432/tcp":{}},"Tty":false,"OpenStdin":false,"StdinOnce":false,"Env":["POSTGRES_USER=user","POSTGRES_PASSWORD=password","POSTGRES_DB=db","PATH=/usr/local/sbin:/usr/local/bin:/usr/sbin:/usr/bin:/sbin:/bin:/usr/lib/postgresql/16/bin","GOSU_VERSION=1.17","LANG=en_US.utf8","PG_MAJOR=16","PG_VERSION=16.2-1.pgdg120+2","PGDATA=/var/lib/postgresql/data"],"Cmd":["postgres","-c","fsync=off"],"Image":"postgres:latest","Volumes":{"/var/lib/postgresql/data":{}},"WorkingDir":"","Entrypoint":["docker-entrypoint.sh"],"OnBuild":null,"Labels":{"org.testcontainers":"true","org.testcontainers.lang":"java","org.testcontainers.sessionId":"280e6229-7396-4d60-b1e3-a5de48b5d49b","org.testcontainers.version":"1.19.8"},"StopSignal":"SIGINT"},"NetworkSettings":{"Bridge":"","SandboxID":"40d2717dc90d6305dc58a604ac1655a1e2e457355a20b4e4bd46d1ab82be57ca","SandboxKey":"/var/run/docker/netns/40d2717dc90d","Ports":{"5432/tcp":[{"HostIp":"0.0.0.0","HostPort":"51523"}]},"HairpinMode":false,"LinkLocalIPv6Address":"","LinkLocalIPv6PrefixLen":0,"SecondaryIPAddresses":null,"SecondaryIPv6Addresses":null,"EndpointID":"1a147fad68beb3b9db148ca6a0c751049c28020d7102949c001772478780003b","Gateway":"172.17.0.1","GlobalIPv6Address":"","GlobalIPv6PrefixLen":0,"IPAddress":"172.17.0.3","IPPrefixLen":16,"IPv6Gateway":"","MacAddress":"02:42:ac:11:00:03","Networks":{"bridge":{"IPAMConfig":null,"Links":null,"Aliases":null,"MacAddress":"02:42:ac:11:00:03","NetworkID":"3c842496be344cbdae878c1dee0957e7bc7c0a2236009c92752030f2b053e72f","EndpointID":"1a147fad68beb3b9db148ca6a0c751049c28020d7102949c001772478780003b","Gateway":"172.17.0.1","IPAddress":"172.17.0.3","IPPrefixLen":16,"IPv6Gateway":"","GlobalIPv6Address":"","GlobalIPv6PrefixLen":0,"DriverOpts":null,"DNSNames":null}}}}[\n]"
2024-07-24 14:30:09.680 [Test worker] DEBUG c.g.d.z.s.o.a.hc.client5.http.wire - http-outgoing-6 << "[\r][\n]"
2024-07-24 14:30:09.680 [Test worker] DEBUG c.g.d.z.s.o.a.hc.client5.http.wire - http-outgoing-6 << "0[\r][\n]"
2024-07-24 14:30:09.680 [Test worker] DEBUG c.g.d.z.s.o.a.hc.client5.http.wire - http-outgoing-6 << "[\r][\n]"
2024-07-24 14:30:09.680 [Test worker] DEBUG c.g.d.z.s.o.a.h.c.h.i.c.InternalHttpClient - ep-00000042: releasing valid endpoint
2024-07-24 14:30:09.680 [Test worker] DEBUG c.g.d.z.s.o.a.h.c.h.i.i.PoolingHttpClientConnectionManager - ep-00000042: releasing endpoint
2024-07-24 14:30:09.680 [Test worker] DEBUG c.g.d.z.s.o.a.h.c.h.i.i.PoolingHttpClientConnectionManager - ep-00000042: connection http-outgoing-6 can be kept alive for 3 MINUTES
2024-07-24 14:30:09.680 [Test worker] DEBUG c.g.d.z.s.o.a.h.c.h.i.i.PoolingHttpClientConnectionManager - ep-00000042: connection released [route: {}->npipe://localhost:2375][total available: 1; route allocated: 1 of 2147483647; total allocated: 1 of 2147483647]
2024-07-24 14:30:09.680 [Test worker] DEBUG o.t.s.c.g.d.c.command.AbstrDockerCmd - Cmd: sha256:8e4fc9e184899a58735e7ee333f5e272d7d2298cf59302006b71f33e217be130
2024-07-24 14:30:09.680 [Test worker] TRACE o.t.s.c.g.d.c.e.InspectImageCmdExec - GET: DefaultWebTarget{path=[/images/sha256:8e4fc9e184899a58735e7ee333f5e272d7d2298cf59302006b71f33e217be130/json], queryParams={}}
2024-07-24 14:30:09.680 [Test worker] DEBUG c.g.d.z.s.o.a.h.c.h.i.c.InternalHttpClient - ex-00000044: preparing request execution
2024-07-24 14:30:09.680 [Test worker] DEBUG c.g.d.z.s.o.a.h.c.h.p.RequestAddCookies - Cookie spec selected: strict
2024-07-24 14:30:09.680 [Test worker] DEBUG c.g.d.z.s.o.a.h.c.h.p.RequestAuthCache - Auth cache not set in the context
2024-07-24 14:30:09.680 [Test worker] DEBUG c.g.d.z.s.o.a.h.c.h.i.c.ProtocolExec - ex-00000044: target auth state: UNCHALLENGED
2024-07-24 14:30:09.680 [Test worker] DEBUG c.g.d.z.s.o.a.h.c.h.i.c.ProtocolExec - ex-00000044: proxy auth state: UNCHALLENGED
2024-07-24 14:30:09.681 [Test worker] DEBUG c.g.d.z.s.o.a.h.c.h.i.c.ConnectExec - ex-00000044: acquiring connection with route {}->npipe://localhost:2375
2024-07-24 14:30:09.681 [Test worker] DEBUG c.g.d.z.s.o.a.h.c.h.i.c.InternalHttpClient - ex-00000044: acquiring endpoint (3 MINUTES)
2024-07-24 14:30:09.681 [Test worker] DEBUG c.g.d.z.s.o.a.h.c.h.i.i.PoolingHttpClientConnectionManager - ex-00000044: endpoint lease request (3 MINUTES) [route: {}->npipe://localhost:2375][total available: 1; route allocated: 1 of 2147483647; total allocated: 1 of 2147483647]
2024-07-24 14:30:09.681 [Test worker] DEBUG c.g.d.z.s.o.a.h.c.h.i.i.PoolingHttpClientConnectionManager - ex-00000044: endpoint leased [route: {}->npipe://localhost:2375][total available: 0; route allocated: 1 of 2147483647; total allocated: 1 of 2147483647]
2024-07-24 14:30:09.681 [Test worker] DEBUG c.g.d.z.s.o.a.h.c.h.i.i.PoolingHttpClientConnectionManager - ex-00000044: acquired ep-00000043
2024-07-24 14:30:09.681 [Test worker] DEBUG c.g.d.z.s.o.a.h.c.h.i.c.InternalHttpClient - ex-00000044: acquired endpoint ep-00000043
2024-07-24 14:30:09.681 [Test worker] DEBUG c.g.d.z.s.o.a.h.c.h.i.c.MainClientExec - ex-00000044: executing GET /v1.32/images/sha256:8e4fc9e184899a58735e7ee333f5e272d7d2298cf59302006b71f33e217be130/json HTTP/1.1
2024-07-24 14:30:09.681 [Test worker] DEBUG c.g.d.z.s.o.a.h.c.h.i.c.InternalHttpClient - ep-00000043: start execution ex-00000044
2024-07-24 14:30:09.681 [Test worker] DEBUG c.g.d.z.s.o.a.h.c.h.i.i.PoolingHttpClientConnectionManager - ep-00000043: executing exchange ex-00000044 over http-outgoing-6
2024-07-24 14:30:09.681 [Test worker] DEBUG c.g.d.z.s.o.a.h.client5.http.headers - http-outgoing-6 >> GET /v1.32/images/sha256:8e4fc9e184899a58735e7ee333f5e272d7d2298cf59302006b71f33e217be130/json HTTP/1.1
2024-07-24 14:30:09.681 [Test worker] DEBUG c.g.d.z.s.o.a.h.client5.http.headers - http-outgoing-6 >> accept: application/json
2024-07-24 14:30:09.681 [Test worker] DEBUG c.g.d.z.s.o.a.h.client5.http.headers - http-outgoing-6 >> x-tc-sid: 280e6229-7396-4d60-b1e3-a5de48b5d49b
2024-07-24 14:30:09.681 [Test worker] DEBUG c.g.d.z.s.o.a.h.client5.http.headers - http-outgoing-6 >> User-Agent: tc-java/1.19.8
2024-07-24 14:30:09.681 [Test worker] DEBUG c.g.d.z.s.o.a.h.client5.http.headers - http-outgoing-6 >> Accept-Encoding: gzip, x-gzip, deflate
2024-07-24 14:30:09.681 [Test worker] DEBUG c.g.d.z.s.o.a.h.client5.http.headers - http-outgoing-6 >> Host: localhost:2375
2024-07-24 14:30:09.681 [Test worker] DEBUG c.g.d.z.s.o.a.h.client5.http.headers - http-outgoing-6 >> Connection: keep-alive
2024-07-24 14:30:09.681 [Test worker] DEBUG c.g.d.z.s.o.a.hc.client5.http.wire - http-outgoing-6 >> "GET /v1.32/images/sha256:8e4fc9e184899a58735e7ee333f5e272d7d2298cf59302006b71f33e217be130/json HTTP/1.1[\r][\n]"
2024-07-24 14:30:09.681 [Test worker] DEBUG c.g.d.z.s.o.a.hc.client5.http.wire - http-outgoing-6 >> "accept: application/json[\r][\n]"
2024-07-24 14:30:09.681 [Test worker] DEBUG c.g.d.z.s.o.a.hc.client5.http.wire - http-outgoing-6 >> "x-tc-sid: 280e6229-7396-4d60-b1e3-a5de48b5d49b[\r][\n]"
2024-07-24 14:30:09.681 [Test worker] DEBUG c.g.d.z.s.o.a.hc.client5.http.wire - http-outgoing-6 >> "User-Agent: tc-java/1.19.8[\r][\n]"
2024-07-24 14:30:09.681 [Test worker] DEBUG c.g.d.z.s.o.a.hc.client5.http.wire - http-outgoing-6 >> "Accept-Encoding: gzip, x-gzip, deflate[\r][\n]"
2024-07-24 14:30:09.681 [Test worker] DEBUG c.g.d.z.s.o.a.hc.client5.http.wire - http-outgoing-6 >> "Host: localhost:2375[\r][\n]"
2024-07-24 14:30:09.681 [Test worker] DEBUG c.g.d.z.s.o.a.hc.client5.http.wire - http-outgoing-6 >> "Connection: keep-alive[\r][\n]"
2024-07-24 14:30:09.681 [Test worker] DEBUG c.g.d.z.s.o.a.hc.client5.http.wire - http-outgoing-6 >> "[\r][\n]"
2024-07-24 14:30:09.686 [Test worker] DEBUG c.g.d.z.s.o.a.hc.client5.http.wire - http-outgoing-6 << "HTTP/1.1 200 OK[\r][\n]"
2024-07-24 14:30:09.686 [Test worker] DEBUG c.g.d.z.s.o.a.hc.client5.http.wire - http-outgoing-6 << "Api-Version: 1.45[\r][\n]"
2024-07-24 14:30:09.686 [Test worker] DEBUG c.g.d.z.s.o.a.hc.client5.http.wire - http-outgoing-6 << "Content-Type: application/json[\r][\n]"
2024-07-24 14:30:09.686 [Test worker] DEBUG c.g.d.z.s.o.a.hc.client5.http.wire - http-outgoing-6 << "Date: Wed, 24 Jul 2024 02:30:09 GMT[\r][\n]"
2024-07-24 14:30:09.686 [Test worker] DEBUG c.g.d.z.s.o.a.hc.client5.http.wire - http-outgoing-6 << "Docker-Experimental: false[\r][\n]"
2024-07-24 14:30:09.686 [Test worker] DEBUG c.g.d.z.s.o.a.hc.client5.http.wire - http-outgoing-6 << "Ostype: linux[\r][\n]"
2024-07-24 14:30:09.686 [Test worker] DEBUG c.g.d.z.s.o.a.hc.client5.http.wire - http-outgoing-6 << "Server: Docker/26.0.0 (linux)[\r][\n]"
2024-07-24 14:30:09.686 [Test worker] DEBUG c.g.d.z.s.o.a.hc.client5.http.wire - http-outgoing-6 << "Transfer-Encoding: chunked[\r][\n]"
2024-07-24 14:30:09.686 [Test worker] DEBUG c.g.d.z.s.o.a.hc.client5.http.wire - http-outgoing-6 << "[\r][\n]"
2024-07-24 14:30:09.686 [Test worker] DEBUG c.g.d.z.s.o.a.h.client5.http.headers - http-outgoing-6 << HTTP/1.1 200 OK
2024-07-24 14:30:09.686 [Test worker] DEBUG c.g.d.z.s.o.a.h.client5.http.headers - http-outgoing-6 << Api-Version: 1.45
2024-07-24 14:30:09.686 [Test worker] DEBUG c.g.d.z.s.o.a.h.client5.http.headers - http-outgoing-6 << Content-Type: application/json
2024-07-24 14:30:09.686 [Test worker] DEBUG c.g.d.z.s.o.a.h.client5.http.headers - http-outgoing-6 << Date: Wed, 24 Jul 2024 02:30:09 GMT
2024-07-24 14:30:09.686 [Test worker] DEBUG c.g.d.z.s.o.a.h.client5.http.headers - http-outgoing-6 << Docker-Experimental: false
2024-07-24 14:30:09.686 [Test worker] DEBUG c.g.d.z.s.o.a.h.client5.http.headers - http-outgoing-6 << Ostype: linux
2024-07-24 14:30:09.686 [Test worker] DEBUG c.g.d.z.s.o.a.h.client5.http.headers - http-outgoing-6 << Server: Docker/26.0.0 (linux)
2024-07-24 14:30:09.686 [Test worker] DEBUG c.g.d.z.s.o.a.h.client5.http.headers - http-outgoing-6 << Transfer-Encoding: chunked
2024-07-24 14:30:09.686 [Test worker] DEBUG c.g.d.z.s.o.a.h.c.h.i.c.MainClientExec - ex-00000044: connection can be kept alive for 3 MINUTES
2024-07-24 14:30:09.687 [Test worker] DEBUG c.g.d.z.s.o.a.hc.client5.http.wire - http-outgoing-6 << "fcb[\r][\n]"
2024-07-24 14:30:09.687 [Test worker] DEBUG c.g.d.z.s.o.a.hc.client5.http.wire - http-outgoing-6 << "{"Id":"sha256:8e4fc9e184899a58735e7ee333f5e272d7d2298cf59302006b71f33e217be130","RepoTags":["postgres:latest"],"RepoDigests":["postgres@sha256:4aea012537edfad80f98d870a36e6b90b4c09b27be7f4b4759d72db863baeebb"],"Parent":"","Comment":"buildkit.dockerfile.v0","Created":"2024-02-21T00:46:13Z","ContainerConfig":{"Hostname":"","Domainname":"","User":"","AttachStdin":false,"AttachStdout":false,"AttachStderr":false,"Tty":false,"OpenStdin":false,"StdinOnce":false,"Env":null,"Cmd":null,"Image":"","Volumes":null,"WorkingDir":"","Entrypoint":null,"OnBuild":null,"Labels":null},"DockerVersion":"","Author":"","Config":{"Hostname":"","Domainname":"","User":"","AttachStdin":false,"AttachStdout":false,"AttachStderr":false,"ExposedPorts":{"5432/tcp":{}},"Tty":false,"OpenStdin":false,"StdinOnce":false,"Env":["PATH=/usr/local/sbin:/usr/local/bin:/usr/sbin:/usr/bin:/sbin:/bin:/usr/lib/postgresql/16/bin","GOSU_VERSION=1.17","LANG=en_US.utf8","PG_MAJOR=16","PG_VERSION=16.2-1.pgdg120+2","PGDATA=/var/lib/postgresql/data"],"Cmd":["postgres"],"ArgsEscaped":true,"Image":"","Volumes":{"/var/lib/postgresql/data":{}},"WorkingDir":"","Entrypoint":["docker-entrypoint.sh"],"OnBuild":null,"Labels":null,"StopSignal":"SIGINT"},"Architecture":"amd64","Os":"linux","Size":431496964,"VirtualSize":431496964,"GraphDriver":{"Data":{"LowerDir":"/var/lib/docker/overlay2/0eb0ca73e9b0be7c3d7fa8762ef4778a68f38391bc84c037c2e90b88e781b475/diff:/var/lib/docker/overlay2/74e634bddc785c5d436b10a5158cd82e21dc2065fd1cf8ff9c1c12e01575a2d8/diff:/var/lib/docker/overlay2/bb918b2851cd2f508f1e3fdbfff8b7f8b041d61e65fe8c368288bf399e80b818/diff:/var/lib/docker/overlay2/2abab2946cbdc2941ee8ec4024c51dac7313dee9de5fbedd1ca33388c59eb3c8/diff:/var/lib/docker/overlay2/e12f6083ee669bd92743ceb339a896bb25dbe461b718705bb39eb410b80c0ecd/diff:/var/lib/docker/overlay2/ced1e86d670d097da5ed4da7288c22507735918959161c2cd8bf083fb30d169a/diff:/var/lib/docker/overlay2/94e9ac7b74923285ae73af20aeccb964ca9079e2305db367cb85d1603560472d/diff:/var/lib/docker/overlay2/a396b6dfd63f0c228c519871183c614cccf4d366a43460f27ecf97113c3c4be8/diff:/var/lib/docker/overlay2/f58ada5d5080c2bac553c734f81127660a90581a35ed2a92cebe3c59e340875b/diff:/var/lib/docker/overlay2/84f85636f37bf55d945e217b4f87a856eba7932284beaf042561007b66f48977/diff:/var/lib/docker/overlay2/1e6e519613884e91a2b74a588ba35dc8a2f789371ab798ef6e7d9836d756042f/diff:/var/lib/docker/overlay2/14a3151cc8b4f9d27d2e64f1a8abc0c7809309580f2d7e8dc8545055c1d56194/diff:/var/lib/docker/overlay2/5b354b9e793401517fe2f1da697653fdaadffc54888eaf76d67e0600b8c68bdc/diff","MergedDir":"/var/lib/docker/overlay2/8f0ddbd386af0785c2e348570516955816ab350305d698d363962d488eeb15ec/merged","UpperDir":"/var/lib/docker/overlay2/8f0ddbd386af0785c2e348570516955816ab350305d698d363962d488eeb15ec/diff","WorkDir":"/var/lib/docker/overlay2/8f0ddbd386af0785c2e348570516955816ab350305d698d363962d488eeb15ec/work"},"Name":"overlay2"},"RootFS":{"Type":"layers","Layers":["sha256:52ec5a4316fadc09a4a51f82b8d7b66ead0d71bea4f75e81e25b4094c4219061","sha256:5a99d63e3aef066b4fa085cf24d0281681d5530c22f0c93391b854ba5741b62e","sha256:12694c6edf8321950446751b5acc175137946701b72febd6a32ab6e6cb89403b","sha256:beceb355ef35df0b8123db4eddd8f734e7414a3828e463354a913dda6738571d","sha256:0f86e6985ca32f3adeb9f65e3f80b3f2aa37a697d345c84011b2421e5608bc06","sha256:22c31f24613cd6a7b43f3074166d79619574e76f430035be15d909ae45fb97da","sha256:7c32a1ce1cc084a148145553666d5b64e3b6551491d1c3c6cc545b5b69daf5da","sha256:192de40051e6f5b468a60be4e6d162a1bbf3dc4af2dfb0a7aa8db25f86b6e68e","sha256:257f3fc789f6526019470322285b4bfe55e3e09f41150576c0997f370407af14","sha256:2993953b2c109056b0d580a549dae9f902a84a29f3907d96d7329746a8df7fc2","sha256:0bc02fbb093e939812a0ca64bd21a807d815b89c5e034e73026d14535053f4e2","sha256:3866ad927dc8101b32941f0fe6e36e656eba398b92164688ce1d1afdeca7eb09","sha256:2621fdc21b32f8210d30df7b9f44c068fa347ce07f7e1935a2383e5f7e7ddecb","sha256:c116a9ba3dbfe8c6135659ba009883a03bdc660abfedc64e2528baa6d736dbc9"]},"Metadata":{"LastTagTime":"0001-01-01T00:00:00Z"},"Container":""}[\n]"
2024-07-24 14:30:09.687 [Test worker] DEBUG c.g.d.z.s.o.a.hc.client5.http.wire - http-outgoing-6 << "[\r][\n]"
2024-07-24 14:30:09.687 [Test worker] DEBUG c.g.d.z.s.o.a.hc.client5.http.wire - http-outgoing-6 << "0[\r][\n]"
2024-07-24 14:30:09.687 [Test worker] DEBUG c.g.d.z.s.o.a.hc.client5.http.wire - http-outgoing-6 << "[\r][\n]"
2024-07-24 14:30:09.687 [Test worker] DEBUG c.g.d.z.s.o.a.h.c.h.i.c.InternalHttpClient - ep-00000043: releasing valid endpoint
2024-07-24 14:30:09.687 [Test worker] DEBUG c.g.d.z.s.o.a.h.c.h.i.i.PoolingHttpClientConnectionManager - ep-00000043: releasing endpoint
2024-07-24 14:30:09.688 [Test worker] DEBUG c.g.d.z.s.o.a.h.c.h.i.i.PoolingHttpClientConnectionManager - ep-00000043: connection http-outgoing-6 can be kept alive for 3 MINUTES
2024-07-24 14:30:09.688 [Test worker] DEBUG c.g.d.z.s.o.a.h.c.h.i.i.PoolingHttpClientConnectionManager - ep-00000043: connection released [route: {}->npipe://localhost:2375][total available: 1; route allocated: 1 of 2147483647; total allocated: 1 of 2147483647]
2024-07-24 14:30:09.688 [Test worker] DEBUG o.t.s.c.g.d.c.command.AbstrDockerCmd - Cmd: 
2024-07-24 14:30:09.688 [Test worker] TRACE o.t.s.c.g.d.core.exec.VersionCmdExec - GET: DefaultWebTarget{path=[/version], queryParams={}}
2024-07-24 14:30:09.688 [Test worker] DEBUG c.g.d.z.s.o.a.h.c.h.i.c.InternalHttpClient - ex-00000045: preparing request execution
2024-07-24 14:30:09.688 [Test worker] DEBUG c.g.d.z.s.o.a.h.c.h.p.RequestAddCookies - Cookie spec selected: strict
2024-07-24 14:30:09.688 [Test worker] DEBUG c.g.d.z.s.o.a.h.c.h.p.RequestAuthCache - Auth cache not set in the context
2024-07-24 14:30:09.688 [Test worker] DEBUG c.g.d.z.s.o.a.h.c.h.i.c.ProtocolExec - ex-00000045: target auth state: UNCHALLENGED
2024-07-24 14:30:09.688 [Test worker] DEBUG c.g.d.z.s.o.a.h.c.h.i.c.ProtocolExec - ex-00000045: proxy auth state: UNCHALLENGED
2024-07-24 14:30:09.688 [Test worker] DEBUG c.g.d.z.s.o.a.h.c.h.i.c.ConnectExec - ex-00000045: acquiring connection with route {}->npipe://localhost:2375
2024-07-24 14:30:09.688 [Test worker] DEBUG c.g.d.z.s.o.a.h.c.h.i.c.InternalHttpClient - ex-00000045: acquiring endpoint (3 MINUTES)
2024-07-24 14:30:09.688 [Test worker] DEBUG c.g.d.z.s.o.a.h.c.h.i.i.PoolingHttpClientConnectionManager - ex-00000045: endpoint lease request (3 MINUTES) [route: {}->npipe://localhost:2375][total available: 1; route allocated: 1 of 2147483647; total allocated: 1 of 2147483647]
2024-07-24 14:30:09.688 [Test worker] DEBUG c.g.d.z.s.o.a.h.c.h.i.i.PoolingHttpClientConnectionManager - ex-00000045: endpoint leased [route: {}->npipe://localhost:2375][total available: 0; route allocated: 1 of 2147483647; total allocated: 1 of 2147483647]
2024-07-24 14:30:09.688 [Test worker] DEBUG c.g.d.z.s.o.a.h.c.h.i.i.PoolingHttpClientConnectionManager - ex-00000045: acquired ep-00000044
2024-07-24 14:30:09.688 [Test worker] DEBUG c.g.d.z.s.o.a.h.c.h.i.c.InternalHttpClient - ex-00000045: acquired endpoint ep-00000044
2024-07-24 14:30:09.688 [Test worker] DEBUG c.g.d.z.s.o.a.h.c.h.i.c.MainClientExec - ex-00000045: executing GET /v1.32/version HTTP/1.1
2024-07-24 14:30:09.688 [Test worker] DEBUG c.g.d.z.s.o.a.h.c.h.i.c.InternalHttpClient - ep-00000044: start execution ex-00000045
2024-07-24 14:30:09.688 [Test worker] DEBUG c.g.d.z.s.o.a.h.c.h.i.i.PoolingHttpClientConnectionManager - ep-00000044: executing exchange ex-00000045 over http-outgoing-6
2024-07-24 14:30:09.688 [Test worker] DEBUG c.g.d.z.s.o.a.h.client5.http.headers - http-outgoing-6 >> GET /v1.32/version HTTP/1.1
2024-07-24 14:30:09.688 [Test worker] DEBUG c.g.d.z.s.o.a.h.client5.http.headers - http-outgoing-6 >> accept: application/json
2024-07-24 14:30:09.688 [Test worker] DEBUG c.g.d.z.s.o.a.h.client5.http.headers - http-outgoing-6 >> x-tc-sid: 280e6229-7396-4d60-b1e3-a5de48b5d49b
2024-07-24 14:30:09.688 [Test worker] DEBUG c.g.d.z.s.o.a.h.client5.http.headers - http-outgoing-6 >> User-Agent: tc-java/1.19.8
2024-07-24 14:30:09.688 [Test worker] DEBUG c.g.d.z.s.o.a.h.client5.http.headers - http-outgoing-6 >> Accept-Encoding: gzip, x-gzip, deflate
2024-07-24 14:30:09.688 [Test worker] DEBUG c.g.d.z.s.o.a.h.client5.http.headers - http-outgoing-6 >> Host: localhost:2375
2024-07-24 14:30:09.688 [Test worker] DEBUG c.g.d.z.s.o.a.h.client5.http.headers - http-outgoing-6 >> Connection: keep-alive
2024-07-24 14:30:09.688 [Test worker] DEBUG c.g.d.z.s.o.a.hc.client5.http.wire - http-outgoing-6 >> "GET /v1.32/version HTTP/1.1[\r][\n]"
2024-07-24 14:30:09.688 [Test worker] DEBUG c.g.d.z.s.o.a.hc.client5.http.wire - http-outgoing-6 >> "accept: application/json[\r][\n]"
2024-07-24 14:30:09.688 [Test worker] DEBUG c.g.d.z.s.o.a.hc.client5.http.wire - http-outgoing-6 >> "x-tc-sid: 280e6229-7396-4d60-b1e3-a5de48b5d49b[\r][\n]"
2024-07-24 14:30:09.688 [Test worker] DEBUG c.g.d.z.s.o.a.hc.client5.http.wire - http-outgoing-6 >> "User-Agent: tc-java/1.19.8[\r][\n]"
2024-07-24 14:30:09.688 [Test worker] DEBUG c.g.d.z.s.o.a.hc.client5.http.wire - http-outgoing-6 >> "Accept-Encoding: gzip, x-gzip, deflate[\r][\n]"
2024-07-24 14:30:09.688 [Test worker] DEBUG c.g.d.z.s.o.a.hc.client5.http.wire - http-outgoing-6 >> "Host: localhost:2375[\r][\n]"
2024-07-24 14:30:09.688 [Test worker] DEBUG c.g.d.z.s.o.a.hc.client5.http.wire - http-outgoing-6 >> "Connection: keep-alive[\r][\n]"
2024-07-24 14:30:09.688 [Test worker] DEBUG c.g.d.z.s.o.a.hc.client5.http.wire - http-outgoing-6 >> "[\r][\n]"
2024-07-24 14:30:09.703 [Test worker] DEBUG c.g.d.z.s.o.a.hc.client5.http.wire - http-outgoing-6 << "HTTP/1.1 200 OK[\r][\n]"
2024-07-24 14:30:09.703 [Test worker] DEBUG c.g.d.z.s.o.a.hc.client5.http.wire - http-outgoing-6 << "Api-Version: 1.45[\r][\n]"
2024-07-24 14:30:09.703 [Test worker] DEBUG c.g.d.z.s.o.a.hc.client5.http.wire - http-outgoing-6 << "Content-Type: application/json[\r][\n]"
2024-07-24 14:30:09.703 [Test worker] DEBUG c.g.d.z.s.o.a.hc.client5.http.wire - http-outgoing-6 << "Date: Wed, 24 Jul 2024 02:30:09 GMT[\r][\n]"
2024-07-24 14:30:09.703 [Test worker] DEBUG c.g.d.z.s.o.a.hc.client5.http.wire - http-outgoing-6 << "Docker-Experimental: false[\r][\n]"
2024-07-24 14:30:09.703 [Test worker] DEBUG c.g.d.z.s.o.a.hc.client5.http.wire - http-outgoing-6 << "Ostype: linux[\r][\n]"
2024-07-24 14:30:09.703 [Test worker] DEBUG c.g.d.z.s.o.a.hc.client5.http.wire - http-outgoing-6 << "Server: Docker/26.0.0 (linux)[\r][\n]"
2024-07-24 14:30:09.703 [Test worker] DEBUG c.g.d.z.s.o.a.hc.client5.http.wire - http-outgoing-6 << "Transfer-Encoding: chunked[\r][\n]"
2024-07-24 14:30:09.703 [Test worker] DEBUG c.g.d.z.s.o.a.hc.client5.http.wire - http-outgoing-6 << "[\r][\n]"
2024-07-24 14:30:09.703 [Test worker] DEBUG c.g.d.z.s.o.a.h.client5.http.headers - http-outgoing-6 << HTTP/1.1 200 OK
2024-07-24 14:30:09.704 [Test worker] DEBUG c.g.d.z.s.o.a.h.client5.http.headers - http-outgoing-6 << Api-Version: 1.45
2024-07-24 14:30:09.704 [Test worker] DEBUG c.g.d.z.s.o.a.h.client5.http.headers - http-outgoing-6 << Content-Type: application/json
2024-07-24 14:30:09.704 [Test worker] DEBUG c.g.d.z.s.o.a.h.client5.http.headers - http-outgoing-6 << Date: Wed, 24 Jul 2024 02:30:09 GMT
2024-07-24 14:30:09.704 [Test worker] DEBUG c.g.d.z.s.o.a.h.client5.http.headers - http-outgoing-6 << Docker-Experimental: false
2024-07-24 14:30:09.704 [Test worker] DEBUG c.g.d.z.s.o.a.h.client5.http.headers - http-outgoing-6 << Ostype: linux
2024-07-24 14:30:09.704 [Test worker] DEBUG c.g.d.z.s.o.a.h.client5.http.headers - http-outgoing-6 << Server: Docker/26.0.0 (linux)
2024-07-24 14:30:09.704 [Test worker] DEBUG c.g.d.z.s.o.a.h.client5.http.headers - http-outgoing-6 << Transfer-Encoding: chunked
2024-07-24 14:30:09.704 [Test worker] DEBUG c.g.d.z.s.o.a.h.c.h.i.c.MainClientExec - ex-00000045: connection can be kept alive for 3 MINUTES
2024-07-24 14:30:09.704 [Test worker] DEBUG c.g.d.z.s.o.a.hc.client5.http.wire - http-outgoing-6 << "35f[\r][\n]"
2024-07-24 14:30:09.704 [Test worker] DEBUG c.g.d.z.s.o.a.hc.client5.http.wire - http-outgoing-6 << "{"Platform":{"Name":"Docker Desktop 4.29.0 (145265)"},"Components":[{"Name":"Engine","Version":"26.0.0","Details":{"ApiVersion":"1.45","Arch":"amd64","BuildTime":"2024-03-20T15:18:01.000000000+00:00","Experimental":"false","GitCommit":"8b79278","GoVersion":"go1.21.8","KernelVersion":"5.15.153.1-microsoft-standard-WSL2","MinAPIVersion":"1.24","Os":"linux"}},{"Name":"containerd","Version":"1.6.28","Details":{"GitCommit":"ae07eda36dd25f8a1b98dfbf587313b99c0190bb"}},{"Name":"runc","Version":"1.1.12","Details":{"GitCommit":"v1.1.12-0-g51d5e94"}},{"Name":"docker-init","Version":"0.19.0","Details":{"GitCommit":"de40ad0"}}],"Version":"26.0.0","ApiVersion":"1.45","MinAPIVersion":"1.24","GitCommit":"8b79278","GoVersion":"go1.21.8","Os":"linux","Arch":"amd64","KernelVersion":"5.15.153.1-microsoft-standard-WSL2","BuildTime":"2024-03-20T15:18:01.000000000+00:00"}[\n]"
2024-07-24 14:30:09.704 [Test worker] DEBUG c.g.d.z.s.o.a.hc.client5.http.wire - http-outgoing-6 << "[\r][\n]"
2024-07-24 14:30:09.704 [Test worker] DEBUG c.g.d.z.s.o.a.hc.client5.http.wire - http-outgoing-6 << "0[\r][\n]"
2024-07-24 14:30:09.704 [Test worker] DEBUG c.g.d.z.s.o.a.hc.client5.http.wire - http-outgoing-6 << "[\r][\n]"
2024-07-24 14:30:09.705 [Test worker] DEBUG c.g.d.z.s.o.a.h.c.h.i.c.InternalHttpClient - ep-00000044: releasing valid endpoint
2024-07-24 14:30:09.705 [Test worker] DEBUG c.g.d.z.s.o.a.h.c.h.i.i.PoolingHttpClientConnectionManager - ep-00000044: releasing endpoint
2024-07-24 14:30:09.705 [Test worker] DEBUG c.g.d.z.s.o.a.h.c.h.i.i.PoolingHttpClientConnectionManager - ep-00000044: connection http-outgoing-6 can be kept alive for 3 MINUTES
2024-07-24 14:30:09.705 [Test worker] DEBUG c.g.d.z.s.o.a.h.c.h.i.i.PoolingHttpClientConnectionManager - ep-00000044: connection released [route: {}->npipe://localhost:2375][total available: 1; route allocated: 1 of 2147483647; total allocated: 1 of 2147483647]
2024-07-24 14:30:09.706 [Test worker] TRACE o.t.s.c.g.d.c.e.LogContainerCmdExec - GET: DefaultWebTarget{path=[/containers/afcc96ed33635e7bd74e2151e7e34065e0aba62864b5576e172f05974628f666/logs], queryParams={stdout=[true], stderr=[true], follow=[true], since=[0]}}
2024-07-24 14:30:09.707 [docker-java-stream--76406410] DEBUG c.g.d.z.s.o.a.h.c.h.i.c.InternalHttpClient - ex-00000046: preparing request execution
2024-07-24 14:30:09.707 [docker-java-stream--76406410] DEBUG c.g.d.z.s.o.a.h.c.h.p.RequestAddCookies - Cookie spec selected: strict
2024-07-24 14:30:09.707 [docker-java-stream--76406410] DEBUG c.g.d.z.s.o.a.h.c.h.p.RequestAuthCache - Auth cache not set in the context
2024-07-24 14:30:09.707 [docker-java-stream--76406410] DEBUG c.g.d.z.s.o.a.h.c.h.i.c.ProtocolExec - ex-00000046: target auth state: UNCHALLENGED
2024-07-24 14:30:09.707 [docker-java-stream--76406410] DEBUG c.g.d.z.s.o.a.h.c.h.i.c.ProtocolExec - ex-00000046: proxy auth state: UNCHALLENGED
2024-07-24 14:30:09.707 [docker-java-stream--76406410] DEBUG c.g.d.z.s.o.a.h.c.h.i.c.ConnectExec - ex-00000046: acquiring connection with route {}->npipe://localhost:2375
2024-07-24 14:30:09.707 [docker-java-stream--76406410] DEBUG c.g.d.z.s.o.a.h.c.h.i.c.InternalHttpClient - ex-00000046: acquiring endpoint (3 MINUTES)
2024-07-24 14:30:09.707 [docker-java-stream--76406410] DEBUG c.g.d.z.s.o.a.h.c.h.i.i.PoolingHttpClientConnectionManager - ex-00000046: endpoint lease request (3 MINUTES) [route: {}->npipe://localhost:2375][total available: 1; route allocated: 1 of 2147483647; total allocated: 1 of 2147483647]
2024-07-24 14:30:09.708 [docker-java-stream--76406410] DEBUG c.g.d.z.s.o.a.h.c.h.i.i.PoolingHttpClientConnectionManager - ex-00000046: endpoint leased [route: {}->npipe://localhost:2375][total available: 0; route allocated: 1 of 2147483647; total allocated: 1 of 2147483647]
2024-07-24 14:30:09.708 [docker-java-stream--76406410] DEBUG c.g.d.z.s.o.a.h.c.h.i.i.PoolingHttpClientConnectionManager - ex-00000046: acquired ep-00000045
2024-07-24 14:30:09.708 [docker-java-stream--76406410] DEBUG c.g.d.z.s.o.a.h.c.h.i.c.InternalHttpClient - ex-00000046: acquired endpoint ep-00000045
2024-07-24 14:30:09.708 [docker-java-stream--76406410] DEBUG c.g.d.z.s.o.a.h.c.h.i.c.MainClientExec - ex-00000046: executing GET /v1.32/containers/afcc96ed33635e7bd74e2151e7e34065e0aba62864b5576e172f05974628f666/logs?stdout=true&stderr=true&follow=true&since=0 HTTP/1.1
2024-07-24 14:30:09.708 [docker-java-stream--76406410] DEBUG c.g.d.z.s.o.a.h.c.h.i.c.InternalHttpClient - ep-00000045: start execution ex-00000046
2024-07-24 14:30:09.708 [docker-java-stream--76406410] DEBUG c.g.d.z.s.o.a.h.c.h.i.i.PoolingHttpClientConnectionManager - ep-00000045: executing exchange ex-00000046 over http-outgoing-6
2024-07-24 14:30:09.708 [docker-java-stream--76406410] DEBUG c.g.d.z.s.o.a.h.client5.http.headers - http-outgoing-6 >> GET /v1.32/containers/afcc96ed33635e7bd74e2151e7e34065e0aba62864b5576e172f05974628f666/logs?stdout=true&stderr=true&follow=true&since=0 HTTP/1.1
2024-07-24 14:30:09.708 [docker-java-stream--76406410] DEBUG c.g.d.z.s.o.a.h.client5.http.headers - http-outgoing-6 >> x-tc-sid: 280e6229-7396-4d60-b1e3-a5de48b5d49b
2024-07-24 14:30:09.708 [docker-java-stream--76406410] DEBUG c.g.d.z.s.o.a.h.client5.http.headers - http-outgoing-6 >> User-Agent: tc-java/1.19.8
2024-07-24 14:30:09.708 [docker-java-stream--76406410] DEBUG c.g.d.z.s.o.a.h.client5.http.headers - http-outgoing-6 >> Accept-Encoding: gzip, x-gzip, deflate
2024-07-24 14:30:09.708 [docker-java-stream--76406410] DEBUG c.g.d.z.s.o.a.h.client5.http.headers - http-outgoing-6 >> Host: localhost:2375
2024-07-24 14:30:09.708 [docker-java-stream--76406410] DEBUG c.g.d.z.s.o.a.h.client5.http.headers - http-outgoing-6 >> Connection: keep-alive
2024-07-24 14:30:09.708 [docker-java-stream--76406410] DEBUG c.g.d.z.s.o.a.hc.client5.http.wire - http-outgoing-6 >> "GET /v1.32/containers/afcc96ed33635e7bd74e2151e7e34065e0aba62864b5576e172f05974628f666/logs?stdout=true&stderr=true&follow=true&since=0 HTTP/1.1[\r][\n]"
2024-07-24 14:30:09.708 [docker-java-stream--76406410] DEBUG c.g.d.z.s.o.a.hc.client5.http.wire - http-outgoing-6 >> "x-tc-sid: 280e6229-7396-4d60-b1e3-a5de48b5d49b[\r][\n]"
2024-07-24 14:30:09.708 [docker-java-stream--76406410] DEBUG c.g.d.z.s.o.a.hc.client5.http.wire - http-outgoing-6 >> "User-Agent: tc-java/1.19.8[\r][\n]"
2024-07-24 14:30:09.708 [docker-java-stream--76406410] DEBUG c.g.d.z.s.o.a.hc.client5.http.wire - http-outgoing-6 >> "Accept-Encoding: gzip, x-gzip, deflate[\r][\n]"
2024-07-24 14:30:09.708 [docker-java-stream--76406410] DEBUG c.g.d.z.s.o.a.hc.client5.http.wire - http-outgoing-6 >> "Host: localhost:2375[\r][\n]"
2024-07-24 14:30:09.708 [docker-java-stream--76406410] DEBUG c.g.d.z.s.o.a.hc.client5.http.wire - http-outgoing-6 >> "Connection: keep-alive[\r][\n]"
2024-07-24 14:30:09.708 [docker-java-stream--76406410] DEBUG c.g.d.z.s.o.a.hc.client5.http.wire - http-outgoing-6 >> "[\r][\n]"
2024-07-24 14:30:09.712 [docker-java-stream--76406410] DEBUG c.g.d.z.s.o.a.hc.client5.http.wire - http-outgoing-6 << "HTTP/1.1 200 OK[\r][\n]"
2024-07-24 14:30:09.712 [docker-java-stream--76406410] DEBUG c.g.d.z.s.o.a.hc.client5.http.wire - http-outgoing-6 << "Api-Version: 1.45[\r][\n]"
2024-07-24 14:30:09.712 [docker-java-stream--76406410] DEBUG c.g.d.z.s.o.a.hc.client5.http.wire - http-outgoing-6 << "Content-Type: application/vnd.docker.raw-stream[\r][\n]"
2024-07-24 14:30:09.712 [docker-java-stream--76406410] DEBUG c.g.d.z.s.o.a.hc.client5.http.wire - http-outgoing-6 << "Date: Wed, 24 Jul 2024 02:30:09 GMT[\r][\n]"
2024-07-24 14:30:09.712 [docker-java-stream--76406410] DEBUG c.g.d.z.s.o.a.hc.client5.http.wire - http-outgoing-6 << "Docker-Experimental: false[\r][\n]"
2024-07-24 14:30:09.712 [docker-java-stream--76406410] DEBUG c.g.d.z.s.o.a.hc.client5.http.wire - http-outgoing-6 << "Ostype: linux[\r][\n]"
2024-07-24 14:30:09.712 [docker-java-stream--76406410] DEBUG c.g.d.z.s.o.a.hc.client5.http.wire - http-outgoing-6 << "Server: Docker/26.0.0 (linux)[\r][\n]"
2024-07-24 14:30:09.712 [docker-java-stream--76406410] DEBUG c.g.d.z.s.o.a.hc.client5.http.wire - http-outgoing-6 << "Transfer-Encoding: chunked[\r][\n]"
2024-07-24 14:30:09.712 [docker-java-stream--76406410] DEBUG c.g.d.z.s.o.a.hc.client5.http.wire - http-outgoing-6 << "[\r][\n]"
2024-07-24 14:30:09.712 [docker-java-stream--76406410] DEBUG c.g.d.z.s.o.a.h.client5.http.headers - http-outgoing-6 << HTTP/1.1 200 OK
2024-07-24 14:30:09.712 [docker-java-stream--76406410] DEBUG c.g.d.z.s.o.a.h.client5.http.headers - http-outgoing-6 << Api-Version: 1.45
2024-07-24 14:30:09.712 [docker-java-stream--76406410] DEBUG c.g.d.z.s.o.a.h.client5.http.headers - http-outgoing-6 << Content-Type: application/vnd.docker.raw-stream
2024-07-24 14:30:09.712 [docker-java-stream--76406410] DEBUG c.g.d.z.s.o.a.h.client5.http.headers - http-outgoing-6 << Date: Wed, 24 Jul 2024 02:30:09 GMT
2024-07-24 14:30:09.712 [docker-java-stream--76406410] DEBUG c.g.d.z.s.o.a.h.client5.http.headers - http-outgoing-6 << Docker-Experimental: false
2024-07-24 14:30:09.712 [docker-java-stream--76406410] DEBUG c.g.d.z.s.o.a.h.client5.http.headers - http-outgoing-6 << Ostype: linux
2024-07-24 14:30:09.712 [docker-java-stream--76406410] DEBUG c.g.d.z.s.o.a.h.client5.http.headers - http-outgoing-6 << Server: Docker/26.0.0 (linux)
2024-07-24 14:30:09.712 [docker-java-stream--76406410] DEBUG c.g.d.z.s.o.a.h.client5.http.headers - http-outgoing-6 << Transfer-Encoding: chunked
2024-07-24 14:30:09.713 [docker-java-stream--76406410] DEBUG c.g.d.z.s.o.a.h.c.h.i.c.MainClientExec - ex-00000046: connection can be kept alive for 3 MINUTES
2024-07-24 14:30:09.714 [docker-java-stream--76406410] DEBUG c.g.d.z.s.o.a.hc.client5.http.wire - http-outgoing-6 << "1fd[\r][\n]"
2024-07-24 14:30:09.714 [docker-java-stream--76406410] DEBUG c.g.d.z.s.o.a.hc.client5.http.wire - http-outgoing-6 << "[0x1][0x0][0x0][0x0][0x0][0x0][0x0]NThe files belonging to this database system will be owned by user "postgres".[\n]"
2024-07-24 14:30:09.714 [docker-java-stream--76406410] DEBUG c.g.d.z.s.o.a.hc.client5.http.wire - http-outgoing-6 << "[0x1][0x0][0x0][0x0][0x0][0x0][0x0],This user must also own the server process.[\n]"
2024-07-24 14:30:09.714 [docker-java-stream--76406410] DEBUG c.g.d.z.s.o.a.hc.client5.http.wire - http-outgoing-6 << "[0x1][0x0][0x0][0x0][0x0][0x0][0x0][0x1][\n]"
2024-07-24 14:30:09.714 [docker-java-stream--76406410] DEBUG c.g.d.z.s.o.a.hc.client5.http.wire - http-outgoing-6 << "[0x1][0x0][0x0][0x0][0x0][0x0][0x0]CThe database cluster will be initialized with locale "en_US.utf8".[\n]"
2024-07-24 14:30:09.714 [docker-java-stream--76406410] DEBUG c.g.d.z.s.o.a.hc.client5.http.wire - http-outgoing-6 << "[0x1][0x0][0x0][0x0][0x0][0x0][0x0]BThe default database encoding has accordingly been set to "UTF8".[\n]"
2024-07-24 14:30:09.714 [docker-java-stream--76406410] DEBUG c.g.d.z.s.o.a.hc.client5.http.wire - http-outgoing-6 << "[0x1][0x0][0x0][0x0][0x0][0x0][0x0]@The default text search configuration will be set to "english".[\n]"
2024-07-24 14:30:09.714 [docker-java-stream--76406410] DEBUG c.g.d.z.s.o.a.hc.client5.http.wire - http-outgoing-6 << "[0x1][0x0][0x0][0x0][0x0][0x0][0x0][0x1][\n]"
2024-07-24 14:30:09.714 [docker-java-stream--76406410] DEBUG c.g.d.z.s.o.a.hc.client5.http.wire - http-outgoing-6 << "[0x1][0x0][0x0][0x0][0x0][0x0][0x0]"Data page checksums are disabled.[\n]"
2024-07-24 14:30:09.714 [docker-java-stream--76406410] DEBUG c.g.d.z.s.o.a.hc.client5.http.wire - http-outgoing-6 << "[0x1][0x0][0x0][0x0][0x0][0x0][0x0][0x1][\n]"
2024-07-24 14:30:09.714 [docker-java-stream--76406410] DEBUG c.g.d.z.s.o.a.hc.client5.http.wire - http-outgoing-6 << "[0x1][0x0][0x0][0x0][0x0][0x0][0x0]Ifixing permissions on existing directory /var/lib/postgresql/data ... ok[\n]"
2024-07-24 14:30:09.714 [docker-java-stream--76406410] DEBUG c.g.d.z.s.o.a.hc.client5.http.wire - http-outgoing-6 << "[\r][\n]"
2024-07-24 14:30:09.714 [Test worker] DEBUG o.t.c.output.WaitingConsumer - STDOUT: fixing permissions on existing directory /var/lib/postgresql/data ... ok
2024-07-24 14:30:09.714 [Test worker] DEBUG o.t.c.output.WaitingConsumer - STDOUT: 
2024-07-24 14:30:09.714 [Test worker] DEBUG o.t.c.output.WaitingConsumer - STDOUT: Data page checksums are disabled.
2024-07-24 14:30:09.714 [Test worker] DEBUG o.t.c.output.WaitingConsumer - STDOUT: 
2024-07-24 14:30:09.714 [Test worker] DEBUG o.t.c.output.WaitingConsumer - STDOUT: The default text search configuration will be set to "english".
2024-07-24 14:30:09.714 [Test worker] DEBUG o.t.c.output.WaitingConsumer - STDOUT: The default database encoding has accordingly been set to "UTF8".
2024-07-24 14:30:09.714 [Test worker] DEBUG o.t.c.output.WaitingConsumer - STDOUT: The database cluster will be initialized with locale "en_US.utf8".
2024-07-24 14:30:09.714 [Test worker] DEBUG o.t.c.output.WaitingConsumer - STDOUT: 
2024-07-24 14:30:09.714 [Test worker] DEBUG o.t.c.output.WaitingConsumer - STDOUT: This user must also own the server process.
2024-07-24 14:30:09.714 [Test worker] DEBUG o.t.c.output.WaitingConsumer - STDOUT: The files belonging to this database system will be owned by user "postgres".
2024-07-24 14:30:09.717 [docker-java-stream--76406410] DEBUG c.g.d.z.s.o.a.hc.client5.http.wire - http-outgoing-6 << "68[\r][\n]"
2024-07-24 14:30:09.717 [docker-java-stream--76406410] DEBUG c.g.d.z.s.o.a.hc.client5.http.wire - http-outgoing-6 << "[0x1][0x0][0x0][0x0][0x0][0x0][0x0][0x1f]creating subdirectories ... ok[\n]"
2024-07-24 14:30:09.717 [docker-java-stream--76406410] DEBUG c.g.d.z.s.o.a.hc.client5.http.wire - http-outgoing-6 << "[0x1][0x0][0x0][0x0][0x0][0x0][0x0]9selecting dynamic shared memory implementation ... posix[\n]"
2024-07-24 14:30:09.717 [docker-java-stream--76406410] DEBUG c.g.d.z.s.o.a.hc.client5.http.wire - http-outgoing-6 << "[\r][\n]"
2024-07-24 14:30:09.726 [Test worker] DEBUG o.t.c.output.WaitingConsumer - STDOUT: selecting dynamic shared memory implementation ... posix
2024-07-24 14:30:09.726 [Test worker] DEBUG o.t.c.output.WaitingConsumer - STDOUT: creating subdirectories ... ok
2024-07-24 14:30:09.739 [docker-java-stream--76406410] DEBUG c.g.d.z.s.o.a.hc.client5.http.wire - http-outgoing-6 << "32[\r][\n]"
2024-07-24 14:30:09.739 [docker-java-stream--76406410] DEBUG c.g.d.z.s.o.a.hc.client5.http.wire - http-outgoing-6 << "[0x1][0x0][0x0][0x0][0x0][0x0][0x0]*selecting default max_connections ... 100[\n]"
2024-07-24 14:30:09.739 [docker-java-stream--76406410] DEBUG c.g.d.z.s.o.a.hc.client5.http.wire - http-outgoing-6 << "[\r][\n]"
2024-07-24 14:30:09.741 [Test worker] DEBUG o.t.c.output.WaitingConsumer - STDOUT: selecting default max_connections ... 100
2024-07-24 14:30:09.768 [docker-java-stream--76406410] DEBUG c.g.d.z.s.o.a.hc.client5.http.wire - http-outgoing-6 << "33[\r][\n]"
2024-07-24 14:30:09.768 [docker-java-stream--76406410] DEBUG c.g.d.z.s.o.a.hc.client5.http.wire - http-outgoing-6 << "[0x1][0x0][0x0][0x0][0x0][0x0][0x0]+selecting default shared_buffers ... 128MB[\n]"
2024-07-24 14:30:09.768 [docker-java-stream--76406410] DEBUG c.g.d.z.s.o.a.hc.client5.http.wire - http-outgoing-6 << "[\r][\n]"
2024-07-24 14:30:09.768 [Test worker] DEBUG o.t.c.output.WaitingConsumer - STDOUT: selecting default shared_buffers ... 128MB
2024-07-24 14:30:09.790 [docker-java-stream--76406410] DEBUG c.g.d.z.s.o.a.hc.client5.http.wire - http-outgoing-6 << "30[\r][\n]"
2024-07-24 14:30:09.790 [docker-java-stream--76406410] DEBUG c.g.d.z.s.o.a.hc.client5.http.wire - http-outgoing-6 << "[0x1][0x0][0x0][0x0][0x0][0x0][0x0](selecting default time zone ... Etc/UTC[\n]"
2024-07-24 14:30:09.790 [docker-java-stream--76406410] DEBUG c.g.d.z.s.o.a.hc.client5.http.wire - http-outgoing-6 << "[\r][\n]"
2024-07-24 14:30:09.790 [Test worker] DEBUG o.t.c.output.WaitingConsumer - STDOUT: selecting default time zone ... Etc/UTC
2024-07-24 14:30:09.790 [docker-java-stream--76406410] DEBUG c.g.d.z.s.o.a.hc.client5.http.wire - http-outgoing-6 << "2c[\r][\n]"
2024-07-24 14:30:09.790 [docker-java-stream--76406410] DEBUG c.g.d.z.s.o.a.hc.client5.http.wire - http-outgoing-6 << "[0x1][0x0][0x0][0x0][0x0][0x0][0x0]$creating configuration files ... ok[\n]"
2024-07-24 14:30:09.790 [docker-java-stream--76406410] DEBUG c.g.d.z.s.o.a.hc.client5.http.wire - http-outgoing-6 << "[\r][\n]"
2024-07-24 14:30:09.803 [Test worker] DEBUG o.t.c.output.WaitingConsumer - STDOUT: creating configuration files ... ok
2024-07-24 14:30:09.924 [docker-java-stream--76406410] DEBUG c.g.d.z.s.o.a.hc.client5.http.wire - http-outgoing-6 << "28[\r][\n]"
2024-07-24 14:30:09.924 [docker-java-stream--76406410] DEBUG c.g.d.z.s.o.a.hc.client5.http.wire - http-outgoing-6 << "[0x1][0x0][0x0][0x0][0x0][0x0][0x0] running bootstrap script ... ok[\n]"
2024-07-24 14:30:09.924 [docker-java-stream--76406410] DEBUG c.g.d.z.s.o.a.hc.client5.http.wire - http-outgoing-6 << "[\r][\n]"
2024-07-24 14:30:09.924 [Test worker] DEBUG o.t.c.output.WaitingConsumer - STDOUT: running bootstrap script ... ok
2024-07-24 14:30:10.246 [docker-java-stream--76406410] DEBUG c.g.d.z.s.o.a.hc.client5.http.wire - http-outgoing-6 << "38[\r][\n]"
2024-07-24 14:30:10.246 [docker-java-stream--76406410] DEBUG c.g.d.z.s.o.a.hc.client5.http.wire - http-outgoing-6 << "[0x1][0x0][0x0][0x0][0x0][0x0][0x0]0performing post-bootstrap initialization ... ok[\n]"
2024-07-24 14:30:10.246 [docker-java-stream--76406410] DEBUG c.g.d.z.s.o.a.hc.client5.http.wire - http-outgoing-6 << "[\r][\n]"
2024-07-24 14:30:10.246 [Test worker] DEBUG o.t.c.output.WaitingConsumer - STDOUT: performing post-bootstrap initialization ... ok
2024-07-24 14:30:10.866 [docker-java-stream--76406410] DEBUG c.g.d.z.s.o.a.hc.client5.http.wire - http-outgoing-6 << "1ad[\r][\n]"
2024-07-24 14:30:10.866 [docker-java-stream--76406410] DEBUG c.g.d.z.s.o.a.hc.client5.http.wire - http-outgoing-6 << "[0x2][0x0][0x0][0x0][0x0][0x0][0x0]Ginitdb: warning: enabling "trust" authentication for local connections[\n]"
2024-07-24 14:30:10.866 [docker-java-stream--76406410] DEBUG c.g.d.z.s.o.a.hc.client5.http.wire - http-outgoing-6 << "[0x2][0x0][0x0][0x0][0x0][0x0][0x0][0xffffff90]initdb: hint: You can change this by editing pg_hba.conf or using the option -A, or --auth-local and --auth-host, the next time you run initdb.[\n]"
2024-07-24 14:30:10.866 [docker-java-stream--76406410] DEBUG c.g.d.z.s.o.a.hc.client5.http.wire - http-outgoing-6 << "[0x1][0x0][0x0][0x0][0x0][0x0][0x0][0x1c]syncing data to disk ... ok[\n]"
2024-07-24 14:30:10.866 [docker-java-stream--76406410] DEBUG c.g.d.z.s.o.a.hc.client5.http.wire - http-outgoing-6 << "[0x1][0x0][0x0][0x0][0x0][0x0][0x0][0x1][\n]"
2024-07-24 14:30:10.866 [docker-java-stream--76406410] DEBUG c.g.d.z.s.o.a.hc.client5.http.wire - http-outgoing-6 << "[0x1][0x0][0x0][0x0][0x0][0x0][0x0][0x1][\n]"
2024-07-24 14:30:10.866 [docker-java-stream--76406410] DEBUG c.g.d.z.s.o.a.hc.client5.http.wire - http-outgoing-6 << "[0x1][0x0][0x0][0x0][0x0][0x0][0x0]6Success. You can now start the database server using:[\n]"
2024-07-24 14:30:10.866 [docker-java-stream--76406410] DEBUG c.g.d.z.s.o.a.hc.client5.http.wire - http-outgoing-6 << "[0x1][0x0][0x0][0x0][0x0][0x0][0x0][0x1][\n]"
2024-07-24 14:30:10.866 [docker-java-stream--76406410] DEBUG c.g.d.z.s.o.a.hc.client5.http.wire - http-outgoing-6 << "[0x1][0x0][0x0][0x0][0x0][0x0][0x0]8    pg_ctl -D /var/lib/postgresql/data -l logfile start[\n]"
2024-07-24 14:30:10.867 [docker-java-stream--76406410] DEBUG c.g.d.z.s.o.a.hc.client5.http.wire - http-outgoing-6 << "[0x1][0x0][0x0][0x0][0x0][0x0][0x0][0x1][\n]"
2024-07-24 14:30:10.867 [docker-java-stream--76406410] DEBUG c.g.d.z.s.o.a.hc.client5.http.wire - http-outgoing-6 << "[\r][\n]"
2024-07-24 14:30:10.867 [Test worker] DEBUG o.t.c.output.WaitingConsumer - STDOUT: 
2024-07-24 14:30:10.867 [Test worker] DEBUG o.t.c.output.WaitingConsumer - STDOUT: 
2024-07-24 14:30:10.867 [Test worker] DEBUG o.t.c.output.WaitingConsumer - STDOUT:     pg_ctl -D /var/lib/postgresql/data -l logfile start
2024-07-24 14:30:10.867 [Test worker] DEBUG o.t.c.output.WaitingConsumer - STDOUT: 
2024-07-24 14:30:10.867 [Test worker] DEBUG o.t.c.output.WaitingConsumer - STDOUT: Success. You can now start the database server using:
2024-07-24 14:30:10.867 [Test worker] DEBUG o.t.c.output.WaitingConsumer - STDOUT: 
2024-07-24 14:30:10.867 [Test worker] DEBUG o.t.c.output.WaitingConsumer - STDOUT: syncing data to disk ... ok
2024-07-24 14:30:10.867 [Test worker] DEBUG o.t.c.output.WaitingConsumer - STDERR: initdb: hint: You can change this by editing pg_hba.conf or using the option -A, or --auth-local and --auth-host, the next time you run initdb.
2024-07-24 14:30:10.867 [Test worker] DEBUG o.t.c.output.WaitingConsumer - STDERR: initdb: warning: enabling "trust" authentication for local connections
2024-07-24 14:30:10.910 [docker-java-stream--76406410] DEBUG c.g.d.z.s.o.a.hc.client5.http.wire - http-outgoing-6 << "137[\r][\n]"
2024-07-24 14:30:10.910 [docker-java-stream--76406410] DEBUG c.g.d.z.s.o.a.hc.client5.http.wire - http-outgoing-6 << "[0x1][0x0][0x0][0x0][0x0][0x0][0x0][0xffffffc3]waiting for server to start....2024-07-24 02:30:10.909 UTC [48] LOG:  starting PostgreSQL 16.2 (Debian 16.2-1.pgdg120+2) on x86_64-pc-linux-gnu, compiled by gcc (Debian 12.2.0-14) 12.2.0, 64-bit[\n]"
2024-07-24 14:30:10.911 [docker-java-stream--76406410] DEBUG c.g.d.z.s.o.a.hc.client5.http.wire - http-outgoing-6 << "[0x1][0x0][0x0][0x0][0x0][0x0][0x0]d2024-07-24 02:30:10.909 UTC [48] LOG:  listening on Unix socket "/var/run/postgresql/.s.PGSQL.5432"[\n]"
2024-07-24 14:30:10.911 [docker-java-stream--76406410] DEBUG c.g.d.z.s.o.a.hc.client5.http.wire - http-outgoing-6 << "[\r][\n]"
2024-07-24 14:30:10.911 [Test worker] DEBUG o.t.c.output.WaitingConsumer - STDOUT: 2024-07-24 02:30:10.909 UTC [48] LOG:  listening on Unix socket "/var/run/postgresql/.s.PGSQL.5432"
2024-07-24 14:30:10.911 [Test worker] DEBUG o.t.c.output.WaitingConsumer - STDOUT: waiting for server to start....2024-07-24 02:30:10.909 UTC [48] LOG:  starting PostgreSQL 16.2 (Debian 16.2-1.pgdg120+2) on x86_64-pc-linux-gnu, compiled by gcc (Debian 12.2.0-14) 12.2.0, 64-bit
2024-07-24 14:30:10.913 [docker-java-stream--76406410] DEBUG c.g.d.z.s.o.a.hc.client5.http.wire - http-outgoing-6 << "68[\r][\n]"
2024-07-24 14:30:10.913 [docker-java-stream--76406410] DEBUG c.g.d.z.s.o.a.hc.client5.http.wire - http-outgoing-6 << "[0x1][0x0][0x0][0x0][0x0][0x0][0x0]`2024-07-24 02:30:10.912 UTC [51] LOG:  database system was shut down at 2024-07-24 02:30:10 UTC[\n]"
2024-07-24 14:30:10.913 [docker-java-stream--76406410] DEBUG c.g.d.z.s.o.a.hc.client5.http.wire - http-outgoing-6 << "[\r][\n]"
2024-07-24 14:30:10.916 [docker-java-stream--76406410] DEBUG c.g.d.z.s.o.a.hc.client5.http.wire - http-outgoing-6 << "5e[\r][\n]"
2024-07-24 14:30:10.916 [docker-java-stream--76406410] DEBUG c.g.d.z.s.o.a.hc.client5.http.wire - http-outgoing-6 << "[0x1][0x0][0x0][0x0][0x0][0x0][0x0]V2024-07-24 02:30:10.916 UTC [48] LOG:  database system is ready to accept connections[\n]"
2024-07-24 14:30:10.916 [docker-java-stream--76406410] DEBUG c.g.d.z.s.o.a.hc.client5.http.wire - http-outgoing-6 << "[\r][\n]"
2024-07-24 14:30:10.925 [Test worker] DEBUG o.t.c.output.WaitingConsumer - STDOUT: 2024-07-24 02:30:10.916 UTC [48] LOG:  database system is ready to accept connections
2024-07-24 14:30:10.925 [Test worker] DEBUG o.t.c.output.WaitingConsumer - STDOUT: 2024-07-24 02:30:10.912 UTC [51] LOG:  database system was shut down at 2024-07-24 02:30:10 UTC
2024-07-24 14:30:10.993 [docker-java-stream--76406410] DEBUG c.g.d.z.s.o.a.hc.client5.http.wire - http-outgoing-6 << "25[\r][\n]"
2024-07-24 14:30:10.993 [docker-java-stream--76406410] DEBUG c.g.d.z.s.o.a.hc.client5.http.wire - http-outgoing-6 << "[0x1][0x0][0x0][0x0][0x0][0x0][0x0][0x6] done[\n]"
2024-07-24 14:30:10.993 [docker-java-stream--76406410] DEBUG c.g.d.z.s.o.a.hc.client5.http.wire - http-outgoing-6 << "[0x1][0x0][0x0][0x0][0x0][0x0][0x0][0xf]server started[\n]"
2024-07-24 14:30:10.993 [docker-java-stream--76406410] DEBUG c.g.d.z.s.o.a.hc.client5.http.wire - http-outgoing-6 << "[\r][\n]"
2024-07-24 14:30:10.993 [Test worker] DEBUG o.t.c.output.WaitingConsumer - STDOUT:  done
2024-07-24 14:30:10.993 [Test worker] DEBUG o.t.c.output.WaitingConsumer - STDOUT: server started
2024-07-24 14:30:11.083 [docker-java-stream--76406410] DEBUG c.g.d.z.s.o.a.hc.client5.http.wire - http-outgoing-6 << "18[\r][\n]"
2024-07-24 14:30:11.083 [docker-java-stream--76406410] DEBUG c.g.d.z.s.o.a.hc.client5.http.wire - http-outgoing-6 << "[0x1][0x0][0x0][0x0][0x0][0x0][0x0][0x10]CREATE DATABASE[\n]"
2024-07-24 14:30:11.083 [docker-java-stream--76406410] DEBUG c.g.d.z.s.o.a.hc.client5.http.wire - http-outgoing-6 << "[\r][\n]"
2024-07-24 14:30:11.083 [Test worker] DEBUG o.t.c.output.WaitingConsumer - STDOUT: CREATE DATABASE
2024-07-24 14:30:11.084 [docker-java-stream--76406410] DEBUG c.g.d.z.s.o.a.hc.client5.http.wire - http-outgoing-6 << "6f[\r][\n]"
2024-07-24 14:30:11.084 [docker-java-stream--76406410] DEBUG c.g.d.z.s.o.a.hc.client5.http.wire - http-outgoing-6 << "[0x1][0x0][0x0][0x0][0x0][0x0][0x0][0x1][\n]"
2024-07-24 14:30:11.084 [docker-java-stream--76406410] DEBUG c.g.d.z.s.o.a.hc.client5.http.wire - http-outgoing-6 << "[0x1][0x0][0x0][0x0][0x0][0x0][0x0][0x1][\n]"
2024-07-24 14:30:11.084 [docker-java-stream--76406410] DEBUG c.g.d.z.s.o.a.hc.client5.http.wire - http-outgoing-6 << "[0x1][0x0][0x0][0x0][0x0][0x0][0x0]L/usr/local/bin/docker-entrypoint.sh: ignoring /docker-entrypoint-initdb.d/*[\n]"
2024-07-24 14:30:11.084 [docker-java-stream--76406410] DEBUG c.g.d.z.s.o.a.hc.client5.http.wire - http-outgoing-6 << "[0x1][0x0][0x0][0x0][0x0][0x0][0x0][0x1][\n]"
2024-07-24 14:30:11.084 [docker-java-stream--76406410] DEBUG c.g.d.z.s.o.a.hc.client5.http.wire - http-outgoing-6 << "[\r][\n]"
2024-07-24 14:30:11.085 [docker-java-stream--76406410] DEBUG c.g.d.z.s.o.a.hc.client5.http.wire - http-outgoing-6 << "c1[\r][\n]"
2024-07-24 14:30:11.085 [docker-java-stream--76406410] DEBUG c.g.d.z.s.o.a.hc.client5.http.wire - http-outgoing-6 << "[0x1][0x0][0x0][0x0][0x0][0x0][0x0]iwaiting for server to shut down....2024-07-24 02:30:11.085 UTC [48] LOG:  received fast shutdown request[\n]"
2024-07-24 14:30:11.085 [docker-java-stream--76406410] DEBUG c.g.d.z.s.o.a.hc.client5.http.wire - http-outgoing-6 << "[0x1][0x0][0x0][0x0][0x0][0x0][0x0]H2024-07-24 02:30:11.085 UTC [48] LOG:  aborting any active transactions[\n]"
2024-07-24 14:30:11.085 [docker-java-stream--76406410] DEBUG c.g.d.z.s.o.a.hc.client5.http.wire - http-outgoing-6 << "[\r][\n]"
2024-07-24 14:30:11.088 [docker-java-stream--76406410] DEBUG c.g.d.z.s.o.a.hc.client5.http.wire - http-outgoing-6 << "115[\r][\n]"
2024-07-24 14:30:11.088 [docker-java-stream--76406410] DEBUG c.g.d.z.s.o.a.hc.client5.http.wire - http-outgoing-6 << "[0x1][0x0][0x0][0x0][0x0][0x0][0x0]y2024-07-24 02:30:11.088 UTC [48] LOG:  background worker "logical replication launcher" (PID 54) exited with exit code 1[\n]"
2024-07-24 14:30:11.088 [docker-java-stream--76406410] DEBUG c.g.d.z.s.o.a.hc.client5.http.wire - http-outgoing-6 << "[0x1][0x0][0x0][0x0][0x0][0x0][0x0]52024-07-24 02:30:11.088 UTC [49] LOG:  shutting down[\n]"
2024-07-24 14:30:11.088 [docker-java-stream--76406410] DEBUG c.g.d.z.s.o.a.hc.client5.http.wire - http-outgoing-6 << "[0x1][0x0][0x0][0x0][0x0][0x0][0x0]O2024-07-24 02:30:11.088 UTC [49] LOG:  checkpoint starting: shutdown immediate[\n]"
2024-07-24 14:30:11.088 [docker-java-stream--76406410] DEBUG c.g.d.z.s.o.a.hc.client5.http.wire - http-outgoing-6 << "[\r][\n]"
2024-07-24 14:30:11.095 [Test worker] DEBUG o.t.c.output.WaitingConsumer - STDOUT: 2024-07-24 02:30:11.088 UTC [49] LOG:  checkpoint starting: shutdown immediate
2024-07-24 14:30:11.095 [Test worker] DEBUG o.t.c.output.WaitingConsumer - STDOUT: 2024-07-24 02:30:11.088 UTC [49] LOG:  shutting down
2024-07-24 14:30:11.095 [Test worker] DEBUG o.t.c.output.WaitingConsumer - STDOUT: 2024-07-24 02:30:11.088 UTC [48] LOG:  background worker "logical replication launcher" (PID 54) exited with exit code 1
2024-07-24 14:30:11.095 [Test worker] DEBUG o.t.c.output.WaitingConsumer - STDOUT: 2024-07-24 02:30:11.085 UTC [48] LOG:  aborting any active transactions
2024-07-24 14:30:11.095 [Test worker] DEBUG o.t.c.output.WaitingConsumer - STDOUT: waiting for server to shut down....2024-07-24 02:30:11.085 UTC [48] LOG:  received fast shutdown request
2024-07-24 14:30:11.095 [Test worker] DEBUG o.t.c.output.WaitingConsumer - STDOUT: 
2024-07-24 14:30:11.095 [Test worker] DEBUG o.t.c.output.WaitingConsumer - STDOUT: /usr/local/bin/docker-entrypoint.sh: ignoring /docker-entrypoint-initdb.d/*
2024-07-24 14:30:11.095 [Test worker] DEBUG o.t.c.output.WaitingConsumer - STDOUT: 
2024-07-24 14:30:11.095 [Test worker] DEBUG o.t.c.output.WaitingConsumer - STDOUT: 
2024-07-24 14:30:11.098 [docker-java-stream--76406410] DEBUG c.g.d.z.s.o.a.hc.client5.http.wire - http-outgoing-6 << "12c[\r][\n]"
2024-07-24 14:30:11.098 [docker-java-stream--76406410] DEBUG c.g.d.z.s.o.a.hc.client5.http.wire - http-outgoing-6 << "[0x1][0x0][0x0][0x0][0x0][0x0][0x1]$2024-07-24 02:30:11.098 UTC [49] LOG:  checkpoint complete: wrote 923 buffers (5.6%); 0 WAL file(s) added, 0 removed, 0 recycled; write=0.010 s, sync=0.001 s, total=0.010 s; sync files=0, longest=0.000 s, average=0.000 s; distance=4257 kB, estimate=4257 kB; lsn=0/1913068, redo lsn=0/1913068[\n]"
2024-07-24 14:30:11.098 [docker-java-stream--76406410] DEBUG c.g.d.z.s.o.a.hc.client5.http.wire - http-outgoing-6 << "[\r][\n]"
2024-07-24 14:30:11.107 [docker-java-stream--76406410] DEBUG c.g.d.z.s.o.a.hc.client5.http.wire - http-outgoing-6 << "4c[\r][\n]"
2024-07-24 14:30:11.107 [docker-java-stream--76406410] DEBUG c.g.d.z.s.o.a.hc.client5.http.wire - http-outgoing-6 << "[0x1][0x0][0x0][0x0][0x0][0x0][0x0]D2024-07-24 02:30:11.107 UTC [48] LOG:  database system is shut down[\n]"
2024-07-24 14:30:11.107 [docker-java-stream--76406410] DEBUG c.g.d.z.s.o.a.hc.client5.http.wire - http-outgoing-6 << "[\r][\n]"
2024-07-24 14:30:11.110 [Test worker] DEBUG o.t.c.output.WaitingConsumer - STDOUT: 2024-07-24 02:30:11.107 UTC [48] LOG:  database system is shut down
2024-07-24 14:30:11.110 [Test worker] DEBUG o.t.c.output.WaitingConsumer - STDOUT: 2024-07-24 02:30:11.098 UTC [49] LOG:  checkpoint complete: wrote 923 buffers (5.6%); 0 WAL file(s) added, 0 removed, 0 recycled; write=0.010 s, sync=0.001 s, total=0.010 s; sync files=0, longest=0.000 s, average=0.000 s; distance=4257 kB, estimate=4257 kB; lsn=0/1913068, redo lsn=0/1913068
2024-07-24 14:30:11.186 [docker-java-stream--76406410] DEBUG c.g.d.z.s.o.a.hc.client5.http.wire - http-outgoing-6 << "25[\r][\n]"
2024-07-24 14:30:11.186 [docker-java-stream--76406410] DEBUG c.g.d.z.s.o.a.hc.client5.http.wire - http-outgoing-6 << "[0x1][0x0][0x0][0x0][0x0][0x0][0x0][0x6] done[\n]"
2024-07-24 14:30:11.186 [docker-java-stream--76406410] DEBUG c.g.d.z.s.o.a.hc.client5.http.wire - http-outgoing-6 << "[0x1][0x0][0x0][0x0][0x0][0x0][0x0][0xf]server stopped[\n]"
2024-07-24 14:30:11.186 [docker-java-stream--76406410] DEBUG c.g.d.z.s.o.a.hc.client5.http.wire - http-outgoing-6 << "[\r][\n]"
2024-07-24 14:30:11.186 [Test worker] DEBUG o.t.c.output.WaitingConsumer - STDOUT: server stopped
2024-07-24 14:30:11.186 [Test worker] DEBUG o.t.c.output.WaitingConsumer - STDOUT:  done
2024-07-24 14:30:11.187 [docker-java-stream--76406410] DEBUG c.g.d.z.s.o.a.hc.client5.http.wire - http-outgoing-6 << "50[\r][\n]"
2024-07-24 14:30:11.187 [docker-java-stream--76406410] DEBUG c.g.d.z.s.o.a.hc.client5.http.wire - http-outgoing-6 << "[0x1][0x0][0x0][0x0][0x0][0x0][0x0][0x1][\n]"
2024-07-24 14:30:11.187 [docker-java-stream--76406410] DEBUG c.g.d.z.s.o.a.hc.client5.http.wire - http-outgoing-6 << "[0x1][0x0][0x0][0x0][0x0][0x0][0x0]6PostgreSQL init process complete; ready for start up.[\n]"
2024-07-24 14:30:11.187 [docker-java-stream--76406410] DEBUG c.g.d.z.s.o.a.hc.client5.http.wire - http-outgoing-6 << "[0x1][0x0][0x0][0x0][0x0][0x0][0x0][0x1][\n]"
2024-07-24 14:30:11.187 [docker-java-stream--76406410] DEBUG c.g.d.z.s.o.a.hc.client5.http.wire - http-outgoing-6 << "[\r][\n]"
2024-07-24 14:30:11.202 [Test worker] DEBUG o.t.c.output.WaitingConsumer - STDOUT: 
2024-07-24 14:30:11.202 [Test worker] DEBUG o.t.c.output.WaitingConsumer - STDOUT: PostgreSQL init process complete; ready for start up.
2024-07-24 14:30:11.202 [Test worker] DEBUG o.t.c.output.WaitingConsumer - STDOUT: 
2024-07-24 14:30:11.207 [docker-java-stream--76406410] DEBUG c.g.d.z.s.o.a.hc.client5.http.wire - http-outgoing-6 << "1cb[\r][\n]"
2024-07-24 14:30:11.207 [docker-java-stream--76406410] DEBUG c.g.d.z.s.o.a.hc.client5.http.wire - http-outgoing-6 << "[0x2][0x0][0x0][0x0][0x0][0x0][0x0][0xffffffa3]2024-07-24 02:30:11.207 UTC [1] LOG:  starting PostgreSQL 16.2 (Debian 16.2-1.pgdg120+2) on x86_64-pc-linux-gnu, compiled by gcc (Debian 12.2.0-14) 12.2.0, 64-bit[\n]"
2024-07-24 14:30:11.207 [docker-java-stream--76406410] DEBUG c.g.d.z.s.o.a.hc.client5.http.wire - http-outgoing-6 << "[0x2][0x0][0x0][0x0][0x0][0x0][0x0]U2024-07-24 02:30:11.207 UTC [1] LOG:  listening on IPv4 address "0.0.0.0", port 5432[\n]"
2024-07-24 14:30:11.207 [docker-java-stream--76406410] DEBUG c.g.d.z.s.o.a.hc.client5.http.wire - http-outgoing-6 << "[0x2][0x0][0x0][0x0][0x0][0x0][0x0]P2024-07-24 02:30:11.207 UTC [1] LOG:  listening on IPv6 address "::", port 5432[\n]"
2024-07-24 14:30:11.207 [docker-java-stream--76406410] DEBUG c.g.d.z.s.o.a.hc.client5.http.wire - http-outgoing-6 << "[0x2][0x0][0x0][0x0][0x0][0x0][0x0]c2024-07-24 02:30:11.207 UTC [1] LOG:  listening on Unix socket "/var/run/postgresql/.s.PGSQL.5432"[\n]"
2024-07-24 14:30:11.207 [docker-java-stream--76406410] DEBUG c.g.d.z.s.o.a.hc.client5.http.wire - http-outgoing-6 << "[\r][\n]"
2024-07-24 14:30:11.210 [docker-java-stream--76406410] DEBUG c.g.d.z.s.o.a.hc.client5.http.wire - http-outgoing-6 << "68[\r][\n]"
2024-07-24 14:30:11.210 [docker-java-stream--76406410] DEBUG c.g.d.z.s.o.a.hc.client5.http.wire - http-outgoing-6 << "[0x2][0x0][0x0][0x0][0x0][0x0][0x0]`2024-07-24 02:30:11.210 UTC [64] LOG:  database system was shut down at 2024-07-24 02:30:11 UTC[\n]"
2024-07-24 14:30:11.210 [docker-java-stream--76406410] DEBUG c.g.d.z.s.o.a.hc.client5.http.wire - http-outgoing-6 << "[\r][\n]"
2024-07-24 14:30:11.213 [docker-java-stream--76406410] DEBUG c.g.d.z.s.o.a.hc.client5.http.wire - http-outgoing-6 << "5d[\r][\n]"
2024-07-24 14:30:11.213 [docker-java-stream--76406410] DEBUG c.g.d.z.s.o.a.hc.client5.http.wire - http-outgoing-6 << "[0x2][0x0][0x0][0x0][0x0][0x0][0x0]U2024-07-24 02:30:11.213 UTC [1] LOG:  database system is ready to accept connections[\n]"
2024-07-24 14:30:11.213 [docker-java-stream--76406410] DEBUG c.g.d.z.s.o.a.hc.client5.http.wire - http-outgoing-6 << "[\r][\n]"
2024-07-24 14:30:11.218 [Test worker] DEBUG o.t.c.output.WaitingConsumer - STDERR: 2024-07-24 02:30:11.213 UTC [1] LOG:  database system is ready to accept connections
2024-07-24 14:30:11.218 [Test worker] DEBUG c.g.d.z.s.o.a.h.c.h.i.c.InternalHttpClient - ep-00000045: cancel
2024-07-24 14:30:11.218 [Test worker] DEBUG c.g.d.z.s.o.a.h.c.h.i.i.DefaultManagedHttpClientConnection - http-outgoing-6: close connection IMMEDIATE
2024-07-24 14:30:11.218 [docker-java-stream--76406410] DEBUG c.g.d.z.s.o.a.hc.client5.http.wire - http-outgoing-6 << "end of stream"
2024-07-24 14:30:11.218 [Test worker] DEBUG c.g.d.z.s.o.a.h.c.h.i.c.InternalHttpClient - ep-00000045: endpoint closed
2024-07-24 14:30:11.218 [docker-java-stream--76406410] DEBUG c.g.d.z.s.o.a.hc.client5.http.wire - http-outgoing-6 << "[read] I/O error: java.nio.channels.ClosedChannelException"
2024-07-24 14:30:11.218 [Test worker] DEBUG c.g.d.z.s.o.a.h.c.h.i.c.InternalHttpClient - ep-00000045: discarding endpoint
2024-07-24 14:30:11.218 [Test worker] DEBUG c.g.d.z.s.o.a.h.c.h.i.i.PoolingHttpClientConnectionManager - ep-00000045: releasing endpoint
2024-07-24 14:30:11.218 [Test worker] DEBUG c.g.d.z.s.o.a.h.c.h.i.i.PoolingHttpClientConnectionManager - ep-00000045: connection is not kept alive
2024-07-24 14:30:11.218 [Test worker] DEBUG c.g.d.z.s.o.a.h.c.h.i.i.PoolingHttpClientConnectionManager - ep-00000045: connection released [route: {}->npipe://localhost:2375][total available: 0; route allocated: 0 of 2147483647; total allocated: 0 of 2147483647]
2024-07-24 14:30:11.218 [docker-java-stream--76406410] DEBUG c.g.d.z.ApacheDockerHttpClientImpl$ApacheResponse - Failed to close the response
java.io.IOException: java.nio.channels.ClosedChannelException
	at java.base/java.nio.channels.Channels$2.read(Channels.java:240)
	at com.github.dockerjava.zerodep.shaded.org.apache.hc.client5.http.impl.io.LoggingInputStream.read(LoggingInputStream.java:81)
	at com.github.dockerjava.zerodep.shaded.org.apache.hc.core5.http.impl.io.SessionInputBufferImpl.fillBuffer(SessionInputBufferImpl.java:149)
	at com.github.dockerjava.zerodep.shaded.org.apache.hc.core5.http.impl.io.SessionInputBufferImpl.readLine(SessionInputBufferImpl.java:280)
	at com.github.dockerjava.zerodep.shaded.org.apache.hc.core5.http.impl.io.ChunkedInputStream.getChunkSize(ChunkedInputStream.java:261)
	at com.github.dockerjava.zerodep.shaded.org.apache.hc.core5.http.impl.io.ChunkedInputStream.nextChunk(ChunkedInputStream.java:222)
	at com.github.dockerjava.zerodep.shaded.org.apache.hc.core5.http.impl.io.ChunkedInputStream.read(ChunkedInputStream.java:147)
	at com.github.dockerjava.zerodep.shaded.org.apache.hc.core5.http.impl.io.ChunkedInputStream.close(ChunkedInputStream.java:314)
	at com.github.dockerjava.zerodep.shaded.org.apache.hc.core5.io.Closer.close(Closer.java:48)
	at com.github.dockerjava.zerodep.shaded.org.apache.hc.core5.http.impl.io.IncomingHttpEntity.close(IncomingHttpEntity.java:111)
	at com.github.dockerjava.zerodep.shaded.org.apache.hc.core5.http.io.entity.HttpEntityWrapper.close(HttpEntityWrapper.java:120)
	at com.github.dockerjava.zerodep.shaded.org.apache.hc.core5.io.Closer.close(Closer.java:48)
	at com.github.dockerjava.zerodep.shaded.org.apache.hc.core5.http.message.BasicClassicHttpResponse.close(BasicClassicHttpResponse.java:93)
	at com.github.dockerjava.zerodep.shaded.org.apache.hc.client5.http.impl.classic.CloseableHttpResponse.close(CloseableHttpResponse.java:200)
	at com.github.dockerjava.zerodep.ApacheDockerHttpClientImpl$ApacheResponse.close(ApacheDockerHttpClientImpl.java:271)
	at org.testcontainers.shaded.com.github.dockerjava.core.DefaultInvocationBuilder.lambda$executeAndStream$1(DefaultInvocationBuilder.java:277)
	at java.base/java.lang.Thread.run(Thread.java:833)
Caused by: java.nio.channels.ClosedChannelException: null
	at java.base/sun.nio.ch.WindowsAsynchronousFileChannelImpl.implRead(WindowsAsynchronousFileChannelImpl.java:516)
	at java.base/sun.nio.ch.AsynchronousFileChannelImpl.read(AsynchronousFileChannelImpl.java:229)
	at com.github.dockerjava.transport.NamedPipeSocket$AsynchronousFileByteChannel.read(NamedPipeSocket.java:117)
	at java.base/java.nio.channels.Channels$2.read(Channels.java:238)
	... 16 common frames omitted
2024-07-24 14:30:11.218 [Test worker] INFO  tc.postgres:latest - Container postgres:latest started in PT2.0649663S
2024-07-24 14:30:11.219 [Test worker] INFO  tc.postgres:latest - Container is started (JDBC URL: jdbc:postgresql://localhost:51523/db?loggerLevel=OFF)
2024-07-24 14:30:11.220 [Test worker] INFO  org.testcontainers.ext.ScriptUtils - Executing database script from sql/init.sql
2024-07-24 14:30:11.220 [Test worker] DEBUG o.t.s.c.g.d.c.command.AbstrDockerCmd - Cmd: afcc96ed33635e7bd74e2151e7e34065e0aba62864b5576e172f05974628f666,false
2024-07-24 14:30:11.220 [Test worker] DEBUG o.t.s.c.g.d.c.e.InspectContainerCmdExec - GET: DefaultWebTarget{path=[/containers/afcc96ed33635e7bd74e2151e7e34065e0aba62864b5576e172f05974628f666/json], queryParams={}}
2024-07-24 14:30:11.221 [Test worker] DEBUG c.g.d.z.s.o.a.h.c.h.i.c.InternalHttpClient - ex-00000047: preparing request execution
2024-07-24 14:30:11.221 [Test worker] DEBUG c.g.d.z.s.o.a.h.c.h.p.RequestAddCookies - Cookie spec selected: strict
2024-07-24 14:30:11.221 [Test worker] DEBUG c.g.d.z.s.o.a.h.c.h.p.RequestAuthCache - Auth cache not set in the context
2024-07-24 14:30:11.221 [Test worker] DEBUG c.g.d.z.s.o.a.h.c.h.i.c.ProtocolExec - ex-00000047: target auth state: UNCHALLENGED
2024-07-24 14:30:11.221 [Test worker] DEBUG c.g.d.z.s.o.a.h.c.h.i.c.ProtocolExec - ex-00000047: proxy auth state: UNCHALLENGED
2024-07-24 14:30:11.221 [Test worker] DEBUG c.g.d.z.s.o.a.h.c.h.i.c.ConnectExec - ex-00000047: acquiring connection with route {}->npipe://localhost:2375
2024-07-24 14:30:11.221 [Test worker] DEBUG c.g.d.z.s.o.a.h.c.h.i.c.InternalHttpClient - ex-00000047: acquiring endpoint (3 MINUTES)
2024-07-24 14:30:11.221 [Test worker] DEBUG c.g.d.z.s.o.a.h.c.h.i.i.PoolingHttpClientConnectionManager - ex-00000047: endpoint lease request (3 MINUTES) [route: {}->npipe://localhost:2375][total available: 0; route allocated: 0 of 2147483647; total allocated: 0 of 2147483647]
2024-07-24 14:30:11.221 [Test worker] DEBUG c.g.d.z.s.o.a.h.c.h.i.i.PoolingHttpClientConnectionManager - ex-00000047: endpoint leased [route: {}->npipe://localhost:2375][total available: 0; route allocated: 1 of 2147483647; total allocated: 1 of 2147483647]
2024-07-24 14:30:11.221 [Test worker] DEBUG c.g.d.z.s.o.a.h.c.h.i.i.PoolingHttpClientConnectionManager - ex-00000047: acquired ep-00000046
2024-07-24 14:30:11.221 [Test worker] DEBUG c.g.d.z.s.o.a.h.c.h.i.c.InternalHttpClient - ex-00000047: acquired endpoint ep-00000046
2024-07-24 14:30:11.221 [Test worker] DEBUG c.g.d.z.s.o.a.h.c.h.i.c.ConnectExec - ex-00000047: opening connection {}->npipe://localhost:2375
2024-07-24 14:30:11.221 [Test worker] DEBUG c.g.d.z.s.o.a.h.c.h.i.c.InternalHttpClient - ep-00000046: connecting endpoint (3 MINUTES)
2024-07-24 14:30:11.221 [Test worker] DEBUG c.g.d.z.s.o.a.h.c.h.i.i.PoolingHttpClientConnectionManager - ep-00000046: connecting endpoint to npipe://localhost:2375 (3 MINUTES)
2024-07-24 14:30:11.221 [Test worker] DEBUG c.g.d.z.s.o.a.h.c.h.i.i.DefaultHttpClientConnectionOperator - http-outgoing-7: connecting to localhost/127.0.0.1:2375
2024-07-24 14:30:11.221 [Test worker] DEBUG c.g.d.z.s.o.a.h.c.h.i.i.DefaultHttpClientConnectionOperator - http-outgoing-7: connection established 
2024-07-24 14:30:11.221 [Test worker] DEBUG c.g.d.z.s.o.a.h.c.h.i.i.PoolingHttpClientConnectionManager - ep-00000046: connected http-outgoing-7
2024-07-24 14:30:11.221 [Test worker] DEBUG c.g.d.z.s.o.a.h.c.h.i.c.InternalHttpClient - ep-00000046: endpoint connected
2024-07-24 14:30:11.221 [Test worker] DEBUG c.g.d.z.s.o.a.h.c.h.i.c.MainClientExec - ex-00000047: executing GET /v1.32/containers/afcc96ed33635e7bd74e2151e7e34065e0aba62864b5576e172f05974628f666/json HTTP/1.1
2024-07-24 14:30:11.222 [Test worker] DEBUG c.g.d.z.s.o.a.h.c.h.i.c.InternalHttpClient - ep-00000046: start execution ex-00000047
2024-07-24 14:30:11.222 [Test worker] DEBUG c.g.d.z.s.o.a.h.c.h.i.i.PoolingHttpClientConnectionManager - ep-00000046: executing exchange ex-00000047 over http-outgoing-7
2024-07-24 14:30:11.222 [Test worker] DEBUG c.g.d.z.s.o.a.h.client5.http.headers - http-outgoing-7 >> GET /v1.32/containers/afcc96ed33635e7bd74e2151e7e34065e0aba62864b5576e172f05974628f666/json HTTP/1.1
2024-07-24 14:30:11.222 [Test worker] DEBUG c.g.d.z.s.o.a.h.client5.http.headers - http-outgoing-7 >> accept: application/json
2024-07-24 14:30:11.222 [Test worker] DEBUG c.g.d.z.s.o.a.h.client5.http.headers - http-outgoing-7 >> x-tc-sid: 280e6229-7396-4d60-b1e3-a5de48b5d49b
2024-07-24 14:30:11.222 [Test worker] DEBUG c.g.d.z.s.o.a.h.client5.http.headers - http-outgoing-7 >> User-Agent: tc-java/1.19.8
2024-07-24 14:30:11.222 [Test worker] DEBUG c.g.d.z.s.o.a.h.client5.http.headers - http-outgoing-7 >> Accept-Encoding: gzip, x-gzip, deflate
2024-07-24 14:30:11.222 [Test worker] DEBUG c.g.d.z.s.o.a.h.client5.http.headers - http-outgoing-7 >> Host: localhost:2375
2024-07-24 14:30:11.222 [Test worker] DEBUG c.g.d.z.s.o.a.h.client5.http.headers - http-outgoing-7 >> Connection: keep-alive
2024-07-24 14:30:11.222 [Test worker] DEBUG c.g.d.z.s.o.a.hc.client5.http.wire - http-outgoing-7 >> "GET /v1.32/containers/afcc96ed33635e7bd74e2151e7e34065e0aba62864b5576e172f05974628f666/json HTTP/1.1[\r][\n]"
2024-07-24 14:30:11.222 [Test worker] DEBUG c.g.d.z.s.o.a.hc.client5.http.wire - http-outgoing-7 >> "accept: application/json[\r][\n]"
2024-07-24 14:30:11.222 [Test worker] DEBUG c.g.d.z.s.o.a.hc.client5.http.wire - http-outgoing-7 >> "x-tc-sid: 280e6229-7396-4d60-b1e3-a5de48b5d49b[\r][\n]"
2024-07-24 14:30:11.222 [Test worker] DEBUG c.g.d.z.s.o.a.hc.client5.http.wire - http-outgoing-7 >> "User-Agent: tc-java/1.19.8[\r][\n]"
2024-07-24 14:30:11.222 [Test worker] DEBUG c.g.d.z.s.o.a.hc.client5.http.wire - http-outgoing-7 >> "Accept-Encoding: gzip, x-gzip, deflate[\r][\n]"
2024-07-24 14:30:11.222 [Test worker] DEBUG c.g.d.z.s.o.a.hc.client5.http.wire - http-outgoing-7 >> "Host: localhost:2375[\r][\n]"
2024-07-24 14:30:11.222 [Test worker] DEBUG c.g.d.z.s.o.a.hc.client5.http.wire - http-outgoing-7 >> "Connection: keep-alive[\r][\n]"
2024-07-24 14:30:11.222 [Test worker] DEBUG c.g.d.z.s.o.a.hc.client5.http.wire - http-outgoing-7 >> "[\r][\n]"
2024-07-24 14:30:11.225 [Test worker] DEBUG c.g.d.z.s.o.a.hc.client5.http.wire - http-outgoing-7 << "HTTP/1.1 200 OK[\r][\n]"
2024-07-24 14:30:11.225 [Test worker] DEBUG c.g.d.z.s.o.a.hc.client5.http.wire - http-outgoing-7 << "Api-Version: 1.45[\r][\n]"
2024-07-24 14:30:11.225 [Test worker] DEBUG c.g.d.z.s.o.a.hc.client5.http.wire - http-outgoing-7 << "Content-Type: application/json[\r][\n]"
2024-07-24 14:30:11.225 [Test worker] DEBUG c.g.d.z.s.o.a.hc.client5.http.wire - http-outgoing-7 << "Date: Wed, 24 Jul 2024 02:30:11 GMT[\r][\n]"
2024-07-24 14:30:11.225 [Test worker] DEBUG c.g.d.z.s.o.a.hc.client5.http.wire - http-outgoing-7 << "Docker-Experimental: false[\r][\n]"
2024-07-24 14:30:11.225 [Test worker] DEBUG c.g.d.z.s.o.a.hc.client5.http.wire - http-outgoing-7 << "Ostype: linux[\r][\n]"
2024-07-24 14:30:11.225 [Test worker] DEBUG c.g.d.z.s.o.a.hc.client5.http.wire - http-outgoing-7 << "Server: Docker/26.0.0 (linux)[\r][\n]"
2024-07-24 14:30:11.225 [Test worker] DEBUG c.g.d.z.s.o.a.hc.client5.http.wire - http-outgoing-7 << "Transfer-Encoding: chunked[\r][\n]"
2024-07-24 14:30:11.225 [Test worker] DEBUG c.g.d.z.s.o.a.hc.client5.http.wire - http-outgoing-7 << "[\r][\n]"
2024-07-24 14:30:11.225 [Test worker] DEBUG c.g.d.z.s.o.a.h.client5.http.headers - http-outgoing-7 << HTTP/1.1 200 OK
2024-07-24 14:30:11.225 [Test worker] DEBUG c.g.d.z.s.o.a.h.client5.http.headers - http-outgoing-7 << Api-Version: 1.45
2024-07-24 14:30:11.225 [Test worker] DEBUG c.g.d.z.s.o.a.h.client5.http.headers - http-outgoing-7 << Content-Type: application/json
2024-07-24 14:30:11.225 [Test worker] DEBUG c.g.d.z.s.o.a.h.client5.http.headers - http-outgoing-7 << Date: Wed, 24 Jul 2024 02:30:11 GMT
2024-07-24 14:30:11.225 [Test worker] DEBUG c.g.d.z.s.o.a.h.client5.http.headers - http-outgoing-7 << Docker-Experimental: false
2024-07-24 14:30:11.225 [Test worker] DEBUG c.g.d.z.s.o.a.h.client5.http.headers - http-outgoing-7 << Ostype: linux
2024-07-24 14:30:11.225 [Test worker] DEBUG c.g.d.z.s.o.a.h.client5.http.headers - http-outgoing-7 << Server: Docker/26.0.0 (linux)
2024-07-24 14:30:11.225 [Test worker] DEBUG c.g.d.z.s.o.a.h.client5.http.headers - http-outgoing-7 << Transfer-Encoding: chunked
2024-07-24 14:30:11.225 [Test worker] DEBUG c.g.d.z.s.o.a.h.c.h.i.c.MainClientExec - ex-00000047: connection can be kept alive for 3 MINUTES
2024-07-24 14:30:11.226 [Test worker] DEBUG c.g.d.z.s.o.a.hc.client5.http.wire - http-outgoing-7 << "1a38[\r][\n]"
2024-07-24 14:30:11.226 [Test worker] DEBUG c.g.d.z.s.o.a.hc.client5.http.wire - http-outgoing-7 << "{"Id":"afcc96ed33635e7bd74e2151e7e34065e0aba62864b5576e172f05974628f666","Created":"2024-07-24T02:30:09.163263516Z","Path":"docker-entrypoint.sh","Args":["postgres","-c","fsync=off"],"State":{"Status":"running","Running":true,"Paused":false,"Restarting":false,"OOMKilled":false,"Dead":false,"Pid":28553,"ExitCode":0,"Error":"","StartedAt":"2024-07-24T02:30:09.652000554Z","FinishedAt":"0001-01-01T00:00:00Z"},"Image":"sha256:8e4fc9e184899a58735e7ee333f5e272d7d2298cf59302006b71f33e217be130","ResolvConfPath":"/var/lib/docker/containers/afcc96ed33635e7bd74e2151e7e34065e0aba62864b5576e172f05974628f666/resolv.conf","HostnamePath":"/var/lib/docker/containers/afcc96ed33635e7bd74e2151e7e34065e0aba62864b5576e172f05974628f666/hostname","HostsPath":"/var/lib/docker/containers/afcc96ed33635e7bd74e2151e7e34065e0aba62864b5576e172f05974628f666/hosts","LogPath":"/var/lib/docker/containers/afcc96ed33635e7bd74e2151e7e34065e0aba62864b5576e172f05974628f666/afcc96ed33635e7bd74e2151e7e34065e0aba62864b5576e172f05974628f666-json.log","Name":"/suspicious_shaw","RestartCount":0,"Driver":"overlay2","Platform":"linux","MountLabel":"","ProcessLabel":"","AppArmorProfile":"","ExecIDs":null,"HostConfig":{"Binds":[],"ContainerIDFile":"","LogConfig":{"Type":"json-file","Config":{}},"NetworkMode":"default","PortBindings":{"5432/tcp":[{"HostIp":"0.0.0.0","HostPort":"0"}]},"RestartPolicy":{"Name":"no","MaximumRetryCount":0},"AutoRemove":false,"VolumeDriver":"","VolumesFrom":[],"ConsoleSize":[0,0],"CapAdd":null,"CapDrop":null,"CgroupnsMode":"host","Dns":null,"DnsOptions":null,"DnsSearch":null,"ExtraHosts":[],"GroupAdd":null,"IpcMode":"shareable","Cgroup":"","Links":null,"OomScoreAdj":0,"PidMode":"","Privileged":false,"PublishAllPorts":false,"ReadonlyRootfs":false,"SecurityOpt":null,"UTSMode":"","UsernsMode":"","ShmSize":67108864,"Runtime":"runc","Isolation":"","CpuShares":0,"Memory":0,"NanoCpus":0,"CgroupParent":"","BlkioWeight":0,"BlkioWeightDevice":null,"BlkioDeviceReadBps":null,"BlkioDeviceWriteBps":null,"BlkioDeviceReadIOps":null,"BlkioDeviceWriteIOps":null,"CpuPeriod":0,"CpuQuota":0,"CpuRealtimePeriod":0,"CpuRealtimeRuntime":0,"CpusetCpus":"","CpusetMems":"","Devices":null,"DeviceCgroupRules":null,"DeviceRequests":null,"MemoryReservation":0,"MemorySwap":0,"MemorySwappiness":null,"OomKillDisable":false,"PidsLimit":null,"Ulimits":null,"CpuCount":0,"CpuPercent":0,"IOMaximumIOps":0,"IOMaximumBandwidth":0,"MaskedPaths":["/proc/asound","/proc/acpi","/proc/kcore","/proc/keys","/proc/latency_stats","/proc/timer_list","/proc/timer_stats","/proc/sched_debug","/proc/scsi","/sys/firmware","/sys/devices/virtual/powercap"],"ReadonlyPaths":["/proc/bus","/proc/fs","/proc/irq","/proc/sys","/proc/sysrq-trigger"]},"GraphDriver":{"Data":{"LowerDir":"/var/lib/docker/overlay2/3ac9d74f8a6bdabaf3d86ba56484f00d462695a663bb88f0db49edbc073bef62-init/diff:/var/lib/docker/overlay2/8f0ddbd386af0785c2e348570516955816ab350305d698d363962d488eeb15ec/diff:/var/lib/docker/overlay2/0eb0ca73e9b0be7c3d7fa8762ef4778a68f38391bc84c037c2e90b88e781b475/diff:/var/lib/docker/overlay2/74e634bddc785c5d436b10a5158cd82e21dc2065fd1cf8ff9c1c12e01575a2d8/diff:/var/lib/docker/overlay2/bb918b2851cd2f508f1e3fdbfff8b7f8b041d61e65fe8c368288bf399e80b818/diff:/var/lib/docker/overlay2/2abab2946cbdc2941ee8ec4024c51dac7313dee9de5fbedd1ca33388c59eb3c8/diff:/var/lib/docker/overlay2/e12f6083ee669bd92743ceb339a896bb25dbe461b718705bb39eb410b80c0ecd/diff:/var/lib/docker/overlay2/ced1e86d670d097da5ed4da7288c22507735918959161c2cd8bf083fb30d169a/diff:/var/lib/docker/overlay2/94e9ac7b74923285ae73af20aeccb964ca9079e2305db367cb85d1603560472d/diff:/var/lib/docker/overlay2/a396b6dfd63f0c228c519871183c614cccf4d366a43460f27ecf97113c3c4be8/diff:/var/lib/docker/overlay2/f58ada5d5080c2bac553c734f81127660a90581a35ed2a92cebe3c59e340875b/diff:/var/lib/docker/overlay2/84f85636f37bf55d945e217b4f87a856eba7932284beaf042561007b66f48977/diff:/var/lib/docker/overlay2/1e6e519613884e91a2b74a588ba35dc8a2f789371ab798ef6e7d9836d756042f/diff:/var/lib/docker/overlay2/14a3151cc8b4f9d27d2e64f1a8abc0c7809309580f2d7e8dc8545055c1d56194/diff:/var/lib/doc"
2024-07-24 14:30:11.227 [Test worker] DEBUG c.g.d.z.s.o.a.hc.client5.http.wire - http-outgoing-7 << "ker/overlay2/5b354b9e793401517fe2f1da697653fdaadffc54888eaf76d67e0600b8c68bdc/diff","MergedDir":"/var/lib/docker/overlay2/3ac9d74f8a6bdabaf3d86ba56484f00d462695a663bb88f0db49edbc073bef62/merged","UpperDir":"/var/lib/docker/overlay2/3ac9d74f8a6bdabaf3d86ba56484f00d462695a663bb88f0db49edbc073bef62/diff","WorkDir":"/var/lib/docker/overlay2/3ac9d74f8a6bdabaf3d86ba56484f00d462695a663bb88f0db49edbc073bef62/work"},"Name":"overlay2"},"Mounts":[{"Type":"volume","Name":"b5362541dcc61c5869d15b96550f73dfed77e2a89add984aed95040fea6bd5fe","Source":"/var/lib/docker/volumes/b5362541dcc61c5869d15b96550f73dfed77e2a89add984aed95040fea6bd5fe/_data","Destination":"/var/lib/postgresql/data","Driver":"local","Mode":"","RW":true,"Propagation":""}],"Config":{"Hostname":"afcc96ed3363","Domainname":"","User":"","AttachStdin":false,"AttachStdout":false,"AttachStderr":false,"ExposedPorts":{"5432/tcp":{}},"Tty":false,"OpenStdin":false,"StdinOnce":false,"Env":["POSTGRES_USER=user","POSTGRES_PASSWORD=password","POSTGRES_DB=db","PATH=/usr/local/sbin:/usr/local/bin:/usr/sbin:/usr/bin:/sbin:/bin:/usr/lib/postgresql/16/bin","GOSU_VERSION=1.17","LANG=en_US.utf8","PG_MAJOR=16","PG_VERSION=16.2-1.pgdg120+2","PGDATA=/var/lib/postgresql/data"],"Cmd":["postgres","-c","fsync=off"],"Image":"postgres:latest","Volumes":{"/var/lib/postgresql/data":{}},"WorkingDir":"","Entrypoint":["docker-entrypoint.sh"],"OnBuild":null,"Labels":{"org.testcontainers":"true","org.testcontainers.lang":"java","org.testcontainers.sessionId":"280e6229-7396-4d60-b1e3-a5de48b5d49b","org.testcontainers.version":"1.19.8"},"StopSignal":"SIGINT"},"NetworkSettings":{"Bridge":"","SandboxID":"40d2717dc90d6305dc58a604ac1655a1e2e457355a20b4e4bd46d1ab82be57ca","SandboxKey":"/var/run/docker/netns/40d2717dc90d","Ports":{"5432/tcp":[{"HostIp":"0.0.0.0","HostPort":"51523"}]},"HairpinMode":false,"LinkLocalIPv6Address":"","LinkLocalIPv6PrefixLen":0,"SecondaryIPAddresses":null,"SecondaryIPv6Addresses":null,"EndpointID":"1a147fad68beb3b9db148ca6a0c751049c28020d7102949c001772478780003b","Gateway":"172.17.0.1","GlobalIPv6Address":"","GlobalIPv6PrefixLen":0,"IPAddress":"172.17.0.3","IPPrefixLen":16,"IPv6Gateway":"","MacAddress":"02:42:ac:11:00:03","Networks":{"bridge":{"IPAMConfig":null,"Links":null,"Aliases":null,"MacAddress":"02:42:ac:11:00:03","NetworkID":"3c842496be344cbdae878c1dee0957e7bc7c0a2236009c92752030f2b053e72f","EndpointID":"1a147fad68beb3b9db148ca6a0c751049c28020d7102949c001772478780003b","Gateway":"172.17.0.1","IPAddress":"172.17.0.3","IPPrefixLen":16,"IPv6Gateway":"","GlobalIPv6Address":"","GlobalIPv6PrefixLen":0,"DriverOpts":null,"DNSNames":null}}}}[\n]"
2024-07-24 14:30:11.227 [Test worker] DEBUG c.g.d.z.s.o.a.hc.client5.http.wire - http-outgoing-7 << "[\r][\n]"
2024-07-24 14:30:11.227 [Test worker] DEBUG c.g.d.z.s.o.a.hc.client5.http.wire - http-outgoing-7 << "0[\r][\n]"
2024-07-24 14:30:11.227 [Test worker] DEBUG c.g.d.z.s.o.a.hc.client5.http.wire - http-outgoing-7 << "[\r][\n]"
2024-07-24 14:30:11.227 [Test worker] DEBUG c.g.d.z.s.o.a.h.c.h.i.c.InternalHttpClient - ep-00000046: releasing valid endpoint
2024-07-24 14:30:11.227 [Test worker] DEBUG c.g.d.z.s.o.a.h.c.h.i.i.PoolingHttpClientConnectionManager - ep-00000046: releasing endpoint
2024-07-24 14:30:11.227 [Test worker] DEBUG c.g.d.z.s.o.a.h.c.h.i.i.PoolingHttpClientConnectionManager - ep-00000046: connection http-outgoing-7 can be kept alive for 3 MINUTES
2024-07-24 14:30:11.227 [Test worker] DEBUG c.g.d.z.s.o.a.h.c.h.i.i.PoolingHttpClientConnectionManager - ep-00000046: connection released [route: {}->npipe://localhost:2375][total available: 1; route allocated: 1 of 2147483647; total allocated: 1 of 2147483647]
2024-07-24 14:30:11.227 [Test worker] DEBUG tc.postgres:latest - Trying to create JDBC connection using org.postgresql.Driver to jdbc:postgresql://localhost:51523/db?loggerLevel=OFF with properties: {password=password, user=user}
2024-07-24 14:30:11.264 [Test worker] DEBUG o.t.jdbc.JdbcDatabaseDelegate - false returned as updateCount for SQL: drop table if exists WorkedOn
2024-07-24 14:30:11.265 [Test worker] DEBUG o.t.jdbc.JdbcDatabaseDelegate - false returned as updateCount for SQL: drop table if exists SequenceLine
2024-07-24 14:30:11.266 [Test worker] DEBUG o.t.jdbc.JdbcDatabaseDelegate - false returned as updateCount for SQL: drop table if exists WorkOrder
2024-07-24 14:30:11.266 [Test worker] DEBUG o.t.jdbc.JdbcDatabaseDelegate - false returned as updateCount for SQL: drop table if exists SequenceHeader
2024-07-24 14:30:11.267 [Test worker] DEBUG o.t.jdbc.JdbcDatabaseDelegate - false returned as updateCount for SQL: drop table if exists SaleOrderLine
2024-07-24 14:30:11.268 [Test worker] DEBUG o.t.jdbc.JdbcDatabaseDelegate - false returned as updateCount for SQL: drop table if exists SaleOrderHeader
2024-07-24 14:30:11.268 [Test worker] DEBUG o.t.jdbc.JdbcDatabaseDelegate - false returned as updateCount for SQL: drop table if exists Staff
2024-07-24 14:30:11.269 [Test worker] DEBUG o.t.jdbc.JdbcDatabaseDelegate - false returned as updateCount for SQL: drop table if exists WorkStation
2024-07-24 14:30:11.270 [Test worker] DEBUG o.t.jdbc.JdbcDatabaseDelegate - false returned as updateCount for SQL: drop table if exists Part
2024-07-24 14:30:11.270 [Test worker] DEBUG o.t.jdbc.JdbcDatabaseDelegate - false returned as updateCount for SQL: drop table if exists Customer
2024-07-24 14:30:11.274 [Test worker] DEBUG o.t.jdbc.JdbcDatabaseDelegate - false returned as updateCount for SQL: create table Customer ( customerId VarChar(8) PRIMARY Key, name VarChar(100) not null, address VarChar(500) not null )
2024-07-24 14:30:11.276 [Test worker] DEBUG o.t.jdbc.JdbcDatabaseDelegate - false returned as updateCount for SQL: create table Part ( partId VarChar(6) PRIMARY KEY, inventory Int not null, name VarChar(100) not null )
2024-07-24 14:30:11.277 [Test worker] DEBUG o.t.jdbc.JdbcDatabaseDelegate - false returned as updateCount for SQL: create table WorkStation ( name VarChar(50) PRIMARY KEY )
2024-07-24 14:30:11.278 [Test worker] DEBUG o.t.jdbc.JdbcDatabaseDelegate - false returned as updateCount for SQL: create table Staff ( staffID VarChar(6) PRIMARY KEY, name VarChar(100) not null )
2024-07-24 14:30:11.279 [Test worker] DEBUG o.t.jdbc.JdbcDatabaseDelegate - false returned as updateCount for SQL: create table SaleOrderHeader ( soHeaderId VarChar(6) PRIMARY key , customerId VarChar(8) not null references Customer (customerId) )
2024-07-24 14:30:11.282 [Test worker] DEBUG o.t.jdbc.JdbcDatabaseDelegate - false returned as updateCount for SQL: create table SaleOrderLine ( soLineId VarChar(6), soHeaderId VarChar(6) references SaleOrderHeader (soHeaderID), dateDue Date not null, partID VarChar(6) not null references Part(partId), PRIMARY KEY (soLineId,soHeaderId) )
2024-07-24 14:30:11.283 [Test worker] DEBUG o.t.jdbc.JdbcDatabaseDelegate - false returned as updateCount for SQL: create table SequenceHeader ( seqHeaderId VarChar(6) PRIMARY KEY, partId VarChar(6) not null references Part(partId) )
2024-07-24 14:30:11.284 [Test worker] DEBUG o.t.jdbc.JdbcDatabaseDelegate - false returned as updateCount for SQL: create table WorkOrder ( workOrderId VarChar(8) PRIMARY KEY, seqHeaderId VarChar(6) not null REFERENCES SequenceHeader (seqHeaderId), soLineId VarChar(6) not null, soHeaderId VarChar(6) not null, quanity Int not null, FOREIGN KEY (soLineId,soHeaderId) REFERENCES SaleOrderLine (soLineId,soHeaderId) )
2024-07-24 14:30:11.286 [Test worker] DEBUG o.t.jdbc.JdbcDatabaseDelegate - false returned as updateCount for SQL: create table SequenceLine ( seqLineId VarChar(10), seqHeaderId VarChar(6) references SequenceHeader (seqHeaderId), workStation VarChar(50) not null references WorkStation(name), PRIMARY KEY(seqLineId,seqHeaderId) )
2024-07-24 14:30:11.287 [Test worker] DEBUG o.t.jdbc.JdbcDatabaseDelegate - false returned as updateCount for SQL: create table WorkedOn ( staffId VarChar(8) references Staff (staffId), seqHeaderId VarChar(6), seqLineId VarChar(10), workOrderId VarChar(50) references WorkOrder(workOrderId), PRIMARY key (staffId,seqHeaderId,seqLineId,workOrderId), FOREIGN KEY (seqHeaderId,seqLineId) REFERENCES SequenceLine (seqHeaderId,seqLineId) )
2024-07-24 14:30:11.287 [Test worker] INFO  org.testcontainers.ext.ScriptUtils - Executed database script from sql/init.sql in 67 ms.
2024-07-24 14:30:11.300 [Test worker] DEBUG o.t.s.c.g.d.c.command.AbstrDockerCmd - Cmd: afcc96ed33635e7bd74e2151e7e34065e0aba62864b5576e172f05974628f666,false
2024-07-24 14:30:11.300 [Test worker] DEBUG o.t.s.c.g.d.c.e.InspectContainerCmdExec - GET: DefaultWebTarget{path=[/containers/afcc96ed33635e7bd74e2151e7e34065e0aba62864b5576e172f05974628f666/json], queryParams={}}
2024-07-24 14:30:11.301 [Test worker] DEBUG c.g.d.z.s.o.a.h.c.h.i.c.InternalHttpClient - ex-00000048: preparing request execution
2024-07-24 14:30:11.301 [Test worker] DEBUG c.g.d.z.s.o.a.h.c.h.p.RequestAddCookies - Cookie spec selected: strict
2024-07-24 14:30:11.301 [Test worker] DEBUG c.g.d.z.s.o.a.h.c.h.p.RequestAuthCache - Auth cache not set in the context
2024-07-24 14:30:11.301 [Test worker] DEBUG c.g.d.z.s.o.a.h.c.h.i.c.ProtocolExec - ex-00000048: target auth state: UNCHALLENGED
2024-07-24 14:30:11.301 [Test worker] DEBUG c.g.d.z.s.o.a.h.c.h.i.c.ProtocolExec - ex-00000048: proxy auth state: UNCHALLENGED
2024-07-24 14:30:11.301 [Test worker] DEBUG c.g.d.z.s.o.a.h.c.h.i.c.ConnectExec - ex-00000048: acquiring connection with route {}->npipe://localhost:2375
2024-07-24 14:30:11.301 [Test worker] DEBUG c.g.d.z.s.o.a.h.c.h.i.c.InternalHttpClient - ex-00000048: acquiring endpoint (3 MINUTES)
2024-07-24 14:30:11.301 [Test worker] DEBUG c.g.d.z.s.o.a.h.c.h.i.i.PoolingHttpClientConnectionManager - ex-00000048: endpoint lease request (3 MINUTES) [route: {}->npipe://localhost:2375][total available: 1; route allocated: 1 of 2147483647; total allocated: 1 of 2147483647]
2024-07-24 14:30:11.301 [Test worker] DEBUG c.g.d.z.s.o.a.h.c.h.i.i.PoolingHttpClientConnectionManager - ex-00000048: endpoint leased [route: {}->npipe://localhost:2375][total available: 0; route allocated: 1 of 2147483647; total allocated: 1 of 2147483647]
2024-07-24 14:30:11.301 [Test worker] DEBUG c.g.d.z.s.o.a.h.c.h.i.i.PoolingHttpClientConnectionManager - ex-00000048: acquired ep-00000047
2024-07-24 14:30:11.301 [Test worker] DEBUG c.g.d.z.s.o.a.h.c.h.i.c.InternalHttpClient - ex-00000048: acquired endpoint ep-00000047
2024-07-24 14:30:11.301 [Test worker] DEBUG c.g.d.z.s.o.a.h.c.h.i.c.MainClientExec - ex-00000048: executing GET /v1.32/containers/afcc96ed33635e7bd74e2151e7e34065e0aba62864b5576e172f05974628f666/json HTTP/1.1
2024-07-24 14:30:11.301 [Test worker] DEBUG c.g.d.z.s.o.a.h.c.h.i.c.InternalHttpClient - ep-00000047: start execution ex-00000048
2024-07-24 14:30:11.301 [Test worker] DEBUG c.g.d.z.s.o.a.h.c.h.i.i.PoolingHttpClientConnectionManager - ep-00000047: executing exchange ex-00000048 over http-outgoing-7
2024-07-24 14:30:11.301 [Test worker] DEBUG c.g.d.z.s.o.a.h.client5.http.headers - http-outgoing-7 >> GET /v1.32/containers/afcc96ed33635e7bd74e2151e7e34065e0aba62864b5576e172f05974628f666/json HTTP/1.1
2024-07-24 14:30:11.301 [Test worker] DEBUG c.g.d.z.s.o.a.h.client5.http.headers - http-outgoing-7 >> accept: application/json
2024-07-24 14:30:11.301 [Test worker] DEBUG c.g.d.z.s.o.a.h.client5.http.headers - http-outgoing-7 >> x-tc-sid: 280e6229-7396-4d60-b1e3-a5de48b5d49b
2024-07-24 14:30:11.301 [Test worker] DEBUG c.g.d.z.s.o.a.h.client5.http.headers - http-outgoing-7 >> User-Agent: tc-java/1.19.8
2024-07-24 14:30:11.301 [Test worker] DEBUG c.g.d.z.s.o.a.h.client5.http.headers - http-outgoing-7 >> Accept-Encoding: gzip, x-gzip, deflate
2024-07-24 14:30:11.301 [Test worker] DEBUG c.g.d.z.s.o.a.h.client5.http.headers - http-outgoing-7 >> Host: localhost:2375
2024-07-24 14:30:11.301 [Test worker] DEBUG c.g.d.z.s.o.a.h.client5.http.headers - http-outgoing-7 >> Connection: keep-alive
2024-07-24 14:30:11.301 [Test worker] DEBUG c.g.d.z.s.o.a.hc.client5.http.wire - http-outgoing-7 >> "GET /v1.32/containers/afcc96ed33635e7bd74e2151e7e34065e0aba62864b5576e172f05974628f666/json HTTP/1.1[\r][\n]"
2024-07-24 14:30:11.301 [Test worker] DEBUG c.g.d.z.s.o.a.hc.client5.http.wire - http-outgoing-7 >> "accept: application/json[\r][\n]"
2024-07-24 14:30:11.301 [Test worker] DEBUG c.g.d.z.s.o.a.hc.client5.http.wire - http-outgoing-7 >> "x-tc-sid: 280e6229-7396-4d60-b1e3-a5de48b5d49b[\r][\n]"
2024-07-24 14:30:11.301 [Test worker] DEBUG c.g.d.z.s.o.a.hc.client5.http.wire - http-outgoing-7 >> "User-Agent: tc-java/1.19.8[\r][\n]"
2024-07-24 14:30:11.301 [Test worker] DEBUG c.g.d.z.s.o.a.hc.client5.http.wire - http-outgoing-7 >> "Accept-Encoding: gzip, x-gzip, deflate[\r][\n]"
2024-07-24 14:30:11.301 [Test worker] DEBUG c.g.d.z.s.o.a.hc.client5.http.wire - http-outgoing-7 >> "Host: localhost:2375[\r][\n]"
2024-07-24 14:30:11.301 [Test worker] DEBUG c.g.d.z.s.o.a.hc.client5.http.wire - http-outgoing-7 >> "Connection: keep-alive[\r][\n]"
2024-07-24 14:30:11.301 [Test worker] DEBUG c.g.d.z.s.o.a.hc.client5.http.wire - http-outgoing-7 >> "[\r][\n]"
2024-07-24 14:30:11.305 [Test worker] DEBUG c.g.d.z.s.o.a.hc.client5.http.wire - http-outgoing-7 << "HTTP/1.1 200 OK[\r][\n]"
2024-07-24 14:30:11.305 [Test worker] DEBUG c.g.d.z.s.o.a.hc.client5.http.wire - http-outgoing-7 << "Api-Version: 1.45[\r][\n]"
2024-07-24 14:30:11.305 [Test worker] DEBUG c.g.d.z.s.o.a.hc.client5.http.wire - http-outgoing-7 << "Content-Type: application/json[\r][\n]"
2024-07-24 14:30:11.305 [Test worker] DEBUG c.g.d.z.s.o.a.hc.client5.http.wire - http-outgoing-7 << "Date: Wed, 24 Jul 2024 02:30:11 GMT[\r][\n]"
2024-07-24 14:30:11.305 [Test worker] DEBUG c.g.d.z.s.o.a.hc.client5.http.wire - http-outgoing-7 << "Docker-Experimental: false[\r][\n]"
2024-07-24 14:30:11.305 [Test worker] DEBUG c.g.d.z.s.o.a.hc.client5.http.wire - http-outgoing-7 << "Ostype: linux[\r][\n]"
2024-07-24 14:30:11.305 [Test worker] DEBUG c.g.d.z.s.o.a.hc.client5.http.wire - http-outgoing-7 << "Server: Docker/26.0.0 (linux)[\r][\n]"
2024-07-24 14:30:11.305 [Test worker] DEBUG c.g.d.z.s.o.a.hc.client5.http.wire - http-outgoing-7 << "Transfer-Encoding: chunked[\r][\n]"
2024-07-24 14:30:11.305 [Test worker] DEBUG c.g.d.z.s.o.a.hc.client5.http.wire - http-outgoing-7 << "[\r][\n]"
2024-07-24 14:30:11.305 [Test worker] DEBUG c.g.d.z.s.o.a.h.client5.http.headers - http-outgoing-7 << HTTP/1.1 200 OK
2024-07-24 14:30:11.305 [Test worker] DEBUG c.g.d.z.s.o.a.h.client5.http.headers - http-outgoing-7 << Api-Version: 1.45
2024-07-24 14:30:11.305 [Test worker] DEBUG c.g.d.z.s.o.a.h.client5.http.headers - http-outgoing-7 << Content-Type: application/json
2024-07-24 14:30:11.305 [Test worker] DEBUG c.g.d.z.s.o.a.h.client5.http.headers - http-outgoing-7 << Date: Wed, 24 Jul 2024 02:30:11 GMT
2024-07-24 14:30:11.305 [Test worker] DEBUG c.g.d.z.s.o.a.h.client5.http.headers - http-outgoing-7 << Docker-Experimental: false
2024-07-24 14:30:11.305 [Test worker] DEBUG c.g.d.z.s.o.a.h.client5.http.headers - http-outgoing-7 << Ostype: linux
2024-07-24 14:30:11.305 [Test worker] DEBUG c.g.d.z.s.o.a.h.client5.http.headers - http-outgoing-7 << Server: Docker/26.0.0 (linux)
2024-07-24 14:30:11.305 [Test worker] DEBUG c.g.d.z.s.o.a.h.client5.http.headers - http-outgoing-7 << Transfer-Encoding: chunked
2024-07-24 14:30:11.305 [Test worker] DEBUG c.g.d.z.s.o.a.h.c.h.i.c.MainClientExec - ex-00000048: connection can be kept alive for 3 MINUTES
2024-07-24 14:30:11.306 [Test worker] DEBUG c.g.d.z.s.o.a.hc.client5.http.wire - http-outgoing-7 << "1a38[\r][\n]"
2024-07-24 14:30:11.306 [Test worker] DEBUG c.g.d.z.s.o.a.hc.client5.http.wire - http-outgoing-7 << "{"Id":"afcc96ed33635e7bd74e2151e7e34065e0aba62864b5576e172f05974628f666","Created":"2024-07-24T02:30:09.163263516Z","Path":"docker-entrypoint.sh","Args":["postgres","-c","fsync=off"],"State":{"Status":"running","Running":true,"Paused":false,"Restarting":false,"OOMKilled":false,"Dead":false,"Pid":28553,"ExitCode":0,"Error":"","StartedAt":"2024-07-24T02:30:09.652000554Z","FinishedAt":"0001-01-01T00:00:00Z"},"Image":"sha256:8e4fc9e184899a58735e7ee333f5e272d7d2298cf59302006b71f33e217be130","ResolvConfPath":"/var/lib/docker/containers/afcc96ed33635e7bd74e2151e7e34065e0aba62864b5576e172f05974628f666/resolv.conf","HostnamePath":"/var/lib/docker/containers/afcc96ed33635e7bd74e2151e7e34065e0aba62864b5576e172f05974628f666/hostname","HostsPath":"/var/lib/docker/containers/afcc96ed33635e7bd74e2151e7e34065e0aba62864b5576e172f05974628f666/hosts","LogPath":"/var/lib/docker/containers/afcc96ed33635e7bd74e2151e7e34065e0aba62864b5576e172f05974628f666/afcc96ed33635e7bd74e2151e7e34065e0aba62864b5576e172f05974628f666-json.log","Name":"/suspicious_shaw","RestartCount":0,"Driver":"overlay2","Platform":"linux","MountLabel":"","ProcessLabel":"","AppArmorProfile":"","ExecIDs":null,"HostConfig":{"Binds":[],"ContainerIDFile":"","LogConfig":{"Type":"json-file","Config":{}},"NetworkMode":"default","PortBindings":{"5432/tcp":[{"HostIp":"0.0.0.0","HostPort":"0"}]},"RestartPolicy":{"Name":"no","MaximumRetryCount":0},"AutoRemove":false,"VolumeDriver":"","VolumesFrom":[],"ConsoleSize":[0,0],"CapAdd":null,"CapDrop":null,"CgroupnsMode":"host","Dns":null,"DnsOptions":null,"DnsSearch":null,"ExtraHosts":[],"GroupAdd":null,"IpcMode":"shareable","Cgroup":"","Links":null,"OomScoreAdj":0,"PidMode":"","Privileged":false,"PublishAllPorts":false,"ReadonlyRootfs":false,"SecurityOpt":null,"UTSMode":"","UsernsMode":"","ShmSize":67108864,"Runtime":"runc","Isolation":"","CpuShares":0,"Memory":0,"NanoCpus":0,"CgroupParent":"","BlkioWeight":0,"BlkioWeightDevice":null,"BlkioDeviceReadBps":null,"BlkioDeviceWriteBps":null,"BlkioDeviceReadIOps":null,"BlkioDeviceWriteIOps":null,"CpuPeriod":0,"CpuQuota":0,"CpuRealtimePeriod":0,"CpuRealtimeRuntime":0,"CpusetCpus":"","CpusetMems":"","Devices":null,"DeviceCgroupRules":null,"DeviceRequests":null,"MemoryReservation":0,"MemorySwap":0,"MemorySwappiness":null,"OomKillDisable":false,"PidsLimit":null,"Ulimits":null,"CpuCount":0,"CpuPercent":0,"IOMaximumIOps":0,"IOMaximumBandwidth":0,"MaskedPaths":["/proc/asound","/proc/acpi","/proc/kcore","/proc/keys","/proc/latency_stats","/proc/timer_list","/proc/timer_stats","/proc/sched_debug","/proc/scsi","/sys/firmware","/sys/devices/virtual/powercap"],"ReadonlyPaths":["/proc/bus","/proc/fs","/proc/irq","/proc/sys","/proc/sysrq-trigger"]},"GraphDriver":{"Data":{"LowerDir":"/var/lib/docker/overlay2/3ac9d74f8a6bdabaf3d86ba56484f00d462695a663bb88f0db49edbc073bef62-init/diff:/var/lib/docker/overlay2/8f0ddbd386af0785c2e348570516955816ab350305d698d363962d488eeb15ec/diff:/var/lib/docker/overlay2/0eb0ca73e9b0be7c3d7fa8762ef4778a68f38391bc84c037c2e90b88e781b475/diff:/var/lib/docker/overlay2/74e634bddc785c5d436b10a5158cd82e21dc2065fd1cf8ff9c1c12e01575a2d8/diff:/var/lib/docker/overlay2/bb918b2851cd2f508f1e3fdbfff8b7f8b041d61e65fe8c368288bf399e80b818/diff:/var/lib/docker/overlay2/2abab2946cbdc2941ee8ec4024c51dac7313dee9de5fbedd1ca33388c59eb3c8/diff:/var/lib/docker/overlay2/e12f6083ee669bd92743ceb339a896bb25dbe461b718705bb39eb410b80c0ecd/diff:/var/lib/docker/overlay2/ced1e86d670d097da5ed4da7288c22507735918959161c2cd8bf083fb30d169a/diff:/var/lib/docker/overlay2/94e9ac7b74923285ae73af20aeccb964ca9079e2305db367cb85d1603560472d/diff:/var/lib/docker/overlay2/a396b6dfd63f0c228c519871183c614cccf4d366a43460f27ecf97113c3c4be8/diff:/var/lib/docker/overlay2/f58ada5d5080c2bac553c734f81127660a90581a35ed2a92cebe3c59e340875b/diff:/var/lib/docker/overlay2/84f85636f37bf55d945e217b4f87a856eba7932284beaf042561007b66f48977/diff:/var/lib/docker/overlay2/1e6e519613884e91a2b74a588ba35dc8a2f789371ab798ef6e7d9836d756042f/diff:/var/lib/docker/overlay2/14a3151cc8b4f9d27d2e64f1a8abc0c7809309580f2d7e8dc8545055c1d56194/diff:/var/lib/doc"
2024-07-24 14:30:11.306 [Test worker] DEBUG c.g.d.z.s.o.a.hc.client5.http.wire - http-outgoing-7 << "ker/overlay2/5b354b9e793401517fe2f1da697653fdaadffc54888eaf76d67e0600b8c68bdc/diff","MergedDir":"/var/lib/docker/overlay2/3ac9d74f8a6bdabaf3d86ba56484f00d462695a663bb88f0db49edbc073bef62/merged","UpperDir":"/var/lib/docker/overlay2/3ac9d74f8a6bdabaf3d86ba56484f00d462695a663bb88f0db49edbc073bef62/diff","WorkDir":"/var/lib/docker/overlay2/3ac9d74f8a6bdabaf3d86ba56484f00d462695a663bb88f0db49edbc073bef62/work"},"Name":"overlay2"},"Mounts":[{"Type":"volume","Name":"b5362541dcc61c5869d15b96550f73dfed77e2a89add984aed95040fea6bd5fe","Source":"/var/lib/docker/volumes/b5362541dcc61c5869d15b96550f73dfed77e2a89add984aed95040fea6bd5fe/_data","Destination":"/var/lib/postgresql/data","Driver":"local","Mode":"","RW":true,"Propagation":""}],"Config":{"Hostname":"afcc96ed3363","Domainname":"","User":"","AttachStdin":false,"AttachStdout":false,"AttachStderr":false,"ExposedPorts":{"5432/tcp":{}},"Tty":false,"OpenStdin":false,"StdinOnce":false,"Env":["POSTGRES_USER=user","POSTGRES_PASSWORD=password","POSTGRES_DB=db","PATH=/usr/local/sbin:/usr/local/bin:/usr/sbin:/usr/bin:/sbin:/bin:/usr/lib/postgresql/16/bin","GOSU_VERSION=1.17","LANG=en_US.utf8","PG_MAJOR=16","PG_VERSION=16.2-1.pgdg120+2","PGDATA=/var/lib/postgresql/data"],"Cmd":["postgres","-c","fsync=off"],"Image":"postgres:latest","Volumes":{"/var/lib/postgresql/data":{}},"WorkingDir":"","Entrypoint":["docker-entrypoint.sh"],"OnBuild":null,"Labels":{"org.testcontainers":"true","org.testcontainers.lang":"java","org.testcontainers.sessionId":"280e6229-7396-4d60-b1e3-a5de48b5d49b","org.testcontainers.version":"1.19.8"},"StopSignal":"SIGINT"},"NetworkSettings":{"Bridge":"","SandboxID":"40d2717dc90d6305dc58a604ac1655a1e2e457355a20b4e4bd46d1ab82be57ca","SandboxKey":"/var/run/docker/netns/40d2717dc90d","Ports":{"5432/tcp":[{"HostIp":"0.0.0.0","HostPort":"51523"}]},"HairpinMode":false,"LinkLocalIPv6Address":"","LinkLocalIPv6PrefixLen":0,"SecondaryIPAddresses":null,"SecondaryIPv6Addresses":null,"EndpointID":"1a147fad68beb3b9db148ca6a0c751049c28020d7102949c001772478780003b","Gateway":"172.17.0.1","GlobalIPv6Address":"","GlobalIPv6PrefixLen":0,"IPAddress":"172.17.0.3","IPPrefixLen":16,"IPv6Gateway":"","MacAddress":"02:42:ac:11:00:03","Networks":{"bridge":{"IPAMConfig":null,"Links":null,"Aliases":null,"MacAddress":"02:42:ac:11:00:03","NetworkID":"3c842496be344cbdae878c1dee0957e7bc7c0a2236009c92752030f2b053e72f","EndpointID":"1a147fad68beb3b9db148ca6a0c751049c28020d7102949c001772478780003b","Gateway":"172.17.0.1","IPAddress":"172.17.0.3","IPPrefixLen":16,"IPv6Gateway":"","GlobalIPv6Address":"","GlobalIPv6PrefixLen":0,"DriverOpts":null,"DNSNames":null}}}}[\n]"
2024-07-24 14:30:11.307 [Test worker] DEBUG c.g.d.z.s.o.a.hc.client5.http.wire - http-outgoing-7 << "[\r][\n]"
2024-07-24 14:30:11.308 [Test worker] DEBUG c.g.d.z.s.o.a.hc.client5.http.wire - http-outgoing-7 << "0[\r][\n]"
2024-07-24 14:30:11.308 [Test worker] DEBUG c.g.d.z.s.o.a.hc.client5.http.wire - http-outgoing-7 << "[\r][\n]"
2024-07-24 14:30:11.308 [Test worker] DEBUG c.g.d.z.s.o.a.h.c.h.i.c.InternalHttpClient - ep-00000047: releasing valid endpoint
2024-07-24 14:30:11.308 [Test worker] DEBUG c.g.d.z.s.o.a.h.c.h.i.i.PoolingHttpClientConnectionManager - ep-00000047: releasing endpoint
2024-07-24 14:30:11.308 [Test worker] DEBUG c.g.d.z.s.o.a.h.c.h.i.i.PoolingHttpClientConnectionManager - ep-00000047: connection http-outgoing-7 can be kept alive for 3 MINUTES
2024-07-24 14:30:11.308 [Test worker] DEBUG c.g.d.z.s.o.a.h.c.h.i.i.PoolingHttpClientConnectionManager - ep-00000047: connection released [route: {}->npipe://localhost:2375][total available: 1; route allocated: 1 of 2147483647; total allocated: 1 of 2147483647]
2024-07-24 14:30:11.308 [Test worker] TRACE o.t.utility.ResourceReaper - Stopping container: afcc96ed33635e7bd74e2151e7e34065e0aba62864b5576e172f05974628f666
2024-07-24 14:30:11.308 [Test worker] DEBUG o.t.s.c.g.d.c.command.AbstrDockerCmd - Cmd: afcc96ed33635e7bd74e2151e7e34065e0aba62864b5576e172f05974628f666,<null>
2024-07-24 14:30:11.308 [Test worker] TRACE o.t.s.c.g.d.c.e.KillContainerCmdExec - POST: DefaultWebTarget{path=[/containers/afcc96ed33635e7bd74e2151e7e34065e0aba62864b5576e172f05974628f666/kill], queryParams={}}
2024-07-24 14:30:11.308 [Test worker] DEBUG c.g.d.z.s.o.a.h.c.h.i.c.InternalHttpClient - ex-00000049: preparing request execution
2024-07-24 14:30:11.308 [Test worker] DEBUG c.g.d.z.s.o.a.h.c.h.p.RequestAddCookies - Cookie spec selected: strict
2024-07-24 14:30:11.308 [Test worker] DEBUG c.g.d.z.s.o.a.h.c.h.p.RequestAuthCache - Auth cache not set in the context
2024-07-24 14:30:11.308 [Test worker] DEBUG c.g.d.z.s.o.a.h.c.h.i.c.ProtocolExec - ex-00000049: target auth state: UNCHALLENGED
2024-07-24 14:30:11.308 [Test worker] DEBUG c.g.d.z.s.o.a.h.c.h.i.c.ProtocolExec - ex-00000049: proxy auth state: UNCHALLENGED
2024-07-24 14:30:11.308 [Test worker] DEBUG c.g.d.z.s.o.a.h.c.h.i.c.ConnectExec - ex-00000049: acquiring connection with route {}->npipe://localhost:2375
2024-07-24 14:30:11.308 [Test worker] DEBUG c.g.d.z.s.o.a.h.c.h.i.c.InternalHttpClient - ex-00000049: acquiring endpoint (3 MINUTES)
2024-07-24 14:30:11.308 [Test worker] DEBUG c.g.d.z.s.o.a.h.c.h.i.i.PoolingHttpClientConnectionManager - ex-00000049: endpoint lease request (3 MINUTES) [route: {}->npipe://localhost:2375][total available: 1; route allocated: 1 of 2147483647; total allocated: 1 of 2147483647]
2024-07-24 14:30:11.308 [Test worker] DEBUG c.g.d.z.s.o.a.h.c.h.i.i.PoolingHttpClientConnectionManager - ex-00000049: endpoint leased [route: {}->npipe://localhost:2375][total available: 0; route allocated: 1 of 2147483647; total allocated: 1 of 2147483647]
2024-07-24 14:30:11.308 [Test worker] DEBUG c.g.d.z.s.o.a.h.c.h.i.i.PoolingHttpClientConnectionManager - ex-00000049: acquired ep-00000048
2024-07-24 14:30:11.308 [Test worker] DEBUG c.g.d.z.s.o.a.h.c.h.i.c.InternalHttpClient - ex-00000049: acquired endpoint ep-00000048
2024-07-24 14:30:11.308 [Test worker] DEBUG c.g.d.z.s.o.a.h.c.h.i.c.MainClientExec - ex-00000049: executing POST /v1.32/containers/afcc96ed33635e7bd74e2151e7e34065e0aba62864b5576e172f05974628f666/kill HTTP/1.1
2024-07-24 14:30:11.308 [Test worker] DEBUG c.g.d.z.s.o.a.h.c.h.i.c.InternalHttpClient - ep-00000048: start execution ex-00000049
2024-07-24 14:30:11.308 [Test worker] DEBUG c.g.d.z.s.o.a.h.c.h.i.i.PoolingHttpClientConnectionManager - ep-00000048: executing exchange ex-00000049 over http-outgoing-7
2024-07-24 14:30:11.308 [Test worker] DEBUG c.g.d.z.s.o.a.h.client5.http.headers - http-outgoing-7 >> POST /v1.32/containers/afcc96ed33635e7bd74e2151e7e34065e0aba62864b5576e172f05974628f666/kill HTTP/1.1
2024-07-24 14:30:11.308 [Test worker] DEBUG c.g.d.z.s.o.a.h.client5.http.headers - http-outgoing-7 >> accept: application/json
2024-07-24 14:30:11.308 [Test worker] DEBUG c.g.d.z.s.o.a.h.client5.http.headers - http-outgoing-7 >> content-type: application/json
2024-07-24 14:30:11.308 [Test worker] DEBUG c.g.d.z.s.o.a.h.client5.http.headers - http-outgoing-7 >> x-tc-sid: 280e6229-7396-4d60-b1e3-a5de48b5d49b
2024-07-24 14:30:11.308 [Test worker] DEBUG c.g.d.z.s.o.a.h.client5.http.headers - http-outgoing-7 >> User-Agent: tc-java/1.19.8
2024-07-24 14:30:11.308 [Test worker] DEBUG c.g.d.z.s.o.a.h.client5.http.headers - http-outgoing-7 >> Accept-Encoding: gzip, x-gzip, deflate
2024-07-24 14:30:11.308 [Test worker] DEBUG c.g.d.z.s.o.a.h.client5.http.headers - http-outgoing-7 >> Host: localhost:2375
2024-07-24 14:30:11.308 [Test worker] DEBUG c.g.d.z.s.o.a.h.client5.http.headers - http-outgoing-7 >> Connection: keep-alive
2024-07-24 14:30:11.308 [Test worker] DEBUG c.g.d.z.s.o.a.hc.client5.http.wire - http-outgoing-7 >> "POST /v1.32/containers/afcc96ed33635e7bd74e2151e7e34065e0aba62864b5576e172f05974628f666/kill HTTP/1.1[\r][\n]"
2024-07-24 14:30:11.308 [Test worker] DEBUG c.g.d.z.s.o.a.hc.client5.http.wire - http-outgoing-7 >> "accept: application/json[\r][\n]"
2024-07-24 14:30:11.308 [Test worker] DEBUG c.g.d.z.s.o.a.hc.client5.http.wire - http-outgoing-7 >> "content-type: application/json[\r][\n]"
2024-07-24 14:30:11.308 [Test worker] DEBUG c.g.d.z.s.o.a.hc.client5.http.wire - http-outgoing-7 >> "x-tc-sid: 280e6229-7396-4d60-b1e3-a5de48b5d49b[\r][\n]"
2024-07-24 14:30:11.308 [Test worker] DEBUG c.g.d.z.s.o.a.hc.client5.http.wire - http-outgoing-7 >> "User-Agent: tc-java/1.19.8[\r][\n]"
2024-07-24 14:30:11.308 [Test worker] DEBUG c.g.d.z.s.o.a.hc.client5.http.wire - http-outgoing-7 >> "Accept-Encoding: gzip, x-gzip, deflate[\r][\n]"
2024-07-24 14:30:11.308 [Test worker] DEBUG c.g.d.z.s.o.a.hc.client5.http.wire - http-outgoing-7 >> "Host: localhost:2375[\r][\n]"
2024-07-24 14:30:11.308 [Test worker] DEBUG c.g.d.z.s.o.a.hc.client5.http.wire - http-outgoing-7 >> "Connection: keep-alive[\r][\n]"
2024-07-24 14:30:11.308 [Test worker] DEBUG c.g.d.z.s.o.a.hc.client5.http.wire - http-outgoing-7 >> "[\r][\n]"
2024-07-24 14:30:11.872 [Test worker] DEBUG c.g.d.z.s.o.a.hc.client5.http.wire - http-outgoing-7 << "HTTP/1.1 204 No Content[\r][\n]"
2024-07-24 14:30:11.872 [Test worker] DEBUG c.g.d.z.s.o.a.hc.client5.http.wire - http-outgoing-7 << "Api-Version: 1.45[\r][\n]"
2024-07-24 14:30:11.872 [Test worker] DEBUG c.g.d.z.s.o.a.hc.client5.http.wire - http-outgoing-7 << "Date: Wed, 24 Jul 2024 02:30:11 GMT[\r][\n]"
2024-07-24 14:30:11.872 [Test worker] DEBUG c.g.d.z.s.o.a.hc.client5.http.wire - http-outgoing-7 << "Docker-Experimental: false[\r][\n]"
2024-07-24 14:30:11.872 [Test worker] DEBUG c.g.d.z.s.o.a.hc.client5.http.wire - http-outgoing-7 << "Ostype: linux[\r][\n]"
2024-07-24 14:30:11.872 [Test worker] DEBUG c.g.d.z.s.o.a.hc.client5.http.wire - http-outgoing-7 << "Server: Docker/26.0.0 (linux)[\r][\n]"
2024-07-24 14:30:11.872 [Test worker] DEBUG c.g.d.z.s.o.a.hc.client5.http.wire - http-outgoing-7 << "[\r][\n]"
2024-07-24 14:30:11.873 [Test worker] DEBUG c.g.d.z.s.o.a.h.client5.http.headers - http-outgoing-7 << HTTP/1.1 204 No Content
2024-07-24 14:30:11.873 [Test worker] DEBUG c.g.d.z.s.o.a.h.client5.http.headers - http-outgoing-7 << Api-Version: 1.45
2024-07-24 14:30:11.873 [Test worker] DEBUG c.g.d.z.s.o.a.h.client5.http.headers - http-outgoing-7 << Date: Wed, 24 Jul 2024 02:30:11 GMT
2024-07-24 14:30:11.873 [Test worker] DEBUG c.g.d.z.s.o.a.h.client5.http.headers - http-outgoing-7 << Docker-Experimental: false
2024-07-24 14:30:11.873 [Test worker] DEBUG c.g.d.z.s.o.a.h.client5.http.headers - http-outgoing-7 << Ostype: linux
2024-07-24 14:30:11.873 [Test worker] DEBUG c.g.d.z.s.o.a.h.client5.http.headers - http-outgoing-7 << Server: Docker/26.0.0 (linux)
2024-07-24 14:30:11.873 [Test worker] DEBUG c.g.d.z.s.o.a.h.c.h.i.c.MainClientExec - ex-00000049: connection can be kept alive for 3 MINUTES
2024-07-24 14:30:11.873 [Test worker] DEBUG c.g.d.z.s.o.a.h.c.h.i.c.InternalHttpClient - ep-00000048: releasing valid endpoint
2024-07-24 14:30:11.873 [Test worker] DEBUG c.g.d.z.s.o.a.h.c.h.i.i.PoolingHttpClientConnectionManager - ep-00000048: releasing endpoint
2024-07-24 14:30:11.873 [Test worker] DEBUG c.g.d.z.s.o.a.h.c.h.i.i.PoolingHttpClientConnectionManager - ep-00000048: connection http-outgoing-7 can be kept alive for 3 MINUTES
2024-07-24 14:30:11.873 [Test worker] DEBUG c.g.d.z.s.o.a.h.c.h.i.i.PoolingHttpClientConnectionManager - ep-00000048: connection released [route: {}->npipe://localhost:2375][total available: 1; route allocated: 1 of 2147483647; total allocated: 1 of 2147483647]
2024-07-24 14:30:11.873 [Test worker] TRACE o.t.utility.ResourceReaper - Stopped container: postgres:latest
2024-07-24 14:30:11.873 [Test worker] DEBUG o.t.s.c.g.d.c.command.AbstrDockerCmd - Cmd: afcc96ed33635e7bd74e2151e7e34065e0aba62864b5576e172f05974628f666,false
2024-07-24 14:30:11.874 [Test worker] DEBUG o.t.s.c.g.d.c.e.InspectContainerCmdExec - GET: DefaultWebTarget{path=[/containers/afcc96ed33635e7bd74e2151e7e34065e0aba62864b5576e172f05974628f666/json], queryParams={}}
2024-07-24 14:30:11.874 [Test worker] DEBUG c.g.d.z.s.o.a.h.c.h.i.c.InternalHttpClient - ex-0000004A: preparing request execution
2024-07-24 14:30:11.874 [Test worker] DEBUG c.g.d.z.s.o.a.h.c.h.p.RequestAddCookies - Cookie spec selected: strict
2024-07-24 14:30:11.874 [Test worker] DEBUG c.g.d.z.s.o.a.h.c.h.p.RequestAuthCache - Auth cache not set in the context
2024-07-24 14:30:11.874 [Test worker] DEBUG c.g.d.z.s.o.a.h.c.h.i.c.ProtocolExec - ex-0000004A: target auth state: UNCHALLENGED
2024-07-24 14:30:11.874 [Test worker] DEBUG c.g.d.z.s.o.a.h.c.h.i.c.ProtocolExec - ex-0000004A: proxy auth state: UNCHALLENGED
2024-07-24 14:30:11.875 [Test worker] DEBUG c.g.d.z.s.o.a.h.c.h.i.c.ConnectExec - ex-0000004A: acquiring connection with route {}->npipe://localhost:2375
2024-07-24 14:30:11.875 [Test worker] DEBUG c.g.d.z.s.o.a.h.c.h.i.c.InternalHttpClient - ex-0000004A: acquiring endpoint (3 MINUTES)
2024-07-24 14:30:11.875 [Test worker] DEBUG c.g.d.z.s.o.a.h.c.h.i.i.PoolingHttpClientConnectionManager - ex-0000004A: endpoint lease request (3 MINUTES) [route: {}->npipe://localhost:2375][total available: 1; route allocated: 1 of 2147483647; total allocated: 1 of 2147483647]
2024-07-24 14:30:11.875 [Test worker] DEBUG c.g.d.z.s.o.a.h.c.h.i.i.PoolingHttpClientConnectionManager - ex-0000004A: endpoint leased [route: {}->npipe://localhost:2375][total available: 0; route allocated: 1 of 2147483647; total allocated: 1 of 2147483647]
2024-07-24 14:30:11.875 [Test worker] DEBUG c.g.d.z.s.o.a.h.c.h.i.i.PoolingHttpClientConnectionManager - ex-0000004A: acquired ep-00000049
2024-07-24 14:30:11.875 [Test worker] DEBUG c.g.d.z.s.o.a.h.c.h.i.c.InternalHttpClient - ex-0000004A: acquired endpoint ep-00000049
2024-07-24 14:30:11.875 [Test worker] DEBUG c.g.d.z.s.o.a.h.c.h.i.c.MainClientExec - ex-0000004A: executing GET /v1.32/containers/afcc96ed33635e7bd74e2151e7e34065e0aba62864b5576e172f05974628f666/json HTTP/1.1
2024-07-24 14:30:11.875 [Test worker] DEBUG c.g.d.z.s.o.a.h.c.h.i.c.InternalHttpClient - ep-00000049: start execution ex-0000004A
2024-07-24 14:30:11.875 [Test worker] DEBUG c.g.d.z.s.o.a.h.c.h.i.i.PoolingHttpClientConnectionManager - ep-00000049: executing exchange ex-0000004A over http-outgoing-7
2024-07-24 14:30:11.875 [Test worker] DEBUG c.g.d.z.s.o.a.h.client5.http.headers - http-outgoing-7 >> GET /v1.32/containers/afcc96ed33635e7bd74e2151e7e34065e0aba62864b5576e172f05974628f666/json HTTP/1.1
2024-07-24 14:30:11.875 [Test worker] DEBUG c.g.d.z.s.o.a.h.client5.http.headers - http-outgoing-7 >> accept: application/json
2024-07-24 14:30:11.875 [Test worker] DEBUG c.g.d.z.s.o.a.h.client5.http.headers - http-outgoing-7 >> x-tc-sid: 280e6229-7396-4d60-b1e3-a5de48b5d49b
2024-07-24 14:30:11.875 [Test worker] DEBUG c.g.d.z.s.o.a.h.client5.http.headers - http-outgoing-7 >> User-Agent: tc-java/1.19.8
2024-07-24 14:30:11.875 [Test worker] DEBUG c.g.d.z.s.o.a.h.client5.http.headers - http-outgoing-7 >> Accept-Encoding: gzip, x-gzip, deflate
2024-07-24 14:30:11.875 [Test worker] DEBUG c.g.d.z.s.o.a.h.client5.http.headers - http-outgoing-7 >> Host: localhost:2375
2024-07-24 14:30:11.875 [Test worker] DEBUG c.g.d.z.s.o.a.h.client5.http.headers - http-outgoing-7 >> Connection: keep-alive
2024-07-24 14:30:11.875 [Test worker] DEBUG c.g.d.z.s.o.a.hc.client5.http.wire - http-outgoing-7 >> "GET /v1.32/containers/afcc96ed33635e7bd74e2151e7e34065e0aba62864b5576e172f05974628f666/json HTTP/1.1[\r][\n]"
2024-07-24 14:30:11.875 [Test worker] DEBUG c.g.d.z.s.o.a.hc.client5.http.wire - http-outgoing-7 >> "accept: application/json[\r][\n]"
2024-07-24 14:30:11.875 [Test worker] DEBUG c.g.d.z.s.o.a.hc.client5.http.wire - http-outgoing-7 >> "x-tc-sid: 280e6229-7396-4d60-b1e3-a5de48b5d49b[\r][\n]"
2024-07-24 14:30:11.875 [Test worker] DEBUG c.g.d.z.s.o.a.hc.client5.http.wire - http-outgoing-7 >> "User-Agent: tc-java/1.19.8[\r][\n]"
2024-07-24 14:30:11.875 [Test worker] DEBUG c.g.d.z.s.o.a.hc.client5.http.wire - http-outgoing-7 >> "Accept-Encoding: gzip, x-gzip, deflate[\r][\n]"
2024-07-24 14:30:11.875 [Test worker] DEBUG c.g.d.z.s.o.a.hc.client5.http.wire - http-outgoing-7 >> "Host: localhost:2375[\r][\n]"
2024-07-24 14:30:11.875 [Test worker] DEBUG c.g.d.z.s.o.a.hc.client5.http.wire - http-outgoing-7 >> "Connection: keep-alive[\r][\n]"
2024-07-24 14:30:11.875 [Test worker] DEBUG c.g.d.z.s.o.a.hc.client5.http.wire - http-outgoing-7 >> "[\r][\n]"
2024-07-24 14:30:11.891 [Test worker] DEBUG c.g.d.z.s.o.a.hc.client5.http.wire - http-outgoing-7 << "HTTP/1.1 200 OK[\r][\n]"
2024-07-24 14:30:11.891 [Test worker] DEBUG c.g.d.z.s.o.a.hc.client5.http.wire - http-outgoing-7 << "Api-Version: 1.45[\r][\n]"
2024-07-24 14:30:11.891 [Test worker] DEBUG c.g.d.z.s.o.a.hc.client5.http.wire - http-outgoing-7 << "Content-Type: application/json[\r][\n]"
2024-07-24 14:30:11.891 [Test worker] DEBUG c.g.d.z.s.o.a.hc.client5.http.wire - http-outgoing-7 << "Date: Wed, 24 Jul 2024 02:30:11 GMT[\r][\n]"
2024-07-24 14:30:11.891 [Test worker] DEBUG c.g.d.z.s.o.a.hc.client5.http.wire - http-outgoing-7 << "Docker-Experimental: false[\r][\n]"
2024-07-24 14:30:11.891 [Test worker] DEBUG c.g.d.z.s.o.a.hc.client5.http.wire - http-outgoing-7 << "Ostype: linux[\r][\n]"
2024-07-24 14:30:11.891 [Test worker] DEBUG c.g.d.z.s.o.a.hc.client5.http.wire - http-outgoing-7 << "Server: Docker/26.0.0 (linux)[\r][\n]"
2024-07-24 14:30:11.891 [Test worker] DEBUG c.g.d.z.s.o.a.hc.client5.http.wire - http-outgoing-7 << "Transfer-Encoding: chunked[\r][\n]"
2024-07-24 14:30:11.891 [Test worker] DEBUG c.g.d.z.s.o.a.hc.client5.http.wire - http-outgoing-7 << "[\r][\n]"
2024-07-24 14:30:11.891 [Test worker] DEBUG c.g.d.z.s.o.a.h.client5.http.headers - http-outgoing-7 << HTTP/1.1 200 OK
2024-07-24 14:30:11.891 [Test worker] DEBUG c.g.d.z.s.o.a.h.client5.http.headers - http-outgoing-7 << Api-Version: 1.45
2024-07-24 14:30:11.891 [Test worker] DEBUG c.g.d.z.s.o.a.h.client5.http.headers - http-outgoing-7 << Content-Type: application/json
2024-07-24 14:30:11.891 [Test worker] DEBUG c.g.d.z.s.o.a.h.client5.http.headers - http-outgoing-7 << Date: Wed, 24 Jul 2024 02:30:11 GMT
2024-07-24 14:30:11.891 [Test worker] DEBUG c.g.d.z.s.o.a.h.client5.http.headers - http-outgoing-7 << Docker-Experimental: false
2024-07-24 14:30:11.891 [Test worker] DEBUG c.g.d.z.s.o.a.h.client5.http.headers - http-outgoing-7 << Ostype: linux
2024-07-24 14:30:11.891 [Test worker] DEBUG c.g.d.z.s.o.a.h.client5.http.headers - http-outgoing-7 << Server: Docker/26.0.0 (linux)
2024-07-24 14:30:11.891 [Test worker] DEBUG c.g.d.z.s.o.a.h.client5.http.headers - http-outgoing-7 << Transfer-Encoding: chunked
2024-07-24 14:30:11.891 [Test worker] DEBUG c.g.d.z.s.o.a.h.c.h.i.c.MainClientExec - ex-0000004A: connection can be kept alive for 3 MINUTES
2024-07-24 14:30:11.892 [Test worker] DEBUG c.g.d.z.s.o.a.hc.client5.http.wire - http-outgoing-7 << "1940[\r][\n]"
2024-07-24 14:30:11.892 [Test worker] DEBUG c.g.d.z.s.o.a.hc.client5.http.wire - http-outgoing-7 << "{"Id":"afcc96ed33635e7bd74e2151e7e34065e0aba62864b5576e172f05974628f666","Created":"2024-07-24T02:30:09.163263516Z","Path":"docker-entrypoint.sh","Args":["postgres","-c","fsync=off"],"State":{"Status":"exited","Running":false,"Paused":false,"Restarting":false,"OOMKilled":false,"Dead":false,"Pid":0,"ExitCode":137,"Error":"","StartedAt":"2024-07-24T02:30:09.652000554Z","FinishedAt":"2024-07-24T02:30:11.356133356Z"},"Image":"sha256:8e4fc9e184899a58735e7ee333f5e272d7d2298cf59302006b71f33e217be130","ResolvConfPath":"/var/lib/docker/containers/afcc96ed33635e7bd74e2151e7e34065e0aba62864b5576e172f05974628f666/resolv.conf","HostnamePath":"/var/lib/docker/containers/afcc96ed33635e7bd74e2151e7e34065e0aba62864b5576e172f05974628f666/hostname","HostsPath":"/var/lib/docker/containers/afcc96ed33635e7bd74e2151e7e34065e0aba62864b5576e172f05974628f666/hosts","LogPath":"/var/lib/docker/containers/afcc96ed33635e7bd74e2151e7e34065e0aba62864b5576e172f05974628f666/afcc96ed33635e7bd74e2151e7e34065e0aba62864b5576e172f05974628f666-json.log","Name":"/suspicious_shaw","RestartCount":0,"Driver":"overlay2","Platform":"linux","MountLabel":"","ProcessLabel":"","AppArmorProfile":"","ExecIDs":null,"HostConfig":{"Binds":[],"ContainerIDFile":"","LogConfig":{"Type":"json-file","Config":{}},"NetworkMode":"default","PortBindings":{"5432/tcp":[{"HostIp":"0.0.0.0","HostPort":"0"}]},"RestartPolicy":{"Name":"no","MaximumRetryCount":0},"AutoRemove":false,"VolumeDriver":"","VolumesFrom":[],"ConsoleSize":[0,0],"CapAdd":null,"CapDrop":null,"CgroupnsMode":"host","Dns":null,"DnsOptions":null,"DnsSearch":null,"ExtraHosts":[],"GroupAdd":null,"IpcMode":"shareable","Cgroup":"","Links":null,"OomScoreAdj":0,"PidMode":"","Privileged":false,"PublishAllPorts":false,"ReadonlyRootfs":false,"SecurityOpt":null,"UTSMode":"","UsernsMode":"","ShmSize":67108864,"Runtime":"runc","Isolation":"","CpuShares":0,"Memory":0,"NanoCpus":0,"CgroupParent":"","BlkioWeight":0,"BlkioWeightDevice":null,"BlkioDeviceReadBps":null,"BlkioDeviceWriteBps":null,"BlkioDeviceReadIOps":null,"BlkioDeviceWriteIOps":null,"CpuPeriod":0,"CpuQuota":0,"CpuRealtimePeriod":0,"CpuRealtimeRuntime":0,"CpusetCpus":"","CpusetMems":"","Devices":null,"DeviceCgroupRules":null,"DeviceRequests":null,"MemoryReservation":0,"MemorySwap":0,"MemorySwappiness":null,"OomKillDisable":false,"PidsLimit":null,"Ulimits":null,"CpuCount":0,"CpuPercent":0,"IOMaximumIOps":0,"IOMaximumBandwidth":0,"MaskedPaths":["/proc/asound","/proc/acpi","/proc/kcore","/proc/keys","/proc/latency_stats","/proc/timer_list","/proc/timer_stats","/proc/sched_debug","/proc/scsi","/sys/firmware","/sys/devices/virtual/powercap"],"ReadonlyPaths":["/proc/bus","/proc/fs","/proc/irq","/proc/sys","/proc/sysrq-trigger"]},"GraphDriver":{"Data":{"LowerDir":"/var/lib/docker/overlay2/3ac9d74f8a6bdabaf3d86ba56484f00d462695a663bb88f0db49edbc073bef62-init/diff:/var/lib/docker/overlay2/8f0ddbd386af0785c2e348570516955816ab350305d698d363962d488eeb15ec/diff:/var/lib/docker/overlay2/0eb0ca73e9b0be7c3d7fa8762ef4778a68f38391bc84c037c2e90b88e781b475/diff:/var/lib/docker/overlay2/74e634bddc785c5d436b10a5158cd82e21dc2065fd1cf8ff9c1c12e01575a2d8/diff:/var/lib/docker/overlay2/bb918b2851cd2f508f1e3fdbfff8b7f8b041d61e65fe8c368288bf399e80b818/diff:/var/lib/docker/overlay2/2abab2946cbdc2941ee8ec4024c51dac7313dee9de5fbedd1ca33388c59eb3c8/diff:/var/lib/docker/overlay2/e12f6083ee669bd92743ceb339a896bb25dbe461b718705bb39eb410b80c0ecd/diff:/var/lib/docker/overlay2/ced1e86d670d097da5ed4da7288c22507735918959161c2cd8bf083fb30d169a/diff:/var/lib/docker/overlay2/94e9ac7b74923285ae73af20aeccb964ca9079e2305db367cb85d1603560472d/diff:/var/lib/docker/overlay2/a396b6dfd63f0c228c519871183c614cccf4d366a43460f27ecf97113c3c4be8/diff:/var/lib/docker/overlay2/f58ada5d5080c2bac553c734f81127660a90581a35ed2a92cebe3c59e340875b/diff:/var/lib/docker/overlay2/84f85636f37bf55d945e217b4f87a856eba7932284beaf042561007b66f48977/diff:/var/lib/docker/overlay2/1e6e519613884e91a2b74a588ba35dc8a2f789371ab798ef6e7d9836d756042f/diff:/var/lib/docker/overlay2/14a3151cc8b4f9d27d2e64f1a8abc0c7809309580f2d7e8dc8545055c1d56194/diff:/var"
2024-07-24 14:30:11.892 [Test worker] DEBUG c.g.d.z.s.o.a.hc.client5.http.wire - http-outgoing-7 << "/lib/docker/overlay2/5b354b9e793401517fe2f1da697653fdaadffc54888eaf76d67e0600b8c68bdc/diff","MergedDir":"/var/lib/docker/overlay2/3ac9d74f8a6bdabaf3d86ba56484f00d462695a663bb88f0db49edbc073bef62/merged","UpperDir":"/var/lib/docker/overlay2/3ac9d74f8a6bdabaf3d86ba56484f00d462695a663bb88f0db49edbc073bef62/diff","WorkDir":"/var/lib/docker/overlay2/3ac9d74f8a6bdabaf3d86ba56484f00d462695a663bb88f0db49edbc073bef62/work"},"Name":"overlay2"},"Mounts":[{"Type":"volume","Name":"b5362541dcc61c5869d15b96550f73dfed77e2a89add984aed95040fea6bd5fe","Source":"/var/lib/docker/volumes/b5362541dcc61c5869d15b96550f73dfed77e2a89add984aed95040fea6bd5fe/_data","Destination":"/var/lib/postgresql/data","Driver":"local","Mode":"","RW":true,"Propagation":""}],"Config":{"Hostname":"afcc96ed3363","Domainname":"","User":"","AttachStdin":false,"AttachStdout":false,"AttachStderr":false,"ExposedPorts":{"5432/tcp":{}},"Tty":false,"OpenStdin":false,"StdinOnce":false,"Env":["POSTGRES_USER=user","POSTGRES_PASSWORD=password","POSTGRES_DB=db","PATH=/usr/local/sbin:/usr/local/bin:/usr/sbin:/usr/bin:/sbin:/bin:/usr/lib/postgresql/16/bin","GOSU_VERSION=1.17","LANG=en_US.utf8","PG_MAJOR=16","PG_VERSION=16.2-1.pgdg120+2","PGDATA=/var/lib/postgresql/data"],"Cmd":["postgres","-c","fsync=off"],"Image":"postgres:latest","Volumes":{"/var/lib/postgresql/data":{}},"WorkingDir":"","Entrypoint":["docker-entrypoint.sh"],"OnBuild":null,"Labels":{"org.testcontainers":"true","org.testcontainers.lang":"java","org.testcontainers.sessionId":"280e6229-7396-4d60-b1e3-a5de48b5d49b","org.testcontainers.version":"1.19.8"},"StopSignal":"SIGINT"},"NetworkSettings":{"Bridge":"","SandboxID":"40d2717dc90d6305dc58a604ac1655a1e2e457355a20b4e4bd46d1ab82be57ca","SandboxKey":"/var/run/docker/netns/40d2717dc90d","Ports":{},"HairpinMode":false,"LinkLocalIPv6Address":"","LinkLocalIPv6PrefixLen":0,"SecondaryIPAddresses":null,"SecondaryIPv6Addresses":null,"EndpointID":"","Gateway":"","GlobalIPv6Address":"","GlobalIPv6PrefixLen":0,"IPAddress":"","IPPrefixLen":0,"IPv6Gateway":"","MacAddress":"","Networks":{"bridge":{"IPAMConfig":null,"Links":null,"Aliases":null,"MacAddress":"","NetworkID":"3c842496be344cbdae878c1dee0957e7bc7c0a2236009c92752030f2b053e72f","EndpointID":"","Gateway":"","IPAddress":"","IPPrefixLen":0,"IPv6Gateway":"","GlobalIPv6Address":"","GlobalIPv6PrefixLen":0,"DriverOpts":null,"DNSNames":null}}}}[\n]"
2024-07-24 14:30:11.893 [Test worker] DEBUG c.g.d.z.s.o.a.hc.client5.http.wire - http-outgoing-7 << "[\r][\n]"
2024-07-24 14:30:11.893 [Test worker] DEBUG c.g.d.z.s.o.a.hc.client5.http.wire - http-outgoing-7 << "0[\r][\n]"
2024-07-24 14:30:11.893 [Test worker] DEBUG c.g.d.z.s.o.a.hc.client5.http.wire - http-outgoing-7 << "[\r][\n]"
2024-07-24 14:30:11.893 [Test worker] DEBUG c.g.d.z.s.o.a.h.c.h.i.c.InternalHttpClient - ep-00000049: releasing valid endpoint
2024-07-24 14:30:11.893 [Test worker] DEBUG c.g.d.z.s.o.a.h.c.h.i.i.PoolingHttpClientConnectionManager - ep-00000049: releasing endpoint
2024-07-24 14:30:11.894 [Test worker] DEBUG c.g.d.z.s.o.a.h.c.h.i.i.PoolingHttpClientConnectionManager - ep-00000049: connection http-outgoing-7 can be kept alive for 3 MINUTES
2024-07-24 14:30:11.894 [Test worker] DEBUG c.g.d.z.s.o.a.h.c.h.i.i.PoolingHttpClientConnectionManager - ep-00000049: connection released [route: {}->npipe://localhost:2375][total available: 1; route allocated: 1 of 2147483647; total allocated: 1 of 2147483647]
2024-07-24 14:30:11.894 [Test worker] TRACE o.t.utility.ResourceReaper - Removing container: afcc96ed33635e7bd74e2151e7e34065e0aba62864b5576e172f05974628f666
2024-07-24 14:30:11.894 [Test worker] DEBUG o.t.s.c.g.d.c.command.AbstrDockerCmd - Cmd: afcc96ed33635e7bd74e2151e7e34065e0aba62864b5576e172f05974628f666,true,true
2024-07-24 14:30:11.894 [Test worker] TRACE o.t.s.c.g.d.c.e.RemoveContainerCmdExec - DELETE: DefaultWebTarget{path=[/containers/afcc96ed33635e7bd74e2151e7e34065e0aba62864b5576e172f05974628f666], queryParams={v=[true], force=[true]}}
2024-07-24 14:30:11.894 [Test worker] DEBUG c.g.d.z.s.o.a.h.c.h.i.c.InternalHttpClient - ex-0000004B: preparing request execution
2024-07-24 14:30:11.895 [Test worker] DEBUG c.g.d.z.s.o.a.h.c.h.p.RequestAddCookies - Cookie spec selected: strict
2024-07-24 14:30:11.895 [Test worker] DEBUG c.g.d.z.s.o.a.h.c.h.p.RequestAuthCache - Auth cache not set in the context
2024-07-24 14:30:11.895 [Test worker] DEBUG c.g.d.z.s.o.a.h.c.h.i.c.ProtocolExec - ex-0000004B: target auth state: UNCHALLENGED
2024-07-24 14:30:11.895 [Test worker] DEBUG c.g.d.z.s.o.a.h.c.h.i.c.ProtocolExec - ex-0000004B: proxy auth state: UNCHALLENGED
2024-07-24 14:30:11.895 [Test worker] DEBUG c.g.d.z.s.o.a.h.c.h.i.c.ConnectExec - ex-0000004B: acquiring connection with route {}->npipe://localhost:2375
2024-07-24 14:30:11.895 [Test worker] DEBUG c.g.d.z.s.o.a.h.c.h.i.c.InternalHttpClient - ex-0000004B: acquiring endpoint (3 MINUTES)
2024-07-24 14:30:11.895 [Test worker] DEBUG c.g.d.z.s.o.a.h.c.h.i.i.PoolingHttpClientConnectionManager - ex-0000004B: endpoint lease request (3 MINUTES) [route: {}->npipe://localhost:2375][total available: 1; route allocated: 1 of 2147483647; total allocated: 1 of 2147483647]
2024-07-24 14:30:11.895 [Test worker] DEBUG c.g.d.z.s.o.a.h.c.h.i.i.PoolingHttpClientConnectionManager - ex-0000004B: endpoint leased [route: {}->npipe://localhost:2375][total available: 0; route allocated: 1 of 2147483647; total allocated: 1 of 2147483647]
2024-07-24 14:30:11.895 [Test worker] DEBUG c.g.d.z.s.o.a.h.c.h.i.i.PoolingHttpClientConnectionManager - ex-0000004B: acquired ep-0000004A
2024-07-24 14:30:11.895 [Test worker] DEBUG c.g.d.z.s.o.a.h.c.h.i.c.InternalHttpClient - ex-0000004B: acquired endpoint ep-0000004A
2024-07-24 14:30:11.895 [Test worker] DEBUG c.g.d.z.s.o.a.h.c.h.i.c.MainClientExec - ex-0000004B: executing DELETE /v1.32/containers/afcc96ed33635e7bd74e2151e7e34065e0aba62864b5576e172f05974628f666?v=true&force=true HTTP/1.1
2024-07-24 14:30:11.895 [Test worker] DEBUG c.g.d.z.s.o.a.h.c.h.i.c.InternalHttpClient - ep-0000004A: start execution ex-0000004B
2024-07-24 14:30:11.895 [Test worker] DEBUG c.g.d.z.s.o.a.h.c.h.i.i.PoolingHttpClientConnectionManager - ep-0000004A: executing exchange ex-0000004B over http-outgoing-7
2024-07-24 14:30:11.896 [Test worker] DEBUG c.g.d.z.s.o.a.h.client5.http.headers - http-outgoing-7 >> DELETE /v1.32/containers/afcc96ed33635e7bd74e2151e7e34065e0aba62864b5576e172f05974628f666?v=true&force=true HTTP/1.1
2024-07-24 14:30:11.896 [Test worker] DEBUG c.g.d.z.s.o.a.h.client5.http.headers - http-outgoing-7 >> accept: application/json
2024-07-24 14:30:11.896 [Test worker] DEBUG c.g.d.z.s.o.a.h.client5.http.headers - http-outgoing-7 >> x-tc-sid: 280e6229-7396-4d60-b1e3-a5de48b5d49b
2024-07-24 14:30:11.896 [Test worker] DEBUG c.g.d.z.s.o.a.h.client5.http.headers - http-outgoing-7 >> User-Agent: tc-java/1.19.8
2024-07-24 14:30:11.896 [Test worker] DEBUG c.g.d.z.s.o.a.h.client5.http.headers - http-outgoing-7 >> Accept-Encoding: gzip, x-gzip, deflate
2024-07-24 14:30:11.896 [Test worker] DEBUG c.g.d.z.s.o.a.h.client5.http.headers - http-outgoing-7 >> Host: localhost:2375
2024-07-24 14:30:11.896 [Test worker] DEBUG c.g.d.z.s.o.a.h.client5.http.headers - http-outgoing-7 >> Connection: keep-alive
2024-07-24 14:30:11.896 [Test worker] DEBUG c.g.d.z.s.o.a.hc.client5.http.wire - http-outgoing-7 >> "DELETE /v1.32/containers/afcc96ed33635e7bd74e2151e7e34065e0aba62864b5576e172f05974628f666?v=true&force=true HTTP/1.1[\r][\n]"
2024-07-24 14:30:11.896 [Test worker] DEBUG c.g.d.z.s.o.a.hc.client5.http.wire - http-outgoing-7 >> "accept: application/json[\r][\n]"
2024-07-24 14:30:11.896 [Test worker] DEBUG c.g.d.z.s.o.a.hc.client5.http.wire - http-outgoing-7 >> "x-tc-sid: 280e6229-7396-4d60-b1e3-a5de48b5d49b[\r][\n]"
2024-07-24 14:30:11.896 [Test worker] DEBUG c.g.d.z.s.o.a.hc.client5.http.wire - http-outgoing-7 >> "User-Agent: tc-java/1.19.8[\r][\n]"
2024-07-24 14:30:11.896 [Test worker] DEBUG c.g.d.z.s.o.a.hc.client5.http.wire - http-outgoing-7 >> "Accept-Encoding: gzip, x-gzip, deflate[\r][\n]"
2024-07-24 14:30:11.896 [Test worker] DEBUG c.g.d.z.s.o.a.hc.client5.http.wire - http-outgoing-7 >> "Host: localhost:2375[\r][\n]"
2024-07-24 14:30:11.896 [Test worker] DEBUG c.g.d.z.s.o.a.hc.client5.http.wire - http-outgoing-7 >> "Connection: keep-alive[\r][\n]"
2024-07-24 14:30:11.896 [Test worker] DEBUG c.g.d.z.s.o.a.hc.client5.http.wire - http-outgoing-7 >> "[\r][\n]"
2024-07-24 14:30:11.973 [Test worker] DEBUG c.g.d.z.s.o.a.hc.client5.http.wire - http-outgoing-7 << "HTTP/1.1 204 No Content[\r][\n]"
2024-07-24 14:30:11.974 [Test worker] DEBUG c.g.d.z.s.o.a.hc.client5.http.wire - http-outgoing-7 << "Api-Version: 1.45[\r][\n]"
2024-07-24 14:30:11.974 [Test worker] DEBUG c.g.d.z.s.o.a.hc.client5.http.wire - http-outgoing-7 << "Date: Wed, 24 Jul 2024 02:30:11 GMT[\r][\n]"
2024-07-24 14:30:11.974 [Test worker] DEBUG c.g.d.z.s.o.a.hc.client5.http.wire - http-outgoing-7 << "Docker-Experimental: false[\r][\n]"
2024-07-24 14:30:11.974 [Test worker] DEBUG c.g.d.z.s.o.a.hc.client5.http.wire - http-outgoing-7 << "Ostype: linux[\r][\n]"
2024-07-24 14:30:11.974 [Test worker] DEBUG c.g.d.z.s.o.a.hc.client5.http.wire - http-outgoing-7 << "Server: Docker/26.0.0 (linux)[\r][\n]"
2024-07-24 14:30:11.974 [Test worker] DEBUG c.g.d.z.s.o.a.hc.client5.http.wire - http-outgoing-7 << "[\r][\n]"
2024-07-24 14:30:11.974 [Test worker] DEBUG c.g.d.z.s.o.a.h.client5.http.headers - http-outgoing-7 << HTTP/1.1 204 No Content
2024-07-24 14:30:11.974 [Test worker] DEBUG c.g.d.z.s.o.a.h.client5.http.headers - http-outgoing-7 << Api-Version: 1.45
2024-07-24 14:30:11.974 [Test worker] DEBUG c.g.d.z.s.o.a.h.client5.http.headers - http-outgoing-7 << Date: Wed, 24 Jul 2024 02:30:11 GMT
2024-07-24 14:30:11.974 [Test worker] DEBUG c.g.d.z.s.o.a.h.client5.http.headers - http-outgoing-7 << Docker-Experimental: false
2024-07-24 14:30:11.974 [Test worker] DEBUG c.g.d.z.s.o.a.h.client5.http.headers - http-outgoing-7 << Ostype: linux
2024-07-24 14:30:11.974 [Test worker] DEBUG c.g.d.z.s.o.a.h.client5.http.headers - http-outgoing-7 << Server: Docker/26.0.0 (linux)
2024-07-24 14:30:11.974 [Test worker] DEBUG c.g.d.z.s.o.a.h.c.h.i.c.MainClientExec - ex-0000004B: connection can be kept alive for 3 MINUTES
2024-07-24 14:30:11.974 [Test worker] DEBUG c.g.d.z.s.o.a.h.c.h.i.c.InternalHttpClient - ep-0000004A: releasing valid endpoint
2024-07-24 14:30:11.974 [Test worker] DEBUG c.g.d.z.s.o.a.h.c.h.i.i.PoolingHttpClientConnectionManager - ep-0000004A: releasing endpoint
2024-07-24 14:30:11.974 [Test worker] DEBUG c.g.d.z.s.o.a.h.c.h.i.i.PoolingHttpClientConnectionManager - ep-0000004A: connection http-outgoing-7 can be kept alive for 3 MINUTES
2024-07-24 14:30:11.974 [Test worker] DEBUG c.g.d.z.s.o.a.h.c.h.i.i.PoolingHttpClientConnectionManager - ep-0000004A: connection released [route: {}->npipe://localhost:2375][total available: 1; route allocated: 1 of 2147483647; total allocated: 1 of 2147483647]
2024-07-24 14:30:11.974 [Test worker] DEBUG o.t.utility.ResourceReaper - Removed container and associated volume(s): postgres:latest
]]></system-out>
  <system-err><![CDATA[]]></system-err>
</testsuite>
