<?xml version="1.0" encoding="UTF-8"?>
<testsuite name="com.unitedApi.SaleOrderHeaderDAOTest" tests="3" skipped="0" failures="0" errors="0" timestamp="2024-07-24T02:30:11" hostname="DESKTOP-FRUHT2G" time="7.92">
  <properties/>
  <testcase name="getSaleOrderHeaders" classname="com.unitedApi.SaleOrderHeaderDAOTest" time="2.751"/>
  <testcase name="getSaleOrderHeaderByCustomer" classname="com.unitedApi.SaleOrderHeaderDAOTest" time="2.624"/>
  <testcase name="getSaleOrderHeader" classname="com.unitedApi.SaleOrderHeaderDAOTest" time="2.545"/>
  <system-out><![CDATA[2024-07-24 14:30:11.979 [Test worker] DEBUG o.t.u.PrefixingImageNameSubstitutor - No prefix is configured
2024-07-24 14:30:11.979 [Test worker] DEBUG o.t.utility.ImageNameSubstitutor - Did not find a substitute image for postgres:latest (using image substitutor: DefaultImageNameSubstitutor (composite of 'ConfigurationFileImageNameSubstitutor' and 'PrefixingImageNameSubstitutor'))
2024-07-24 14:30:11.979 [Test worker] TRACE tc.postgres:latest - postgres:latest is already in image name cache
2024-07-24 14:30:11.979 [Test worker] DEBUG o.t.images.AbstractImagePullPolicy - Using locally available and not pulling image: postgres:latest
2024-07-24 14:30:11.979 [Test worker] DEBUG tc.postgres:latest - Starting container: postgres:latest
2024-07-24 14:30:11.979 [Test worker] DEBUG tc.postgres:latest - Trying to start container: postgres:latest (attempt 1/1)
2024-07-24 14:30:11.979 [Test worker] DEBUG tc.postgres:latest - Starting container: postgres:latest
2024-07-24 14:30:11.979 [Test worker] INFO  tc.postgres:latest - Creating container for image: postgres:latest
2024-07-24 14:30:11.979 [Test worker] DEBUG o.t.utility.RegistryAuthLocator - Looking up auth config for image: postgres:latest at registry: https://index.docker.io/v1/
2024-07-24 14:30:11.979 [Test worker] DEBUG o.t.utility.RegistryAuthLocator - No matching Auth Configs - falling back to defaultAuthConfig [null]
2024-07-24 14:30:11.979 [Test worker] DEBUG o.t.d.AuthDelegatingDockerClientConfig - Effective auth config [null]
2024-07-24 14:30:11.979 [Test worker] DEBUG o.t.s.c.g.d.c.command.AbstrDockerCmd - Cmd: org.testcontainers.shaded.com.github.dockerjava.core.command.CreateContainerCmdImpl@198536f6[aliases=<null>,argsEscaped=<null>,attachStderr=<null>,attachStdin=<null>,attachStdout=<null>,authConfig=<null>,cmd={postgres,-c,fsync=off},domainName=<null>,entrypoint=<null>,env={POSTGRES_USER=user,POSTGRES_PASSWORD=password,POSTGRES_DB=db},exposedPorts=ExposedPorts(exposedPorts=[5432/tcp]),healthcheck=<null>,hostConfig=HostConfig(binds=[], blkioWeight=null, blkioWeightDevice=null, blkioDeviceReadBps=null, blkioDeviceWriteBps=null, blkioDeviceReadIOps=null, blkioDeviceWriteIOps=null, memorySwappiness=null, nanoCPUs=null, capAdd=null, capDrop=null, containerIDFile=null, cpuPeriod=null, cpuRealtimePeriod=null, cpuRealtimeRuntime=null, cpuShares=null, cpuQuota=null, cpusetCpus=null, cpusetMems=null, devices=null, deviceCgroupRules=null, deviceRequests=null, diskQuota=null, dns=null, dnsOptions=null, dnsSearch=null, extraHosts=[], groupAdd=null, ipcMode=null, cgroup=null, links=[], logConfig=LogConfig(type=null, config=null), lxcConf=null, memory=null, memorySwap=null, memoryReservation=null, kernelMemory=null, networkMode=null, oomKillDisable=null, init=null, autoRemove=null, oomScoreAdj=null, portBindings={5432/tcp=[Lcom.github.dockerjava.api.model.Ports$Binding;@594131f2}, privileged=null, publishAllPorts=null, readonlyRootfs=null, restartPolicy=null, ulimits=null, cpuCount=null, cpuPercent=null, ioMaximumIOps=null, ioMaximumBandwidth=null, volumesFrom=[], mounts=null, pidMode=null, isolation=null, securityOpts=null, storageOpt=null, cgroupParent=null, volumeDriver=null, shmSize=null, pidsLimit=null, runtime=null, tmpFs=null, utSMode=null, usernsMode=null, sysctls=null, consoleSize=null, cgroupnsMode=null),hostName=<null>,image=postgres:latest,ipv4Address=<null>,ipv6Address=<null>,labels={org.testcontainers=true, org.testcontainers.lang=java, org.testcontainers.version=1.19.8, org.testcontainers.sessionId=280e6229-7396-4d60-b1e3-a5de48b5d49b},macAddress=<null>,name=<null>,networkDisabled=<null>,networkingConfig=<null>,onBuild=<null>,platform=<null>,portSpecs=<null>,shell=<null>,stdInOnce=<null>,stdinOpen=<null>,stopSignal=<null>,stopTimeout=<null>,tty=<null>,user=<null>,volumes=Volumes(volumes=[]),workingDir=<null>]
2024-07-24 14:30:11.980 [Test worker] TRACE o.t.s.c.g.d.c.e.CreateContainerCmdExec - POST: DefaultWebTarget{path=[/containers/create], queryParams={}} 
2024-07-24 14:30:11.981 [Test worker] DEBUG c.g.d.z.s.o.a.h.c.h.i.c.InternalHttpClient - ex-0000004C: preparing request execution
2024-07-24 14:30:11.981 [Test worker] DEBUG c.g.d.z.s.o.a.h.c.h.p.RequestAddCookies - Cookie spec selected: strict
2024-07-24 14:30:11.981 [Test worker] DEBUG c.g.d.z.s.o.a.h.c.h.p.RequestAuthCache - Auth cache not set in the context
2024-07-24 14:30:11.981 [Test worker] DEBUG c.g.d.z.s.o.a.h.c.h.i.c.ProtocolExec - ex-0000004C: target auth state: UNCHALLENGED
2024-07-24 14:30:11.981 [Test worker] DEBUG c.g.d.z.s.o.a.h.c.h.i.c.ProtocolExec - ex-0000004C: proxy auth state: UNCHALLENGED
2024-07-24 14:30:11.981 [Test worker] DEBUG c.g.d.z.s.o.a.h.c.h.i.c.ConnectExec - ex-0000004C: acquiring connection with route {}->npipe://localhost:2375
2024-07-24 14:30:11.981 [Test worker] DEBUG c.g.d.z.s.o.a.h.c.h.i.c.InternalHttpClient - ex-0000004C: acquiring endpoint (3 MINUTES)
2024-07-24 14:30:11.981 [Test worker] DEBUG c.g.d.z.s.o.a.h.c.h.i.i.PoolingHttpClientConnectionManager - ex-0000004C: endpoint lease request (3 MINUTES) [route: {}->npipe://localhost:2375][total available: 1; route allocated: 1 of 2147483647; total allocated: 1 of 2147483647]
2024-07-24 14:30:11.981 [Test worker] DEBUG c.g.d.z.s.o.a.h.c.h.i.i.PoolingHttpClientConnectionManager - ex-0000004C: endpoint leased [route: {}->npipe://localhost:2375][total available: 0; route allocated: 1 of 2147483647; total allocated: 1 of 2147483647]
2024-07-24 14:30:11.981 [Test worker] DEBUG c.g.d.z.s.o.a.h.c.h.i.i.PoolingHttpClientConnectionManager - ex-0000004C: acquired ep-0000004B
2024-07-24 14:30:11.981 [Test worker] DEBUG c.g.d.z.s.o.a.h.c.h.i.c.InternalHttpClient - ex-0000004C: acquired endpoint ep-0000004B
2024-07-24 14:30:11.982 [Test worker] DEBUG c.g.d.z.s.o.a.h.c.h.i.c.MainClientExec - ex-0000004C: executing POST /v1.32/containers/create HTTP/1.1
2024-07-24 14:30:11.982 [Test worker] DEBUG c.g.d.z.s.o.a.h.c.h.i.c.InternalHttpClient - ep-0000004B: start execution ex-0000004C
2024-07-24 14:30:11.982 [Test worker] DEBUG c.g.d.z.s.o.a.h.c.h.i.i.PoolingHttpClientConnectionManager - ep-0000004B: executing exchange ex-0000004C over http-outgoing-7
2024-07-24 14:30:11.982 [Test worker] DEBUG c.g.d.z.s.o.a.h.client5.http.headers - http-outgoing-7 >> POST /v1.32/containers/create HTTP/1.1
2024-07-24 14:30:11.982 [Test worker] DEBUG c.g.d.z.s.o.a.h.client5.http.headers - http-outgoing-7 >> accept: application/json
2024-07-24 14:30:11.982 [Test worker] DEBUG c.g.d.z.s.o.a.h.client5.http.headers - http-outgoing-7 >> content-type: application/json
2024-07-24 14:30:11.982 [Test worker] DEBUG c.g.d.z.s.o.a.h.client5.http.headers - http-outgoing-7 >> x-tc-sid: 280e6229-7396-4d60-b1e3-a5de48b5d49b
2024-07-24 14:30:11.982 [Test worker] DEBUG c.g.d.z.s.o.a.h.client5.http.headers - http-outgoing-7 >> User-Agent: tc-java/1.19.8
2024-07-24 14:30:11.982 [Test worker] DEBUG c.g.d.z.s.o.a.h.client5.http.headers - http-outgoing-7 >> Accept-Encoding: gzip, x-gzip, deflate
2024-07-24 14:30:11.982 [Test worker] DEBUG c.g.d.z.s.o.a.h.client5.http.headers - http-outgoing-7 >> Content-Length: 2061
2024-07-24 14:30:11.982 [Test worker] DEBUG c.g.d.z.s.o.a.h.client5.http.headers - http-outgoing-7 >> Host: localhost:2375
2024-07-24 14:30:11.982 [Test worker] DEBUG c.g.d.z.s.o.a.h.client5.http.headers - http-outgoing-7 >> Connection: keep-alive
2024-07-24 14:30:11.982 [Test worker] DEBUG c.g.d.z.s.o.a.hc.client5.http.wire - http-outgoing-7 >> "POST /v1.32/containers/create HTTP/1.1[\r][\n]"
2024-07-24 14:30:11.982 [Test worker] DEBUG c.g.d.z.s.o.a.hc.client5.http.wire - http-outgoing-7 >> "accept: application/json[\r][\n]"
2024-07-24 14:30:11.982 [Test worker] DEBUG c.g.d.z.s.o.a.hc.client5.http.wire - http-outgoing-7 >> "content-type: application/json[\r][\n]"
2024-07-24 14:30:11.982 [Test worker] DEBUG c.g.d.z.s.o.a.hc.client5.http.wire - http-outgoing-7 >> "x-tc-sid: 280e6229-7396-4d60-b1e3-a5de48b5d49b[\r][\n]"
2024-07-24 14:30:11.982 [Test worker] DEBUG c.g.d.z.s.o.a.hc.client5.http.wire - http-outgoing-7 >> "User-Agent: tc-java/1.19.8[\r][\n]"
2024-07-24 14:30:11.982 [Test worker] DEBUG c.g.d.z.s.o.a.hc.client5.http.wire - http-outgoing-7 >> "Accept-Encoding: gzip, x-gzip, deflate[\r][\n]"
2024-07-24 14:30:11.982 [Test worker] DEBUG c.g.d.z.s.o.a.hc.client5.http.wire - http-outgoing-7 >> "Content-Length: 2061[\r][\n]"
2024-07-24 14:30:11.982 [Test worker] DEBUG c.g.d.z.s.o.a.hc.client5.http.wire - http-outgoing-7 >> "Host: localhost:2375[\r][\n]"
2024-07-24 14:30:11.982 [Test worker] DEBUG c.g.d.z.s.o.a.hc.client5.http.wire - http-outgoing-7 >> "Connection: keep-alive[\r][\n]"
2024-07-24 14:30:11.982 [Test worker] DEBUG c.g.d.z.s.o.a.hc.client5.http.wire - http-outgoing-7 >> "[\r][\n]"
2024-07-24 14:30:11.982 [Test worker] DEBUG c.g.d.z.s.o.a.hc.client5.http.wire - http-outgoing-7 >> "{"Hostname":null,"Domainname":null,"User":null,"AttachStdin":null,"AttachStdout":null,"AttachStderr":null,"PortSpecs":null,"Tty":null,"OpenStdin":null,"StdinOnce":null,"Env":["POSTGRES_USER=user","POSTGRES_PASSWORD=password","POSTGRES_DB=db"],"Cmd":["postgres","-c","fsync=off"],"Healthcheck":null,"ArgsEscaped":null,"Entrypoint":null,"Image":"postgres:latest","Volumes":{},"WorkingDir":null,"MacAddress":null,"OnBuild":null,"NetworkDisabled":null,"ExposedPorts":{"5432/tcp":{}},"StopSignal":null,"StopTimeout":null,"HostConfig":{"Binds":[],"BlkioWeight":null,"BlkioWeightDevice":null,"BlkioDeviceReadBps":null,"BlkioDeviceWriteBps":null,"BlkioDeviceReadIOps":null,"BlkioDeviceWriteIOps":null,"MemorySwappiness":null,"NanoCpus":null,"CapAdd":null,"CapDrop":null,"ContainerIDFile":null,"CpuPeriod":null,"CpuRealtimePeriod":null,"CpuRealtimeRuntime":null,"CpuShares":null,"CpuQuota":null,"CpusetCpus":null,"CpusetMems":null,"Devices":null,"DeviceCgroupRules":null,"DeviceRequests":null,"DiskQuota":null,"Dns":null,"DnsOptions":null,"DnsSearch":null,"ExtraHosts":[],"GroupAdd":null,"IpcMode":null,"Cgroup":null,"Links":[],"LogConfig":null,"LxcConf":null,"Memory":null,"MemorySwap":null,"MemoryReservation":null,"KernelMemory":null,"NetworkMode":null,"OomKillDisable":null,"Init":null,"AutoRemove":null,"OomScoreAdj":null,"PortBindings":{"5432/tcp":[{"HostIp":"","HostPort":""}]},"Privileged":null,"PublishAllPorts":null,"ReadonlyRootfs":null,"RestartPolicy":null,"Ulimits":null,"CpuCount":null,"CpuPercent":null,"IOMaximumIOps":null,"IOMaximumBandwidth":null,"VolumesFrom":[],"Mounts":null,"PidMode":null,"Isolation":null,"SecurityOpt":null,"StorageOpt":null,"CgroupParent":null,"VolumeDriver":null,"ShmSize":null,"PidsLimit":null,"Runtime":null,"Tmpfs":null,"UTSMode":null,"UsernsMode":null,"Sysctls":null,"ConsoleSize":null,"CgroupnsMode":null},"Labels":{"org.testcontainers":"true","org.testcontainers.lang":"java","org.testcontainers.version":"1.19.8","org.testcontainers.sessionId":"280e6229-7396-4d60-b1e3-a5de48b5d49b"},"Shell":null,"NetworkingConfig":null}"
2024-07-24 14:30:12.130 [Test worker] DEBUG c.g.d.z.s.o.a.hc.client5.http.wire - http-outgoing-7 << "HTTP/1.1 201 Created[\r][\n]"
2024-07-24 14:30:12.130 [Test worker] DEBUG c.g.d.z.s.o.a.hc.client5.http.wire - http-outgoing-7 << "Api-Version: 1.45[\r][\n]"
2024-07-24 14:30:12.130 [Test worker] DEBUG c.g.d.z.s.o.a.hc.client5.http.wire - http-outgoing-7 << "Content-Type: application/json[\r][\n]"
2024-07-24 14:30:12.130 [Test worker] DEBUG c.g.d.z.s.o.a.hc.client5.http.wire - http-outgoing-7 << "Date: Wed, 24 Jul 2024 02:30:12 GMT[\r][\n]"
2024-07-24 14:30:12.130 [Test worker] DEBUG c.g.d.z.s.o.a.hc.client5.http.wire - http-outgoing-7 << "Docker-Experimental: false[\r][\n]"
2024-07-24 14:30:12.130 [Test worker] DEBUG c.g.d.z.s.o.a.hc.client5.http.wire - http-outgoing-7 << "Ostype: linux[\r][\n]"
2024-07-24 14:30:12.130 [Test worker] DEBUG c.g.d.z.s.o.a.hc.client5.http.wire - http-outgoing-7 << "Server: Docker/26.0.0 (linux)[\r][\n]"
2024-07-24 14:30:12.130 [Test worker] DEBUG c.g.d.z.s.o.a.hc.client5.http.wire - http-outgoing-7 << "Transfer-Encoding: chunked[\r][\n]"
2024-07-24 14:30:12.130 [Test worker] DEBUG c.g.d.z.s.o.a.hc.client5.http.wire - http-outgoing-7 << "[\r][\n]"
2024-07-24 14:30:12.130 [Test worker] DEBUG c.g.d.z.s.o.a.h.client5.http.headers - http-outgoing-7 << HTTP/1.1 201 Created
2024-07-24 14:30:12.130 [Test worker] DEBUG c.g.d.z.s.o.a.h.client5.http.headers - http-outgoing-7 << Api-Version: 1.45
2024-07-24 14:30:12.130 [Test worker] DEBUG c.g.d.z.s.o.a.h.client5.http.headers - http-outgoing-7 << Content-Type: application/json
2024-07-24 14:30:12.130 [Test worker] DEBUG c.g.d.z.s.o.a.h.client5.http.headers - http-outgoing-7 << Date: Wed, 24 Jul 2024 02:30:12 GMT
2024-07-24 14:30:12.130 [Test worker] DEBUG c.g.d.z.s.o.a.h.client5.http.headers - http-outgoing-7 << Docker-Experimental: false
2024-07-24 14:30:12.130 [Test worker] DEBUG c.g.d.z.s.o.a.h.client5.http.headers - http-outgoing-7 << Ostype: linux
2024-07-24 14:30:12.130 [Test worker] DEBUG c.g.d.z.s.o.a.h.client5.http.headers - http-outgoing-7 << Server: Docker/26.0.0 (linux)
2024-07-24 14:30:12.130 [Test worker] DEBUG c.g.d.z.s.o.a.h.client5.http.headers - http-outgoing-7 << Transfer-Encoding: chunked
2024-07-24 14:30:12.130 [Test worker] DEBUG c.g.d.z.s.o.a.h.c.h.i.c.MainClientExec - ex-0000004C: connection can be kept alive for 3 MINUTES
2024-07-24 14:30:12.130 [Test worker] DEBUG c.g.d.z.s.o.a.hc.client5.http.wire - http-outgoing-7 << "58[\r][\n]"
2024-07-24 14:30:12.130 [Test worker] DEBUG c.g.d.z.s.o.a.hc.client5.http.wire - http-outgoing-7 << "{"Id":"f6824cc3e48beaf9093cc70aed8d31001c4b00cdd250e1cb64046aff093d4169","Warnings":[]}[\n]"
2024-07-24 14:30:12.130 [Test worker] DEBUG c.g.d.z.s.o.a.hc.client5.http.wire - http-outgoing-7 << "[\r][\n]"
2024-07-24 14:30:12.130 [Test worker] DEBUG c.g.d.z.s.o.a.hc.client5.http.wire - http-outgoing-7 << "0[\r][\n]"
2024-07-24 14:30:12.130 [Test worker] DEBUG c.g.d.z.s.o.a.hc.client5.http.wire - http-outgoing-7 << "[\r][\n]"
2024-07-24 14:30:12.131 [Test worker] DEBUG c.g.d.z.s.o.a.h.c.h.i.c.InternalHttpClient - ep-0000004B: releasing valid endpoint
2024-07-24 14:30:12.131 [Test worker] DEBUG c.g.d.z.s.o.a.h.c.h.i.i.PoolingHttpClientConnectionManager - ep-0000004B: releasing endpoint
2024-07-24 14:30:12.131 [Test worker] DEBUG c.g.d.z.s.o.a.h.c.h.i.i.PoolingHttpClientConnectionManager - ep-0000004B: connection http-outgoing-7 can be kept alive for 3 MINUTES
2024-07-24 14:30:12.131 [Test worker] DEBUG c.g.d.z.s.o.a.h.c.h.i.i.PoolingHttpClientConnectionManager - ep-0000004B: connection released [route: {}->npipe://localhost:2375][total available: 1; route allocated: 1 of 2147483647; total allocated: 1 of 2147483647]
2024-07-24 14:30:12.131 [Test worker] INFO  tc.postgres:latest - Container postgres:latest is starting: f6824cc3e48beaf9093cc70aed8d31001c4b00cdd250e1cb64046aff093d4169
2024-07-24 14:30:12.131 [Test worker] DEBUG o.t.s.c.g.d.c.command.AbstrDockerCmd - Cmd: f6824cc3e48beaf9093cc70aed8d31001c4b00cdd250e1cb64046aff093d4169
2024-07-24 14:30:12.131 [Test worker] TRACE o.t.s.c.g.d.c.e.StartContainerCmdExec - POST: DefaultWebTarget{path=[/containers/f6824cc3e48beaf9093cc70aed8d31001c4b00cdd250e1cb64046aff093d4169/start], queryParams={}}
2024-07-24 14:30:12.131 [Test worker] DEBUG c.g.d.z.s.o.a.h.c.h.i.c.InternalHttpClient - ex-0000004D: preparing request execution
2024-07-24 14:30:12.131 [Test worker] DEBUG c.g.d.z.s.o.a.h.c.h.p.RequestAddCookies - Cookie spec selected: strict
2024-07-24 14:30:12.131 [Test worker] DEBUG c.g.d.z.s.o.a.h.c.h.p.RequestAuthCache - Auth cache not set in the context
2024-07-24 14:30:12.131 [Test worker] DEBUG c.g.d.z.s.o.a.h.c.h.i.c.ProtocolExec - ex-0000004D: target auth state: UNCHALLENGED
2024-07-24 14:30:12.131 [Test worker] DEBUG c.g.d.z.s.o.a.h.c.h.i.c.ProtocolExec - ex-0000004D: proxy auth state: UNCHALLENGED
2024-07-24 14:30:12.131 [Test worker] DEBUG c.g.d.z.s.o.a.h.c.h.i.c.ConnectExec - ex-0000004D: acquiring connection with route {}->npipe://localhost:2375
2024-07-24 14:30:12.131 [Test worker] DEBUG c.g.d.z.s.o.a.h.c.h.i.c.InternalHttpClient - ex-0000004D: acquiring endpoint (3 MINUTES)
2024-07-24 14:30:12.132 [Test worker] DEBUG c.g.d.z.s.o.a.h.c.h.i.i.PoolingHttpClientConnectionManager - ex-0000004D: endpoint lease request (3 MINUTES) [route: {}->npipe://localhost:2375][total available: 1; route allocated: 1 of 2147483647; total allocated: 1 of 2147483647]
2024-07-24 14:30:12.132 [Test worker] DEBUG c.g.d.z.s.o.a.h.c.h.i.i.PoolingHttpClientConnectionManager - ex-0000004D: endpoint leased [route: {}->npipe://localhost:2375][total available: 0; route allocated: 1 of 2147483647; total allocated: 1 of 2147483647]
2024-07-24 14:30:12.132 [Test worker] DEBUG c.g.d.z.s.o.a.h.c.h.i.i.PoolingHttpClientConnectionManager - ex-0000004D: acquired ep-0000004C
2024-07-24 14:30:12.132 [Test worker] DEBUG c.g.d.z.s.o.a.h.c.h.i.c.InternalHttpClient - ex-0000004D: acquired endpoint ep-0000004C
2024-07-24 14:30:12.132 [Test worker] DEBUG c.g.d.z.s.o.a.h.c.h.i.c.MainClientExec - ex-0000004D: executing POST /v1.32/containers/f6824cc3e48beaf9093cc70aed8d31001c4b00cdd250e1cb64046aff093d4169/start HTTP/1.1
2024-07-24 14:30:12.132 [Test worker] DEBUG c.g.d.z.s.o.a.h.c.h.i.c.InternalHttpClient - ep-0000004C: start execution ex-0000004D
2024-07-24 14:30:12.132 [Test worker] DEBUG c.g.d.z.s.o.a.h.c.h.i.i.PoolingHttpClientConnectionManager - ep-0000004C: executing exchange ex-0000004D over http-outgoing-7
2024-07-24 14:30:12.132 [Test worker] DEBUG c.g.d.z.s.o.a.h.client5.http.headers - http-outgoing-7 >> POST /v1.32/containers/f6824cc3e48beaf9093cc70aed8d31001c4b00cdd250e1cb64046aff093d4169/start HTTP/1.1
2024-07-24 14:30:12.132 [Test worker] DEBUG c.g.d.z.s.o.a.h.client5.http.headers - http-outgoing-7 >> accept: application/json
2024-07-24 14:30:12.132 [Test worker] DEBUG c.g.d.z.s.o.a.h.client5.http.headers - http-outgoing-7 >> content-type: application/json
2024-07-24 14:30:12.132 [Test worker] DEBUG c.g.d.z.s.o.a.h.client5.http.headers - http-outgoing-7 >> x-tc-sid: 280e6229-7396-4d60-b1e3-a5de48b5d49b
2024-07-24 14:30:12.132 [Test worker] DEBUG c.g.d.z.s.o.a.h.client5.http.headers - http-outgoing-7 >> User-Agent: tc-java/1.19.8
2024-07-24 14:30:12.132 [Test worker] DEBUG c.g.d.z.s.o.a.h.client5.http.headers - http-outgoing-7 >> Accept-Encoding: gzip, x-gzip, deflate
2024-07-24 14:30:12.132 [Test worker] DEBUG c.g.d.z.s.o.a.h.client5.http.headers - http-outgoing-7 >> Host: localhost:2375
2024-07-24 14:30:12.132 [Test worker] DEBUG c.g.d.z.s.o.a.h.client5.http.headers - http-outgoing-7 >> Connection: keep-alive
2024-07-24 14:30:12.132 [Test worker] DEBUG c.g.d.z.s.o.a.hc.client5.http.wire - http-outgoing-7 >> "POST /v1.32/containers/f6824cc3e48beaf9093cc70aed8d31001c4b00cdd250e1cb64046aff093d4169/start HTTP/1.1[\r][\n]"
2024-07-24 14:30:12.132 [Test worker] DEBUG c.g.d.z.s.o.a.hc.client5.http.wire - http-outgoing-7 >> "accept: application/json[\r][\n]"
2024-07-24 14:30:12.132 [Test worker] DEBUG c.g.d.z.s.o.a.hc.client5.http.wire - http-outgoing-7 >> "content-type: application/json[\r][\n]"
2024-07-24 14:30:12.132 [Test worker] DEBUG c.g.d.z.s.o.a.hc.client5.http.wire - http-outgoing-7 >> "x-tc-sid: 280e6229-7396-4d60-b1e3-a5de48b5d49b[\r][\n]"
2024-07-24 14:30:12.132 [Test worker] DEBUG c.g.d.z.s.o.a.hc.client5.http.wire - http-outgoing-7 >> "User-Agent: tc-java/1.19.8[\r][\n]"
2024-07-24 14:30:12.132 [Test worker] DEBUG c.g.d.z.s.o.a.hc.client5.http.wire - http-outgoing-7 >> "Accept-Encoding: gzip, x-gzip, deflate[\r][\n]"
2024-07-24 14:30:12.132 [Test worker] DEBUG c.g.d.z.s.o.a.hc.client5.http.wire - http-outgoing-7 >> "Host: localhost:2375[\r][\n]"
2024-07-24 14:30:12.132 [Test worker] DEBUG c.g.d.z.s.o.a.hc.client5.http.wire - http-outgoing-7 >> "Connection: keep-alive[\r][\n]"
2024-07-24 14:30:12.132 [Test worker] DEBUG c.g.d.z.s.o.a.hc.client5.http.wire - http-outgoing-7 >> "[\r][\n]"
2024-07-24 14:30:12.488 [Test worker] DEBUG c.g.d.z.s.o.a.hc.client5.http.wire - http-outgoing-7 << "HTTP/1.1 204 No Content[\r][\n]"
2024-07-24 14:30:12.488 [Test worker] DEBUG c.g.d.z.s.o.a.hc.client5.http.wire - http-outgoing-7 << "Api-Version: 1.45[\r][\n]"
2024-07-24 14:30:12.488 [Test worker] DEBUG c.g.d.z.s.o.a.hc.client5.http.wire - http-outgoing-7 << "Date: Wed, 24 Jul 2024 02:30:12 GMT[\r][\n]"
2024-07-24 14:30:12.488 [Test worker] DEBUG c.g.d.z.s.o.a.hc.client5.http.wire - http-outgoing-7 << "Docker-Experimental: false[\r][\n]"
2024-07-24 14:30:12.488 [Test worker] DEBUG c.g.d.z.s.o.a.hc.client5.http.wire - http-outgoing-7 << "Ostype: linux[\r][\n]"
2024-07-24 14:30:12.488 [Test worker] DEBUG c.g.d.z.s.o.a.hc.client5.http.wire - http-outgoing-7 << "Server: Docker/26.0.0 (linux)[\r][\n]"
2024-07-24 14:30:12.489 [Test worker] DEBUG c.g.d.z.s.o.a.hc.client5.http.wire - http-outgoing-7 << "[\r][\n]"
2024-07-24 14:30:12.489 [Test worker] DEBUG c.g.d.z.s.o.a.h.client5.http.headers - http-outgoing-7 << HTTP/1.1 204 No Content
2024-07-24 14:30:12.489 [Test worker] DEBUG c.g.d.z.s.o.a.h.client5.http.headers - http-outgoing-7 << Api-Version: 1.45
2024-07-24 14:30:12.489 [Test worker] DEBUG c.g.d.z.s.o.a.h.client5.http.headers - http-outgoing-7 << Date: Wed, 24 Jul 2024 02:30:12 GMT
2024-07-24 14:30:12.489 [Test worker] DEBUG c.g.d.z.s.o.a.h.client5.http.headers - http-outgoing-7 << Docker-Experimental: false
2024-07-24 14:30:12.489 [Test worker] DEBUG c.g.d.z.s.o.a.h.client5.http.headers - http-outgoing-7 << Ostype: linux
2024-07-24 14:30:12.489 [Test worker] DEBUG c.g.d.z.s.o.a.h.client5.http.headers - http-outgoing-7 << Server: Docker/26.0.0 (linux)
2024-07-24 14:30:12.489 [Test worker] DEBUG c.g.d.z.s.o.a.h.c.h.i.c.MainClientExec - ex-0000004D: connection can be kept alive for 3 MINUTES
2024-07-24 14:30:12.490 [Test worker] DEBUG c.g.d.z.s.o.a.h.c.h.i.c.InternalHttpClient - ep-0000004C: releasing valid endpoint
2024-07-24 14:30:12.490 [Test worker] DEBUG c.g.d.z.s.o.a.h.c.h.i.i.PoolingHttpClientConnectionManager - ep-0000004C: releasing endpoint
2024-07-24 14:30:12.490 [Test worker] DEBUG c.g.d.z.s.o.a.h.c.h.i.i.PoolingHttpClientConnectionManager - ep-0000004C: connection http-outgoing-7 can be kept alive for 3 MINUTES
2024-07-24 14:30:12.490 [Test worker] DEBUG c.g.d.z.s.o.a.h.c.h.i.i.PoolingHttpClientConnectionManager - ep-0000004C: connection released [route: {}->npipe://localhost:2375][total available: 1; route allocated: 1 of 2147483647; total allocated: 1 of 2147483647]
2024-07-24 14:30:12.490 [Test worker] DEBUG o.t.s.c.g.d.c.command.AbstrDockerCmd - Cmd: f6824cc3e48beaf9093cc70aed8d31001c4b00cdd250e1cb64046aff093d4169,false
2024-07-24 14:30:12.490 [Test worker] DEBUG o.t.s.c.g.d.c.e.InspectContainerCmdExec - GET: DefaultWebTarget{path=[/containers/f6824cc3e48beaf9093cc70aed8d31001c4b00cdd250e1cb64046aff093d4169/json], queryParams={}}
2024-07-24 14:30:12.492 [Test worker] DEBUG c.g.d.z.s.o.a.h.c.h.i.c.InternalHttpClient - ex-0000004E: preparing request execution
2024-07-24 14:30:12.492 [Test worker] DEBUG c.g.d.z.s.o.a.h.c.h.p.RequestAddCookies - Cookie spec selected: strict
2024-07-24 14:30:12.492 [Test worker] DEBUG c.g.d.z.s.o.a.h.c.h.p.RequestAuthCache - Auth cache not set in the context
2024-07-24 14:30:12.492 [Test worker] DEBUG c.g.d.z.s.o.a.h.c.h.i.c.ProtocolExec - ex-0000004E: target auth state: UNCHALLENGED
2024-07-24 14:30:12.492 [Test worker] DEBUG c.g.d.z.s.o.a.h.c.h.i.c.ProtocolExec - ex-0000004E: proxy auth state: UNCHALLENGED
2024-07-24 14:30:12.492 [Test worker] DEBUG c.g.d.z.s.o.a.h.c.h.i.c.ConnectExec - ex-0000004E: acquiring connection with route {}->npipe://localhost:2375
2024-07-24 14:30:12.492 [Test worker] DEBUG c.g.d.z.s.o.a.h.c.h.i.c.InternalHttpClient - ex-0000004E: acquiring endpoint (3 MINUTES)
2024-07-24 14:30:12.492 [Test worker] DEBUG c.g.d.z.s.o.a.h.c.h.i.i.PoolingHttpClientConnectionManager - ex-0000004E: endpoint lease request (3 MINUTES) [route: {}->npipe://localhost:2375][total available: 1; route allocated: 1 of 2147483647; total allocated: 1 of 2147483647]
2024-07-24 14:30:12.492 [Test worker] DEBUG c.g.d.z.s.o.a.h.c.h.i.i.PoolingHttpClientConnectionManager - ex-0000004E: endpoint leased [route: {}->npipe://localhost:2375][total available: 0; route allocated: 1 of 2147483647; total allocated: 1 of 2147483647]
2024-07-24 14:30:12.492 [Test worker] DEBUG c.g.d.z.s.o.a.h.c.h.i.i.PoolingHttpClientConnectionManager - ex-0000004E: acquired ep-0000004D
2024-07-24 14:30:12.492 [Test worker] DEBUG c.g.d.z.s.o.a.h.c.h.i.c.InternalHttpClient - ex-0000004E: acquired endpoint ep-0000004D
2024-07-24 14:30:12.492 [Test worker] DEBUG c.g.d.z.s.o.a.h.c.h.i.c.MainClientExec - ex-0000004E: executing GET /v1.32/containers/f6824cc3e48beaf9093cc70aed8d31001c4b00cdd250e1cb64046aff093d4169/json HTTP/1.1
2024-07-24 14:30:12.492 [Test worker] DEBUG c.g.d.z.s.o.a.h.c.h.i.c.InternalHttpClient - ep-0000004D: start execution ex-0000004E
2024-07-24 14:30:12.492 [Test worker] DEBUG c.g.d.z.s.o.a.h.c.h.i.i.PoolingHttpClientConnectionManager - ep-0000004D: executing exchange ex-0000004E over http-outgoing-7
2024-07-24 14:30:12.492 [Test worker] DEBUG c.g.d.z.s.o.a.h.client5.http.headers - http-outgoing-7 >> GET /v1.32/containers/f6824cc3e48beaf9093cc70aed8d31001c4b00cdd250e1cb64046aff093d4169/json HTTP/1.1
2024-07-24 14:30:12.492 [Test worker] DEBUG c.g.d.z.s.o.a.h.client5.http.headers - http-outgoing-7 >> accept: application/json
2024-07-24 14:30:12.492 [Test worker] DEBUG c.g.d.z.s.o.a.h.client5.http.headers - http-outgoing-7 >> x-tc-sid: 280e6229-7396-4d60-b1e3-a5de48b5d49b
2024-07-24 14:30:12.492 [Test worker] DEBUG c.g.d.z.s.o.a.h.client5.http.headers - http-outgoing-7 >> User-Agent: tc-java/1.19.8
2024-07-24 14:30:12.492 [Test worker] DEBUG c.g.d.z.s.o.a.h.client5.http.headers - http-outgoing-7 >> Accept-Encoding: gzip, x-gzip, deflate
2024-07-24 14:30:12.492 [Test worker] DEBUG c.g.d.z.s.o.a.h.client5.http.headers - http-outgoing-7 >> Host: localhost:2375
2024-07-24 14:30:12.492 [Test worker] DEBUG c.g.d.z.s.o.a.h.client5.http.headers - http-outgoing-7 >> Connection: keep-alive
2024-07-24 14:30:12.492 [Test worker] DEBUG c.g.d.z.s.o.a.hc.client5.http.wire - http-outgoing-7 >> "GET /v1.32/containers/f6824cc3e48beaf9093cc70aed8d31001c4b00cdd250e1cb64046aff093d4169/json HTTP/1.1[\r][\n]"
2024-07-24 14:30:12.492 [Test worker] DEBUG c.g.d.z.s.o.a.hc.client5.http.wire - http-outgoing-7 >> "accept: application/json[\r][\n]"
2024-07-24 14:30:12.492 [Test worker] DEBUG c.g.d.z.s.o.a.hc.client5.http.wire - http-outgoing-7 >> "x-tc-sid: 280e6229-7396-4d60-b1e3-a5de48b5d49b[\r][\n]"
2024-07-24 14:30:12.492 [Test worker] DEBUG c.g.d.z.s.o.a.hc.client5.http.wire - http-outgoing-7 >> "User-Agent: tc-java/1.19.8[\r][\n]"
2024-07-24 14:30:12.492 [Test worker] DEBUG c.g.d.z.s.o.a.hc.client5.http.wire - http-outgoing-7 >> "Accept-Encoding: gzip, x-gzip, deflate[\r][\n]"
2024-07-24 14:30:12.492 [Test worker] DEBUG c.g.d.z.s.o.a.hc.client5.http.wire - http-outgoing-7 >> "Host: localhost:2375[\r][\n]"
2024-07-24 14:30:12.492 [Test worker] DEBUG c.g.d.z.s.o.a.hc.client5.http.wire - http-outgoing-7 >> "Connection: keep-alive[\r][\n]"
2024-07-24 14:30:12.492 [Test worker] DEBUG c.g.d.z.s.o.a.hc.client5.http.wire - http-outgoing-7 >> "[\r][\n]"
2024-07-24 14:30:12.496 [Test worker] DEBUG c.g.d.z.s.o.a.hc.client5.http.wire - http-outgoing-7 << "HTTP/1.1 200 OK[\r][\n]"
2024-07-24 14:30:12.496 [Test worker] DEBUG c.g.d.z.s.o.a.hc.client5.http.wire - http-outgoing-7 << "Api-Version: 1.45[\r][\n]"
2024-07-24 14:30:12.496 [Test worker] DEBUG c.g.d.z.s.o.a.hc.client5.http.wire - http-outgoing-7 << "Content-Type: application/json[\r][\n]"
2024-07-24 14:30:12.496 [Test worker] DEBUG c.g.d.z.s.o.a.hc.client5.http.wire - http-outgoing-7 << "Date: Wed, 24 Jul 2024 02:30:12 GMT[\r][\n]"
2024-07-24 14:30:12.496 [Test worker] DEBUG c.g.d.z.s.o.a.hc.client5.http.wire - http-outgoing-7 << "Docker-Experimental: false[\r][\n]"
2024-07-24 14:30:12.496 [Test worker] DEBUG c.g.d.z.s.o.a.hc.client5.http.wire - http-outgoing-7 << "Ostype: linux[\r][\n]"
2024-07-24 14:30:12.496 [Test worker] DEBUG c.g.d.z.s.o.a.hc.client5.http.wire - http-outgoing-7 << "Server: Docker/26.0.0 (linux)[\r][\n]"
2024-07-24 14:30:12.496 [Test worker] DEBUG c.g.d.z.s.o.a.hc.client5.http.wire - http-outgoing-7 << "Transfer-Encoding: chunked[\r][\n]"
2024-07-24 14:30:12.496 [Test worker] DEBUG c.g.d.z.s.o.a.hc.client5.http.wire - http-outgoing-7 << "[\r][\n]"
2024-07-24 14:30:12.497 [Test worker] DEBUG c.g.d.z.s.o.a.h.client5.http.headers - http-outgoing-7 << HTTP/1.1 200 OK
2024-07-24 14:30:12.497 [Test worker] DEBUG c.g.d.z.s.o.a.h.client5.http.headers - http-outgoing-7 << Api-Version: 1.45
2024-07-24 14:30:12.497 [Test worker] DEBUG c.g.d.z.s.o.a.h.client5.http.headers - http-outgoing-7 << Content-Type: application/json
2024-07-24 14:30:12.497 [Test worker] DEBUG c.g.d.z.s.o.a.h.client5.http.headers - http-outgoing-7 << Date: Wed, 24 Jul 2024 02:30:12 GMT
2024-07-24 14:30:12.497 [Test worker] DEBUG c.g.d.z.s.o.a.h.client5.http.headers - http-outgoing-7 << Docker-Experimental: false
2024-07-24 14:30:12.497 [Test worker] DEBUG c.g.d.z.s.o.a.h.client5.http.headers - http-outgoing-7 << Ostype: linux
2024-07-24 14:30:12.497 [Test worker] DEBUG c.g.d.z.s.o.a.h.client5.http.headers - http-outgoing-7 << Server: Docker/26.0.0 (linux)
2024-07-24 14:30:12.497 [Test worker] DEBUG c.g.d.z.s.o.a.h.client5.http.headers - http-outgoing-7 << Transfer-Encoding: chunked
2024-07-24 14:30:12.497 [Test worker] DEBUG c.g.d.z.s.o.a.h.c.h.i.c.MainClientExec - ex-0000004E: connection can be kept alive for 3 MINUTES
2024-07-24 14:30:12.498 [Test worker] DEBUG c.g.d.z.s.o.a.hc.client5.http.wire - http-outgoing-7 << "1a35[\r][\n]"
2024-07-24 14:30:12.498 [Test worker] DEBUG c.g.d.z.s.o.a.hc.client5.http.wire - http-outgoing-7 << "{"Id":"f6824cc3e48beaf9093cc70aed8d31001c4b00cdd250e1cb64046aff093d4169","Created":"2024-07-24T02:30:11.988755723Z","Path":"docker-entrypoint.sh","Args":["postgres","-c","fsync=off"],"State":{"Status":"running","Running":true,"Paused":false,"Restarting":false,"OOMKilled":false,"Dead":false,"Pid":28699,"ExitCode":0,"Error":"","StartedAt":"2024-07-24T02:30:12.4726898Z","FinishedAt":"0001-01-01T00:00:00Z"},"Image":"sha256:8e4fc9e184899a58735e7ee333f5e272d7d2298cf59302006b71f33e217be130","ResolvConfPath":"/var/lib/docker/containers/f6824cc3e48beaf9093cc70aed8d31001c4b00cdd250e1cb64046aff093d4169/resolv.conf","HostnamePath":"/var/lib/docker/containers/f6824cc3e48beaf9093cc70aed8d31001c4b00cdd250e1cb64046aff093d4169/hostname","HostsPath":"/var/lib/docker/containers/f6824cc3e48beaf9093cc70aed8d31001c4b00cdd250e1cb64046aff093d4169/hosts","LogPath":"/var/lib/docker/containers/f6824cc3e48beaf9093cc70aed8d31001c4b00cdd250e1cb64046aff093d4169/f6824cc3e48beaf9093cc70aed8d31001c4b00cdd250e1cb64046aff093d4169-json.log","Name":"/blissful_gauss","RestartCount":0,"Driver":"overlay2","Platform":"linux","MountLabel":"","ProcessLabel":"","AppArmorProfile":"","ExecIDs":null,"HostConfig":{"Binds":[],"ContainerIDFile":"","LogConfig":{"Type":"json-file","Config":{}},"NetworkMode":"default","PortBindings":{"5432/tcp":[{"HostIp":"0.0.0.0","HostPort":"0"}]},"RestartPolicy":{"Name":"no","MaximumRetryCount":0},"AutoRemove":false,"VolumeDriver":"","VolumesFrom":[],"ConsoleSize":[0,0],"CapAdd":null,"CapDrop":null,"CgroupnsMode":"host","Dns":null,"DnsOptions":null,"DnsSearch":null,"ExtraHosts":[],"GroupAdd":null,"IpcMode":"shareable","Cgroup":"","Links":null,"OomScoreAdj":0,"PidMode":"","Privileged":false,"PublishAllPorts":false,"ReadonlyRootfs":false,"SecurityOpt":null,"UTSMode":"","UsernsMode":"","ShmSize":67108864,"Runtime":"runc","Isolation":"","CpuShares":0,"Memory":0,"NanoCpus":0,"CgroupParent":"","BlkioWeight":0,"BlkioWeightDevice":null,"BlkioDeviceReadBps":null,"BlkioDeviceWriteBps":null,"BlkioDeviceReadIOps":null,"BlkioDeviceWriteIOps":null,"CpuPeriod":0,"CpuQuota":0,"CpuRealtimePeriod":0,"CpuRealtimeRuntime":0,"CpusetCpus":"","CpusetMems":"","Devices":null,"DeviceCgroupRules":null,"DeviceRequests":null,"MemoryReservation":0,"MemorySwap":0,"MemorySwappiness":null,"OomKillDisable":false,"PidsLimit":null,"Ulimits":null,"CpuCount":0,"CpuPercent":0,"IOMaximumIOps":0,"IOMaximumBandwidth":0,"MaskedPaths":["/proc/asound","/proc/acpi","/proc/kcore","/proc/keys","/proc/latency_stats","/proc/timer_list","/proc/timer_stats","/proc/sched_debug","/proc/scsi","/sys/firmware","/sys/devices/virtual/powercap"],"ReadonlyPaths":["/proc/bus","/proc/fs","/proc/irq","/proc/sys","/proc/sysrq-trigger"]},"GraphDriver":{"Data":{"LowerDir":"/var/lib/docker/overlay2/6c129f1fe20127bbf5f6d4936694b973d9fc171a95509be50860acab587bd302-init/diff:/var/lib/docker/overlay2/8f0ddbd386af0785c2e348570516955816ab350305d698d363962d488eeb15ec/diff:/var/lib/docker/overlay2/0eb0ca73e9b0be7c3d7fa8762ef4778a68f38391bc84c037c2e90b88e781b475/diff:/var/lib/docker/overlay2/74e634bddc785c5d436b10a5158cd82e21dc2065fd1cf8ff9c1c12e01575a2d8/diff:/var/lib/docker/overlay2/bb918b2851cd2f508f1e3fdbfff8b7f8b041d61e65fe8c368288bf399e80b818/diff:/var/lib/docker/overlay2/2abab2946cbdc2941ee8ec4024c51dac7313dee9de5fbedd1ca33388c59eb3c8/diff:/var/lib/docker/overlay2/e12f6083ee669bd92743ceb339a896bb25dbe461b718705bb39eb410b80c0ecd/diff:/var/lib/docker/overlay2/ced1e86d670d097da5ed4da7288c22507735918959161c2cd8bf083fb30d169a/diff:/var/lib/docker/overlay2/94e9ac7b74923285ae73af20aeccb964ca9079e2305db367cb85d1603560472d/diff:/var/lib/docker/overlay2/a396b6dfd63f0c228c519871183c614cccf4d366a43460f27ecf97113c3c4be8/diff:/var/lib/docker/overlay2/f58ada5d5080c2bac553c734f81127660a90581a35ed2a92cebe3c59e340875b/diff:/var/lib/docker/overlay2/84f85636f37bf55d945e217b4f87a856eba7932284beaf042561007b66f48977/diff:/var/lib/docker/overlay2/1e6e519613884e91a2b74a588ba35dc8a2f789371ab798ef6e7d9836d756042f/diff:/var/lib/docker/overlay2/14a3151cc8b4f9d27d2e64f1a8abc0c7809309580f2d7e8dc8545055c1d56194/diff:/var/lib/docker"
2024-07-24 14:30:12.498 [Test worker] DEBUG c.g.d.z.s.o.a.hc.client5.http.wire - http-outgoing-7 << "/overlay2/5b354b9e793401517fe2f1da697653fdaadffc54888eaf76d67e0600b8c68bdc/diff","MergedDir":"/var/lib/docker/overlay2/6c129f1fe20127bbf5f6d4936694b973d9fc171a95509be50860acab587bd302/merged","UpperDir":"/var/lib/docker/overlay2/6c129f1fe20127bbf5f6d4936694b973d9fc171a95509be50860acab587bd302/diff","WorkDir":"/var/lib/docker/overlay2/6c129f1fe20127bbf5f6d4936694b973d9fc171a95509be50860acab587bd302/work"},"Name":"overlay2"},"Mounts":[{"Type":"volume","Name":"997ab324db5fb154482a3281a24cff6a5a39616ecd8a2823fadf0303dce11035","Source":"/var/lib/docker/volumes/997ab324db5fb154482a3281a24cff6a5a39616ecd8a2823fadf0303dce11035/_data","Destination":"/var/lib/postgresql/data","Driver":"local","Mode":"","RW":true,"Propagation":""}],"Config":{"Hostname":"f6824cc3e48b","Domainname":"","User":"","AttachStdin":false,"AttachStdout":false,"AttachStderr":false,"ExposedPorts":{"5432/tcp":{}},"Tty":false,"OpenStdin":false,"StdinOnce":false,"Env":["POSTGRES_USER=user","POSTGRES_PASSWORD=password","POSTGRES_DB=db","PATH=/usr/local/sbin:/usr/local/bin:/usr/sbin:/usr/bin:/sbin:/bin:/usr/lib/postgresql/16/bin","GOSU_VERSION=1.17","LANG=en_US.utf8","PG_MAJOR=16","PG_VERSION=16.2-1.pgdg120+2","PGDATA=/var/lib/postgresql/data"],"Cmd":["postgres","-c","fsync=off"],"Image":"postgres:latest","Volumes":{"/var/lib/postgresql/data":{}},"WorkingDir":"","Entrypoint":["docker-entrypoint.sh"],"OnBuild":null,"Labels":{"org.testcontainers":"true","org.testcontainers.lang":"java","org.testcontainers.sessionId":"280e6229-7396-4d60-b1e3-a5de48b5d49b","org.testcontainers.version":"1.19.8"},"StopSignal":"SIGINT"},"NetworkSettings":{"Bridge":"","SandboxID":"d1c784fd5d2aa5086833d71b3dec9153488b6076a614e1f0968c4a34b89086ec","SandboxKey":"/var/run/docker/netns/d1c784fd5d2a","Ports":{"5432/tcp":[{"HostIp":"0.0.0.0","HostPort":"51526"}]},"HairpinMode":false,"LinkLocalIPv6Address":"","LinkLocalIPv6PrefixLen":0,"SecondaryIPAddresses":null,"SecondaryIPv6Addresses":null,"EndpointID":"ec85cad65e1cfac8231f27a144cc521b0892f76ad00f5a20049dd36db75024d8","Gateway":"172.17.0.1","GlobalIPv6Address":"","GlobalIPv6PrefixLen":0,"IPAddress":"172.17.0.3","IPPrefixLen":16,"IPv6Gateway":"","MacAddress":"02:42:ac:11:00:03","Networks":{"bridge":{"IPAMConfig":null,"Links":null,"Aliases":null,"MacAddress":"02:42:ac:11:00:03","NetworkID":"3c842496be344cbdae878c1dee0957e7bc7c0a2236009c92752030f2b053e72f","EndpointID":"ec85cad65e1cfac8231f27a144cc521b0892f76ad00f5a20049dd36db75024d8","Gateway":"172.17.0.1","IPAddress":"172.17.0.3","IPPrefixLen":16,"IPv6Gateway":"","GlobalIPv6Address":"","GlobalIPv6PrefixLen":0,"DriverOpts":null,"DNSNames":null}}}}[\n]"
2024-07-24 14:30:12.499 [Test worker] DEBUG c.g.d.z.s.o.a.hc.client5.http.wire - http-outgoing-7 << "[\r][\n]"
2024-07-24 14:30:12.499 [Test worker] DEBUG c.g.d.z.s.o.a.hc.client5.http.wire - http-outgoing-7 << "0[\r][\n]"
2024-07-24 14:30:12.499 [Test worker] DEBUG c.g.d.z.s.o.a.hc.client5.http.wire - http-outgoing-7 << "[\r][\n]"
2024-07-24 14:30:12.499 [Test worker] DEBUG c.g.d.z.s.o.a.h.c.h.i.c.InternalHttpClient - ep-0000004D: releasing valid endpoint
2024-07-24 14:30:12.499 [Test worker] DEBUG c.g.d.z.s.o.a.h.c.h.i.i.PoolingHttpClientConnectionManager - ep-0000004D: releasing endpoint
2024-07-24 14:30:12.499 [Test worker] DEBUG c.g.d.z.s.o.a.h.c.h.i.i.PoolingHttpClientConnectionManager - ep-0000004D: connection http-outgoing-7 can be kept alive for 3 MINUTES
2024-07-24 14:30:12.499 [Test worker] DEBUG c.g.d.z.s.o.a.h.c.h.i.i.PoolingHttpClientConnectionManager - ep-0000004D: connection released [route: {}->npipe://localhost:2375][total available: 1; route allocated: 1 of 2147483647; total allocated: 1 of 2147483647]
2024-07-24 14:30:12.499 [Test worker] DEBUG o.t.s.c.g.d.c.command.AbstrDockerCmd - Cmd: sha256:8e4fc9e184899a58735e7ee333f5e272d7d2298cf59302006b71f33e217be130
2024-07-24 14:30:12.499 [Test worker] TRACE o.t.s.c.g.d.c.e.InspectImageCmdExec - GET: DefaultWebTarget{path=[/images/sha256:8e4fc9e184899a58735e7ee333f5e272d7d2298cf59302006b71f33e217be130/json], queryParams={}}
2024-07-24 14:30:12.500 [Test worker] DEBUG c.g.d.z.s.o.a.h.c.h.i.c.InternalHttpClient - ex-0000004F: preparing request execution
2024-07-24 14:30:12.500 [Test worker] DEBUG c.g.d.z.s.o.a.h.c.h.p.RequestAddCookies - Cookie spec selected: strict
2024-07-24 14:30:12.500 [Test worker] DEBUG c.g.d.z.s.o.a.h.c.h.p.RequestAuthCache - Auth cache not set in the context
2024-07-24 14:30:12.500 [Test worker] DEBUG c.g.d.z.s.o.a.h.c.h.i.c.ProtocolExec - ex-0000004F: target auth state: UNCHALLENGED
2024-07-24 14:30:12.500 [Test worker] DEBUG c.g.d.z.s.o.a.h.c.h.i.c.ProtocolExec - ex-0000004F: proxy auth state: UNCHALLENGED
2024-07-24 14:30:12.500 [Test worker] DEBUG c.g.d.z.s.o.a.h.c.h.i.c.ConnectExec - ex-0000004F: acquiring connection with route {}->npipe://localhost:2375
2024-07-24 14:30:12.500 [Test worker] DEBUG c.g.d.z.s.o.a.h.c.h.i.c.InternalHttpClient - ex-0000004F: acquiring endpoint (3 MINUTES)
2024-07-24 14:30:12.500 [Test worker] DEBUG c.g.d.z.s.o.a.h.c.h.i.i.PoolingHttpClientConnectionManager - ex-0000004F: endpoint lease request (3 MINUTES) [route: {}->npipe://localhost:2375][total available: 1; route allocated: 1 of 2147483647; total allocated: 1 of 2147483647]
2024-07-24 14:30:12.500 [Test worker] DEBUG c.g.d.z.s.o.a.h.c.h.i.i.PoolingHttpClientConnectionManager - ex-0000004F: endpoint leased [route: {}->npipe://localhost:2375][total available: 0; route allocated: 1 of 2147483647; total allocated: 1 of 2147483647]
2024-07-24 14:30:12.501 [Test worker] DEBUG c.g.d.z.s.o.a.h.c.h.i.i.PoolingHttpClientConnectionManager - ex-0000004F: acquired ep-0000004E
2024-07-24 14:30:12.501 [Test worker] DEBUG c.g.d.z.s.o.a.h.c.h.i.c.InternalHttpClient - ex-0000004F: acquired endpoint ep-0000004E
2024-07-24 14:30:12.501 [Test worker] DEBUG c.g.d.z.s.o.a.h.c.h.i.c.MainClientExec - ex-0000004F: executing GET /v1.32/images/sha256:8e4fc9e184899a58735e7ee333f5e272d7d2298cf59302006b71f33e217be130/json HTTP/1.1
2024-07-24 14:30:12.501 [Test worker] DEBUG c.g.d.z.s.o.a.h.c.h.i.c.InternalHttpClient - ep-0000004E: start execution ex-0000004F
2024-07-24 14:30:12.501 [Test worker] DEBUG c.g.d.z.s.o.a.h.c.h.i.i.PoolingHttpClientConnectionManager - ep-0000004E: executing exchange ex-0000004F over http-outgoing-7
2024-07-24 14:30:12.501 [Test worker] DEBUG c.g.d.z.s.o.a.h.client5.http.headers - http-outgoing-7 >> GET /v1.32/images/sha256:8e4fc9e184899a58735e7ee333f5e272d7d2298cf59302006b71f33e217be130/json HTTP/1.1
2024-07-24 14:30:12.501 [Test worker] DEBUG c.g.d.z.s.o.a.h.client5.http.headers - http-outgoing-7 >> accept: application/json
2024-07-24 14:30:12.501 [Test worker] DEBUG c.g.d.z.s.o.a.h.client5.http.headers - http-outgoing-7 >> x-tc-sid: 280e6229-7396-4d60-b1e3-a5de48b5d49b
2024-07-24 14:30:12.501 [Test worker] DEBUG c.g.d.z.s.o.a.h.client5.http.headers - http-outgoing-7 >> User-Agent: tc-java/1.19.8
2024-07-24 14:30:12.501 [Test worker] DEBUG c.g.d.z.s.o.a.h.client5.http.headers - http-outgoing-7 >> Accept-Encoding: gzip, x-gzip, deflate
2024-07-24 14:30:12.501 [Test worker] DEBUG c.g.d.z.s.o.a.h.client5.http.headers - http-outgoing-7 >> Host: localhost:2375
2024-07-24 14:30:12.501 [Test worker] DEBUG c.g.d.z.s.o.a.h.client5.http.headers - http-outgoing-7 >> Connection: keep-alive
2024-07-24 14:30:12.501 [Test worker] DEBUG c.g.d.z.s.o.a.hc.client5.http.wire - http-outgoing-7 >> "GET /v1.32/images/sha256:8e4fc9e184899a58735e7ee333f5e272d7d2298cf59302006b71f33e217be130/json HTTP/1.1[\r][\n]"
2024-07-24 14:30:12.501 [Test worker] DEBUG c.g.d.z.s.o.a.hc.client5.http.wire - http-outgoing-7 >> "accept: application/json[\r][\n]"
2024-07-24 14:30:12.501 [Test worker] DEBUG c.g.d.z.s.o.a.hc.client5.http.wire - http-outgoing-7 >> "x-tc-sid: 280e6229-7396-4d60-b1e3-a5de48b5d49b[\r][\n]"
2024-07-24 14:30:12.501 [Test worker] DEBUG c.g.d.z.s.o.a.hc.client5.http.wire - http-outgoing-7 >> "User-Agent: tc-java/1.19.8[\r][\n]"
2024-07-24 14:30:12.501 [Test worker] DEBUG c.g.d.z.s.o.a.hc.client5.http.wire - http-outgoing-7 >> "Accept-Encoding: gzip, x-gzip, deflate[\r][\n]"
2024-07-24 14:30:12.501 [Test worker] DEBUG c.g.d.z.s.o.a.hc.client5.http.wire - http-outgoing-7 >> "Host: localhost:2375[\r][\n]"
2024-07-24 14:30:12.501 [Test worker] DEBUG c.g.d.z.s.o.a.hc.client5.http.wire - http-outgoing-7 >> "Connection: keep-alive[\r][\n]"
2024-07-24 14:30:12.501 [Test worker] DEBUG c.g.d.z.s.o.a.hc.client5.http.wire - http-outgoing-7 >> "[\r][\n]"
2024-07-24 14:30:12.505 [Test worker] DEBUG c.g.d.z.s.o.a.hc.client5.http.wire - http-outgoing-7 << "HTTP/1.1 200 OK[\r][\n]"
2024-07-24 14:30:12.505 [Test worker] DEBUG c.g.d.z.s.o.a.hc.client5.http.wire - http-outgoing-7 << "Api-Version: 1.45[\r][\n]"
2024-07-24 14:30:12.505 [Test worker] DEBUG c.g.d.z.s.o.a.hc.client5.http.wire - http-outgoing-7 << "Content-Type: application/json[\r][\n]"
2024-07-24 14:30:12.505 [Test worker] DEBUG c.g.d.z.s.o.a.hc.client5.http.wire - http-outgoing-7 << "Date: Wed, 24 Jul 2024 02:30:12 GMT[\r][\n]"
2024-07-24 14:30:12.505 [Test worker] DEBUG c.g.d.z.s.o.a.hc.client5.http.wire - http-outgoing-7 << "Docker-Experimental: false[\r][\n]"
2024-07-24 14:30:12.505 [Test worker] DEBUG c.g.d.z.s.o.a.hc.client5.http.wire - http-outgoing-7 << "Ostype: linux[\r][\n]"
2024-07-24 14:30:12.505 [Test worker] DEBUG c.g.d.z.s.o.a.hc.client5.http.wire - http-outgoing-7 << "Server: Docker/26.0.0 (linux)[\r][\n]"
2024-07-24 14:30:12.505 [Test worker] DEBUG c.g.d.z.s.o.a.hc.client5.http.wire - http-outgoing-7 << "Transfer-Encoding: chunked[\r][\n]"
2024-07-24 14:30:12.505 [Test worker] DEBUG c.g.d.z.s.o.a.hc.client5.http.wire - http-outgoing-7 << "[\r][\n]"
2024-07-24 14:30:12.505 [Test worker] DEBUG c.g.d.z.s.o.a.h.client5.http.headers - http-outgoing-7 << HTTP/1.1 200 OK
2024-07-24 14:30:12.505 [Test worker] DEBUG c.g.d.z.s.o.a.h.client5.http.headers - http-outgoing-7 << Api-Version: 1.45
2024-07-24 14:30:12.505 [Test worker] DEBUG c.g.d.z.s.o.a.h.client5.http.headers - http-outgoing-7 << Content-Type: application/json
2024-07-24 14:30:12.505 [Test worker] DEBUG c.g.d.z.s.o.a.h.client5.http.headers - http-outgoing-7 << Date: Wed, 24 Jul 2024 02:30:12 GMT
2024-07-24 14:30:12.505 [Test worker] DEBUG c.g.d.z.s.o.a.h.client5.http.headers - http-outgoing-7 << Docker-Experimental: false
2024-07-24 14:30:12.505 [Test worker] DEBUG c.g.d.z.s.o.a.h.client5.http.headers - http-outgoing-7 << Ostype: linux
2024-07-24 14:30:12.505 [Test worker] DEBUG c.g.d.z.s.o.a.h.client5.http.headers - http-outgoing-7 << Server: Docker/26.0.0 (linux)
2024-07-24 14:30:12.505 [Test worker] DEBUG c.g.d.z.s.o.a.h.client5.http.headers - http-outgoing-7 << Transfer-Encoding: chunked
2024-07-24 14:30:12.505 [Test worker] DEBUG c.g.d.z.s.o.a.h.c.h.i.c.MainClientExec - ex-0000004F: connection can be kept alive for 3 MINUTES
2024-07-24 14:30:12.505 [Test worker] DEBUG c.g.d.z.s.o.a.hc.client5.http.wire - http-outgoing-7 << "fcb[\r][\n]"
2024-07-24 14:30:12.505 [Test worker] DEBUG c.g.d.z.s.o.a.hc.client5.http.wire - http-outgoing-7 << "{"Id":"sha256:8e4fc9e184899a58735e7ee333f5e272d7d2298cf59302006b71f33e217be130","RepoTags":["postgres:latest"],"RepoDigests":["postgres@sha256:4aea012537edfad80f98d870a36e6b90b4c09b27be7f4b4759d72db863baeebb"],"Parent":"","Comment":"buildkit.dockerfile.v0","Created":"2024-02-21T00:46:13Z","ContainerConfig":{"Hostname":"","Domainname":"","User":"","AttachStdin":false,"AttachStdout":false,"AttachStderr":false,"Tty":false,"OpenStdin":false,"StdinOnce":false,"Env":null,"Cmd":null,"Image":"","Volumes":null,"WorkingDir":"","Entrypoint":null,"OnBuild":null,"Labels":null},"DockerVersion":"","Author":"","Config":{"Hostname":"","Domainname":"","User":"","AttachStdin":false,"AttachStdout":false,"AttachStderr":false,"ExposedPorts":{"5432/tcp":{}},"Tty":false,"OpenStdin":false,"StdinOnce":false,"Env":["PATH=/usr/local/sbin:/usr/local/bin:/usr/sbin:/usr/bin:/sbin:/bin:/usr/lib/postgresql/16/bin","GOSU_VERSION=1.17","LANG=en_US.utf8","PG_MAJOR=16","PG_VERSION=16.2-1.pgdg120+2","PGDATA=/var/lib/postgresql/data"],"Cmd":["postgres"],"ArgsEscaped":true,"Image":"","Volumes":{"/var/lib/postgresql/data":{}},"WorkingDir":"","Entrypoint":["docker-entrypoint.sh"],"OnBuild":null,"Labels":null,"StopSignal":"SIGINT"},"Architecture":"amd64","Os":"linux","Size":431496964,"VirtualSize":431496964,"GraphDriver":{"Data":{"LowerDir":"/var/lib/docker/overlay2/0eb0ca73e9b0be7c3d7fa8762ef4778a68f38391bc84c037c2e90b88e781b475/diff:/var/lib/docker/overlay2/74e634bddc785c5d436b10a5158cd82e21dc2065fd1cf8ff9c1c12e01575a2d8/diff:/var/lib/docker/overlay2/bb918b2851cd2f508f1e3fdbfff8b7f8b041d61e65fe8c368288bf399e80b818/diff:/var/lib/docker/overlay2/2abab2946cbdc2941ee8ec4024c51dac7313dee9de5fbedd1ca33388c59eb3c8/diff:/var/lib/docker/overlay2/e12f6083ee669bd92743ceb339a896bb25dbe461b718705bb39eb410b80c0ecd/diff:/var/lib/docker/overlay2/ced1e86d670d097da5ed4da7288c22507735918959161c2cd8bf083fb30d169a/diff:/var/lib/docker/overlay2/94e9ac7b74923285ae73af20aeccb964ca9079e2305db367cb85d1603560472d/diff:/var/lib/docker/overlay2/a396b6dfd63f0c228c519871183c614cccf4d366a43460f27ecf97113c3c4be8/diff:/var/lib/docker/overlay2/f58ada5d5080c2bac553c734f81127660a90581a35ed2a92cebe3c59e340875b/diff:/var/lib/docker/overlay2/84f85636f37bf55d945e217b4f87a856eba7932284beaf042561007b66f48977/diff:/var/lib/docker/overlay2/1e6e519613884e91a2b74a588ba35dc8a2f789371ab798ef6e7d9836d756042f/diff:/var/lib/docker/overlay2/14a3151cc8b4f9d27d2e64f1a8abc0c7809309580f2d7e8dc8545055c1d56194/diff:/var/lib/docker/overlay2/5b354b9e793401517fe2f1da697653fdaadffc54888eaf76d67e0600b8c68bdc/diff","MergedDir":"/var/lib/docker/overlay2/8f0ddbd386af0785c2e348570516955816ab350305d698d363962d488eeb15ec/merged","UpperDir":"/var/lib/docker/overlay2/8f0ddbd386af0785c2e348570516955816ab350305d698d363962d488eeb15ec/diff","WorkDir":"/var/lib/docker/overlay2/8f0ddbd386af0785c2e348570516955816ab350305d698d363962d488eeb15ec/work"},"Name":"overlay2"},"RootFS":{"Type":"layers","Layers":["sha256:52ec5a4316fadc09a4a51f82b8d7b66ead0d71bea4f75e81e25b4094c4219061","sha256:5a99d63e3aef066b4fa085cf24d0281681d5530c22f0c93391b854ba5741b62e","sha256:12694c6edf8321950446751b5acc175137946701b72febd6a32ab6e6cb89403b","sha256:beceb355ef35df0b8123db4eddd8f734e7414a3828e463354a913dda6738571d","sha256:0f86e6985ca32f3adeb9f65e3f80b3f2aa37a697d345c84011b2421e5608bc06","sha256:22c31f24613cd6a7b43f3074166d79619574e76f430035be15d909ae45fb97da","sha256:7c32a1ce1cc084a148145553666d5b64e3b6551491d1c3c6cc545b5b69daf5da","sha256:192de40051e6f5b468a60be4e6d162a1bbf3dc4af2dfb0a7aa8db25f86b6e68e","sha256:257f3fc789f6526019470322285b4bfe55e3e09f41150576c0997f370407af14","sha256:2993953b2c109056b0d580a549dae9f902a84a29f3907d96d7329746a8df7fc2","sha256:0bc02fbb093e939812a0ca64bd21a807d815b89c5e034e73026d14535053f4e2","sha256:3866ad927dc8101b32941f0fe6e36e656eba398b92164688ce1d1afdeca7eb09","sha256:2621fdc21b32f8210d30df7b9f44c068fa347ce07f7e1935a2383e5f7e7ddecb","sha256:c116a9ba3dbfe8c6135659ba009883a03bdc660abfedc64e2528baa6d736dbc9"]},"Metadata":{"LastTagTime":"0001-01-01T00:00:00Z"},"Container":""}[\n]"
2024-07-24 14:30:12.505 [Test worker] DEBUG c.g.d.z.s.o.a.hc.client5.http.wire - http-outgoing-7 << "[\r][\n]"
2024-07-24 14:30:12.505 [Test worker] DEBUG c.g.d.z.s.o.a.hc.client5.http.wire - http-outgoing-7 << "0[\r][\n]"
2024-07-24 14:30:12.505 [Test worker] DEBUG c.g.d.z.s.o.a.hc.client5.http.wire - http-outgoing-7 << "[\r][\n]"
2024-07-24 14:30:12.506 [Test worker] DEBUG c.g.d.z.s.o.a.h.c.h.i.c.InternalHttpClient - ep-0000004E: releasing valid endpoint
2024-07-24 14:30:12.506 [Test worker] DEBUG c.g.d.z.s.o.a.h.c.h.i.i.PoolingHttpClientConnectionManager - ep-0000004E: releasing endpoint
2024-07-24 14:30:12.506 [Test worker] DEBUG c.g.d.z.s.o.a.h.c.h.i.i.PoolingHttpClientConnectionManager - ep-0000004E: connection http-outgoing-7 can be kept alive for 3 MINUTES
2024-07-24 14:30:12.506 [Test worker] DEBUG c.g.d.z.s.o.a.h.c.h.i.i.PoolingHttpClientConnectionManager - ep-0000004E: connection released [route: {}->npipe://localhost:2375][total available: 1; route allocated: 1 of 2147483647; total allocated: 1 of 2147483647]
2024-07-24 14:30:12.507 [Test worker] DEBUG o.t.s.c.g.d.c.command.AbstrDockerCmd - Cmd: 
2024-07-24 14:30:12.507 [Test worker] TRACE o.t.s.c.g.d.core.exec.VersionCmdExec - GET: DefaultWebTarget{path=[/version], queryParams={}}
2024-07-24 14:30:12.507 [Test worker] DEBUG c.g.d.z.s.o.a.h.c.h.i.c.InternalHttpClient - ex-00000050: preparing request execution
2024-07-24 14:30:12.507 [Test worker] DEBUG c.g.d.z.s.o.a.h.c.h.p.RequestAddCookies - Cookie spec selected: strict
2024-07-24 14:30:12.507 [Test worker] DEBUG c.g.d.z.s.o.a.h.c.h.p.RequestAuthCache - Auth cache not set in the context
2024-07-24 14:30:12.507 [Test worker] DEBUG c.g.d.z.s.o.a.h.c.h.i.c.ProtocolExec - ex-00000050: target auth state: UNCHALLENGED
2024-07-24 14:30:12.507 [Test worker] DEBUG c.g.d.z.s.o.a.h.c.h.i.c.ProtocolExec - ex-00000050: proxy auth state: UNCHALLENGED
2024-07-24 14:30:12.507 [Test worker] DEBUG c.g.d.z.s.o.a.h.c.h.i.c.ConnectExec - ex-00000050: acquiring connection with route {}->npipe://localhost:2375
2024-07-24 14:30:12.507 [Test worker] DEBUG c.g.d.z.s.o.a.h.c.h.i.c.InternalHttpClient - ex-00000050: acquiring endpoint (3 MINUTES)
2024-07-24 14:30:12.507 [Test worker] DEBUG c.g.d.z.s.o.a.h.c.h.i.i.PoolingHttpClientConnectionManager - ex-00000050: endpoint lease request (3 MINUTES) [route: {}->npipe://localhost:2375][total available: 1; route allocated: 1 of 2147483647; total allocated: 1 of 2147483647]
2024-07-24 14:30:12.507 [Test worker] DEBUG c.g.d.z.s.o.a.h.c.h.i.i.PoolingHttpClientConnectionManager - ex-00000050: endpoint leased [route: {}->npipe://localhost:2375][total available: 0; route allocated: 1 of 2147483647; total allocated: 1 of 2147483647]
2024-07-24 14:30:12.507 [Test worker] DEBUG c.g.d.z.s.o.a.h.c.h.i.i.PoolingHttpClientConnectionManager - ex-00000050: acquired ep-0000004F
2024-07-24 14:30:12.507 [Test worker] DEBUG c.g.d.z.s.o.a.h.c.h.i.c.InternalHttpClient - ex-00000050: acquired endpoint ep-0000004F
2024-07-24 14:30:12.507 [Test worker] DEBUG c.g.d.z.s.o.a.h.c.h.i.c.MainClientExec - ex-00000050: executing GET /v1.32/version HTTP/1.1
2024-07-24 14:30:12.507 [Test worker] DEBUG c.g.d.z.s.o.a.h.c.h.i.c.InternalHttpClient - ep-0000004F: start execution ex-00000050
2024-07-24 14:30:12.507 [Test worker] DEBUG c.g.d.z.s.o.a.h.c.h.i.i.PoolingHttpClientConnectionManager - ep-0000004F: executing exchange ex-00000050 over http-outgoing-7
2024-07-24 14:30:12.507 [Test worker] DEBUG c.g.d.z.s.o.a.h.client5.http.headers - http-outgoing-7 >> GET /v1.32/version HTTP/1.1
2024-07-24 14:30:12.507 [Test worker] DEBUG c.g.d.z.s.o.a.h.client5.http.headers - http-outgoing-7 >> accept: application/json
2024-07-24 14:30:12.507 [Test worker] DEBUG c.g.d.z.s.o.a.h.client5.http.headers - http-outgoing-7 >> x-tc-sid: 280e6229-7396-4d60-b1e3-a5de48b5d49b
2024-07-24 14:30:12.507 [Test worker] DEBUG c.g.d.z.s.o.a.h.client5.http.headers - http-outgoing-7 >> User-Agent: tc-java/1.19.8
2024-07-24 14:30:12.507 [Test worker] DEBUG c.g.d.z.s.o.a.h.client5.http.headers - http-outgoing-7 >> Accept-Encoding: gzip, x-gzip, deflate
2024-07-24 14:30:12.507 [Test worker] DEBUG c.g.d.z.s.o.a.h.client5.http.headers - http-outgoing-7 >> Host: localhost:2375
2024-07-24 14:30:12.507 [Test worker] DEBUG c.g.d.z.s.o.a.h.client5.http.headers - http-outgoing-7 >> Connection: keep-alive
2024-07-24 14:30:12.507 [Test worker] DEBUG c.g.d.z.s.o.a.hc.client5.http.wire - http-outgoing-7 >> "GET /v1.32/version HTTP/1.1[\r][\n]"
2024-07-24 14:30:12.507 [Test worker] DEBUG c.g.d.z.s.o.a.hc.client5.http.wire - http-outgoing-7 >> "accept: application/json[\r][\n]"
2024-07-24 14:30:12.507 [Test worker] DEBUG c.g.d.z.s.o.a.hc.client5.http.wire - http-outgoing-7 >> "x-tc-sid: 280e6229-7396-4d60-b1e3-a5de48b5d49b[\r][\n]"
2024-07-24 14:30:12.507 [Test worker] DEBUG c.g.d.z.s.o.a.hc.client5.http.wire - http-outgoing-7 >> "User-Agent: tc-java/1.19.8[\r][\n]"
2024-07-24 14:30:12.507 [Test worker] DEBUG c.g.d.z.s.o.a.hc.client5.http.wire - http-outgoing-7 >> "Accept-Encoding: gzip, x-gzip, deflate[\r][\n]"
2024-07-24 14:30:12.507 [Test worker] DEBUG c.g.d.z.s.o.a.hc.client5.http.wire - http-outgoing-7 >> "Host: localhost:2375[\r][\n]"
2024-07-24 14:30:12.507 [Test worker] DEBUG c.g.d.z.s.o.a.hc.client5.http.wire - http-outgoing-7 >> "Connection: keep-alive[\r][\n]"
2024-07-24 14:30:12.507 [Test worker] DEBUG c.g.d.z.s.o.a.hc.client5.http.wire - http-outgoing-7 >> "[\r][\n]"
2024-07-24 14:30:12.519 [Test worker] DEBUG c.g.d.z.s.o.a.hc.client5.http.wire - http-outgoing-7 << "HTTP/1.1 200 OK[\r][\n]"
2024-07-24 14:30:12.519 [Test worker] DEBUG c.g.d.z.s.o.a.hc.client5.http.wire - http-outgoing-7 << "Api-Version: 1.45[\r][\n]"
2024-07-24 14:30:12.519 [Test worker] DEBUG c.g.d.z.s.o.a.hc.client5.http.wire - http-outgoing-7 << "Content-Type: application/json[\r][\n]"
2024-07-24 14:30:12.519 [Test worker] DEBUG c.g.d.z.s.o.a.hc.client5.http.wire - http-outgoing-7 << "Date: Wed, 24 Jul 2024 02:30:12 GMT[\r][\n]"
2024-07-24 14:30:12.519 [Test worker] DEBUG c.g.d.z.s.o.a.hc.client5.http.wire - http-outgoing-7 << "Docker-Experimental: false[\r][\n]"
2024-07-24 14:30:12.519 [Test worker] DEBUG c.g.d.z.s.o.a.hc.client5.http.wire - http-outgoing-7 << "Ostype: linux[\r][\n]"
2024-07-24 14:30:12.519 [Test worker] DEBUG c.g.d.z.s.o.a.hc.client5.http.wire - http-outgoing-7 << "Server: Docker/26.0.0 (linux)[\r][\n]"
2024-07-24 14:30:12.519 [Test worker] DEBUG c.g.d.z.s.o.a.hc.client5.http.wire - http-outgoing-7 << "Transfer-Encoding: chunked[\r][\n]"
2024-07-24 14:30:12.519 [Test worker] DEBUG c.g.d.z.s.o.a.hc.client5.http.wire - http-outgoing-7 << "[\r][\n]"
2024-07-24 14:30:12.519 [Test worker] DEBUG c.g.d.z.s.o.a.h.client5.http.headers - http-outgoing-7 << HTTP/1.1 200 OK
2024-07-24 14:30:12.519 [Test worker] DEBUG c.g.d.z.s.o.a.h.client5.http.headers - http-outgoing-7 << Api-Version: 1.45
2024-07-24 14:30:12.519 [Test worker] DEBUG c.g.d.z.s.o.a.h.client5.http.headers - http-outgoing-7 << Content-Type: application/json
2024-07-24 14:30:12.519 [Test worker] DEBUG c.g.d.z.s.o.a.h.client5.http.headers - http-outgoing-7 << Date: Wed, 24 Jul 2024 02:30:12 GMT
2024-07-24 14:30:12.519 [Test worker] DEBUG c.g.d.z.s.o.a.h.client5.http.headers - http-outgoing-7 << Docker-Experimental: false
2024-07-24 14:30:12.519 [Test worker] DEBUG c.g.d.z.s.o.a.h.client5.http.headers - http-outgoing-7 << Ostype: linux
2024-07-24 14:30:12.519 [Test worker] DEBUG c.g.d.z.s.o.a.h.client5.http.headers - http-outgoing-7 << Server: Docker/26.0.0 (linux)
2024-07-24 14:30:12.519 [Test worker] DEBUG c.g.d.z.s.o.a.h.client5.http.headers - http-outgoing-7 << Transfer-Encoding: chunked
2024-07-24 14:30:12.520 [Test worker] DEBUG c.g.d.z.s.o.a.h.c.h.i.c.MainClientExec - ex-00000050: connection can be kept alive for 3 MINUTES
2024-07-24 14:30:12.520 [Test worker] DEBUG c.g.d.z.s.o.a.hc.client5.http.wire - http-outgoing-7 << "35f[\r][\n]"
2024-07-24 14:30:12.520 [Test worker] DEBUG c.g.d.z.s.o.a.hc.client5.http.wire - http-outgoing-7 << "{"Platform":{"Name":"Docker Desktop 4.29.0 (145265)"},"Components":[{"Name":"Engine","Version":"26.0.0","Details":{"ApiVersion":"1.45","Arch":"amd64","BuildTime":"2024-03-20T15:18:01.000000000+00:00","Experimental":"false","GitCommit":"8b79278","GoVersion":"go1.21.8","KernelVersion":"5.15.153.1-microsoft-standard-WSL2","MinAPIVersion":"1.24","Os":"linux"}},{"Name":"containerd","Version":"1.6.28","Details":{"GitCommit":"ae07eda36dd25f8a1b98dfbf587313b99c0190bb"}},{"Name":"runc","Version":"1.1.12","Details":{"GitCommit":"v1.1.12-0-g51d5e94"}},{"Name":"docker-init","Version":"0.19.0","Details":{"GitCommit":"de40ad0"}}],"Version":"26.0.0","ApiVersion":"1.45","MinAPIVersion":"1.24","GitCommit":"8b79278","GoVersion":"go1.21.8","Os":"linux","Arch":"amd64","KernelVersion":"5.15.153.1-microsoft-standard-WSL2","BuildTime":"2024-03-20T15:18:01.000000000+00:00"}[\n]"
2024-07-24 14:30:12.520 [Test worker] DEBUG c.g.d.z.s.o.a.hc.client5.http.wire - http-outgoing-7 << "[\r][\n]"
2024-07-24 14:30:12.520 [Test worker] DEBUG c.g.d.z.s.o.a.hc.client5.http.wire - http-outgoing-7 << "0[\r][\n]"
2024-07-24 14:30:12.520 [Test worker] DEBUG c.g.d.z.s.o.a.hc.client5.http.wire - http-outgoing-7 << "[\r][\n]"
2024-07-24 14:30:12.520 [Test worker] DEBUG c.g.d.z.s.o.a.h.c.h.i.c.InternalHttpClient - ep-0000004F: releasing valid endpoint
2024-07-24 14:30:12.520 [Test worker] DEBUG c.g.d.z.s.o.a.h.c.h.i.i.PoolingHttpClientConnectionManager - ep-0000004F: releasing endpoint
2024-07-24 14:30:12.520 [Test worker] DEBUG c.g.d.z.s.o.a.h.c.h.i.i.PoolingHttpClientConnectionManager - ep-0000004F: connection http-outgoing-7 can be kept alive for 3 MINUTES
2024-07-24 14:30:12.520 [Test worker] DEBUG c.g.d.z.s.o.a.h.c.h.i.i.PoolingHttpClientConnectionManager - ep-0000004F: connection released [route: {}->npipe://localhost:2375][total available: 1; route allocated: 1 of 2147483647; total allocated: 1 of 2147483647]
2024-07-24 14:30:12.521 [Test worker] TRACE o.t.s.c.g.d.c.e.LogContainerCmdExec - GET: DefaultWebTarget{path=[/containers/f6824cc3e48beaf9093cc70aed8d31001c4b00cdd250e1cb64046aff093d4169/logs], queryParams={stdout=[true], stderr=[true], follow=[true], since=[0]}}
2024-07-24 14:30:12.522 [docker-java-stream--1988017837] DEBUG c.g.d.z.s.o.a.h.c.h.i.c.InternalHttpClient - ex-00000051: preparing request execution
2024-07-24 14:30:12.522 [docker-java-stream--1988017837] DEBUG c.g.d.z.s.o.a.h.c.h.p.RequestAddCookies - Cookie spec selected: strict
2024-07-24 14:30:12.522 [docker-java-stream--1988017837] DEBUG c.g.d.z.s.o.a.h.c.h.p.RequestAuthCache - Auth cache not set in the context
2024-07-24 14:30:12.522 [docker-java-stream--1988017837] DEBUG c.g.d.z.s.o.a.h.c.h.i.c.ProtocolExec - ex-00000051: target auth state: UNCHALLENGED
2024-07-24 14:30:12.522 [docker-java-stream--1988017837] DEBUG c.g.d.z.s.o.a.h.c.h.i.c.ProtocolExec - ex-00000051: proxy auth state: UNCHALLENGED
2024-07-24 14:30:12.522 [docker-java-stream--1988017837] DEBUG c.g.d.z.s.o.a.h.c.h.i.c.ConnectExec - ex-00000051: acquiring connection with route {}->npipe://localhost:2375
2024-07-24 14:30:12.522 [docker-java-stream--1988017837] DEBUG c.g.d.z.s.o.a.h.c.h.i.c.InternalHttpClient - ex-00000051: acquiring endpoint (3 MINUTES)
2024-07-24 14:30:12.522 [docker-java-stream--1988017837] DEBUG c.g.d.z.s.o.a.h.c.h.i.i.PoolingHttpClientConnectionManager - ex-00000051: endpoint lease request (3 MINUTES) [route: {}->npipe://localhost:2375][total available: 1; route allocated: 1 of 2147483647; total allocated: 1 of 2147483647]
2024-07-24 14:30:12.522 [docker-java-stream--1988017837] DEBUG c.g.d.z.s.o.a.h.c.h.i.i.PoolingHttpClientConnectionManager - ex-00000051: endpoint leased [route: {}->npipe://localhost:2375][total available: 0; route allocated: 1 of 2147483647; total allocated: 1 of 2147483647]
2024-07-24 14:30:12.522 [docker-java-stream--1988017837] DEBUG c.g.d.z.s.o.a.h.c.h.i.i.PoolingHttpClientConnectionManager - ex-00000051: acquired ep-00000050
2024-07-24 14:30:12.522 [docker-java-stream--1988017837] DEBUG c.g.d.z.s.o.a.h.c.h.i.c.InternalHttpClient - ex-00000051: acquired endpoint ep-00000050
2024-07-24 14:30:12.522 [docker-java-stream--1988017837] DEBUG c.g.d.z.s.o.a.h.c.h.i.c.MainClientExec - ex-00000051: executing GET /v1.32/containers/f6824cc3e48beaf9093cc70aed8d31001c4b00cdd250e1cb64046aff093d4169/logs?stdout=true&stderr=true&follow=true&since=0 HTTP/1.1
2024-07-24 14:30:12.522 [docker-java-stream--1988017837] DEBUG c.g.d.z.s.o.a.h.c.h.i.c.InternalHttpClient - ep-00000050: start execution ex-00000051
2024-07-24 14:30:12.522 [docker-java-stream--1988017837] DEBUG c.g.d.z.s.o.a.h.c.h.i.i.PoolingHttpClientConnectionManager - ep-00000050: executing exchange ex-00000051 over http-outgoing-7
2024-07-24 14:30:12.522 [docker-java-stream--1988017837] DEBUG c.g.d.z.s.o.a.h.client5.http.headers - http-outgoing-7 >> GET /v1.32/containers/f6824cc3e48beaf9093cc70aed8d31001c4b00cdd250e1cb64046aff093d4169/logs?stdout=true&stderr=true&follow=true&since=0 HTTP/1.1
2024-07-24 14:30:12.522 [docker-java-stream--1988017837] DEBUG c.g.d.z.s.o.a.h.client5.http.headers - http-outgoing-7 >> x-tc-sid: 280e6229-7396-4d60-b1e3-a5de48b5d49b
2024-07-24 14:30:12.522 [docker-java-stream--1988017837] DEBUG c.g.d.z.s.o.a.h.client5.http.headers - http-outgoing-7 >> User-Agent: tc-java/1.19.8
2024-07-24 14:30:12.522 [docker-java-stream--1988017837] DEBUG c.g.d.z.s.o.a.h.client5.http.headers - http-outgoing-7 >> Accept-Encoding: gzip, x-gzip, deflate
2024-07-24 14:30:12.522 [docker-java-stream--1988017837] DEBUG c.g.d.z.s.o.a.h.client5.http.headers - http-outgoing-7 >> Host: localhost:2375
2024-07-24 14:30:12.522 [docker-java-stream--1988017837] DEBUG c.g.d.z.s.o.a.h.client5.http.headers - http-outgoing-7 >> Connection: keep-alive
2024-07-24 14:30:12.523 [docker-java-stream--1988017837] DEBUG c.g.d.z.s.o.a.hc.client5.http.wire - http-outgoing-7 >> "GET /v1.32/containers/f6824cc3e48beaf9093cc70aed8d31001c4b00cdd250e1cb64046aff093d4169/logs?stdout=true&stderr=true&follow=true&since=0 HTTP/1.1[\r][\n]"
2024-07-24 14:30:12.523 [docker-java-stream--1988017837] DEBUG c.g.d.z.s.o.a.hc.client5.http.wire - http-outgoing-7 >> "x-tc-sid: 280e6229-7396-4d60-b1e3-a5de48b5d49b[\r][\n]"
2024-07-24 14:30:12.523 [docker-java-stream--1988017837] DEBUG c.g.d.z.s.o.a.hc.client5.http.wire - http-outgoing-7 >> "User-Agent: tc-java/1.19.8[\r][\n]"
2024-07-24 14:30:12.523 [docker-java-stream--1988017837] DEBUG c.g.d.z.s.o.a.hc.client5.http.wire - http-outgoing-7 >> "Accept-Encoding: gzip, x-gzip, deflate[\r][\n]"
2024-07-24 14:30:12.523 [docker-java-stream--1988017837] DEBUG c.g.d.z.s.o.a.hc.client5.http.wire - http-outgoing-7 >> "Host: localhost:2375[\r][\n]"
2024-07-24 14:30:12.523 [docker-java-stream--1988017837] DEBUG c.g.d.z.s.o.a.hc.client5.http.wire - http-outgoing-7 >> "Connection: keep-alive[\r][\n]"
2024-07-24 14:30:12.523 [docker-java-stream--1988017837] DEBUG c.g.d.z.s.o.a.hc.client5.http.wire - http-outgoing-7 >> "[\r][\n]"
2024-07-24 14:30:12.526 [docker-java-stream--1988017837] DEBUG c.g.d.z.s.o.a.hc.client5.http.wire - http-outgoing-7 << "HTTP/1.1 200 OK[\r][\n]"
2024-07-24 14:30:12.526 [docker-java-stream--1988017837] DEBUG c.g.d.z.s.o.a.hc.client5.http.wire - http-outgoing-7 << "Api-Version: 1.45[\r][\n]"
2024-07-24 14:30:12.526 [docker-java-stream--1988017837] DEBUG c.g.d.z.s.o.a.hc.client5.http.wire - http-outgoing-7 << "Content-Type: application/vnd.docker.raw-stream[\r][\n]"
2024-07-24 14:30:12.526 [docker-java-stream--1988017837] DEBUG c.g.d.z.s.o.a.hc.client5.http.wire - http-outgoing-7 << "Date: Wed, 24 Jul 2024 02:30:12 GMT[\r][\n]"
2024-07-24 14:30:12.526 [docker-java-stream--1988017837] DEBUG c.g.d.z.s.o.a.hc.client5.http.wire - http-outgoing-7 << "Docker-Experimental: false[\r][\n]"
2024-07-24 14:30:12.526 [docker-java-stream--1988017837] DEBUG c.g.d.z.s.o.a.hc.client5.http.wire - http-outgoing-7 << "Ostype: linux[\r][\n]"
2024-07-24 14:30:12.526 [docker-java-stream--1988017837] DEBUG c.g.d.z.s.o.a.hc.client5.http.wire - http-outgoing-7 << "Server: Docker/26.0.0 (linux)[\r][\n]"
2024-07-24 14:30:12.526 [docker-java-stream--1988017837] DEBUG c.g.d.z.s.o.a.hc.client5.http.wire - http-outgoing-7 << "Transfer-Encoding: chunked[\r][\n]"
2024-07-24 14:30:12.526 [docker-java-stream--1988017837] DEBUG c.g.d.z.s.o.a.hc.client5.http.wire - http-outgoing-7 << "[\r][\n]"
2024-07-24 14:30:12.526 [docker-java-stream--1988017837] DEBUG c.g.d.z.s.o.a.h.client5.http.headers - http-outgoing-7 << HTTP/1.1 200 OK
2024-07-24 14:30:12.526 [docker-java-stream--1988017837] DEBUG c.g.d.z.s.o.a.h.client5.http.headers - http-outgoing-7 << Api-Version: 1.45
2024-07-24 14:30:12.526 [docker-java-stream--1988017837] DEBUG c.g.d.z.s.o.a.h.client5.http.headers - http-outgoing-7 << Content-Type: application/vnd.docker.raw-stream
2024-07-24 14:30:12.526 [docker-java-stream--1988017837] DEBUG c.g.d.z.s.o.a.h.client5.http.headers - http-outgoing-7 << Date: Wed, 24 Jul 2024 02:30:12 GMT
2024-07-24 14:30:12.526 [docker-java-stream--1988017837] DEBUG c.g.d.z.s.o.a.h.client5.http.headers - http-outgoing-7 << Docker-Experimental: false
2024-07-24 14:30:12.526 [docker-java-stream--1988017837] DEBUG c.g.d.z.s.o.a.h.client5.http.headers - http-outgoing-7 << Ostype: linux
2024-07-24 14:30:12.526 [docker-java-stream--1988017837] DEBUG c.g.d.z.s.o.a.h.client5.http.headers - http-outgoing-7 << Server: Docker/26.0.0 (linux)
2024-07-24 14:30:12.526 [docker-java-stream--1988017837] DEBUG c.g.d.z.s.o.a.h.client5.http.headers - http-outgoing-7 << Transfer-Encoding: chunked
2024-07-24 14:30:12.526 [docker-java-stream--1988017837] DEBUG c.g.d.z.s.o.a.h.c.h.i.c.MainClientExec - ex-00000051: connection can be kept alive for 3 MINUTES
2024-07-24 14:30:12.532 [docker-java-stream--1988017837] DEBUG c.g.d.z.s.o.a.hc.client5.http.wire - http-outgoing-7 << "1fd[\r][\n]"
2024-07-24 14:30:12.532 [docker-java-stream--1988017837] DEBUG c.g.d.z.s.o.a.hc.client5.http.wire - http-outgoing-7 << "[0x1][0x0][0x0][0x0][0x0][0x0][0x0]NThe files belonging to this database system will be owned by user "postgres".[\n]"
2024-07-24 14:30:12.532 [docker-java-stream--1988017837] DEBUG c.g.d.z.s.o.a.hc.client5.http.wire - http-outgoing-7 << "[0x1][0x0][0x0][0x0][0x0][0x0][0x0],This user must also own the server process.[\n]"
2024-07-24 14:30:12.532 [docker-java-stream--1988017837] DEBUG c.g.d.z.s.o.a.hc.client5.http.wire - http-outgoing-7 << "[0x1][0x0][0x0][0x0][0x0][0x0][0x0][0x1][\n]"
2024-07-24 14:30:12.532 [docker-java-stream--1988017837] DEBUG c.g.d.z.s.o.a.hc.client5.http.wire - http-outgoing-7 << "[0x1][0x0][0x0][0x0][0x0][0x0][0x0]CThe database cluster will be initialized with locale "en_US.utf8".[\n]"
2024-07-24 14:30:12.532 [docker-java-stream--1988017837] DEBUG c.g.d.z.s.o.a.hc.client5.http.wire - http-outgoing-7 << "[0x1][0x0][0x0][0x0][0x0][0x0][0x0]BThe default database encoding has accordingly been set to "UTF8".[\n]"
2024-07-24 14:30:12.532 [docker-java-stream--1988017837] DEBUG c.g.d.z.s.o.a.hc.client5.http.wire - http-outgoing-7 << "[0x1][0x0][0x0][0x0][0x0][0x0][0x0]@The default text search configuration will be set to "english".[\n]"
2024-07-24 14:30:12.532 [docker-java-stream--1988017837] DEBUG c.g.d.z.s.o.a.hc.client5.http.wire - http-outgoing-7 << "[0x1][0x0][0x0][0x0][0x0][0x0][0x0][0x1][\n]"
2024-07-24 14:30:12.532 [docker-java-stream--1988017837] DEBUG c.g.d.z.s.o.a.hc.client5.http.wire - http-outgoing-7 << "[0x1][0x0][0x0][0x0][0x0][0x0][0x0]"Data page checksums are disabled.[\n]"
2024-07-24 14:30:12.532 [docker-java-stream--1988017837] DEBUG c.g.d.z.s.o.a.hc.client5.http.wire - http-outgoing-7 << "[0x1][0x0][0x0][0x0][0x0][0x0][0x0][0x1][\n]"
2024-07-24 14:30:12.532 [docker-java-stream--1988017837] DEBUG c.g.d.z.s.o.a.hc.client5.http.wire - http-outgoing-7 << "[0x1][0x0][0x0][0x0][0x0][0x0][0x0]Ifixing permissions on existing directory /var/lib/postgresql/data ... ok[\n]"
2024-07-24 14:30:12.532 [docker-java-stream--1988017837] DEBUG c.g.d.z.s.o.a.hc.client5.http.wire - http-outgoing-7 << "[\r][\n]"
2024-07-24 14:30:12.532 [Test worker] DEBUG o.t.c.output.WaitingConsumer - STDOUT: The default database encoding has accordingly been set to "UTF8".
2024-07-24 14:30:12.532 [Test worker] DEBUG o.t.c.output.WaitingConsumer - STDOUT: fixing permissions on existing directory /var/lib/postgresql/data ... ok
2024-07-24 14:30:12.532 [Test worker] DEBUG o.t.c.output.WaitingConsumer - STDOUT: 
2024-07-24 14:30:12.532 [Test worker] DEBUG o.t.c.output.WaitingConsumer - STDOUT: Data page checksums are disabled.
2024-07-24 14:30:12.532 [Test worker] DEBUG o.t.c.output.WaitingConsumer - STDOUT: 
2024-07-24 14:30:12.532 [Test worker] DEBUG o.t.c.output.WaitingConsumer - STDOUT: The default text search configuration will be set to "english".
2024-07-24 14:30:12.532 [Test worker] DEBUG o.t.c.output.WaitingConsumer - STDOUT: The database cluster will be initialized with locale "en_US.utf8".
2024-07-24 14:30:12.532 [Test worker] DEBUG o.t.c.output.WaitingConsumer - STDOUT: 
2024-07-24 14:30:12.532 [Test worker] DEBUG o.t.c.output.WaitingConsumer - STDOUT: This user must also own the server process.
2024-07-24 14:30:12.532 [Test worker] DEBUG o.t.c.output.WaitingConsumer - STDOUT: The files belonging to this database system will be owned by user "postgres".
2024-07-24 14:30:12.537 [docker-java-stream--1988017837] DEBUG c.g.d.z.s.o.a.hc.client5.http.wire - http-outgoing-7 << "68[\r][\n]"
2024-07-24 14:30:12.537 [docker-java-stream--1988017837] DEBUG c.g.d.z.s.o.a.hc.client5.http.wire - http-outgoing-7 << "[0x1][0x0][0x0][0x0][0x0][0x0][0x0][0x1f]creating subdirectories ... ok[\n]"
2024-07-24 14:30:12.537 [docker-java-stream--1988017837] DEBUG c.g.d.z.s.o.a.hc.client5.http.wire - http-outgoing-7 << "[0x1][0x0][0x0][0x0][0x0][0x0][0x0]9selecting dynamic shared memory implementation ... posix[\n]"
2024-07-24 14:30:12.537 [docker-java-stream--1988017837] DEBUG c.g.d.z.s.o.a.hc.client5.http.wire - http-outgoing-7 << "[\r][\n]"
2024-07-24 14:30:12.545 [Test worker] DEBUG o.t.c.output.WaitingConsumer - STDOUT: selecting dynamic shared memory implementation ... posix
2024-07-24 14:30:12.545 [Test worker] DEBUG o.t.c.output.WaitingConsumer - STDOUT: creating subdirectories ... ok
2024-07-24 14:30:12.557 [docker-java-stream--1988017837] DEBUG c.g.d.z.s.o.a.hc.client5.http.wire - http-outgoing-7 << "32[\r][\n]"
2024-07-24 14:30:12.557 [docker-java-stream--1988017837] DEBUG c.g.d.z.s.o.a.hc.client5.http.wire - http-outgoing-7 << "[0x1][0x0][0x0][0x0][0x0][0x0][0x0]*selecting default max_connections ... 100[\n]"
2024-07-24 14:30:12.557 [docker-java-stream--1988017837] DEBUG c.g.d.z.s.o.a.hc.client5.http.wire - http-outgoing-7 << "[\r][\n]"
2024-07-24 14:30:12.560 [Test worker] DEBUG o.t.c.output.WaitingConsumer - STDOUT: selecting default max_connections ... 100
2024-07-24 14:30:12.583 [docker-java-stream--1988017837] DEBUG c.g.d.z.s.o.a.hc.client5.http.wire - http-outgoing-7 << "33[\r][\n]"
2024-07-24 14:30:12.583 [docker-java-stream--1988017837] DEBUG c.g.d.z.s.o.a.hc.client5.http.wire - http-outgoing-7 << "[0x1][0x0][0x0][0x0][0x0][0x0][0x0]+selecting default shared_buffers ... 128MB[\n]"
2024-07-24 14:30:12.583 [docker-java-stream--1988017837] DEBUG c.g.d.z.s.o.a.hc.client5.http.wire - http-outgoing-7 << "[\r][\n]"
2024-07-24 14:30:12.584 [Test worker] DEBUG o.t.c.output.WaitingConsumer - STDOUT: selecting default shared_buffers ... 128MB
2024-07-24 14:30:12.603 [docker-java-stream--1988017837] DEBUG c.g.d.z.s.o.a.hc.client5.http.wire - http-outgoing-7 << "30[\r][\n]"
2024-07-24 14:30:12.603 [docker-java-stream--1988017837] DEBUG c.g.d.z.s.o.a.hc.client5.http.wire - http-outgoing-7 << "[0x1][0x0][0x0][0x0][0x0][0x0][0x0](selecting default time zone ... Etc/UTC[\n]"
2024-07-24 14:30:12.603 [docker-java-stream--1988017837] DEBUG c.g.d.z.s.o.a.hc.client5.http.wire - http-outgoing-7 << "[\r][\n]"
2024-07-24 14:30:12.604 [docker-java-stream--1988017837] DEBUG c.g.d.z.s.o.a.hc.client5.http.wire - http-outgoing-7 << "2c[\r][\n]"
2024-07-24 14:30:12.604 [docker-java-stream--1988017837] DEBUG c.g.d.z.s.o.a.hc.client5.http.wire - http-outgoing-7 << "[0x1][0x0][0x0][0x0][0x0][0x0][0x0]$creating configuration files ... ok[\n]"
2024-07-24 14:30:12.604 [docker-java-stream--1988017837] DEBUG c.g.d.z.s.o.a.hc.client5.http.wire - http-outgoing-7 << "[\r][\n]"
2024-07-24 14:30:12.606 [Test worker] DEBUG o.t.c.output.WaitingConsumer - STDOUT: creating configuration files ... ok
2024-07-24 14:30:12.606 [Test worker] DEBUG o.t.c.output.WaitingConsumer - STDOUT: selecting default time zone ... Etc/UTC
2024-07-24 14:30:12.770 [docker-java-stream--1988017837] DEBUG c.g.d.z.s.o.a.hc.client5.http.wire - http-outgoing-7 << "28[\r][\n]"
2024-07-24 14:30:12.770 [docker-java-stream--1988017837] DEBUG c.g.d.z.s.o.a.hc.client5.http.wire - http-outgoing-7 << "[0x1][0x0][0x0][0x0][0x0][0x0][0x0] running bootstrap script ... ok[\n]"
2024-07-24 14:30:12.770 [docker-java-stream--1988017837] DEBUG c.g.d.z.s.o.a.hc.client5.http.wire - http-outgoing-7 << "[\r][\n]"
2024-07-24 14:30:12.770 [Test worker] DEBUG o.t.c.output.WaitingConsumer - STDOUT: running bootstrap script ... ok
2024-07-24 14:30:13.113 [docker-java-stream--1988017837] DEBUG c.g.d.z.s.o.a.hc.client5.http.wire - http-outgoing-7 << "38[\r][\n]"
2024-07-24 14:30:13.113 [docker-java-stream--1988017837] DEBUG c.g.d.z.s.o.a.hc.client5.http.wire - http-outgoing-7 << "[0x1][0x0][0x0][0x0][0x0][0x0][0x0]0performing post-bootstrap initialization ... ok[\n]"
2024-07-24 14:30:13.113 [docker-java-stream--1988017837] DEBUG c.g.d.z.s.o.a.hc.client5.http.wire - http-outgoing-7 << "[\r][\n]"
2024-07-24 14:30:13.113 [Test worker] DEBUG o.t.c.output.WaitingConsumer - STDOUT: performing post-bootstrap initialization ... ok
2024-07-24 14:30:13.634 [docker-java-stream--1988017837] DEBUG c.g.d.z.s.o.a.hc.client5.http.wire - http-outgoing-7 << "1ad[\r][\n]"
2024-07-24 14:30:13.634 [docker-java-stream--1988017837] DEBUG c.g.d.z.s.o.a.hc.client5.http.wire - http-outgoing-7 << "[0x2][0x0][0x0][0x0][0x0][0x0][0x0]Ginitdb: warning: enabling "trust" authentication for local connections[\n]"
2024-07-24 14:30:13.634 [docker-java-stream--1988017837] DEBUG c.g.d.z.s.o.a.hc.client5.http.wire - http-outgoing-7 << "[0x2][0x0][0x0][0x0][0x0][0x0][0x0][0xffffff90]initdb: hint: You can change this by editing pg_hba.conf or using the option -A, or --auth-local and --auth-host, the next time you run initdb.[\n]"
2024-07-24 14:30:13.634 [docker-java-stream--1988017837] DEBUG c.g.d.z.s.o.a.hc.client5.http.wire - http-outgoing-7 << "[0x1][0x0][0x0][0x0][0x0][0x0][0x0][0x1c]syncing data to disk ... ok[\n]"
2024-07-24 14:30:13.634 [docker-java-stream--1988017837] DEBUG c.g.d.z.s.o.a.hc.client5.http.wire - http-outgoing-7 << "[0x1][0x0][0x0][0x0][0x0][0x0][0x0][0x1][\n]"
2024-07-24 14:30:13.634 [docker-java-stream--1988017837] DEBUG c.g.d.z.s.o.a.hc.client5.http.wire - http-outgoing-7 << "[0x1][0x0][0x0][0x0][0x0][0x0][0x0][0x1][\n]"
2024-07-24 14:30:13.634 [docker-java-stream--1988017837] DEBUG c.g.d.z.s.o.a.hc.client5.http.wire - http-outgoing-7 << "[0x1][0x0][0x0][0x0][0x0][0x0][0x0]6Success. You can now start the database server using:[\n]"
2024-07-24 14:30:13.634 [docker-java-stream--1988017837] DEBUG c.g.d.z.s.o.a.hc.client5.http.wire - http-outgoing-7 << "[0x1][0x0][0x0][0x0][0x0][0x0][0x0][0x1][\n]"
2024-07-24 14:30:13.634 [docker-java-stream--1988017837] DEBUG c.g.d.z.s.o.a.hc.client5.http.wire - http-outgoing-7 << "[0x1][0x0][0x0][0x0][0x0][0x0][0x0]8    pg_ctl -D /var/lib/postgresql/data -l logfile start[\n]"
2024-07-24 14:30:13.634 [docker-java-stream--1988017837] DEBUG c.g.d.z.s.o.a.hc.client5.http.wire - http-outgoing-7 << "[0x1][0x0][0x0][0x0][0x0][0x0][0x0][0x1][\n]"
2024-07-24 14:30:13.634 [docker-java-stream--1988017837] DEBUG c.g.d.z.s.o.a.hc.client5.http.wire - http-outgoing-7 << "[\r][\n]"
2024-07-24 14:30:13.634 [Test worker] DEBUG o.t.c.output.WaitingConsumer - STDERR: initdb: warning: enabling "trust" authentication for local connections
2024-07-24 14:30:13.634 [Test worker] DEBUG o.t.c.output.WaitingConsumer - STDOUT: 
2024-07-24 14:30:13.634 [Test worker] DEBUG o.t.c.output.WaitingConsumer - STDOUT:     pg_ctl -D /var/lib/postgresql/data -l logfile start
2024-07-24 14:30:13.634 [Test worker] DEBUG o.t.c.output.WaitingConsumer - STDOUT: 
2024-07-24 14:30:13.634 [Test worker] DEBUG o.t.c.output.WaitingConsumer - STDOUT: Success. You can now start the database server using:
2024-07-24 14:30:13.634 [Test worker] DEBUG o.t.c.output.WaitingConsumer - STDOUT: 
2024-07-24 14:30:13.634 [Test worker] DEBUG o.t.c.output.WaitingConsumer - STDOUT: 
2024-07-24 14:30:13.634 [Test worker] DEBUG o.t.c.output.WaitingConsumer - STDOUT: syncing data to disk ... ok
2024-07-24 14:30:13.634 [Test worker] DEBUG o.t.c.output.WaitingConsumer - STDERR: initdb: hint: You can change this by editing pg_hba.conf or using the option -A, or --auth-local and --auth-host, the next time you run initdb.
2024-07-24 14:30:13.672 [docker-java-stream--1988017837] DEBUG c.g.d.z.s.o.a.hc.client5.http.wire - http-outgoing-7 << "137[\r][\n]"
2024-07-24 14:30:13.672 [docker-java-stream--1988017837] DEBUG c.g.d.z.s.o.a.hc.client5.http.wire - http-outgoing-7 << "[0x1][0x0][0x0][0x0][0x0][0x0][0x0][0xffffffc3]waiting for server to start....2024-07-24 02:30:13.672 UTC [48] LOG:  starting PostgreSQL 16.2 (Debian 16.2-1.pgdg120+2) on x86_64-pc-linux-gnu, compiled by gcc (Debian 12.2.0-14) 12.2.0, 64-bit[\n]"
2024-07-24 14:30:13.672 [docker-java-stream--1988017837] DEBUG c.g.d.z.s.o.a.hc.client5.http.wire - http-outgoing-7 << "[0x1][0x0][0x0][0x0][0x0][0x0][0x0]d2024-07-24 02:30:13.672 UTC [48] LOG:  listening on Unix socket "/var/run/postgresql/.s.PGSQL.5432"[\n]"
2024-07-24 14:30:13.672 [docker-java-stream--1988017837] DEBUG c.g.d.z.s.o.a.hc.client5.http.wire - http-outgoing-7 << "[\r][\n]"
2024-07-24 14:30:13.672 [Test worker] DEBUG o.t.c.output.WaitingConsumer - STDOUT: 2024-07-24 02:30:13.672 UTC [48] LOG:  listening on Unix socket "/var/run/postgresql/.s.PGSQL.5432"
2024-07-24 14:30:13.672 [Test worker] DEBUG o.t.c.output.WaitingConsumer - STDOUT: waiting for server to start....2024-07-24 02:30:13.672 UTC [48] LOG:  starting PostgreSQL 16.2 (Debian 16.2-1.pgdg120+2) on x86_64-pc-linux-gnu, compiled by gcc (Debian 12.2.0-14) 12.2.0, 64-bit
2024-07-24 14:30:13.674 [docker-java-stream--1988017837] DEBUG c.g.d.z.s.o.a.hc.client5.http.wire - http-outgoing-7 << "68[\r][\n]"
2024-07-24 14:30:13.674 [docker-java-stream--1988017837] DEBUG c.g.d.z.s.o.a.hc.client5.http.wire - http-outgoing-7 << "[0x1][0x0][0x0][0x0][0x0][0x0][0x0]`2024-07-24 02:30:13.674 UTC [51] LOG:  database system was shut down at 2024-07-24 02:30:13 UTC[\n]"
2024-07-24 14:30:13.674 [docker-java-stream--1988017837] DEBUG c.g.d.z.s.o.a.hc.client5.http.wire - http-outgoing-7 << "[\r][\n]"
2024-07-24 14:30:13.677 [docker-java-stream--1988017837] DEBUG c.g.d.z.s.o.a.hc.client5.http.wire - http-outgoing-7 << "5e[\r][\n]"
2024-07-24 14:30:13.678 [docker-java-stream--1988017837] DEBUG c.g.d.z.s.o.a.hc.client5.http.wire - http-outgoing-7 << "[0x1][0x0][0x0][0x0][0x0][0x0][0x0]V2024-07-24 02:30:13.677 UTC [48] LOG:  database system is ready to accept connections[\n]"
2024-07-24 14:30:13.678 [docker-java-stream--1988017837] DEBUG c.g.d.z.s.o.a.hc.client5.http.wire - http-outgoing-7 << "[\r][\n]"
2024-07-24 14:30:13.692 [Test worker] DEBUG o.t.c.output.WaitingConsumer - STDOUT: 2024-07-24 02:30:13.677 UTC [48] LOG:  database system is ready to accept connections
2024-07-24 14:30:13.692 [Test worker] DEBUG o.t.c.output.WaitingConsumer - STDOUT: 2024-07-24 02:30:13.674 UTC [51] LOG:  database system was shut down at 2024-07-24 02:30:13 UTC
2024-07-24 14:30:13.757 [docker-java-stream--1988017837] DEBUG c.g.d.z.s.o.a.hc.client5.http.wire - http-outgoing-7 << "25[\r][\n]"
2024-07-24 14:30:13.757 [docker-java-stream--1988017837] DEBUG c.g.d.z.s.o.a.hc.client5.http.wire - http-outgoing-7 << "[0x1][0x0][0x0][0x0][0x0][0x0][0x0][0x6] done[\n]"
2024-07-24 14:30:13.757 [docker-java-stream--1988017837] DEBUG c.g.d.z.s.o.a.hc.client5.http.wire - http-outgoing-7 << "[0x1][0x0][0x0][0x0][0x0][0x0][0x0][0xf]server started[\n]"
2024-07-24 14:30:13.757 [docker-java-stream--1988017837] DEBUG c.g.d.z.s.o.a.hc.client5.http.wire - http-outgoing-7 << "[\r][\n]"
2024-07-24 14:30:13.757 [Test worker] DEBUG o.t.c.output.WaitingConsumer - STDOUT: server started
2024-07-24 14:30:13.757 [Test worker] DEBUG o.t.c.output.WaitingConsumer - STDOUT:  done
2024-07-24 14:30:13.845 [docker-java-stream--1988017837] DEBUG c.g.d.z.s.o.a.hc.client5.http.wire - http-outgoing-7 << "18[\r][\n]"
2024-07-24 14:30:13.846 [docker-java-stream--1988017837] DEBUG c.g.d.z.s.o.a.hc.client5.http.wire - http-outgoing-7 << "[0x1][0x0][0x0][0x0][0x0][0x0][0x0][0x10]CREATE DATABASE[\n]"
2024-07-24 14:30:13.846 [docker-java-stream--1988017837] DEBUG c.g.d.z.s.o.a.hc.client5.http.wire - http-outgoing-7 << "[\r][\n]"
2024-07-24 14:30:13.846 [Test worker] DEBUG o.t.c.output.WaitingConsumer - STDOUT: CREATE DATABASE
2024-07-24 14:30:13.847 [docker-java-stream--1988017837] DEBUG c.g.d.z.s.o.a.hc.client5.http.wire - http-outgoing-7 << "12[\r][\n]"
2024-07-24 14:30:13.847 [docker-java-stream--1988017837] DEBUG c.g.d.z.s.o.a.hc.client5.http.wire - http-outgoing-7 << "[0x1][0x0][0x0][0x0][0x0][0x0][0x0][0x1][\n]"
2024-07-24 14:30:13.847 [docker-java-stream--1988017837] DEBUG c.g.d.z.s.o.a.hc.client5.http.wire - http-outgoing-7 << "[0x1][0x0][0x0][0x0][0x0][0x0][0x0][0x1][\n]"
2024-07-24 14:30:13.847 [docker-java-stream--1988017837] DEBUG c.g.d.z.s.o.a.hc.client5.http.wire - http-outgoing-7 << "[\r][\n]"
2024-07-24 14:30:13.847 [docker-java-stream--1988017837] DEBUG c.g.d.z.s.o.a.hc.client5.http.wire - http-outgoing-7 << "5d[\r][\n]"
2024-07-24 14:30:13.847 [docker-java-stream--1988017837] DEBUG c.g.d.z.s.o.a.hc.client5.http.wire - http-outgoing-7 << "[0x1][0x0][0x0][0x0][0x0][0x0][0x0]L/usr/local/bin/docker-entrypoint.sh: ignoring /docker-entrypoint-initdb.d/*[\n]"
2024-07-24 14:30:13.847 [docker-java-stream--1988017837] DEBUG c.g.d.z.s.o.a.hc.client5.http.wire - http-outgoing-7 << "[0x1][0x0][0x0][0x0][0x0][0x0][0x0][0x1][\n]"
2024-07-24 14:30:13.847 [docker-java-stream--1988017837] DEBUG c.g.d.z.s.o.a.hc.client5.http.wire - http-outgoing-7 << "[\r][\n]"
2024-07-24 14:30:13.849 [docker-java-stream--1988017837] DEBUG c.g.d.z.s.o.a.hc.client5.http.wire - http-outgoing-7 << "c1[\r][\n]"
2024-07-24 14:30:13.849 [docker-java-stream--1988017837] DEBUG c.g.d.z.s.o.a.hc.client5.http.wire - http-outgoing-7 << "[0x1][0x0][0x0][0x0][0x0][0x0][0x0]hwaiting for server to shut down...2024-07-24 02:30:13.848 UTC [48] LOG:  received fast shutdown request[\n]"
2024-07-24 14:30:13.849 [docker-java-stream--1988017837] DEBUG c.g.d.z.s.o.a.hc.client5.http.wire - http-outgoing-7 << "[0x1][0x0][0x0][0x0][0x0][0x0][0x0]I.2024-07-24 02:30:13.848 UTC [48] LOG:  aborting any active transactions[\n]"
2024-07-24 14:30:13.849 [docker-java-stream--1988017837] DEBUG c.g.d.z.s.o.a.hc.client5.http.wire - http-outgoing-7 << "[\r][\n]"
2024-07-24 14:30:13.851 [docker-java-stream--1988017837] DEBUG c.g.d.z.s.o.a.hc.client5.http.wire - http-outgoing-7 << "115[\r][\n]"
2024-07-24 14:30:13.852 [docker-java-stream--1988017837] DEBUG c.g.d.z.s.o.a.hc.client5.http.wire - http-outgoing-7 << "[0x1][0x0][0x0][0x0][0x0][0x0][0x0]y2024-07-24 02:30:13.851 UTC [48] LOG:  background worker "logical replication launcher" (PID 54) exited with exit code 1[\n]"
2024-07-24 14:30:13.852 [docker-java-stream--1988017837] DEBUG c.g.d.z.s.o.a.hc.client5.http.wire - http-outgoing-7 << "[0x1][0x0][0x0][0x0][0x0][0x0][0x0]52024-07-24 02:30:13.851 UTC [49] LOG:  shutting down[\n]"
2024-07-24 14:30:13.852 [docker-java-stream--1988017837] DEBUG c.g.d.z.s.o.a.hc.client5.http.wire - http-outgoing-7 << "[0x1][0x0][0x0][0x0][0x0][0x0][0x0]O2024-07-24 02:30:13.851 UTC [49] LOG:  checkpoint starting: shutdown immediate[\n]"
2024-07-24 14:30:13.852 [docker-java-stream--1988017837] DEBUG c.g.d.z.s.o.a.hc.client5.http.wire - http-outgoing-7 << "[\r][\n]"
2024-07-24 14:30:13.860 [Test worker] DEBUG o.t.c.output.WaitingConsumer - STDOUT: 2024-07-24 02:30:13.851 UTC [49] LOG:  checkpoint starting: shutdown immediate
2024-07-24 14:30:13.860 [Test worker] DEBUG o.t.c.output.WaitingConsumer - STDOUT: 2024-07-24 02:30:13.851 UTC [49] LOG:  shutting down
2024-07-24 14:30:13.860 [Test worker] DEBUG o.t.c.output.WaitingConsumer - STDOUT: 2024-07-24 02:30:13.851 UTC [48] LOG:  background worker "logical replication launcher" (PID 54) exited with exit code 1
2024-07-24 14:30:13.860 [Test worker] DEBUG o.t.c.output.WaitingConsumer - STDOUT: .2024-07-24 02:30:13.848 UTC [48] LOG:  aborting any active transactions
2024-07-24 14:30:13.860 [Test worker] DEBUG o.t.c.output.WaitingConsumer - STDOUT: waiting for server to shut down...2024-07-24 02:30:13.848 UTC [48] LOG:  received fast shutdown request
2024-07-24 14:30:13.860 [Test worker] DEBUG o.t.c.output.WaitingConsumer - STDOUT: 
2024-07-24 14:30:13.860 [Test worker] DEBUG o.t.c.output.WaitingConsumer - STDOUT: /usr/local/bin/docker-entrypoint.sh: ignoring /docker-entrypoint-initdb.d/*
2024-07-24 14:30:13.860 [Test worker] DEBUG o.t.c.output.WaitingConsumer - STDOUT: 
2024-07-24 14:30:13.860 [Test worker] DEBUG o.t.c.output.WaitingConsumer - STDOUT: 
2024-07-24 14:30:13.861 [docker-java-stream--1988017837] DEBUG c.g.d.z.s.o.a.hc.client5.http.wire - http-outgoing-7 << "12c[\r][\n]"
2024-07-24 14:30:13.861 [docker-java-stream--1988017837] DEBUG c.g.d.z.s.o.a.hc.client5.http.wire - http-outgoing-7 << "[0x1][0x0][0x0][0x0][0x0][0x0][0x1]$2024-07-24 02:30:13.860 UTC [49] LOG:  checkpoint complete: wrote 923 buffers (5.6%); 0 WAL file(s) added, 0 removed, 0 recycled; write=0.009 s, sync=0.001 s, total=0.010 s; sync files=0, longest=0.000 s, average=0.000 s; distance=4257 kB, estimate=4257 kB; lsn=0/1913068, redo lsn=0/1913068[\n]"
2024-07-24 14:30:13.861 [docker-java-stream--1988017837] DEBUG c.g.d.z.s.o.a.hc.client5.http.wire - http-outgoing-7 << "[\r][\n]"
2024-07-24 14:30:13.871 [docker-java-stream--1988017837] DEBUG c.g.d.z.s.o.a.hc.client5.http.wire - http-outgoing-7 << "4c[\r][\n]"
2024-07-24 14:30:13.871 [docker-java-stream--1988017837] DEBUG c.g.d.z.s.o.a.hc.client5.http.wire - http-outgoing-7 << "[0x1][0x0][0x0][0x0][0x0][0x0][0x0]D2024-07-24 02:30:13.871 UTC [48] LOG:  database system is shut down[\n]"
2024-07-24 14:30:13.871 [docker-java-stream--1988017837] DEBUG c.g.d.z.s.o.a.hc.client5.http.wire - http-outgoing-7 << "[\r][\n]"
2024-07-24 14:30:13.876 [Test worker] DEBUG o.t.c.output.WaitingConsumer - STDOUT: 2024-07-24 02:30:13.871 UTC [48] LOG:  database system is shut down
2024-07-24 14:30:13.876 [Test worker] DEBUG o.t.c.output.WaitingConsumer - STDOUT: 2024-07-24 02:30:13.860 UTC [49] LOG:  checkpoint complete: wrote 923 buffers (5.6%); 0 WAL file(s) added, 0 removed, 0 recycled; write=0.009 s, sync=0.001 s, total=0.010 s; sync files=0, longest=0.000 s, average=0.000 s; distance=4257 kB, estimate=4257 kB; lsn=0/1913068, redo lsn=0/1913068
2024-07-24 14:30:13.949 [docker-java-stream--1988017837] DEBUG c.g.d.z.s.o.a.hc.client5.http.wire - http-outgoing-7 << "25[\r][\n]"
2024-07-24 14:30:13.949 [docker-java-stream--1988017837] DEBUG c.g.d.z.s.o.a.hc.client5.http.wire - http-outgoing-7 << "[0x1][0x0][0x0][0x0][0x0][0x0][0x0][0x6] done[\n]"
2024-07-24 14:30:13.949 [docker-java-stream--1988017837] DEBUG c.g.d.z.s.o.a.hc.client5.http.wire - http-outgoing-7 << "[0x1][0x0][0x0][0x0][0x0][0x0][0x0][0xf]server stopped[\n]"
2024-07-24 14:30:13.949 [docker-java-stream--1988017837] DEBUG c.g.d.z.s.o.a.hc.client5.http.wire - http-outgoing-7 << "[\r][\n]"
2024-07-24 14:30:13.949 [Test worker] DEBUG o.t.c.output.WaitingConsumer - STDOUT: server stopped
2024-07-24 14:30:13.950 [Test worker] DEBUG o.t.c.output.WaitingConsumer - STDOUT:  done
2024-07-24 14:30:13.950 [docker-java-stream--1988017837] DEBUG c.g.d.z.s.o.a.hc.client5.http.wire - http-outgoing-7 << "50[\r][\n]"
2024-07-24 14:30:13.950 [docker-java-stream--1988017837] DEBUG c.g.d.z.s.o.a.hc.client5.http.wire - http-outgoing-7 << "[0x1][0x0][0x0][0x0][0x0][0x0][0x0][0x1][\n]"
2024-07-24 14:30:13.950 [docker-java-stream--1988017837] DEBUG c.g.d.z.s.o.a.hc.client5.http.wire - http-outgoing-7 << "[0x1][0x0][0x0][0x0][0x0][0x0][0x0]6PostgreSQL init process complete; ready for start up.[\n]"
2024-07-24 14:30:13.950 [docker-java-stream--1988017837] DEBUG c.g.d.z.s.o.a.hc.client5.http.wire - http-outgoing-7 << "[0x1][0x0][0x0][0x0][0x0][0x0][0x0][0x1][\n]"
2024-07-24 14:30:13.950 [docker-java-stream--1988017837] DEBUG c.g.d.z.s.o.a.hc.client5.http.wire - http-outgoing-7 << "[\r][\n]"
2024-07-24 14:30:13.968 [Test worker] DEBUG o.t.c.output.WaitingConsumer - STDOUT: 
2024-07-24 14:30:13.968 [Test worker] DEBUG o.t.c.output.WaitingConsumer - STDOUT: PostgreSQL init process complete; ready for start up.
2024-07-24 14:30:13.968 [Test worker] DEBUG o.t.c.output.WaitingConsumer - STDOUT: 
2024-07-24 14:30:13.969 [docker-java-stream--1988017837] DEBUG c.g.d.z.s.o.a.hc.client5.http.wire - http-outgoing-7 << "1cb[\r][\n]"
2024-07-24 14:30:13.969 [docker-java-stream--1988017837] DEBUG c.g.d.z.s.o.a.hc.client5.http.wire - http-outgoing-7 << "[0x2][0x0][0x0][0x0][0x0][0x0][0x0][0xffffffa3]2024-07-24 02:30:13.968 UTC [1] LOG:  starting PostgreSQL 16.2 (Debian 16.2-1.pgdg120+2) on x86_64-pc-linux-gnu, compiled by gcc (Debian 12.2.0-14) 12.2.0, 64-bit[\n]"
2024-07-24 14:30:13.969 [docker-java-stream--1988017837] DEBUG c.g.d.z.s.o.a.hc.client5.http.wire - http-outgoing-7 << "[0x2][0x0][0x0][0x0][0x0][0x0][0x0]U2024-07-24 02:30:13.968 UTC [1] LOG:  listening on IPv4 address "0.0.0.0", port 5432[\n]"
2024-07-24 14:30:13.969 [docker-java-stream--1988017837] DEBUG c.g.d.z.s.o.a.hc.client5.http.wire - http-outgoing-7 << "[0x2][0x0][0x0][0x0][0x0][0x0][0x0]P2024-07-24 02:30:13.968 UTC [1] LOG:  listening on IPv6 address "::", port 5432[\n]"
2024-07-24 14:30:13.969 [docker-java-stream--1988017837] DEBUG c.g.d.z.s.o.a.hc.client5.http.wire - http-outgoing-7 << "[0x2][0x0][0x0][0x0][0x0][0x0][0x0]c2024-07-24 02:30:13.969 UTC [1] LOG:  listening on Unix socket "/var/run/postgresql/.s.PGSQL.5432"[\n]"
2024-07-24 14:30:13.969 [docker-java-stream--1988017837] DEBUG c.g.d.z.s.o.a.hc.client5.http.wire - http-outgoing-7 << "[\r][\n]"
2024-07-24 14:30:13.971 [docker-java-stream--1988017837] DEBUG c.g.d.z.s.o.a.hc.client5.http.wire - http-outgoing-7 << "68[\r][\n]"
2024-07-24 14:30:13.972 [docker-java-stream--1988017837] DEBUG c.g.d.z.s.o.a.hc.client5.http.wire - http-outgoing-7 << "[0x2][0x0][0x0][0x0][0x0][0x0][0x0]`2024-07-24 02:30:13.972 UTC [64] LOG:  database system was shut down at 2024-07-24 02:30:13 UTC[\n]"
2024-07-24 14:30:13.972 [docker-java-stream--1988017837] DEBUG c.g.d.z.s.o.a.hc.client5.http.wire - http-outgoing-7 << "[\r][\n]"
2024-07-24 14:30:13.976 [docker-java-stream--1988017837] DEBUG c.g.d.z.s.o.a.hc.client5.http.wire - http-outgoing-7 << "5d[\r][\n]"
2024-07-24 14:30:13.976 [docker-java-stream--1988017837] DEBUG c.g.d.z.s.o.a.hc.client5.http.wire - http-outgoing-7 << "[0x2][0x0][0x0][0x0][0x0][0x0][0x0]U2024-07-24 02:30:13.975 UTC [1] LOG:  database system is ready to accept connections[\n]"
2024-07-24 14:30:13.976 [docker-java-stream--1988017837] DEBUG c.g.d.z.s.o.a.hc.client5.http.wire - http-outgoing-7 << "[\r][\n]"
2024-07-24 14:30:13.983 [Test worker] DEBUG o.t.c.output.WaitingConsumer - STDERR: 2024-07-24 02:30:13.975 UTC [1] LOG:  database system is ready to accept connections
2024-07-24 14:30:13.983 [Test worker] DEBUG c.g.d.z.s.o.a.h.c.h.i.c.InternalHttpClient - ep-00000050: cancel
2024-07-24 14:30:13.983 [Test worker] DEBUG c.g.d.z.s.o.a.h.c.h.i.i.DefaultManagedHttpClientConnection - http-outgoing-7: close connection IMMEDIATE
2024-07-24 14:30:13.983 [Test worker] DEBUG c.g.d.z.s.o.a.h.c.h.i.c.InternalHttpClient - ep-00000050: endpoint closed
2024-07-24 14:30:13.983 [Test worker] DEBUG c.g.d.z.s.o.a.h.c.h.i.c.InternalHttpClient - ep-00000050: discarding endpoint
2024-07-24 14:30:13.983 [Test worker] DEBUG c.g.d.z.s.o.a.h.c.h.i.i.PoolingHttpClientConnectionManager - ep-00000050: releasing endpoint
2024-07-24 14:30:13.983 [Test worker] DEBUG c.g.d.z.s.o.a.h.c.h.i.i.PoolingHttpClientConnectionManager - ep-00000050: connection is not kept alive
2024-07-24 14:30:13.983 [Test worker] DEBUG c.g.d.z.s.o.a.h.c.h.i.i.PoolingHttpClientConnectionManager - ep-00000050: connection released [route: {}->npipe://localhost:2375][total available: 0; route allocated: 0 of 2147483647; total allocated: 0 of 2147483647]
2024-07-24 14:30:13.983 [docker-java-stream--1988017837] DEBUG c.g.d.z.s.o.a.hc.client5.http.wire - http-outgoing-7 << "end of stream"
2024-07-24 14:30:13.984 [Test worker] DEBUG c.g.d.z.s.o.a.hc.client5.http.wire - http-outgoing-7 << "[read] I/O error: java.nio.channels.ClosedChannelException"
2024-07-24 14:30:13.984 [docker-java-stream--1988017837] DEBUG c.g.d.z.s.o.a.hc.client5.http.wire - http-outgoing-7 << "[read] I/O error: java.nio.channels.ClosedChannelException"
2024-07-24 14:30:13.984 [docker-java-stream--1988017837] DEBUG c.g.d.z.ApacheDockerHttpClientImpl$ApacheResponse - Failed to close the response
java.io.IOException: java.nio.channels.ClosedChannelException
	at java.base/java.nio.channels.Channels$2.read(Channels.java:240)
	at com.github.dockerjava.zerodep.shaded.org.apache.hc.client5.http.impl.io.LoggingInputStream.read(LoggingInputStream.java:81)
	at com.github.dockerjava.zerodep.shaded.org.apache.hc.core5.http.impl.io.SessionInputBufferImpl.fillBuffer(SessionInputBufferImpl.java:149)
	at com.github.dockerjava.zerodep.shaded.org.apache.hc.core5.http.impl.io.SessionInputBufferImpl.readLine(SessionInputBufferImpl.java:280)
	at com.github.dockerjava.zerodep.shaded.org.apache.hc.core5.http.impl.io.ChunkedInputStream.getChunkSize(ChunkedInputStream.java:261)
	at com.github.dockerjava.zerodep.shaded.org.apache.hc.core5.http.impl.io.ChunkedInputStream.nextChunk(ChunkedInputStream.java:222)
	at com.github.dockerjava.zerodep.shaded.org.apache.hc.core5.http.impl.io.ChunkedInputStream.read(ChunkedInputStream.java:147)
	at com.github.dockerjava.zerodep.shaded.org.apache.hc.core5.http.impl.io.ChunkedInputStream.close(ChunkedInputStream.java:314)
	at com.github.dockerjava.zerodep.shaded.org.apache.hc.core5.io.Closer.close(Closer.java:48)
	at com.github.dockerjava.zerodep.shaded.org.apache.hc.core5.http.impl.io.IncomingHttpEntity.close(IncomingHttpEntity.java:111)
	at com.github.dockerjava.zerodep.shaded.org.apache.hc.core5.http.io.entity.HttpEntityWrapper.close(HttpEntityWrapper.java:120)
	at com.github.dockerjava.zerodep.shaded.org.apache.hc.core5.io.Closer.close(Closer.java:48)
	at com.github.dockerjava.zerodep.shaded.org.apache.hc.core5.http.message.BasicClassicHttpResponse.close(BasicClassicHttpResponse.java:93)
	at com.github.dockerjava.zerodep.shaded.org.apache.hc.client5.http.impl.classic.CloseableHttpResponse.close(CloseableHttpResponse.java:200)
	at com.github.dockerjava.zerodep.ApacheDockerHttpClientImpl$ApacheResponse.close(ApacheDockerHttpClientImpl.java:271)
	at org.testcontainers.shaded.com.github.dockerjava.core.DefaultInvocationBuilder.lambda$executeAndStream$1(DefaultInvocationBuilder.java:277)
	at java.base/java.lang.Thread.run(Thread.java:833)
Caused by: java.nio.channels.ClosedChannelException: null
	at java.base/sun.nio.ch.WindowsAsynchronousFileChannelImpl.implRead(WindowsAsynchronousFileChannelImpl.java:516)
	at java.base/sun.nio.ch.AsynchronousFileChannelImpl.read(AsynchronousFileChannelImpl.java:229)
	at com.github.dockerjava.transport.NamedPipeSocket$AsynchronousFileByteChannel.read(NamedPipeSocket.java:117)
	at java.base/java.nio.channels.Channels$2.read(Channels.java:238)
	... 16 common frames omitted
2024-07-24 14:30:13.984 [Test worker] DEBUG c.g.d.z.ApacheDockerHttpClientImpl$ApacheResponse - Failed to close the response
java.io.IOException: java.nio.channels.ClosedChannelException
	at java.base/java.nio.channels.Channels$2.read(Channels.java:240)
	at com.github.dockerjava.zerodep.shaded.org.apache.hc.client5.http.impl.io.LoggingInputStream.read(LoggingInputStream.java:81)
	at com.github.dockerjava.zerodep.shaded.org.apache.hc.core5.http.impl.io.SessionInputBufferImpl.fillBuffer(SessionInputBufferImpl.java:149)
	at com.github.dockerjava.zerodep.shaded.org.apache.hc.core5.http.impl.io.SessionInputBufferImpl.readLine(SessionInputBufferImpl.java:280)
	at com.github.dockerjava.zerodep.shaded.org.apache.hc.core5.http.impl.io.ChunkedInputStream.getChunkSize(ChunkedInputStream.java:261)
	at com.github.dockerjava.zerodep.shaded.org.apache.hc.core5.http.impl.io.ChunkedInputStream.nextChunk(ChunkedInputStream.java:222)
	at com.github.dockerjava.zerodep.shaded.org.apache.hc.core5.http.impl.io.ChunkedInputStream.read(ChunkedInputStream.java:147)
	at com.github.dockerjava.zerodep.shaded.org.apache.hc.core5.http.impl.io.ChunkedInputStream.close(ChunkedInputStream.java:314)
	at com.github.dockerjava.zerodep.shaded.org.apache.hc.core5.io.Closer.close(Closer.java:48)
	at com.github.dockerjava.zerodep.shaded.org.apache.hc.core5.http.impl.io.IncomingHttpEntity.close(IncomingHttpEntity.java:111)
	at com.github.dockerjava.zerodep.shaded.org.apache.hc.core5.http.io.entity.HttpEntityWrapper.close(HttpEntityWrapper.java:120)
	at com.github.dockerjava.zerodep.shaded.org.apache.hc.core5.io.Closer.close(Closer.java:48)
	at com.github.dockerjava.zerodep.shaded.org.apache.hc.core5.http.message.BasicClassicHttpResponse.close(BasicClassicHttpResponse.java:93)
	at com.github.dockerjava.zerodep.shaded.org.apache.hc.client5.http.impl.classic.CloseableHttpResponse.close(CloseableHttpResponse.java:200)
	at com.github.dockerjava.zerodep.ApacheDockerHttpClientImpl$ApacheResponse.close(ApacheDockerHttpClientImpl.java:271)
	at org.testcontainers.shaded.com.github.dockerjava.core.DefaultInvocationBuilder.lambda$null$0(DefaultInvocationBuilder.java:272)
	at com.github.dockerjava.api.async.ResultCallbackTemplate.close(ResultCallbackTemplate.java:77)
	at org.testcontainers.containers.output.FrameConsumerResultCallback.close(FrameConsumerResultCallback.java:69)
	at org.testcontainers.containers.wait.strategy.LogMessageWaitStrategy.waitUntilReady(LogMessageWaitStrategy.java:49)
	at org.testcontainers.containers.wait.strategy.AbstractWaitStrategy.waitUntilReady(AbstractWaitStrategy.java:52)
	at org.testcontainers.containers.PostgreSQLContainer.waitUntilContainerStarted(PostgreSQLContainer.java:149)
	at org.testcontainers.containers.GenericContainer.tryStart(GenericContainer.java:500)
	at org.testcontainers.containers.GenericContainer.lambda$doStart$0(GenericContainer.java:354)
	at org.rnorth.ducttape.unreliables.Unreliables.retryUntilSuccess(Unreliables.java:81)
	at org.testcontainers.containers.GenericContainer.doStart(GenericContainer.java:344)
	at org.testcontainers.containers.GenericContainer.start(GenericContainer.java:330)
	at com.unitedApi.SaleOrderHeaderDAOTest.<init>(SaleOrderHeaderDAOTest.kt:40)
	at java.base/jdk.internal.reflect.NativeConstructorAccessorImpl.newInstance0(Native Method)
	at java.base/jdk.internal.reflect.NativeConstructorAccessorImpl.newInstance(NativeConstructorAccessorImpl.java:77)
	at java.base/jdk.internal.reflect.DelegatingConstructorAccessorImpl.newInstance(DelegatingConstructorAccessorImpl.java:45)
	at java.base/java.lang.reflect.Constructor.newInstanceWithCaller(Constructor.java:499)
	at java.base/java.lang.reflect.Constructor.newInstance(Constructor.java:480)
	at org.junit.runners.BlockJUnit4ClassRunner.createTest(BlockJUnit4ClassRunner.java:250)
	at org.junit.runners.BlockJUnit4ClassRunner.createTest(BlockJUnit4ClassRunner.java:260)
	at org.junit.runners.BlockJUnit4ClassRunner$2.runReflectiveCall(BlockJUnit4ClassRunner.java:309)
	at org.junit.internal.runners.model.ReflectiveCallable.run(ReflectiveCallable.java:12)
	at org.junit.runners.BlockJUnit4ClassRunner.methodBlock(BlockJUnit4ClassRunner.java:306)
	at org.junit.runners.BlockJUnit4ClassRunner$1.evaluate(BlockJUnit4ClassRunner.java:100)
	at org.junit.runners.ParentRunner.runLeaf(ParentRunner.java:366)
	at org.junit.runners.BlockJUnit4ClassRunner.runChild(BlockJUnit4ClassRunner.java:103)
	at org.junit.runners.BlockJUnit4ClassRunner.runChild(BlockJUnit4ClassRunner.java:63)
	at org.junit.runners.ParentRunner$4.run(ParentRunner.java:331)
	at org.junit.runners.ParentRunner$1.schedule(ParentRunner.java:79)
	at org.junit.runners.ParentRunner.runChildren(ParentRunner.java:329)
	at org.junit.runners.ParentRunner.access$100(ParentRunner.java:66)
	at org.junit.runners.ParentRunner$2.evaluate(ParentRunner.java:293)
	at org.junit.runners.ParentRunner$3.evaluate(ParentRunner.java:306)
	at org.junit.runners.ParentRunner.run(ParentRunner.java:413)
	at org.gradle.api.internal.tasks.testing.junit.JUnitTestClassExecutor.runTestClass(JUnitTestClassExecutor.java:112)
	at org.gradle.api.internal.tasks.testing.junit.JUnitTestClassExecutor.execute(JUnitTestClassExecutor.java:58)
	at org.gradle.api.internal.tasks.testing.junit.JUnitTestClassExecutor.execute(JUnitTestClassExecutor.java:40)
	at org.gradle.api.internal.tasks.testing.junit.AbstractJUnitTestClassProcessor.processTestClass(AbstractJUnitTestClassProcessor.java:60)
	at org.gradle.api.internal.tasks.testing.SuiteTestClassProcessor.processTestClass(SuiteTestClassProcessor.java:52)
	at java.base/jdk.internal.reflect.NativeMethodAccessorImpl.invoke0(Native Method)
	at java.base/jdk.internal.reflect.NativeMethodAccessorImpl.invoke(NativeMethodAccessorImpl.java:77)
	at java.base/jdk.internal.reflect.DelegatingMethodAccessorImpl.invoke(DelegatingMethodAccessorImpl.java:43)
	at java.base/java.lang.reflect.Method.invoke(Method.java:568)
	at org.gradle.internal.dispatch.ReflectionDispatch.dispatch(ReflectionDispatch.java:36)
	at org.gradle.internal.dispatch.ReflectionDispatch.dispatch(ReflectionDispatch.java:24)
	at org.gradle.internal.dispatch.ContextClassLoaderDispatch.dispatch(ContextClassLoaderDispatch.java:33)
	at org.gradle.internal.dispatch.ProxyDispatchAdapter$DispatchingInvocationHandler.invoke(ProxyDispatchAdapter.java:94)
	at jdk.proxy1/jdk.proxy1.$Proxy2.processTestClass(Unknown Source)
	at org.gradle.api.internal.tasks.testing.worker.TestWorker$2.run(TestWorker.java:176)
	at org.gradle.api.internal.tasks.testing.worker.TestWorker.executeAndMaintainThreadName(TestWorker.java:129)
	at org.gradle.api.internal.tasks.testing.worker.TestWorker.execute(TestWorker.java:100)
	at org.gradle.api.internal.tasks.testing.worker.TestWorker.execute(TestWorker.java:60)
	at org.gradle.process.internal.worker.child.ActionExecutionWorker.execute(ActionExecutionWorker.java:56)
	at org.gradle.process.internal.worker.child.SystemApplicationClassLoaderWorker.call(SystemApplicationClassLoaderWorker.java:113)
	at org.gradle.process.internal.worker.child.SystemApplicationClassLoaderWorker.call(SystemApplicationClassLoaderWorker.java:65)
	at worker.org.gradle.process.internal.worker.GradleWorkerMain.run(GradleWorkerMain.java:69)
	at worker.org.gradle.process.internal.worker.GradleWorkerMain.main(GradleWorkerMain.java:74)
Caused by: java.nio.channels.ClosedChannelException: null
	at java.base/sun.nio.ch.WindowsAsynchronousFileChannelImpl.implRead(WindowsAsynchronousFileChannelImpl.java:516)
	at java.base/sun.nio.ch.AsynchronousFileChannelImpl.read(AsynchronousFileChannelImpl.java:229)
	at com.github.dockerjava.transport.NamedPipeSocket$AsynchronousFileByteChannel.read(NamedPipeSocket.java:117)
	at java.base/java.nio.channels.Channels$2.read(Channels.java:238)
	... 70 common frames omitted
2024-07-24 14:30:13.985 [Test worker] INFO  tc.postgres:latest - Container postgres:latest started in PT2.0050955S
2024-07-24 14:30:13.985 [Test worker] INFO  tc.postgres:latest - Container is started (JDBC URL: jdbc:postgresql://localhost:51526/db?loggerLevel=OFF)
2024-07-24 14:30:13.986 [Test worker] INFO  org.testcontainers.ext.ScriptUtils - Executing database script from sql/init.sql
2024-07-24 14:30:13.987 [Test worker] DEBUG o.t.s.c.g.d.c.command.AbstrDockerCmd - Cmd: f6824cc3e48beaf9093cc70aed8d31001c4b00cdd250e1cb64046aff093d4169,false
2024-07-24 14:30:13.987 [Test worker] DEBUG o.t.s.c.g.d.c.e.InspectContainerCmdExec - GET: DefaultWebTarget{path=[/containers/f6824cc3e48beaf9093cc70aed8d31001c4b00cdd250e1cb64046aff093d4169/json], queryParams={}}
2024-07-24 14:30:13.987 [Test worker] DEBUG c.g.d.z.s.o.a.h.c.h.i.c.InternalHttpClient - ex-00000052: preparing request execution
2024-07-24 14:30:13.987 [Test worker] DEBUG c.g.d.z.s.o.a.h.c.h.p.RequestAddCookies - Cookie spec selected: strict
2024-07-24 14:30:13.987 [Test worker] DEBUG c.g.d.z.s.o.a.h.c.h.p.RequestAuthCache - Auth cache not set in the context
2024-07-24 14:30:13.987 [Test worker] DEBUG c.g.d.z.s.o.a.h.c.h.i.c.ProtocolExec - ex-00000052: target auth state: UNCHALLENGED
2024-07-24 14:30:13.987 [Test worker] DEBUG c.g.d.z.s.o.a.h.c.h.i.c.ProtocolExec - ex-00000052: proxy auth state: UNCHALLENGED
2024-07-24 14:30:13.987 [Test worker] DEBUG c.g.d.z.s.o.a.h.c.h.i.c.ConnectExec - ex-00000052: acquiring connection with route {}->npipe://localhost:2375
2024-07-24 14:30:13.987 [Test worker] DEBUG c.g.d.z.s.o.a.h.c.h.i.c.InternalHttpClient - ex-00000052: acquiring endpoint (3 MINUTES)
2024-07-24 14:30:13.987 [Test worker] DEBUG c.g.d.z.s.o.a.h.c.h.i.i.PoolingHttpClientConnectionManager - ex-00000052: endpoint lease request (3 MINUTES) [route: {}->npipe://localhost:2375][total available: 0; route allocated: 0 of 2147483647; total allocated: 0 of 2147483647]
2024-07-24 14:30:13.987 [Test worker] DEBUG c.g.d.z.s.o.a.h.c.h.i.i.PoolingHttpClientConnectionManager - ex-00000052: endpoint leased [route: {}->npipe://localhost:2375][total available: 0; route allocated: 1 of 2147483647; total allocated: 1 of 2147483647]
2024-07-24 14:30:13.987 [Test worker] DEBUG c.g.d.z.s.o.a.h.c.h.i.i.PoolingHttpClientConnectionManager - ex-00000052: acquired ep-00000051
2024-07-24 14:30:13.987 [Test worker] DEBUG c.g.d.z.s.o.a.h.c.h.i.c.InternalHttpClient - ex-00000052: acquired endpoint ep-00000051
2024-07-24 14:30:13.987 [Test worker] DEBUG c.g.d.z.s.o.a.h.c.h.i.c.ConnectExec - ex-00000052: opening connection {}->npipe://localhost:2375
2024-07-24 14:30:13.987 [Test worker] DEBUG c.g.d.z.s.o.a.h.c.h.i.c.InternalHttpClient - ep-00000051: connecting endpoint (3 MINUTES)
2024-07-24 14:30:13.987 [Test worker] DEBUG c.g.d.z.s.o.a.h.c.h.i.i.PoolingHttpClientConnectionManager - ep-00000051: connecting endpoint to npipe://localhost:2375 (3 MINUTES)
2024-07-24 14:30:13.988 [Test worker] DEBUG c.g.d.z.s.o.a.h.c.h.i.i.DefaultHttpClientConnectionOperator - http-outgoing-8: connecting to localhost/127.0.0.1:2375
2024-07-24 14:30:13.988 [Test worker] DEBUG c.g.d.z.s.o.a.h.c.h.i.i.DefaultHttpClientConnectionOperator - http-outgoing-8: connection established 
2024-07-24 14:30:13.988 [Test worker] DEBUG c.g.d.z.s.o.a.h.c.h.i.i.PoolingHttpClientConnectionManager - ep-00000051: connected http-outgoing-8
2024-07-24 14:30:13.988 [Test worker] DEBUG c.g.d.z.s.o.a.h.c.h.i.c.InternalHttpClient - ep-00000051: endpoint connected
2024-07-24 14:30:13.988 [Test worker] DEBUG c.g.d.z.s.o.a.h.c.h.i.c.MainClientExec - ex-00000052: executing GET /v1.32/containers/f6824cc3e48beaf9093cc70aed8d31001c4b00cdd250e1cb64046aff093d4169/json HTTP/1.1
2024-07-24 14:30:13.988 [Test worker] DEBUG c.g.d.z.s.o.a.h.c.h.i.c.InternalHttpClient - ep-00000051: start execution ex-00000052
2024-07-24 14:30:13.988 [Test worker] DEBUG c.g.d.z.s.o.a.h.c.h.i.i.PoolingHttpClientConnectionManager - ep-00000051: executing exchange ex-00000052 over http-outgoing-8
2024-07-24 14:30:13.988 [Test worker] DEBUG c.g.d.z.s.o.a.h.client5.http.headers - http-outgoing-8 >> GET /v1.32/containers/f6824cc3e48beaf9093cc70aed8d31001c4b00cdd250e1cb64046aff093d4169/json HTTP/1.1
2024-07-24 14:30:13.988 [Test worker] DEBUG c.g.d.z.s.o.a.h.client5.http.headers - http-outgoing-8 >> accept: application/json
2024-07-24 14:30:13.988 [Test worker] DEBUG c.g.d.z.s.o.a.h.client5.http.headers - http-outgoing-8 >> x-tc-sid: 280e6229-7396-4d60-b1e3-a5de48b5d49b
2024-07-24 14:30:13.988 [Test worker] DEBUG c.g.d.z.s.o.a.h.client5.http.headers - http-outgoing-8 >> User-Agent: tc-java/1.19.8
2024-07-24 14:30:13.988 [Test worker] DEBUG c.g.d.z.s.o.a.h.client5.http.headers - http-outgoing-8 >> Accept-Encoding: gzip, x-gzip, deflate
2024-07-24 14:30:13.988 [Test worker] DEBUG c.g.d.z.s.o.a.h.client5.http.headers - http-outgoing-8 >> Host: localhost:2375
2024-07-24 14:30:13.988 [Test worker] DEBUG c.g.d.z.s.o.a.h.client5.http.headers - http-outgoing-8 >> Connection: keep-alive
2024-07-24 14:30:13.988 [Test worker] DEBUG c.g.d.z.s.o.a.hc.client5.http.wire - http-outgoing-8 >> "GET /v1.32/containers/f6824cc3e48beaf9093cc70aed8d31001c4b00cdd250e1cb64046aff093d4169/json HTTP/1.1[\r][\n]"
2024-07-24 14:30:13.988 [Test worker] DEBUG c.g.d.z.s.o.a.hc.client5.http.wire - http-outgoing-8 >> "accept: application/json[\r][\n]"
2024-07-24 14:30:13.988 [Test worker] DEBUG c.g.d.z.s.o.a.hc.client5.http.wire - http-outgoing-8 >> "x-tc-sid: 280e6229-7396-4d60-b1e3-a5de48b5d49b[\r][\n]"
2024-07-24 14:30:13.988 [Test worker] DEBUG c.g.d.z.s.o.a.hc.client5.http.wire - http-outgoing-8 >> "User-Agent: tc-java/1.19.8[\r][\n]"
2024-07-24 14:30:13.988 [Test worker] DEBUG c.g.d.z.s.o.a.hc.client5.http.wire - http-outgoing-8 >> "Accept-Encoding: gzip, x-gzip, deflate[\r][\n]"
2024-07-24 14:30:13.988 [Test worker] DEBUG c.g.d.z.s.o.a.hc.client5.http.wire - http-outgoing-8 >> "Host: localhost:2375[\r][\n]"
2024-07-24 14:30:13.988 [Test worker] DEBUG c.g.d.z.s.o.a.hc.client5.http.wire - http-outgoing-8 >> "Connection: keep-alive[\r][\n]"
2024-07-24 14:30:13.988 [Test worker] DEBUG c.g.d.z.s.o.a.hc.client5.http.wire - http-outgoing-8 >> "[\r][\n]"
2024-07-24 14:30:13.991 [Test worker] DEBUG c.g.d.z.s.o.a.hc.client5.http.wire - http-outgoing-8 << "HTTP/1.1 200 OK[\r][\n]"
2024-07-24 14:30:13.991 [Test worker] DEBUG c.g.d.z.s.o.a.hc.client5.http.wire - http-outgoing-8 << "Api-Version: 1.45[\r][\n]"
2024-07-24 14:30:13.991 [Test worker] DEBUG c.g.d.z.s.o.a.hc.client5.http.wire - http-outgoing-8 << "Content-Type: application/json[\r][\n]"
2024-07-24 14:30:13.991 [Test worker] DEBUG c.g.d.z.s.o.a.hc.client5.http.wire - http-outgoing-8 << "Date: Wed, 24 Jul 2024 02:30:13 GMT[\r][\n]"
2024-07-24 14:30:13.991 [Test worker] DEBUG c.g.d.z.s.o.a.hc.client5.http.wire - http-outgoing-8 << "Docker-Experimental: false[\r][\n]"
2024-07-24 14:30:13.991 [Test worker] DEBUG c.g.d.z.s.o.a.hc.client5.http.wire - http-outgoing-8 << "Ostype: linux[\r][\n]"
2024-07-24 14:30:13.991 [Test worker] DEBUG c.g.d.z.s.o.a.hc.client5.http.wire - http-outgoing-8 << "Server: Docker/26.0.0 (linux)[\r][\n]"
2024-07-24 14:30:13.991 [Test worker] DEBUG c.g.d.z.s.o.a.hc.client5.http.wire - http-outgoing-8 << "Transfer-Encoding: chunked[\r][\n]"
2024-07-24 14:30:13.991 [Test worker] DEBUG c.g.d.z.s.o.a.hc.client5.http.wire - http-outgoing-8 << "[\r][\n]"
2024-07-24 14:30:13.991 [Test worker] DEBUG c.g.d.z.s.o.a.h.client5.http.headers - http-outgoing-8 << HTTP/1.1 200 OK
2024-07-24 14:30:13.991 [Test worker] DEBUG c.g.d.z.s.o.a.h.client5.http.headers - http-outgoing-8 << Api-Version: 1.45
2024-07-24 14:30:13.991 [Test worker] DEBUG c.g.d.z.s.o.a.h.client5.http.headers - http-outgoing-8 << Content-Type: application/json
2024-07-24 14:30:13.991 [Test worker] DEBUG c.g.d.z.s.o.a.h.client5.http.headers - http-outgoing-8 << Date: Wed, 24 Jul 2024 02:30:13 GMT
2024-07-24 14:30:13.991 [Test worker] DEBUG c.g.d.z.s.o.a.h.client5.http.headers - http-outgoing-8 << Docker-Experimental: false
2024-07-24 14:30:13.991 [Test worker] DEBUG c.g.d.z.s.o.a.h.client5.http.headers - http-outgoing-8 << Ostype: linux
2024-07-24 14:30:13.991 [Test worker] DEBUG c.g.d.z.s.o.a.h.client5.http.headers - http-outgoing-8 << Server: Docker/26.0.0 (linux)
2024-07-24 14:30:13.991 [Test worker] DEBUG c.g.d.z.s.o.a.h.client5.http.headers - http-outgoing-8 << Transfer-Encoding: chunked
2024-07-24 14:30:13.992 [Test worker] DEBUG c.g.d.z.s.o.a.h.c.h.i.c.MainClientExec - ex-00000052: connection can be kept alive for 3 MINUTES
2024-07-24 14:30:13.992 [Test worker] DEBUG c.g.d.z.s.o.a.hc.client5.http.wire - http-outgoing-8 << "1a35[\r][\n]"
2024-07-24 14:30:13.992 [Test worker] DEBUG c.g.d.z.s.o.a.hc.client5.http.wire - http-outgoing-8 << "{"Id":"f6824cc3e48beaf9093cc70aed8d31001c4b00cdd250e1cb64046aff093d4169","Created":"2024-07-24T02:30:11.988755723Z","Path":"docker-entrypoint.sh","Args":["postgres","-c","fsync=off"],"State":{"Status":"running","Running":true,"Paused":false,"Restarting":false,"OOMKilled":false,"Dead":false,"Pid":28699,"ExitCode":0,"Error":"","StartedAt":"2024-07-24T02:30:12.4726898Z","FinishedAt":"0001-01-01T00:00:00Z"},"Image":"sha256:8e4fc9e184899a58735e7ee333f5e272d7d2298cf59302006b71f33e217be130","ResolvConfPath":"/var/lib/docker/containers/f6824cc3e48beaf9093cc70aed8d31001c4b00cdd250e1cb64046aff093d4169/resolv.conf","HostnamePath":"/var/lib/docker/containers/f6824cc3e48beaf9093cc70aed8d31001c4b00cdd250e1cb64046aff093d4169/hostname","HostsPath":"/var/lib/docker/containers/f6824cc3e48beaf9093cc70aed8d31001c4b00cdd250e1cb64046aff093d4169/hosts","LogPath":"/var/lib/docker/containers/f6824cc3e48beaf9093cc70aed8d31001c4b00cdd250e1cb64046aff093d4169/f6824cc3e48beaf9093cc70aed8d31001c4b00cdd250e1cb64046aff093d4169-json.log","Name":"/blissful_gauss","RestartCount":0,"Driver":"overlay2","Platform":"linux","MountLabel":"","ProcessLabel":"","AppArmorProfile":"","ExecIDs":null,"HostConfig":{"Binds":[],"ContainerIDFile":"","LogConfig":{"Type":"json-file","Config":{}},"NetworkMode":"default","PortBindings":{"5432/tcp":[{"HostIp":"0.0.0.0","HostPort":"0"}]},"RestartPolicy":{"Name":"no","MaximumRetryCount":0},"AutoRemove":false,"VolumeDriver":"","VolumesFrom":[],"ConsoleSize":[0,0],"CapAdd":null,"CapDrop":null,"CgroupnsMode":"host","Dns":null,"DnsOptions":null,"DnsSearch":null,"ExtraHosts":[],"GroupAdd":null,"IpcMode":"shareable","Cgroup":"","Links":null,"OomScoreAdj":0,"PidMode":"","Privileged":false,"PublishAllPorts":false,"ReadonlyRootfs":false,"SecurityOpt":null,"UTSMode":"","UsernsMode":"","ShmSize":67108864,"Runtime":"runc","Isolation":"","CpuShares":0,"Memory":0,"NanoCpus":0,"CgroupParent":"","BlkioWeight":0,"BlkioWeightDevice":null,"BlkioDeviceReadBps":null,"BlkioDeviceWriteBps":null,"BlkioDeviceReadIOps":null,"BlkioDeviceWriteIOps":null,"CpuPeriod":0,"CpuQuota":0,"CpuRealtimePeriod":0,"CpuRealtimeRuntime":0,"CpusetCpus":"","CpusetMems":"","Devices":null,"DeviceCgroupRules":null,"DeviceRequests":null,"MemoryReservation":0,"MemorySwap":0,"MemorySwappiness":null,"OomKillDisable":false,"PidsLimit":null,"Ulimits":null,"CpuCount":0,"CpuPercent":0,"IOMaximumIOps":0,"IOMaximumBandwidth":0,"MaskedPaths":["/proc/asound","/proc/acpi","/proc/kcore","/proc/keys","/proc/latency_stats","/proc/timer_list","/proc/timer_stats","/proc/sched_debug","/proc/scsi","/sys/firmware","/sys/devices/virtual/powercap"],"ReadonlyPaths":["/proc/bus","/proc/fs","/proc/irq","/proc/sys","/proc/sysrq-trigger"]},"GraphDriver":{"Data":{"LowerDir":"/var/lib/docker/overlay2/6c129f1fe20127bbf5f6d4936694b973d9fc171a95509be50860acab587bd302-init/diff:/var/lib/docker/overlay2/8f0ddbd386af0785c2e348570516955816ab350305d698d363962d488eeb15ec/diff:/var/lib/docker/overlay2/0eb0ca73e9b0be7c3d7fa8762ef4778a68f38391bc84c037c2e90b88e781b475/diff:/var/lib/docker/overlay2/74e634bddc785c5d436b10a5158cd82e21dc2065fd1cf8ff9c1c12e01575a2d8/diff:/var/lib/docker/overlay2/bb918b2851cd2f508f1e3fdbfff8b7f8b041d61e65fe8c368288bf399e80b818/diff:/var/lib/docker/overlay2/2abab2946cbdc2941ee8ec4024c51dac7313dee9de5fbedd1ca33388c59eb3c8/diff:/var/lib/docker/overlay2/e12f6083ee669bd92743ceb339a896bb25dbe461b718705bb39eb410b80c0ecd/diff:/var/lib/docker/overlay2/ced1e86d670d097da5ed4da7288c22507735918959161c2cd8bf083fb30d169a/diff:/var/lib/docker/overlay2/94e9ac7b74923285ae73af20aeccb964ca9079e2305db367cb85d1603560472d/diff:/var/lib/docker/overlay2/a396b6dfd63f0c228c519871183c614cccf4d366a43460f27ecf97113c3c4be8/diff:/var/lib/docker/overlay2/f58ada5d5080c2bac553c734f81127660a90581a35ed2a92cebe3c59e340875b/diff:/var/lib/docker/overlay2/84f85636f37bf55d945e217b4f87a856eba7932284beaf042561007b66f48977/diff:/var/lib/docker/overlay2/1e6e519613884e91a2b74a588ba35dc8a2f789371ab798ef6e7d9836d756042f/diff:/var/lib/docker/overlay2/14a3151cc8b4f9d27d2e64f1a8abc0c7809309580f2d7e8dc8545055c1d56194/diff:/var/lib/docker"
2024-07-24 14:30:13.993 [Test worker] DEBUG c.g.d.z.s.o.a.hc.client5.http.wire - http-outgoing-8 << "/overlay2/5b354b9e793401517fe2f1da697653fdaadffc54888eaf76d67e0600b8c68bdc/diff","MergedDir":"/var/lib/docker/overlay2/6c129f1fe20127bbf5f6d4936694b973d9fc171a95509be50860acab587bd302/merged","UpperDir":"/var/lib/docker/overlay2/6c129f1fe20127bbf5f6d4936694b973d9fc171a95509be50860acab587bd302/diff","WorkDir":"/var/lib/docker/overlay2/6c129f1fe20127bbf5f6d4936694b973d9fc171a95509be50860acab587bd302/work"},"Name":"overlay2"},"Mounts":[{"Type":"volume","Name":"997ab324db5fb154482a3281a24cff6a5a39616ecd8a2823fadf0303dce11035","Source":"/var/lib/docker/volumes/997ab324db5fb154482a3281a24cff6a5a39616ecd8a2823fadf0303dce11035/_data","Destination":"/var/lib/postgresql/data","Driver":"local","Mode":"","RW":true,"Propagation":""}],"Config":{"Hostname":"f6824cc3e48b","Domainname":"","User":"","AttachStdin":false,"AttachStdout":false,"AttachStderr":false,"ExposedPorts":{"5432/tcp":{}},"Tty":false,"OpenStdin":false,"StdinOnce":false,"Env":["POSTGRES_USER=user","POSTGRES_PASSWORD=password","POSTGRES_DB=db","PATH=/usr/local/sbin:/usr/local/bin:/usr/sbin:/usr/bin:/sbin:/bin:/usr/lib/postgresql/16/bin","GOSU_VERSION=1.17","LANG=en_US.utf8","PG_MAJOR=16","PG_VERSION=16.2-1.pgdg120+2","PGDATA=/var/lib/postgresql/data"],"Cmd":["postgres","-c","fsync=off"],"Image":"postgres:latest","Volumes":{"/var/lib/postgresql/data":{}},"WorkingDir":"","Entrypoint":["docker-entrypoint.sh"],"OnBuild":null,"Labels":{"org.testcontainers":"true","org.testcontainers.lang":"java","org.testcontainers.sessionId":"280e6229-7396-4d60-b1e3-a5de48b5d49b","org.testcontainers.version":"1.19.8"},"StopSignal":"SIGINT"},"NetworkSettings":{"Bridge":"","SandboxID":"d1c784fd5d2aa5086833d71b3dec9153488b6076a614e1f0968c4a34b89086ec","SandboxKey":"/var/run/docker/netns/d1c784fd5d2a","Ports":{"5432/tcp":[{"HostIp":"0.0.0.0","HostPort":"51526"}]},"HairpinMode":false,"LinkLocalIPv6Address":"","LinkLocalIPv6PrefixLen":0,"SecondaryIPAddresses":null,"SecondaryIPv6Addresses":null,"EndpointID":"ec85cad65e1cfac8231f27a144cc521b0892f76ad00f5a20049dd36db75024d8","Gateway":"172.17.0.1","GlobalIPv6Address":"","GlobalIPv6PrefixLen":0,"IPAddress":"172.17.0.3","IPPrefixLen":16,"IPv6Gateway":"","MacAddress":"02:42:ac:11:00:03","Networks":{"bridge":{"IPAMConfig":null,"Links":null,"Aliases":null,"MacAddress":"02:42:ac:11:00:03","NetworkID":"3c842496be344cbdae878c1dee0957e7bc7c0a2236009c92752030f2b053e72f","EndpointID":"ec85cad65e1cfac8231f27a144cc521b0892f76ad00f5a20049dd36db75024d8","Gateway":"172.17.0.1","IPAddress":"172.17.0.3","IPPrefixLen":16,"IPv6Gateway":"","GlobalIPv6Address":"","GlobalIPv6PrefixLen":0,"DriverOpts":null,"DNSNames":null}}}}[\n]"
2024-07-24 14:30:13.994 [Test worker] DEBUG c.g.d.z.s.o.a.hc.client5.http.wire - http-outgoing-8 << "[\r][\n]"
2024-07-24 14:30:13.994 [Test worker] DEBUG c.g.d.z.s.o.a.hc.client5.http.wire - http-outgoing-8 << "0[\r][\n]"
2024-07-24 14:30:13.994 [Test worker] DEBUG c.g.d.z.s.o.a.hc.client5.http.wire - http-outgoing-8 << "[\r][\n]"
2024-07-24 14:30:13.994 [Test worker] DEBUG c.g.d.z.s.o.a.h.c.h.i.c.InternalHttpClient - ep-00000051: releasing valid endpoint
2024-07-24 14:30:13.994 [Test worker] DEBUG c.g.d.z.s.o.a.h.c.h.i.i.PoolingHttpClientConnectionManager - ep-00000051: releasing endpoint
2024-07-24 14:30:13.994 [Test worker] DEBUG c.g.d.z.s.o.a.h.c.h.i.i.PoolingHttpClientConnectionManager - ep-00000051: connection http-outgoing-8 can be kept alive for 3 MINUTES
2024-07-24 14:30:13.994 [Test worker] DEBUG c.g.d.z.s.o.a.h.c.h.i.i.PoolingHttpClientConnectionManager - ep-00000051: connection released [route: {}->npipe://localhost:2375][total available: 1; route allocated: 1 of 2147483647; total allocated: 1 of 2147483647]
2024-07-24 14:30:13.994 [Test worker] DEBUG tc.postgres:latest - Trying to create JDBC connection using org.postgresql.Driver to jdbc:postgresql://localhost:51526/db?loggerLevel=OFF with properties: {password=password, user=user}
2024-07-24 14:30:14.008 [Test worker] DEBUG o.t.jdbc.JdbcDatabaseDelegate - false returned as updateCount for SQL: drop table if exists WorkedOn
2024-07-24 14:30:14.008 [Test worker] DEBUG o.t.jdbc.JdbcDatabaseDelegate - false returned as updateCount for SQL: drop table if exists SequenceLine
2024-07-24 14:30:14.009 [Test worker] DEBUG o.t.jdbc.JdbcDatabaseDelegate - false returned as updateCount for SQL: drop table if exists WorkOrder
2024-07-24 14:30:14.010 [Test worker] DEBUG o.t.jdbc.JdbcDatabaseDelegate - false returned as updateCount for SQL: drop table if exists SequenceHeader
2024-07-24 14:30:14.011 [Test worker] DEBUG o.t.jdbc.JdbcDatabaseDelegate - false returned as updateCount for SQL: drop table if exists SaleOrderLine
2024-07-24 14:30:14.012 [Test worker] DEBUG o.t.jdbc.JdbcDatabaseDelegate - false returned as updateCount for SQL: drop table if exists SaleOrderHeader
2024-07-24 14:30:14.012 [Test worker] DEBUG o.t.jdbc.JdbcDatabaseDelegate - false returned as updateCount for SQL: drop table if exists Staff
2024-07-24 14:30:14.013 [Test worker] DEBUG o.t.jdbc.JdbcDatabaseDelegate - false returned as updateCount for SQL: drop table if exists WorkStation
2024-07-24 14:30:14.014 [Test worker] DEBUG o.t.jdbc.JdbcDatabaseDelegate - false returned as updateCount for SQL: drop table if exists Part
2024-07-24 14:30:14.014 [Test worker] DEBUG o.t.jdbc.JdbcDatabaseDelegate - false returned as updateCount for SQL: drop table if exists Customer
2024-07-24 14:30:14.017 [Test worker] DEBUG o.t.jdbc.JdbcDatabaseDelegate - false returned as updateCount for SQL: create table Customer ( customerId VarChar(8) PRIMARY Key, name VarChar(100) not null, address VarChar(500) not null )
2024-07-24 14:30:14.019 [Test worker] DEBUG o.t.jdbc.JdbcDatabaseDelegate - false returned as updateCount for SQL: create table Part ( partId VarChar(6) PRIMARY KEY, inventory Int not null, name VarChar(100) not null )
2024-07-24 14:30:14.020 [Test worker] DEBUG o.t.jdbc.JdbcDatabaseDelegate - false returned as updateCount for SQL: create table WorkStation ( name VarChar(50) PRIMARY KEY )
2024-07-24 14:30:14.021 [Test worker] DEBUG o.t.jdbc.JdbcDatabaseDelegate - false returned as updateCount for SQL: create table Staff ( staffID VarChar(6) PRIMARY KEY, name VarChar(100) not null )
2024-07-24 14:30:14.022 [Test worker] DEBUG o.t.jdbc.JdbcDatabaseDelegate - false returned as updateCount for SQL: create table SaleOrderHeader ( soHeaderId VarChar(6) PRIMARY key , customerId VarChar(8) not null references Customer (customerId) )
2024-07-24 14:30:14.024 [Test worker] DEBUG o.t.jdbc.JdbcDatabaseDelegate - false returned as updateCount for SQL: create table SaleOrderLine ( soLineId VarChar(6), soHeaderId VarChar(6) references SaleOrderHeader (soHeaderID), dateDue Date not null, partID VarChar(6) not null references Part(partId), PRIMARY KEY (soLineId,soHeaderId) )
2024-07-24 14:30:14.025 [Test worker] DEBUG o.t.jdbc.JdbcDatabaseDelegate - false returned as updateCount for SQL: create table SequenceHeader ( seqHeaderId VarChar(6) PRIMARY KEY, partId VarChar(6) not null references Part(partId) )
2024-07-24 14:30:14.027 [Test worker] DEBUG o.t.jdbc.JdbcDatabaseDelegate - false returned as updateCount for SQL: create table WorkOrder ( workOrderId VarChar(8) PRIMARY KEY, seqHeaderId VarChar(6) not null REFERENCES SequenceHeader (seqHeaderId), soLineId VarChar(6) not null, soHeaderId VarChar(6) not null, quanity Int not null, FOREIGN KEY (soLineId,soHeaderId) REFERENCES SaleOrderLine (soLineId,soHeaderId) )
2024-07-24 14:30:14.028 [Test worker] DEBUG o.t.jdbc.JdbcDatabaseDelegate - false returned as updateCount for SQL: create table SequenceLine ( seqLineId VarChar(10), seqHeaderId VarChar(6) references SequenceHeader (seqHeaderId), workStation VarChar(50) not null references WorkStation(name), PRIMARY KEY(seqLineId,seqHeaderId) )
2024-07-24 14:30:14.029 [Test worker] DEBUG o.t.jdbc.JdbcDatabaseDelegate - false returned as updateCount for SQL: create table WorkedOn ( staffId VarChar(8) references Staff (staffId), seqHeaderId VarChar(6), seqLineId VarChar(10), workOrderId VarChar(50) references WorkOrder(workOrderId), PRIMARY key (staffId,seqHeaderId,seqLineId,workOrderId), FOREIGN KEY (seqHeaderId,seqLineId) REFERENCES SequenceLine (seqHeaderId,seqLineId) )
2024-07-24 14:30:14.029 [Test worker] INFO  org.testcontainers.ext.ScriptUtils - Executed database script from sql/init.sql in 42 ms.
2024-07-24 14:30:14.049 [Test worker] DEBUG o.t.s.c.g.d.c.command.AbstrDockerCmd - Cmd: f6824cc3e48beaf9093cc70aed8d31001c4b00cdd250e1cb64046aff093d4169,false
2024-07-24 14:30:14.049 [Test worker] DEBUG o.t.s.c.g.d.c.e.InspectContainerCmdExec - GET: DefaultWebTarget{path=[/containers/f6824cc3e48beaf9093cc70aed8d31001c4b00cdd250e1cb64046aff093d4169/json], queryParams={}}
2024-07-24 14:30:14.049 [Test worker] DEBUG c.g.d.z.s.o.a.h.c.h.i.c.InternalHttpClient - ex-00000053: preparing request execution
2024-07-24 14:30:14.049 [Test worker] DEBUG c.g.d.z.s.o.a.h.c.h.p.RequestAddCookies - Cookie spec selected: strict
2024-07-24 14:30:14.049 [Test worker] DEBUG c.g.d.z.s.o.a.h.c.h.p.RequestAuthCache - Auth cache not set in the context
2024-07-24 14:30:14.049 [Test worker] DEBUG c.g.d.z.s.o.a.h.c.h.i.c.ProtocolExec - ex-00000053: target auth state: UNCHALLENGED
2024-07-24 14:30:14.049 [Test worker] DEBUG c.g.d.z.s.o.a.h.c.h.i.c.ProtocolExec - ex-00000053: proxy auth state: UNCHALLENGED
2024-07-24 14:30:14.050 [Test worker] DEBUG c.g.d.z.s.o.a.h.c.h.i.c.ConnectExec - ex-00000053: acquiring connection with route {}->npipe://localhost:2375
2024-07-24 14:30:14.050 [Test worker] DEBUG c.g.d.z.s.o.a.h.c.h.i.c.InternalHttpClient - ex-00000053: acquiring endpoint (3 MINUTES)
2024-07-24 14:30:14.050 [Test worker] DEBUG c.g.d.z.s.o.a.h.c.h.i.i.PoolingHttpClientConnectionManager - ex-00000053: endpoint lease request (3 MINUTES) [route: {}->npipe://localhost:2375][total available: 1; route allocated: 1 of 2147483647; total allocated: 1 of 2147483647]
2024-07-24 14:30:14.050 [Test worker] DEBUG c.g.d.z.s.o.a.h.c.h.i.i.PoolingHttpClientConnectionManager - ex-00000053: endpoint leased [route: {}->npipe://localhost:2375][total available: 0; route allocated: 1 of 2147483647; total allocated: 1 of 2147483647]
2024-07-24 14:30:14.050 [Test worker] DEBUG c.g.d.z.s.o.a.h.c.h.i.i.PoolingHttpClientConnectionManager - ex-00000053: acquired ep-00000052
2024-07-24 14:30:14.050 [Test worker] DEBUG c.g.d.z.s.o.a.h.c.h.i.c.InternalHttpClient - ex-00000053: acquired endpoint ep-00000052
2024-07-24 14:30:14.050 [Test worker] DEBUG c.g.d.z.s.o.a.h.c.h.i.c.MainClientExec - ex-00000053: executing GET /v1.32/containers/f6824cc3e48beaf9093cc70aed8d31001c4b00cdd250e1cb64046aff093d4169/json HTTP/1.1
2024-07-24 14:30:14.050 [Test worker] DEBUG c.g.d.z.s.o.a.h.c.h.i.c.InternalHttpClient - ep-00000052: start execution ex-00000053
2024-07-24 14:30:14.050 [Test worker] DEBUG c.g.d.z.s.o.a.h.c.h.i.i.PoolingHttpClientConnectionManager - ep-00000052: executing exchange ex-00000053 over http-outgoing-8
2024-07-24 14:30:14.050 [Test worker] DEBUG c.g.d.z.s.o.a.h.client5.http.headers - http-outgoing-8 >> GET /v1.32/containers/f6824cc3e48beaf9093cc70aed8d31001c4b00cdd250e1cb64046aff093d4169/json HTTP/1.1
2024-07-24 14:30:14.050 [Test worker] DEBUG c.g.d.z.s.o.a.h.client5.http.headers - http-outgoing-8 >> accept: application/json
2024-07-24 14:30:14.050 [Test worker] DEBUG c.g.d.z.s.o.a.h.client5.http.headers - http-outgoing-8 >> x-tc-sid: 280e6229-7396-4d60-b1e3-a5de48b5d49b
2024-07-24 14:30:14.050 [Test worker] DEBUG c.g.d.z.s.o.a.h.client5.http.headers - http-outgoing-8 >> User-Agent: tc-java/1.19.8
2024-07-24 14:30:14.050 [Test worker] DEBUG c.g.d.z.s.o.a.h.client5.http.headers - http-outgoing-8 >> Accept-Encoding: gzip, x-gzip, deflate
2024-07-24 14:30:14.050 [Test worker] DEBUG c.g.d.z.s.o.a.h.client5.http.headers - http-outgoing-8 >> Host: localhost:2375
2024-07-24 14:30:14.050 [Test worker] DEBUG c.g.d.z.s.o.a.h.client5.http.headers - http-outgoing-8 >> Connection: keep-alive
2024-07-24 14:30:14.050 [Test worker] DEBUG c.g.d.z.s.o.a.hc.client5.http.wire - http-outgoing-8 >> "GET /v1.32/containers/f6824cc3e48beaf9093cc70aed8d31001c4b00cdd250e1cb64046aff093d4169/json HTTP/1.1[\r][\n]"
2024-07-24 14:30:14.050 [Test worker] DEBUG c.g.d.z.s.o.a.hc.client5.http.wire - http-outgoing-8 >> "accept: application/json[\r][\n]"
2024-07-24 14:30:14.050 [Test worker] DEBUG c.g.d.z.s.o.a.hc.client5.http.wire - http-outgoing-8 >> "x-tc-sid: 280e6229-7396-4d60-b1e3-a5de48b5d49b[\r][\n]"
2024-07-24 14:30:14.050 [Test worker] DEBUG c.g.d.z.s.o.a.hc.client5.http.wire - http-outgoing-8 >> "User-Agent: tc-java/1.19.8[\r][\n]"
2024-07-24 14:30:14.050 [Test worker] DEBUG c.g.d.z.s.o.a.hc.client5.http.wire - http-outgoing-8 >> "Accept-Encoding: gzip, x-gzip, deflate[\r][\n]"
2024-07-24 14:30:14.050 [Test worker] DEBUG c.g.d.z.s.o.a.hc.client5.http.wire - http-outgoing-8 >> "Host: localhost:2375[\r][\n]"
2024-07-24 14:30:14.050 [Test worker] DEBUG c.g.d.z.s.o.a.hc.client5.http.wire - http-outgoing-8 >> "Connection: keep-alive[\r][\n]"
2024-07-24 14:30:14.050 [Test worker] DEBUG c.g.d.z.s.o.a.hc.client5.http.wire - http-outgoing-8 >> "[\r][\n]"
2024-07-24 14:30:14.053 [Test worker] DEBUG c.g.d.z.s.o.a.hc.client5.http.wire - http-outgoing-8 << "HTTP/1.1 200 OK[\r][\n]"
2024-07-24 14:30:14.053 [Test worker] DEBUG c.g.d.z.s.o.a.hc.client5.http.wire - http-outgoing-8 << "Api-Version: 1.45[\r][\n]"
2024-07-24 14:30:14.053 [Test worker] DEBUG c.g.d.z.s.o.a.hc.client5.http.wire - http-outgoing-8 << "Content-Type: application/json[\r][\n]"
2024-07-24 14:30:14.053 [Test worker] DEBUG c.g.d.z.s.o.a.hc.client5.http.wire - http-outgoing-8 << "Date: Wed, 24 Jul 2024 02:30:14 GMT[\r][\n]"
2024-07-24 14:30:14.053 [Test worker] DEBUG c.g.d.z.s.o.a.hc.client5.http.wire - http-outgoing-8 << "Docker-Experimental: false[\r][\n]"
2024-07-24 14:30:14.053 [Test worker] DEBUG c.g.d.z.s.o.a.hc.client5.http.wire - http-outgoing-8 << "Ostype: linux[\r][\n]"
2024-07-24 14:30:14.053 [Test worker] DEBUG c.g.d.z.s.o.a.hc.client5.http.wire - http-outgoing-8 << "Server: Docker/26.0.0 (linux)[\r][\n]"
2024-07-24 14:30:14.053 [Test worker] DEBUG c.g.d.z.s.o.a.hc.client5.http.wire - http-outgoing-8 << "Transfer-Encoding: chunked[\r][\n]"
2024-07-24 14:30:14.053 [Test worker] DEBUG c.g.d.z.s.o.a.hc.client5.http.wire - http-outgoing-8 << "[\r][\n]"
2024-07-24 14:30:14.053 [Test worker] DEBUG c.g.d.z.s.o.a.h.client5.http.headers - http-outgoing-8 << HTTP/1.1 200 OK
2024-07-24 14:30:14.053 [Test worker] DEBUG c.g.d.z.s.o.a.h.client5.http.headers - http-outgoing-8 << Api-Version: 1.45
2024-07-24 14:30:14.053 [Test worker] DEBUG c.g.d.z.s.o.a.h.client5.http.headers - http-outgoing-8 << Content-Type: application/json
2024-07-24 14:30:14.053 [Test worker] DEBUG c.g.d.z.s.o.a.h.client5.http.headers - http-outgoing-8 << Date: Wed, 24 Jul 2024 02:30:14 GMT
2024-07-24 14:30:14.053 [Test worker] DEBUG c.g.d.z.s.o.a.h.client5.http.headers - http-outgoing-8 << Docker-Experimental: false
2024-07-24 14:30:14.053 [Test worker] DEBUG c.g.d.z.s.o.a.h.client5.http.headers - http-outgoing-8 << Ostype: linux
2024-07-24 14:30:14.053 [Test worker] DEBUG c.g.d.z.s.o.a.h.client5.http.headers - http-outgoing-8 << Server: Docker/26.0.0 (linux)
2024-07-24 14:30:14.053 [Test worker] DEBUG c.g.d.z.s.o.a.h.client5.http.headers - http-outgoing-8 << Transfer-Encoding: chunked
2024-07-24 14:30:14.053 [Test worker] DEBUG c.g.d.z.s.o.a.h.c.h.i.c.MainClientExec - ex-00000053: connection can be kept alive for 3 MINUTES
2024-07-24 14:30:14.054 [Test worker] DEBUG c.g.d.z.s.o.a.hc.client5.http.wire - http-outgoing-8 << "1a35[\r][\n]"
2024-07-24 14:30:14.054 [Test worker] DEBUG c.g.d.z.s.o.a.hc.client5.http.wire - http-outgoing-8 << "{"Id":"f6824cc3e48beaf9093cc70aed8d31001c4b00cdd250e1cb64046aff093d4169","Created":"2024-07-24T02:30:11.988755723Z","Path":"docker-entrypoint.sh","Args":["postgres","-c","fsync=off"],"State":{"Status":"running","Running":true,"Paused":false,"Restarting":false,"OOMKilled":false,"Dead":false,"Pid":28699,"ExitCode":0,"Error":"","StartedAt":"2024-07-24T02:30:12.4726898Z","FinishedAt":"0001-01-01T00:00:00Z"},"Image":"sha256:8e4fc9e184899a58735e7ee333f5e272d7d2298cf59302006b71f33e217be130","ResolvConfPath":"/var/lib/docker/containers/f6824cc3e48beaf9093cc70aed8d31001c4b00cdd250e1cb64046aff093d4169/resolv.conf","HostnamePath":"/var/lib/docker/containers/f6824cc3e48beaf9093cc70aed8d31001c4b00cdd250e1cb64046aff093d4169/hostname","HostsPath":"/var/lib/docker/containers/f6824cc3e48beaf9093cc70aed8d31001c4b00cdd250e1cb64046aff093d4169/hosts","LogPath":"/var/lib/docker/containers/f6824cc3e48beaf9093cc70aed8d31001c4b00cdd250e1cb64046aff093d4169/f6824cc3e48beaf9093cc70aed8d31001c4b00cdd250e1cb64046aff093d4169-json.log","Name":"/blissful_gauss","RestartCount":0,"Driver":"overlay2","Platform":"linux","MountLabel":"","ProcessLabel":"","AppArmorProfile":"","ExecIDs":null,"HostConfig":{"Binds":[],"ContainerIDFile":"","LogConfig":{"Type":"json-file","Config":{}},"NetworkMode":"default","PortBindings":{"5432/tcp":[{"HostIp":"0.0.0.0","HostPort":"0"}]},"RestartPolicy":{"Name":"no","MaximumRetryCount":0},"AutoRemove":false,"VolumeDriver":"","VolumesFrom":[],"ConsoleSize":[0,0],"CapAdd":null,"CapDrop":null,"CgroupnsMode":"host","Dns":null,"DnsOptions":null,"DnsSearch":null,"ExtraHosts":[],"GroupAdd":null,"IpcMode":"shareable","Cgroup":"","Links":null,"OomScoreAdj":0,"PidMode":"","Privileged":false,"PublishAllPorts":false,"ReadonlyRootfs":false,"SecurityOpt":null,"UTSMode":"","UsernsMode":"","ShmSize":67108864,"Runtime":"runc","Isolation":"","CpuShares":0,"Memory":0,"NanoCpus":0,"CgroupParent":"","BlkioWeight":0,"BlkioWeightDevice":null,"BlkioDeviceReadBps":null,"BlkioDeviceWriteBps":null,"BlkioDeviceReadIOps":null,"BlkioDeviceWriteIOps":null,"CpuPeriod":0,"CpuQuota":0,"CpuRealtimePeriod":0,"CpuRealtimeRuntime":0,"CpusetCpus":"","CpusetMems":"","Devices":null,"DeviceCgroupRules":null,"DeviceRequests":null,"MemoryReservation":0,"MemorySwap":0,"MemorySwappiness":null,"OomKillDisable":false,"PidsLimit":null,"Ulimits":null,"CpuCount":0,"CpuPercent":0,"IOMaximumIOps":0,"IOMaximumBandwidth":0,"MaskedPaths":["/proc/asound","/proc/acpi","/proc/kcore","/proc/keys","/proc/latency_stats","/proc/timer_list","/proc/timer_stats","/proc/sched_debug","/proc/scsi","/sys/firmware","/sys/devices/virtual/powercap"],"ReadonlyPaths":["/proc/bus","/proc/fs","/proc/irq","/proc/sys","/proc/sysrq-trigger"]},"GraphDriver":{"Data":{"LowerDir":"/var/lib/docker/overlay2/6c129f1fe20127bbf5f6d4936694b973d9fc171a95509be50860acab587bd302-init/diff:/var/lib/docker/overlay2/8f0ddbd386af0785c2e348570516955816ab350305d698d363962d488eeb15ec/diff:/var/lib/docker/overlay2/0eb0ca73e9b0be7c3d7fa8762ef4778a68f38391bc84c037c2e90b88e781b475/diff:/var/lib/docker/overlay2/74e634bddc785c5d436b10a5158cd82e21dc2065fd1cf8ff9c1c12e01575a2d8/diff:/var/lib/docker/overlay2/bb918b2851cd2f508f1e3fdbfff8b7f8b041d61e65fe8c368288bf399e80b818/diff:/var/lib/docker/overlay2/2abab2946cbdc2941ee8ec4024c51dac7313dee9de5fbedd1ca33388c59eb3c8/diff:/var/lib/docker/overlay2/e12f6083ee669bd92743ceb339a896bb25dbe461b718705bb39eb410b80c0ecd/diff:/var/lib/docker/overlay2/ced1e86d670d097da5ed4da7288c22507735918959161c2cd8bf083fb30d169a/diff:/var/lib/docker/overlay2/94e9ac7b74923285ae73af20aeccb964ca9079e2305db367cb85d1603560472d/diff:/var/lib/docker/overlay2/a396b6dfd63f0c228c519871183c614cccf4d366a43460f27ecf97113c3c4be8/diff:/var/lib/docker/overlay2/f58ada5d5080c2bac553c734f81127660a90581a35ed2a92cebe3c59e340875b/diff:/var/lib/docker/overlay2/84f85636f37bf55d945e217b4f87a856eba7932284beaf042561007b66f48977/diff:/var/lib/docker/overlay2/1e6e519613884e91a2b74a588ba35dc8a2f789371ab798ef6e7d9836d756042f/diff:/var/lib/docker/overlay2/14a3151cc8b4f9d27d2e64f1a8abc0c7809309580f2d7e8dc8545055c1d56194/diff:/var/lib/docker"
2024-07-24 14:30:14.054 [Test worker] DEBUG c.g.d.z.s.o.a.hc.client5.http.wire - http-outgoing-8 << "/overlay2/5b354b9e793401517fe2f1da697653fdaadffc54888eaf76d67e0600b8c68bdc/diff","MergedDir":"/var/lib/docker/overlay2/6c129f1fe20127bbf5f6d4936694b973d9fc171a95509be50860acab587bd302/merged","UpperDir":"/var/lib/docker/overlay2/6c129f1fe20127bbf5f6d4936694b973d9fc171a95509be50860acab587bd302/diff","WorkDir":"/var/lib/docker/overlay2/6c129f1fe20127bbf5f6d4936694b973d9fc171a95509be50860acab587bd302/work"},"Name":"overlay2"},"Mounts":[{"Type":"volume","Name":"997ab324db5fb154482a3281a24cff6a5a39616ecd8a2823fadf0303dce11035","Source":"/var/lib/docker/volumes/997ab324db5fb154482a3281a24cff6a5a39616ecd8a2823fadf0303dce11035/_data","Destination":"/var/lib/postgresql/data","Driver":"local","Mode":"","RW":true,"Propagation":""}],"Config":{"Hostname":"f6824cc3e48b","Domainname":"","User":"","AttachStdin":false,"AttachStdout":false,"AttachStderr":false,"ExposedPorts":{"5432/tcp":{}},"Tty":false,"OpenStdin":false,"StdinOnce":false,"Env":["POSTGRES_USER=user","POSTGRES_PASSWORD=password","POSTGRES_DB=db","PATH=/usr/local/sbin:/usr/local/bin:/usr/sbin:/usr/bin:/sbin:/bin:/usr/lib/postgresql/16/bin","GOSU_VERSION=1.17","LANG=en_US.utf8","PG_MAJOR=16","PG_VERSION=16.2-1.pgdg120+2","PGDATA=/var/lib/postgresql/data"],"Cmd":["postgres","-c","fsync=off"],"Image":"postgres:latest","Volumes":{"/var/lib/postgresql/data":{}},"WorkingDir":"","Entrypoint":["docker-entrypoint.sh"],"OnBuild":null,"Labels":{"org.testcontainers":"true","org.testcontainers.lang":"java","org.testcontainers.sessionId":"280e6229-7396-4d60-b1e3-a5de48b5d49b","org.testcontainers.version":"1.19.8"},"StopSignal":"SIGINT"},"NetworkSettings":{"Bridge":"","SandboxID":"d1c784fd5d2aa5086833d71b3dec9153488b6076a614e1f0968c4a34b89086ec","SandboxKey":"/var/run/docker/netns/d1c784fd5d2a","Ports":{"5432/tcp":[{"HostIp":"0.0.0.0","HostPort":"51526"}]},"HairpinMode":false,"LinkLocalIPv6Address":"","LinkLocalIPv6PrefixLen":0,"SecondaryIPAddresses":null,"SecondaryIPv6Addresses":null,"EndpointID":"ec85cad65e1cfac8231f27a144cc521b0892f76ad00f5a20049dd36db75024d8","Gateway":"172.17.0.1","GlobalIPv6Address":"","GlobalIPv6PrefixLen":0,"IPAddress":"172.17.0.3","IPPrefixLen":16,"IPv6Gateway":"","MacAddress":"02:42:ac:11:00:03","Networks":{"bridge":{"IPAMConfig":null,"Links":null,"Aliases":null,"MacAddress":"02:42:ac:11:00:03","NetworkID":"3c842496be344cbdae878c1dee0957e7bc7c0a2236009c92752030f2b053e72f","EndpointID":"ec85cad65e1cfac8231f27a144cc521b0892f76ad00f5a20049dd36db75024d8","Gateway":"172.17.0.1","IPAddress":"172.17.0.3","IPPrefixLen":16,"IPv6Gateway":"","GlobalIPv6Address":"","GlobalIPv6PrefixLen":0,"DriverOpts":null,"DNSNames":null}}}}[\n]"
2024-07-24 14:30:14.055 [Test worker] DEBUG c.g.d.z.s.o.a.hc.client5.http.wire - http-outgoing-8 << "[\r][\n]"
2024-07-24 14:30:14.055 [Test worker] DEBUG c.g.d.z.s.o.a.hc.client5.http.wire - http-outgoing-8 << "0[\r][\n]"
2024-07-24 14:30:14.055 [Test worker] DEBUG c.g.d.z.s.o.a.hc.client5.http.wire - http-outgoing-8 << "[\r][\n]"
2024-07-24 14:30:14.055 [Test worker] DEBUG c.g.d.z.s.o.a.h.c.h.i.c.InternalHttpClient - ep-00000052: releasing valid endpoint
2024-07-24 14:30:14.055 [Test worker] DEBUG c.g.d.z.s.o.a.h.c.h.i.i.PoolingHttpClientConnectionManager - ep-00000052: releasing endpoint
2024-07-24 14:30:14.055 [Test worker] DEBUG c.g.d.z.s.o.a.h.c.h.i.i.PoolingHttpClientConnectionManager - ep-00000052: connection http-outgoing-8 can be kept alive for 3 MINUTES
2024-07-24 14:30:14.055 [Test worker] DEBUG c.g.d.z.s.o.a.h.c.h.i.i.PoolingHttpClientConnectionManager - ep-00000052: connection released [route: {}->npipe://localhost:2375][total available: 1; route allocated: 1 of 2147483647; total allocated: 1 of 2147483647]
2024-07-24 14:30:14.055 [Test worker] TRACE o.t.utility.ResourceReaper - Stopping container: f6824cc3e48beaf9093cc70aed8d31001c4b00cdd250e1cb64046aff093d4169
2024-07-24 14:30:14.055 [Test worker] DEBUG o.t.s.c.g.d.c.command.AbstrDockerCmd - Cmd: f6824cc3e48beaf9093cc70aed8d31001c4b00cdd250e1cb64046aff093d4169,<null>
2024-07-24 14:30:14.055 [Test worker] TRACE o.t.s.c.g.d.c.e.KillContainerCmdExec - POST: DefaultWebTarget{path=[/containers/f6824cc3e48beaf9093cc70aed8d31001c4b00cdd250e1cb64046aff093d4169/kill], queryParams={}}
2024-07-24 14:30:14.055 [Test worker] DEBUG c.g.d.z.s.o.a.h.c.h.i.c.InternalHttpClient - ex-00000054: preparing request execution
2024-07-24 14:30:14.056 [Test worker] DEBUG c.g.d.z.s.o.a.h.c.h.p.RequestAddCookies - Cookie spec selected: strict
2024-07-24 14:30:14.056 [Test worker] DEBUG c.g.d.z.s.o.a.h.c.h.p.RequestAuthCache - Auth cache not set in the context
2024-07-24 14:30:14.056 [Test worker] DEBUG c.g.d.z.s.o.a.h.c.h.i.c.ProtocolExec - ex-00000054: target auth state: UNCHALLENGED
2024-07-24 14:30:14.056 [Test worker] DEBUG c.g.d.z.s.o.a.h.c.h.i.c.ProtocolExec - ex-00000054: proxy auth state: UNCHALLENGED
2024-07-24 14:30:14.056 [Test worker] DEBUG c.g.d.z.s.o.a.h.c.h.i.c.ConnectExec - ex-00000054: acquiring connection with route {}->npipe://localhost:2375
2024-07-24 14:30:14.056 [Test worker] DEBUG c.g.d.z.s.o.a.h.c.h.i.c.InternalHttpClient - ex-00000054: acquiring endpoint (3 MINUTES)
2024-07-24 14:30:14.056 [Test worker] DEBUG c.g.d.z.s.o.a.h.c.h.i.i.PoolingHttpClientConnectionManager - ex-00000054: endpoint lease request (3 MINUTES) [route: {}->npipe://localhost:2375][total available: 1; route allocated: 1 of 2147483647; total allocated: 1 of 2147483647]
2024-07-24 14:30:14.056 [Test worker] DEBUG c.g.d.z.s.o.a.h.c.h.i.i.PoolingHttpClientConnectionManager - ex-00000054: endpoint leased [route: {}->npipe://localhost:2375][total available: 0; route allocated: 1 of 2147483647; total allocated: 1 of 2147483647]
2024-07-24 14:30:14.056 [Test worker] DEBUG c.g.d.z.s.o.a.h.c.h.i.i.PoolingHttpClientConnectionManager - ex-00000054: acquired ep-00000053
2024-07-24 14:30:14.056 [Test worker] DEBUG c.g.d.z.s.o.a.h.c.h.i.c.InternalHttpClient - ex-00000054: acquired endpoint ep-00000053
2024-07-24 14:30:14.056 [Test worker] DEBUG c.g.d.z.s.o.a.h.c.h.i.c.MainClientExec - ex-00000054: executing POST /v1.32/containers/f6824cc3e48beaf9093cc70aed8d31001c4b00cdd250e1cb64046aff093d4169/kill HTTP/1.1
2024-07-24 14:30:14.056 [Test worker] DEBUG c.g.d.z.s.o.a.h.c.h.i.c.InternalHttpClient - ep-00000053: start execution ex-00000054
2024-07-24 14:30:14.056 [Test worker] DEBUG c.g.d.z.s.o.a.h.c.h.i.i.PoolingHttpClientConnectionManager - ep-00000053: executing exchange ex-00000054 over http-outgoing-8
2024-07-24 14:30:14.056 [Test worker] DEBUG c.g.d.z.s.o.a.h.client5.http.headers - http-outgoing-8 >> POST /v1.32/containers/f6824cc3e48beaf9093cc70aed8d31001c4b00cdd250e1cb64046aff093d4169/kill HTTP/1.1
2024-07-24 14:30:14.056 [Test worker] DEBUG c.g.d.z.s.o.a.h.client5.http.headers - http-outgoing-8 >> accept: application/json
2024-07-24 14:30:14.056 [Test worker] DEBUG c.g.d.z.s.o.a.h.client5.http.headers - http-outgoing-8 >> content-type: application/json
2024-07-24 14:30:14.056 [Test worker] DEBUG c.g.d.z.s.o.a.h.client5.http.headers - http-outgoing-8 >> x-tc-sid: 280e6229-7396-4d60-b1e3-a5de48b5d49b
2024-07-24 14:30:14.056 [Test worker] DEBUG c.g.d.z.s.o.a.h.client5.http.headers - http-outgoing-8 >> User-Agent: tc-java/1.19.8
2024-07-24 14:30:14.056 [Test worker] DEBUG c.g.d.z.s.o.a.h.client5.http.headers - http-outgoing-8 >> Accept-Encoding: gzip, x-gzip, deflate
2024-07-24 14:30:14.056 [Test worker] DEBUG c.g.d.z.s.o.a.h.client5.http.headers - http-outgoing-8 >> Host: localhost:2375
2024-07-24 14:30:14.056 [Test worker] DEBUG c.g.d.z.s.o.a.h.client5.http.headers - http-outgoing-8 >> Connection: keep-alive
2024-07-24 14:30:14.056 [Test worker] DEBUG c.g.d.z.s.o.a.hc.client5.http.wire - http-outgoing-8 >> "POST /v1.32/containers/f6824cc3e48beaf9093cc70aed8d31001c4b00cdd250e1cb64046aff093d4169/kill HTTP/1.1[\r][\n]"
2024-07-24 14:30:14.056 [Test worker] DEBUG c.g.d.z.s.o.a.hc.client5.http.wire - http-outgoing-8 >> "accept: application/json[\r][\n]"
2024-07-24 14:30:14.056 [Test worker] DEBUG c.g.d.z.s.o.a.hc.client5.http.wire - http-outgoing-8 >> "content-type: application/json[\r][\n]"
2024-07-24 14:30:14.056 [Test worker] DEBUG c.g.d.z.s.o.a.hc.client5.http.wire - http-outgoing-8 >> "x-tc-sid: 280e6229-7396-4d60-b1e3-a5de48b5d49b[\r][\n]"
2024-07-24 14:30:14.056 [Test worker] DEBUG c.g.d.z.s.o.a.hc.client5.http.wire - http-outgoing-8 >> "User-Agent: tc-java/1.19.8[\r][\n]"
2024-07-24 14:30:14.056 [Test worker] DEBUG c.g.d.z.s.o.a.hc.client5.http.wire - http-outgoing-8 >> "Accept-Encoding: gzip, x-gzip, deflate[\r][\n]"
2024-07-24 14:30:14.056 [Test worker] DEBUG c.g.d.z.s.o.a.hc.client5.http.wire - http-outgoing-8 >> "Host: localhost:2375[\r][\n]"
2024-07-24 14:30:14.056 [Test worker] DEBUG c.g.d.z.s.o.a.hc.client5.http.wire - http-outgoing-8 >> "Connection: keep-alive[\r][\n]"
2024-07-24 14:30:14.056 [Test worker] DEBUG c.g.d.z.s.o.a.hc.client5.http.wire - http-outgoing-8 >> "[\r][\n]"
2024-07-24 14:30:14.633 [Test worker] DEBUG c.g.d.z.s.o.a.hc.client5.http.wire - http-outgoing-8 << "HTTP/1.1 204 No Content[\r][\n]"
2024-07-24 14:30:14.634 [Test worker] DEBUG c.g.d.z.s.o.a.hc.client5.http.wire - http-outgoing-8 << "Api-Version: 1.45[\r][\n]"
2024-07-24 14:30:14.634 [Test worker] DEBUG c.g.d.z.s.o.a.hc.client5.http.wire - http-outgoing-8 << "Date: Wed, 24 Jul 2024 02:30:14 GMT[\r][\n]"
2024-07-24 14:30:14.634 [Test worker] DEBUG c.g.d.z.s.o.a.hc.client5.http.wire - http-outgoing-8 << "Docker-Experimental: false[\r][\n]"
2024-07-24 14:30:14.634 [Test worker] DEBUG c.g.d.z.s.o.a.hc.client5.http.wire - http-outgoing-8 << "Ostype: linux[\r][\n]"
2024-07-24 14:30:14.634 [Test worker] DEBUG c.g.d.z.s.o.a.hc.client5.http.wire - http-outgoing-8 << "Server: Docker/26.0.0 (linux)[\r][\n]"
2024-07-24 14:30:14.634 [Test worker] DEBUG c.g.d.z.s.o.a.hc.client5.http.wire - http-outgoing-8 << "[\r][\n]"
2024-07-24 14:30:14.634 [Test worker] DEBUG c.g.d.z.s.o.a.h.client5.http.headers - http-outgoing-8 << HTTP/1.1 204 No Content
2024-07-24 14:30:14.634 [Test worker] DEBUG c.g.d.z.s.o.a.h.client5.http.headers - http-outgoing-8 << Api-Version: 1.45
2024-07-24 14:30:14.634 [Test worker] DEBUG c.g.d.z.s.o.a.h.client5.http.headers - http-outgoing-8 << Date: Wed, 24 Jul 2024 02:30:14 GMT
2024-07-24 14:30:14.634 [Test worker] DEBUG c.g.d.z.s.o.a.h.client5.http.headers - http-outgoing-8 << Docker-Experimental: false
2024-07-24 14:30:14.634 [Test worker] DEBUG c.g.d.z.s.o.a.h.client5.http.headers - http-outgoing-8 << Ostype: linux
2024-07-24 14:30:14.634 [Test worker] DEBUG c.g.d.z.s.o.a.h.client5.http.headers - http-outgoing-8 << Server: Docker/26.0.0 (linux)
2024-07-24 14:30:14.634 [Test worker] DEBUG c.g.d.z.s.o.a.h.c.h.i.c.MainClientExec - ex-00000054: connection can be kept alive for 3 MINUTES
2024-07-24 14:30:14.634 [Test worker] DEBUG c.g.d.z.s.o.a.h.c.h.i.c.InternalHttpClient - ep-00000053: releasing valid endpoint
2024-07-24 14:30:14.634 [Test worker] DEBUG c.g.d.z.s.o.a.h.c.h.i.i.PoolingHttpClientConnectionManager - ep-00000053: releasing endpoint
2024-07-24 14:30:14.634 [Test worker] DEBUG c.g.d.z.s.o.a.h.c.h.i.i.PoolingHttpClientConnectionManager - ep-00000053: connection http-outgoing-8 can be kept alive for 3 MINUTES
2024-07-24 14:30:14.634 [Test worker] DEBUG c.g.d.z.s.o.a.h.c.h.i.i.PoolingHttpClientConnectionManager - ep-00000053: connection released [route: {}->npipe://localhost:2375][total available: 1; route allocated: 1 of 2147483647; total allocated: 1 of 2147483647]
2024-07-24 14:30:14.634 [Test worker] TRACE o.t.utility.ResourceReaper - Stopped container: postgres:latest
2024-07-24 14:30:14.634 [Test worker] DEBUG o.t.s.c.g.d.c.command.AbstrDockerCmd - Cmd: f6824cc3e48beaf9093cc70aed8d31001c4b00cdd250e1cb64046aff093d4169,false
2024-07-24 14:30:14.635 [Test worker] DEBUG o.t.s.c.g.d.c.e.InspectContainerCmdExec - GET: DefaultWebTarget{path=[/containers/f6824cc3e48beaf9093cc70aed8d31001c4b00cdd250e1cb64046aff093d4169/json], queryParams={}}
2024-07-24 14:30:14.635 [Test worker] DEBUG c.g.d.z.s.o.a.h.c.h.i.c.InternalHttpClient - ex-00000055: preparing request execution
2024-07-24 14:30:14.635 [Test worker] DEBUG c.g.d.z.s.o.a.h.c.h.p.RequestAddCookies - Cookie spec selected: strict
2024-07-24 14:30:14.635 [Test worker] DEBUG c.g.d.z.s.o.a.h.c.h.p.RequestAuthCache - Auth cache not set in the context
2024-07-24 14:30:14.635 [Test worker] DEBUG c.g.d.z.s.o.a.h.c.h.i.c.ProtocolExec - ex-00000055: target auth state: UNCHALLENGED
2024-07-24 14:30:14.635 [Test worker] DEBUG c.g.d.z.s.o.a.h.c.h.i.c.ProtocolExec - ex-00000055: proxy auth state: UNCHALLENGED
2024-07-24 14:30:14.635 [Test worker] DEBUG c.g.d.z.s.o.a.h.c.h.i.c.ConnectExec - ex-00000055: acquiring connection with route {}->npipe://localhost:2375
2024-07-24 14:30:14.635 [Test worker] DEBUG c.g.d.z.s.o.a.h.c.h.i.c.InternalHttpClient - ex-00000055: acquiring endpoint (3 MINUTES)
2024-07-24 14:30:14.635 [Test worker] DEBUG c.g.d.z.s.o.a.h.c.h.i.i.PoolingHttpClientConnectionManager - ex-00000055: endpoint lease request (3 MINUTES) [route: {}->npipe://localhost:2375][total available: 1; route allocated: 1 of 2147483647; total allocated: 1 of 2147483647]
2024-07-24 14:30:14.635 [Test worker] DEBUG c.g.d.z.s.o.a.h.c.h.i.i.PoolingHttpClientConnectionManager - ex-00000055: endpoint leased [route: {}->npipe://localhost:2375][total available: 0; route allocated: 1 of 2147483647; total allocated: 1 of 2147483647]
2024-07-24 14:30:14.635 [Test worker] DEBUG c.g.d.z.s.o.a.h.c.h.i.i.PoolingHttpClientConnectionManager - ex-00000055: acquired ep-00000054
2024-07-24 14:30:14.635 [Test worker] DEBUG c.g.d.z.s.o.a.h.c.h.i.c.InternalHttpClient - ex-00000055: acquired endpoint ep-00000054
2024-07-24 14:30:14.635 [Test worker] DEBUG c.g.d.z.s.o.a.h.c.h.i.c.MainClientExec - ex-00000055: executing GET /v1.32/containers/f6824cc3e48beaf9093cc70aed8d31001c4b00cdd250e1cb64046aff093d4169/json HTTP/1.1
2024-07-24 14:30:14.635 [Test worker] DEBUG c.g.d.z.s.o.a.h.c.h.i.c.InternalHttpClient - ep-00000054: start execution ex-00000055
2024-07-24 14:30:14.635 [Test worker] DEBUG c.g.d.z.s.o.a.h.c.h.i.i.PoolingHttpClientConnectionManager - ep-00000054: executing exchange ex-00000055 over http-outgoing-8
2024-07-24 14:30:14.635 [Test worker] DEBUG c.g.d.z.s.o.a.h.client5.http.headers - http-outgoing-8 >> GET /v1.32/containers/f6824cc3e48beaf9093cc70aed8d31001c4b00cdd250e1cb64046aff093d4169/json HTTP/1.1
2024-07-24 14:30:14.635 [Test worker] DEBUG c.g.d.z.s.o.a.h.client5.http.headers - http-outgoing-8 >> accept: application/json
2024-07-24 14:30:14.635 [Test worker] DEBUG c.g.d.z.s.o.a.h.client5.http.headers - http-outgoing-8 >> x-tc-sid: 280e6229-7396-4d60-b1e3-a5de48b5d49b
2024-07-24 14:30:14.635 [Test worker] DEBUG c.g.d.z.s.o.a.h.client5.http.headers - http-outgoing-8 >> User-Agent: tc-java/1.19.8
2024-07-24 14:30:14.635 [Test worker] DEBUG c.g.d.z.s.o.a.h.client5.http.headers - http-outgoing-8 >> Accept-Encoding: gzip, x-gzip, deflate
2024-07-24 14:30:14.635 [Test worker] DEBUG c.g.d.z.s.o.a.h.client5.http.headers - http-outgoing-8 >> Host: localhost:2375
2024-07-24 14:30:14.635 [Test worker] DEBUG c.g.d.z.s.o.a.h.client5.http.headers - http-outgoing-8 >> Connection: keep-alive
2024-07-24 14:30:14.635 [Test worker] DEBUG c.g.d.z.s.o.a.hc.client5.http.wire - http-outgoing-8 >> "GET /v1.32/containers/f6824cc3e48beaf9093cc70aed8d31001c4b00cdd250e1cb64046aff093d4169/json HTTP/1.1[\r][\n]"
2024-07-24 14:30:14.635 [Test worker] DEBUG c.g.d.z.s.o.a.hc.client5.http.wire - http-outgoing-8 >> "accept: application/json[\r][\n]"
2024-07-24 14:30:14.635 [Test worker] DEBUG c.g.d.z.s.o.a.hc.client5.http.wire - http-outgoing-8 >> "x-tc-sid: 280e6229-7396-4d60-b1e3-a5de48b5d49b[\r][\n]"
2024-07-24 14:30:14.635 [Test worker] DEBUG c.g.d.z.s.o.a.hc.client5.http.wire - http-outgoing-8 >> "User-Agent: tc-java/1.19.8[\r][\n]"
2024-07-24 14:30:14.635 [Test worker] DEBUG c.g.d.z.s.o.a.hc.client5.http.wire - http-outgoing-8 >> "Accept-Encoding: gzip, x-gzip, deflate[\r][\n]"
2024-07-24 14:30:14.635 [Test worker] DEBUG c.g.d.z.s.o.a.hc.client5.http.wire - http-outgoing-8 >> "Host: localhost:2375[\r][\n]"
2024-07-24 14:30:14.635 [Test worker] DEBUG c.g.d.z.s.o.a.hc.client5.http.wire - http-outgoing-8 >> "Connection: keep-alive[\r][\n]"
2024-07-24 14:30:14.635 [Test worker] DEBUG c.g.d.z.s.o.a.hc.client5.http.wire - http-outgoing-8 >> "[\r][\n]"
2024-07-24 14:30:14.649 [Test worker] DEBUG c.g.d.z.s.o.a.hc.client5.http.wire - http-outgoing-8 << "HTTP/1.1 200 OK[\r][\n]"
2024-07-24 14:30:14.649 [Test worker] DEBUG c.g.d.z.s.o.a.hc.client5.http.wire - http-outgoing-8 << "Api-Version: 1.45[\r][\n]"
2024-07-24 14:30:14.649 [Test worker] DEBUG c.g.d.z.s.o.a.hc.client5.http.wire - http-outgoing-8 << "Content-Type: application/json[\r][\n]"
2024-07-24 14:30:14.649 [Test worker] DEBUG c.g.d.z.s.o.a.hc.client5.http.wire - http-outgoing-8 << "Date: Wed, 24 Jul 2024 02:30:14 GMT[\r][\n]"
2024-07-24 14:30:14.649 [Test worker] DEBUG c.g.d.z.s.o.a.hc.client5.http.wire - http-outgoing-8 << "Docker-Experimental: false[\r][\n]"
2024-07-24 14:30:14.649 [Test worker] DEBUG c.g.d.z.s.o.a.hc.client5.http.wire - http-outgoing-8 << "Ostype: linux[\r][\n]"
2024-07-24 14:30:14.649 [Test worker] DEBUG c.g.d.z.s.o.a.hc.client5.http.wire - http-outgoing-8 << "Server: Docker/26.0.0 (linux)[\r][\n]"
2024-07-24 14:30:14.649 [Test worker] DEBUG c.g.d.z.s.o.a.hc.client5.http.wire - http-outgoing-8 << "Transfer-Encoding: chunked[\r][\n]"
2024-07-24 14:30:14.649 [Test worker] DEBUG c.g.d.z.s.o.a.hc.client5.http.wire - http-outgoing-8 << "[\r][\n]"
2024-07-24 14:30:14.650 [Test worker] DEBUG c.g.d.z.s.o.a.h.client5.http.headers - http-outgoing-8 << HTTP/1.1 200 OK
2024-07-24 14:30:14.650 [Test worker] DEBUG c.g.d.z.s.o.a.h.client5.http.headers - http-outgoing-8 << Api-Version: 1.45
2024-07-24 14:30:14.650 [Test worker] DEBUG c.g.d.z.s.o.a.h.client5.http.headers - http-outgoing-8 << Content-Type: application/json
2024-07-24 14:30:14.650 [Test worker] DEBUG c.g.d.z.s.o.a.h.client5.http.headers - http-outgoing-8 << Date: Wed, 24 Jul 2024 02:30:14 GMT
2024-07-24 14:30:14.650 [Test worker] DEBUG c.g.d.z.s.o.a.h.client5.http.headers - http-outgoing-8 << Docker-Experimental: false
2024-07-24 14:30:14.650 [Test worker] DEBUG c.g.d.z.s.o.a.h.client5.http.headers - http-outgoing-8 << Ostype: linux
2024-07-24 14:30:14.650 [Test worker] DEBUG c.g.d.z.s.o.a.h.client5.http.headers - http-outgoing-8 << Server: Docker/26.0.0 (linux)
2024-07-24 14:30:14.650 [Test worker] DEBUG c.g.d.z.s.o.a.h.client5.http.headers - http-outgoing-8 << Transfer-Encoding: chunked
2024-07-24 14:30:14.650 [Test worker] DEBUG c.g.d.z.s.o.a.h.c.h.i.c.MainClientExec - ex-00000055: connection can be kept alive for 3 MINUTES
2024-07-24 14:30:14.651 [Test worker] DEBUG c.g.d.z.s.o.a.hc.client5.http.wire - http-outgoing-8 << "193d[\r][\n]"
2024-07-24 14:30:14.651 [Test worker] DEBUG c.g.d.z.s.o.a.hc.client5.http.wire - http-outgoing-8 << "{"Id":"f6824cc3e48beaf9093cc70aed8d31001c4b00cdd250e1cb64046aff093d4169","Created":"2024-07-24T02:30:11.988755723Z","Path":"docker-entrypoint.sh","Args":["postgres","-c","fsync=off"],"State":{"Status":"exited","Running":false,"Paused":false,"Restarting":false,"OOMKilled":false,"Dead":false,"Pid":0,"ExitCode":137,"Error":"","StartedAt":"2024-07-24T02:30:12.4726898Z","FinishedAt":"2024-07-24T02:30:14.090533454Z"},"Image":"sha256:8e4fc9e184899a58735e7ee333f5e272d7d2298cf59302006b71f33e217be130","ResolvConfPath":"/var/lib/docker/containers/f6824cc3e48beaf9093cc70aed8d31001c4b00cdd250e1cb64046aff093d4169/resolv.conf","HostnamePath":"/var/lib/docker/containers/f6824cc3e48beaf9093cc70aed8d31001c4b00cdd250e1cb64046aff093d4169/hostname","HostsPath":"/var/lib/docker/containers/f6824cc3e48beaf9093cc70aed8d31001c4b00cdd250e1cb64046aff093d4169/hosts","LogPath":"/var/lib/docker/containers/f6824cc3e48beaf9093cc70aed8d31001c4b00cdd250e1cb64046aff093d4169/f6824cc3e48beaf9093cc70aed8d31001c4b00cdd250e1cb64046aff093d4169-json.log","Name":"/blissful_gauss","RestartCount":0,"Driver":"overlay2","Platform":"linux","MountLabel":"","ProcessLabel":"","AppArmorProfile":"","ExecIDs":null,"HostConfig":{"Binds":[],"ContainerIDFile":"","LogConfig":{"Type":"json-file","Config":{}},"NetworkMode":"default","PortBindings":{"5432/tcp":[{"HostIp":"0.0.0.0","HostPort":"0"}]},"RestartPolicy":{"Name":"no","MaximumRetryCount":0},"AutoRemove":false,"VolumeDriver":"","VolumesFrom":[],"ConsoleSize":[0,0],"CapAdd":null,"CapDrop":null,"CgroupnsMode":"host","Dns":null,"DnsOptions":null,"DnsSearch":null,"ExtraHosts":[],"GroupAdd":null,"IpcMode":"shareable","Cgroup":"","Links":null,"OomScoreAdj":0,"PidMode":"","Privileged":false,"PublishAllPorts":false,"ReadonlyRootfs":false,"SecurityOpt":null,"UTSMode":"","UsernsMode":"","ShmSize":67108864,"Runtime":"runc","Isolation":"","CpuShares":0,"Memory":0,"NanoCpus":0,"CgroupParent":"","BlkioWeight":0,"BlkioWeightDevice":null,"BlkioDeviceReadBps":null,"BlkioDeviceWriteBps":null,"BlkioDeviceReadIOps":null,"BlkioDeviceWriteIOps":null,"CpuPeriod":0,"CpuQuota":0,"CpuRealtimePeriod":0,"CpuRealtimeRuntime":0,"CpusetCpus":"","CpusetMems":"","Devices":null,"DeviceCgroupRules":null,"DeviceRequests":null,"MemoryReservation":0,"MemorySwap":0,"MemorySwappiness":null,"OomKillDisable":false,"PidsLimit":null,"Ulimits":null,"CpuCount":0,"CpuPercent":0,"IOMaximumIOps":0,"IOMaximumBandwidth":0,"MaskedPaths":["/proc/asound","/proc/acpi","/proc/kcore","/proc/keys","/proc/latency_stats","/proc/timer_list","/proc/timer_stats","/proc/sched_debug","/proc/scsi","/sys/firmware","/sys/devices/virtual/powercap"],"ReadonlyPaths":["/proc/bus","/proc/fs","/proc/irq","/proc/sys","/proc/sysrq-trigger"]},"GraphDriver":{"Data":{"LowerDir":"/var/lib/docker/overlay2/6c129f1fe20127bbf5f6d4936694b973d9fc171a95509be50860acab587bd302-init/diff:/var/lib/docker/overlay2/8f0ddbd386af0785c2e348570516955816ab350305d698d363962d488eeb15ec/diff:/var/lib/docker/overlay2/0eb0ca73e9b0be7c3d7fa8762ef4778a68f38391bc84c037c2e90b88e781b475/diff:/var/lib/docker/overlay2/74e634bddc785c5d436b10a5158cd82e21dc2065fd1cf8ff9c1c12e01575a2d8/diff:/var/lib/docker/overlay2/bb918b2851cd2f508f1e3fdbfff8b7f8b041d61e65fe8c368288bf399e80b818/diff:/var/lib/docker/overlay2/2abab2946cbdc2941ee8ec4024c51dac7313dee9de5fbedd1ca33388c59eb3c8/diff:/var/lib/docker/overlay2/e12f6083ee669bd92743ceb339a896bb25dbe461b718705bb39eb410b80c0ecd/diff:/var/lib/docker/overlay2/ced1e86d670d097da5ed4da7288c22507735918959161c2cd8bf083fb30d169a/diff:/var/lib/docker/overlay2/94e9ac7b74923285ae73af20aeccb964ca9079e2305db367cb85d1603560472d/diff:/var/lib/docker/overlay2/a396b6dfd63f0c228c519871183c614cccf4d366a43460f27ecf97113c3c4be8/diff:/var/lib/docker/overlay2/f58ada5d5080c2bac553c734f81127660a90581a35ed2a92cebe3c59e340875b/diff:/var/lib/docker/overlay2/84f85636f37bf55d945e217b4f87a856eba7932284beaf042561007b66f48977/diff:/var/lib/docker/overlay2/1e6e519613884e91a2b74a588ba35dc8a2f789371ab798ef6e7d9836d756042f/diff:/var/lib/docker/overlay2/14a3151cc8b4f9d27d2e64f1a8abc0c7809309580f2d7e8dc8545055c1d56194/diff:/var/li"
2024-07-24 14:30:14.651 [Test worker] DEBUG c.g.d.z.s.o.a.hc.client5.http.wire - http-outgoing-8 << "b/docker/overlay2/5b354b9e793401517fe2f1da697653fdaadffc54888eaf76d67e0600b8c68bdc/diff","MergedDir":"/var/lib/docker/overlay2/6c129f1fe20127bbf5f6d4936694b973d9fc171a95509be50860acab587bd302/merged","UpperDir":"/var/lib/docker/overlay2/6c129f1fe20127bbf5f6d4936694b973d9fc171a95509be50860acab587bd302/diff","WorkDir":"/var/lib/docker/overlay2/6c129f1fe20127bbf5f6d4936694b973d9fc171a95509be50860acab587bd302/work"},"Name":"overlay2"},"Mounts":[{"Type":"volume","Name":"997ab324db5fb154482a3281a24cff6a5a39616ecd8a2823fadf0303dce11035","Source":"/var/lib/docker/volumes/997ab324db5fb154482a3281a24cff6a5a39616ecd8a2823fadf0303dce11035/_data","Destination":"/var/lib/postgresql/data","Driver":"local","Mode":"","RW":true,"Propagation":""}],"Config":{"Hostname":"f6824cc3e48b","Domainname":"","User":"","AttachStdin":false,"AttachStdout":false,"AttachStderr":false,"ExposedPorts":{"5432/tcp":{}},"Tty":false,"OpenStdin":false,"StdinOnce":false,"Env":["POSTGRES_USER=user","POSTGRES_PASSWORD=password","POSTGRES_DB=db","PATH=/usr/local/sbin:/usr/local/bin:/usr/sbin:/usr/bin:/sbin:/bin:/usr/lib/postgresql/16/bin","GOSU_VERSION=1.17","LANG=en_US.utf8","PG_MAJOR=16","PG_VERSION=16.2-1.pgdg120+2","PGDATA=/var/lib/postgresql/data"],"Cmd":["postgres","-c","fsync=off"],"Image":"postgres:latest","Volumes":{"/var/lib/postgresql/data":{}},"WorkingDir":"","Entrypoint":["docker-entrypoint.sh"],"OnBuild":null,"Labels":{"org.testcontainers":"true","org.testcontainers.lang":"java","org.testcontainers.sessionId":"280e6229-7396-4d60-b1e3-a5de48b5d49b","org.testcontainers.version":"1.19.8"},"StopSignal":"SIGINT"},"NetworkSettings":{"Bridge":"","SandboxID":"d1c784fd5d2aa5086833d71b3dec9153488b6076a614e1f0968c4a34b89086ec","SandboxKey":"/var/run/docker/netns/d1c784fd5d2a","Ports":{},"HairpinMode":false,"LinkLocalIPv6Address":"","LinkLocalIPv6PrefixLen":0,"SecondaryIPAddresses":null,"SecondaryIPv6Addresses":null,"EndpointID":"","Gateway":"","GlobalIPv6Address":"","GlobalIPv6PrefixLen":0,"IPAddress":"","IPPrefixLen":0,"IPv6Gateway":"","MacAddress":"","Networks":{"bridge":{"IPAMConfig":null,"Links":null,"Aliases":null,"MacAddress":"","NetworkID":"3c842496be344cbdae878c1dee0957e7bc7c0a2236009c92752030f2b053e72f","EndpointID":"","Gateway":"","IPAddress":"","IPPrefixLen":0,"IPv6Gateway":"","GlobalIPv6Address":"","GlobalIPv6PrefixLen":0,"DriverOpts":null,"DNSNames":null}}}}[\n]"
2024-07-24 14:30:14.653 [Test worker] DEBUG c.g.d.z.s.o.a.hc.client5.http.wire - http-outgoing-8 << "[\r][\n]"
2024-07-24 14:30:14.653 [Test worker] DEBUG c.g.d.z.s.o.a.hc.client5.http.wire - http-outgoing-8 << "0[\r][\n]"
2024-07-24 14:30:14.653 [Test worker] DEBUG c.g.d.z.s.o.a.hc.client5.http.wire - http-outgoing-8 << "[\r][\n]"
2024-07-24 14:30:14.653 [Test worker] DEBUG c.g.d.z.s.o.a.h.c.h.i.c.InternalHttpClient - ep-00000054: releasing valid endpoint
2024-07-24 14:30:14.653 [Test worker] DEBUG c.g.d.z.s.o.a.h.c.h.i.i.PoolingHttpClientConnectionManager - ep-00000054: releasing endpoint
2024-07-24 14:30:14.653 [Test worker] DEBUG c.g.d.z.s.o.a.h.c.h.i.i.PoolingHttpClientConnectionManager - ep-00000054: connection http-outgoing-8 can be kept alive for 3 MINUTES
2024-07-24 14:30:14.653 [Test worker] DEBUG c.g.d.z.s.o.a.h.c.h.i.i.PoolingHttpClientConnectionManager - ep-00000054: connection released [route: {}->npipe://localhost:2375][total available: 1; route allocated: 1 of 2147483647; total allocated: 1 of 2147483647]
2024-07-24 14:30:14.653 [Test worker] TRACE o.t.utility.ResourceReaper - Removing container: f6824cc3e48beaf9093cc70aed8d31001c4b00cdd250e1cb64046aff093d4169
2024-07-24 14:30:14.653 [Test worker] DEBUG o.t.s.c.g.d.c.command.AbstrDockerCmd - Cmd: f6824cc3e48beaf9093cc70aed8d31001c4b00cdd250e1cb64046aff093d4169,true,true
2024-07-24 14:30:14.653 [Test worker] TRACE o.t.s.c.g.d.c.e.RemoveContainerCmdExec - DELETE: DefaultWebTarget{path=[/containers/f6824cc3e48beaf9093cc70aed8d31001c4b00cdd250e1cb64046aff093d4169], queryParams={v=[true], force=[true]}}
2024-07-24 14:30:14.653 [Test worker] DEBUG c.g.d.z.s.o.a.h.c.h.i.c.InternalHttpClient - ex-00000056: preparing request execution
2024-07-24 14:30:14.654 [Test worker] DEBUG c.g.d.z.s.o.a.h.c.h.p.RequestAddCookies - Cookie spec selected: strict
2024-07-24 14:30:14.654 [Test worker] DEBUG c.g.d.z.s.o.a.h.c.h.p.RequestAuthCache - Auth cache not set in the context
2024-07-24 14:30:14.654 [Test worker] DEBUG c.g.d.z.s.o.a.h.c.h.i.c.ProtocolExec - ex-00000056: target auth state: UNCHALLENGED
2024-07-24 14:30:14.654 [Test worker] DEBUG c.g.d.z.s.o.a.h.c.h.i.c.ProtocolExec - ex-00000056: proxy auth state: UNCHALLENGED
2024-07-24 14:30:14.654 [Test worker] DEBUG c.g.d.z.s.o.a.h.c.h.i.c.ConnectExec - ex-00000056: acquiring connection with route {}->npipe://localhost:2375
2024-07-24 14:30:14.654 [Test worker] DEBUG c.g.d.z.s.o.a.h.c.h.i.c.InternalHttpClient - ex-00000056: acquiring endpoint (3 MINUTES)
2024-07-24 14:30:14.654 [Test worker] DEBUG c.g.d.z.s.o.a.h.c.h.i.i.PoolingHttpClientConnectionManager - ex-00000056: endpoint lease request (3 MINUTES) [route: {}->npipe://localhost:2375][total available: 1; route allocated: 1 of 2147483647; total allocated: 1 of 2147483647]
2024-07-24 14:30:14.654 [Test worker] DEBUG c.g.d.z.s.o.a.h.c.h.i.i.PoolingHttpClientConnectionManager - ex-00000056: endpoint leased [route: {}->npipe://localhost:2375][total available: 0; route allocated: 1 of 2147483647; total allocated: 1 of 2147483647]
2024-07-24 14:30:14.654 [Test worker] DEBUG c.g.d.z.s.o.a.h.c.h.i.i.PoolingHttpClientConnectionManager - ex-00000056: acquired ep-00000055
2024-07-24 14:30:14.654 [Test worker] DEBUG c.g.d.z.s.o.a.h.c.h.i.c.InternalHttpClient - ex-00000056: acquired endpoint ep-00000055
2024-07-24 14:30:14.654 [Test worker] DEBUG c.g.d.z.s.o.a.h.c.h.i.c.MainClientExec - ex-00000056: executing DELETE /v1.32/containers/f6824cc3e48beaf9093cc70aed8d31001c4b00cdd250e1cb64046aff093d4169?v=true&force=true HTTP/1.1
2024-07-24 14:30:14.654 [Test worker] DEBUG c.g.d.z.s.o.a.h.c.h.i.c.InternalHttpClient - ep-00000055: start execution ex-00000056
2024-07-24 14:30:14.654 [Test worker] DEBUG c.g.d.z.s.o.a.h.c.h.i.i.PoolingHttpClientConnectionManager - ep-00000055: executing exchange ex-00000056 over http-outgoing-8
2024-07-24 14:30:14.654 [Test worker] DEBUG c.g.d.z.s.o.a.h.client5.http.headers - http-outgoing-8 >> DELETE /v1.32/containers/f6824cc3e48beaf9093cc70aed8d31001c4b00cdd250e1cb64046aff093d4169?v=true&force=true HTTP/1.1
2024-07-24 14:30:14.654 [Test worker] DEBUG c.g.d.z.s.o.a.h.client5.http.headers - http-outgoing-8 >> accept: application/json
2024-07-24 14:30:14.654 [Test worker] DEBUG c.g.d.z.s.o.a.h.client5.http.headers - http-outgoing-8 >> x-tc-sid: 280e6229-7396-4d60-b1e3-a5de48b5d49b
2024-07-24 14:30:14.654 [Test worker] DEBUG c.g.d.z.s.o.a.h.client5.http.headers - http-outgoing-8 >> User-Agent: tc-java/1.19.8
2024-07-24 14:30:14.654 [Test worker] DEBUG c.g.d.z.s.o.a.h.client5.http.headers - http-outgoing-8 >> Accept-Encoding: gzip, x-gzip, deflate
2024-07-24 14:30:14.654 [Test worker] DEBUG c.g.d.z.s.o.a.h.client5.http.headers - http-outgoing-8 >> Host: localhost:2375
2024-07-24 14:30:14.654 [Test worker] DEBUG c.g.d.z.s.o.a.h.client5.http.headers - http-outgoing-8 >> Connection: keep-alive
2024-07-24 14:30:14.654 [Test worker] DEBUG c.g.d.z.s.o.a.hc.client5.http.wire - http-outgoing-8 >> "DELETE /v1.32/containers/f6824cc3e48beaf9093cc70aed8d31001c4b00cdd250e1cb64046aff093d4169?v=true&force=true HTTP/1.1[\r][\n]"
2024-07-24 14:30:14.654 [Test worker] DEBUG c.g.d.z.s.o.a.hc.client5.http.wire - http-outgoing-8 >> "accept: application/json[\r][\n]"
2024-07-24 14:30:14.654 [Test worker] DEBUG c.g.d.z.s.o.a.hc.client5.http.wire - http-outgoing-8 >> "x-tc-sid: 280e6229-7396-4d60-b1e3-a5de48b5d49b[\r][\n]"
2024-07-24 14:30:14.654 [Test worker] DEBUG c.g.d.z.s.o.a.hc.client5.http.wire - http-outgoing-8 >> "User-Agent: tc-java/1.19.8[\r][\n]"
2024-07-24 14:30:14.654 [Test worker] DEBUG c.g.d.z.s.o.a.hc.client5.http.wire - http-outgoing-8 >> "Accept-Encoding: gzip, x-gzip, deflate[\r][\n]"
2024-07-24 14:30:14.654 [Test worker] DEBUG c.g.d.z.s.o.a.hc.client5.http.wire - http-outgoing-8 >> "Host: localhost:2375[\r][\n]"
2024-07-24 14:30:14.654 [Test worker] DEBUG c.g.d.z.s.o.a.hc.client5.http.wire - http-outgoing-8 >> "Connection: keep-alive[\r][\n]"
2024-07-24 14:30:14.654 [Test worker] DEBUG c.g.d.z.s.o.a.hc.client5.http.wire - http-outgoing-8 >> "[\r][\n]"
2024-07-24 14:30:14.727 [Test worker] DEBUG c.g.d.z.s.o.a.hc.client5.http.wire - http-outgoing-8 << "HTTP/1.1 204 No Content[\r][\n]"
2024-07-24 14:30:14.727 [Test worker] DEBUG c.g.d.z.s.o.a.hc.client5.http.wire - http-outgoing-8 << "Api-Version: 1.45[\r][\n]"
2024-07-24 14:30:14.727 [Test worker] DEBUG c.g.d.z.s.o.a.hc.client5.http.wire - http-outgoing-8 << "Date: Wed, 24 Jul 2024 02:30:14 GMT[\r][\n]"
2024-07-24 14:30:14.727 [Test worker] DEBUG c.g.d.z.s.o.a.hc.client5.http.wire - http-outgoing-8 << "Docker-Experimental: false[\r][\n]"
2024-07-24 14:30:14.727 [Test worker] DEBUG c.g.d.z.s.o.a.hc.client5.http.wire - http-outgoing-8 << "Ostype: linux[\r][\n]"
2024-07-24 14:30:14.727 [Test worker] DEBUG c.g.d.z.s.o.a.hc.client5.http.wire - http-outgoing-8 << "Server: Docker/26.0.0 (linux)[\r][\n]"
2024-07-24 14:30:14.727 [Test worker] DEBUG c.g.d.z.s.o.a.hc.client5.http.wire - http-outgoing-8 << "[\r][\n]"
2024-07-24 14:30:14.727 [Test worker] DEBUG c.g.d.z.s.o.a.h.client5.http.headers - http-outgoing-8 << HTTP/1.1 204 No Content
2024-07-24 14:30:14.727 [Test worker] DEBUG c.g.d.z.s.o.a.h.client5.http.headers - http-outgoing-8 << Api-Version: 1.45
2024-07-24 14:30:14.727 [Test worker] DEBUG c.g.d.z.s.o.a.h.client5.http.headers - http-outgoing-8 << Date: Wed, 24 Jul 2024 02:30:14 GMT
2024-07-24 14:30:14.727 [Test worker] DEBUG c.g.d.z.s.o.a.h.client5.http.headers - http-outgoing-8 << Docker-Experimental: false
2024-07-24 14:30:14.727 [Test worker] DEBUG c.g.d.z.s.o.a.h.client5.http.headers - http-outgoing-8 << Ostype: linux
2024-07-24 14:30:14.727 [Test worker] DEBUG c.g.d.z.s.o.a.h.client5.http.headers - http-outgoing-8 << Server: Docker/26.0.0 (linux)
2024-07-24 14:30:14.727 [Test worker] DEBUG c.g.d.z.s.o.a.h.c.h.i.c.MainClientExec - ex-00000056: connection can be kept alive for 3 MINUTES
2024-07-24 14:30:14.727 [Test worker] DEBUG c.g.d.z.s.o.a.h.c.h.i.c.InternalHttpClient - ep-00000055: releasing valid endpoint
2024-07-24 14:30:14.727 [Test worker] DEBUG c.g.d.z.s.o.a.h.c.h.i.i.PoolingHttpClientConnectionManager - ep-00000055: releasing endpoint
2024-07-24 14:30:14.727 [Test worker] DEBUG c.g.d.z.s.o.a.h.c.h.i.i.PoolingHttpClientConnectionManager - ep-00000055: connection http-outgoing-8 can be kept alive for 3 MINUTES
2024-07-24 14:30:14.727 [Test worker] DEBUG c.g.d.z.s.o.a.h.c.h.i.i.PoolingHttpClientConnectionManager - ep-00000055: connection released [route: {}->npipe://localhost:2375][total available: 1; route allocated: 1 of 2147483647; total allocated: 1 of 2147483647]
2024-07-24 14:30:14.728 [Test worker] DEBUG o.t.utility.ResourceReaper - Removed container and associated volume(s): postgres:latest
2024-07-24 14:30:14.729 [Test worker] DEBUG o.t.u.PrefixingImageNameSubstitutor - No prefix is configured
2024-07-24 14:30:14.729 [Test worker] DEBUG o.t.utility.ImageNameSubstitutor - Did not find a substitute image for postgres:latest (using image substitutor: DefaultImageNameSubstitutor (composite of 'ConfigurationFileImageNameSubstitutor' and 'PrefixingImageNameSubstitutor'))
2024-07-24 14:30:14.729 [Test worker] TRACE tc.postgres:latest - postgres:latest is already in image name cache
2024-07-24 14:30:14.729 [Test worker] DEBUG o.t.images.AbstractImagePullPolicy - Using locally available and not pulling image: postgres:latest
2024-07-24 14:30:14.729 [Test worker] DEBUG tc.postgres:latest - Starting container: postgres:latest
2024-07-24 14:30:14.729 [Test worker] DEBUG tc.postgres:latest - Trying to start container: postgres:latest (attempt 1/1)
2024-07-24 14:30:14.729 [Test worker] DEBUG tc.postgres:latest - Starting container: postgres:latest
2024-07-24 14:30:14.729 [Test worker] INFO  tc.postgres:latest - Creating container for image: postgres:latest
2024-07-24 14:30:14.729 [Test worker] DEBUG o.t.utility.RegistryAuthLocator - Looking up auth config for image: postgres:latest at registry: https://index.docker.io/v1/
2024-07-24 14:30:14.729 [Test worker] DEBUG o.t.utility.RegistryAuthLocator - No matching Auth Configs - falling back to defaultAuthConfig [null]
2024-07-24 14:30:14.729 [Test worker] DEBUG o.t.d.AuthDelegatingDockerClientConfig - Effective auth config [null]
2024-07-24 14:30:14.729 [Test worker] DEBUG o.t.s.c.g.d.c.command.AbstrDockerCmd - Cmd: org.testcontainers.shaded.com.github.dockerjava.core.command.CreateContainerCmdImpl@69364b2d[aliases=<null>,argsEscaped=<null>,attachStderr=<null>,attachStdin=<null>,attachStdout=<null>,authConfig=<null>,cmd={postgres,-c,fsync=off},domainName=<null>,entrypoint=<null>,env={POSTGRES_USER=user,POSTGRES_PASSWORD=password,POSTGRES_DB=db},exposedPorts=ExposedPorts(exposedPorts=[5432/tcp]),healthcheck=<null>,hostConfig=HostConfig(binds=[], blkioWeight=null, blkioWeightDevice=null, blkioDeviceReadBps=null, blkioDeviceWriteBps=null, blkioDeviceReadIOps=null, blkioDeviceWriteIOps=null, memorySwappiness=null, nanoCPUs=null, capAdd=null, capDrop=null, containerIDFile=null, cpuPeriod=null, cpuRealtimePeriod=null, cpuRealtimeRuntime=null, cpuShares=null, cpuQuota=null, cpusetCpus=null, cpusetMems=null, devices=null, deviceCgroupRules=null, deviceRequests=null, diskQuota=null, dns=null, dnsOptions=null, dnsSearch=null, extraHosts=[], groupAdd=null, ipcMode=null, cgroup=null, links=[], logConfig=LogConfig(type=null, config=null), lxcConf=null, memory=null, memorySwap=null, memoryReservation=null, kernelMemory=null, networkMode=null, oomKillDisable=null, init=null, autoRemove=null, oomScoreAdj=null, portBindings={5432/tcp=[Lcom.github.dockerjava.api.model.Ports$Binding;@7bbcf6f0}, privileged=null, publishAllPorts=null, readonlyRootfs=null, restartPolicy=null, ulimits=null, cpuCount=null, cpuPercent=null, ioMaximumIOps=null, ioMaximumBandwidth=null, volumesFrom=[], mounts=null, pidMode=null, isolation=null, securityOpts=null, storageOpt=null, cgroupParent=null, volumeDriver=null, shmSize=null, pidsLimit=null, runtime=null, tmpFs=null, utSMode=null, usernsMode=null, sysctls=null, consoleSize=null, cgroupnsMode=null),hostName=<null>,image=postgres:latest,ipv4Address=<null>,ipv6Address=<null>,labels={org.testcontainers=true, org.testcontainers.lang=java, org.testcontainers.version=1.19.8, org.testcontainers.sessionId=280e6229-7396-4d60-b1e3-a5de48b5d49b},macAddress=<null>,name=<null>,networkDisabled=<null>,networkingConfig=<null>,onBuild=<null>,platform=<null>,portSpecs=<null>,shell=<null>,stdInOnce=<null>,stdinOpen=<null>,stopSignal=<null>,stopTimeout=<null>,tty=<null>,user=<null>,volumes=Volumes(volumes=[]),workingDir=<null>]
2024-07-24 14:30:14.730 [Test worker] TRACE o.t.s.c.g.d.c.e.CreateContainerCmdExec - POST: DefaultWebTarget{path=[/containers/create], queryParams={}} 
2024-07-24 14:30:14.731 [Test worker] DEBUG c.g.d.z.s.o.a.h.c.h.i.c.InternalHttpClient - ex-00000057: preparing request execution
2024-07-24 14:30:14.731 [Test worker] DEBUG c.g.d.z.s.o.a.h.c.h.p.RequestAddCookies - Cookie spec selected: strict
2024-07-24 14:30:14.731 [Test worker] DEBUG c.g.d.z.s.o.a.h.c.h.p.RequestAuthCache - Auth cache not set in the context
2024-07-24 14:30:14.731 [Test worker] DEBUG c.g.d.z.s.o.a.h.c.h.i.c.ProtocolExec - ex-00000057: target auth state: UNCHALLENGED
2024-07-24 14:30:14.731 [Test worker] DEBUG c.g.d.z.s.o.a.h.c.h.i.c.ProtocolExec - ex-00000057: proxy auth state: UNCHALLENGED
2024-07-24 14:30:14.731 [Test worker] DEBUG c.g.d.z.s.o.a.h.c.h.i.c.ConnectExec - ex-00000057: acquiring connection with route {}->npipe://localhost:2375
2024-07-24 14:30:14.731 [Test worker] DEBUG c.g.d.z.s.o.a.h.c.h.i.c.InternalHttpClient - ex-00000057: acquiring endpoint (3 MINUTES)
2024-07-24 14:30:14.731 [Test worker] DEBUG c.g.d.z.s.o.a.h.c.h.i.i.PoolingHttpClientConnectionManager - ex-00000057: endpoint lease request (3 MINUTES) [route: {}->npipe://localhost:2375][total available: 1; route allocated: 1 of 2147483647; total allocated: 1 of 2147483647]
2024-07-24 14:30:14.731 [Test worker] DEBUG c.g.d.z.s.o.a.h.c.h.i.i.PoolingHttpClientConnectionManager - ex-00000057: endpoint leased [route: {}->npipe://localhost:2375][total available: 0; route allocated: 1 of 2147483647; total allocated: 1 of 2147483647]
2024-07-24 14:30:14.731 [Test worker] DEBUG c.g.d.z.s.o.a.h.c.h.i.i.PoolingHttpClientConnectionManager - ex-00000057: acquired ep-00000056
2024-07-24 14:30:14.731 [Test worker] DEBUG c.g.d.z.s.o.a.h.c.h.i.c.InternalHttpClient - ex-00000057: acquired endpoint ep-00000056
2024-07-24 14:30:14.731 [Test worker] DEBUG c.g.d.z.s.o.a.h.c.h.i.c.MainClientExec - ex-00000057: executing POST /v1.32/containers/create HTTP/1.1
2024-07-24 14:30:14.731 [Test worker] DEBUG c.g.d.z.s.o.a.h.c.h.i.c.InternalHttpClient - ep-00000056: start execution ex-00000057
2024-07-24 14:30:14.731 [Test worker] DEBUG c.g.d.z.s.o.a.h.c.h.i.i.PoolingHttpClientConnectionManager - ep-00000056: executing exchange ex-00000057 over http-outgoing-8
2024-07-24 14:30:14.731 [Test worker] DEBUG c.g.d.z.s.o.a.h.client5.http.headers - http-outgoing-8 >> POST /v1.32/containers/create HTTP/1.1
2024-07-24 14:30:14.731 [Test worker] DEBUG c.g.d.z.s.o.a.h.client5.http.headers - http-outgoing-8 >> accept: application/json
2024-07-24 14:30:14.731 [Test worker] DEBUG c.g.d.z.s.o.a.h.client5.http.headers - http-outgoing-8 >> content-type: application/json
2024-07-24 14:30:14.731 [Test worker] DEBUG c.g.d.z.s.o.a.h.client5.http.headers - http-outgoing-8 >> x-tc-sid: 280e6229-7396-4d60-b1e3-a5de48b5d49b
2024-07-24 14:30:14.731 [Test worker] DEBUG c.g.d.z.s.o.a.h.client5.http.headers - http-outgoing-8 >> User-Agent: tc-java/1.19.8
2024-07-24 14:30:14.731 [Test worker] DEBUG c.g.d.z.s.o.a.h.client5.http.headers - http-outgoing-8 >> Accept-Encoding: gzip, x-gzip, deflate
2024-07-24 14:30:14.731 [Test worker] DEBUG c.g.d.z.s.o.a.h.client5.http.headers - http-outgoing-8 >> Content-Length: 2061
2024-07-24 14:30:14.731 [Test worker] DEBUG c.g.d.z.s.o.a.h.client5.http.headers - http-outgoing-8 >> Host: localhost:2375
2024-07-24 14:30:14.731 [Test worker] DEBUG c.g.d.z.s.o.a.h.client5.http.headers - http-outgoing-8 >> Connection: keep-alive
2024-07-24 14:30:14.731 [Test worker] DEBUG c.g.d.z.s.o.a.hc.client5.http.wire - http-outgoing-8 >> "POST /v1.32/containers/create HTTP/1.1[\r][\n]"
2024-07-24 14:30:14.731 [Test worker] DEBUG c.g.d.z.s.o.a.hc.client5.http.wire - http-outgoing-8 >> "accept: application/json[\r][\n]"
2024-07-24 14:30:14.731 [Test worker] DEBUG c.g.d.z.s.o.a.hc.client5.http.wire - http-outgoing-8 >> "content-type: application/json[\r][\n]"
2024-07-24 14:30:14.731 [Test worker] DEBUG c.g.d.z.s.o.a.hc.client5.http.wire - http-outgoing-8 >> "x-tc-sid: 280e6229-7396-4d60-b1e3-a5de48b5d49b[\r][\n]"
2024-07-24 14:30:14.731 [Test worker] DEBUG c.g.d.z.s.o.a.hc.client5.http.wire - http-outgoing-8 >> "User-Agent: tc-java/1.19.8[\r][\n]"
2024-07-24 14:30:14.731 [Test worker] DEBUG c.g.d.z.s.o.a.hc.client5.http.wire - http-outgoing-8 >> "Accept-Encoding: gzip, x-gzip, deflate[\r][\n]"
2024-07-24 14:30:14.731 [Test worker] DEBUG c.g.d.z.s.o.a.hc.client5.http.wire - http-outgoing-8 >> "Content-Length: 2061[\r][\n]"
2024-07-24 14:30:14.731 [Test worker] DEBUG c.g.d.z.s.o.a.hc.client5.http.wire - http-outgoing-8 >> "Host: localhost:2375[\r][\n]"
2024-07-24 14:30:14.731 [Test worker] DEBUG c.g.d.z.s.o.a.hc.client5.http.wire - http-outgoing-8 >> "Connection: keep-alive[\r][\n]"
2024-07-24 14:30:14.731 [Test worker] DEBUG c.g.d.z.s.o.a.hc.client5.http.wire - http-outgoing-8 >> "[\r][\n]"
2024-07-24 14:30:14.731 [Test worker] DEBUG c.g.d.z.s.o.a.hc.client5.http.wire - http-outgoing-8 >> "{"Hostname":null,"Domainname":null,"User":null,"AttachStdin":null,"AttachStdout":null,"AttachStderr":null,"PortSpecs":null,"Tty":null,"OpenStdin":null,"StdinOnce":null,"Env":["POSTGRES_USER=user","POSTGRES_PASSWORD=password","POSTGRES_DB=db"],"Cmd":["postgres","-c","fsync=off"],"Healthcheck":null,"ArgsEscaped":null,"Entrypoint":null,"Image":"postgres:latest","Volumes":{},"WorkingDir":null,"MacAddress":null,"OnBuild":null,"NetworkDisabled":null,"ExposedPorts":{"5432/tcp":{}},"StopSignal":null,"StopTimeout":null,"HostConfig":{"Binds":[],"BlkioWeight":null,"BlkioWeightDevice":null,"BlkioDeviceReadBps":null,"BlkioDeviceWriteBps":null,"BlkioDeviceReadIOps":null,"BlkioDeviceWriteIOps":null,"MemorySwappiness":null,"NanoCpus":null,"CapAdd":null,"CapDrop":null,"ContainerIDFile":null,"CpuPeriod":null,"CpuRealtimePeriod":null,"CpuRealtimeRuntime":null,"CpuShares":null,"CpuQuota":null,"CpusetCpus":null,"CpusetMems":null,"Devices":null,"DeviceCgroupRules":null,"DeviceRequests":null,"DiskQuota":null,"Dns":null,"DnsOptions":null,"DnsSearch":null,"ExtraHosts":[],"GroupAdd":null,"IpcMode":null,"Cgroup":null,"Links":[],"LogConfig":null,"LxcConf":null,"Memory":null,"MemorySwap":null,"MemoryReservation":null,"KernelMemory":null,"NetworkMode":null,"OomKillDisable":null,"Init":null,"AutoRemove":null,"OomScoreAdj":null,"PortBindings":{"5432/tcp":[{"HostIp":"","HostPort":""}]},"Privileged":null,"PublishAllPorts":null,"ReadonlyRootfs":null,"RestartPolicy":null,"Ulimits":null,"CpuCount":null,"CpuPercent":null,"IOMaximumIOps":null,"IOMaximumBandwidth":null,"VolumesFrom":[],"Mounts":null,"PidMode":null,"Isolation":null,"SecurityOpt":null,"StorageOpt":null,"CgroupParent":null,"VolumeDriver":null,"ShmSize":null,"PidsLimit":null,"Runtime":null,"Tmpfs":null,"UTSMode":null,"UsernsMode":null,"Sysctls":null,"ConsoleSize":null,"CgroupnsMode":null},"Labels":{"org.testcontainers":"true","org.testcontainers.lang":"java","org.testcontainers.version":"1.19.8","org.testcontainers.sessionId":"280e6229-7396-4d60-b1e3-a5de48b5d49b"},"Shell":null,"NetworkingConfig":null}"
2024-07-24 14:30:14.874 [Test worker] DEBUG c.g.d.z.s.o.a.hc.client5.http.wire - http-outgoing-8 << "HTTP/1.1 201 Created[\r][\n]"
2024-07-24 14:30:14.874 [Test worker] DEBUG c.g.d.z.s.o.a.hc.client5.http.wire - http-outgoing-8 << "Api-Version: 1.45[\r][\n]"
2024-07-24 14:30:14.874 [Test worker] DEBUG c.g.d.z.s.o.a.hc.client5.http.wire - http-outgoing-8 << "Content-Type: application/json[\r][\n]"
2024-07-24 14:30:14.874 [Test worker] DEBUG c.g.d.z.s.o.a.hc.client5.http.wire - http-outgoing-8 << "Date: Wed, 24 Jul 2024 02:30:14 GMT[\r][\n]"
2024-07-24 14:30:14.874 [Test worker] DEBUG c.g.d.z.s.o.a.hc.client5.http.wire - http-outgoing-8 << "Docker-Experimental: false[\r][\n]"
2024-07-24 14:30:14.874 [Test worker] DEBUG c.g.d.z.s.o.a.hc.client5.http.wire - http-outgoing-8 << "Ostype: linux[\r][\n]"
2024-07-24 14:30:14.874 [Test worker] DEBUG c.g.d.z.s.o.a.hc.client5.http.wire - http-outgoing-8 << "Server: Docker/26.0.0 (linux)[\r][\n]"
2024-07-24 14:30:14.874 [Test worker] DEBUG c.g.d.z.s.o.a.hc.client5.http.wire - http-outgoing-8 << "Transfer-Encoding: chunked[\r][\n]"
2024-07-24 14:30:14.874 [Test worker] DEBUG c.g.d.z.s.o.a.hc.client5.http.wire - http-outgoing-8 << "[\r][\n]"
2024-07-24 14:30:14.874 [Test worker] DEBUG c.g.d.z.s.o.a.h.client5.http.headers - http-outgoing-8 << HTTP/1.1 201 Created
2024-07-24 14:30:14.874 [Test worker] DEBUG c.g.d.z.s.o.a.h.client5.http.headers - http-outgoing-8 << Api-Version: 1.45
2024-07-24 14:30:14.874 [Test worker] DEBUG c.g.d.z.s.o.a.h.client5.http.headers - http-outgoing-8 << Content-Type: application/json
2024-07-24 14:30:14.874 [Test worker] DEBUG c.g.d.z.s.o.a.h.client5.http.headers - http-outgoing-8 << Date: Wed, 24 Jul 2024 02:30:14 GMT
2024-07-24 14:30:14.874 [Test worker] DEBUG c.g.d.z.s.o.a.h.client5.http.headers - http-outgoing-8 << Docker-Experimental: false
2024-07-24 14:30:14.874 [Test worker] DEBUG c.g.d.z.s.o.a.h.client5.http.headers - http-outgoing-8 << Ostype: linux
2024-07-24 14:30:14.874 [Test worker] DEBUG c.g.d.z.s.o.a.h.client5.http.headers - http-outgoing-8 << Server: Docker/26.0.0 (linux)
2024-07-24 14:30:14.874 [Test worker] DEBUG c.g.d.z.s.o.a.h.client5.http.headers - http-outgoing-8 << Transfer-Encoding: chunked
2024-07-24 14:30:14.875 [Test worker] DEBUG c.g.d.z.s.o.a.h.c.h.i.c.MainClientExec - ex-00000057: connection can be kept alive for 3 MINUTES
2024-07-24 14:30:14.875 [Test worker] DEBUG c.g.d.z.s.o.a.hc.client5.http.wire - http-outgoing-8 << "58[\r][\n]"
2024-07-24 14:30:14.875 [Test worker] DEBUG c.g.d.z.s.o.a.hc.client5.http.wire - http-outgoing-8 << "{"Id":"9c9e6331adc7367db79fb05085835d5cab36ae808332a452ad5f7b77df0f7404","Warnings":[]}[\n]"
2024-07-24 14:30:14.875 [Test worker] DEBUG c.g.d.z.s.o.a.hc.client5.http.wire - http-outgoing-8 << "[\r][\n]"
2024-07-24 14:30:14.875 [Test worker] DEBUG c.g.d.z.s.o.a.hc.client5.http.wire - http-outgoing-8 << "0[\r][\n]"
2024-07-24 14:30:14.875 [Test worker] DEBUG c.g.d.z.s.o.a.hc.client5.http.wire - http-outgoing-8 << "[\r][\n]"
2024-07-24 14:30:14.875 [Test worker] DEBUG c.g.d.z.s.o.a.h.c.h.i.c.InternalHttpClient - ep-00000056: releasing valid endpoint
2024-07-24 14:30:14.875 [Test worker] DEBUG c.g.d.z.s.o.a.h.c.h.i.i.PoolingHttpClientConnectionManager - ep-00000056: releasing endpoint
2024-07-24 14:30:14.875 [Test worker] DEBUG c.g.d.z.s.o.a.h.c.h.i.i.PoolingHttpClientConnectionManager - ep-00000056: connection http-outgoing-8 can be kept alive for 3 MINUTES
2024-07-24 14:30:14.875 [Test worker] DEBUG c.g.d.z.s.o.a.h.c.h.i.i.PoolingHttpClientConnectionManager - ep-00000056: connection released [route: {}->npipe://localhost:2375][total available: 1; route allocated: 1 of 2147483647; total allocated: 1 of 2147483647]
2024-07-24 14:30:14.876 [Test worker] INFO  tc.postgres:latest - Container postgres:latest is starting: 9c9e6331adc7367db79fb05085835d5cab36ae808332a452ad5f7b77df0f7404
2024-07-24 14:30:14.876 [Test worker] DEBUG o.t.s.c.g.d.c.command.AbstrDockerCmd - Cmd: 9c9e6331adc7367db79fb05085835d5cab36ae808332a452ad5f7b77df0f7404
2024-07-24 14:30:14.876 [Test worker] TRACE o.t.s.c.g.d.c.e.StartContainerCmdExec - POST: DefaultWebTarget{path=[/containers/9c9e6331adc7367db79fb05085835d5cab36ae808332a452ad5f7b77df0f7404/start], queryParams={}}
2024-07-24 14:30:14.876 [Test worker] DEBUG c.g.d.z.s.o.a.h.c.h.i.c.InternalHttpClient - ex-00000058: preparing request execution
2024-07-24 14:30:14.876 [Test worker] DEBUG c.g.d.z.s.o.a.h.c.h.p.RequestAddCookies - Cookie spec selected: strict
2024-07-24 14:30:14.876 [Test worker] DEBUG c.g.d.z.s.o.a.h.c.h.p.RequestAuthCache - Auth cache not set in the context
2024-07-24 14:30:14.876 [Test worker] DEBUG c.g.d.z.s.o.a.h.c.h.i.c.ProtocolExec - ex-00000058: target auth state: UNCHALLENGED
2024-07-24 14:30:14.876 [Test worker] DEBUG c.g.d.z.s.o.a.h.c.h.i.c.ProtocolExec - ex-00000058: proxy auth state: UNCHALLENGED
2024-07-24 14:30:14.876 [Test worker] DEBUG c.g.d.z.s.o.a.h.c.h.i.c.ConnectExec - ex-00000058: acquiring connection with route {}->npipe://localhost:2375
2024-07-24 14:30:14.876 [Test worker] DEBUG c.g.d.z.s.o.a.h.c.h.i.c.InternalHttpClient - ex-00000058: acquiring endpoint (3 MINUTES)
2024-07-24 14:30:14.876 [Test worker] DEBUG c.g.d.z.s.o.a.h.c.h.i.i.PoolingHttpClientConnectionManager - ex-00000058: endpoint lease request (3 MINUTES) [route: {}->npipe://localhost:2375][total available: 1; route allocated: 1 of 2147483647; total allocated: 1 of 2147483647]
2024-07-24 14:30:14.876 [Test worker] DEBUG c.g.d.z.s.o.a.h.c.h.i.i.PoolingHttpClientConnectionManager - ex-00000058: endpoint leased [route: {}->npipe://localhost:2375][total available: 0; route allocated: 1 of 2147483647; total allocated: 1 of 2147483647]
2024-07-24 14:30:14.877 [Test worker] DEBUG c.g.d.z.s.o.a.h.c.h.i.i.PoolingHttpClientConnectionManager - ex-00000058: acquired ep-00000057
2024-07-24 14:30:14.877 [Test worker] DEBUG c.g.d.z.s.o.a.h.c.h.i.c.InternalHttpClient - ex-00000058: acquired endpoint ep-00000057
2024-07-24 14:30:14.877 [Test worker] DEBUG c.g.d.z.s.o.a.h.c.h.i.c.MainClientExec - ex-00000058: executing POST /v1.32/containers/9c9e6331adc7367db79fb05085835d5cab36ae808332a452ad5f7b77df0f7404/start HTTP/1.1
2024-07-24 14:30:14.877 [Test worker] DEBUG c.g.d.z.s.o.a.h.c.h.i.c.InternalHttpClient - ep-00000057: start execution ex-00000058
2024-07-24 14:30:14.877 [Test worker] DEBUG c.g.d.z.s.o.a.h.c.h.i.i.PoolingHttpClientConnectionManager - ep-00000057: executing exchange ex-00000058 over http-outgoing-8
2024-07-24 14:30:14.877 [Test worker] DEBUG c.g.d.z.s.o.a.h.client5.http.headers - http-outgoing-8 >> POST /v1.32/containers/9c9e6331adc7367db79fb05085835d5cab36ae808332a452ad5f7b77df0f7404/start HTTP/1.1
2024-07-24 14:30:14.877 [Test worker] DEBUG c.g.d.z.s.o.a.h.client5.http.headers - http-outgoing-8 >> accept: application/json
2024-07-24 14:30:14.877 [Test worker] DEBUG c.g.d.z.s.o.a.h.client5.http.headers - http-outgoing-8 >> content-type: application/json
2024-07-24 14:30:14.877 [Test worker] DEBUG c.g.d.z.s.o.a.h.client5.http.headers - http-outgoing-8 >> x-tc-sid: 280e6229-7396-4d60-b1e3-a5de48b5d49b
2024-07-24 14:30:14.877 [Test worker] DEBUG c.g.d.z.s.o.a.h.client5.http.headers - http-outgoing-8 >> User-Agent: tc-java/1.19.8
2024-07-24 14:30:14.877 [Test worker] DEBUG c.g.d.z.s.o.a.h.client5.http.headers - http-outgoing-8 >> Accept-Encoding: gzip, x-gzip, deflate
2024-07-24 14:30:14.877 [Test worker] DEBUG c.g.d.z.s.o.a.h.client5.http.headers - http-outgoing-8 >> Host: localhost:2375
2024-07-24 14:30:14.877 [Test worker] DEBUG c.g.d.z.s.o.a.h.client5.http.headers - http-outgoing-8 >> Connection: keep-alive
2024-07-24 14:30:14.877 [Test worker] DEBUG c.g.d.z.s.o.a.hc.client5.http.wire - http-outgoing-8 >> "POST /v1.32/containers/9c9e6331adc7367db79fb05085835d5cab36ae808332a452ad5f7b77df0f7404/start HTTP/1.1[\r][\n]"
2024-07-24 14:30:14.877 [Test worker] DEBUG c.g.d.z.s.o.a.hc.client5.http.wire - http-outgoing-8 >> "accept: application/json[\r][\n]"
2024-07-24 14:30:14.877 [Test worker] DEBUG c.g.d.z.s.o.a.hc.client5.http.wire - http-outgoing-8 >> "content-type: application/json[\r][\n]"
2024-07-24 14:30:14.877 [Test worker] DEBUG c.g.d.z.s.o.a.hc.client5.http.wire - http-outgoing-8 >> "x-tc-sid: 280e6229-7396-4d60-b1e3-a5de48b5d49b[\r][\n]"
2024-07-24 14:30:14.877 [Test worker] DEBUG c.g.d.z.s.o.a.hc.client5.http.wire - http-outgoing-8 >> "User-Agent: tc-java/1.19.8[\r][\n]"
2024-07-24 14:30:14.877 [Test worker] DEBUG c.g.d.z.s.o.a.hc.client5.http.wire - http-outgoing-8 >> "Accept-Encoding: gzip, x-gzip, deflate[\r][\n]"
2024-07-24 14:30:14.877 [Test worker] DEBUG c.g.d.z.s.o.a.hc.client5.http.wire - http-outgoing-8 >> "Host: localhost:2375[\r][\n]"
2024-07-24 14:30:14.877 [Test worker] DEBUG c.g.d.z.s.o.a.hc.client5.http.wire - http-outgoing-8 >> "Connection: keep-alive[\r][\n]"
2024-07-24 14:30:14.877 [Test worker] DEBUG c.g.d.z.s.o.a.hc.client5.http.wire - http-outgoing-8 >> "[\r][\n]"
2024-07-24 14:30:15.220 [Test worker] DEBUG c.g.d.z.s.o.a.hc.client5.http.wire - http-outgoing-8 << "HTTP/1.1 204 No Content[\r][\n]"
2024-07-24 14:30:15.220 [Test worker] DEBUG c.g.d.z.s.o.a.hc.client5.http.wire - http-outgoing-8 << "Api-Version: 1.45[\r][\n]"
2024-07-24 14:30:15.220 [Test worker] DEBUG c.g.d.z.s.o.a.hc.client5.http.wire - http-outgoing-8 << "Date: Wed, 24 Jul 2024 02:30:15 GMT[\r][\n]"
2024-07-24 14:30:15.220 [Test worker] DEBUG c.g.d.z.s.o.a.hc.client5.http.wire - http-outgoing-8 << "Docker-Experimental: false[\r][\n]"
2024-07-24 14:30:15.220 [Test worker] DEBUG c.g.d.z.s.o.a.hc.client5.http.wire - http-outgoing-8 << "Ostype: linux[\r][\n]"
2024-07-24 14:30:15.220 [Test worker] DEBUG c.g.d.z.s.o.a.hc.client5.http.wire - http-outgoing-8 << "Server: Docker/26.0.0 (linux)[\r][\n]"
2024-07-24 14:30:15.220 [Test worker] DEBUG c.g.d.z.s.o.a.hc.client5.http.wire - http-outgoing-8 << "[\r][\n]"
2024-07-24 14:30:15.220 [Test worker] DEBUG c.g.d.z.s.o.a.h.client5.http.headers - http-outgoing-8 << HTTP/1.1 204 No Content
2024-07-24 14:30:15.220 [Test worker] DEBUG c.g.d.z.s.o.a.h.client5.http.headers - http-outgoing-8 << Api-Version: 1.45
2024-07-24 14:30:15.220 [Test worker] DEBUG c.g.d.z.s.o.a.h.client5.http.headers - http-outgoing-8 << Date: Wed, 24 Jul 2024 02:30:15 GMT
2024-07-24 14:30:15.220 [Test worker] DEBUG c.g.d.z.s.o.a.h.client5.http.headers - http-outgoing-8 << Docker-Experimental: false
2024-07-24 14:30:15.220 [Test worker] DEBUG c.g.d.z.s.o.a.h.client5.http.headers - http-outgoing-8 << Ostype: linux
2024-07-24 14:30:15.220 [Test worker] DEBUG c.g.d.z.s.o.a.h.client5.http.headers - http-outgoing-8 << Server: Docker/26.0.0 (linux)
2024-07-24 14:30:15.220 [Test worker] DEBUG c.g.d.z.s.o.a.h.c.h.i.c.MainClientExec - ex-00000058: connection can be kept alive for 3 MINUTES
2024-07-24 14:30:15.220 [Test worker] DEBUG c.g.d.z.s.o.a.h.c.h.i.c.InternalHttpClient - ep-00000057: releasing valid endpoint
2024-07-24 14:30:15.220 [Test worker] DEBUG c.g.d.z.s.o.a.h.c.h.i.i.PoolingHttpClientConnectionManager - ep-00000057: releasing endpoint
2024-07-24 14:30:15.221 [Test worker] DEBUG c.g.d.z.s.o.a.h.c.h.i.i.PoolingHttpClientConnectionManager - ep-00000057: connection http-outgoing-8 can be kept alive for 3 MINUTES
2024-07-24 14:30:15.221 [Test worker] DEBUG c.g.d.z.s.o.a.h.c.h.i.i.PoolingHttpClientConnectionManager - ep-00000057: connection released [route: {}->npipe://localhost:2375][total available: 1; route allocated: 1 of 2147483647; total allocated: 1 of 2147483647]
2024-07-24 14:30:15.221 [Test worker] DEBUG o.t.s.c.g.d.c.command.AbstrDockerCmd - Cmd: 9c9e6331adc7367db79fb05085835d5cab36ae808332a452ad5f7b77df0f7404,false
2024-07-24 14:30:15.222 [Test worker] DEBUG o.t.s.c.g.d.c.e.InspectContainerCmdExec - GET: DefaultWebTarget{path=[/containers/9c9e6331adc7367db79fb05085835d5cab36ae808332a452ad5f7b77df0f7404/json], queryParams={}}
2024-07-24 14:30:15.222 [Test worker] DEBUG c.g.d.z.s.o.a.h.c.h.i.c.InternalHttpClient - ex-00000059: preparing request execution
2024-07-24 14:30:15.222 [Test worker] DEBUG c.g.d.z.s.o.a.h.c.h.p.RequestAddCookies - Cookie spec selected: strict
2024-07-24 14:30:15.222 [Test worker] DEBUG c.g.d.z.s.o.a.h.c.h.p.RequestAuthCache - Auth cache not set in the context
2024-07-24 14:30:15.222 [Test worker] DEBUG c.g.d.z.s.o.a.h.c.h.i.c.ProtocolExec - ex-00000059: target auth state: UNCHALLENGED
2024-07-24 14:30:15.222 [Test worker] DEBUG c.g.d.z.s.o.a.h.c.h.i.c.ProtocolExec - ex-00000059: proxy auth state: UNCHALLENGED
2024-07-24 14:30:15.222 [Test worker] DEBUG c.g.d.z.s.o.a.h.c.h.i.c.ConnectExec - ex-00000059: acquiring connection with route {}->npipe://localhost:2375
2024-07-24 14:30:15.222 [Test worker] DEBUG c.g.d.z.s.o.a.h.c.h.i.c.InternalHttpClient - ex-00000059: acquiring endpoint (3 MINUTES)
2024-07-24 14:30:15.222 [Test worker] DEBUG c.g.d.z.s.o.a.h.c.h.i.i.PoolingHttpClientConnectionManager - ex-00000059: endpoint lease request (3 MINUTES) [route: {}->npipe://localhost:2375][total available: 1; route allocated: 1 of 2147483647; total allocated: 1 of 2147483647]
2024-07-24 14:30:15.222 [Test worker] DEBUG c.g.d.z.s.o.a.h.c.h.i.i.PoolingHttpClientConnectionManager - ex-00000059: endpoint leased [route: {}->npipe://localhost:2375][total available: 0; route allocated: 1 of 2147483647; total allocated: 1 of 2147483647]
2024-07-24 14:30:15.222 [Test worker] DEBUG c.g.d.z.s.o.a.h.c.h.i.i.PoolingHttpClientConnectionManager - ex-00000059: acquired ep-00000058
2024-07-24 14:30:15.222 [Test worker] DEBUG c.g.d.z.s.o.a.h.c.h.i.c.InternalHttpClient - ex-00000059: acquired endpoint ep-00000058
2024-07-24 14:30:15.222 [Test worker] DEBUG c.g.d.z.s.o.a.h.c.h.i.c.MainClientExec - ex-00000059: executing GET /v1.32/containers/9c9e6331adc7367db79fb05085835d5cab36ae808332a452ad5f7b77df0f7404/json HTTP/1.1
2024-07-24 14:30:15.222 [Test worker] DEBUG c.g.d.z.s.o.a.h.c.h.i.c.InternalHttpClient - ep-00000058: start execution ex-00000059
2024-07-24 14:30:15.223 [Test worker] DEBUG c.g.d.z.s.o.a.h.c.h.i.i.PoolingHttpClientConnectionManager - ep-00000058: executing exchange ex-00000059 over http-outgoing-8
2024-07-24 14:30:15.223 [Test worker] DEBUG c.g.d.z.s.o.a.h.client5.http.headers - http-outgoing-8 >> GET /v1.32/containers/9c9e6331adc7367db79fb05085835d5cab36ae808332a452ad5f7b77df0f7404/json HTTP/1.1
2024-07-24 14:30:15.223 [Test worker] DEBUG c.g.d.z.s.o.a.h.client5.http.headers - http-outgoing-8 >> accept: application/json
2024-07-24 14:30:15.223 [Test worker] DEBUG c.g.d.z.s.o.a.h.client5.http.headers - http-outgoing-8 >> x-tc-sid: 280e6229-7396-4d60-b1e3-a5de48b5d49b
2024-07-24 14:30:15.223 [Test worker] DEBUG c.g.d.z.s.o.a.h.client5.http.headers - http-outgoing-8 >> User-Agent: tc-java/1.19.8
2024-07-24 14:30:15.223 [Test worker] DEBUG c.g.d.z.s.o.a.h.client5.http.headers - http-outgoing-8 >> Accept-Encoding: gzip, x-gzip, deflate
2024-07-24 14:30:15.223 [Test worker] DEBUG c.g.d.z.s.o.a.h.client5.http.headers - http-outgoing-8 >> Host: localhost:2375
2024-07-24 14:30:15.223 [Test worker] DEBUG c.g.d.z.s.o.a.h.client5.http.headers - http-outgoing-8 >> Connection: keep-alive
2024-07-24 14:30:15.223 [Test worker] DEBUG c.g.d.z.s.o.a.hc.client5.http.wire - http-outgoing-8 >> "GET /v1.32/containers/9c9e6331adc7367db79fb05085835d5cab36ae808332a452ad5f7b77df0f7404/json HTTP/1.1[\r][\n]"
2024-07-24 14:30:15.223 [Test worker] DEBUG c.g.d.z.s.o.a.hc.client5.http.wire - http-outgoing-8 >> "accept: application/json[\r][\n]"
2024-07-24 14:30:15.223 [Test worker] DEBUG c.g.d.z.s.o.a.hc.client5.http.wire - http-outgoing-8 >> "x-tc-sid: 280e6229-7396-4d60-b1e3-a5de48b5d49b[\r][\n]"
2024-07-24 14:30:15.223 [Test worker] DEBUG c.g.d.z.s.o.a.hc.client5.http.wire - http-outgoing-8 >> "User-Agent: tc-java/1.19.8[\r][\n]"
2024-07-24 14:30:15.223 [Test worker] DEBUG c.g.d.z.s.o.a.hc.client5.http.wire - http-outgoing-8 >> "Accept-Encoding: gzip, x-gzip, deflate[\r][\n]"
2024-07-24 14:30:15.223 [Test worker] DEBUG c.g.d.z.s.o.a.hc.client5.http.wire - http-outgoing-8 >> "Host: localhost:2375[\r][\n]"
2024-07-24 14:30:15.223 [Test worker] DEBUG c.g.d.z.s.o.a.hc.client5.http.wire - http-outgoing-8 >> "Connection: keep-alive[\r][\n]"
2024-07-24 14:30:15.223 [Test worker] DEBUG c.g.d.z.s.o.a.hc.client5.http.wire - http-outgoing-8 >> "[\r][\n]"
2024-07-24 14:30:15.226 [Test worker] DEBUG c.g.d.z.s.o.a.hc.client5.http.wire - http-outgoing-8 << "HTTP/1.1 200 OK[\r][\n]"
2024-07-24 14:30:15.226 [Test worker] DEBUG c.g.d.z.s.o.a.hc.client5.http.wire - http-outgoing-8 << "Api-Version: 1.45[\r][\n]"
2024-07-24 14:30:15.226 [Test worker] DEBUG c.g.d.z.s.o.a.hc.client5.http.wire - http-outgoing-8 << "Content-Type: application/json[\r][\n]"
2024-07-24 14:30:15.226 [Test worker] DEBUG c.g.d.z.s.o.a.hc.client5.http.wire - http-outgoing-8 << "Date: Wed, 24 Jul 2024 02:30:15 GMT[\r][\n]"
2024-07-24 14:30:15.226 [Test worker] DEBUG c.g.d.z.s.o.a.hc.client5.http.wire - http-outgoing-8 << "Docker-Experimental: false[\r][\n]"
2024-07-24 14:30:15.226 [Test worker] DEBUG c.g.d.z.s.o.a.hc.client5.http.wire - http-outgoing-8 << "Ostype: linux[\r][\n]"
2024-07-24 14:30:15.226 [Test worker] DEBUG c.g.d.z.s.o.a.hc.client5.http.wire - http-outgoing-8 << "Server: Docker/26.0.0 (linux)[\r][\n]"
2024-07-24 14:30:15.226 [Test worker] DEBUG c.g.d.z.s.o.a.hc.client5.http.wire - http-outgoing-8 << "Transfer-Encoding: chunked[\r][\n]"
2024-07-24 14:30:15.226 [Test worker] DEBUG c.g.d.z.s.o.a.hc.client5.http.wire - http-outgoing-8 << "[\r][\n]"
2024-07-24 14:30:15.226 [Test worker] DEBUG c.g.d.z.s.o.a.h.client5.http.headers - http-outgoing-8 << HTTP/1.1 200 OK
2024-07-24 14:30:15.226 [Test worker] DEBUG c.g.d.z.s.o.a.h.client5.http.headers - http-outgoing-8 << Api-Version: 1.45
2024-07-24 14:30:15.226 [Test worker] DEBUG c.g.d.z.s.o.a.h.client5.http.headers - http-outgoing-8 << Content-Type: application/json
2024-07-24 14:30:15.226 [Test worker] DEBUG c.g.d.z.s.o.a.h.client5.http.headers - http-outgoing-8 << Date: Wed, 24 Jul 2024 02:30:15 GMT
2024-07-24 14:30:15.226 [Test worker] DEBUG c.g.d.z.s.o.a.h.client5.http.headers - http-outgoing-8 << Docker-Experimental: false
2024-07-24 14:30:15.226 [Test worker] DEBUG c.g.d.z.s.o.a.h.client5.http.headers - http-outgoing-8 << Ostype: linux
2024-07-24 14:30:15.226 [Test worker] DEBUG c.g.d.z.s.o.a.h.client5.http.headers - http-outgoing-8 << Server: Docker/26.0.0 (linux)
2024-07-24 14:30:15.226 [Test worker] DEBUG c.g.d.z.s.o.a.h.client5.http.headers - http-outgoing-8 << Transfer-Encoding: chunked
2024-07-24 14:30:15.226 [Test worker] DEBUG c.g.d.z.s.o.a.h.c.h.i.c.MainClientExec - ex-00000059: connection can be kept alive for 3 MINUTES
2024-07-24 14:30:15.227 [Test worker] DEBUG c.g.d.z.s.o.a.hc.client5.http.wire - http-outgoing-8 << "1a36[\r][\n]"
2024-07-24 14:30:15.228 [Test worker] DEBUG c.g.d.z.s.o.a.hc.client5.http.wire - http-outgoing-8 << "{"Id":"9c9e6331adc7367db79fb05085835d5cab36ae808332a452ad5f7b77df0f7404","Created":"2024-07-24T02:30:14.738166281Z","Path":"docker-entrypoint.sh","Args":["postgres","-c","fsync=off"],"State":{"Status":"running","Running":true,"Paused":false,"Restarting":false,"OOMKilled":false,"Dead":false,"Pid":28846,"ExitCode":0,"Error":"","StartedAt":"2024-07-24T02:30:15.205889534Z","FinishedAt":"0001-01-01T00:00:00Z"},"Image":"sha256:8e4fc9e184899a58735e7ee333f5e272d7d2298cf59302006b71f33e217be130","ResolvConfPath":"/var/lib/docker/containers/9c9e6331adc7367db79fb05085835d5cab36ae808332a452ad5f7b77df0f7404/resolv.conf","HostnamePath":"/var/lib/docker/containers/9c9e6331adc7367db79fb05085835d5cab36ae808332a452ad5f7b77df0f7404/hostname","HostsPath":"/var/lib/docker/containers/9c9e6331adc7367db79fb05085835d5cab36ae808332a452ad5f7b77df0f7404/hosts","LogPath":"/var/lib/docker/containers/9c9e6331adc7367db79fb05085835d5cab36ae808332a452ad5f7b77df0f7404/9c9e6331adc7367db79fb05085835d5cab36ae808332a452ad5f7b77df0f7404-json.log","Name":"/sleepy_newton","RestartCount":0,"Driver":"overlay2","Platform":"linux","MountLabel":"","ProcessLabel":"","AppArmorProfile":"","ExecIDs":null,"HostConfig":{"Binds":[],"ContainerIDFile":"","LogConfig":{"Type":"json-file","Config":{}},"NetworkMode":"default","PortBindings":{"5432/tcp":[{"HostIp":"0.0.0.0","HostPort":"0"}]},"RestartPolicy":{"Name":"no","MaximumRetryCount":0},"AutoRemove":false,"VolumeDriver":"","VolumesFrom":[],"ConsoleSize":[0,0],"CapAdd":null,"CapDrop":null,"CgroupnsMode":"host","Dns":null,"DnsOptions":null,"DnsSearch":null,"ExtraHosts":[],"GroupAdd":null,"IpcMode":"shareable","Cgroup":"","Links":null,"OomScoreAdj":0,"PidMode":"","Privileged":false,"PublishAllPorts":false,"ReadonlyRootfs":false,"SecurityOpt":null,"UTSMode":"","UsernsMode":"","ShmSize":67108864,"Runtime":"runc","Isolation":"","CpuShares":0,"Memory":0,"NanoCpus":0,"CgroupParent":"","BlkioWeight":0,"BlkioWeightDevice":null,"BlkioDeviceReadBps":null,"BlkioDeviceWriteBps":null,"BlkioDeviceReadIOps":null,"BlkioDeviceWriteIOps":null,"CpuPeriod":0,"CpuQuota":0,"CpuRealtimePeriod":0,"CpuRealtimeRuntime":0,"CpusetCpus":"","CpusetMems":"","Devices":null,"DeviceCgroupRules":null,"DeviceRequests":null,"MemoryReservation":0,"MemorySwap":0,"MemorySwappiness":null,"OomKillDisable":false,"PidsLimit":null,"Ulimits":null,"CpuCount":0,"CpuPercent":0,"IOMaximumIOps":0,"IOMaximumBandwidth":0,"MaskedPaths":["/proc/asound","/proc/acpi","/proc/kcore","/proc/keys","/proc/latency_stats","/proc/timer_list","/proc/timer_stats","/proc/sched_debug","/proc/scsi","/sys/firmware","/sys/devices/virtual/powercap"],"ReadonlyPaths":["/proc/bus","/proc/fs","/proc/irq","/proc/sys","/proc/sysrq-trigger"]},"GraphDriver":{"Data":{"LowerDir":"/var/lib/docker/overlay2/fcbc009b44a586dc333983a7d8233b860d2a19a0748e7573471f6f6a9aba8685-init/diff:/var/lib/docker/overlay2/8f0ddbd386af0785c2e348570516955816ab350305d698d363962d488eeb15ec/diff:/var/lib/docker/overlay2/0eb0ca73e9b0be7c3d7fa8762ef4778a68f38391bc84c037c2e90b88e781b475/diff:/var/lib/docker/overlay2/74e634bddc785c5d436b10a5158cd82e21dc2065fd1cf8ff9c1c12e01575a2d8/diff:/var/lib/docker/overlay2/bb918b2851cd2f508f1e3fdbfff8b7f8b041d61e65fe8c368288bf399e80b818/diff:/var/lib/docker/overlay2/2abab2946cbdc2941ee8ec4024c51dac7313dee9de5fbedd1ca33388c59eb3c8/diff:/var/lib/docker/overlay2/e12f6083ee669bd92743ceb339a896bb25dbe461b718705bb39eb410b80c0ecd/diff:/var/lib/docker/overlay2/ced1e86d670d097da5ed4da7288c22507735918959161c2cd8bf083fb30d169a/diff:/var/lib/docker/overlay2/94e9ac7b74923285ae73af20aeccb964ca9079e2305db367cb85d1603560472d/diff:/var/lib/docker/overlay2/a396b6dfd63f0c228c519871183c614cccf4d366a43460f27ecf97113c3c4be8/diff:/var/lib/docker/overlay2/f58ada5d5080c2bac553c734f81127660a90581a35ed2a92cebe3c59e340875b/diff:/var/lib/docker/overlay2/84f85636f37bf55d945e217b4f87a856eba7932284beaf042561007b66f48977/diff:/var/lib/docker/overlay2/1e6e519613884e91a2b74a588ba35dc8a2f789371ab798ef6e7d9836d756042f/diff:/var/lib/docker/overlay2/14a3151cc8b4f9d27d2e64f1a8abc0c7809309580f2d7e8dc8545055c1d56194/diff:/var/lib/docke"
2024-07-24 14:30:15.228 [Test worker] DEBUG c.g.d.z.s.o.a.hc.client5.http.wire - http-outgoing-8 << "r/overlay2/5b354b9e793401517fe2f1da697653fdaadffc54888eaf76d67e0600b8c68bdc/diff","MergedDir":"/var/lib/docker/overlay2/fcbc009b44a586dc333983a7d8233b860d2a19a0748e7573471f6f6a9aba8685/merged","UpperDir":"/var/lib/docker/overlay2/fcbc009b44a586dc333983a7d8233b860d2a19a0748e7573471f6f6a9aba8685/diff","WorkDir":"/var/lib/docker/overlay2/fcbc009b44a586dc333983a7d8233b860d2a19a0748e7573471f6f6a9aba8685/work"},"Name":"overlay2"},"Mounts":[{"Type":"volume","Name":"e75c61492d67715c2ac2e130151aa6d4e31835536e5dfd90aa022db3d5cbb515","Source":"/var/lib/docker/volumes/e75c61492d67715c2ac2e130151aa6d4e31835536e5dfd90aa022db3d5cbb515/_data","Destination":"/var/lib/postgresql/data","Driver":"local","Mode":"","RW":true,"Propagation":""}],"Config":{"Hostname":"9c9e6331adc7","Domainname":"","User":"","AttachStdin":false,"AttachStdout":false,"AttachStderr":false,"ExposedPorts":{"5432/tcp":{}},"Tty":false,"OpenStdin":false,"StdinOnce":false,"Env":["POSTGRES_USER=user","POSTGRES_PASSWORD=password","POSTGRES_DB=db","PATH=/usr/local/sbin:/usr/local/bin:/usr/sbin:/usr/bin:/sbin:/bin:/usr/lib/postgresql/16/bin","GOSU_VERSION=1.17","LANG=en_US.utf8","PG_MAJOR=16","PG_VERSION=16.2-1.pgdg120+2","PGDATA=/var/lib/postgresql/data"],"Cmd":["postgres","-c","fsync=off"],"Image":"postgres:latest","Volumes":{"/var/lib/postgresql/data":{}},"WorkingDir":"","Entrypoint":["docker-entrypoint.sh"],"OnBuild":null,"Labels":{"org.testcontainers":"true","org.testcontainers.lang":"java","org.testcontainers.sessionId":"280e6229-7396-4d60-b1e3-a5de48b5d49b","org.testcontainers.version":"1.19.8"},"StopSignal":"SIGINT"},"NetworkSettings":{"Bridge":"","SandboxID":"b9b1b41e110f5e3dcfd23fe2d8eeea14a9434b660c437260402de56605f17303","SandboxKey":"/var/run/docker/netns/b9b1b41e110f","Ports":{"5432/tcp":[{"HostIp":"0.0.0.0","HostPort":"51529"}]},"HairpinMode":false,"LinkLocalIPv6Address":"","LinkLocalIPv6PrefixLen":0,"SecondaryIPAddresses":null,"SecondaryIPv6Addresses":null,"EndpointID":"5c0120371256c1db9880a0fa1216e7c360683aba1e39ddf5ba82a9afcc4d10a8","Gateway":"172.17.0.1","GlobalIPv6Address":"","GlobalIPv6PrefixLen":0,"IPAddress":"172.17.0.3","IPPrefixLen":16,"IPv6Gateway":"","MacAddress":"02:42:ac:11:00:03","Networks":{"bridge":{"IPAMConfig":null,"Links":null,"Aliases":null,"MacAddress":"02:42:ac:11:00:03","NetworkID":"3c842496be344cbdae878c1dee0957e7bc7c0a2236009c92752030f2b053e72f","EndpointID":"5c0120371256c1db9880a0fa1216e7c360683aba1e39ddf5ba82a9afcc4d10a8","Gateway":"172.17.0.1","IPAddress":"172.17.0.3","IPPrefixLen":16,"IPv6Gateway":"","GlobalIPv6Address":"","GlobalIPv6PrefixLen":0,"DriverOpts":null,"DNSNames":null}}}}[\n]"
2024-07-24 14:30:15.229 [Test worker] DEBUG c.g.d.z.s.o.a.hc.client5.http.wire - http-outgoing-8 << "[\r][\n]"
2024-07-24 14:30:15.229 [Test worker] DEBUG c.g.d.z.s.o.a.hc.client5.http.wire - http-outgoing-8 << "0[\r][\n]"
2024-07-24 14:30:15.229 [Test worker] DEBUG c.g.d.z.s.o.a.hc.client5.http.wire - http-outgoing-8 << "[\r][\n]"
2024-07-24 14:30:15.229 [Test worker] DEBUG c.g.d.z.s.o.a.h.c.h.i.c.InternalHttpClient - ep-00000058: releasing valid endpoint
2024-07-24 14:30:15.229 [Test worker] DEBUG c.g.d.z.s.o.a.h.c.h.i.i.PoolingHttpClientConnectionManager - ep-00000058: releasing endpoint
2024-07-24 14:30:15.230 [Test worker] DEBUG c.g.d.z.s.o.a.h.c.h.i.i.PoolingHttpClientConnectionManager - ep-00000058: connection http-outgoing-8 can be kept alive for 3 MINUTES
2024-07-24 14:30:15.230 [Test worker] DEBUG c.g.d.z.s.o.a.h.c.h.i.i.PoolingHttpClientConnectionManager - ep-00000058: connection released [route: {}->npipe://localhost:2375][total available: 1; route allocated: 1 of 2147483647; total allocated: 1 of 2147483647]
2024-07-24 14:30:15.230 [Test worker] DEBUG o.t.s.c.g.d.c.command.AbstrDockerCmd - Cmd: sha256:8e4fc9e184899a58735e7ee333f5e272d7d2298cf59302006b71f33e217be130
2024-07-24 14:30:15.230 [Test worker] TRACE o.t.s.c.g.d.c.e.InspectImageCmdExec - GET: DefaultWebTarget{path=[/images/sha256:8e4fc9e184899a58735e7ee333f5e272d7d2298cf59302006b71f33e217be130/json], queryParams={}}
2024-07-24 14:30:15.230 [Test worker] DEBUG c.g.d.z.s.o.a.h.c.h.i.c.InternalHttpClient - ex-0000005A: preparing request execution
2024-07-24 14:30:15.230 [Test worker] DEBUG c.g.d.z.s.o.a.h.c.h.p.RequestAddCookies - Cookie spec selected: strict
2024-07-24 14:30:15.230 [Test worker] DEBUG c.g.d.z.s.o.a.h.c.h.p.RequestAuthCache - Auth cache not set in the context
2024-07-24 14:30:15.230 [Test worker] DEBUG c.g.d.z.s.o.a.h.c.h.i.c.ProtocolExec - ex-0000005A: target auth state: UNCHALLENGED
2024-07-24 14:30:15.230 [Test worker] DEBUG c.g.d.z.s.o.a.h.c.h.i.c.ProtocolExec - ex-0000005A: proxy auth state: UNCHALLENGED
2024-07-24 14:30:15.230 [Test worker] DEBUG c.g.d.z.s.o.a.h.c.h.i.c.ConnectExec - ex-0000005A: acquiring connection with route {}->npipe://localhost:2375
2024-07-24 14:30:15.230 [Test worker] DEBUG c.g.d.z.s.o.a.h.c.h.i.c.InternalHttpClient - ex-0000005A: acquiring endpoint (3 MINUTES)
2024-07-24 14:30:15.230 [Test worker] DEBUG c.g.d.z.s.o.a.h.c.h.i.i.PoolingHttpClientConnectionManager - ex-0000005A: endpoint lease request (3 MINUTES) [route: {}->npipe://localhost:2375][total available: 1; route allocated: 1 of 2147483647; total allocated: 1 of 2147483647]
2024-07-24 14:30:15.230 [Test worker] DEBUG c.g.d.z.s.o.a.h.c.h.i.i.PoolingHttpClientConnectionManager - ex-0000005A: endpoint leased [route: {}->npipe://localhost:2375][total available: 0; route allocated: 1 of 2147483647; total allocated: 1 of 2147483647]
2024-07-24 14:30:15.231 [Test worker] DEBUG c.g.d.z.s.o.a.h.c.h.i.i.PoolingHttpClientConnectionManager - ex-0000005A: acquired ep-00000059
2024-07-24 14:30:15.231 [Test worker] DEBUG c.g.d.z.s.o.a.h.c.h.i.c.InternalHttpClient - ex-0000005A: acquired endpoint ep-00000059
2024-07-24 14:30:15.231 [Test worker] DEBUG c.g.d.z.s.o.a.h.c.h.i.c.MainClientExec - ex-0000005A: executing GET /v1.32/images/sha256:8e4fc9e184899a58735e7ee333f5e272d7d2298cf59302006b71f33e217be130/json HTTP/1.1
2024-07-24 14:30:15.231 [Test worker] DEBUG c.g.d.z.s.o.a.h.c.h.i.c.InternalHttpClient - ep-00000059: start execution ex-0000005A
2024-07-24 14:30:15.231 [Test worker] DEBUG c.g.d.z.s.o.a.h.c.h.i.i.PoolingHttpClientConnectionManager - ep-00000059: executing exchange ex-0000005A over http-outgoing-8
2024-07-24 14:30:15.231 [Test worker] DEBUG c.g.d.z.s.o.a.h.client5.http.headers - http-outgoing-8 >> GET /v1.32/images/sha256:8e4fc9e184899a58735e7ee333f5e272d7d2298cf59302006b71f33e217be130/json HTTP/1.1
2024-07-24 14:30:15.231 [Test worker] DEBUG c.g.d.z.s.o.a.h.client5.http.headers - http-outgoing-8 >> accept: application/json
2024-07-24 14:30:15.231 [Test worker] DEBUG c.g.d.z.s.o.a.h.client5.http.headers - http-outgoing-8 >> x-tc-sid: 280e6229-7396-4d60-b1e3-a5de48b5d49b
2024-07-24 14:30:15.231 [Test worker] DEBUG c.g.d.z.s.o.a.h.client5.http.headers - http-outgoing-8 >> User-Agent: tc-java/1.19.8
2024-07-24 14:30:15.231 [Test worker] DEBUG c.g.d.z.s.o.a.h.client5.http.headers - http-outgoing-8 >> Accept-Encoding: gzip, x-gzip, deflate
2024-07-24 14:30:15.231 [Test worker] DEBUG c.g.d.z.s.o.a.h.client5.http.headers - http-outgoing-8 >> Host: localhost:2375
2024-07-24 14:30:15.231 [Test worker] DEBUG c.g.d.z.s.o.a.h.client5.http.headers - http-outgoing-8 >> Connection: keep-alive
2024-07-24 14:30:15.231 [Test worker] DEBUG c.g.d.z.s.o.a.hc.client5.http.wire - http-outgoing-8 >> "GET /v1.32/images/sha256:8e4fc9e184899a58735e7ee333f5e272d7d2298cf59302006b71f33e217be130/json HTTP/1.1[\r][\n]"
2024-07-24 14:30:15.231 [Test worker] DEBUG c.g.d.z.s.o.a.hc.client5.http.wire - http-outgoing-8 >> "accept: application/json[\r][\n]"
2024-07-24 14:30:15.231 [Test worker] DEBUG c.g.d.z.s.o.a.hc.client5.http.wire - http-outgoing-8 >> "x-tc-sid: 280e6229-7396-4d60-b1e3-a5de48b5d49b[\r][\n]"
2024-07-24 14:30:15.231 [Test worker] DEBUG c.g.d.z.s.o.a.hc.client5.http.wire - http-outgoing-8 >> "User-Agent: tc-java/1.19.8[\r][\n]"
2024-07-24 14:30:15.231 [Test worker] DEBUG c.g.d.z.s.o.a.hc.client5.http.wire - http-outgoing-8 >> "Accept-Encoding: gzip, x-gzip, deflate[\r][\n]"
2024-07-24 14:30:15.231 [Test worker] DEBUG c.g.d.z.s.o.a.hc.client5.http.wire - http-outgoing-8 >> "Host: localhost:2375[\r][\n]"
2024-07-24 14:30:15.231 [Test worker] DEBUG c.g.d.z.s.o.a.hc.client5.http.wire - http-outgoing-8 >> "Connection: keep-alive[\r][\n]"
2024-07-24 14:30:15.231 [Test worker] DEBUG c.g.d.z.s.o.a.hc.client5.http.wire - http-outgoing-8 >> "[\r][\n]"
2024-07-24 14:30:15.234 [Test worker] DEBUG c.g.d.z.s.o.a.hc.client5.http.wire - http-outgoing-8 << "HTTP/1.1 200 OK[\r][\n]"
2024-07-24 14:30:15.234 [Test worker] DEBUG c.g.d.z.s.o.a.hc.client5.http.wire - http-outgoing-8 << "Api-Version: 1.45[\r][\n]"
2024-07-24 14:30:15.234 [Test worker] DEBUG c.g.d.z.s.o.a.hc.client5.http.wire - http-outgoing-8 << "Content-Type: application/json[\r][\n]"
2024-07-24 14:30:15.234 [Test worker] DEBUG c.g.d.z.s.o.a.hc.client5.http.wire - http-outgoing-8 << "Date: Wed, 24 Jul 2024 02:30:15 GMT[\r][\n]"
2024-07-24 14:30:15.234 [Test worker] DEBUG c.g.d.z.s.o.a.hc.client5.http.wire - http-outgoing-8 << "Docker-Experimental: false[\r][\n]"
2024-07-24 14:30:15.234 [Test worker] DEBUG c.g.d.z.s.o.a.hc.client5.http.wire - http-outgoing-8 << "Ostype: linux[\r][\n]"
2024-07-24 14:30:15.234 [Test worker] DEBUG c.g.d.z.s.o.a.hc.client5.http.wire - http-outgoing-8 << "Server: Docker/26.0.0 (linux)[\r][\n]"
2024-07-24 14:30:15.234 [Test worker] DEBUG c.g.d.z.s.o.a.hc.client5.http.wire - http-outgoing-8 << "Transfer-Encoding: chunked[\r][\n]"
2024-07-24 14:30:15.234 [Test worker] DEBUG c.g.d.z.s.o.a.hc.client5.http.wire - http-outgoing-8 << "[\r][\n]"
2024-07-24 14:30:15.235 [Test worker] DEBUG c.g.d.z.s.o.a.h.client5.http.headers - http-outgoing-8 << HTTP/1.1 200 OK
2024-07-24 14:30:15.235 [Test worker] DEBUG c.g.d.z.s.o.a.h.client5.http.headers - http-outgoing-8 << Api-Version: 1.45
2024-07-24 14:30:15.235 [Test worker] DEBUG c.g.d.z.s.o.a.h.client5.http.headers - http-outgoing-8 << Content-Type: application/json
2024-07-24 14:30:15.235 [Test worker] DEBUG c.g.d.z.s.o.a.h.client5.http.headers - http-outgoing-8 << Date: Wed, 24 Jul 2024 02:30:15 GMT
2024-07-24 14:30:15.235 [Test worker] DEBUG c.g.d.z.s.o.a.h.client5.http.headers - http-outgoing-8 << Docker-Experimental: false
2024-07-24 14:30:15.235 [Test worker] DEBUG c.g.d.z.s.o.a.h.client5.http.headers - http-outgoing-8 << Ostype: linux
2024-07-24 14:30:15.235 [Test worker] DEBUG c.g.d.z.s.o.a.h.client5.http.headers - http-outgoing-8 << Server: Docker/26.0.0 (linux)
2024-07-24 14:30:15.235 [Test worker] DEBUG c.g.d.z.s.o.a.h.client5.http.headers - http-outgoing-8 << Transfer-Encoding: chunked
2024-07-24 14:30:15.235 [Test worker] DEBUG c.g.d.z.s.o.a.h.c.h.i.c.MainClientExec - ex-0000005A: connection can be kept alive for 3 MINUTES
2024-07-24 14:30:15.236 [Test worker] DEBUG c.g.d.z.s.o.a.hc.client5.http.wire - http-outgoing-8 << "fcb[\r][\n]"
2024-07-24 14:30:15.236 [Test worker] DEBUG c.g.d.z.s.o.a.hc.client5.http.wire - http-outgoing-8 << "{"Id":"sha256:8e4fc9e184899a58735e7ee333f5e272d7d2298cf59302006b71f33e217be130","RepoTags":["postgres:latest"],"RepoDigests":["postgres@sha256:4aea012537edfad80f98d870a36e6b90b4c09b27be7f4b4759d72db863baeebb"],"Parent":"","Comment":"buildkit.dockerfile.v0","Created":"2024-02-21T00:46:13Z","ContainerConfig":{"Hostname":"","Domainname":"","User":"","AttachStdin":false,"AttachStdout":false,"AttachStderr":false,"Tty":false,"OpenStdin":false,"StdinOnce":false,"Env":null,"Cmd":null,"Image":"","Volumes":null,"WorkingDir":"","Entrypoint":null,"OnBuild":null,"Labels":null},"DockerVersion":"","Author":"","Config":{"Hostname":"","Domainname":"","User":"","AttachStdin":false,"AttachStdout":false,"AttachStderr":false,"ExposedPorts":{"5432/tcp":{}},"Tty":false,"OpenStdin":false,"StdinOnce":false,"Env":["PATH=/usr/local/sbin:/usr/local/bin:/usr/sbin:/usr/bin:/sbin:/bin:/usr/lib/postgresql/16/bin","GOSU_VERSION=1.17","LANG=en_US.utf8","PG_MAJOR=16","PG_VERSION=16.2-1.pgdg120+2","PGDATA=/var/lib/postgresql/data"],"Cmd":["postgres"],"ArgsEscaped":true,"Image":"","Volumes":{"/var/lib/postgresql/data":{}},"WorkingDir":"","Entrypoint":["docker-entrypoint.sh"],"OnBuild":null,"Labels":null,"StopSignal":"SIGINT"},"Architecture":"amd64","Os":"linux","Size":431496964,"VirtualSize":431496964,"GraphDriver":{"Data":{"LowerDir":"/var/lib/docker/overlay2/0eb0ca73e9b0be7c3d7fa8762ef4778a68f38391bc84c037c2e90b88e781b475/diff:/var/lib/docker/overlay2/74e634bddc785c5d436b10a5158cd82e21dc2065fd1cf8ff9c1c12e01575a2d8/diff:/var/lib/docker/overlay2/bb918b2851cd2f508f1e3fdbfff8b7f8b041d61e65fe8c368288bf399e80b818/diff:/var/lib/docker/overlay2/2abab2946cbdc2941ee8ec4024c51dac7313dee9de5fbedd1ca33388c59eb3c8/diff:/var/lib/docker/overlay2/e12f6083ee669bd92743ceb339a896bb25dbe461b718705bb39eb410b80c0ecd/diff:/var/lib/docker/overlay2/ced1e86d670d097da5ed4da7288c22507735918959161c2cd8bf083fb30d169a/diff:/var/lib/docker/overlay2/94e9ac7b74923285ae73af20aeccb964ca9079e2305db367cb85d1603560472d/diff:/var/lib/docker/overlay2/a396b6dfd63f0c228c519871183c614cccf4d366a43460f27ecf97113c3c4be8/diff:/var/lib/docker/overlay2/f58ada5d5080c2bac553c734f81127660a90581a35ed2a92cebe3c59e340875b/diff:/var/lib/docker/overlay2/84f85636f37bf55d945e217b4f87a856eba7932284beaf042561007b66f48977/diff:/var/lib/docker/overlay2/1e6e519613884e91a2b74a588ba35dc8a2f789371ab798ef6e7d9836d756042f/diff:/var/lib/docker/overlay2/14a3151cc8b4f9d27d2e64f1a8abc0c7809309580f2d7e8dc8545055c1d56194/diff:/var/lib/docker/overlay2/5b354b9e793401517fe2f1da697653fdaadffc54888eaf76d67e0600b8c68bdc/diff","MergedDir":"/var/lib/docker/overlay2/8f0ddbd386af0785c2e348570516955816ab350305d698d363962d488eeb15ec/merged","UpperDir":"/var/lib/docker/overlay2/8f0ddbd386af0785c2e348570516955816ab350305d698d363962d488eeb15ec/diff","WorkDir":"/var/lib/docker/overlay2/8f0ddbd386af0785c2e348570516955816ab350305d698d363962d488eeb15ec/work"},"Name":"overlay2"},"RootFS":{"Type":"layers","Layers":["sha256:52ec5a4316fadc09a4a51f82b8d7b66ead0d71bea4f75e81e25b4094c4219061","sha256:5a99d63e3aef066b4fa085cf24d0281681d5530c22f0c93391b854ba5741b62e","sha256:12694c6edf8321950446751b5acc175137946701b72febd6a32ab6e6cb89403b","sha256:beceb355ef35df0b8123db4eddd8f734e7414a3828e463354a913dda6738571d","sha256:0f86e6985ca32f3adeb9f65e3f80b3f2aa37a697d345c84011b2421e5608bc06","sha256:22c31f24613cd6a7b43f3074166d79619574e76f430035be15d909ae45fb97da","sha256:7c32a1ce1cc084a148145553666d5b64e3b6551491d1c3c6cc545b5b69daf5da","sha256:192de40051e6f5b468a60be4e6d162a1bbf3dc4af2dfb0a7aa8db25f86b6e68e","sha256:257f3fc789f6526019470322285b4bfe55e3e09f41150576c0997f370407af14","sha256:2993953b2c109056b0d580a549dae9f902a84a29f3907d96d7329746a8df7fc2","sha256:0bc02fbb093e939812a0ca64bd21a807d815b89c5e034e73026d14535053f4e2","sha256:3866ad927dc8101b32941f0fe6e36e656eba398b92164688ce1d1afdeca7eb09","sha256:2621fdc21b32f8210d30df7b9f44c068fa347ce07f7e1935a2383e5f7e7ddecb","sha256:c116a9ba3dbfe8c6135659ba009883a03bdc660abfedc64e2528baa6d736dbc9"]},"Metadata":{"LastTagTime":"0001-01-01T00:00:00Z"},"Container":""}[\n]"
2024-07-24 14:30:15.236 [Test worker] DEBUG c.g.d.z.s.o.a.hc.client5.http.wire - http-outgoing-8 << "[\r][\n]"
2024-07-24 14:30:15.236 [Test worker] DEBUG c.g.d.z.s.o.a.hc.client5.http.wire - http-outgoing-8 << "0[\r][\n]"
2024-07-24 14:30:15.236 [Test worker] DEBUG c.g.d.z.s.o.a.hc.client5.http.wire - http-outgoing-8 << "[\r][\n]"
2024-07-24 14:30:15.236 [Test worker] DEBUG c.g.d.z.s.o.a.h.c.h.i.c.InternalHttpClient - ep-00000059: releasing valid endpoint
2024-07-24 14:30:15.236 [Test worker] DEBUG c.g.d.z.s.o.a.h.c.h.i.i.PoolingHttpClientConnectionManager - ep-00000059: releasing endpoint
2024-07-24 14:30:15.236 [Test worker] DEBUG c.g.d.z.s.o.a.h.c.h.i.i.PoolingHttpClientConnectionManager - ep-00000059: connection http-outgoing-8 can be kept alive for 3 MINUTES
2024-07-24 14:30:15.236 [Test worker] DEBUG c.g.d.z.s.o.a.h.c.h.i.i.PoolingHttpClientConnectionManager - ep-00000059: connection released [route: {}->npipe://localhost:2375][total available: 1; route allocated: 1 of 2147483647; total allocated: 1 of 2147483647]
2024-07-24 14:30:15.237 [Test worker] DEBUG o.t.s.c.g.d.c.command.AbstrDockerCmd - Cmd: 
2024-07-24 14:30:15.237 [Test worker] TRACE o.t.s.c.g.d.core.exec.VersionCmdExec - GET: DefaultWebTarget{path=[/version], queryParams={}}
2024-07-24 14:30:15.237 [Test worker] DEBUG c.g.d.z.s.o.a.h.c.h.i.c.InternalHttpClient - ex-0000005B: preparing request execution
2024-07-24 14:30:15.237 [Test worker] DEBUG c.g.d.z.s.o.a.h.c.h.p.RequestAddCookies - Cookie spec selected: strict
2024-07-24 14:30:15.237 [Test worker] DEBUG c.g.d.z.s.o.a.h.c.h.p.RequestAuthCache - Auth cache not set in the context
2024-07-24 14:30:15.237 [Test worker] DEBUG c.g.d.z.s.o.a.h.c.h.i.c.ProtocolExec - ex-0000005B: target auth state: UNCHALLENGED
2024-07-24 14:30:15.237 [Test worker] DEBUG c.g.d.z.s.o.a.h.c.h.i.c.ProtocolExec - ex-0000005B: proxy auth state: UNCHALLENGED
2024-07-24 14:30:15.237 [Test worker] DEBUG c.g.d.z.s.o.a.h.c.h.i.c.ConnectExec - ex-0000005B: acquiring connection with route {}->npipe://localhost:2375
2024-07-24 14:30:15.237 [Test worker] DEBUG c.g.d.z.s.o.a.h.c.h.i.c.InternalHttpClient - ex-0000005B: acquiring endpoint (3 MINUTES)
2024-07-24 14:30:15.237 [Test worker] DEBUG c.g.d.z.s.o.a.h.c.h.i.i.PoolingHttpClientConnectionManager - ex-0000005B: endpoint lease request (3 MINUTES) [route: {}->npipe://localhost:2375][total available: 1; route allocated: 1 of 2147483647; total allocated: 1 of 2147483647]
2024-07-24 14:30:15.237 [Test worker] DEBUG c.g.d.z.s.o.a.h.c.h.i.i.PoolingHttpClientConnectionManager - ex-0000005B: endpoint leased [route: {}->npipe://localhost:2375][total available: 0; route allocated: 1 of 2147483647; total allocated: 1 of 2147483647]
2024-07-24 14:30:15.237 [Test worker] DEBUG c.g.d.z.s.o.a.h.c.h.i.i.PoolingHttpClientConnectionManager - ex-0000005B: acquired ep-0000005A
2024-07-24 14:30:15.237 [Test worker] DEBUG c.g.d.z.s.o.a.h.c.h.i.c.InternalHttpClient - ex-0000005B: acquired endpoint ep-0000005A
2024-07-24 14:30:15.237 [Test worker] DEBUG c.g.d.z.s.o.a.h.c.h.i.c.MainClientExec - ex-0000005B: executing GET /v1.32/version HTTP/1.1
2024-07-24 14:30:15.237 [Test worker] DEBUG c.g.d.z.s.o.a.h.c.h.i.c.InternalHttpClient - ep-0000005A: start execution ex-0000005B
2024-07-24 14:30:15.237 [Test worker] DEBUG c.g.d.z.s.o.a.h.c.h.i.i.PoolingHttpClientConnectionManager - ep-0000005A: executing exchange ex-0000005B over http-outgoing-8
2024-07-24 14:30:15.237 [Test worker] DEBUG c.g.d.z.s.o.a.h.client5.http.headers - http-outgoing-8 >> GET /v1.32/version HTTP/1.1
2024-07-24 14:30:15.237 [Test worker] DEBUG c.g.d.z.s.o.a.h.client5.http.headers - http-outgoing-8 >> accept: application/json
2024-07-24 14:30:15.237 [Test worker] DEBUG c.g.d.z.s.o.a.h.client5.http.headers - http-outgoing-8 >> x-tc-sid: 280e6229-7396-4d60-b1e3-a5de48b5d49b
2024-07-24 14:30:15.237 [Test worker] DEBUG c.g.d.z.s.o.a.h.client5.http.headers - http-outgoing-8 >> User-Agent: tc-java/1.19.8
2024-07-24 14:30:15.237 [Test worker] DEBUG c.g.d.z.s.o.a.h.client5.http.headers - http-outgoing-8 >> Accept-Encoding: gzip, x-gzip, deflate
2024-07-24 14:30:15.237 [Test worker] DEBUG c.g.d.z.s.o.a.h.client5.http.headers - http-outgoing-8 >> Host: localhost:2375
2024-07-24 14:30:15.237 [Test worker] DEBUG c.g.d.z.s.o.a.h.client5.http.headers - http-outgoing-8 >> Connection: keep-alive
2024-07-24 14:30:15.237 [Test worker] DEBUG c.g.d.z.s.o.a.hc.client5.http.wire - http-outgoing-8 >> "GET /v1.32/version HTTP/1.1[\r][\n]"
2024-07-24 14:30:15.237 [Test worker] DEBUG c.g.d.z.s.o.a.hc.client5.http.wire - http-outgoing-8 >> "accept: application/json[\r][\n]"
2024-07-24 14:30:15.237 [Test worker] DEBUG c.g.d.z.s.o.a.hc.client5.http.wire - http-outgoing-8 >> "x-tc-sid: 280e6229-7396-4d60-b1e3-a5de48b5d49b[\r][\n]"
2024-07-24 14:30:15.237 [Test worker] DEBUG c.g.d.z.s.o.a.hc.client5.http.wire - http-outgoing-8 >> "User-Agent: tc-java/1.19.8[\r][\n]"
2024-07-24 14:30:15.237 [Test worker] DEBUG c.g.d.z.s.o.a.hc.client5.http.wire - http-outgoing-8 >> "Accept-Encoding: gzip, x-gzip, deflate[\r][\n]"
2024-07-24 14:30:15.237 [Test worker] DEBUG c.g.d.z.s.o.a.hc.client5.http.wire - http-outgoing-8 >> "Host: localhost:2375[\r][\n]"
2024-07-24 14:30:15.237 [Test worker] DEBUG c.g.d.z.s.o.a.hc.client5.http.wire - http-outgoing-8 >> "Connection: keep-alive[\r][\n]"
2024-07-24 14:30:15.237 [Test worker] DEBUG c.g.d.z.s.o.a.hc.client5.http.wire - http-outgoing-8 >> "[\r][\n]"
2024-07-24 14:30:15.247 [Test worker] DEBUG c.g.d.z.s.o.a.hc.client5.http.wire - http-outgoing-8 << "HTTP/1.1 200 OK[\r][\n]"
2024-07-24 14:30:15.248 [Test worker] DEBUG c.g.d.z.s.o.a.hc.client5.http.wire - http-outgoing-8 << "Api-Version: 1.45[\r][\n]"
2024-07-24 14:30:15.248 [Test worker] DEBUG c.g.d.z.s.o.a.hc.client5.http.wire - http-outgoing-8 << "Content-Type: application/json[\r][\n]"
2024-07-24 14:30:15.248 [Test worker] DEBUG c.g.d.z.s.o.a.hc.client5.http.wire - http-outgoing-8 << "Date: Wed, 24 Jul 2024 02:30:15 GMT[\r][\n]"
2024-07-24 14:30:15.248 [Test worker] DEBUG c.g.d.z.s.o.a.hc.client5.http.wire - http-outgoing-8 << "Docker-Experimental: false[\r][\n]"
2024-07-24 14:30:15.248 [Test worker] DEBUG c.g.d.z.s.o.a.hc.client5.http.wire - http-outgoing-8 << "Ostype: linux[\r][\n]"
2024-07-24 14:30:15.248 [Test worker] DEBUG c.g.d.z.s.o.a.hc.client5.http.wire - http-outgoing-8 << "Server: Docker/26.0.0 (linux)[\r][\n]"
2024-07-24 14:30:15.248 [Test worker] DEBUG c.g.d.z.s.o.a.hc.client5.http.wire - http-outgoing-8 << "Transfer-Encoding: chunked[\r][\n]"
2024-07-24 14:30:15.248 [Test worker] DEBUG c.g.d.z.s.o.a.hc.client5.http.wire - http-outgoing-8 << "[\r][\n]"
2024-07-24 14:30:15.248 [Test worker] DEBUG c.g.d.z.s.o.a.h.client5.http.headers - http-outgoing-8 << HTTP/1.1 200 OK
2024-07-24 14:30:15.248 [Test worker] DEBUG c.g.d.z.s.o.a.h.client5.http.headers - http-outgoing-8 << Api-Version: 1.45
2024-07-24 14:30:15.248 [Test worker] DEBUG c.g.d.z.s.o.a.h.client5.http.headers - http-outgoing-8 << Content-Type: application/json
2024-07-24 14:30:15.248 [Test worker] DEBUG c.g.d.z.s.o.a.h.client5.http.headers - http-outgoing-8 << Date: Wed, 24 Jul 2024 02:30:15 GMT
2024-07-24 14:30:15.248 [Test worker] DEBUG c.g.d.z.s.o.a.h.client5.http.headers - http-outgoing-8 << Docker-Experimental: false
2024-07-24 14:30:15.248 [Test worker] DEBUG c.g.d.z.s.o.a.h.client5.http.headers - http-outgoing-8 << Ostype: linux
2024-07-24 14:30:15.248 [Test worker] DEBUG c.g.d.z.s.o.a.h.client5.http.headers - http-outgoing-8 << Server: Docker/26.0.0 (linux)
2024-07-24 14:30:15.248 [Test worker] DEBUG c.g.d.z.s.o.a.h.client5.http.headers - http-outgoing-8 << Transfer-Encoding: chunked
2024-07-24 14:30:15.248 [Test worker] DEBUG c.g.d.z.s.o.a.h.c.h.i.c.MainClientExec - ex-0000005B: connection can be kept alive for 3 MINUTES
2024-07-24 14:30:15.248 [Test worker] DEBUG c.g.d.z.s.o.a.hc.client5.http.wire - http-outgoing-8 << "35f[\r][\n]"
2024-07-24 14:30:15.248 [Test worker] DEBUG c.g.d.z.s.o.a.hc.client5.http.wire - http-outgoing-8 << "{"Platform":{"Name":"Docker Desktop 4.29.0 (145265)"},"Components":[{"Name":"Engine","Version":"26.0.0","Details":{"ApiVersion":"1.45","Arch":"amd64","BuildTime":"2024-03-20T15:18:01.000000000+00:00","Experimental":"false","GitCommit":"8b79278","GoVersion":"go1.21.8","KernelVersion":"5.15.153.1-microsoft-standard-WSL2","MinAPIVersion":"1.24","Os":"linux"}},{"Name":"containerd","Version":"1.6.28","Details":{"GitCommit":"ae07eda36dd25f8a1b98dfbf587313b99c0190bb"}},{"Name":"runc","Version":"1.1.12","Details":{"GitCommit":"v1.1.12-0-g51d5e94"}},{"Name":"docker-init","Version":"0.19.0","Details":{"GitCommit":"de40ad0"}}],"Version":"26.0.0","ApiVersion":"1.45","MinAPIVersion":"1.24","GitCommit":"8b79278","GoVersion":"go1.21.8","Os":"linux","Arch":"amd64","KernelVersion":"5.15.153.1-microsoft-standard-WSL2","BuildTime":"2024-03-20T15:18:01.000000000+00:00"}[\n]"
2024-07-24 14:30:15.248 [Test worker] DEBUG c.g.d.z.s.o.a.hc.client5.http.wire - http-outgoing-8 << "[\r][\n]"
2024-07-24 14:30:15.248 [Test worker] DEBUG c.g.d.z.s.o.a.hc.client5.http.wire - http-outgoing-8 << "0[\r][\n]"
2024-07-24 14:30:15.248 [Test worker] DEBUG c.g.d.z.s.o.a.hc.client5.http.wire - http-outgoing-8 << "[\r][\n]"
2024-07-24 14:30:15.249 [Test worker] DEBUG c.g.d.z.s.o.a.h.c.h.i.c.InternalHttpClient - ep-0000005A: releasing valid endpoint
2024-07-24 14:30:15.249 [Test worker] DEBUG c.g.d.z.s.o.a.h.c.h.i.i.PoolingHttpClientConnectionManager - ep-0000005A: releasing endpoint
2024-07-24 14:30:15.249 [Test worker] DEBUG c.g.d.z.s.o.a.h.c.h.i.i.PoolingHttpClientConnectionManager - ep-0000005A: connection http-outgoing-8 can be kept alive for 3 MINUTES
2024-07-24 14:30:15.249 [Test worker] DEBUG c.g.d.z.s.o.a.h.c.h.i.i.PoolingHttpClientConnectionManager - ep-0000005A: connection released [route: {}->npipe://localhost:2375][total available: 1; route allocated: 1 of 2147483647; total allocated: 1 of 2147483647]
2024-07-24 14:30:15.249 [Test worker] TRACE o.t.s.c.g.d.c.e.LogContainerCmdExec - GET: DefaultWebTarget{path=[/containers/9c9e6331adc7367db79fb05085835d5cab36ae808332a452ad5f7b77df0f7404/logs], queryParams={stdout=[true], stderr=[true], follow=[true], since=[0]}}
2024-07-24 14:30:15.250 [docker-java-stream-2012592493] DEBUG c.g.d.z.s.o.a.h.c.h.i.c.InternalHttpClient - ex-0000005C: preparing request execution
2024-07-24 14:30:15.250 [docker-java-stream-2012592493] DEBUG c.g.d.z.s.o.a.h.c.h.p.RequestAddCookies - Cookie spec selected: strict
2024-07-24 14:30:15.250 [docker-java-stream-2012592493] DEBUG c.g.d.z.s.o.a.h.c.h.p.RequestAuthCache - Auth cache not set in the context
2024-07-24 14:30:15.250 [docker-java-stream-2012592493] DEBUG c.g.d.z.s.o.a.h.c.h.i.c.ProtocolExec - ex-0000005C: target auth state: UNCHALLENGED
2024-07-24 14:30:15.250 [docker-java-stream-2012592493] DEBUG c.g.d.z.s.o.a.h.c.h.i.c.ProtocolExec - ex-0000005C: proxy auth state: UNCHALLENGED
2024-07-24 14:30:15.250 [docker-java-stream-2012592493] DEBUG c.g.d.z.s.o.a.h.c.h.i.c.ConnectExec - ex-0000005C: acquiring connection with route {}->npipe://localhost:2375
2024-07-24 14:30:15.250 [docker-java-stream-2012592493] DEBUG c.g.d.z.s.o.a.h.c.h.i.c.InternalHttpClient - ex-0000005C: acquiring endpoint (3 MINUTES)
2024-07-24 14:30:15.250 [docker-java-stream-2012592493] DEBUG c.g.d.z.s.o.a.h.c.h.i.i.PoolingHttpClientConnectionManager - ex-0000005C: endpoint lease request (3 MINUTES) [route: {}->npipe://localhost:2375][total available: 1; route allocated: 1 of 2147483647; total allocated: 1 of 2147483647]
2024-07-24 14:30:15.250 [docker-java-stream-2012592493] DEBUG c.g.d.z.s.o.a.h.c.h.i.i.PoolingHttpClientConnectionManager - ex-0000005C: endpoint leased [route: {}->npipe://localhost:2375][total available: 0; route allocated: 1 of 2147483647; total allocated: 1 of 2147483647]
2024-07-24 14:30:15.250 [docker-java-stream-2012592493] DEBUG c.g.d.z.s.o.a.h.c.h.i.i.PoolingHttpClientConnectionManager - ex-0000005C: acquired ep-0000005B
2024-07-24 14:30:15.250 [docker-java-stream-2012592493] DEBUG c.g.d.z.s.o.a.h.c.h.i.c.InternalHttpClient - ex-0000005C: acquired endpoint ep-0000005B
2024-07-24 14:30:15.250 [docker-java-stream-2012592493] DEBUG c.g.d.z.s.o.a.h.c.h.i.c.MainClientExec - ex-0000005C: executing GET /v1.32/containers/9c9e6331adc7367db79fb05085835d5cab36ae808332a452ad5f7b77df0f7404/logs?stdout=true&stderr=true&follow=true&since=0 HTTP/1.1
2024-07-24 14:30:15.250 [docker-java-stream-2012592493] DEBUG c.g.d.z.s.o.a.h.c.h.i.c.InternalHttpClient - ep-0000005B: start execution ex-0000005C
2024-07-24 14:30:15.250 [docker-java-stream-2012592493] DEBUG c.g.d.z.s.o.a.h.c.h.i.i.PoolingHttpClientConnectionManager - ep-0000005B: executing exchange ex-0000005C over http-outgoing-8
2024-07-24 14:30:15.250 [docker-java-stream-2012592493] DEBUG c.g.d.z.s.o.a.h.client5.http.headers - http-outgoing-8 >> GET /v1.32/containers/9c9e6331adc7367db79fb05085835d5cab36ae808332a452ad5f7b77df0f7404/logs?stdout=true&stderr=true&follow=true&since=0 HTTP/1.1
2024-07-24 14:30:15.250 [docker-java-stream-2012592493] DEBUG c.g.d.z.s.o.a.h.client5.http.headers - http-outgoing-8 >> x-tc-sid: 280e6229-7396-4d60-b1e3-a5de48b5d49b
2024-07-24 14:30:15.250 [docker-java-stream-2012592493] DEBUG c.g.d.z.s.o.a.h.client5.http.headers - http-outgoing-8 >> User-Agent: tc-java/1.19.8
2024-07-24 14:30:15.250 [docker-java-stream-2012592493] DEBUG c.g.d.z.s.o.a.h.client5.http.headers - http-outgoing-8 >> Accept-Encoding: gzip, x-gzip, deflate
2024-07-24 14:30:15.250 [docker-java-stream-2012592493] DEBUG c.g.d.z.s.o.a.h.client5.http.headers - http-outgoing-8 >> Host: localhost:2375
2024-07-24 14:30:15.250 [docker-java-stream-2012592493] DEBUG c.g.d.z.s.o.a.h.client5.http.headers - http-outgoing-8 >> Connection: keep-alive
2024-07-24 14:30:15.250 [docker-java-stream-2012592493] DEBUG c.g.d.z.s.o.a.hc.client5.http.wire - http-outgoing-8 >> "GET /v1.32/containers/9c9e6331adc7367db79fb05085835d5cab36ae808332a452ad5f7b77df0f7404/logs?stdout=true&stderr=true&follow=true&since=0 HTTP/1.1[\r][\n]"
2024-07-24 14:30:15.250 [docker-java-stream-2012592493] DEBUG c.g.d.z.s.o.a.hc.client5.http.wire - http-outgoing-8 >> "x-tc-sid: 280e6229-7396-4d60-b1e3-a5de48b5d49b[\r][\n]"
2024-07-24 14:30:15.250 [docker-java-stream-2012592493] DEBUG c.g.d.z.s.o.a.hc.client5.http.wire - http-outgoing-8 >> "User-Agent: tc-java/1.19.8[\r][\n]"
2024-07-24 14:30:15.250 [docker-java-stream-2012592493] DEBUG c.g.d.z.s.o.a.hc.client5.http.wire - http-outgoing-8 >> "Accept-Encoding: gzip, x-gzip, deflate[\r][\n]"
2024-07-24 14:30:15.250 [docker-java-stream-2012592493] DEBUG c.g.d.z.s.o.a.hc.client5.http.wire - http-outgoing-8 >> "Host: localhost:2375[\r][\n]"
2024-07-24 14:30:15.250 [docker-java-stream-2012592493] DEBUG c.g.d.z.s.o.a.hc.client5.http.wire - http-outgoing-8 >> "Connection: keep-alive[\r][\n]"
2024-07-24 14:30:15.250 [docker-java-stream-2012592493] DEBUG c.g.d.z.s.o.a.hc.client5.http.wire - http-outgoing-8 >> "[\r][\n]"
2024-07-24 14:30:15.254 [docker-java-stream-2012592493] DEBUG c.g.d.z.s.o.a.hc.client5.http.wire - http-outgoing-8 << "HTTP/1.1 200 OK[\r][\n]"
2024-07-24 14:30:15.254 [docker-java-stream-2012592493] DEBUG c.g.d.z.s.o.a.hc.client5.http.wire - http-outgoing-8 << "Api-Version: 1.45[\r][\n]"
2024-07-24 14:30:15.254 [docker-java-stream-2012592493] DEBUG c.g.d.z.s.o.a.hc.client5.http.wire - http-outgoing-8 << "Content-Type: application/vnd.docker.raw-stream[\r][\n]"
2024-07-24 14:30:15.254 [docker-java-stream-2012592493] DEBUG c.g.d.z.s.o.a.hc.client5.http.wire - http-outgoing-8 << "Date: Wed, 24 Jul 2024 02:30:15 GMT[\r][\n]"
2024-07-24 14:30:15.254 [docker-java-stream-2012592493] DEBUG c.g.d.z.s.o.a.hc.client5.http.wire - http-outgoing-8 << "Docker-Experimental: false[\r][\n]"
2024-07-24 14:30:15.254 [docker-java-stream-2012592493] DEBUG c.g.d.z.s.o.a.hc.client5.http.wire - http-outgoing-8 << "Ostype: linux[\r][\n]"
2024-07-24 14:30:15.254 [docker-java-stream-2012592493] DEBUG c.g.d.z.s.o.a.hc.client5.http.wire - http-outgoing-8 << "Server: Docker/26.0.0 (linux)[\r][\n]"
2024-07-24 14:30:15.254 [docker-java-stream-2012592493] DEBUG c.g.d.z.s.o.a.hc.client5.http.wire - http-outgoing-8 << "Transfer-Encoding: chunked[\r][\n]"
2024-07-24 14:30:15.254 [docker-java-stream-2012592493] DEBUG c.g.d.z.s.o.a.hc.client5.http.wire - http-outgoing-8 << "[\r][\n]"
2024-07-24 14:30:15.254 [docker-java-stream-2012592493] DEBUG c.g.d.z.s.o.a.h.client5.http.headers - http-outgoing-8 << HTTP/1.1 200 OK
2024-07-24 14:30:15.254 [docker-java-stream-2012592493] DEBUG c.g.d.z.s.o.a.h.client5.http.headers - http-outgoing-8 << Api-Version: 1.45
2024-07-24 14:30:15.254 [docker-java-stream-2012592493] DEBUG c.g.d.z.s.o.a.h.client5.http.headers - http-outgoing-8 << Content-Type: application/vnd.docker.raw-stream
2024-07-24 14:30:15.254 [docker-java-stream-2012592493] DEBUG c.g.d.z.s.o.a.h.client5.http.headers - http-outgoing-8 << Date: Wed, 24 Jul 2024 02:30:15 GMT
2024-07-24 14:30:15.254 [docker-java-stream-2012592493] DEBUG c.g.d.z.s.o.a.h.client5.http.headers - http-outgoing-8 << Docker-Experimental: false
2024-07-24 14:30:15.254 [docker-java-stream-2012592493] DEBUG c.g.d.z.s.o.a.h.client5.http.headers - http-outgoing-8 << Ostype: linux
2024-07-24 14:30:15.254 [docker-java-stream-2012592493] DEBUG c.g.d.z.s.o.a.h.client5.http.headers - http-outgoing-8 << Server: Docker/26.0.0 (linux)
2024-07-24 14:30:15.254 [docker-java-stream-2012592493] DEBUG c.g.d.z.s.o.a.h.client5.http.headers - http-outgoing-8 << Transfer-Encoding: chunked
2024-07-24 14:30:15.254 [docker-java-stream-2012592493] DEBUG c.g.d.z.s.o.a.h.c.h.i.c.MainClientExec - ex-0000005C: connection can be kept alive for 3 MINUTES
2024-07-24 14:30:15.256 [docker-java-stream-2012592493] DEBUG c.g.d.z.s.o.a.hc.client5.http.wire - http-outgoing-8 << "1fd[\r][\n]"
2024-07-24 14:30:15.256 [docker-java-stream-2012592493] DEBUG c.g.d.z.s.o.a.hc.client5.http.wire - http-outgoing-8 << "[0x1][0x0][0x0][0x0][0x0][0x0][0x0]NThe files belonging to this database system will be owned by user "postgres".[\n]"
2024-07-24 14:30:15.256 [docker-java-stream-2012592493] DEBUG c.g.d.z.s.o.a.hc.client5.http.wire - http-outgoing-8 << "[0x1][0x0][0x0][0x0][0x0][0x0][0x0],This user must also own the server process.[\n]"
2024-07-24 14:30:15.256 [docker-java-stream-2012592493] DEBUG c.g.d.z.s.o.a.hc.client5.http.wire - http-outgoing-8 << "[0x1][0x0][0x0][0x0][0x0][0x0][0x0][0x1][\n]"
2024-07-24 14:30:15.256 [docker-java-stream-2012592493] DEBUG c.g.d.z.s.o.a.hc.client5.http.wire - http-outgoing-8 << "[0x1][0x0][0x0][0x0][0x0][0x0][0x0]CThe database cluster will be initialized with locale "en_US.utf8".[\n]"
2024-07-24 14:30:15.256 [docker-java-stream-2012592493] DEBUG c.g.d.z.s.o.a.hc.client5.http.wire - http-outgoing-8 << "[0x1][0x0][0x0][0x0][0x0][0x0][0x0]BThe default database encoding has accordingly been set to "UTF8".[\n]"
2024-07-24 14:30:15.256 [docker-java-stream-2012592493] DEBUG c.g.d.z.s.o.a.hc.client5.http.wire - http-outgoing-8 << "[0x1][0x0][0x0][0x0][0x0][0x0][0x0]@The default text search configuration will be set to "english".[\n]"
2024-07-24 14:30:15.256 [docker-java-stream-2012592493] DEBUG c.g.d.z.s.o.a.hc.client5.http.wire - http-outgoing-8 << "[0x1][0x0][0x0][0x0][0x0][0x0][0x0][0x1][\n]"
2024-07-24 14:30:15.256 [docker-java-stream-2012592493] DEBUG c.g.d.z.s.o.a.hc.client5.http.wire - http-outgoing-8 << "[0x1][0x0][0x0][0x0][0x0][0x0][0x0]"Data page checksums are disabled.[\n]"
2024-07-24 14:30:15.256 [docker-java-stream-2012592493] DEBUG c.g.d.z.s.o.a.hc.client5.http.wire - http-outgoing-8 << "[0x1][0x0][0x0][0x0][0x0][0x0][0x0][0x1][\n]"
2024-07-24 14:30:15.256 [docker-java-stream-2012592493] DEBUG c.g.d.z.s.o.a.hc.client5.http.wire - http-outgoing-8 << "[0x1][0x0][0x0][0x0][0x0][0x0][0x0]Ifixing permissions on existing directory /var/lib/postgresql/data ... ok[\n]"
2024-07-24 14:30:15.256 [docker-java-stream-2012592493] DEBUG c.g.d.z.s.o.a.hc.client5.http.wire - http-outgoing-8 << "[\r][\n]"
2024-07-24 14:30:15.256 [Test worker] DEBUG o.t.c.output.WaitingConsumer - STDOUT: The default database encoding has accordingly been set to "UTF8".
2024-07-24 14:30:15.256 [Test worker] DEBUG o.t.c.output.WaitingConsumer - STDOUT: fixing permissions on existing directory /var/lib/postgresql/data ... ok
2024-07-24 14:30:15.256 [Test worker] DEBUG o.t.c.output.WaitingConsumer - STDOUT: 
2024-07-24 14:30:15.256 [Test worker] DEBUG o.t.c.output.WaitingConsumer - STDOUT: Data page checksums are disabled.
2024-07-24 14:30:15.256 [Test worker] DEBUG o.t.c.output.WaitingConsumer - STDOUT: 
2024-07-24 14:30:15.256 [Test worker] DEBUG o.t.c.output.WaitingConsumer - STDOUT: The default text search configuration will be set to "english".
2024-07-24 14:30:15.256 [Test worker] DEBUG o.t.c.output.WaitingConsumer - STDOUT: The database cluster will be initialized with locale "en_US.utf8".
2024-07-24 14:30:15.256 [Test worker] DEBUG o.t.c.output.WaitingConsumer - STDOUT: 
2024-07-24 14:30:15.256 [Test worker] DEBUG o.t.c.output.WaitingConsumer - STDOUT: This user must also own the server process.
2024-07-24 14:30:15.256 [Test worker] DEBUG o.t.c.output.WaitingConsumer - STDOUT: The files belonging to this database system will be owned by user "postgres".
2024-07-24 14:30:15.262 [docker-java-stream-2012592493] DEBUG c.g.d.z.s.o.a.hc.client5.http.wire - http-outgoing-8 << "68[\r][\n]"
2024-07-24 14:30:15.262 [docker-java-stream-2012592493] DEBUG c.g.d.z.s.o.a.hc.client5.http.wire - http-outgoing-8 << "[0x1][0x0][0x0][0x0][0x0][0x0][0x0][0x1f]creating subdirectories ... ok[\n]"
2024-07-24 14:30:15.262 [docker-java-stream-2012592493] DEBUG c.g.d.z.s.o.a.hc.client5.http.wire - http-outgoing-8 << "[0x1][0x0][0x0][0x0][0x0][0x0][0x0]9selecting dynamic shared memory implementation ... posix[\n]"
2024-07-24 14:30:15.262 [docker-java-stream-2012592493] DEBUG c.g.d.z.s.o.a.hc.client5.http.wire - http-outgoing-8 << "[\r][\n]"
2024-07-24 14:30:15.273 [Test worker] DEBUG o.t.c.output.WaitingConsumer - STDOUT: selecting dynamic shared memory implementation ... posix
2024-07-24 14:30:15.273 [Test worker] DEBUG o.t.c.output.WaitingConsumer - STDOUT: creating subdirectories ... ok
2024-07-24 14:30:15.280 [docker-java-stream-2012592493] DEBUG c.g.d.z.s.o.a.hc.client5.http.wire - http-outgoing-8 << "32[\r][\n]"
2024-07-24 14:30:15.280 [docker-java-stream-2012592493] DEBUG c.g.d.z.s.o.a.hc.client5.http.wire - http-outgoing-8 << "[0x1][0x0][0x0][0x0][0x0][0x0][0x0]*selecting default max_connections ... 100[\n]"
2024-07-24 14:30:15.280 [docker-java-stream-2012592493] DEBUG c.g.d.z.s.o.a.hc.client5.http.wire - http-outgoing-8 << "[\r][\n]"
2024-07-24 14:30:15.288 [Test worker] DEBUG o.t.c.output.WaitingConsumer - STDOUT: selecting default max_connections ... 100
2024-07-24 14:30:15.306 [docker-java-stream-2012592493] DEBUG c.g.d.z.s.o.a.hc.client5.http.wire - http-outgoing-8 << "33[\r][\n]"
2024-07-24 14:30:15.306 [docker-java-stream-2012592493] DEBUG c.g.d.z.s.o.a.hc.client5.http.wire - http-outgoing-8 << "[0x1][0x0][0x0][0x0][0x0][0x0][0x0]+selecting default shared_buffers ... 128MB[\n]"
2024-07-24 14:30:15.306 [docker-java-stream-2012592493] DEBUG c.g.d.z.s.o.a.hc.client5.http.wire - http-outgoing-8 << "[\r][\n]"
2024-07-24 14:30:15.306 [Test worker] DEBUG o.t.c.output.WaitingConsumer - STDOUT: selecting default shared_buffers ... 128MB
2024-07-24 14:30:15.325 [docker-java-stream-2012592493] DEBUG c.g.d.z.s.o.a.hc.client5.http.wire - http-outgoing-8 << "30[\r][\n]"
2024-07-24 14:30:15.326 [docker-java-stream-2012592493] DEBUG c.g.d.z.s.o.a.hc.client5.http.wire - http-outgoing-8 << "[0x1][0x0][0x0][0x0][0x0][0x0][0x0](selecting default time zone ... Etc/UTC[\n]"
2024-07-24 14:30:15.326 [docker-java-stream-2012592493] DEBUG c.g.d.z.s.o.a.hc.client5.http.wire - http-outgoing-8 << "[\r][\n]"
2024-07-24 14:30:15.326 [Test worker] DEBUG o.t.c.output.WaitingConsumer - STDOUT: selecting default time zone ... Etc/UTC
2024-07-24 14:30:15.326 [docker-java-stream-2012592493] DEBUG c.g.d.z.s.o.a.hc.client5.http.wire - http-outgoing-8 << "2c[\r][\n]"
2024-07-24 14:30:15.326 [docker-java-stream-2012592493] DEBUG c.g.d.z.s.o.a.hc.client5.http.wire - http-outgoing-8 << "[0x1][0x0][0x0][0x0][0x0][0x0][0x0]$creating configuration files ... ok[\n]"
2024-07-24 14:30:15.326 [docker-java-stream-2012592493] DEBUG c.g.d.z.s.o.a.hc.client5.http.wire - http-outgoing-8 << "[\r][\n]"
2024-07-24 14:30:15.350 [Test worker] DEBUG o.t.c.output.WaitingConsumer - STDOUT: creating configuration files ... ok
2024-07-24 14:30:15.463 [docker-java-stream-2012592493] DEBUG c.g.d.z.s.o.a.hc.client5.http.wire - http-outgoing-8 << "28[\r][\n]"
2024-07-24 14:30:15.463 [docker-java-stream-2012592493] DEBUG c.g.d.z.s.o.a.hc.client5.http.wire - http-outgoing-8 << "[0x1][0x0][0x0][0x0][0x0][0x0][0x0] running bootstrap script ... ok[\n]"
2024-07-24 14:30:15.463 [docker-java-stream-2012592493] DEBUG c.g.d.z.s.o.a.hc.client5.http.wire - http-outgoing-8 << "[\r][\n]"
2024-07-24 14:30:15.464 [Test worker] DEBUG o.t.c.output.WaitingConsumer - STDOUT: running bootstrap script ... ok
2024-07-24 14:30:15.791 [docker-java-stream-2012592493] DEBUG c.g.d.z.s.o.a.hc.client5.http.wire - http-outgoing-8 << "38[\r][\n]"
2024-07-24 14:30:15.791 [docker-java-stream-2012592493] DEBUG c.g.d.z.s.o.a.hc.client5.http.wire - http-outgoing-8 << "[0x1][0x0][0x0][0x0][0x0][0x0][0x0]0performing post-bootstrap initialization ... ok[\n]"
2024-07-24 14:30:15.791 [docker-java-stream-2012592493] DEBUG c.g.d.z.s.o.a.hc.client5.http.wire - http-outgoing-8 << "[\r][\n]"
2024-07-24 14:30:15.792 [Test worker] DEBUG o.t.c.output.WaitingConsumer - STDOUT: performing post-bootstrap initialization ... ok
2024-07-24 14:30:16.257 [docker-java-stream-2012592493] DEBUG c.g.d.z.s.o.a.hc.client5.http.wire - http-outgoing-8 << "1ad[\r][\n]"
2024-07-24 14:30:16.257 [docker-java-stream-2012592493] DEBUG c.g.d.z.s.o.a.hc.client5.http.wire - http-outgoing-8 << "[0x2][0x0][0x0][0x0][0x0][0x0][0x0]Ginitdb: warning: enabling "trust" authentication for local connections[\n]"
2024-07-24 14:30:16.257 [docker-java-stream-2012592493] DEBUG c.g.d.z.s.o.a.hc.client5.http.wire - http-outgoing-8 << "[0x2][0x0][0x0][0x0][0x0][0x0][0x0][0xffffff90]initdb: hint: You can change this by editing pg_hba.conf or using the option -A, or --auth-local and --auth-host, the next time you run initdb.[\n]"
2024-07-24 14:30:16.257 [docker-java-stream-2012592493] DEBUG c.g.d.z.s.o.a.hc.client5.http.wire - http-outgoing-8 << "[0x1][0x0][0x0][0x0][0x0][0x0][0x0][0x1c]syncing data to disk ... ok[\n]"
2024-07-24 14:30:16.257 [docker-java-stream-2012592493] DEBUG c.g.d.z.s.o.a.hc.client5.http.wire - http-outgoing-8 << "[0x1][0x0][0x0][0x0][0x0][0x0][0x0][0x1][\n]"
2024-07-24 14:30:16.258 [docker-java-stream-2012592493] DEBUG c.g.d.z.s.o.a.hc.client5.http.wire - http-outgoing-8 << "[0x1][0x0][0x0][0x0][0x0][0x0][0x0][0x1][\n]"
2024-07-24 14:30:16.258 [docker-java-stream-2012592493] DEBUG c.g.d.z.s.o.a.hc.client5.http.wire - http-outgoing-8 << "[0x1][0x0][0x0][0x0][0x0][0x0][0x0]6Success. You can now start the database server using:[\n]"
2024-07-24 14:30:16.258 [docker-java-stream-2012592493] DEBUG c.g.d.z.s.o.a.hc.client5.http.wire - http-outgoing-8 << "[0x1][0x0][0x0][0x0][0x0][0x0][0x0][0x1][\n]"
2024-07-24 14:30:16.258 [docker-java-stream-2012592493] DEBUG c.g.d.z.s.o.a.hc.client5.http.wire - http-outgoing-8 << "[0x1][0x0][0x0][0x0][0x0][0x0][0x0]8    pg_ctl -D /var/lib/postgresql/data -l logfile start[\n]"
2024-07-24 14:30:16.258 [docker-java-stream-2012592493] DEBUG c.g.d.z.s.o.a.hc.client5.http.wire - http-outgoing-8 << "[0x1][0x0][0x0][0x0][0x0][0x0][0x0][0x1][\n]"
2024-07-24 14:30:16.258 [docker-java-stream-2012592493] DEBUG c.g.d.z.s.o.a.hc.client5.http.wire - http-outgoing-8 << "[\r][\n]"
2024-07-24 14:30:16.258 [Test worker] DEBUG o.t.c.output.WaitingConsumer - STDERR: initdb: hint: You can change this by editing pg_hba.conf or using the option -A, or --auth-local and --auth-host, the next time you run initdb.
2024-07-24 14:30:16.258 [Test worker] DEBUG o.t.c.output.WaitingConsumer - STDOUT: 
2024-07-24 14:30:16.258 [Test worker] DEBUG o.t.c.output.WaitingConsumer - STDOUT:     pg_ctl -D /var/lib/postgresql/data -l logfile start
2024-07-24 14:30:16.258 [Test worker] DEBUG o.t.c.output.WaitingConsumer - STDOUT: 
2024-07-24 14:30:16.258 [Test worker] DEBUG o.t.c.output.WaitingConsumer - STDOUT: Success. You can now start the database server using:
2024-07-24 14:30:16.258 [Test worker] DEBUG o.t.c.output.WaitingConsumer - STDOUT: 
2024-07-24 14:30:16.258 [Test worker] DEBUG o.t.c.output.WaitingConsumer - STDOUT: 
2024-07-24 14:30:16.258 [Test worker] DEBUG o.t.c.output.WaitingConsumer - STDOUT: syncing data to disk ... ok
2024-07-24 14:30:16.258 [Test worker] DEBUG o.t.c.output.WaitingConsumer - STDERR: initdb: warning: enabling "trust" authentication for local connections
2024-07-24 14:30:16.299 [docker-java-stream-2012592493] DEBUG c.g.d.z.s.o.a.hc.client5.http.wire - http-outgoing-8 << "137[\r][\n]"
2024-07-24 14:30:16.299 [docker-java-stream-2012592493] DEBUG c.g.d.z.s.o.a.hc.client5.http.wire - http-outgoing-8 << "[0x1][0x0][0x0][0x0][0x0][0x0][0x0][0xffffffc3]waiting for server to start....2024-07-24 02:30:16.297 UTC [48] LOG:  starting PostgreSQL 16.2 (Debian 16.2-1.pgdg120+2) on x86_64-pc-linux-gnu, compiled by gcc (Debian 12.2.0-14) 12.2.0, 64-bit[\n]"
2024-07-24 14:30:16.299 [docker-java-stream-2012592493] DEBUG c.g.d.z.s.o.a.hc.client5.http.wire - http-outgoing-8 << "[0x1][0x0][0x0][0x0][0x0][0x0][0x0]d2024-07-24 02:30:16.298 UTC [48] LOG:  listening on Unix socket "/var/run/postgresql/.s.PGSQL.5432"[\n]"
2024-07-24 14:30:16.299 [docker-java-stream-2012592493] DEBUG c.g.d.z.s.o.a.hc.client5.http.wire - http-outgoing-8 << "[\r][\n]"
2024-07-24 14:30:16.299 [Test worker] DEBUG o.t.c.output.WaitingConsumer - STDOUT: 2024-07-24 02:30:16.298 UTC [48] LOG:  listening on Unix socket "/var/run/postgresql/.s.PGSQL.5432"
2024-07-24 14:30:16.300 [Test worker] DEBUG o.t.c.output.WaitingConsumer - STDOUT: waiting for server to start....2024-07-24 02:30:16.297 UTC [48] LOG:  starting PostgreSQL 16.2 (Debian 16.2-1.pgdg120+2) on x86_64-pc-linux-gnu, compiled by gcc (Debian 12.2.0-14) 12.2.0, 64-bit
2024-07-24 14:30:16.302 [docker-java-stream-2012592493] DEBUG c.g.d.z.s.o.a.hc.client5.http.wire - http-outgoing-8 << "68[\r][\n]"
2024-07-24 14:30:16.302 [docker-java-stream-2012592493] DEBUG c.g.d.z.s.o.a.hc.client5.http.wire - http-outgoing-8 << "[0x1][0x0][0x0][0x0][0x0][0x0][0x0]`2024-07-24 02:30:16.301 UTC [51] LOG:  database system was shut down at 2024-07-24 02:30:15 UTC[\n]"
2024-07-24 14:30:16.302 [docker-java-stream-2012592493] DEBUG c.g.d.z.s.o.a.hc.client5.http.wire - http-outgoing-8 << "[\r][\n]"
2024-07-24 14:30:16.308 [docker-java-stream-2012592493] DEBUG c.g.d.z.s.o.a.hc.client5.http.wire - http-outgoing-8 << "5e[\r][\n]"
2024-07-24 14:30:16.308 [docker-java-stream-2012592493] DEBUG c.g.d.z.s.o.a.hc.client5.http.wire - http-outgoing-8 << "[0x1][0x0][0x0][0x0][0x0][0x0][0x0]V2024-07-24 02:30:16.306 UTC [48] LOG:  database system is ready to accept connections[\n]"
2024-07-24 14:30:16.308 [docker-java-stream-2012592493] DEBUG c.g.d.z.s.o.a.hc.client5.http.wire - http-outgoing-8 << "[\r][\n]"
2024-07-24 14:30:16.315 [Test worker] DEBUG o.t.c.output.WaitingConsumer - STDOUT: 2024-07-24 02:30:16.306 UTC [48] LOG:  database system is ready to accept connections
2024-07-24 14:30:16.315 [Test worker] DEBUG o.t.c.output.WaitingConsumer - STDOUT: 2024-07-24 02:30:16.301 UTC [51] LOG:  database system was shut down at 2024-07-24 02:30:15 UTC
2024-07-24 14:30:16.382 [docker-java-stream-2012592493] DEBUG c.g.d.z.s.o.a.hc.client5.http.wire - http-outgoing-8 << "25[\r][\n]"
2024-07-24 14:30:16.382 [docker-java-stream-2012592493] DEBUG c.g.d.z.s.o.a.hc.client5.http.wire - http-outgoing-8 << "[0x1][0x0][0x0][0x0][0x0][0x0][0x0][0x6] done[\n]"
2024-07-24 14:30:16.382 [docker-java-stream-2012592493] DEBUG c.g.d.z.s.o.a.hc.client5.http.wire - http-outgoing-8 << "[0x1][0x0][0x0][0x0][0x0][0x0][0x0][0xf]server started[\n]"
2024-07-24 14:30:16.382 [docker-java-stream-2012592493] DEBUG c.g.d.z.s.o.a.hc.client5.http.wire - http-outgoing-8 << "[\r][\n]"
2024-07-24 14:30:16.382 [Test worker] DEBUG o.t.c.output.WaitingConsumer - STDOUT: server started
2024-07-24 14:30:16.382 [Test worker] DEBUG o.t.c.output.WaitingConsumer - STDOUT:  done
2024-07-24 14:30:16.469 [docker-java-stream-2012592493] DEBUG c.g.d.z.s.o.a.hc.client5.http.wire - http-outgoing-8 << "18[\r][\n]"
2024-07-24 14:30:16.469 [docker-java-stream-2012592493] DEBUG c.g.d.z.s.o.a.hc.client5.http.wire - http-outgoing-8 << "[0x1][0x0][0x0][0x0][0x0][0x0][0x0][0x10]CREATE DATABASE[\n]"
2024-07-24 14:30:16.469 [docker-java-stream-2012592493] DEBUG c.g.d.z.s.o.a.hc.client5.http.wire - http-outgoing-8 << "[\r][\n]"
2024-07-24 14:30:16.469 [Test worker] DEBUG o.t.c.output.WaitingConsumer - STDOUT: CREATE DATABASE
2024-07-24 14:30:16.469 [docker-java-stream-2012592493] DEBUG c.g.d.z.s.o.a.hc.client5.http.wire - http-outgoing-8 << "9[\r][\n]"
2024-07-24 14:30:16.469 [docker-java-stream-2012592493] DEBUG c.g.d.z.s.o.a.hc.client5.http.wire - http-outgoing-8 << "[0x1][0x0][0x0][0x0][0x0][0x0][0x0][0x1][\n]"
2024-07-24 14:30:16.469 [docker-java-stream-2012592493] DEBUG c.g.d.z.s.o.a.hc.client5.http.wire - http-outgoing-8 << "[\r][\n]"
2024-07-24 14:30:16.470 [docker-java-stream-2012592493] DEBUG c.g.d.z.s.o.a.hc.client5.http.wire - http-outgoing-8 << "66[\r][\n]"
2024-07-24 14:30:16.470 [docker-java-stream-2012592493] DEBUG c.g.d.z.s.o.a.hc.client5.http.wire - http-outgoing-8 << "[0x1][0x0][0x0][0x0][0x0][0x0][0x0][0x1][\n]"
2024-07-24 14:30:16.470 [docker-java-stream-2012592493] DEBUG c.g.d.z.s.o.a.hc.client5.http.wire - http-outgoing-8 << "[0x1][0x0][0x0][0x0][0x0][0x0][0x0]L/usr/local/bin/docker-entrypoint.sh: ignoring /docker-entrypoint-initdb.d/*[\n]"
2024-07-24 14:30:16.470 [docker-java-stream-2012592493] DEBUG c.g.d.z.s.o.a.hc.client5.http.wire - http-outgoing-8 << "[0x1][0x0][0x0][0x0][0x0][0x0][0x0][0x1][\n]"
2024-07-24 14:30:16.470 [docker-java-stream-2012592493] DEBUG c.g.d.z.s.o.a.hc.client5.http.wire - http-outgoing-8 << "[\r][\n]"
2024-07-24 14:30:16.471 [docker-java-stream-2012592493] DEBUG c.g.d.z.s.o.a.hc.client5.http.wire - http-outgoing-8 << "c0[\r][\n]"
2024-07-24 14:30:16.471 [docker-java-stream-2012592493] DEBUG c.g.d.z.s.o.a.hc.client5.http.wire - http-outgoing-8 << "[0x1][0x0][0x0][0x0][0x0][0x0][0x0]hwaiting for server to shut down...2024-07-24 02:30:16.470 UTC [48] LOG:  received fast shutdown request[\n]"
2024-07-24 14:30:16.471 [docker-java-stream-2012592493] DEBUG c.g.d.z.s.o.a.hc.client5.http.wire - http-outgoing-8 << "[0x1][0x0][0x0][0x0][0x0][0x0][0x0]H2024-07-24 02:30:16.470 UTC [48] LOG:  aborting any active transactions[\n]"
2024-07-24 14:30:16.471 [docker-java-stream-2012592493] DEBUG c.g.d.z.s.o.a.hc.client5.http.wire - http-outgoing-8 << "[\r][\n]"
2024-07-24 14:30:16.473 [docker-java-stream-2012592493] DEBUG c.g.d.z.s.o.a.hc.client5.http.wire - http-outgoing-8 << "82[\r][\n]"
2024-07-24 14:30:16.473 [docker-java-stream-2012592493] DEBUG c.g.d.z.s.o.a.hc.client5.http.wire - http-outgoing-8 << "[0x1][0x0][0x0][0x0][0x0][0x0][0x0]z.2024-07-24 02:30:16.472 UTC [48] LOG:  background worker "logical replication launcher" (PID 54) exited with exit code 1[\n]"
2024-07-24 14:30:16.473 [docker-java-stream-2012592493] DEBUG c.g.d.z.s.o.a.hc.client5.http.wire - http-outgoing-8 << "[\r][\n]"
2024-07-24 14:30:16.474 [docker-java-stream-2012592493] DEBUG c.g.d.z.s.o.a.hc.client5.http.wire - http-outgoing-8 << "94[\r][\n]"
2024-07-24 14:30:16.474 [docker-java-stream-2012592493] DEBUG c.g.d.z.s.o.a.hc.client5.http.wire - http-outgoing-8 << "[0x1][0x0][0x0][0x0][0x0][0x0][0x0]52024-07-24 02:30:16.473 UTC [49] LOG:  shutting down[\n]"
2024-07-24 14:30:16.474 [docker-java-stream-2012592493] DEBUG c.g.d.z.s.o.a.hc.client5.http.wire - http-outgoing-8 << "[0x1][0x0][0x0][0x0][0x0][0x0][0x0]O2024-07-24 02:30:16.473 UTC [49] LOG:  checkpoint starting: shutdown immediate[\n]"
2024-07-24 14:30:16.474 [docker-java-stream-2012592493] DEBUG c.g.d.z.s.o.a.hc.client5.http.wire - http-outgoing-8 << "[\r][\n]"
2024-07-24 14:30:16.484 [docker-java-stream-2012592493] DEBUG c.g.d.z.s.o.a.hc.client5.http.wire - http-outgoing-8 << "12c[\r][\n]"
2024-07-24 14:30:16.484 [docker-java-stream-2012592493] DEBUG c.g.d.z.s.o.a.hc.client5.http.wire - http-outgoing-8 << "[0x1][0x0][0x0][0x0][0x0][0x0][0x1]$2024-07-24 02:30:16.482 UTC [49] LOG:  checkpoint complete: wrote 923 buffers (5.6%); 0 WAL file(s) added, 0 removed, 0 recycled; write=0.010 s, sync=0.001 s, total=0.010 s; sync files=0, longest=0.000 s, average=0.000 s; distance=4257 kB, estimate=4257 kB; lsn=0/1913068, redo lsn=0/1913068[\n]"
2024-07-24 14:30:16.484 [docker-java-stream-2012592493] DEBUG c.g.d.z.s.o.a.hc.client5.http.wire - http-outgoing-8 << "[\r][\n]"
2024-07-24 14:30:16.487 [Test worker] DEBUG o.t.c.output.WaitingConsumer - STDOUT: 2024-07-24 02:30:16.482 UTC [49] LOG:  checkpoint complete: wrote 923 buffers (5.6%); 0 WAL file(s) added, 0 removed, 0 recycled; write=0.010 s, sync=0.001 s, total=0.010 s; sync files=0, longest=0.000 s, average=0.000 s; distance=4257 kB, estimate=4257 kB; lsn=0/1913068, redo lsn=0/1913068
2024-07-24 14:30:16.487 [Test worker] DEBUG o.t.c.output.WaitingConsumer - STDOUT: 2024-07-24 02:30:16.473 UTC [49] LOG:  checkpoint starting: shutdown immediate
2024-07-24 14:30:16.487 [Test worker] DEBUG o.t.c.output.WaitingConsumer - STDOUT: 2024-07-24 02:30:16.473 UTC [49] LOG:  shutting down
2024-07-24 14:30:16.487 [Test worker] DEBUG o.t.c.output.WaitingConsumer - STDOUT: .2024-07-24 02:30:16.472 UTC [48] LOG:  background worker "logical replication launcher" (PID 54) exited with exit code 1
2024-07-24 14:30:16.487 [Test worker] DEBUG o.t.c.output.WaitingConsumer - STDOUT: 2024-07-24 02:30:16.470 UTC [48] LOG:  aborting any active transactions
2024-07-24 14:30:16.487 [Test worker] DEBUG o.t.c.output.WaitingConsumer - STDOUT: waiting for server to shut down...2024-07-24 02:30:16.470 UTC [48] LOG:  received fast shutdown request
2024-07-24 14:30:16.487 [Test worker] DEBUG o.t.c.output.WaitingConsumer - STDOUT: 
2024-07-24 14:30:16.487 [Test worker] DEBUG o.t.c.output.WaitingConsumer - STDOUT: /usr/local/bin/docker-entrypoint.sh: ignoring /docker-entrypoint-initdb.d/*
2024-07-24 14:30:16.487 [Test worker] DEBUG o.t.c.output.WaitingConsumer - STDOUT: 
2024-07-24 14:30:16.487 [Test worker] DEBUG o.t.c.output.WaitingConsumer - STDOUT: 
2024-07-24 14:30:16.492 [docker-java-stream-2012592493] DEBUG c.g.d.z.s.o.a.hc.client5.http.wire - http-outgoing-8 << "4c[\r][\n]"
2024-07-24 14:30:16.492 [docker-java-stream-2012592493] DEBUG c.g.d.z.s.o.a.hc.client5.http.wire - http-outgoing-8 << "[0x1][0x0][0x0][0x0][0x0][0x0][0x0]D2024-07-24 02:30:16.491 UTC [48] LOG:  database system is shut down[\n]"
2024-07-24 14:30:16.492 [docker-java-stream-2012592493] DEBUG c.g.d.z.s.o.a.hc.client5.http.wire - http-outgoing-8 << "[\r][\n]"
2024-07-24 14:30:16.502 [Test worker] DEBUG o.t.c.output.WaitingConsumer - STDOUT: 2024-07-24 02:30:16.491 UTC [48] LOG:  database system is shut down
2024-07-24 14:30:16.572 [docker-java-stream-2012592493] DEBUG c.g.d.z.s.o.a.hc.client5.http.wire - http-outgoing-8 << "25[\r][\n]"
2024-07-24 14:30:16.572 [docker-java-stream-2012592493] DEBUG c.g.d.z.s.o.a.hc.client5.http.wire - http-outgoing-8 << "[0x1][0x0][0x0][0x0][0x0][0x0][0x0][0x6] done[\n]"
2024-07-24 14:30:16.572 [docker-java-stream-2012592493] DEBUG c.g.d.z.s.o.a.hc.client5.http.wire - http-outgoing-8 << "[0x1][0x0][0x0][0x0][0x0][0x0][0x0][0xf]server stopped[\n]"
2024-07-24 14:30:16.572 [docker-java-stream-2012592493] DEBUG c.g.d.z.s.o.a.hc.client5.http.wire - http-outgoing-8 << "[\r][\n]"
2024-07-24 14:30:16.572 [Test worker] DEBUG o.t.c.output.WaitingConsumer - STDOUT: server stopped
2024-07-24 14:30:16.572 [Test worker] DEBUG o.t.c.output.WaitingConsumer - STDOUT:  done
2024-07-24 14:30:16.573 [docker-java-stream-2012592493] DEBUG c.g.d.z.s.o.a.hc.client5.http.wire - http-outgoing-8 << "50[\r][\n]"
2024-07-24 14:30:16.573 [docker-java-stream-2012592493] DEBUG c.g.d.z.s.o.a.hc.client5.http.wire - http-outgoing-8 << "[0x1][0x0][0x0][0x0][0x0][0x0][0x0][0x1][\n]"
2024-07-24 14:30:16.573 [docker-java-stream-2012592493] DEBUG c.g.d.z.s.o.a.hc.client5.http.wire - http-outgoing-8 << "[0x1][0x0][0x0][0x0][0x0][0x0][0x0]6PostgreSQL init process complete; ready for start up.[\n]"
2024-07-24 14:30:16.573 [docker-java-stream-2012592493] DEBUG c.g.d.z.s.o.a.hc.client5.http.wire - http-outgoing-8 << "[0x1][0x0][0x0][0x0][0x0][0x0][0x0][0x1][\n]"
2024-07-24 14:30:16.573 [docker-java-stream-2012592493] DEBUG c.g.d.z.s.o.a.hc.client5.http.wire - http-outgoing-8 << "[\r][\n]"
2024-07-24 14:30:16.592 [docker-java-stream-2012592493] DEBUG c.g.d.z.s.o.a.hc.client5.http.wire - http-outgoing-8 << "1cb[\r][\n]"
2024-07-24 14:30:16.592 [docker-java-stream-2012592493] DEBUG c.g.d.z.s.o.a.hc.client5.http.wire - http-outgoing-8 << "[0x2][0x0][0x0][0x0][0x0][0x0][0x0][0xffffffa3]2024-07-24 02:30:16.591 UTC [1] LOG:  starting PostgreSQL 16.2 (Debian 16.2-1.pgdg120+2) on x86_64-pc-linux-gnu, compiled by gcc (Debian 12.2.0-14) 12.2.0, 64-bit[\n]"
2024-07-24 14:30:16.592 [docker-java-stream-2012592493] DEBUG c.g.d.z.s.o.a.hc.client5.http.wire - http-outgoing-8 << "[0x2][0x0][0x0][0x0][0x0][0x0][0x0]U2024-07-24 02:30:16.591 UTC [1] LOG:  listening on IPv4 address "0.0.0.0", port 5432[\n]"
2024-07-24 14:30:16.592 [docker-java-stream-2012592493] DEBUG c.g.d.z.s.o.a.hc.client5.http.wire - http-outgoing-8 << "[0x2][0x0][0x0][0x0][0x0][0x0][0x0]P2024-07-24 02:30:16.591 UTC [1] LOG:  listening on IPv6 address "::", port 5432[\n]"
2024-07-24 14:30:16.592 [docker-java-stream-2012592493] DEBUG c.g.d.z.s.o.a.hc.client5.http.wire - http-outgoing-8 << "[0x2][0x0][0x0][0x0][0x0][0x0][0x0]c2024-07-24 02:30:16.591 UTC [1] LOG:  listening on Unix socket "/var/run/postgresql/.s.PGSQL.5432"[\n]"
2024-07-24 14:30:16.592 [docker-java-stream-2012592493] DEBUG c.g.d.z.s.o.a.hc.client5.http.wire - http-outgoing-8 << "[\r][\n]"
2024-07-24 14:30:16.594 [docker-java-stream-2012592493] DEBUG c.g.d.z.s.o.a.hc.client5.http.wire - http-outgoing-8 << "68[\r][\n]"
2024-07-24 14:30:16.594 [docker-java-stream-2012592493] DEBUG c.g.d.z.s.o.a.hc.client5.http.wire - http-outgoing-8 << "[0x2][0x0][0x0][0x0][0x0][0x0][0x0]`2024-07-24 02:30:16.593 UTC [64] LOG:  database system was shut down at 2024-07-24 02:30:16 UTC[\n]"
2024-07-24 14:30:16.594 [docker-java-stream-2012592493] DEBUG c.g.d.z.s.o.a.hc.client5.http.wire - http-outgoing-8 << "[\r][\n]"
2024-07-24 14:30:16.596 [Test worker] DEBUG o.t.c.output.WaitingConsumer - STDERR: 2024-07-24 02:30:16.593 UTC [64] LOG:  database system was shut down at 2024-07-24 02:30:16 UTC
2024-07-24 14:30:16.596 [Test worker] DEBUG o.t.c.output.WaitingConsumer - STDERR: 2024-07-24 02:30:16.591 UTC [1] LOG:  listening on Unix socket "/var/run/postgresql/.s.PGSQL.5432"
2024-07-24 14:30:16.596 [Test worker] DEBUG o.t.c.output.WaitingConsumer - STDERR: 2024-07-24 02:30:16.591 UTC [1] LOG:  listening on IPv6 address "::", port 5432
2024-07-24 14:30:16.596 [Test worker] DEBUG o.t.c.output.WaitingConsumer - STDERR: 2024-07-24 02:30:16.591 UTC [1] LOG:  listening on IPv4 address "0.0.0.0", port 5432
2024-07-24 14:30:16.596 [Test worker] DEBUG o.t.c.output.WaitingConsumer - STDERR: 2024-07-24 02:30:16.591 UTC [1] LOG:  starting PostgreSQL 16.2 (Debian 16.2-1.pgdg120+2) on x86_64-pc-linux-gnu, compiled by gcc (Debian 12.2.0-14) 12.2.0, 64-bit
2024-07-24 14:30:16.596 [Test worker] DEBUG o.t.c.output.WaitingConsumer - STDOUT: 
2024-07-24 14:30:16.596 [Test worker] DEBUG o.t.c.output.WaitingConsumer - STDOUT: PostgreSQL init process complete; ready for start up.
2024-07-24 14:30:16.596 [Test worker] DEBUG o.t.c.output.WaitingConsumer - STDOUT: 
2024-07-24 14:30:16.599 [docker-java-stream-2012592493] DEBUG c.g.d.z.s.o.a.hc.client5.http.wire - http-outgoing-8 << "5d[\r][\n]"
2024-07-24 14:30:16.599 [docker-java-stream-2012592493] DEBUG c.g.d.z.s.o.a.hc.client5.http.wire - http-outgoing-8 << "[0x2][0x0][0x0][0x0][0x0][0x0][0x0]U2024-07-24 02:30:16.598 UTC [1] LOG:  database system is ready to accept connections[\n]"
2024-07-24 14:30:16.599 [docker-java-stream-2012592493] DEBUG c.g.d.z.s.o.a.hc.client5.http.wire - http-outgoing-8 << "[\r][\n]"
2024-07-24 14:30:16.611 [Test worker] DEBUG o.t.c.output.WaitingConsumer - STDERR: 2024-07-24 02:30:16.598 UTC [1] LOG:  database system is ready to accept connections
2024-07-24 14:30:16.611 [Test worker] DEBUG c.g.d.z.s.o.a.h.c.h.i.c.InternalHttpClient - ep-0000005B: cancel
2024-07-24 14:30:16.611 [Test worker] DEBUG c.g.d.z.s.o.a.h.c.h.i.i.DefaultManagedHttpClientConnection - http-outgoing-8: close connection IMMEDIATE
2024-07-24 14:30:16.611 [Test worker] DEBUG c.g.d.z.s.o.a.h.c.h.i.c.InternalHttpClient - ep-0000005B: endpoint closed
2024-07-24 14:30:16.612 [Test worker] DEBUG c.g.d.z.s.o.a.h.c.h.i.c.InternalHttpClient - ep-0000005B: discarding endpoint
2024-07-24 14:30:16.612 [Test worker] DEBUG c.g.d.z.s.o.a.h.c.h.i.i.PoolingHttpClientConnectionManager - ep-0000005B: releasing endpoint
2024-07-24 14:30:16.612 [Test worker] DEBUG c.g.d.z.s.o.a.h.c.h.i.i.PoolingHttpClientConnectionManager - ep-0000005B: connection is not kept alive
2024-07-24 14:30:16.612 [docker-java-stream-2012592493] DEBUG c.g.d.z.s.o.a.hc.client5.http.wire - http-outgoing-8 << "end of stream"
2024-07-24 14:30:16.612 [Test worker] DEBUG c.g.d.z.s.o.a.h.c.h.i.i.PoolingHttpClientConnectionManager - ep-0000005B: connection released [route: {}->npipe://localhost:2375][total available: 0; route allocated: 0 of 2147483647; total allocated: 0 of 2147483647]
2024-07-24 14:30:16.612 [docker-java-stream-2012592493] DEBUG c.g.d.z.s.o.a.hc.client5.http.wire - http-outgoing-8 << "[read] I/O error: java.nio.channels.ClosedChannelException"
2024-07-24 14:30:16.612 [Test worker] DEBUG c.g.d.z.s.o.a.hc.client5.http.wire - http-outgoing-8 << "[read] I/O error: java.nio.channels.ClosedChannelException"
2024-07-24 14:30:16.612 [docker-java-stream-2012592493] DEBUG c.g.d.z.ApacheDockerHttpClientImpl$ApacheResponse - Failed to close the response
java.io.IOException: java.nio.channels.ClosedChannelException
	at java.base/java.nio.channels.Channels$2.read(Channels.java:240)
	at com.github.dockerjava.zerodep.shaded.org.apache.hc.client5.http.impl.io.LoggingInputStream.read(LoggingInputStream.java:81)
	at com.github.dockerjava.zerodep.shaded.org.apache.hc.core5.http.impl.io.SessionInputBufferImpl.fillBuffer(SessionInputBufferImpl.java:149)
	at com.github.dockerjava.zerodep.shaded.org.apache.hc.core5.http.impl.io.SessionInputBufferImpl.readLine(SessionInputBufferImpl.java:280)
	at com.github.dockerjava.zerodep.shaded.org.apache.hc.core5.http.impl.io.ChunkedInputStream.getChunkSize(ChunkedInputStream.java:261)
	at com.github.dockerjava.zerodep.shaded.org.apache.hc.core5.http.impl.io.ChunkedInputStream.nextChunk(ChunkedInputStream.java:222)
	at com.github.dockerjava.zerodep.shaded.org.apache.hc.core5.http.impl.io.ChunkedInputStream.read(ChunkedInputStream.java:147)
	at com.github.dockerjava.zerodep.shaded.org.apache.hc.core5.http.impl.io.ChunkedInputStream.close(ChunkedInputStream.java:314)
	at com.github.dockerjava.zerodep.shaded.org.apache.hc.core5.io.Closer.close(Closer.java:48)
	at com.github.dockerjava.zerodep.shaded.org.apache.hc.core5.http.impl.io.IncomingHttpEntity.close(IncomingHttpEntity.java:111)
	at com.github.dockerjava.zerodep.shaded.org.apache.hc.core5.http.io.entity.HttpEntityWrapper.close(HttpEntityWrapper.java:120)
	at com.github.dockerjava.zerodep.shaded.org.apache.hc.core5.io.Closer.close(Closer.java:48)
	at com.github.dockerjava.zerodep.shaded.org.apache.hc.core5.http.message.BasicClassicHttpResponse.close(BasicClassicHttpResponse.java:93)
	at com.github.dockerjava.zerodep.shaded.org.apache.hc.client5.http.impl.classic.CloseableHttpResponse.close(CloseableHttpResponse.java:200)
	at com.github.dockerjava.zerodep.ApacheDockerHttpClientImpl$ApacheResponse.close(ApacheDockerHttpClientImpl.java:271)
	at org.testcontainers.shaded.com.github.dockerjava.core.DefaultInvocationBuilder.lambda$executeAndStream$1(DefaultInvocationBuilder.java:277)
	at java.base/java.lang.Thread.run(Thread.java:833)
Caused by: java.nio.channels.ClosedChannelException: null
	at java.base/sun.nio.ch.WindowsAsynchronousFileChannelImpl.implRead(WindowsAsynchronousFileChannelImpl.java:516)
	at java.base/sun.nio.ch.AsynchronousFileChannelImpl.read(AsynchronousFileChannelImpl.java:229)
	at com.github.dockerjava.transport.NamedPipeSocket$AsynchronousFileByteChannel.read(NamedPipeSocket.java:117)
	at java.base/java.nio.channels.Channels$2.read(Channels.java:238)
	... 16 common frames omitted
2024-07-24 14:30:16.612 [Test worker] DEBUG c.g.d.z.ApacheDockerHttpClientImpl$ApacheResponse - Failed to close the response
java.io.IOException: java.nio.channels.ClosedChannelException
	at java.base/java.nio.channels.Channels$2.read(Channels.java:240)
	at com.github.dockerjava.zerodep.shaded.org.apache.hc.client5.http.impl.io.LoggingInputStream.read(LoggingInputStream.java:81)
	at com.github.dockerjava.zerodep.shaded.org.apache.hc.core5.http.impl.io.SessionInputBufferImpl.fillBuffer(SessionInputBufferImpl.java:149)
	at com.github.dockerjava.zerodep.shaded.org.apache.hc.core5.http.impl.io.SessionInputBufferImpl.readLine(SessionInputBufferImpl.java:280)
	at com.github.dockerjava.zerodep.shaded.org.apache.hc.core5.http.impl.io.ChunkedInputStream.getChunkSize(ChunkedInputStream.java:261)
	at com.github.dockerjava.zerodep.shaded.org.apache.hc.core5.http.impl.io.ChunkedInputStream.nextChunk(ChunkedInputStream.java:222)
	at com.github.dockerjava.zerodep.shaded.org.apache.hc.core5.http.impl.io.ChunkedInputStream.read(ChunkedInputStream.java:147)
	at com.github.dockerjava.zerodep.shaded.org.apache.hc.core5.http.impl.io.ChunkedInputStream.close(ChunkedInputStream.java:314)
	at com.github.dockerjava.zerodep.shaded.org.apache.hc.core5.io.Closer.close(Closer.java:48)
	at com.github.dockerjava.zerodep.shaded.org.apache.hc.core5.http.impl.io.IncomingHttpEntity.close(IncomingHttpEntity.java:111)
	at com.github.dockerjava.zerodep.shaded.org.apache.hc.core5.http.io.entity.HttpEntityWrapper.close(HttpEntityWrapper.java:120)
	at com.github.dockerjava.zerodep.shaded.org.apache.hc.core5.io.Closer.close(Closer.java:48)
	at com.github.dockerjava.zerodep.shaded.org.apache.hc.core5.http.message.BasicClassicHttpResponse.close(BasicClassicHttpResponse.java:93)
	at com.github.dockerjava.zerodep.shaded.org.apache.hc.client5.http.impl.classic.CloseableHttpResponse.close(CloseableHttpResponse.java:200)
	at com.github.dockerjava.zerodep.ApacheDockerHttpClientImpl$ApacheResponse.close(ApacheDockerHttpClientImpl.java:271)
	at org.testcontainers.shaded.com.github.dockerjava.core.DefaultInvocationBuilder.lambda$null$0(DefaultInvocationBuilder.java:272)
	at com.github.dockerjava.api.async.ResultCallbackTemplate.close(ResultCallbackTemplate.java:77)
	at org.testcontainers.containers.output.FrameConsumerResultCallback.close(FrameConsumerResultCallback.java:69)
	at org.testcontainers.containers.wait.strategy.LogMessageWaitStrategy.waitUntilReady(LogMessageWaitStrategy.java:49)
	at org.testcontainers.containers.wait.strategy.AbstractWaitStrategy.waitUntilReady(AbstractWaitStrategy.java:52)
	at org.testcontainers.containers.PostgreSQLContainer.waitUntilContainerStarted(PostgreSQLContainer.java:149)
	at org.testcontainers.containers.GenericContainer.tryStart(GenericContainer.java:500)
	at org.testcontainers.containers.GenericContainer.lambda$doStart$0(GenericContainer.java:354)
	at org.rnorth.ducttape.unreliables.Unreliables.retryUntilSuccess(Unreliables.java:81)
	at org.testcontainers.containers.GenericContainer.doStart(GenericContainer.java:344)
	at org.testcontainers.containers.GenericContainer.start(GenericContainer.java:330)
	at com.unitedApi.SaleOrderHeaderDAOTest.<init>(SaleOrderHeaderDAOTest.kt:40)
	at java.base/jdk.internal.reflect.NativeConstructorAccessorImpl.newInstance0(Native Method)
	at java.base/jdk.internal.reflect.NativeConstructorAccessorImpl.newInstance(NativeConstructorAccessorImpl.java:77)
	at java.base/jdk.internal.reflect.DelegatingConstructorAccessorImpl.newInstance(DelegatingConstructorAccessorImpl.java:45)
	at java.base/java.lang.reflect.Constructor.newInstanceWithCaller(Constructor.java:499)
	at java.base/java.lang.reflect.Constructor.newInstance(Constructor.java:480)
	at org.junit.runners.BlockJUnit4ClassRunner.createTest(BlockJUnit4ClassRunner.java:250)
	at org.junit.runners.BlockJUnit4ClassRunner.createTest(BlockJUnit4ClassRunner.java:260)
	at org.junit.runners.BlockJUnit4ClassRunner$2.runReflectiveCall(BlockJUnit4ClassRunner.java:309)
	at org.junit.internal.runners.model.ReflectiveCallable.run(ReflectiveCallable.java:12)
	at org.junit.runners.BlockJUnit4ClassRunner.methodBlock(BlockJUnit4ClassRunner.java:306)
	at org.junit.runners.BlockJUnit4ClassRunner$1.evaluate(BlockJUnit4ClassRunner.java:100)
	at org.junit.runners.ParentRunner.runLeaf(ParentRunner.java:366)
	at org.junit.runners.BlockJUnit4ClassRunner.runChild(BlockJUnit4ClassRunner.java:103)
	at org.junit.runners.BlockJUnit4ClassRunner.runChild(BlockJUnit4ClassRunner.java:63)
	at org.junit.runners.ParentRunner$4.run(ParentRunner.java:331)
	at org.junit.runners.ParentRunner$1.schedule(ParentRunner.java:79)
	at org.junit.runners.ParentRunner.runChildren(ParentRunner.java:329)
	at org.junit.runners.ParentRunner.access$100(ParentRunner.java:66)
	at org.junit.runners.ParentRunner$2.evaluate(ParentRunner.java:293)
	at org.junit.runners.ParentRunner$3.evaluate(ParentRunner.java:306)
	at org.junit.runners.ParentRunner.run(ParentRunner.java:413)
	at org.gradle.api.internal.tasks.testing.junit.JUnitTestClassExecutor.runTestClass(JUnitTestClassExecutor.java:112)
	at org.gradle.api.internal.tasks.testing.junit.JUnitTestClassExecutor.execute(JUnitTestClassExecutor.java:58)
	at org.gradle.api.internal.tasks.testing.junit.JUnitTestClassExecutor.execute(JUnitTestClassExecutor.java:40)
	at org.gradle.api.internal.tasks.testing.junit.AbstractJUnitTestClassProcessor.processTestClass(AbstractJUnitTestClassProcessor.java:60)
	at org.gradle.api.internal.tasks.testing.SuiteTestClassProcessor.processTestClass(SuiteTestClassProcessor.java:52)
	at java.base/jdk.internal.reflect.NativeMethodAccessorImpl.invoke0(Native Method)
	at java.base/jdk.internal.reflect.NativeMethodAccessorImpl.invoke(NativeMethodAccessorImpl.java:77)
	at java.base/jdk.internal.reflect.DelegatingMethodAccessorImpl.invoke(DelegatingMethodAccessorImpl.java:43)
	at java.base/java.lang.reflect.Method.invoke(Method.java:568)
	at org.gradle.internal.dispatch.ReflectionDispatch.dispatch(ReflectionDispatch.java:36)
	at org.gradle.internal.dispatch.ReflectionDispatch.dispatch(ReflectionDispatch.java:24)
	at org.gradle.internal.dispatch.ContextClassLoaderDispatch.dispatch(ContextClassLoaderDispatch.java:33)
	at org.gradle.internal.dispatch.ProxyDispatchAdapter$DispatchingInvocationHandler.invoke(ProxyDispatchAdapter.java:94)
	at jdk.proxy1/jdk.proxy1.$Proxy2.processTestClass(Unknown Source)
	at org.gradle.api.internal.tasks.testing.worker.TestWorker$2.run(TestWorker.java:176)
	at org.gradle.api.internal.tasks.testing.worker.TestWorker.executeAndMaintainThreadName(TestWorker.java:129)
	at org.gradle.api.internal.tasks.testing.worker.TestWorker.execute(TestWorker.java:100)
	at org.gradle.api.internal.tasks.testing.worker.TestWorker.execute(TestWorker.java:60)
	at org.gradle.process.internal.worker.child.ActionExecutionWorker.execute(ActionExecutionWorker.java:56)
	at org.gradle.process.internal.worker.child.SystemApplicationClassLoaderWorker.call(SystemApplicationClassLoaderWorker.java:113)
	at org.gradle.process.internal.worker.child.SystemApplicationClassLoaderWorker.call(SystemApplicationClassLoaderWorker.java:65)
	at worker.org.gradle.process.internal.worker.GradleWorkerMain.run(GradleWorkerMain.java:69)
	at worker.org.gradle.process.internal.worker.GradleWorkerMain.main(GradleWorkerMain.java:74)
Caused by: java.nio.channels.ClosedChannelException: null
	at java.base/sun.nio.ch.WindowsAsynchronousFileChannelImpl.implRead(WindowsAsynchronousFileChannelImpl.java:516)
	at java.base/sun.nio.ch.AsynchronousFileChannelImpl.read(AsynchronousFileChannelImpl.java:229)
	at com.github.dockerjava.transport.NamedPipeSocket$AsynchronousFileByteChannel.read(NamedPipeSocket.java:117)
	at java.base/java.nio.channels.Channels$2.read(Channels.java:238)
	... 70 common frames omitted
2024-07-24 14:30:16.612 [Test worker] INFO  tc.postgres:latest - Container postgres:latest started in PT1.8833139S
2024-07-24 14:30:16.613 [Test worker] INFO  tc.postgres:latest - Container is started (JDBC URL: jdbc:postgresql://localhost:51529/db?loggerLevel=OFF)
2024-07-24 14:30:16.614 [Test worker] INFO  org.testcontainers.ext.ScriptUtils - Executing database script from sql/init.sql
2024-07-24 14:30:16.615 [Test worker] DEBUG o.t.s.c.g.d.c.command.AbstrDockerCmd - Cmd: 9c9e6331adc7367db79fb05085835d5cab36ae808332a452ad5f7b77df0f7404,false
2024-07-24 14:30:16.615 [Test worker] DEBUG o.t.s.c.g.d.c.e.InspectContainerCmdExec - GET: DefaultWebTarget{path=[/containers/9c9e6331adc7367db79fb05085835d5cab36ae808332a452ad5f7b77df0f7404/json], queryParams={}}
2024-07-24 14:30:16.615 [Test worker] DEBUG c.g.d.z.s.o.a.h.c.h.i.c.InternalHttpClient - ex-0000005D: preparing request execution
2024-07-24 14:30:16.616 [Test worker] DEBUG c.g.d.z.s.o.a.h.c.h.p.RequestAddCookies - Cookie spec selected: strict
2024-07-24 14:30:16.616 [Test worker] DEBUG c.g.d.z.s.o.a.h.c.h.p.RequestAuthCache - Auth cache not set in the context
2024-07-24 14:30:16.616 [Test worker] DEBUG c.g.d.z.s.o.a.h.c.h.i.c.ProtocolExec - ex-0000005D: target auth state: UNCHALLENGED
2024-07-24 14:30:16.616 [Test worker] DEBUG c.g.d.z.s.o.a.h.c.h.i.c.ProtocolExec - ex-0000005D: proxy auth state: UNCHALLENGED
2024-07-24 14:30:16.616 [Test worker] DEBUG c.g.d.z.s.o.a.h.c.h.i.c.ConnectExec - ex-0000005D: acquiring connection with route {}->npipe://localhost:2375
2024-07-24 14:30:16.616 [Test worker] DEBUG c.g.d.z.s.o.a.h.c.h.i.c.InternalHttpClient - ex-0000005D: acquiring endpoint (3 MINUTES)
2024-07-24 14:30:16.616 [Test worker] DEBUG c.g.d.z.s.o.a.h.c.h.i.i.PoolingHttpClientConnectionManager - ex-0000005D: endpoint lease request (3 MINUTES) [route: {}->npipe://localhost:2375][total available: 0; route allocated: 0 of 2147483647; total allocated: 0 of 2147483647]
2024-07-24 14:30:16.616 [Test worker] DEBUG c.g.d.z.s.o.a.h.c.h.i.i.PoolingHttpClientConnectionManager - ex-0000005D: endpoint leased [route: {}->npipe://localhost:2375][total available: 0; route allocated: 1 of 2147483647; total allocated: 1 of 2147483647]
2024-07-24 14:30:16.616 [Test worker] DEBUG c.g.d.z.s.o.a.h.c.h.i.i.PoolingHttpClientConnectionManager - ex-0000005D: acquired ep-0000005C
2024-07-24 14:30:16.616 [Test worker] DEBUG c.g.d.z.s.o.a.h.c.h.i.c.InternalHttpClient - ex-0000005D: acquired endpoint ep-0000005C
2024-07-24 14:30:16.616 [Test worker] DEBUG c.g.d.z.s.o.a.h.c.h.i.c.ConnectExec - ex-0000005D: opening connection {}->npipe://localhost:2375
2024-07-24 14:30:16.616 [Test worker] DEBUG c.g.d.z.s.o.a.h.c.h.i.c.InternalHttpClient - ep-0000005C: connecting endpoint (3 MINUTES)
2024-07-24 14:30:16.616 [Test worker] DEBUG c.g.d.z.s.o.a.h.c.h.i.i.PoolingHttpClientConnectionManager - ep-0000005C: connecting endpoint to npipe://localhost:2375 (3 MINUTES)
2024-07-24 14:30:16.616 [Test worker] DEBUG c.g.d.z.s.o.a.h.c.h.i.i.DefaultHttpClientConnectionOperator - http-outgoing-9: connecting to localhost/127.0.0.1:2375
2024-07-24 14:30:16.616 [Test worker] DEBUG c.g.d.z.s.o.a.h.c.h.i.i.DefaultHttpClientConnectionOperator - http-outgoing-9: connection established 
2024-07-24 14:30:16.616 [Test worker] DEBUG c.g.d.z.s.o.a.h.c.h.i.i.PoolingHttpClientConnectionManager - ep-0000005C: connected http-outgoing-9
2024-07-24 14:30:16.616 [Test worker] DEBUG c.g.d.z.s.o.a.h.c.h.i.c.InternalHttpClient - ep-0000005C: endpoint connected
2024-07-24 14:30:16.616 [Test worker] DEBUG c.g.d.z.s.o.a.h.c.h.i.c.MainClientExec - ex-0000005D: executing GET /v1.32/containers/9c9e6331adc7367db79fb05085835d5cab36ae808332a452ad5f7b77df0f7404/json HTTP/1.1
2024-07-24 14:30:16.616 [Test worker] DEBUG c.g.d.z.s.o.a.h.c.h.i.c.InternalHttpClient - ep-0000005C: start execution ex-0000005D
2024-07-24 14:30:16.616 [Test worker] DEBUG c.g.d.z.s.o.a.h.c.h.i.i.PoolingHttpClientConnectionManager - ep-0000005C: executing exchange ex-0000005D over http-outgoing-9
2024-07-24 14:30:16.617 [Test worker] DEBUG c.g.d.z.s.o.a.h.client5.http.headers - http-outgoing-9 >> GET /v1.32/containers/9c9e6331adc7367db79fb05085835d5cab36ae808332a452ad5f7b77df0f7404/json HTTP/1.1
2024-07-24 14:30:16.617 [Test worker] DEBUG c.g.d.z.s.o.a.h.client5.http.headers - http-outgoing-9 >> accept: application/json
2024-07-24 14:30:16.617 [Test worker] DEBUG c.g.d.z.s.o.a.h.client5.http.headers - http-outgoing-9 >> x-tc-sid: 280e6229-7396-4d60-b1e3-a5de48b5d49b
2024-07-24 14:30:16.617 [Test worker] DEBUG c.g.d.z.s.o.a.h.client5.http.headers - http-outgoing-9 >> User-Agent: tc-java/1.19.8
2024-07-24 14:30:16.617 [Test worker] DEBUG c.g.d.z.s.o.a.h.client5.http.headers - http-outgoing-9 >> Accept-Encoding: gzip, x-gzip, deflate
2024-07-24 14:30:16.617 [Test worker] DEBUG c.g.d.z.s.o.a.h.client5.http.headers - http-outgoing-9 >> Host: localhost:2375
2024-07-24 14:30:16.617 [Test worker] DEBUG c.g.d.z.s.o.a.h.client5.http.headers - http-outgoing-9 >> Connection: keep-alive
2024-07-24 14:30:16.617 [Test worker] DEBUG c.g.d.z.s.o.a.hc.client5.http.wire - http-outgoing-9 >> "GET /v1.32/containers/9c9e6331adc7367db79fb05085835d5cab36ae808332a452ad5f7b77df0f7404/json HTTP/1.1[\r][\n]"
2024-07-24 14:30:16.617 [Test worker] DEBUG c.g.d.z.s.o.a.hc.client5.http.wire - http-outgoing-9 >> "accept: application/json[\r][\n]"
2024-07-24 14:30:16.617 [Test worker] DEBUG c.g.d.z.s.o.a.hc.client5.http.wire - http-outgoing-9 >> "x-tc-sid: 280e6229-7396-4d60-b1e3-a5de48b5d49b[\r][\n]"
2024-07-24 14:30:16.617 [Test worker] DEBUG c.g.d.z.s.o.a.hc.client5.http.wire - http-outgoing-9 >> "User-Agent: tc-java/1.19.8[\r][\n]"
2024-07-24 14:30:16.617 [Test worker] DEBUG c.g.d.z.s.o.a.hc.client5.http.wire - http-outgoing-9 >> "Accept-Encoding: gzip, x-gzip, deflate[\r][\n]"
2024-07-24 14:30:16.617 [Test worker] DEBUG c.g.d.z.s.o.a.hc.client5.http.wire - http-outgoing-9 >> "Host: localhost:2375[\r][\n]"
2024-07-24 14:30:16.617 [Test worker] DEBUG c.g.d.z.s.o.a.hc.client5.http.wire - http-outgoing-9 >> "Connection: keep-alive[\r][\n]"
2024-07-24 14:30:16.617 [Test worker] DEBUG c.g.d.z.s.o.a.hc.client5.http.wire - http-outgoing-9 >> "[\r][\n]"
2024-07-24 14:30:16.620 [Test worker] DEBUG c.g.d.z.s.o.a.hc.client5.http.wire - http-outgoing-9 << "HTTP/1.1 200 OK[\r][\n]"
2024-07-24 14:30:16.620 [Test worker] DEBUG c.g.d.z.s.o.a.hc.client5.http.wire - http-outgoing-9 << "Api-Version: 1.45[\r][\n]"
2024-07-24 14:30:16.620 [Test worker] DEBUG c.g.d.z.s.o.a.hc.client5.http.wire - http-outgoing-9 << "Content-Type: application/json[\r][\n]"
2024-07-24 14:30:16.620 [Test worker] DEBUG c.g.d.z.s.o.a.hc.client5.http.wire - http-outgoing-9 << "Date: Wed, 24 Jul 2024 02:30:16 GMT[\r][\n]"
2024-07-24 14:30:16.620 [Test worker] DEBUG c.g.d.z.s.o.a.hc.client5.http.wire - http-outgoing-9 << "Docker-Experimental: false[\r][\n]"
2024-07-24 14:30:16.620 [Test worker] DEBUG c.g.d.z.s.o.a.hc.client5.http.wire - http-outgoing-9 << "Ostype: linux[\r][\n]"
2024-07-24 14:30:16.620 [Test worker] DEBUG c.g.d.z.s.o.a.hc.client5.http.wire - http-outgoing-9 << "Server: Docker/26.0.0 (linux)[\r][\n]"
2024-07-24 14:30:16.620 [Test worker] DEBUG c.g.d.z.s.o.a.hc.client5.http.wire - http-outgoing-9 << "Transfer-Encoding: chunked[\r][\n]"
2024-07-24 14:30:16.620 [Test worker] DEBUG c.g.d.z.s.o.a.hc.client5.http.wire - http-outgoing-9 << "[\r][\n]"
2024-07-24 14:30:16.620 [Test worker] DEBUG c.g.d.z.s.o.a.h.client5.http.headers - http-outgoing-9 << HTTP/1.1 200 OK
2024-07-24 14:30:16.620 [Test worker] DEBUG c.g.d.z.s.o.a.h.client5.http.headers - http-outgoing-9 << Api-Version: 1.45
2024-07-24 14:30:16.620 [Test worker] DEBUG c.g.d.z.s.o.a.h.client5.http.headers - http-outgoing-9 << Content-Type: application/json
2024-07-24 14:30:16.620 [Test worker] DEBUG c.g.d.z.s.o.a.h.client5.http.headers - http-outgoing-9 << Date: Wed, 24 Jul 2024 02:30:16 GMT
2024-07-24 14:30:16.620 [Test worker] DEBUG c.g.d.z.s.o.a.h.client5.http.headers - http-outgoing-9 << Docker-Experimental: false
2024-07-24 14:30:16.620 [Test worker] DEBUG c.g.d.z.s.o.a.h.client5.http.headers - http-outgoing-9 << Ostype: linux
2024-07-24 14:30:16.620 [Test worker] DEBUG c.g.d.z.s.o.a.h.client5.http.headers - http-outgoing-9 << Server: Docker/26.0.0 (linux)
2024-07-24 14:30:16.620 [Test worker] DEBUG c.g.d.z.s.o.a.h.client5.http.headers - http-outgoing-9 << Transfer-Encoding: chunked
2024-07-24 14:30:16.620 [Test worker] DEBUG c.g.d.z.s.o.a.h.c.h.i.c.MainClientExec - ex-0000005D: connection can be kept alive for 3 MINUTES
2024-07-24 14:30:16.621 [Test worker] DEBUG c.g.d.z.s.o.a.hc.client5.http.wire - http-outgoing-9 << "1a36[\r][\n]"
2024-07-24 14:30:16.621 [Test worker] DEBUG c.g.d.z.s.o.a.hc.client5.http.wire - http-outgoing-9 << "{"Id":"9c9e6331adc7367db79fb05085835d5cab36ae808332a452ad5f7b77df0f7404","Created":"2024-07-24T02:30:14.738166281Z","Path":"docker-entrypoint.sh","Args":["postgres","-c","fsync=off"],"State":{"Status":"running","Running":true,"Paused":false,"Restarting":false,"OOMKilled":false,"Dead":false,"Pid":28846,"ExitCode":0,"Error":"","StartedAt":"2024-07-24T02:30:15.205889534Z","FinishedAt":"0001-01-01T00:00:00Z"},"Image":"sha256:8e4fc9e184899a58735e7ee333f5e272d7d2298cf59302006b71f33e217be130","ResolvConfPath":"/var/lib/docker/containers/9c9e6331adc7367db79fb05085835d5cab36ae808332a452ad5f7b77df0f7404/resolv.conf","HostnamePath":"/var/lib/docker/containers/9c9e6331adc7367db79fb05085835d5cab36ae808332a452ad5f7b77df0f7404/hostname","HostsPath":"/var/lib/docker/containers/9c9e6331adc7367db79fb05085835d5cab36ae808332a452ad5f7b77df0f7404/hosts","LogPath":"/var/lib/docker/containers/9c9e6331adc7367db79fb05085835d5cab36ae808332a452ad5f7b77df0f7404/9c9e6331adc7367db79fb05085835d5cab36ae808332a452ad5f7b77df0f7404-json.log","Name":"/sleepy_newton","RestartCount":0,"Driver":"overlay2","Platform":"linux","MountLabel":"","ProcessLabel":"","AppArmorProfile":"","ExecIDs":null,"HostConfig":{"Binds":[],"ContainerIDFile":"","LogConfig":{"Type":"json-file","Config":{}},"NetworkMode":"default","PortBindings":{"5432/tcp":[{"HostIp":"0.0.0.0","HostPort":"0"}]},"RestartPolicy":{"Name":"no","MaximumRetryCount":0},"AutoRemove":false,"VolumeDriver":"","VolumesFrom":[],"ConsoleSize":[0,0],"CapAdd":null,"CapDrop":null,"CgroupnsMode":"host","Dns":null,"DnsOptions":null,"DnsSearch":null,"ExtraHosts":[],"GroupAdd":null,"IpcMode":"shareable","Cgroup":"","Links":null,"OomScoreAdj":0,"PidMode":"","Privileged":false,"PublishAllPorts":false,"ReadonlyRootfs":false,"SecurityOpt":null,"UTSMode":"","UsernsMode":"","ShmSize":67108864,"Runtime":"runc","Isolation":"","CpuShares":0,"Memory":0,"NanoCpus":0,"CgroupParent":"","BlkioWeight":0,"BlkioWeightDevice":null,"BlkioDeviceReadBps":null,"BlkioDeviceWriteBps":null,"BlkioDeviceReadIOps":null,"BlkioDeviceWriteIOps":null,"CpuPeriod":0,"CpuQuota":0,"CpuRealtimePeriod":0,"CpuRealtimeRuntime":0,"CpusetCpus":"","CpusetMems":"","Devices":null,"DeviceCgroupRules":null,"DeviceRequests":null,"MemoryReservation":0,"MemorySwap":0,"MemorySwappiness":null,"OomKillDisable":false,"PidsLimit":null,"Ulimits":null,"CpuCount":0,"CpuPercent":0,"IOMaximumIOps":0,"IOMaximumBandwidth":0,"MaskedPaths":["/proc/asound","/proc/acpi","/proc/kcore","/proc/keys","/proc/latency_stats","/proc/timer_list","/proc/timer_stats","/proc/sched_debug","/proc/scsi","/sys/firmware","/sys/devices/virtual/powercap"],"ReadonlyPaths":["/proc/bus","/proc/fs","/proc/irq","/proc/sys","/proc/sysrq-trigger"]},"GraphDriver":{"Data":{"LowerDir":"/var/lib/docker/overlay2/fcbc009b44a586dc333983a7d8233b860d2a19a0748e7573471f6f6a9aba8685-init/diff:/var/lib/docker/overlay2/8f0ddbd386af0785c2e348570516955816ab350305d698d363962d488eeb15ec/diff:/var/lib/docker/overlay2/0eb0ca73e9b0be7c3d7fa8762ef4778a68f38391bc84c037c2e90b88e781b475/diff:/var/lib/docker/overlay2/74e634bddc785c5d436b10a5158cd82e21dc2065fd1cf8ff9c1c12e01575a2d8/diff:/var/lib/docker/overlay2/bb918b2851cd2f508f1e3fdbfff8b7f8b041d61e65fe8c368288bf399e80b818/diff:/var/lib/docker/overlay2/2abab2946cbdc2941ee8ec4024c51dac7313dee9de5fbedd1ca33388c59eb3c8/diff:/var/lib/docker/overlay2/e12f6083ee669bd92743ceb339a896bb25dbe461b718705bb39eb410b80c0ecd/diff:/var/lib/docker/overlay2/ced1e86d670d097da5ed4da7288c22507735918959161c2cd8bf083fb30d169a/diff:/var/lib/docker/overlay2/94e9ac7b74923285ae73af20aeccb964ca9079e2305db367cb85d1603560472d/diff:/var/lib/docker/overlay2/a396b6dfd63f0c228c519871183c614cccf4d366a43460f27ecf97113c3c4be8/diff:/var/lib/docker/overlay2/f58ada5d5080c2bac553c734f81127660a90581a35ed2a92cebe3c59e340875b/diff:/var/lib/docker/overlay2/84f85636f37bf55d945e217b4f87a856eba7932284beaf042561007b66f48977/diff:/var/lib/docker/overlay2/1e6e519613884e91a2b74a588ba35dc8a2f789371ab798ef6e7d9836d756042f/diff:/var/lib/docker/overlay2/14a3151cc8b4f9d27d2e64f1a8abc0c7809309580f2d7e8dc8545055c1d56194/diff:/var/lib/docke"
2024-07-24 14:30:16.621 [Test worker] DEBUG c.g.d.z.s.o.a.hc.client5.http.wire - http-outgoing-9 << "r/overlay2/5b354b9e793401517fe2f1da697653fdaadffc54888eaf76d67e0600b8c68bdc/diff","MergedDir":"/var/lib/docker/overlay2/fcbc009b44a586dc333983a7d8233b860d2a19a0748e7573471f6f6a9aba8685/merged","UpperDir":"/var/lib/docker/overlay2/fcbc009b44a586dc333983a7d8233b860d2a19a0748e7573471f6f6a9aba8685/diff","WorkDir":"/var/lib/docker/overlay2/fcbc009b44a586dc333983a7d8233b860d2a19a0748e7573471f6f6a9aba8685/work"},"Name":"overlay2"},"Mounts":[{"Type":"volume","Name":"e75c61492d67715c2ac2e130151aa6d4e31835536e5dfd90aa022db3d5cbb515","Source":"/var/lib/docker/volumes/e75c61492d67715c2ac2e130151aa6d4e31835536e5dfd90aa022db3d5cbb515/_data","Destination":"/var/lib/postgresql/data","Driver":"local","Mode":"","RW":true,"Propagation":""}],"Config":{"Hostname":"9c9e6331adc7","Domainname":"","User":"","AttachStdin":false,"AttachStdout":false,"AttachStderr":false,"ExposedPorts":{"5432/tcp":{}},"Tty":false,"OpenStdin":false,"StdinOnce":false,"Env":["POSTGRES_USER=user","POSTGRES_PASSWORD=password","POSTGRES_DB=db","PATH=/usr/local/sbin:/usr/local/bin:/usr/sbin:/usr/bin:/sbin:/bin:/usr/lib/postgresql/16/bin","GOSU_VERSION=1.17","LANG=en_US.utf8","PG_MAJOR=16","PG_VERSION=16.2-1.pgdg120+2","PGDATA=/var/lib/postgresql/data"],"Cmd":["postgres","-c","fsync=off"],"Image":"postgres:latest","Volumes":{"/var/lib/postgresql/data":{}},"WorkingDir":"","Entrypoint":["docker-entrypoint.sh"],"OnBuild":null,"Labels":{"org.testcontainers":"true","org.testcontainers.lang":"java","org.testcontainers.sessionId":"280e6229-7396-4d60-b1e3-a5de48b5d49b","org.testcontainers.version":"1.19.8"},"StopSignal":"SIGINT"},"NetworkSettings":{"Bridge":"","SandboxID":"b9b1b41e110f5e3dcfd23fe2d8eeea14a9434b660c437260402de56605f17303","SandboxKey":"/var/run/docker/netns/b9b1b41e110f","Ports":{"5432/tcp":[{"HostIp":"0.0.0.0","HostPort":"51529"}]},"HairpinMode":false,"LinkLocalIPv6Address":"","LinkLocalIPv6PrefixLen":0,"SecondaryIPAddresses":null,"SecondaryIPv6Addresses":null,"EndpointID":"5c0120371256c1db9880a0fa1216e7c360683aba1e39ddf5ba82a9afcc4d10a8","Gateway":"172.17.0.1","GlobalIPv6Address":"","GlobalIPv6PrefixLen":0,"IPAddress":"172.17.0.3","IPPrefixLen":16,"IPv6Gateway":"","MacAddress":"02:42:ac:11:00:03","Networks":{"bridge":{"IPAMConfig":null,"Links":null,"Aliases":null,"MacAddress":"02:42:ac:11:00:03","NetworkID":"3c842496be344cbdae878c1dee0957e7bc7c0a2236009c92752030f2b053e72f","EndpointID":"5c0120371256c1db9880a0fa1216e7c360683aba1e39ddf5ba82a9afcc4d10a8","Gateway":"172.17.0.1","IPAddress":"172.17.0.3","IPPrefixLen":16,"IPv6Gateway":"","GlobalIPv6Address":"","GlobalIPv6PrefixLen":0,"DriverOpts":null,"DNSNames":null}}}}[\n]"
2024-07-24 14:30:16.622 [Test worker] DEBUG c.g.d.z.s.o.a.hc.client5.http.wire - http-outgoing-9 << "[\r][\n]"
2024-07-24 14:30:16.622 [Test worker] DEBUG c.g.d.z.s.o.a.hc.client5.http.wire - http-outgoing-9 << "0[\r][\n]"
2024-07-24 14:30:16.622 [Test worker] DEBUG c.g.d.z.s.o.a.hc.client5.http.wire - http-outgoing-9 << "[\r][\n]"
2024-07-24 14:30:16.622 [Test worker] DEBUG c.g.d.z.s.o.a.h.c.h.i.c.InternalHttpClient - ep-0000005C: releasing valid endpoint
2024-07-24 14:30:16.622 [Test worker] DEBUG c.g.d.z.s.o.a.h.c.h.i.i.PoolingHttpClientConnectionManager - ep-0000005C: releasing endpoint
2024-07-24 14:30:16.622 [Test worker] DEBUG c.g.d.z.s.o.a.h.c.h.i.i.PoolingHttpClientConnectionManager - ep-0000005C: connection http-outgoing-9 can be kept alive for 3 MINUTES
2024-07-24 14:30:16.622 [Test worker] DEBUG c.g.d.z.s.o.a.h.c.h.i.i.PoolingHttpClientConnectionManager - ep-0000005C: connection released [route: {}->npipe://localhost:2375][total available: 1; route allocated: 1 of 2147483647; total allocated: 1 of 2147483647]
2024-07-24 14:30:16.622 [Test worker] DEBUG tc.postgres:latest - Trying to create JDBC connection using org.postgresql.Driver to jdbc:postgresql://localhost:51529/db?loggerLevel=OFF with properties: {password=password, user=user}
2024-07-24 14:30:16.636 [Test worker] DEBUG o.t.jdbc.JdbcDatabaseDelegate - false returned as updateCount for SQL: drop table if exists WorkedOn
2024-07-24 14:30:16.636 [Test worker] DEBUG o.t.jdbc.JdbcDatabaseDelegate - false returned as updateCount for SQL: drop table if exists SequenceLine
2024-07-24 14:30:16.637 [Test worker] DEBUG o.t.jdbc.JdbcDatabaseDelegate - false returned as updateCount for SQL: drop table if exists WorkOrder
2024-07-24 14:30:16.638 [Test worker] DEBUG o.t.jdbc.JdbcDatabaseDelegate - false returned as updateCount for SQL: drop table if exists SequenceHeader
2024-07-24 14:30:16.639 [Test worker] DEBUG o.t.jdbc.JdbcDatabaseDelegate - false returned as updateCount for SQL: drop table if exists SaleOrderLine
2024-07-24 14:30:16.639 [Test worker] DEBUG o.t.jdbc.JdbcDatabaseDelegate - false returned as updateCount for SQL: drop table if exists SaleOrderHeader
2024-07-24 14:30:16.640 [Test worker] DEBUG o.t.jdbc.JdbcDatabaseDelegate - false returned as updateCount for SQL: drop table if exists Staff
2024-07-24 14:30:16.641 [Test worker] DEBUG o.t.jdbc.JdbcDatabaseDelegate - false returned as updateCount for SQL: drop table if exists WorkStation
2024-07-24 14:30:16.641 [Test worker] DEBUG o.t.jdbc.JdbcDatabaseDelegate - false returned as updateCount for SQL: drop table if exists Part
2024-07-24 14:30:16.642 [Test worker] DEBUG o.t.jdbc.JdbcDatabaseDelegate - false returned as updateCount for SQL: drop table if exists Customer
2024-07-24 14:30:16.645 [Test worker] DEBUG o.t.jdbc.JdbcDatabaseDelegate - false returned as updateCount for SQL: create table Customer ( customerId VarChar(8) PRIMARY Key, name VarChar(100) not null, address VarChar(500) not null )
2024-07-24 14:30:16.647 [Test worker] DEBUG o.t.jdbc.JdbcDatabaseDelegate - false returned as updateCount for SQL: create table Part ( partId VarChar(6) PRIMARY KEY, inventory Int not null, name VarChar(100) not null )
2024-07-24 14:30:16.648 [Test worker] DEBUG o.t.jdbc.JdbcDatabaseDelegate - false returned as updateCount for SQL: create table WorkStation ( name VarChar(50) PRIMARY KEY )
2024-07-24 14:30:16.649 [Test worker] DEBUG o.t.jdbc.JdbcDatabaseDelegate - false returned as updateCount for SQL: create table Staff ( staffID VarChar(6) PRIMARY KEY, name VarChar(100) not null )
2024-07-24 14:30:16.651 [Test worker] DEBUG o.t.jdbc.JdbcDatabaseDelegate - false returned as updateCount for SQL: create table SaleOrderHeader ( soHeaderId VarChar(6) PRIMARY key , customerId VarChar(8) not null references Customer (customerId) )
2024-07-24 14:30:16.652 [Test worker] DEBUG o.t.jdbc.JdbcDatabaseDelegate - false returned as updateCount for SQL: create table SaleOrderLine ( soLineId VarChar(6), soHeaderId VarChar(6) references SaleOrderHeader (soHeaderID), dateDue Date not null, partID VarChar(6) not null references Part(partId), PRIMARY KEY (soLineId,soHeaderId) )
2024-07-24 14:30:16.654 [Test worker] DEBUG o.t.jdbc.JdbcDatabaseDelegate - false returned as updateCount for SQL: create table SequenceHeader ( seqHeaderId VarChar(6) PRIMARY KEY, partId VarChar(6) not null references Part(partId) )
2024-07-24 14:30:16.656 [Test worker] DEBUG o.t.jdbc.JdbcDatabaseDelegate - false returned as updateCount for SQL: create table WorkOrder ( workOrderId VarChar(8) PRIMARY KEY, seqHeaderId VarChar(6) not null REFERENCES SequenceHeader (seqHeaderId), soLineId VarChar(6) not null, soHeaderId VarChar(6) not null, quanity Int not null, FOREIGN KEY (soLineId,soHeaderId) REFERENCES SaleOrderLine (soLineId,soHeaderId) )
2024-07-24 14:30:16.657 [Test worker] DEBUG o.t.jdbc.JdbcDatabaseDelegate - false returned as updateCount for SQL: create table SequenceLine ( seqLineId VarChar(10), seqHeaderId VarChar(6) references SequenceHeader (seqHeaderId), workStation VarChar(50) not null references WorkStation(name), PRIMARY KEY(seqLineId,seqHeaderId) )
2024-07-24 14:30:16.659 [Test worker] DEBUG o.t.jdbc.JdbcDatabaseDelegate - false returned as updateCount for SQL: create table WorkedOn ( staffId VarChar(8) references Staff (staffId), seqHeaderId VarChar(6), seqLineId VarChar(10), workOrderId VarChar(50) references WorkOrder(workOrderId), PRIMARY key (staffId,seqHeaderId,seqLineId,workOrderId), FOREIGN KEY (seqHeaderId,seqLineId) REFERENCES SequenceLine (seqHeaderId,seqLineId) )
2024-07-24 14:30:16.659 [Test worker] INFO  org.testcontainers.ext.ScriptUtils - Executed database script from sql/init.sql in 45 ms.
2024-07-24 14:30:16.677 [Test worker] DEBUG o.t.s.c.g.d.c.command.AbstrDockerCmd - Cmd: 9c9e6331adc7367db79fb05085835d5cab36ae808332a452ad5f7b77df0f7404,false
2024-07-24 14:30:16.677 [Test worker] DEBUG o.t.s.c.g.d.c.e.InspectContainerCmdExec - GET: DefaultWebTarget{path=[/containers/9c9e6331adc7367db79fb05085835d5cab36ae808332a452ad5f7b77df0f7404/json], queryParams={}}
2024-07-24 14:30:16.678 [Test worker] DEBUG c.g.d.z.s.o.a.h.c.h.i.c.InternalHttpClient - ex-0000005E: preparing request execution
2024-07-24 14:30:16.678 [Test worker] DEBUG c.g.d.z.s.o.a.h.c.h.p.RequestAddCookies - Cookie spec selected: strict
2024-07-24 14:30:16.678 [Test worker] DEBUG c.g.d.z.s.o.a.h.c.h.p.RequestAuthCache - Auth cache not set in the context
2024-07-24 14:30:16.678 [Test worker] DEBUG c.g.d.z.s.o.a.h.c.h.i.c.ProtocolExec - ex-0000005E: target auth state: UNCHALLENGED
2024-07-24 14:30:16.678 [Test worker] DEBUG c.g.d.z.s.o.a.h.c.h.i.c.ProtocolExec - ex-0000005E: proxy auth state: UNCHALLENGED
2024-07-24 14:30:16.678 [Test worker] DEBUG c.g.d.z.s.o.a.h.c.h.i.c.ConnectExec - ex-0000005E: acquiring connection with route {}->npipe://localhost:2375
2024-07-24 14:30:16.678 [Test worker] DEBUG c.g.d.z.s.o.a.h.c.h.i.c.InternalHttpClient - ex-0000005E: acquiring endpoint (3 MINUTES)
2024-07-24 14:30:16.678 [Test worker] DEBUG c.g.d.z.s.o.a.h.c.h.i.i.PoolingHttpClientConnectionManager - ex-0000005E: endpoint lease request (3 MINUTES) [route: {}->npipe://localhost:2375][total available: 1; route allocated: 1 of 2147483647; total allocated: 1 of 2147483647]
2024-07-24 14:30:16.678 [Test worker] DEBUG c.g.d.z.s.o.a.h.c.h.i.i.PoolingHttpClientConnectionManager - ex-0000005E: endpoint leased [route: {}->npipe://localhost:2375][total available: 0; route allocated: 1 of 2147483647; total allocated: 1 of 2147483647]
2024-07-24 14:30:16.678 [Test worker] DEBUG c.g.d.z.s.o.a.h.c.h.i.i.PoolingHttpClientConnectionManager - ex-0000005E: acquired ep-0000005D
2024-07-24 14:30:16.678 [Test worker] DEBUG c.g.d.z.s.o.a.h.c.h.i.c.InternalHttpClient - ex-0000005E: acquired endpoint ep-0000005D
2024-07-24 14:30:16.678 [Test worker] DEBUG c.g.d.z.s.o.a.h.c.h.i.c.MainClientExec - ex-0000005E: executing GET /v1.32/containers/9c9e6331adc7367db79fb05085835d5cab36ae808332a452ad5f7b77df0f7404/json HTTP/1.1
2024-07-24 14:30:16.678 [Test worker] DEBUG c.g.d.z.s.o.a.h.c.h.i.c.InternalHttpClient - ep-0000005D: start execution ex-0000005E
2024-07-24 14:30:16.678 [Test worker] DEBUG c.g.d.z.s.o.a.h.c.h.i.i.PoolingHttpClientConnectionManager - ep-0000005D: executing exchange ex-0000005E over http-outgoing-9
2024-07-24 14:30:16.678 [Test worker] DEBUG c.g.d.z.s.o.a.h.client5.http.headers - http-outgoing-9 >> GET /v1.32/containers/9c9e6331adc7367db79fb05085835d5cab36ae808332a452ad5f7b77df0f7404/json HTTP/1.1
2024-07-24 14:30:16.678 [Test worker] DEBUG c.g.d.z.s.o.a.h.client5.http.headers - http-outgoing-9 >> accept: application/json
2024-07-24 14:30:16.678 [Test worker] DEBUG c.g.d.z.s.o.a.h.client5.http.headers - http-outgoing-9 >> x-tc-sid: 280e6229-7396-4d60-b1e3-a5de48b5d49b
2024-07-24 14:30:16.678 [Test worker] DEBUG c.g.d.z.s.o.a.h.client5.http.headers - http-outgoing-9 >> User-Agent: tc-java/1.19.8
2024-07-24 14:30:16.678 [Test worker] DEBUG c.g.d.z.s.o.a.h.client5.http.headers - http-outgoing-9 >> Accept-Encoding: gzip, x-gzip, deflate
2024-07-24 14:30:16.678 [Test worker] DEBUG c.g.d.z.s.o.a.h.client5.http.headers - http-outgoing-9 >> Host: localhost:2375
2024-07-24 14:30:16.678 [Test worker] DEBUG c.g.d.z.s.o.a.h.client5.http.headers - http-outgoing-9 >> Connection: keep-alive
2024-07-24 14:30:16.678 [Test worker] DEBUG c.g.d.z.s.o.a.hc.client5.http.wire - http-outgoing-9 >> "GET /v1.32/containers/9c9e6331adc7367db79fb05085835d5cab36ae808332a452ad5f7b77df0f7404/json HTTP/1.1[\r][\n]"
2024-07-24 14:30:16.678 [Test worker] DEBUG c.g.d.z.s.o.a.hc.client5.http.wire - http-outgoing-9 >> "accept: application/json[\r][\n]"
2024-07-24 14:30:16.678 [Test worker] DEBUG c.g.d.z.s.o.a.hc.client5.http.wire - http-outgoing-9 >> "x-tc-sid: 280e6229-7396-4d60-b1e3-a5de48b5d49b[\r][\n]"
2024-07-24 14:30:16.678 [Test worker] DEBUG c.g.d.z.s.o.a.hc.client5.http.wire - http-outgoing-9 >> "User-Agent: tc-java/1.19.8[\r][\n]"
2024-07-24 14:30:16.678 [Test worker] DEBUG c.g.d.z.s.o.a.hc.client5.http.wire - http-outgoing-9 >> "Accept-Encoding: gzip, x-gzip, deflate[\r][\n]"
2024-07-24 14:30:16.678 [Test worker] DEBUG c.g.d.z.s.o.a.hc.client5.http.wire - http-outgoing-9 >> "Host: localhost:2375[\r][\n]"
2024-07-24 14:30:16.678 [Test worker] DEBUG c.g.d.z.s.o.a.hc.client5.http.wire - http-outgoing-9 >> "Connection: keep-alive[\r][\n]"
2024-07-24 14:30:16.678 [Test worker] DEBUG c.g.d.z.s.o.a.hc.client5.http.wire - http-outgoing-9 >> "[\r][\n]"
2024-07-24 14:30:16.681 [Test worker] DEBUG c.g.d.z.s.o.a.hc.client5.http.wire - http-outgoing-9 << "HTTP/1.1 200 OK[\r][\n]"
2024-07-24 14:30:16.681 [Test worker] DEBUG c.g.d.z.s.o.a.hc.client5.http.wire - http-outgoing-9 << "Api-Version: 1.45[\r][\n]"
2024-07-24 14:30:16.681 [Test worker] DEBUG c.g.d.z.s.o.a.hc.client5.http.wire - http-outgoing-9 << "Content-Type: application/json[\r][\n]"
2024-07-24 14:30:16.681 [Test worker] DEBUG c.g.d.z.s.o.a.hc.client5.http.wire - http-outgoing-9 << "Date: Wed, 24 Jul 2024 02:30:16 GMT[\r][\n]"
2024-07-24 14:30:16.681 [Test worker] DEBUG c.g.d.z.s.o.a.hc.client5.http.wire - http-outgoing-9 << "Docker-Experimental: false[\r][\n]"
2024-07-24 14:30:16.681 [Test worker] DEBUG c.g.d.z.s.o.a.hc.client5.http.wire - http-outgoing-9 << "Ostype: linux[\r][\n]"
2024-07-24 14:30:16.681 [Test worker] DEBUG c.g.d.z.s.o.a.hc.client5.http.wire - http-outgoing-9 << "Server: Docker/26.0.0 (linux)[\r][\n]"
2024-07-24 14:30:16.681 [Test worker] DEBUG c.g.d.z.s.o.a.hc.client5.http.wire - http-outgoing-9 << "Transfer-Encoding: chunked[\r][\n]"
2024-07-24 14:30:16.681 [Test worker] DEBUG c.g.d.z.s.o.a.hc.client5.http.wire - http-outgoing-9 << "[\r][\n]"
2024-07-24 14:30:16.681 [Test worker] DEBUG c.g.d.z.s.o.a.h.client5.http.headers - http-outgoing-9 << HTTP/1.1 200 OK
2024-07-24 14:30:16.681 [Test worker] DEBUG c.g.d.z.s.o.a.h.client5.http.headers - http-outgoing-9 << Api-Version: 1.45
2024-07-24 14:30:16.681 [Test worker] DEBUG c.g.d.z.s.o.a.h.client5.http.headers - http-outgoing-9 << Content-Type: application/json
2024-07-24 14:30:16.681 [Test worker] DEBUG c.g.d.z.s.o.a.h.client5.http.headers - http-outgoing-9 << Date: Wed, 24 Jul 2024 02:30:16 GMT
2024-07-24 14:30:16.681 [Test worker] DEBUG c.g.d.z.s.o.a.h.client5.http.headers - http-outgoing-9 << Docker-Experimental: false
2024-07-24 14:30:16.681 [Test worker] DEBUG c.g.d.z.s.o.a.h.client5.http.headers - http-outgoing-9 << Ostype: linux
2024-07-24 14:30:16.681 [Test worker] DEBUG c.g.d.z.s.o.a.h.client5.http.headers - http-outgoing-9 << Server: Docker/26.0.0 (linux)
2024-07-24 14:30:16.681 [Test worker] DEBUG c.g.d.z.s.o.a.h.client5.http.headers - http-outgoing-9 << Transfer-Encoding: chunked
2024-07-24 14:30:16.681 [Test worker] DEBUG c.g.d.z.s.o.a.h.c.h.i.c.MainClientExec - ex-0000005E: connection can be kept alive for 3 MINUTES
2024-07-24 14:30:16.682 [Test worker] DEBUG c.g.d.z.s.o.a.hc.client5.http.wire - http-outgoing-9 << "1a36[\r][\n]"
2024-07-24 14:30:16.682 [Test worker] DEBUG c.g.d.z.s.o.a.hc.client5.http.wire - http-outgoing-9 << "{"Id":"9c9e6331adc7367db79fb05085835d5cab36ae808332a452ad5f7b77df0f7404","Created":"2024-07-24T02:30:14.738166281Z","Path":"docker-entrypoint.sh","Args":["postgres","-c","fsync=off"],"State":{"Status":"running","Running":true,"Paused":false,"Restarting":false,"OOMKilled":false,"Dead":false,"Pid":28846,"ExitCode":0,"Error":"","StartedAt":"2024-07-24T02:30:15.205889534Z","FinishedAt":"0001-01-01T00:00:00Z"},"Image":"sha256:8e4fc9e184899a58735e7ee333f5e272d7d2298cf59302006b71f33e217be130","ResolvConfPath":"/var/lib/docker/containers/9c9e6331adc7367db79fb05085835d5cab36ae808332a452ad5f7b77df0f7404/resolv.conf","HostnamePath":"/var/lib/docker/containers/9c9e6331adc7367db79fb05085835d5cab36ae808332a452ad5f7b77df0f7404/hostname","HostsPath":"/var/lib/docker/containers/9c9e6331adc7367db79fb05085835d5cab36ae808332a452ad5f7b77df0f7404/hosts","LogPath":"/var/lib/docker/containers/9c9e6331adc7367db79fb05085835d5cab36ae808332a452ad5f7b77df0f7404/9c9e6331adc7367db79fb05085835d5cab36ae808332a452ad5f7b77df0f7404-json.log","Name":"/sleepy_newton","RestartCount":0,"Driver":"overlay2","Platform":"linux","MountLabel":"","ProcessLabel":"","AppArmorProfile":"","ExecIDs":null,"HostConfig":{"Binds":[],"ContainerIDFile":"","LogConfig":{"Type":"json-file","Config":{}},"NetworkMode":"default","PortBindings":{"5432/tcp":[{"HostIp":"0.0.0.0","HostPort":"0"}]},"RestartPolicy":{"Name":"no","MaximumRetryCount":0},"AutoRemove":false,"VolumeDriver":"","VolumesFrom":[],"ConsoleSize":[0,0],"CapAdd":null,"CapDrop":null,"CgroupnsMode":"host","Dns":null,"DnsOptions":null,"DnsSearch":null,"ExtraHosts":[],"GroupAdd":null,"IpcMode":"shareable","Cgroup":"","Links":null,"OomScoreAdj":0,"PidMode":"","Privileged":false,"PublishAllPorts":false,"ReadonlyRootfs":false,"SecurityOpt":null,"UTSMode":"","UsernsMode":"","ShmSize":67108864,"Runtime":"runc","Isolation":"","CpuShares":0,"Memory":0,"NanoCpus":0,"CgroupParent":"","BlkioWeight":0,"BlkioWeightDevice":null,"BlkioDeviceReadBps":null,"BlkioDeviceWriteBps":null,"BlkioDeviceReadIOps":null,"BlkioDeviceWriteIOps":null,"CpuPeriod":0,"CpuQuota":0,"CpuRealtimePeriod":0,"CpuRealtimeRuntime":0,"CpusetCpus":"","CpusetMems":"","Devices":null,"DeviceCgroupRules":null,"DeviceRequests":null,"MemoryReservation":0,"MemorySwap":0,"MemorySwappiness":null,"OomKillDisable":false,"PidsLimit":null,"Ulimits":null,"CpuCount":0,"CpuPercent":0,"IOMaximumIOps":0,"IOMaximumBandwidth":0,"MaskedPaths":["/proc/asound","/proc/acpi","/proc/kcore","/proc/keys","/proc/latency_stats","/proc/timer_list","/proc/timer_stats","/proc/sched_debug","/proc/scsi","/sys/firmware","/sys/devices/virtual/powercap"],"ReadonlyPaths":["/proc/bus","/proc/fs","/proc/irq","/proc/sys","/proc/sysrq-trigger"]},"GraphDriver":{"Data":{"LowerDir":"/var/lib/docker/overlay2/fcbc009b44a586dc333983a7d8233b860d2a19a0748e7573471f6f6a9aba8685-init/diff:/var/lib/docker/overlay2/8f0ddbd386af0785c2e348570516955816ab350305d698d363962d488eeb15ec/diff:/var/lib/docker/overlay2/0eb0ca73e9b0be7c3d7fa8762ef4778a68f38391bc84c037c2e90b88e781b475/diff:/var/lib/docker/overlay2/74e634bddc785c5d436b10a5158cd82e21dc2065fd1cf8ff9c1c12e01575a2d8/diff:/var/lib/docker/overlay2/bb918b2851cd2f508f1e3fdbfff8b7f8b041d61e65fe8c368288bf399e80b818/diff:/var/lib/docker/overlay2/2abab2946cbdc2941ee8ec4024c51dac7313dee9de5fbedd1ca33388c59eb3c8/diff:/var/lib/docker/overlay2/e12f6083ee669bd92743ceb339a896bb25dbe461b718705bb39eb410b80c0ecd/diff:/var/lib/docker/overlay2/ced1e86d670d097da5ed4da7288c22507735918959161c2cd8bf083fb30d169a/diff:/var/lib/docker/overlay2/94e9ac7b74923285ae73af20aeccb964ca9079e2305db367cb85d1603560472d/diff:/var/lib/docker/overlay2/a396b6dfd63f0c228c519871183c614cccf4d366a43460f27ecf97113c3c4be8/diff:/var/lib/docker/overlay2/f58ada5d5080c2bac553c734f81127660a90581a35ed2a92cebe3c59e340875b/diff:/var/lib/docker/overlay2/84f85636f37bf55d945e217b4f87a856eba7932284beaf042561007b66f48977/diff:/var/lib/docker/overlay2/1e6e519613884e91a2b74a588ba35dc8a2f789371ab798ef6e7d9836d756042f/diff:/var/lib/docker/overlay2/14a3151cc8b4f9d27d2e64f1a8abc0c7809309580f2d7e8dc8545055c1d56194/diff:/var/lib/docke"
2024-07-24 14:30:16.682 [Test worker] DEBUG c.g.d.z.s.o.a.hc.client5.http.wire - http-outgoing-9 << "r/overlay2/5b354b9e793401517fe2f1da697653fdaadffc54888eaf76d67e0600b8c68bdc/diff","MergedDir":"/var/lib/docker/overlay2/fcbc009b44a586dc333983a7d8233b860d2a19a0748e7573471f6f6a9aba8685/merged","UpperDir":"/var/lib/docker/overlay2/fcbc009b44a586dc333983a7d8233b860d2a19a0748e7573471f6f6a9aba8685/diff","WorkDir":"/var/lib/docker/overlay2/fcbc009b44a586dc333983a7d8233b860d2a19a0748e7573471f6f6a9aba8685/work"},"Name":"overlay2"},"Mounts":[{"Type":"volume","Name":"e75c61492d67715c2ac2e130151aa6d4e31835536e5dfd90aa022db3d5cbb515","Source":"/var/lib/docker/volumes/e75c61492d67715c2ac2e130151aa6d4e31835536e5dfd90aa022db3d5cbb515/_data","Destination":"/var/lib/postgresql/data","Driver":"local","Mode":"","RW":true,"Propagation":""}],"Config":{"Hostname":"9c9e6331adc7","Domainname":"","User":"","AttachStdin":false,"AttachStdout":false,"AttachStderr":false,"ExposedPorts":{"5432/tcp":{}},"Tty":false,"OpenStdin":false,"StdinOnce":false,"Env":["POSTGRES_USER=user","POSTGRES_PASSWORD=password","POSTGRES_DB=db","PATH=/usr/local/sbin:/usr/local/bin:/usr/sbin:/usr/bin:/sbin:/bin:/usr/lib/postgresql/16/bin","GOSU_VERSION=1.17","LANG=en_US.utf8","PG_MAJOR=16","PG_VERSION=16.2-1.pgdg120+2","PGDATA=/var/lib/postgresql/data"],"Cmd":["postgres","-c","fsync=off"],"Image":"postgres:latest","Volumes":{"/var/lib/postgresql/data":{}},"WorkingDir":"","Entrypoint":["docker-entrypoint.sh"],"OnBuild":null,"Labels":{"org.testcontainers":"true","org.testcontainers.lang":"java","org.testcontainers.sessionId":"280e6229-7396-4d60-b1e3-a5de48b5d49b","org.testcontainers.version":"1.19.8"},"StopSignal":"SIGINT"},"NetworkSettings":{"Bridge":"","SandboxID":"b9b1b41e110f5e3dcfd23fe2d8eeea14a9434b660c437260402de56605f17303","SandboxKey":"/var/run/docker/netns/b9b1b41e110f","Ports":{"5432/tcp":[{"HostIp":"0.0.0.0","HostPort":"51529"}]},"HairpinMode":false,"LinkLocalIPv6Address":"","LinkLocalIPv6PrefixLen":0,"SecondaryIPAddresses":null,"SecondaryIPv6Addresses":null,"EndpointID":"5c0120371256c1db9880a0fa1216e7c360683aba1e39ddf5ba82a9afcc4d10a8","Gateway":"172.17.0.1","GlobalIPv6Address":"","GlobalIPv6PrefixLen":0,"IPAddress":"172.17.0.3","IPPrefixLen":16,"IPv6Gateway":"","MacAddress":"02:42:ac:11:00:03","Networks":{"bridge":{"IPAMConfig":null,"Links":null,"Aliases":null,"MacAddress":"02:42:ac:11:00:03","NetworkID":"3c842496be344cbdae878c1dee0957e7bc7c0a2236009c92752030f2b053e72f","EndpointID":"5c0120371256c1db9880a0fa1216e7c360683aba1e39ddf5ba82a9afcc4d10a8","Gateway":"172.17.0.1","IPAddress":"172.17.0.3","IPPrefixLen":16,"IPv6Gateway":"","GlobalIPv6Address":"","GlobalIPv6PrefixLen":0,"DriverOpts":null,"DNSNames":null}}}}[\n]"
2024-07-24 14:30:16.683 [Test worker] DEBUG c.g.d.z.s.o.a.hc.client5.http.wire - http-outgoing-9 << "[\r][\n]"
2024-07-24 14:30:16.683 [Test worker] DEBUG c.g.d.z.s.o.a.hc.client5.http.wire - http-outgoing-9 << "0[\r][\n]"
2024-07-24 14:30:16.683 [Test worker] DEBUG c.g.d.z.s.o.a.hc.client5.http.wire - http-outgoing-9 << "[\r][\n]"
2024-07-24 14:30:16.683 [Test worker] DEBUG c.g.d.z.s.o.a.h.c.h.i.c.InternalHttpClient - ep-0000005D: releasing valid endpoint
2024-07-24 14:30:16.683 [Test worker] DEBUG c.g.d.z.s.o.a.h.c.h.i.i.PoolingHttpClientConnectionManager - ep-0000005D: releasing endpoint
2024-07-24 14:30:16.683 [Test worker] DEBUG c.g.d.z.s.o.a.h.c.h.i.i.PoolingHttpClientConnectionManager - ep-0000005D: connection http-outgoing-9 can be kept alive for 3 MINUTES
2024-07-24 14:30:16.683 [Test worker] DEBUG c.g.d.z.s.o.a.h.c.h.i.i.PoolingHttpClientConnectionManager - ep-0000005D: connection released [route: {}->npipe://localhost:2375][total available: 1; route allocated: 1 of 2147483647; total allocated: 1 of 2147483647]
2024-07-24 14:30:16.683 [Test worker] TRACE o.t.utility.ResourceReaper - Stopping container: 9c9e6331adc7367db79fb05085835d5cab36ae808332a452ad5f7b77df0f7404
2024-07-24 14:30:16.683 [Test worker] DEBUG o.t.s.c.g.d.c.command.AbstrDockerCmd - Cmd: 9c9e6331adc7367db79fb05085835d5cab36ae808332a452ad5f7b77df0f7404,<null>
2024-07-24 14:30:16.683 [Test worker] TRACE o.t.s.c.g.d.c.e.KillContainerCmdExec - POST: DefaultWebTarget{path=[/containers/9c9e6331adc7367db79fb05085835d5cab36ae808332a452ad5f7b77df0f7404/kill], queryParams={}}
2024-07-24 14:30:16.684 [Test worker] DEBUG c.g.d.z.s.o.a.h.c.h.i.c.InternalHttpClient - ex-0000005F: preparing request execution
2024-07-24 14:30:16.684 [Test worker] DEBUG c.g.d.z.s.o.a.h.c.h.p.RequestAddCookies - Cookie spec selected: strict
2024-07-24 14:30:16.684 [Test worker] DEBUG c.g.d.z.s.o.a.h.c.h.p.RequestAuthCache - Auth cache not set in the context
2024-07-24 14:30:16.684 [Test worker] DEBUG c.g.d.z.s.o.a.h.c.h.i.c.ProtocolExec - ex-0000005F: target auth state: UNCHALLENGED
2024-07-24 14:30:16.684 [Test worker] DEBUG c.g.d.z.s.o.a.h.c.h.i.c.ProtocolExec - ex-0000005F: proxy auth state: UNCHALLENGED
2024-07-24 14:30:16.684 [Test worker] DEBUG c.g.d.z.s.o.a.h.c.h.i.c.ConnectExec - ex-0000005F: acquiring connection with route {}->npipe://localhost:2375
2024-07-24 14:30:16.684 [Test worker] DEBUG c.g.d.z.s.o.a.h.c.h.i.c.InternalHttpClient - ex-0000005F: acquiring endpoint (3 MINUTES)
2024-07-24 14:30:16.684 [Test worker] DEBUG c.g.d.z.s.o.a.h.c.h.i.i.PoolingHttpClientConnectionManager - ex-0000005F: endpoint lease request (3 MINUTES) [route: {}->npipe://localhost:2375][total available: 1; route allocated: 1 of 2147483647; total allocated: 1 of 2147483647]
2024-07-24 14:30:16.684 [Test worker] DEBUG c.g.d.z.s.o.a.h.c.h.i.i.PoolingHttpClientConnectionManager - ex-0000005F: endpoint leased [route: {}->npipe://localhost:2375][total available: 0; route allocated: 1 of 2147483647; total allocated: 1 of 2147483647]
2024-07-24 14:30:16.684 [Test worker] DEBUG c.g.d.z.s.o.a.h.c.h.i.i.PoolingHttpClientConnectionManager - ex-0000005F: acquired ep-0000005E
2024-07-24 14:30:16.684 [Test worker] DEBUG c.g.d.z.s.o.a.h.c.h.i.c.InternalHttpClient - ex-0000005F: acquired endpoint ep-0000005E
2024-07-24 14:30:16.684 [Test worker] DEBUG c.g.d.z.s.o.a.h.c.h.i.c.MainClientExec - ex-0000005F: executing POST /v1.32/containers/9c9e6331adc7367db79fb05085835d5cab36ae808332a452ad5f7b77df0f7404/kill HTTP/1.1
2024-07-24 14:30:16.684 [Test worker] DEBUG c.g.d.z.s.o.a.h.c.h.i.c.InternalHttpClient - ep-0000005E: start execution ex-0000005F
2024-07-24 14:30:16.684 [Test worker] DEBUG c.g.d.z.s.o.a.h.c.h.i.i.PoolingHttpClientConnectionManager - ep-0000005E: executing exchange ex-0000005F over http-outgoing-9
2024-07-24 14:30:16.684 [Test worker] DEBUG c.g.d.z.s.o.a.h.client5.http.headers - http-outgoing-9 >> POST /v1.32/containers/9c9e6331adc7367db79fb05085835d5cab36ae808332a452ad5f7b77df0f7404/kill HTTP/1.1
2024-07-24 14:30:16.684 [Test worker] DEBUG c.g.d.z.s.o.a.h.client5.http.headers - http-outgoing-9 >> accept: application/json
2024-07-24 14:30:16.684 [Test worker] DEBUG c.g.d.z.s.o.a.h.client5.http.headers - http-outgoing-9 >> content-type: application/json
2024-07-24 14:30:16.684 [Test worker] DEBUG c.g.d.z.s.o.a.h.client5.http.headers - http-outgoing-9 >> x-tc-sid: 280e6229-7396-4d60-b1e3-a5de48b5d49b
2024-07-24 14:30:16.684 [Test worker] DEBUG c.g.d.z.s.o.a.h.client5.http.headers - http-outgoing-9 >> User-Agent: tc-java/1.19.8
2024-07-24 14:30:16.684 [Test worker] DEBUG c.g.d.z.s.o.a.h.client5.http.headers - http-outgoing-9 >> Accept-Encoding: gzip, x-gzip, deflate
2024-07-24 14:30:16.684 [Test worker] DEBUG c.g.d.z.s.o.a.h.client5.http.headers - http-outgoing-9 >> Host: localhost:2375
2024-07-24 14:30:16.684 [Test worker] DEBUG c.g.d.z.s.o.a.h.client5.http.headers - http-outgoing-9 >> Connection: keep-alive
2024-07-24 14:30:16.684 [Test worker] DEBUG c.g.d.z.s.o.a.hc.client5.http.wire - http-outgoing-9 >> "POST /v1.32/containers/9c9e6331adc7367db79fb05085835d5cab36ae808332a452ad5f7b77df0f7404/kill HTTP/1.1[\r][\n]"
2024-07-24 14:30:16.684 [Test worker] DEBUG c.g.d.z.s.o.a.hc.client5.http.wire - http-outgoing-9 >> "accept: application/json[\r][\n]"
2024-07-24 14:30:16.684 [Test worker] DEBUG c.g.d.z.s.o.a.hc.client5.http.wire - http-outgoing-9 >> "content-type: application/json[\r][\n]"
2024-07-24 14:30:16.684 [Test worker] DEBUG c.g.d.z.s.o.a.hc.client5.http.wire - http-outgoing-9 >> "x-tc-sid: 280e6229-7396-4d60-b1e3-a5de48b5d49b[\r][\n]"
2024-07-24 14:30:16.684 [Test worker] DEBUG c.g.d.z.s.o.a.hc.client5.http.wire - http-outgoing-9 >> "User-Agent: tc-java/1.19.8[\r][\n]"
2024-07-24 14:30:16.684 [Test worker] DEBUG c.g.d.z.s.o.a.hc.client5.http.wire - http-outgoing-9 >> "Accept-Encoding: gzip, x-gzip, deflate[\r][\n]"
2024-07-24 14:30:16.684 [Test worker] DEBUG c.g.d.z.s.o.a.hc.client5.http.wire - http-outgoing-9 >> "Host: localhost:2375[\r][\n]"
2024-07-24 14:30:16.684 [Test worker] DEBUG c.g.d.z.s.o.a.hc.client5.http.wire - http-outgoing-9 >> "Connection: keep-alive[\r][\n]"
2024-07-24 14:30:16.684 [Test worker] DEBUG c.g.d.z.s.o.a.hc.client5.http.wire - http-outgoing-9 >> "[\r][\n]"
2024-07-24 14:30:17.258 [Test worker] DEBUG c.g.d.z.s.o.a.hc.client5.http.wire - http-outgoing-9 << "HTTP/1.1 204 No Content[\r][\n]"
2024-07-24 14:30:17.259 [Test worker] DEBUG c.g.d.z.s.o.a.hc.client5.http.wire - http-outgoing-9 << "Api-Version: 1.45[\r][\n]"
2024-07-24 14:30:17.259 [Test worker] DEBUG c.g.d.z.s.o.a.hc.client5.http.wire - http-outgoing-9 << "Date: Wed, 24 Jul 2024 02:30:17 GMT[\r][\n]"
2024-07-24 14:30:17.259 [Test worker] DEBUG c.g.d.z.s.o.a.hc.client5.http.wire - http-outgoing-9 << "Docker-Experimental: false[\r][\n]"
2024-07-24 14:30:17.259 [Test worker] DEBUG c.g.d.z.s.o.a.hc.client5.http.wire - http-outgoing-9 << "Ostype: linux[\r][\n]"
2024-07-24 14:30:17.259 [Test worker] DEBUG c.g.d.z.s.o.a.hc.client5.http.wire - http-outgoing-9 << "Server: Docker/26.0.0 (linux)[\r][\n]"
2024-07-24 14:30:17.259 [Test worker] DEBUG c.g.d.z.s.o.a.hc.client5.http.wire - http-outgoing-9 << "[\r][\n]"
2024-07-24 14:30:17.259 [Test worker] DEBUG c.g.d.z.s.o.a.h.client5.http.headers - http-outgoing-9 << HTTP/1.1 204 No Content
2024-07-24 14:30:17.259 [Test worker] DEBUG c.g.d.z.s.o.a.h.client5.http.headers - http-outgoing-9 << Api-Version: 1.45
2024-07-24 14:30:17.259 [Test worker] DEBUG c.g.d.z.s.o.a.h.client5.http.headers - http-outgoing-9 << Date: Wed, 24 Jul 2024 02:30:17 GMT
2024-07-24 14:30:17.259 [Test worker] DEBUG c.g.d.z.s.o.a.h.client5.http.headers - http-outgoing-9 << Docker-Experimental: false
2024-07-24 14:30:17.259 [Test worker] DEBUG c.g.d.z.s.o.a.h.client5.http.headers - http-outgoing-9 << Ostype: linux
2024-07-24 14:30:17.259 [Test worker] DEBUG c.g.d.z.s.o.a.h.client5.http.headers - http-outgoing-9 << Server: Docker/26.0.0 (linux)
2024-07-24 14:30:17.259 [Test worker] DEBUG c.g.d.z.s.o.a.h.c.h.i.c.MainClientExec - ex-0000005F: connection can be kept alive for 3 MINUTES
2024-07-24 14:30:17.259 [Test worker] DEBUG c.g.d.z.s.o.a.h.c.h.i.c.InternalHttpClient - ep-0000005E: releasing valid endpoint
2024-07-24 14:30:17.259 [Test worker] DEBUG c.g.d.z.s.o.a.h.c.h.i.i.PoolingHttpClientConnectionManager - ep-0000005E: releasing endpoint
2024-07-24 14:30:17.259 [Test worker] DEBUG c.g.d.z.s.o.a.h.c.h.i.i.PoolingHttpClientConnectionManager - ep-0000005E: connection http-outgoing-9 can be kept alive for 3 MINUTES
2024-07-24 14:30:17.259 [Test worker] DEBUG c.g.d.z.s.o.a.h.c.h.i.i.PoolingHttpClientConnectionManager - ep-0000005E: connection released [route: {}->npipe://localhost:2375][total available: 1; route allocated: 1 of 2147483647; total allocated: 1 of 2147483647]
2024-07-24 14:30:17.259 [Test worker] TRACE o.t.utility.ResourceReaper - Stopped container: postgres:latest
2024-07-24 14:30:17.259 [Test worker] DEBUG o.t.s.c.g.d.c.command.AbstrDockerCmd - Cmd: 9c9e6331adc7367db79fb05085835d5cab36ae808332a452ad5f7b77df0f7404,false
2024-07-24 14:30:17.260 [Test worker] DEBUG o.t.s.c.g.d.c.e.InspectContainerCmdExec - GET: DefaultWebTarget{path=[/containers/9c9e6331adc7367db79fb05085835d5cab36ae808332a452ad5f7b77df0f7404/json], queryParams={}}
2024-07-24 14:30:17.260 [Test worker] DEBUG c.g.d.z.s.o.a.h.c.h.i.c.InternalHttpClient - ex-00000060: preparing request execution
2024-07-24 14:30:17.260 [Test worker] DEBUG c.g.d.z.s.o.a.h.c.h.p.RequestAddCookies - Cookie spec selected: strict
2024-07-24 14:30:17.260 [Test worker] DEBUG c.g.d.z.s.o.a.h.c.h.p.RequestAuthCache - Auth cache not set in the context
2024-07-24 14:30:17.260 [Test worker] DEBUG c.g.d.z.s.o.a.h.c.h.i.c.ProtocolExec - ex-00000060: target auth state: UNCHALLENGED
2024-07-24 14:30:17.260 [Test worker] DEBUG c.g.d.z.s.o.a.h.c.h.i.c.ProtocolExec - ex-00000060: proxy auth state: UNCHALLENGED
2024-07-24 14:30:17.260 [Test worker] DEBUG c.g.d.z.s.o.a.h.c.h.i.c.ConnectExec - ex-00000060: acquiring connection with route {}->npipe://localhost:2375
2024-07-24 14:30:17.260 [Test worker] DEBUG c.g.d.z.s.o.a.h.c.h.i.c.InternalHttpClient - ex-00000060: acquiring endpoint (3 MINUTES)
2024-07-24 14:30:17.260 [Test worker] DEBUG c.g.d.z.s.o.a.h.c.h.i.i.PoolingHttpClientConnectionManager - ex-00000060: endpoint lease request (3 MINUTES) [route: {}->npipe://localhost:2375][total available: 1; route allocated: 1 of 2147483647; total allocated: 1 of 2147483647]
2024-07-24 14:30:17.260 [Test worker] DEBUG c.g.d.z.s.o.a.h.c.h.i.i.PoolingHttpClientConnectionManager - ex-00000060: endpoint leased [route: {}->npipe://localhost:2375][total available: 0; route allocated: 1 of 2147483647; total allocated: 1 of 2147483647]
2024-07-24 14:30:17.260 [Test worker] DEBUG c.g.d.z.s.o.a.h.c.h.i.i.PoolingHttpClientConnectionManager - ex-00000060: acquired ep-0000005F
2024-07-24 14:30:17.260 [Test worker] DEBUG c.g.d.z.s.o.a.h.c.h.i.c.InternalHttpClient - ex-00000060: acquired endpoint ep-0000005F
2024-07-24 14:30:17.260 [Test worker] DEBUG c.g.d.z.s.o.a.h.c.h.i.c.MainClientExec - ex-00000060: executing GET /v1.32/containers/9c9e6331adc7367db79fb05085835d5cab36ae808332a452ad5f7b77df0f7404/json HTTP/1.1
2024-07-24 14:30:17.260 [Test worker] DEBUG c.g.d.z.s.o.a.h.c.h.i.c.InternalHttpClient - ep-0000005F: start execution ex-00000060
2024-07-24 14:30:17.260 [Test worker] DEBUG c.g.d.z.s.o.a.h.c.h.i.i.PoolingHttpClientConnectionManager - ep-0000005F: executing exchange ex-00000060 over http-outgoing-9
2024-07-24 14:30:17.260 [Test worker] DEBUG c.g.d.z.s.o.a.h.client5.http.headers - http-outgoing-9 >> GET /v1.32/containers/9c9e6331adc7367db79fb05085835d5cab36ae808332a452ad5f7b77df0f7404/json HTTP/1.1
2024-07-24 14:30:17.260 [Test worker] DEBUG c.g.d.z.s.o.a.h.client5.http.headers - http-outgoing-9 >> accept: application/json
2024-07-24 14:30:17.260 [Test worker] DEBUG c.g.d.z.s.o.a.h.client5.http.headers - http-outgoing-9 >> x-tc-sid: 280e6229-7396-4d60-b1e3-a5de48b5d49b
2024-07-24 14:30:17.260 [Test worker] DEBUG c.g.d.z.s.o.a.h.client5.http.headers - http-outgoing-9 >> User-Agent: tc-java/1.19.8
2024-07-24 14:30:17.260 [Test worker] DEBUG c.g.d.z.s.o.a.h.client5.http.headers - http-outgoing-9 >> Accept-Encoding: gzip, x-gzip, deflate
2024-07-24 14:30:17.260 [Test worker] DEBUG c.g.d.z.s.o.a.h.client5.http.headers - http-outgoing-9 >> Host: localhost:2375
2024-07-24 14:30:17.260 [Test worker] DEBUG c.g.d.z.s.o.a.h.client5.http.headers - http-outgoing-9 >> Connection: keep-alive
2024-07-24 14:30:17.260 [Test worker] DEBUG c.g.d.z.s.o.a.hc.client5.http.wire - http-outgoing-9 >> "GET /v1.32/containers/9c9e6331adc7367db79fb05085835d5cab36ae808332a452ad5f7b77df0f7404/json HTTP/1.1[\r][\n]"
2024-07-24 14:30:17.260 [Test worker] DEBUG c.g.d.z.s.o.a.hc.client5.http.wire - http-outgoing-9 >> "accept: application/json[\r][\n]"
2024-07-24 14:30:17.260 [Test worker] DEBUG c.g.d.z.s.o.a.hc.client5.http.wire - http-outgoing-9 >> "x-tc-sid: 280e6229-7396-4d60-b1e3-a5de48b5d49b[\r][\n]"
2024-07-24 14:30:17.260 [Test worker] DEBUG c.g.d.z.s.o.a.hc.client5.http.wire - http-outgoing-9 >> "User-Agent: tc-java/1.19.8[\r][\n]"
2024-07-24 14:30:17.260 [Test worker] DEBUG c.g.d.z.s.o.a.hc.client5.http.wire - http-outgoing-9 >> "Accept-Encoding: gzip, x-gzip, deflate[\r][\n]"
2024-07-24 14:30:17.260 [Test worker] DEBUG c.g.d.z.s.o.a.hc.client5.http.wire - http-outgoing-9 >> "Host: localhost:2375[\r][\n]"
2024-07-24 14:30:17.261 [Test worker] DEBUG c.g.d.z.s.o.a.hc.client5.http.wire - http-outgoing-9 >> "Connection: keep-alive[\r][\n]"
2024-07-24 14:30:17.261 [Test worker] DEBUG c.g.d.z.s.o.a.hc.client5.http.wire - http-outgoing-9 >> "[\r][\n]"
2024-07-24 14:30:17.277 [Test worker] DEBUG c.g.d.z.s.o.a.hc.client5.http.wire - http-outgoing-9 << "HTTP/1.1 200 OK[\r][\n]"
2024-07-24 14:30:17.277 [Test worker] DEBUG c.g.d.z.s.o.a.hc.client5.http.wire - http-outgoing-9 << "Api-Version: 1.45[\r][\n]"
2024-07-24 14:30:17.277 [Test worker] DEBUG c.g.d.z.s.o.a.hc.client5.http.wire - http-outgoing-9 << "Content-Type: application/json[\r][\n]"
2024-07-24 14:30:17.277 [Test worker] DEBUG c.g.d.z.s.o.a.hc.client5.http.wire - http-outgoing-9 << "Date: Wed, 24 Jul 2024 02:30:17 GMT[\r][\n]"
2024-07-24 14:30:17.277 [Test worker] DEBUG c.g.d.z.s.o.a.hc.client5.http.wire - http-outgoing-9 << "Docker-Experimental: false[\r][\n]"
2024-07-24 14:30:17.277 [Test worker] DEBUG c.g.d.z.s.o.a.hc.client5.http.wire - http-outgoing-9 << "Ostype: linux[\r][\n]"
2024-07-24 14:30:17.277 [Test worker] DEBUG c.g.d.z.s.o.a.hc.client5.http.wire - http-outgoing-9 << "Server: Docker/26.0.0 (linux)[\r][\n]"
2024-07-24 14:30:17.277 [Test worker] DEBUG c.g.d.z.s.o.a.hc.client5.http.wire - http-outgoing-9 << "Transfer-Encoding: chunked[\r][\n]"
2024-07-24 14:30:17.277 [Test worker] DEBUG c.g.d.z.s.o.a.hc.client5.http.wire - http-outgoing-9 << "[\r][\n]"
2024-07-24 14:30:17.277 [Test worker] DEBUG c.g.d.z.s.o.a.h.client5.http.headers - http-outgoing-9 << HTTP/1.1 200 OK
2024-07-24 14:30:17.277 [Test worker] DEBUG c.g.d.z.s.o.a.h.client5.http.headers - http-outgoing-9 << Api-Version: 1.45
2024-07-24 14:30:17.277 [Test worker] DEBUG c.g.d.z.s.o.a.h.client5.http.headers - http-outgoing-9 << Content-Type: application/json
2024-07-24 14:30:17.277 [Test worker] DEBUG c.g.d.z.s.o.a.h.client5.http.headers - http-outgoing-9 << Date: Wed, 24 Jul 2024 02:30:17 GMT
2024-07-24 14:30:17.277 [Test worker] DEBUG c.g.d.z.s.o.a.h.client5.http.headers - http-outgoing-9 << Docker-Experimental: false
2024-07-24 14:30:17.277 [Test worker] DEBUG c.g.d.z.s.o.a.h.client5.http.headers - http-outgoing-9 << Ostype: linux
2024-07-24 14:30:17.277 [Test worker] DEBUG c.g.d.z.s.o.a.h.client5.http.headers - http-outgoing-9 << Server: Docker/26.0.0 (linux)
2024-07-24 14:30:17.277 [Test worker] DEBUG c.g.d.z.s.o.a.h.client5.http.headers - http-outgoing-9 << Transfer-Encoding: chunked
2024-07-24 14:30:17.277 [Test worker] DEBUG c.g.d.z.s.o.a.h.c.h.i.c.MainClientExec - ex-00000060: connection can be kept alive for 3 MINUTES
2024-07-24 14:30:17.279 [Test worker] DEBUG c.g.d.z.s.o.a.hc.client5.http.wire - http-outgoing-9 << "193e[\r][\n]"
2024-07-24 14:30:17.279 [Test worker] DEBUG c.g.d.z.s.o.a.hc.client5.http.wire - http-outgoing-9 << "{"Id":"9c9e6331adc7367db79fb05085835d5cab36ae808332a452ad5f7b77df0f7404","Created":"2024-07-24T02:30:14.738166281Z","Path":"docker-entrypoint.sh","Args":["postgres","-c","fsync=off"],"State":{"Status":"exited","Running":false,"Paused":false,"Restarting":false,"OOMKilled":false,"Dead":false,"Pid":0,"ExitCode":137,"Error":"","StartedAt":"2024-07-24T02:30:15.205889534Z","FinishedAt":"2024-07-24T02:30:16.732221358Z"},"Image":"sha256:8e4fc9e184899a58735e7ee333f5e272d7d2298cf59302006b71f33e217be130","ResolvConfPath":"/var/lib/docker/containers/9c9e6331adc7367db79fb05085835d5cab36ae808332a452ad5f7b77df0f7404/resolv.conf","HostnamePath":"/var/lib/docker/containers/9c9e6331adc7367db79fb05085835d5cab36ae808332a452ad5f7b77df0f7404/hostname","HostsPath":"/var/lib/docker/containers/9c9e6331adc7367db79fb05085835d5cab36ae808332a452ad5f7b77df0f7404/hosts","LogPath":"/var/lib/docker/containers/9c9e6331adc7367db79fb05085835d5cab36ae808332a452ad5f7b77df0f7404/9c9e6331adc7367db79fb05085835d5cab36ae808332a452ad5f7b77df0f7404-json.log","Name":"/sleepy_newton","RestartCount":0,"Driver":"overlay2","Platform":"linux","MountLabel":"","ProcessLabel":"","AppArmorProfile":"","ExecIDs":null,"HostConfig":{"Binds":[],"ContainerIDFile":"","LogConfig":{"Type":"json-file","Config":{}},"NetworkMode":"default","PortBindings":{"5432/tcp":[{"HostIp":"0.0.0.0","HostPort":"0"}]},"RestartPolicy":{"Name":"no","MaximumRetryCount":0},"AutoRemove":false,"VolumeDriver":"","VolumesFrom":[],"ConsoleSize":[0,0],"CapAdd":null,"CapDrop":null,"CgroupnsMode":"host","Dns":null,"DnsOptions":null,"DnsSearch":null,"ExtraHosts":[],"GroupAdd":null,"IpcMode":"shareable","Cgroup":"","Links":null,"OomScoreAdj":0,"PidMode":"","Privileged":false,"PublishAllPorts":false,"ReadonlyRootfs":false,"SecurityOpt":null,"UTSMode":"","UsernsMode":"","ShmSize":67108864,"Runtime":"runc","Isolation":"","CpuShares":0,"Memory":0,"NanoCpus":0,"CgroupParent":"","BlkioWeight":0,"BlkioWeightDevice":null,"BlkioDeviceReadBps":null,"BlkioDeviceWriteBps":null,"BlkioDeviceReadIOps":null,"BlkioDeviceWriteIOps":null,"CpuPeriod":0,"CpuQuota":0,"CpuRealtimePeriod":0,"CpuRealtimeRuntime":0,"CpusetCpus":"","CpusetMems":"","Devices":null,"DeviceCgroupRules":null,"DeviceRequests":null,"MemoryReservation":0,"MemorySwap":0,"MemorySwappiness":null,"OomKillDisable":false,"PidsLimit":null,"Ulimits":null,"CpuCount":0,"CpuPercent":0,"IOMaximumIOps":0,"IOMaximumBandwidth":0,"MaskedPaths":["/proc/asound","/proc/acpi","/proc/kcore","/proc/keys","/proc/latency_stats","/proc/timer_list","/proc/timer_stats","/proc/sched_debug","/proc/scsi","/sys/firmware","/sys/devices/virtual/powercap"],"ReadonlyPaths":["/proc/bus","/proc/fs","/proc/irq","/proc/sys","/proc/sysrq-trigger"]},"GraphDriver":{"Data":{"LowerDir":"/var/lib/docker/overlay2/fcbc009b44a586dc333983a7d8233b860d2a19a0748e7573471f6f6a9aba8685-init/diff:/var/lib/docker/overlay2/8f0ddbd386af0785c2e348570516955816ab350305d698d363962d488eeb15ec/diff:/var/lib/docker/overlay2/0eb0ca73e9b0be7c3d7fa8762ef4778a68f38391bc84c037c2e90b88e781b475/diff:/var/lib/docker/overlay2/74e634bddc785c5d436b10a5158cd82e21dc2065fd1cf8ff9c1c12e01575a2d8/diff:/var/lib/docker/overlay2/bb918b2851cd2f508f1e3fdbfff8b7f8b041d61e65fe8c368288bf399e80b818/diff:/var/lib/docker/overlay2/2abab2946cbdc2941ee8ec4024c51dac7313dee9de5fbedd1ca33388c59eb3c8/diff:/var/lib/docker/overlay2/e12f6083ee669bd92743ceb339a896bb25dbe461b718705bb39eb410b80c0ecd/diff:/var/lib/docker/overlay2/ced1e86d670d097da5ed4da7288c22507735918959161c2cd8bf083fb30d169a/diff:/var/lib/docker/overlay2/94e9ac7b74923285ae73af20aeccb964ca9079e2305db367cb85d1603560472d/diff:/var/lib/docker/overlay2/a396b6dfd63f0c228c519871183c614cccf4d366a43460f27ecf97113c3c4be8/diff:/var/lib/docker/overlay2/f58ada5d5080c2bac553c734f81127660a90581a35ed2a92cebe3c59e340875b/diff:/var/lib/docker/overlay2/84f85636f37bf55d945e217b4f87a856eba7932284beaf042561007b66f48977/diff:/var/lib/docker/overlay2/1e6e519613884e91a2b74a588ba35dc8a2f789371ab798ef6e7d9836d756042f/diff:/var/lib/docker/overlay2/14a3151cc8b4f9d27d2e64f1a8abc0c7809309580f2d7e8dc8545055c1d56194/diff:/var/l"
2024-07-24 14:30:17.279 [Test worker] DEBUG c.g.d.z.s.o.a.hc.client5.http.wire - http-outgoing-9 << "ib/docker/overlay2/5b354b9e793401517fe2f1da697653fdaadffc54888eaf76d67e0600b8c68bdc/diff","MergedDir":"/var/lib/docker/overlay2/fcbc009b44a586dc333983a7d8233b860d2a19a0748e7573471f6f6a9aba8685/merged","UpperDir":"/var/lib/docker/overlay2/fcbc009b44a586dc333983a7d8233b860d2a19a0748e7573471f6f6a9aba8685/diff","WorkDir":"/var/lib/docker/overlay2/fcbc009b44a586dc333983a7d8233b860d2a19a0748e7573471f6f6a9aba8685/work"},"Name":"overlay2"},"Mounts":[{"Type":"volume","Name":"e75c61492d67715c2ac2e130151aa6d4e31835536e5dfd90aa022db3d5cbb515","Source":"/var/lib/docker/volumes/e75c61492d67715c2ac2e130151aa6d4e31835536e5dfd90aa022db3d5cbb515/_data","Destination":"/var/lib/postgresql/data","Driver":"local","Mode":"","RW":true,"Propagation":""}],"Config":{"Hostname":"9c9e6331adc7","Domainname":"","User":"","AttachStdin":false,"AttachStdout":false,"AttachStderr":false,"ExposedPorts":{"5432/tcp":{}},"Tty":false,"OpenStdin":false,"StdinOnce":false,"Env":["POSTGRES_USER=user","POSTGRES_PASSWORD=password","POSTGRES_DB=db","PATH=/usr/local/sbin:/usr/local/bin:/usr/sbin:/usr/bin:/sbin:/bin:/usr/lib/postgresql/16/bin","GOSU_VERSION=1.17","LANG=en_US.utf8","PG_MAJOR=16","PG_VERSION=16.2-1.pgdg120+2","PGDATA=/var/lib/postgresql/data"],"Cmd":["postgres","-c","fsync=off"],"Image":"postgres:latest","Volumes":{"/var/lib/postgresql/data":{}},"WorkingDir":"","Entrypoint":["docker-entrypoint.sh"],"OnBuild":null,"Labels":{"org.testcontainers":"true","org.testcontainers.lang":"java","org.testcontainers.sessionId":"280e6229-7396-4d60-b1e3-a5de48b5d49b","org.testcontainers.version":"1.19.8"},"StopSignal":"SIGINT"},"NetworkSettings":{"Bridge":"","SandboxID":"b9b1b41e110f5e3dcfd23fe2d8eeea14a9434b660c437260402de56605f17303","SandboxKey":"/var/run/docker/netns/b9b1b41e110f","Ports":{},"HairpinMode":false,"LinkLocalIPv6Address":"","LinkLocalIPv6PrefixLen":0,"SecondaryIPAddresses":null,"SecondaryIPv6Addresses":null,"EndpointID":"","Gateway":"","GlobalIPv6Address":"","GlobalIPv6PrefixLen":0,"IPAddress":"","IPPrefixLen":0,"IPv6Gateway":"","MacAddress":"","Networks":{"bridge":{"IPAMConfig":null,"Links":null,"Aliases":null,"MacAddress":"","NetworkID":"3c842496be344cbdae878c1dee0957e7bc7c0a2236009c92752030f2b053e72f","EndpointID":"","Gateway":"","IPAddress":"","IPPrefixLen":0,"IPv6Gateway":"","GlobalIPv6Address":"","GlobalIPv6PrefixLen":0,"DriverOpts":null,"DNSNames":null}}}}[\n]"
2024-07-24 14:30:17.280 [Test worker] DEBUG c.g.d.z.s.o.a.hc.client5.http.wire - http-outgoing-9 << "[\r][\n]"
2024-07-24 14:30:17.280 [Test worker] DEBUG c.g.d.z.s.o.a.hc.client5.http.wire - http-outgoing-9 << "0[\r][\n]"
2024-07-24 14:30:17.280 [Test worker] DEBUG c.g.d.z.s.o.a.hc.client5.http.wire - http-outgoing-9 << "[\r][\n]"
2024-07-24 14:30:17.280 [Test worker] DEBUG c.g.d.z.s.o.a.h.c.h.i.c.InternalHttpClient - ep-0000005F: releasing valid endpoint
2024-07-24 14:30:17.280 [Test worker] DEBUG c.g.d.z.s.o.a.h.c.h.i.i.PoolingHttpClientConnectionManager - ep-0000005F: releasing endpoint
2024-07-24 14:30:17.280 [Test worker] DEBUG c.g.d.z.s.o.a.h.c.h.i.i.PoolingHttpClientConnectionManager - ep-0000005F: connection http-outgoing-9 can be kept alive for 3 MINUTES
2024-07-24 14:30:17.280 [Test worker] DEBUG c.g.d.z.s.o.a.h.c.h.i.i.PoolingHttpClientConnectionManager - ep-0000005F: connection released [route: {}->npipe://localhost:2375][total available: 1; route allocated: 1 of 2147483647; total allocated: 1 of 2147483647]
2024-07-24 14:30:17.280 [Test worker] TRACE o.t.utility.ResourceReaper - Removing container: 9c9e6331adc7367db79fb05085835d5cab36ae808332a452ad5f7b77df0f7404
2024-07-24 14:30:17.280 [Test worker] DEBUG o.t.s.c.g.d.c.command.AbstrDockerCmd - Cmd: 9c9e6331adc7367db79fb05085835d5cab36ae808332a452ad5f7b77df0f7404,true,true
2024-07-24 14:30:17.281 [Test worker] TRACE o.t.s.c.g.d.c.e.RemoveContainerCmdExec - DELETE: DefaultWebTarget{path=[/containers/9c9e6331adc7367db79fb05085835d5cab36ae808332a452ad5f7b77df0f7404], queryParams={v=[true], force=[true]}}
2024-07-24 14:30:17.281 [Test worker] DEBUG c.g.d.z.s.o.a.h.c.h.i.c.InternalHttpClient - ex-00000061: preparing request execution
2024-07-24 14:30:17.281 [Test worker] DEBUG c.g.d.z.s.o.a.h.c.h.p.RequestAddCookies - Cookie spec selected: strict
2024-07-24 14:30:17.281 [Test worker] DEBUG c.g.d.z.s.o.a.h.c.h.p.RequestAuthCache - Auth cache not set in the context
2024-07-24 14:30:17.281 [Test worker] DEBUG c.g.d.z.s.o.a.h.c.h.i.c.ProtocolExec - ex-00000061: target auth state: UNCHALLENGED
2024-07-24 14:30:17.281 [Test worker] DEBUG c.g.d.z.s.o.a.h.c.h.i.c.ProtocolExec - ex-00000061: proxy auth state: UNCHALLENGED
2024-07-24 14:30:17.281 [Test worker] DEBUG c.g.d.z.s.o.a.h.c.h.i.c.ConnectExec - ex-00000061: acquiring connection with route {}->npipe://localhost:2375
2024-07-24 14:30:17.281 [Test worker] DEBUG c.g.d.z.s.o.a.h.c.h.i.c.InternalHttpClient - ex-00000061: acquiring endpoint (3 MINUTES)
2024-07-24 14:30:17.281 [Test worker] DEBUG c.g.d.z.s.o.a.h.c.h.i.i.PoolingHttpClientConnectionManager - ex-00000061: endpoint lease request (3 MINUTES) [route: {}->npipe://localhost:2375][total available: 1; route allocated: 1 of 2147483647; total allocated: 1 of 2147483647]
2024-07-24 14:30:17.281 [Test worker] DEBUG c.g.d.z.s.o.a.h.c.h.i.i.PoolingHttpClientConnectionManager - ex-00000061: endpoint leased [route: {}->npipe://localhost:2375][total available: 0; route allocated: 1 of 2147483647; total allocated: 1 of 2147483647]
2024-07-24 14:30:17.281 [Test worker] DEBUG c.g.d.z.s.o.a.h.c.h.i.i.PoolingHttpClientConnectionManager - ex-00000061: acquired ep-00000060
2024-07-24 14:30:17.281 [Test worker] DEBUG c.g.d.z.s.o.a.h.c.h.i.c.InternalHttpClient - ex-00000061: acquired endpoint ep-00000060
2024-07-24 14:30:17.281 [Test worker] DEBUG c.g.d.z.s.o.a.h.c.h.i.c.MainClientExec - ex-00000061: executing DELETE /v1.32/containers/9c9e6331adc7367db79fb05085835d5cab36ae808332a452ad5f7b77df0f7404?v=true&force=true HTTP/1.1
2024-07-24 14:30:17.281 [Test worker] DEBUG c.g.d.z.s.o.a.h.c.h.i.c.InternalHttpClient - ep-00000060: start execution ex-00000061
2024-07-24 14:30:17.281 [Test worker] DEBUG c.g.d.z.s.o.a.h.c.h.i.i.PoolingHttpClientConnectionManager - ep-00000060: executing exchange ex-00000061 over http-outgoing-9
2024-07-24 14:30:17.282 [Test worker] DEBUG c.g.d.z.s.o.a.h.client5.http.headers - http-outgoing-9 >> DELETE /v1.32/containers/9c9e6331adc7367db79fb05085835d5cab36ae808332a452ad5f7b77df0f7404?v=true&force=true HTTP/1.1
2024-07-24 14:30:17.282 [Test worker] DEBUG c.g.d.z.s.o.a.h.client5.http.headers - http-outgoing-9 >> accept: application/json
2024-07-24 14:30:17.282 [Test worker] DEBUG c.g.d.z.s.o.a.h.client5.http.headers - http-outgoing-9 >> x-tc-sid: 280e6229-7396-4d60-b1e3-a5de48b5d49b
2024-07-24 14:30:17.282 [Test worker] DEBUG c.g.d.z.s.o.a.h.client5.http.headers - http-outgoing-9 >> User-Agent: tc-java/1.19.8
2024-07-24 14:30:17.282 [Test worker] DEBUG c.g.d.z.s.o.a.h.client5.http.headers - http-outgoing-9 >> Accept-Encoding: gzip, x-gzip, deflate
2024-07-24 14:30:17.282 [Test worker] DEBUG c.g.d.z.s.o.a.h.client5.http.headers - http-outgoing-9 >> Host: localhost:2375
2024-07-24 14:30:17.282 [Test worker] DEBUG c.g.d.z.s.o.a.h.client5.http.headers - http-outgoing-9 >> Connection: keep-alive
2024-07-24 14:30:17.282 [Test worker] DEBUG c.g.d.z.s.o.a.hc.client5.http.wire - http-outgoing-9 >> "DELETE /v1.32/containers/9c9e6331adc7367db79fb05085835d5cab36ae808332a452ad5f7b77df0f7404?v=true&force=true HTTP/1.1[\r][\n]"
2024-07-24 14:30:17.282 [Test worker] DEBUG c.g.d.z.s.o.a.hc.client5.http.wire - http-outgoing-9 >> "accept: application/json[\r][\n]"
2024-07-24 14:30:17.282 [Test worker] DEBUG c.g.d.z.s.o.a.hc.client5.http.wire - http-outgoing-9 >> "x-tc-sid: 280e6229-7396-4d60-b1e3-a5de48b5d49b[\r][\n]"
2024-07-24 14:30:17.282 [Test worker] DEBUG c.g.d.z.s.o.a.hc.client5.http.wire - http-outgoing-9 >> "User-Agent: tc-java/1.19.8[\r][\n]"
2024-07-24 14:30:17.282 [Test worker] DEBUG c.g.d.z.s.o.a.hc.client5.http.wire - http-outgoing-9 >> "Accept-Encoding: gzip, x-gzip, deflate[\r][\n]"
2024-07-24 14:30:17.282 [Test worker] DEBUG c.g.d.z.s.o.a.hc.client5.http.wire - http-outgoing-9 >> "Host: localhost:2375[\r][\n]"
2024-07-24 14:30:17.282 [Test worker] DEBUG c.g.d.z.s.o.a.hc.client5.http.wire - http-outgoing-9 >> "Connection: keep-alive[\r][\n]"
2024-07-24 14:30:17.282 [Test worker] DEBUG c.g.d.z.s.o.a.hc.client5.http.wire - http-outgoing-9 >> "[\r][\n]"
2024-07-24 14:30:17.351 [Test worker] DEBUG c.g.d.z.s.o.a.hc.client5.http.wire - http-outgoing-9 << "HTTP/1.1 204 No Content[\r][\n]"
2024-07-24 14:30:17.352 [Test worker] DEBUG c.g.d.z.s.o.a.hc.client5.http.wire - http-outgoing-9 << "Api-Version: 1.45[\r][\n]"
2024-07-24 14:30:17.352 [Test worker] DEBUG c.g.d.z.s.o.a.hc.client5.http.wire - http-outgoing-9 << "Date: Wed, 24 Jul 2024 02:30:17 GMT[\r][\n]"
2024-07-24 14:30:17.352 [Test worker] DEBUG c.g.d.z.s.o.a.hc.client5.http.wire - http-outgoing-9 << "Docker-Experimental: false[\r][\n]"
2024-07-24 14:30:17.352 [Test worker] DEBUG c.g.d.z.s.o.a.hc.client5.http.wire - http-outgoing-9 << "Ostype: linux[\r][\n]"
2024-07-24 14:30:17.352 [Test worker] DEBUG c.g.d.z.s.o.a.hc.client5.http.wire - http-outgoing-9 << "Server: Docker/26.0.0 (linux)[\r][\n]"
2024-07-24 14:30:17.352 [Test worker] DEBUG c.g.d.z.s.o.a.hc.client5.http.wire - http-outgoing-9 << "[\r][\n]"
2024-07-24 14:30:17.352 [Test worker] DEBUG c.g.d.z.s.o.a.h.client5.http.headers - http-outgoing-9 << HTTP/1.1 204 No Content
2024-07-24 14:30:17.352 [Test worker] DEBUG c.g.d.z.s.o.a.h.client5.http.headers - http-outgoing-9 << Api-Version: 1.45
2024-07-24 14:30:17.352 [Test worker] DEBUG c.g.d.z.s.o.a.h.client5.http.headers - http-outgoing-9 << Date: Wed, 24 Jul 2024 02:30:17 GMT
2024-07-24 14:30:17.352 [Test worker] DEBUG c.g.d.z.s.o.a.h.client5.http.headers - http-outgoing-9 << Docker-Experimental: false
2024-07-24 14:30:17.352 [Test worker] DEBUG c.g.d.z.s.o.a.h.client5.http.headers - http-outgoing-9 << Ostype: linux
2024-07-24 14:30:17.352 [Test worker] DEBUG c.g.d.z.s.o.a.h.client5.http.headers - http-outgoing-9 << Server: Docker/26.0.0 (linux)
2024-07-24 14:30:17.352 [Test worker] DEBUG c.g.d.z.s.o.a.h.c.h.i.c.MainClientExec - ex-00000061: connection can be kept alive for 3 MINUTES
2024-07-24 14:30:17.352 [Test worker] DEBUG c.g.d.z.s.o.a.h.c.h.i.c.InternalHttpClient - ep-00000060: releasing valid endpoint
2024-07-24 14:30:17.352 [Test worker] DEBUG c.g.d.z.s.o.a.h.c.h.i.i.PoolingHttpClientConnectionManager - ep-00000060: releasing endpoint
2024-07-24 14:30:17.352 [Test worker] DEBUG c.g.d.z.s.o.a.h.c.h.i.i.PoolingHttpClientConnectionManager - ep-00000060: connection http-outgoing-9 can be kept alive for 3 MINUTES
2024-07-24 14:30:17.352 [Test worker] DEBUG c.g.d.z.s.o.a.h.c.h.i.i.PoolingHttpClientConnectionManager - ep-00000060: connection released [route: {}->npipe://localhost:2375][total available: 1; route allocated: 1 of 2147483647; total allocated: 1 of 2147483647]
2024-07-24 14:30:17.352 [Test worker] DEBUG o.t.utility.ResourceReaper - Removed container and associated volume(s): postgres:latest
2024-07-24 14:30:17.353 [Test worker] DEBUG o.t.u.PrefixingImageNameSubstitutor - No prefix is configured
2024-07-24 14:30:17.353 [Test worker] DEBUG o.t.utility.ImageNameSubstitutor - Did not find a substitute image for postgres:latest (using image substitutor: DefaultImageNameSubstitutor (composite of 'ConfigurationFileImageNameSubstitutor' and 'PrefixingImageNameSubstitutor'))
2024-07-24 14:30:17.353 [Test worker] TRACE tc.postgres:latest - postgres:latest is already in image name cache
2024-07-24 14:30:17.353 [Test worker] DEBUG o.t.images.AbstractImagePullPolicy - Using locally available and not pulling image: postgres:latest
2024-07-24 14:30:17.353 [Test worker] DEBUG tc.postgres:latest - Starting container: postgres:latest
2024-07-24 14:30:17.353 [Test worker] DEBUG tc.postgres:latest - Trying to start container: postgres:latest (attempt 1/1)
2024-07-24 14:30:17.353 [Test worker] DEBUG tc.postgres:latest - Starting container: postgres:latest
2024-07-24 14:30:17.353 [Test worker] INFO  tc.postgres:latest - Creating container for image: postgres:latest
2024-07-24 14:30:17.354 [Test worker] DEBUG o.t.utility.RegistryAuthLocator - Looking up auth config for image: postgres:latest at registry: https://index.docker.io/v1/
2024-07-24 14:30:17.354 [Test worker] DEBUG o.t.utility.RegistryAuthLocator - No matching Auth Configs - falling back to defaultAuthConfig [null]
2024-07-24 14:30:17.354 [Test worker] DEBUG o.t.d.AuthDelegatingDockerClientConfig - Effective auth config [null]
2024-07-24 14:30:17.354 [Test worker] DEBUG o.t.s.c.g.d.c.command.AbstrDockerCmd - Cmd: org.testcontainers.shaded.com.github.dockerjava.core.command.CreateContainerCmdImpl@715f45c6[aliases=<null>,argsEscaped=<null>,attachStderr=<null>,attachStdin=<null>,attachStdout=<null>,authConfig=<null>,cmd={postgres,-c,fsync=off},domainName=<null>,entrypoint=<null>,env={POSTGRES_USER=user,POSTGRES_PASSWORD=password,POSTGRES_DB=db},exposedPorts=ExposedPorts(exposedPorts=[5432/tcp]),healthcheck=<null>,hostConfig=HostConfig(binds=[], blkioWeight=null, blkioWeightDevice=null, blkioDeviceReadBps=null, blkioDeviceWriteBps=null, blkioDeviceReadIOps=null, blkioDeviceWriteIOps=null, memorySwappiness=null, nanoCPUs=null, capAdd=null, capDrop=null, containerIDFile=null, cpuPeriod=null, cpuRealtimePeriod=null, cpuRealtimeRuntime=null, cpuShares=null, cpuQuota=null, cpusetCpus=null, cpusetMems=null, devices=null, deviceCgroupRules=null, deviceRequests=null, diskQuota=null, dns=null, dnsOptions=null, dnsSearch=null, extraHosts=[], groupAdd=null, ipcMode=null, cgroup=null, links=[], logConfig=LogConfig(type=null, config=null), lxcConf=null, memory=null, memorySwap=null, memoryReservation=null, kernelMemory=null, networkMode=null, oomKillDisable=null, init=null, autoRemove=null, oomScoreAdj=null, portBindings={5432/tcp=[Lcom.github.dockerjava.api.model.Ports$Binding;@72b0a004}, privileged=null, publishAllPorts=null, readonlyRootfs=null, restartPolicy=null, ulimits=null, cpuCount=null, cpuPercent=null, ioMaximumIOps=null, ioMaximumBandwidth=null, volumesFrom=[], mounts=null, pidMode=null, isolation=null, securityOpts=null, storageOpt=null, cgroupParent=null, volumeDriver=null, shmSize=null, pidsLimit=null, runtime=null, tmpFs=null, utSMode=null, usernsMode=null, sysctls=null, consoleSize=null, cgroupnsMode=null),hostName=<null>,image=postgres:latest,ipv4Address=<null>,ipv6Address=<null>,labels={org.testcontainers=true, org.testcontainers.lang=java, org.testcontainers.version=1.19.8, org.testcontainers.sessionId=280e6229-7396-4d60-b1e3-a5de48b5d49b},macAddress=<null>,name=<null>,networkDisabled=<null>,networkingConfig=<null>,onBuild=<null>,platform=<null>,portSpecs=<null>,shell=<null>,stdInOnce=<null>,stdinOpen=<null>,stopSignal=<null>,stopTimeout=<null>,tty=<null>,user=<null>,volumes=Volumes(volumes=[]),workingDir=<null>]
2024-07-24 14:30:17.355 [Test worker] TRACE o.t.s.c.g.d.c.e.CreateContainerCmdExec - POST: DefaultWebTarget{path=[/containers/create], queryParams={}} 
2024-07-24 14:30:17.355 [Test worker] DEBUG c.g.d.z.s.o.a.h.c.h.i.c.InternalHttpClient - ex-00000062: preparing request execution
2024-07-24 14:30:17.355 [Test worker] DEBUG c.g.d.z.s.o.a.h.c.h.p.RequestAddCookies - Cookie spec selected: strict
2024-07-24 14:30:17.355 [Test worker] DEBUG c.g.d.z.s.o.a.h.c.h.p.RequestAuthCache - Auth cache not set in the context
2024-07-24 14:30:17.355 [Test worker] DEBUG c.g.d.z.s.o.a.h.c.h.i.c.ProtocolExec - ex-00000062: target auth state: UNCHALLENGED
2024-07-24 14:30:17.355 [Test worker] DEBUG c.g.d.z.s.o.a.h.c.h.i.c.ProtocolExec - ex-00000062: proxy auth state: UNCHALLENGED
2024-07-24 14:30:17.355 [Test worker] DEBUG c.g.d.z.s.o.a.h.c.h.i.c.ConnectExec - ex-00000062: acquiring connection with route {}->npipe://localhost:2375
2024-07-24 14:30:17.355 [Test worker] DEBUG c.g.d.z.s.o.a.h.c.h.i.c.InternalHttpClient - ex-00000062: acquiring endpoint (3 MINUTES)
2024-07-24 14:30:17.355 [Test worker] DEBUG c.g.d.z.s.o.a.h.c.h.i.i.PoolingHttpClientConnectionManager - ex-00000062: endpoint lease request (3 MINUTES) [route: {}->npipe://localhost:2375][total available: 1; route allocated: 1 of 2147483647; total allocated: 1 of 2147483647]
2024-07-24 14:30:17.355 [Test worker] DEBUG c.g.d.z.s.o.a.h.c.h.i.i.PoolingHttpClientConnectionManager - ex-00000062: endpoint leased [route: {}->npipe://localhost:2375][total available: 0; route allocated: 1 of 2147483647; total allocated: 1 of 2147483647]
2024-07-24 14:30:17.355 [Test worker] DEBUG c.g.d.z.s.o.a.h.c.h.i.i.PoolingHttpClientConnectionManager - ex-00000062: acquired ep-00000061
2024-07-24 14:30:17.356 [Test worker] DEBUG c.g.d.z.s.o.a.h.c.h.i.c.InternalHttpClient - ex-00000062: acquired endpoint ep-00000061
2024-07-24 14:30:17.356 [Test worker] DEBUG c.g.d.z.s.o.a.h.c.h.i.c.MainClientExec - ex-00000062: executing POST /v1.32/containers/create HTTP/1.1
2024-07-24 14:30:17.356 [Test worker] DEBUG c.g.d.z.s.o.a.h.c.h.i.c.InternalHttpClient - ep-00000061: start execution ex-00000062
2024-07-24 14:30:17.356 [Test worker] DEBUG c.g.d.z.s.o.a.h.c.h.i.i.PoolingHttpClientConnectionManager - ep-00000061: executing exchange ex-00000062 over http-outgoing-9
2024-07-24 14:30:17.356 [Test worker] DEBUG c.g.d.z.s.o.a.h.client5.http.headers - http-outgoing-9 >> POST /v1.32/containers/create HTTP/1.1
2024-07-24 14:30:17.356 [Test worker] DEBUG c.g.d.z.s.o.a.h.client5.http.headers - http-outgoing-9 >> accept: application/json
2024-07-24 14:30:17.356 [Test worker] DEBUG c.g.d.z.s.o.a.h.client5.http.headers - http-outgoing-9 >> content-type: application/json
2024-07-24 14:30:17.356 [Test worker] DEBUG c.g.d.z.s.o.a.h.client5.http.headers - http-outgoing-9 >> x-tc-sid: 280e6229-7396-4d60-b1e3-a5de48b5d49b
2024-07-24 14:30:17.356 [Test worker] DEBUG c.g.d.z.s.o.a.h.client5.http.headers - http-outgoing-9 >> User-Agent: tc-java/1.19.8
2024-07-24 14:30:17.356 [Test worker] DEBUG c.g.d.z.s.o.a.h.client5.http.headers - http-outgoing-9 >> Accept-Encoding: gzip, x-gzip, deflate
2024-07-24 14:30:17.356 [Test worker] DEBUG c.g.d.z.s.o.a.h.client5.http.headers - http-outgoing-9 >> Content-Length: 2061
2024-07-24 14:30:17.356 [Test worker] DEBUG c.g.d.z.s.o.a.h.client5.http.headers - http-outgoing-9 >> Host: localhost:2375
2024-07-24 14:30:17.356 [Test worker] DEBUG c.g.d.z.s.o.a.h.client5.http.headers - http-outgoing-9 >> Connection: keep-alive
2024-07-24 14:30:17.356 [Test worker] DEBUG c.g.d.z.s.o.a.hc.client5.http.wire - http-outgoing-9 >> "POST /v1.32/containers/create HTTP/1.1[\r][\n]"
2024-07-24 14:30:17.356 [Test worker] DEBUG c.g.d.z.s.o.a.hc.client5.http.wire - http-outgoing-9 >> "accept: application/json[\r][\n]"
2024-07-24 14:30:17.356 [Test worker] DEBUG c.g.d.z.s.o.a.hc.client5.http.wire - http-outgoing-9 >> "content-type: application/json[\r][\n]"
2024-07-24 14:30:17.356 [Test worker] DEBUG c.g.d.z.s.o.a.hc.client5.http.wire - http-outgoing-9 >> "x-tc-sid: 280e6229-7396-4d60-b1e3-a5de48b5d49b[\r][\n]"
2024-07-24 14:30:17.356 [Test worker] DEBUG c.g.d.z.s.o.a.hc.client5.http.wire - http-outgoing-9 >> "User-Agent: tc-java/1.19.8[\r][\n]"
2024-07-24 14:30:17.356 [Test worker] DEBUG c.g.d.z.s.o.a.hc.client5.http.wire - http-outgoing-9 >> "Accept-Encoding: gzip, x-gzip, deflate[\r][\n]"
2024-07-24 14:30:17.356 [Test worker] DEBUG c.g.d.z.s.o.a.hc.client5.http.wire - http-outgoing-9 >> "Content-Length: 2061[\r][\n]"
2024-07-24 14:30:17.356 [Test worker] DEBUG c.g.d.z.s.o.a.hc.client5.http.wire - http-outgoing-9 >> "Host: localhost:2375[\r][\n]"
2024-07-24 14:30:17.356 [Test worker] DEBUG c.g.d.z.s.o.a.hc.client5.http.wire - http-outgoing-9 >> "Connection: keep-alive[\r][\n]"
2024-07-24 14:30:17.356 [Test worker] DEBUG c.g.d.z.s.o.a.hc.client5.http.wire - http-outgoing-9 >> "[\r][\n]"
2024-07-24 14:30:17.356 [Test worker] DEBUG c.g.d.z.s.o.a.hc.client5.http.wire - http-outgoing-9 >> "{"Hostname":null,"Domainname":null,"User":null,"AttachStdin":null,"AttachStdout":null,"AttachStderr":null,"PortSpecs":null,"Tty":null,"OpenStdin":null,"StdinOnce":null,"Env":["POSTGRES_USER=user","POSTGRES_PASSWORD=password","POSTGRES_DB=db"],"Cmd":["postgres","-c","fsync=off"],"Healthcheck":null,"ArgsEscaped":null,"Entrypoint":null,"Image":"postgres:latest","Volumes":{},"WorkingDir":null,"MacAddress":null,"OnBuild":null,"NetworkDisabled":null,"ExposedPorts":{"5432/tcp":{}},"StopSignal":null,"StopTimeout":null,"HostConfig":{"Binds":[],"BlkioWeight":null,"BlkioWeightDevice":null,"BlkioDeviceReadBps":null,"BlkioDeviceWriteBps":null,"BlkioDeviceReadIOps":null,"BlkioDeviceWriteIOps":null,"MemorySwappiness":null,"NanoCpus":null,"CapAdd":null,"CapDrop":null,"ContainerIDFile":null,"CpuPeriod":null,"CpuRealtimePeriod":null,"CpuRealtimeRuntime":null,"CpuShares":null,"CpuQuota":null,"CpusetCpus":null,"CpusetMems":null,"Devices":null,"DeviceCgroupRules":null,"DeviceRequests":null,"DiskQuota":null,"Dns":null,"DnsOptions":null,"DnsSearch":null,"ExtraHosts":[],"GroupAdd":null,"IpcMode":null,"Cgroup":null,"Links":[],"LogConfig":null,"LxcConf":null,"Memory":null,"MemorySwap":null,"MemoryReservation":null,"KernelMemory":null,"NetworkMode":null,"OomKillDisable":null,"Init":null,"AutoRemove":null,"OomScoreAdj":null,"PortBindings":{"5432/tcp":[{"HostIp":"","HostPort":""}]},"Privileged":null,"PublishAllPorts":null,"ReadonlyRootfs":null,"RestartPolicy":null,"Ulimits":null,"CpuCount":null,"CpuPercent":null,"IOMaximumIOps":null,"IOMaximumBandwidth":null,"VolumesFrom":[],"Mounts":null,"PidMode":null,"Isolation":null,"SecurityOpt":null,"StorageOpt":null,"CgroupParent":null,"VolumeDriver":null,"ShmSize":null,"PidsLimit":null,"Runtime":null,"Tmpfs":null,"UTSMode":null,"UsernsMode":null,"Sysctls":null,"ConsoleSize":null,"CgroupnsMode":null},"Labels":{"org.testcontainers":"true","org.testcontainers.lang":"java","org.testcontainers.version":"1.19.8","org.testcontainers.sessionId":"280e6229-7396-4d60-b1e3-a5de48b5d49b"},"Shell":null,"NetworkingConfig":null}"
2024-07-24 14:30:17.487 [Test worker] DEBUG c.g.d.z.s.o.a.hc.client5.http.wire - http-outgoing-9 << "HTTP/1.1 201 Created[\r][\n]"
2024-07-24 14:30:17.487 [Test worker] DEBUG c.g.d.z.s.o.a.hc.client5.http.wire - http-outgoing-9 << "Api-Version: 1.45[\r][\n]"
2024-07-24 14:30:17.487 [Test worker] DEBUG c.g.d.z.s.o.a.hc.client5.http.wire - http-outgoing-9 << "Content-Type: application/json[\r][\n]"
2024-07-24 14:30:17.487 [Test worker] DEBUG c.g.d.z.s.o.a.hc.client5.http.wire - http-outgoing-9 << "Date: Wed, 24 Jul 2024 02:30:17 GMT[\r][\n]"
2024-07-24 14:30:17.487 [Test worker] DEBUG c.g.d.z.s.o.a.hc.client5.http.wire - http-outgoing-9 << "Docker-Experimental: false[\r][\n]"
2024-07-24 14:30:17.487 [Test worker] DEBUG c.g.d.z.s.o.a.hc.client5.http.wire - http-outgoing-9 << "Ostype: linux[\r][\n]"
2024-07-24 14:30:17.487 [Test worker] DEBUG c.g.d.z.s.o.a.hc.client5.http.wire - http-outgoing-9 << "Server: Docker/26.0.0 (linux)[\r][\n]"
2024-07-24 14:30:17.487 [Test worker] DEBUG c.g.d.z.s.o.a.hc.client5.http.wire - http-outgoing-9 << "Transfer-Encoding: chunked[\r][\n]"
2024-07-24 14:30:17.487 [Test worker] DEBUG c.g.d.z.s.o.a.hc.client5.http.wire - http-outgoing-9 << "[\r][\n]"
2024-07-24 14:30:17.487 [Test worker] DEBUG c.g.d.z.s.o.a.h.client5.http.headers - http-outgoing-9 << HTTP/1.1 201 Created
2024-07-24 14:30:17.487 [Test worker] DEBUG c.g.d.z.s.o.a.h.client5.http.headers - http-outgoing-9 << Api-Version: 1.45
2024-07-24 14:30:17.487 [Test worker] DEBUG c.g.d.z.s.o.a.h.client5.http.headers - http-outgoing-9 << Content-Type: application/json
2024-07-24 14:30:17.487 [Test worker] DEBUG c.g.d.z.s.o.a.h.client5.http.headers - http-outgoing-9 << Date: Wed, 24 Jul 2024 02:30:17 GMT
2024-07-24 14:30:17.487 [Test worker] DEBUG c.g.d.z.s.o.a.h.client5.http.headers - http-outgoing-9 << Docker-Experimental: false
2024-07-24 14:30:17.487 [Test worker] DEBUG c.g.d.z.s.o.a.h.client5.http.headers - http-outgoing-9 << Ostype: linux
2024-07-24 14:30:17.487 [Test worker] DEBUG c.g.d.z.s.o.a.h.client5.http.headers - http-outgoing-9 << Server: Docker/26.0.0 (linux)
2024-07-24 14:30:17.487 [Test worker] DEBUG c.g.d.z.s.o.a.h.client5.http.headers - http-outgoing-9 << Transfer-Encoding: chunked
2024-07-24 14:30:17.487 [Test worker] DEBUG c.g.d.z.s.o.a.h.c.h.i.c.MainClientExec - ex-00000062: connection can be kept alive for 3 MINUTES
2024-07-24 14:30:17.488 [Test worker] DEBUG c.g.d.z.s.o.a.hc.client5.http.wire - http-outgoing-9 << "58[\r][\n]"
2024-07-24 14:30:17.488 [Test worker] DEBUG c.g.d.z.s.o.a.hc.client5.http.wire - http-outgoing-9 << "{"Id":"63a1e7bd52208ba2b0004d8992520255d7ee4493135bdc038e27b2d089793733","Warnings":[]}[\n]"
2024-07-24 14:30:17.488 [Test worker] DEBUG c.g.d.z.s.o.a.hc.client5.http.wire - http-outgoing-9 << "[\r][\n]"
2024-07-24 14:30:17.488 [Test worker] DEBUG c.g.d.z.s.o.a.hc.client5.http.wire - http-outgoing-9 << "0[\r][\n]"
2024-07-24 14:30:17.488 [Test worker] DEBUG c.g.d.z.s.o.a.hc.client5.http.wire - http-outgoing-9 << "[\r][\n]"
2024-07-24 14:30:17.488 [Test worker] DEBUG c.g.d.z.s.o.a.h.c.h.i.c.InternalHttpClient - ep-00000061: releasing valid endpoint
2024-07-24 14:30:17.488 [Test worker] DEBUG c.g.d.z.s.o.a.h.c.h.i.i.PoolingHttpClientConnectionManager - ep-00000061: releasing endpoint
2024-07-24 14:30:17.488 [Test worker] DEBUG c.g.d.z.s.o.a.h.c.h.i.i.PoolingHttpClientConnectionManager - ep-00000061: connection http-outgoing-9 can be kept alive for 3 MINUTES
2024-07-24 14:30:17.488 [Test worker] DEBUG c.g.d.z.s.o.a.h.c.h.i.i.PoolingHttpClientConnectionManager - ep-00000061: connection released [route: {}->npipe://localhost:2375][total available: 1; route allocated: 1 of 2147483647; total allocated: 1 of 2147483647]
2024-07-24 14:30:17.488 [Test worker] INFO  tc.postgres:latest - Container postgres:latest is starting: 63a1e7bd52208ba2b0004d8992520255d7ee4493135bdc038e27b2d089793733
2024-07-24 14:30:17.488 [Test worker] DEBUG o.t.s.c.g.d.c.command.AbstrDockerCmd - Cmd: 63a1e7bd52208ba2b0004d8992520255d7ee4493135bdc038e27b2d089793733
2024-07-24 14:30:17.489 [Test worker] TRACE o.t.s.c.g.d.c.e.StartContainerCmdExec - POST: DefaultWebTarget{path=[/containers/63a1e7bd52208ba2b0004d8992520255d7ee4493135bdc038e27b2d089793733/start], queryParams={}}
2024-07-24 14:30:17.489 [Test worker] DEBUG c.g.d.z.s.o.a.h.c.h.i.c.InternalHttpClient - ex-00000063: preparing request execution
2024-07-24 14:30:17.489 [Test worker] DEBUG c.g.d.z.s.o.a.h.c.h.p.RequestAddCookies - Cookie spec selected: strict
2024-07-24 14:30:17.489 [Test worker] DEBUG c.g.d.z.s.o.a.h.c.h.p.RequestAuthCache - Auth cache not set in the context
2024-07-24 14:30:17.489 [Test worker] DEBUG c.g.d.z.s.o.a.h.c.h.i.c.ProtocolExec - ex-00000063: target auth state: UNCHALLENGED
2024-07-24 14:30:17.489 [Test worker] DEBUG c.g.d.z.s.o.a.h.c.h.i.c.ProtocolExec - ex-00000063: proxy auth state: UNCHALLENGED
2024-07-24 14:30:17.489 [Test worker] DEBUG c.g.d.z.s.o.a.h.c.h.i.c.ConnectExec - ex-00000063: acquiring connection with route {}->npipe://localhost:2375
2024-07-24 14:30:17.489 [Test worker] DEBUG c.g.d.z.s.o.a.h.c.h.i.c.InternalHttpClient - ex-00000063: acquiring endpoint (3 MINUTES)
2024-07-24 14:30:17.489 [Test worker] DEBUG c.g.d.z.s.o.a.h.c.h.i.i.PoolingHttpClientConnectionManager - ex-00000063: endpoint lease request (3 MINUTES) [route: {}->npipe://localhost:2375][total available: 1; route allocated: 1 of 2147483647; total allocated: 1 of 2147483647]
2024-07-24 14:30:17.489 [Test worker] DEBUG c.g.d.z.s.o.a.h.c.h.i.i.PoolingHttpClientConnectionManager - ex-00000063: endpoint leased [route: {}->npipe://localhost:2375][total available: 0; route allocated: 1 of 2147483647; total allocated: 1 of 2147483647]
2024-07-24 14:30:17.489 [Test worker] DEBUG c.g.d.z.s.o.a.h.c.h.i.i.PoolingHttpClientConnectionManager - ex-00000063: acquired ep-00000062
2024-07-24 14:30:17.489 [Test worker] DEBUG c.g.d.z.s.o.a.h.c.h.i.c.InternalHttpClient - ex-00000063: acquired endpoint ep-00000062
2024-07-24 14:30:17.489 [Test worker] DEBUG c.g.d.z.s.o.a.h.c.h.i.c.MainClientExec - ex-00000063: executing POST /v1.32/containers/63a1e7bd52208ba2b0004d8992520255d7ee4493135bdc038e27b2d089793733/start HTTP/1.1
2024-07-24 14:30:17.489 [Test worker] DEBUG c.g.d.z.s.o.a.h.c.h.i.c.InternalHttpClient - ep-00000062: start execution ex-00000063
2024-07-24 14:30:17.489 [Test worker] DEBUG c.g.d.z.s.o.a.h.c.h.i.i.PoolingHttpClientConnectionManager - ep-00000062: executing exchange ex-00000063 over http-outgoing-9
2024-07-24 14:30:17.489 [Test worker] DEBUG c.g.d.z.s.o.a.h.client5.http.headers - http-outgoing-9 >> POST /v1.32/containers/63a1e7bd52208ba2b0004d8992520255d7ee4493135bdc038e27b2d089793733/start HTTP/1.1
2024-07-24 14:30:17.489 [Test worker] DEBUG c.g.d.z.s.o.a.h.client5.http.headers - http-outgoing-9 >> accept: application/json
2024-07-24 14:30:17.489 [Test worker] DEBUG c.g.d.z.s.o.a.h.client5.http.headers - http-outgoing-9 >> content-type: application/json
2024-07-24 14:30:17.489 [Test worker] DEBUG c.g.d.z.s.o.a.h.client5.http.headers - http-outgoing-9 >> x-tc-sid: 280e6229-7396-4d60-b1e3-a5de48b5d49b
2024-07-24 14:30:17.489 [Test worker] DEBUG c.g.d.z.s.o.a.h.client5.http.headers - http-outgoing-9 >> User-Agent: tc-java/1.19.8
2024-07-24 14:30:17.489 [Test worker] DEBUG c.g.d.z.s.o.a.h.client5.http.headers - http-outgoing-9 >> Accept-Encoding: gzip, x-gzip, deflate
2024-07-24 14:30:17.489 [Test worker] DEBUG c.g.d.z.s.o.a.h.client5.http.headers - http-outgoing-9 >> Host: localhost:2375
2024-07-24 14:30:17.489 [Test worker] DEBUG c.g.d.z.s.o.a.h.client5.http.headers - http-outgoing-9 >> Connection: keep-alive
2024-07-24 14:30:17.489 [Test worker] DEBUG c.g.d.z.s.o.a.hc.client5.http.wire - http-outgoing-9 >> "POST /v1.32/containers/63a1e7bd52208ba2b0004d8992520255d7ee4493135bdc038e27b2d089793733/start HTTP/1.1[\r][\n]"
2024-07-24 14:30:17.489 [Test worker] DEBUG c.g.d.z.s.o.a.hc.client5.http.wire - http-outgoing-9 >> "accept: application/json[\r][\n]"
2024-07-24 14:30:17.489 [Test worker] DEBUG c.g.d.z.s.o.a.hc.client5.http.wire - http-outgoing-9 >> "content-type: application/json[\r][\n]"
2024-07-24 14:30:17.489 [Test worker] DEBUG c.g.d.z.s.o.a.hc.client5.http.wire - http-outgoing-9 >> "x-tc-sid: 280e6229-7396-4d60-b1e3-a5de48b5d49b[\r][\n]"
2024-07-24 14:30:17.489 [Test worker] DEBUG c.g.d.z.s.o.a.hc.client5.http.wire - http-outgoing-9 >> "User-Agent: tc-java/1.19.8[\r][\n]"
2024-07-24 14:30:17.489 [Test worker] DEBUG c.g.d.z.s.o.a.hc.client5.http.wire - http-outgoing-9 >> "Accept-Encoding: gzip, x-gzip, deflate[\r][\n]"
2024-07-24 14:30:17.489 [Test worker] DEBUG c.g.d.z.s.o.a.hc.client5.http.wire - http-outgoing-9 >> "Host: localhost:2375[\r][\n]"
2024-07-24 14:30:17.489 [Test worker] DEBUG c.g.d.z.s.o.a.hc.client5.http.wire - http-outgoing-9 >> "Connection: keep-alive[\r][\n]"
2024-07-24 14:30:17.489 [Test worker] DEBUG c.g.d.z.s.o.a.hc.client5.http.wire - http-outgoing-9 >> "[\r][\n]"
2024-07-24 14:30:17.880 [Test worker] DEBUG c.g.d.z.s.o.a.hc.client5.http.wire - http-outgoing-9 << "HTTP/1.1 204 No Content[\r][\n]"
2024-07-24 14:30:17.880 [Test worker] DEBUG c.g.d.z.s.o.a.hc.client5.http.wire - http-outgoing-9 << "Api-Version: 1.45[\r][\n]"
2024-07-24 14:30:17.880 [Test worker] DEBUG c.g.d.z.s.o.a.hc.client5.http.wire - http-outgoing-9 << "Date: Wed, 24 Jul 2024 02:30:17 GMT[\r][\n]"
2024-07-24 14:30:17.880 [Test worker] DEBUG c.g.d.z.s.o.a.hc.client5.http.wire - http-outgoing-9 << "Docker-Experimental: false[\r][\n]"
2024-07-24 14:30:17.880 [Test worker] DEBUG c.g.d.z.s.o.a.hc.client5.http.wire - http-outgoing-9 << "Ostype: linux[\r][\n]"
2024-07-24 14:30:17.880 [Test worker] DEBUG c.g.d.z.s.o.a.hc.client5.http.wire - http-outgoing-9 << "Server: Docker/26.0.0 (linux)[\r][\n]"
2024-07-24 14:30:17.880 [Test worker] DEBUG c.g.d.z.s.o.a.hc.client5.http.wire - http-outgoing-9 << "[\r][\n]"
2024-07-24 14:30:17.880 [Test worker] DEBUG c.g.d.z.s.o.a.h.client5.http.headers - http-outgoing-9 << HTTP/1.1 204 No Content
2024-07-24 14:30:17.880 [Test worker] DEBUG c.g.d.z.s.o.a.h.client5.http.headers - http-outgoing-9 << Api-Version: 1.45
2024-07-24 14:30:17.880 [Test worker] DEBUG c.g.d.z.s.o.a.h.client5.http.headers - http-outgoing-9 << Date: Wed, 24 Jul 2024 02:30:17 GMT
2024-07-24 14:30:17.880 [Test worker] DEBUG c.g.d.z.s.o.a.h.client5.http.headers - http-outgoing-9 << Docker-Experimental: false
2024-07-24 14:30:17.880 [Test worker] DEBUG c.g.d.z.s.o.a.h.client5.http.headers - http-outgoing-9 << Ostype: linux
2024-07-24 14:30:17.880 [Test worker] DEBUG c.g.d.z.s.o.a.h.client5.http.headers - http-outgoing-9 << Server: Docker/26.0.0 (linux)
2024-07-24 14:30:17.880 [Test worker] DEBUG c.g.d.z.s.o.a.h.c.h.i.c.MainClientExec - ex-00000063: connection can be kept alive for 3 MINUTES
2024-07-24 14:30:17.880 [Test worker] DEBUG c.g.d.z.s.o.a.h.c.h.i.c.InternalHttpClient - ep-00000062: releasing valid endpoint
2024-07-24 14:30:17.880 [Test worker] DEBUG c.g.d.z.s.o.a.h.c.h.i.i.PoolingHttpClientConnectionManager - ep-00000062: releasing endpoint
2024-07-24 14:30:17.880 [Test worker] DEBUG c.g.d.z.s.o.a.h.c.h.i.i.PoolingHttpClientConnectionManager - ep-00000062: connection http-outgoing-9 can be kept alive for 3 MINUTES
2024-07-24 14:30:17.881 [Test worker] DEBUG c.g.d.z.s.o.a.h.c.h.i.i.PoolingHttpClientConnectionManager - ep-00000062: connection released [route: {}->npipe://localhost:2375][total available: 1; route allocated: 1 of 2147483647; total allocated: 1 of 2147483647]
2024-07-24 14:30:17.881 [Test worker] DEBUG o.t.s.c.g.d.c.command.AbstrDockerCmd - Cmd: 63a1e7bd52208ba2b0004d8992520255d7ee4493135bdc038e27b2d089793733,false
2024-07-24 14:30:17.881 [Test worker] DEBUG o.t.s.c.g.d.c.e.InspectContainerCmdExec - GET: DefaultWebTarget{path=[/containers/63a1e7bd52208ba2b0004d8992520255d7ee4493135bdc038e27b2d089793733/json], queryParams={}}
2024-07-24 14:30:17.881 [Test worker] DEBUG c.g.d.z.s.o.a.h.c.h.i.c.InternalHttpClient - ex-00000064: preparing request execution
2024-07-24 14:30:17.881 [Test worker] DEBUG c.g.d.z.s.o.a.h.c.h.p.RequestAddCookies - Cookie spec selected: strict
2024-07-24 14:30:17.881 [Test worker] DEBUG c.g.d.z.s.o.a.h.c.h.p.RequestAuthCache - Auth cache not set in the context
2024-07-24 14:30:17.881 [Test worker] DEBUG c.g.d.z.s.o.a.h.c.h.i.c.ProtocolExec - ex-00000064: target auth state: UNCHALLENGED
2024-07-24 14:30:17.882 [Test worker] DEBUG c.g.d.z.s.o.a.h.c.h.i.c.ProtocolExec - ex-00000064: proxy auth state: UNCHALLENGED
2024-07-24 14:30:17.882 [Test worker] DEBUG c.g.d.z.s.o.a.h.c.h.i.c.ConnectExec - ex-00000064: acquiring connection with route {}->npipe://localhost:2375
2024-07-24 14:30:17.882 [Test worker] DEBUG c.g.d.z.s.o.a.h.c.h.i.c.InternalHttpClient - ex-00000064: acquiring endpoint (3 MINUTES)
2024-07-24 14:30:17.882 [Test worker] DEBUG c.g.d.z.s.o.a.h.c.h.i.i.PoolingHttpClientConnectionManager - ex-00000064: endpoint lease request (3 MINUTES) [route: {}->npipe://localhost:2375][total available: 1; route allocated: 1 of 2147483647; total allocated: 1 of 2147483647]
2024-07-24 14:30:17.882 [Test worker] DEBUG c.g.d.z.s.o.a.h.c.h.i.i.PoolingHttpClientConnectionManager - ex-00000064: endpoint leased [route: {}->npipe://localhost:2375][total available: 0; route allocated: 1 of 2147483647; total allocated: 1 of 2147483647]
2024-07-24 14:30:17.882 [Test worker] DEBUG c.g.d.z.s.o.a.h.c.h.i.i.PoolingHttpClientConnectionManager - ex-00000064: acquired ep-00000063
2024-07-24 14:30:17.882 [Test worker] DEBUG c.g.d.z.s.o.a.h.c.h.i.c.InternalHttpClient - ex-00000064: acquired endpoint ep-00000063
2024-07-24 14:30:17.882 [Test worker] DEBUG c.g.d.z.s.o.a.h.c.h.i.c.MainClientExec - ex-00000064: executing GET /v1.32/containers/63a1e7bd52208ba2b0004d8992520255d7ee4493135bdc038e27b2d089793733/json HTTP/1.1
2024-07-24 14:30:17.882 [Test worker] DEBUG c.g.d.z.s.o.a.h.c.h.i.c.InternalHttpClient - ep-00000063: start execution ex-00000064
2024-07-24 14:30:17.882 [Test worker] DEBUG c.g.d.z.s.o.a.h.c.h.i.i.PoolingHttpClientConnectionManager - ep-00000063: executing exchange ex-00000064 over http-outgoing-9
2024-07-24 14:30:17.882 [Test worker] DEBUG c.g.d.z.s.o.a.h.client5.http.headers - http-outgoing-9 >> GET /v1.32/containers/63a1e7bd52208ba2b0004d8992520255d7ee4493135bdc038e27b2d089793733/json HTTP/1.1
2024-07-24 14:30:17.882 [Test worker] DEBUG c.g.d.z.s.o.a.h.client5.http.headers - http-outgoing-9 >> accept: application/json
2024-07-24 14:30:17.882 [Test worker] DEBUG c.g.d.z.s.o.a.h.client5.http.headers - http-outgoing-9 >> x-tc-sid: 280e6229-7396-4d60-b1e3-a5de48b5d49b
2024-07-24 14:30:17.882 [Test worker] DEBUG c.g.d.z.s.o.a.h.client5.http.headers - http-outgoing-9 >> User-Agent: tc-java/1.19.8
2024-07-24 14:30:17.882 [Test worker] DEBUG c.g.d.z.s.o.a.h.client5.http.headers - http-outgoing-9 >> Accept-Encoding: gzip, x-gzip, deflate
2024-07-24 14:30:17.882 [Test worker] DEBUG c.g.d.z.s.o.a.h.client5.http.headers - http-outgoing-9 >> Host: localhost:2375
2024-07-24 14:30:17.882 [Test worker] DEBUG c.g.d.z.s.o.a.h.client5.http.headers - http-outgoing-9 >> Connection: keep-alive
2024-07-24 14:30:17.882 [Test worker] DEBUG c.g.d.z.s.o.a.hc.client5.http.wire - http-outgoing-9 >> "GET /v1.32/containers/63a1e7bd52208ba2b0004d8992520255d7ee4493135bdc038e27b2d089793733/json HTTP/1.1[\r][\n]"
2024-07-24 14:30:17.882 [Test worker] DEBUG c.g.d.z.s.o.a.hc.client5.http.wire - http-outgoing-9 >> "accept: application/json[\r][\n]"
2024-07-24 14:30:17.882 [Test worker] DEBUG c.g.d.z.s.o.a.hc.client5.http.wire - http-outgoing-9 >> "x-tc-sid: 280e6229-7396-4d60-b1e3-a5de48b5d49b[\r][\n]"
2024-07-24 14:30:17.882 [Test worker] DEBUG c.g.d.z.s.o.a.hc.client5.http.wire - http-outgoing-9 >> "User-Agent: tc-java/1.19.8[\r][\n]"
2024-07-24 14:30:17.882 [Test worker] DEBUG c.g.d.z.s.o.a.hc.client5.http.wire - http-outgoing-9 >> "Accept-Encoding: gzip, x-gzip, deflate[\r][\n]"
2024-07-24 14:30:17.882 [Test worker] DEBUG c.g.d.z.s.o.a.hc.client5.http.wire - http-outgoing-9 >> "Host: localhost:2375[\r][\n]"
2024-07-24 14:30:17.882 [Test worker] DEBUG c.g.d.z.s.o.a.hc.client5.http.wire - http-outgoing-9 >> "Connection: keep-alive[\r][\n]"
2024-07-24 14:30:17.882 [Test worker] DEBUG c.g.d.z.s.o.a.hc.client5.http.wire - http-outgoing-9 >> "[\r][\n]"
2024-07-24 14:30:17.885 [Test worker] DEBUG c.g.d.z.s.o.a.hc.client5.http.wire - http-outgoing-9 << "HTTP/1.1 200 OK[\r][\n]"
2024-07-24 14:30:17.886 [Test worker] DEBUG c.g.d.z.s.o.a.hc.client5.http.wire - http-outgoing-9 << "Api-Version: 1.45[\r][\n]"
2024-07-24 14:30:17.886 [Test worker] DEBUG c.g.d.z.s.o.a.hc.client5.http.wire - http-outgoing-9 << "Content-Type: application/json[\r][\n]"
2024-07-24 14:30:17.886 [Test worker] DEBUG c.g.d.z.s.o.a.hc.client5.http.wire - http-outgoing-9 << "Date: Wed, 24 Jul 2024 02:30:17 GMT[\r][\n]"
2024-07-24 14:30:17.886 [Test worker] DEBUG c.g.d.z.s.o.a.hc.client5.http.wire - http-outgoing-9 << "Docker-Experimental: false[\r][\n]"
2024-07-24 14:30:17.886 [Test worker] DEBUG c.g.d.z.s.o.a.hc.client5.http.wire - http-outgoing-9 << "Ostype: linux[\r][\n]"
2024-07-24 14:30:17.886 [Test worker] DEBUG c.g.d.z.s.o.a.hc.client5.http.wire - http-outgoing-9 << "Server: Docker/26.0.0 (linux)[\r][\n]"
2024-07-24 14:30:17.886 [Test worker] DEBUG c.g.d.z.s.o.a.hc.client5.http.wire - http-outgoing-9 << "Transfer-Encoding: chunked[\r][\n]"
2024-07-24 14:30:17.886 [Test worker] DEBUG c.g.d.z.s.o.a.hc.client5.http.wire - http-outgoing-9 << "[\r][\n]"
2024-07-24 14:30:17.886 [Test worker] DEBUG c.g.d.z.s.o.a.h.client5.http.headers - http-outgoing-9 << HTTP/1.1 200 OK
2024-07-24 14:30:17.886 [Test worker] DEBUG c.g.d.z.s.o.a.h.client5.http.headers - http-outgoing-9 << Api-Version: 1.45
2024-07-24 14:30:17.886 [Test worker] DEBUG c.g.d.z.s.o.a.h.client5.http.headers - http-outgoing-9 << Content-Type: application/json
2024-07-24 14:30:17.886 [Test worker] DEBUG c.g.d.z.s.o.a.h.client5.http.headers - http-outgoing-9 << Date: Wed, 24 Jul 2024 02:30:17 GMT
2024-07-24 14:30:17.886 [Test worker] DEBUG c.g.d.z.s.o.a.h.client5.http.headers - http-outgoing-9 << Docker-Experimental: false
2024-07-24 14:30:17.886 [Test worker] DEBUG c.g.d.z.s.o.a.h.client5.http.headers - http-outgoing-9 << Ostype: linux
2024-07-24 14:30:17.886 [Test worker] DEBUG c.g.d.z.s.o.a.h.client5.http.headers - http-outgoing-9 << Server: Docker/26.0.0 (linux)
2024-07-24 14:30:17.886 [Test worker] DEBUG c.g.d.z.s.o.a.h.client5.http.headers - http-outgoing-9 << Transfer-Encoding: chunked
2024-07-24 14:30:17.886 [Test worker] DEBUG c.g.d.z.s.o.a.h.c.h.i.c.MainClientExec - ex-00000064: connection can be kept alive for 3 MINUTES
2024-07-24 14:30:17.887 [Test worker] DEBUG c.g.d.z.s.o.a.hc.client5.http.wire - http-outgoing-9 << "1a3b[\r][\n]"
2024-07-24 14:30:17.887 [Test worker] DEBUG c.g.d.z.s.o.a.hc.client5.http.wire - http-outgoing-9 << "{"Id":"63a1e7bd52208ba2b0004d8992520255d7ee4493135bdc038e27b2d089793733","Created":"2024-07-24T02:30:17.363229499Z","Path":"docker-entrypoint.sh","Args":["postgres","-c","fsync=off"],"State":{"Status":"running","Running":true,"Paused":false,"Restarting":false,"OOMKilled":false,"Dead":false,"Pid":28994,"ExitCode":0,"Error":"","StartedAt":"2024-07-24T02:30:17.851417464Z","FinishedAt":"0001-01-01T00:00:00Z"},"Image":"sha256:8e4fc9e184899a58735e7ee333f5e272d7d2298cf59302006b71f33e217be130","ResolvConfPath":"/var/lib/docker/containers/63a1e7bd52208ba2b0004d8992520255d7ee4493135bdc038e27b2d089793733/resolv.conf","HostnamePath":"/var/lib/docker/containers/63a1e7bd52208ba2b0004d8992520255d7ee4493135bdc038e27b2d089793733/hostname","HostsPath":"/var/lib/docker/containers/63a1e7bd52208ba2b0004d8992520255d7ee4493135bdc038e27b2d089793733/hosts","LogPath":"/var/lib/docker/containers/63a1e7bd52208ba2b0004d8992520255d7ee4493135bdc038e27b2d089793733/63a1e7bd52208ba2b0004d8992520255d7ee4493135bdc038e27b2d089793733-json.log","Name":"/recursing_brattain","RestartCount":0,"Driver":"overlay2","Platform":"linux","MountLabel":"","ProcessLabel":"","AppArmorProfile":"","ExecIDs":null,"HostConfig":{"Binds":[],"ContainerIDFile":"","LogConfig":{"Type":"json-file","Config":{}},"NetworkMode":"default","PortBindings":{"5432/tcp":[{"HostIp":"0.0.0.0","HostPort":"0"}]},"RestartPolicy":{"Name":"no","MaximumRetryCount":0},"AutoRemove":false,"VolumeDriver":"","VolumesFrom":[],"ConsoleSize":[0,0],"CapAdd":null,"CapDrop":null,"CgroupnsMode":"host","Dns":null,"DnsOptions":null,"DnsSearch":null,"ExtraHosts":[],"GroupAdd":null,"IpcMode":"shareable","Cgroup":"","Links":null,"OomScoreAdj":0,"PidMode":"","Privileged":false,"PublishAllPorts":false,"ReadonlyRootfs":false,"SecurityOpt":null,"UTSMode":"","UsernsMode":"","ShmSize":67108864,"Runtime":"runc","Isolation":"","CpuShares":0,"Memory":0,"NanoCpus":0,"CgroupParent":"","BlkioWeight":0,"BlkioWeightDevice":null,"BlkioDeviceReadBps":null,"BlkioDeviceWriteBps":null,"BlkioDeviceReadIOps":null,"BlkioDeviceWriteIOps":null,"CpuPeriod":0,"CpuQuota":0,"CpuRealtimePeriod":0,"CpuRealtimeRuntime":0,"CpusetCpus":"","CpusetMems":"","Devices":null,"DeviceCgroupRules":null,"DeviceRequests":null,"MemoryReservation":0,"MemorySwap":0,"MemorySwappiness":null,"OomKillDisable":false,"PidsLimit":null,"Ulimits":null,"CpuCount":0,"CpuPercent":0,"IOMaximumIOps":0,"IOMaximumBandwidth":0,"MaskedPaths":["/proc/asound","/proc/acpi","/proc/kcore","/proc/keys","/proc/latency_stats","/proc/timer_list","/proc/timer_stats","/proc/sched_debug","/proc/scsi","/sys/firmware","/sys/devices/virtual/powercap"],"ReadonlyPaths":["/proc/bus","/proc/fs","/proc/irq","/proc/sys","/proc/sysrq-trigger"]},"GraphDriver":{"Data":{"LowerDir":"/var/lib/docker/overlay2/520c1e4cd6018f260352ab4b9b78f3195442b8258577bc1351b4f6e49fe5b557-init/diff:/var/lib/docker/overlay2/8f0ddbd386af0785c2e348570516955816ab350305d698d363962d488eeb15ec/diff:/var/lib/docker/overlay2/0eb0ca73e9b0be7c3d7fa8762ef4778a68f38391bc84c037c2e90b88e781b475/diff:/var/lib/docker/overlay2/74e634bddc785c5d436b10a5158cd82e21dc2065fd1cf8ff9c1c12e01575a2d8/diff:/var/lib/docker/overlay2/bb918b2851cd2f508f1e3fdbfff8b7f8b041d61e65fe8c368288bf399e80b818/diff:/var/lib/docker/overlay2/2abab2946cbdc2941ee8ec4024c51dac7313dee9de5fbedd1ca33388c59eb3c8/diff:/var/lib/docker/overlay2/e12f6083ee669bd92743ceb339a896bb25dbe461b718705bb39eb410b80c0ecd/diff:/var/lib/docker/overlay2/ced1e86d670d097da5ed4da7288c22507735918959161c2cd8bf083fb30d169a/diff:/var/lib/docker/overlay2/94e9ac7b74923285ae73af20aeccb964ca9079e2305db367cb85d1603560472d/diff:/var/lib/docker/overlay2/a396b6dfd63f0c228c519871183c614cccf4d366a43460f27ecf97113c3c4be8/diff:/var/lib/docker/overlay2/f58ada5d5080c2bac553c734f81127660a90581a35ed2a92cebe3c59e340875b/diff:/var/lib/docker/overlay2/84f85636f37bf55d945e217b4f87a856eba7932284beaf042561007b66f48977/diff:/var/lib/docker/overlay2/1e6e519613884e91a2b74a588ba35dc8a2f789371ab798ef6e7d9836d756042f/diff:/var/lib/docker/overlay2/14a3151cc8b4f9d27d2e64f1a8abc0c7809309580f2d7e8dc8545055c1d56194/diff:/var/lib/"
2024-07-24 14:30:17.887 [Test worker] DEBUG c.g.d.z.s.o.a.hc.client5.http.wire - http-outgoing-9 << "docker/overlay2/5b354b9e793401517fe2f1da697653fdaadffc54888eaf76d67e0600b8c68bdc/diff","MergedDir":"/var/lib/docker/overlay2/520c1e4cd6018f260352ab4b9b78f3195442b8258577bc1351b4f6e49fe5b557/merged","UpperDir":"/var/lib/docker/overlay2/520c1e4cd6018f260352ab4b9b78f3195442b8258577bc1351b4f6e49fe5b557/diff","WorkDir":"/var/lib/docker/overlay2/520c1e4cd6018f260352ab4b9b78f3195442b8258577bc1351b4f6e49fe5b557/work"},"Name":"overlay2"},"Mounts":[{"Type":"volume","Name":"094fdd260d6c78a5631aa7fb5d3e773db249e7ece5092519ece07bf4742d1a9e","Source":"/var/lib/docker/volumes/094fdd260d6c78a5631aa7fb5d3e773db249e7ece5092519ece07bf4742d1a9e/_data","Destination":"/var/lib/postgresql/data","Driver":"local","Mode":"","RW":true,"Propagation":""}],"Config":{"Hostname":"63a1e7bd5220","Domainname":"","User":"","AttachStdin":false,"AttachStdout":false,"AttachStderr":false,"ExposedPorts":{"5432/tcp":{}},"Tty":false,"OpenStdin":false,"StdinOnce":false,"Env":["POSTGRES_USER=user","POSTGRES_PASSWORD=password","POSTGRES_DB=db","PATH=/usr/local/sbin:/usr/local/bin:/usr/sbin:/usr/bin:/sbin:/bin:/usr/lib/postgresql/16/bin","GOSU_VERSION=1.17","LANG=en_US.utf8","PG_MAJOR=16","PG_VERSION=16.2-1.pgdg120+2","PGDATA=/var/lib/postgresql/data"],"Cmd":["postgres","-c","fsync=off"],"Image":"postgres:latest","Volumes":{"/var/lib/postgresql/data":{}},"WorkingDir":"","Entrypoint":["docker-entrypoint.sh"],"OnBuild":null,"Labels":{"org.testcontainers":"true","org.testcontainers.lang":"java","org.testcontainers.sessionId":"280e6229-7396-4d60-b1e3-a5de48b5d49b","org.testcontainers.version":"1.19.8"},"StopSignal":"SIGINT"},"NetworkSettings":{"Bridge":"","SandboxID":"9440d0bfca68788ef75468173db9dcbdef6912218bfe721ab65b133d94b97be1","SandboxKey":"/var/run/docker/netns/9440d0bfca68","Ports":{"5432/tcp":[{"HostIp":"0.0.0.0","HostPort":"51532"}]},"HairpinMode":false,"LinkLocalIPv6Address":"","LinkLocalIPv6PrefixLen":0,"SecondaryIPAddresses":null,"SecondaryIPv6Addresses":null,"EndpointID":"9e661dcf351884b3088e01663f63f8591277ee2a398114d4b557a46d6353078c","Gateway":"172.17.0.1","GlobalIPv6Address":"","GlobalIPv6PrefixLen":0,"IPAddress":"172.17.0.3","IPPrefixLen":16,"IPv6Gateway":"","MacAddress":"02:42:ac:11:00:03","Networks":{"bridge":{"IPAMConfig":null,"Links":null,"Aliases":null,"MacAddress":"02:42:ac:11:00:03","NetworkID":"3c842496be344cbdae878c1dee0957e7bc7c0a2236009c92752030f2b053e72f","EndpointID":"9e661dcf351884b3088e01663f63f8591277ee2a398114d4b557a46d6353078c","Gateway":"172.17.0.1","IPAddress":"172.17.0.3","IPPrefixLen":16,"IPv6Gateway":"","GlobalIPv6Address":"","GlobalIPv6PrefixLen":0,"DriverOpts":null,"DNSNames":null}}}}[\n]"
2024-07-24 14:30:17.888 [Test worker] DEBUG c.g.d.z.s.o.a.hc.client5.http.wire - http-outgoing-9 << "[\r][\n]"
2024-07-24 14:30:17.888 [Test worker] DEBUG c.g.d.z.s.o.a.hc.client5.http.wire - http-outgoing-9 << "0[\r][\n]"
2024-07-24 14:30:17.888 [Test worker] DEBUG c.g.d.z.s.o.a.hc.client5.http.wire - http-outgoing-9 << "[\r][\n]"
2024-07-24 14:30:17.888 [Test worker] DEBUG c.g.d.z.s.o.a.h.c.h.i.c.InternalHttpClient - ep-00000063: releasing valid endpoint
2024-07-24 14:30:17.888 [Test worker] DEBUG c.g.d.z.s.o.a.h.c.h.i.i.PoolingHttpClientConnectionManager - ep-00000063: releasing endpoint
2024-07-24 14:30:17.888 [Test worker] DEBUG c.g.d.z.s.o.a.h.c.h.i.i.PoolingHttpClientConnectionManager - ep-00000063: connection http-outgoing-9 can be kept alive for 3 MINUTES
2024-07-24 14:30:17.888 [Test worker] DEBUG c.g.d.z.s.o.a.h.c.h.i.i.PoolingHttpClientConnectionManager - ep-00000063: connection released [route: {}->npipe://localhost:2375][total available: 1; route allocated: 1 of 2147483647; total allocated: 1 of 2147483647]
2024-07-24 14:30:17.888 [Test worker] DEBUG o.t.s.c.g.d.c.command.AbstrDockerCmd - Cmd: sha256:8e4fc9e184899a58735e7ee333f5e272d7d2298cf59302006b71f33e217be130
2024-07-24 14:30:17.888 [Test worker] TRACE o.t.s.c.g.d.c.e.InspectImageCmdExec - GET: DefaultWebTarget{path=[/images/sha256:8e4fc9e184899a58735e7ee333f5e272d7d2298cf59302006b71f33e217be130/json], queryParams={}}
2024-07-24 14:30:17.889 [Test worker] DEBUG c.g.d.z.s.o.a.h.c.h.i.c.InternalHttpClient - ex-00000065: preparing request execution
2024-07-24 14:30:17.889 [Test worker] DEBUG c.g.d.z.s.o.a.h.c.h.p.RequestAddCookies - Cookie spec selected: strict
2024-07-24 14:30:17.889 [Test worker] DEBUG c.g.d.z.s.o.a.h.c.h.p.RequestAuthCache - Auth cache not set in the context
2024-07-24 14:30:17.889 [Test worker] DEBUG c.g.d.z.s.o.a.h.c.h.i.c.ProtocolExec - ex-00000065: target auth state: UNCHALLENGED
2024-07-24 14:30:17.889 [Test worker] DEBUG c.g.d.z.s.o.a.h.c.h.i.c.ProtocolExec - ex-00000065: proxy auth state: UNCHALLENGED
2024-07-24 14:30:17.889 [Test worker] DEBUG c.g.d.z.s.o.a.h.c.h.i.c.ConnectExec - ex-00000065: acquiring connection with route {}->npipe://localhost:2375
2024-07-24 14:30:17.889 [Test worker] DEBUG c.g.d.z.s.o.a.h.c.h.i.c.InternalHttpClient - ex-00000065: acquiring endpoint (3 MINUTES)
2024-07-24 14:30:17.889 [Test worker] DEBUG c.g.d.z.s.o.a.h.c.h.i.i.PoolingHttpClientConnectionManager - ex-00000065: endpoint lease request (3 MINUTES) [route: {}->npipe://localhost:2375][total available: 1; route allocated: 1 of 2147483647; total allocated: 1 of 2147483647]
2024-07-24 14:30:17.889 [Test worker] DEBUG c.g.d.z.s.o.a.h.c.h.i.i.PoolingHttpClientConnectionManager - ex-00000065: endpoint leased [route: {}->npipe://localhost:2375][total available: 0; route allocated: 1 of 2147483647; total allocated: 1 of 2147483647]
2024-07-24 14:30:17.889 [Test worker] DEBUG c.g.d.z.s.o.a.h.c.h.i.i.PoolingHttpClientConnectionManager - ex-00000065: acquired ep-00000064
2024-07-24 14:30:17.889 [Test worker] DEBUG c.g.d.z.s.o.a.h.c.h.i.c.InternalHttpClient - ex-00000065: acquired endpoint ep-00000064
2024-07-24 14:30:17.889 [Test worker] DEBUG c.g.d.z.s.o.a.h.c.h.i.c.MainClientExec - ex-00000065: executing GET /v1.32/images/sha256:8e4fc9e184899a58735e7ee333f5e272d7d2298cf59302006b71f33e217be130/json HTTP/1.1
2024-07-24 14:30:17.889 [Test worker] DEBUG c.g.d.z.s.o.a.h.c.h.i.c.InternalHttpClient - ep-00000064: start execution ex-00000065
2024-07-24 14:30:17.889 [Test worker] DEBUG c.g.d.z.s.o.a.h.c.h.i.i.PoolingHttpClientConnectionManager - ep-00000064: executing exchange ex-00000065 over http-outgoing-9
2024-07-24 14:30:17.889 [Test worker] DEBUG c.g.d.z.s.o.a.h.client5.http.headers - http-outgoing-9 >> GET /v1.32/images/sha256:8e4fc9e184899a58735e7ee333f5e272d7d2298cf59302006b71f33e217be130/json HTTP/1.1
2024-07-24 14:30:17.889 [Test worker] DEBUG c.g.d.z.s.o.a.h.client5.http.headers - http-outgoing-9 >> accept: application/json
2024-07-24 14:30:17.889 [Test worker] DEBUG c.g.d.z.s.o.a.h.client5.http.headers - http-outgoing-9 >> x-tc-sid: 280e6229-7396-4d60-b1e3-a5de48b5d49b
2024-07-24 14:30:17.889 [Test worker] DEBUG c.g.d.z.s.o.a.h.client5.http.headers - http-outgoing-9 >> User-Agent: tc-java/1.19.8
2024-07-24 14:30:17.889 [Test worker] DEBUG c.g.d.z.s.o.a.h.client5.http.headers - http-outgoing-9 >> Accept-Encoding: gzip, x-gzip, deflate
2024-07-24 14:30:17.889 [Test worker] DEBUG c.g.d.z.s.o.a.h.client5.http.headers - http-outgoing-9 >> Host: localhost:2375
2024-07-24 14:30:17.889 [Test worker] DEBUG c.g.d.z.s.o.a.h.client5.http.headers - http-outgoing-9 >> Connection: keep-alive
2024-07-24 14:30:17.889 [Test worker] DEBUG c.g.d.z.s.o.a.hc.client5.http.wire - http-outgoing-9 >> "GET /v1.32/images/sha256:8e4fc9e184899a58735e7ee333f5e272d7d2298cf59302006b71f33e217be130/json HTTP/1.1[\r][\n]"
2024-07-24 14:30:17.889 [Test worker] DEBUG c.g.d.z.s.o.a.hc.client5.http.wire - http-outgoing-9 >> "accept: application/json[\r][\n]"
2024-07-24 14:30:17.889 [Test worker] DEBUG c.g.d.z.s.o.a.hc.client5.http.wire - http-outgoing-9 >> "x-tc-sid: 280e6229-7396-4d60-b1e3-a5de48b5d49b[\r][\n]"
2024-07-24 14:30:17.889 [Test worker] DEBUG c.g.d.z.s.o.a.hc.client5.http.wire - http-outgoing-9 >> "User-Agent: tc-java/1.19.8[\r][\n]"
2024-07-24 14:30:17.889 [Test worker] DEBUG c.g.d.z.s.o.a.hc.client5.http.wire - http-outgoing-9 >> "Accept-Encoding: gzip, x-gzip, deflate[\r][\n]"
2024-07-24 14:30:17.889 [Test worker] DEBUG c.g.d.z.s.o.a.hc.client5.http.wire - http-outgoing-9 >> "Host: localhost:2375[\r][\n]"
2024-07-24 14:30:17.889 [Test worker] DEBUG c.g.d.z.s.o.a.hc.client5.http.wire - http-outgoing-9 >> "Connection: keep-alive[\r][\n]"
2024-07-24 14:30:17.889 [Test worker] DEBUG c.g.d.z.s.o.a.hc.client5.http.wire - http-outgoing-9 >> "[\r][\n]"
2024-07-24 14:30:17.893 [Test worker] DEBUG c.g.d.z.s.o.a.hc.client5.http.wire - http-outgoing-9 << "HTTP/1.1 200 OK[\r][\n]"
2024-07-24 14:30:17.893 [Test worker] DEBUG c.g.d.z.s.o.a.hc.client5.http.wire - http-outgoing-9 << "Api-Version: 1.45[\r][\n]"
2024-07-24 14:30:17.893 [Test worker] DEBUG c.g.d.z.s.o.a.hc.client5.http.wire - http-outgoing-9 << "Content-Type: application/json[\r][\n]"
2024-07-24 14:30:17.893 [Test worker] DEBUG c.g.d.z.s.o.a.hc.client5.http.wire - http-outgoing-9 << "Date: Wed, 24 Jul 2024 02:30:17 GMT[\r][\n]"
2024-07-24 14:30:17.893 [Test worker] DEBUG c.g.d.z.s.o.a.hc.client5.http.wire - http-outgoing-9 << "Docker-Experimental: false[\r][\n]"
2024-07-24 14:30:17.893 [Test worker] DEBUG c.g.d.z.s.o.a.hc.client5.http.wire - http-outgoing-9 << "Ostype: linux[\r][\n]"
2024-07-24 14:30:17.893 [Test worker] DEBUG c.g.d.z.s.o.a.hc.client5.http.wire - http-outgoing-9 << "Server: Docker/26.0.0 (linux)[\r][\n]"
2024-07-24 14:30:17.893 [Test worker] DEBUG c.g.d.z.s.o.a.hc.client5.http.wire - http-outgoing-9 << "Transfer-Encoding: chunked[\r][\n]"
2024-07-24 14:30:17.893 [Test worker] DEBUG c.g.d.z.s.o.a.hc.client5.http.wire - http-outgoing-9 << "[\r][\n]"
2024-07-24 14:30:17.893 [Test worker] DEBUG c.g.d.z.s.o.a.h.client5.http.headers - http-outgoing-9 << HTTP/1.1 200 OK
2024-07-24 14:30:17.893 [Test worker] DEBUG c.g.d.z.s.o.a.h.client5.http.headers - http-outgoing-9 << Api-Version: 1.45
2024-07-24 14:30:17.893 [Test worker] DEBUG c.g.d.z.s.o.a.h.client5.http.headers - http-outgoing-9 << Content-Type: application/json
2024-07-24 14:30:17.893 [Test worker] DEBUG c.g.d.z.s.o.a.h.client5.http.headers - http-outgoing-9 << Date: Wed, 24 Jul 2024 02:30:17 GMT
2024-07-24 14:30:17.893 [Test worker] DEBUG c.g.d.z.s.o.a.h.client5.http.headers - http-outgoing-9 << Docker-Experimental: false
2024-07-24 14:30:17.893 [Test worker] DEBUG c.g.d.z.s.o.a.h.client5.http.headers - http-outgoing-9 << Ostype: linux
2024-07-24 14:30:17.893 [Test worker] DEBUG c.g.d.z.s.o.a.h.client5.http.headers - http-outgoing-9 << Server: Docker/26.0.0 (linux)
2024-07-24 14:30:17.893 [Test worker] DEBUG c.g.d.z.s.o.a.h.client5.http.headers - http-outgoing-9 << Transfer-Encoding: chunked
2024-07-24 14:30:17.893 [Test worker] DEBUG c.g.d.z.s.o.a.h.c.h.i.c.MainClientExec - ex-00000065: connection can be kept alive for 3 MINUTES
2024-07-24 14:30:17.893 [Test worker] DEBUG c.g.d.z.s.o.a.hc.client5.http.wire - http-outgoing-9 << "fcb[\r][\n]"
2024-07-24 14:30:17.893 [Test worker] DEBUG c.g.d.z.s.o.a.hc.client5.http.wire - http-outgoing-9 << "{"Id":"sha256:8e4fc9e184899a58735e7ee333f5e272d7d2298cf59302006b71f33e217be130","RepoTags":["postgres:latest"],"RepoDigests":["postgres@sha256:4aea012537edfad80f98d870a36e6b90b4c09b27be7f4b4759d72db863baeebb"],"Parent":"","Comment":"buildkit.dockerfile.v0","Created":"2024-02-21T00:46:13Z","ContainerConfig":{"Hostname":"","Domainname":"","User":"","AttachStdin":false,"AttachStdout":false,"AttachStderr":false,"Tty":false,"OpenStdin":false,"StdinOnce":false,"Env":null,"Cmd":null,"Image":"","Volumes":null,"WorkingDir":"","Entrypoint":null,"OnBuild":null,"Labels":null},"DockerVersion":"","Author":"","Config":{"Hostname":"","Domainname":"","User":"","AttachStdin":false,"AttachStdout":false,"AttachStderr":false,"ExposedPorts":{"5432/tcp":{}},"Tty":false,"OpenStdin":false,"StdinOnce":false,"Env":["PATH=/usr/local/sbin:/usr/local/bin:/usr/sbin:/usr/bin:/sbin:/bin:/usr/lib/postgresql/16/bin","GOSU_VERSION=1.17","LANG=en_US.utf8","PG_MAJOR=16","PG_VERSION=16.2-1.pgdg120+2","PGDATA=/var/lib/postgresql/data"],"Cmd":["postgres"],"ArgsEscaped":true,"Image":"","Volumes":{"/var/lib/postgresql/data":{}},"WorkingDir":"","Entrypoint":["docker-entrypoint.sh"],"OnBuild":null,"Labels":null,"StopSignal":"SIGINT"},"Architecture":"amd64","Os":"linux","Size":431496964,"VirtualSize":431496964,"GraphDriver":{"Data":{"LowerDir":"/var/lib/docker/overlay2/0eb0ca73e9b0be7c3d7fa8762ef4778a68f38391bc84c037c2e90b88e781b475/diff:/var/lib/docker/overlay2/74e634bddc785c5d436b10a5158cd82e21dc2065fd1cf8ff9c1c12e01575a2d8/diff:/var/lib/docker/overlay2/bb918b2851cd2f508f1e3fdbfff8b7f8b041d61e65fe8c368288bf399e80b818/diff:/var/lib/docker/overlay2/2abab2946cbdc2941ee8ec4024c51dac7313dee9de5fbedd1ca33388c59eb3c8/diff:/var/lib/docker/overlay2/e12f6083ee669bd92743ceb339a896bb25dbe461b718705bb39eb410b80c0ecd/diff:/var/lib/docker/overlay2/ced1e86d670d097da5ed4da7288c22507735918959161c2cd8bf083fb30d169a/diff:/var/lib/docker/overlay2/94e9ac7b74923285ae73af20aeccb964ca9079e2305db367cb85d1603560472d/diff:/var/lib/docker/overlay2/a396b6dfd63f0c228c519871183c614cccf4d366a43460f27ecf97113c3c4be8/diff:/var/lib/docker/overlay2/f58ada5d5080c2bac553c734f81127660a90581a35ed2a92cebe3c59e340875b/diff:/var/lib/docker/overlay2/84f85636f37bf55d945e217b4f87a856eba7932284beaf042561007b66f48977/diff:/var/lib/docker/overlay2/1e6e519613884e91a2b74a588ba35dc8a2f789371ab798ef6e7d9836d756042f/diff:/var/lib/docker/overlay2/14a3151cc8b4f9d27d2e64f1a8abc0c7809309580f2d7e8dc8545055c1d56194/diff:/var/lib/docker/overlay2/5b354b9e793401517fe2f1da697653fdaadffc54888eaf76d67e0600b8c68bdc/diff","MergedDir":"/var/lib/docker/overlay2/8f0ddbd386af0785c2e348570516955816ab350305d698d363962d488eeb15ec/merged","UpperDir":"/var/lib/docker/overlay2/8f0ddbd386af0785c2e348570516955816ab350305d698d363962d488eeb15ec/diff","WorkDir":"/var/lib/docker/overlay2/8f0ddbd386af0785c2e348570516955816ab350305d698d363962d488eeb15ec/work"},"Name":"overlay2"},"RootFS":{"Type":"layers","Layers":["sha256:52ec5a4316fadc09a4a51f82b8d7b66ead0d71bea4f75e81e25b4094c4219061","sha256:5a99d63e3aef066b4fa085cf24d0281681d5530c22f0c93391b854ba5741b62e","sha256:12694c6edf8321950446751b5acc175137946701b72febd6a32ab6e6cb89403b","sha256:beceb355ef35df0b8123db4eddd8f734e7414a3828e463354a913dda6738571d","sha256:0f86e6985ca32f3adeb9f65e3f80b3f2aa37a697d345c84011b2421e5608bc06","sha256:22c31f24613cd6a7b43f3074166d79619574e76f430035be15d909ae45fb97da","sha256:7c32a1ce1cc084a148145553666d5b64e3b6551491d1c3c6cc545b5b69daf5da","sha256:192de40051e6f5b468a60be4e6d162a1bbf3dc4af2dfb0a7aa8db25f86b6e68e","sha256:257f3fc789f6526019470322285b4bfe55e3e09f41150576c0997f370407af14","sha256:2993953b2c109056b0d580a549dae9f902a84a29f3907d96d7329746a8df7fc2","sha256:0bc02fbb093e939812a0ca64bd21a807d815b89c5e034e73026d14535053f4e2","sha256:3866ad927dc8101b32941f0fe6e36e656eba398b92164688ce1d1afdeca7eb09","sha256:2621fdc21b32f8210d30df7b9f44c068fa347ce07f7e1935a2383e5f7e7ddecb","sha256:c116a9ba3dbfe8c6135659ba009883a03bdc660abfedc64e2528baa6d736dbc9"]},"Metadata":{"LastTagTime":"0001-01-01T00:00:00Z"},"Container":""}[\n]"
2024-07-24 14:30:17.893 [Test worker] DEBUG c.g.d.z.s.o.a.hc.client5.http.wire - http-outgoing-9 << "[\r][\n]"
2024-07-24 14:30:17.893 [Test worker] DEBUG c.g.d.z.s.o.a.hc.client5.http.wire - http-outgoing-9 << "0[\r][\n]"
2024-07-24 14:30:17.893 [Test worker] DEBUG c.g.d.z.s.o.a.hc.client5.http.wire - http-outgoing-9 << "[\r][\n]"
2024-07-24 14:30:17.894 [Test worker] DEBUG c.g.d.z.s.o.a.h.c.h.i.c.InternalHttpClient - ep-00000064: releasing valid endpoint
2024-07-24 14:30:17.894 [Test worker] DEBUG c.g.d.z.s.o.a.h.c.h.i.i.PoolingHttpClientConnectionManager - ep-00000064: releasing endpoint
2024-07-24 14:30:17.894 [Test worker] DEBUG c.g.d.z.s.o.a.h.c.h.i.i.PoolingHttpClientConnectionManager - ep-00000064: connection http-outgoing-9 can be kept alive for 3 MINUTES
2024-07-24 14:30:17.894 [Test worker] DEBUG c.g.d.z.s.o.a.h.c.h.i.i.PoolingHttpClientConnectionManager - ep-00000064: connection released [route: {}->npipe://localhost:2375][total available: 1; route allocated: 1 of 2147483647; total allocated: 1 of 2147483647]
2024-07-24 14:30:17.894 [Test worker] DEBUG o.t.s.c.g.d.c.command.AbstrDockerCmd - Cmd: 
2024-07-24 14:30:17.894 [Test worker] TRACE o.t.s.c.g.d.core.exec.VersionCmdExec - GET: DefaultWebTarget{path=[/version], queryParams={}}
2024-07-24 14:30:17.894 [Test worker] DEBUG c.g.d.z.s.o.a.h.c.h.i.c.InternalHttpClient - ex-00000066: preparing request execution
2024-07-24 14:30:17.895 [Test worker] DEBUG c.g.d.z.s.o.a.h.c.h.p.RequestAddCookies - Cookie spec selected: strict
2024-07-24 14:30:17.895 [Test worker] DEBUG c.g.d.z.s.o.a.h.c.h.p.RequestAuthCache - Auth cache not set in the context
2024-07-24 14:30:17.895 [Test worker] DEBUG c.g.d.z.s.o.a.h.c.h.i.c.ProtocolExec - ex-00000066: target auth state: UNCHALLENGED
2024-07-24 14:30:17.895 [Test worker] DEBUG c.g.d.z.s.o.a.h.c.h.i.c.ProtocolExec - ex-00000066: proxy auth state: UNCHALLENGED
2024-07-24 14:30:17.895 [Test worker] DEBUG c.g.d.z.s.o.a.h.c.h.i.c.ConnectExec - ex-00000066: acquiring connection with route {}->npipe://localhost:2375
2024-07-24 14:30:17.895 [Test worker] DEBUG c.g.d.z.s.o.a.h.c.h.i.c.InternalHttpClient - ex-00000066: acquiring endpoint (3 MINUTES)
2024-07-24 14:30:17.895 [Test worker] DEBUG c.g.d.z.s.o.a.h.c.h.i.i.PoolingHttpClientConnectionManager - ex-00000066: endpoint lease request (3 MINUTES) [route: {}->npipe://localhost:2375][total available: 1; route allocated: 1 of 2147483647; total allocated: 1 of 2147483647]
2024-07-24 14:30:17.895 [Test worker] DEBUG c.g.d.z.s.o.a.h.c.h.i.i.PoolingHttpClientConnectionManager - ex-00000066: endpoint leased [route: {}->npipe://localhost:2375][total available: 0; route allocated: 1 of 2147483647; total allocated: 1 of 2147483647]
2024-07-24 14:30:17.895 [Test worker] DEBUG c.g.d.z.s.o.a.h.c.h.i.i.PoolingHttpClientConnectionManager - ex-00000066: acquired ep-00000065
2024-07-24 14:30:17.895 [Test worker] DEBUG c.g.d.z.s.o.a.h.c.h.i.c.InternalHttpClient - ex-00000066: acquired endpoint ep-00000065
2024-07-24 14:30:17.895 [Test worker] DEBUG c.g.d.z.s.o.a.h.c.h.i.c.MainClientExec - ex-00000066: executing GET /v1.32/version HTTP/1.1
2024-07-24 14:30:17.895 [Test worker] DEBUG c.g.d.z.s.o.a.h.c.h.i.c.InternalHttpClient - ep-00000065: start execution ex-00000066
2024-07-24 14:30:17.895 [Test worker] DEBUG c.g.d.z.s.o.a.h.c.h.i.i.PoolingHttpClientConnectionManager - ep-00000065: executing exchange ex-00000066 over http-outgoing-9
2024-07-24 14:30:17.895 [Test worker] DEBUG c.g.d.z.s.o.a.h.client5.http.headers - http-outgoing-9 >> GET /v1.32/version HTTP/1.1
2024-07-24 14:30:17.895 [Test worker] DEBUG c.g.d.z.s.o.a.h.client5.http.headers - http-outgoing-9 >> accept: application/json
2024-07-24 14:30:17.895 [Test worker] DEBUG c.g.d.z.s.o.a.h.client5.http.headers - http-outgoing-9 >> x-tc-sid: 280e6229-7396-4d60-b1e3-a5de48b5d49b
2024-07-24 14:30:17.895 [Test worker] DEBUG c.g.d.z.s.o.a.h.client5.http.headers - http-outgoing-9 >> User-Agent: tc-java/1.19.8
2024-07-24 14:30:17.895 [Test worker] DEBUG c.g.d.z.s.o.a.h.client5.http.headers - http-outgoing-9 >> Accept-Encoding: gzip, x-gzip, deflate
2024-07-24 14:30:17.895 [Test worker] DEBUG c.g.d.z.s.o.a.h.client5.http.headers - http-outgoing-9 >> Host: localhost:2375
2024-07-24 14:30:17.895 [Test worker] DEBUG c.g.d.z.s.o.a.h.client5.http.headers - http-outgoing-9 >> Connection: keep-alive
2024-07-24 14:30:17.895 [Test worker] DEBUG c.g.d.z.s.o.a.hc.client5.http.wire - http-outgoing-9 >> "GET /v1.32/version HTTP/1.1[\r][\n]"
2024-07-24 14:30:17.895 [Test worker] DEBUG c.g.d.z.s.o.a.hc.client5.http.wire - http-outgoing-9 >> "accept: application/json[\r][\n]"
2024-07-24 14:30:17.895 [Test worker] DEBUG c.g.d.z.s.o.a.hc.client5.http.wire - http-outgoing-9 >> "x-tc-sid: 280e6229-7396-4d60-b1e3-a5de48b5d49b[\r][\n]"
2024-07-24 14:30:17.895 [Test worker] DEBUG c.g.d.z.s.o.a.hc.client5.http.wire - http-outgoing-9 >> "User-Agent: tc-java/1.19.8[\r][\n]"
2024-07-24 14:30:17.895 [Test worker] DEBUG c.g.d.z.s.o.a.hc.client5.http.wire - http-outgoing-9 >> "Accept-Encoding: gzip, x-gzip, deflate[\r][\n]"
2024-07-24 14:30:17.895 [Test worker] DEBUG c.g.d.z.s.o.a.hc.client5.http.wire - http-outgoing-9 >> "Host: localhost:2375[\r][\n]"
2024-07-24 14:30:17.895 [Test worker] DEBUG c.g.d.z.s.o.a.hc.client5.http.wire - http-outgoing-9 >> "Connection: keep-alive[\r][\n]"
2024-07-24 14:30:17.895 [Test worker] DEBUG c.g.d.z.s.o.a.hc.client5.http.wire - http-outgoing-9 >> "[\r][\n]"
2024-07-24 14:30:17.905 [Test worker] DEBUG c.g.d.z.s.o.a.hc.client5.http.wire - http-outgoing-9 << "HTTP/1.1 200 OK[\r][\n]"
2024-07-24 14:30:17.905 [Test worker] DEBUG c.g.d.z.s.o.a.hc.client5.http.wire - http-outgoing-9 << "Api-Version: 1.45[\r][\n]"
2024-07-24 14:30:17.905 [Test worker] DEBUG c.g.d.z.s.o.a.hc.client5.http.wire - http-outgoing-9 << "Content-Type: application/json[\r][\n]"
2024-07-24 14:30:17.905 [Test worker] DEBUG c.g.d.z.s.o.a.hc.client5.http.wire - http-outgoing-9 << "Date: Wed, 24 Jul 2024 02:30:17 GMT[\r][\n]"
2024-07-24 14:30:17.905 [Test worker] DEBUG c.g.d.z.s.o.a.hc.client5.http.wire - http-outgoing-9 << "Docker-Experimental: false[\r][\n]"
2024-07-24 14:30:17.905 [Test worker] DEBUG c.g.d.z.s.o.a.hc.client5.http.wire - http-outgoing-9 << "Ostype: linux[\r][\n]"
2024-07-24 14:30:17.905 [Test worker] DEBUG c.g.d.z.s.o.a.hc.client5.http.wire - http-outgoing-9 << "Server: Docker/26.0.0 (linux)[\r][\n]"
2024-07-24 14:30:17.905 [Test worker] DEBUG c.g.d.z.s.o.a.hc.client5.http.wire - http-outgoing-9 << "Transfer-Encoding: chunked[\r][\n]"
2024-07-24 14:30:17.905 [Test worker] DEBUG c.g.d.z.s.o.a.hc.client5.http.wire - http-outgoing-9 << "[\r][\n]"
2024-07-24 14:30:17.905 [Test worker] DEBUG c.g.d.z.s.o.a.h.client5.http.headers - http-outgoing-9 << HTTP/1.1 200 OK
2024-07-24 14:30:17.905 [Test worker] DEBUG c.g.d.z.s.o.a.h.client5.http.headers - http-outgoing-9 << Api-Version: 1.45
2024-07-24 14:30:17.905 [Test worker] DEBUG c.g.d.z.s.o.a.h.client5.http.headers - http-outgoing-9 << Content-Type: application/json
2024-07-24 14:30:17.905 [Test worker] DEBUG c.g.d.z.s.o.a.h.client5.http.headers - http-outgoing-9 << Date: Wed, 24 Jul 2024 02:30:17 GMT
2024-07-24 14:30:17.905 [Test worker] DEBUG c.g.d.z.s.o.a.h.client5.http.headers - http-outgoing-9 << Docker-Experimental: false
2024-07-24 14:30:17.905 [Test worker] DEBUG c.g.d.z.s.o.a.h.client5.http.headers - http-outgoing-9 << Ostype: linux
2024-07-24 14:30:17.905 [Test worker] DEBUG c.g.d.z.s.o.a.h.client5.http.headers - http-outgoing-9 << Server: Docker/26.0.0 (linux)
2024-07-24 14:30:17.905 [Test worker] DEBUG c.g.d.z.s.o.a.h.client5.http.headers - http-outgoing-9 << Transfer-Encoding: chunked
2024-07-24 14:30:17.905 [Test worker] DEBUG c.g.d.z.s.o.a.h.c.h.i.c.MainClientExec - ex-00000066: connection can be kept alive for 3 MINUTES
2024-07-24 14:30:17.906 [Test worker] DEBUG c.g.d.z.s.o.a.hc.client5.http.wire - http-outgoing-9 << "35f[\r][\n]"
2024-07-24 14:30:17.906 [Test worker] DEBUG c.g.d.z.s.o.a.hc.client5.http.wire - http-outgoing-9 << "{"Platform":{"Name":"Docker Desktop 4.29.0 (145265)"},"Components":[{"Name":"Engine","Version":"26.0.0","Details":{"ApiVersion":"1.45","Arch":"amd64","BuildTime":"2024-03-20T15:18:01.000000000+00:00","Experimental":"false","GitCommit":"8b79278","GoVersion":"go1.21.8","KernelVersion":"5.15.153.1-microsoft-standard-WSL2","MinAPIVersion":"1.24","Os":"linux"}},{"Name":"containerd","Version":"1.6.28","Details":{"GitCommit":"ae07eda36dd25f8a1b98dfbf587313b99c0190bb"}},{"Name":"runc","Version":"1.1.12","Details":{"GitCommit":"v1.1.12-0-g51d5e94"}},{"Name":"docker-init","Version":"0.19.0","Details":{"GitCommit":"de40ad0"}}],"Version":"26.0.0","ApiVersion":"1.45","MinAPIVersion":"1.24","GitCommit":"8b79278","GoVersion":"go1.21.8","Os":"linux","Arch":"amd64","KernelVersion":"5.15.153.1-microsoft-standard-WSL2","BuildTime":"2024-03-20T15:18:01.000000000+00:00"}[\n]"
2024-07-24 14:30:17.906 [Test worker] DEBUG c.g.d.z.s.o.a.hc.client5.http.wire - http-outgoing-9 << "[\r][\n]"
2024-07-24 14:30:17.906 [Test worker] DEBUG c.g.d.z.s.o.a.hc.client5.http.wire - http-outgoing-9 << "0[\r][\n]"
2024-07-24 14:30:17.906 [Test worker] DEBUG c.g.d.z.s.o.a.hc.client5.http.wire - http-outgoing-9 << "[\r][\n]"
2024-07-24 14:30:17.906 [Test worker] DEBUG c.g.d.z.s.o.a.h.c.h.i.c.InternalHttpClient - ep-00000065: releasing valid endpoint
2024-07-24 14:30:17.906 [Test worker] DEBUG c.g.d.z.s.o.a.h.c.h.i.i.PoolingHttpClientConnectionManager - ep-00000065: releasing endpoint
2024-07-24 14:30:17.906 [Test worker] DEBUG c.g.d.z.s.o.a.h.c.h.i.i.PoolingHttpClientConnectionManager - ep-00000065: connection http-outgoing-9 can be kept alive for 3 MINUTES
2024-07-24 14:30:17.906 [Test worker] DEBUG c.g.d.z.s.o.a.h.c.h.i.i.PoolingHttpClientConnectionManager - ep-00000065: connection released [route: {}->npipe://localhost:2375][total available: 1; route allocated: 1 of 2147483647; total allocated: 1 of 2147483647]
2024-07-24 14:30:17.906 [Test worker] TRACE o.t.s.c.g.d.c.e.LogContainerCmdExec - GET: DefaultWebTarget{path=[/containers/63a1e7bd52208ba2b0004d8992520255d7ee4493135bdc038e27b2d089793733/logs], queryParams={stdout=[true], stderr=[true], follow=[true], since=[0]}}
2024-07-24 14:30:17.907 [docker-java-stream-79119174] DEBUG c.g.d.z.s.o.a.h.c.h.i.c.InternalHttpClient - ex-00000067: preparing request execution
2024-07-24 14:30:17.907 [docker-java-stream-79119174] DEBUG c.g.d.z.s.o.a.h.c.h.p.RequestAddCookies - Cookie spec selected: strict
2024-07-24 14:30:17.907 [docker-java-stream-79119174] DEBUG c.g.d.z.s.o.a.h.c.h.p.RequestAuthCache - Auth cache not set in the context
2024-07-24 14:30:17.907 [docker-java-stream-79119174] DEBUG c.g.d.z.s.o.a.h.c.h.i.c.ProtocolExec - ex-00000067: target auth state: UNCHALLENGED
2024-07-24 14:30:17.907 [docker-java-stream-79119174] DEBUG c.g.d.z.s.o.a.h.c.h.i.c.ProtocolExec - ex-00000067: proxy auth state: UNCHALLENGED
2024-07-24 14:30:17.907 [docker-java-stream-79119174] DEBUG c.g.d.z.s.o.a.h.c.h.i.c.ConnectExec - ex-00000067: acquiring connection with route {}->npipe://localhost:2375
2024-07-24 14:30:17.907 [docker-java-stream-79119174] DEBUG c.g.d.z.s.o.a.h.c.h.i.c.InternalHttpClient - ex-00000067: acquiring endpoint (3 MINUTES)
2024-07-24 14:30:17.907 [docker-java-stream-79119174] DEBUG c.g.d.z.s.o.a.h.c.h.i.i.PoolingHttpClientConnectionManager - ex-00000067: endpoint lease request (3 MINUTES) [route: {}->npipe://localhost:2375][total available: 1; route allocated: 1 of 2147483647; total allocated: 1 of 2147483647]
2024-07-24 14:30:17.907 [docker-java-stream-79119174] DEBUG c.g.d.z.s.o.a.h.c.h.i.i.PoolingHttpClientConnectionManager - ex-00000067: endpoint leased [route: {}->npipe://localhost:2375][total available: 0; route allocated: 1 of 2147483647; total allocated: 1 of 2147483647]
2024-07-24 14:30:17.907 [docker-java-stream-79119174] DEBUG c.g.d.z.s.o.a.h.c.h.i.i.PoolingHttpClientConnectionManager - ex-00000067: acquired ep-00000066
2024-07-24 14:30:17.907 [docker-java-stream-79119174] DEBUG c.g.d.z.s.o.a.h.c.h.i.c.InternalHttpClient - ex-00000067: acquired endpoint ep-00000066
2024-07-24 14:30:17.907 [docker-java-stream-79119174] DEBUG c.g.d.z.s.o.a.h.c.h.i.c.MainClientExec - ex-00000067: executing GET /v1.32/containers/63a1e7bd52208ba2b0004d8992520255d7ee4493135bdc038e27b2d089793733/logs?stdout=true&stderr=true&follow=true&since=0 HTTP/1.1
2024-07-24 14:30:17.907 [docker-java-stream-79119174] DEBUG c.g.d.z.s.o.a.h.c.h.i.c.InternalHttpClient - ep-00000066: start execution ex-00000067
2024-07-24 14:30:17.907 [docker-java-stream-79119174] DEBUG c.g.d.z.s.o.a.h.c.h.i.i.PoolingHttpClientConnectionManager - ep-00000066: executing exchange ex-00000067 over http-outgoing-9
2024-07-24 14:30:17.908 [docker-java-stream-79119174] DEBUG c.g.d.z.s.o.a.h.client5.http.headers - http-outgoing-9 >> GET /v1.32/containers/63a1e7bd52208ba2b0004d8992520255d7ee4493135bdc038e27b2d089793733/logs?stdout=true&stderr=true&follow=true&since=0 HTTP/1.1
2024-07-24 14:30:17.908 [docker-java-stream-79119174] DEBUG c.g.d.z.s.o.a.h.client5.http.headers - http-outgoing-9 >> x-tc-sid: 280e6229-7396-4d60-b1e3-a5de48b5d49b
2024-07-24 14:30:17.908 [docker-java-stream-79119174] DEBUG c.g.d.z.s.o.a.h.client5.http.headers - http-outgoing-9 >> User-Agent: tc-java/1.19.8
2024-07-24 14:30:17.908 [docker-java-stream-79119174] DEBUG c.g.d.z.s.o.a.h.client5.http.headers - http-outgoing-9 >> Accept-Encoding: gzip, x-gzip, deflate
2024-07-24 14:30:17.908 [docker-java-stream-79119174] DEBUG c.g.d.z.s.o.a.h.client5.http.headers - http-outgoing-9 >> Host: localhost:2375
2024-07-24 14:30:17.908 [docker-java-stream-79119174] DEBUG c.g.d.z.s.o.a.h.client5.http.headers - http-outgoing-9 >> Connection: keep-alive
2024-07-24 14:30:17.908 [docker-java-stream-79119174] DEBUG c.g.d.z.s.o.a.hc.client5.http.wire - http-outgoing-9 >> "GET /v1.32/containers/63a1e7bd52208ba2b0004d8992520255d7ee4493135bdc038e27b2d089793733/logs?stdout=true&stderr=true&follow=true&since=0 HTTP/1.1[\r][\n]"
2024-07-24 14:30:17.908 [docker-java-stream-79119174] DEBUG c.g.d.z.s.o.a.hc.client5.http.wire - http-outgoing-9 >> "x-tc-sid: 280e6229-7396-4d60-b1e3-a5de48b5d49b[\r][\n]"
2024-07-24 14:30:17.908 [docker-java-stream-79119174] DEBUG c.g.d.z.s.o.a.hc.client5.http.wire - http-outgoing-9 >> "User-Agent: tc-java/1.19.8[\r][\n]"
2024-07-24 14:30:17.908 [docker-java-stream-79119174] DEBUG c.g.d.z.s.o.a.hc.client5.http.wire - http-outgoing-9 >> "Accept-Encoding: gzip, x-gzip, deflate[\r][\n]"
2024-07-24 14:30:17.908 [docker-java-stream-79119174] DEBUG c.g.d.z.s.o.a.hc.client5.http.wire - http-outgoing-9 >> "Host: localhost:2375[\r][\n]"
2024-07-24 14:30:17.908 [docker-java-stream-79119174] DEBUG c.g.d.z.s.o.a.hc.client5.http.wire - http-outgoing-9 >> "Connection: keep-alive[\r][\n]"
2024-07-24 14:30:17.908 [docker-java-stream-79119174] DEBUG c.g.d.z.s.o.a.hc.client5.http.wire - http-outgoing-9 >> "[\r][\n]"
2024-07-24 14:30:17.910 [docker-java-stream-79119174] DEBUG c.g.d.z.s.o.a.hc.client5.http.wire - http-outgoing-9 << "HTTP/1.1 200 OK[\r][\n]"
2024-07-24 14:30:17.910 [docker-java-stream-79119174] DEBUG c.g.d.z.s.o.a.hc.client5.http.wire - http-outgoing-9 << "Api-Version: 1.45[\r][\n]"
2024-07-24 14:30:17.910 [docker-java-stream-79119174] DEBUG c.g.d.z.s.o.a.hc.client5.http.wire - http-outgoing-9 << "Content-Type: application/vnd.docker.raw-stream[\r][\n]"
2024-07-24 14:30:17.910 [docker-java-stream-79119174] DEBUG c.g.d.z.s.o.a.hc.client5.http.wire - http-outgoing-9 << "Date: Wed, 24 Jul 2024 02:30:17 GMT[\r][\n]"
2024-07-24 14:30:17.910 [docker-java-stream-79119174] DEBUG c.g.d.z.s.o.a.hc.client5.http.wire - http-outgoing-9 << "Docker-Experimental: false[\r][\n]"
2024-07-24 14:30:17.910 [docker-java-stream-79119174] DEBUG c.g.d.z.s.o.a.hc.client5.http.wire - http-outgoing-9 << "Ostype: linux[\r][\n]"
2024-07-24 14:30:17.910 [docker-java-stream-79119174] DEBUG c.g.d.z.s.o.a.hc.client5.http.wire - http-outgoing-9 << "Server: Docker/26.0.0 (linux)[\r][\n]"
2024-07-24 14:30:17.910 [docker-java-stream-79119174] DEBUG c.g.d.z.s.o.a.hc.client5.http.wire - http-outgoing-9 << "Transfer-Encoding: chunked[\r][\n]"
2024-07-24 14:30:17.910 [docker-java-stream-79119174] DEBUG c.g.d.z.s.o.a.hc.client5.http.wire - http-outgoing-9 << "[\r][\n]"
2024-07-24 14:30:17.911 [docker-java-stream-79119174] DEBUG c.g.d.z.s.o.a.h.client5.http.headers - http-outgoing-9 << HTTP/1.1 200 OK
2024-07-24 14:30:17.911 [docker-java-stream-79119174] DEBUG c.g.d.z.s.o.a.h.client5.http.headers - http-outgoing-9 << Api-Version: 1.45
2024-07-24 14:30:17.911 [docker-java-stream-79119174] DEBUG c.g.d.z.s.o.a.h.client5.http.headers - http-outgoing-9 << Content-Type: application/vnd.docker.raw-stream
2024-07-24 14:30:17.911 [docker-java-stream-79119174] DEBUG c.g.d.z.s.o.a.h.client5.http.headers - http-outgoing-9 << Date: Wed, 24 Jul 2024 02:30:17 GMT
2024-07-24 14:30:17.911 [docker-java-stream-79119174] DEBUG c.g.d.z.s.o.a.h.client5.http.headers - http-outgoing-9 << Docker-Experimental: false
2024-07-24 14:30:17.911 [docker-java-stream-79119174] DEBUG c.g.d.z.s.o.a.h.client5.http.headers - http-outgoing-9 << Ostype: linux
2024-07-24 14:30:17.911 [docker-java-stream-79119174] DEBUG c.g.d.z.s.o.a.h.client5.http.headers - http-outgoing-9 << Server: Docker/26.0.0 (linux)
2024-07-24 14:30:17.911 [docker-java-stream-79119174] DEBUG c.g.d.z.s.o.a.h.client5.http.headers - http-outgoing-9 << Transfer-Encoding: chunked
2024-07-24 14:30:17.911 [docker-java-stream-79119174] DEBUG c.g.d.z.s.o.a.h.c.h.i.c.MainClientExec - ex-00000067: connection can be kept alive for 3 MINUTES
2024-07-24 14:30:17.911 [docker-java-stream-79119174] DEBUG c.g.d.z.s.o.a.hc.client5.http.wire - http-outgoing-9 << "265[\r][\n]"
2024-07-24 14:30:17.911 [docker-java-stream-79119174] DEBUG c.g.d.z.s.o.a.hc.client5.http.wire - http-outgoing-9 << "[0x1][0x0][0x0][0x0][0x0][0x0][0x0]NThe files belonging to this database system will be owned by user "postgres".[\n]"
2024-07-24 14:30:17.911 [docker-java-stream-79119174] DEBUG c.g.d.z.s.o.a.hc.client5.http.wire - http-outgoing-9 << "[0x1][0x0][0x0][0x0][0x0][0x0][0x0],This user must also own the server process.[\n]"
2024-07-24 14:30:17.911 [docker-java-stream-79119174] DEBUG c.g.d.z.s.o.a.hc.client5.http.wire - http-outgoing-9 << "[0x1][0x0][0x0][0x0][0x0][0x0][0x0][0x1][\n]"
2024-07-24 14:30:17.911 [docker-java-stream-79119174] DEBUG c.g.d.z.s.o.a.hc.client5.http.wire - http-outgoing-9 << "[0x1][0x0][0x0][0x0][0x0][0x0][0x0]CThe database cluster will be initialized with locale "en_US.utf8".[\n]"
2024-07-24 14:30:17.911 [docker-java-stream-79119174] DEBUG c.g.d.z.s.o.a.hc.client5.http.wire - http-outgoing-9 << "[0x1][0x0][0x0][0x0][0x0][0x0][0x0]BThe default database encoding has accordingly been set to "UTF8".[\n]"
2024-07-24 14:30:17.911 [docker-java-stream-79119174] DEBUG c.g.d.z.s.o.a.hc.client5.http.wire - http-outgoing-9 << "[0x1][0x0][0x0][0x0][0x0][0x0][0x0]@The default text search configuration will be set to "english".[\n]"
2024-07-24 14:30:17.911 [docker-java-stream-79119174] DEBUG c.g.d.z.s.o.a.hc.client5.http.wire - http-outgoing-9 << "[0x1][0x0][0x0][0x0][0x0][0x0][0x0][0x1][\n]"
2024-07-24 14:30:17.911 [docker-java-stream-79119174] DEBUG c.g.d.z.s.o.a.hc.client5.http.wire - http-outgoing-9 << "[0x1][0x0][0x0][0x0][0x0][0x0][0x0]"Data page checksums are disabled.[\n]"
2024-07-24 14:30:17.911 [docker-java-stream-79119174] DEBUG c.g.d.z.s.o.a.hc.client5.http.wire - http-outgoing-9 << "[0x1][0x0][0x0][0x0][0x0][0x0][0x0][0x1][\n]"
2024-07-24 14:30:17.911 [docker-java-stream-79119174] DEBUG c.g.d.z.s.o.a.hc.client5.http.wire - http-outgoing-9 << "[0x1][0x0][0x0][0x0][0x0][0x0][0x0]Ifixing permissions on existing directory /var/lib/postgresql/data ... ok[\n]"
2024-07-24 14:30:17.911 [docker-java-stream-79119174] DEBUG c.g.d.z.s.o.a.hc.client5.http.wire - http-outgoing-9 << "[0x1][0x0][0x0][0x0][0x0][0x0][0x0][0x1f]creating subdirectories ... ok[\n]"
2024-07-24 14:30:17.911 [docker-java-stream-79119174] DEBUG c.g.d.z.s.o.a.hc.client5.http.wire - http-outgoing-9 << "[0x1][0x0][0x0][0x0][0x0][0x0][0x0]9selecting dynamic shared memory implementation ... posix[\n]"
2024-07-24 14:30:17.911 [docker-java-stream-79119174] DEBUG c.g.d.z.s.o.a.hc.client5.http.wire - http-outgoing-9 << "[\r][\n]"
2024-07-24 14:30:17.911 [Test worker] DEBUG o.t.c.output.WaitingConsumer - STDOUT: 
2024-07-24 14:30:17.912 [Test worker] DEBUG o.t.c.output.WaitingConsumer - STDOUT: selecting dynamic shared memory implementation ... posix
2024-07-24 14:30:17.912 [Test worker] DEBUG o.t.c.output.WaitingConsumer - STDOUT: creating subdirectories ... ok
2024-07-24 14:30:17.912 [Test worker] DEBUG o.t.c.output.WaitingConsumer - STDOUT: fixing permissions on existing directory /var/lib/postgresql/data ... ok
2024-07-24 14:30:17.912 [Test worker] DEBUG o.t.c.output.WaitingConsumer - STDOUT: 
2024-07-24 14:30:17.912 [Test worker] DEBUG o.t.c.output.WaitingConsumer - STDOUT: Data page checksums are disabled.
2024-07-24 14:30:17.912 [Test worker] DEBUG o.t.c.output.WaitingConsumer - STDOUT: The default text search configuration will be set to "english".
2024-07-24 14:30:17.912 [Test worker] DEBUG o.t.c.output.WaitingConsumer - STDOUT: The default database encoding has accordingly been set to "UTF8".
2024-07-24 14:30:17.912 [Test worker] DEBUG o.t.c.output.WaitingConsumer - STDOUT: The database cluster will be initialized with locale "en_US.utf8".
2024-07-24 14:30:17.912 [Test worker] DEBUG o.t.c.output.WaitingConsumer - STDOUT: 
2024-07-24 14:30:17.912 [Test worker] DEBUG o.t.c.output.WaitingConsumer - STDOUT: This user must also own the server process.
2024-07-24 14:30:17.912 [Test worker] DEBUG o.t.c.output.WaitingConsumer - STDOUT: The files belonging to this database system will be owned by user "postgres".
2024-07-24 14:30:17.924 [docker-java-stream-79119174] DEBUG c.g.d.z.s.o.a.hc.client5.http.wire - http-outgoing-9 << "32[\r][\n]"
2024-07-24 14:30:17.924 [docker-java-stream-79119174] DEBUG c.g.d.z.s.o.a.hc.client5.http.wire - http-outgoing-9 << "[0x1][0x0][0x0][0x0][0x0][0x0][0x0]*selecting default max_connections ... 100[\n]"
2024-07-24 14:30:17.924 [docker-java-stream-79119174] DEBUG c.g.d.z.s.o.a.hc.client5.http.wire - http-outgoing-9 << "[\r][\n]"
2024-07-24 14:30:17.928 [Test worker] DEBUG o.t.c.output.WaitingConsumer - STDOUT: selecting default max_connections ... 100
2024-07-24 14:30:17.946 [docker-java-stream-79119174] DEBUG c.g.d.z.s.o.a.hc.client5.http.wire - http-outgoing-9 << "33[\r][\n]"
2024-07-24 14:30:17.946 [docker-java-stream-79119174] DEBUG c.g.d.z.s.o.a.hc.client5.http.wire - http-outgoing-9 << "[0x1][0x0][0x0][0x0][0x0][0x0][0x0]+selecting default shared_buffers ... 128MB[\n]"
2024-07-24 14:30:17.946 [docker-java-stream-79119174] DEBUG c.g.d.z.s.o.a.hc.client5.http.wire - http-outgoing-9 << "[\r][\n]"
2024-07-24 14:30:17.947 [Test worker] DEBUG o.t.c.output.WaitingConsumer - STDOUT: selecting default shared_buffers ... 128MB
2024-07-24 14:30:17.966 [docker-java-stream-79119174] DEBUG c.g.d.z.s.o.a.hc.client5.http.wire - http-outgoing-9 << "30[\r][\n]"
2024-07-24 14:30:17.966 [docker-java-stream-79119174] DEBUG c.g.d.z.s.o.a.hc.client5.http.wire - http-outgoing-9 << "[0x1][0x0][0x0][0x0][0x0][0x0][0x0](selecting default time zone ... Etc/UTC[\n]"
2024-07-24 14:30:17.966 [docker-java-stream-79119174] DEBUG c.g.d.z.s.o.a.hc.client5.http.wire - http-outgoing-9 << "[\r][\n]"
2024-07-24 14:30:17.967 [Test worker] DEBUG o.t.c.output.WaitingConsumer - STDOUT: selecting default time zone ... Etc/UTC
2024-07-24 14:30:17.967 [docker-java-stream-79119174] DEBUG c.g.d.z.s.o.a.hc.client5.http.wire - http-outgoing-9 << "2c[\r][\n]"
2024-07-24 14:30:17.967 [docker-java-stream-79119174] DEBUG c.g.d.z.s.o.a.hc.client5.http.wire - http-outgoing-9 << "[0x1][0x0][0x0][0x0][0x0][0x0][0x0]$creating configuration files ... ok[\n]"
2024-07-24 14:30:17.967 [docker-java-stream-79119174] DEBUG c.g.d.z.s.o.a.hc.client5.http.wire - http-outgoing-9 << "[\r][\n]"
2024-07-24 14:30:17.989 [Test worker] DEBUG o.t.c.output.WaitingConsumer - STDOUT: creating configuration files ... ok
2024-07-24 14:30:18.097 [docker-java-stream-79119174] DEBUG c.g.d.z.s.o.a.hc.client5.http.wire - http-outgoing-9 << "28[\r][\n]"
2024-07-24 14:30:18.097 [docker-java-stream-79119174] DEBUG c.g.d.z.s.o.a.hc.client5.http.wire - http-outgoing-9 << "[0x1][0x0][0x0][0x0][0x0][0x0][0x0] running bootstrap script ... ok[\n]"
2024-07-24 14:30:18.097 [docker-java-stream-79119174] DEBUG c.g.d.z.s.o.a.hc.client5.http.wire - http-outgoing-9 << "[\r][\n]"
2024-07-24 14:30:18.097 [Test worker] DEBUG o.t.c.output.WaitingConsumer - STDOUT: running bootstrap script ... ok
2024-07-24 14:30:18.425 [docker-java-stream-79119174] DEBUG c.g.d.z.s.o.a.hc.client5.http.wire - http-outgoing-9 << "38[\r][\n]"
2024-07-24 14:30:18.426 [docker-java-stream-79119174] DEBUG c.g.d.z.s.o.a.hc.client5.http.wire - http-outgoing-9 << "[0x1][0x0][0x0][0x0][0x0][0x0][0x0]0performing post-bootstrap initialization ... ok[\n]"
2024-07-24 14:30:18.426 [docker-java-stream-79119174] DEBUG c.g.d.z.s.o.a.hc.client5.http.wire - http-outgoing-9 << "[\r][\n]"
2024-07-24 14:30:18.426 [Test worker] DEBUG o.t.c.output.WaitingConsumer - STDOUT: performing post-bootstrap initialization ... ok
2024-07-24 14:30:18.852 [docker-java-stream-79119174] DEBUG c.g.d.z.s.o.a.hc.client5.http.wire - http-outgoing-9 << "1ad[\r][\n]"
2024-07-24 14:30:18.852 [docker-java-stream-79119174] DEBUG c.g.d.z.s.o.a.hc.client5.http.wire - http-outgoing-9 << "[0x1][0x0][0x0][0x0][0x0][0x0][0x0][0x1c]syncing data to disk ... ok[\n]"
2024-07-24 14:30:18.852 [docker-java-stream-79119174] DEBUG c.g.d.z.s.o.a.hc.client5.http.wire - http-outgoing-9 << "[0x1][0x0][0x0][0x0][0x0][0x0][0x0][0x1][\n]"
2024-07-24 14:30:18.852 [docker-java-stream-79119174] DEBUG c.g.d.z.s.o.a.hc.client5.http.wire - http-outgoing-9 << "[0x1][0x0][0x0][0x0][0x0][0x0][0x0][0x1][\n]"
2024-07-24 14:30:18.852 [docker-java-stream-79119174] DEBUG c.g.d.z.s.o.a.hc.client5.http.wire - http-outgoing-9 << "[0x1][0x0][0x0][0x0][0x0][0x0][0x0]6Success. You can now start the database server using:[\n]"
2024-07-24 14:30:18.852 [docker-java-stream-79119174] DEBUG c.g.d.z.s.o.a.hc.client5.http.wire - http-outgoing-9 << "[0x1][0x0][0x0][0x0][0x0][0x0][0x0][0x1][\n]"
2024-07-24 14:30:18.852 [docker-java-stream-79119174] DEBUG c.g.d.z.s.o.a.hc.client5.http.wire - http-outgoing-9 << "[0x1][0x0][0x0][0x0][0x0][0x0][0x0]8    pg_ctl -D /var/lib/postgresql/data -l logfile start[\n]"
2024-07-24 14:30:18.852 [docker-java-stream-79119174] DEBUG c.g.d.z.s.o.a.hc.client5.http.wire - http-outgoing-9 << "[0x1][0x0][0x0][0x0][0x0][0x0][0x0][0x1][\n]"
2024-07-24 14:30:18.852 [docker-java-stream-79119174] DEBUG c.g.d.z.s.o.a.hc.client5.http.wire - http-outgoing-9 << "[0x2][0x0][0x0][0x0][0x0][0x0][0x0]Ginitdb: warning: enabling "trust" authentication for local connections[\n]"
2024-07-24 14:30:18.852 [docker-java-stream-79119174] DEBUG c.g.d.z.s.o.a.hc.client5.http.wire - http-outgoing-9 << "[0x2][0x0][0x0][0x0][0x0][0x0][0x0][0xffffff90]initdb: hint: You can change this by editing pg_hba.conf or using the option -A, or --auth-local and --auth-host, the next time you run initdb.[\n]"
2024-07-24 14:30:18.852 [docker-java-stream-79119174] DEBUG c.g.d.z.s.o.a.hc.client5.http.wire - http-outgoing-9 << "[\r][\n]"
2024-07-24 14:30:18.852 [Test worker] DEBUG o.t.c.output.WaitingConsumer - STDOUT: 
2024-07-24 14:30:18.853 [Test worker] DEBUG o.t.c.output.WaitingConsumer - STDERR: initdb: hint: You can change this by editing pg_hba.conf or using the option -A, or --auth-local and --auth-host, the next time you run initdb.
2024-07-24 14:30:18.853 [Test worker] DEBUG o.t.c.output.WaitingConsumer - STDERR: initdb: warning: enabling "trust" authentication for local connections
2024-07-24 14:30:18.853 [Test worker] DEBUG o.t.c.output.WaitingConsumer - STDOUT: 
2024-07-24 14:30:18.853 [Test worker] DEBUG o.t.c.output.WaitingConsumer - STDOUT:     pg_ctl -D /var/lib/postgresql/data -l logfile start
2024-07-24 14:30:18.853 [Test worker] DEBUG o.t.c.output.WaitingConsumer - STDOUT: 
2024-07-24 14:30:18.853 [Test worker] DEBUG o.t.c.output.WaitingConsumer - STDOUT: Success. You can now start the database server using:
2024-07-24 14:30:18.853 [Test worker] DEBUG o.t.c.output.WaitingConsumer - STDOUT: 
2024-07-24 14:30:18.853 [Test worker] DEBUG o.t.c.output.WaitingConsumer - STDOUT: syncing data to disk ... ok
2024-07-24 14:30:18.892 [docker-java-stream-79119174] DEBUG c.g.d.z.s.o.a.hc.client5.http.wire - http-outgoing-9 << "137[\r][\n]"
2024-07-24 14:30:18.892 [docker-java-stream-79119174] DEBUG c.g.d.z.s.o.a.hc.client5.http.wire - http-outgoing-9 << "[0x1][0x0][0x0][0x0][0x0][0x0][0x0][0xffffffc3]waiting for server to start....2024-07-24 02:30:18.890 UTC [48] LOG:  starting PostgreSQL 16.2 (Debian 16.2-1.pgdg120+2) on x86_64-pc-linux-gnu, compiled by gcc (Debian 12.2.0-14) 12.2.0, 64-bit[\n]"
2024-07-24 14:30:18.892 [docker-java-stream-79119174] DEBUG c.g.d.z.s.o.a.hc.client5.http.wire - http-outgoing-9 << "[0x1][0x0][0x0][0x0][0x0][0x0][0x0]d2024-07-24 02:30:18.890 UTC [48] LOG:  listening on Unix socket "/var/run/postgresql/.s.PGSQL.5432"[\n]"
2024-07-24 14:30:18.892 [docker-java-stream-79119174] DEBUG c.g.d.z.s.o.a.hc.client5.http.wire - http-outgoing-9 << "[\r][\n]"
2024-07-24 14:30:18.892 [Test worker] DEBUG o.t.c.output.WaitingConsumer - STDOUT: 2024-07-24 02:30:18.890 UTC [48] LOG:  listening on Unix socket "/var/run/postgresql/.s.PGSQL.5432"
2024-07-24 14:30:18.892 [Test worker] DEBUG o.t.c.output.WaitingConsumer - STDOUT: waiting for server to start....2024-07-24 02:30:18.890 UTC [48] LOG:  starting PostgreSQL 16.2 (Debian 16.2-1.pgdg120+2) on x86_64-pc-linux-gnu, compiled by gcc (Debian 12.2.0-14) 12.2.0, 64-bit
2024-07-24 14:30:18.893 [docker-java-stream-79119174] DEBUG c.g.d.z.s.o.a.hc.client5.http.wire - http-outgoing-9 << "68[\r][\n]"
2024-07-24 14:30:18.894 [docker-java-stream-79119174] DEBUG c.g.d.z.s.o.a.hc.client5.http.wire - http-outgoing-9 << "[0x1][0x0][0x0][0x0][0x0][0x0][0x0]`2024-07-24 02:30:18.893 UTC [51] LOG:  database system was shut down at 2024-07-24 02:30:18 UTC[\n]"
2024-07-24 14:30:18.894 [docker-java-stream-79119174] DEBUG c.g.d.z.s.o.a.hc.client5.http.wire - http-outgoing-9 << "[\r][\n]"
2024-07-24 14:30:18.897 [docker-java-stream-79119174] DEBUG c.g.d.z.s.o.a.hc.client5.http.wire - http-outgoing-9 << "5e[\r][\n]"
2024-07-24 14:30:18.897 [docker-java-stream-79119174] DEBUG c.g.d.z.s.o.a.hc.client5.http.wire - http-outgoing-9 << "[0x1][0x0][0x0][0x0][0x0][0x0][0x0]V2024-07-24 02:30:18.896 UTC [48] LOG:  database system is ready to accept connections[\n]"
2024-07-24 14:30:18.897 [docker-java-stream-79119174] DEBUG c.g.d.z.s.o.a.hc.client5.http.wire - http-outgoing-9 << "[\r][\n]"
2024-07-24 14:30:18.907 [Test worker] DEBUG o.t.c.output.WaitingConsumer - STDOUT: 2024-07-24 02:30:18.896 UTC [48] LOG:  database system is ready to accept connections
2024-07-24 14:30:18.907 [Test worker] DEBUG o.t.c.output.WaitingConsumer - STDOUT: 2024-07-24 02:30:18.893 UTC [51] LOG:  database system was shut down at 2024-07-24 02:30:18 UTC
2024-07-24 14:30:18.976 [docker-java-stream-79119174] DEBUG c.g.d.z.s.o.a.hc.client5.http.wire - http-outgoing-9 << "25[\r][\n]"
2024-07-24 14:30:18.976 [docker-java-stream-79119174] DEBUG c.g.d.z.s.o.a.hc.client5.http.wire - http-outgoing-9 << "[0x1][0x0][0x0][0x0][0x0][0x0][0x0][0x6] done[\n]"
2024-07-24 14:30:18.976 [docker-java-stream-79119174] DEBUG c.g.d.z.s.o.a.hc.client5.http.wire - http-outgoing-9 << "[0x1][0x0][0x0][0x0][0x0][0x0][0x0][0xf]server started[\n]"
2024-07-24 14:30:18.976 [docker-java-stream-79119174] DEBUG c.g.d.z.s.o.a.hc.client5.http.wire - http-outgoing-9 << "[\r][\n]"
2024-07-24 14:30:18.976 [Test worker] DEBUG o.t.c.output.WaitingConsumer - STDOUT: server started
2024-07-24 14:30:18.976 [Test worker] DEBUG o.t.c.output.WaitingConsumer - STDOUT:  done
2024-07-24 14:30:19.072 [docker-java-stream-79119174] DEBUG c.g.d.z.s.o.a.hc.client5.http.wire - http-outgoing-9 << "18[\r][\n]"
2024-07-24 14:30:19.073 [docker-java-stream-79119174] DEBUG c.g.d.z.s.o.a.hc.client5.http.wire - http-outgoing-9 << "[0x1][0x0][0x0][0x0][0x0][0x0][0x0][0x10]CREATE DATABASE[\n]"
2024-07-24 14:30:19.073 [docker-java-stream-79119174] DEBUG c.g.d.z.s.o.a.hc.client5.http.wire - http-outgoing-9 << "[\r][\n]"
2024-07-24 14:30:19.073 [Test worker] DEBUG o.t.c.output.WaitingConsumer - STDOUT: CREATE DATABASE
2024-07-24 14:30:19.073 [docker-java-stream-79119174] DEBUG c.g.d.z.s.o.a.hc.client5.http.wire - http-outgoing-9 << "12[\r][\n]"
2024-07-24 14:30:19.073 [docker-java-stream-79119174] DEBUG c.g.d.z.s.o.a.hc.client5.http.wire - http-outgoing-9 << "[0x1][0x0][0x0][0x0][0x0][0x0][0x0][0x1][\n]"
2024-07-24 14:30:19.073 [docker-java-stream-79119174] DEBUG c.g.d.z.s.o.a.hc.client5.http.wire - http-outgoing-9 << "[0x1][0x0][0x0][0x0][0x0][0x0][0x0][0x1][\n]"
2024-07-24 14:30:19.073 [docker-java-stream-79119174] DEBUG c.g.d.z.s.o.a.hc.client5.http.wire - http-outgoing-9 << "[\r][\n]"
2024-07-24 14:30:19.073 [docker-java-stream-79119174] DEBUG c.g.d.z.s.o.a.hc.client5.http.wire - http-outgoing-9 << "5d[\r][\n]"
2024-07-24 14:30:19.073 [docker-java-stream-79119174] DEBUG c.g.d.z.s.o.a.hc.client5.http.wire - http-outgoing-9 << "[0x1][0x0][0x0][0x0][0x0][0x0][0x0]L/usr/local/bin/docker-entrypoint.sh: ignoring /docker-entrypoint-initdb.d/*[\n]"
2024-07-24 14:30:19.073 [docker-java-stream-79119174] DEBUG c.g.d.z.s.o.a.hc.client5.http.wire - http-outgoing-9 << "[0x1][0x0][0x0][0x0][0x0][0x0][0x0][0x1][\n]"
2024-07-24 14:30:19.073 [docker-java-stream-79119174] DEBUG c.g.d.z.s.o.a.hc.client5.http.wire - http-outgoing-9 << "[\r][\n]"
2024-07-24 14:30:19.075 [docker-java-stream-79119174] DEBUG c.g.d.z.s.o.a.hc.client5.http.wire - http-outgoing-9 << "c1[\r][\n]"
2024-07-24 14:30:19.075 [docker-java-stream-79119174] DEBUG c.g.d.z.s.o.a.hc.client5.http.wire - http-outgoing-9 << "[0x1][0x0][0x0][0x0][0x0][0x0][0x0]hwaiting for server to shut down...2024-07-24 02:30:19.074 UTC [48] LOG:  received fast shutdown request[\n]"
2024-07-24 14:30:19.075 [docker-java-stream-79119174] DEBUG c.g.d.z.s.o.a.hc.client5.http.wire - http-outgoing-9 << "[0x1][0x0][0x0][0x0][0x0][0x0][0x0]I.2024-07-24 02:30:19.074 UTC [48] LOG:  aborting any active transactions[\n]"
2024-07-24 14:30:19.075 [docker-java-stream-79119174] DEBUG c.g.d.z.s.o.a.hc.client5.http.wire - http-outgoing-9 << "[\r][\n]"
2024-07-24 14:30:19.077 [docker-java-stream-79119174] DEBUG c.g.d.z.s.o.a.hc.client5.http.wire - http-outgoing-9 << "115[\r][\n]"
2024-07-24 14:30:19.077 [docker-java-stream-79119174] DEBUG c.g.d.z.s.o.a.hc.client5.http.wire - http-outgoing-9 << "[0x1][0x0][0x0][0x0][0x0][0x0][0x0]y2024-07-24 02:30:19.076 UTC [48] LOG:  background worker "logical replication launcher" (PID 54) exited with exit code 1[\n]"
2024-07-24 14:30:19.077 [docker-java-stream-79119174] DEBUG c.g.d.z.s.o.a.hc.client5.http.wire - http-outgoing-9 << "[0x1][0x0][0x0][0x0][0x0][0x0][0x0]52024-07-24 02:30:19.076 UTC [49] LOG:  shutting down[\n]"
2024-07-24 14:30:19.077 [docker-java-stream-79119174] DEBUG c.g.d.z.s.o.a.hc.client5.http.wire - http-outgoing-9 << "[0x1][0x0][0x0][0x0][0x0][0x0][0x0]O2024-07-24 02:30:19.076 UTC [49] LOG:  checkpoint starting: shutdown immediate[\n]"
2024-07-24 14:30:19.077 [docker-java-stream-79119174] DEBUG c.g.d.z.s.o.a.hc.client5.http.wire - http-outgoing-9 << "[\r][\n]"
2024-07-24 14:30:19.087 [docker-java-stream-79119174] DEBUG c.g.d.z.s.o.a.hc.client5.http.wire - http-outgoing-9 << "12c[\r][\n]"
2024-07-24 14:30:19.087 [docker-java-stream-79119174] DEBUG c.g.d.z.s.o.a.hc.client5.http.wire - http-outgoing-9 << "[0x1][0x0][0x0][0x0][0x0][0x0][0x1]$2024-07-24 02:30:19.086 UTC [49] LOG:  checkpoint complete: wrote 923 buffers (5.6%); 0 WAL file(s) added, 0 removed, 0 recycled; write=0.009 s, sync=0.001 s, total=0.010 s; sync files=0, longest=0.000 s, average=0.000 s; distance=4257 kB, estimate=4257 kB; lsn=0/1913068, redo lsn=0/1913068[\n]"
2024-07-24 14:30:19.087 [docker-java-stream-79119174] DEBUG c.g.d.z.s.o.a.hc.client5.http.wire - http-outgoing-9 << "[\r][\n]"
2024-07-24 14:30:19.091 [Test worker] DEBUG o.t.c.output.WaitingConsumer - STDOUT: 2024-07-24 02:30:19.086 UTC [49] LOG:  checkpoint complete: wrote 923 buffers (5.6%); 0 WAL file(s) added, 0 removed, 0 recycled; write=0.009 s, sync=0.001 s, total=0.010 s; sync files=0, longest=0.000 s, average=0.000 s; distance=4257 kB, estimate=4257 kB; lsn=0/1913068, redo lsn=0/1913068
2024-07-24 14:30:19.091 [Test worker] DEBUG o.t.c.output.WaitingConsumer - STDOUT: 2024-07-24 02:30:19.076 UTC [49] LOG:  checkpoint starting: shutdown immediate
2024-07-24 14:30:19.091 [Test worker] DEBUG o.t.c.output.WaitingConsumer - STDOUT: 2024-07-24 02:30:19.076 UTC [49] LOG:  shutting down
2024-07-24 14:30:19.091 [Test worker] DEBUG o.t.c.output.WaitingConsumer - STDOUT: 2024-07-24 02:30:19.076 UTC [48] LOG:  background worker "logical replication launcher" (PID 54) exited with exit code 1
2024-07-24 14:30:19.091 [Test worker] DEBUG o.t.c.output.WaitingConsumer - STDOUT: .2024-07-24 02:30:19.074 UTC [48] LOG:  aborting any active transactions
2024-07-24 14:30:19.091 [Test worker] DEBUG o.t.c.output.WaitingConsumer - STDOUT: waiting for server to shut down...2024-07-24 02:30:19.074 UTC [48] LOG:  received fast shutdown request
2024-07-24 14:30:19.091 [Test worker] DEBUG o.t.c.output.WaitingConsumer - STDOUT: 
2024-07-24 14:30:19.091 [Test worker] DEBUG o.t.c.output.WaitingConsumer - STDOUT: /usr/local/bin/docker-entrypoint.sh: ignoring /docker-entrypoint-initdb.d/*
2024-07-24 14:30:19.091 [Test worker] DEBUG o.t.c.output.WaitingConsumer - STDOUT: 
2024-07-24 14:30:19.091 [Test worker] DEBUG o.t.c.output.WaitingConsumer - STDOUT: 
2024-07-24 14:30:19.095 [docker-java-stream-79119174] DEBUG c.g.d.z.s.o.a.hc.client5.http.wire - http-outgoing-9 << "4c[\r][\n]"
2024-07-24 14:30:19.095 [docker-java-stream-79119174] DEBUG c.g.d.z.s.o.a.hc.client5.http.wire - http-outgoing-9 << "[0x1][0x0][0x0][0x0][0x0][0x0][0x0]D2024-07-24 02:30:19.094 UTC [48] LOG:  database system is shut down[\n]"
2024-07-24 14:30:19.095 [docker-java-stream-79119174] DEBUG c.g.d.z.s.o.a.hc.client5.http.wire - http-outgoing-9 << "[\r][\n]"
2024-07-24 14:30:19.106 [Test worker] DEBUG o.t.c.output.WaitingConsumer - STDOUT: 2024-07-24 02:30:19.094 UTC [48] LOG:  database system is shut down
2024-07-24 14:30:19.175 [docker-java-stream-79119174] DEBUG c.g.d.z.s.o.a.hc.client5.http.wire - http-outgoing-9 << "25[\r][\n]"
2024-07-24 14:30:19.176 [docker-java-stream-79119174] DEBUG c.g.d.z.s.o.a.hc.client5.http.wire - http-outgoing-9 << "[0x1][0x0][0x0][0x0][0x0][0x0][0x0][0x6] done[\n]"
2024-07-24 14:30:19.176 [docker-java-stream-79119174] DEBUG c.g.d.z.s.o.a.hc.client5.http.wire - http-outgoing-9 << "[0x1][0x0][0x0][0x0][0x0][0x0][0x0][0xf]server stopped[\n]"
2024-07-24 14:30:19.176 [docker-java-stream-79119174] DEBUG c.g.d.z.s.o.a.hc.client5.http.wire - http-outgoing-9 << "[\r][\n]"
2024-07-24 14:30:19.176 [Test worker] DEBUG o.t.c.output.WaitingConsumer - STDOUT: server stopped
2024-07-24 14:30:19.176 [Test worker] DEBUG o.t.c.output.WaitingConsumer - STDOUT:  done
2024-07-24 14:30:19.176 [docker-java-stream-79119174] DEBUG c.g.d.z.s.o.a.hc.client5.http.wire - http-outgoing-9 << "50[\r][\n]"
2024-07-24 14:30:19.176 [docker-java-stream-79119174] DEBUG c.g.d.z.s.o.a.hc.client5.http.wire - http-outgoing-9 << "[0x1][0x0][0x0][0x0][0x0][0x0][0x0][0x1][\n]"
2024-07-24 14:30:19.176 [docker-java-stream-79119174] DEBUG c.g.d.z.s.o.a.hc.client5.http.wire - http-outgoing-9 << "[0x1][0x0][0x0][0x0][0x0][0x0][0x0]6PostgreSQL init process complete; ready for start up.[\n]"
2024-07-24 14:30:19.176 [docker-java-stream-79119174] DEBUG c.g.d.z.s.o.a.hc.client5.http.wire - http-outgoing-9 << "[0x1][0x0][0x0][0x0][0x0][0x0][0x0][0x1][\n]"
2024-07-24 14:30:19.176 [docker-java-stream-79119174] DEBUG c.g.d.z.s.o.a.hc.client5.http.wire - http-outgoing-9 << "[\r][\n]"
2024-07-24 14:30:19.195 [docker-java-stream-79119174] DEBUG c.g.d.z.s.o.a.hc.client5.http.wire - http-outgoing-9 << "1cb[\r][\n]"
2024-07-24 14:30:19.195 [docker-java-stream-79119174] DEBUG c.g.d.z.s.o.a.hc.client5.http.wire - http-outgoing-9 << "[0x2][0x0][0x0][0x0][0x0][0x0][0x0][0xffffffa3]2024-07-24 02:30:19.194 UTC [1] LOG:  starting PostgreSQL 16.2 (Debian 16.2-1.pgdg120+2) on x86_64-pc-linux-gnu, compiled by gcc (Debian 12.2.0-14) 12.2.0, 64-bit[\n]"
2024-07-24 14:30:19.195 [docker-java-stream-79119174] DEBUG c.g.d.z.s.o.a.hc.client5.http.wire - http-outgoing-9 << "[0x2][0x0][0x0][0x0][0x0][0x0][0x0]U2024-07-24 02:30:19.194 UTC [1] LOG:  listening on IPv4 address "0.0.0.0", port 5432[\n]"
2024-07-24 14:30:19.195 [docker-java-stream-79119174] DEBUG c.g.d.z.s.o.a.hc.client5.http.wire - http-outgoing-9 << "[0x2][0x0][0x0][0x0][0x0][0x0][0x0]P2024-07-24 02:30:19.194 UTC [1] LOG:  listening on IPv6 address "::", port 5432[\n]"
2024-07-24 14:30:19.195 [docker-java-stream-79119174] DEBUG c.g.d.z.s.o.a.hc.client5.http.wire - http-outgoing-9 << "[0x2][0x0][0x0][0x0][0x0][0x0][0x0]c2024-07-24 02:30:19.195 UTC [1] LOG:  listening on Unix socket "/var/run/postgresql/.s.PGSQL.5432"[\n]"
2024-07-24 14:30:19.195 [docker-java-stream-79119174] DEBUG c.g.d.z.s.o.a.hc.client5.http.wire - http-outgoing-9 << "[\r][\n]"
2024-07-24 14:30:19.198 [docker-java-stream-79119174] DEBUG c.g.d.z.s.o.a.hc.client5.http.wire - http-outgoing-9 << "68[\r][\n]"
2024-07-24 14:30:19.198 [docker-java-stream-79119174] DEBUG c.g.d.z.s.o.a.hc.client5.http.wire - http-outgoing-9 << "[0x2][0x0][0x0][0x0][0x0][0x0][0x0]`2024-07-24 02:30:19.197 UTC [64] LOG:  database system was shut down at 2024-07-24 02:30:19 UTC[\n]"
2024-07-24 14:30:19.198 [docker-java-stream-79119174] DEBUG c.g.d.z.s.o.a.hc.client5.http.wire - http-outgoing-9 << "[\r][\n]"
2024-07-24 14:30:19.200 [Test worker] DEBUG o.t.c.output.WaitingConsumer - STDERR: 2024-07-24 02:30:19.197 UTC [64] LOG:  database system was shut down at 2024-07-24 02:30:19 UTC
2024-07-24 14:30:19.200 [Test worker] DEBUG o.t.c.output.WaitingConsumer - STDERR: 2024-07-24 02:30:19.195 UTC [1] LOG:  listening on Unix socket "/var/run/postgresql/.s.PGSQL.5432"
2024-07-24 14:30:19.200 [Test worker] DEBUG o.t.c.output.WaitingConsumer - STDERR: 2024-07-24 02:30:19.194 UTC [1] LOG:  listening on IPv6 address "::", port 5432
2024-07-24 14:30:19.200 [Test worker] DEBUG o.t.c.output.WaitingConsumer - STDERR: 2024-07-24 02:30:19.194 UTC [1] LOG:  listening on IPv4 address "0.0.0.0", port 5432
2024-07-24 14:30:19.200 [Test worker] DEBUG o.t.c.output.WaitingConsumer - STDERR: 2024-07-24 02:30:19.194 UTC [1] LOG:  starting PostgreSQL 16.2 (Debian 16.2-1.pgdg120+2) on x86_64-pc-linux-gnu, compiled by gcc (Debian 12.2.0-14) 12.2.0, 64-bit
2024-07-24 14:30:19.200 [Test worker] DEBUG o.t.c.output.WaitingConsumer - STDOUT: 
2024-07-24 14:30:19.200 [Test worker] DEBUG o.t.c.output.WaitingConsumer - STDOUT: PostgreSQL init process complete; ready for start up.
2024-07-24 14:30:19.200 [Test worker] DEBUG o.t.c.output.WaitingConsumer - STDOUT: 
2024-07-24 14:30:19.202 [docker-java-stream-79119174] DEBUG c.g.d.z.s.o.a.hc.client5.http.wire - http-outgoing-9 << "5d[\r][\n]"
2024-07-24 14:30:19.202 [docker-java-stream-79119174] DEBUG c.g.d.z.s.o.a.hc.client5.http.wire - http-outgoing-9 << "[0x2][0x0][0x0][0x0][0x0][0x0][0x0]U2024-07-24 02:30:19.201 UTC [1] LOG:  database system is ready to accept connections[\n]"
2024-07-24 14:30:19.202 [docker-java-stream-79119174] DEBUG c.g.d.z.s.o.a.hc.client5.http.wire - http-outgoing-9 << "[\r][\n]"
2024-07-24 14:30:19.215 [Test worker] DEBUG o.t.c.output.WaitingConsumer - STDERR: 2024-07-24 02:30:19.201 UTC [1] LOG:  database system is ready to accept connections
2024-07-24 14:30:19.215 [Test worker] DEBUG c.g.d.z.s.o.a.h.c.h.i.c.InternalHttpClient - ep-00000066: cancel
2024-07-24 14:30:19.215 [Test worker] DEBUG c.g.d.z.s.o.a.h.c.h.i.i.DefaultManagedHttpClientConnection - http-outgoing-9: close connection IMMEDIATE
2024-07-24 14:30:19.215 [Test worker] DEBUG c.g.d.z.s.o.a.h.c.h.i.c.InternalHttpClient - ep-00000066: endpoint closed
2024-07-24 14:30:19.216 [Test worker] DEBUG c.g.d.z.s.o.a.h.c.h.i.c.InternalHttpClient - ep-00000066: discarding endpoint
2024-07-24 14:30:19.216 [Test worker] DEBUG c.g.d.z.s.o.a.h.c.h.i.i.PoolingHttpClientConnectionManager - ep-00000066: releasing endpoint
2024-07-24 14:30:19.216 [Test worker] DEBUG c.g.d.z.s.o.a.h.c.h.i.i.PoolingHttpClientConnectionManager - ep-00000066: connection is not kept alive
2024-07-24 14:30:19.216 [docker-java-stream-79119174] DEBUG c.g.d.z.s.o.a.hc.client5.http.wire - http-outgoing-9 << "end of stream"
2024-07-24 14:30:19.216 [Test worker] DEBUG c.g.d.z.s.o.a.h.c.h.i.i.PoolingHttpClientConnectionManager - ep-00000066: connection released [route: {}->npipe://localhost:2375][total available: 0; route allocated: 0 of 2147483647; total allocated: 0 of 2147483647]
2024-07-24 14:30:19.216 [Test worker] DEBUG c.g.d.z.s.o.a.hc.client5.http.wire - http-outgoing-9 << "[read] I/O error: java.nio.channels.ClosedChannelException"
2024-07-24 14:30:19.216 [docker-java-stream-79119174] DEBUG c.g.d.z.s.o.a.hc.client5.http.wire - http-outgoing-9 << "[read] I/O error: java.nio.channels.ClosedChannelException"
2024-07-24 14:30:19.216 [docker-java-stream-79119174] DEBUG c.g.d.z.ApacheDockerHttpClientImpl$ApacheResponse - Failed to close the response
java.io.IOException: java.nio.channels.ClosedChannelException
	at java.base/java.nio.channels.Channels$2.read(Channels.java:240)
	at com.github.dockerjava.zerodep.shaded.org.apache.hc.client5.http.impl.io.LoggingInputStream.read(LoggingInputStream.java:81)
	at com.github.dockerjava.zerodep.shaded.org.apache.hc.core5.http.impl.io.SessionInputBufferImpl.fillBuffer(SessionInputBufferImpl.java:149)
	at com.github.dockerjava.zerodep.shaded.org.apache.hc.core5.http.impl.io.SessionInputBufferImpl.readLine(SessionInputBufferImpl.java:280)
	at com.github.dockerjava.zerodep.shaded.org.apache.hc.core5.http.impl.io.ChunkedInputStream.getChunkSize(ChunkedInputStream.java:261)
	at com.github.dockerjava.zerodep.shaded.org.apache.hc.core5.http.impl.io.ChunkedInputStream.nextChunk(ChunkedInputStream.java:222)
	at com.github.dockerjava.zerodep.shaded.org.apache.hc.core5.http.impl.io.ChunkedInputStream.read(ChunkedInputStream.java:147)
	at com.github.dockerjava.zerodep.shaded.org.apache.hc.core5.http.impl.io.ChunkedInputStream.close(ChunkedInputStream.java:314)
	at com.github.dockerjava.zerodep.shaded.org.apache.hc.core5.io.Closer.close(Closer.java:48)
	at com.github.dockerjava.zerodep.shaded.org.apache.hc.core5.http.impl.io.IncomingHttpEntity.close(IncomingHttpEntity.java:111)
	at com.github.dockerjava.zerodep.shaded.org.apache.hc.core5.http.io.entity.HttpEntityWrapper.close(HttpEntityWrapper.java:120)
	at com.github.dockerjava.zerodep.shaded.org.apache.hc.core5.io.Closer.close(Closer.java:48)
	at com.github.dockerjava.zerodep.shaded.org.apache.hc.core5.http.message.BasicClassicHttpResponse.close(BasicClassicHttpResponse.java:93)
	at com.github.dockerjava.zerodep.shaded.org.apache.hc.client5.http.impl.classic.CloseableHttpResponse.close(CloseableHttpResponse.java:200)
	at com.github.dockerjava.zerodep.ApacheDockerHttpClientImpl$ApacheResponse.close(ApacheDockerHttpClientImpl.java:271)
	at org.testcontainers.shaded.com.github.dockerjava.core.DefaultInvocationBuilder.lambda$executeAndStream$1(DefaultInvocationBuilder.java:277)
	at java.base/java.lang.Thread.run(Thread.java:833)
Caused by: java.nio.channels.ClosedChannelException: null
	at java.base/sun.nio.ch.WindowsAsynchronousFileChannelImpl.implRead(WindowsAsynchronousFileChannelImpl.java:516)
	at java.base/sun.nio.ch.AsynchronousFileChannelImpl.read(AsynchronousFileChannelImpl.java:229)
	at com.github.dockerjava.transport.NamedPipeSocket$AsynchronousFileByteChannel.read(NamedPipeSocket.java:117)
	at java.base/java.nio.channels.Channels$2.read(Channels.java:238)
	... 16 common frames omitted
2024-07-24 14:30:19.216 [Test worker] DEBUG c.g.d.z.ApacheDockerHttpClientImpl$ApacheResponse - Failed to close the response
java.io.IOException: java.nio.channels.ClosedChannelException
	at java.base/java.nio.channels.Channels$2.read(Channels.java:240)
	at com.github.dockerjava.zerodep.shaded.org.apache.hc.client5.http.impl.io.LoggingInputStream.read(LoggingInputStream.java:81)
	at com.github.dockerjava.zerodep.shaded.org.apache.hc.core5.http.impl.io.SessionInputBufferImpl.fillBuffer(SessionInputBufferImpl.java:149)
	at com.github.dockerjava.zerodep.shaded.org.apache.hc.core5.http.impl.io.SessionInputBufferImpl.readLine(SessionInputBufferImpl.java:280)
	at com.github.dockerjava.zerodep.shaded.org.apache.hc.core5.http.impl.io.ChunkedInputStream.getChunkSize(ChunkedInputStream.java:261)
	at com.github.dockerjava.zerodep.shaded.org.apache.hc.core5.http.impl.io.ChunkedInputStream.nextChunk(ChunkedInputStream.java:222)
	at com.github.dockerjava.zerodep.shaded.org.apache.hc.core5.http.impl.io.ChunkedInputStream.read(ChunkedInputStream.java:147)
	at com.github.dockerjava.zerodep.shaded.org.apache.hc.core5.http.impl.io.ChunkedInputStream.close(ChunkedInputStream.java:314)
	at com.github.dockerjava.zerodep.shaded.org.apache.hc.core5.io.Closer.close(Closer.java:48)
	at com.github.dockerjava.zerodep.shaded.org.apache.hc.core5.http.impl.io.IncomingHttpEntity.close(IncomingHttpEntity.java:111)
	at com.github.dockerjava.zerodep.shaded.org.apache.hc.core5.http.io.entity.HttpEntityWrapper.close(HttpEntityWrapper.java:120)
	at com.github.dockerjava.zerodep.shaded.org.apache.hc.core5.io.Closer.close(Closer.java:48)
	at com.github.dockerjava.zerodep.shaded.org.apache.hc.core5.http.message.BasicClassicHttpResponse.close(BasicClassicHttpResponse.java:93)
	at com.github.dockerjava.zerodep.shaded.org.apache.hc.client5.http.impl.classic.CloseableHttpResponse.close(CloseableHttpResponse.java:200)
	at com.github.dockerjava.zerodep.ApacheDockerHttpClientImpl$ApacheResponse.close(ApacheDockerHttpClientImpl.java:271)
	at org.testcontainers.shaded.com.github.dockerjava.core.DefaultInvocationBuilder.lambda$null$0(DefaultInvocationBuilder.java:272)
	at com.github.dockerjava.api.async.ResultCallbackTemplate.close(ResultCallbackTemplate.java:77)
	at org.testcontainers.containers.output.FrameConsumerResultCallback.close(FrameConsumerResultCallback.java:69)
	at org.testcontainers.containers.wait.strategy.LogMessageWaitStrategy.waitUntilReady(LogMessageWaitStrategy.java:49)
	at org.testcontainers.containers.wait.strategy.AbstractWaitStrategy.waitUntilReady(AbstractWaitStrategy.java:52)
	at org.testcontainers.containers.PostgreSQLContainer.waitUntilContainerStarted(PostgreSQLContainer.java:149)
	at org.testcontainers.containers.GenericContainer.tryStart(GenericContainer.java:500)
	at org.testcontainers.containers.GenericContainer.lambda$doStart$0(GenericContainer.java:354)
	at org.rnorth.ducttape.unreliables.Unreliables.retryUntilSuccess(Unreliables.java:81)
	at org.testcontainers.containers.GenericContainer.doStart(GenericContainer.java:344)
	at org.testcontainers.containers.GenericContainer.start(GenericContainer.java:330)
	at com.unitedApi.SaleOrderHeaderDAOTest.<init>(SaleOrderHeaderDAOTest.kt:40)
	at java.base/jdk.internal.reflect.NativeConstructorAccessorImpl.newInstance0(Native Method)
	at java.base/jdk.internal.reflect.NativeConstructorAccessorImpl.newInstance(NativeConstructorAccessorImpl.java:77)
	at java.base/jdk.internal.reflect.DelegatingConstructorAccessorImpl.newInstance(DelegatingConstructorAccessorImpl.java:45)
	at java.base/java.lang.reflect.Constructor.newInstanceWithCaller(Constructor.java:499)
	at java.base/java.lang.reflect.Constructor.newInstance(Constructor.java:480)
	at org.junit.runners.BlockJUnit4ClassRunner.createTest(BlockJUnit4ClassRunner.java:250)
	at org.junit.runners.BlockJUnit4ClassRunner.createTest(BlockJUnit4ClassRunner.java:260)
	at org.junit.runners.BlockJUnit4ClassRunner$2.runReflectiveCall(BlockJUnit4ClassRunner.java:309)
	at org.junit.internal.runners.model.ReflectiveCallable.run(ReflectiveCallable.java:12)
	at org.junit.runners.BlockJUnit4ClassRunner.methodBlock(BlockJUnit4ClassRunner.java:306)
	at org.junit.runners.BlockJUnit4ClassRunner$1.evaluate(BlockJUnit4ClassRunner.java:100)
	at org.junit.runners.ParentRunner.runLeaf(ParentRunner.java:366)
	at org.junit.runners.BlockJUnit4ClassRunner.runChild(BlockJUnit4ClassRunner.java:103)
	at org.junit.runners.BlockJUnit4ClassRunner.runChild(BlockJUnit4ClassRunner.java:63)
	at org.junit.runners.ParentRunner$4.run(ParentRunner.java:331)
	at org.junit.runners.ParentRunner$1.schedule(ParentRunner.java:79)
	at org.junit.runners.ParentRunner.runChildren(ParentRunner.java:329)
	at org.junit.runners.ParentRunner.access$100(ParentRunner.java:66)
	at org.junit.runners.ParentRunner$2.evaluate(ParentRunner.java:293)
	at org.junit.runners.ParentRunner$3.evaluate(ParentRunner.java:306)
	at org.junit.runners.ParentRunner.run(ParentRunner.java:413)
	at org.gradle.api.internal.tasks.testing.junit.JUnitTestClassExecutor.runTestClass(JUnitTestClassExecutor.java:112)
	at org.gradle.api.internal.tasks.testing.junit.JUnitTestClassExecutor.execute(JUnitTestClassExecutor.java:58)
	at org.gradle.api.internal.tasks.testing.junit.JUnitTestClassExecutor.execute(JUnitTestClassExecutor.java:40)
	at org.gradle.api.internal.tasks.testing.junit.AbstractJUnitTestClassProcessor.processTestClass(AbstractJUnitTestClassProcessor.java:60)
	at org.gradle.api.internal.tasks.testing.SuiteTestClassProcessor.processTestClass(SuiteTestClassProcessor.java:52)
	at java.base/jdk.internal.reflect.NativeMethodAccessorImpl.invoke0(Native Method)
	at java.base/jdk.internal.reflect.NativeMethodAccessorImpl.invoke(NativeMethodAccessorImpl.java:77)
	at java.base/jdk.internal.reflect.DelegatingMethodAccessorImpl.invoke(DelegatingMethodAccessorImpl.java:43)
	at java.base/java.lang.reflect.Method.invoke(Method.java:568)
	at org.gradle.internal.dispatch.ReflectionDispatch.dispatch(ReflectionDispatch.java:36)
	at org.gradle.internal.dispatch.ReflectionDispatch.dispatch(ReflectionDispatch.java:24)
	at org.gradle.internal.dispatch.ContextClassLoaderDispatch.dispatch(ContextClassLoaderDispatch.java:33)
	at org.gradle.internal.dispatch.ProxyDispatchAdapter$DispatchingInvocationHandler.invoke(ProxyDispatchAdapter.java:94)
	at jdk.proxy1/jdk.proxy1.$Proxy2.processTestClass(Unknown Source)
	at org.gradle.api.internal.tasks.testing.worker.TestWorker$2.run(TestWorker.java:176)
	at org.gradle.api.internal.tasks.testing.worker.TestWorker.executeAndMaintainThreadName(TestWorker.java:129)
	at org.gradle.api.internal.tasks.testing.worker.TestWorker.execute(TestWorker.java:100)
	at org.gradle.api.internal.tasks.testing.worker.TestWorker.execute(TestWorker.java:60)
	at org.gradle.process.internal.worker.child.ActionExecutionWorker.execute(ActionExecutionWorker.java:56)
	at org.gradle.process.internal.worker.child.SystemApplicationClassLoaderWorker.call(SystemApplicationClassLoaderWorker.java:113)
	at org.gradle.process.internal.worker.child.SystemApplicationClassLoaderWorker.call(SystemApplicationClassLoaderWorker.java:65)
	at worker.org.gradle.process.internal.worker.GradleWorkerMain.run(GradleWorkerMain.java:69)
	at worker.org.gradle.process.internal.worker.GradleWorkerMain.main(GradleWorkerMain.java:74)
Caused by: java.nio.channels.ClosedChannelException: null
	at java.base/sun.nio.ch.WindowsAsynchronousFileChannelImpl.implRead(WindowsAsynchronousFileChannelImpl.java:516)
	at java.base/sun.nio.ch.AsynchronousFileChannelImpl.read(AsynchronousFileChannelImpl.java:229)
	at com.github.dockerjava.transport.NamedPipeSocket$AsynchronousFileByteChannel.read(NamedPipeSocket.java:117)
	at java.base/java.nio.channels.Channels$2.read(Channels.java:238)
	... 70 common frames omitted
2024-07-24 14:30:19.216 [Test worker] INFO  tc.postgres:latest - Container postgres:latest started in PT1.8630778S
2024-07-24 14:30:19.217 [Test worker] INFO  tc.postgres:latest - Container is started (JDBC URL: jdbc:postgresql://localhost:51532/db?loggerLevel=OFF)
2024-07-24 14:30:19.218 [Test worker] INFO  org.testcontainers.ext.ScriptUtils - Executing database script from sql/init.sql
2024-07-24 14:30:19.218 [Test worker] DEBUG o.t.s.c.g.d.c.command.AbstrDockerCmd - Cmd: 63a1e7bd52208ba2b0004d8992520255d7ee4493135bdc038e27b2d089793733,false
2024-07-24 14:30:19.219 [Test worker] DEBUG o.t.s.c.g.d.c.e.InspectContainerCmdExec - GET: DefaultWebTarget{path=[/containers/63a1e7bd52208ba2b0004d8992520255d7ee4493135bdc038e27b2d089793733/json], queryParams={}}
2024-07-24 14:30:19.219 [Test worker] DEBUG c.g.d.z.s.o.a.h.c.h.i.c.InternalHttpClient - ex-00000068: preparing request execution
2024-07-24 14:30:19.219 [Test worker] DEBUG c.g.d.z.s.o.a.h.c.h.p.RequestAddCookies - Cookie spec selected: strict
2024-07-24 14:30:19.219 [Test worker] DEBUG c.g.d.z.s.o.a.h.c.h.p.RequestAuthCache - Auth cache not set in the context
2024-07-24 14:30:19.219 [Test worker] DEBUG c.g.d.z.s.o.a.h.c.h.i.c.ProtocolExec - ex-00000068: target auth state: UNCHALLENGED
2024-07-24 14:30:19.219 [Test worker] DEBUG c.g.d.z.s.o.a.h.c.h.i.c.ProtocolExec - ex-00000068: proxy auth state: UNCHALLENGED
2024-07-24 14:30:19.219 [Test worker] DEBUG c.g.d.z.s.o.a.h.c.h.i.c.ConnectExec - ex-00000068: acquiring connection with route {}->npipe://localhost:2375
2024-07-24 14:30:19.219 [Test worker] DEBUG c.g.d.z.s.o.a.h.c.h.i.c.InternalHttpClient - ex-00000068: acquiring endpoint (3 MINUTES)
2024-07-24 14:30:19.219 [Test worker] DEBUG c.g.d.z.s.o.a.h.c.h.i.i.PoolingHttpClientConnectionManager - ex-00000068: endpoint lease request (3 MINUTES) [route: {}->npipe://localhost:2375][total available: 0; route allocated: 0 of 2147483647; total allocated: 0 of 2147483647]
2024-07-24 14:30:19.219 [Test worker] DEBUG c.g.d.z.s.o.a.h.c.h.i.i.PoolingHttpClientConnectionManager - ex-00000068: endpoint leased [route: {}->npipe://localhost:2375][total available: 0; route allocated: 1 of 2147483647; total allocated: 1 of 2147483647]
2024-07-24 14:30:19.219 [Test worker] DEBUG c.g.d.z.s.o.a.h.c.h.i.i.PoolingHttpClientConnectionManager - ex-00000068: acquired ep-00000067
2024-07-24 14:30:19.219 [Test worker] DEBUG c.g.d.z.s.o.a.h.c.h.i.c.InternalHttpClient - ex-00000068: acquired endpoint ep-00000067
2024-07-24 14:30:19.219 [Test worker] DEBUG c.g.d.z.s.o.a.h.c.h.i.c.ConnectExec - ex-00000068: opening connection {}->npipe://localhost:2375
2024-07-24 14:30:19.221 [Test worker] DEBUG c.g.d.z.s.o.a.h.c.h.i.c.InternalHttpClient - ep-00000067: connecting endpoint (3 MINUTES)
2024-07-24 14:30:19.221 [Test worker] DEBUG c.g.d.z.s.o.a.h.c.h.i.i.PoolingHttpClientConnectionManager - ep-00000067: connecting endpoint to npipe://localhost:2375 (3 MINUTES)
2024-07-24 14:30:19.221 [Test worker] DEBUG c.g.d.z.s.o.a.h.c.h.i.i.DefaultHttpClientConnectionOperator - http-outgoing-10: connecting to localhost/127.0.0.1:2375
2024-07-24 14:30:19.222 [Test worker] DEBUG c.g.d.z.s.o.a.h.c.h.i.i.DefaultHttpClientConnectionOperator - http-outgoing-10: connection established 
2024-07-24 14:30:19.222 [Test worker] DEBUG c.g.d.z.s.o.a.h.c.h.i.i.PoolingHttpClientConnectionManager - ep-00000067: connected http-outgoing-10
2024-07-24 14:30:19.222 [Test worker] DEBUG c.g.d.z.s.o.a.h.c.h.i.c.InternalHttpClient - ep-00000067: endpoint connected
2024-07-24 14:30:19.222 [Test worker] DEBUG c.g.d.z.s.o.a.h.c.h.i.c.MainClientExec - ex-00000068: executing GET /v1.32/containers/63a1e7bd52208ba2b0004d8992520255d7ee4493135bdc038e27b2d089793733/json HTTP/1.1
2024-07-24 14:30:19.222 [Test worker] DEBUG c.g.d.z.s.o.a.h.c.h.i.c.InternalHttpClient - ep-00000067: start execution ex-00000068
2024-07-24 14:30:19.222 [Test worker] DEBUG c.g.d.z.s.o.a.h.c.h.i.i.PoolingHttpClientConnectionManager - ep-00000067: executing exchange ex-00000068 over http-outgoing-10
2024-07-24 14:30:19.222 [Test worker] DEBUG c.g.d.z.s.o.a.h.client5.http.headers - http-outgoing-10 >> GET /v1.32/containers/63a1e7bd52208ba2b0004d8992520255d7ee4493135bdc038e27b2d089793733/json HTTP/1.1
2024-07-24 14:30:19.222 [Test worker] DEBUG c.g.d.z.s.o.a.h.client5.http.headers - http-outgoing-10 >> accept: application/json
2024-07-24 14:30:19.222 [Test worker] DEBUG c.g.d.z.s.o.a.h.client5.http.headers - http-outgoing-10 >> x-tc-sid: 280e6229-7396-4d60-b1e3-a5de48b5d49b
2024-07-24 14:30:19.222 [Test worker] DEBUG c.g.d.z.s.o.a.h.client5.http.headers - http-outgoing-10 >> User-Agent: tc-java/1.19.8
2024-07-24 14:30:19.222 [Test worker] DEBUG c.g.d.z.s.o.a.h.client5.http.headers - http-outgoing-10 >> Accept-Encoding: gzip, x-gzip, deflate
2024-07-24 14:30:19.222 [Test worker] DEBUG c.g.d.z.s.o.a.h.client5.http.headers - http-outgoing-10 >> Host: localhost:2375
2024-07-24 14:30:19.222 [Test worker] DEBUG c.g.d.z.s.o.a.h.client5.http.headers - http-outgoing-10 >> Connection: keep-alive
2024-07-24 14:30:19.222 [Test worker] DEBUG c.g.d.z.s.o.a.hc.client5.http.wire - http-outgoing-10 >> "GET /v1.32/containers/63a1e7bd52208ba2b0004d8992520255d7ee4493135bdc038e27b2d089793733/json HTTP/1.1[\r][\n]"
2024-07-24 14:30:19.222 [Test worker] DEBUG c.g.d.z.s.o.a.hc.client5.http.wire - http-outgoing-10 >> "accept: application/json[\r][\n]"
2024-07-24 14:30:19.222 [Test worker] DEBUG c.g.d.z.s.o.a.hc.client5.http.wire - http-outgoing-10 >> "x-tc-sid: 280e6229-7396-4d60-b1e3-a5de48b5d49b[\r][\n]"
2024-07-24 14:30:19.222 [Test worker] DEBUG c.g.d.z.s.o.a.hc.client5.http.wire - http-outgoing-10 >> "User-Agent: tc-java/1.19.8[\r][\n]"
2024-07-24 14:30:19.222 [Test worker] DEBUG c.g.d.z.s.o.a.hc.client5.http.wire - http-outgoing-10 >> "Accept-Encoding: gzip, x-gzip, deflate[\r][\n]"
2024-07-24 14:30:19.222 [Test worker] DEBUG c.g.d.z.s.o.a.hc.client5.http.wire - http-outgoing-10 >> "Host: localhost:2375[\r][\n]"
2024-07-24 14:30:19.222 [Test worker] DEBUG c.g.d.z.s.o.a.hc.client5.http.wire - http-outgoing-10 >> "Connection: keep-alive[\r][\n]"
2024-07-24 14:30:19.222 [Test worker] DEBUG c.g.d.z.s.o.a.hc.client5.http.wire - http-outgoing-10 >> "[\r][\n]"
2024-07-24 14:30:19.225 [Test worker] DEBUG c.g.d.z.s.o.a.hc.client5.http.wire - http-outgoing-10 << "HTTP/1.1 200 OK[\r][\n]"
2024-07-24 14:30:19.226 [Test worker] DEBUG c.g.d.z.s.o.a.hc.client5.http.wire - http-outgoing-10 << "Api-Version: 1.45[\r][\n]"
2024-07-24 14:30:19.226 [Test worker] DEBUG c.g.d.z.s.o.a.hc.client5.http.wire - http-outgoing-10 << "Content-Type: application/json[\r][\n]"
2024-07-24 14:30:19.226 [Test worker] DEBUG c.g.d.z.s.o.a.hc.client5.http.wire - http-outgoing-10 << "Date: Wed, 24 Jul 2024 02:30:19 GMT[\r][\n]"
2024-07-24 14:30:19.226 [Test worker] DEBUG c.g.d.z.s.o.a.hc.client5.http.wire - http-outgoing-10 << "Docker-Experimental: false[\r][\n]"
2024-07-24 14:30:19.226 [Test worker] DEBUG c.g.d.z.s.o.a.hc.client5.http.wire - http-outgoing-10 << "Ostype: linux[\r][\n]"
2024-07-24 14:30:19.226 [Test worker] DEBUG c.g.d.z.s.o.a.hc.client5.http.wire - http-outgoing-10 << "Server: Docker/26.0.0 (linux)[\r][\n]"
2024-07-24 14:30:19.226 [Test worker] DEBUG c.g.d.z.s.o.a.hc.client5.http.wire - http-outgoing-10 << "Transfer-Encoding: chunked[\r][\n]"
2024-07-24 14:30:19.226 [Test worker] DEBUG c.g.d.z.s.o.a.hc.client5.http.wire - http-outgoing-10 << "[\r][\n]"
2024-07-24 14:30:19.226 [Test worker] DEBUG c.g.d.z.s.o.a.h.client5.http.headers - http-outgoing-10 << HTTP/1.1 200 OK
2024-07-24 14:30:19.226 [Test worker] DEBUG c.g.d.z.s.o.a.h.client5.http.headers - http-outgoing-10 << Api-Version: 1.45
2024-07-24 14:30:19.226 [Test worker] DEBUG c.g.d.z.s.o.a.h.client5.http.headers - http-outgoing-10 << Content-Type: application/json
2024-07-24 14:30:19.226 [Test worker] DEBUG c.g.d.z.s.o.a.h.client5.http.headers - http-outgoing-10 << Date: Wed, 24 Jul 2024 02:30:19 GMT
2024-07-24 14:30:19.226 [Test worker] DEBUG c.g.d.z.s.o.a.h.client5.http.headers - http-outgoing-10 << Docker-Experimental: false
2024-07-24 14:30:19.226 [Test worker] DEBUG c.g.d.z.s.o.a.h.client5.http.headers - http-outgoing-10 << Ostype: linux
2024-07-24 14:30:19.226 [Test worker] DEBUG c.g.d.z.s.o.a.h.client5.http.headers - http-outgoing-10 << Server: Docker/26.0.0 (linux)
2024-07-24 14:30:19.226 [Test worker] DEBUG c.g.d.z.s.o.a.h.client5.http.headers - http-outgoing-10 << Transfer-Encoding: chunked
2024-07-24 14:30:19.226 [Test worker] DEBUG c.g.d.z.s.o.a.h.c.h.i.c.MainClientExec - ex-00000068: connection can be kept alive for 3 MINUTES
2024-07-24 14:30:19.227 [Test worker] DEBUG c.g.d.z.s.o.a.hc.client5.http.wire - http-outgoing-10 << "1a3b[\r][\n]"
2024-07-24 14:30:19.227 [Test worker] DEBUG c.g.d.z.s.o.a.hc.client5.http.wire - http-outgoing-10 << "{"Id":"63a1e7bd52208ba2b0004d8992520255d7ee4493135bdc038e27b2d089793733","Created":"2024-07-24T02:30:17.363229499Z","Path":"docker-entrypoint.sh","Args":["postgres","-c","fsync=off"],"State":{"Status":"running","Running":true,"Paused":false,"Restarting":false,"OOMKilled":false,"Dead":false,"Pid":28994,"ExitCode":0,"Error":"","StartedAt":"2024-07-24T02:30:17.851417464Z","FinishedAt":"0001-01-01T00:00:00Z"},"Image":"sha256:8e4fc9e184899a58735e7ee333f5e272d7d2298cf59302006b71f33e217be130","ResolvConfPath":"/var/lib/docker/containers/63a1e7bd52208ba2b0004d8992520255d7ee4493135bdc038e27b2d089793733/resolv.conf","HostnamePath":"/var/lib/docker/containers/63a1e7bd52208ba2b0004d8992520255d7ee4493135bdc038e27b2d089793733/hostname","HostsPath":"/var/lib/docker/containers/63a1e7bd52208ba2b0004d8992520255d7ee4493135bdc038e27b2d089793733/hosts","LogPath":"/var/lib/docker/containers/63a1e7bd52208ba2b0004d8992520255d7ee4493135bdc038e27b2d089793733/63a1e7bd52208ba2b0004d8992520255d7ee4493135bdc038e27b2d089793733-json.log","Name":"/recursing_brattain","RestartCount":0,"Driver":"overlay2","Platform":"linux","MountLabel":"","ProcessLabel":"","AppArmorProfile":"","ExecIDs":null,"HostConfig":{"Binds":[],"ContainerIDFile":"","LogConfig":{"Type":"json-file","Config":{}},"NetworkMode":"default","PortBindings":{"5432/tcp":[{"HostIp":"0.0.0.0","HostPort":"0"}]},"RestartPolicy":{"Name":"no","MaximumRetryCount":0},"AutoRemove":false,"VolumeDriver":"","VolumesFrom":[],"ConsoleSize":[0,0],"CapAdd":null,"CapDrop":null,"CgroupnsMode":"host","Dns":null,"DnsOptions":null,"DnsSearch":null,"ExtraHosts":[],"GroupAdd":null,"IpcMode":"shareable","Cgroup":"","Links":null,"OomScoreAdj":0,"PidMode":"","Privileged":false,"PublishAllPorts":false,"ReadonlyRootfs":false,"SecurityOpt":null,"UTSMode":"","UsernsMode":"","ShmSize":67108864,"Runtime":"runc","Isolation":"","CpuShares":0,"Memory":0,"NanoCpus":0,"CgroupParent":"","BlkioWeight":0,"BlkioWeightDevice":null,"BlkioDeviceReadBps":null,"BlkioDeviceWriteBps":null,"BlkioDeviceReadIOps":null,"BlkioDeviceWriteIOps":null,"CpuPeriod":0,"CpuQuota":0,"CpuRealtimePeriod":0,"CpuRealtimeRuntime":0,"CpusetCpus":"","CpusetMems":"","Devices":null,"DeviceCgroupRules":null,"DeviceRequests":null,"MemoryReservation":0,"MemorySwap":0,"MemorySwappiness":null,"OomKillDisable":false,"PidsLimit":null,"Ulimits":null,"CpuCount":0,"CpuPercent":0,"IOMaximumIOps":0,"IOMaximumBandwidth":0,"MaskedPaths":["/proc/asound","/proc/acpi","/proc/kcore","/proc/keys","/proc/latency_stats","/proc/timer_list","/proc/timer_stats","/proc/sched_debug","/proc/scsi","/sys/firmware","/sys/devices/virtual/powercap"],"ReadonlyPaths":["/proc/bus","/proc/fs","/proc/irq","/proc/sys","/proc/sysrq-trigger"]},"GraphDriver":{"Data":{"LowerDir":"/var/lib/docker/overlay2/520c1e4cd6018f260352ab4b9b78f3195442b8258577bc1351b4f6e49fe5b557-init/diff:/var/lib/docker/overlay2/8f0ddbd386af0785c2e348570516955816ab350305d698d363962d488eeb15ec/diff:/var/lib/docker/overlay2/0eb0ca73e9b0be7c3d7fa8762ef4778a68f38391bc84c037c2e90b88e781b475/diff:/var/lib/docker/overlay2/74e634bddc785c5d436b10a5158cd82e21dc2065fd1cf8ff9c1c12e01575a2d8/diff:/var/lib/docker/overlay2/bb918b2851cd2f508f1e3fdbfff8b7f8b041d61e65fe8c368288bf399e80b818/diff:/var/lib/docker/overlay2/2abab2946cbdc2941ee8ec4024c51dac7313dee9de5fbedd1ca33388c59eb3c8/diff:/var/lib/docker/overlay2/e12f6083ee669bd92743ceb339a896bb25dbe461b718705bb39eb410b80c0ecd/diff:/var/lib/docker/overlay2/ced1e86d670d097da5ed4da7288c22507735918959161c2cd8bf083fb30d169a/diff:/var/lib/docker/overlay2/94e9ac7b74923285ae73af20aeccb964ca9079e2305db367cb85d1603560472d/diff:/var/lib/docker/overlay2/a396b6dfd63f0c228c519871183c614cccf4d366a43460f27ecf97113c3c4be8/diff:/var/lib/docker/overlay2/f58ada5d5080c2bac553c734f81127660a90581a35ed2a92cebe3c59e340875b/diff:/var/lib/docker/overlay2/84f85636f37bf55d945e217b4f87a856eba7932284beaf042561007b66f48977/diff:/var/lib/docker/overlay2/1e6e519613884e91a2b74a588ba35dc8a2f789371ab798ef6e7d9836d756042f/diff:/var/lib/docker/overlay2/14a3151cc8b4f9d27d2e64f1a8abc0c7809309580f2d7e8dc8545055c1d56194/diff:/var/lib/"
2024-07-24 14:30:19.227 [Test worker] DEBUG c.g.d.z.s.o.a.hc.client5.http.wire - http-outgoing-10 << "docker/overlay2/5b354b9e793401517fe2f1da697653fdaadffc54888eaf76d67e0600b8c68bdc/diff","MergedDir":"/var/lib/docker/overlay2/520c1e4cd6018f260352ab4b9b78f3195442b8258577bc1351b4f6e49fe5b557/merged","UpperDir":"/var/lib/docker/overlay2/520c1e4cd6018f260352ab4b9b78f3195442b8258577bc1351b4f6e49fe5b557/diff","WorkDir":"/var/lib/docker/overlay2/520c1e4cd6018f260352ab4b9b78f3195442b8258577bc1351b4f6e49fe5b557/work"},"Name":"overlay2"},"Mounts":[{"Type":"volume","Name":"094fdd260d6c78a5631aa7fb5d3e773db249e7ece5092519ece07bf4742d1a9e","Source":"/var/lib/docker/volumes/094fdd260d6c78a5631aa7fb5d3e773db249e7ece5092519ece07bf4742d1a9e/_data","Destination":"/var/lib/postgresql/data","Driver":"local","Mode":"","RW":true,"Propagation":""}],"Config":{"Hostname":"63a1e7bd5220","Domainname":"","User":"","AttachStdin":false,"AttachStdout":false,"AttachStderr":false,"ExposedPorts":{"5432/tcp":{}},"Tty":false,"OpenStdin":false,"StdinOnce":false,"Env":["POSTGRES_USER=user","POSTGRES_PASSWORD=password","POSTGRES_DB=db","PATH=/usr/local/sbin:/usr/local/bin:/usr/sbin:/usr/bin:/sbin:/bin:/usr/lib/postgresql/16/bin","GOSU_VERSION=1.17","LANG=en_US.utf8","PG_MAJOR=16","PG_VERSION=16.2-1.pgdg120+2","PGDATA=/var/lib/postgresql/data"],"Cmd":["postgres","-c","fsync=off"],"Image":"postgres:latest","Volumes":{"/var/lib/postgresql/data":{}},"WorkingDir":"","Entrypoint":["docker-entrypoint.sh"],"OnBuild":null,"Labels":{"org.testcontainers":"true","org.testcontainers.lang":"java","org.testcontainers.sessionId":"280e6229-7396-4d60-b1e3-a5de48b5d49b","org.testcontainers.version":"1.19.8"},"StopSignal":"SIGINT"},"NetworkSettings":{"Bridge":"","SandboxID":"9440d0bfca68788ef75468173db9dcbdef6912218bfe721ab65b133d94b97be1","SandboxKey":"/var/run/docker/netns/9440d0bfca68","Ports":{"5432/tcp":[{"HostIp":"0.0.0.0","HostPort":"51532"}]},"HairpinMode":false,"LinkLocalIPv6Address":"","LinkLocalIPv6PrefixLen":0,"SecondaryIPAddresses":null,"SecondaryIPv6Addresses":null,"EndpointID":"9e661dcf351884b3088e01663f63f8591277ee2a398114d4b557a46d6353078c","Gateway":"172.17.0.1","GlobalIPv6Address":"","GlobalIPv6PrefixLen":0,"IPAddress":"172.17.0.3","IPPrefixLen":16,"IPv6Gateway":"","MacAddress":"02:42:ac:11:00:03","Networks":{"bridge":{"IPAMConfig":null,"Links":null,"Aliases":null,"MacAddress":"02:42:ac:11:00:03","NetworkID":"3c842496be344cbdae878c1dee0957e7bc7c0a2236009c92752030f2b053e72f","EndpointID":"9e661dcf351884b3088e01663f63f8591277ee2a398114d4b557a46d6353078c","Gateway":"172.17.0.1","IPAddress":"172.17.0.3","IPPrefixLen":16,"IPv6Gateway":"","GlobalIPv6Address":"","GlobalIPv6PrefixLen":0,"DriverOpts":null,"DNSNames":null}}}}[\n]"
2024-07-24 14:30:19.228 [Test worker] DEBUG c.g.d.z.s.o.a.hc.client5.http.wire - http-outgoing-10 << "[\r][\n]"
2024-07-24 14:30:19.228 [Test worker] DEBUG c.g.d.z.s.o.a.hc.client5.http.wire - http-outgoing-10 << "0[\r][\n]"
2024-07-24 14:30:19.228 [Test worker] DEBUG c.g.d.z.s.o.a.hc.client5.http.wire - http-outgoing-10 << "[\r][\n]"
2024-07-24 14:30:19.228 [Test worker] DEBUG c.g.d.z.s.o.a.h.c.h.i.c.InternalHttpClient - ep-00000067: releasing valid endpoint
2024-07-24 14:30:19.228 [Test worker] DEBUG c.g.d.z.s.o.a.h.c.h.i.i.PoolingHttpClientConnectionManager - ep-00000067: releasing endpoint
2024-07-24 14:30:19.228 [Test worker] DEBUG c.g.d.z.s.o.a.h.c.h.i.i.PoolingHttpClientConnectionManager - ep-00000067: connection http-outgoing-10 can be kept alive for 3 MINUTES
2024-07-24 14:30:19.228 [Test worker] DEBUG c.g.d.z.s.o.a.h.c.h.i.i.PoolingHttpClientConnectionManager - ep-00000067: connection released [route: {}->npipe://localhost:2375][total available: 1; route allocated: 1 of 2147483647; total allocated: 1 of 2147483647]
2024-07-24 14:30:19.228 [Test worker] DEBUG tc.postgres:latest - Trying to create JDBC connection using org.postgresql.Driver to jdbc:postgresql://localhost:51532/db?loggerLevel=OFF with properties: {password=password, user=user}
2024-07-24 14:30:19.241 [Test worker] DEBUG o.t.jdbc.JdbcDatabaseDelegate - false returned as updateCount for SQL: drop table if exists WorkedOn
2024-07-24 14:30:19.242 [Test worker] DEBUG o.t.jdbc.JdbcDatabaseDelegate - false returned as updateCount for SQL: drop table if exists SequenceLine
2024-07-24 14:30:19.243 [Test worker] DEBUG o.t.jdbc.JdbcDatabaseDelegate - false returned as updateCount for SQL: drop table if exists WorkOrder
2024-07-24 14:30:19.243 [Test worker] DEBUG o.t.jdbc.JdbcDatabaseDelegate - false returned as updateCount for SQL: drop table if exists SequenceHeader
2024-07-24 14:30:19.244 [Test worker] DEBUG o.t.jdbc.JdbcDatabaseDelegate - false returned as updateCount for SQL: drop table if exists SaleOrderLine
2024-07-24 14:30:19.245 [Test worker] DEBUG o.t.jdbc.JdbcDatabaseDelegate - false returned as updateCount for SQL: drop table if exists SaleOrderHeader
2024-07-24 14:30:19.245 [Test worker] DEBUG o.t.jdbc.JdbcDatabaseDelegate - false returned as updateCount for SQL: drop table if exists Staff
2024-07-24 14:30:19.246 [Test worker] DEBUG o.t.jdbc.JdbcDatabaseDelegate - false returned as updateCount for SQL: drop table if exists WorkStation
2024-07-24 14:30:19.247 [Test worker] DEBUG o.t.jdbc.JdbcDatabaseDelegate - false returned as updateCount for SQL: drop table if exists Part
2024-07-24 14:30:19.248 [Test worker] DEBUG o.t.jdbc.JdbcDatabaseDelegate - false returned as updateCount for SQL: drop table if exists Customer
2024-07-24 14:30:19.250 [Test worker] DEBUG o.t.jdbc.JdbcDatabaseDelegate - false returned as updateCount for SQL: create table Customer ( customerId VarChar(8) PRIMARY Key, name VarChar(100) not null, address VarChar(500) not null )
2024-07-24 14:30:19.252 [Test worker] DEBUG o.t.jdbc.JdbcDatabaseDelegate - false returned as updateCount for SQL: create table Part ( partId VarChar(6) PRIMARY KEY, inventory Int not null, name VarChar(100) not null )
2024-07-24 14:30:19.253 [Test worker] DEBUG o.t.jdbc.JdbcDatabaseDelegate - false returned as updateCount for SQL: create table WorkStation ( name VarChar(50) PRIMARY KEY )
2024-07-24 14:30:19.254 [Test worker] DEBUG o.t.jdbc.JdbcDatabaseDelegate - false returned as updateCount for SQL: create table Staff ( staffID VarChar(6) PRIMARY KEY, name VarChar(100) not null )
2024-07-24 14:30:19.256 [Test worker] DEBUG o.t.jdbc.JdbcDatabaseDelegate - false returned as updateCount for SQL: create table SaleOrderHeader ( soHeaderId VarChar(6) PRIMARY key , customerId VarChar(8) not null references Customer (customerId) )
2024-07-24 14:30:19.257 [Test worker] DEBUG o.t.jdbc.JdbcDatabaseDelegate - false returned as updateCount for SQL: create table SaleOrderLine ( soLineId VarChar(6), soHeaderId VarChar(6) references SaleOrderHeader (soHeaderID), dateDue Date not null, partID VarChar(6) not null references Part(partId), PRIMARY KEY (soLineId,soHeaderId) )
2024-07-24 14:30:19.258 [Test worker] DEBUG o.t.jdbc.JdbcDatabaseDelegate - false returned as updateCount for SQL: create table SequenceHeader ( seqHeaderId VarChar(6) PRIMARY KEY, partId VarChar(6) not null references Part(partId) )
2024-07-24 14:30:19.259 [Test worker] DEBUG o.t.jdbc.JdbcDatabaseDelegate - false returned as updateCount for SQL: create table WorkOrder ( workOrderId VarChar(8) PRIMARY KEY, seqHeaderId VarChar(6) not null REFERENCES SequenceHeader (seqHeaderId), soLineId VarChar(6) not null, soHeaderId VarChar(6) not null, quanity Int not null, FOREIGN KEY (soLineId,soHeaderId) REFERENCES SaleOrderLine (soLineId,soHeaderId) )
2024-07-24 14:30:19.261 [Test worker] DEBUG o.t.jdbc.JdbcDatabaseDelegate - false returned as updateCount for SQL: create table SequenceLine ( seqLineId VarChar(10), seqHeaderId VarChar(6) references SequenceHeader (seqHeaderId), workStation VarChar(50) not null references WorkStation(name), PRIMARY KEY(seqLineId,seqHeaderId) )
2024-07-24 14:30:19.263 [Test worker] DEBUG o.t.jdbc.JdbcDatabaseDelegate - false returned as updateCount for SQL: create table WorkedOn ( staffId VarChar(8) references Staff (staffId), seqHeaderId VarChar(6), seqLineId VarChar(10), workOrderId VarChar(50) references WorkOrder(workOrderId), PRIMARY key (staffId,seqHeaderId,seqLineId,workOrderId), FOREIGN KEY (seqHeaderId,seqLineId) REFERENCES SequenceLine (seqHeaderId,seqLineId) )
2024-07-24 14:30:19.263 [Test worker] INFO  org.testcontainers.ext.ScriptUtils - Executed database script from sql/init.sql in 44 ms.
2024-07-24 14:30:19.280 [Test worker] DEBUG o.t.s.c.g.d.c.command.AbstrDockerCmd - Cmd: 63a1e7bd52208ba2b0004d8992520255d7ee4493135bdc038e27b2d089793733,false
2024-07-24 14:30:19.280 [Test worker] DEBUG o.t.s.c.g.d.c.e.InspectContainerCmdExec - GET: DefaultWebTarget{path=[/containers/63a1e7bd52208ba2b0004d8992520255d7ee4493135bdc038e27b2d089793733/json], queryParams={}}
2024-07-24 14:30:19.280 [Test worker] DEBUG c.g.d.z.s.o.a.h.c.h.i.c.InternalHttpClient - ex-00000069: preparing request execution
2024-07-24 14:30:19.280 [Test worker] DEBUG c.g.d.z.s.o.a.h.c.h.p.RequestAddCookies - Cookie spec selected: strict
2024-07-24 14:30:19.280 [Test worker] DEBUG c.g.d.z.s.o.a.h.c.h.p.RequestAuthCache - Auth cache not set in the context
2024-07-24 14:30:19.280 [Test worker] DEBUG c.g.d.z.s.o.a.h.c.h.i.c.ProtocolExec - ex-00000069: target auth state: UNCHALLENGED
2024-07-24 14:30:19.280 [Test worker] DEBUG c.g.d.z.s.o.a.h.c.h.i.c.ProtocolExec - ex-00000069: proxy auth state: UNCHALLENGED
2024-07-24 14:30:19.280 [Test worker] DEBUG c.g.d.z.s.o.a.h.c.h.i.c.ConnectExec - ex-00000069: acquiring connection with route {}->npipe://localhost:2375
2024-07-24 14:30:19.280 [Test worker] DEBUG c.g.d.z.s.o.a.h.c.h.i.c.InternalHttpClient - ex-00000069: acquiring endpoint (3 MINUTES)
2024-07-24 14:30:19.280 [Test worker] DEBUG c.g.d.z.s.o.a.h.c.h.i.i.PoolingHttpClientConnectionManager - ex-00000069: endpoint lease request (3 MINUTES) [route: {}->npipe://localhost:2375][total available: 1; route allocated: 1 of 2147483647; total allocated: 1 of 2147483647]
2024-07-24 14:30:19.280 [Test worker] DEBUG c.g.d.z.s.o.a.h.c.h.i.i.PoolingHttpClientConnectionManager - ex-00000069: endpoint leased [route: {}->npipe://localhost:2375][total available: 0; route allocated: 1 of 2147483647; total allocated: 1 of 2147483647]
2024-07-24 14:30:19.280 [Test worker] DEBUG c.g.d.z.s.o.a.h.c.h.i.i.PoolingHttpClientConnectionManager - ex-00000069: acquired ep-00000068
2024-07-24 14:30:19.280 [Test worker] DEBUG c.g.d.z.s.o.a.h.c.h.i.c.InternalHttpClient - ex-00000069: acquired endpoint ep-00000068
2024-07-24 14:30:19.280 [Test worker] DEBUG c.g.d.z.s.o.a.h.c.h.i.c.MainClientExec - ex-00000069: executing GET /v1.32/containers/63a1e7bd52208ba2b0004d8992520255d7ee4493135bdc038e27b2d089793733/json HTTP/1.1
2024-07-24 14:30:19.280 [Test worker] DEBUG c.g.d.z.s.o.a.h.c.h.i.c.InternalHttpClient - ep-00000068: start execution ex-00000069
2024-07-24 14:30:19.280 [Test worker] DEBUG c.g.d.z.s.o.a.h.c.h.i.i.PoolingHttpClientConnectionManager - ep-00000068: executing exchange ex-00000069 over http-outgoing-10
2024-07-24 14:30:19.280 [Test worker] DEBUG c.g.d.z.s.o.a.h.client5.http.headers - http-outgoing-10 >> GET /v1.32/containers/63a1e7bd52208ba2b0004d8992520255d7ee4493135bdc038e27b2d089793733/json HTTP/1.1
2024-07-24 14:30:19.280 [Test worker] DEBUG c.g.d.z.s.o.a.h.client5.http.headers - http-outgoing-10 >> accept: application/json
2024-07-24 14:30:19.280 [Test worker] DEBUG c.g.d.z.s.o.a.h.client5.http.headers - http-outgoing-10 >> x-tc-sid: 280e6229-7396-4d60-b1e3-a5de48b5d49b
2024-07-24 14:30:19.280 [Test worker] DEBUG c.g.d.z.s.o.a.h.client5.http.headers - http-outgoing-10 >> User-Agent: tc-java/1.19.8
2024-07-24 14:30:19.280 [Test worker] DEBUG c.g.d.z.s.o.a.h.client5.http.headers - http-outgoing-10 >> Accept-Encoding: gzip, x-gzip, deflate
2024-07-24 14:30:19.280 [Test worker] DEBUG c.g.d.z.s.o.a.h.client5.http.headers - http-outgoing-10 >> Host: localhost:2375
2024-07-24 14:30:19.280 [Test worker] DEBUG c.g.d.z.s.o.a.h.client5.http.headers - http-outgoing-10 >> Connection: keep-alive
2024-07-24 14:30:19.280 [Test worker] DEBUG c.g.d.z.s.o.a.hc.client5.http.wire - http-outgoing-10 >> "GET /v1.32/containers/63a1e7bd52208ba2b0004d8992520255d7ee4493135bdc038e27b2d089793733/json HTTP/1.1[\r][\n]"
2024-07-24 14:30:19.280 [Test worker] DEBUG c.g.d.z.s.o.a.hc.client5.http.wire - http-outgoing-10 >> "accept: application/json[\r][\n]"
2024-07-24 14:30:19.280 [Test worker] DEBUG c.g.d.z.s.o.a.hc.client5.http.wire - http-outgoing-10 >> "x-tc-sid: 280e6229-7396-4d60-b1e3-a5de48b5d49b[\r][\n]"
2024-07-24 14:30:19.280 [Test worker] DEBUG c.g.d.z.s.o.a.hc.client5.http.wire - http-outgoing-10 >> "User-Agent: tc-java/1.19.8[\r][\n]"
2024-07-24 14:30:19.280 [Test worker] DEBUG c.g.d.z.s.o.a.hc.client5.http.wire - http-outgoing-10 >> "Accept-Encoding: gzip, x-gzip, deflate[\r][\n]"
2024-07-24 14:30:19.280 [Test worker] DEBUG c.g.d.z.s.o.a.hc.client5.http.wire - http-outgoing-10 >> "Host: localhost:2375[\r][\n]"
2024-07-24 14:30:19.280 [Test worker] DEBUG c.g.d.z.s.o.a.hc.client5.http.wire - http-outgoing-10 >> "Connection: keep-alive[\r][\n]"
2024-07-24 14:30:19.280 [Test worker] DEBUG c.g.d.z.s.o.a.hc.client5.http.wire - http-outgoing-10 >> "[\r][\n]"
2024-07-24 14:30:19.284 [Test worker] DEBUG c.g.d.z.s.o.a.hc.client5.http.wire - http-outgoing-10 << "HTTP/1.1 200 OK[\r][\n]"
2024-07-24 14:30:19.284 [Test worker] DEBUG c.g.d.z.s.o.a.hc.client5.http.wire - http-outgoing-10 << "Api-Version: 1.45[\r][\n]"
2024-07-24 14:30:19.284 [Test worker] DEBUG c.g.d.z.s.o.a.hc.client5.http.wire - http-outgoing-10 << "Content-Type: application/json[\r][\n]"
2024-07-24 14:30:19.284 [Test worker] DEBUG c.g.d.z.s.o.a.hc.client5.http.wire - http-outgoing-10 << "Date: Wed, 24 Jul 2024 02:30:19 GMT[\r][\n]"
2024-07-24 14:30:19.284 [Test worker] DEBUG c.g.d.z.s.o.a.hc.client5.http.wire - http-outgoing-10 << "Docker-Experimental: false[\r][\n]"
2024-07-24 14:30:19.284 [Test worker] DEBUG c.g.d.z.s.o.a.hc.client5.http.wire - http-outgoing-10 << "Ostype: linux[\r][\n]"
2024-07-24 14:30:19.284 [Test worker] DEBUG c.g.d.z.s.o.a.hc.client5.http.wire - http-outgoing-10 << "Server: Docker/26.0.0 (linux)[\r][\n]"
2024-07-24 14:30:19.284 [Test worker] DEBUG c.g.d.z.s.o.a.hc.client5.http.wire - http-outgoing-10 << "Transfer-Encoding: chunked[\r][\n]"
2024-07-24 14:30:19.284 [Test worker] DEBUG c.g.d.z.s.o.a.hc.client5.http.wire - http-outgoing-10 << "[\r][\n]"
2024-07-24 14:30:19.284 [Test worker] DEBUG c.g.d.z.s.o.a.h.client5.http.headers - http-outgoing-10 << HTTP/1.1 200 OK
2024-07-24 14:30:19.284 [Test worker] DEBUG c.g.d.z.s.o.a.h.client5.http.headers - http-outgoing-10 << Api-Version: 1.45
2024-07-24 14:30:19.284 [Test worker] DEBUG c.g.d.z.s.o.a.h.client5.http.headers - http-outgoing-10 << Content-Type: application/json
2024-07-24 14:30:19.284 [Test worker] DEBUG c.g.d.z.s.o.a.h.client5.http.headers - http-outgoing-10 << Date: Wed, 24 Jul 2024 02:30:19 GMT
2024-07-24 14:30:19.284 [Test worker] DEBUG c.g.d.z.s.o.a.h.client5.http.headers - http-outgoing-10 << Docker-Experimental: false
2024-07-24 14:30:19.284 [Test worker] DEBUG c.g.d.z.s.o.a.h.client5.http.headers - http-outgoing-10 << Ostype: linux
2024-07-24 14:30:19.284 [Test worker] DEBUG c.g.d.z.s.o.a.h.client5.http.headers - http-outgoing-10 << Server: Docker/26.0.0 (linux)
2024-07-24 14:30:19.284 [Test worker] DEBUG c.g.d.z.s.o.a.h.client5.http.headers - http-outgoing-10 << Transfer-Encoding: chunked
2024-07-24 14:30:19.284 [Test worker] DEBUG c.g.d.z.s.o.a.h.c.h.i.c.MainClientExec - ex-00000069: connection can be kept alive for 3 MINUTES
2024-07-24 14:30:19.285 [Test worker] DEBUG c.g.d.z.s.o.a.hc.client5.http.wire - http-outgoing-10 << "1a3b[\r][\n]"
2024-07-24 14:30:19.285 [Test worker] DEBUG c.g.d.z.s.o.a.hc.client5.http.wire - http-outgoing-10 << "{"Id":"63a1e7bd52208ba2b0004d8992520255d7ee4493135bdc038e27b2d089793733","Created":"2024-07-24T02:30:17.363229499Z","Path":"docker-entrypoint.sh","Args":["postgres","-c","fsync=off"],"State":{"Status":"running","Running":true,"Paused":false,"Restarting":false,"OOMKilled":false,"Dead":false,"Pid":28994,"ExitCode":0,"Error":"","StartedAt":"2024-07-24T02:30:17.851417464Z","FinishedAt":"0001-01-01T00:00:00Z"},"Image":"sha256:8e4fc9e184899a58735e7ee333f5e272d7d2298cf59302006b71f33e217be130","ResolvConfPath":"/var/lib/docker/containers/63a1e7bd52208ba2b0004d8992520255d7ee4493135bdc038e27b2d089793733/resolv.conf","HostnamePath":"/var/lib/docker/containers/63a1e7bd52208ba2b0004d8992520255d7ee4493135bdc038e27b2d089793733/hostname","HostsPath":"/var/lib/docker/containers/63a1e7bd52208ba2b0004d8992520255d7ee4493135bdc038e27b2d089793733/hosts","LogPath":"/var/lib/docker/containers/63a1e7bd52208ba2b0004d8992520255d7ee4493135bdc038e27b2d089793733/63a1e7bd52208ba2b0004d8992520255d7ee4493135bdc038e27b2d089793733-json.log","Name":"/recursing_brattain","RestartCount":0,"Driver":"overlay2","Platform":"linux","MountLabel":"","ProcessLabel":"","AppArmorProfile":"","ExecIDs":null,"HostConfig":{"Binds":[],"ContainerIDFile":"","LogConfig":{"Type":"json-file","Config":{}},"NetworkMode":"default","PortBindings":{"5432/tcp":[{"HostIp":"0.0.0.0","HostPort":"0"}]},"RestartPolicy":{"Name":"no","MaximumRetryCount":0},"AutoRemove":false,"VolumeDriver":"","VolumesFrom":[],"ConsoleSize":[0,0],"CapAdd":null,"CapDrop":null,"CgroupnsMode":"host","Dns":null,"DnsOptions":null,"DnsSearch":null,"ExtraHosts":[],"GroupAdd":null,"IpcMode":"shareable","Cgroup":"","Links":null,"OomScoreAdj":0,"PidMode":"","Privileged":false,"PublishAllPorts":false,"ReadonlyRootfs":false,"SecurityOpt":null,"UTSMode":"","UsernsMode":"","ShmSize":67108864,"Runtime":"runc","Isolation":"","CpuShares":0,"Memory":0,"NanoCpus":0,"CgroupParent":"","BlkioWeight":0,"BlkioWeightDevice":null,"BlkioDeviceReadBps":null,"BlkioDeviceWriteBps":null,"BlkioDeviceReadIOps":null,"BlkioDeviceWriteIOps":null,"CpuPeriod":0,"CpuQuota":0,"CpuRealtimePeriod":0,"CpuRealtimeRuntime":0,"CpusetCpus":"","CpusetMems":"","Devices":null,"DeviceCgroupRules":null,"DeviceRequests":null,"MemoryReservation":0,"MemorySwap":0,"MemorySwappiness":null,"OomKillDisable":false,"PidsLimit":null,"Ulimits":null,"CpuCount":0,"CpuPercent":0,"IOMaximumIOps":0,"IOMaximumBandwidth":0,"MaskedPaths":["/proc/asound","/proc/acpi","/proc/kcore","/proc/keys","/proc/latency_stats","/proc/timer_list","/proc/timer_stats","/proc/sched_debug","/proc/scsi","/sys/firmware","/sys/devices/virtual/powercap"],"ReadonlyPaths":["/proc/bus","/proc/fs","/proc/irq","/proc/sys","/proc/sysrq-trigger"]},"GraphDriver":{"Data":{"LowerDir":"/var/lib/docker/overlay2/520c1e4cd6018f260352ab4b9b78f3195442b8258577bc1351b4f6e49fe5b557-init/diff:/var/lib/docker/overlay2/8f0ddbd386af0785c2e348570516955816ab350305d698d363962d488eeb15ec/diff:/var/lib/docker/overlay2/0eb0ca73e9b0be7c3d7fa8762ef4778a68f38391bc84c037c2e90b88e781b475/diff:/var/lib/docker/overlay2/74e634bddc785c5d436b10a5158cd82e21dc2065fd1cf8ff9c1c12e01575a2d8/diff:/var/lib/docker/overlay2/bb918b2851cd2f508f1e3fdbfff8b7f8b041d61e65fe8c368288bf399e80b818/diff:/var/lib/docker/overlay2/2abab2946cbdc2941ee8ec4024c51dac7313dee9de5fbedd1ca33388c59eb3c8/diff:/var/lib/docker/overlay2/e12f6083ee669bd92743ceb339a896bb25dbe461b718705bb39eb410b80c0ecd/diff:/var/lib/docker/overlay2/ced1e86d670d097da5ed4da7288c22507735918959161c2cd8bf083fb30d169a/diff:/var/lib/docker/overlay2/94e9ac7b74923285ae73af20aeccb964ca9079e2305db367cb85d1603560472d/diff:/var/lib/docker/overlay2/a396b6dfd63f0c228c519871183c614cccf4d366a43460f27ecf97113c3c4be8/diff:/var/lib/docker/overlay2/f58ada5d5080c2bac553c734f81127660a90581a35ed2a92cebe3c59e340875b/diff:/var/lib/docker/overlay2/84f85636f37bf55d945e217b4f87a856eba7932284beaf042561007b66f48977/diff:/var/lib/docker/overlay2/1e6e519613884e91a2b74a588ba35dc8a2f789371ab798ef6e7d9836d756042f/diff:/var/lib/docker/overlay2/14a3151cc8b4f9d27d2e64f1a8abc0c7809309580f2d7e8dc8545055c1d56194/diff:/var/lib/"
2024-07-24 14:30:19.285 [Test worker] DEBUG c.g.d.z.s.o.a.hc.client5.http.wire - http-outgoing-10 << "docker/overlay2/5b354b9e793401517fe2f1da697653fdaadffc54888eaf76d67e0600b8c68bdc/diff","MergedDir":"/var/lib/docker/overlay2/520c1e4cd6018f260352ab4b9b78f3195442b8258577bc1351b4f6e49fe5b557/merged","UpperDir":"/var/lib/docker/overlay2/520c1e4cd6018f260352ab4b9b78f3195442b8258577bc1351b4f6e49fe5b557/diff","WorkDir":"/var/lib/docker/overlay2/520c1e4cd6018f260352ab4b9b78f3195442b8258577bc1351b4f6e49fe5b557/work"},"Name":"overlay2"},"Mounts":[{"Type":"volume","Name":"094fdd260d6c78a5631aa7fb5d3e773db249e7ece5092519ece07bf4742d1a9e","Source":"/var/lib/docker/volumes/094fdd260d6c78a5631aa7fb5d3e773db249e7ece5092519ece07bf4742d1a9e/_data","Destination":"/var/lib/postgresql/data","Driver":"local","Mode":"","RW":true,"Propagation":""}],"Config":{"Hostname":"63a1e7bd5220","Domainname":"","User":"","AttachStdin":false,"AttachStdout":false,"AttachStderr":false,"ExposedPorts":{"5432/tcp":{}},"Tty":false,"OpenStdin":false,"StdinOnce":false,"Env":["POSTGRES_USER=user","POSTGRES_PASSWORD=password","POSTGRES_DB=db","PATH=/usr/local/sbin:/usr/local/bin:/usr/sbin:/usr/bin:/sbin:/bin:/usr/lib/postgresql/16/bin","GOSU_VERSION=1.17","LANG=en_US.utf8","PG_MAJOR=16","PG_VERSION=16.2-1.pgdg120+2","PGDATA=/var/lib/postgresql/data"],"Cmd":["postgres","-c","fsync=off"],"Image":"postgres:latest","Volumes":{"/var/lib/postgresql/data":{}},"WorkingDir":"","Entrypoint":["docker-entrypoint.sh"],"OnBuild":null,"Labels":{"org.testcontainers":"true","org.testcontainers.lang":"java","org.testcontainers.sessionId":"280e6229-7396-4d60-b1e3-a5de48b5d49b","org.testcontainers.version":"1.19.8"},"StopSignal":"SIGINT"},"NetworkSettings":{"Bridge":"","SandboxID":"9440d0bfca68788ef75468173db9dcbdef6912218bfe721ab65b133d94b97be1","SandboxKey":"/var/run/docker/netns/9440d0bfca68","Ports":{"5432/tcp":[{"HostIp":"0.0.0.0","HostPort":"51532"}]},"HairpinMode":false,"LinkLocalIPv6Address":"","LinkLocalIPv6PrefixLen":0,"SecondaryIPAddresses":null,"SecondaryIPv6Addresses":null,"EndpointID":"9e661dcf351884b3088e01663f63f8591277ee2a398114d4b557a46d6353078c","Gateway":"172.17.0.1","GlobalIPv6Address":"","GlobalIPv6PrefixLen":0,"IPAddress":"172.17.0.3","IPPrefixLen":16,"IPv6Gateway":"","MacAddress":"02:42:ac:11:00:03","Networks":{"bridge":{"IPAMConfig":null,"Links":null,"Aliases":null,"MacAddress":"02:42:ac:11:00:03","NetworkID":"3c842496be344cbdae878c1dee0957e7bc7c0a2236009c92752030f2b053e72f","EndpointID":"9e661dcf351884b3088e01663f63f8591277ee2a398114d4b557a46d6353078c","Gateway":"172.17.0.1","IPAddress":"172.17.0.3","IPPrefixLen":16,"IPv6Gateway":"","GlobalIPv6Address":"","GlobalIPv6PrefixLen":0,"DriverOpts":null,"DNSNames":null}}}}[\n]"
2024-07-24 14:30:19.286 [Test worker] DEBUG c.g.d.z.s.o.a.hc.client5.http.wire - http-outgoing-10 << "[\r][\n]"
2024-07-24 14:30:19.286 [Test worker] DEBUG c.g.d.z.s.o.a.hc.client5.http.wire - http-outgoing-10 << "0[\r][\n]"
2024-07-24 14:30:19.286 [Test worker] DEBUG c.g.d.z.s.o.a.hc.client5.http.wire - http-outgoing-10 << "[\r][\n]"
2024-07-24 14:30:19.286 [Test worker] DEBUG c.g.d.z.s.o.a.h.c.h.i.c.InternalHttpClient - ep-00000068: releasing valid endpoint
2024-07-24 14:30:19.286 [Test worker] DEBUG c.g.d.z.s.o.a.h.c.h.i.i.PoolingHttpClientConnectionManager - ep-00000068: releasing endpoint
2024-07-24 14:30:19.286 [Test worker] DEBUG c.g.d.z.s.o.a.h.c.h.i.i.PoolingHttpClientConnectionManager - ep-00000068: connection http-outgoing-10 can be kept alive for 3 MINUTES
2024-07-24 14:30:19.286 [Test worker] DEBUG c.g.d.z.s.o.a.h.c.h.i.i.PoolingHttpClientConnectionManager - ep-00000068: connection released [route: {}->npipe://localhost:2375][total available: 1; route allocated: 1 of 2147483647; total allocated: 1 of 2147483647]
2024-07-24 14:30:19.286 [Test worker] TRACE o.t.utility.ResourceReaper - Stopping container: 63a1e7bd52208ba2b0004d8992520255d7ee4493135bdc038e27b2d089793733
2024-07-24 14:30:19.286 [Test worker] DEBUG o.t.s.c.g.d.c.command.AbstrDockerCmd - Cmd: 63a1e7bd52208ba2b0004d8992520255d7ee4493135bdc038e27b2d089793733,<null>
2024-07-24 14:30:19.286 [Test worker] TRACE o.t.s.c.g.d.c.e.KillContainerCmdExec - POST: DefaultWebTarget{path=[/containers/63a1e7bd52208ba2b0004d8992520255d7ee4493135bdc038e27b2d089793733/kill], queryParams={}}
2024-07-24 14:30:19.286 [Test worker] DEBUG c.g.d.z.s.o.a.h.c.h.i.c.InternalHttpClient - ex-0000006A: preparing request execution
2024-07-24 14:30:19.287 [Test worker] DEBUG c.g.d.z.s.o.a.h.c.h.p.RequestAddCookies - Cookie spec selected: strict
2024-07-24 14:30:19.287 [Test worker] DEBUG c.g.d.z.s.o.a.h.c.h.p.RequestAuthCache - Auth cache not set in the context
2024-07-24 14:30:19.287 [Test worker] DEBUG c.g.d.z.s.o.a.h.c.h.i.c.ProtocolExec - ex-0000006A: target auth state: UNCHALLENGED
2024-07-24 14:30:19.287 [Test worker] DEBUG c.g.d.z.s.o.a.h.c.h.i.c.ProtocolExec - ex-0000006A: proxy auth state: UNCHALLENGED
2024-07-24 14:30:19.287 [Test worker] DEBUG c.g.d.z.s.o.a.h.c.h.i.c.ConnectExec - ex-0000006A: acquiring connection with route {}->npipe://localhost:2375
2024-07-24 14:30:19.287 [Test worker] DEBUG c.g.d.z.s.o.a.h.c.h.i.c.InternalHttpClient - ex-0000006A: acquiring endpoint (3 MINUTES)
2024-07-24 14:30:19.287 [Test worker] DEBUG c.g.d.z.s.o.a.h.c.h.i.i.PoolingHttpClientConnectionManager - ex-0000006A: endpoint lease request (3 MINUTES) [route: {}->npipe://localhost:2375][total available: 1; route allocated: 1 of 2147483647; total allocated: 1 of 2147483647]
2024-07-24 14:30:19.287 [Test worker] DEBUG c.g.d.z.s.o.a.h.c.h.i.i.PoolingHttpClientConnectionManager - ex-0000006A: endpoint leased [route: {}->npipe://localhost:2375][total available: 0; route allocated: 1 of 2147483647; total allocated: 1 of 2147483647]
2024-07-24 14:30:19.287 [Test worker] DEBUG c.g.d.z.s.o.a.h.c.h.i.i.PoolingHttpClientConnectionManager - ex-0000006A: acquired ep-00000069
2024-07-24 14:30:19.287 [Test worker] DEBUG c.g.d.z.s.o.a.h.c.h.i.c.InternalHttpClient - ex-0000006A: acquired endpoint ep-00000069
2024-07-24 14:30:19.287 [Test worker] DEBUG c.g.d.z.s.o.a.h.c.h.i.c.MainClientExec - ex-0000006A: executing POST /v1.32/containers/63a1e7bd52208ba2b0004d8992520255d7ee4493135bdc038e27b2d089793733/kill HTTP/1.1
2024-07-24 14:30:19.287 [Test worker] DEBUG c.g.d.z.s.o.a.h.c.h.i.c.InternalHttpClient - ep-00000069: start execution ex-0000006A
2024-07-24 14:30:19.287 [Test worker] DEBUG c.g.d.z.s.o.a.h.c.h.i.i.PoolingHttpClientConnectionManager - ep-00000069: executing exchange ex-0000006A over http-outgoing-10
2024-07-24 14:30:19.287 [Test worker] DEBUG c.g.d.z.s.o.a.h.client5.http.headers - http-outgoing-10 >> POST /v1.32/containers/63a1e7bd52208ba2b0004d8992520255d7ee4493135bdc038e27b2d089793733/kill HTTP/1.1
2024-07-24 14:30:19.287 [Test worker] DEBUG c.g.d.z.s.o.a.h.client5.http.headers - http-outgoing-10 >> accept: application/json
2024-07-24 14:30:19.287 [Test worker] DEBUG c.g.d.z.s.o.a.h.client5.http.headers - http-outgoing-10 >> content-type: application/json
2024-07-24 14:30:19.287 [Test worker] DEBUG c.g.d.z.s.o.a.h.client5.http.headers - http-outgoing-10 >> x-tc-sid: 280e6229-7396-4d60-b1e3-a5de48b5d49b
2024-07-24 14:30:19.287 [Test worker] DEBUG c.g.d.z.s.o.a.h.client5.http.headers - http-outgoing-10 >> User-Agent: tc-java/1.19.8
2024-07-24 14:30:19.287 [Test worker] DEBUG c.g.d.z.s.o.a.h.client5.http.headers - http-outgoing-10 >> Accept-Encoding: gzip, x-gzip, deflate
2024-07-24 14:30:19.287 [Test worker] DEBUG c.g.d.z.s.o.a.h.client5.http.headers - http-outgoing-10 >> Host: localhost:2375
2024-07-24 14:30:19.287 [Test worker] DEBUG c.g.d.z.s.o.a.h.client5.http.headers - http-outgoing-10 >> Connection: keep-alive
2024-07-24 14:30:19.287 [Test worker] DEBUG c.g.d.z.s.o.a.hc.client5.http.wire - http-outgoing-10 >> "POST /v1.32/containers/63a1e7bd52208ba2b0004d8992520255d7ee4493135bdc038e27b2d089793733/kill HTTP/1.1[\r][\n]"
2024-07-24 14:30:19.287 [Test worker] DEBUG c.g.d.z.s.o.a.hc.client5.http.wire - http-outgoing-10 >> "accept: application/json[\r][\n]"
2024-07-24 14:30:19.287 [Test worker] DEBUG c.g.d.z.s.o.a.hc.client5.http.wire - http-outgoing-10 >> "content-type: application/json[\r][\n]"
2024-07-24 14:30:19.287 [Test worker] DEBUG c.g.d.z.s.o.a.hc.client5.http.wire - http-outgoing-10 >> "x-tc-sid: 280e6229-7396-4d60-b1e3-a5de48b5d49b[\r][\n]"
2024-07-24 14:30:19.287 [Test worker] DEBUG c.g.d.z.s.o.a.hc.client5.http.wire - http-outgoing-10 >> "User-Agent: tc-java/1.19.8[\r][\n]"
2024-07-24 14:30:19.287 [Test worker] DEBUG c.g.d.z.s.o.a.hc.client5.http.wire - http-outgoing-10 >> "Accept-Encoding: gzip, x-gzip, deflate[\r][\n]"
2024-07-24 14:30:19.287 [Test worker] DEBUG c.g.d.z.s.o.a.hc.client5.http.wire - http-outgoing-10 >> "Host: localhost:2375[\r][\n]"
2024-07-24 14:30:19.287 [Test worker] DEBUG c.g.d.z.s.o.a.hc.client5.http.wire - http-outgoing-10 >> "Connection: keep-alive[\r][\n]"
2024-07-24 14:30:19.287 [Test worker] DEBUG c.g.d.z.s.o.a.hc.client5.http.wire - http-outgoing-10 >> "[\r][\n]"
2024-07-24 14:30:19.806 [Test worker] DEBUG c.g.d.z.s.o.a.hc.client5.http.wire - http-outgoing-10 << "HTTP/1.1 204 No Content[\r][\n]"
2024-07-24 14:30:19.806 [Test worker] DEBUG c.g.d.z.s.o.a.hc.client5.http.wire - http-outgoing-10 << "Api-Version: 1.45[\r][\n]"
2024-07-24 14:30:19.806 [Test worker] DEBUG c.g.d.z.s.o.a.hc.client5.http.wire - http-outgoing-10 << "Date: Wed, 24 Jul 2024 02:30:19 GMT[\r][\n]"
2024-07-24 14:30:19.806 [Test worker] DEBUG c.g.d.z.s.o.a.hc.client5.http.wire - http-outgoing-10 << "Docker-Experimental: false[\r][\n]"
2024-07-24 14:30:19.806 [Test worker] DEBUG c.g.d.z.s.o.a.hc.client5.http.wire - http-outgoing-10 << "Ostype: linux[\r][\n]"
2024-07-24 14:30:19.806 [Test worker] DEBUG c.g.d.z.s.o.a.hc.client5.http.wire - http-outgoing-10 << "Server: Docker/26.0.0 (linux)[\r][\n]"
2024-07-24 14:30:19.806 [Test worker] DEBUG c.g.d.z.s.o.a.hc.client5.http.wire - http-outgoing-10 << "[\r][\n]"
2024-07-24 14:30:19.806 [Test worker] DEBUG c.g.d.z.s.o.a.h.client5.http.headers - http-outgoing-10 << HTTP/1.1 204 No Content
2024-07-24 14:30:19.806 [Test worker] DEBUG c.g.d.z.s.o.a.h.client5.http.headers - http-outgoing-10 << Api-Version: 1.45
2024-07-24 14:30:19.806 [Test worker] DEBUG c.g.d.z.s.o.a.h.client5.http.headers - http-outgoing-10 << Date: Wed, 24 Jul 2024 02:30:19 GMT
2024-07-24 14:30:19.806 [Test worker] DEBUG c.g.d.z.s.o.a.h.client5.http.headers - http-outgoing-10 << Docker-Experimental: false
2024-07-24 14:30:19.806 [Test worker] DEBUG c.g.d.z.s.o.a.h.client5.http.headers - http-outgoing-10 << Ostype: linux
2024-07-24 14:30:19.806 [Test worker] DEBUG c.g.d.z.s.o.a.h.client5.http.headers - http-outgoing-10 << Server: Docker/26.0.0 (linux)
2024-07-24 14:30:19.807 [Test worker] DEBUG c.g.d.z.s.o.a.h.c.h.i.c.MainClientExec - ex-0000006A: connection can be kept alive for 3 MINUTES
2024-07-24 14:30:19.807 [Test worker] DEBUG c.g.d.z.s.o.a.h.c.h.i.c.InternalHttpClient - ep-00000069: releasing valid endpoint
2024-07-24 14:30:19.807 [Test worker] DEBUG c.g.d.z.s.o.a.h.c.h.i.i.PoolingHttpClientConnectionManager - ep-00000069: releasing endpoint
2024-07-24 14:30:19.807 [Test worker] DEBUG c.g.d.z.s.o.a.h.c.h.i.i.PoolingHttpClientConnectionManager - ep-00000069: connection http-outgoing-10 can be kept alive for 3 MINUTES
2024-07-24 14:30:19.807 [Test worker] DEBUG c.g.d.z.s.o.a.h.c.h.i.i.PoolingHttpClientConnectionManager - ep-00000069: connection released [route: {}->npipe://localhost:2375][total available: 1; route allocated: 1 of 2147483647; total allocated: 1 of 2147483647]
2024-07-24 14:30:19.807 [Test worker] TRACE o.t.utility.ResourceReaper - Stopped container: postgres:latest
2024-07-24 14:30:19.807 [Test worker] DEBUG o.t.s.c.g.d.c.command.AbstrDockerCmd - Cmd: 63a1e7bd52208ba2b0004d8992520255d7ee4493135bdc038e27b2d089793733,false
2024-07-24 14:30:19.807 [Test worker] DEBUG o.t.s.c.g.d.c.e.InspectContainerCmdExec - GET: DefaultWebTarget{path=[/containers/63a1e7bd52208ba2b0004d8992520255d7ee4493135bdc038e27b2d089793733/json], queryParams={}}
2024-07-24 14:30:19.808 [Test worker] DEBUG c.g.d.z.s.o.a.h.c.h.i.c.InternalHttpClient - ex-0000006B: preparing request execution
2024-07-24 14:30:19.808 [Test worker] DEBUG c.g.d.z.s.o.a.h.c.h.p.RequestAddCookies - Cookie spec selected: strict
2024-07-24 14:30:19.808 [Test worker] DEBUG c.g.d.z.s.o.a.h.c.h.p.RequestAuthCache - Auth cache not set in the context
2024-07-24 14:30:19.808 [Test worker] DEBUG c.g.d.z.s.o.a.h.c.h.i.c.ProtocolExec - ex-0000006B: target auth state: UNCHALLENGED
2024-07-24 14:30:19.808 [Test worker] DEBUG c.g.d.z.s.o.a.h.c.h.i.c.ProtocolExec - ex-0000006B: proxy auth state: UNCHALLENGED
2024-07-24 14:30:19.808 [Test worker] DEBUG c.g.d.z.s.o.a.h.c.h.i.c.ConnectExec - ex-0000006B: acquiring connection with route {}->npipe://localhost:2375
2024-07-24 14:30:19.808 [Test worker] DEBUG c.g.d.z.s.o.a.h.c.h.i.c.InternalHttpClient - ex-0000006B: acquiring endpoint (3 MINUTES)
2024-07-24 14:30:19.808 [Test worker] DEBUG c.g.d.z.s.o.a.h.c.h.i.i.PoolingHttpClientConnectionManager - ex-0000006B: endpoint lease request (3 MINUTES) [route: {}->npipe://localhost:2375][total available: 1; route allocated: 1 of 2147483647; total allocated: 1 of 2147483647]
2024-07-24 14:30:19.808 [Test worker] DEBUG c.g.d.z.s.o.a.h.c.h.i.i.PoolingHttpClientConnectionManager - ex-0000006B: endpoint leased [route: {}->npipe://localhost:2375][total available: 0; route allocated: 1 of 2147483647; total allocated: 1 of 2147483647]
2024-07-24 14:30:19.808 [Test worker] DEBUG c.g.d.z.s.o.a.h.c.h.i.i.PoolingHttpClientConnectionManager - ex-0000006B: acquired ep-0000006A
2024-07-24 14:30:19.808 [Test worker] DEBUG c.g.d.z.s.o.a.h.c.h.i.c.InternalHttpClient - ex-0000006B: acquired endpoint ep-0000006A
2024-07-24 14:30:19.808 [Test worker] DEBUG c.g.d.z.s.o.a.h.c.h.i.c.MainClientExec - ex-0000006B: executing GET /v1.32/containers/63a1e7bd52208ba2b0004d8992520255d7ee4493135bdc038e27b2d089793733/json HTTP/1.1
2024-07-24 14:30:19.808 [Test worker] DEBUG c.g.d.z.s.o.a.h.c.h.i.c.InternalHttpClient - ep-0000006A: start execution ex-0000006B
2024-07-24 14:30:19.808 [Test worker] DEBUG c.g.d.z.s.o.a.h.c.h.i.i.PoolingHttpClientConnectionManager - ep-0000006A: executing exchange ex-0000006B over http-outgoing-10
2024-07-24 14:30:19.808 [Test worker] DEBUG c.g.d.z.s.o.a.h.client5.http.headers - http-outgoing-10 >> GET /v1.32/containers/63a1e7bd52208ba2b0004d8992520255d7ee4493135bdc038e27b2d089793733/json HTTP/1.1
2024-07-24 14:30:19.808 [Test worker] DEBUG c.g.d.z.s.o.a.h.client5.http.headers - http-outgoing-10 >> accept: application/json
2024-07-24 14:30:19.808 [Test worker] DEBUG c.g.d.z.s.o.a.h.client5.http.headers - http-outgoing-10 >> x-tc-sid: 280e6229-7396-4d60-b1e3-a5de48b5d49b
2024-07-24 14:30:19.808 [Test worker] DEBUG c.g.d.z.s.o.a.h.client5.http.headers - http-outgoing-10 >> User-Agent: tc-java/1.19.8
2024-07-24 14:30:19.808 [Test worker] DEBUG c.g.d.z.s.o.a.h.client5.http.headers - http-outgoing-10 >> Accept-Encoding: gzip, x-gzip, deflate
2024-07-24 14:30:19.808 [Test worker] DEBUG c.g.d.z.s.o.a.h.client5.http.headers - http-outgoing-10 >> Host: localhost:2375
2024-07-24 14:30:19.808 [Test worker] DEBUG c.g.d.z.s.o.a.h.client5.http.headers - http-outgoing-10 >> Connection: keep-alive
2024-07-24 14:30:19.808 [Test worker] DEBUG c.g.d.z.s.o.a.hc.client5.http.wire - http-outgoing-10 >> "GET /v1.32/containers/63a1e7bd52208ba2b0004d8992520255d7ee4493135bdc038e27b2d089793733/json HTTP/1.1[\r][\n]"
2024-07-24 14:30:19.808 [Test worker] DEBUG c.g.d.z.s.o.a.hc.client5.http.wire - http-outgoing-10 >> "accept: application/json[\r][\n]"
2024-07-24 14:30:19.808 [Test worker] DEBUG c.g.d.z.s.o.a.hc.client5.http.wire - http-outgoing-10 >> "x-tc-sid: 280e6229-7396-4d60-b1e3-a5de48b5d49b[\r][\n]"
2024-07-24 14:30:19.808 [Test worker] DEBUG c.g.d.z.s.o.a.hc.client5.http.wire - http-outgoing-10 >> "User-Agent: tc-java/1.19.8[\r][\n]"
2024-07-24 14:30:19.808 [Test worker] DEBUG c.g.d.z.s.o.a.hc.client5.http.wire - http-outgoing-10 >> "Accept-Encoding: gzip, x-gzip, deflate[\r][\n]"
2024-07-24 14:30:19.808 [Test worker] DEBUG c.g.d.z.s.o.a.hc.client5.http.wire - http-outgoing-10 >> "Host: localhost:2375[\r][\n]"
2024-07-24 14:30:19.808 [Test worker] DEBUG c.g.d.z.s.o.a.hc.client5.http.wire - http-outgoing-10 >> "Connection: keep-alive[\r][\n]"
2024-07-24 14:30:19.808 [Test worker] DEBUG c.g.d.z.s.o.a.hc.client5.http.wire - http-outgoing-10 >> "[\r][\n]"
2024-07-24 14:30:19.821 [Test worker] DEBUG c.g.d.z.s.o.a.hc.client5.http.wire - http-outgoing-10 << "HTTP/1.1 200 OK[\r][\n]"
2024-07-24 14:30:19.821 [Test worker] DEBUG c.g.d.z.s.o.a.hc.client5.http.wire - http-outgoing-10 << "Api-Version: 1.45[\r][\n]"
2024-07-24 14:30:19.821 [Test worker] DEBUG c.g.d.z.s.o.a.hc.client5.http.wire - http-outgoing-10 << "Content-Type: application/json[\r][\n]"
2024-07-24 14:30:19.821 [Test worker] DEBUG c.g.d.z.s.o.a.hc.client5.http.wire - http-outgoing-10 << "Date: Wed, 24 Jul 2024 02:30:19 GMT[\r][\n]"
2024-07-24 14:30:19.821 [Test worker] DEBUG c.g.d.z.s.o.a.hc.client5.http.wire - http-outgoing-10 << "Docker-Experimental: false[\r][\n]"
2024-07-24 14:30:19.821 [Test worker] DEBUG c.g.d.z.s.o.a.hc.client5.http.wire - http-outgoing-10 << "Ostype: linux[\r][\n]"
2024-07-24 14:30:19.821 [Test worker] DEBUG c.g.d.z.s.o.a.hc.client5.http.wire - http-outgoing-10 << "Server: Docker/26.0.0 (linux)[\r][\n]"
2024-07-24 14:30:19.821 [Test worker] DEBUG c.g.d.z.s.o.a.hc.client5.http.wire - http-outgoing-10 << "Transfer-Encoding: chunked[\r][\n]"
2024-07-24 14:30:19.821 [Test worker] DEBUG c.g.d.z.s.o.a.hc.client5.http.wire - http-outgoing-10 << "[\r][\n]"
2024-07-24 14:30:19.821 [Test worker] DEBUG c.g.d.z.s.o.a.h.client5.http.headers - http-outgoing-10 << HTTP/1.1 200 OK
2024-07-24 14:30:19.822 [Test worker] DEBUG c.g.d.z.s.o.a.h.client5.http.headers - http-outgoing-10 << Api-Version: 1.45
2024-07-24 14:30:19.822 [Test worker] DEBUG c.g.d.z.s.o.a.h.client5.http.headers - http-outgoing-10 << Content-Type: application/json
2024-07-24 14:30:19.822 [Test worker] DEBUG c.g.d.z.s.o.a.h.client5.http.headers - http-outgoing-10 << Date: Wed, 24 Jul 2024 02:30:19 GMT
2024-07-24 14:30:19.822 [Test worker] DEBUG c.g.d.z.s.o.a.h.client5.http.headers - http-outgoing-10 << Docker-Experimental: false
2024-07-24 14:30:19.822 [Test worker] DEBUG c.g.d.z.s.o.a.h.client5.http.headers - http-outgoing-10 << Ostype: linux
2024-07-24 14:30:19.822 [Test worker] DEBUG c.g.d.z.s.o.a.h.client5.http.headers - http-outgoing-10 << Server: Docker/26.0.0 (linux)
2024-07-24 14:30:19.822 [Test worker] DEBUG c.g.d.z.s.o.a.h.client5.http.headers - http-outgoing-10 << Transfer-Encoding: chunked
2024-07-24 14:30:19.822 [Test worker] DEBUG c.g.d.z.s.o.a.h.c.h.i.c.MainClientExec - ex-0000006B: connection can be kept alive for 3 MINUTES
2024-07-24 14:30:19.822 [Test worker] DEBUG c.g.d.z.s.o.a.hc.client5.http.wire - http-outgoing-10 << "1943[\r][\n]"
2024-07-24 14:30:19.822 [Test worker] DEBUG c.g.d.z.s.o.a.hc.client5.http.wire - http-outgoing-10 << "{"Id":"63a1e7bd52208ba2b0004d8992520255d7ee4493135bdc038e27b2d089793733","Created":"2024-07-24T02:30:17.363229499Z","Path":"docker-entrypoint.sh","Args":["postgres","-c","fsync=off"],"State":{"Status":"exited","Running":false,"Paused":false,"Restarting":false,"OOMKilled":false,"Dead":false,"Pid":0,"ExitCode":137,"Error":"","StartedAt":"2024-07-24T02:30:17.851417464Z","FinishedAt":"2024-07-24T02:30:19.321266277Z"},"Image":"sha256:8e4fc9e184899a58735e7ee333f5e272d7d2298cf59302006b71f33e217be130","ResolvConfPath":"/var/lib/docker/containers/63a1e7bd52208ba2b0004d8992520255d7ee4493135bdc038e27b2d089793733/resolv.conf","HostnamePath":"/var/lib/docker/containers/63a1e7bd52208ba2b0004d8992520255d7ee4493135bdc038e27b2d089793733/hostname","HostsPath":"/var/lib/docker/containers/63a1e7bd52208ba2b0004d8992520255d7ee4493135bdc038e27b2d089793733/hosts","LogPath":"/var/lib/docker/containers/63a1e7bd52208ba2b0004d8992520255d7ee4493135bdc038e27b2d089793733/63a1e7bd52208ba2b0004d8992520255d7ee4493135bdc038e27b2d089793733-json.log","Name":"/recursing_brattain","RestartCount":0,"Driver":"overlay2","Platform":"linux","MountLabel":"","ProcessLabel":"","AppArmorProfile":"","ExecIDs":null,"HostConfig":{"Binds":[],"ContainerIDFile":"","LogConfig":{"Type":"json-file","Config":{}},"NetworkMode":"default","PortBindings":{"5432/tcp":[{"HostIp":"0.0.0.0","HostPort":"0"}]},"RestartPolicy":{"Name":"no","MaximumRetryCount":0},"AutoRemove":false,"VolumeDriver":"","VolumesFrom":[],"ConsoleSize":[0,0],"CapAdd":null,"CapDrop":null,"CgroupnsMode":"host","Dns":null,"DnsOptions":null,"DnsSearch":null,"ExtraHosts":[],"GroupAdd":null,"IpcMode":"shareable","Cgroup":"","Links":null,"OomScoreAdj":0,"PidMode":"","Privileged":false,"PublishAllPorts":false,"ReadonlyRootfs":false,"SecurityOpt":null,"UTSMode":"","UsernsMode":"","ShmSize":67108864,"Runtime":"runc","Isolation":"","CpuShares":0,"Memory":0,"NanoCpus":0,"CgroupParent":"","BlkioWeight":0,"BlkioWeightDevice":null,"BlkioDeviceReadBps":null,"BlkioDeviceWriteBps":null,"BlkioDeviceReadIOps":null,"BlkioDeviceWriteIOps":null,"CpuPeriod":0,"CpuQuota":0,"CpuRealtimePeriod":0,"CpuRealtimeRuntime":0,"CpusetCpus":"","CpusetMems":"","Devices":null,"DeviceCgroupRules":null,"DeviceRequests":null,"MemoryReservation":0,"MemorySwap":0,"MemorySwappiness":null,"OomKillDisable":false,"PidsLimit":null,"Ulimits":null,"CpuCount":0,"CpuPercent":0,"IOMaximumIOps":0,"IOMaximumBandwidth":0,"MaskedPaths":["/proc/asound","/proc/acpi","/proc/kcore","/proc/keys","/proc/latency_stats","/proc/timer_list","/proc/timer_stats","/proc/sched_debug","/proc/scsi","/sys/firmware","/sys/devices/virtual/powercap"],"ReadonlyPaths":["/proc/bus","/proc/fs","/proc/irq","/proc/sys","/proc/sysrq-trigger"]},"GraphDriver":{"Data":{"LowerDir":"/var/lib/docker/overlay2/520c1e4cd6018f260352ab4b9b78f3195442b8258577bc1351b4f6e49fe5b557-init/diff:/var/lib/docker/overlay2/8f0ddbd386af0785c2e348570516955816ab350305d698d363962d488eeb15ec/diff:/var/lib/docker/overlay2/0eb0ca73e9b0be7c3d7fa8762ef4778a68f38391bc84c037c2e90b88e781b475/diff:/var/lib/docker/overlay2/74e634bddc785c5d436b10a5158cd82e21dc2065fd1cf8ff9c1c12e01575a2d8/diff:/var/lib/docker/overlay2/bb918b2851cd2f508f1e3fdbfff8b7f8b041d61e65fe8c368288bf399e80b818/diff:/var/lib/docker/overlay2/2abab2946cbdc2941ee8ec4024c51dac7313dee9de5fbedd1ca33388c59eb3c8/diff:/var/lib/docker/overlay2/e12f6083ee669bd92743ceb339a896bb25dbe461b718705bb39eb410b80c0ecd/diff:/var/lib/docker/overlay2/ced1e86d670d097da5ed4da7288c22507735918959161c2cd8bf083fb30d169a/diff:/var/lib/docker/overlay2/94e9ac7b74923285ae73af20aeccb964ca9079e2305db367cb85d1603560472d/diff:/var/lib/docker/overlay2/a396b6dfd63f0c228c519871183c614cccf4d366a43460f27ecf97113c3c4be8/diff:/var/lib/docker/overlay2/f58ada5d5080c2bac553c734f81127660a90581a35ed2a92cebe3c59e340875b/diff:/var/lib/docker/overlay2/84f85636f37bf55d945e217b4f87a856eba7932284beaf042561007b66f48977/diff:/var/lib/docker/overlay2/1e6e519613884e91a2b74a588ba35dc8a2f789371ab798ef6e7d9836d756042f/diff:/var/lib/docker/overlay2/14a3151cc8b4f9d27d2e64f1a8abc0c7809309580f2d7e8dc8545055c1d56194/diff:/"
2024-07-24 14:30:19.823 [Test worker] DEBUG c.g.d.z.s.o.a.hc.client5.http.wire - http-outgoing-10 << "var/lib/docker/overlay2/5b354b9e793401517fe2f1da697653fdaadffc54888eaf76d67e0600b8c68bdc/diff","MergedDir":"/var/lib/docker/overlay2/520c1e4cd6018f260352ab4b9b78f3195442b8258577bc1351b4f6e49fe5b557/merged","UpperDir":"/var/lib/docker/overlay2/520c1e4cd6018f260352ab4b9b78f3195442b8258577bc1351b4f6e49fe5b557/diff","WorkDir":"/var/lib/docker/overlay2/520c1e4cd6018f260352ab4b9b78f3195442b8258577bc1351b4f6e49fe5b557/work"},"Name":"overlay2"},"Mounts":[{"Type":"volume","Name":"094fdd260d6c78a5631aa7fb5d3e773db249e7ece5092519ece07bf4742d1a9e","Source":"/var/lib/docker/volumes/094fdd260d6c78a5631aa7fb5d3e773db249e7ece5092519ece07bf4742d1a9e/_data","Destination":"/var/lib/postgresql/data","Driver":"local","Mode":"","RW":true,"Propagation":""}],"Config":{"Hostname":"63a1e7bd5220","Domainname":"","User":"","AttachStdin":false,"AttachStdout":false,"AttachStderr":false,"ExposedPorts":{"5432/tcp":{}},"Tty":false,"OpenStdin":false,"StdinOnce":false,"Env":["POSTGRES_USER=user","POSTGRES_PASSWORD=password","POSTGRES_DB=db","PATH=/usr/local/sbin:/usr/local/bin:/usr/sbin:/usr/bin:/sbin:/bin:/usr/lib/postgresql/16/bin","GOSU_VERSION=1.17","LANG=en_US.utf8","PG_MAJOR=16","PG_VERSION=16.2-1.pgdg120+2","PGDATA=/var/lib/postgresql/data"],"Cmd":["postgres","-c","fsync=off"],"Image":"postgres:latest","Volumes":{"/var/lib/postgresql/data":{}},"WorkingDir":"","Entrypoint":["docker-entrypoint.sh"],"OnBuild":null,"Labels":{"org.testcontainers":"true","org.testcontainers.lang":"java","org.testcontainers.sessionId":"280e6229-7396-4d60-b1e3-a5de48b5d49b","org.testcontainers.version":"1.19.8"},"StopSignal":"SIGINT"},"NetworkSettings":{"Bridge":"","SandboxID":"9440d0bfca68788ef75468173db9dcbdef6912218bfe721ab65b133d94b97be1","SandboxKey":"/var/run/docker/netns/9440d0bfca68","Ports":{},"HairpinMode":false,"LinkLocalIPv6Address":"","LinkLocalIPv6PrefixLen":0,"SecondaryIPAddresses":null,"SecondaryIPv6Addresses":null,"EndpointID":"","Gateway":"","GlobalIPv6Address":"","GlobalIPv6PrefixLen":0,"IPAddress":"","IPPrefixLen":0,"IPv6Gateway":"","MacAddress":"","Networks":{"bridge":{"IPAMConfig":null,"Links":null,"Aliases":null,"MacAddress":"","NetworkID":"3c842496be344cbdae878c1dee0957e7bc7c0a2236009c92752030f2b053e72f","EndpointID":"","Gateway":"","IPAddress":"","IPPrefixLen":0,"IPv6Gateway":"","GlobalIPv6Address":"","GlobalIPv6PrefixLen":0,"DriverOpts":null,"DNSNames":null}}}}[\n]"
2024-07-24 14:30:19.823 [Test worker] DEBUG c.g.d.z.s.o.a.hc.client5.http.wire - http-outgoing-10 << "[\r][\n]"
2024-07-24 14:30:19.823 [Test worker] DEBUG c.g.d.z.s.o.a.hc.client5.http.wire - http-outgoing-10 << "0[\r][\n]"
2024-07-24 14:30:19.823 [Test worker] DEBUG c.g.d.z.s.o.a.hc.client5.http.wire - http-outgoing-10 << "[\r][\n]"
2024-07-24 14:30:19.823 [Test worker] DEBUG c.g.d.z.s.o.a.h.c.h.i.c.InternalHttpClient - ep-0000006A: releasing valid endpoint
2024-07-24 14:30:19.823 [Test worker] DEBUG c.g.d.z.s.o.a.h.c.h.i.i.PoolingHttpClientConnectionManager - ep-0000006A: releasing endpoint
2024-07-24 14:30:19.824 [Test worker] DEBUG c.g.d.z.s.o.a.h.c.h.i.i.PoolingHttpClientConnectionManager - ep-0000006A: connection http-outgoing-10 can be kept alive for 3 MINUTES
2024-07-24 14:30:19.824 [Test worker] DEBUG c.g.d.z.s.o.a.h.c.h.i.i.PoolingHttpClientConnectionManager - ep-0000006A: connection released [route: {}->npipe://localhost:2375][total available: 1; route allocated: 1 of 2147483647; total allocated: 1 of 2147483647]
2024-07-24 14:30:19.824 [Test worker] TRACE o.t.utility.ResourceReaper - Removing container: 63a1e7bd52208ba2b0004d8992520255d7ee4493135bdc038e27b2d089793733
2024-07-24 14:30:19.824 [Test worker] DEBUG o.t.s.c.g.d.c.command.AbstrDockerCmd - Cmd: 63a1e7bd52208ba2b0004d8992520255d7ee4493135bdc038e27b2d089793733,true,true
2024-07-24 14:30:19.824 [Test worker] TRACE o.t.s.c.g.d.c.e.RemoveContainerCmdExec - DELETE: DefaultWebTarget{path=[/containers/63a1e7bd52208ba2b0004d8992520255d7ee4493135bdc038e27b2d089793733], queryParams={v=[true], force=[true]}}
2024-07-24 14:30:19.824 [Test worker] DEBUG c.g.d.z.s.o.a.h.c.h.i.c.InternalHttpClient - ex-0000006C: preparing request execution
2024-07-24 14:30:19.824 [Test worker] DEBUG c.g.d.z.s.o.a.h.c.h.p.RequestAddCookies - Cookie spec selected: strict
2024-07-24 14:30:19.824 [Test worker] DEBUG c.g.d.z.s.o.a.h.c.h.p.RequestAuthCache - Auth cache not set in the context
2024-07-24 14:30:19.824 [Test worker] DEBUG c.g.d.z.s.o.a.h.c.h.i.c.ProtocolExec - ex-0000006C: target auth state: UNCHALLENGED
2024-07-24 14:30:19.824 [Test worker] DEBUG c.g.d.z.s.o.a.h.c.h.i.c.ProtocolExec - ex-0000006C: proxy auth state: UNCHALLENGED
2024-07-24 14:30:19.824 [Test worker] DEBUG c.g.d.z.s.o.a.h.c.h.i.c.ConnectExec - ex-0000006C: acquiring connection with route {}->npipe://localhost:2375
2024-07-24 14:30:19.824 [Test worker] DEBUG c.g.d.z.s.o.a.h.c.h.i.c.InternalHttpClient - ex-0000006C: acquiring endpoint (3 MINUTES)
2024-07-24 14:30:19.824 [Test worker] DEBUG c.g.d.z.s.o.a.h.c.h.i.i.PoolingHttpClientConnectionManager - ex-0000006C: endpoint lease request (3 MINUTES) [route: {}->npipe://localhost:2375][total available: 1; route allocated: 1 of 2147483647; total allocated: 1 of 2147483647]
2024-07-24 14:30:19.825 [Test worker] DEBUG c.g.d.z.s.o.a.h.c.h.i.i.PoolingHttpClientConnectionManager - ex-0000006C: endpoint leased [route: {}->npipe://localhost:2375][total available: 0; route allocated: 1 of 2147483647; total allocated: 1 of 2147483647]
2024-07-24 14:30:19.825 [Test worker] DEBUG c.g.d.z.s.o.a.h.c.h.i.i.PoolingHttpClientConnectionManager - ex-0000006C: acquired ep-0000006B
2024-07-24 14:30:19.825 [Test worker] DEBUG c.g.d.z.s.o.a.h.c.h.i.c.InternalHttpClient - ex-0000006C: acquired endpoint ep-0000006B
2024-07-24 14:30:19.825 [Test worker] DEBUG c.g.d.z.s.o.a.h.c.h.i.c.MainClientExec - ex-0000006C: executing DELETE /v1.32/containers/63a1e7bd52208ba2b0004d8992520255d7ee4493135bdc038e27b2d089793733?v=true&force=true HTTP/1.1
2024-07-24 14:30:19.825 [Test worker] DEBUG c.g.d.z.s.o.a.h.c.h.i.c.InternalHttpClient - ep-0000006B: start execution ex-0000006C
2024-07-24 14:30:19.825 [Test worker] DEBUG c.g.d.z.s.o.a.h.c.h.i.i.PoolingHttpClientConnectionManager - ep-0000006B: executing exchange ex-0000006C over http-outgoing-10
2024-07-24 14:30:19.825 [Test worker] DEBUG c.g.d.z.s.o.a.h.client5.http.headers - http-outgoing-10 >> DELETE /v1.32/containers/63a1e7bd52208ba2b0004d8992520255d7ee4493135bdc038e27b2d089793733?v=true&force=true HTTP/1.1
2024-07-24 14:30:19.825 [Test worker] DEBUG c.g.d.z.s.o.a.h.client5.http.headers - http-outgoing-10 >> accept: application/json
2024-07-24 14:30:19.825 [Test worker] DEBUG c.g.d.z.s.o.a.h.client5.http.headers - http-outgoing-10 >> x-tc-sid: 280e6229-7396-4d60-b1e3-a5de48b5d49b
2024-07-24 14:30:19.825 [Test worker] DEBUG c.g.d.z.s.o.a.h.client5.http.headers - http-outgoing-10 >> User-Agent: tc-java/1.19.8
2024-07-24 14:30:19.825 [Test worker] DEBUG c.g.d.z.s.o.a.h.client5.http.headers - http-outgoing-10 >> Accept-Encoding: gzip, x-gzip, deflate
2024-07-24 14:30:19.825 [Test worker] DEBUG c.g.d.z.s.o.a.h.client5.http.headers - http-outgoing-10 >> Host: localhost:2375
2024-07-24 14:30:19.825 [Test worker] DEBUG c.g.d.z.s.o.a.h.client5.http.headers - http-outgoing-10 >> Connection: keep-alive
2024-07-24 14:30:19.825 [Test worker] DEBUG c.g.d.z.s.o.a.hc.client5.http.wire - http-outgoing-10 >> "DELETE /v1.32/containers/63a1e7bd52208ba2b0004d8992520255d7ee4493135bdc038e27b2d089793733?v=true&force=true HTTP/1.1[\r][\n]"
2024-07-24 14:30:19.825 [Test worker] DEBUG c.g.d.z.s.o.a.hc.client5.http.wire - http-outgoing-10 >> "accept: application/json[\r][\n]"
2024-07-24 14:30:19.825 [Test worker] DEBUG c.g.d.z.s.o.a.hc.client5.http.wire - http-outgoing-10 >> "x-tc-sid: 280e6229-7396-4d60-b1e3-a5de48b5d49b[\r][\n]"
2024-07-24 14:30:19.825 [Test worker] DEBUG c.g.d.z.s.o.a.hc.client5.http.wire - http-outgoing-10 >> "User-Agent: tc-java/1.19.8[\r][\n]"
2024-07-24 14:30:19.825 [Test worker] DEBUG c.g.d.z.s.o.a.hc.client5.http.wire - http-outgoing-10 >> "Accept-Encoding: gzip, x-gzip, deflate[\r][\n]"
2024-07-24 14:30:19.825 [Test worker] DEBUG c.g.d.z.s.o.a.hc.client5.http.wire - http-outgoing-10 >> "Host: localhost:2375[\r][\n]"
2024-07-24 14:30:19.825 [Test worker] DEBUG c.g.d.z.s.o.a.hc.client5.http.wire - http-outgoing-10 >> "Connection: keep-alive[\r][\n]"
2024-07-24 14:30:19.825 [Test worker] DEBUG c.g.d.z.s.o.a.hc.client5.http.wire - http-outgoing-10 >> "[\r][\n]"
2024-07-24 14:30:19.896 [Test worker] DEBUG c.g.d.z.s.o.a.hc.client5.http.wire - http-outgoing-10 << "HTTP/1.1 204 No Content[\r][\n]"
2024-07-24 14:30:19.896 [Test worker] DEBUG c.g.d.z.s.o.a.hc.client5.http.wire - http-outgoing-10 << "Api-Version: 1.45[\r][\n]"
2024-07-24 14:30:19.896 [Test worker] DEBUG c.g.d.z.s.o.a.hc.client5.http.wire - http-outgoing-10 << "Date: Wed, 24 Jul 2024 02:30:19 GMT[\r][\n]"
2024-07-24 14:30:19.896 [Test worker] DEBUG c.g.d.z.s.o.a.hc.client5.http.wire - http-outgoing-10 << "Docker-Experimental: false[\r][\n]"
2024-07-24 14:30:19.896 [Test worker] DEBUG c.g.d.z.s.o.a.hc.client5.http.wire - http-outgoing-10 << "Ostype: linux[\r][\n]"
2024-07-24 14:30:19.896 [Test worker] DEBUG c.g.d.z.s.o.a.hc.client5.http.wire - http-outgoing-10 << "Server: Docker/26.0.0 (linux)[\r][\n]"
2024-07-24 14:30:19.896 [Test worker] DEBUG c.g.d.z.s.o.a.hc.client5.http.wire - http-outgoing-10 << "[\r][\n]"
2024-07-24 14:30:19.896 [Test worker] DEBUG c.g.d.z.s.o.a.h.client5.http.headers - http-outgoing-10 << HTTP/1.1 204 No Content
2024-07-24 14:30:19.896 [Test worker] DEBUG c.g.d.z.s.o.a.h.client5.http.headers - http-outgoing-10 << Api-Version: 1.45
2024-07-24 14:30:19.896 [Test worker] DEBUG c.g.d.z.s.o.a.h.client5.http.headers - http-outgoing-10 << Date: Wed, 24 Jul 2024 02:30:19 GMT
2024-07-24 14:30:19.896 [Test worker] DEBUG c.g.d.z.s.o.a.h.client5.http.headers - http-outgoing-10 << Docker-Experimental: false
2024-07-24 14:30:19.896 [Test worker] DEBUG c.g.d.z.s.o.a.h.client5.http.headers - http-outgoing-10 << Ostype: linux
2024-07-24 14:30:19.896 [Test worker] DEBUG c.g.d.z.s.o.a.h.client5.http.headers - http-outgoing-10 << Server: Docker/26.0.0 (linux)
2024-07-24 14:30:19.896 [Test worker] DEBUG c.g.d.z.s.o.a.h.c.h.i.c.MainClientExec - ex-0000006C: connection can be kept alive for 3 MINUTES
2024-07-24 14:30:19.896 [Test worker] DEBUG c.g.d.z.s.o.a.h.c.h.i.c.InternalHttpClient - ep-0000006B: releasing valid endpoint
2024-07-24 14:30:19.896 [Test worker] DEBUG c.g.d.z.s.o.a.h.c.h.i.i.PoolingHttpClientConnectionManager - ep-0000006B: releasing endpoint
2024-07-24 14:30:19.896 [Test worker] DEBUG c.g.d.z.s.o.a.h.c.h.i.i.PoolingHttpClientConnectionManager - ep-0000006B: connection http-outgoing-10 can be kept alive for 3 MINUTES
2024-07-24 14:30:19.896 [Test worker] DEBUG c.g.d.z.s.o.a.h.c.h.i.i.PoolingHttpClientConnectionManager - ep-0000006B: connection released [route: {}->npipe://localhost:2375][total available: 1; route allocated: 1 of 2147483647; total allocated: 1 of 2147483647]
2024-07-24 14:30:19.897 [Test worker] DEBUG o.t.utility.ResourceReaper - Removed container and associated volume(s): postgres:latest
]]></system-out>
  <system-err><![CDATA[]]></system-err>
</testsuite>
