<?xml version="1.0" encoding="UTF-8"?>
<testsuite name="com.unitedApi.WorkedOnDAOTest" tests="4" skipped="0" failures="0" errors="0" timestamp="2024-07-24T02:30:56" hostname="DESKTOP-FRUHT2G" time="9.758">
  <properties/>
  <testcase name="getWorkedOnByWorkOrder" classname="com.unitedApi.WorkedOnDAOTest" time="2.468"/>
  <testcase name="getWorkedOnByStaff" classname="com.unitedApi.WorkedOnDAOTest" time="2.417"/>
  <testcase name="getWorkedOns" classname="com.unitedApi.WorkedOnDAOTest" time="2.397"/>
  <testcase name="getWorkedOn" classname="com.unitedApi.WorkedOnDAOTest" time="2.475"/>
  <system-out><![CDATA[2024-07-24 14:30:56.697 [Test worker] DEBUG o.t.u.PrefixingImageNameSubstitutor - No prefix is configured
2024-07-24 14:30:56.697 [Test worker] DEBUG o.t.utility.ImageNameSubstitutor - Did not find a substitute image for postgres:latest (using image substitutor: DefaultImageNameSubstitutor (composite of 'ConfigurationFileImageNameSubstitutor' and 'PrefixingImageNameSubstitutor'))
2024-07-24 14:30:56.697 [Test worker] TRACE tc.postgres:latest - postgres:latest is already in image name cache
2024-07-24 14:30:56.697 [Test worker] DEBUG o.t.images.AbstractImagePullPolicy - Using locally available and not pulling image: postgres:latest
2024-07-24 14:30:56.697 [Test worker] DEBUG tc.postgres:latest - Starting container: postgres:latest
2024-07-24 14:30:56.697 [Test worker] DEBUG tc.postgres:latest - Trying to start container: postgres:latest (attempt 1/1)
2024-07-24 14:30:56.697 [Test worker] DEBUG tc.postgres:latest - Starting container: postgres:latest
2024-07-24 14:30:56.697 [Test worker] INFO  tc.postgres:latest - Creating container for image: postgres:latest
2024-07-24 14:30:56.697 [Test worker] DEBUG o.t.utility.RegistryAuthLocator - Looking up auth config for image: postgres:latest at registry: https://index.docker.io/v1/
2024-07-24 14:30:56.697 [Test worker] DEBUG o.t.utility.RegistryAuthLocator - No matching Auth Configs - falling back to defaultAuthConfig [null]
2024-07-24 14:30:56.697 [Test worker] DEBUG o.t.d.AuthDelegatingDockerClientConfig - Effective auth config [null]
2024-07-24 14:30:56.697 [Test worker] DEBUG o.t.s.c.g.d.c.command.AbstrDockerCmd - Cmd: org.testcontainers.shaded.com.github.dockerjava.core.command.CreateContainerCmdImpl@446e7065[aliases=<null>,argsEscaped=<null>,attachStderr=<null>,attachStdin=<null>,attachStdout=<null>,authConfig=<null>,cmd={postgres,-c,fsync=off},domainName=<null>,entrypoint=<null>,env={POSTGRES_USER=user,POSTGRES_PASSWORD=password,POSTGRES_DB=db},exposedPorts=ExposedPorts(exposedPorts=[5432/tcp]),healthcheck=<null>,hostConfig=HostConfig(binds=[], blkioWeight=null, blkioWeightDevice=null, blkioDeviceReadBps=null, blkioDeviceWriteBps=null, blkioDeviceReadIOps=null, blkioDeviceWriteIOps=null, memorySwappiness=null, nanoCPUs=null, capAdd=null, capDrop=null, containerIDFile=null, cpuPeriod=null, cpuRealtimePeriod=null, cpuRealtimeRuntime=null, cpuShares=null, cpuQuota=null, cpusetCpus=null, cpusetMems=null, devices=null, deviceCgroupRules=null, deviceRequests=null, diskQuota=null, dns=null, dnsOptions=null, dnsSearch=null, extraHosts=[], groupAdd=null, ipcMode=null, cgroup=null, links=[], logConfig=LogConfig(type=null, config=null), lxcConf=null, memory=null, memorySwap=null, memoryReservation=null, kernelMemory=null, networkMode=null, oomKillDisable=null, init=null, autoRemove=null, oomScoreAdj=null, portBindings={5432/tcp=[Lcom.github.dockerjava.api.model.Ports$Binding;@5eb0a686}, privileged=null, publishAllPorts=null, readonlyRootfs=null, restartPolicy=null, ulimits=null, cpuCount=null, cpuPercent=null, ioMaximumIOps=null, ioMaximumBandwidth=null, volumesFrom=[], mounts=null, pidMode=null, isolation=null, securityOpts=null, storageOpt=null, cgroupParent=null, volumeDriver=null, shmSize=null, pidsLimit=null, runtime=null, tmpFs=null, utSMode=null, usernsMode=null, sysctls=null, consoleSize=null, cgroupnsMode=null),hostName=<null>,image=postgres:latest,ipv4Address=<null>,ipv6Address=<null>,labels={org.testcontainers=true, org.testcontainers.lang=java, org.testcontainers.version=1.19.8, org.testcontainers.sessionId=280e6229-7396-4d60-b1e3-a5de48b5d49b},macAddress=<null>,name=<null>,networkDisabled=<null>,networkingConfig=<null>,onBuild=<null>,platform=<null>,portSpecs=<null>,shell=<null>,stdInOnce=<null>,stdinOpen=<null>,stopSignal=<null>,stopTimeout=<null>,tty=<null>,user=<null>,volumes=Volumes(volumes=[]),workingDir=<null>]
2024-07-24 14:30:56.697 [Test worker] TRACE o.t.s.c.g.d.c.e.CreateContainerCmdExec - POST: DefaultWebTarget{path=[/containers/create], queryParams={}} 
2024-07-24 14:30:56.698 [Test worker] DEBUG c.g.d.z.s.o.a.h.c.h.i.c.InternalHttpClient - ex-00000107: preparing request execution
2024-07-24 14:30:56.698 [Test worker] DEBUG c.g.d.z.s.o.a.h.c.h.p.RequestAddCookies - Cookie spec selected: strict
2024-07-24 14:30:56.698 [Test worker] DEBUG c.g.d.z.s.o.a.h.c.h.p.RequestAuthCache - Auth cache not set in the context
2024-07-24 14:30:56.698 [Test worker] DEBUG c.g.d.z.s.o.a.h.c.h.i.c.ProtocolExec - ex-00000107: target auth state: UNCHALLENGED
2024-07-24 14:30:56.698 [Test worker] DEBUG c.g.d.z.s.o.a.h.c.h.i.c.ProtocolExec - ex-00000107: proxy auth state: UNCHALLENGED
2024-07-24 14:30:56.698 [Test worker] DEBUG c.g.d.z.s.o.a.h.c.h.i.c.ConnectExec - ex-00000107: acquiring connection with route {}->npipe://localhost:2375
2024-07-24 14:30:56.698 [Test worker] DEBUG c.g.d.z.s.o.a.h.c.h.i.c.InternalHttpClient - ex-00000107: acquiring endpoint (3 MINUTES)
2024-07-24 14:30:56.698 [Test worker] DEBUG c.g.d.z.s.o.a.h.c.h.i.i.PoolingHttpClientConnectionManager - ex-00000107: endpoint lease request (3 MINUTES) [route: {}->npipe://localhost:2375][total available: 1; route allocated: 1 of 2147483647; total allocated: 1 of 2147483647]
2024-07-24 14:30:56.698 [Test worker] DEBUG c.g.d.z.s.o.a.h.c.h.i.i.PoolingHttpClientConnectionManager - ex-00000107: endpoint leased [route: {}->npipe://localhost:2375][total available: 0; route allocated: 1 of 2147483647; total allocated: 1 of 2147483647]
2024-07-24 14:30:56.698 [Test worker] DEBUG c.g.d.z.s.o.a.h.c.h.i.i.PoolingHttpClientConnectionManager - ex-00000107: acquired ep-00000106
2024-07-24 14:30:56.698 [Test worker] DEBUG c.g.d.z.s.o.a.h.c.h.i.c.InternalHttpClient - ex-00000107: acquired endpoint ep-00000106
2024-07-24 14:30:56.698 [Test worker] DEBUG c.g.d.z.s.o.a.h.c.h.i.c.MainClientExec - ex-00000107: executing POST /v1.32/containers/create HTTP/1.1
2024-07-24 14:30:56.698 [Test worker] DEBUG c.g.d.z.s.o.a.h.c.h.i.c.InternalHttpClient - ep-00000106: start execution ex-00000107
2024-07-24 14:30:56.698 [Test worker] DEBUG c.g.d.z.s.o.a.h.c.h.i.i.PoolingHttpClientConnectionManager - ep-00000106: executing exchange ex-00000107 over http-outgoing-24
2024-07-24 14:30:56.698 [Test worker] DEBUG c.g.d.z.s.o.a.h.client5.http.headers - http-outgoing-24 >> POST /v1.32/containers/create HTTP/1.1
2024-07-24 14:30:56.698 [Test worker] DEBUG c.g.d.z.s.o.a.h.client5.http.headers - http-outgoing-24 >> accept: application/json
2024-07-24 14:30:56.698 [Test worker] DEBUG c.g.d.z.s.o.a.h.client5.http.headers - http-outgoing-24 >> content-type: application/json
2024-07-24 14:30:56.698 [Test worker] DEBUG c.g.d.z.s.o.a.h.client5.http.headers - http-outgoing-24 >> x-tc-sid: 280e6229-7396-4d60-b1e3-a5de48b5d49b
2024-07-24 14:30:56.698 [Test worker] DEBUG c.g.d.z.s.o.a.h.client5.http.headers - http-outgoing-24 >> User-Agent: tc-java/1.19.8
2024-07-24 14:30:56.698 [Test worker] DEBUG c.g.d.z.s.o.a.h.client5.http.headers - http-outgoing-24 >> Accept-Encoding: gzip, x-gzip, deflate
2024-07-24 14:30:56.698 [Test worker] DEBUG c.g.d.z.s.o.a.h.client5.http.headers - http-outgoing-24 >> Content-Length: 2061
2024-07-24 14:30:56.698 [Test worker] DEBUG c.g.d.z.s.o.a.h.client5.http.headers - http-outgoing-24 >> Host: localhost:2375
2024-07-24 14:30:56.698 [Test worker] DEBUG c.g.d.z.s.o.a.h.client5.http.headers - http-outgoing-24 >> Connection: keep-alive
2024-07-24 14:30:56.698 [Test worker] DEBUG c.g.d.z.s.o.a.hc.client5.http.wire - http-outgoing-24 >> "POST /v1.32/containers/create HTTP/1.1[\r][\n]"
2024-07-24 14:30:56.698 [Test worker] DEBUG c.g.d.z.s.o.a.hc.client5.http.wire - http-outgoing-24 >> "accept: application/json[\r][\n]"
2024-07-24 14:30:56.698 [Test worker] DEBUG c.g.d.z.s.o.a.hc.client5.http.wire - http-outgoing-24 >> "content-type: application/json[\r][\n]"
2024-07-24 14:30:56.698 [Test worker] DEBUG c.g.d.z.s.o.a.hc.client5.http.wire - http-outgoing-24 >> "x-tc-sid: 280e6229-7396-4d60-b1e3-a5de48b5d49b[\r][\n]"
2024-07-24 14:30:56.698 [Test worker] DEBUG c.g.d.z.s.o.a.hc.client5.http.wire - http-outgoing-24 >> "User-Agent: tc-java/1.19.8[\r][\n]"
2024-07-24 14:30:56.698 [Test worker] DEBUG c.g.d.z.s.o.a.hc.client5.http.wire - http-outgoing-24 >> "Accept-Encoding: gzip, x-gzip, deflate[\r][\n]"
2024-07-24 14:30:56.698 [Test worker] DEBUG c.g.d.z.s.o.a.hc.client5.http.wire - http-outgoing-24 >> "Content-Length: 2061[\r][\n]"
2024-07-24 14:30:56.698 [Test worker] DEBUG c.g.d.z.s.o.a.hc.client5.http.wire - http-outgoing-24 >> "Host: localhost:2375[\r][\n]"
2024-07-24 14:30:56.698 [Test worker] DEBUG c.g.d.z.s.o.a.hc.client5.http.wire - http-outgoing-24 >> "Connection: keep-alive[\r][\n]"
2024-07-24 14:30:56.698 [Test worker] DEBUG c.g.d.z.s.o.a.hc.client5.http.wire - http-outgoing-24 >> "[\r][\n]"
2024-07-24 14:30:56.698 [Test worker] DEBUG c.g.d.z.s.o.a.hc.client5.http.wire - http-outgoing-24 >> "{"Hostname":null,"Domainname":null,"User":null,"AttachStdin":null,"AttachStdout":null,"AttachStderr":null,"PortSpecs":null,"Tty":null,"OpenStdin":null,"StdinOnce":null,"Env":["POSTGRES_USER=user","POSTGRES_PASSWORD=password","POSTGRES_DB=db"],"Cmd":["postgres","-c","fsync=off"],"Healthcheck":null,"ArgsEscaped":null,"Entrypoint":null,"Image":"postgres:latest","Volumes":{},"WorkingDir":null,"MacAddress":null,"OnBuild":null,"NetworkDisabled":null,"ExposedPorts":{"5432/tcp":{}},"StopSignal":null,"StopTimeout":null,"HostConfig":{"Binds":[],"BlkioWeight":null,"BlkioWeightDevice":null,"BlkioDeviceReadBps":null,"BlkioDeviceWriteBps":null,"BlkioDeviceReadIOps":null,"BlkioDeviceWriteIOps":null,"MemorySwappiness":null,"NanoCpus":null,"CapAdd":null,"CapDrop":null,"ContainerIDFile":null,"CpuPeriod":null,"CpuRealtimePeriod":null,"CpuRealtimeRuntime":null,"CpuShares":null,"CpuQuota":null,"CpusetCpus":null,"CpusetMems":null,"Devices":null,"DeviceCgroupRules":null,"DeviceRequests":null,"DiskQuota":null,"Dns":null,"DnsOptions":null,"DnsSearch":null,"ExtraHosts":[],"GroupAdd":null,"IpcMode":null,"Cgroup":null,"Links":[],"LogConfig":null,"LxcConf":null,"Memory":null,"MemorySwap":null,"MemoryReservation":null,"KernelMemory":null,"NetworkMode":null,"OomKillDisable":null,"Init":null,"AutoRemove":null,"OomScoreAdj":null,"PortBindings":{"5432/tcp":[{"HostIp":"","HostPort":""}]},"Privileged":null,"PublishAllPorts":null,"ReadonlyRootfs":null,"RestartPolicy":null,"Ulimits":null,"CpuCount":null,"CpuPercent":null,"IOMaximumIOps":null,"IOMaximumBandwidth":null,"VolumesFrom":[],"Mounts":null,"PidMode":null,"Isolation":null,"SecurityOpt":null,"StorageOpt":null,"CgroupParent":null,"VolumeDriver":null,"ShmSize":null,"PidsLimit":null,"Runtime":null,"Tmpfs":null,"UTSMode":null,"UsernsMode":null,"Sysctls":null,"ConsoleSize":null,"CgroupnsMode":null},"Labels":{"org.testcontainers":"true","org.testcontainers.lang":"java","org.testcontainers.version":"1.19.8","org.testcontainers.sessionId":"280e6229-7396-4d60-b1e3-a5de48b5d49b"},"Shell":null,"NetworkingConfig":null}"
2024-07-24 14:30:56.835 [Test worker] DEBUG c.g.d.z.s.o.a.hc.client5.http.wire - http-outgoing-24 << "HTTP/1.1 201 Created[\r][\n]"
2024-07-24 14:30:56.835 [Test worker] DEBUG c.g.d.z.s.o.a.hc.client5.http.wire - http-outgoing-24 << "Api-Version: 1.45[\r][\n]"
2024-07-24 14:30:56.835 [Test worker] DEBUG c.g.d.z.s.o.a.hc.client5.http.wire - http-outgoing-24 << "Content-Type: application/json[\r][\n]"
2024-07-24 14:30:56.835 [Test worker] DEBUG c.g.d.z.s.o.a.hc.client5.http.wire - http-outgoing-24 << "Date: Wed, 24 Jul 2024 02:30:56 GMT[\r][\n]"
2024-07-24 14:30:56.835 [Test worker] DEBUG c.g.d.z.s.o.a.hc.client5.http.wire - http-outgoing-24 << "Docker-Experimental: false[\r][\n]"
2024-07-24 14:30:56.835 [Test worker] DEBUG c.g.d.z.s.o.a.hc.client5.http.wire - http-outgoing-24 << "Ostype: linux[\r][\n]"
2024-07-24 14:30:56.835 [Test worker] DEBUG c.g.d.z.s.o.a.hc.client5.http.wire - http-outgoing-24 << "Server: Docker/26.0.0 (linux)[\r][\n]"
2024-07-24 14:30:56.835 [Test worker] DEBUG c.g.d.z.s.o.a.hc.client5.http.wire - http-outgoing-24 << "Transfer-Encoding: chunked[\r][\n]"
2024-07-24 14:30:56.835 [Test worker] DEBUG c.g.d.z.s.o.a.hc.client5.http.wire - http-outgoing-24 << "[\r][\n]"
2024-07-24 14:30:56.835 [Test worker] DEBUG c.g.d.z.s.o.a.h.client5.http.headers - http-outgoing-24 << HTTP/1.1 201 Created
2024-07-24 14:30:56.835 [Test worker] DEBUG c.g.d.z.s.o.a.h.client5.http.headers - http-outgoing-24 << Api-Version: 1.45
2024-07-24 14:30:56.835 [Test worker] DEBUG c.g.d.z.s.o.a.h.client5.http.headers - http-outgoing-24 << Content-Type: application/json
2024-07-24 14:30:56.835 [Test worker] DEBUG c.g.d.z.s.o.a.h.client5.http.headers - http-outgoing-24 << Date: Wed, 24 Jul 2024 02:30:56 GMT
2024-07-24 14:30:56.835 [Test worker] DEBUG c.g.d.z.s.o.a.h.client5.http.headers - http-outgoing-24 << Docker-Experimental: false
2024-07-24 14:30:56.835 [Test worker] DEBUG c.g.d.z.s.o.a.h.client5.http.headers - http-outgoing-24 << Ostype: linux
2024-07-24 14:30:56.835 [Test worker] DEBUG c.g.d.z.s.o.a.h.client5.http.headers - http-outgoing-24 << Server: Docker/26.0.0 (linux)
2024-07-24 14:30:56.835 [Test worker] DEBUG c.g.d.z.s.o.a.h.client5.http.headers - http-outgoing-24 << Transfer-Encoding: chunked
2024-07-24 14:30:56.835 [Test worker] DEBUG c.g.d.z.s.o.a.h.c.h.i.c.MainClientExec - ex-00000107: connection can be kept alive for 3 MINUTES
2024-07-24 14:30:56.836 [Test worker] DEBUG c.g.d.z.s.o.a.hc.client5.http.wire - http-outgoing-24 << "58[\r][\n]"
2024-07-24 14:30:56.836 [Test worker] DEBUG c.g.d.z.s.o.a.hc.client5.http.wire - http-outgoing-24 << "{"Id":"5d86980e65d9c515d2597047a711a853b85d719d97488e0dc73c191acec2017d","Warnings":[]}[\n]"
2024-07-24 14:30:56.836 [Test worker] DEBUG c.g.d.z.s.o.a.hc.client5.http.wire - http-outgoing-24 << "[\r][\n]"
2024-07-24 14:30:56.836 [Test worker] DEBUG c.g.d.z.s.o.a.hc.client5.http.wire - http-outgoing-24 << "0[\r][\n]"
2024-07-24 14:30:56.836 [Test worker] DEBUG c.g.d.z.s.o.a.hc.client5.http.wire - http-outgoing-24 << "[\r][\n]"
2024-07-24 14:30:56.836 [Test worker] DEBUG c.g.d.z.s.o.a.h.c.h.i.c.InternalHttpClient - ep-00000106: releasing valid endpoint
2024-07-24 14:30:56.836 [Test worker] DEBUG c.g.d.z.s.o.a.h.c.h.i.i.PoolingHttpClientConnectionManager - ep-00000106: releasing endpoint
2024-07-24 14:30:56.836 [Test worker] DEBUG c.g.d.z.s.o.a.h.c.h.i.i.PoolingHttpClientConnectionManager - ep-00000106: connection http-outgoing-24 can be kept alive for 3 MINUTES
2024-07-24 14:30:56.836 [Test worker] DEBUG c.g.d.z.s.o.a.h.c.h.i.i.PoolingHttpClientConnectionManager - ep-00000106: connection released [route: {}->npipe://localhost:2375][total available: 1; route allocated: 1 of 2147483647; total allocated: 1 of 2147483647]
2024-07-24 14:30:56.836 [Test worker] INFO  tc.postgres:latest - Container postgres:latest is starting: 5d86980e65d9c515d2597047a711a853b85d719d97488e0dc73c191acec2017d
2024-07-24 14:30:56.836 [Test worker] DEBUG o.t.s.c.g.d.c.command.AbstrDockerCmd - Cmd: 5d86980e65d9c515d2597047a711a853b85d719d97488e0dc73c191acec2017d
2024-07-24 14:30:56.836 [Test worker] TRACE o.t.s.c.g.d.c.e.StartContainerCmdExec - POST: DefaultWebTarget{path=[/containers/5d86980e65d9c515d2597047a711a853b85d719d97488e0dc73c191acec2017d/start], queryParams={}}
2024-07-24 14:30:56.836 [Test worker] DEBUG c.g.d.z.s.o.a.h.c.h.i.c.InternalHttpClient - ex-00000108: preparing request execution
2024-07-24 14:30:56.836 [Test worker] DEBUG c.g.d.z.s.o.a.h.c.h.p.RequestAddCookies - Cookie spec selected: strict
2024-07-24 14:30:56.836 [Test worker] DEBUG c.g.d.z.s.o.a.h.c.h.p.RequestAuthCache - Auth cache not set in the context
2024-07-24 14:30:56.836 [Test worker] DEBUG c.g.d.z.s.o.a.h.c.h.i.c.ProtocolExec - ex-00000108: target auth state: UNCHALLENGED
2024-07-24 14:30:56.836 [Test worker] DEBUG c.g.d.z.s.o.a.h.c.h.i.c.ProtocolExec - ex-00000108: proxy auth state: UNCHALLENGED
2024-07-24 14:30:56.836 [Test worker] DEBUG c.g.d.z.s.o.a.h.c.h.i.c.ConnectExec - ex-00000108: acquiring connection with route {}->npipe://localhost:2375
2024-07-24 14:30:56.837 [Test worker] DEBUG c.g.d.z.s.o.a.h.c.h.i.c.InternalHttpClient - ex-00000108: acquiring endpoint (3 MINUTES)
2024-07-24 14:30:56.837 [Test worker] DEBUG c.g.d.z.s.o.a.h.c.h.i.i.PoolingHttpClientConnectionManager - ex-00000108: endpoint lease request (3 MINUTES) [route: {}->npipe://localhost:2375][total available: 1; route allocated: 1 of 2147483647; total allocated: 1 of 2147483647]
2024-07-24 14:30:56.837 [Test worker] DEBUG c.g.d.z.s.o.a.h.c.h.i.i.PoolingHttpClientConnectionManager - ex-00000108: endpoint leased [route: {}->npipe://localhost:2375][total available: 0; route allocated: 1 of 2147483647; total allocated: 1 of 2147483647]
2024-07-24 14:30:56.837 [Test worker] DEBUG c.g.d.z.s.o.a.h.c.h.i.i.PoolingHttpClientConnectionManager - ex-00000108: acquired ep-00000107
2024-07-24 14:30:56.837 [Test worker] DEBUG c.g.d.z.s.o.a.h.c.h.i.c.InternalHttpClient - ex-00000108: acquired endpoint ep-00000107
2024-07-24 14:30:56.837 [Test worker] DEBUG c.g.d.z.s.o.a.h.c.h.i.c.MainClientExec - ex-00000108: executing POST /v1.32/containers/5d86980e65d9c515d2597047a711a853b85d719d97488e0dc73c191acec2017d/start HTTP/1.1
2024-07-24 14:30:56.837 [Test worker] DEBUG c.g.d.z.s.o.a.h.c.h.i.c.InternalHttpClient - ep-00000107: start execution ex-00000108
2024-07-24 14:30:56.837 [Test worker] DEBUG c.g.d.z.s.o.a.h.c.h.i.i.PoolingHttpClientConnectionManager - ep-00000107: executing exchange ex-00000108 over http-outgoing-24
2024-07-24 14:30:56.837 [Test worker] DEBUG c.g.d.z.s.o.a.h.client5.http.headers - http-outgoing-24 >> POST /v1.32/containers/5d86980e65d9c515d2597047a711a853b85d719d97488e0dc73c191acec2017d/start HTTP/1.1
2024-07-24 14:30:56.837 [Test worker] DEBUG c.g.d.z.s.o.a.h.client5.http.headers - http-outgoing-24 >> accept: application/json
2024-07-24 14:30:56.837 [Test worker] DEBUG c.g.d.z.s.o.a.h.client5.http.headers - http-outgoing-24 >> content-type: application/json
2024-07-24 14:30:56.837 [Test worker] DEBUG c.g.d.z.s.o.a.h.client5.http.headers - http-outgoing-24 >> x-tc-sid: 280e6229-7396-4d60-b1e3-a5de48b5d49b
2024-07-24 14:30:56.837 [Test worker] DEBUG c.g.d.z.s.o.a.h.client5.http.headers - http-outgoing-24 >> User-Agent: tc-java/1.19.8
2024-07-24 14:30:56.837 [Test worker] DEBUG c.g.d.z.s.o.a.h.client5.http.headers - http-outgoing-24 >> Accept-Encoding: gzip, x-gzip, deflate
2024-07-24 14:30:56.837 [Test worker] DEBUG c.g.d.z.s.o.a.h.client5.http.headers - http-outgoing-24 >> Host: localhost:2375
2024-07-24 14:30:56.837 [Test worker] DEBUG c.g.d.z.s.o.a.h.client5.http.headers - http-outgoing-24 >> Connection: keep-alive
2024-07-24 14:30:56.837 [Test worker] DEBUG c.g.d.z.s.o.a.hc.client5.http.wire - http-outgoing-24 >> "POST /v1.32/containers/5d86980e65d9c515d2597047a711a853b85d719d97488e0dc73c191acec2017d/start HTTP/1.1[\r][\n]"
2024-07-24 14:30:56.837 [Test worker] DEBUG c.g.d.z.s.o.a.hc.client5.http.wire - http-outgoing-24 >> "accept: application/json[\r][\n]"
2024-07-24 14:30:56.837 [Test worker] DEBUG c.g.d.z.s.o.a.hc.client5.http.wire - http-outgoing-24 >> "content-type: application/json[\r][\n]"
2024-07-24 14:30:56.837 [Test worker] DEBUG c.g.d.z.s.o.a.hc.client5.http.wire - http-outgoing-24 >> "x-tc-sid: 280e6229-7396-4d60-b1e3-a5de48b5d49b[\r][\n]"
2024-07-24 14:30:56.837 [Test worker] DEBUG c.g.d.z.s.o.a.hc.client5.http.wire - http-outgoing-24 >> "User-Agent: tc-java/1.19.8[\r][\n]"
2024-07-24 14:30:56.837 [Test worker] DEBUG c.g.d.z.s.o.a.hc.client5.http.wire - http-outgoing-24 >> "Accept-Encoding: gzip, x-gzip, deflate[\r][\n]"
2024-07-24 14:30:56.837 [Test worker] DEBUG c.g.d.z.s.o.a.hc.client5.http.wire - http-outgoing-24 >> "Host: localhost:2375[\r][\n]"
2024-07-24 14:30:56.837 [Test worker] DEBUG c.g.d.z.s.o.a.hc.client5.http.wire - http-outgoing-24 >> "Connection: keep-alive[\r][\n]"
2024-07-24 14:30:56.837 [Test worker] DEBUG c.g.d.z.s.o.a.hc.client5.http.wire - http-outgoing-24 >> "[\r][\n]"
2024-07-24 14:30:57.144 [Test worker] DEBUG c.g.d.z.s.o.a.hc.client5.http.wire - http-outgoing-24 << "HTTP/1.1 204 No Content[\r][\n]"
2024-07-24 14:30:57.144 [Test worker] DEBUG c.g.d.z.s.o.a.hc.client5.http.wire - http-outgoing-24 << "Api-Version: 1.45[\r][\n]"
2024-07-24 14:30:57.144 [Test worker] DEBUG c.g.d.z.s.o.a.hc.client5.http.wire - http-outgoing-24 << "Date: Wed, 24 Jul 2024 02:30:57 GMT[\r][\n]"
2024-07-24 14:30:57.144 [Test worker] DEBUG c.g.d.z.s.o.a.hc.client5.http.wire - http-outgoing-24 << "Docker-Experimental: false[\r][\n]"
2024-07-24 14:30:57.144 [Test worker] DEBUG c.g.d.z.s.o.a.hc.client5.http.wire - http-outgoing-24 << "Ostype: linux[\r][\n]"
2024-07-24 14:30:57.144 [Test worker] DEBUG c.g.d.z.s.o.a.hc.client5.http.wire - http-outgoing-24 << "Server: Docker/26.0.0 (linux)[\r][\n]"
2024-07-24 14:30:57.144 [Test worker] DEBUG c.g.d.z.s.o.a.hc.client5.http.wire - http-outgoing-24 << "[\r][\n]"
2024-07-24 14:30:57.144 [Test worker] DEBUG c.g.d.z.s.o.a.h.client5.http.headers - http-outgoing-24 << HTTP/1.1 204 No Content
2024-07-24 14:30:57.144 [Test worker] DEBUG c.g.d.z.s.o.a.h.client5.http.headers - http-outgoing-24 << Api-Version: 1.45
2024-07-24 14:30:57.144 [Test worker] DEBUG c.g.d.z.s.o.a.h.client5.http.headers - http-outgoing-24 << Date: Wed, 24 Jul 2024 02:30:57 GMT
2024-07-24 14:30:57.144 [Test worker] DEBUG c.g.d.z.s.o.a.h.client5.http.headers - http-outgoing-24 << Docker-Experimental: false
2024-07-24 14:30:57.144 [Test worker] DEBUG c.g.d.z.s.o.a.h.client5.http.headers - http-outgoing-24 << Ostype: linux
2024-07-24 14:30:57.144 [Test worker] DEBUG c.g.d.z.s.o.a.h.client5.http.headers - http-outgoing-24 << Server: Docker/26.0.0 (linux)
2024-07-24 14:30:57.145 [Test worker] DEBUG c.g.d.z.s.o.a.h.c.h.i.c.MainClientExec - ex-00000108: connection can be kept alive for 3 MINUTES
2024-07-24 14:30:57.145 [Test worker] DEBUG c.g.d.z.s.o.a.h.c.h.i.c.InternalHttpClient - ep-00000107: releasing valid endpoint
2024-07-24 14:30:57.145 [Test worker] DEBUG c.g.d.z.s.o.a.h.c.h.i.i.PoolingHttpClientConnectionManager - ep-00000107: releasing endpoint
2024-07-24 14:30:57.145 [Test worker] DEBUG c.g.d.z.s.o.a.h.c.h.i.i.PoolingHttpClientConnectionManager - ep-00000107: connection http-outgoing-24 can be kept alive for 3 MINUTES
2024-07-24 14:30:57.145 [Test worker] DEBUG c.g.d.z.s.o.a.h.c.h.i.i.PoolingHttpClientConnectionManager - ep-00000107: connection released [route: {}->npipe://localhost:2375][total available: 1; route allocated: 1 of 2147483647; total allocated: 1 of 2147483647]
2024-07-24 14:30:57.145 [Test worker] DEBUG o.t.s.c.g.d.c.command.AbstrDockerCmd - Cmd: 5d86980e65d9c515d2597047a711a853b85d719d97488e0dc73c191acec2017d,false
2024-07-24 14:30:57.145 [Test worker] DEBUG o.t.s.c.g.d.c.e.InspectContainerCmdExec - GET: DefaultWebTarget{path=[/containers/5d86980e65d9c515d2597047a711a853b85d719d97488e0dc73c191acec2017d/json], queryParams={}}
2024-07-24 14:30:57.146 [Test worker] DEBUG c.g.d.z.s.o.a.h.c.h.i.c.InternalHttpClient - ex-00000109: preparing request execution
2024-07-24 14:30:57.146 [Test worker] DEBUG c.g.d.z.s.o.a.h.c.h.p.RequestAddCookies - Cookie spec selected: strict
2024-07-24 14:30:57.146 [Test worker] DEBUG c.g.d.z.s.o.a.h.c.h.p.RequestAuthCache - Auth cache not set in the context
2024-07-24 14:30:57.146 [Test worker] DEBUG c.g.d.z.s.o.a.h.c.h.i.c.ProtocolExec - ex-00000109: target auth state: UNCHALLENGED
2024-07-24 14:30:57.146 [Test worker] DEBUG c.g.d.z.s.o.a.h.c.h.i.c.ProtocolExec - ex-00000109: proxy auth state: UNCHALLENGED
2024-07-24 14:30:57.146 [Test worker] DEBUG c.g.d.z.s.o.a.h.c.h.i.c.ConnectExec - ex-00000109: acquiring connection with route {}->npipe://localhost:2375
2024-07-24 14:30:57.146 [Test worker] DEBUG c.g.d.z.s.o.a.h.c.h.i.c.InternalHttpClient - ex-00000109: acquiring endpoint (3 MINUTES)
2024-07-24 14:30:57.146 [Test worker] DEBUG c.g.d.z.s.o.a.h.c.h.i.i.PoolingHttpClientConnectionManager - ex-00000109: endpoint lease request (3 MINUTES) [route: {}->npipe://localhost:2375][total available: 1; route allocated: 1 of 2147483647; total allocated: 1 of 2147483647]
2024-07-24 14:30:57.147 [Test worker] DEBUG c.g.d.z.s.o.a.h.c.h.i.i.PoolingHttpClientConnectionManager - ex-00000109: endpoint leased [route: {}->npipe://localhost:2375][total available: 0; route allocated: 1 of 2147483647; total allocated: 1 of 2147483647]
2024-07-24 14:30:57.147 [Test worker] DEBUG c.g.d.z.s.o.a.h.c.h.i.i.PoolingHttpClientConnectionManager - ex-00000109: acquired ep-00000108
2024-07-24 14:30:57.147 [Test worker] DEBUG c.g.d.z.s.o.a.h.c.h.i.c.InternalHttpClient - ex-00000109: acquired endpoint ep-00000108
2024-07-24 14:30:57.147 [Test worker] DEBUG c.g.d.z.s.o.a.h.c.h.i.c.MainClientExec - ex-00000109: executing GET /v1.32/containers/5d86980e65d9c515d2597047a711a853b85d719d97488e0dc73c191acec2017d/json HTTP/1.1
2024-07-24 14:30:57.147 [Test worker] DEBUG c.g.d.z.s.o.a.h.c.h.i.c.InternalHttpClient - ep-00000108: start execution ex-00000109
2024-07-24 14:30:57.147 [Test worker] DEBUG c.g.d.z.s.o.a.h.c.h.i.i.PoolingHttpClientConnectionManager - ep-00000108: executing exchange ex-00000109 over http-outgoing-24
2024-07-24 14:30:57.147 [Test worker] DEBUG c.g.d.z.s.o.a.h.client5.http.headers - http-outgoing-24 >> GET /v1.32/containers/5d86980e65d9c515d2597047a711a853b85d719d97488e0dc73c191acec2017d/json HTTP/1.1
2024-07-24 14:30:57.147 [Test worker] DEBUG c.g.d.z.s.o.a.h.client5.http.headers - http-outgoing-24 >> accept: application/json
2024-07-24 14:30:57.147 [Test worker] DEBUG c.g.d.z.s.o.a.h.client5.http.headers - http-outgoing-24 >> x-tc-sid: 280e6229-7396-4d60-b1e3-a5de48b5d49b
2024-07-24 14:30:57.147 [Test worker] DEBUG c.g.d.z.s.o.a.h.client5.http.headers - http-outgoing-24 >> User-Agent: tc-java/1.19.8
2024-07-24 14:30:57.147 [Test worker] DEBUG c.g.d.z.s.o.a.h.client5.http.headers - http-outgoing-24 >> Accept-Encoding: gzip, x-gzip, deflate
2024-07-24 14:30:57.147 [Test worker] DEBUG c.g.d.z.s.o.a.h.client5.http.headers - http-outgoing-24 >> Host: localhost:2375
2024-07-24 14:30:57.147 [Test worker] DEBUG c.g.d.z.s.o.a.h.client5.http.headers - http-outgoing-24 >> Connection: keep-alive
2024-07-24 14:30:57.147 [Test worker] DEBUG c.g.d.z.s.o.a.hc.client5.http.wire - http-outgoing-24 >> "GET /v1.32/containers/5d86980e65d9c515d2597047a711a853b85d719d97488e0dc73c191acec2017d/json HTTP/1.1[\r][\n]"
2024-07-24 14:30:57.147 [Test worker] DEBUG c.g.d.z.s.o.a.hc.client5.http.wire - http-outgoing-24 >> "accept: application/json[\r][\n]"
2024-07-24 14:30:57.147 [Test worker] DEBUG c.g.d.z.s.o.a.hc.client5.http.wire - http-outgoing-24 >> "x-tc-sid: 280e6229-7396-4d60-b1e3-a5de48b5d49b[\r][\n]"
2024-07-24 14:30:57.147 [Test worker] DEBUG c.g.d.z.s.o.a.hc.client5.http.wire - http-outgoing-24 >> "User-Agent: tc-java/1.19.8[\r][\n]"
2024-07-24 14:30:57.147 [Test worker] DEBUG c.g.d.z.s.o.a.hc.client5.http.wire - http-outgoing-24 >> "Accept-Encoding: gzip, x-gzip, deflate[\r][\n]"
2024-07-24 14:30:57.147 [Test worker] DEBUG c.g.d.z.s.o.a.hc.client5.http.wire - http-outgoing-24 >> "Host: localhost:2375[\r][\n]"
2024-07-24 14:30:57.147 [Test worker] DEBUG c.g.d.z.s.o.a.hc.client5.http.wire - http-outgoing-24 >> "Connection: keep-alive[\r][\n]"
2024-07-24 14:30:57.147 [Test worker] DEBUG c.g.d.z.s.o.a.hc.client5.http.wire - http-outgoing-24 >> "[\r][\n]"
2024-07-24 14:30:57.149 [Test worker] DEBUG c.g.d.z.s.o.a.hc.client5.http.wire - http-outgoing-24 << "HTTP/1.1 200 OK[\r][\n]"
2024-07-24 14:30:57.150 [Test worker] DEBUG c.g.d.z.s.o.a.hc.client5.http.wire - http-outgoing-24 << "Api-Version: 1.45[\r][\n]"
2024-07-24 14:30:57.150 [Test worker] DEBUG c.g.d.z.s.o.a.hc.client5.http.wire - http-outgoing-24 << "Content-Type: application/json[\r][\n]"
2024-07-24 14:30:57.150 [Test worker] DEBUG c.g.d.z.s.o.a.hc.client5.http.wire - http-outgoing-24 << "Date: Wed, 24 Jul 2024 02:30:57 GMT[\r][\n]"
2024-07-24 14:30:57.150 [Test worker] DEBUG c.g.d.z.s.o.a.hc.client5.http.wire - http-outgoing-24 << "Docker-Experimental: false[\r][\n]"
2024-07-24 14:30:57.150 [Test worker] DEBUG c.g.d.z.s.o.a.hc.client5.http.wire - http-outgoing-24 << "Ostype: linux[\r][\n]"
2024-07-24 14:30:57.150 [Test worker] DEBUG c.g.d.z.s.o.a.hc.client5.http.wire - http-outgoing-24 << "Server: Docker/26.0.0 (linux)[\r][\n]"
2024-07-24 14:30:57.150 [Test worker] DEBUG c.g.d.z.s.o.a.hc.client5.http.wire - http-outgoing-24 << "Transfer-Encoding: chunked[\r][\n]"
2024-07-24 14:30:57.150 [Test worker] DEBUG c.g.d.z.s.o.a.hc.client5.http.wire - http-outgoing-24 << "[\r][\n]"
2024-07-24 14:30:57.150 [Test worker] DEBUG c.g.d.z.s.o.a.h.client5.http.headers - http-outgoing-24 << HTTP/1.1 200 OK
2024-07-24 14:30:57.150 [Test worker] DEBUG c.g.d.z.s.o.a.h.client5.http.headers - http-outgoing-24 << Api-Version: 1.45
2024-07-24 14:30:57.150 [Test worker] DEBUG c.g.d.z.s.o.a.h.client5.http.headers - http-outgoing-24 << Content-Type: application/json
2024-07-24 14:30:57.150 [Test worker] DEBUG c.g.d.z.s.o.a.h.client5.http.headers - http-outgoing-24 << Date: Wed, 24 Jul 2024 02:30:57 GMT
2024-07-24 14:30:57.150 [Test worker] DEBUG c.g.d.z.s.o.a.h.client5.http.headers - http-outgoing-24 << Docker-Experimental: false
2024-07-24 14:30:57.150 [Test worker] DEBUG c.g.d.z.s.o.a.h.client5.http.headers - http-outgoing-24 << Ostype: linux
2024-07-24 14:30:57.150 [Test worker] DEBUG c.g.d.z.s.o.a.h.client5.http.headers - http-outgoing-24 << Server: Docker/26.0.0 (linux)
2024-07-24 14:30:57.150 [Test worker] DEBUG c.g.d.z.s.o.a.h.client5.http.headers - http-outgoing-24 << Transfer-Encoding: chunked
2024-07-24 14:30:57.150 [Test worker] DEBUG c.g.d.z.s.o.a.h.c.h.i.c.MainClientExec - ex-00000109: connection can be kept alive for 3 MINUTES
2024-07-24 14:30:57.152 [Test worker] DEBUG c.g.d.z.s.o.a.hc.client5.http.wire - http-outgoing-24 << "1a34[\r][\n]"
2024-07-24 14:30:57.152 [Test worker] DEBUG c.g.d.z.s.o.a.hc.client5.http.wire - http-outgoing-24 << "{"Id":"5d86980e65d9c515d2597047a711a853b85d719d97488e0dc73c191acec2017d","Created":"2024-07-24T02:30:56.704923643Z","Path":"docker-entrypoint.sh","Args":["postgres","-c","fsync=off"],"State":{"Status":"running","Running":true,"Paused":false,"Restarting":false,"OOMKilled":false,"Dead":false,"Pid":31195,"ExitCode":0,"Error":"","StartedAt":"2024-07-24T02:30:57.119992674Z","FinishedAt":"0001-01-01T00:00:00Z"},"Image":"sha256:8e4fc9e184899a58735e7ee333f5e272d7d2298cf59302006b71f33e217be130","ResolvConfPath":"/var/lib/docker/containers/5d86980e65d9c515d2597047a711a853b85d719d97488e0dc73c191acec2017d/resolv.conf","HostnamePath":"/var/lib/docker/containers/5d86980e65d9c515d2597047a711a853b85d719d97488e0dc73c191acec2017d/hostname","HostsPath":"/var/lib/docker/containers/5d86980e65d9c515d2597047a711a853b85d719d97488e0dc73c191acec2017d/hosts","LogPath":"/var/lib/docker/containers/5d86980e65d9c515d2597047a711a853b85d719d97488e0dc73c191acec2017d/5d86980e65d9c515d2597047a711a853b85d719d97488e0dc73c191acec2017d-json.log","Name":"/nifty_allen","RestartCount":0,"Driver":"overlay2","Platform":"linux","MountLabel":"","ProcessLabel":"","AppArmorProfile":"","ExecIDs":null,"HostConfig":{"Binds":[],"ContainerIDFile":"","LogConfig":{"Type":"json-file","Config":{}},"NetworkMode":"default","PortBindings":{"5432/tcp":[{"HostIp":"0.0.0.0","HostPort":"0"}]},"RestartPolicy":{"Name":"no","MaximumRetryCount":0},"AutoRemove":false,"VolumeDriver":"","VolumesFrom":[],"ConsoleSize":[0,0],"CapAdd":null,"CapDrop":null,"CgroupnsMode":"host","Dns":null,"DnsOptions":null,"DnsSearch":null,"ExtraHosts":[],"GroupAdd":null,"IpcMode":"shareable","Cgroup":"","Links":null,"OomScoreAdj":0,"PidMode":"","Privileged":false,"PublishAllPorts":false,"ReadonlyRootfs":false,"SecurityOpt":null,"UTSMode":"","UsernsMode":"","ShmSize":67108864,"Runtime":"runc","Isolation":"","CpuShares":0,"Memory":0,"NanoCpus":0,"CgroupParent":"","BlkioWeight":0,"BlkioWeightDevice":null,"BlkioDeviceReadBps":null,"BlkioDeviceWriteBps":null,"BlkioDeviceReadIOps":null,"BlkioDeviceWriteIOps":null,"CpuPeriod":0,"CpuQuota":0,"CpuRealtimePeriod":0,"CpuRealtimeRuntime":0,"CpusetCpus":"","CpusetMems":"","Devices":null,"DeviceCgroupRules":null,"DeviceRequests":null,"MemoryReservation":0,"MemorySwap":0,"MemorySwappiness":null,"OomKillDisable":false,"PidsLimit":null,"Ulimits":null,"CpuCount":0,"CpuPercent":0,"IOMaximumIOps":0,"IOMaximumBandwidth":0,"MaskedPaths":["/proc/asound","/proc/acpi","/proc/kcore","/proc/keys","/proc/latency_stats","/proc/timer_list","/proc/timer_stats","/proc/sched_debug","/proc/scsi","/sys/firmware","/sys/devices/virtual/powercap"],"ReadonlyPaths":["/proc/bus","/proc/fs","/proc/irq","/proc/sys","/proc/sysrq-trigger"]},"GraphDriver":{"Data":{"LowerDir":"/var/lib/docker/overlay2/70fb94854ce3cc702a185aa6e109f16c409fd4c71306dd61f5f9979effc551da-init/diff:/var/lib/docker/overlay2/8f0ddbd386af0785c2e348570516955816ab350305d698d363962d488eeb15ec/diff:/var/lib/docker/overlay2/0eb0ca73e9b0be7c3d7fa8762ef4778a68f38391bc84c037c2e90b88e781b475/diff:/var/lib/docker/overlay2/74e634bddc785c5d436b10a5158cd82e21dc2065fd1cf8ff9c1c12e01575a2d8/diff:/var/lib/docker/overlay2/bb918b2851cd2f508f1e3fdbfff8b7f8b041d61e65fe8c368288bf399e80b818/diff:/var/lib/docker/overlay2/2abab2946cbdc2941ee8ec4024c51dac7313dee9de5fbedd1ca33388c59eb3c8/diff:/var/lib/docker/overlay2/e12f6083ee669bd92743ceb339a896bb25dbe461b718705bb39eb410b80c0ecd/diff:/var/lib/docker/overlay2/ced1e86d670d097da5ed4da7288c22507735918959161c2cd8bf083fb30d169a/diff:/var/lib/docker/overlay2/94e9ac7b74923285ae73af20aeccb964ca9079e2305db367cb85d1603560472d/diff:/var/lib/docker/overlay2/a396b6dfd63f0c228c519871183c614cccf4d366a43460f27ecf97113c3c4be8/diff:/var/lib/docker/overlay2/f58ada5d5080c2bac553c734f81127660a90581a35ed2a92cebe3c59e340875b/diff:/var/lib/docker/overlay2/84f85636f37bf55d945e217b4f87a856eba7932284beaf042561007b66f48977/diff:/var/lib/docker/overlay2/1e6e519613884e91a2b74a588ba35dc8a2f789371ab798ef6e7d9836d756042f/diff:/var/lib/docker/overlay2/14a3151cc8b4f9d27d2e64f1a8abc0c7809309580f2d7e8dc8545055c1d56194/diff:/var/lib/docker/"
2024-07-24 14:30:57.152 [Test worker] DEBUG c.g.d.z.s.o.a.hc.client5.http.wire - http-outgoing-24 << "overlay2/5b354b9e793401517fe2f1da697653fdaadffc54888eaf76d67e0600b8c68bdc/diff","MergedDir":"/var/lib/docker/overlay2/70fb94854ce3cc702a185aa6e109f16c409fd4c71306dd61f5f9979effc551da/merged","UpperDir":"/var/lib/docker/overlay2/70fb94854ce3cc702a185aa6e109f16c409fd4c71306dd61f5f9979effc551da/diff","WorkDir":"/var/lib/docker/overlay2/70fb94854ce3cc702a185aa6e109f16c409fd4c71306dd61f5f9979effc551da/work"},"Name":"overlay2"},"Mounts":[{"Type":"volume","Name":"7514105aa3ebba59f96758a3b949990031284544bee0a1e5ba0a6e78d5aabe08","Source":"/var/lib/docker/volumes/7514105aa3ebba59f96758a3b949990031284544bee0a1e5ba0a6e78d5aabe08/_data","Destination":"/var/lib/postgresql/data","Driver":"local","Mode":"","RW":true,"Propagation":""}],"Config":{"Hostname":"5d86980e65d9","Domainname":"","User":"","AttachStdin":false,"AttachStdout":false,"AttachStderr":false,"ExposedPorts":{"5432/tcp":{}},"Tty":false,"OpenStdin":false,"StdinOnce":false,"Env":["POSTGRES_USER=user","POSTGRES_PASSWORD=password","POSTGRES_DB=db","PATH=/usr/local/sbin:/usr/local/bin:/usr/sbin:/usr/bin:/sbin:/bin:/usr/lib/postgresql/16/bin","GOSU_VERSION=1.17","LANG=en_US.utf8","PG_MAJOR=16","PG_VERSION=16.2-1.pgdg120+2","PGDATA=/var/lib/postgresql/data"],"Cmd":["postgres","-c","fsync=off"],"Image":"postgres:latest","Volumes":{"/var/lib/postgresql/data":{}},"WorkingDir":"","Entrypoint":["docker-entrypoint.sh"],"OnBuild":null,"Labels":{"org.testcontainers":"true","org.testcontainers.lang":"java","org.testcontainers.sessionId":"280e6229-7396-4d60-b1e3-a5de48b5d49b","org.testcontainers.version":"1.19.8"},"StopSignal":"SIGINT"},"NetworkSettings":{"Bridge":"","SandboxID":"af8247d353a0d53bd60a2b523d576620bdec3800fa5a6059acd0eacd36174b30","SandboxKey":"/var/run/docker/netns/af8247d353a0","Ports":{"5432/tcp":[{"HostIp":"0.0.0.0","HostPort":"51587"}]},"HairpinMode":false,"LinkLocalIPv6Address":"","LinkLocalIPv6PrefixLen":0,"SecondaryIPAddresses":null,"SecondaryIPv6Addresses":null,"EndpointID":"2ddd909d25a4206380fcd3252a60dbb95d692465542f97d05dcdb56a8cc3d3d8","Gateway":"172.17.0.1","GlobalIPv6Address":"","GlobalIPv6PrefixLen":0,"IPAddress":"172.17.0.3","IPPrefixLen":16,"IPv6Gateway":"","MacAddress":"02:42:ac:11:00:03","Networks":{"bridge":{"IPAMConfig":null,"Links":null,"Aliases":null,"MacAddress":"02:42:ac:11:00:03","NetworkID":"3c842496be344cbdae878c1dee0957e7bc7c0a2236009c92752030f2b053e72f","EndpointID":"2ddd909d25a4206380fcd3252a60dbb95d692465542f97d05dcdb56a8cc3d3d8","Gateway":"172.17.0.1","IPAddress":"172.17.0.3","IPPrefixLen":16,"IPv6Gateway":"","GlobalIPv6Address":"","GlobalIPv6PrefixLen":0,"DriverOpts":null,"DNSNames":null}}}}[\n]"
2024-07-24 14:30:57.153 [Test worker] DEBUG c.g.d.z.s.o.a.hc.client5.http.wire - http-outgoing-24 << "[\r][\n]"
2024-07-24 14:30:57.153 [Test worker] DEBUG c.g.d.z.s.o.a.hc.client5.http.wire - http-outgoing-24 << "0[\r][\n]"
2024-07-24 14:30:57.153 [Test worker] DEBUG c.g.d.z.s.o.a.hc.client5.http.wire - http-outgoing-24 << "[\r][\n]"
2024-07-24 14:30:57.153 [Test worker] DEBUG c.g.d.z.s.o.a.h.c.h.i.c.InternalHttpClient - ep-00000108: releasing valid endpoint
2024-07-24 14:30:57.153 [Test worker] DEBUG c.g.d.z.s.o.a.h.c.h.i.i.PoolingHttpClientConnectionManager - ep-00000108: releasing endpoint
2024-07-24 14:30:57.153 [Test worker] DEBUG c.g.d.z.s.o.a.h.c.h.i.i.PoolingHttpClientConnectionManager - ep-00000108: connection http-outgoing-24 can be kept alive for 3 MINUTES
2024-07-24 14:30:57.153 [Test worker] DEBUG c.g.d.z.s.o.a.h.c.h.i.i.PoolingHttpClientConnectionManager - ep-00000108: connection released [route: {}->npipe://localhost:2375][total available: 1; route allocated: 1 of 2147483647; total allocated: 1 of 2147483647]
2024-07-24 14:30:57.153 [Test worker] DEBUG o.t.s.c.g.d.c.command.AbstrDockerCmd - Cmd: sha256:8e4fc9e184899a58735e7ee333f5e272d7d2298cf59302006b71f33e217be130
2024-07-24 14:30:57.153 [Test worker] TRACE o.t.s.c.g.d.c.e.InspectImageCmdExec - GET: DefaultWebTarget{path=[/images/sha256:8e4fc9e184899a58735e7ee333f5e272d7d2298cf59302006b71f33e217be130/json], queryParams={}}
2024-07-24 14:30:57.154 [Test worker] DEBUG c.g.d.z.s.o.a.h.c.h.i.c.InternalHttpClient - ex-0000010A: preparing request execution
2024-07-24 14:30:57.154 [Test worker] DEBUG c.g.d.z.s.o.a.h.c.h.p.RequestAddCookies - Cookie spec selected: strict
2024-07-24 14:30:57.154 [Test worker] DEBUG c.g.d.z.s.o.a.h.c.h.p.RequestAuthCache - Auth cache not set in the context
2024-07-24 14:30:57.154 [Test worker] DEBUG c.g.d.z.s.o.a.h.c.h.i.c.ProtocolExec - ex-0000010A: target auth state: UNCHALLENGED
2024-07-24 14:30:57.154 [Test worker] DEBUG c.g.d.z.s.o.a.h.c.h.i.c.ProtocolExec - ex-0000010A: proxy auth state: UNCHALLENGED
2024-07-24 14:30:57.154 [Test worker] DEBUG c.g.d.z.s.o.a.h.c.h.i.c.ConnectExec - ex-0000010A: acquiring connection with route {}->npipe://localhost:2375
2024-07-24 14:30:57.154 [Test worker] DEBUG c.g.d.z.s.o.a.h.c.h.i.c.InternalHttpClient - ex-0000010A: acquiring endpoint (3 MINUTES)
2024-07-24 14:30:57.154 [Test worker] DEBUG c.g.d.z.s.o.a.h.c.h.i.i.PoolingHttpClientConnectionManager - ex-0000010A: endpoint lease request (3 MINUTES) [route: {}->npipe://localhost:2375][total available: 1; route allocated: 1 of 2147483647; total allocated: 1 of 2147483647]
2024-07-24 14:30:57.154 [Test worker] DEBUG c.g.d.z.s.o.a.h.c.h.i.i.PoolingHttpClientConnectionManager - ex-0000010A: endpoint leased [route: {}->npipe://localhost:2375][total available: 0; route allocated: 1 of 2147483647; total allocated: 1 of 2147483647]
2024-07-24 14:30:57.154 [Test worker] DEBUG c.g.d.z.s.o.a.h.c.h.i.i.PoolingHttpClientConnectionManager - ex-0000010A: acquired ep-00000109
2024-07-24 14:30:57.154 [Test worker] DEBUG c.g.d.z.s.o.a.h.c.h.i.c.InternalHttpClient - ex-0000010A: acquired endpoint ep-00000109
2024-07-24 14:30:57.154 [Test worker] DEBUG c.g.d.z.s.o.a.h.c.h.i.c.MainClientExec - ex-0000010A: executing GET /v1.32/images/sha256:8e4fc9e184899a58735e7ee333f5e272d7d2298cf59302006b71f33e217be130/json HTTP/1.1
2024-07-24 14:30:57.154 [Test worker] DEBUG c.g.d.z.s.o.a.h.c.h.i.c.InternalHttpClient - ep-00000109: start execution ex-0000010A
2024-07-24 14:30:57.154 [Test worker] DEBUG c.g.d.z.s.o.a.h.c.h.i.i.PoolingHttpClientConnectionManager - ep-00000109: executing exchange ex-0000010A over http-outgoing-24
2024-07-24 14:30:57.154 [Test worker] DEBUG c.g.d.z.s.o.a.h.client5.http.headers - http-outgoing-24 >> GET /v1.32/images/sha256:8e4fc9e184899a58735e7ee333f5e272d7d2298cf59302006b71f33e217be130/json HTTP/1.1
2024-07-24 14:30:57.154 [Test worker] DEBUG c.g.d.z.s.o.a.h.client5.http.headers - http-outgoing-24 >> accept: application/json
2024-07-24 14:30:57.154 [Test worker] DEBUG c.g.d.z.s.o.a.h.client5.http.headers - http-outgoing-24 >> x-tc-sid: 280e6229-7396-4d60-b1e3-a5de48b5d49b
2024-07-24 14:30:57.154 [Test worker] DEBUG c.g.d.z.s.o.a.h.client5.http.headers - http-outgoing-24 >> User-Agent: tc-java/1.19.8
2024-07-24 14:30:57.154 [Test worker] DEBUG c.g.d.z.s.o.a.h.client5.http.headers - http-outgoing-24 >> Accept-Encoding: gzip, x-gzip, deflate
2024-07-24 14:30:57.154 [Test worker] DEBUG c.g.d.z.s.o.a.h.client5.http.headers - http-outgoing-24 >> Host: localhost:2375
2024-07-24 14:30:57.154 [Test worker] DEBUG c.g.d.z.s.o.a.h.client5.http.headers - http-outgoing-24 >> Connection: keep-alive
2024-07-24 14:30:57.154 [Test worker] DEBUG c.g.d.z.s.o.a.hc.client5.http.wire - http-outgoing-24 >> "GET /v1.32/images/sha256:8e4fc9e184899a58735e7ee333f5e272d7d2298cf59302006b71f33e217be130/json HTTP/1.1[\r][\n]"
2024-07-24 14:30:57.154 [Test worker] DEBUG c.g.d.z.s.o.a.hc.client5.http.wire - http-outgoing-24 >> "accept: application/json[\r][\n]"
2024-07-24 14:30:57.154 [Test worker] DEBUG c.g.d.z.s.o.a.hc.client5.http.wire - http-outgoing-24 >> "x-tc-sid: 280e6229-7396-4d60-b1e3-a5de48b5d49b[\r][\n]"
2024-07-24 14:30:57.154 [Test worker] DEBUG c.g.d.z.s.o.a.hc.client5.http.wire - http-outgoing-24 >> "User-Agent: tc-java/1.19.8[\r][\n]"
2024-07-24 14:30:57.154 [Test worker] DEBUG c.g.d.z.s.o.a.hc.client5.http.wire - http-outgoing-24 >> "Accept-Encoding: gzip, x-gzip, deflate[\r][\n]"
2024-07-24 14:30:57.154 [Test worker] DEBUG c.g.d.z.s.o.a.hc.client5.http.wire - http-outgoing-24 >> "Host: localhost:2375[\r][\n]"
2024-07-24 14:30:57.154 [Test worker] DEBUG c.g.d.z.s.o.a.hc.client5.http.wire - http-outgoing-24 >> "Connection: keep-alive[\r][\n]"
2024-07-24 14:30:57.154 [Test worker] DEBUG c.g.d.z.s.o.a.hc.client5.http.wire - http-outgoing-24 >> "[\r][\n]"
2024-07-24 14:30:57.158 [Test worker] DEBUG c.g.d.z.s.o.a.hc.client5.http.wire - http-outgoing-24 << "HTTP/1.1 200 OK[\r][\n]"
2024-07-24 14:30:57.158 [Test worker] DEBUG c.g.d.z.s.o.a.hc.client5.http.wire - http-outgoing-24 << "Api-Version: 1.45[\r][\n]"
2024-07-24 14:30:57.158 [Test worker] DEBUG c.g.d.z.s.o.a.hc.client5.http.wire - http-outgoing-24 << "Content-Type: application/json[\r][\n]"
2024-07-24 14:30:57.158 [Test worker] DEBUG c.g.d.z.s.o.a.hc.client5.http.wire - http-outgoing-24 << "Date: Wed, 24 Jul 2024 02:30:57 GMT[\r][\n]"
2024-07-24 14:30:57.158 [Test worker] DEBUG c.g.d.z.s.o.a.hc.client5.http.wire - http-outgoing-24 << "Docker-Experimental: false[\r][\n]"
2024-07-24 14:30:57.158 [Test worker] DEBUG c.g.d.z.s.o.a.hc.client5.http.wire - http-outgoing-24 << "Ostype: linux[\r][\n]"
2024-07-24 14:30:57.158 [Test worker] DEBUG c.g.d.z.s.o.a.hc.client5.http.wire - http-outgoing-24 << "Server: Docker/26.0.0 (linux)[\r][\n]"
2024-07-24 14:30:57.158 [Test worker] DEBUG c.g.d.z.s.o.a.hc.client5.http.wire - http-outgoing-24 << "Transfer-Encoding: chunked[\r][\n]"
2024-07-24 14:30:57.158 [Test worker] DEBUG c.g.d.z.s.o.a.hc.client5.http.wire - http-outgoing-24 << "[\r][\n]"
2024-07-24 14:30:57.158 [Test worker] DEBUG c.g.d.z.s.o.a.h.client5.http.headers - http-outgoing-24 << HTTP/1.1 200 OK
2024-07-24 14:30:57.158 [Test worker] DEBUG c.g.d.z.s.o.a.h.client5.http.headers - http-outgoing-24 << Api-Version: 1.45
2024-07-24 14:30:57.158 [Test worker] DEBUG c.g.d.z.s.o.a.h.client5.http.headers - http-outgoing-24 << Content-Type: application/json
2024-07-24 14:30:57.158 [Test worker] DEBUG c.g.d.z.s.o.a.h.client5.http.headers - http-outgoing-24 << Date: Wed, 24 Jul 2024 02:30:57 GMT
2024-07-24 14:30:57.158 [Test worker] DEBUG c.g.d.z.s.o.a.h.client5.http.headers - http-outgoing-24 << Docker-Experimental: false
2024-07-24 14:30:57.158 [Test worker] DEBUG c.g.d.z.s.o.a.h.client5.http.headers - http-outgoing-24 << Ostype: linux
2024-07-24 14:30:57.158 [Test worker] DEBUG c.g.d.z.s.o.a.h.client5.http.headers - http-outgoing-24 << Server: Docker/26.0.0 (linux)
2024-07-24 14:30:57.158 [Test worker] DEBUG c.g.d.z.s.o.a.h.client5.http.headers - http-outgoing-24 << Transfer-Encoding: chunked
2024-07-24 14:30:57.158 [Test worker] DEBUG c.g.d.z.s.o.a.h.c.h.i.c.MainClientExec - ex-0000010A: connection can be kept alive for 3 MINUTES
2024-07-24 14:30:57.158 [Test worker] DEBUG c.g.d.z.s.o.a.hc.client5.http.wire - http-outgoing-24 << "fcb[\r][\n]"
2024-07-24 14:30:57.158 [Test worker] DEBUG c.g.d.z.s.o.a.hc.client5.http.wire - http-outgoing-24 << "{"Id":"sha256:8e4fc9e184899a58735e7ee333f5e272d7d2298cf59302006b71f33e217be130","RepoTags":["postgres:latest"],"RepoDigests":["postgres@sha256:4aea012537edfad80f98d870a36e6b90b4c09b27be7f4b4759d72db863baeebb"],"Parent":"","Comment":"buildkit.dockerfile.v0","Created":"2024-02-21T00:46:13Z","ContainerConfig":{"Hostname":"","Domainname":"","User":"","AttachStdin":false,"AttachStdout":false,"AttachStderr":false,"Tty":false,"OpenStdin":false,"StdinOnce":false,"Env":null,"Cmd":null,"Image":"","Volumes":null,"WorkingDir":"","Entrypoint":null,"OnBuild":null,"Labels":null},"DockerVersion":"","Author":"","Config":{"Hostname":"","Domainname":"","User":"","AttachStdin":false,"AttachStdout":false,"AttachStderr":false,"ExposedPorts":{"5432/tcp":{}},"Tty":false,"OpenStdin":false,"StdinOnce":false,"Env":["PATH=/usr/local/sbin:/usr/local/bin:/usr/sbin:/usr/bin:/sbin:/bin:/usr/lib/postgresql/16/bin","GOSU_VERSION=1.17","LANG=en_US.utf8","PG_MAJOR=16","PG_VERSION=16.2-1.pgdg120+2","PGDATA=/var/lib/postgresql/data"],"Cmd":["postgres"],"ArgsEscaped":true,"Image":"","Volumes":{"/var/lib/postgresql/data":{}},"WorkingDir":"","Entrypoint":["docker-entrypoint.sh"],"OnBuild":null,"Labels":null,"StopSignal":"SIGINT"},"Architecture":"amd64","Os":"linux","Size":431496964,"VirtualSize":431496964,"GraphDriver":{"Data":{"LowerDir":"/var/lib/docker/overlay2/0eb0ca73e9b0be7c3d7fa8762ef4778a68f38391bc84c037c2e90b88e781b475/diff:/var/lib/docker/overlay2/74e634bddc785c5d436b10a5158cd82e21dc2065fd1cf8ff9c1c12e01575a2d8/diff:/var/lib/docker/overlay2/bb918b2851cd2f508f1e3fdbfff8b7f8b041d61e65fe8c368288bf399e80b818/diff:/var/lib/docker/overlay2/2abab2946cbdc2941ee8ec4024c51dac7313dee9de5fbedd1ca33388c59eb3c8/diff:/var/lib/docker/overlay2/e12f6083ee669bd92743ceb339a896bb25dbe461b718705bb39eb410b80c0ecd/diff:/var/lib/docker/overlay2/ced1e86d670d097da5ed4da7288c22507735918959161c2cd8bf083fb30d169a/diff:/var/lib/docker/overlay2/94e9ac7b74923285ae73af20aeccb964ca9079e2305db367cb85d1603560472d/diff:/var/lib/docker/overlay2/a396b6dfd63f0c228c519871183c614cccf4d366a43460f27ecf97113c3c4be8/diff:/var/lib/docker/overlay2/f58ada5d5080c2bac553c734f81127660a90581a35ed2a92cebe3c59e340875b/diff:/var/lib/docker/overlay2/84f85636f37bf55d945e217b4f87a856eba7932284beaf042561007b66f48977/diff:/var/lib/docker/overlay2/1e6e519613884e91a2b74a588ba35dc8a2f789371ab798ef6e7d9836d756042f/diff:/var/lib/docker/overlay2/14a3151cc8b4f9d27d2e64f1a8abc0c7809309580f2d7e8dc8545055c1d56194/diff:/var/lib/docker/overlay2/5b354b9e793401517fe2f1da697653fdaadffc54888eaf76d67e0600b8c68bdc/diff","MergedDir":"/var/lib/docker/overlay2/8f0ddbd386af0785c2e348570516955816ab350305d698d363962d488eeb15ec/merged","UpperDir":"/var/lib/docker/overlay2/8f0ddbd386af0785c2e348570516955816ab350305d698d363962d488eeb15ec/diff","WorkDir":"/var/lib/docker/overlay2/8f0ddbd386af0785c2e348570516955816ab350305d698d363962d488eeb15ec/work"},"Name":"overlay2"},"RootFS":{"Type":"layers","Layers":["sha256:52ec5a4316fadc09a4a51f82b8d7b66ead0d71bea4f75e81e25b4094c4219061","sha256:5a99d63e3aef066b4fa085cf24d0281681d5530c22f0c93391b854ba5741b62e","sha256:12694c6edf8321950446751b5acc175137946701b72febd6a32ab6e6cb89403b","sha256:beceb355ef35df0b8123db4eddd8f734e7414a3828e463354a913dda6738571d","sha256:0f86e6985ca32f3adeb9f65e3f80b3f2aa37a697d345c84011b2421e5608bc06","sha256:22c31f24613cd6a7b43f3074166d79619574e76f430035be15d909ae45fb97da","sha256:7c32a1ce1cc084a148145553666d5b64e3b6551491d1c3c6cc545b5b69daf5da","sha256:192de40051e6f5b468a60be4e6d162a1bbf3dc4af2dfb0a7aa8db25f86b6e68e","sha256:257f3fc789f6526019470322285b4bfe55e3e09f41150576c0997f370407af14","sha256:2993953b2c109056b0d580a549dae9f902a84a29f3907d96d7329746a8df7fc2","sha256:0bc02fbb093e939812a0ca64bd21a807d815b89c5e034e73026d14535053f4e2","sha256:3866ad927dc8101b32941f0fe6e36e656eba398b92164688ce1d1afdeca7eb09","sha256:2621fdc21b32f8210d30df7b9f44c068fa347ce07f7e1935a2383e5f7e7ddecb","sha256:c116a9ba3dbfe8c6135659ba009883a03bdc660abfedc64e2528baa6d736dbc9"]},"Metadata":{"LastTagTime":"0001-01-01T00:00:00Z"},"Container":""}[\n]"
2024-07-24 14:30:57.158 [Test worker] DEBUG c.g.d.z.s.o.a.hc.client5.http.wire - http-outgoing-24 << "[\r][\n]"
2024-07-24 14:30:57.158 [Test worker] DEBUG c.g.d.z.s.o.a.hc.client5.http.wire - http-outgoing-24 << "0[\r][\n]"
2024-07-24 14:30:57.158 [Test worker] DEBUG c.g.d.z.s.o.a.hc.client5.http.wire - http-outgoing-24 << "[\r][\n]"
2024-07-24 14:30:57.159 [Test worker] DEBUG c.g.d.z.s.o.a.h.c.h.i.c.InternalHttpClient - ep-00000109: releasing valid endpoint
2024-07-24 14:30:57.159 [Test worker] DEBUG c.g.d.z.s.o.a.h.c.h.i.i.PoolingHttpClientConnectionManager - ep-00000109: releasing endpoint
2024-07-24 14:30:57.159 [Test worker] DEBUG c.g.d.z.s.o.a.h.c.h.i.i.PoolingHttpClientConnectionManager - ep-00000109: connection http-outgoing-24 can be kept alive for 3 MINUTES
2024-07-24 14:30:57.159 [Test worker] DEBUG c.g.d.z.s.o.a.h.c.h.i.i.PoolingHttpClientConnectionManager - ep-00000109: connection released [route: {}->npipe://localhost:2375][total available: 1; route allocated: 1 of 2147483647; total allocated: 1 of 2147483647]
2024-07-24 14:30:57.159 [Test worker] DEBUG o.t.s.c.g.d.c.command.AbstrDockerCmd - Cmd: 
2024-07-24 14:30:57.159 [Test worker] TRACE o.t.s.c.g.d.core.exec.VersionCmdExec - GET: DefaultWebTarget{path=[/version], queryParams={}}
2024-07-24 14:30:57.159 [Test worker] DEBUG c.g.d.z.s.o.a.h.c.h.i.c.InternalHttpClient - ex-0000010B: preparing request execution
2024-07-24 14:30:57.159 [Test worker] DEBUG c.g.d.z.s.o.a.h.c.h.p.RequestAddCookies - Cookie spec selected: strict
2024-07-24 14:30:57.159 [Test worker] DEBUG c.g.d.z.s.o.a.h.c.h.p.RequestAuthCache - Auth cache not set in the context
2024-07-24 14:30:57.159 [Test worker] DEBUG c.g.d.z.s.o.a.h.c.h.i.c.ProtocolExec - ex-0000010B: target auth state: UNCHALLENGED
2024-07-24 14:30:57.159 [Test worker] DEBUG c.g.d.z.s.o.a.h.c.h.i.c.ProtocolExec - ex-0000010B: proxy auth state: UNCHALLENGED
2024-07-24 14:30:57.159 [Test worker] DEBUG c.g.d.z.s.o.a.h.c.h.i.c.ConnectExec - ex-0000010B: acquiring connection with route {}->npipe://localhost:2375
2024-07-24 14:30:57.159 [Test worker] DEBUG c.g.d.z.s.o.a.h.c.h.i.c.InternalHttpClient - ex-0000010B: acquiring endpoint (3 MINUTES)
2024-07-24 14:30:57.159 [Test worker] DEBUG c.g.d.z.s.o.a.h.c.h.i.i.PoolingHttpClientConnectionManager - ex-0000010B: endpoint lease request (3 MINUTES) [route: {}->npipe://localhost:2375][total available: 1; route allocated: 1 of 2147483647; total allocated: 1 of 2147483647]
2024-07-24 14:30:57.159 [Test worker] DEBUG c.g.d.z.s.o.a.h.c.h.i.i.PoolingHttpClientConnectionManager - ex-0000010B: endpoint leased [route: {}->npipe://localhost:2375][total available: 0; route allocated: 1 of 2147483647; total allocated: 1 of 2147483647]
2024-07-24 14:30:57.159 [Test worker] DEBUG c.g.d.z.s.o.a.h.c.h.i.i.PoolingHttpClientConnectionManager - ex-0000010B: acquired ep-0000010A
2024-07-24 14:30:57.159 [Test worker] DEBUG c.g.d.z.s.o.a.h.c.h.i.c.InternalHttpClient - ex-0000010B: acquired endpoint ep-0000010A
2024-07-24 14:30:57.159 [Test worker] DEBUG c.g.d.z.s.o.a.h.c.h.i.c.MainClientExec - ex-0000010B: executing GET /v1.32/version HTTP/1.1
2024-07-24 14:30:57.159 [Test worker] DEBUG c.g.d.z.s.o.a.h.c.h.i.c.InternalHttpClient - ep-0000010A: start execution ex-0000010B
2024-07-24 14:30:57.159 [Test worker] DEBUG c.g.d.z.s.o.a.h.c.h.i.i.PoolingHttpClientConnectionManager - ep-0000010A: executing exchange ex-0000010B over http-outgoing-24
2024-07-24 14:30:57.159 [Test worker] DEBUG c.g.d.z.s.o.a.h.client5.http.headers - http-outgoing-24 >> GET /v1.32/version HTTP/1.1
2024-07-24 14:30:57.159 [Test worker] DEBUG c.g.d.z.s.o.a.h.client5.http.headers - http-outgoing-24 >> accept: application/json
2024-07-24 14:30:57.159 [Test worker] DEBUG c.g.d.z.s.o.a.h.client5.http.headers - http-outgoing-24 >> x-tc-sid: 280e6229-7396-4d60-b1e3-a5de48b5d49b
2024-07-24 14:30:57.159 [Test worker] DEBUG c.g.d.z.s.o.a.h.client5.http.headers - http-outgoing-24 >> User-Agent: tc-java/1.19.8
2024-07-24 14:30:57.159 [Test worker] DEBUG c.g.d.z.s.o.a.h.client5.http.headers - http-outgoing-24 >> Accept-Encoding: gzip, x-gzip, deflate
2024-07-24 14:30:57.159 [Test worker] DEBUG c.g.d.z.s.o.a.h.client5.http.headers - http-outgoing-24 >> Host: localhost:2375
2024-07-24 14:30:57.159 [Test worker] DEBUG c.g.d.z.s.o.a.h.client5.http.headers - http-outgoing-24 >> Connection: keep-alive
2024-07-24 14:30:57.159 [Test worker] DEBUG c.g.d.z.s.o.a.hc.client5.http.wire - http-outgoing-24 >> "GET /v1.32/version HTTP/1.1[\r][\n]"
2024-07-24 14:30:57.159 [Test worker] DEBUG c.g.d.z.s.o.a.hc.client5.http.wire - http-outgoing-24 >> "accept: application/json[\r][\n]"
2024-07-24 14:30:57.159 [Test worker] DEBUG c.g.d.z.s.o.a.hc.client5.http.wire - http-outgoing-24 >> "x-tc-sid: 280e6229-7396-4d60-b1e3-a5de48b5d49b[\r][\n]"
2024-07-24 14:30:57.159 [Test worker] DEBUG c.g.d.z.s.o.a.hc.client5.http.wire - http-outgoing-24 >> "User-Agent: tc-java/1.19.8[\r][\n]"
2024-07-24 14:30:57.159 [Test worker] DEBUG c.g.d.z.s.o.a.hc.client5.http.wire - http-outgoing-24 >> "Accept-Encoding: gzip, x-gzip, deflate[\r][\n]"
2024-07-24 14:30:57.159 [Test worker] DEBUG c.g.d.z.s.o.a.hc.client5.http.wire - http-outgoing-24 >> "Host: localhost:2375[\r][\n]"
2024-07-24 14:30:57.159 [Test worker] DEBUG c.g.d.z.s.o.a.hc.client5.http.wire - http-outgoing-24 >> "Connection: keep-alive[\r][\n]"
2024-07-24 14:30:57.159 [Test worker] DEBUG c.g.d.z.s.o.a.hc.client5.http.wire - http-outgoing-24 >> "[\r][\n]"
2024-07-24 14:30:57.170 [Test worker] DEBUG c.g.d.z.s.o.a.hc.client5.http.wire - http-outgoing-24 << "HTTP/1.1 200 OK[\r][\n]"
2024-07-24 14:30:57.170 [Test worker] DEBUG c.g.d.z.s.o.a.hc.client5.http.wire - http-outgoing-24 << "Api-Version: 1.45[\r][\n]"
2024-07-24 14:30:57.170 [Test worker] DEBUG c.g.d.z.s.o.a.hc.client5.http.wire - http-outgoing-24 << "Content-Type: application/json[\r][\n]"
2024-07-24 14:30:57.170 [Test worker] DEBUG c.g.d.z.s.o.a.hc.client5.http.wire - http-outgoing-24 << "Date: Wed, 24 Jul 2024 02:30:57 GMT[\r][\n]"
2024-07-24 14:30:57.170 [Test worker] DEBUG c.g.d.z.s.o.a.hc.client5.http.wire - http-outgoing-24 << "Docker-Experimental: false[\r][\n]"
2024-07-24 14:30:57.170 [Test worker] DEBUG c.g.d.z.s.o.a.hc.client5.http.wire - http-outgoing-24 << "Ostype: linux[\r][\n]"
2024-07-24 14:30:57.170 [Test worker] DEBUG c.g.d.z.s.o.a.hc.client5.http.wire - http-outgoing-24 << "Server: Docker/26.0.0 (linux)[\r][\n]"
2024-07-24 14:30:57.171 [Test worker] DEBUG c.g.d.z.s.o.a.hc.client5.http.wire - http-outgoing-24 << "Transfer-Encoding: chunked[\r][\n]"
2024-07-24 14:30:57.171 [Test worker] DEBUG c.g.d.z.s.o.a.hc.client5.http.wire - http-outgoing-24 << "[\r][\n]"
2024-07-24 14:30:57.171 [Test worker] DEBUG c.g.d.z.s.o.a.h.client5.http.headers - http-outgoing-24 << HTTP/1.1 200 OK
2024-07-24 14:30:57.171 [Test worker] DEBUG c.g.d.z.s.o.a.h.client5.http.headers - http-outgoing-24 << Api-Version: 1.45
2024-07-24 14:30:57.171 [Test worker] DEBUG c.g.d.z.s.o.a.h.client5.http.headers - http-outgoing-24 << Content-Type: application/json
2024-07-24 14:30:57.171 [Test worker] DEBUG c.g.d.z.s.o.a.h.client5.http.headers - http-outgoing-24 << Date: Wed, 24 Jul 2024 02:30:57 GMT
2024-07-24 14:30:57.171 [Test worker] DEBUG c.g.d.z.s.o.a.h.client5.http.headers - http-outgoing-24 << Docker-Experimental: false
2024-07-24 14:30:57.171 [Test worker] DEBUG c.g.d.z.s.o.a.h.client5.http.headers - http-outgoing-24 << Ostype: linux
2024-07-24 14:30:57.171 [Test worker] DEBUG c.g.d.z.s.o.a.h.client5.http.headers - http-outgoing-24 << Server: Docker/26.0.0 (linux)
2024-07-24 14:30:57.171 [Test worker] DEBUG c.g.d.z.s.o.a.h.client5.http.headers - http-outgoing-24 << Transfer-Encoding: chunked
2024-07-24 14:30:57.171 [Test worker] DEBUG c.g.d.z.s.o.a.h.c.h.i.c.MainClientExec - ex-0000010B: connection can be kept alive for 3 MINUTES
2024-07-24 14:30:57.171 [Test worker] DEBUG c.g.d.z.s.o.a.hc.client5.http.wire - http-outgoing-24 << "35f[\r][\n]"
2024-07-24 14:30:57.171 [Test worker] DEBUG c.g.d.z.s.o.a.hc.client5.http.wire - http-outgoing-24 << "{"Platform":{"Name":"Docker Desktop 4.29.0 (145265)"},"Components":[{"Name":"Engine","Version":"26.0.0","Details":{"ApiVersion":"1.45","Arch":"amd64","BuildTime":"2024-03-20T15:18:01.000000000+00:00","Experimental":"false","GitCommit":"8b79278","GoVersion":"go1.21.8","KernelVersion":"5.15.153.1-microsoft-standard-WSL2","MinAPIVersion":"1.24","Os":"linux"}},{"Name":"containerd","Version":"1.6.28","Details":{"GitCommit":"ae07eda36dd25f8a1b98dfbf587313b99c0190bb"}},{"Name":"runc","Version":"1.1.12","Details":{"GitCommit":"v1.1.12-0-g51d5e94"}},{"Name":"docker-init","Version":"0.19.0","Details":{"GitCommit":"de40ad0"}}],"Version":"26.0.0","ApiVersion":"1.45","MinAPIVersion":"1.24","GitCommit":"8b79278","GoVersion":"go1.21.8","Os":"linux","Arch":"amd64","KernelVersion":"5.15.153.1-microsoft-standard-WSL2","BuildTime":"2024-03-20T15:18:01.000000000+00:00"}[\n]"
2024-07-24 14:30:57.171 [Test worker] DEBUG c.g.d.z.s.o.a.hc.client5.http.wire - http-outgoing-24 << "[\r][\n]"
2024-07-24 14:30:57.171 [Test worker] DEBUG c.g.d.z.s.o.a.hc.client5.http.wire - http-outgoing-24 << "0[\r][\n]"
2024-07-24 14:30:57.171 [Test worker] DEBUG c.g.d.z.s.o.a.hc.client5.http.wire - http-outgoing-24 << "[\r][\n]"
2024-07-24 14:30:57.172 [Test worker] DEBUG c.g.d.z.s.o.a.h.c.h.i.c.InternalHttpClient - ep-0000010A: releasing valid endpoint
2024-07-24 14:30:57.172 [Test worker] DEBUG c.g.d.z.s.o.a.h.c.h.i.i.PoolingHttpClientConnectionManager - ep-0000010A: releasing endpoint
2024-07-24 14:30:57.172 [Test worker] DEBUG c.g.d.z.s.o.a.h.c.h.i.i.PoolingHttpClientConnectionManager - ep-0000010A: connection http-outgoing-24 can be kept alive for 3 MINUTES
2024-07-24 14:30:57.172 [Test worker] DEBUG c.g.d.z.s.o.a.h.c.h.i.i.PoolingHttpClientConnectionManager - ep-0000010A: connection released [route: {}->npipe://localhost:2375][total available: 1; route allocated: 1 of 2147483647; total allocated: 1 of 2147483647]
2024-07-24 14:30:57.172 [Test worker] TRACE o.t.s.c.g.d.c.e.LogContainerCmdExec - GET: DefaultWebTarget{path=[/containers/5d86980e65d9c515d2597047a711a853b85d719d97488e0dc73c191acec2017d/logs], queryParams={stdout=[true], stderr=[true], follow=[true], since=[0]}}
2024-07-24 14:30:57.173 [docker-java-stream--845616741] DEBUG c.g.d.z.s.o.a.h.c.h.i.c.InternalHttpClient - ex-0000010C: preparing request execution
2024-07-24 14:30:57.173 [docker-java-stream--845616741] DEBUG c.g.d.z.s.o.a.h.c.h.p.RequestAddCookies - Cookie spec selected: strict
2024-07-24 14:30:57.173 [docker-java-stream--845616741] DEBUG c.g.d.z.s.o.a.h.c.h.p.RequestAuthCache - Auth cache not set in the context
2024-07-24 14:30:57.173 [docker-java-stream--845616741] DEBUG c.g.d.z.s.o.a.h.c.h.i.c.ProtocolExec - ex-0000010C: target auth state: UNCHALLENGED
2024-07-24 14:30:57.173 [docker-java-stream--845616741] DEBUG c.g.d.z.s.o.a.h.c.h.i.c.ProtocolExec - ex-0000010C: proxy auth state: UNCHALLENGED
2024-07-24 14:30:57.173 [docker-java-stream--845616741] DEBUG c.g.d.z.s.o.a.h.c.h.i.c.ConnectExec - ex-0000010C: acquiring connection with route {}->npipe://localhost:2375
2024-07-24 14:30:57.173 [docker-java-stream--845616741] DEBUG c.g.d.z.s.o.a.h.c.h.i.c.InternalHttpClient - ex-0000010C: acquiring endpoint (3 MINUTES)
2024-07-24 14:30:57.173 [docker-java-stream--845616741] DEBUG c.g.d.z.s.o.a.h.c.h.i.i.PoolingHttpClientConnectionManager - ex-0000010C: endpoint lease request (3 MINUTES) [route: {}->npipe://localhost:2375][total available: 1; route allocated: 1 of 2147483647; total allocated: 1 of 2147483647]
2024-07-24 14:30:57.173 [docker-java-stream--845616741] DEBUG c.g.d.z.s.o.a.h.c.h.i.i.PoolingHttpClientConnectionManager - ex-0000010C: endpoint leased [route: {}->npipe://localhost:2375][total available: 0; route allocated: 1 of 2147483647; total allocated: 1 of 2147483647]
2024-07-24 14:30:57.173 [docker-java-stream--845616741] DEBUG c.g.d.z.s.o.a.h.c.h.i.i.PoolingHttpClientConnectionManager - ex-0000010C: acquired ep-0000010B
2024-07-24 14:30:57.173 [docker-java-stream--845616741] DEBUG c.g.d.z.s.o.a.h.c.h.i.c.InternalHttpClient - ex-0000010C: acquired endpoint ep-0000010B
2024-07-24 14:30:57.173 [docker-java-stream--845616741] DEBUG c.g.d.z.s.o.a.h.c.h.i.c.MainClientExec - ex-0000010C: executing GET /v1.32/containers/5d86980e65d9c515d2597047a711a853b85d719d97488e0dc73c191acec2017d/logs?stdout=true&stderr=true&follow=true&since=0 HTTP/1.1
2024-07-24 14:30:57.173 [docker-java-stream--845616741] DEBUG c.g.d.z.s.o.a.h.c.h.i.c.InternalHttpClient - ep-0000010B: start execution ex-0000010C
2024-07-24 14:30:57.173 [docker-java-stream--845616741] DEBUG c.g.d.z.s.o.a.h.c.h.i.i.PoolingHttpClientConnectionManager - ep-0000010B: executing exchange ex-0000010C over http-outgoing-24
2024-07-24 14:30:57.173 [docker-java-stream--845616741] DEBUG c.g.d.z.s.o.a.h.client5.http.headers - http-outgoing-24 >> GET /v1.32/containers/5d86980e65d9c515d2597047a711a853b85d719d97488e0dc73c191acec2017d/logs?stdout=true&stderr=true&follow=true&since=0 HTTP/1.1
2024-07-24 14:30:57.173 [docker-java-stream--845616741] DEBUG c.g.d.z.s.o.a.h.client5.http.headers - http-outgoing-24 >> x-tc-sid: 280e6229-7396-4d60-b1e3-a5de48b5d49b
2024-07-24 14:30:57.173 [docker-java-stream--845616741] DEBUG c.g.d.z.s.o.a.h.client5.http.headers - http-outgoing-24 >> User-Agent: tc-java/1.19.8
2024-07-24 14:30:57.173 [docker-java-stream--845616741] DEBUG c.g.d.z.s.o.a.h.client5.http.headers - http-outgoing-24 >> Accept-Encoding: gzip, x-gzip, deflate
2024-07-24 14:30:57.173 [docker-java-stream--845616741] DEBUG c.g.d.z.s.o.a.h.client5.http.headers - http-outgoing-24 >> Host: localhost:2375
2024-07-24 14:30:57.173 [docker-java-stream--845616741] DEBUG c.g.d.z.s.o.a.h.client5.http.headers - http-outgoing-24 >> Connection: keep-alive
2024-07-24 14:30:57.173 [docker-java-stream--845616741] DEBUG c.g.d.z.s.o.a.hc.client5.http.wire - http-outgoing-24 >> "GET /v1.32/containers/5d86980e65d9c515d2597047a711a853b85d719d97488e0dc73c191acec2017d/logs?stdout=true&stderr=true&follow=true&since=0 HTTP/1.1[\r][\n]"
2024-07-24 14:30:57.173 [docker-java-stream--845616741] DEBUG c.g.d.z.s.o.a.hc.client5.http.wire - http-outgoing-24 >> "x-tc-sid: 280e6229-7396-4d60-b1e3-a5de48b5d49b[\r][\n]"
2024-07-24 14:30:57.173 [docker-java-stream--845616741] DEBUG c.g.d.z.s.o.a.hc.client5.http.wire - http-outgoing-24 >> "User-Agent: tc-java/1.19.8[\r][\n]"
2024-07-24 14:30:57.173 [docker-java-stream--845616741] DEBUG c.g.d.z.s.o.a.hc.client5.http.wire - http-outgoing-24 >> "Accept-Encoding: gzip, x-gzip, deflate[\r][\n]"
2024-07-24 14:30:57.173 [docker-java-stream--845616741] DEBUG c.g.d.z.s.o.a.hc.client5.http.wire - http-outgoing-24 >> "Host: localhost:2375[\r][\n]"
2024-07-24 14:30:57.173 [docker-java-stream--845616741] DEBUG c.g.d.z.s.o.a.hc.client5.http.wire - http-outgoing-24 >> "Connection: keep-alive[\r][\n]"
2024-07-24 14:30:57.173 [docker-java-stream--845616741] DEBUG c.g.d.z.s.o.a.hc.client5.http.wire - http-outgoing-24 >> "[\r][\n]"
2024-07-24 14:30:57.177 [docker-java-stream--845616741] DEBUG c.g.d.z.s.o.a.hc.client5.http.wire - http-outgoing-24 << "HTTP/1.1 200 OK[\r][\n]"
2024-07-24 14:30:57.177 [docker-java-stream--845616741] DEBUG c.g.d.z.s.o.a.hc.client5.http.wire - http-outgoing-24 << "Api-Version: 1.45[\r][\n]"
2024-07-24 14:30:57.177 [docker-java-stream--845616741] DEBUG c.g.d.z.s.o.a.hc.client5.http.wire - http-outgoing-24 << "Content-Type: application/vnd.docker.raw-stream[\r][\n]"
2024-07-24 14:30:57.177 [docker-java-stream--845616741] DEBUG c.g.d.z.s.o.a.hc.client5.http.wire - http-outgoing-24 << "Date: Wed, 24 Jul 2024 02:30:57 GMT[\r][\n]"
2024-07-24 14:30:57.177 [docker-java-stream--845616741] DEBUG c.g.d.z.s.o.a.hc.client5.http.wire - http-outgoing-24 << "Docker-Experimental: false[\r][\n]"
2024-07-24 14:30:57.177 [docker-java-stream--845616741] DEBUG c.g.d.z.s.o.a.hc.client5.http.wire - http-outgoing-24 << "Ostype: linux[\r][\n]"
2024-07-24 14:30:57.177 [docker-java-stream--845616741] DEBUG c.g.d.z.s.o.a.hc.client5.http.wire - http-outgoing-24 << "Server: Docker/26.0.0 (linux)[\r][\n]"
2024-07-24 14:30:57.177 [docker-java-stream--845616741] DEBUG c.g.d.z.s.o.a.hc.client5.http.wire - http-outgoing-24 << "Transfer-Encoding: chunked[\r][\n]"
2024-07-24 14:30:57.177 [docker-java-stream--845616741] DEBUG c.g.d.z.s.o.a.hc.client5.http.wire - http-outgoing-24 << "[\r][\n]"
2024-07-24 14:30:57.177 [docker-java-stream--845616741] DEBUG c.g.d.z.s.o.a.h.client5.http.headers - http-outgoing-24 << HTTP/1.1 200 OK
2024-07-24 14:30:57.177 [docker-java-stream--845616741] DEBUG c.g.d.z.s.o.a.h.client5.http.headers - http-outgoing-24 << Api-Version: 1.45
2024-07-24 14:30:57.177 [docker-java-stream--845616741] DEBUG c.g.d.z.s.o.a.h.client5.http.headers - http-outgoing-24 << Content-Type: application/vnd.docker.raw-stream
2024-07-24 14:30:57.177 [docker-java-stream--845616741] DEBUG c.g.d.z.s.o.a.h.client5.http.headers - http-outgoing-24 << Date: Wed, 24 Jul 2024 02:30:57 GMT
2024-07-24 14:30:57.177 [docker-java-stream--845616741] DEBUG c.g.d.z.s.o.a.h.client5.http.headers - http-outgoing-24 << Docker-Experimental: false
2024-07-24 14:30:57.177 [docker-java-stream--845616741] DEBUG c.g.d.z.s.o.a.h.client5.http.headers - http-outgoing-24 << Ostype: linux
2024-07-24 14:30:57.177 [docker-java-stream--845616741] DEBUG c.g.d.z.s.o.a.h.client5.http.headers - http-outgoing-24 << Server: Docker/26.0.0 (linux)
2024-07-24 14:30:57.177 [docker-java-stream--845616741] DEBUG c.g.d.z.s.o.a.h.client5.http.headers - http-outgoing-24 << Transfer-Encoding: chunked
2024-07-24 14:30:57.177 [docker-java-stream--845616741] DEBUG c.g.d.z.s.o.a.h.c.h.i.c.MainClientExec - ex-0000010C: connection can be kept alive for 3 MINUTES
2024-07-24 14:30:57.177 [docker-java-stream--845616741] DEBUG c.g.d.z.s.o.a.hc.client5.http.wire - http-outgoing-24 << "265[\r][\n]"
2024-07-24 14:30:57.177 [docker-java-stream--845616741] DEBUG c.g.d.z.s.o.a.hc.client5.http.wire - http-outgoing-24 << "[0x1][0x0][0x0][0x0][0x0][0x0][0x0]NThe files belonging to this database system will be owned by user "postgres".[\n]"
2024-07-24 14:30:57.177 [docker-java-stream--845616741] DEBUG c.g.d.z.s.o.a.hc.client5.http.wire - http-outgoing-24 << "[0x1][0x0][0x0][0x0][0x0][0x0][0x0],This user must also own the server process.[\n]"
2024-07-24 14:30:57.177 [docker-java-stream--845616741] DEBUG c.g.d.z.s.o.a.hc.client5.http.wire - http-outgoing-24 << "[0x1][0x0][0x0][0x0][0x0][0x0][0x0][0x1][\n]"
2024-07-24 14:30:57.177 [docker-java-stream--845616741] DEBUG c.g.d.z.s.o.a.hc.client5.http.wire - http-outgoing-24 << "[0x1][0x0][0x0][0x0][0x0][0x0][0x0]CThe database cluster will be initialized with locale "en_US.utf8".[\n]"
2024-07-24 14:30:57.177 [docker-java-stream--845616741] DEBUG c.g.d.z.s.o.a.hc.client5.http.wire - http-outgoing-24 << "[0x1][0x0][0x0][0x0][0x0][0x0][0x0]BThe default database encoding has accordingly been set to "UTF8".[\n]"
2024-07-24 14:30:57.177 [docker-java-stream--845616741] DEBUG c.g.d.z.s.o.a.hc.client5.http.wire - http-outgoing-24 << "[0x1][0x0][0x0][0x0][0x0][0x0][0x0]@The default text search configuration will be set to "english".[\n]"
2024-07-24 14:30:57.177 [docker-java-stream--845616741] DEBUG c.g.d.z.s.o.a.hc.client5.http.wire - http-outgoing-24 << "[0x1][0x0][0x0][0x0][0x0][0x0][0x0][0x1][\n]"
2024-07-24 14:30:57.177 [docker-java-stream--845616741] DEBUG c.g.d.z.s.o.a.hc.client5.http.wire - http-outgoing-24 << "[0x1][0x0][0x0][0x0][0x0][0x0][0x0]"Data page checksums are disabled.[\n]"
2024-07-24 14:30:57.177 [docker-java-stream--845616741] DEBUG c.g.d.z.s.o.a.hc.client5.http.wire - http-outgoing-24 << "[0x1][0x0][0x0][0x0][0x0][0x0][0x0][0x1][\n]"
2024-07-24 14:30:57.177 [docker-java-stream--845616741] DEBUG c.g.d.z.s.o.a.hc.client5.http.wire - http-outgoing-24 << "[0x1][0x0][0x0][0x0][0x0][0x0][0x0]Ifixing permissions on existing directory /var/lib/postgresql/data ... ok[\n]"
2024-07-24 14:30:57.177 [docker-java-stream--845616741] DEBUG c.g.d.z.s.o.a.hc.client5.http.wire - http-outgoing-24 << "[0x1][0x0][0x0][0x0][0x0][0x0][0x0][0x1f]creating subdirectories ... ok[\n]"
2024-07-24 14:30:57.177 [docker-java-stream--845616741] DEBUG c.g.d.z.s.o.a.hc.client5.http.wire - http-outgoing-24 << "[0x1][0x0][0x0][0x0][0x0][0x0][0x0]9selecting dynamic shared memory implementation ... posix[\n]"
2024-07-24 14:30:57.177 [docker-java-stream--845616741] DEBUG c.g.d.z.s.o.a.hc.client5.http.wire - http-outgoing-24 << "[\r][\n]"
2024-07-24 14:30:57.178 [Test worker] DEBUG o.t.c.output.WaitingConsumer - STDOUT: 
2024-07-24 14:30:57.178 [Test worker] DEBUG o.t.c.output.WaitingConsumer - STDOUT: selecting dynamic shared memory implementation ... posix
2024-07-24 14:30:57.178 [Test worker] DEBUG o.t.c.output.WaitingConsumer - STDOUT: creating subdirectories ... ok
2024-07-24 14:30:57.178 [Test worker] DEBUG o.t.c.output.WaitingConsumer - STDOUT: fixing permissions on existing directory /var/lib/postgresql/data ... ok
2024-07-24 14:30:57.178 [Test worker] DEBUG o.t.c.output.WaitingConsumer - STDOUT: 
2024-07-24 14:30:57.178 [Test worker] DEBUG o.t.c.output.WaitingConsumer - STDOUT: Data page checksums are disabled.
2024-07-24 14:30:57.178 [Test worker] DEBUG o.t.c.output.WaitingConsumer - STDOUT: 
2024-07-24 14:30:57.178 [Test worker] DEBUG o.t.c.output.WaitingConsumer - STDOUT: The default text search configuration will be set to "english".
2024-07-24 14:30:57.178 [Test worker] DEBUG o.t.c.output.WaitingConsumer - STDOUT: The default database encoding has accordingly been set to "UTF8".
2024-07-24 14:30:57.178 [Test worker] DEBUG o.t.c.output.WaitingConsumer - STDOUT: The database cluster will be initialized with locale "en_US.utf8".
2024-07-24 14:30:57.178 [Test worker] DEBUG o.t.c.output.WaitingConsumer - STDOUT: This user must also own the server process.
2024-07-24 14:30:57.178 [Test worker] DEBUG o.t.c.output.WaitingConsumer - STDOUT: The files belonging to this database system will be owned by user "postgres".
2024-07-24 14:30:57.196 [docker-java-stream--845616741] DEBUG c.g.d.z.s.o.a.hc.client5.http.wire - http-outgoing-24 << "32[\r][\n]"
2024-07-24 14:30:57.196 [docker-java-stream--845616741] DEBUG c.g.d.z.s.o.a.hc.client5.http.wire - http-outgoing-24 << "[0x1][0x0][0x0][0x0][0x0][0x0][0x0]*selecting default max_connections ... 100[\n]"
2024-07-24 14:30:57.196 [docker-java-stream--845616741] DEBUG c.g.d.z.s.o.a.hc.client5.http.wire - http-outgoing-24 << "[\r][\n]"
2024-07-24 14:30:57.199 [Test worker] DEBUG o.t.c.output.WaitingConsumer - STDOUT: selecting default max_connections ... 100
2024-07-24 14:30:57.222 [docker-java-stream--845616741] DEBUG c.g.d.z.s.o.a.hc.client5.http.wire - http-outgoing-24 << "33[\r][\n]"
2024-07-24 14:30:57.222 [docker-java-stream--845616741] DEBUG c.g.d.z.s.o.a.hc.client5.http.wire - http-outgoing-24 << "[0x1][0x0][0x0][0x0][0x0][0x0][0x0]+selecting default shared_buffers ... 128MB[\n]"
2024-07-24 14:30:57.222 [docker-java-stream--845616741] DEBUG c.g.d.z.s.o.a.hc.client5.http.wire - http-outgoing-24 << "[\r][\n]"
2024-07-24 14:30:57.222 [Test worker] DEBUG o.t.c.output.WaitingConsumer - STDOUT: selecting default shared_buffers ... 128MB
2024-07-24 14:30:57.242 [docker-java-stream--845616741] DEBUG c.g.d.z.s.o.a.hc.client5.http.wire - http-outgoing-24 << "5c[\r][\n]"
2024-07-24 14:30:57.242 [docker-java-stream--845616741] DEBUG c.g.d.z.s.o.a.hc.client5.http.wire - http-outgoing-24 << "[0x1][0x0][0x0][0x0][0x0][0x0][0x0](selecting default time zone ... Etc/UTC[\n]"
2024-07-24 14:30:57.242 [docker-java-stream--845616741] DEBUG c.g.d.z.s.o.a.hc.client5.http.wire - http-outgoing-24 << "[0x1][0x0][0x0][0x0][0x0][0x0][0x0]$creating configuration files ... ok[\n]"
2024-07-24 14:30:57.242 [docker-java-stream--845616741] DEBUG c.g.d.z.s.o.a.hc.client5.http.wire - http-outgoing-24 << "[\r][\n]"
2024-07-24 14:30:57.245 [Test worker] DEBUG o.t.c.output.WaitingConsumer - STDOUT: creating configuration files ... ok
2024-07-24 14:30:57.245 [Test worker] DEBUG o.t.c.output.WaitingConsumer - STDOUT: selecting default time zone ... Etc/UTC
2024-07-24 14:30:57.383 [docker-java-stream--845616741] DEBUG c.g.d.z.s.o.a.hc.client5.http.wire - http-outgoing-24 << "28[\r][\n]"
2024-07-24 14:30:57.384 [docker-java-stream--845616741] DEBUG c.g.d.z.s.o.a.hc.client5.http.wire - http-outgoing-24 << "[0x1][0x0][0x0][0x0][0x0][0x0][0x0] running bootstrap script ... ok[\n]"
2024-07-24 14:30:57.384 [docker-java-stream--845616741] DEBUG c.g.d.z.s.o.a.hc.client5.http.wire - http-outgoing-24 << "[\r][\n]"
2024-07-24 14:30:57.384 [Test worker] DEBUG o.t.c.output.WaitingConsumer - STDOUT: running bootstrap script ... ok
2024-07-24 14:30:57.703 [docker-java-stream--845616741] DEBUG c.g.d.z.s.o.a.hc.client5.http.wire - http-outgoing-24 << "38[\r][\n]"
2024-07-24 14:30:57.703 [docker-java-stream--845616741] DEBUG c.g.d.z.s.o.a.hc.client5.http.wire - http-outgoing-24 << "[0x1][0x0][0x0][0x0][0x0][0x0][0x0]0performing post-bootstrap initialization ... ok[\n]"
2024-07-24 14:30:57.703 [docker-java-stream--845616741] DEBUG c.g.d.z.s.o.a.hc.client5.http.wire - http-outgoing-24 << "[\r][\n]"
2024-07-24 14:30:57.703 [Test worker] DEBUG o.t.c.output.WaitingConsumer - STDOUT: performing post-bootstrap initialization ... ok
2024-07-24 14:30:58.143 [docker-java-stream--845616741] DEBUG c.g.d.z.s.o.a.hc.client5.http.wire - http-outgoing-24 << "1ad[\r][\n]"
2024-07-24 14:30:58.143 [docker-java-stream--845616741] DEBUG c.g.d.z.s.o.a.hc.client5.http.wire - http-outgoing-24 << "[0x1][0x0][0x0][0x0][0x0][0x0][0x0][0x1c]syncing data to disk ... ok[\n]"
2024-07-24 14:30:58.143 [docker-java-stream--845616741] DEBUG c.g.d.z.s.o.a.hc.client5.http.wire - http-outgoing-24 << "[0x1][0x0][0x0][0x0][0x0][0x0][0x0][0x1][\n]"
2024-07-24 14:30:58.143 [docker-java-stream--845616741] DEBUG c.g.d.z.s.o.a.hc.client5.http.wire - http-outgoing-24 << "[0x1][0x0][0x0][0x0][0x0][0x0][0x0][0x1][\n]"
2024-07-24 14:30:58.143 [docker-java-stream--845616741] DEBUG c.g.d.z.s.o.a.hc.client5.http.wire - http-outgoing-24 << "[0x1][0x0][0x0][0x0][0x0][0x0][0x0]6Success. You can now start the database server using:[\n]"
2024-07-24 14:30:58.143 [docker-java-stream--845616741] DEBUG c.g.d.z.s.o.a.hc.client5.http.wire - http-outgoing-24 << "[0x1][0x0][0x0][0x0][0x0][0x0][0x0][0x1][\n]"
2024-07-24 14:30:58.143 [docker-java-stream--845616741] DEBUG c.g.d.z.s.o.a.hc.client5.http.wire - http-outgoing-24 << "[0x1][0x0][0x0][0x0][0x0][0x0][0x0]8    pg_ctl -D /var/lib/postgresql/data -l logfile start[\n]"
2024-07-24 14:30:58.143 [docker-java-stream--845616741] DEBUG c.g.d.z.s.o.a.hc.client5.http.wire - http-outgoing-24 << "[0x1][0x0][0x0][0x0][0x0][0x0][0x0][0x1][\n]"
2024-07-24 14:30:58.143 [docker-java-stream--845616741] DEBUG c.g.d.z.s.o.a.hc.client5.http.wire - http-outgoing-24 << "[0x2][0x0][0x0][0x0][0x0][0x0][0x0]Ginitdb: warning: enabling "trust" authentication for local connections[\n]"
2024-07-24 14:30:58.143 [docker-java-stream--845616741] DEBUG c.g.d.z.s.o.a.hc.client5.http.wire - http-outgoing-24 << "[0x2][0x0][0x0][0x0][0x0][0x0][0x0][0xffffff90]initdb: hint: You can change this by editing pg_hba.conf or using the option -A, or --auth-local and --auth-host, the next time you run initdb.[\n]"
2024-07-24 14:30:58.143 [docker-java-stream--845616741] DEBUG c.g.d.z.s.o.a.hc.client5.http.wire - http-outgoing-24 << "[\r][\n]"
2024-07-24 14:30:58.144 [Test worker] DEBUG o.t.c.output.WaitingConsumer - STDOUT: 
2024-07-24 14:30:58.144 [Test worker] DEBUG o.t.c.output.WaitingConsumer - STDERR: initdb: hint: You can change this by editing pg_hba.conf or using the option -A, or --auth-local and --auth-host, the next time you run initdb.
2024-07-24 14:30:58.144 [Test worker] DEBUG o.t.c.output.WaitingConsumer - STDERR: initdb: warning: enabling "trust" authentication for local connections
2024-07-24 14:30:58.144 [Test worker] DEBUG o.t.c.output.WaitingConsumer - STDOUT: 
2024-07-24 14:30:58.144 [Test worker] DEBUG o.t.c.output.WaitingConsumer - STDOUT:     pg_ctl -D /var/lib/postgresql/data -l logfile start
2024-07-24 14:30:58.144 [Test worker] DEBUG o.t.c.output.WaitingConsumer - STDOUT: 
2024-07-24 14:30:58.144 [Test worker] DEBUG o.t.c.output.WaitingConsumer - STDOUT: Success. You can now start the database server using:
2024-07-24 14:30:58.144 [Test worker] DEBUG o.t.c.output.WaitingConsumer - STDOUT: 
2024-07-24 14:30:58.144 [Test worker] DEBUG o.t.c.output.WaitingConsumer - STDOUT: syncing data to disk ... ok
2024-07-24 14:30:58.183 [docker-java-stream--845616741] DEBUG c.g.d.z.s.o.a.hc.client5.http.wire - http-outgoing-24 << "137[\r][\n]"
2024-07-24 14:30:58.183 [docker-java-stream--845616741] DEBUG c.g.d.z.s.o.a.hc.client5.http.wire - http-outgoing-24 << "[0x1][0x0][0x0][0x0][0x0][0x0][0x0][0xffffffc3]waiting for server to start....2024-07-24 02:30:58.182 UTC [48] LOG:  starting PostgreSQL 16.2 (Debian 16.2-1.pgdg120+2) on x86_64-pc-linux-gnu, compiled by gcc (Debian 12.2.0-14) 12.2.0, 64-bit[\n]"
2024-07-24 14:30:58.183 [docker-java-stream--845616741] DEBUG c.g.d.z.s.o.a.hc.client5.http.wire - http-outgoing-24 << "[0x1][0x0][0x0][0x0][0x0][0x0][0x0]d2024-07-24 02:30:58.182 UTC [48] LOG:  listening on Unix socket "/var/run/postgresql/.s.PGSQL.5432"[\n]"
2024-07-24 14:30:58.183 [docker-java-stream--845616741] DEBUG c.g.d.z.s.o.a.hc.client5.http.wire - http-outgoing-24 << "[\r][\n]"
2024-07-24 14:30:58.183 [Test worker] DEBUG o.t.c.output.WaitingConsumer - STDOUT: 2024-07-24 02:30:58.182 UTC [48] LOG:  listening on Unix socket "/var/run/postgresql/.s.PGSQL.5432"
2024-07-24 14:30:58.183 [Test worker] DEBUG o.t.c.output.WaitingConsumer - STDOUT: waiting for server to start....2024-07-24 02:30:58.182 UTC [48] LOG:  starting PostgreSQL 16.2 (Debian 16.2-1.pgdg120+2) on x86_64-pc-linux-gnu, compiled by gcc (Debian 12.2.0-14) 12.2.0, 64-bit
2024-07-24 14:30:58.185 [docker-java-stream--845616741] DEBUG c.g.d.z.s.o.a.hc.client5.http.wire - http-outgoing-24 << "68[\r][\n]"
2024-07-24 14:30:58.185 [docker-java-stream--845616741] DEBUG c.g.d.z.s.o.a.hc.client5.http.wire - http-outgoing-24 << "[0x1][0x0][0x0][0x0][0x0][0x0][0x0]`2024-07-24 02:30:58.184 UTC [51] LOG:  database system was shut down at 2024-07-24 02:30:57 UTC[\n]"
2024-07-24 14:30:58.185 [docker-java-stream--845616741] DEBUG c.g.d.z.s.o.a.hc.client5.http.wire - http-outgoing-24 << "[\r][\n]"
2024-07-24 14:30:58.188 [docker-java-stream--845616741] DEBUG c.g.d.z.s.o.a.hc.client5.http.wire - http-outgoing-24 << "5e[\r][\n]"
2024-07-24 14:30:58.188 [docker-java-stream--845616741] DEBUG c.g.d.z.s.o.a.hc.client5.http.wire - http-outgoing-24 << "[0x1][0x0][0x0][0x0][0x0][0x0][0x0]V2024-07-24 02:30:58.188 UTC [48] LOG:  database system is ready to accept connections[\n]"
2024-07-24 14:30:58.188 [docker-java-stream--845616741] DEBUG c.g.d.z.s.o.a.hc.client5.http.wire - http-outgoing-24 << "[\r][\n]"
2024-07-24 14:30:58.202 [Test worker] DEBUG o.t.c.output.WaitingConsumer - STDOUT: 2024-07-24 02:30:58.188 UTC [48] LOG:  database system is ready to accept connections
2024-07-24 14:30:58.202 [Test worker] DEBUG o.t.c.output.WaitingConsumer - STDOUT: 2024-07-24 02:30:58.184 UTC [51] LOG:  database system was shut down at 2024-07-24 02:30:57 UTC
2024-07-24 14:30:58.267 [docker-java-stream--845616741] DEBUG c.g.d.z.s.o.a.hc.client5.http.wire - http-outgoing-24 << "25[\r][\n]"
2024-07-24 14:30:58.267 [docker-java-stream--845616741] DEBUG c.g.d.z.s.o.a.hc.client5.http.wire - http-outgoing-24 << "[0x1][0x0][0x0][0x0][0x0][0x0][0x0][0x6] done[\n]"
2024-07-24 14:30:58.267 [docker-java-stream--845616741] DEBUG c.g.d.z.s.o.a.hc.client5.http.wire - http-outgoing-24 << "[0x1][0x0][0x0][0x0][0x0][0x0][0x0][0xf]server started[\n]"
2024-07-24 14:30:58.267 [docker-java-stream--845616741] DEBUG c.g.d.z.s.o.a.hc.client5.http.wire - http-outgoing-24 << "[\r][\n]"
2024-07-24 14:30:58.267 [Test worker] DEBUG o.t.c.output.WaitingConsumer - STDOUT: server started
2024-07-24 14:30:58.267 [Test worker] DEBUG o.t.c.output.WaitingConsumer - STDOUT:  done
2024-07-24 14:30:58.356 [docker-java-stream--845616741] DEBUG c.g.d.z.s.o.a.hc.client5.http.wire - http-outgoing-24 << "18[\r][\n]"
2024-07-24 14:30:58.356 [docker-java-stream--845616741] DEBUG c.g.d.z.s.o.a.hc.client5.http.wire - http-outgoing-24 << "[0x1][0x0][0x0][0x0][0x0][0x0][0x0][0x10]CREATE DATABASE[\n]"
2024-07-24 14:30:58.356 [docker-java-stream--845616741] DEBUG c.g.d.z.s.o.a.hc.client5.http.wire - http-outgoing-24 << "[\r][\n]"
2024-07-24 14:30:58.356 [Test worker] DEBUG o.t.c.output.WaitingConsumer - STDOUT: CREATE DATABASE
2024-07-24 14:30:58.357 [docker-java-stream--845616741] DEBUG c.g.d.z.s.o.a.hc.client5.http.wire - http-outgoing-24 << "9[\r][\n]"
2024-07-24 14:30:58.357 [docker-java-stream--845616741] DEBUG c.g.d.z.s.o.a.hc.client5.http.wire - http-outgoing-24 << "[0x1][0x0][0x0][0x0][0x0][0x0][0x0][0x1][\n]"
2024-07-24 14:30:58.357 [docker-java-stream--845616741] DEBUG c.g.d.z.s.o.a.hc.client5.http.wire - http-outgoing-24 << "[\r][\n]"
2024-07-24 14:30:58.357 [docker-java-stream--845616741] DEBUG c.g.d.z.s.o.a.hc.client5.http.wire - http-outgoing-24 << "66[\r][\n]"
2024-07-24 14:30:58.357 [docker-java-stream--845616741] DEBUG c.g.d.z.s.o.a.hc.client5.http.wire - http-outgoing-24 << "[0x1][0x0][0x0][0x0][0x0][0x0][0x0][0x1][\n]"
2024-07-24 14:30:58.357 [docker-java-stream--845616741] DEBUG c.g.d.z.s.o.a.hc.client5.http.wire - http-outgoing-24 << "[0x1][0x0][0x0][0x0][0x0][0x0][0x0]L/usr/local/bin/docker-entrypoint.sh: ignoring /docker-entrypoint-initdb.d/*[\n]"
2024-07-24 14:30:58.357 [docker-java-stream--845616741] DEBUG c.g.d.z.s.o.a.hc.client5.http.wire - http-outgoing-24 << "[0x1][0x0][0x0][0x0][0x0][0x0][0x0][0x1][\n]"
2024-07-24 14:30:58.357 [docker-java-stream--845616741] DEBUG c.g.d.z.s.o.a.hc.client5.http.wire - http-outgoing-24 << "[\r][\n]"
2024-07-24 14:30:58.358 [docker-java-stream--845616741] DEBUG c.g.d.z.s.o.a.hc.client5.http.wire - http-outgoing-24 << "c0[\r][\n]"
2024-07-24 14:30:58.359 [docker-java-stream--845616741] DEBUG c.g.d.z.s.o.a.hc.client5.http.wire - http-outgoing-24 << "[0x1][0x0][0x0][0x0][0x0][0x0][0x0]hwaiting for server to shut down...2024-07-24 02:30:58.358 UTC [48] LOG:  received fast shutdown request[\n]"
2024-07-24 14:30:58.359 [docker-java-stream--845616741] DEBUG c.g.d.z.s.o.a.hc.client5.http.wire - http-outgoing-24 << "[0x1][0x0][0x0][0x0][0x0][0x0][0x0]H2024-07-24 02:30:58.358 UTC [48] LOG:  aborting any active transactions[\n]"
2024-07-24 14:30:58.359 [docker-java-stream--845616741] DEBUG c.g.d.z.s.o.a.hc.client5.http.wire - http-outgoing-24 << "[\r][\n]"
2024-07-24 14:30:58.360 [docker-java-stream--845616741] DEBUG c.g.d.z.s.o.a.hc.client5.http.wire - http-outgoing-24 << "82[\r][\n]"
2024-07-24 14:30:58.360 [docker-java-stream--845616741] DEBUG c.g.d.z.s.o.a.hc.client5.http.wire - http-outgoing-24 << "[0x1][0x0][0x0][0x0][0x0][0x0][0x0]z.2024-07-24 02:30:58.360 UTC [48] LOG:  background worker "logical replication launcher" (PID 54) exited with exit code 1[\n]"
2024-07-24 14:30:58.360 [docker-java-stream--845616741] DEBUG c.g.d.z.s.o.a.hc.client5.http.wire - http-outgoing-24 << "[\r][\n]"
2024-07-24 14:30:58.361 [docker-java-stream--845616741] DEBUG c.g.d.z.s.o.a.hc.client5.http.wire - http-outgoing-24 << "94[\r][\n]"
2024-07-24 14:30:58.361 [docker-java-stream--845616741] DEBUG c.g.d.z.s.o.a.hc.client5.http.wire - http-outgoing-24 << "[0x1][0x0][0x0][0x0][0x0][0x0][0x0]52024-07-24 02:30:58.360 UTC [49] LOG:  shutting down[\n]"
2024-07-24 14:30:58.361 [docker-java-stream--845616741] DEBUG c.g.d.z.s.o.a.hc.client5.http.wire - http-outgoing-24 << "[0x1][0x0][0x0][0x0][0x0][0x0][0x0]O2024-07-24 02:30:58.360 UTC [49] LOG:  checkpoint starting: shutdown immediate[\n]"
2024-07-24 14:30:58.361 [docker-java-stream--845616741] DEBUG c.g.d.z.s.o.a.hc.client5.http.wire - http-outgoing-24 << "[\r][\n]"
2024-07-24 14:30:58.370 [docker-java-stream--845616741] DEBUG c.g.d.z.s.o.a.hc.client5.http.wire - http-outgoing-24 << "12c[\r][\n]"
2024-07-24 14:30:58.370 [docker-java-stream--845616741] DEBUG c.g.d.z.s.o.a.hc.client5.http.wire - http-outgoing-24 << "[0x1][0x0][0x0][0x0][0x0][0x0][0x1]$2024-07-24 02:30:58.370 UTC [49] LOG:  checkpoint complete: wrote 923 buffers (5.6%); 0 WAL file(s) added, 0 removed, 0 recycled; write=0.009 s, sync=0.001 s, total=0.010 s; sync files=0, longest=0.000 s, average=0.000 s; distance=4257 kB, estimate=4257 kB; lsn=0/1913068, redo lsn=0/1913068[\n]"
2024-07-24 14:30:58.371 [docker-java-stream--845616741] DEBUG c.g.d.z.s.o.a.hc.client5.http.wire - http-outgoing-24 << "[\r][\n]"
2024-07-24 14:30:58.371 [Test worker] DEBUG o.t.c.output.WaitingConsumer - STDOUT: 2024-07-24 02:30:58.370 UTC [49] LOG:  checkpoint complete: wrote 923 buffers (5.6%); 0 WAL file(s) added, 0 removed, 0 recycled; write=0.009 s, sync=0.001 s, total=0.010 s; sync files=0, longest=0.000 s, average=0.000 s; distance=4257 kB, estimate=4257 kB; lsn=0/1913068, redo lsn=0/1913068
2024-07-24 14:30:58.371 [Test worker] DEBUG o.t.c.output.WaitingConsumer - STDOUT: 2024-07-24 02:30:58.360 UTC [49] LOG:  checkpoint starting: shutdown immediate
2024-07-24 14:30:58.371 [Test worker] DEBUG o.t.c.output.WaitingConsumer - STDOUT: 2024-07-24 02:30:58.360 UTC [49] LOG:  shutting down
2024-07-24 14:30:58.371 [Test worker] DEBUG o.t.c.output.WaitingConsumer - STDOUT: .2024-07-24 02:30:58.360 UTC [48] LOG:  background worker "logical replication launcher" (PID 54) exited with exit code 1
2024-07-24 14:30:58.371 [Test worker] DEBUG o.t.c.output.WaitingConsumer - STDOUT: 2024-07-24 02:30:58.358 UTC [48] LOG:  aborting any active transactions
2024-07-24 14:30:58.371 [Test worker] DEBUG o.t.c.output.WaitingConsumer - STDOUT: waiting for server to shut down...2024-07-24 02:30:58.358 UTC [48] LOG:  received fast shutdown request
2024-07-24 14:30:58.371 [Test worker] DEBUG o.t.c.output.WaitingConsumer - STDOUT: 
2024-07-24 14:30:58.371 [Test worker] DEBUG o.t.c.output.WaitingConsumer - STDOUT: /usr/local/bin/docker-entrypoint.sh: ignoring /docker-entrypoint-initdb.d/*
2024-07-24 14:30:58.371 [Test worker] DEBUG o.t.c.output.WaitingConsumer - STDOUT: 
2024-07-24 14:30:58.371 [Test worker] DEBUG o.t.c.output.WaitingConsumer - STDOUT: 
2024-07-24 14:30:58.380 [docker-java-stream--845616741] DEBUG c.g.d.z.s.o.a.hc.client5.http.wire - http-outgoing-24 << "4c[\r][\n]"
2024-07-24 14:30:58.380 [docker-java-stream--845616741] DEBUG c.g.d.z.s.o.a.hc.client5.http.wire - http-outgoing-24 << "[0x1][0x0][0x0][0x0][0x0][0x0][0x0]D2024-07-24 02:30:58.380 UTC [48] LOG:  database system is shut down[\n]"
2024-07-24 14:30:58.380 [docker-java-stream--845616741] DEBUG c.g.d.z.s.o.a.hc.client5.http.wire - http-outgoing-24 << "[\r][\n]"
2024-07-24 14:30:58.387 [Test worker] DEBUG o.t.c.output.WaitingConsumer - STDOUT: 2024-07-24 02:30:58.380 UTC [48] LOG:  database system is shut down
2024-07-24 14:30:58.459 [docker-java-stream--845616741] DEBUG c.g.d.z.s.o.a.hc.client5.http.wire - http-outgoing-24 << "25[\r][\n]"
2024-07-24 14:30:58.459 [docker-java-stream--845616741] DEBUG c.g.d.z.s.o.a.hc.client5.http.wire - http-outgoing-24 << "[0x1][0x0][0x0][0x0][0x0][0x0][0x0][0x6] done[\n]"
2024-07-24 14:30:58.459 [docker-java-stream--845616741] DEBUG c.g.d.z.s.o.a.hc.client5.http.wire - http-outgoing-24 << "[0x1][0x0][0x0][0x0][0x0][0x0][0x0][0xf]server stopped[\n]"
2024-07-24 14:30:58.459 [docker-java-stream--845616741] DEBUG c.g.d.z.s.o.a.hc.client5.http.wire - http-outgoing-24 << "[\r][\n]"
2024-07-24 14:30:58.459 [Test worker] DEBUG o.t.c.output.WaitingConsumer - STDOUT: server stopped
2024-07-24 14:30:58.459 [Test worker] DEBUG o.t.c.output.WaitingConsumer - STDOUT:  done
2024-07-24 14:30:58.461 [docker-java-stream--845616741] DEBUG c.g.d.z.s.o.a.hc.client5.http.wire - http-outgoing-24 << "50[\r][\n]"
2024-07-24 14:30:58.461 [docker-java-stream--845616741] DEBUG c.g.d.z.s.o.a.hc.client5.http.wire - http-outgoing-24 << "[0x1][0x0][0x0][0x0][0x0][0x0][0x0][0x1][\n]"
2024-07-24 14:30:58.461 [docker-java-stream--845616741] DEBUG c.g.d.z.s.o.a.hc.client5.http.wire - http-outgoing-24 << "[0x1][0x0][0x0][0x0][0x0][0x0][0x0]6PostgreSQL init process complete; ready for start up.[\n]"
2024-07-24 14:30:58.461 [docker-java-stream--845616741] DEBUG c.g.d.z.s.o.a.hc.client5.http.wire - http-outgoing-24 << "[0x1][0x0][0x0][0x0][0x0][0x0][0x0][0x1][\n]"
2024-07-24 14:30:58.461 [docker-java-stream--845616741] DEBUG c.g.d.z.s.o.a.hc.client5.http.wire - http-outgoing-24 << "[\r][\n]"
2024-07-24 14:30:58.479 [Test worker] DEBUG o.t.c.output.WaitingConsumer - STDOUT: 
2024-07-24 14:30:58.479 [Test worker] DEBUG o.t.c.output.WaitingConsumer - STDOUT: PostgreSQL init process complete; ready for start up.
2024-07-24 14:30:58.479 [Test worker] DEBUG o.t.c.output.WaitingConsumer - STDOUT: 
2024-07-24 14:30:58.479 [docker-java-stream--845616741] DEBUG c.g.d.z.s.o.a.hc.client5.http.wire - http-outgoing-24 << "1cb[\r][\n]"
2024-07-24 14:30:58.479 [docker-java-stream--845616741] DEBUG c.g.d.z.s.o.a.hc.client5.http.wire - http-outgoing-24 << "[0x2][0x0][0x0][0x0][0x0][0x0][0x0][0xffffffa3]2024-07-24 02:30:58.478 UTC [1] LOG:  starting PostgreSQL 16.2 (Debian 16.2-1.pgdg120+2) on x86_64-pc-linux-gnu, compiled by gcc (Debian 12.2.0-14) 12.2.0, 64-bit[\n]"
2024-07-24 14:30:58.479 [docker-java-stream--845616741] DEBUG c.g.d.z.s.o.a.hc.client5.http.wire - http-outgoing-24 << "[0x2][0x0][0x0][0x0][0x0][0x0][0x0]U2024-07-24 02:30:58.478 UTC [1] LOG:  listening on IPv4 address "0.0.0.0", port 5432[\n]"
2024-07-24 14:30:58.479 [docker-java-stream--845616741] DEBUG c.g.d.z.s.o.a.hc.client5.http.wire - http-outgoing-24 << "[0x2][0x0][0x0][0x0][0x0][0x0][0x0]P2024-07-24 02:30:58.478 UTC [1] LOG:  listening on IPv6 address "::", port 5432[\n]"
2024-07-24 14:30:58.479 [docker-java-stream--845616741] DEBUG c.g.d.z.s.o.a.hc.client5.http.wire - http-outgoing-24 << "[0x2][0x0][0x0][0x0][0x0][0x0][0x0]c2024-07-24 02:30:58.478 UTC [1] LOG:  listening on Unix socket "/var/run/postgresql/.s.PGSQL.5432"[\n]"
2024-07-24 14:30:58.479 [docker-java-stream--845616741] DEBUG c.g.d.z.s.o.a.hc.client5.http.wire - http-outgoing-24 << "[\r][\n]"
2024-07-24 14:30:58.482 [docker-java-stream--845616741] DEBUG c.g.d.z.s.o.a.hc.client5.http.wire - http-outgoing-24 << "68[\r][\n]"
2024-07-24 14:30:58.482 [docker-java-stream--845616741] DEBUG c.g.d.z.s.o.a.hc.client5.http.wire - http-outgoing-24 << "[0x2][0x0][0x0][0x0][0x0][0x0][0x0]`2024-07-24 02:30:58.481 UTC [64] LOG:  database system was shut down at 2024-07-24 02:30:58 UTC[\n]"
2024-07-24 14:30:58.482 [docker-java-stream--845616741] DEBUG c.g.d.z.s.o.a.hc.client5.http.wire - http-outgoing-24 << "[\r][\n]"
2024-07-24 14:30:58.485 [docker-java-stream--845616741] DEBUG c.g.d.z.s.o.a.hc.client5.http.wire - http-outgoing-24 << "5d[\r][\n]"
2024-07-24 14:30:58.485 [docker-java-stream--845616741] DEBUG c.g.d.z.s.o.a.hc.client5.http.wire - http-outgoing-24 << "[0x2][0x0][0x0][0x0][0x0][0x0][0x0]U2024-07-24 02:30:58.485 UTC [1] LOG:  database system is ready to accept connections[\n]"
2024-07-24 14:30:58.485 [docker-java-stream--845616741] DEBUG c.g.d.z.s.o.a.hc.client5.http.wire - http-outgoing-24 << "[\r][\n]"
2024-07-24 14:30:58.494 [Test worker] DEBUG o.t.c.output.WaitingConsumer - STDERR: 2024-07-24 02:30:58.485 UTC [1] LOG:  database system is ready to accept connections
2024-07-24 14:30:58.494 [Test worker] DEBUG c.g.d.z.s.o.a.h.c.h.i.c.InternalHttpClient - ep-0000010B: cancel
2024-07-24 14:30:58.494 [Test worker] DEBUG c.g.d.z.s.o.a.h.c.h.i.i.DefaultManagedHttpClientConnection - http-outgoing-24: close connection IMMEDIATE
2024-07-24 14:30:58.494 [Test worker] DEBUG c.g.d.z.s.o.a.h.c.h.i.c.InternalHttpClient - ep-0000010B: endpoint closed
2024-07-24 14:30:58.494 [Test worker] DEBUG c.g.d.z.s.o.a.h.c.h.i.c.InternalHttpClient - ep-0000010B: discarding endpoint
2024-07-24 14:30:58.494 [Test worker] DEBUG c.g.d.z.s.o.a.h.c.h.i.i.PoolingHttpClientConnectionManager - ep-0000010B: releasing endpoint
2024-07-24 14:30:58.494 [docker-java-stream--845616741] DEBUG c.g.d.z.s.o.a.hc.client5.http.wire - http-outgoing-24 << "end of stream"
2024-07-24 14:30:58.494 [Test worker] DEBUG c.g.d.z.s.o.a.h.c.h.i.i.PoolingHttpClientConnectionManager - ep-0000010B: connection is not kept alive
2024-07-24 14:30:58.494 [Test worker] DEBUG c.g.d.z.s.o.a.h.c.h.i.i.PoolingHttpClientConnectionManager - ep-0000010B: connection released [route: {}->npipe://localhost:2375][total available: 0; route allocated: 0 of 2147483647; total allocated: 0 of 2147483647]
2024-07-24 14:30:58.495 [Test worker] DEBUG c.g.d.z.s.o.a.hc.client5.http.wire - http-outgoing-24 << "[read] I/O error: java.nio.channels.ClosedChannelException"
2024-07-24 14:30:58.495 [docker-java-stream--845616741] DEBUG c.g.d.z.s.o.a.hc.client5.http.wire - http-outgoing-24 << "[read] I/O error: java.nio.channels.ClosedChannelException"
2024-07-24 14:30:58.495 [docker-java-stream--845616741] DEBUG c.g.d.z.ApacheDockerHttpClientImpl$ApacheResponse - Failed to close the response
java.io.IOException: java.nio.channels.ClosedChannelException
	at java.base/java.nio.channels.Channels$2.read(Channels.java:240)
	at com.github.dockerjava.zerodep.shaded.org.apache.hc.client5.http.impl.io.LoggingInputStream.read(LoggingInputStream.java:81)
	at com.github.dockerjava.zerodep.shaded.org.apache.hc.core5.http.impl.io.SessionInputBufferImpl.fillBuffer(SessionInputBufferImpl.java:149)
	at com.github.dockerjava.zerodep.shaded.org.apache.hc.core5.http.impl.io.SessionInputBufferImpl.readLine(SessionInputBufferImpl.java:280)
	at com.github.dockerjava.zerodep.shaded.org.apache.hc.core5.http.impl.io.ChunkedInputStream.getChunkSize(ChunkedInputStream.java:261)
	at com.github.dockerjava.zerodep.shaded.org.apache.hc.core5.http.impl.io.ChunkedInputStream.nextChunk(ChunkedInputStream.java:222)
	at com.github.dockerjava.zerodep.shaded.org.apache.hc.core5.http.impl.io.ChunkedInputStream.read(ChunkedInputStream.java:147)
	at com.github.dockerjava.zerodep.shaded.org.apache.hc.core5.http.impl.io.ChunkedInputStream.close(ChunkedInputStream.java:314)
	at com.github.dockerjava.zerodep.shaded.org.apache.hc.core5.io.Closer.close(Closer.java:48)
	at com.github.dockerjava.zerodep.shaded.org.apache.hc.core5.http.impl.io.IncomingHttpEntity.close(IncomingHttpEntity.java:111)
	at com.github.dockerjava.zerodep.shaded.org.apache.hc.core5.http.io.entity.HttpEntityWrapper.close(HttpEntityWrapper.java:120)
	at com.github.dockerjava.zerodep.shaded.org.apache.hc.core5.io.Closer.close(Closer.java:48)
	at com.github.dockerjava.zerodep.shaded.org.apache.hc.core5.http.message.BasicClassicHttpResponse.close(BasicClassicHttpResponse.java:93)
	at com.github.dockerjava.zerodep.shaded.org.apache.hc.client5.http.impl.classic.CloseableHttpResponse.close(CloseableHttpResponse.java:200)
	at com.github.dockerjava.zerodep.ApacheDockerHttpClientImpl$ApacheResponse.close(ApacheDockerHttpClientImpl.java:271)
	at org.testcontainers.shaded.com.github.dockerjava.core.DefaultInvocationBuilder.lambda$executeAndStream$1(DefaultInvocationBuilder.java:277)
	at java.base/java.lang.Thread.run(Thread.java:833)
Caused by: java.nio.channels.ClosedChannelException: null
	at java.base/sun.nio.ch.WindowsAsynchronousFileChannelImpl.implRead(WindowsAsynchronousFileChannelImpl.java:516)
	at java.base/sun.nio.ch.AsynchronousFileChannelImpl.read(AsynchronousFileChannelImpl.java:229)
	at com.github.dockerjava.transport.NamedPipeSocket$AsynchronousFileByteChannel.read(NamedPipeSocket.java:117)
	at java.base/java.nio.channels.Channels$2.read(Channels.java:238)
	... 16 common frames omitted
2024-07-24 14:30:58.495 [Test worker] DEBUG c.g.d.z.ApacheDockerHttpClientImpl$ApacheResponse - Failed to close the response
java.io.IOException: java.nio.channels.ClosedChannelException
	at java.base/java.nio.channels.Channels$2.read(Channels.java:240)
	at com.github.dockerjava.zerodep.shaded.org.apache.hc.client5.http.impl.io.LoggingInputStream.read(LoggingInputStream.java:81)
	at com.github.dockerjava.zerodep.shaded.org.apache.hc.core5.http.impl.io.SessionInputBufferImpl.fillBuffer(SessionInputBufferImpl.java:149)
	at com.github.dockerjava.zerodep.shaded.org.apache.hc.core5.http.impl.io.SessionInputBufferImpl.readLine(SessionInputBufferImpl.java:280)
	at com.github.dockerjava.zerodep.shaded.org.apache.hc.core5.http.impl.io.ChunkedInputStream.getChunkSize(ChunkedInputStream.java:261)
	at com.github.dockerjava.zerodep.shaded.org.apache.hc.core5.http.impl.io.ChunkedInputStream.nextChunk(ChunkedInputStream.java:222)
	at com.github.dockerjava.zerodep.shaded.org.apache.hc.core5.http.impl.io.ChunkedInputStream.read(ChunkedInputStream.java:147)
	at com.github.dockerjava.zerodep.shaded.org.apache.hc.core5.http.impl.io.ChunkedInputStream.close(ChunkedInputStream.java:314)
	at com.github.dockerjava.zerodep.shaded.org.apache.hc.core5.io.Closer.close(Closer.java:48)
	at com.github.dockerjava.zerodep.shaded.org.apache.hc.core5.http.impl.io.IncomingHttpEntity.close(IncomingHttpEntity.java:111)
	at com.github.dockerjava.zerodep.shaded.org.apache.hc.core5.http.io.entity.HttpEntityWrapper.close(HttpEntityWrapper.java:120)
	at com.github.dockerjava.zerodep.shaded.org.apache.hc.core5.io.Closer.close(Closer.java:48)
	at com.github.dockerjava.zerodep.shaded.org.apache.hc.core5.http.message.BasicClassicHttpResponse.close(BasicClassicHttpResponse.java:93)
	at com.github.dockerjava.zerodep.shaded.org.apache.hc.client5.http.impl.classic.CloseableHttpResponse.close(CloseableHttpResponse.java:200)
	at com.github.dockerjava.zerodep.ApacheDockerHttpClientImpl$ApacheResponse.close(ApacheDockerHttpClientImpl.java:271)
	at org.testcontainers.shaded.com.github.dockerjava.core.DefaultInvocationBuilder.lambda$null$0(DefaultInvocationBuilder.java:272)
	at com.github.dockerjava.api.async.ResultCallbackTemplate.close(ResultCallbackTemplate.java:77)
	at org.testcontainers.containers.output.FrameConsumerResultCallback.close(FrameConsumerResultCallback.java:69)
	at org.testcontainers.containers.wait.strategy.LogMessageWaitStrategy.waitUntilReady(LogMessageWaitStrategy.java:49)
	at org.testcontainers.containers.wait.strategy.AbstractWaitStrategy.waitUntilReady(AbstractWaitStrategy.java:52)
	at org.testcontainers.containers.PostgreSQLContainer.waitUntilContainerStarted(PostgreSQLContainer.java:149)
	at org.testcontainers.containers.GenericContainer.tryStart(GenericContainer.java:500)
	at org.testcontainers.containers.GenericContainer.lambda$doStart$0(GenericContainer.java:354)
	at org.rnorth.ducttape.unreliables.Unreliables.retryUntilSuccess(Unreliables.java:81)
	at org.testcontainers.containers.GenericContainer.doStart(GenericContainer.java:344)
	at org.testcontainers.containers.GenericContainer.start(GenericContainer.java:330)
	at com.unitedApi.WorkedOnDAOTest.<init>(WorkedOnDAOTest.kt:59)
	at java.base/jdk.internal.reflect.NativeConstructorAccessorImpl.newInstance0(Native Method)
	at java.base/jdk.internal.reflect.NativeConstructorAccessorImpl.newInstance(NativeConstructorAccessorImpl.java:77)
	at java.base/jdk.internal.reflect.DelegatingConstructorAccessorImpl.newInstance(DelegatingConstructorAccessorImpl.java:45)
	at java.base/java.lang.reflect.Constructor.newInstanceWithCaller(Constructor.java:499)
	at java.base/java.lang.reflect.Constructor.newInstance(Constructor.java:480)
	at org.junit.runners.BlockJUnit4ClassRunner.createTest(BlockJUnit4ClassRunner.java:250)
	at org.junit.runners.BlockJUnit4ClassRunner.createTest(BlockJUnit4ClassRunner.java:260)
	at org.junit.runners.BlockJUnit4ClassRunner$2.runReflectiveCall(BlockJUnit4ClassRunner.java:309)
	at org.junit.internal.runners.model.ReflectiveCallable.run(ReflectiveCallable.java:12)
	at org.junit.runners.BlockJUnit4ClassRunner.methodBlock(BlockJUnit4ClassRunner.java:306)
	at org.junit.runners.BlockJUnit4ClassRunner$1.evaluate(BlockJUnit4ClassRunner.java:100)
	at org.junit.runners.ParentRunner.runLeaf(ParentRunner.java:366)
	at org.junit.runners.BlockJUnit4ClassRunner.runChild(BlockJUnit4ClassRunner.java:103)
	at org.junit.runners.BlockJUnit4ClassRunner.runChild(BlockJUnit4ClassRunner.java:63)
	at org.junit.runners.ParentRunner$4.run(ParentRunner.java:331)
	at org.junit.runners.ParentRunner$1.schedule(ParentRunner.java:79)
	at org.junit.runners.ParentRunner.runChildren(ParentRunner.java:329)
	at org.junit.runners.ParentRunner.access$100(ParentRunner.java:66)
	at org.junit.runners.ParentRunner$2.evaluate(ParentRunner.java:293)
	at org.junit.runners.ParentRunner$3.evaluate(ParentRunner.java:306)
	at org.junit.runners.ParentRunner.run(ParentRunner.java:413)
	at org.gradle.api.internal.tasks.testing.junit.JUnitTestClassExecutor.runTestClass(JUnitTestClassExecutor.java:112)
	at org.gradle.api.internal.tasks.testing.junit.JUnitTestClassExecutor.execute(JUnitTestClassExecutor.java:58)
	at org.gradle.api.internal.tasks.testing.junit.JUnitTestClassExecutor.execute(JUnitTestClassExecutor.java:40)
	at org.gradle.api.internal.tasks.testing.junit.AbstractJUnitTestClassProcessor.processTestClass(AbstractJUnitTestClassProcessor.java:60)
	at org.gradle.api.internal.tasks.testing.SuiteTestClassProcessor.processTestClass(SuiteTestClassProcessor.java:52)
	at java.base/jdk.internal.reflect.NativeMethodAccessorImpl.invoke0(Native Method)
	at java.base/jdk.internal.reflect.NativeMethodAccessorImpl.invoke(NativeMethodAccessorImpl.java:77)
	at java.base/jdk.internal.reflect.DelegatingMethodAccessorImpl.invoke(DelegatingMethodAccessorImpl.java:43)
	at java.base/java.lang.reflect.Method.invoke(Method.java:568)
	at org.gradle.internal.dispatch.ReflectionDispatch.dispatch(ReflectionDispatch.java:36)
	at org.gradle.internal.dispatch.ReflectionDispatch.dispatch(ReflectionDispatch.java:24)
	at org.gradle.internal.dispatch.ContextClassLoaderDispatch.dispatch(ContextClassLoaderDispatch.java:33)
	at org.gradle.internal.dispatch.ProxyDispatchAdapter$DispatchingInvocationHandler.invoke(ProxyDispatchAdapter.java:94)
	at jdk.proxy1/jdk.proxy1.$Proxy2.processTestClass(Unknown Source)
	at org.gradle.api.internal.tasks.testing.worker.TestWorker$2.run(TestWorker.java:176)
	at org.gradle.api.internal.tasks.testing.worker.TestWorker.executeAndMaintainThreadName(TestWorker.java:129)
	at org.gradle.api.internal.tasks.testing.worker.TestWorker.execute(TestWorker.java:100)
	at org.gradle.api.internal.tasks.testing.worker.TestWorker.execute(TestWorker.java:60)
	at org.gradle.process.internal.worker.child.ActionExecutionWorker.execute(ActionExecutionWorker.java:56)
	at org.gradle.process.internal.worker.child.SystemApplicationClassLoaderWorker.call(SystemApplicationClassLoaderWorker.java:113)
	at org.gradle.process.internal.worker.child.SystemApplicationClassLoaderWorker.call(SystemApplicationClassLoaderWorker.java:65)
	at worker.org.gradle.process.internal.worker.GradleWorkerMain.run(GradleWorkerMain.java:69)
	at worker.org.gradle.process.internal.worker.GradleWorkerMain.main(GradleWorkerMain.java:74)
Caused by: java.nio.channels.ClosedChannelException: null
	at java.base/sun.nio.ch.WindowsAsynchronousFileChannelImpl.implRead(WindowsAsynchronousFileChannelImpl.java:516)
	at java.base/sun.nio.ch.AsynchronousFileChannelImpl.read(AsynchronousFileChannelImpl.java:229)
	at com.github.dockerjava.transport.NamedPipeSocket$AsynchronousFileByteChannel.read(NamedPipeSocket.java:117)
	at java.base/java.nio.channels.Channels$2.read(Channels.java:238)
	... 70 common frames omitted
2024-07-24 14:30:58.495 [Test worker] INFO  tc.postgres:latest - Container postgres:latest started in PT1.798529S
2024-07-24 14:30:58.495 [Test worker] INFO  tc.postgres:latest - Container is started (JDBC URL: jdbc:postgresql://localhost:51587/db?loggerLevel=OFF)
2024-07-24 14:30:58.496 [Test worker] INFO  org.testcontainers.ext.ScriptUtils - Executing database script from sql/init.sql
2024-07-24 14:30:58.497 [Test worker] DEBUG o.t.s.c.g.d.c.command.AbstrDockerCmd - Cmd: 5d86980e65d9c515d2597047a711a853b85d719d97488e0dc73c191acec2017d,false
2024-07-24 14:30:58.497 [Test worker] DEBUG o.t.s.c.g.d.c.e.InspectContainerCmdExec - GET: DefaultWebTarget{path=[/containers/5d86980e65d9c515d2597047a711a853b85d719d97488e0dc73c191acec2017d/json], queryParams={}}
2024-07-24 14:30:58.497 [Test worker] DEBUG c.g.d.z.s.o.a.h.c.h.i.c.InternalHttpClient - ex-0000010D: preparing request execution
2024-07-24 14:30:58.497 [Test worker] DEBUG c.g.d.z.s.o.a.h.c.h.p.RequestAddCookies - Cookie spec selected: strict
2024-07-24 14:30:58.497 [Test worker] DEBUG c.g.d.z.s.o.a.h.c.h.p.RequestAuthCache - Auth cache not set in the context
2024-07-24 14:30:58.497 [Test worker] DEBUG c.g.d.z.s.o.a.h.c.h.i.c.ProtocolExec - ex-0000010D: target auth state: UNCHALLENGED
2024-07-24 14:30:58.497 [Test worker] DEBUG c.g.d.z.s.o.a.h.c.h.i.c.ProtocolExec - ex-0000010D: proxy auth state: UNCHALLENGED
2024-07-24 14:30:58.497 [Test worker] DEBUG c.g.d.z.s.o.a.h.c.h.i.c.ConnectExec - ex-0000010D: acquiring connection with route {}->npipe://localhost:2375
2024-07-24 14:30:58.497 [Test worker] DEBUG c.g.d.z.s.o.a.h.c.h.i.c.InternalHttpClient - ex-0000010D: acquiring endpoint (3 MINUTES)
2024-07-24 14:30:58.497 [Test worker] DEBUG c.g.d.z.s.o.a.h.c.h.i.i.PoolingHttpClientConnectionManager - ex-0000010D: endpoint lease request (3 MINUTES) [route: {}->npipe://localhost:2375][total available: 0; route allocated: 0 of 2147483647; total allocated: 0 of 2147483647]
2024-07-24 14:30:58.497 [Test worker] DEBUG c.g.d.z.s.o.a.h.c.h.i.i.PoolingHttpClientConnectionManager - ex-0000010D: endpoint leased [route: {}->npipe://localhost:2375][total available: 0; route allocated: 1 of 2147483647; total allocated: 1 of 2147483647]
2024-07-24 14:30:58.497 [Test worker] DEBUG c.g.d.z.s.o.a.h.c.h.i.i.PoolingHttpClientConnectionManager - ex-0000010D: acquired ep-0000010C
2024-07-24 14:30:58.497 [Test worker] DEBUG c.g.d.z.s.o.a.h.c.h.i.c.InternalHttpClient - ex-0000010D: acquired endpoint ep-0000010C
2024-07-24 14:30:58.497 [Test worker] DEBUG c.g.d.z.s.o.a.h.c.h.i.c.ConnectExec - ex-0000010D: opening connection {}->npipe://localhost:2375
2024-07-24 14:30:58.497 [Test worker] DEBUG c.g.d.z.s.o.a.h.c.h.i.c.InternalHttpClient - ep-0000010C: connecting endpoint (3 MINUTES)
2024-07-24 14:30:58.497 [Test worker] DEBUG c.g.d.z.s.o.a.h.c.h.i.i.PoolingHttpClientConnectionManager - ep-0000010C: connecting endpoint to npipe://localhost:2375 (3 MINUTES)
2024-07-24 14:30:58.497 [Test worker] DEBUG c.g.d.z.s.o.a.h.c.h.i.i.DefaultHttpClientConnectionOperator - http-outgoing-25: connecting to localhost/127.0.0.1:2375
2024-07-24 14:30:58.497 [Test worker] DEBUG c.g.d.z.s.o.a.h.c.h.i.i.DefaultHttpClientConnectionOperator - http-outgoing-25: connection established 
2024-07-24 14:30:58.497 [Test worker] DEBUG c.g.d.z.s.o.a.h.c.h.i.i.PoolingHttpClientConnectionManager - ep-0000010C: connected http-outgoing-25
2024-07-24 14:30:58.497 [Test worker] DEBUG c.g.d.z.s.o.a.h.c.h.i.c.InternalHttpClient - ep-0000010C: endpoint connected
2024-07-24 14:30:58.497 [Test worker] DEBUG c.g.d.z.s.o.a.h.c.h.i.c.MainClientExec - ex-0000010D: executing GET /v1.32/containers/5d86980e65d9c515d2597047a711a853b85d719d97488e0dc73c191acec2017d/json HTTP/1.1
2024-07-24 14:30:58.497 [Test worker] DEBUG c.g.d.z.s.o.a.h.c.h.i.c.InternalHttpClient - ep-0000010C: start execution ex-0000010D
2024-07-24 14:30:58.497 [Test worker] DEBUG c.g.d.z.s.o.a.h.c.h.i.i.PoolingHttpClientConnectionManager - ep-0000010C: executing exchange ex-0000010D over http-outgoing-25
2024-07-24 14:30:58.497 [Test worker] DEBUG c.g.d.z.s.o.a.h.client5.http.headers - http-outgoing-25 >> GET /v1.32/containers/5d86980e65d9c515d2597047a711a853b85d719d97488e0dc73c191acec2017d/json HTTP/1.1
2024-07-24 14:30:58.498 [Test worker] DEBUG c.g.d.z.s.o.a.h.client5.http.headers - http-outgoing-25 >> accept: application/json
2024-07-24 14:30:58.498 [Test worker] DEBUG c.g.d.z.s.o.a.h.client5.http.headers - http-outgoing-25 >> x-tc-sid: 280e6229-7396-4d60-b1e3-a5de48b5d49b
2024-07-24 14:30:58.498 [Test worker] DEBUG c.g.d.z.s.o.a.h.client5.http.headers - http-outgoing-25 >> User-Agent: tc-java/1.19.8
2024-07-24 14:30:58.498 [Test worker] DEBUG c.g.d.z.s.o.a.h.client5.http.headers - http-outgoing-25 >> Accept-Encoding: gzip, x-gzip, deflate
2024-07-24 14:30:58.498 [Test worker] DEBUG c.g.d.z.s.o.a.h.client5.http.headers - http-outgoing-25 >> Host: localhost:2375
2024-07-24 14:30:58.498 [Test worker] DEBUG c.g.d.z.s.o.a.h.client5.http.headers - http-outgoing-25 >> Connection: keep-alive
2024-07-24 14:30:58.498 [Test worker] DEBUG c.g.d.z.s.o.a.hc.client5.http.wire - http-outgoing-25 >> "GET /v1.32/containers/5d86980e65d9c515d2597047a711a853b85d719d97488e0dc73c191acec2017d/json HTTP/1.1[\r][\n]"
2024-07-24 14:30:58.498 [Test worker] DEBUG c.g.d.z.s.o.a.hc.client5.http.wire - http-outgoing-25 >> "accept: application/json[\r][\n]"
2024-07-24 14:30:58.498 [Test worker] DEBUG c.g.d.z.s.o.a.hc.client5.http.wire - http-outgoing-25 >> "x-tc-sid: 280e6229-7396-4d60-b1e3-a5de48b5d49b[\r][\n]"
2024-07-24 14:30:58.498 [Test worker] DEBUG c.g.d.z.s.o.a.hc.client5.http.wire - http-outgoing-25 >> "User-Agent: tc-java/1.19.8[\r][\n]"
2024-07-24 14:30:58.498 [Test worker] DEBUG c.g.d.z.s.o.a.hc.client5.http.wire - http-outgoing-25 >> "Accept-Encoding: gzip, x-gzip, deflate[\r][\n]"
2024-07-24 14:30:58.498 [Test worker] DEBUG c.g.d.z.s.o.a.hc.client5.http.wire - http-outgoing-25 >> "Host: localhost:2375[\r][\n]"
2024-07-24 14:30:58.498 [Test worker] DEBUG c.g.d.z.s.o.a.hc.client5.http.wire - http-outgoing-25 >> "Connection: keep-alive[\r][\n]"
2024-07-24 14:30:58.498 [Test worker] DEBUG c.g.d.z.s.o.a.hc.client5.http.wire - http-outgoing-25 >> "[\r][\n]"
2024-07-24 14:30:58.501 [Test worker] DEBUG c.g.d.z.s.o.a.hc.client5.http.wire - http-outgoing-25 << "HTTP/1.1 200 OK[\r][\n]"
2024-07-24 14:30:58.501 [Test worker] DEBUG c.g.d.z.s.o.a.hc.client5.http.wire - http-outgoing-25 << "Api-Version: 1.45[\r][\n]"
2024-07-24 14:30:58.501 [Test worker] DEBUG c.g.d.z.s.o.a.hc.client5.http.wire - http-outgoing-25 << "Content-Type: application/json[\r][\n]"
2024-07-24 14:30:58.501 [Test worker] DEBUG c.g.d.z.s.o.a.hc.client5.http.wire - http-outgoing-25 << "Date: Wed, 24 Jul 2024 02:30:58 GMT[\r][\n]"
2024-07-24 14:30:58.501 [Test worker] DEBUG c.g.d.z.s.o.a.hc.client5.http.wire - http-outgoing-25 << "Docker-Experimental: false[\r][\n]"
2024-07-24 14:30:58.501 [Test worker] DEBUG c.g.d.z.s.o.a.hc.client5.http.wire - http-outgoing-25 << "Ostype: linux[\r][\n]"
2024-07-24 14:30:58.501 [Test worker] DEBUG c.g.d.z.s.o.a.hc.client5.http.wire - http-outgoing-25 << "Server: Docker/26.0.0 (linux)[\r][\n]"
2024-07-24 14:30:58.501 [Test worker] DEBUG c.g.d.z.s.o.a.hc.client5.http.wire - http-outgoing-25 << "Transfer-Encoding: chunked[\r][\n]"
2024-07-24 14:30:58.501 [Test worker] DEBUG c.g.d.z.s.o.a.hc.client5.http.wire - http-outgoing-25 << "[\r][\n]"
2024-07-24 14:30:58.501 [Test worker] DEBUG c.g.d.z.s.o.a.h.client5.http.headers - http-outgoing-25 << HTTP/1.1 200 OK
2024-07-24 14:30:58.501 [Test worker] DEBUG c.g.d.z.s.o.a.h.client5.http.headers - http-outgoing-25 << Api-Version: 1.45
2024-07-24 14:30:58.501 [Test worker] DEBUG c.g.d.z.s.o.a.h.client5.http.headers - http-outgoing-25 << Content-Type: application/json
2024-07-24 14:30:58.501 [Test worker] DEBUG c.g.d.z.s.o.a.h.client5.http.headers - http-outgoing-25 << Date: Wed, 24 Jul 2024 02:30:58 GMT
2024-07-24 14:30:58.501 [Test worker] DEBUG c.g.d.z.s.o.a.h.client5.http.headers - http-outgoing-25 << Docker-Experimental: false
2024-07-24 14:30:58.501 [Test worker] DEBUG c.g.d.z.s.o.a.h.client5.http.headers - http-outgoing-25 << Ostype: linux
2024-07-24 14:30:58.501 [Test worker] DEBUG c.g.d.z.s.o.a.h.client5.http.headers - http-outgoing-25 << Server: Docker/26.0.0 (linux)
2024-07-24 14:30:58.501 [Test worker] DEBUG c.g.d.z.s.o.a.h.client5.http.headers - http-outgoing-25 << Transfer-Encoding: chunked
2024-07-24 14:30:58.501 [Test worker] DEBUG c.g.d.z.s.o.a.h.c.h.i.c.MainClientExec - ex-0000010D: connection can be kept alive for 3 MINUTES
2024-07-24 14:30:58.502 [Test worker] DEBUG c.g.d.z.s.o.a.hc.client5.http.wire - http-outgoing-25 << "1a34[\r][\n]"
2024-07-24 14:30:58.502 [Test worker] DEBUG c.g.d.z.s.o.a.hc.client5.http.wire - http-outgoing-25 << "{"Id":"5d86980e65d9c515d2597047a711a853b85d719d97488e0dc73c191acec2017d","Created":"2024-07-24T02:30:56.704923643Z","Path":"docker-entrypoint.sh","Args":["postgres","-c","fsync=off"],"State":{"Status":"running","Running":true,"Paused":false,"Restarting":false,"OOMKilled":false,"Dead":false,"Pid":31195,"ExitCode":0,"Error":"","StartedAt":"2024-07-24T02:30:57.119992674Z","FinishedAt":"0001-01-01T00:00:00Z"},"Image":"sha256:8e4fc9e184899a58735e7ee333f5e272d7d2298cf59302006b71f33e217be130","ResolvConfPath":"/var/lib/docker/containers/5d86980e65d9c515d2597047a711a853b85d719d97488e0dc73c191acec2017d/resolv.conf","HostnamePath":"/var/lib/docker/containers/5d86980e65d9c515d2597047a711a853b85d719d97488e0dc73c191acec2017d/hostname","HostsPath":"/var/lib/docker/containers/5d86980e65d9c515d2597047a711a853b85d719d97488e0dc73c191acec2017d/hosts","LogPath":"/var/lib/docker/containers/5d86980e65d9c515d2597047a711a853b85d719d97488e0dc73c191acec2017d/5d86980e65d9c515d2597047a711a853b85d719d97488e0dc73c191acec2017d-json.log","Name":"/nifty_allen","RestartCount":0,"Driver":"overlay2","Platform":"linux","MountLabel":"","ProcessLabel":"","AppArmorProfile":"","ExecIDs":null,"HostConfig":{"Binds":[],"ContainerIDFile":"","LogConfig":{"Type":"json-file","Config":{}},"NetworkMode":"default","PortBindings":{"5432/tcp":[{"HostIp":"0.0.0.0","HostPort":"0"}]},"RestartPolicy":{"Name":"no","MaximumRetryCount":0},"AutoRemove":false,"VolumeDriver":"","VolumesFrom":[],"ConsoleSize":[0,0],"CapAdd":null,"CapDrop":null,"CgroupnsMode":"host","Dns":null,"DnsOptions":null,"DnsSearch":null,"ExtraHosts":[],"GroupAdd":null,"IpcMode":"shareable","Cgroup":"","Links":null,"OomScoreAdj":0,"PidMode":"","Privileged":false,"PublishAllPorts":false,"ReadonlyRootfs":false,"SecurityOpt":null,"UTSMode":"","UsernsMode":"","ShmSize":67108864,"Runtime":"runc","Isolation":"","CpuShares":0,"Memory":0,"NanoCpus":0,"CgroupParent":"","BlkioWeight":0,"BlkioWeightDevice":null,"BlkioDeviceReadBps":null,"BlkioDeviceWriteBps":null,"BlkioDeviceReadIOps":null,"BlkioDeviceWriteIOps":null,"CpuPeriod":0,"CpuQuota":0,"CpuRealtimePeriod":0,"CpuRealtimeRuntime":0,"CpusetCpus":"","CpusetMems":"","Devices":null,"DeviceCgroupRules":null,"DeviceRequests":null,"MemoryReservation":0,"MemorySwap":0,"MemorySwappiness":null,"OomKillDisable":false,"PidsLimit":null,"Ulimits":null,"CpuCount":0,"CpuPercent":0,"IOMaximumIOps":0,"IOMaximumBandwidth":0,"MaskedPaths":["/proc/asound","/proc/acpi","/proc/kcore","/proc/keys","/proc/latency_stats","/proc/timer_list","/proc/timer_stats","/proc/sched_debug","/proc/scsi","/sys/firmware","/sys/devices/virtual/powercap"],"ReadonlyPaths":["/proc/bus","/proc/fs","/proc/irq","/proc/sys","/proc/sysrq-trigger"]},"GraphDriver":{"Data":{"LowerDir":"/var/lib/docker/overlay2/70fb94854ce3cc702a185aa6e109f16c409fd4c71306dd61f5f9979effc551da-init/diff:/var/lib/docker/overlay2/8f0ddbd386af0785c2e348570516955816ab350305d698d363962d488eeb15ec/diff:/var/lib/docker/overlay2/0eb0ca73e9b0be7c3d7fa8762ef4778a68f38391bc84c037c2e90b88e781b475/diff:/var/lib/docker/overlay2/74e634bddc785c5d436b10a5158cd82e21dc2065fd1cf8ff9c1c12e01575a2d8/diff:/var/lib/docker/overlay2/bb918b2851cd2f508f1e3fdbfff8b7f8b041d61e65fe8c368288bf399e80b818/diff:/var/lib/docker/overlay2/2abab2946cbdc2941ee8ec4024c51dac7313dee9de5fbedd1ca33388c59eb3c8/diff:/var/lib/docker/overlay2/e12f6083ee669bd92743ceb339a896bb25dbe461b718705bb39eb410b80c0ecd/diff:/var/lib/docker/overlay2/ced1e86d670d097da5ed4da7288c22507735918959161c2cd8bf083fb30d169a/diff:/var/lib/docker/overlay2/94e9ac7b74923285ae73af20aeccb964ca9079e2305db367cb85d1603560472d/diff:/var/lib/docker/overlay2/a396b6dfd63f0c228c519871183c614cccf4d366a43460f27ecf97113c3c4be8/diff:/var/lib/docker/overlay2/f58ada5d5080c2bac553c734f81127660a90581a35ed2a92cebe3c59e340875b/diff:/var/lib/docker/overlay2/84f85636f37bf55d945e217b4f87a856eba7932284beaf042561007b66f48977/diff:/var/lib/docker/overlay2/1e6e519613884e91a2b74a588ba35dc8a2f789371ab798ef6e7d9836d756042f/diff:/var/lib/docker/overlay2/14a3151cc8b4f9d27d2e64f1a8abc0c7809309580f2d7e8dc8545055c1d56194/diff:/var/lib/docker/"
2024-07-24 14:30:58.502 [Test worker] DEBUG c.g.d.z.s.o.a.hc.client5.http.wire - http-outgoing-25 << "overlay2/5b354b9e793401517fe2f1da697653fdaadffc54888eaf76d67e0600b8c68bdc/diff","MergedDir":"/var/lib/docker/overlay2/70fb94854ce3cc702a185aa6e109f16c409fd4c71306dd61f5f9979effc551da/merged","UpperDir":"/var/lib/docker/overlay2/70fb94854ce3cc702a185aa6e109f16c409fd4c71306dd61f5f9979effc551da/diff","WorkDir":"/var/lib/docker/overlay2/70fb94854ce3cc702a185aa6e109f16c409fd4c71306dd61f5f9979effc551da/work"},"Name":"overlay2"},"Mounts":[{"Type":"volume","Name":"7514105aa3ebba59f96758a3b949990031284544bee0a1e5ba0a6e78d5aabe08","Source":"/var/lib/docker/volumes/7514105aa3ebba59f96758a3b949990031284544bee0a1e5ba0a6e78d5aabe08/_data","Destination":"/var/lib/postgresql/data","Driver":"local","Mode":"","RW":true,"Propagation":""}],"Config":{"Hostname":"5d86980e65d9","Domainname":"","User":"","AttachStdin":false,"AttachStdout":false,"AttachStderr":false,"ExposedPorts":{"5432/tcp":{}},"Tty":false,"OpenStdin":false,"StdinOnce":false,"Env":["POSTGRES_USER=user","POSTGRES_PASSWORD=password","POSTGRES_DB=db","PATH=/usr/local/sbin:/usr/local/bin:/usr/sbin:/usr/bin:/sbin:/bin:/usr/lib/postgresql/16/bin","GOSU_VERSION=1.17","LANG=en_US.utf8","PG_MAJOR=16","PG_VERSION=16.2-1.pgdg120+2","PGDATA=/var/lib/postgresql/data"],"Cmd":["postgres","-c","fsync=off"],"Image":"postgres:latest","Volumes":{"/var/lib/postgresql/data":{}},"WorkingDir":"","Entrypoint":["docker-entrypoint.sh"],"OnBuild":null,"Labels":{"org.testcontainers":"true","org.testcontainers.lang":"java","org.testcontainers.sessionId":"280e6229-7396-4d60-b1e3-a5de48b5d49b","org.testcontainers.version":"1.19.8"},"StopSignal":"SIGINT"},"NetworkSettings":{"Bridge":"","SandboxID":"af8247d353a0d53bd60a2b523d576620bdec3800fa5a6059acd0eacd36174b30","SandboxKey":"/var/run/docker/netns/af8247d353a0","Ports":{"5432/tcp":[{"HostIp":"0.0.0.0","HostPort":"51587"}]},"HairpinMode":false,"LinkLocalIPv6Address":"","LinkLocalIPv6PrefixLen":0,"SecondaryIPAddresses":null,"SecondaryIPv6Addresses":null,"EndpointID":"2ddd909d25a4206380fcd3252a60dbb95d692465542f97d05dcdb56a8cc3d3d8","Gateway":"172.17.0.1","GlobalIPv6Address":"","GlobalIPv6PrefixLen":0,"IPAddress":"172.17.0.3","IPPrefixLen":16,"IPv6Gateway":"","MacAddress":"02:42:ac:11:00:03","Networks":{"bridge":{"IPAMConfig":null,"Links":null,"Aliases":null,"MacAddress":"02:42:ac:11:00:03","NetworkID":"3c842496be344cbdae878c1dee0957e7bc7c0a2236009c92752030f2b053e72f","EndpointID":"2ddd909d25a4206380fcd3252a60dbb95d692465542f97d05dcdb56a8cc3d3d8","Gateway":"172.17.0.1","IPAddress":"172.17.0.3","IPPrefixLen":16,"IPv6Gateway":"","GlobalIPv6Address":"","GlobalIPv6PrefixLen":0,"DriverOpts":null,"DNSNames":null}}}}[\n]"
2024-07-24 14:30:58.503 [Test worker] DEBUG c.g.d.z.s.o.a.hc.client5.http.wire - http-outgoing-25 << "[\r][\n]"
2024-07-24 14:30:58.503 [Test worker] DEBUG c.g.d.z.s.o.a.hc.client5.http.wire - http-outgoing-25 << "0[\r][\n]"
2024-07-24 14:30:58.503 [Test worker] DEBUG c.g.d.z.s.o.a.hc.client5.http.wire - http-outgoing-25 << "[\r][\n]"
2024-07-24 14:30:58.503 [Test worker] DEBUG c.g.d.z.s.o.a.h.c.h.i.c.InternalHttpClient - ep-0000010C: releasing valid endpoint
2024-07-24 14:30:58.503 [Test worker] DEBUG c.g.d.z.s.o.a.h.c.h.i.i.PoolingHttpClientConnectionManager - ep-0000010C: releasing endpoint
2024-07-24 14:30:58.503 [Test worker] DEBUG c.g.d.z.s.o.a.h.c.h.i.i.PoolingHttpClientConnectionManager - ep-0000010C: connection http-outgoing-25 can be kept alive for 3 MINUTES
2024-07-24 14:30:58.503 [Test worker] DEBUG c.g.d.z.s.o.a.h.c.h.i.i.PoolingHttpClientConnectionManager - ep-0000010C: connection released [route: {}->npipe://localhost:2375][total available: 1; route allocated: 1 of 2147483647; total allocated: 1 of 2147483647]
2024-07-24 14:30:58.503 [Test worker] DEBUG tc.postgres:latest - Trying to create JDBC connection using org.postgresql.Driver to jdbc:postgresql://localhost:51587/db?loggerLevel=OFF with properties: {password=password, user=user}
2024-07-24 14:30:58.516 [Test worker] DEBUG o.t.jdbc.JdbcDatabaseDelegate - false returned as updateCount for SQL: drop table if exists WorkedOn
2024-07-24 14:30:58.517 [Test worker] DEBUG o.t.jdbc.JdbcDatabaseDelegate - false returned as updateCount for SQL: drop table if exists SequenceLine
2024-07-24 14:30:58.518 [Test worker] DEBUG o.t.jdbc.JdbcDatabaseDelegate - false returned as updateCount for SQL: drop table if exists WorkOrder
2024-07-24 14:30:58.518 [Test worker] DEBUG o.t.jdbc.JdbcDatabaseDelegate - false returned as updateCount for SQL: drop table if exists SequenceHeader
2024-07-24 14:30:58.519 [Test worker] DEBUG o.t.jdbc.JdbcDatabaseDelegate - false returned as updateCount for SQL: drop table if exists SaleOrderLine
2024-07-24 14:30:58.519 [Test worker] DEBUG o.t.jdbc.JdbcDatabaseDelegate - false returned as updateCount for SQL: drop table if exists SaleOrderHeader
2024-07-24 14:30:58.520 [Test worker] DEBUG o.t.jdbc.JdbcDatabaseDelegate - false returned as updateCount for SQL: drop table if exists Staff
2024-07-24 14:30:58.520 [Test worker] DEBUG o.t.jdbc.JdbcDatabaseDelegate - false returned as updateCount for SQL: drop table if exists WorkStation
2024-07-24 14:30:58.521 [Test worker] DEBUG o.t.jdbc.JdbcDatabaseDelegate - false returned as updateCount for SQL: drop table if exists Part
2024-07-24 14:30:58.522 [Test worker] DEBUG o.t.jdbc.JdbcDatabaseDelegate - false returned as updateCount for SQL: drop table if exists Customer
2024-07-24 14:30:58.525 [Test worker] DEBUG o.t.jdbc.JdbcDatabaseDelegate - false returned as updateCount for SQL: create table Customer ( customerId VarChar(8) PRIMARY Key, name VarChar(100) not null, address VarChar(500) not null )
2024-07-24 14:30:58.526 [Test worker] DEBUG o.t.jdbc.JdbcDatabaseDelegate - false returned as updateCount for SQL: create table Part ( partId VarChar(6) PRIMARY KEY, inventory Int not null, name VarChar(100) not null )
2024-07-24 14:30:58.527 [Test worker] DEBUG o.t.jdbc.JdbcDatabaseDelegate - false returned as updateCount for SQL: create table WorkStation ( name VarChar(50) PRIMARY KEY )
2024-07-24 14:30:58.528 [Test worker] DEBUG o.t.jdbc.JdbcDatabaseDelegate - false returned as updateCount for SQL: create table Staff ( staffID VarChar(6) PRIMARY KEY, name VarChar(100) not null )
2024-07-24 14:30:58.530 [Test worker] DEBUG o.t.jdbc.JdbcDatabaseDelegate - false returned as updateCount for SQL: create table SaleOrderHeader ( soHeaderId VarChar(6) PRIMARY key , customerId VarChar(8) not null references Customer (customerId) )
2024-07-24 14:30:58.531 [Test worker] DEBUG o.t.jdbc.JdbcDatabaseDelegate - false returned as updateCount for SQL: create table SaleOrderLine ( soLineId VarChar(6), soHeaderId VarChar(6) references SaleOrderHeader (soHeaderID), dateDue Date not null, partID VarChar(6) not null references Part(partId), PRIMARY KEY (soLineId,soHeaderId) )
2024-07-24 14:30:58.532 [Test worker] DEBUG o.t.jdbc.JdbcDatabaseDelegate - false returned as updateCount for SQL: create table SequenceHeader ( seqHeaderId VarChar(6) PRIMARY KEY, partId VarChar(6) not null references Part(partId) )
2024-07-24 14:30:58.533 [Test worker] DEBUG o.t.jdbc.JdbcDatabaseDelegate - false returned as updateCount for SQL: create table WorkOrder ( workOrderId VarChar(8) PRIMARY KEY, seqHeaderId VarChar(6) not null REFERENCES SequenceHeader (seqHeaderId), soLineId VarChar(6) not null, soHeaderId VarChar(6) not null, quanity Int not null, FOREIGN KEY (soLineId,soHeaderId) REFERENCES SaleOrderLine (soLineId,soHeaderId) )
2024-07-24 14:30:58.534 [Test worker] DEBUG o.t.jdbc.JdbcDatabaseDelegate - false returned as updateCount for SQL: create table SequenceLine ( seqLineId VarChar(10), seqHeaderId VarChar(6) references SequenceHeader (seqHeaderId), workStation VarChar(50) not null references WorkStation(name), PRIMARY KEY(seqLineId,seqHeaderId) )
2024-07-24 14:30:58.536 [Test worker] DEBUG o.t.jdbc.JdbcDatabaseDelegate - false returned as updateCount for SQL: create table WorkedOn ( staffId VarChar(8) references Staff (staffId), seqHeaderId VarChar(6), seqLineId VarChar(10), workOrderId VarChar(50) references WorkOrder(workOrderId), PRIMARY key (staffId,seqHeaderId,seqLineId,workOrderId), FOREIGN KEY (seqHeaderId,seqLineId) REFERENCES SequenceLine (seqHeaderId,seqLineId) )
2024-07-24 14:30:58.536 [Test worker] INFO  org.testcontainers.ext.ScriptUtils - Executed database script from sql/init.sql in 39 ms.
2024-07-24 14:30:58.566 [Test worker] DEBUG o.t.s.c.g.d.c.command.AbstrDockerCmd - Cmd: 5d86980e65d9c515d2597047a711a853b85d719d97488e0dc73c191acec2017d,false
2024-07-24 14:30:58.566 [Test worker] DEBUG o.t.s.c.g.d.c.e.InspectContainerCmdExec - GET: DefaultWebTarget{path=[/containers/5d86980e65d9c515d2597047a711a853b85d719d97488e0dc73c191acec2017d/json], queryParams={}}
2024-07-24 14:30:58.566 [Test worker] DEBUG c.g.d.z.s.o.a.h.c.h.i.c.InternalHttpClient - ex-0000010E: preparing request execution
2024-07-24 14:30:58.566 [Test worker] DEBUG c.g.d.z.s.o.a.h.c.h.p.RequestAddCookies - Cookie spec selected: strict
2024-07-24 14:30:58.566 [Test worker] DEBUG c.g.d.z.s.o.a.h.c.h.p.RequestAuthCache - Auth cache not set in the context
2024-07-24 14:30:58.566 [Test worker] DEBUG c.g.d.z.s.o.a.h.c.h.i.c.ProtocolExec - ex-0000010E: target auth state: UNCHALLENGED
2024-07-24 14:30:58.566 [Test worker] DEBUG c.g.d.z.s.o.a.h.c.h.i.c.ProtocolExec - ex-0000010E: proxy auth state: UNCHALLENGED
2024-07-24 14:30:58.566 [Test worker] DEBUG c.g.d.z.s.o.a.h.c.h.i.c.ConnectExec - ex-0000010E: acquiring connection with route {}->npipe://localhost:2375
2024-07-24 14:30:58.566 [Test worker] DEBUG c.g.d.z.s.o.a.h.c.h.i.c.InternalHttpClient - ex-0000010E: acquiring endpoint (3 MINUTES)
2024-07-24 14:30:58.566 [Test worker] DEBUG c.g.d.z.s.o.a.h.c.h.i.i.PoolingHttpClientConnectionManager - ex-0000010E: endpoint lease request (3 MINUTES) [route: {}->npipe://localhost:2375][total available: 1; route allocated: 1 of 2147483647; total allocated: 1 of 2147483647]
2024-07-24 14:30:58.566 [Test worker] DEBUG c.g.d.z.s.o.a.h.c.h.i.i.PoolingHttpClientConnectionManager - ex-0000010E: endpoint leased [route: {}->npipe://localhost:2375][total available: 0; route allocated: 1 of 2147483647; total allocated: 1 of 2147483647]
2024-07-24 14:30:58.566 [Test worker] DEBUG c.g.d.z.s.o.a.h.c.h.i.i.PoolingHttpClientConnectionManager - ex-0000010E: acquired ep-0000010D
2024-07-24 14:30:58.566 [Test worker] DEBUG c.g.d.z.s.o.a.h.c.h.i.c.InternalHttpClient - ex-0000010E: acquired endpoint ep-0000010D
2024-07-24 14:30:58.566 [Test worker] DEBUG c.g.d.z.s.o.a.h.c.h.i.c.MainClientExec - ex-0000010E: executing GET /v1.32/containers/5d86980e65d9c515d2597047a711a853b85d719d97488e0dc73c191acec2017d/json HTTP/1.1
2024-07-24 14:30:58.566 [Test worker] DEBUG c.g.d.z.s.o.a.h.c.h.i.c.InternalHttpClient - ep-0000010D: start execution ex-0000010E
2024-07-24 14:30:58.566 [Test worker] DEBUG c.g.d.z.s.o.a.h.c.h.i.i.PoolingHttpClientConnectionManager - ep-0000010D: executing exchange ex-0000010E over http-outgoing-25
2024-07-24 14:30:58.566 [Test worker] DEBUG c.g.d.z.s.o.a.h.client5.http.headers - http-outgoing-25 >> GET /v1.32/containers/5d86980e65d9c515d2597047a711a853b85d719d97488e0dc73c191acec2017d/json HTTP/1.1
2024-07-24 14:30:58.566 [Test worker] DEBUG c.g.d.z.s.o.a.h.client5.http.headers - http-outgoing-25 >> accept: application/json
2024-07-24 14:30:58.566 [Test worker] DEBUG c.g.d.z.s.o.a.h.client5.http.headers - http-outgoing-25 >> x-tc-sid: 280e6229-7396-4d60-b1e3-a5de48b5d49b
2024-07-24 14:30:58.566 [Test worker] DEBUG c.g.d.z.s.o.a.h.client5.http.headers - http-outgoing-25 >> User-Agent: tc-java/1.19.8
2024-07-24 14:30:58.566 [Test worker] DEBUG c.g.d.z.s.o.a.h.client5.http.headers - http-outgoing-25 >> Accept-Encoding: gzip, x-gzip, deflate
2024-07-24 14:30:58.566 [Test worker] DEBUG c.g.d.z.s.o.a.h.client5.http.headers - http-outgoing-25 >> Host: localhost:2375
2024-07-24 14:30:58.566 [Test worker] DEBUG c.g.d.z.s.o.a.h.client5.http.headers - http-outgoing-25 >> Connection: keep-alive
2024-07-24 14:30:58.566 [Test worker] DEBUG c.g.d.z.s.o.a.hc.client5.http.wire - http-outgoing-25 >> "GET /v1.32/containers/5d86980e65d9c515d2597047a711a853b85d719d97488e0dc73c191acec2017d/json HTTP/1.1[\r][\n]"
2024-07-24 14:30:58.566 [Test worker] DEBUG c.g.d.z.s.o.a.hc.client5.http.wire - http-outgoing-25 >> "accept: application/json[\r][\n]"
2024-07-24 14:30:58.566 [Test worker] DEBUG c.g.d.z.s.o.a.hc.client5.http.wire - http-outgoing-25 >> "x-tc-sid: 280e6229-7396-4d60-b1e3-a5de48b5d49b[\r][\n]"
2024-07-24 14:30:58.566 [Test worker] DEBUG c.g.d.z.s.o.a.hc.client5.http.wire - http-outgoing-25 >> "User-Agent: tc-java/1.19.8[\r][\n]"
2024-07-24 14:30:58.566 [Test worker] DEBUG c.g.d.z.s.o.a.hc.client5.http.wire - http-outgoing-25 >> "Accept-Encoding: gzip, x-gzip, deflate[\r][\n]"
2024-07-24 14:30:58.566 [Test worker] DEBUG c.g.d.z.s.o.a.hc.client5.http.wire - http-outgoing-25 >> "Host: localhost:2375[\r][\n]"
2024-07-24 14:30:58.566 [Test worker] DEBUG c.g.d.z.s.o.a.hc.client5.http.wire - http-outgoing-25 >> "Connection: keep-alive[\r][\n]"
2024-07-24 14:30:58.566 [Test worker] DEBUG c.g.d.z.s.o.a.hc.client5.http.wire - http-outgoing-25 >> "[\r][\n]"
2024-07-24 14:30:58.570 [Test worker] DEBUG c.g.d.z.s.o.a.hc.client5.http.wire - http-outgoing-25 << "HTTP/1.1 200 OK[\r][\n]"
2024-07-24 14:30:58.570 [Test worker] DEBUG c.g.d.z.s.o.a.hc.client5.http.wire - http-outgoing-25 << "Api-Version: 1.45[\r][\n]"
2024-07-24 14:30:58.570 [Test worker] DEBUG c.g.d.z.s.o.a.hc.client5.http.wire - http-outgoing-25 << "Content-Type: application/json[\r][\n]"
2024-07-24 14:30:58.570 [Test worker] DEBUG c.g.d.z.s.o.a.hc.client5.http.wire - http-outgoing-25 << "Date: Wed, 24 Jul 2024 02:30:58 GMT[\r][\n]"
2024-07-24 14:30:58.570 [Test worker] DEBUG c.g.d.z.s.o.a.hc.client5.http.wire - http-outgoing-25 << "Docker-Experimental: false[\r][\n]"
2024-07-24 14:30:58.570 [Test worker] DEBUG c.g.d.z.s.o.a.hc.client5.http.wire - http-outgoing-25 << "Ostype: linux[\r][\n]"
2024-07-24 14:30:58.570 [Test worker] DEBUG c.g.d.z.s.o.a.hc.client5.http.wire - http-outgoing-25 << "Server: Docker/26.0.0 (linux)[\r][\n]"
2024-07-24 14:30:58.570 [Test worker] DEBUG c.g.d.z.s.o.a.hc.client5.http.wire - http-outgoing-25 << "Transfer-Encoding: chunked[\r][\n]"
2024-07-24 14:30:58.570 [Test worker] DEBUG c.g.d.z.s.o.a.hc.client5.http.wire - http-outgoing-25 << "[\r][\n]"
2024-07-24 14:30:58.570 [Test worker] DEBUG c.g.d.z.s.o.a.h.client5.http.headers - http-outgoing-25 << HTTP/1.1 200 OK
2024-07-24 14:30:58.570 [Test worker] DEBUG c.g.d.z.s.o.a.h.client5.http.headers - http-outgoing-25 << Api-Version: 1.45
2024-07-24 14:30:58.570 [Test worker] DEBUG c.g.d.z.s.o.a.h.client5.http.headers - http-outgoing-25 << Content-Type: application/json
2024-07-24 14:30:58.570 [Test worker] DEBUG c.g.d.z.s.o.a.h.client5.http.headers - http-outgoing-25 << Date: Wed, 24 Jul 2024 02:30:58 GMT
2024-07-24 14:30:58.570 [Test worker] DEBUG c.g.d.z.s.o.a.h.client5.http.headers - http-outgoing-25 << Docker-Experimental: false
2024-07-24 14:30:58.570 [Test worker] DEBUG c.g.d.z.s.o.a.h.client5.http.headers - http-outgoing-25 << Ostype: linux
2024-07-24 14:30:58.570 [Test worker] DEBUG c.g.d.z.s.o.a.h.client5.http.headers - http-outgoing-25 << Server: Docker/26.0.0 (linux)
2024-07-24 14:30:58.570 [Test worker] DEBUG c.g.d.z.s.o.a.h.client5.http.headers - http-outgoing-25 << Transfer-Encoding: chunked
2024-07-24 14:30:58.570 [Test worker] DEBUG c.g.d.z.s.o.a.h.c.h.i.c.MainClientExec - ex-0000010E: connection can be kept alive for 3 MINUTES
2024-07-24 14:30:58.571 [Test worker] DEBUG c.g.d.z.s.o.a.hc.client5.http.wire - http-outgoing-25 << "1a34[\r][\n]"
2024-07-24 14:30:58.571 [Test worker] DEBUG c.g.d.z.s.o.a.hc.client5.http.wire - http-outgoing-25 << "{"Id":"5d86980e65d9c515d2597047a711a853b85d719d97488e0dc73c191acec2017d","Created":"2024-07-24T02:30:56.704923643Z","Path":"docker-entrypoint.sh","Args":["postgres","-c","fsync=off"],"State":{"Status":"running","Running":true,"Paused":false,"Restarting":false,"OOMKilled":false,"Dead":false,"Pid":31195,"ExitCode":0,"Error":"","StartedAt":"2024-07-24T02:30:57.119992674Z","FinishedAt":"0001-01-01T00:00:00Z"},"Image":"sha256:8e4fc9e184899a58735e7ee333f5e272d7d2298cf59302006b71f33e217be130","ResolvConfPath":"/var/lib/docker/containers/5d86980e65d9c515d2597047a711a853b85d719d97488e0dc73c191acec2017d/resolv.conf","HostnamePath":"/var/lib/docker/containers/5d86980e65d9c515d2597047a711a853b85d719d97488e0dc73c191acec2017d/hostname","HostsPath":"/var/lib/docker/containers/5d86980e65d9c515d2597047a711a853b85d719d97488e0dc73c191acec2017d/hosts","LogPath":"/var/lib/docker/containers/5d86980e65d9c515d2597047a711a853b85d719d97488e0dc73c191acec2017d/5d86980e65d9c515d2597047a711a853b85d719d97488e0dc73c191acec2017d-json.log","Name":"/nifty_allen","RestartCount":0,"Driver":"overlay2","Platform":"linux","MountLabel":"","ProcessLabel":"","AppArmorProfile":"","ExecIDs":null,"HostConfig":{"Binds":[],"ContainerIDFile":"","LogConfig":{"Type":"json-file","Config":{}},"NetworkMode":"default","PortBindings":{"5432/tcp":[{"HostIp":"0.0.0.0","HostPort":"0"}]},"RestartPolicy":{"Name":"no","MaximumRetryCount":0},"AutoRemove":false,"VolumeDriver":"","VolumesFrom":[],"ConsoleSize":[0,0],"CapAdd":null,"CapDrop":null,"CgroupnsMode":"host","Dns":null,"DnsOptions":null,"DnsSearch":null,"ExtraHosts":[],"GroupAdd":null,"IpcMode":"shareable","Cgroup":"","Links":null,"OomScoreAdj":0,"PidMode":"","Privileged":false,"PublishAllPorts":false,"ReadonlyRootfs":false,"SecurityOpt":null,"UTSMode":"","UsernsMode":"","ShmSize":67108864,"Runtime":"runc","Isolation":"","CpuShares":0,"Memory":0,"NanoCpus":0,"CgroupParent":"","BlkioWeight":0,"BlkioWeightDevice":null,"BlkioDeviceReadBps":null,"BlkioDeviceWriteBps":null,"BlkioDeviceReadIOps":null,"BlkioDeviceWriteIOps":null,"CpuPeriod":0,"CpuQuota":0,"CpuRealtimePeriod":0,"CpuRealtimeRuntime":0,"CpusetCpus":"","CpusetMems":"","Devices":null,"DeviceCgroupRules":null,"DeviceRequests":null,"MemoryReservation":0,"MemorySwap":0,"MemorySwappiness":null,"OomKillDisable":false,"PidsLimit":null,"Ulimits":null,"CpuCount":0,"CpuPercent":0,"IOMaximumIOps":0,"IOMaximumBandwidth":0,"MaskedPaths":["/proc/asound","/proc/acpi","/proc/kcore","/proc/keys","/proc/latency_stats","/proc/timer_list","/proc/timer_stats","/proc/sched_debug","/proc/scsi","/sys/firmware","/sys/devices/virtual/powercap"],"ReadonlyPaths":["/proc/bus","/proc/fs","/proc/irq","/proc/sys","/proc/sysrq-trigger"]},"GraphDriver":{"Data":{"LowerDir":"/var/lib/docker/overlay2/70fb94854ce3cc702a185aa6e109f16c409fd4c71306dd61f5f9979effc551da-init/diff:/var/lib/docker/overlay2/8f0ddbd386af0785c2e348570516955816ab350305d698d363962d488eeb15ec/diff:/var/lib/docker/overlay2/0eb0ca73e9b0be7c3d7fa8762ef4778a68f38391bc84c037c2e90b88e781b475/diff:/var/lib/docker/overlay2/74e634bddc785c5d436b10a5158cd82e21dc2065fd1cf8ff9c1c12e01575a2d8/diff:/var/lib/docker/overlay2/bb918b2851cd2f508f1e3fdbfff8b7f8b041d61e65fe8c368288bf399e80b818/diff:/var/lib/docker/overlay2/2abab2946cbdc2941ee8ec4024c51dac7313dee9de5fbedd1ca33388c59eb3c8/diff:/var/lib/docker/overlay2/e12f6083ee669bd92743ceb339a896bb25dbe461b718705bb39eb410b80c0ecd/diff:/var/lib/docker/overlay2/ced1e86d670d097da5ed4da7288c22507735918959161c2cd8bf083fb30d169a/diff:/var/lib/docker/overlay2/94e9ac7b74923285ae73af20aeccb964ca9079e2305db367cb85d1603560472d/diff:/var/lib/docker/overlay2/a396b6dfd63f0c228c519871183c614cccf4d366a43460f27ecf97113c3c4be8/diff:/var/lib/docker/overlay2/f58ada5d5080c2bac553c734f81127660a90581a35ed2a92cebe3c59e340875b/diff:/var/lib/docker/overlay2/84f85636f37bf55d945e217b4f87a856eba7932284beaf042561007b66f48977/diff:/var/lib/docker/overlay2/1e6e519613884e91a2b74a588ba35dc8a2f789371ab798ef6e7d9836d756042f/diff:/var/lib/docker/overlay2/14a3151cc8b4f9d27d2e64f1a8abc0c7809309580f2d7e8dc8545055c1d56194/diff:/var/lib/docker/"
2024-07-24 14:30:58.571 [Test worker] DEBUG c.g.d.z.s.o.a.hc.client5.http.wire - http-outgoing-25 << "overlay2/5b354b9e793401517fe2f1da697653fdaadffc54888eaf76d67e0600b8c68bdc/diff","MergedDir":"/var/lib/docker/overlay2/70fb94854ce3cc702a185aa6e109f16c409fd4c71306dd61f5f9979effc551da/merged","UpperDir":"/var/lib/docker/overlay2/70fb94854ce3cc702a185aa6e109f16c409fd4c71306dd61f5f9979effc551da/diff","WorkDir":"/var/lib/docker/overlay2/70fb94854ce3cc702a185aa6e109f16c409fd4c71306dd61f5f9979effc551da/work"},"Name":"overlay2"},"Mounts":[{"Type":"volume","Name":"7514105aa3ebba59f96758a3b949990031284544bee0a1e5ba0a6e78d5aabe08","Source":"/var/lib/docker/volumes/7514105aa3ebba59f96758a3b949990031284544bee0a1e5ba0a6e78d5aabe08/_data","Destination":"/var/lib/postgresql/data","Driver":"local","Mode":"","RW":true,"Propagation":""}],"Config":{"Hostname":"5d86980e65d9","Domainname":"","User":"","AttachStdin":false,"AttachStdout":false,"AttachStderr":false,"ExposedPorts":{"5432/tcp":{}},"Tty":false,"OpenStdin":false,"StdinOnce":false,"Env":["POSTGRES_USER=user","POSTGRES_PASSWORD=password","POSTGRES_DB=db","PATH=/usr/local/sbin:/usr/local/bin:/usr/sbin:/usr/bin:/sbin:/bin:/usr/lib/postgresql/16/bin","GOSU_VERSION=1.17","LANG=en_US.utf8","PG_MAJOR=16","PG_VERSION=16.2-1.pgdg120+2","PGDATA=/var/lib/postgresql/data"],"Cmd":["postgres","-c","fsync=off"],"Image":"postgres:latest","Volumes":{"/var/lib/postgresql/data":{}},"WorkingDir":"","Entrypoint":["docker-entrypoint.sh"],"OnBuild":null,"Labels":{"org.testcontainers":"true","org.testcontainers.lang":"java","org.testcontainers.sessionId":"280e6229-7396-4d60-b1e3-a5de48b5d49b","org.testcontainers.version":"1.19.8"},"StopSignal":"SIGINT"},"NetworkSettings":{"Bridge":"","SandboxID":"af8247d353a0d53bd60a2b523d576620bdec3800fa5a6059acd0eacd36174b30","SandboxKey":"/var/run/docker/netns/af8247d353a0","Ports":{"5432/tcp":[{"HostIp":"0.0.0.0","HostPort":"51587"}]},"HairpinMode":false,"LinkLocalIPv6Address":"","LinkLocalIPv6PrefixLen":0,"SecondaryIPAddresses":null,"SecondaryIPv6Addresses":null,"EndpointID":"2ddd909d25a4206380fcd3252a60dbb95d692465542f97d05dcdb56a8cc3d3d8","Gateway":"172.17.0.1","GlobalIPv6Address":"","GlobalIPv6PrefixLen":0,"IPAddress":"172.17.0.3","IPPrefixLen":16,"IPv6Gateway":"","MacAddress":"02:42:ac:11:00:03","Networks":{"bridge":{"IPAMConfig":null,"Links":null,"Aliases":null,"MacAddress":"02:42:ac:11:00:03","NetworkID":"3c842496be344cbdae878c1dee0957e7bc7c0a2236009c92752030f2b053e72f","EndpointID":"2ddd909d25a4206380fcd3252a60dbb95d692465542f97d05dcdb56a8cc3d3d8","Gateway":"172.17.0.1","IPAddress":"172.17.0.3","IPPrefixLen":16,"IPv6Gateway":"","GlobalIPv6Address":"","GlobalIPv6PrefixLen":0,"DriverOpts":null,"DNSNames":null}}}}[\n]"
2024-07-24 14:30:58.572 [Test worker] DEBUG c.g.d.z.s.o.a.hc.client5.http.wire - http-outgoing-25 << "[\r][\n]"
2024-07-24 14:30:58.572 [Test worker] DEBUG c.g.d.z.s.o.a.hc.client5.http.wire - http-outgoing-25 << "0[\r][\n]"
2024-07-24 14:30:58.572 [Test worker] DEBUG c.g.d.z.s.o.a.hc.client5.http.wire - http-outgoing-25 << "[\r][\n]"
2024-07-24 14:30:58.572 [Test worker] DEBUG c.g.d.z.s.o.a.h.c.h.i.c.InternalHttpClient - ep-0000010D: releasing valid endpoint
2024-07-24 14:30:58.572 [Test worker] DEBUG c.g.d.z.s.o.a.h.c.h.i.i.PoolingHttpClientConnectionManager - ep-0000010D: releasing endpoint
2024-07-24 14:30:58.572 [Test worker] DEBUG c.g.d.z.s.o.a.h.c.h.i.i.PoolingHttpClientConnectionManager - ep-0000010D: connection http-outgoing-25 can be kept alive for 3 MINUTES
2024-07-24 14:30:58.572 [Test worker] DEBUG c.g.d.z.s.o.a.h.c.h.i.i.PoolingHttpClientConnectionManager - ep-0000010D: connection released [route: {}->npipe://localhost:2375][total available: 1; route allocated: 1 of 2147483647; total allocated: 1 of 2147483647]
2024-07-24 14:30:58.572 [Test worker] TRACE o.t.utility.ResourceReaper - Stopping container: 5d86980e65d9c515d2597047a711a853b85d719d97488e0dc73c191acec2017d
2024-07-24 14:30:58.572 [Test worker] DEBUG o.t.s.c.g.d.c.command.AbstrDockerCmd - Cmd: 5d86980e65d9c515d2597047a711a853b85d719d97488e0dc73c191acec2017d,<null>
2024-07-24 14:30:58.572 [Test worker] TRACE o.t.s.c.g.d.c.e.KillContainerCmdExec - POST: DefaultWebTarget{path=[/containers/5d86980e65d9c515d2597047a711a853b85d719d97488e0dc73c191acec2017d/kill], queryParams={}}
2024-07-24 14:30:58.572 [Test worker] DEBUG c.g.d.z.s.o.a.h.c.h.i.c.InternalHttpClient - ex-0000010F: preparing request execution
2024-07-24 14:30:58.572 [Test worker] DEBUG c.g.d.z.s.o.a.h.c.h.p.RequestAddCookies - Cookie spec selected: strict
2024-07-24 14:30:58.572 [Test worker] DEBUG c.g.d.z.s.o.a.h.c.h.p.RequestAuthCache - Auth cache not set in the context
2024-07-24 14:30:58.572 [Test worker] DEBUG c.g.d.z.s.o.a.h.c.h.i.c.ProtocolExec - ex-0000010F: target auth state: UNCHALLENGED
2024-07-24 14:30:58.572 [Test worker] DEBUG c.g.d.z.s.o.a.h.c.h.i.c.ProtocolExec - ex-0000010F: proxy auth state: UNCHALLENGED
2024-07-24 14:30:58.572 [Test worker] DEBUG c.g.d.z.s.o.a.h.c.h.i.c.ConnectExec - ex-0000010F: acquiring connection with route {}->npipe://localhost:2375
2024-07-24 14:30:58.572 [Test worker] DEBUG c.g.d.z.s.o.a.h.c.h.i.c.InternalHttpClient - ex-0000010F: acquiring endpoint (3 MINUTES)
2024-07-24 14:30:58.572 [Test worker] DEBUG c.g.d.z.s.o.a.h.c.h.i.i.PoolingHttpClientConnectionManager - ex-0000010F: endpoint lease request (3 MINUTES) [route: {}->npipe://localhost:2375][total available: 1; route allocated: 1 of 2147483647; total allocated: 1 of 2147483647]
2024-07-24 14:30:58.572 [Test worker] DEBUG c.g.d.z.s.o.a.h.c.h.i.i.PoolingHttpClientConnectionManager - ex-0000010F: endpoint leased [route: {}->npipe://localhost:2375][total available: 0; route allocated: 1 of 2147483647; total allocated: 1 of 2147483647]
2024-07-24 14:30:58.572 [Test worker] DEBUG c.g.d.z.s.o.a.h.c.h.i.i.PoolingHttpClientConnectionManager - ex-0000010F: acquired ep-0000010E
2024-07-24 14:30:58.572 [Test worker] DEBUG c.g.d.z.s.o.a.h.c.h.i.c.InternalHttpClient - ex-0000010F: acquired endpoint ep-0000010E
2024-07-24 14:30:58.572 [Test worker] DEBUG c.g.d.z.s.o.a.h.c.h.i.c.MainClientExec - ex-0000010F: executing POST /v1.32/containers/5d86980e65d9c515d2597047a711a853b85d719d97488e0dc73c191acec2017d/kill HTTP/1.1
2024-07-24 14:30:58.572 [Test worker] DEBUG c.g.d.z.s.o.a.h.c.h.i.c.InternalHttpClient - ep-0000010E: start execution ex-0000010F
2024-07-24 14:30:58.572 [Test worker] DEBUG c.g.d.z.s.o.a.h.c.h.i.i.PoolingHttpClientConnectionManager - ep-0000010E: executing exchange ex-0000010F over http-outgoing-25
2024-07-24 14:30:58.572 [Test worker] DEBUG c.g.d.z.s.o.a.h.client5.http.headers - http-outgoing-25 >> POST /v1.32/containers/5d86980e65d9c515d2597047a711a853b85d719d97488e0dc73c191acec2017d/kill HTTP/1.1
2024-07-24 14:30:58.572 [Test worker] DEBUG c.g.d.z.s.o.a.h.client5.http.headers - http-outgoing-25 >> accept: application/json
2024-07-24 14:30:58.572 [Test worker] DEBUG c.g.d.z.s.o.a.h.client5.http.headers - http-outgoing-25 >> content-type: application/json
2024-07-24 14:30:58.572 [Test worker] DEBUG c.g.d.z.s.o.a.h.client5.http.headers - http-outgoing-25 >> x-tc-sid: 280e6229-7396-4d60-b1e3-a5de48b5d49b
2024-07-24 14:30:58.572 [Test worker] DEBUG c.g.d.z.s.o.a.h.client5.http.headers - http-outgoing-25 >> User-Agent: tc-java/1.19.8
2024-07-24 14:30:58.572 [Test worker] DEBUG c.g.d.z.s.o.a.h.client5.http.headers - http-outgoing-25 >> Accept-Encoding: gzip, x-gzip, deflate
2024-07-24 14:30:58.572 [Test worker] DEBUG c.g.d.z.s.o.a.h.client5.http.headers - http-outgoing-25 >> Host: localhost:2375
2024-07-24 14:30:58.572 [Test worker] DEBUG c.g.d.z.s.o.a.h.client5.http.headers - http-outgoing-25 >> Connection: keep-alive
2024-07-24 14:30:58.572 [Test worker] DEBUG c.g.d.z.s.o.a.hc.client5.http.wire - http-outgoing-25 >> "POST /v1.32/containers/5d86980e65d9c515d2597047a711a853b85d719d97488e0dc73c191acec2017d/kill HTTP/1.1[\r][\n]"
2024-07-24 14:30:58.572 [Test worker] DEBUG c.g.d.z.s.o.a.hc.client5.http.wire - http-outgoing-25 >> "accept: application/json[\r][\n]"
2024-07-24 14:30:58.572 [Test worker] DEBUG c.g.d.z.s.o.a.hc.client5.http.wire - http-outgoing-25 >> "content-type: application/json[\r][\n]"
2024-07-24 14:30:58.572 [Test worker] DEBUG c.g.d.z.s.o.a.hc.client5.http.wire - http-outgoing-25 >> "x-tc-sid: 280e6229-7396-4d60-b1e3-a5de48b5d49b[\r][\n]"
2024-07-24 14:30:58.572 [Test worker] DEBUG c.g.d.z.s.o.a.hc.client5.http.wire - http-outgoing-25 >> "User-Agent: tc-java/1.19.8[\r][\n]"
2024-07-24 14:30:58.572 [Test worker] DEBUG c.g.d.z.s.o.a.hc.client5.http.wire - http-outgoing-25 >> "Accept-Encoding: gzip, x-gzip, deflate[\r][\n]"
2024-07-24 14:30:58.572 [Test worker] DEBUG c.g.d.z.s.o.a.hc.client5.http.wire - http-outgoing-25 >> "Host: localhost:2375[\r][\n]"
2024-07-24 14:30:58.572 [Test worker] DEBUG c.g.d.z.s.o.a.hc.client5.http.wire - http-outgoing-25 >> "Connection: keep-alive[\r][\n]"
2024-07-24 14:30:58.572 [Test worker] DEBUG c.g.d.z.s.o.a.hc.client5.http.wire - http-outgoing-25 >> "[\r][\n]"
2024-07-24 14:30:59.069 [Test worker] DEBUG c.g.d.z.s.o.a.hc.client5.http.wire - http-outgoing-25 << "HTTP/1.1 204 No Content[\r][\n]"
2024-07-24 14:30:59.070 [Test worker] DEBUG c.g.d.z.s.o.a.hc.client5.http.wire - http-outgoing-25 << "Api-Version: 1.45[\r][\n]"
2024-07-24 14:30:59.070 [Test worker] DEBUG c.g.d.z.s.o.a.hc.client5.http.wire - http-outgoing-25 << "Date: Wed, 24 Jul 2024 02:30:59 GMT[\r][\n]"
2024-07-24 14:30:59.070 [Test worker] DEBUG c.g.d.z.s.o.a.hc.client5.http.wire - http-outgoing-25 << "Docker-Experimental: false[\r][\n]"
2024-07-24 14:30:59.070 [Test worker] DEBUG c.g.d.z.s.o.a.hc.client5.http.wire - http-outgoing-25 << "Ostype: linux[\r][\n]"
2024-07-24 14:30:59.070 [Test worker] DEBUG c.g.d.z.s.o.a.hc.client5.http.wire - http-outgoing-25 << "Server: Docker/26.0.0 (linux)[\r][\n]"
2024-07-24 14:30:59.070 [Test worker] DEBUG c.g.d.z.s.o.a.hc.client5.http.wire - http-outgoing-25 << "[\r][\n]"
2024-07-24 14:30:59.070 [Test worker] DEBUG c.g.d.z.s.o.a.h.client5.http.headers - http-outgoing-25 << HTTP/1.1 204 No Content
2024-07-24 14:30:59.070 [Test worker] DEBUG c.g.d.z.s.o.a.h.client5.http.headers - http-outgoing-25 << Api-Version: 1.45
2024-07-24 14:30:59.070 [Test worker] DEBUG c.g.d.z.s.o.a.h.client5.http.headers - http-outgoing-25 << Date: Wed, 24 Jul 2024 02:30:59 GMT
2024-07-24 14:30:59.070 [Test worker] DEBUG c.g.d.z.s.o.a.h.client5.http.headers - http-outgoing-25 << Docker-Experimental: false
2024-07-24 14:30:59.070 [Test worker] DEBUG c.g.d.z.s.o.a.h.client5.http.headers - http-outgoing-25 << Ostype: linux
2024-07-24 14:30:59.070 [Test worker] DEBUG c.g.d.z.s.o.a.h.client5.http.headers - http-outgoing-25 << Server: Docker/26.0.0 (linux)
2024-07-24 14:30:59.070 [Test worker] DEBUG c.g.d.z.s.o.a.h.c.h.i.c.MainClientExec - ex-0000010F: connection can be kept alive for 3 MINUTES
2024-07-24 14:30:59.070 [Test worker] DEBUG c.g.d.z.s.o.a.h.c.h.i.c.InternalHttpClient - ep-0000010E: releasing valid endpoint
2024-07-24 14:30:59.070 [Test worker] DEBUG c.g.d.z.s.o.a.h.c.h.i.i.PoolingHttpClientConnectionManager - ep-0000010E: releasing endpoint
2024-07-24 14:30:59.070 [Test worker] DEBUG c.g.d.z.s.o.a.h.c.h.i.i.PoolingHttpClientConnectionManager - ep-0000010E: connection http-outgoing-25 can be kept alive for 3 MINUTES
2024-07-24 14:30:59.070 [Test worker] DEBUG c.g.d.z.s.o.a.h.c.h.i.i.PoolingHttpClientConnectionManager - ep-0000010E: connection released [route: {}->npipe://localhost:2375][total available: 1; route allocated: 1 of 2147483647; total allocated: 1 of 2147483647]
2024-07-24 14:30:59.070 [Test worker] TRACE o.t.utility.ResourceReaper - Stopped container: postgres:latest
2024-07-24 14:30:59.070 [Test worker] DEBUG o.t.s.c.g.d.c.command.AbstrDockerCmd - Cmd: 5d86980e65d9c515d2597047a711a853b85d719d97488e0dc73c191acec2017d,false
2024-07-24 14:30:59.070 [Test worker] DEBUG o.t.s.c.g.d.c.e.InspectContainerCmdExec - GET: DefaultWebTarget{path=[/containers/5d86980e65d9c515d2597047a711a853b85d719d97488e0dc73c191acec2017d/json], queryParams={}}
2024-07-24 14:30:59.070 [Test worker] DEBUG c.g.d.z.s.o.a.h.c.h.i.c.InternalHttpClient - ex-00000110: preparing request execution
2024-07-24 14:30:59.070 [Test worker] DEBUG c.g.d.z.s.o.a.h.c.h.p.RequestAddCookies - Cookie spec selected: strict
2024-07-24 14:30:59.070 [Test worker] DEBUG c.g.d.z.s.o.a.h.c.h.p.RequestAuthCache - Auth cache not set in the context
2024-07-24 14:30:59.071 [Test worker] DEBUG c.g.d.z.s.o.a.h.c.h.i.c.ProtocolExec - ex-00000110: target auth state: UNCHALLENGED
2024-07-24 14:30:59.071 [Test worker] DEBUG c.g.d.z.s.o.a.h.c.h.i.c.ProtocolExec - ex-00000110: proxy auth state: UNCHALLENGED
2024-07-24 14:30:59.071 [Test worker] DEBUG c.g.d.z.s.o.a.h.c.h.i.c.ConnectExec - ex-00000110: acquiring connection with route {}->npipe://localhost:2375
2024-07-24 14:30:59.071 [Test worker] DEBUG c.g.d.z.s.o.a.h.c.h.i.c.InternalHttpClient - ex-00000110: acquiring endpoint (3 MINUTES)
2024-07-24 14:30:59.071 [Test worker] DEBUG c.g.d.z.s.o.a.h.c.h.i.i.PoolingHttpClientConnectionManager - ex-00000110: endpoint lease request (3 MINUTES) [route: {}->npipe://localhost:2375][total available: 1; route allocated: 1 of 2147483647; total allocated: 1 of 2147483647]
2024-07-24 14:30:59.071 [Test worker] DEBUG c.g.d.z.s.o.a.h.c.h.i.i.PoolingHttpClientConnectionManager - ex-00000110: endpoint leased [route: {}->npipe://localhost:2375][total available: 0; route allocated: 1 of 2147483647; total allocated: 1 of 2147483647]
2024-07-24 14:30:59.071 [Test worker] DEBUG c.g.d.z.s.o.a.h.c.h.i.i.PoolingHttpClientConnectionManager - ex-00000110: acquired ep-0000010F
2024-07-24 14:30:59.071 [Test worker] DEBUG c.g.d.z.s.o.a.h.c.h.i.c.InternalHttpClient - ex-00000110: acquired endpoint ep-0000010F
2024-07-24 14:30:59.071 [Test worker] DEBUG c.g.d.z.s.o.a.h.c.h.i.c.MainClientExec - ex-00000110: executing GET /v1.32/containers/5d86980e65d9c515d2597047a711a853b85d719d97488e0dc73c191acec2017d/json HTTP/1.1
2024-07-24 14:30:59.071 [Test worker] DEBUG c.g.d.z.s.o.a.h.c.h.i.c.InternalHttpClient - ep-0000010F: start execution ex-00000110
2024-07-24 14:30:59.071 [Test worker] DEBUG c.g.d.z.s.o.a.h.c.h.i.i.PoolingHttpClientConnectionManager - ep-0000010F: executing exchange ex-00000110 over http-outgoing-25
2024-07-24 14:30:59.071 [Test worker] DEBUG c.g.d.z.s.o.a.h.client5.http.headers - http-outgoing-25 >> GET /v1.32/containers/5d86980e65d9c515d2597047a711a853b85d719d97488e0dc73c191acec2017d/json HTTP/1.1
2024-07-24 14:30:59.071 [Test worker] DEBUG c.g.d.z.s.o.a.h.client5.http.headers - http-outgoing-25 >> accept: application/json
2024-07-24 14:30:59.071 [Test worker] DEBUG c.g.d.z.s.o.a.h.client5.http.headers - http-outgoing-25 >> x-tc-sid: 280e6229-7396-4d60-b1e3-a5de48b5d49b
2024-07-24 14:30:59.071 [Test worker] DEBUG c.g.d.z.s.o.a.h.client5.http.headers - http-outgoing-25 >> User-Agent: tc-java/1.19.8
2024-07-24 14:30:59.071 [Test worker] DEBUG c.g.d.z.s.o.a.h.client5.http.headers - http-outgoing-25 >> Accept-Encoding: gzip, x-gzip, deflate
2024-07-24 14:30:59.071 [Test worker] DEBUG c.g.d.z.s.o.a.h.client5.http.headers - http-outgoing-25 >> Host: localhost:2375
2024-07-24 14:30:59.071 [Test worker] DEBUG c.g.d.z.s.o.a.h.client5.http.headers - http-outgoing-25 >> Connection: keep-alive
2024-07-24 14:30:59.071 [Test worker] DEBUG c.g.d.z.s.o.a.hc.client5.http.wire - http-outgoing-25 >> "GET /v1.32/containers/5d86980e65d9c515d2597047a711a853b85d719d97488e0dc73c191acec2017d/json HTTP/1.1[\r][\n]"
2024-07-24 14:30:59.071 [Test worker] DEBUG c.g.d.z.s.o.a.hc.client5.http.wire - http-outgoing-25 >> "accept: application/json[\r][\n]"
2024-07-24 14:30:59.071 [Test worker] DEBUG c.g.d.z.s.o.a.hc.client5.http.wire - http-outgoing-25 >> "x-tc-sid: 280e6229-7396-4d60-b1e3-a5de48b5d49b[\r][\n]"
2024-07-24 14:30:59.071 [Test worker] DEBUG c.g.d.z.s.o.a.hc.client5.http.wire - http-outgoing-25 >> "User-Agent: tc-java/1.19.8[\r][\n]"
2024-07-24 14:30:59.071 [Test worker] DEBUG c.g.d.z.s.o.a.hc.client5.http.wire - http-outgoing-25 >> "Accept-Encoding: gzip, x-gzip, deflate[\r][\n]"
2024-07-24 14:30:59.071 [Test worker] DEBUG c.g.d.z.s.o.a.hc.client5.http.wire - http-outgoing-25 >> "Host: localhost:2375[\r][\n]"
2024-07-24 14:30:59.071 [Test worker] DEBUG c.g.d.z.s.o.a.hc.client5.http.wire - http-outgoing-25 >> "Connection: keep-alive[\r][\n]"
2024-07-24 14:30:59.071 [Test worker] DEBUG c.g.d.z.s.o.a.hc.client5.http.wire - http-outgoing-25 >> "[\r][\n]"
2024-07-24 14:30:59.085 [Test worker] DEBUG c.g.d.z.s.o.a.hc.client5.http.wire - http-outgoing-25 << "HTTP/1.1 200 OK[\r][\n]"
2024-07-24 14:30:59.085 [Test worker] DEBUG c.g.d.z.s.o.a.hc.client5.http.wire - http-outgoing-25 << "Api-Version: 1.45[\r][\n]"
2024-07-24 14:30:59.086 [Test worker] DEBUG c.g.d.z.s.o.a.hc.client5.http.wire - http-outgoing-25 << "Content-Type: application/json[\r][\n]"
2024-07-24 14:30:59.086 [Test worker] DEBUG c.g.d.z.s.o.a.hc.client5.http.wire - http-outgoing-25 << "Date: Wed, 24 Jul 2024 02:30:59 GMT[\r][\n]"
2024-07-24 14:30:59.086 [Test worker] DEBUG c.g.d.z.s.o.a.hc.client5.http.wire - http-outgoing-25 << "Docker-Experimental: false[\r][\n]"
2024-07-24 14:30:59.086 [Test worker] DEBUG c.g.d.z.s.o.a.hc.client5.http.wire - http-outgoing-25 << "Ostype: linux[\r][\n]"
2024-07-24 14:30:59.086 [Test worker] DEBUG c.g.d.z.s.o.a.hc.client5.http.wire - http-outgoing-25 << "Server: Docker/26.0.0 (linux)[\r][\n]"
2024-07-24 14:30:59.086 [Test worker] DEBUG c.g.d.z.s.o.a.hc.client5.http.wire - http-outgoing-25 << "Transfer-Encoding: chunked[\r][\n]"
2024-07-24 14:30:59.086 [Test worker] DEBUG c.g.d.z.s.o.a.hc.client5.http.wire - http-outgoing-25 << "[\r][\n]"
2024-07-24 14:30:59.086 [Test worker] DEBUG c.g.d.z.s.o.a.h.client5.http.headers - http-outgoing-25 << HTTP/1.1 200 OK
2024-07-24 14:30:59.086 [Test worker] DEBUG c.g.d.z.s.o.a.h.client5.http.headers - http-outgoing-25 << Api-Version: 1.45
2024-07-24 14:30:59.086 [Test worker] DEBUG c.g.d.z.s.o.a.h.client5.http.headers - http-outgoing-25 << Content-Type: application/json
2024-07-24 14:30:59.086 [Test worker] DEBUG c.g.d.z.s.o.a.h.client5.http.headers - http-outgoing-25 << Date: Wed, 24 Jul 2024 02:30:59 GMT
2024-07-24 14:30:59.086 [Test worker] DEBUG c.g.d.z.s.o.a.h.client5.http.headers - http-outgoing-25 << Docker-Experimental: false
2024-07-24 14:30:59.086 [Test worker] DEBUG c.g.d.z.s.o.a.h.client5.http.headers - http-outgoing-25 << Ostype: linux
2024-07-24 14:30:59.086 [Test worker] DEBUG c.g.d.z.s.o.a.h.client5.http.headers - http-outgoing-25 << Server: Docker/26.0.0 (linux)
2024-07-24 14:30:59.086 [Test worker] DEBUG c.g.d.z.s.o.a.h.client5.http.headers - http-outgoing-25 << Transfer-Encoding: chunked
2024-07-24 14:30:59.086 [Test worker] DEBUG c.g.d.z.s.o.a.h.c.h.i.c.MainClientExec - ex-00000110: connection can be kept alive for 3 MINUTES
2024-07-24 14:30:59.087 [Test worker] DEBUG c.g.d.z.s.o.a.hc.client5.http.wire - http-outgoing-25 << "193c[\r][\n]"
2024-07-24 14:30:59.087 [Test worker] DEBUG c.g.d.z.s.o.a.hc.client5.http.wire - http-outgoing-25 << "{"Id":"5d86980e65d9c515d2597047a711a853b85d719d97488e0dc73c191acec2017d","Created":"2024-07-24T02:30:56.704923643Z","Path":"docker-entrypoint.sh","Args":["postgres","-c","fsync=off"],"State":{"Status":"exited","Running":false,"Paused":false,"Restarting":false,"OOMKilled":false,"Dead":false,"Pid":0,"ExitCode":137,"Error":"","StartedAt":"2024-07-24T02:30:57.119992674Z","FinishedAt":"2024-07-24T02:30:58.615971552Z"},"Image":"sha256:8e4fc9e184899a58735e7ee333f5e272d7d2298cf59302006b71f33e217be130","ResolvConfPath":"/var/lib/docker/containers/5d86980e65d9c515d2597047a711a853b85d719d97488e0dc73c191acec2017d/resolv.conf","HostnamePath":"/var/lib/docker/containers/5d86980e65d9c515d2597047a711a853b85d719d97488e0dc73c191acec2017d/hostname","HostsPath":"/var/lib/docker/containers/5d86980e65d9c515d2597047a711a853b85d719d97488e0dc73c191acec2017d/hosts","LogPath":"/var/lib/docker/containers/5d86980e65d9c515d2597047a711a853b85d719d97488e0dc73c191acec2017d/5d86980e65d9c515d2597047a711a853b85d719d97488e0dc73c191acec2017d-json.log","Name":"/nifty_allen","RestartCount":0,"Driver":"overlay2","Platform":"linux","MountLabel":"","ProcessLabel":"","AppArmorProfile":"","ExecIDs":null,"HostConfig":{"Binds":[],"ContainerIDFile":"","LogConfig":{"Type":"json-file","Config":{}},"NetworkMode":"default","PortBindings":{"5432/tcp":[{"HostIp":"0.0.0.0","HostPort":"0"}]},"RestartPolicy":{"Name":"no","MaximumRetryCount":0},"AutoRemove":false,"VolumeDriver":"","VolumesFrom":[],"ConsoleSize":[0,0],"CapAdd":null,"CapDrop":null,"CgroupnsMode":"host","Dns":null,"DnsOptions":null,"DnsSearch":null,"ExtraHosts":[],"GroupAdd":null,"IpcMode":"shareable","Cgroup":"","Links":null,"OomScoreAdj":0,"PidMode":"","Privileged":false,"PublishAllPorts":false,"ReadonlyRootfs":false,"SecurityOpt":null,"UTSMode":"","UsernsMode":"","ShmSize":67108864,"Runtime":"runc","Isolation":"","CpuShares":0,"Memory":0,"NanoCpus":0,"CgroupParent":"","BlkioWeight":0,"BlkioWeightDevice":null,"BlkioDeviceReadBps":null,"BlkioDeviceWriteBps":null,"BlkioDeviceReadIOps":null,"BlkioDeviceWriteIOps":null,"CpuPeriod":0,"CpuQuota":0,"CpuRealtimePeriod":0,"CpuRealtimeRuntime":0,"CpusetCpus":"","CpusetMems":"","Devices":null,"DeviceCgroupRules":null,"DeviceRequests":null,"MemoryReservation":0,"MemorySwap":0,"MemorySwappiness":null,"OomKillDisable":false,"PidsLimit":null,"Ulimits":null,"CpuCount":0,"CpuPercent":0,"IOMaximumIOps":0,"IOMaximumBandwidth":0,"MaskedPaths":["/proc/asound","/proc/acpi","/proc/kcore","/proc/keys","/proc/latency_stats","/proc/timer_list","/proc/timer_stats","/proc/sched_debug","/proc/scsi","/sys/firmware","/sys/devices/virtual/powercap"],"ReadonlyPaths":["/proc/bus","/proc/fs","/proc/irq","/proc/sys","/proc/sysrq-trigger"]},"GraphDriver":{"Data":{"LowerDir":"/var/lib/docker/overlay2/70fb94854ce3cc702a185aa6e109f16c409fd4c71306dd61f5f9979effc551da-init/diff:/var/lib/docker/overlay2/8f0ddbd386af0785c2e348570516955816ab350305d698d363962d488eeb15ec/diff:/var/lib/docker/overlay2/0eb0ca73e9b0be7c3d7fa8762ef4778a68f38391bc84c037c2e90b88e781b475/diff:/var/lib/docker/overlay2/74e634bddc785c5d436b10a5158cd82e21dc2065fd1cf8ff9c1c12e01575a2d8/diff:/var/lib/docker/overlay2/bb918b2851cd2f508f1e3fdbfff8b7f8b041d61e65fe8c368288bf399e80b818/diff:/var/lib/docker/overlay2/2abab2946cbdc2941ee8ec4024c51dac7313dee9de5fbedd1ca33388c59eb3c8/diff:/var/lib/docker/overlay2/e12f6083ee669bd92743ceb339a896bb25dbe461b718705bb39eb410b80c0ecd/diff:/var/lib/docker/overlay2/ced1e86d670d097da5ed4da7288c22507735918959161c2cd8bf083fb30d169a/diff:/var/lib/docker/overlay2/94e9ac7b74923285ae73af20aeccb964ca9079e2305db367cb85d1603560472d/diff:/var/lib/docker/overlay2/a396b6dfd63f0c228c519871183c614cccf4d366a43460f27ecf97113c3c4be8/diff:/var/lib/docker/overlay2/f58ada5d5080c2bac553c734f81127660a90581a35ed2a92cebe3c59e340875b/diff:/var/lib/docker/overlay2/84f85636f37bf55d945e217b4f87a856eba7932284beaf042561007b66f48977/diff:/var/lib/docker/overlay2/1e6e519613884e91a2b74a588ba35dc8a2f789371ab798ef6e7d9836d756042f/diff:/var/lib/docker/overlay2/14a3151cc8b4f9d27d2e64f1a8abc0c7809309580f2d7e8dc8545055c1d56194/diff:/var/lib"
2024-07-24 14:30:59.088 [Test worker] DEBUG c.g.d.z.s.o.a.hc.client5.http.wire - http-outgoing-25 << "/docker/overlay2/5b354b9e793401517fe2f1da697653fdaadffc54888eaf76d67e0600b8c68bdc/diff","MergedDir":"/var/lib/docker/overlay2/70fb94854ce3cc702a185aa6e109f16c409fd4c71306dd61f5f9979effc551da/merged","UpperDir":"/var/lib/docker/overlay2/70fb94854ce3cc702a185aa6e109f16c409fd4c71306dd61f5f9979effc551da/diff","WorkDir":"/var/lib/docker/overlay2/70fb94854ce3cc702a185aa6e109f16c409fd4c71306dd61f5f9979effc551da/work"},"Name":"overlay2"},"Mounts":[{"Type":"volume","Name":"7514105aa3ebba59f96758a3b949990031284544bee0a1e5ba0a6e78d5aabe08","Source":"/var/lib/docker/volumes/7514105aa3ebba59f96758a3b949990031284544bee0a1e5ba0a6e78d5aabe08/_data","Destination":"/var/lib/postgresql/data","Driver":"local","Mode":"","RW":true,"Propagation":""}],"Config":{"Hostname":"5d86980e65d9","Domainname":"","User":"","AttachStdin":false,"AttachStdout":false,"AttachStderr":false,"ExposedPorts":{"5432/tcp":{}},"Tty":false,"OpenStdin":false,"StdinOnce":false,"Env":["POSTGRES_USER=user","POSTGRES_PASSWORD=password","POSTGRES_DB=db","PATH=/usr/local/sbin:/usr/local/bin:/usr/sbin:/usr/bin:/sbin:/bin:/usr/lib/postgresql/16/bin","GOSU_VERSION=1.17","LANG=en_US.utf8","PG_MAJOR=16","PG_VERSION=16.2-1.pgdg120+2","PGDATA=/var/lib/postgresql/data"],"Cmd":["postgres","-c","fsync=off"],"Image":"postgres:latest","Volumes":{"/var/lib/postgresql/data":{}},"WorkingDir":"","Entrypoint":["docker-entrypoint.sh"],"OnBuild":null,"Labels":{"org.testcontainers":"true","org.testcontainers.lang":"java","org.testcontainers.sessionId":"280e6229-7396-4d60-b1e3-a5de48b5d49b","org.testcontainers.version":"1.19.8"},"StopSignal":"SIGINT"},"NetworkSettings":{"Bridge":"","SandboxID":"af8247d353a0d53bd60a2b523d576620bdec3800fa5a6059acd0eacd36174b30","SandboxKey":"/var/run/docker/netns/af8247d353a0","Ports":{},"HairpinMode":false,"LinkLocalIPv6Address":"","LinkLocalIPv6PrefixLen":0,"SecondaryIPAddresses":null,"SecondaryIPv6Addresses":null,"EndpointID":"","Gateway":"","GlobalIPv6Address":"","GlobalIPv6PrefixLen":0,"IPAddress":"","IPPrefixLen":0,"IPv6Gateway":"","MacAddress":"","Networks":{"bridge":{"IPAMConfig":null,"Links":null,"Aliases":null,"MacAddress":"","NetworkID":"3c842496be344cbdae878c1dee0957e7bc7c0a2236009c92752030f2b053e72f","EndpointID":"","Gateway":"","IPAddress":"","IPPrefixLen":0,"IPv6Gateway":"","GlobalIPv6Address":"","GlobalIPv6PrefixLen":0,"DriverOpts":null,"DNSNames":null}}}}[\n]"
2024-07-24 14:30:59.088 [Test worker] DEBUG c.g.d.z.s.o.a.hc.client5.http.wire - http-outgoing-25 << "[\r][\n]"
2024-07-24 14:30:59.088 [Test worker] DEBUG c.g.d.z.s.o.a.hc.client5.http.wire - http-outgoing-25 << "0[\r][\n]"
2024-07-24 14:30:59.088 [Test worker] DEBUG c.g.d.z.s.o.a.hc.client5.http.wire - http-outgoing-25 << "[\r][\n]"
2024-07-24 14:30:59.088 [Test worker] DEBUG c.g.d.z.s.o.a.h.c.h.i.c.InternalHttpClient - ep-0000010F: releasing valid endpoint
2024-07-24 14:30:59.088 [Test worker] DEBUG c.g.d.z.s.o.a.h.c.h.i.i.PoolingHttpClientConnectionManager - ep-0000010F: releasing endpoint
2024-07-24 14:30:59.088 [Test worker] DEBUG c.g.d.z.s.o.a.h.c.h.i.i.PoolingHttpClientConnectionManager - ep-0000010F: connection http-outgoing-25 can be kept alive for 3 MINUTES
2024-07-24 14:30:59.088 [Test worker] DEBUG c.g.d.z.s.o.a.h.c.h.i.i.PoolingHttpClientConnectionManager - ep-0000010F: connection released [route: {}->npipe://localhost:2375][total available: 1; route allocated: 1 of 2147483647; total allocated: 1 of 2147483647]
2024-07-24 14:30:59.088 [Test worker] TRACE o.t.utility.ResourceReaper - Removing container: 5d86980e65d9c515d2597047a711a853b85d719d97488e0dc73c191acec2017d
2024-07-24 14:30:59.088 [Test worker] DEBUG o.t.s.c.g.d.c.command.AbstrDockerCmd - Cmd: 5d86980e65d9c515d2597047a711a853b85d719d97488e0dc73c191acec2017d,true,true
2024-07-24 14:30:59.089 [Test worker] TRACE o.t.s.c.g.d.c.e.RemoveContainerCmdExec - DELETE: DefaultWebTarget{path=[/containers/5d86980e65d9c515d2597047a711a853b85d719d97488e0dc73c191acec2017d], queryParams={v=[true], force=[true]}}
2024-07-24 14:30:59.089 [Test worker] DEBUG c.g.d.z.s.o.a.h.c.h.i.c.InternalHttpClient - ex-00000111: preparing request execution
2024-07-24 14:30:59.089 [Test worker] DEBUG c.g.d.z.s.o.a.h.c.h.p.RequestAddCookies - Cookie spec selected: strict
2024-07-24 14:30:59.089 [Test worker] DEBUG c.g.d.z.s.o.a.h.c.h.p.RequestAuthCache - Auth cache not set in the context
2024-07-24 14:30:59.089 [Test worker] DEBUG c.g.d.z.s.o.a.h.c.h.i.c.ProtocolExec - ex-00000111: target auth state: UNCHALLENGED
2024-07-24 14:30:59.089 [Test worker] DEBUG c.g.d.z.s.o.a.h.c.h.i.c.ProtocolExec - ex-00000111: proxy auth state: UNCHALLENGED
2024-07-24 14:30:59.089 [Test worker] DEBUG c.g.d.z.s.o.a.h.c.h.i.c.ConnectExec - ex-00000111: acquiring connection with route {}->npipe://localhost:2375
2024-07-24 14:30:59.089 [Test worker] DEBUG c.g.d.z.s.o.a.h.c.h.i.c.InternalHttpClient - ex-00000111: acquiring endpoint (3 MINUTES)
2024-07-24 14:30:59.089 [Test worker] DEBUG c.g.d.z.s.o.a.h.c.h.i.i.PoolingHttpClientConnectionManager - ex-00000111: endpoint lease request (3 MINUTES) [route: {}->npipe://localhost:2375][total available: 1; route allocated: 1 of 2147483647; total allocated: 1 of 2147483647]
2024-07-24 14:30:59.089 [Test worker] DEBUG c.g.d.z.s.o.a.h.c.h.i.i.PoolingHttpClientConnectionManager - ex-00000111: endpoint leased [route: {}->npipe://localhost:2375][total available: 0; route allocated: 1 of 2147483647; total allocated: 1 of 2147483647]
2024-07-24 14:30:59.089 [Test worker] DEBUG c.g.d.z.s.o.a.h.c.h.i.i.PoolingHttpClientConnectionManager - ex-00000111: acquired ep-00000110
2024-07-24 14:30:59.089 [Test worker] DEBUG c.g.d.z.s.o.a.h.c.h.i.c.InternalHttpClient - ex-00000111: acquired endpoint ep-00000110
2024-07-24 14:30:59.089 [Test worker] DEBUG c.g.d.z.s.o.a.h.c.h.i.c.MainClientExec - ex-00000111: executing DELETE /v1.32/containers/5d86980e65d9c515d2597047a711a853b85d719d97488e0dc73c191acec2017d?v=true&force=true HTTP/1.1
2024-07-24 14:30:59.089 [Test worker] DEBUG c.g.d.z.s.o.a.h.c.h.i.c.InternalHttpClient - ep-00000110: start execution ex-00000111
2024-07-24 14:30:59.089 [Test worker] DEBUG c.g.d.z.s.o.a.h.c.h.i.i.PoolingHttpClientConnectionManager - ep-00000110: executing exchange ex-00000111 over http-outgoing-25
2024-07-24 14:30:59.089 [Test worker] DEBUG c.g.d.z.s.o.a.h.client5.http.headers - http-outgoing-25 >> DELETE /v1.32/containers/5d86980e65d9c515d2597047a711a853b85d719d97488e0dc73c191acec2017d?v=true&force=true HTTP/1.1
2024-07-24 14:30:59.089 [Test worker] DEBUG c.g.d.z.s.o.a.h.client5.http.headers - http-outgoing-25 >> accept: application/json
2024-07-24 14:30:59.089 [Test worker] DEBUG c.g.d.z.s.o.a.h.client5.http.headers - http-outgoing-25 >> x-tc-sid: 280e6229-7396-4d60-b1e3-a5de48b5d49b
2024-07-24 14:30:59.089 [Test worker] DEBUG c.g.d.z.s.o.a.h.client5.http.headers - http-outgoing-25 >> User-Agent: tc-java/1.19.8
2024-07-24 14:30:59.089 [Test worker] DEBUG c.g.d.z.s.o.a.h.client5.http.headers - http-outgoing-25 >> Accept-Encoding: gzip, x-gzip, deflate
2024-07-24 14:30:59.089 [Test worker] DEBUG c.g.d.z.s.o.a.h.client5.http.headers - http-outgoing-25 >> Host: localhost:2375
2024-07-24 14:30:59.089 [Test worker] DEBUG c.g.d.z.s.o.a.h.client5.http.headers - http-outgoing-25 >> Connection: keep-alive
2024-07-24 14:30:59.089 [Test worker] DEBUG c.g.d.z.s.o.a.hc.client5.http.wire - http-outgoing-25 >> "DELETE /v1.32/containers/5d86980e65d9c515d2597047a711a853b85d719d97488e0dc73c191acec2017d?v=true&force=true HTTP/1.1[\r][\n]"
2024-07-24 14:30:59.089 [Test worker] DEBUG c.g.d.z.s.o.a.hc.client5.http.wire - http-outgoing-25 >> "accept: application/json[\r][\n]"
2024-07-24 14:30:59.089 [Test worker] DEBUG c.g.d.z.s.o.a.hc.client5.http.wire - http-outgoing-25 >> "x-tc-sid: 280e6229-7396-4d60-b1e3-a5de48b5d49b[\r][\n]"
2024-07-24 14:30:59.089 [Test worker] DEBUG c.g.d.z.s.o.a.hc.client5.http.wire - http-outgoing-25 >> "User-Agent: tc-java/1.19.8[\r][\n]"
2024-07-24 14:30:59.089 [Test worker] DEBUG c.g.d.z.s.o.a.hc.client5.http.wire - http-outgoing-25 >> "Accept-Encoding: gzip, x-gzip, deflate[\r][\n]"
2024-07-24 14:30:59.089 [Test worker] DEBUG c.g.d.z.s.o.a.hc.client5.http.wire - http-outgoing-25 >> "Host: localhost:2375[\r][\n]"
2024-07-24 14:30:59.089 [Test worker] DEBUG c.g.d.z.s.o.a.hc.client5.http.wire - http-outgoing-25 >> "Connection: keep-alive[\r][\n]"
2024-07-24 14:30:59.089 [Test worker] DEBUG c.g.d.z.s.o.a.hc.client5.http.wire - http-outgoing-25 >> "[\r][\n]"
2024-07-24 14:30:59.162 [Test worker] DEBUG c.g.d.z.s.o.a.hc.client5.http.wire - http-outgoing-25 << "HTTP/1.1 204 No Content[\r][\n]"
2024-07-24 14:30:59.162 [Test worker] DEBUG c.g.d.z.s.o.a.hc.client5.http.wire - http-outgoing-25 << "Api-Version: 1.45[\r][\n]"
2024-07-24 14:30:59.162 [Test worker] DEBUG c.g.d.z.s.o.a.hc.client5.http.wire - http-outgoing-25 << "Date: Wed, 24 Jul 2024 02:30:59 GMT[\r][\n]"
2024-07-24 14:30:59.162 [Test worker] DEBUG c.g.d.z.s.o.a.hc.client5.http.wire - http-outgoing-25 << "Docker-Experimental: false[\r][\n]"
2024-07-24 14:30:59.162 [Test worker] DEBUG c.g.d.z.s.o.a.hc.client5.http.wire - http-outgoing-25 << "Ostype: linux[\r][\n]"
2024-07-24 14:30:59.162 [Test worker] DEBUG c.g.d.z.s.o.a.hc.client5.http.wire - http-outgoing-25 << "Server: Docker/26.0.0 (linux)[\r][\n]"
2024-07-24 14:30:59.162 [Test worker] DEBUG c.g.d.z.s.o.a.hc.client5.http.wire - http-outgoing-25 << "[\r][\n]"
2024-07-24 14:30:59.162 [Test worker] DEBUG c.g.d.z.s.o.a.h.client5.http.headers - http-outgoing-25 << HTTP/1.1 204 No Content
2024-07-24 14:30:59.162 [Test worker] DEBUG c.g.d.z.s.o.a.h.client5.http.headers - http-outgoing-25 << Api-Version: 1.45
2024-07-24 14:30:59.162 [Test worker] DEBUG c.g.d.z.s.o.a.h.client5.http.headers - http-outgoing-25 << Date: Wed, 24 Jul 2024 02:30:59 GMT
2024-07-24 14:30:59.162 [Test worker] DEBUG c.g.d.z.s.o.a.h.client5.http.headers - http-outgoing-25 << Docker-Experimental: false
2024-07-24 14:30:59.162 [Test worker] DEBUG c.g.d.z.s.o.a.h.client5.http.headers - http-outgoing-25 << Ostype: linux
2024-07-24 14:30:59.162 [Test worker] DEBUG c.g.d.z.s.o.a.h.client5.http.headers - http-outgoing-25 << Server: Docker/26.0.0 (linux)
2024-07-24 14:30:59.162 [Test worker] DEBUG c.g.d.z.s.o.a.h.c.h.i.c.MainClientExec - ex-00000111: connection can be kept alive for 3 MINUTES
2024-07-24 14:30:59.162 [Test worker] DEBUG c.g.d.z.s.o.a.h.c.h.i.c.InternalHttpClient - ep-00000110: releasing valid endpoint
2024-07-24 14:30:59.162 [Test worker] DEBUG c.g.d.z.s.o.a.h.c.h.i.i.PoolingHttpClientConnectionManager - ep-00000110: releasing endpoint
2024-07-24 14:30:59.162 [Test worker] DEBUG c.g.d.z.s.o.a.h.c.h.i.i.PoolingHttpClientConnectionManager - ep-00000110: connection http-outgoing-25 can be kept alive for 3 MINUTES
2024-07-24 14:30:59.162 [Test worker] DEBUG c.g.d.z.s.o.a.h.c.h.i.i.PoolingHttpClientConnectionManager - ep-00000110: connection released [route: {}->npipe://localhost:2375][total available: 1; route allocated: 1 of 2147483647; total allocated: 1 of 2147483647]
2024-07-24 14:30:59.163 [Test worker] DEBUG o.t.utility.ResourceReaper - Removed container and associated volume(s): postgres:latest
2024-07-24 14:30:59.164 [Test worker] DEBUG o.t.u.PrefixingImageNameSubstitutor - No prefix is configured
2024-07-24 14:30:59.164 [Test worker] DEBUG o.t.utility.ImageNameSubstitutor - Did not find a substitute image for postgres:latest (using image substitutor: DefaultImageNameSubstitutor (composite of 'ConfigurationFileImageNameSubstitutor' and 'PrefixingImageNameSubstitutor'))
2024-07-24 14:30:59.164 [Test worker] TRACE tc.postgres:latest - postgres:latest is already in image name cache
2024-07-24 14:30:59.164 [Test worker] DEBUG o.t.images.AbstractImagePullPolicy - Using locally available and not pulling image: postgres:latest
2024-07-24 14:30:59.164 [Test worker] DEBUG tc.postgres:latest - Starting container: postgres:latest
2024-07-24 14:30:59.164 [Test worker] DEBUG tc.postgres:latest - Trying to start container: postgres:latest (attempt 1/1)
2024-07-24 14:30:59.164 [Test worker] DEBUG tc.postgres:latest - Starting container: postgres:latest
2024-07-24 14:30:59.164 [Test worker] INFO  tc.postgres:latest - Creating container for image: postgres:latest
2024-07-24 14:30:59.164 [Test worker] DEBUG o.t.utility.RegistryAuthLocator - Looking up auth config for image: postgres:latest at registry: https://index.docker.io/v1/
2024-07-24 14:30:59.164 [Test worker] DEBUG o.t.utility.RegistryAuthLocator - No matching Auth Configs - falling back to defaultAuthConfig [null]
2024-07-24 14:30:59.164 [Test worker] DEBUG o.t.d.AuthDelegatingDockerClientConfig - Effective auth config [null]
2024-07-24 14:30:59.164 [Test worker] DEBUG o.t.s.c.g.d.c.command.AbstrDockerCmd - Cmd: org.testcontainers.shaded.com.github.dockerjava.core.command.CreateContainerCmdImpl@372461a9[aliases=<null>,argsEscaped=<null>,attachStderr=<null>,attachStdin=<null>,attachStdout=<null>,authConfig=<null>,cmd={postgres,-c,fsync=off},domainName=<null>,entrypoint=<null>,env={POSTGRES_USER=user,POSTGRES_PASSWORD=password,POSTGRES_DB=db},exposedPorts=ExposedPorts(exposedPorts=[5432/tcp]),healthcheck=<null>,hostConfig=HostConfig(binds=[], blkioWeight=null, blkioWeightDevice=null, blkioDeviceReadBps=null, blkioDeviceWriteBps=null, blkioDeviceReadIOps=null, blkioDeviceWriteIOps=null, memorySwappiness=null, nanoCPUs=null, capAdd=null, capDrop=null, containerIDFile=null, cpuPeriod=null, cpuRealtimePeriod=null, cpuRealtimeRuntime=null, cpuShares=null, cpuQuota=null, cpusetCpus=null, cpusetMems=null, devices=null, deviceCgroupRules=null, deviceRequests=null, diskQuota=null, dns=null, dnsOptions=null, dnsSearch=null, extraHosts=[], groupAdd=null, ipcMode=null, cgroup=null, links=[], logConfig=LogConfig(type=null, config=null), lxcConf=null, memory=null, memorySwap=null, memoryReservation=null, kernelMemory=null, networkMode=null, oomKillDisable=null, init=null, autoRemove=null, oomScoreAdj=null, portBindings={5432/tcp=[Lcom.github.dockerjava.api.model.Ports$Binding;@781aff8b}, privileged=null, publishAllPorts=null, readonlyRootfs=null, restartPolicy=null, ulimits=null, cpuCount=null, cpuPercent=null, ioMaximumIOps=null, ioMaximumBandwidth=null, volumesFrom=[], mounts=null, pidMode=null, isolation=null, securityOpts=null, storageOpt=null, cgroupParent=null, volumeDriver=null, shmSize=null, pidsLimit=null, runtime=null, tmpFs=null, utSMode=null, usernsMode=null, sysctls=null, consoleSize=null, cgroupnsMode=null),hostName=<null>,image=postgres:latest,ipv4Address=<null>,ipv6Address=<null>,labels={org.testcontainers=true, org.testcontainers.lang=java, org.testcontainers.version=1.19.8, org.testcontainers.sessionId=280e6229-7396-4d60-b1e3-a5de48b5d49b},macAddress=<null>,name=<null>,networkDisabled=<null>,networkingConfig=<null>,onBuild=<null>,platform=<null>,portSpecs=<null>,shell=<null>,stdInOnce=<null>,stdinOpen=<null>,stopSignal=<null>,stopTimeout=<null>,tty=<null>,user=<null>,volumes=Volumes(volumes=[]),workingDir=<null>]
2024-07-24 14:30:59.165 [Test worker] TRACE o.t.s.c.g.d.c.e.CreateContainerCmdExec - POST: DefaultWebTarget{path=[/containers/create], queryParams={}} 
2024-07-24 14:30:59.166 [Test worker] DEBUG c.g.d.z.s.o.a.h.c.h.i.c.InternalHttpClient - ex-00000112: preparing request execution
2024-07-24 14:30:59.166 [Test worker] DEBUG c.g.d.z.s.o.a.h.c.h.p.RequestAddCookies - Cookie spec selected: strict
2024-07-24 14:30:59.166 [Test worker] DEBUG c.g.d.z.s.o.a.h.c.h.p.RequestAuthCache - Auth cache not set in the context
2024-07-24 14:30:59.166 [Test worker] DEBUG c.g.d.z.s.o.a.h.c.h.i.c.ProtocolExec - ex-00000112: target auth state: UNCHALLENGED
2024-07-24 14:30:59.166 [Test worker] DEBUG c.g.d.z.s.o.a.h.c.h.i.c.ProtocolExec - ex-00000112: proxy auth state: UNCHALLENGED
2024-07-24 14:30:59.166 [Test worker] DEBUG c.g.d.z.s.o.a.h.c.h.i.c.ConnectExec - ex-00000112: acquiring connection with route {}->npipe://localhost:2375
2024-07-24 14:30:59.166 [Test worker] DEBUG c.g.d.z.s.o.a.h.c.h.i.c.InternalHttpClient - ex-00000112: acquiring endpoint (3 MINUTES)
2024-07-24 14:30:59.166 [Test worker] DEBUG c.g.d.z.s.o.a.h.c.h.i.i.PoolingHttpClientConnectionManager - ex-00000112: endpoint lease request (3 MINUTES) [route: {}->npipe://localhost:2375][total available: 1; route allocated: 1 of 2147483647; total allocated: 1 of 2147483647]
2024-07-24 14:30:59.166 [Test worker] DEBUG c.g.d.z.s.o.a.h.c.h.i.i.PoolingHttpClientConnectionManager - ex-00000112: endpoint leased [route: {}->npipe://localhost:2375][total available: 0; route allocated: 1 of 2147483647; total allocated: 1 of 2147483647]
2024-07-24 14:30:59.166 [Test worker] DEBUG c.g.d.z.s.o.a.h.c.h.i.i.PoolingHttpClientConnectionManager - ex-00000112: acquired ep-00000111
2024-07-24 14:30:59.166 [Test worker] DEBUG c.g.d.z.s.o.a.h.c.h.i.c.InternalHttpClient - ex-00000112: acquired endpoint ep-00000111
2024-07-24 14:30:59.166 [Test worker] DEBUG c.g.d.z.s.o.a.h.c.h.i.c.MainClientExec - ex-00000112: executing POST /v1.32/containers/create HTTP/1.1
2024-07-24 14:30:59.166 [Test worker] DEBUG c.g.d.z.s.o.a.h.c.h.i.c.InternalHttpClient - ep-00000111: start execution ex-00000112
2024-07-24 14:30:59.166 [Test worker] DEBUG c.g.d.z.s.o.a.h.c.h.i.i.PoolingHttpClientConnectionManager - ep-00000111: executing exchange ex-00000112 over http-outgoing-25
2024-07-24 14:30:59.166 [Test worker] DEBUG c.g.d.z.s.o.a.h.client5.http.headers - http-outgoing-25 >> POST /v1.32/containers/create HTTP/1.1
2024-07-24 14:30:59.166 [Test worker] DEBUG c.g.d.z.s.o.a.h.client5.http.headers - http-outgoing-25 >> accept: application/json
2024-07-24 14:30:59.166 [Test worker] DEBUG c.g.d.z.s.o.a.h.client5.http.headers - http-outgoing-25 >> content-type: application/json
2024-07-24 14:30:59.166 [Test worker] DEBUG c.g.d.z.s.o.a.h.client5.http.headers - http-outgoing-25 >> x-tc-sid: 280e6229-7396-4d60-b1e3-a5de48b5d49b
2024-07-24 14:30:59.166 [Test worker] DEBUG c.g.d.z.s.o.a.h.client5.http.headers - http-outgoing-25 >> User-Agent: tc-java/1.19.8
2024-07-24 14:30:59.166 [Test worker] DEBUG c.g.d.z.s.o.a.h.client5.http.headers - http-outgoing-25 >> Accept-Encoding: gzip, x-gzip, deflate
2024-07-24 14:30:59.166 [Test worker] DEBUG c.g.d.z.s.o.a.h.client5.http.headers - http-outgoing-25 >> Content-Length: 2061
2024-07-24 14:30:59.166 [Test worker] DEBUG c.g.d.z.s.o.a.h.client5.http.headers - http-outgoing-25 >> Host: localhost:2375
2024-07-24 14:30:59.166 [Test worker] DEBUG c.g.d.z.s.o.a.h.client5.http.headers - http-outgoing-25 >> Connection: keep-alive
2024-07-24 14:30:59.166 [Test worker] DEBUG c.g.d.z.s.o.a.hc.client5.http.wire - http-outgoing-25 >> "POST /v1.32/containers/create HTTP/1.1[\r][\n]"
2024-07-24 14:30:59.166 [Test worker] DEBUG c.g.d.z.s.o.a.hc.client5.http.wire - http-outgoing-25 >> "accept: application/json[\r][\n]"
2024-07-24 14:30:59.166 [Test worker] DEBUG c.g.d.z.s.o.a.hc.client5.http.wire - http-outgoing-25 >> "content-type: application/json[\r][\n]"
2024-07-24 14:30:59.166 [Test worker] DEBUG c.g.d.z.s.o.a.hc.client5.http.wire - http-outgoing-25 >> "x-tc-sid: 280e6229-7396-4d60-b1e3-a5de48b5d49b[\r][\n]"
2024-07-24 14:30:59.166 [Test worker] DEBUG c.g.d.z.s.o.a.hc.client5.http.wire - http-outgoing-25 >> "User-Agent: tc-java/1.19.8[\r][\n]"
2024-07-24 14:30:59.166 [Test worker] DEBUG c.g.d.z.s.o.a.hc.client5.http.wire - http-outgoing-25 >> "Accept-Encoding: gzip, x-gzip, deflate[\r][\n]"
2024-07-24 14:30:59.166 [Test worker] DEBUG c.g.d.z.s.o.a.hc.client5.http.wire - http-outgoing-25 >> "Content-Length: 2061[\r][\n]"
2024-07-24 14:30:59.166 [Test worker] DEBUG c.g.d.z.s.o.a.hc.client5.http.wire - http-outgoing-25 >> "Host: localhost:2375[\r][\n]"
2024-07-24 14:30:59.166 [Test worker] DEBUG c.g.d.z.s.o.a.hc.client5.http.wire - http-outgoing-25 >> "Connection: keep-alive[\r][\n]"
2024-07-24 14:30:59.166 [Test worker] DEBUG c.g.d.z.s.o.a.hc.client5.http.wire - http-outgoing-25 >> "[\r][\n]"
2024-07-24 14:30:59.166 [Test worker] DEBUG c.g.d.z.s.o.a.hc.client5.http.wire - http-outgoing-25 >> "{"Hostname":null,"Domainname":null,"User":null,"AttachStdin":null,"AttachStdout":null,"AttachStderr":null,"PortSpecs":null,"Tty":null,"OpenStdin":null,"StdinOnce":null,"Env":["POSTGRES_USER=user","POSTGRES_PASSWORD=password","POSTGRES_DB=db"],"Cmd":["postgres","-c","fsync=off"],"Healthcheck":null,"ArgsEscaped":null,"Entrypoint":null,"Image":"postgres:latest","Volumes":{},"WorkingDir":null,"MacAddress":null,"OnBuild":null,"NetworkDisabled":null,"ExposedPorts":{"5432/tcp":{}},"StopSignal":null,"StopTimeout":null,"HostConfig":{"Binds":[],"BlkioWeight":null,"BlkioWeightDevice":null,"BlkioDeviceReadBps":null,"BlkioDeviceWriteBps":null,"BlkioDeviceReadIOps":null,"BlkioDeviceWriteIOps":null,"MemorySwappiness":null,"NanoCpus":null,"CapAdd":null,"CapDrop":null,"ContainerIDFile":null,"CpuPeriod":null,"CpuRealtimePeriod":null,"CpuRealtimeRuntime":null,"CpuShares":null,"CpuQuota":null,"CpusetCpus":null,"CpusetMems":null,"Devices":null,"DeviceCgroupRules":null,"DeviceRequests":null,"DiskQuota":null,"Dns":null,"DnsOptions":null,"DnsSearch":null,"ExtraHosts":[],"GroupAdd":null,"IpcMode":null,"Cgroup":null,"Links":[],"LogConfig":null,"LxcConf":null,"Memory":null,"MemorySwap":null,"MemoryReservation":null,"KernelMemory":null,"NetworkMode":null,"OomKillDisable":null,"Init":null,"AutoRemove":null,"OomScoreAdj":null,"PortBindings":{"5432/tcp":[{"HostIp":"","HostPort":""}]},"Privileged":null,"PublishAllPorts":null,"ReadonlyRootfs":null,"RestartPolicy":null,"Ulimits":null,"CpuCount":null,"CpuPercent":null,"IOMaximumIOps":null,"IOMaximumBandwidth":null,"VolumesFrom":[],"Mounts":null,"PidMode":null,"Isolation":null,"SecurityOpt":null,"StorageOpt":null,"CgroupParent":null,"VolumeDriver":null,"ShmSize":null,"PidsLimit":null,"Runtime":null,"Tmpfs":null,"UTSMode":null,"UsernsMode":null,"Sysctls":null,"ConsoleSize":null,"CgroupnsMode":null},"Labels":{"org.testcontainers":"true","org.testcontainers.lang":"java","org.testcontainers.version":"1.19.8","org.testcontainers.sessionId":"280e6229-7396-4d60-b1e3-a5de48b5d49b"},"Shell":null,"NetworkingConfig":null}"
2024-07-24 14:30:59.301 [Test worker] DEBUG c.g.d.z.s.o.a.hc.client5.http.wire - http-outgoing-25 << "HTTP/1.1 201 Created[\r][\n]"
2024-07-24 14:30:59.301 [Test worker] DEBUG c.g.d.z.s.o.a.hc.client5.http.wire - http-outgoing-25 << "Api-Version: 1.45[\r][\n]"
2024-07-24 14:30:59.301 [Test worker] DEBUG c.g.d.z.s.o.a.hc.client5.http.wire - http-outgoing-25 << "Content-Type: application/json[\r][\n]"
2024-07-24 14:30:59.301 [Test worker] DEBUG c.g.d.z.s.o.a.hc.client5.http.wire - http-outgoing-25 << "Date: Wed, 24 Jul 2024 02:30:59 GMT[\r][\n]"
2024-07-24 14:30:59.301 [Test worker] DEBUG c.g.d.z.s.o.a.hc.client5.http.wire - http-outgoing-25 << "Docker-Experimental: false[\r][\n]"
2024-07-24 14:30:59.301 [Test worker] DEBUG c.g.d.z.s.o.a.hc.client5.http.wire - http-outgoing-25 << "Ostype: linux[\r][\n]"
2024-07-24 14:30:59.301 [Test worker] DEBUG c.g.d.z.s.o.a.hc.client5.http.wire - http-outgoing-25 << "Server: Docker/26.0.0 (linux)[\r][\n]"
2024-07-24 14:30:59.301 [Test worker] DEBUG c.g.d.z.s.o.a.hc.client5.http.wire - http-outgoing-25 << "Transfer-Encoding: chunked[\r][\n]"
2024-07-24 14:30:59.301 [Test worker] DEBUG c.g.d.z.s.o.a.hc.client5.http.wire - http-outgoing-25 << "[\r][\n]"
2024-07-24 14:30:59.301 [Test worker] DEBUG c.g.d.z.s.o.a.h.client5.http.headers - http-outgoing-25 << HTTP/1.1 201 Created
2024-07-24 14:30:59.301 [Test worker] DEBUG c.g.d.z.s.o.a.h.client5.http.headers - http-outgoing-25 << Api-Version: 1.45
2024-07-24 14:30:59.301 [Test worker] DEBUG c.g.d.z.s.o.a.h.client5.http.headers - http-outgoing-25 << Content-Type: application/json
2024-07-24 14:30:59.301 [Test worker] DEBUG c.g.d.z.s.o.a.h.client5.http.headers - http-outgoing-25 << Date: Wed, 24 Jul 2024 02:30:59 GMT
2024-07-24 14:30:59.301 [Test worker] DEBUG c.g.d.z.s.o.a.h.client5.http.headers - http-outgoing-25 << Docker-Experimental: false
2024-07-24 14:30:59.301 [Test worker] DEBUG c.g.d.z.s.o.a.h.client5.http.headers - http-outgoing-25 << Ostype: linux
2024-07-24 14:30:59.301 [Test worker] DEBUG c.g.d.z.s.o.a.h.client5.http.headers - http-outgoing-25 << Server: Docker/26.0.0 (linux)
2024-07-24 14:30:59.301 [Test worker] DEBUG c.g.d.z.s.o.a.h.client5.http.headers - http-outgoing-25 << Transfer-Encoding: chunked
2024-07-24 14:30:59.301 [Test worker] DEBUG c.g.d.z.s.o.a.h.c.h.i.c.MainClientExec - ex-00000112: connection can be kept alive for 3 MINUTES
2024-07-24 14:30:59.301 [Test worker] DEBUG c.g.d.z.s.o.a.hc.client5.http.wire - http-outgoing-25 << "58[\r][\n]"
2024-07-24 14:30:59.301 [Test worker] DEBUG c.g.d.z.s.o.a.hc.client5.http.wire - http-outgoing-25 << "{"Id":"5f4d55e5257be669e343838a682bd54d001a3562308fe5c6c2f77e24fc4a6799","Warnings":[]}[\n]"
2024-07-24 14:30:59.301 [Test worker] DEBUG c.g.d.z.s.o.a.hc.client5.http.wire - http-outgoing-25 << "[\r][\n]"
2024-07-24 14:30:59.301 [Test worker] DEBUG c.g.d.z.s.o.a.hc.client5.http.wire - http-outgoing-25 << "0[\r][\n]"
2024-07-24 14:30:59.301 [Test worker] DEBUG c.g.d.z.s.o.a.hc.client5.http.wire - http-outgoing-25 << "[\r][\n]"
2024-07-24 14:30:59.302 [Test worker] DEBUG c.g.d.z.s.o.a.h.c.h.i.c.InternalHttpClient - ep-00000111: releasing valid endpoint
2024-07-24 14:30:59.302 [Test worker] DEBUG c.g.d.z.s.o.a.h.c.h.i.i.PoolingHttpClientConnectionManager - ep-00000111: releasing endpoint
2024-07-24 14:30:59.302 [Test worker] DEBUG c.g.d.z.s.o.a.h.c.h.i.i.PoolingHttpClientConnectionManager - ep-00000111: connection http-outgoing-25 can be kept alive for 3 MINUTES
2024-07-24 14:30:59.302 [Test worker] DEBUG c.g.d.z.s.o.a.h.c.h.i.i.PoolingHttpClientConnectionManager - ep-00000111: connection released [route: {}->npipe://localhost:2375][total available: 1; route allocated: 1 of 2147483647; total allocated: 1 of 2147483647]
2024-07-24 14:30:59.302 [Test worker] INFO  tc.postgres:latest - Container postgres:latest is starting: 5f4d55e5257be669e343838a682bd54d001a3562308fe5c6c2f77e24fc4a6799
2024-07-24 14:30:59.302 [Test worker] DEBUG o.t.s.c.g.d.c.command.AbstrDockerCmd - Cmd: 5f4d55e5257be669e343838a682bd54d001a3562308fe5c6c2f77e24fc4a6799
2024-07-24 14:30:59.302 [Test worker] TRACE o.t.s.c.g.d.c.e.StartContainerCmdExec - POST: DefaultWebTarget{path=[/containers/5f4d55e5257be669e343838a682bd54d001a3562308fe5c6c2f77e24fc4a6799/start], queryParams={}}
2024-07-24 14:30:59.302 [Test worker] DEBUG c.g.d.z.s.o.a.h.c.h.i.c.InternalHttpClient - ex-00000113: preparing request execution
2024-07-24 14:30:59.302 [Test worker] DEBUG c.g.d.z.s.o.a.h.c.h.p.RequestAddCookies - Cookie spec selected: strict
2024-07-24 14:30:59.302 [Test worker] DEBUG c.g.d.z.s.o.a.h.c.h.p.RequestAuthCache - Auth cache not set in the context
2024-07-24 14:30:59.302 [Test worker] DEBUG c.g.d.z.s.o.a.h.c.h.i.c.ProtocolExec - ex-00000113: target auth state: UNCHALLENGED
2024-07-24 14:30:59.302 [Test worker] DEBUG c.g.d.z.s.o.a.h.c.h.i.c.ProtocolExec - ex-00000113: proxy auth state: UNCHALLENGED
2024-07-24 14:30:59.302 [Test worker] DEBUG c.g.d.z.s.o.a.h.c.h.i.c.ConnectExec - ex-00000113: acquiring connection with route {}->npipe://localhost:2375
2024-07-24 14:30:59.302 [Test worker] DEBUG c.g.d.z.s.o.a.h.c.h.i.c.InternalHttpClient - ex-00000113: acquiring endpoint (3 MINUTES)
2024-07-24 14:30:59.302 [Test worker] DEBUG c.g.d.z.s.o.a.h.c.h.i.i.PoolingHttpClientConnectionManager - ex-00000113: endpoint lease request (3 MINUTES) [route: {}->npipe://localhost:2375][total available: 1; route allocated: 1 of 2147483647; total allocated: 1 of 2147483647]
2024-07-24 14:30:59.302 [Test worker] DEBUG c.g.d.z.s.o.a.h.c.h.i.i.PoolingHttpClientConnectionManager - ex-00000113: endpoint leased [route: {}->npipe://localhost:2375][total available: 0; route allocated: 1 of 2147483647; total allocated: 1 of 2147483647]
2024-07-24 14:30:59.302 [Test worker] DEBUG c.g.d.z.s.o.a.h.c.h.i.i.PoolingHttpClientConnectionManager - ex-00000113: acquired ep-00000112
2024-07-24 14:30:59.302 [Test worker] DEBUG c.g.d.z.s.o.a.h.c.h.i.c.InternalHttpClient - ex-00000113: acquired endpoint ep-00000112
2024-07-24 14:30:59.302 [Test worker] DEBUG c.g.d.z.s.o.a.h.c.h.i.c.MainClientExec - ex-00000113: executing POST /v1.32/containers/5f4d55e5257be669e343838a682bd54d001a3562308fe5c6c2f77e24fc4a6799/start HTTP/1.1
2024-07-24 14:30:59.302 [Test worker] DEBUG c.g.d.z.s.o.a.h.c.h.i.c.InternalHttpClient - ep-00000112: start execution ex-00000113
2024-07-24 14:30:59.302 [Test worker] DEBUG c.g.d.z.s.o.a.h.c.h.i.i.PoolingHttpClientConnectionManager - ep-00000112: executing exchange ex-00000113 over http-outgoing-25
2024-07-24 14:30:59.302 [Test worker] DEBUG c.g.d.z.s.o.a.h.client5.http.headers - http-outgoing-25 >> POST /v1.32/containers/5f4d55e5257be669e343838a682bd54d001a3562308fe5c6c2f77e24fc4a6799/start HTTP/1.1
2024-07-24 14:30:59.302 [Test worker] DEBUG c.g.d.z.s.o.a.h.client5.http.headers - http-outgoing-25 >> accept: application/json
2024-07-24 14:30:59.302 [Test worker] DEBUG c.g.d.z.s.o.a.h.client5.http.headers - http-outgoing-25 >> content-type: application/json
2024-07-24 14:30:59.302 [Test worker] DEBUG c.g.d.z.s.o.a.h.client5.http.headers - http-outgoing-25 >> x-tc-sid: 280e6229-7396-4d60-b1e3-a5de48b5d49b
2024-07-24 14:30:59.302 [Test worker] DEBUG c.g.d.z.s.o.a.h.client5.http.headers - http-outgoing-25 >> User-Agent: tc-java/1.19.8
2024-07-24 14:30:59.302 [Test worker] DEBUG c.g.d.z.s.o.a.h.client5.http.headers - http-outgoing-25 >> Accept-Encoding: gzip, x-gzip, deflate
2024-07-24 14:30:59.302 [Test worker] DEBUG c.g.d.z.s.o.a.h.client5.http.headers - http-outgoing-25 >> Host: localhost:2375
2024-07-24 14:30:59.302 [Test worker] DEBUG c.g.d.z.s.o.a.h.client5.http.headers - http-outgoing-25 >> Connection: keep-alive
2024-07-24 14:30:59.302 [Test worker] DEBUG c.g.d.z.s.o.a.hc.client5.http.wire - http-outgoing-25 >> "POST /v1.32/containers/5f4d55e5257be669e343838a682bd54d001a3562308fe5c6c2f77e24fc4a6799/start HTTP/1.1[\r][\n]"
2024-07-24 14:30:59.302 [Test worker] DEBUG c.g.d.z.s.o.a.hc.client5.http.wire - http-outgoing-25 >> "accept: application/json[\r][\n]"
2024-07-24 14:30:59.302 [Test worker] DEBUG c.g.d.z.s.o.a.hc.client5.http.wire - http-outgoing-25 >> "content-type: application/json[\r][\n]"
2024-07-24 14:30:59.302 [Test worker] DEBUG c.g.d.z.s.o.a.hc.client5.http.wire - http-outgoing-25 >> "x-tc-sid: 280e6229-7396-4d60-b1e3-a5de48b5d49b[\r][\n]"
2024-07-24 14:30:59.302 [Test worker] DEBUG c.g.d.z.s.o.a.hc.client5.http.wire - http-outgoing-25 >> "User-Agent: tc-java/1.19.8[\r][\n]"
2024-07-24 14:30:59.302 [Test worker] DEBUG c.g.d.z.s.o.a.hc.client5.http.wire - http-outgoing-25 >> "Accept-Encoding: gzip, x-gzip, deflate[\r][\n]"
2024-07-24 14:30:59.302 [Test worker] DEBUG c.g.d.z.s.o.a.hc.client5.http.wire - http-outgoing-25 >> "Host: localhost:2375[\r][\n]"
2024-07-24 14:30:59.302 [Test worker] DEBUG c.g.d.z.s.o.a.hc.client5.http.wire - http-outgoing-25 >> "Connection: keep-alive[\r][\n]"
2024-07-24 14:30:59.302 [Test worker] DEBUG c.g.d.z.s.o.a.hc.client5.http.wire - http-outgoing-25 >> "[\r][\n]"
2024-07-24 14:30:59.608 [Test worker] DEBUG c.g.d.z.s.o.a.hc.client5.http.wire - http-outgoing-25 << "HTTP/1.1 204 No Content[\r][\n]"
2024-07-24 14:30:59.608 [Test worker] DEBUG c.g.d.z.s.o.a.hc.client5.http.wire - http-outgoing-25 << "Api-Version: 1.45[\r][\n]"
2024-07-24 14:30:59.608 [Test worker] DEBUG c.g.d.z.s.o.a.hc.client5.http.wire - http-outgoing-25 << "Date: Wed, 24 Jul 2024 02:30:59 GMT[\r][\n]"
2024-07-24 14:30:59.608 [Test worker] DEBUG c.g.d.z.s.o.a.hc.client5.http.wire - http-outgoing-25 << "Docker-Experimental: false[\r][\n]"
2024-07-24 14:30:59.608 [Test worker] DEBUG c.g.d.z.s.o.a.hc.client5.http.wire - http-outgoing-25 << "Ostype: linux[\r][\n]"
2024-07-24 14:30:59.608 [Test worker] DEBUG c.g.d.z.s.o.a.hc.client5.http.wire - http-outgoing-25 << "Server: Docker/26.0.0 (linux)[\r][\n]"
2024-07-24 14:30:59.608 [Test worker] DEBUG c.g.d.z.s.o.a.hc.client5.http.wire - http-outgoing-25 << "[\r][\n]"
2024-07-24 14:30:59.608 [Test worker] DEBUG c.g.d.z.s.o.a.h.client5.http.headers - http-outgoing-25 << HTTP/1.1 204 No Content
2024-07-24 14:30:59.608 [Test worker] DEBUG c.g.d.z.s.o.a.h.client5.http.headers - http-outgoing-25 << Api-Version: 1.45
2024-07-24 14:30:59.608 [Test worker] DEBUG c.g.d.z.s.o.a.h.client5.http.headers - http-outgoing-25 << Date: Wed, 24 Jul 2024 02:30:59 GMT
2024-07-24 14:30:59.608 [Test worker] DEBUG c.g.d.z.s.o.a.h.client5.http.headers - http-outgoing-25 << Docker-Experimental: false
2024-07-24 14:30:59.608 [Test worker] DEBUG c.g.d.z.s.o.a.h.client5.http.headers - http-outgoing-25 << Ostype: linux
2024-07-24 14:30:59.608 [Test worker] DEBUG c.g.d.z.s.o.a.h.client5.http.headers - http-outgoing-25 << Server: Docker/26.0.0 (linux)
2024-07-24 14:30:59.609 [Test worker] DEBUG c.g.d.z.s.o.a.h.c.h.i.c.MainClientExec - ex-00000113: connection can be kept alive for 3 MINUTES
2024-07-24 14:30:59.609 [Test worker] DEBUG c.g.d.z.s.o.a.h.c.h.i.c.InternalHttpClient - ep-00000112: releasing valid endpoint
2024-07-24 14:30:59.609 [Test worker] DEBUG c.g.d.z.s.o.a.h.c.h.i.i.PoolingHttpClientConnectionManager - ep-00000112: releasing endpoint
2024-07-24 14:30:59.609 [Test worker] DEBUG c.g.d.z.s.o.a.h.c.h.i.i.PoolingHttpClientConnectionManager - ep-00000112: connection http-outgoing-25 can be kept alive for 3 MINUTES
2024-07-24 14:30:59.609 [Test worker] DEBUG c.g.d.z.s.o.a.h.c.h.i.i.PoolingHttpClientConnectionManager - ep-00000112: connection released [route: {}->npipe://localhost:2375][total available: 1; route allocated: 1 of 2147483647; total allocated: 1 of 2147483647]
2024-07-24 14:30:59.609 [Test worker] DEBUG o.t.s.c.g.d.c.command.AbstrDockerCmd - Cmd: 5f4d55e5257be669e343838a682bd54d001a3562308fe5c6c2f77e24fc4a6799,false
2024-07-24 14:30:59.609 [Test worker] DEBUG o.t.s.c.g.d.c.e.InspectContainerCmdExec - GET: DefaultWebTarget{path=[/containers/5f4d55e5257be669e343838a682bd54d001a3562308fe5c6c2f77e24fc4a6799/json], queryParams={}}
2024-07-24 14:30:59.609 [Test worker] DEBUG c.g.d.z.s.o.a.h.c.h.i.c.InternalHttpClient - ex-00000114: preparing request execution
2024-07-24 14:30:59.610 [Test worker] DEBUG c.g.d.z.s.o.a.h.c.h.p.RequestAddCookies - Cookie spec selected: strict
2024-07-24 14:30:59.610 [Test worker] DEBUG c.g.d.z.s.o.a.h.c.h.p.RequestAuthCache - Auth cache not set in the context
2024-07-24 14:30:59.610 [Test worker] DEBUG c.g.d.z.s.o.a.h.c.h.i.c.ProtocolExec - ex-00000114: target auth state: UNCHALLENGED
2024-07-24 14:30:59.610 [Test worker] DEBUG c.g.d.z.s.o.a.h.c.h.i.c.ProtocolExec - ex-00000114: proxy auth state: UNCHALLENGED
2024-07-24 14:30:59.610 [Test worker] DEBUG c.g.d.z.s.o.a.h.c.h.i.c.ConnectExec - ex-00000114: acquiring connection with route {}->npipe://localhost:2375
2024-07-24 14:30:59.610 [Test worker] DEBUG c.g.d.z.s.o.a.h.c.h.i.c.InternalHttpClient - ex-00000114: acquiring endpoint (3 MINUTES)
2024-07-24 14:30:59.610 [Test worker] DEBUG c.g.d.z.s.o.a.h.c.h.i.i.PoolingHttpClientConnectionManager - ex-00000114: endpoint lease request (3 MINUTES) [route: {}->npipe://localhost:2375][total available: 1; route allocated: 1 of 2147483647; total allocated: 1 of 2147483647]
2024-07-24 14:30:59.610 [Test worker] DEBUG c.g.d.z.s.o.a.h.c.h.i.i.PoolingHttpClientConnectionManager - ex-00000114: endpoint leased [route: {}->npipe://localhost:2375][total available: 0; route allocated: 1 of 2147483647; total allocated: 1 of 2147483647]
2024-07-24 14:30:59.610 [Test worker] DEBUG c.g.d.z.s.o.a.h.c.h.i.i.PoolingHttpClientConnectionManager - ex-00000114: acquired ep-00000113
2024-07-24 14:30:59.610 [Test worker] DEBUG c.g.d.z.s.o.a.h.c.h.i.c.InternalHttpClient - ex-00000114: acquired endpoint ep-00000113
2024-07-24 14:30:59.610 [Test worker] DEBUG c.g.d.z.s.o.a.h.c.h.i.c.MainClientExec - ex-00000114: executing GET /v1.32/containers/5f4d55e5257be669e343838a682bd54d001a3562308fe5c6c2f77e24fc4a6799/json HTTP/1.1
2024-07-24 14:30:59.610 [Test worker] DEBUG c.g.d.z.s.o.a.h.c.h.i.c.InternalHttpClient - ep-00000113: start execution ex-00000114
2024-07-24 14:30:59.610 [Test worker] DEBUG c.g.d.z.s.o.a.h.c.h.i.i.PoolingHttpClientConnectionManager - ep-00000113: executing exchange ex-00000114 over http-outgoing-25
2024-07-24 14:30:59.610 [Test worker] DEBUG c.g.d.z.s.o.a.h.client5.http.headers - http-outgoing-25 >> GET /v1.32/containers/5f4d55e5257be669e343838a682bd54d001a3562308fe5c6c2f77e24fc4a6799/json HTTP/1.1
2024-07-24 14:30:59.610 [Test worker] DEBUG c.g.d.z.s.o.a.h.client5.http.headers - http-outgoing-25 >> accept: application/json
2024-07-24 14:30:59.610 [Test worker] DEBUG c.g.d.z.s.o.a.h.client5.http.headers - http-outgoing-25 >> x-tc-sid: 280e6229-7396-4d60-b1e3-a5de48b5d49b
2024-07-24 14:30:59.610 [Test worker] DEBUG c.g.d.z.s.o.a.h.client5.http.headers - http-outgoing-25 >> User-Agent: tc-java/1.19.8
2024-07-24 14:30:59.610 [Test worker] DEBUG c.g.d.z.s.o.a.h.client5.http.headers - http-outgoing-25 >> Accept-Encoding: gzip, x-gzip, deflate
2024-07-24 14:30:59.610 [Test worker] DEBUG c.g.d.z.s.o.a.h.client5.http.headers - http-outgoing-25 >> Host: localhost:2375
2024-07-24 14:30:59.610 [Test worker] DEBUG c.g.d.z.s.o.a.h.client5.http.headers - http-outgoing-25 >> Connection: keep-alive
2024-07-24 14:30:59.611 [Test worker] DEBUG c.g.d.z.s.o.a.hc.client5.http.wire - http-outgoing-25 >> "GET /v1.32/containers/5f4d55e5257be669e343838a682bd54d001a3562308fe5c6c2f77e24fc4a6799/json HTTP/1.1[\r][\n]"
2024-07-24 14:30:59.611 [Test worker] DEBUG c.g.d.z.s.o.a.hc.client5.http.wire - http-outgoing-25 >> "accept: application/json[\r][\n]"
2024-07-24 14:30:59.611 [Test worker] DEBUG c.g.d.z.s.o.a.hc.client5.http.wire - http-outgoing-25 >> "x-tc-sid: 280e6229-7396-4d60-b1e3-a5de48b5d49b[\r][\n]"
2024-07-24 14:30:59.611 [Test worker] DEBUG c.g.d.z.s.o.a.hc.client5.http.wire - http-outgoing-25 >> "User-Agent: tc-java/1.19.8[\r][\n]"
2024-07-24 14:30:59.611 [Test worker] DEBUG c.g.d.z.s.o.a.hc.client5.http.wire - http-outgoing-25 >> "Accept-Encoding: gzip, x-gzip, deflate[\r][\n]"
2024-07-24 14:30:59.611 [Test worker] DEBUG c.g.d.z.s.o.a.hc.client5.http.wire - http-outgoing-25 >> "Host: localhost:2375[\r][\n]"
2024-07-24 14:30:59.611 [Test worker] DEBUG c.g.d.z.s.o.a.hc.client5.http.wire - http-outgoing-25 >> "Connection: keep-alive[\r][\n]"
2024-07-24 14:30:59.611 [Test worker] DEBUG c.g.d.z.s.o.a.hc.client5.http.wire - http-outgoing-25 >> "[\r][\n]"
2024-07-24 14:30:59.614 [Test worker] DEBUG c.g.d.z.s.o.a.hc.client5.http.wire - http-outgoing-25 << "HTTP/1.1 200 OK[\r][\n]"
2024-07-24 14:30:59.614 [Test worker] DEBUG c.g.d.z.s.o.a.hc.client5.http.wire - http-outgoing-25 << "Api-Version: 1.45[\r][\n]"
2024-07-24 14:30:59.614 [Test worker] DEBUG c.g.d.z.s.o.a.hc.client5.http.wire - http-outgoing-25 << "Content-Type: application/json[\r][\n]"
2024-07-24 14:30:59.614 [Test worker] DEBUG c.g.d.z.s.o.a.hc.client5.http.wire - http-outgoing-25 << "Date: Wed, 24 Jul 2024 02:30:59 GMT[\r][\n]"
2024-07-24 14:30:59.614 [Test worker] DEBUG c.g.d.z.s.o.a.hc.client5.http.wire - http-outgoing-25 << "Docker-Experimental: false[\r][\n]"
2024-07-24 14:30:59.614 [Test worker] DEBUG c.g.d.z.s.o.a.hc.client5.http.wire - http-outgoing-25 << "Ostype: linux[\r][\n]"
2024-07-24 14:30:59.614 [Test worker] DEBUG c.g.d.z.s.o.a.hc.client5.http.wire - http-outgoing-25 << "Server: Docker/26.0.0 (linux)[\r][\n]"
2024-07-24 14:30:59.614 [Test worker] DEBUG c.g.d.z.s.o.a.hc.client5.http.wire - http-outgoing-25 << "Transfer-Encoding: chunked[\r][\n]"
2024-07-24 14:30:59.614 [Test worker] DEBUG c.g.d.z.s.o.a.hc.client5.http.wire - http-outgoing-25 << "[\r][\n]"
2024-07-24 14:30:59.614 [Test worker] DEBUG c.g.d.z.s.o.a.h.client5.http.headers - http-outgoing-25 << HTTP/1.1 200 OK
2024-07-24 14:30:59.614 [Test worker] DEBUG c.g.d.z.s.o.a.h.client5.http.headers - http-outgoing-25 << Api-Version: 1.45
2024-07-24 14:30:59.614 [Test worker] DEBUG c.g.d.z.s.o.a.h.client5.http.headers - http-outgoing-25 << Content-Type: application/json
2024-07-24 14:30:59.614 [Test worker] DEBUG c.g.d.z.s.o.a.h.client5.http.headers - http-outgoing-25 << Date: Wed, 24 Jul 2024 02:30:59 GMT
2024-07-24 14:30:59.614 [Test worker] DEBUG c.g.d.z.s.o.a.h.client5.http.headers - http-outgoing-25 << Docker-Experimental: false
2024-07-24 14:30:59.614 [Test worker] DEBUG c.g.d.z.s.o.a.h.client5.http.headers - http-outgoing-25 << Ostype: linux
2024-07-24 14:30:59.614 [Test worker] DEBUG c.g.d.z.s.o.a.h.client5.http.headers - http-outgoing-25 << Server: Docker/26.0.0 (linux)
2024-07-24 14:30:59.614 [Test worker] DEBUG c.g.d.z.s.o.a.h.client5.http.headers - http-outgoing-25 << Transfer-Encoding: chunked
2024-07-24 14:30:59.614 [Test worker] DEBUG c.g.d.z.s.o.a.h.c.h.i.c.MainClientExec - ex-00000114: connection can be kept alive for 3 MINUTES
2024-07-24 14:30:59.616 [Test worker] DEBUG c.g.d.z.s.o.a.hc.client5.http.wire - http-outgoing-25 << "1a37[\r][\n]"
2024-07-24 14:30:59.616 [Test worker] DEBUG c.g.d.z.s.o.a.hc.client5.http.wire - http-outgoing-25 << "{"Id":"5f4d55e5257be669e343838a682bd54d001a3562308fe5c6c2f77e24fc4a6799","Created":"2024-07-24T02:30:59.173366142Z","Path":"docker-entrypoint.sh","Args":["postgres","-c","fsync=off"],"State":{"Status":"running","Running":true,"Paused":false,"Restarting":false,"OOMKilled":false,"Dead":false,"Pid":31344,"ExitCode":0,"Error":"","StartedAt":"2024-07-24T02:30:59.597534643Z","FinishedAt":"0001-01-01T00:00:00Z"},"Image":"sha256:8e4fc9e184899a58735e7ee333f5e272d7d2298cf59302006b71f33e217be130","ResolvConfPath":"/var/lib/docker/containers/5f4d55e5257be669e343838a682bd54d001a3562308fe5c6c2f77e24fc4a6799/resolv.conf","HostnamePath":"/var/lib/docker/containers/5f4d55e5257be669e343838a682bd54d001a3562308fe5c6c2f77e24fc4a6799/hostname","HostsPath":"/var/lib/docker/containers/5f4d55e5257be669e343838a682bd54d001a3562308fe5c6c2f77e24fc4a6799/hosts","LogPath":"/var/lib/docker/containers/5f4d55e5257be669e343838a682bd54d001a3562308fe5c6c2f77e24fc4a6799/5f4d55e5257be669e343838a682bd54d001a3562308fe5c6c2f77e24fc4a6799-json.log","Name":"/blissful_rubin","RestartCount":0,"Driver":"overlay2","Platform":"linux","MountLabel":"","ProcessLabel":"","AppArmorProfile":"","ExecIDs":null,"HostConfig":{"Binds":[],"ContainerIDFile":"","LogConfig":{"Type":"json-file","Config":{}},"NetworkMode":"default","PortBindings":{"5432/tcp":[{"HostIp":"0.0.0.0","HostPort":"0"}]},"RestartPolicy":{"Name":"no","MaximumRetryCount":0},"AutoRemove":false,"VolumeDriver":"","VolumesFrom":[],"ConsoleSize":[0,0],"CapAdd":null,"CapDrop":null,"CgroupnsMode":"host","Dns":null,"DnsOptions":null,"DnsSearch":null,"ExtraHosts":[],"GroupAdd":null,"IpcMode":"shareable","Cgroup":"","Links":null,"OomScoreAdj":0,"PidMode":"","Privileged":false,"PublishAllPorts":false,"ReadonlyRootfs":false,"SecurityOpt":null,"UTSMode":"","UsernsMode":"","ShmSize":67108864,"Runtime":"runc","Isolation":"","CpuShares":0,"Memory":0,"NanoCpus":0,"CgroupParent":"","BlkioWeight":0,"BlkioWeightDevice":null,"BlkioDeviceReadBps":null,"BlkioDeviceWriteBps":null,"BlkioDeviceReadIOps":null,"BlkioDeviceWriteIOps":null,"CpuPeriod":0,"CpuQuota":0,"CpuRealtimePeriod":0,"CpuRealtimeRuntime":0,"CpusetCpus":"","CpusetMems":"","Devices":null,"DeviceCgroupRules":null,"DeviceRequests":null,"MemoryReservation":0,"MemorySwap":0,"MemorySwappiness":null,"OomKillDisable":false,"PidsLimit":null,"Ulimits":null,"CpuCount":0,"CpuPercent":0,"IOMaximumIOps":0,"IOMaximumBandwidth":0,"MaskedPaths":["/proc/asound","/proc/acpi","/proc/kcore","/proc/keys","/proc/latency_stats","/proc/timer_list","/proc/timer_stats","/proc/sched_debug","/proc/scsi","/sys/firmware","/sys/devices/virtual/powercap"],"ReadonlyPaths":["/proc/bus","/proc/fs","/proc/irq","/proc/sys","/proc/sysrq-trigger"]},"GraphDriver":{"Data":{"LowerDir":"/var/lib/docker/overlay2/9b22f2c004b1a68801f4d211f8d9c2138932db07db826252202a3c88dbd97f7b-init/diff:/var/lib/docker/overlay2/8f0ddbd386af0785c2e348570516955816ab350305d698d363962d488eeb15ec/diff:/var/lib/docker/overlay2/0eb0ca73e9b0be7c3d7fa8762ef4778a68f38391bc84c037c2e90b88e781b475/diff:/var/lib/docker/overlay2/74e634bddc785c5d436b10a5158cd82e21dc2065fd1cf8ff9c1c12e01575a2d8/diff:/var/lib/docker/overlay2/bb918b2851cd2f508f1e3fdbfff8b7f8b041d61e65fe8c368288bf399e80b818/diff:/var/lib/docker/overlay2/2abab2946cbdc2941ee8ec4024c51dac7313dee9de5fbedd1ca33388c59eb3c8/diff:/var/lib/docker/overlay2/e12f6083ee669bd92743ceb339a896bb25dbe461b718705bb39eb410b80c0ecd/diff:/var/lib/docker/overlay2/ced1e86d670d097da5ed4da7288c22507735918959161c2cd8bf083fb30d169a/diff:/var/lib/docker/overlay2/94e9ac7b74923285ae73af20aeccb964ca9079e2305db367cb85d1603560472d/diff:/var/lib/docker/overlay2/a396b6dfd63f0c228c519871183c614cccf4d366a43460f27ecf97113c3c4be8/diff:/var/lib/docker/overlay2/f58ada5d5080c2bac553c734f81127660a90581a35ed2a92cebe3c59e340875b/diff:/var/lib/docker/overlay2/84f85636f37bf55d945e217b4f87a856eba7932284beaf042561007b66f48977/diff:/var/lib/docker/overlay2/1e6e519613884e91a2b74a588ba35dc8a2f789371ab798ef6e7d9836d756042f/diff:/var/lib/docker/overlay2/14a3151cc8b4f9d27d2e64f1a8abc0c7809309580f2d7e8dc8545055c1d56194/diff:/var/lib/dock"
2024-07-24 14:30:59.617 [Test worker] DEBUG c.g.d.z.s.o.a.hc.client5.http.wire - http-outgoing-25 << "er/overlay2/5b354b9e793401517fe2f1da697653fdaadffc54888eaf76d67e0600b8c68bdc/diff","MergedDir":"/var/lib/docker/overlay2/9b22f2c004b1a68801f4d211f8d9c2138932db07db826252202a3c88dbd97f7b/merged","UpperDir":"/var/lib/docker/overlay2/9b22f2c004b1a68801f4d211f8d9c2138932db07db826252202a3c88dbd97f7b/diff","WorkDir":"/var/lib/docker/overlay2/9b22f2c004b1a68801f4d211f8d9c2138932db07db826252202a3c88dbd97f7b/work"},"Name":"overlay2"},"Mounts":[{"Type":"volume","Name":"c4b690040fc7a29e91ad45584a210d188670456431d7791833c1fd775ef056c1","Source":"/var/lib/docker/volumes/c4b690040fc7a29e91ad45584a210d188670456431d7791833c1fd775ef056c1/_data","Destination":"/var/lib/postgresql/data","Driver":"local","Mode":"","RW":true,"Propagation":""}],"Config":{"Hostname":"5f4d55e5257b","Domainname":"","User":"","AttachStdin":false,"AttachStdout":false,"AttachStderr":false,"ExposedPorts":{"5432/tcp":{}},"Tty":false,"OpenStdin":false,"StdinOnce":false,"Env":["POSTGRES_USER=user","POSTGRES_PASSWORD=password","POSTGRES_DB=db","PATH=/usr/local/sbin:/usr/local/bin:/usr/sbin:/usr/bin:/sbin:/bin:/usr/lib/postgresql/16/bin","GOSU_VERSION=1.17","LANG=en_US.utf8","PG_MAJOR=16","PG_VERSION=16.2-1.pgdg120+2","PGDATA=/var/lib/postgresql/data"],"Cmd":["postgres","-c","fsync=off"],"Image":"postgres:latest","Volumes":{"/var/lib/postgresql/data":{}},"WorkingDir":"","Entrypoint":["docker-entrypoint.sh"],"OnBuild":null,"Labels":{"org.testcontainers":"true","org.testcontainers.lang":"java","org.testcontainers.sessionId":"280e6229-7396-4d60-b1e3-a5de48b5d49b","org.testcontainers.version":"1.19.8"},"StopSignal":"SIGINT"},"NetworkSettings":{"Bridge":"","SandboxID":"663f156df93b31963aa05f980439c40305f1fc475b2989f4ef0518206bdc45ba","SandboxKey":"/var/run/docker/netns/663f156df93b","Ports":{"5432/tcp":[{"HostIp":"0.0.0.0","HostPort":"51590"}]},"HairpinMode":false,"LinkLocalIPv6Address":"","LinkLocalIPv6PrefixLen":0,"SecondaryIPAddresses":null,"SecondaryIPv6Addresses":null,"EndpointID":"8a1c527bb6a7d491a926b0911703538bbf6d579a130cd6e5d5187e863e85d158","Gateway":"172.17.0.1","GlobalIPv6Address":"","GlobalIPv6PrefixLen":0,"IPAddress":"172.17.0.3","IPPrefixLen":16,"IPv6Gateway":"","MacAddress":"02:42:ac:11:00:03","Networks":{"bridge":{"IPAMConfig":null,"Links":null,"Aliases":null,"MacAddress":"02:42:ac:11:00:03","NetworkID":"3c842496be344cbdae878c1dee0957e7bc7c0a2236009c92752030f2b053e72f","EndpointID":"8a1c527bb6a7d491a926b0911703538bbf6d579a130cd6e5d5187e863e85d158","Gateway":"172.17.0.1","IPAddress":"172.17.0.3","IPPrefixLen":16,"IPv6Gateway":"","GlobalIPv6Address":"","GlobalIPv6PrefixLen":0,"DriverOpts":null,"DNSNames":null}}}}[\n]"
2024-07-24 14:30:59.617 [Test worker] DEBUG c.g.d.z.s.o.a.hc.client5.http.wire - http-outgoing-25 << "[\r][\n]"
2024-07-24 14:30:59.617 [Test worker] DEBUG c.g.d.z.s.o.a.hc.client5.http.wire - http-outgoing-25 << "0[\r][\n]"
2024-07-24 14:30:59.617 [Test worker] DEBUG c.g.d.z.s.o.a.hc.client5.http.wire - http-outgoing-25 << "[\r][\n]"
2024-07-24 14:30:59.617 [Test worker] DEBUG c.g.d.z.s.o.a.h.c.h.i.c.InternalHttpClient - ep-00000113: releasing valid endpoint
2024-07-24 14:30:59.617 [Test worker] DEBUG c.g.d.z.s.o.a.h.c.h.i.i.PoolingHttpClientConnectionManager - ep-00000113: releasing endpoint
2024-07-24 14:30:59.617 [Test worker] DEBUG c.g.d.z.s.o.a.h.c.h.i.i.PoolingHttpClientConnectionManager - ep-00000113: connection http-outgoing-25 can be kept alive for 3 MINUTES
2024-07-24 14:30:59.617 [Test worker] DEBUG c.g.d.z.s.o.a.h.c.h.i.i.PoolingHttpClientConnectionManager - ep-00000113: connection released [route: {}->npipe://localhost:2375][total available: 1; route allocated: 1 of 2147483647; total allocated: 1 of 2147483647]
2024-07-24 14:30:59.617 [Test worker] DEBUG o.t.s.c.g.d.c.command.AbstrDockerCmd - Cmd: sha256:8e4fc9e184899a58735e7ee333f5e272d7d2298cf59302006b71f33e217be130
2024-07-24 14:30:59.618 [Test worker] TRACE o.t.s.c.g.d.c.e.InspectImageCmdExec - GET: DefaultWebTarget{path=[/images/sha256:8e4fc9e184899a58735e7ee333f5e272d7d2298cf59302006b71f33e217be130/json], queryParams={}}
2024-07-24 14:30:59.618 [Test worker] DEBUG c.g.d.z.s.o.a.h.c.h.i.c.InternalHttpClient - ex-00000115: preparing request execution
2024-07-24 14:30:59.618 [Test worker] DEBUG c.g.d.z.s.o.a.h.c.h.p.RequestAddCookies - Cookie spec selected: strict
2024-07-24 14:30:59.618 [Test worker] DEBUG c.g.d.z.s.o.a.h.c.h.p.RequestAuthCache - Auth cache not set in the context
2024-07-24 14:30:59.618 [Test worker] DEBUG c.g.d.z.s.o.a.h.c.h.i.c.ProtocolExec - ex-00000115: target auth state: UNCHALLENGED
2024-07-24 14:30:59.618 [Test worker] DEBUG c.g.d.z.s.o.a.h.c.h.i.c.ProtocolExec - ex-00000115: proxy auth state: UNCHALLENGED
2024-07-24 14:30:59.618 [Test worker] DEBUG c.g.d.z.s.o.a.h.c.h.i.c.ConnectExec - ex-00000115: acquiring connection with route {}->npipe://localhost:2375
2024-07-24 14:30:59.618 [Test worker] DEBUG c.g.d.z.s.o.a.h.c.h.i.c.InternalHttpClient - ex-00000115: acquiring endpoint (3 MINUTES)
2024-07-24 14:30:59.618 [Test worker] DEBUG c.g.d.z.s.o.a.h.c.h.i.i.PoolingHttpClientConnectionManager - ex-00000115: endpoint lease request (3 MINUTES) [route: {}->npipe://localhost:2375][total available: 1; route allocated: 1 of 2147483647; total allocated: 1 of 2147483647]
2024-07-24 14:30:59.618 [Test worker] DEBUG c.g.d.z.s.o.a.h.c.h.i.i.PoolingHttpClientConnectionManager - ex-00000115: endpoint leased [route: {}->npipe://localhost:2375][total available: 0; route allocated: 1 of 2147483647; total allocated: 1 of 2147483647]
2024-07-24 14:30:59.618 [Test worker] DEBUG c.g.d.z.s.o.a.h.c.h.i.i.PoolingHttpClientConnectionManager - ex-00000115: acquired ep-00000114
2024-07-24 14:30:59.618 [Test worker] DEBUG c.g.d.z.s.o.a.h.c.h.i.c.InternalHttpClient - ex-00000115: acquired endpoint ep-00000114
2024-07-24 14:30:59.618 [Test worker] DEBUG c.g.d.z.s.o.a.h.c.h.i.c.MainClientExec - ex-00000115: executing GET /v1.32/images/sha256:8e4fc9e184899a58735e7ee333f5e272d7d2298cf59302006b71f33e217be130/json HTTP/1.1
2024-07-24 14:30:59.618 [Test worker] DEBUG c.g.d.z.s.o.a.h.c.h.i.c.InternalHttpClient - ep-00000114: start execution ex-00000115
2024-07-24 14:30:59.618 [Test worker] DEBUG c.g.d.z.s.o.a.h.c.h.i.i.PoolingHttpClientConnectionManager - ep-00000114: executing exchange ex-00000115 over http-outgoing-25
2024-07-24 14:30:59.618 [Test worker] DEBUG c.g.d.z.s.o.a.h.client5.http.headers - http-outgoing-25 >> GET /v1.32/images/sha256:8e4fc9e184899a58735e7ee333f5e272d7d2298cf59302006b71f33e217be130/json HTTP/1.1
2024-07-24 14:30:59.618 [Test worker] DEBUG c.g.d.z.s.o.a.h.client5.http.headers - http-outgoing-25 >> accept: application/json
2024-07-24 14:30:59.618 [Test worker] DEBUG c.g.d.z.s.o.a.h.client5.http.headers - http-outgoing-25 >> x-tc-sid: 280e6229-7396-4d60-b1e3-a5de48b5d49b
2024-07-24 14:30:59.618 [Test worker] DEBUG c.g.d.z.s.o.a.h.client5.http.headers - http-outgoing-25 >> User-Agent: tc-java/1.19.8
2024-07-24 14:30:59.618 [Test worker] DEBUG c.g.d.z.s.o.a.h.client5.http.headers - http-outgoing-25 >> Accept-Encoding: gzip, x-gzip, deflate
2024-07-24 14:30:59.618 [Test worker] DEBUG c.g.d.z.s.o.a.h.client5.http.headers - http-outgoing-25 >> Host: localhost:2375
2024-07-24 14:30:59.618 [Test worker] DEBUG c.g.d.z.s.o.a.h.client5.http.headers - http-outgoing-25 >> Connection: keep-alive
2024-07-24 14:30:59.618 [Test worker] DEBUG c.g.d.z.s.o.a.hc.client5.http.wire - http-outgoing-25 >> "GET /v1.32/images/sha256:8e4fc9e184899a58735e7ee333f5e272d7d2298cf59302006b71f33e217be130/json HTTP/1.1[\r][\n]"
2024-07-24 14:30:59.618 [Test worker] DEBUG c.g.d.z.s.o.a.hc.client5.http.wire - http-outgoing-25 >> "accept: application/json[\r][\n]"
2024-07-24 14:30:59.618 [Test worker] DEBUG c.g.d.z.s.o.a.hc.client5.http.wire - http-outgoing-25 >> "x-tc-sid: 280e6229-7396-4d60-b1e3-a5de48b5d49b[\r][\n]"
2024-07-24 14:30:59.618 [Test worker] DEBUG c.g.d.z.s.o.a.hc.client5.http.wire - http-outgoing-25 >> "User-Agent: tc-java/1.19.8[\r][\n]"
2024-07-24 14:30:59.618 [Test worker] DEBUG c.g.d.z.s.o.a.hc.client5.http.wire - http-outgoing-25 >> "Accept-Encoding: gzip, x-gzip, deflate[\r][\n]"
2024-07-24 14:30:59.618 [Test worker] DEBUG c.g.d.z.s.o.a.hc.client5.http.wire - http-outgoing-25 >> "Host: localhost:2375[\r][\n]"
2024-07-24 14:30:59.618 [Test worker] DEBUG c.g.d.z.s.o.a.hc.client5.http.wire - http-outgoing-25 >> "Connection: keep-alive[\r][\n]"
2024-07-24 14:30:59.618 [Test worker] DEBUG c.g.d.z.s.o.a.hc.client5.http.wire - http-outgoing-25 >> "[\r][\n]"
2024-07-24 14:30:59.622 [Test worker] DEBUG c.g.d.z.s.o.a.hc.client5.http.wire - http-outgoing-25 << "HTTP/1.1 200 OK[\r][\n]"
2024-07-24 14:30:59.622 [Test worker] DEBUG c.g.d.z.s.o.a.hc.client5.http.wire - http-outgoing-25 << "Api-Version: 1.45[\r][\n]"
2024-07-24 14:30:59.622 [Test worker] DEBUG c.g.d.z.s.o.a.hc.client5.http.wire - http-outgoing-25 << "Content-Type: application/json[\r][\n]"
2024-07-24 14:30:59.622 [Test worker] DEBUG c.g.d.z.s.o.a.hc.client5.http.wire - http-outgoing-25 << "Date: Wed, 24 Jul 2024 02:30:59 GMT[\r][\n]"
2024-07-24 14:30:59.622 [Test worker] DEBUG c.g.d.z.s.o.a.hc.client5.http.wire - http-outgoing-25 << "Docker-Experimental: false[\r][\n]"
2024-07-24 14:30:59.622 [Test worker] DEBUG c.g.d.z.s.o.a.hc.client5.http.wire - http-outgoing-25 << "Ostype: linux[\r][\n]"
2024-07-24 14:30:59.622 [Test worker] DEBUG c.g.d.z.s.o.a.hc.client5.http.wire - http-outgoing-25 << "Server: Docker/26.0.0 (linux)[\r][\n]"
2024-07-24 14:30:59.622 [Test worker] DEBUG c.g.d.z.s.o.a.hc.client5.http.wire - http-outgoing-25 << "Transfer-Encoding: chunked[\r][\n]"
2024-07-24 14:30:59.622 [Test worker] DEBUG c.g.d.z.s.o.a.hc.client5.http.wire - http-outgoing-25 << "[\r][\n]"
2024-07-24 14:30:59.622 [Test worker] DEBUG c.g.d.z.s.o.a.h.client5.http.headers - http-outgoing-25 << HTTP/1.1 200 OK
2024-07-24 14:30:59.622 [Test worker] DEBUG c.g.d.z.s.o.a.h.client5.http.headers - http-outgoing-25 << Api-Version: 1.45
2024-07-24 14:30:59.622 [Test worker] DEBUG c.g.d.z.s.o.a.h.client5.http.headers - http-outgoing-25 << Content-Type: application/json
2024-07-24 14:30:59.622 [Test worker] DEBUG c.g.d.z.s.o.a.h.client5.http.headers - http-outgoing-25 << Date: Wed, 24 Jul 2024 02:30:59 GMT
2024-07-24 14:30:59.622 [Test worker] DEBUG c.g.d.z.s.o.a.h.client5.http.headers - http-outgoing-25 << Docker-Experimental: false
2024-07-24 14:30:59.622 [Test worker] DEBUG c.g.d.z.s.o.a.h.client5.http.headers - http-outgoing-25 << Ostype: linux
2024-07-24 14:30:59.622 [Test worker] DEBUG c.g.d.z.s.o.a.h.client5.http.headers - http-outgoing-25 << Server: Docker/26.0.0 (linux)
2024-07-24 14:30:59.622 [Test worker] DEBUG c.g.d.z.s.o.a.h.client5.http.headers - http-outgoing-25 << Transfer-Encoding: chunked
2024-07-24 14:30:59.622 [Test worker] DEBUG c.g.d.z.s.o.a.h.c.h.i.c.MainClientExec - ex-00000115: connection can be kept alive for 3 MINUTES
2024-07-24 14:30:59.622 [Test worker] DEBUG c.g.d.z.s.o.a.hc.client5.http.wire - http-outgoing-25 << "fcb[\r][\n]"
2024-07-24 14:30:59.622 [Test worker] DEBUG c.g.d.z.s.o.a.hc.client5.http.wire - http-outgoing-25 << "{"Id":"sha256:8e4fc9e184899a58735e7ee333f5e272d7d2298cf59302006b71f33e217be130","RepoTags":["postgres:latest"],"RepoDigests":["postgres@sha256:4aea012537edfad80f98d870a36e6b90b4c09b27be7f4b4759d72db863baeebb"],"Parent":"","Comment":"buildkit.dockerfile.v0","Created":"2024-02-21T00:46:13Z","ContainerConfig":{"Hostname":"","Domainname":"","User":"","AttachStdin":false,"AttachStdout":false,"AttachStderr":false,"Tty":false,"OpenStdin":false,"StdinOnce":false,"Env":null,"Cmd":null,"Image":"","Volumes":null,"WorkingDir":"","Entrypoint":null,"OnBuild":null,"Labels":null},"DockerVersion":"","Author":"","Config":{"Hostname":"","Domainname":"","User":"","AttachStdin":false,"AttachStdout":false,"AttachStderr":false,"ExposedPorts":{"5432/tcp":{}},"Tty":false,"OpenStdin":false,"StdinOnce":false,"Env":["PATH=/usr/local/sbin:/usr/local/bin:/usr/sbin:/usr/bin:/sbin:/bin:/usr/lib/postgresql/16/bin","GOSU_VERSION=1.17","LANG=en_US.utf8","PG_MAJOR=16","PG_VERSION=16.2-1.pgdg120+2","PGDATA=/var/lib/postgresql/data"],"Cmd":["postgres"],"ArgsEscaped":true,"Image":"","Volumes":{"/var/lib/postgresql/data":{}},"WorkingDir":"","Entrypoint":["docker-entrypoint.sh"],"OnBuild":null,"Labels":null,"StopSignal":"SIGINT"},"Architecture":"amd64","Os":"linux","Size":431496964,"VirtualSize":431496964,"GraphDriver":{"Data":{"LowerDir":"/var/lib/docker/overlay2/0eb0ca73e9b0be7c3d7fa8762ef4778a68f38391bc84c037c2e90b88e781b475/diff:/var/lib/docker/overlay2/74e634bddc785c5d436b10a5158cd82e21dc2065fd1cf8ff9c1c12e01575a2d8/diff:/var/lib/docker/overlay2/bb918b2851cd2f508f1e3fdbfff8b7f8b041d61e65fe8c368288bf399e80b818/diff:/var/lib/docker/overlay2/2abab2946cbdc2941ee8ec4024c51dac7313dee9de5fbedd1ca33388c59eb3c8/diff:/var/lib/docker/overlay2/e12f6083ee669bd92743ceb339a896bb25dbe461b718705bb39eb410b80c0ecd/diff:/var/lib/docker/overlay2/ced1e86d670d097da5ed4da7288c22507735918959161c2cd8bf083fb30d169a/diff:/var/lib/docker/overlay2/94e9ac7b74923285ae73af20aeccb964ca9079e2305db367cb85d1603560472d/diff:/var/lib/docker/overlay2/a396b6dfd63f0c228c519871183c614cccf4d366a43460f27ecf97113c3c4be8/diff:/var/lib/docker/overlay2/f58ada5d5080c2bac553c734f81127660a90581a35ed2a92cebe3c59e340875b/diff:/var/lib/docker/overlay2/84f85636f37bf55d945e217b4f87a856eba7932284beaf042561007b66f48977/diff:/var/lib/docker/overlay2/1e6e519613884e91a2b74a588ba35dc8a2f789371ab798ef6e7d9836d756042f/diff:/var/lib/docker/overlay2/14a3151cc8b4f9d27d2e64f1a8abc0c7809309580f2d7e8dc8545055c1d56194/diff:/var/lib/docker/overlay2/5b354b9e793401517fe2f1da697653fdaadffc54888eaf76d67e0600b8c68bdc/diff","MergedDir":"/var/lib/docker/overlay2/8f0ddbd386af0785c2e348570516955816ab350305d698d363962d488eeb15ec/merged","UpperDir":"/var/lib/docker/overlay2/8f0ddbd386af0785c2e348570516955816ab350305d698d363962d488eeb15ec/diff","WorkDir":"/var/lib/docker/overlay2/8f0ddbd386af0785c2e348570516955816ab350305d698d363962d488eeb15ec/work"},"Name":"overlay2"},"RootFS":{"Type":"layers","Layers":["sha256:52ec5a4316fadc09a4a51f82b8d7b66ead0d71bea4f75e81e25b4094c4219061","sha256:5a99d63e3aef066b4fa085cf24d0281681d5530c22f0c93391b854ba5741b62e","sha256:12694c6edf8321950446751b5acc175137946701b72febd6a32ab6e6cb89403b","sha256:beceb355ef35df0b8123db4eddd8f734e7414a3828e463354a913dda6738571d","sha256:0f86e6985ca32f3adeb9f65e3f80b3f2aa37a697d345c84011b2421e5608bc06","sha256:22c31f24613cd6a7b43f3074166d79619574e76f430035be15d909ae45fb97da","sha256:7c32a1ce1cc084a148145553666d5b64e3b6551491d1c3c6cc545b5b69daf5da","sha256:192de40051e6f5b468a60be4e6d162a1bbf3dc4af2dfb0a7aa8db25f86b6e68e","sha256:257f3fc789f6526019470322285b4bfe55e3e09f41150576c0997f370407af14","sha256:2993953b2c109056b0d580a549dae9f902a84a29f3907d96d7329746a8df7fc2","sha256:0bc02fbb093e939812a0ca64bd21a807d815b89c5e034e73026d14535053f4e2","sha256:3866ad927dc8101b32941f0fe6e36e656eba398b92164688ce1d1afdeca7eb09","sha256:2621fdc21b32f8210d30df7b9f44c068fa347ce07f7e1935a2383e5f7e7ddecb","sha256:c116a9ba3dbfe8c6135659ba009883a03bdc660abfedc64e2528baa6d736dbc9"]},"Metadata":{"LastTagTime":"0001-01-01T00:00:00Z"},"Container":""}[\n]"
2024-07-24 14:30:59.622 [Test worker] DEBUG c.g.d.z.s.o.a.hc.client5.http.wire - http-outgoing-25 << "[\r][\n]"
2024-07-24 14:30:59.622 [Test worker] DEBUG c.g.d.z.s.o.a.hc.client5.http.wire - http-outgoing-25 << "0[\r][\n]"
2024-07-24 14:30:59.622 [Test worker] DEBUG c.g.d.z.s.o.a.hc.client5.http.wire - http-outgoing-25 << "[\r][\n]"
2024-07-24 14:30:59.623 [Test worker] DEBUG c.g.d.z.s.o.a.h.c.h.i.c.InternalHttpClient - ep-00000114: releasing valid endpoint
2024-07-24 14:30:59.623 [Test worker] DEBUG c.g.d.z.s.o.a.h.c.h.i.i.PoolingHttpClientConnectionManager - ep-00000114: releasing endpoint
2024-07-24 14:30:59.623 [Test worker] DEBUG c.g.d.z.s.o.a.h.c.h.i.i.PoolingHttpClientConnectionManager - ep-00000114: connection http-outgoing-25 can be kept alive for 3 MINUTES
2024-07-24 14:30:59.623 [Test worker] DEBUG c.g.d.z.s.o.a.h.c.h.i.i.PoolingHttpClientConnectionManager - ep-00000114: connection released [route: {}->npipe://localhost:2375][total available: 1; route allocated: 1 of 2147483647; total allocated: 1 of 2147483647]
2024-07-24 14:30:59.623 [Test worker] DEBUG o.t.s.c.g.d.c.command.AbstrDockerCmd - Cmd: 
2024-07-24 14:30:59.623 [Test worker] TRACE o.t.s.c.g.d.core.exec.VersionCmdExec - GET: DefaultWebTarget{path=[/version], queryParams={}}
2024-07-24 14:30:59.623 [Test worker] DEBUG c.g.d.z.s.o.a.h.c.h.i.c.InternalHttpClient - ex-00000116: preparing request execution
2024-07-24 14:30:59.623 [Test worker] DEBUG c.g.d.z.s.o.a.h.c.h.p.RequestAddCookies - Cookie spec selected: strict
2024-07-24 14:30:59.623 [Test worker] DEBUG c.g.d.z.s.o.a.h.c.h.p.RequestAuthCache - Auth cache not set in the context
2024-07-24 14:30:59.623 [Test worker] DEBUG c.g.d.z.s.o.a.h.c.h.i.c.ProtocolExec - ex-00000116: target auth state: UNCHALLENGED
2024-07-24 14:30:59.623 [Test worker] DEBUG c.g.d.z.s.o.a.h.c.h.i.c.ProtocolExec - ex-00000116: proxy auth state: UNCHALLENGED
2024-07-24 14:30:59.623 [Test worker] DEBUG c.g.d.z.s.o.a.h.c.h.i.c.ConnectExec - ex-00000116: acquiring connection with route {}->npipe://localhost:2375
2024-07-24 14:30:59.623 [Test worker] DEBUG c.g.d.z.s.o.a.h.c.h.i.c.InternalHttpClient - ex-00000116: acquiring endpoint (3 MINUTES)
2024-07-24 14:30:59.623 [Test worker] DEBUG c.g.d.z.s.o.a.h.c.h.i.i.PoolingHttpClientConnectionManager - ex-00000116: endpoint lease request (3 MINUTES) [route: {}->npipe://localhost:2375][total available: 1; route allocated: 1 of 2147483647; total allocated: 1 of 2147483647]
2024-07-24 14:30:59.624 [Test worker] DEBUG c.g.d.z.s.o.a.h.c.h.i.i.PoolingHttpClientConnectionManager - ex-00000116: endpoint leased [route: {}->npipe://localhost:2375][total available: 0; route allocated: 1 of 2147483647; total allocated: 1 of 2147483647]
2024-07-24 14:30:59.624 [Test worker] DEBUG c.g.d.z.s.o.a.h.c.h.i.i.PoolingHttpClientConnectionManager - ex-00000116: acquired ep-00000115
2024-07-24 14:30:59.624 [Test worker] DEBUG c.g.d.z.s.o.a.h.c.h.i.c.InternalHttpClient - ex-00000116: acquired endpoint ep-00000115
2024-07-24 14:30:59.624 [Test worker] DEBUG c.g.d.z.s.o.a.h.c.h.i.c.MainClientExec - ex-00000116: executing GET /v1.32/version HTTP/1.1
2024-07-24 14:30:59.624 [Test worker] DEBUG c.g.d.z.s.o.a.h.c.h.i.c.InternalHttpClient - ep-00000115: start execution ex-00000116
2024-07-24 14:30:59.624 [Test worker] DEBUG c.g.d.z.s.o.a.h.c.h.i.i.PoolingHttpClientConnectionManager - ep-00000115: executing exchange ex-00000116 over http-outgoing-25
2024-07-24 14:30:59.624 [Test worker] DEBUG c.g.d.z.s.o.a.h.client5.http.headers - http-outgoing-25 >> GET /v1.32/version HTTP/1.1
2024-07-24 14:30:59.624 [Test worker] DEBUG c.g.d.z.s.o.a.h.client5.http.headers - http-outgoing-25 >> accept: application/json
2024-07-24 14:30:59.624 [Test worker] DEBUG c.g.d.z.s.o.a.h.client5.http.headers - http-outgoing-25 >> x-tc-sid: 280e6229-7396-4d60-b1e3-a5de48b5d49b
2024-07-24 14:30:59.624 [Test worker] DEBUG c.g.d.z.s.o.a.h.client5.http.headers - http-outgoing-25 >> User-Agent: tc-java/1.19.8
2024-07-24 14:30:59.624 [Test worker] DEBUG c.g.d.z.s.o.a.h.client5.http.headers - http-outgoing-25 >> Accept-Encoding: gzip, x-gzip, deflate
2024-07-24 14:30:59.624 [Test worker] DEBUG c.g.d.z.s.o.a.h.client5.http.headers - http-outgoing-25 >> Host: localhost:2375
2024-07-24 14:30:59.624 [Test worker] DEBUG c.g.d.z.s.o.a.h.client5.http.headers - http-outgoing-25 >> Connection: keep-alive
2024-07-24 14:30:59.624 [Test worker] DEBUG c.g.d.z.s.o.a.hc.client5.http.wire - http-outgoing-25 >> "GET /v1.32/version HTTP/1.1[\r][\n]"
2024-07-24 14:30:59.624 [Test worker] DEBUG c.g.d.z.s.o.a.hc.client5.http.wire - http-outgoing-25 >> "accept: application/json[\r][\n]"
2024-07-24 14:30:59.624 [Test worker] DEBUG c.g.d.z.s.o.a.hc.client5.http.wire - http-outgoing-25 >> "x-tc-sid: 280e6229-7396-4d60-b1e3-a5de48b5d49b[\r][\n]"
2024-07-24 14:30:59.624 [Test worker] DEBUG c.g.d.z.s.o.a.hc.client5.http.wire - http-outgoing-25 >> "User-Agent: tc-java/1.19.8[\r][\n]"
2024-07-24 14:30:59.624 [Test worker] DEBUG c.g.d.z.s.o.a.hc.client5.http.wire - http-outgoing-25 >> "Accept-Encoding: gzip, x-gzip, deflate[\r][\n]"
2024-07-24 14:30:59.624 [Test worker] DEBUG c.g.d.z.s.o.a.hc.client5.http.wire - http-outgoing-25 >> "Host: localhost:2375[\r][\n]"
2024-07-24 14:30:59.624 [Test worker] DEBUG c.g.d.z.s.o.a.hc.client5.http.wire - http-outgoing-25 >> "Connection: keep-alive[\r][\n]"
2024-07-24 14:30:59.624 [Test worker] DEBUG c.g.d.z.s.o.a.hc.client5.http.wire - http-outgoing-25 >> "[\r][\n]"
2024-07-24 14:30:59.633 [Test worker] DEBUG c.g.d.z.s.o.a.hc.client5.http.wire - http-outgoing-25 << "HTTP/1.1 200 OK[\r][\n]"
2024-07-24 14:30:59.633 [Test worker] DEBUG c.g.d.z.s.o.a.hc.client5.http.wire - http-outgoing-25 << "Api-Version: 1.45[\r][\n]"
2024-07-24 14:30:59.633 [Test worker] DEBUG c.g.d.z.s.o.a.hc.client5.http.wire - http-outgoing-25 << "Content-Type: application/json[\r][\n]"
2024-07-24 14:30:59.633 [Test worker] DEBUG c.g.d.z.s.o.a.hc.client5.http.wire - http-outgoing-25 << "Date: Wed, 24 Jul 2024 02:30:59 GMT[\r][\n]"
2024-07-24 14:30:59.633 [Test worker] DEBUG c.g.d.z.s.o.a.hc.client5.http.wire - http-outgoing-25 << "Docker-Experimental: false[\r][\n]"
2024-07-24 14:30:59.633 [Test worker] DEBUG c.g.d.z.s.o.a.hc.client5.http.wire - http-outgoing-25 << "Ostype: linux[\r][\n]"
2024-07-24 14:30:59.633 [Test worker] DEBUG c.g.d.z.s.o.a.hc.client5.http.wire - http-outgoing-25 << "Server: Docker/26.0.0 (linux)[\r][\n]"
2024-07-24 14:30:59.633 [Test worker] DEBUG c.g.d.z.s.o.a.hc.client5.http.wire - http-outgoing-25 << "Transfer-Encoding: chunked[\r][\n]"
2024-07-24 14:30:59.633 [Test worker] DEBUG c.g.d.z.s.o.a.hc.client5.http.wire - http-outgoing-25 << "[\r][\n]"
2024-07-24 14:30:59.633 [Test worker] DEBUG c.g.d.z.s.o.a.h.client5.http.headers - http-outgoing-25 << HTTP/1.1 200 OK
2024-07-24 14:30:59.633 [Test worker] DEBUG c.g.d.z.s.o.a.h.client5.http.headers - http-outgoing-25 << Api-Version: 1.45
2024-07-24 14:30:59.633 [Test worker] DEBUG c.g.d.z.s.o.a.h.client5.http.headers - http-outgoing-25 << Content-Type: application/json
2024-07-24 14:30:59.633 [Test worker] DEBUG c.g.d.z.s.o.a.h.client5.http.headers - http-outgoing-25 << Date: Wed, 24 Jul 2024 02:30:59 GMT
2024-07-24 14:30:59.633 [Test worker] DEBUG c.g.d.z.s.o.a.h.client5.http.headers - http-outgoing-25 << Docker-Experimental: false
2024-07-24 14:30:59.633 [Test worker] DEBUG c.g.d.z.s.o.a.h.client5.http.headers - http-outgoing-25 << Ostype: linux
2024-07-24 14:30:59.633 [Test worker] DEBUG c.g.d.z.s.o.a.h.client5.http.headers - http-outgoing-25 << Server: Docker/26.0.0 (linux)
2024-07-24 14:30:59.633 [Test worker] DEBUG c.g.d.z.s.o.a.h.client5.http.headers - http-outgoing-25 << Transfer-Encoding: chunked
2024-07-24 14:30:59.633 [Test worker] DEBUG c.g.d.z.s.o.a.h.c.h.i.c.MainClientExec - ex-00000116: connection can be kept alive for 3 MINUTES
2024-07-24 14:30:59.633 [Test worker] DEBUG c.g.d.z.s.o.a.hc.client5.http.wire - http-outgoing-25 << "35f[\r][\n]"
2024-07-24 14:30:59.633 [Test worker] DEBUG c.g.d.z.s.o.a.hc.client5.http.wire - http-outgoing-25 << "{"Platform":{"Name":"Docker Desktop 4.29.0 (145265)"},"Components":[{"Name":"Engine","Version":"26.0.0","Details":{"ApiVersion":"1.45","Arch":"amd64","BuildTime":"2024-03-20T15:18:01.000000000+00:00","Experimental":"false","GitCommit":"8b79278","GoVersion":"go1.21.8","KernelVersion":"5.15.153.1-microsoft-standard-WSL2","MinAPIVersion":"1.24","Os":"linux"}},{"Name":"containerd","Version":"1.6.28","Details":{"GitCommit":"ae07eda36dd25f8a1b98dfbf587313b99c0190bb"}},{"Name":"runc","Version":"1.1.12","Details":{"GitCommit":"v1.1.12-0-g51d5e94"}},{"Name":"docker-init","Version":"0.19.0","Details":{"GitCommit":"de40ad0"}}],"Version":"26.0.0","ApiVersion":"1.45","MinAPIVersion":"1.24","GitCommit":"8b79278","GoVersion":"go1.21.8","Os":"linux","Arch":"amd64","KernelVersion":"5.15.153.1-microsoft-standard-WSL2","BuildTime":"2024-03-20T15:18:01.000000000+00:00"}[\n]"
2024-07-24 14:30:59.633 [Test worker] DEBUG c.g.d.z.s.o.a.hc.client5.http.wire - http-outgoing-25 << "[\r][\n]"
2024-07-24 14:30:59.633 [Test worker] DEBUG c.g.d.z.s.o.a.hc.client5.http.wire - http-outgoing-25 << "0[\r][\n]"
2024-07-24 14:30:59.633 [Test worker] DEBUG c.g.d.z.s.o.a.hc.client5.http.wire - http-outgoing-25 << "[\r][\n]"
2024-07-24 14:30:59.634 [Test worker] DEBUG c.g.d.z.s.o.a.h.c.h.i.c.InternalHttpClient - ep-00000115: releasing valid endpoint
2024-07-24 14:30:59.634 [Test worker] DEBUG c.g.d.z.s.o.a.h.c.h.i.i.PoolingHttpClientConnectionManager - ep-00000115: releasing endpoint
2024-07-24 14:30:59.634 [Test worker] DEBUG c.g.d.z.s.o.a.h.c.h.i.i.PoolingHttpClientConnectionManager - ep-00000115: connection http-outgoing-25 can be kept alive for 3 MINUTES
2024-07-24 14:30:59.634 [Test worker] DEBUG c.g.d.z.s.o.a.h.c.h.i.i.PoolingHttpClientConnectionManager - ep-00000115: connection released [route: {}->npipe://localhost:2375][total available: 1; route allocated: 1 of 2147483647; total allocated: 1 of 2147483647]
2024-07-24 14:30:59.635 [Test worker] TRACE o.t.s.c.g.d.c.e.LogContainerCmdExec - GET: DefaultWebTarget{path=[/containers/5f4d55e5257be669e343838a682bd54d001a3562308fe5c6c2f77e24fc4a6799/logs], queryParams={stdout=[true], stderr=[true], follow=[true], since=[0]}}
2024-07-24 14:30:59.635 [docker-java-stream-378382713] DEBUG c.g.d.z.s.o.a.h.c.h.i.c.InternalHttpClient - ex-00000117: preparing request execution
2024-07-24 14:30:59.635 [docker-java-stream-378382713] DEBUG c.g.d.z.s.o.a.h.c.h.p.RequestAddCookies - Cookie spec selected: strict
2024-07-24 14:30:59.635 [docker-java-stream-378382713] DEBUG c.g.d.z.s.o.a.h.c.h.p.RequestAuthCache - Auth cache not set in the context
2024-07-24 14:30:59.635 [docker-java-stream-378382713] DEBUG c.g.d.z.s.o.a.h.c.h.i.c.ProtocolExec - ex-00000117: target auth state: UNCHALLENGED
2024-07-24 14:30:59.635 [docker-java-stream-378382713] DEBUG c.g.d.z.s.o.a.h.c.h.i.c.ProtocolExec - ex-00000117: proxy auth state: UNCHALLENGED
2024-07-24 14:30:59.635 [docker-java-stream-378382713] DEBUG c.g.d.z.s.o.a.h.c.h.i.c.ConnectExec - ex-00000117: acquiring connection with route {}->npipe://localhost:2375
2024-07-24 14:30:59.636 [docker-java-stream-378382713] DEBUG c.g.d.z.s.o.a.h.c.h.i.c.InternalHttpClient - ex-00000117: acquiring endpoint (3 MINUTES)
2024-07-24 14:30:59.636 [docker-java-stream-378382713] DEBUG c.g.d.z.s.o.a.h.c.h.i.i.PoolingHttpClientConnectionManager - ex-00000117: endpoint lease request (3 MINUTES) [route: {}->npipe://localhost:2375][total available: 1; route allocated: 1 of 2147483647; total allocated: 1 of 2147483647]
2024-07-24 14:30:59.636 [docker-java-stream-378382713] DEBUG c.g.d.z.s.o.a.h.c.h.i.i.PoolingHttpClientConnectionManager - ex-00000117: endpoint leased [route: {}->npipe://localhost:2375][total available: 0; route allocated: 1 of 2147483647; total allocated: 1 of 2147483647]
2024-07-24 14:30:59.636 [docker-java-stream-378382713] DEBUG c.g.d.z.s.o.a.h.c.h.i.i.PoolingHttpClientConnectionManager - ex-00000117: acquired ep-00000116
2024-07-24 14:30:59.636 [docker-java-stream-378382713] DEBUG c.g.d.z.s.o.a.h.c.h.i.c.InternalHttpClient - ex-00000117: acquired endpoint ep-00000116
2024-07-24 14:30:59.636 [docker-java-stream-378382713] DEBUG c.g.d.z.s.o.a.h.c.h.i.c.MainClientExec - ex-00000117: executing GET /v1.32/containers/5f4d55e5257be669e343838a682bd54d001a3562308fe5c6c2f77e24fc4a6799/logs?stdout=true&stderr=true&follow=true&since=0 HTTP/1.1
2024-07-24 14:30:59.636 [docker-java-stream-378382713] DEBUG c.g.d.z.s.o.a.h.c.h.i.c.InternalHttpClient - ep-00000116: start execution ex-00000117
2024-07-24 14:30:59.636 [docker-java-stream-378382713] DEBUG c.g.d.z.s.o.a.h.c.h.i.i.PoolingHttpClientConnectionManager - ep-00000116: executing exchange ex-00000117 over http-outgoing-25
2024-07-24 14:30:59.636 [docker-java-stream-378382713] DEBUG c.g.d.z.s.o.a.h.client5.http.headers - http-outgoing-25 >> GET /v1.32/containers/5f4d55e5257be669e343838a682bd54d001a3562308fe5c6c2f77e24fc4a6799/logs?stdout=true&stderr=true&follow=true&since=0 HTTP/1.1
2024-07-24 14:30:59.636 [docker-java-stream-378382713] DEBUG c.g.d.z.s.o.a.h.client5.http.headers - http-outgoing-25 >> x-tc-sid: 280e6229-7396-4d60-b1e3-a5de48b5d49b
2024-07-24 14:30:59.636 [docker-java-stream-378382713] DEBUG c.g.d.z.s.o.a.h.client5.http.headers - http-outgoing-25 >> User-Agent: tc-java/1.19.8
2024-07-24 14:30:59.636 [docker-java-stream-378382713] DEBUG c.g.d.z.s.o.a.h.client5.http.headers - http-outgoing-25 >> Accept-Encoding: gzip, x-gzip, deflate
2024-07-24 14:30:59.636 [docker-java-stream-378382713] DEBUG c.g.d.z.s.o.a.h.client5.http.headers - http-outgoing-25 >> Host: localhost:2375
2024-07-24 14:30:59.636 [docker-java-stream-378382713] DEBUG c.g.d.z.s.o.a.h.client5.http.headers - http-outgoing-25 >> Connection: keep-alive
2024-07-24 14:30:59.636 [docker-java-stream-378382713] DEBUG c.g.d.z.s.o.a.hc.client5.http.wire - http-outgoing-25 >> "GET /v1.32/containers/5f4d55e5257be669e343838a682bd54d001a3562308fe5c6c2f77e24fc4a6799/logs?stdout=true&stderr=true&follow=true&since=0 HTTP/1.1[\r][\n]"
2024-07-24 14:30:59.636 [docker-java-stream-378382713] DEBUG c.g.d.z.s.o.a.hc.client5.http.wire - http-outgoing-25 >> "x-tc-sid: 280e6229-7396-4d60-b1e3-a5de48b5d49b[\r][\n]"
2024-07-24 14:30:59.636 [docker-java-stream-378382713] DEBUG c.g.d.z.s.o.a.hc.client5.http.wire - http-outgoing-25 >> "User-Agent: tc-java/1.19.8[\r][\n]"
2024-07-24 14:30:59.636 [docker-java-stream-378382713] DEBUG c.g.d.z.s.o.a.hc.client5.http.wire - http-outgoing-25 >> "Accept-Encoding: gzip, x-gzip, deflate[\r][\n]"
2024-07-24 14:30:59.636 [docker-java-stream-378382713] DEBUG c.g.d.z.s.o.a.hc.client5.http.wire - http-outgoing-25 >> "Host: localhost:2375[\r][\n]"
2024-07-24 14:30:59.636 [docker-java-stream-378382713] DEBUG c.g.d.z.s.o.a.hc.client5.http.wire - http-outgoing-25 >> "Connection: keep-alive[\r][\n]"
2024-07-24 14:30:59.636 [docker-java-stream-378382713] DEBUG c.g.d.z.s.o.a.hc.client5.http.wire - http-outgoing-25 >> "[\r][\n]"
2024-07-24 14:30:59.638 [docker-java-stream-378382713] DEBUG c.g.d.z.s.o.a.hc.client5.http.wire - http-outgoing-25 << "HTTP/1.1 200 OK[\r][\n]"
2024-07-24 14:30:59.638 [docker-java-stream-378382713] DEBUG c.g.d.z.s.o.a.hc.client5.http.wire - http-outgoing-25 << "Api-Version: 1.45[\r][\n]"
2024-07-24 14:30:59.638 [docker-java-stream-378382713] DEBUG c.g.d.z.s.o.a.hc.client5.http.wire - http-outgoing-25 << "Content-Type: application/vnd.docker.raw-stream[\r][\n]"
2024-07-24 14:30:59.638 [docker-java-stream-378382713] DEBUG c.g.d.z.s.o.a.hc.client5.http.wire - http-outgoing-25 << "Date: Wed, 24 Jul 2024 02:30:59 GMT[\r][\n]"
2024-07-24 14:30:59.638 [docker-java-stream-378382713] DEBUG c.g.d.z.s.o.a.hc.client5.http.wire - http-outgoing-25 << "Docker-Experimental: false[\r][\n]"
2024-07-24 14:30:59.638 [docker-java-stream-378382713] DEBUG c.g.d.z.s.o.a.hc.client5.http.wire - http-outgoing-25 << "Ostype: linux[\r][\n]"
2024-07-24 14:30:59.638 [docker-java-stream-378382713] DEBUG c.g.d.z.s.o.a.hc.client5.http.wire - http-outgoing-25 << "Server: Docker/26.0.0 (linux)[\r][\n]"
2024-07-24 14:30:59.638 [docker-java-stream-378382713] DEBUG c.g.d.z.s.o.a.hc.client5.http.wire - http-outgoing-25 << "Transfer-Encoding: chunked[\r][\n]"
2024-07-24 14:30:59.638 [docker-java-stream-378382713] DEBUG c.g.d.z.s.o.a.hc.client5.http.wire - http-outgoing-25 << "[\r][\n]"
2024-07-24 14:30:59.638 [docker-java-stream-378382713] DEBUG c.g.d.z.s.o.a.h.client5.http.headers - http-outgoing-25 << HTTP/1.1 200 OK
2024-07-24 14:30:59.639 [docker-java-stream-378382713] DEBUG c.g.d.z.s.o.a.h.client5.http.headers - http-outgoing-25 << Api-Version: 1.45
2024-07-24 14:30:59.639 [docker-java-stream-378382713] DEBUG c.g.d.z.s.o.a.h.client5.http.headers - http-outgoing-25 << Content-Type: application/vnd.docker.raw-stream
2024-07-24 14:30:59.639 [docker-java-stream-378382713] DEBUG c.g.d.z.s.o.a.h.client5.http.headers - http-outgoing-25 << Date: Wed, 24 Jul 2024 02:30:59 GMT
2024-07-24 14:30:59.639 [docker-java-stream-378382713] DEBUG c.g.d.z.s.o.a.h.client5.http.headers - http-outgoing-25 << Docker-Experimental: false
2024-07-24 14:30:59.639 [docker-java-stream-378382713] DEBUG c.g.d.z.s.o.a.h.client5.http.headers - http-outgoing-25 << Ostype: linux
2024-07-24 14:30:59.639 [docker-java-stream-378382713] DEBUG c.g.d.z.s.o.a.h.client5.http.headers - http-outgoing-25 << Server: Docker/26.0.0 (linux)
2024-07-24 14:30:59.639 [docker-java-stream-378382713] DEBUG c.g.d.z.s.o.a.h.client5.http.headers - http-outgoing-25 << Transfer-Encoding: chunked
2024-07-24 14:30:59.639 [docker-java-stream-378382713] DEBUG c.g.d.z.s.o.a.h.c.h.i.c.MainClientExec - ex-00000117: connection can be kept alive for 3 MINUTES
2024-07-24 14:30:59.647 [docker-java-stream-378382713] DEBUG c.g.d.z.s.o.a.hc.client5.http.wire - http-outgoing-25 << "1fd[\r][\n]"
2024-07-24 14:30:59.648 [docker-java-stream-378382713] DEBUG c.g.d.z.s.o.a.hc.client5.http.wire - http-outgoing-25 << "[0x1][0x0][0x0][0x0][0x0][0x0][0x0]NThe files belonging to this database system will be owned by user "postgres".[\n]"
2024-07-24 14:30:59.648 [docker-java-stream-378382713] DEBUG c.g.d.z.s.o.a.hc.client5.http.wire - http-outgoing-25 << "[0x1][0x0][0x0][0x0][0x0][0x0][0x0],This user must also own the server process.[\n]"
2024-07-24 14:30:59.648 [docker-java-stream-378382713] DEBUG c.g.d.z.s.o.a.hc.client5.http.wire - http-outgoing-25 << "[0x1][0x0][0x0][0x0][0x0][0x0][0x0][0x1][\n]"
2024-07-24 14:30:59.648 [docker-java-stream-378382713] DEBUG c.g.d.z.s.o.a.hc.client5.http.wire - http-outgoing-25 << "[0x1][0x0][0x0][0x0][0x0][0x0][0x0]CThe database cluster will be initialized with locale "en_US.utf8".[\n]"
2024-07-24 14:30:59.648 [docker-java-stream-378382713] DEBUG c.g.d.z.s.o.a.hc.client5.http.wire - http-outgoing-25 << "[0x1][0x0][0x0][0x0][0x0][0x0][0x0]BThe default database encoding has accordingly been set to "UTF8".[\n]"
2024-07-24 14:30:59.648 [docker-java-stream-378382713] DEBUG c.g.d.z.s.o.a.hc.client5.http.wire - http-outgoing-25 << "[0x1][0x0][0x0][0x0][0x0][0x0][0x0]@The default text search configuration will be set to "english".[\n]"
2024-07-24 14:30:59.648 [docker-java-stream-378382713] DEBUG c.g.d.z.s.o.a.hc.client5.http.wire - http-outgoing-25 << "[0x1][0x0][0x0][0x0][0x0][0x0][0x0][0x1][\n]"
2024-07-24 14:30:59.648 [docker-java-stream-378382713] DEBUG c.g.d.z.s.o.a.hc.client5.http.wire - http-outgoing-25 << "[0x1][0x0][0x0][0x0][0x0][0x0][0x0]"Data page checksums are disabled.[\n]"
2024-07-24 14:30:59.648 [docker-java-stream-378382713] DEBUG c.g.d.z.s.o.a.hc.client5.http.wire - http-outgoing-25 << "[0x1][0x0][0x0][0x0][0x0][0x0][0x0][0x1][\n]"
2024-07-24 14:30:59.648 [docker-java-stream-378382713] DEBUG c.g.d.z.s.o.a.hc.client5.http.wire - http-outgoing-25 << "[0x1][0x0][0x0][0x0][0x0][0x0][0x0]Ifixing permissions on existing directory /var/lib/postgresql/data ... ok[\n]"
2024-07-24 14:30:59.648 [docker-java-stream-378382713] DEBUG c.g.d.z.s.o.a.hc.client5.http.wire - http-outgoing-25 << "[\r][\n]"
2024-07-24 14:30:59.648 [Test worker] DEBUG o.t.c.output.WaitingConsumer - STDOUT: fixing permissions on existing directory /var/lib/postgresql/data ... ok
2024-07-24 14:30:59.648 [Test worker] DEBUG o.t.c.output.WaitingConsumer - STDOUT: 
2024-07-24 14:30:59.648 [Test worker] DEBUG o.t.c.output.WaitingConsumer - STDOUT: Data page checksums are disabled.
2024-07-24 14:30:59.648 [Test worker] DEBUG o.t.c.output.WaitingConsumer - STDOUT: 
2024-07-24 14:30:59.648 [Test worker] DEBUG o.t.c.output.WaitingConsumer - STDOUT: The default text search configuration will be set to "english".
2024-07-24 14:30:59.648 [Test worker] DEBUG o.t.c.output.WaitingConsumer - STDOUT: The default database encoding has accordingly been set to "UTF8".
2024-07-24 14:30:59.648 [Test worker] DEBUG o.t.c.output.WaitingConsumer - STDOUT: The database cluster will be initialized with locale "en_US.utf8".
2024-07-24 14:30:59.648 [Test worker] DEBUG o.t.c.output.WaitingConsumer - STDOUT: 
2024-07-24 14:30:59.648 [Test worker] DEBUG o.t.c.output.WaitingConsumer - STDOUT: This user must also own the server process.
2024-07-24 14:30:59.648 [Test worker] DEBUG o.t.c.output.WaitingConsumer - STDOUT: The files belonging to this database system will be owned by user "postgres".
2024-07-24 14:30:59.652 [docker-java-stream-378382713] DEBUG c.g.d.z.s.o.a.hc.client5.http.wire - http-outgoing-25 << "68[\r][\n]"
2024-07-24 14:30:59.652 [docker-java-stream-378382713] DEBUG c.g.d.z.s.o.a.hc.client5.http.wire - http-outgoing-25 << "[0x1][0x0][0x0][0x0][0x0][0x0][0x0][0x1f]creating subdirectories ... ok[\n]"
2024-07-24 14:30:59.652 [docker-java-stream-378382713] DEBUG c.g.d.z.s.o.a.hc.client5.http.wire - http-outgoing-25 << "[0x1][0x0][0x0][0x0][0x0][0x0][0x0]9selecting dynamic shared memory implementation ... posix[\n]"
2024-07-24 14:30:59.652 [docker-java-stream-378382713] DEBUG c.g.d.z.s.o.a.hc.client5.http.wire - http-outgoing-25 << "[\r][\n]"
2024-07-24 14:30:59.668 [Test worker] DEBUG o.t.c.output.WaitingConsumer - STDOUT: selecting dynamic shared memory implementation ... posix
2024-07-24 14:30:59.668 [Test worker] DEBUG o.t.c.output.WaitingConsumer - STDOUT: creating subdirectories ... ok
2024-07-24 14:30:59.670 [docker-java-stream-378382713] DEBUG c.g.d.z.s.o.a.hc.client5.http.wire - http-outgoing-25 << "32[\r][\n]"
2024-07-24 14:30:59.670 [docker-java-stream-378382713] DEBUG c.g.d.z.s.o.a.hc.client5.http.wire - http-outgoing-25 << "[0x1][0x0][0x0][0x0][0x0][0x0][0x0]*selecting default max_connections ... 100[\n]"
2024-07-24 14:30:59.670 [docker-java-stream-378382713] DEBUG c.g.d.z.s.o.a.hc.client5.http.wire - http-outgoing-25 << "[\r][\n]"
2024-07-24 14:30:59.683 [Test worker] DEBUG o.t.c.output.WaitingConsumer - STDOUT: selecting default max_connections ... 100
2024-07-24 14:30:59.692 [docker-java-stream-378382713] DEBUG c.g.d.z.s.o.a.hc.client5.http.wire - http-outgoing-25 << "33[\r][\n]"
2024-07-24 14:30:59.692 [docker-java-stream-378382713] DEBUG c.g.d.z.s.o.a.hc.client5.http.wire - http-outgoing-25 << "[0x1][0x0][0x0][0x0][0x0][0x0][0x0]+selecting default shared_buffers ... 128MB[\n]"
2024-07-24 14:30:59.692 [docker-java-stream-378382713] DEBUG c.g.d.z.s.o.a.hc.client5.http.wire - http-outgoing-25 << "[\r][\n]"
2024-07-24 14:30:59.698 [Test worker] DEBUG o.t.c.output.WaitingConsumer - STDOUT: selecting default shared_buffers ... 128MB
2024-07-24 14:30:59.712 [docker-java-stream-378382713] DEBUG c.g.d.z.s.o.a.hc.client5.http.wire - http-outgoing-25 << "30[\r][\n]"
2024-07-24 14:30:59.712 [docker-java-stream-378382713] DEBUG c.g.d.z.s.o.a.hc.client5.http.wire - http-outgoing-25 << "[0x1][0x0][0x0][0x0][0x0][0x0][0x0](selecting default time zone ... Etc/UTC[\n]"
2024-07-24 14:30:59.713 [docker-java-stream-378382713] DEBUG c.g.d.z.s.o.a.hc.client5.http.wire - http-outgoing-25 << "[\r][\n]"
2024-07-24 14:30:59.713 [docker-java-stream-378382713] DEBUG c.g.d.z.s.o.a.hc.client5.http.wire - http-outgoing-25 << "2c[\r][\n]"
2024-07-24 14:30:59.713 [docker-java-stream-378382713] DEBUG c.g.d.z.s.o.a.hc.client5.http.wire - http-outgoing-25 << "[0x1][0x0][0x0][0x0][0x0][0x0][0x0]$creating configuration files ... ok[\n]"
2024-07-24 14:30:59.713 [docker-java-stream-378382713] DEBUG c.g.d.z.s.o.a.hc.client5.http.wire - http-outgoing-25 << "[\r][\n]"
2024-07-24 14:30:59.714 [Test worker] DEBUG o.t.c.output.WaitingConsumer - STDOUT: creating configuration files ... ok
2024-07-24 14:30:59.714 [Test worker] DEBUG o.t.c.output.WaitingConsumer - STDOUT: selecting default time zone ... Etc/UTC
2024-07-24 14:30:59.844 [docker-java-stream-378382713] DEBUG c.g.d.z.s.o.a.hc.client5.http.wire - http-outgoing-25 << "28[\r][\n]"
2024-07-24 14:30:59.844 [docker-java-stream-378382713] DEBUG c.g.d.z.s.o.a.hc.client5.http.wire - http-outgoing-25 << "[0x1][0x0][0x0][0x0][0x0][0x0][0x0] running bootstrap script ... ok[\n]"
2024-07-24 14:30:59.844 [docker-java-stream-378382713] DEBUG c.g.d.z.s.o.a.hc.client5.http.wire - http-outgoing-25 << "[\r][\n]"
2024-07-24 14:30:59.855 [Test worker] DEBUG o.t.c.output.WaitingConsumer - STDOUT: running bootstrap script ... ok
2024-07-24 14:31:00.168 [docker-java-stream-378382713] DEBUG c.g.d.z.s.o.a.hc.client5.http.wire - http-outgoing-25 << "38[\r][\n]"
2024-07-24 14:31:00.168 [docker-java-stream-378382713] DEBUG c.g.d.z.s.o.a.hc.client5.http.wire - http-outgoing-25 << "[0x1][0x0][0x0][0x0][0x0][0x0][0x0]0performing post-bootstrap initialization ... ok[\n]"
2024-07-24 14:31:00.168 [docker-java-stream-378382713] DEBUG c.g.d.z.s.o.a.hc.client5.http.wire - http-outgoing-25 << "[\r][\n]"
2024-07-24 14:31:00.168 [Test worker] DEBUG o.t.c.output.WaitingConsumer - STDOUT: performing post-bootstrap initialization ... ok
2024-07-24 14:31:00.523 [docker-java-stream-378382713] DEBUG c.g.d.z.s.o.a.hc.client5.http.wire - http-outgoing-25 << "1ad[\r][\n]"
2024-07-24 14:31:00.523 [docker-java-stream-378382713] DEBUG c.g.d.z.s.o.a.hc.client5.http.wire - http-outgoing-25 << "[0x2][0x0][0x0][0x0][0x0][0x0][0x0]Ginitdb: warning: enabling "trust" authentication for local connections[\n]"
2024-07-24 14:31:00.523 [docker-java-stream-378382713] DEBUG c.g.d.z.s.o.a.hc.client5.http.wire - http-outgoing-25 << "[0x2][0x0][0x0][0x0][0x0][0x0][0x0][0xffffff90]initdb: hint: You can change this by editing pg_hba.conf or using the option -A, or --auth-local and --auth-host, the next time you run initdb.[\n]"
2024-07-24 14:31:00.523 [docker-java-stream-378382713] DEBUG c.g.d.z.s.o.a.hc.client5.http.wire - http-outgoing-25 << "[0x1][0x0][0x0][0x0][0x0][0x0][0x0][0x1c]syncing data to disk ... ok[\n]"
2024-07-24 14:31:00.523 [docker-java-stream-378382713] DEBUG c.g.d.z.s.o.a.hc.client5.http.wire - http-outgoing-25 << "[0x1][0x0][0x0][0x0][0x0][0x0][0x0][0x1][\n]"
2024-07-24 14:31:00.523 [docker-java-stream-378382713] DEBUG c.g.d.z.s.o.a.hc.client5.http.wire - http-outgoing-25 << "[0x1][0x0][0x0][0x0][0x0][0x0][0x0][0x1][\n]"
2024-07-24 14:31:00.523 [docker-java-stream-378382713] DEBUG c.g.d.z.s.o.a.hc.client5.http.wire - http-outgoing-25 << "[0x1][0x0][0x0][0x0][0x0][0x0][0x0]6Success. You can now start the database server using:[\n]"
2024-07-24 14:31:00.523 [docker-java-stream-378382713] DEBUG c.g.d.z.s.o.a.hc.client5.http.wire - http-outgoing-25 << "[0x1][0x0][0x0][0x0][0x0][0x0][0x0][0x1][\n]"
2024-07-24 14:31:00.523 [docker-java-stream-378382713] DEBUG c.g.d.z.s.o.a.hc.client5.http.wire - http-outgoing-25 << "[0x1][0x0][0x0][0x0][0x0][0x0][0x0]8    pg_ctl -D /var/lib/postgresql/data -l logfile start[\n]"
2024-07-24 14:31:00.523 [docker-java-stream-378382713] DEBUG c.g.d.z.s.o.a.hc.client5.http.wire - http-outgoing-25 << "[0x1][0x0][0x0][0x0][0x0][0x0][0x0][0x1][\n]"
2024-07-24 14:31:00.523 [docker-java-stream-378382713] DEBUG c.g.d.z.s.o.a.hc.client5.http.wire - http-outgoing-25 << "[\r][\n]"
2024-07-24 14:31:00.523 [Test worker] DEBUG o.t.c.output.WaitingConsumer - STDOUT: 
2024-07-24 14:31:00.523 [Test worker] DEBUG o.t.c.output.WaitingConsumer - STDOUT:     pg_ctl -D /var/lib/postgresql/data -l logfile start
2024-07-24 14:31:00.523 [Test worker] DEBUG o.t.c.output.WaitingConsumer - STDOUT: 
2024-07-24 14:31:00.523 [Test worker] DEBUG o.t.c.output.WaitingConsumer - STDOUT: Success. You can now start the database server using:
2024-07-24 14:31:00.523 [Test worker] DEBUG o.t.c.output.WaitingConsumer - STDOUT: 
2024-07-24 14:31:00.523 [Test worker] DEBUG o.t.c.output.WaitingConsumer - STDOUT: 
2024-07-24 14:31:00.523 [Test worker] DEBUG o.t.c.output.WaitingConsumer - STDOUT: syncing data to disk ... ok
2024-07-24 14:31:00.523 [Test worker] DEBUG o.t.c.output.WaitingConsumer - STDERR: initdb: hint: You can change this by editing pg_hba.conf or using the option -A, or --auth-local and --auth-host, the next time you run initdb.
2024-07-24 14:31:00.523 [Test worker] DEBUG o.t.c.output.WaitingConsumer - STDERR: initdb: warning: enabling "trust" authentication for local connections
2024-07-24 14:31:00.561 [docker-java-stream-378382713] DEBUG c.g.d.z.s.o.a.hc.client5.http.wire - http-outgoing-25 << "137[\r][\n]"
2024-07-24 14:31:00.561 [docker-java-stream-378382713] DEBUG c.g.d.z.s.o.a.hc.client5.http.wire - http-outgoing-25 << "[0x1][0x0][0x0][0x0][0x0][0x0][0x0][0xffffffc3]waiting for server to start....2024-07-24 02:31:00.560 UTC [48] LOG:  starting PostgreSQL 16.2 (Debian 16.2-1.pgdg120+2) on x86_64-pc-linux-gnu, compiled by gcc (Debian 12.2.0-14) 12.2.0, 64-bit[\n]"
2024-07-24 14:31:00.561 [docker-java-stream-378382713] DEBUG c.g.d.z.s.o.a.hc.client5.http.wire - http-outgoing-25 << "[0x1][0x0][0x0][0x0][0x0][0x0][0x0]d2024-07-24 02:31:00.560 UTC [48] LOG:  listening on Unix socket "/var/run/postgresql/.s.PGSQL.5432"[\n]"
2024-07-24 14:31:00.561 [docker-java-stream-378382713] DEBUG c.g.d.z.s.o.a.hc.client5.http.wire - http-outgoing-25 << "[\r][\n]"
2024-07-24 14:31:00.561 [Test worker] DEBUG o.t.c.output.WaitingConsumer - STDOUT: 2024-07-24 02:31:00.560 UTC [48] LOG:  listening on Unix socket "/var/run/postgresql/.s.PGSQL.5432"
2024-07-24 14:31:00.561 [Test worker] DEBUG o.t.c.output.WaitingConsumer - STDOUT: waiting for server to start....2024-07-24 02:31:00.560 UTC [48] LOG:  starting PostgreSQL 16.2 (Debian 16.2-1.pgdg120+2) on x86_64-pc-linux-gnu, compiled by gcc (Debian 12.2.0-14) 12.2.0, 64-bit
2024-07-24 14:31:00.563 [docker-java-stream-378382713] DEBUG c.g.d.z.s.o.a.hc.client5.http.wire - http-outgoing-25 << "68[\r][\n]"
2024-07-24 14:31:00.563 [docker-java-stream-378382713] DEBUG c.g.d.z.s.o.a.hc.client5.http.wire - http-outgoing-25 << "[0x1][0x0][0x0][0x0][0x0][0x0][0x0]`2024-07-24 02:31:00.562 UTC [51] LOG:  database system was shut down at 2024-07-24 02:31:00 UTC[\n]"
2024-07-24 14:31:00.563 [docker-java-stream-378382713] DEBUG c.g.d.z.s.o.a.hc.client5.http.wire - http-outgoing-25 << "[\r][\n]"
2024-07-24 14:31:00.566 [docker-java-stream-378382713] DEBUG c.g.d.z.s.o.a.hc.client5.http.wire - http-outgoing-25 << "5e[\r][\n]"
2024-07-24 14:31:00.566 [docker-java-stream-378382713] DEBUG c.g.d.z.s.o.a.hc.client5.http.wire - http-outgoing-25 << "[0x1][0x0][0x0][0x0][0x0][0x0][0x0]V2024-07-24 02:31:00.566 UTC [48] LOG:  database system is ready to accept connections[\n]"
2024-07-24 14:31:00.566 [docker-java-stream-378382713] DEBUG c.g.d.z.s.o.a.hc.client5.http.wire - http-outgoing-25 << "[\r][\n]"
2024-07-24 14:31:00.584 [Test worker] DEBUG o.t.c.output.WaitingConsumer - STDOUT: 2024-07-24 02:31:00.566 UTC [48] LOG:  database system is ready to accept connections
2024-07-24 14:31:00.584 [Test worker] DEBUG o.t.c.output.WaitingConsumer - STDOUT: 2024-07-24 02:31:00.562 UTC [51] LOG:  database system was shut down at 2024-07-24 02:31:00 UTC
2024-07-24 14:31:00.645 [docker-java-stream-378382713] DEBUG c.g.d.z.s.o.a.hc.client5.http.wire - http-outgoing-25 << "25[\r][\n]"
2024-07-24 14:31:00.645 [docker-java-stream-378382713] DEBUG c.g.d.z.s.o.a.hc.client5.http.wire - http-outgoing-25 << "[0x1][0x0][0x0][0x0][0x0][0x0][0x0][0x6] done[\n]"
2024-07-24 14:31:00.645 [docker-java-stream-378382713] DEBUG c.g.d.z.s.o.a.hc.client5.http.wire - http-outgoing-25 << "[0x1][0x0][0x0][0x0][0x0][0x0][0x0][0xf]server started[\n]"
2024-07-24 14:31:00.645 [docker-java-stream-378382713] DEBUG c.g.d.z.s.o.a.hc.client5.http.wire - http-outgoing-25 << "[\r][\n]"
2024-07-24 14:31:00.645 [Test worker] DEBUG o.t.c.output.WaitingConsumer - STDOUT: server started
2024-07-24 14:31:00.645 [Test worker] DEBUG o.t.c.output.WaitingConsumer - STDOUT:  done
2024-07-24 14:31:00.739 [docker-java-stream-378382713] DEBUG c.g.d.z.s.o.a.hc.client5.http.wire - http-outgoing-25 << "18[\r][\n]"
2024-07-24 14:31:00.739 [docker-java-stream-378382713] DEBUG c.g.d.z.s.o.a.hc.client5.http.wire - http-outgoing-25 << "[0x1][0x0][0x0][0x0][0x0][0x0][0x0][0x10]CREATE DATABASE[\n]"
2024-07-24 14:31:00.739 [docker-java-stream-378382713] DEBUG c.g.d.z.s.o.a.hc.client5.http.wire - http-outgoing-25 << "[\r][\n]"
2024-07-24 14:31:00.739 [Test worker] DEBUG o.t.c.output.WaitingConsumer - STDOUT: CREATE DATABASE
2024-07-24 14:31:00.739 [docker-java-stream-378382713] DEBUG c.g.d.z.s.o.a.hc.client5.http.wire - http-outgoing-25 << "9[\r][\n]"
2024-07-24 14:31:00.739 [docker-java-stream-378382713] DEBUG c.g.d.z.s.o.a.hc.client5.http.wire - http-outgoing-25 << "[0x1][0x0][0x0][0x0][0x0][0x0][0x0][0x1][\n]"
2024-07-24 14:31:00.739 [docker-java-stream-378382713] DEBUG c.g.d.z.s.o.a.hc.client5.http.wire - http-outgoing-25 << "[\r][\n]"
2024-07-24 14:31:00.740 [docker-java-stream-378382713] DEBUG c.g.d.z.s.o.a.hc.client5.http.wire - http-outgoing-25 << "66[\r][\n]"
2024-07-24 14:31:00.740 [docker-java-stream-378382713] DEBUG c.g.d.z.s.o.a.hc.client5.http.wire - http-outgoing-25 << "[0x1][0x0][0x0][0x0][0x0][0x0][0x0][0x1][\n]"
2024-07-24 14:31:00.740 [docker-java-stream-378382713] DEBUG c.g.d.z.s.o.a.hc.client5.http.wire - http-outgoing-25 << "[0x1][0x0][0x0][0x0][0x0][0x0][0x0]L/usr/local/bin/docker-entrypoint.sh: ignoring /docker-entrypoint-initdb.d/*[\n]"
2024-07-24 14:31:00.740 [docker-java-stream-378382713] DEBUG c.g.d.z.s.o.a.hc.client5.http.wire - http-outgoing-25 << "[0x1][0x0][0x0][0x0][0x0][0x0][0x0][0x1][\n]"
2024-07-24 14:31:00.740 [docker-java-stream-378382713] DEBUG c.g.d.z.s.o.a.hc.client5.http.wire - http-outgoing-25 << "[\r][\n]"
2024-07-24 14:31:00.742 [docker-java-stream-378382713] DEBUG c.g.d.z.s.o.a.hc.client5.http.wire - http-outgoing-25 << "c0[\r][\n]"
2024-07-24 14:31:00.742 [docker-java-stream-378382713] DEBUG c.g.d.z.s.o.a.hc.client5.http.wire - http-outgoing-25 << "[0x1][0x0][0x0][0x0][0x0][0x0][0x0]hwaiting for server to shut down...2024-07-24 02:31:00.741 UTC [48] LOG:  received fast shutdown request[\n]"
2024-07-24 14:31:00.742 [docker-java-stream-378382713] DEBUG c.g.d.z.s.o.a.hc.client5.http.wire - http-outgoing-25 << "[0x1][0x0][0x0][0x0][0x0][0x0][0x0]H2024-07-24 02:31:00.741 UTC [48] LOG:  aborting any active transactions[\n]"
2024-07-24 14:31:00.742 [docker-java-stream-378382713] DEBUG c.g.d.z.s.o.a.hc.client5.http.wire - http-outgoing-25 << "[\r][\n]"
2024-07-24 14:31:00.744 [docker-java-stream-378382713] DEBUG c.g.d.z.s.o.a.hc.client5.http.wire - http-outgoing-25 << "82[\r][\n]"
2024-07-24 14:31:00.744 [docker-java-stream-378382713] DEBUG c.g.d.z.s.o.a.hc.client5.http.wire - http-outgoing-25 << "[0x1][0x0][0x0][0x0][0x0][0x0][0x0]z.2024-07-24 02:31:00.744 UTC [48] LOG:  background worker "logical replication launcher" (PID 54) exited with exit code 1[\n]"
2024-07-24 14:31:00.744 [docker-java-stream-378382713] DEBUG c.g.d.z.s.o.a.hc.client5.http.wire - http-outgoing-25 << "[\r][\n]"
2024-07-24 14:31:00.744 [docker-java-stream-378382713] DEBUG c.g.d.z.s.o.a.hc.client5.http.wire - http-outgoing-25 << "94[\r][\n]"
2024-07-24 14:31:00.744 [docker-java-stream-378382713] DEBUG c.g.d.z.s.o.a.hc.client5.http.wire - http-outgoing-25 << "[0x1][0x0][0x0][0x0][0x0][0x0][0x0]52024-07-24 02:31:00.744 UTC [49] LOG:  shutting down[\n]"
2024-07-24 14:31:00.744 [docker-java-stream-378382713] DEBUG c.g.d.z.s.o.a.hc.client5.http.wire - http-outgoing-25 << "[0x1][0x0][0x0][0x0][0x0][0x0][0x0]O2024-07-24 02:31:00.744 UTC [49] LOG:  checkpoint starting: shutdown immediate[\n]"
2024-07-24 14:31:00.744 [docker-java-stream-378382713] DEBUG c.g.d.z.s.o.a.hc.client5.http.wire - http-outgoing-25 << "[\r][\n]"
2024-07-24 14:31:00.755 [docker-java-stream-378382713] DEBUG c.g.d.z.s.o.a.hc.client5.http.wire - http-outgoing-25 << "12c[\r][\n]"
2024-07-24 14:31:00.755 [docker-java-stream-378382713] DEBUG c.g.d.z.s.o.a.hc.client5.http.wire - http-outgoing-25 << "[0x1][0x0][0x0][0x0][0x0][0x0][0x1]$2024-07-24 02:31:00.754 UTC [49] LOG:  checkpoint complete: wrote 923 buffers (5.6%); 0 WAL file(s) added, 0 removed, 0 recycled; write=0.010 s, sync=0.001 s, total=0.010 s; sync files=0, longest=0.000 s, average=0.000 s; distance=4257 kB, estimate=4257 kB; lsn=0/1913068, redo lsn=0/1913068[\n]"
2024-07-24 14:31:00.755 [docker-java-stream-378382713] DEBUG c.g.d.z.s.o.a.hc.client5.http.wire - http-outgoing-25 << "[\r][\n]"
2024-07-24 14:31:00.756 [Test worker] DEBUG o.t.c.output.WaitingConsumer - STDOUT: 2024-07-24 02:31:00.754 UTC [49] LOG:  checkpoint complete: wrote 923 buffers (5.6%); 0 WAL file(s) added, 0 removed, 0 recycled; write=0.010 s, sync=0.001 s, total=0.010 s; sync files=0, longest=0.000 s, average=0.000 s; distance=4257 kB, estimate=4257 kB; lsn=0/1913068, redo lsn=0/1913068
2024-07-24 14:31:00.756 [Test worker] DEBUG o.t.c.output.WaitingConsumer - STDOUT: 2024-07-24 02:31:00.744 UTC [49] LOG:  checkpoint starting: shutdown immediate
2024-07-24 14:31:00.756 [Test worker] DEBUG o.t.c.output.WaitingConsumer - STDOUT: 2024-07-24 02:31:00.744 UTC [49] LOG:  shutting down
2024-07-24 14:31:00.756 [Test worker] DEBUG o.t.c.output.WaitingConsumer - STDOUT: .2024-07-24 02:31:00.744 UTC [48] LOG:  background worker "logical replication launcher" (PID 54) exited with exit code 1
2024-07-24 14:31:00.756 [Test worker] DEBUG o.t.c.output.WaitingConsumer - STDOUT: 2024-07-24 02:31:00.741 UTC [48] LOG:  aborting any active transactions
2024-07-24 14:31:00.756 [Test worker] DEBUG o.t.c.output.WaitingConsumer - STDOUT: waiting for server to shut down...2024-07-24 02:31:00.741 UTC [48] LOG:  received fast shutdown request
2024-07-24 14:31:00.756 [Test worker] DEBUG o.t.c.output.WaitingConsumer - STDOUT: 
2024-07-24 14:31:00.756 [Test worker] DEBUG o.t.c.output.WaitingConsumer - STDOUT: /usr/local/bin/docker-entrypoint.sh: ignoring /docker-entrypoint-initdb.d/*
2024-07-24 14:31:00.756 [Test worker] DEBUG o.t.c.output.WaitingConsumer - STDOUT: 
2024-07-24 14:31:00.756 [Test worker] DEBUG o.t.c.output.WaitingConsumer - STDOUT: 
2024-07-24 14:31:00.766 [docker-java-stream-378382713] DEBUG c.g.d.z.s.o.a.hc.client5.http.wire - http-outgoing-25 << "4c[\r][\n]"
2024-07-24 14:31:00.766 [docker-java-stream-378382713] DEBUG c.g.d.z.s.o.a.hc.client5.http.wire - http-outgoing-25 << "[0x1][0x0][0x0][0x0][0x0][0x0][0x0]D2024-07-24 02:31:00.765 UTC [48] LOG:  database system is shut down[\n]"
2024-07-24 14:31:00.766 [docker-java-stream-378382713] DEBUG c.g.d.z.s.o.a.hc.client5.http.wire - http-outgoing-25 << "[\r][\n]"
2024-07-24 14:31:00.771 [Test worker] DEBUG o.t.c.output.WaitingConsumer - STDOUT: 2024-07-24 02:31:00.765 UTC [48] LOG:  database system is shut down
2024-07-24 14:31:00.842 [docker-java-stream-378382713] DEBUG c.g.d.z.s.o.a.hc.client5.http.wire - http-outgoing-25 << "25[\r][\n]"
2024-07-24 14:31:00.842 [docker-java-stream-378382713] DEBUG c.g.d.z.s.o.a.hc.client5.http.wire - http-outgoing-25 << "[0x1][0x0][0x0][0x0][0x0][0x0][0x0][0x6] done[\n]"
2024-07-24 14:31:00.842 [docker-java-stream-378382713] DEBUG c.g.d.z.s.o.a.hc.client5.http.wire - http-outgoing-25 << "[0x1][0x0][0x0][0x0][0x0][0x0][0x0][0xf]server stopped[\n]"
2024-07-24 14:31:00.842 [docker-java-stream-378382713] DEBUG c.g.d.z.s.o.a.hc.client5.http.wire - http-outgoing-25 << "[\r][\n]"
2024-07-24 14:31:00.842 [Test worker] DEBUG o.t.c.output.WaitingConsumer - STDOUT: server stopped
2024-07-24 14:31:00.842 [Test worker] DEBUG o.t.c.output.WaitingConsumer - STDOUT:  done
2024-07-24 14:31:00.843 [docker-java-stream-378382713] DEBUG c.g.d.z.s.o.a.hc.client5.http.wire - http-outgoing-25 << "50[\r][\n]"
2024-07-24 14:31:00.843 [docker-java-stream-378382713] DEBUG c.g.d.z.s.o.a.hc.client5.http.wire - http-outgoing-25 << "[0x1][0x0][0x0][0x0][0x0][0x0][0x0][0x1][\n]"
2024-07-24 14:31:00.843 [docker-java-stream-378382713] DEBUG c.g.d.z.s.o.a.hc.client5.http.wire - http-outgoing-25 << "[0x1][0x0][0x0][0x0][0x0][0x0][0x0]6PostgreSQL init process complete; ready for start up.[\n]"
2024-07-24 14:31:00.843 [docker-java-stream-378382713] DEBUG c.g.d.z.s.o.a.hc.client5.http.wire - http-outgoing-25 << "[0x1][0x0][0x0][0x0][0x0][0x0][0x0][0x1][\n]"
2024-07-24 14:31:00.843 [docker-java-stream-378382713] DEBUG c.g.d.z.s.o.a.hc.client5.http.wire - http-outgoing-25 << "[\r][\n]"
2024-07-24 14:31:00.863 [Test worker] DEBUG o.t.c.output.WaitingConsumer - STDOUT: 
2024-07-24 14:31:00.863 [Test worker] DEBUG o.t.c.output.WaitingConsumer - STDOUT: PostgreSQL init process complete; ready for start up.
2024-07-24 14:31:00.863 [Test worker] DEBUG o.t.c.output.WaitingConsumer - STDOUT: 
2024-07-24 14:31:00.863 [docker-java-stream-378382713] DEBUG c.g.d.z.s.o.a.hc.client5.http.wire - http-outgoing-25 << "1cb[\r][\n]"
2024-07-24 14:31:00.863 [docker-java-stream-378382713] DEBUG c.g.d.z.s.o.a.hc.client5.http.wire - http-outgoing-25 << "[0x2][0x0][0x0][0x0][0x0][0x0][0x0][0xffffffa3]2024-07-24 02:31:00.862 UTC [1] LOG:  starting PostgreSQL 16.2 (Debian 16.2-1.pgdg120+2) on x86_64-pc-linux-gnu, compiled by gcc (Debian 12.2.0-14) 12.2.0, 64-bit[\n]"
2024-07-24 14:31:00.863 [docker-java-stream-378382713] DEBUG c.g.d.z.s.o.a.hc.client5.http.wire - http-outgoing-25 << "[0x2][0x0][0x0][0x0][0x0][0x0][0x0]U2024-07-24 02:31:00.862 UTC [1] LOG:  listening on IPv4 address "0.0.0.0", port 5432[\n]"
2024-07-24 14:31:00.863 [docker-java-stream-378382713] DEBUG c.g.d.z.s.o.a.hc.client5.http.wire - http-outgoing-25 << "[0x2][0x0][0x0][0x0][0x0][0x0][0x0]P2024-07-24 02:31:00.862 UTC [1] LOG:  listening on IPv6 address "::", port 5432[\n]"
2024-07-24 14:31:00.863 [docker-java-stream-378382713] DEBUG c.g.d.z.s.o.a.hc.client5.http.wire - http-outgoing-25 << "[0x2][0x0][0x0][0x0][0x0][0x0][0x0]c2024-07-24 02:31:00.862 UTC [1] LOG:  listening on Unix socket "/var/run/postgresql/.s.PGSQL.5432"[\n]"
2024-07-24 14:31:00.863 [docker-java-stream-378382713] DEBUG c.g.d.z.s.o.a.hc.client5.http.wire - http-outgoing-25 << "[\r][\n]"
2024-07-24 14:31:00.865 [docker-java-stream-378382713] DEBUG c.g.d.z.s.o.a.hc.client5.http.wire - http-outgoing-25 << "68[\r][\n]"
2024-07-24 14:31:00.865 [docker-java-stream-378382713] DEBUG c.g.d.z.s.o.a.hc.client5.http.wire - http-outgoing-25 << "[0x2][0x0][0x0][0x0][0x0][0x0][0x0]`2024-07-24 02:31:00.865 UTC [64] LOG:  database system was shut down at 2024-07-24 02:31:00 UTC[\n]"
2024-07-24 14:31:00.865 [docker-java-stream-378382713] DEBUG c.g.d.z.s.o.a.hc.client5.http.wire - http-outgoing-25 << "[\r][\n]"
2024-07-24 14:31:00.869 [docker-java-stream-378382713] DEBUG c.g.d.z.s.o.a.hc.client5.http.wire - http-outgoing-25 << "5d[\r][\n]"
2024-07-24 14:31:00.869 [docker-java-stream-378382713] DEBUG c.g.d.z.s.o.a.hc.client5.http.wire - http-outgoing-25 << "[0x2][0x0][0x0][0x0][0x0][0x0][0x0]U2024-07-24 02:31:00.869 UTC [1] LOG:  database system is ready to accept connections[\n]"
2024-07-24 14:31:00.869 [docker-java-stream-378382713] DEBUG c.g.d.z.s.o.a.hc.client5.http.wire - http-outgoing-25 << "[\r][\n]"
2024-07-24 14:31:00.878 [Test worker] DEBUG o.t.c.output.WaitingConsumer - STDERR: 2024-07-24 02:31:00.869 UTC [1] LOG:  database system is ready to accept connections
2024-07-24 14:31:00.878 [Test worker] DEBUG c.g.d.z.s.o.a.h.c.h.i.c.InternalHttpClient - ep-00000116: cancel
2024-07-24 14:31:00.878 [Test worker] DEBUG c.g.d.z.s.o.a.h.c.h.i.i.DefaultManagedHttpClientConnection - http-outgoing-25: close connection IMMEDIATE
2024-07-24 14:31:00.878 [Test worker] DEBUG c.g.d.z.s.o.a.h.c.h.i.c.InternalHttpClient - ep-00000116: endpoint closed
2024-07-24 14:31:00.878 [Test worker] DEBUG c.g.d.z.s.o.a.h.c.h.i.c.InternalHttpClient - ep-00000116: discarding endpoint
2024-07-24 14:31:00.878 [Test worker] DEBUG c.g.d.z.s.o.a.h.c.h.i.i.PoolingHttpClientConnectionManager - ep-00000116: releasing endpoint
2024-07-24 14:31:00.878 [Test worker] DEBUG c.g.d.z.s.o.a.h.c.h.i.i.PoolingHttpClientConnectionManager - ep-00000116: connection is not kept alive
2024-07-24 14:31:00.878 [Test worker] DEBUG c.g.d.z.s.o.a.h.c.h.i.i.PoolingHttpClientConnectionManager - ep-00000116: connection released [route: {}->npipe://localhost:2375][total available: 0; route allocated: 0 of 2147483647; total allocated: 0 of 2147483647]
2024-07-24 14:31:00.878 [docker-java-stream-378382713] DEBUG c.g.d.z.s.o.a.hc.client5.http.wire - http-outgoing-25 << "end of stream"
2024-07-24 14:31:00.879 [Test worker] DEBUG c.g.d.z.s.o.a.hc.client5.http.wire - http-outgoing-25 << "[read] I/O error: java.nio.channels.ClosedChannelException"
2024-07-24 14:31:00.879 [docker-java-stream-378382713] DEBUG c.g.d.z.s.o.a.hc.client5.http.wire - http-outgoing-25 << "[read] I/O error: java.nio.channels.ClosedChannelException"
2024-07-24 14:31:00.879 [docker-java-stream-378382713] DEBUG c.g.d.z.ApacheDockerHttpClientImpl$ApacheResponse - Failed to close the response
java.io.IOException: java.nio.channels.ClosedChannelException
	at java.base/java.nio.channels.Channels$2.read(Channels.java:240)
	at com.github.dockerjava.zerodep.shaded.org.apache.hc.client5.http.impl.io.LoggingInputStream.read(LoggingInputStream.java:81)
	at com.github.dockerjava.zerodep.shaded.org.apache.hc.core5.http.impl.io.SessionInputBufferImpl.fillBuffer(SessionInputBufferImpl.java:149)
	at com.github.dockerjava.zerodep.shaded.org.apache.hc.core5.http.impl.io.SessionInputBufferImpl.readLine(SessionInputBufferImpl.java:280)
	at com.github.dockerjava.zerodep.shaded.org.apache.hc.core5.http.impl.io.ChunkedInputStream.getChunkSize(ChunkedInputStream.java:261)
	at com.github.dockerjava.zerodep.shaded.org.apache.hc.core5.http.impl.io.ChunkedInputStream.nextChunk(ChunkedInputStream.java:222)
	at com.github.dockerjava.zerodep.shaded.org.apache.hc.core5.http.impl.io.ChunkedInputStream.read(ChunkedInputStream.java:147)
	at com.github.dockerjava.zerodep.shaded.org.apache.hc.core5.http.impl.io.ChunkedInputStream.close(ChunkedInputStream.java:314)
	at com.github.dockerjava.zerodep.shaded.org.apache.hc.core5.io.Closer.close(Closer.java:48)
	at com.github.dockerjava.zerodep.shaded.org.apache.hc.core5.http.impl.io.IncomingHttpEntity.close(IncomingHttpEntity.java:111)
	at com.github.dockerjava.zerodep.shaded.org.apache.hc.core5.http.io.entity.HttpEntityWrapper.close(HttpEntityWrapper.java:120)
	at com.github.dockerjava.zerodep.shaded.org.apache.hc.core5.io.Closer.close(Closer.java:48)
	at com.github.dockerjava.zerodep.shaded.org.apache.hc.core5.http.message.BasicClassicHttpResponse.close(BasicClassicHttpResponse.java:93)
	at com.github.dockerjava.zerodep.shaded.org.apache.hc.client5.http.impl.classic.CloseableHttpResponse.close(CloseableHttpResponse.java:200)
	at com.github.dockerjava.zerodep.ApacheDockerHttpClientImpl$ApacheResponse.close(ApacheDockerHttpClientImpl.java:271)
	at org.testcontainers.shaded.com.github.dockerjava.core.DefaultInvocationBuilder.lambda$executeAndStream$1(DefaultInvocationBuilder.java:277)
	at java.base/java.lang.Thread.run(Thread.java:833)
Caused by: java.nio.channels.ClosedChannelException: null
	at java.base/sun.nio.ch.WindowsAsynchronousFileChannelImpl.implRead(WindowsAsynchronousFileChannelImpl.java:516)
	at java.base/sun.nio.ch.AsynchronousFileChannelImpl.read(AsynchronousFileChannelImpl.java:229)
	at com.github.dockerjava.transport.NamedPipeSocket$AsynchronousFileByteChannel.read(NamedPipeSocket.java:117)
	at java.base/java.nio.channels.Channels$2.read(Channels.java:238)
	... 16 common frames omitted
2024-07-24 14:31:00.879 [Test worker] DEBUG c.g.d.z.ApacheDockerHttpClientImpl$ApacheResponse - Failed to close the response
java.io.IOException: java.nio.channels.ClosedChannelException
	at java.base/java.nio.channels.Channels$2.read(Channels.java:240)
	at com.github.dockerjava.zerodep.shaded.org.apache.hc.client5.http.impl.io.LoggingInputStream.read(LoggingInputStream.java:81)
	at com.github.dockerjava.zerodep.shaded.org.apache.hc.core5.http.impl.io.SessionInputBufferImpl.fillBuffer(SessionInputBufferImpl.java:149)
	at com.github.dockerjava.zerodep.shaded.org.apache.hc.core5.http.impl.io.SessionInputBufferImpl.readLine(SessionInputBufferImpl.java:280)
	at com.github.dockerjava.zerodep.shaded.org.apache.hc.core5.http.impl.io.ChunkedInputStream.getChunkSize(ChunkedInputStream.java:261)
	at com.github.dockerjava.zerodep.shaded.org.apache.hc.core5.http.impl.io.ChunkedInputStream.nextChunk(ChunkedInputStream.java:222)
	at com.github.dockerjava.zerodep.shaded.org.apache.hc.core5.http.impl.io.ChunkedInputStream.read(ChunkedInputStream.java:147)
	at com.github.dockerjava.zerodep.shaded.org.apache.hc.core5.http.impl.io.ChunkedInputStream.close(ChunkedInputStream.java:314)
	at com.github.dockerjava.zerodep.shaded.org.apache.hc.core5.io.Closer.close(Closer.java:48)
	at com.github.dockerjava.zerodep.shaded.org.apache.hc.core5.http.impl.io.IncomingHttpEntity.close(IncomingHttpEntity.java:111)
	at com.github.dockerjava.zerodep.shaded.org.apache.hc.core5.http.io.entity.HttpEntityWrapper.close(HttpEntityWrapper.java:120)
	at com.github.dockerjava.zerodep.shaded.org.apache.hc.core5.io.Closer.close(Closer.java:48)
	at com.github.dockerjava.zerodep.shaded.org.apache.hc.core5.http.message.BasicClassicHttpResponse.close(BasicClassicHttpResponse.java:93)
	at com.github.dockerjava.zerodep.shaded.org.apache.hc.client5.http.impl.classic.CloseableHttpResponse.close(CloseableHttpResponse.java:200)
	at com.github.dockerjava.zerodep.ApacheDockerHttpClientImpl$ApacheResponse.close(ApacheDockerHttpClientImpl.java:271)
	at org.testcontainers.shaded.com.github.dockerjava.core.DefaultInvocationBuilder.lambda$null$0(DefaultInvocationBuilder.java:272)
	at com.github.dockerjava.api.async.ResultCallbackTemplate.close(ResultCallbackTemplate.java:77)
	at org.testcontainers.containers.output.FrameConsumerResultCallback.close(FrameConsumerResultCallback.java:69)
	at org.testcontainers.containers.wait.strategy.LogMessageWaitStrategy.waitUntilReady(LogMessageWaitStrategy.java:49)
	at org.testcontainers.containers.wait.strategy.AbstractWaitStrategy.waitUntilReady(AbstractWaitStrategy.java:52)
	at org.testcontainers.containers.PostgreSQLContainer.waitUntilContainerStarted(PostgreSQLContainer.java:149)
	at org.testcontainers.containers.GenericContainer.tryStart(GenericContainer.java:500)
	at org.testcontainers.containers.GenericContainer.lambda$doStart$0(GenericContainer.java:354)
	at org.rnorth.ducttape.unreliables.Unreliables.retryUntilSuccess(Unreliables.java:81)
	at org.testcontainers.containers.GenericContainer.doStart(GenericContainer.java:344)
	at org.testcontainers.containers.GenericContainer.start(GenericContainer.java:330)
	at com.unitedApi.WorkedOnDAOTest.<init>(WorkedOnDAOTest.kt:59)
	at java.base/jdk.internal.reflect.NativeConstructorAccessorImpl.newInstance0(Native Method)
	at java.base/jdk.internal.reflect.NativeConstructorAccessorImpl.newInstance(NativeConstructorAccessorImpl.java:77)
	at java.base/jdk.internal.reflect.DelegatingConstructorAccessorImpl.newInstance(DelegatingConstructorAccessorImpl.java:45)
	at java.base/java.lang.reflect.Constructor.newInstanceWithCaller(Constructor.java:499)
	at java.base/java.lang.reflect.Constructor.newInstance(Constructor.java:480)
	at org.junit.runners.BlockJUnit4ClassRunner.createTest(BlockJUnit4ClassRunner.java:250)
	at org.junit.runners.BlockJUnit4ClassRunner.createTest(BlockJUnit4ClassRunner.java:260)
	at org.junit.runners.BlockJUnit4ClassRunner$2.runReflectiveCall(BlockJUnit4ClassRunner.java:309)
	at org.junit.internal.runners.model.ReflectiveCallable.run(ReflectiveCallable.java:12)
	at org.junit.runners.BlockJUnit4ClassRunner.methodBlock(BlockJUnit4ClassRunner.java:306)
	at org.junit.runners.BlockJUnit4ClassRunner$1.evaluate(BlockJUnit4ClassRunner.java:100)
	at org.junit.runners.ParentRunner.runLeaf(ParentRunner.java:366)
	at org.junit.runners.BlockJUnit4ClassRunner.runChild(BlockJUnit4ClassRunner.java:103)
	at org.junit.runners.BlockJUnit4ClassRunner.runChild(BlockJUnit4ClassRunner.java:63)
	at org.junit.runners.ParentRunner$4.run(ParentRunner.java:331)
	at org.junit.runners.ParentRunner$1.schedule(ParentRunner.java:79)
	at org.junit.runners.ParentRunner.runChildren(ParentRunner.java:329)
	at org.junit.runners.ParentRunner.access$100(ParentRunner.java:66)
	at org.junit.runners.ParentRunner$2.evaluate(ParentRunner.java:293)
	at org.junit.runners.ParentRunner$3.evaluate(ParentRunner.java:306)
	at org.junit.runners.ParentRunner.run(ParentRunner.java:413)
	at org.gradle.api.internal.tasks.testing.junit.JUnitTestClassExecutor.runTestClass(JUnitTestClassExecutor.java:112)
	at org.gradle.api.internal.tasks.testing.junit.JUnitTestClassExecutor.execute(JUnitTestClassExecutor.java:58)
	at org.gradle.api.internal.tasks.testing.junit.JUnitTestClassExecutor.execute(JUnitTestClassExecutor.java:40)
	at org.gradle.api.internal.tasks.testing.junit.AbstractJUnitTestClassProcessor.processTestClass(AbstractJUnitTestClassProcessor.java:60)
	at org.gradle.api.internal.tasks.testing.SuiteTestClassProcessor.processTestClass(SuiteTestClassProcessor.java:52)
	at java.base/jdk.internal.reflect.NativeMethodAccessorImpl.invoke0(Native Method)
	at java.base/jdk.internal.reflect.NativeMethodAccessorImpl.invoke(NativeMethodAccessorImpl.java:77)
	at java.base/jdk.internal.reflect.DelegatingMethodAccessorImpl.invoke(DelegatingMethodAccessorImpl.java:43)
	at java.base/java.lang.reflect.Method.invoke(Method.java:568)
	at org.gradle.internal.dispatch.ReflectionDispatch.dispatch(ReflectionDispatch.java:36)
	at org.gradle.internal.dispatch.ReflectionDispatch.dispatch(ReflectionDispatch.java:24)
	at org.gradle.internal.dispatch.ContextClassLoaderDispatch.dispatch(ContextClassLoaderDispatch.java:33)
	at org.gradle.internal.dispatch.ProxyDispatchAdapter$DispatchingInvocationHandler.invoke(ProxyDispatchAdapter.java:94)
	at jdk.proxy1/jdk.proxy1.$Proxy2.processTestClass(Unknown Source)
	at org.gradle.api.internal.tasks.testing.worker.TestWorker$2.run(TestWorker.java:176)
	at org.gradle.api.internal.tasks.testing.worker.TestWorker.executeAndMaintainThreadName(TestWorker.java:129)
	at org.gradle.api.internal.tasks.testing.worker.TestWorker.execute(TestWorker.java:100)
	at org.gradle.api.internal.tasks.testing.worker.TestWorker.execute(TestWorker.java:60)
	at org.gradle.process.internal.worker.child.ActionExecutionWorker.execute(ActionExecutionWorker.java:56)
	at org.gradle.process.internal.worker.child.SystemApplicationClassLoaderWorker.call(SystemApplicationClassLoaderWorker.java:113)
	at org.gradle.process.internal.worker.child.SystemApplicationClassLoaderWorker.call(SystemApplicationClassLoaderWorker.java:65)
	at worker.org.gradle.process.internal.worker.GradleWorkerMain.run(GradleWorkerMain.java:69)
	at worker.org.gradle.process.internal.worker.GradleWorkerMain.main(GradleWorkerMain.java:74)
Caused by: java.nio.channels.ClosedChannelException: null
	at java.base/sun.nio.ch.WindowsAsynchronousFileChannelImpl.implRead(WindowsAsynchronousFileChannelImpl.java:516)
	at java.base/sun.nio.ch.AsynchronousFileChannelImpl.read(AsynchronousFileChannelImpl.java:229)
	at com.github.dockerjava.transport.NamedPipeSocket$AsynchronousFileByteChannel.read(NamedPipeSocket.java:117)
	at java.base/java.nio.channels.Channels$2.read(Channels.java:238)
	... 70 common frames omitted
2024-07-24 14:31:00.879 [Test worker] INFO  tc.postgres:latest - Container postgres:latest started in PT1.7152426S
2024-07-24 14:31:00.879 [Test worker] INFO  tc.postgres:latest - Container is started (JDBC URL: jdbc:postgresql://localhost:51590/db?loggerLevel=OFF)
2024-07-24 14:31:00.880 [Test worker] INFO  org.testcontainers.ext.ScriptUtils - Executing database script from sql/init.sql
2024-07-24 14:31:00.881 [Test worker] DEBUG o.t.s.c.g.d.c.command.AbstrDockerCmd - Cmd: 5f4d55e5257be669e343838a682bd54d001a3562308fe5c6c2f77e24fc4a6799,false
2024-07-24 14:31:00.881 [Test worker] DEBUG o.t.s.c.g.d.c.e.InspectContainerCmdExec - GET: DefaultWebTarget{path=[/containers/5f4d55e5257be669e343838a682bd54d001a3562308fe5c6c2f77e24fc4a6799/json], queryParams={}}
2024-07-24 14:31:00.881 [Test worker] DEBUG c.g.d.z.s.o.a.h.c.h.i.c.InternalHttpClient - ex-00000118: preparing request execution
2024-07-24 14:31:00.881 [Test worker] DEBUG c.g.d.z.s.o.a.h.c.h.p.RequestAddCookies - Cookie spec selected: strict
2024-07-24 14:31:00.881 [Test worker] DEBUG c.g.d.z.s.o.a.h.c.h.p.RequestAuthCache - Auth cache not set in the context
2024-07-24 14:31:00.881 [Test worker] DEBUG c.g.d.z.s.o.a.h.c.h.i.c.ProtocolExec - ex-00000118: target auth state: UNCHALLENGED
2024-07-24 14:31:00.881 [Test worker] DEBUG c.g.d.z.s.o.a.h.c.h.i.c.ProtocolExec - ex-00000118: proxy auth state: UNCHALLENGED
2024-07-24 14:31:00.881 [Test worker] DEBUG c.g.d.z.s.o.a.h.c.h.i.c.ConnectExec - ex-00000118: acquiring connection with route {}->npipe://localhost:2375
2024-07-24 14:31:00.881 [Test worker] DEBUG c.g.d.z.s.o.a.h.c.h.i.c.InternalHttpClient - ex-00000118: acquiring endpoint (3 MINUTES)
2024-07-24 14:31:00.881 [Test worker] DEBUG c.g.d.z.s.o.a.h.c.h.i.i.PoolingHttpClientConnectionManager - ex-00000118: endpoint lease request (3 MINUTES) [route: {}->npipe://localhost:2375][total available: 0; route allocated: 0 of 2147483647; total allocated: 0 of 2147483647]
2024-07-24 14:31:00.881 [Test worker] DEBUG c.g.d.z.s.o.a.h.c.h.i.i.PoolingHttpClientConnectionManager - ex-00000118: endpoint leased [route: {}->npipe://localhost:2375][total available: 0; route allocated: 1 of 2147483647; total allocated: 1 of 2147483647]
2024-07-24 14:31:00.881 [Test worker] DEBUG c.g.d.z.s.o.a.h.c.h.i.i.PoolingHttpClientConnectionManager - ex-00000118: acquired ep-00000117
2024-07-24 14:31:00.881 [Test worker] DEBUG c.g.d.z.s.o.a.h.c.h.i.c.InternalHttpClient - ex-00000118: acquired endpoint ep-00000117
2024-07-24 14:31:00.881 [Test worker] DEBUG c.g.d.z.s.o.a.h.c.h.i.c.ConnectExec - ex-00000118: opening connection {}->npipe://localhost:2375
2024-07-24 14:31:00.881 [Test worker] DEBUG c.g.d.z.s.o.a.h.c.h.i.c.InternalHttpClient - ep-00000117: connecting endpoint (3 MINUTES)
2024-07-24 14:31:00.881 [Test worker] DEBUG c.g.d.z.s.o.a.h.c.h.i.i.PoolingHttpClientConnectionManager - ep-00000117: connecting endpoint to npipe://localhost:2375 (3 MINUTES)
2024-07-24 14:31:00.882 [Test worker] DEBUG c.g.d.z.s.o.a.h.c.h.i.i.DefaultHttpClientConnectionOperator - http-outgoing-26: connecting to localhost/127.0.0.1:2375
2024-07-24 14:31:00.882 [Test worker] DEBUG c.g.d.z.s.o.a.h.c.h.i.i.DefaultHttpClientConnectionOperator - http-outgoing-26: connection established 
2024-07-24 14:31:00.882 [Test worker] DEBUG c.g.d.z.s.o.a.h.c.h.i.i.PoolingHttpClientConnectionManager - ep-00000117: connected http-outgoing-26
2024-07-24 14:31:00.882 [Test worker] DEBUG c.g.d.z.s.o.a.h.c.h.i.c.InternalHttpClient - ep-00000117: endpoint connected
2024-07-24 14:31:00.882 [Test worker] DEBUG c.g.d.z.s.o.a.h.c.h.i.c.MainClientExec - ex-00000118: executing GET /v1.32/containers/5f4d55e5257be669e343838a682bd54d001a3562308fe5c6c2f77e24fc4a6799/json HTTP/1.1
2024-07-24 14:31:00.882 [Test worker] DEBUG c.g.d.z.s.o.a.h.c.h.i.c.InternalHttpClient - ep-00000117: start execution ex-00000118
2024-07-24 14:31:00.882 [Test worker] DEBUG c.g.d.z.s.o.a.h.c.h.i.i.PoolingHttpClientConnectionManager - ep-00000117: executing exchange ex-00000118 over http-outgoing-26
2024-07-24 14:31:00.882 [Test worker] DEBUG c.g.d.z.s.o.a.h.client5.http.headers - http-outgoing-26 >> GET /v1.32/containers/5f4d55e5257be669e343838a682bd54d001a3562308fe5c6c2f77e24fc4a6799/json HTTP/1.1
2024-07-24 14:31:00.882 [Test worker] DEBUG c.g.d.z.s.o.a.h.client5.http.headers - http-outgoing-26 >> accept: application/json
2024-07-24 14:31:00.882 [Test worker] DEBUG c.g.d.z.s.o.a.h.client5.http.headers - http-outgoing-26 >> x-tc-sid: 280e6229-7396-4d60-b1e3-a5de48b5d49b
2024-07-24 14:31:00.882 [Test worker] DEBUG c.g.d.z.s.o.a.h.client5.http.headers - http-outgoing-26 >> User-Agent: tc-java/1.19.8
2024-07-24 14:31:00.882 [Test worker] DEBUG c.g.d.z.s.o.a.h.client5.http.headers - http-outgoing-26 >> Accept-Encoding: gzip, x-gzip, deflate
2024-07-24 14:31:00.882 [Test worker] DEBUG c.g.d.z.s.o.a.h.client5.http.headers - http-outgoing-26 >> Host: localhost:2375
2024-07-24 14:31:00.882 [Test worker] DEBUG c.g.d.z.s.o.a.h.client5.http.headers - http-outgoing-26 >> Connection: keep-alive
2024-07-24 14:31:00.882 [Test worker] DEBUG c.g.d.z.s.o.a.hc.client5.http.wire - http-outgoing-26 >> "GET /v1.32/containers/5f4d55e5257be669e343838a682bd54d001a3562308fe5c6c2f77e24fc4a6799/json HTTP/1.1[\r][\n]"
2024-07-24 14:31:00.882 [Test worker] DEBUG c.g.d.z.s.o.a.hc.client5.http.wire - http-outgoing-26 >> "accept: application/json[\r][\n]"
2024-07-24 14:31:00.882 [Test worker] DEBUG c.g.d.z.s.o.a.hc.client5.http.wire - http-outgoing-26 >> "x-tc-sid: 280e6229-7396-4d60-b1e3-a5de48b5d49b[\r][\n]"
2024-07-24 14:31:00.882 [Test worker] DEBUG c.g.d.z.s.o.a.hc.client5.http.wire - http-outgoing-26 >> "User-Agent: tc-java/1.19.8[\r][\n]"
2024-07-24 14:31:00.882 [Test worker] DEBUG c.g.d.z.s.o.a.hc.client5.http.wire - http-outgoing-26 >> "Accept-Encoding: gzip, x-gzip, deflate[\r][\n]"
2024-07-24 14:31:00.882 [Test worker] DEBUG c.g.d.z.s.o.a.hc.client5.http.wire - http-outgoing-26 >> "Host: localhost:2375[\r][\n]"
2024-07-24 14:31:00.882 [Test worker] DEBUG c.g.d.z.s.o.a.hc.client5.http.wire - http-outgoing-26 >> "Connection: keep-alive[\r][\n]"
2024-07-24 14:31:00.882 [Test worker] DEBUG c.g.d.z.s.o.a.hc.client5.http.wire - http-outgoing-26 >> "[\r][\n]"
2024-07-24 14:31:00.885 [Test worker] DEBUG c.g.d.z.s.o.a.hc.client5.http.wire - http-outgoing-26 << "HTTP/1.1 200 OK[\r][\n]"
2024-07-24 14:31:00.885 [Test worker] DEBUG c.g.d.z.s.o.a.hc.client5.http.wire - http-outgoing-26 << "Api-Version: 1.45[\r][\n]"
2024-07-24 14:31:00.885 [Test worker] DEBUG c.g.d.z.s.o.a.hc.client5.http.wire - http-outgoing-26 << "Content-Type: application/json[\r][\n]"
2024-07-24 14:31:00.885 [Test worker] DEBUG c.g.d.z.s.o.a.hc.client5.http.wire - http-outgoing-26 << "Date: Wed, 24 Jul 2024 02:31:00 GMT[\r][\n]"
2024-07-24 14:31:00.885 [Test worker] DEBUG c.g.d.z.s.o.a.hc.client5.http.wire - http-outgoing-26 << "Docker-Experimental: false[\r][\n]"
2024-07-24 14:31:00.885 [Test worker] DEBUG c.g.d.z.s.o.a.hc.client5.http.wire - http-outgoing-26 << "Ostype: linux[\r][\n]"
2024-07-24 14:31:00.885 [Test worker] DEBUG c.g.d.z.s.o.a.hc.client5.http.wire - http-outgoing-26 << "Server: Docker/26.0.0 (linux)[\r][\n]"
2024-07-24 14:31:00.885 [Test worker] DEBUG c.g.d.z.s.o.a.hc.client5.http.wire - http-outgoing-26 << "Transfer-Encoding: chunked[\r][\n]"
2024-07-24 14:31:00.885 [Test worker] DEBUG c.g.d.z.s.o.a.hc.client5.http.wire - http-outgoing-26 << "[\r][\n]"
2024-07-24 14:31:00.885 [Test worker] DEBUG c.g.d.z.s.o.a.h.client5.http.headers - http-outgoing-26 << HTTP/1.1 200 OK
2024-07-24 14:31:00.885 [Test worker] DEBUG c.g.d.z.s.o.a.h.client5.http.headers - http-outgoing-26 << Api-Version: 1.45
2024-07-24 14:31:00.885 [Test worker] DEBUG c.g.d.z.s.o.a.h.client5.http.headers - http-outgoing-26 << Content-Type: application/json
2024-07-24 14:31:00.885 [Test worker] DEBUG c.g.d.z.s.o.a.h.client5.http.headers - http-outgoing-26 << Date: Wed, 24 Jul 2024 02:31:00 GMT
2024-07-24 14:31:00.885 [Test worker] DEBUG c.g.d.z.s.o.a.h.client5.http.headers - http-outgoing-26 << Docker-Experimental: false
2024-07-24 14:31:00.885 [Test worker] DEBUG c.g.d.z.s.o.a.h.client5.http.headers - http-outgoing-26 << Ostype: linux
2024-07-24 14:31:00.885 [Test worker] DEBUG c.g.d.z.s.o.a.h.client5.http.headers - http-outgoing-26 << Server: Docker/26.0.0 (linux)
2024-07-24 14:31:00.885 [Test worker] DEBUG c.g.d.z.s.o.a.h.client5.http.headers - http-outgoing-26 << Transfer-Encoding: chunked
2024-07-24 14:31:00.885 [Test worker] DEBUG c.g.d.z.s.o.a.h.c.h.i.c.MainClientExec - ex-00000118: connection can be kept alive for 3 MINUTES
2024-07-24 14:31:00.886 [Test worker] DEBUG c.g.d.z.s.o.a.hc.client5.http.wire - http-outgoing-26 << "1a37[\r][\n]"
2024-07-24 14:31:00.887 [Test worker] DEBUG c.g.d.z.s.o.a.hc.client5.http.wire - http-outgoing-26 << "{"Id":"5f4d55e5257be669e343838a682bd54d001a3562308fe5c6c2f77e24fc4a6799","Created":"2024-07-24T02:30:59.173366142Z","Path":"docker-entrypoint.sh","Args":["postgres","-c","fsync=off"],"State":{"Status":"running","Running":true,"Paused":false,"Restarting":false,"OOMKilled":false,"Dead":false,"Pid":31344,"ExitCode":0,"Error":"","StartedAt":"2024-07-24T02:30:59.597534643Z","FinishedAt":"0001-01-01T00:00:00Z"},"Image":"sha256:8e4fc9e184899a58735e7ee333f5e272d7d2298cf59302006b71f33e217be130","ResolvConfPath":"/var/lib/docker/containers/5f4d55e5257be669e343838a682bd54d001a3562308fe5c6c2f77e24fc4a6799/resolv.conf","HostnamePath":"/var/lib/docker/containers/5f4d55e5257be669e343838a682bd54d001a3562308fe5c6c2f77e24fc4a6799/hostname","HostsPath":"/var/lib/docker/containers/5f4d55e5257be669e343838a682bd54d001a3562308fe5c6c2f77e24fc4a6799/hosts","LogPath":"/var/lib/docker/containers/5f4d55e5257be669e343838a682bd54d001a3562308fe5c6c2f77e24fc4a6799/5f4d55e5257be669e343838a682bd54d001a3562308fe5c6c2f77e24fc4a6799-json.log","Name":"/blissful_rubin","RestartCount":0,"Driver":"overlay2","Platform":"linux","MountLabel":"","ProcessLabel":"","AppArmorProfile":"","ExecIDs":null,"HostConfig":{"Binds":[],"ContainerIDFile":"","LogConfig":{"Type":"json-file","Config":{}},"NetworkMode":"default","PortBindings":{"5432/tcp":[{"HostIp":"0.0.0.0","HostPort":"0"}]},"RestartPolicy":{"Name":"no","MaximumRetryCount":0},"AutoRemove":false,"VolumeDriver":"","VolumesFrom":[],"ConsoleSize":[0,0],"CapAdd":null,"CapDrop":null,"CgroupnsMode":"host","Dns":null,"DnsOptions":null,"DnsSearch":null,"ExtraHosts":[],"GroupAdd":null,"IpcMode":"shareable","Cgroup":"","Links":null,"OomScoreAdj":0,"PidMode":"","Privileged":false,"PublishAllPorts":false,"ReadonlyRootfs":false,"SecurityOpt":null,"UTSMode":"","UsernsMode":"","ShmSize":67108864,"Runtime":"runc","Isolation":"","CpuShares":0,"Memory":0,"NanoCpus":0,"CgroupParent":"","BlkioWeight":0,"BlkioWeightDevice":null,"BlkioDeviceReadBps":null,"BlkioDeviceWriteBps":null,"BlkioDeviceReadIOps":null,"BlkioDeviceWriteIOps":null,"CpuPeriod":0,"CpuQuota":0,"CpuRealtimePeriod":0,"CpuRealtimeRuntime":0,"CpusetCpus":"","CpusetMems":"","Devices":null,"DeviceCgroupRules":null,"DeviceRequests":null,"MemoryReservation":0,"MemorySwap":0,"MemorySwappiness":null,"OomKillDisable":false,"PidsLimit":null,"Ulimits":null,"CpuCount":0,"CpuPercent":0,"IOMaximumIOps":0,"IOMaximumBandwidth":0,"MaskedPaths":["/proc/asound","/proc/acpi","/proc/kcore","/proc/keys","/proc/latency_stats","/proc/timer_list","/proc/timer_stats","/proc/sched_debug","/proc/scsi","/sys/firmware","/sys/devices/virtual/powercap"],"ReadonlyPaths":["/proc/bus","/proc/fs","/proc/irq","/proc/sys","/proc/sysrq-trigger"]},"GraphDriver":{"Data":{"LowerDir":"/var/lib/docker/overlay2/9b22f2c004b1a68801f4d211f8d9c2138932db07db826252202a3c88dbd97f7b-init/diff:/var/lib/docker/overlay2/8f0ddbd386af0785c2e348570516955816ab350305d698d363962d488eeb15ec/diff:/var/lib/docker/overlay2/0eb0ca73e9b0be7c3d7fa8762ef4778a68f38391bc84c037c2e90b88e781b475/diff:/var/lib/docker/overlay2/74e634bddc785c5d436b10a5158cd82e21dc2065fd1cf8ff9c1c12e01575a2d8/diff:/var/lib/docker/overlay2/bb918b2851cd2f508f1e3fdbfff8b7f8b041d61e65fe8c368288bf399e80b818/diff:/var/lib/docker/overlay2/2abab2946cbdc2941ee8ec4024c51dac7313dee9de5fbedd1ca33388c59eb3c8/diff:/var/lib/docker/overlay2/e12f6083ee669bd92743ceb339a896bb25dbe461b718705bb39eb410b80c0ecd/diff:/var/lib/docker/overlay2/ced1e86d670d097da5ed4da7288c22507735918959161c2cd8bf083fb30d169a/diff:/var/lib/docker/overlay2/94e9ac7b74923285ae73af20aeccb964ca9079e2305db367cb85d1603560472d/diff:/var/lib/docker/overlay2/a396b6dfd63f0c228c519871183c614cccf4d366a43460f27ecf97113c3c4be8/diff:/var/lib/docker/overlay2/f58ada5d5080c2bac553c734f81127660a90581a35ed2a92cebe3c59e340875b/diff:/var/lib/docker/overlay2/84f85636f37bf55d945e217b4f87a856eba7932284beaf042561007b66f48977/diff:/var/lib/docker/overlay2/1e6e519613884e91a2b74a588ba35dc8a2f789371ab798ef6e7d9836d756042f/diff:/var/lib/docker/overlay2/14a3151cc8b4f9d27d2e64f1a8abc0c7809309580f2d7e8dc8545055c1d56194/diff:/var/lib/dock"
2024-07-24 14:31:00.887 [Test worker] DEBUG c.g.d.z.s.o.a.hc.client5.http.wire - http-outgoing-26 << "er/overlay2/5b354b9e793401517fe2f1da697653fdaadffc54888eaf76d67e0600b8c68bdc/diff","MergedDir":"/var/lib/docker/overlay2/9b22f2c004b1a68801f4d211f8d9c2138932db07db826252202a3c88dbd97f7b/merged","UpperDir":"/var/lib/docker/overlay2/9b22f2c004b1a68801f4d211f8d9c2138932db07db826252202a3c88dbd97f7b/diff","WorkDir":"/var/lib/docker/overlay2/9b22f2c004b1a68801f4d211f8d9c2138932db07db826252202a3c88dbd97f7b/work"},"Name":"overlay2"},"Mounts":[{"Type":"volume","Name":"c4b690040fc7a29e91ad45584a210d188670456431d7791833c1fd775ef056c1","Source":"/var/lib/docker/volumes/c4b690040fc7a29e91ad45584a210d188670456431d7791833c1fd775ef056c1/_data","Destination":"/var/lib/postgresql/data","Driver":"local","Mode":"","RW":true,"Propagation":""}],"Config":{"Hostname":"5f4d55e5257b","Domainname":"","User":"","AttachStdin":false,"AttachStdout":false,"AttachStderr":false,"ExposedPorts":{"5432/tcp":{}},"Tty":false,"OpenStdin":false,"StdinOnce":false,"Env":["POSTGRES_USER=user","POSTGRES_PASSWORD=password","POSTGRES_DB=db","PATH=/usr/local/sbin:/usr/local/bin:/usr/sbin:/usr/bin:/sbin:/bin:/usr/lib/postgresql/16/bin","GOSU_VERSION=1.17","LANG=en_US.utf8","PG_MAJOR=16","PG_VERSION=16.2-1.pgdg120+2","PGDATA=/var/lib/postgresql/data"],"Cmd":["postgres","-c","fsync=off"],"Image":"postgres:latest","Volumes":{"/var/lib/postgresql/data":{}},"WorkingDir":"","Entrypoint":["docker-entrypoint.sh"],"OnBuild":null,"Labels":{"org.testcontainers":"true","org.testcontainers.lang":"java","org.testcontainers.sessionId":"280e6229-7396-4d60-b1e3-a5de48b5d49b","org.testcontainers.version":"1.19.8"},"StopSignal":"SIGINT"},"NetworkSettings":{"Bridge":"","SandboxID":"663f156df93b31963aa05f980439c40305f1fc475b2989f4ef0518206bdc45ba","SandboxKey":"/var/run/docker/netns/663f156df93b","Ports":{"5432/tcp":[{"HostIp":"0.0.0.0","HostPort":"51590"}]},"HairpinMode":false,"LinkLocalIPv6Address":"","LinkLocalIPv6PrefixLen":0,"SecondaryIPAddresses":null,"SecondaryIPv6Addresses":null,"EndpointID":"8a1c527bb6a7d491a926b0911703538bbf6d579a130cd6e5d5187e863e85d158","Gateway":"172.17.0.1","GlobalIPv6Address":"","GlobalIPv6PrefixLen":0,"IPAddress":"172.17.0.3","IPPrefixLen":16,"IPv6Gateway":"","MacAddress":"02:42:ac:11:00:03","Networks":{"bridge":{"IPAMConfig":null,"Links":null,"Aliases":null,"MacAddress":"02:42:ac:11:00:03","NetworkID":"3c842496be344cbdae878c1dee0957e7bc7c0a2236009c92752030f2b053e72f","EndpointID":"8a1c527bb6a7d491a926b0911703538bbf6d579a130cd6e5d5187e863e85d158","Gateway":"172.17.0.1","IPAddress":"172.17.0.3","IPPrefixLen":16,"IPv6Gateway":"","GlobalIPv6Address":"","GlobalIPv6PrefixLen":0,"DriverOpts":null,"DNSNames":null}}}}[\n]"
2024-07-24 14:31:00.887 [Test worker] DEBUG c.g.d.z.s.o.a.hc.client5.http.wire - http-outgoing-26 << "[\r][\n]"
2024-07-24 14:31:00.887 [Test worker] DEBUG c.g.d.z.s.o.a.hc.client5.http.wire - http-outgoing-26 << "0[\r][\n]"
2024-07-24 14:31:00.887 [Test worker] DEBUG c.g.d.z.s.o.a.hc.client5.http.wire - http-outgoing-26 << "[\r][\n]"
2024-07-24 14:31:00.887 [Test worker] DEBUG c.g.d.z.s.o.a.h.c.h.i.c.InternalHttpClient - ep-00000117: releasing valid endpoint
2024-07-24 14:31:00.887 [Test worker] DEBUG c.g.d.z.s.o.a.h.c.h.i.i.PoolingHttpClientConnectionManager - ep-00000117: releasing endpoint
2024-07-24 14:31:00.887 [Test worker] DEBUG c.g.d.z.s.o.a.h.c.h.i.i.PoolingHttpClientConnectionManager - ep-00000117: connection http-outgoing-26 can be kept alive for 3 MINUTES
2024-07-24 14:31:00.887 [Test worker] DEBUG c.g.d.z.s.o.a.h.c.h.i.i.PoolingHttpClientConnectionManager - ep-00000117: connection released [route: {}->npipe://localhost:2375][total available: 1; route allocated: 1 of 2147483647; total allocated: 1 of 2147483647]
2024-07-24 14:31:00.887 [Test worker] DEBUG tc.postgres:latest - Trying to create JDBC connection using org.postgresql.Driver to jdbc:postgresql://localhost:51590/db?loggerLevel=OFF with properties: {password=password, user=user}
2024-07-24 14:31:00.900 [Test worker] DEBUG o.t.jdbc.JdbcDatabaseDelegate - false returned as updateCount for SQL: drop table if exists WorkedOn
2024-07-24 14:31:00.901 [Test worker] DEBUG o.t.jdbc.JdbcDatabaseDelegate - false returned as updateCount for SQL: drop table if exists SequenceLine
2024-07-24 14:31:00.902 [Test worker] DEBUG o.t.jdbc.JdbcDatabaseDelegate - false returned as updateCount for SQL: drop table if exists WorkOrder
2024-07-24 14:31:00.902 [Test worker] DEBUG o.t.jdbc.JdbcDatabaseDelegate - false returned as updateCount for SQL: drop table if exists SequenceHeader
2024-07-24 14:31:00.903 [Test worker] DEBUG o.t.jdbc.JdbcDatabaseDelegate - false returned as updateCount for SQL: drop table if exists SaleOrderLine
2024-07-24 14:31:00.903 [Test worker] DEBUG o.t.jdbc.JdbcDatabaseDelegate - false returned as updateCount for SQL: drop table if exists SaleOrderHeader
2024-07-24 14:31:00.904 [Test worker] DEBUG o.t.jdbc.JdbcDatabaseDelegate - false returned as updateCount for SQL: drop table if exists Staff
2024-07-24 14:31:00.905 [Test worker] DEBUG o.t.jdbc.JdbcDatabaseDelegate - false returned as updateCount for SQL: drop table if exists WorkStation
2024-07-24 14:31:00.906 [Test worker] DEBUG o.t.jdbc.JdbcDatabaseDelegate - false returned as updateCount for SQL: drop table if exists Part
2024-07-24 14:31:00.906 [Test worker] DEBUG o.t.jdbc.JdbcDatabaseDelegate - false returned as updateCount for SQL: drop table if exists Customer
2024-07-24 14:31:00.909 [Test worker] DEBUG o.t.jdbc.JdbcDatabaseDelegate - false returned as updateCount for SQL: create table Customer ( customerId VarChar(8) PRIMARY Key, name VarChar(100) not null, address VarChar(500) not null )
2024-07-24 14:31:00.911 [Test worker] DEBUG o.t.jdbc.JdbcDatabaseDelegate - false returned as updateCount for SQL: create table Part ( partId VarChar(6) PRIMARY KEY, inventory Int not null, name VarChar(100) not null )
2024-07-24 14:31:00.912 [Test worker] DEBUG o.t.jdbc.JdbcDatabaseDelegate - false returned as updateCount for SQL: create table WorkStation ( name VarChar(50) PRIMARY KEY )
2024-07-24 14:31:00.913 [Test worker] DEBUG o.t.jdbc.JdbcDatabaseDelegate - false returned as updateCount for SQL: create table Staff ( staffID VarChar(6) PRIMARY KEY, name VarChar(100) not null )
2024-07-24 14:31:00.914 [Test worker] DEBUG o.t.jdbc.JdbcDatabaseDelegate - false returned as updateCount for SQL: create table SaleOrderHeader ( soHeaderId VarChar(6) PRIMARY key , customerId VarChar(8) not null references Customer (customerId) )
2024-07-24 14:31:00.915 [Test worker] DEBUG o.t.jdbc.JdbcDatabaseDelegate - false returned as updateCount for SQL: create table SaleOrderLine ( soLineId VarChar(6), soHeaderId VarChar(6) references SaleOrderHeader (soHeaderID), dateDue Date not null, partID VarChar(6) not null references Part(partId), PRIMARY KEY (soLineId,soHeaderId) )
2024-07-24 14:31:00.917 [Test worker] DEBUG o.t.jdbc.JdbcDatabaseDelegate - false returned as updateCount for SQL: create table SequenceHeader ( seqHeaderId VarChar(6) PRIMARY KEY, partId VarChar(6) not null references Part(partId) )
2024-07-24 14:31:00.918 [Test worker] DEBUG o.t.jdbc.JdbcDatabaseDelegate - false returned as updateCount for SQL: create table WorkOrder ( workOrderId VarChar(8) PRIMARY KEY, seqHeaderId VarChar(6) not null REFERENCES SequenceHeader (seqHeaderId), soLineId VarChar(6) not null, soHeaderId VarChar(6) not null, quanity Int not null, FOREIGN KEY (soLineId,soHeaderId) REFERENCES SaleOrderLine (soLineId,soHeaderId) )
2024-07-24 14:31:00.919 [Test worker] DEBUG o.t.jdbc.JdbcDatabaseDelegate - false returned as updateCount for SQL: create table SequenceLine ( seqLineId VarChar(10), seqHeaderId VarChar(6) references SequenceHeader (seqHeaderId), workStation VarChar(50) not null references WorkStation(name), PRIMARY KEY(seqLineId,seqHeaderId) )
2024-07-24 14:31:00.921 [Test worker] DEBUG o.t.jdbc.JdbcDatabaseDelegate - false returned as updateCount for SQL: create table WorkedOn ( staffId VarChar(8) references Staff (staffId), seqHeaderId VarChar(6), seqLineId VarChar(10), workOrderId VarChar(50) references WorkOrder(workOrderId), PRIMARY key (staffId,seqHeaderId,seqLineId,workOrderId), FOREIGN KEY (seqHeaderId,seqLineId) REFERENCES SequenceLine (seqHeaderId,seqLineId) )
2024-07-24 14:31:00.921 [Test worker] INFO  org.testcontainers.ext.ScriptUtils - Executed database script from sql/init.sql in 40 ms.
2024-07-24 14:31:00.949 [Test worker] DEBUG o.t.s.c.g.d.c.command.AbstrDockerCmd - Cmd: 5f4d55e5257be669e343838a682bd54d001a3562308fe5c6c2f77e24fc4a6799,false
2024-07-24 14:31:00.950 [Test worker] DEBUG o.t.s.c.g.d.c.e.InspectContainerCmdExec - GET: DefaultWebTarget{path=[/containers/5f4d55e5257be669e343838a682bd54d001a3562308fe5c6c2f77e24fc4a6799/json], queryParams={}}
2024-07-24 14:31:00.950 [Test worker] DEBUG c.g.d.z.s.o.a.h.c.h.i.c.InternalHttpClient - ex-00000119: preparing request execution
2024-07-24 14:31:00.950 [Test worker] DEBUG c.g.d.z.s.o.a.h.c.h.p.RequestAddCookies - Cookie spec selected: strict
2024-07-24 14:31:00.950 [Test worker] DEBUG c.g.d.z.s.o.a.h.c.h.p.RequestAuthCache - Auth cache not set in the context
2024-07-24 14:31:00.950 [Test worker] DEBUG c.g.d.z.s.o.a.h.c.h.i.c.ProtocolExec - ex-00000119: target auth state: UNCHALLENGED
2024-07-24 14:31:00.950 [Test worker] DEBUG c.g.d.z.s.o.a.h.c.h.i.c.ProtocolExec - ex-00000119: proxy auth state: UNCHALLENGED
2024-07-24 14:31:00.950 [Test worker] DEBUG c.g.d.z.s.o.a.h.c.h.i.c.ConnectExec - ex-00000119: acquiring connection with route {}->npipe://localhost:2375
2024-07-24 14:31:00.950 [Test worker] DEBUG c.g.d.z.s.o.a.h.c.h.i.c.InternalHttpClient - ex-00000119: acquiring endpoint (3 MINUTES)
2024-07-24 14:31:00.950 [Test worker] DEBUG c.g.d.z.s.o.a.h.c.h.i.i.PoolingHttpClientConnectionManager - ex-00000119: endpoint lease request (3 MINUTES) [route: {}->npipe://localhost:2375][total available: 1; route allocated: 1 of 2147483647; total allocated: 1 of 2147483647]
2024-07-24 14:31:00.950 [Test worker] DEBUG c.g.d.z.s.o.a.h.c.h.i.i.PoolingHttpClientConnectionManager - ex-00000119: endpoint leased [route: {}->npipe://localhost:2375][total available: 0; route allocated: 1 of 2147483647; total allocated: 1 of 2147483647]
2024-07-24 14:31:00.950 [Test worker] DEBUG c.g.d.z.s.o.a.h.c.h.i.i.PoolingHttpClientConnectionManager - ex-00000119: acquired ep-00000118
2024-07-24 14:31:00.950 [Test worker] DEBUG c.g.d.z.s.o.a.h.c.h.i.c.InternalHttpClient - ex-00000119: acquired endpoint ep-00000118
2024-07-24 14:31:00.950 [Test worker] DEBUG c.g.d.z.s.o.a.h.c.h.i.c.MainClientExec - ex-00000119: executing GET /v1.32/containers/5f4d55e5257be669e343838a682bd54d001a3562308fe5c6c2f77e24fc4a6799/json HTTP/1.1
2024-07-24 14:31:00.950 [Test worker] DEBUG c.g.d.z.s.o.a.h.c.h.i.c.InternalHttpClient - ep-00000118: start execution ex-00000119
2024-07-24 14:31:00.950 [Test worker] DEBUG c.g.d.z.s.o.a.h.c.h.i.i.PoolingHttpClientConnectionManager - ep-00000118: executing exchange ex-00000119 over http-outgoing-26
2024-07-24 14:31:00.950 [Test worker] DEBUG c.g.d.z.s.o.a.h.client5.http.headers - http-outgoing-26 >> GET /v1.32/containers/5f4d55e5257be669e343838a682bd54d001a3562308fe5c6c2f77e24fc4a6799/json HTTP/1.1
2024-07-24 14:31:00.950 [Test worker] DEBUG c.g.d.z.s.o.a.h.client5.http.headers - http-outgoing-26 >> accept: application/json
2024-07-24 14:31:00.950 [Test worker] DEBUG c.g.d.z.s.o.a.h.client5.http.headers - http-outgoing-26 >> x-tc-sid: 280e6229-7396-4d60-b1e3-a5de48b5d49b
2024-07-24 14:31:00.950 [Test worker] DEBUG c.g.d.z.s.o.a.h.client5.http.headers - http-outgoing-26 >> User-Agent: tc-java/1.19.8
2024-07-24 14:31:00.950 [Test worker] DEBUG c.g.d.z.s.o.a.h.client5.http.headers - http-outgoing-26 >> Accept-Encoding: gzip, x-gzip, deflate
2024-07-24 14:31:00.950 [Test worker] DEBUG c.g.d.z.s.o.a.h.client5.http.headers - http-outgoing-26 >> Host: localhost:2375
2024-07-24 14:31:00.950 [Test worker] DEBUG c.g.d.z.s.o.a.h.client5.http.headers - http-outgoing-26 >> Connection: keep-alive
2024-07-24 14:31:00.950 [Test worker] DEBUG c.g.d.z.s.o.a.hc.client5.http.wire - http-outgoing-26 >> "GET /v1.32/containers/5f4d55e5257be669e343838a682bd54d001a3562308fe5c6c2f77e24fc4a6799/json HTTP/1.1[\r][\n]"
2024-07-24 14:31:00.950 [Test worker] DEBUG c.g.d.z.s.o.a.hc.client5.http.wire - http-outgoing-26 >> "accept: application/json[\r][\n]"
2024-07-24 14:31:00.950 [Test worker] DEBUG c.g.d.z.s.o.a.hc.client5.http.wire - http-outgoing-26 >> "x-tc-sid: 280e6229-7396-4d60-b1e3-a5de48b5d49b[\r][\n]"
2024-07-24 14:31:00.950 [Test worker] DEBUG c.g.d.z.s.o.a.hc.client5.http.wire - http-outgoing-26 >> "User-Agent: tc-java/1.19.8[\r][\n]"
2024-07-24 14:31:00.950 [Test worker] DEBUG c.g.d.z.s.o.a.hc.client5.http.wire - http-outgoing-26 >> "Accept-Encoding: gzip, x-gzip, deflate[\r][\n]"
2024-07-24 14:31:00.950 [Test worker] DEBUG c.g.d.z.s.o.a.hc.client5.http.wire - http-outgoing-26 >> "Host: localhost:2375[\r][\n]"
2024-07-24 14:31:00.950 [Test worker] DEBUG c.g.d.z.s.o.a.hc.client5.http.wire - http-outgoing-26 >> "Connection: keep-alive[\r][\n]"
2024-07-24 14:31:00.950 [Test worker] DEBUG c.g.d.z.s.o.a.hc.client5.http.wire - http-outgoing-26 >> "[\r][\n]"
2024-07-24 14:31:00.953 [Test worker] DEBUG c.g.d.z.s.o.a.hc.client5.http.wire - http-outgoing-26 << "HTTP/1.1 200 OK[\r][\n]"
2024-07-24 14:31:00.953 [Test worker] DEBUG c.g.d.z.s.o.a.hc.client5.http.wire - http-outgoing-26 << "Api-Version: 1.45[\r][\n]"
2024-07-24 14:31:00.953 [Test worker] DEBUG c.g.d.z.s.o.a.hc.client5.http.wire - http-outgoing-26 << "Content-Type: application/json[\r][\n]"
2024-07-24 14:31:00.953 [Test worker] DEBUG c.g.d.z.s.o.a.hc.client5.http.wire - http-outgoing-26 << "Date: Wed, 24 Jul 2024 02:31:00 GMT[\r][\n]"
2024-07-24 14:31:00.953 [Test worker] DEBUG c.g.d.z.s.o.a.hc.client5.http.wire - http-outgoing-26 << "Docker-Experimental: false[\r][\n]"
2024-07-24 14:31:00.953 [Test worker] DEBUG c.g.d.z.s.o.a.hc.client5.http.wire - http-outgoing-26 << "Ostype: linux[\r][\n]"
2024-07-24 14:31:00.953 [Test worker] DEBUG c.g.d.z.s.o.a.hc.client5.http.wire - http-outgoing-26 << "Server: Docker/26.0.0 (linux)[\r][\n]"
2024-07-24 14:31:00.953 [Test worker] DEBUG c.g.d.z.s.o.a.hc.client5.http.wire - http-outgoing-26 << "Transfer-Encoding: chunked[\r][\n]"
2024-07-24 14:31:00.953 [Test worker] DEBUG c.g.d.z.s.o.a.hc.client5.http.wire - http-outgoing-26 << "[\r][\n]"
2024-07-24 14:31:00.953 [Test worker] DEBUG c.g.d.z.s.o.a.h.client5.http.headers - http-outgoing-26 << HTTP/1.1 200 OK
2024-07-24 14:31:00.953 [Test worker] DEBUG c.g.d.z.s.o.a.h.client5.http.headers - http-outgoing-26 << Api-Version: 1.45
2024-07-24 14:31:00.953 [Test worker] DEBUG c.g.d.z.s.o.a.h.client5.http.headers - http-outgoing-26 << Content-Type: application/json
2024-07-24 14:31:00.953 [Test worker] DEBUG c.g.d.z.s.o.a.h.client5.http.headers - http-outgoing-26 << Date: Wed, 24 Jul 2024 02:31:00 GMT
2024-07-24 14:31:00.953 [Test worker] DEBUG c.g.d.z.s.o.a.h.client5.http.headers - http-outgoing-26 << Docker-Experimental: false
2024-07-24 14:31:00.953 [Test worker] DEBUG c.g.d.z.s.o.a.h.client5.http.headers - http-outgoing-26 << Ostype: linux
2024-07-24 14:31:00.953 [Test worker] DEBUG c.g.d.z.s.o.a.h.client5.http.headers - http-outgoing-26 << Server: Docker/26.0.0 (linux)
2024-07-24 14:31:00.953 [Test worker] DEBUG c.g.d.z.s.o.a.h.client5.http.headers - http-outgoing-26 << Transfer-Encoding: chunked
2024-07-24 14:31:00.953 [Test worker] DEBUG c.g.d.z.s.o.a.h.c.h.i.c.MainClientExec - ex-00000119: connection can be kept alive for 3 MINUTES
2024-07-24 14:31:00.954 [Test worker] DEBUG c.g.d.z.s.o.a.hc.client5.http.wire - http-outgoing-26 << "1a37[\r][\n]"
2024-07-24 14:31:00.954 [Test worker] DEBUG c.g.d.z.s.o.a.hc.client5.http.wire - http-outgoing-26 << "{"Id":"5f4d55e5257be669e343838a682bd54d001a3562308fe5c6c2f77e24fc4a6799","Created":"2024-07-24T02:30:59.173366142Z","Path":"docker-entrypoint.sh","Args":["postgres","-c","fsync=off"],"State":{"Status":"running","Running":true,"Paused":false,"Restarting":false,"OOMKilled":false,"Dead":false,"Pid":31344,"ExitCode":0,"Error":"","StartedAt":"2024-07-24T02:30:59.597534643Z","FinishedAt":"0001-01-01T00:00:00Z"},"Image":"sha256:8e4fc9e184899a58735e7ee333f5e272d7d2298cf59302006b71f33e217be130","ResolvConfPath":"/var/lib/docker/containers/5f4d55e5257be669e343838a682bd54d001a3562308fe5c6c2f77e24fc4a6799/resolv.conf","HostnamePath":"/var/lib/docker/containers/5f4d55e5257be669e343838a682bd54d001a3562308fe5c6c2f77e24fc4a6799/hostname","HostsPath":"/var/lib/docker/containers/5f4d55e5257be669e343838a682bd54d001a3562308fe5c6c2f77e24fc4a6799/hosts","LogPath":"/var/lib/docker/containers/5f4d55e5257be669e343838a682bd54d001a3562308fe5c6c2f77e24fc4a6799/5f4d55e5257be669e343838a682bd54d001a3562308fe5c6c2f77e24fc4a6799-json.log","Name":"/blissful_rubin","RestartCount":0,"Driver":"overlay2","Platform":"linux","MountLabel":"","ProcessLabel":"","AppArmorProfile":"","ExecIDs":null,"HostConfig":{"Binds":[],"ContainerIDFile":"","LogConfig":{"Type":"json-file","Config":{}},"NetworkMode":"default","PortBindings":{"5432/tcp":[{"HostIp":"0.0.0.0","HostPort":"0"}]},"RestartPolicy":{"Name":"no","MaximumRetryCount":0},"AutoRemove":false,"VolumeDriver":"","VolumesFrom":[],"ConsoleSize":[0,0],"CapAdd":null,"CapDrop":null,"CgroupnsMode":"host","Dns":null,"DnsOptions":null,"DnsSearch":null,"ExtraHosts":[],"GroupAdd":null,"IpcMode":"shareable","Cgroup":"","Links":null,"OomScoreAdj":0,"PidMode":"","Privileged":false,"PublishAllPorts":false,"ReadonlyRootfs":false,"SecurityOpt":null,"UTSMode":"","UsernsMode":"","ShmSize":67108864,"Runtime":"runc","Isolation":"","CpuShares":0,"Memory":0,"NanoCpus":0,"CgroupParent":"","BlkioWeight":0,"BlkioWeightDevice":null,"BlkioDeviceReadBps":null,"BlkioDeviceWriteBps":null,"BlkioDeviceReadIOps":null,"BlkioDeviceWriteIOps":null,"CpuPeriod":0,"CpuQuota":0,"CpuRealtimePeriod":0,"CpuRealtimeRuntime":0,"CpusetCpus":"","CpusetMems":"","Devices":null,"DeviceCgroupRules":null,"DeviceRequests":null,"MemoryReservation":0,"MemorySwap":0,"MemorySwappiness":null,"OomKillDisable":false,"PidsLimit":null,"Ulimits":null,"CpuCount":0,"CpuPercent":0,"IOMaximumIOps":0,"IOMaximumBandwidth":0,"MaskedPaths":["/proc/asound","/proc/acpi","/proc/kcore","/proc/keys","/proc/latency_stats","/proc/timer_list","/proc/timer_stats","/proc/sched_debug","/proc/scsi","/sys/firmware","/sys/devices/virtual/powercap"],"ReadonlyPaths":["/proc/bus","/proc/fs","/proc/irq","/proc/sys","/proc/sysrq-trigger"]},"GraphDriver":{"Data":{"LowerDir":"/var/lib/docker/overlay2/9b22f2c004b1a68801f4d211f8d9c2138932db07db826252202a3c88dbd97f7b-init/diff:/var/lib/docker/overlay2/8f0ddbd386af0785c2e348570516955816ab350305d698d363962d488eeb15ec/diff:/var/lib/docker/overlay2/0eb0ca73e9b0be7c3d7fa8762ef4778a68f38391bc84c037c2e90b88e781b475/diff:/var/lib/docker/overlay2/74e634bddc785c5d436b10a5158cd82e21dc2065fd1cf8ff9c1c12e01575a2d8/diff:/var/lib/docker/overlay2/bb918b2851cd2f508f1e3fdbfff8b7f8b041d61e65fe8c368288bf399e80b818/diff:/var/lib/docker/overlay2/2abab2946cbdc2941ee8ec4024c51dac7313dee9de5fbedd1ca33388c59eb3c8/diff:/var/lib/docker/overlay2/e12f6083ee669bd92743ceb339a896bb25dbe461b718705bb39eb410b80c0ecd/diff:/var/lib/docker/overlay2/ced1e86d670d097da5ed4da7288c22507735918959161c2cd8bf083fb30d169a/diff:/var/lib/docker/overlay2/94e9ac7b74923285ae73af20aeccb964ca9079e2305db367cb85d1603560472d/diff:/var/lib/docker/overlay2/a396b6dfd63f0c228c519871183c614cccf4d366a43460f27ecf97113c3c4be8/diff:/var/lib/docker/overlay2/f58ada5d5080c2bac553c734f81127660a90581a35ed2a92cebe3c59e340875b/diff:/var/lib/docker/overlay2/84f85636f37bf55d945e217b4f87a856eba7932284beaf042561007b66f48977/diff:/var/lib/docker/overlay2/1e6e519613884e91a2b74a588ba35dc8a2f789371ab798ef6e7d9836d756042f/diff:/var/lib/docker/overlay2/14a3151cc8b4f9d27d2e64f1a8abc0c7809309580f2d7e8dc8545055c1d56194/diff:/var/lib/dock"
2024-07-24 14:31:00.954 [Test worker] DEBUG c.g.d.z.s.o.a.hc.client5.http.wire - http-outgoing-26 << "er/overlay2/5b354b9e793401517fe2f1da697653fdaadffc54888eaf76d67e0600b8c68bdc/diff","MergedDir":"/var/lib/docker/overlay2/9b22f2c004b1a68801f4d211f8d9c2138932db07db826252202a3c88dbd97f7b/merged","UpperDir":"/var/lib/docker/overlay2/9b22f2c004b1a68801f4d211f8d9c2138932db07db826252202a3c88dbd97f7b/diff","WorkDir":"/var/lib/docker/overlay2/9b22f2c004b1a68801f4d211f8d9c2138932db07db826252202a3c88dbd97f7b/work"},"Name":"overlay2"},"Mounts":[{"Type":"volume","Name":"c4b690040fc7a29e91ad45584a210d188670456431d7791833c1fd775ef056c1","Source":"/var/lib/docker/volumes/c4b690040fc7a29e91ad45584a210d188670456431d7791833c1fd775ef056c1/_data","Destination":"/var/lib/postgresql/data","Driver":"local","Mode":"","RW":true,"Propagation":""}],"Config":{"Hostname":"5f4d55e5257b","Domainname":"","User":"","AttachStdin":false,"AttachStdout":false,"AttachStderr":false,"ExposedPorts":{"5432/tcp":{}},"Tty":false,"OpenStdin":false,"StdinOnce":false,"Env":["POSTGRES_USER=user","POSTGRES_PASSWORD=password","POSTGRES_DB=db","PATH=/usr/local/sbin:/usr/local/bin:/usr/sbin:/usr/bin:/sbin:/bin:/usr/lib/postgresql/16/bin","GOSU_VERSION=1.17","LANG=en_US.utf8","PG_MAJOR=16","PG_VERSION=16.2-1.pgdg120+2","PGDATA=/var/lib/postgresql/data"],"Cmd":["postgres","-c","fsync=off"],"Image":"postgres:latest","Volumes":{"/var/lib/postgresql/data":{}},"WorkingDir":"","Entrypoint":["docker-entrypoint.sh"],"OnBuild":null,"Labels":{"org.testcontainers":"true","org.testcontainers.lang":"java","org.testcontainers.sessionId":"280e6229-7396-4d60-b1e3-a5de48b5d49b","org.testcontainers.version":"1.19.8"},"StopSignal":"SIGINT"},"NetworkSettings":{"Bridge":"","SandboxID":"663f156df93b31963aa05f980439c40305f1fc475b2989f4ef0518206bdc45ba","SandboxKey":"/var/run/docker/netns/663f156df93b","Ports":{"5432/tcp":[{"HostIp":"0.0.0.0","HostPort":"51590"}]},"HairpinMode":false,"LinkLocalIPv6Address":"","LinkLocalIPv6PrefixLen":0,"SecondaryIPAddresses":null,"SecondaryIPv6Addresses":null,"EndpointID":"8a1c527bb6a7d491a926b0911703538bbf6d579a130cd6e5d5187e863e85d158","Gateway":"172.17.0.1","GlobalIPv6Address":"","GlobalIPv6PrefixLen":0,"IPAddress":"172.17.0.3","IPPrefixLen":16,"IPv6Gateway":"","MacAddress":"02:42:ac:11:00:03","Networks":{"bridge":{"IPAMConfig":null,"Links":null,"Aliases":null,"MacAddress":"02:42:ac:11:00:03","NetworkID":"3c842496be344cbdae878c1dee0957e7bc7c0a2236009c92752030f2b053e72f","EndpointID":"8a1c527bb6a7d491a926b0911703538bbf6d579a130cd6e5d5187e863e85d158","Gateway":"172.17.0.1","IPAddress":"172.17.0.3","IPPrefixLen":16,"IPv6Gateway":"","GlobalIPv6Address":"","GlobalIPv6PrefixLen":0,"DriverOpts":null,"DNSNames":null}}}}[\n]"
2024-07-24 14:31:00.956 [Test worker] DEBUG c.g.d.z.s.o.a.hc.client5.http.wire - http-outgoing-26 << "[\r][\n]"
2024-07-24 14:31:00.956 [Test worker] DEBUG c.g.d.z.s.o.a.hc.client5.http.wire - http-outgoing-26 << "0[\r][\n]"
2024-07-24 14:31:00.956 [Test worker] DEBUG c.g.d.z.s.o.a.hc.client5.http.wire - http-outgoing-26 << "[\r][\n]"
2024-07-24 14:31:00.956 [Test worker] DEBUG c.g.d.z.s.o.a.h.c.h.i.c.InternalHttpClient - ep-00000118: releasing valid endpoint
2024-07-24 14:31:00.956 [Test worker] DEBUG c.g.d.z.s.o.a.h.c.h.i.i.PoolingHttpClientConnectionManager - ep-00000118: releasing endpoint
2024-07-24 14:31:00.956 [Test worker] DEBUG c.g.d.z.s.o.a.h.c.h.i.i.PoolingHttpClientConnectionManager - ep-00000118: connection http-outgoing-26 can be kept alive for 3 MINUTES
2024-07-24 14:31:00.956 [Test worker] DEBUG c.g.d.z.s.o.a.h.c.h.i.i.PoolingHttpClientConnectionManager - ep-00000118: connection released [route: {}->npipe://localhost:2375][total available: 1; route allocated: 1 of 2147483647; total allocated: 1 of 2147483647]
2024-07-24 14:31:00.956 [Test worker] TRACE o.t.utility.ResourceReaper - Stopping container: 5f4d55e5257be669e343838a682bd54d001a3562308fe5c6c2f77e24fc4a6799
2024-07-24 14:31:00.956 [Test worker] DEBUG o.t.s.c.g.d.c.command.AbstrDockerCmd - Cmd: 5f4d55e5257be669e343838a682bd54d001a3562308fe5c6c2f77e24fc4a6799,<null>
2024-07-24 14:31:00.956 [Test worker] TRACE o.t.s.c.g.d.c.e.KillContainerCmdExec - POST: DefaultWebTarget{path=[/containers/5f4d55e5257be669e343838a682bd54d001a3562308fe5c6c2f77e24fc4a6799/kill], queryParams={}}
2024-07-24 14:31:00.956 [Test worker] DEBUG c.g.d.z.s.o.a.h.c.h.i.c.InternalHttpClient - ex-0000011A: preparing request execution
2024-07-24 14:31:00.956 [Test worker] DEBUG c.g.d.z.s.o.a.h.c.h.p.RequestAddCookies - Cookie spec selected: strict
2024-07-24 14:31:00.956 [Test worker] DEBUG c.g.d.z.s.o.a.h.c.h.p.RequestAuthCache - Auth cache not set in the context
2024-07-24 14:31:00.956 [Test worker] DEBUG c.g.d.z.s.o.a.h.c.h.i.c.ProtocolExec - ex-0000011A: target auth state: UNCHALLENGED
2024-07-24 14:31:00.956 [Test worker] DEBUG c.g.d.z.s.o.a.h.c.h.i.c.ProtocolExec - ex-0000011A: proxy auth state: UNCHALLENGED
2024-07-24 14:31:00.956 [Test worker] DEBUG c.g.d.z.s.o.a.h.c.h.i.c.ConnectExec - ex-0000011A: acquiring connection with route {}->npipe://localhost:2375
2024-07-24 14:31:00.956 [Test worker] DEBUG c.g.d.z.s.o.a.h.c.h.i.c.InternalHttpClient - ex-0000011A: acquiring endpoint (3 MINUTES)
2024-07-24 14:31:00.956 [Test worker] DEBUG c.g.d.z.s.o.a.h.c.h.i.i.PoolingHttpClientConnectionManager - ex-0000011A: endpoint lease request (3 MINUTES) [route: {}->npipe://localhost:2375][total available: 1; route allocated: 1 of 2147483647; total allocated: 1 of 2147483647]
2024-07-24 14:31:00.956 [Test worker] DEBUG c.g.d.z.s.o.a.h.c.h.i.i.PoolingHttpClientConnectionManager - ex-0000011A: endpoint leased [route: {}->npipe://localhost:2375][total available: 0; route allocated: 1 of 2147483647; total allocated: 1 of 2147483647]
2024-07-24 14:31:00.956 [Test worker] DEBUG c.g.d.z.s.o.a.h.c.h.i.i.PoolingHttpClientConnectionManager - ex-0000011A: acquired ep-00000119
2024-07-24 14:31:00.956 [Test worker] DEBUG c.g.d.z.s.o.a.h.c.h.i.c.InternalHttpClient - ex-0000011A: acquired endpoint ep-00000119
2024-07-24 14:31:00.956 [Test worker] DEBUG c.g.d.z.s.o.a.h.c.h.i.c.MainClientExec - ex-0000011A: executing POST /v1.32/containers/5f4d55e5257be669e343838a682bd54d001a3562308fe5c6c2f77e24fc4a6799/kill HTTP/1.1
2024-07-24 14:31:00.956 [Test worker] DEBUG c.g.d.z.s.o.a.h.c.h.i.c.InternalHttpClient - ep-00000119: start execution ex-0000011A
2024-07-24 14:31:00.956 [Test worker] DEBUG c.g.d.z.s.o.a.h.c.h.i.i.PoolingHttpClientConnectionManager - ep-00000119: executing exchange ex-0000011A over http-outgoing-26
2024-07-24 14:31:00.956 [Test worker] DEBUG c.g.d.z.s.o.a.h.client5.http.headers - http-outgoing-26 >> POST /v1.32/containers/5f4d55e5257be669e343838a682bd54d001a3562308fe5c6c2f77e24fc4a6799/kill HTTP/1.1
2024-07-24 14:31:00.956 [Test worker] DEBUG c.g.d.z.s.o.a.h.client5.http.headers - http-outgoing-26 >> accept: application/json
2024-07-24 14:31:00.956 [Test worker] DEBUG c.g.d.z.s.o.a.h.client5.http.headers - http-outgoing-26 >> content-type: application/json
2024-07-24 14:31:00.956 [Test worker] DEBUG c.g.d.z.s.o.a.h.client5.http.headers - http-outgoing-26 >> x-tc-sid: 280e6229-7396-4d60-b1e3-a5de48b5d49b
2024-07-24 14:31:00.956 [Test worker] DEBUG c.g.d.z.s.o.a.h.client5.http.headers - http-outgoing-26 >> User-Agent: tc-java/1.19.8
2024-07-24 14:31:00.956 [Test worker] DEBUG c.g.d.z.s.o.a.h.client5.http.headers - http-outgoing-26 >> Accept-Encoding: gzip, x-gzip, deflate
2024-07-24 14:31:00.956 [Test worker] DEBUG c.g.d.z.s.o.a.h.client5.http.headers - http-outgoing-26 >> Host: localhost:2375
2024-07-24 14:31:00.956 [Test worker] DEBUG c.g.d.z.s.o.a.h.client5.http.headers - http-outgoing-26 >> Connection: keep-alive
2024-07-24 14:31:00.956 [Test worker] DEBUG c.g.d.z.s.o.a.hc.client5.http.wire - http-outgoing-26 >> "POST /v1.32/containers/5f4d55e5257be669e343838a682bd54d001a3562308fe5c6c2f77e24fc4a6799/kill HTTP/1.1[\r][\n]"
2024-07-24 14:31:00.956 [Test worker] DEBUG c.g.d.z.s.o.a.hc.client5.http.wire - http-outgoing-26 >> "accept: application/json[\r][\n]"
2024-07-24 14:31:00.956 [Test worker] DEBUG c.g.d.z.s.o.a.hc.client5.http.wire - http-outgoing-26 >> "content-type: application/json[\r][\n]"
2024-07-24 14:31:00.956 [Test worker] DEBUG c.g.d.z.s.o.a.hc.client5.http.wire - http-outgoing-26 >> "x-tc-sid: 280e6229-7396-4d60-b1e3-a5de48b5d49b[\r][\n]"
2024-07-24 14:31:00.956 [Test worker] DEBUG c.g.d.z.s.o.a.hc.client5.http.wire - http-outgoing-26 >> "User-Agent: tc-java/1.19.8[\r][\n]"
2024-07-24 14:31:00.956 [Test worker] DEBUG c.g.d.z.s.o.a.hc.client5.http.wire - http-outgoing-26 >> "Accept-Encoding: gzip, x-gzip, deflate[\r][\n]"
2024-07-24 14:31:00.956 [Test worker] DEBUG c.g.d.z.s.o.a.hc.client5.http.wire - http-outgoing-26 >> "Host: localhost:2375[\r][\n]"
2024-07-24 14:31:00.956 [Test worker] DEBUG c.g.d.z.s.o.a.hc.client5.http.wire - http-outgoing-26 >> "Connection: keep-alive[\r][\n]"
2024-07-24 14:31:00.956 [Test worker] DEBUG c.g.d.z.s.o.a.hc.client5.http.wire - http-outgoing-26 >> "[\r][\n]"
2024-07-24 14:31:01.492 [Test worker] DEBUG c.g.d.z.s.o.a.hc.client5.http.wire - http-outgoing-26 << "HTTP/1.1 204 No Content[\r][\n]"
2024-07-24 14:31:01.492 [Test worker] DEBUG c.g.d.z.s.o.a.hc.client5.http.wire - http-outgoing-26 << "Api-Version: 1.45[\r][\n]"
2024-07-24 14:31:01.492 [Test worker] DEBUG c.g.d.z.s.o.a.hc.client5.http.wire - http-outgoing-26 << "Date: Wed, 24 Jul 2024 02:31:01 GMT[\r][\n]"
2024-07-24 14:31:01.492 [Test worker] DEBUG c.g.d.z.s.o.a.hc.client5.http.wire - http-outgoing-26 << "Docker-Experimental: false[\r][\n]"
2024-07-24 14:31:01.492 [Test worker] DEBUG c.g.d.z.s.o.a.hc.client5.http.wire - http-outgoing-26 << "Ostype: linux[\r][\n]"
2024-07-24 14:31:01.492 [Test worker] DEBUG c.g.d.z.s.o.a.hc.client5.http.wire - http-outgoing-26 << "Server: Docker/26.0.0 (linux)[\r][\n]"
2024-07-24 14:31:01.492 [Test worker] DEBUG c.g.d.z.s.o.a.hc.client5.http.wire - http-outgoing-26 << "[\r][\n]"
2024-07-24 14:31:01.492 [Test worker] DEBUG c.g.d.z.s.o.a.h.client5.http.headers - http-outgoing-26 << HTTP/1.1 204 No Content
2024-07-24 14:31:01.492 [Test worker] DEBUG c.g.d.z.s.o.a.h.client5.http.headers - http-outgoing-26 << Api-Version: 1.45
2024-07-24 14:31:01.492 [Test worker] DEBUG c.g.d.z.s.o.a.h.client5.http.headers - http-outgoing-26 << Date: Wed, 24 Jul 2024 02:31:01 GMT
2024-07-24 14:31:01.492 [Test worker] DEBUG c.g.d.z.s.o.a.h.client5.http.headers - http-outgoing-26 << Docker-Experimental: false
2024-07-24 14:31:01.492 [Test worker] DEBUG c.g.d.z.s.o.a.h.client5.http.headers - http-outgoing-26 << Ostype: linux
2024-07-24 14:31:01.492 [Test worker] DEBUG c.g.d.z.s.o.a.h.client5.http.headers - http-outgoing-26 << Server: Docker/26.0.0 (linux)
2024-07-24 14:31:01.492 [Test worker] DEBUG c.g.d.z.s.o.a.h.c.h.i.c.MainClientExec - ex-0000011A: connection can be kept alive for 3 MINUTES
2024-07-24 14:31:01.492 [Test worker] DEBUG c.g.d.z.s.o.a.h.c.h.i.c.InternalHttpClient - ep-00000119: releasing valid endpoint
2024-07-24 14:31:01.492 [Test worker] DEBUG c.g.d.z.s.o.a.h.c.h.i.i.PoolingHttpClientConnectionManager - ep-00000119: releasing endpoint
2024-07-24 14:31:01.492 [Test worker] DEBUG c.g.d.z.s.o.a.h.c.h.i.i.PoolingHttpClientConnectionManager - ep-00000119: connection http-outgoing-26 can be kept alive for 3 MINUTES
2024-07-24 14:31:01.492 [Test worker] DEBUG c.g.d.z.s.o.a.h.c.h.i.i.PoolingHttpClientConnectionManager - ep-00000119: connection released [route: {}->npipe://localhost:2375][total available: 1; route allocated: 1 of 2147483647; total allocated: 1 of 2147483647]
2024-07-24 14:31:01.492 [Test worker] TRACE o.t.utility.ResourceReaper - Stopped container: postgres:latest
2024-07-24 14:31:01.493 [Test worker] DEBUG o.t.s.c.g.d.c.command.AbstrDockerCmd - Cmd: 5f4d55e5257be669e343838a682bd54d001a3562308fe5c6c2f77e24fc4a6799,false
2024-07-24 14:31:01.493 [Test worker] DEBUG o.t.s.c.g.d.c.e.InspectContainerCmdExec - GET: DefaultWebTarget{path=[/containers/5f4d55e5257be669e343838a682bd54d001a3562308fe5c6c2f77e24fc4a6799/json], queryParams={}}
2024-07-24 14:31:01.493 [Test worker] DEBUG c.g.d.z.s.o.a.h.c.h.i.c.InternalHttpClient - ex-0000011B: preparing request execution
2024-07-24 14:31:01.493 [Test worker] DEBUG c.g.d.z.s.o.a.h.c.h.p.RequestAddCookies - Cookie spec selected: strict
2024-07-24 14:31:01.493 [Test worker] DEBUG c.g.d.z.s.o.a.h.c.h.p.RequestAuthCache - Auth cache not set in the context
2024-07-24 14:31:01.493 [Test worker] DEBUG c.g.d.z.s.o.a.h.c.h.i.c.ProtocolExec - ex-0000011B: target auth state: UNCHALLENGED
2024-07-24 14:31:01.493 [Test worker] DEBUG c.g.d.z.s.o.a.h.c.h.i.c.ProtocolExec - ex-0000011B: proxy auth state: UNCHALLENGED
2024-07-24 14:31:01.493 [Test worker] DEBUG c.g.d.z.s.o.a.h.c.h.i.c.ConnectExec - ex-0000011B: acquiring connection with route {}->npipe://localhost:2375
2024-07-24 14:31:01.493 [Test worker] DEBUG c.g.d.z.s.o.a.h.c.h.i.c.InternalHttpClient - ex-0000011B: acquiring endpoint (3 MINUTES)
2024-07-24 14:31:01.493 [Test worker] DEBUG c.g.d.z.s.o.a.h.c.h.i.i.PoolingHttpClientConnectionManager - ex-0000011B: endpoint lease request (3 MINUTES) [route: {}->npipe://localhost:2375][total available: 1; route allocated: 1 of 2147483647; total allocated: 1 of 2147483647]
2024-07-24 14:31:01.493 [Test worker] DEBUG c.g.d.z.s.o.a.h.c.h.i.i.PoolingHttpClientConnectionManager - ex-0000011B: endpoint leased [route: {}->npipe://localhost:2375][total available: 0; route allocated: 1 of 2147483647; total allocated: 1 of 2147483647]
2024-07-24 14:31:01.493 [Test worker] DEBUG c.g.d.z.s.o.a.h.c.h.i.i.PoolingHttpClientConnectionManager - ex-0000011B: acquired ep-0000011A
2024-07-24 14:31:01.494 [Test worker] DEBUG c.g.d.z.s.o.a.h.c.h.i.c.InternalHttpClient - ex-0000011B: acquired endpoint ep-0000011A
2024-07-24 14:31:01.494 [Test worker] DEBUG c.g.d.z.s.o.a.h.c.h.i.c.MainClientExec - ex-0000011B: executing GET /v1.32/containers/5f4d55e5257be669e343838a682bd54d001a3562308fe5c6c2f77e24fc4a6799/json HTTP/1.1
2024-07-24 14:31:01.494 [Test worker] DEBUG c.g.d.z.s.o.a.h.c.h.i.c.InternalHttpClient - ep-0000011A: start execution ex-0000011B
2024-07-24 14:31:01.494 [Test worker] DEBUG c.g.d.z.s.o.a.h.c.h.i.i.PoolingHttpClientConnectionManager - ep-0000011A: executing exchange ex-0000011B over http-outgoing-26
2024-07-24 14:31:01.494 [Test worker] DEBUG c.g.d.z.s.o.a.h.client5.http.headers - http-outgoing-26 >> GET /v1.32/containers/5f4d55e5257be669e343838a682bd54d001a3562308fe5c6c2f77e24fc4a6799/json HTTP/1.1
2024-07-24 14:31:01.494 [Test worker] DEBUG c.g.d.z.s.o.a.h.client5.http.headers - http-outgoing-26 >> accept: application/json
2024-07-24 14:31:01.494 [Test worker] DEBUG c.g.d.z.s.o.a.h.client5.http.headers - http-outgoing-26 >> x-tc-sid: 280e6229-7396-4d60-b1e3-a5de48b5d49b
2024-07-24 14:31:01.494 [Test worker] DEBUG c.g.d.z.s.o.a.h.client5.http.headers - http-outgoing-26 >> User-Agent: tc-java/1.19.8
2024-07-24 14:31:01.494 [Test worker] DEBUG c.g.d.z.s.o.a.h.client5.http.headers - http-outgoing-26 >> Accept-Encoding: gzip, x-gzip, deflate
2024-07-24 14:31:01.494 [Test worker] DEBUG c.g.d.z.s.o.a.h.client5.http.headers - http-outgoing-26 >> Host: localhost:2375
2024-07-24 14:31:01.494 [Test worker] DEBUG c.g.d.z.s.o.a.h.client5.http.headers - http-outgoing-26 >> Connection: keep-alive
2024-07-24 14:31:01.494 [Test worker] DEBUG c.g.d.z.s.o.a.hc.client5.http.wire - http-outgoing-26 >> "GET /v1.32/containers/5f4d55e5257be669e343838a682bd54d001a3562308fe5c6c2f77e24fc4a6799/json HTTP/1.1[\r][\n]"
2024-07-24 14:31:01.494 [Test worker] DEBUG c.g.d.z.s.o.a.hc.client5.http.wire - http-outgoing-26 >> "accept: application/json[\r][\n]"
2024-07-24 14:31:01.494 [Test worker] DEBUG c.g.d.z.s.o.a.hc.client5.http.wire - http-outgoing-26 >> "x-tc-sid: 280e6229-7396-4d60-b1e3-a5de48b5d49b[\r][\n]"
2024-07-24 14:31:01.494 [Test worker] DEBUG c.g.d.z.s.o.a.hc.client5.http.wire - http-outgoing-26 >> "User-Agent: tc-java/1.19.8[\r][\n]"
2024-07-24 14:31:01.494 [Test worker] DEBUG c.g.d.z.s.o.a.hc.client5.http.wire - http-outgoing-26 >> "Accept-Encoding: gzip, x-gzip, deflate[\r][\n]"
2024-07-24 14:31:01.494 [Test worker] DEBUG c.g.d.z.s.o.a.hc.client5.http.wire - http-outgoing-26 >> "Host: localhost:2375[\r][\n]"
2024-07-24 14:31:01.494 [Test worker] DEBUG c.g.d.z.s.o.a.hc.client5.http.wire - http-outgoing-26 >> "Connection: keep-alive[\r][\n]"
2024-07-24 14:31:01.494 [Test worker] DEBUG c.g.d.z.s.o.a.hc.client5.http.wire - http-outgoing-26 >> "[\r][\n]"
2024-07-24 14:31:01.508 [Test worker] DEBUG c.g.d.z.s.o.a.hc.client5.http.wire - http-outgoing-26 << "HTTP/1.1 200 OK[\r][\n]"
2024-07-24 14:31:01.508 [Test worker] DEBUG c.g.d.z.s.o.a.hc.client5.http.wire - http-outgoing-26 << "Api-Version: 1.45[\r][\n]"
2024-07-24 14:31:01.508 [Test worker] DEBUG c.g.d.z.s.o.a.hc.client5.http.wire - http-outgoing-26 << "Content-Type: application/json[\r][\n]"
2024-07-24 14:31:01.508 [Test worker] DEBUG c.g.d.z.s.o.a.hc.client5.http.wire - http-outgoing-26 << "Date: Wed, 24 Jul 2024 02:31:01 GMT[\r][\n]"
2024-07-24 14:31:01.508 [Test worker] DEBUG c.g.d.z.s.o.a.hc.client5.http.wire - http-outgoing-26 << "Docker-Experimental: false[\r][\n]"
2024-07-24 14:31:01.508 [Test worker] DEBUG c.g.d.z.s.o.a.hc.client5.http.wire - http-outgoing-26 << "Ostype: linux[\r][\n]"
2024-07-24 14:31:01.508 [Test worker] DEBUG c.g.d.z.s.o.a.hc.client5.http.wire - http-outgoing-26 << "Server: Docker/26.0.0 (linux)[\r][\n]"
2024-07-24 14:31:01.508 [Test worker] DEBUG c.g.d.z.s.o.a.hc.client5.http.wire - http-outgoing-26 << "Transfer-Encoding: chunked[\r][\n]"
2024-07-24 14:31:01.508 [Test worker] DEBUG c.g.d.z.s.o.a.hc.client5.http.wire - http-outgoing-26 << "[\r][\n]"
2024-07-24 14:31:01.508 [Test worker] DEBUG c.g.d.z.s.o.a.h.client5.http.headers - http-outgoing-26 << HTTP/1.1 200 OK
2024-07-24 14:31:01.508 [Test worker] DEBUG c.g.d.z.s.o.a.h.client5.http.headers - http-outgoing-26 << Api-Version: 1.45
2024-07-24 14:31:01.508 [Test worker] DEBUG c.g.d.z.s.o.a.h.client5.http.headers - http-outgoing-26 << Content-Type: application/json
2024-07-24 14:31:01.508 [Test worker] DEBUG c.g.d.z.s.o.a.h.client5.http.headers - http-outgoing-26 << Date: Wed, 24 Jul 2024 02:31:01 GMT
2024-07-24 14:31:01.508 [Test worker] DEBUG c.g.d.z.s.o.a.h.client5.http.headers - http-outgoing-26 << Docker-Experimental: false
2024-07-24 14:31:01.508 [Test worker] DEBUG c.g.d.z.s.o.a.h.client5.http.headers - http-outgoing-26 << Ostype: linux
2024-07-24 14:31:01.508 [Test worker] DEBUG c.g.d.z.s.o.a.h.client5.http.headers - http-outgoing-26 << Server: Docker/26.0.0 (linux)
2024-07-24 14:31:01.508 [Test worker] DEBUG c.g.d.z.s.o.a.h.client5.http.headers - http-outgoing-26 << Transfer-Encoding: chunked
2024-07-24 14:31:01.508 [Test worker] DEBUG c.g.d.z.s.o.a.h.c.h.i.c.MainClientExec - ex-0000011B: connection can be kept alive for 3 MINUTES
2024-07-24 14:31:01.509 [Test worker] DEBUG c.g.d.z.s.o.a.hc.client5.http.wire - http-outgoing-26 << "193f[\r][\n]"
2024-07-24 14:31:01.509 [Test worker] DEBUG c.g.d.z.s.o.a.hc.client5.http.wire - http-outgoing-26 << "{"Id":"5f4d55e5257be669e343838a682bd54d001a3562308fe5c6c2f77e24fc4a6799","Created":"2024-07-24T02:30:59.173366142Z","Path":"docker-entrypoint.sh","Args":["postgres","-c","fsync=off"],"State":{"Status":"exited","Running":false,"Paused":false,"Restarting":false,"OOMKilled":false,"Dead":false,"Pid":0,"ExitCode":137,"Error":"","StartedAt":"2024-07-24T02:30:59.597534643Z","FinishedAt":"2024-07-24T02:31:00.989206074Z"},"Image":"sha256:8e4fc9e184899a58735e7ee333f5e272d7d2298cf59302006b71f33e217be130","ResolvConfPath":"/var/lib/docker/containers/5f4d55e5257be669e343838a682bd54d001a3562308fe5c6c2f77e24fc4a6799/resolv.conf","HostnamePath":"/var/lib/docker/containers/5f4d55e5257be669e343838a682bd54d001a3562308fe5c6c2f77e24fc4a6799/hostname","HostsPath":"/var/lib/docker/containers/5f4d55e5257be669e343838a682bd54d001a3562308fe5c6c2f77e24fc4a6799/hosts","LogPath":"/var/lib/docker/containers/5f4d55e5257be669e343838a682bd54d001a3562308fe5c6c2f77e24fc4a6799/5f4d55e5257be669e343838a682bd54d001a3562308fe5c6c2f77e24fc4a6799-json.log","Name":"/blissful_rubin","RestartCount":0,"Driver":"overlay2","Platform":"linux","MountLabel":"","ProcessLabel":"","AppArmorProfile":"","ExecIDs":null,"HostConfig":{"Binds":[],"ContainerIDFile":"","LogConfig":{"Type":"json-file","Config":{}},"NetworkMode":"default","PortBindings":{"5432/tcp":[{"HostIp":"0.0.0.0","HostPort":"0"}]},"RestartPolicy":{"Name":"no","MaximumRetryCount":0},"AutoRemove":false,"VolumeDriver":"","VolumesFrom":[],"ConsoleSize":[0,0],"CapAdd":null,"CapDrop":null,"CgroupnsMode":"host","Dns":null,"DnsOptions":null,"DnsSearch":null,"ExtraHosts":[],"GroupAdd":null,"IpcMode":"shareable","Cgroup":"","Links":null,"OomScoreAdj":0,"PidMode":"","Privileged":false,"PublishAllPorts":false,"ReadonlyRootfs":false,"SecurityOpt":null,"UTSMode":"","UsernsMode":"","ShmSize":67108864,"Runtime":"runc","Isolation":"","CpuShares":0,"Memory":0,"NanoCpus":0,"CgroupParent":"","BlkioWeight":0,"BlkioWeightDevice":null,"BlkioDeviceReadBps":null,"BlkioDeviceWriteBps":null,"BlkioDeviceReadIOps":null,"BlkioDeviceWriteIOps":null,"CpuPeriod":0,"CpuQuota":0,"CpuRealtimePeriod":0,"CpuRealtimeRuntime":0,"CpusetCpus":"","CpusetMems":"","Devices":null,"DeviceCgroupRules":null,"DeviceRequests":null,"MemoryReservation":0,"MemorySwap":0,"MemorySwappiness":null,"OomKillDisable":false,"PidsLimit":null,"Ulimits":null,"CpuCount":0,"CpuPercent":0,"IOMaximumIOps":0,"IOMaximumBandwidth":0,"MaskedPaths":["/proc/asound","/proc/acpi","/proc/kcore","/proc/keys","/proc/latency_stats","/proc/timer_list","/proc/timer_stats","/proc/sched_debug","/proc/scsi","/sys/firmware","/sys/devices/virtual/powercap"],"ReadonlyPaths":["/proc/bus","/proc/fs","/proc/irq","/proc/sys","/proc/sysrq-trigger"]},"GraphDriver":{"Data":{"LowerDir":"/var/lib/docker/overlay2/9b22f2c004b1a68801f4d211f8d9c2138932db07db826252202a3c88dbd97f7b-init/diff:/var/lib/docker/overlay2/8f0ddbd386af0785c2e348570516955816ab350305d698d363962d488eeb15ec/diff:/var/lib/docker/overlay2/0eb0ca73e9b0be7c3d7fa8762ef4778a68f38391bc84c037c2e90b88e781b475/diff:/var/lib/docker/overlay2/74e634bddc785c5d436b10a5158cd82e21dc2065fd1cf8ff9c1c12e01575a2d8/diff:/var/lib/docker/overlay2/bb918b2851cd2f508f1e3fdbfff8b7f8b041d61e65fe8c368288bf399e80b818/diff:/var/lib/docker/overlay2/2abab2946cbdc2941ee8ec4024c51dac7313dee9de5fbedd1ca33388c59eb3c8/diff:/var/lib/docker/overlay2/e12f6083ee669bd92743ceb339a896bb25dbe461b718705bb39eb410b80c0ecd/diff:/var/lib/docker/overlay2/ced1e86d670d097da5ed4da7288c22507735918959161c2cd8bf083fb30d169a/diff:/var/lib/docker/overlay2/94e9ac7b74923285ae73af20aeccb964ca9079e2305db367cb85d1603560472d/diff:/var/lib/docker/overlay2/a396b6dfd63f0c228c519871183c614cccf4d366a43460f27ecf97113c3c4be8/diff:/var/lib/docker/overlay2/f58ada5d5080c2bac553c734f81127660a90581a35ed2a92cebe3c59e340875b/diff:/var/lib/docker/overlay2/84f85636f37bf55d945e217b4f87a856eba7932284beaf042561007b66f48977/diff:/var/lib/docker/overlay2/1e6e519613884e91a2b74a588ba35dc8a2f789371ab798ef6e7d9836d756042f/diff:/var/lib/docker/overlay2/14a3151cc8b4f9d27d2e64f1a8abc0c7809309580f2d7e8dc8545055c1d56194/diff:/var/"
2024-07-24 14:31:01.509 [Test worker] DEBUG c.g.d.z.s.o.a.hc.client5.http.wire - http-outgoing-26 << "lib/docker/overlay2/5b354b9e793401517fe2f1da697653fdaadffc54888eaf76d67e0600b8c68bdc/diff","MergedDir":"/var/lib/docker/overlay2/9b22f2c004b1a68801f4d211f8d9c2138932db07db826252202a3c88dbd97f7b/merged","UpperDir":"/var/lib/docker/overlay2/9b22f2c004b1a68801f4d211f8d9c2138932db07db826252202a3c88dbd97f7b/diff","WorkDir":"/var/lib/docker/overlay2/9b22f2c004b1a68801f4d211f8d9c2138932db07db826252202a3c88dbd97f7b/work"},"Name":"overlay2"},"Mounts":[{"Type":"volume","Name":"c4b690040fc7a29e91ad45584a210d188670456431d7791833c1fd775ef056c1","Source":"/var/lib/docker/volumes/c4b690040fc7a29e91ad45584a210d188670456431d7791833c1fd775ef056c1/_data","Destination":"/var/lib/postgresql/data","Driver":"local","Mode":"","RW":true,"Propagation":""}],"Config":{"Hostname":"5f4d55e5257b","Domainname":"","User":"","AttachStdin":false,"AttachStdout":false,"AttachStderr":false,"ExposedPorts":{"5432/tcp":{}},"Tty":false,"OpenStdin":false,"StdinOnce":false,"Env":["POSTGRES_USER=user","POSTGRES_PASSWORD=password","POSTGRES_DB=db","PATH=/usr/local/sbin:/usr/local/bin:/usr/sbin:/usr/bin:/sbin:/bin:/usr/lib/postgresql/16/bin","GOSU_VERSION=1.17","LANG=en_US.utf8","PG_MAJOR=16","PG_VERSION=16.2-1.pgdg120+2","PGDATA=/var/lib/postgresql/data"],"Cmd":["postgres","-c","fsync=off"],"Image":"postgres:latest","Volumes":{"/var/lib/postgresql/data":{}},"WorkingDir":"","Entrypoint":["docker-entrypoint.sh"],"OnBuild":null,"Labels":{"org.testcontainers":"true","org.testcontainers.lang":"java","org.testcontainers.sessionId":"280e6229-7396-4d60-b1e3-a5de48b5d49b","org.testcontainers.version":"1.19.8"},"StopSignal":"SIGINT"},"NetworkSettings":{"Bridge":"","SandboxID":"663f156df93b31963aa05f980439c40305f1fc475b2989f4ef0518206bdc45ba","SandboxKey":"/var/run/docker/netns/663f156df93b","Ports":{},"HairpinMode":false,"LinkLocalIPv6Address":"","LinkLocalIPv6PrefixLen":0,"SecondaryIPAddresses":null,"SecondaryIPv6Addresses":null,"EndpointID":"","Gateway":"","GlobalIPv6Address":"","GlobalIPv6PrefixLen":0,"IPAddress":"","IPPrefixLen":0,"IPv6Gateway":"","MacAddress":"","Networks":{"bridge":{"IPAMConfig":null,"Links":null,"Aliases":null,"MacAddress":"","NetworkID":"3c842496be344cbdae878c1dee0957e7bc7c0a2236009c92752030f2b053e72f","EndpointID":"","Gateway":"","IPAddress":"","IPPrefixLen":0,"IPv6Gateway":"","GlobalIPv6Address":"","GlobalIPv6PrefixLen":0,"DriverOpts":null,"DNSNames":null}}}}[\n]"
2024-07-24 14:31:01.511 [Test worker] DEBUG c.g.d.z.s.o.a.hc.client5.http.wire - http-outgoing-26 << "[\r][\n]"
2024-07-24 14:31:01.511 [Test worker] DEBUG c.g.d.z.s.o.a.hc.client5.http.wire - http-outgoing-26 << "0[\r][\n]"
2024-07-24 14:31:01.511 [Test worker] DEBUG c.g.d.z.s.o.a.hc.client5.http.wire - http-outgoing-26 << "[\r][\n]"
2024-07-24 14:31:01.511 [Test worker] DEBUG c.g.d.z.s.o.a.h.c.h.i.c.InternalHttpClient - ep-0000011A: releasing valid endpoint
2024-07-24 14:31:01.511 [Test worker] DEBUG c.g.d.z.s.o.a.h.c.h.i.i.PoolingHttpClientConnectionManager - ep-0000011A: releasing endpoint
2024-07-24 14:31:01.511 [Test worker] DEBUG c.g.d.z.s.o.a.h.c.h.i.i.PoolingHttpClientConnectionManager - ep-0000011A: connection http-outgoing-26 can be kept alive for 3 MINUTES
2024-07-24 14:31:01.511 [Test worker] DEBUG c.g.d.z.s.o.a.h.c.h.i.i.PoolingHttpClientConnectionManager - ep-0000011A: connection released [route: {}->npipe://localhost:2375][total available: 1; route allocated: 1 of 2147483647; total allocated: 1 of 2147483647]
2024-07-24 14:31:01.511 [Test worker] TRACE o.t.utility.ResourceReaper - Removing container: 5f4d55e5257be669e343838a682bd54d001a3562308fe5c6c2f77e24fc4a6799
2024-07-24 14:31:01.511 [Test worker] DEBUG o.t.s.c.g.d.c.command.AbstrDockerCmd - Cmd: 5f4d55e5257be669e343838a682bd54d001a3562308fe5c6c2f77e24fc4a6799,true,true
2024-07-24 14:31:01.511 [Test worker] TRACE o.t.s.c.g.d.c.e.RemoveContainerCmdExec - DELETE: DefaultWebTarget{path=[/containers/5f4d55e5257be669e343838a682bd54d001a3562308fe5c6c2f77e24fc4a6799], queryParams={v=[true], force=[true]}}
2024-07-24 14:31:01.511 [Test worker] DEBUG c.g.d.z.s.o.a.h.c.h.i.c.InternalHttpClient - ex-0000011C: preparing request execution
2024-07-24 14:31:01.511 [Test worker] DEBUG c.g.d.z.s.o.a.h.c.h.p.RequestAddCookies - Cookie spec selected: strict
2024-07-24 14:31:01.511 [Test worker] DEBUG c.g.d.z.s.o.a.h.c.h.p.RequestAuthCache - Auth cache not set in the context
2024-07-24 14:31:01.512 [Test worker] DEBUG c.g.d.z.s.o.a.h.c.h.i.c.ProtocolExec - ex-0000011C: target auth state: UNCHALLENGED
2024-07-24 14:31:01.512 [Test worker] DEBUG c.g.d.z.s.o.a.h.c.h.i.c.ProtocolExec - ex-0000011C: proxy auth state: UNCHALLENGED
2024-07-24 14:31:01.512 [Test worker] DEBUG c.g.d.z.s.o.a.h.c.h.i.c.ConnectExec - ex-0000011C: acquiring connection with route {}->npipe://localhost:2375
2024-07-24 14:31:01.512 [Test worker] DEBUG c.g.d.z.s.o.a.h.c.h.i.c.InternalHttpClient - ex-0000011C: acquiring endpoint (3 MINUTES)
2024-07-24 14:31:01.512 [Test worker] DEBUG c.g.d.z.s.o.a.h.c.h.i.i.PoolingHttpClientConnectionManager - ex-0000011C: endpoint lease request (3 MINUTES) [route: {}->npipe://localhost:2375][total available: 1; route allocated: 1 of 2147483647; total allocated: 1 of 2147483647]
2024-07-24 14:31:01.512 [Test worker] DEBUG c.g.d.z.s.o.a.h.c.h.i.i.PoolingHttpClientConnectionManager - ex-0000011C: endpoint leased [route: {}->npipe://localhost:2375][total available: 0; route allocated: 1 of 2147483647; total allocated: 1 of 2147483647]
2024-07-24 14:31:01.512 [Test worker] DEBUG c.g.d.z.s.o.a.h.c.h.i.i.PoolingHttpClientConnectionManager - ex-0000011C: acquired ep-0000011B
2024-07-24 14:31:01.512 [Test worker] DEBUG c.g.d.z.s.o.a.h.c.h.i.c.InternalHttpClient - ex-0000011C: acquired endpoint ep-0000011B
2024-07-24 14:31:01.512 [Test worker] DEBUG c.g.d.z.s.o.a.h.c.h.i.c.MainClientExec - ex-0000011C: executing DELETE /v1.32/containers/5f4d55e5257be669e343838a682bd54d001a3562308fe5c6c2f77e24fc4a6799?v=true&force=true HTTP/1.1
2024-07-24 14:31:01.512 [Test worker] DEBUG c.g.d.z.s.o.a.h.c.h.i.c.InternalHttpClient - ep-0000011B: start execution ex-0000011C
2024-07-24 14:31:01.512 [Test worker] DEBUG c.g.d.z.s.o.a.h.c.h.i.i.PoolingHttpClientConnectionManager - ep-0000011B: executing exchange ex-0000011C over http-outgoing-26
2024-07-24 14:31:01.512 [Test worker] DEBUG c.g.d.z.s.o.a.h.client5.http.headers - http-outgoing-26 >> DELETE /v1.32/containers/5f4d55e5257be669e343838a682bd54d001a3562308fe5c6c2f77e24fc4a6799?v=true&force=true HTTP/1.1
2024-07-24 14:31:01.512 [Test worker] DEBUG c.g.d.z.s.o.a.h.client5.http.headers - http-outgoing-26 >> accept: application/json
2024-07-24 14:31:01.512 [Test worker] DEBUG c.g.d.z.s.o.a.h.client5.http.headers - http-outgoing-26 >> x-tc-sid: 280e6229-7396-4d60-b1e3-a5de48b5d49b
2024-07-24 14:31:01.512 [Test worker] DEBUG c.g.d.z.s.o.a.h.client5.http.headers - http-outgoing-26 >> User-Agent: tc-java/1.19.8
2024-07-24 14:31:01.512 [Test worker] DEBUG c.g.d.z.s.o.a.h.client5.http.headers - http-outgoing-26 >> Accept-Encoding: gzip, x-gzip, deflate
2024-07-24 14:31:01.512 [Test worker] DEBUG c.g.d.z.s.o.a.h.client5.http.headers - http-outgoing-26 >> Host: localhost:2375
2024-07-24 14:31:01.512 [Test worker] DEBUG c.g.d.z.s.o.a.h.client5.http.headers - http-outgoing-26 >> Connection: keep-alive
2024-07-24 14:31:01.512 [Test worker] DEBUG c.g.d.z.s.o.a.hc.client5.http.wire - http-outgoing-26 >> "DELETE /v1.32/containers/5f4d55e5257be669e343838a682bd54d001a3562308fe5c6c2f77e24fc4a6799?v=true&force=true HTTP/1.1[\r][\n]"
2024-07-24 14:31:01.512 [Test worker] DEBUG c.g.d.z.s.o.a.hc.client5.http.wire - http-outgoing-26 >> "accept: application/json[\r][\n]"
2024-07-24 14:31:01.512 [Test worker] DEBUG c.g.d.z.s.o.a.hc.client5.http.wire - http-outgoing-26 >> "x-tc-sid: 280e6229-7396-4d60-b1e3-a5de48b5d49b[\r][\n]"
2024-07-24 14:31:01.512 [Test worker] DEBUG c.g.d.z.s.o.a.hc.client5.http.wire - http-outgoing-26 >> "User-Agent: tc-java/1.19.8[\r][\n]"
2024-07-24 14:31:01.512 [Test worker] DEBUG c.g.d.z.s.o.a.hc.client5.http.wire - http-outgoing-26 >> "Accept-Encoding: gzip, x-gzip, deflate[\r][\n]"
2024-07-24 14:31:01.512 [Test worker] DEBUG c.g.d.z.s.o.a.hc.client5.http.wire - http-outgoing-26 >> "Host: localhost:2375[\r][\n]"
2024-07-24 14:31:01.512 [Test worker] DEBUG c.g.d.z.s.o.a.hc.client5.http.wire - http-outgoing-26 >> "Connection: keep-alive[\r][\n]"
2024-07-24 14:31:01.512 [Test worker] DEBUG c.g.d.z.s.o.a.hc.client5.http.wire - http-outgoing-26 >> "[\r][\n]"
2024-07-24 14:31:01.579 [Test worker] DEBUG c.g.d.z.s.o.a.hc.client5.http.wire - http-outgoing-26 << "HTTP/1.1 204 No Content[\r][\n]"
2024-07-24 14:31:01.579 [Test worker] DEBUG c.g.d.z.s.o.a.hc.client5.http.wire - http-outgoing-26 << "Api-Version: 1.45[\r][\n]"
2024-07-24 14:31:01.579 [Test worker] DEBUG c.g.d.z.s.o.a.hc.client5.http.wire - http-outgoing-26 << "Date: Wed, 24 Jul 2024 02:31:01 GMT[\r][\n]"
2024-07-24 14:31:01.579 [Test worker] DEBUG c.g.d.z.s.o.a.hc.client5.http.wire - http-outgoing-26 << "Docker-Experimental: false[\r][\n]"
2024-07-24 14:31:01.579 [Test worker] DEBUG c.g.d.z.s.o.a.hc.client5.http.wire - http-outgoing-26 << "Ostype: linux[\r][\n]"
2024-07-24 14:31:01.579 [Test worker] DEBUG c.g.d.z.s.o.a.hc.client5.http.wire - http-outgoing-26 << "Server: Docker/26.0.0 (linux)[\r][\n]"
2024-07-24 14:31:01.579 [Test worker] DEBUG c.g.d.z.s.o.a.hc.client5.http.wire - http-outgoing-26 << "[\r][\n]"
2024-07-24 14:31:01.580 [Test worker] DEBUG c.g.d.z.s.o.a.h.client5.http.headers - http-outgoing-26 << HTTP/1.1 204 No Content
2024-07-24 14:31:01.580 [Test worker] DEBUG c.g.d.z.s.o.a.h.client5.http.headers - http-outgoing-26 << Api-Version: 1.45
2024-07-24 14:31:01.580 [Test worker] DEBUG c.g.d.z.s.o.a.h.client5.http.headers - http-outgoing-26 << Date: Wed, 24 Jul 2024 02:31:01 GMT
2024-07-24 14:31:01.580 [Test worker] DEBUG c.g.d.z.s.o.a.h.client5.http.headers - http-outgoing-26 << Docker-Experimental: false
2024-07-24 14:31:01.580 [Test worker] DEBUG c.g.d.z.s.o.a.h.client5.http.headers - http-outgoing-26 << Ostype: linux
2024-07-24 14:31:01.580 [Test worker] DEBUG c.g.d.z.s.o.a.h.client5.http.headers - http-outgoing-26 << Server: Docker/26.0.0 (linux)
2024-07-24 14:31:01.580 [Test worker] DEBUG c.g.d.z.s.o.a.h.c.h.i.c.MainClientExec - ex-0000011C: connection can be kept alive for 3 MINUTES
2024-07-24 14:31:01.580 [Test worker] DEBUG c.g.d.z.s.o.a.h.c.h.i.c.InternalHttpClient - ep-0000011B: releasing valid endpoint
2024-07-24 14:31:01.580 [Test worker] DEBUG c.g.d.z.s.o.a.h.c.h.i.i.PoolingHttpClientConnectionManager - ep-0000011B: releasing endpoint
2024-07-24 14:31:01.580 [Test worker] DEBUG c.g.d.z.s.o.a.h.c.h.i.i.PoolingHttpClientConnectionManager - ep-0000011B: connection http-outgoing-26 can be kept alive for 3 MINUTES
2024-07-24 14:31:01.580 [Test worker] DEBUG c.g.d.z.s.o.a.h.c.h.i.i.PoolingHttpClientConnectionManager - ep-0000011B: connection released [route: {}->npipe://localhost:2375][total available: 1; route allocated: 1 of 2147483647; total allocated: 1 of 2147483647]
2024-07-24 14:31:01.580 [Test worker] DEBUG o.t.utility.ResourceReaper - Removed container and associated volume(s): postgres:latest
2024-07-24 14:31:01.581 [Test worker] DEBUG o.t.u.PrefixingImageNameSubstitutor - No prefix is configured
2024-07-24 14:31:01.581 [Test worker] DEBUG o.t.utility.ImageNameSubstitutor - Did not find a substitute image for postgres:latest (using image substitutor: DefaultImageNameSubstitutor (composite of 'ConfigurationFileImageNameSubstitutor' and 'PrefixingImageNameSubstitutor'))
2024-07-24 14:31:01.581 [Test worker] TRACE tc.postgres:latest - postgres:latest is already in image name cache
2024-07-24 14:31:01.581 [Test worker] DEBUG o.t.images.AbstractImagePullPolicy - Using locally available and not pulling image: postgres:latest
2024-07-24 14:31:01.581 [Test worker] DEBUG tc.postgres:latest - Starting container: postgres:latest
2024-07-24 14:31:01.581 [Test worker] DEBUG tc.postgres:latest - Trying to start container: postgres:latest (attempt 1/1)
2024-07-24 14:31:01.581 [Test worker] DEBUG tc.postgres:latest - Starting container: postgres:latest
2024-07-24 14:31:01.581 [Test worker] INFO  tc.postgres:latest - Creating container for image: postgres:latest
2024-07-24 14:31:01.581 [Test worker] DEBUG o.t.utility.RegistryAuthLocator - Looking up auth config for image: postgres:latest at registry: https://index.docker.io/v1/
2024-07-24 14:31:01.581 [Test worker] DEBUG o.t.utility.RegistryAuthLocator - No matching Auth Configs - falling back to defaultAuthConfig [null]
2024-07-24 14:31:01.581 [Test worker] DEBUG o.t.d.AuthDelegatingDockerClientConfig - Effective auth config [null]
2024-07-24 14:31:01.581 [Test worker] DEBUG o.t.s.c.g.d.c.command.AbstrDockerCmd - Cmd: org.testcontainers.shaded.com.github.dockerjava.core.command.CreateContainerCmdImpl@6282b9f5[aliases=<null>,argsEscaped=<null>,attachStderr=<null>,attachStdin=<null>,attachStdout=<null>,authConfig=<null>,cmd={postgres,-c,fsync=off},domainName=<null>,entrypoint=<null>,env={POSTGRES_USER=user,POSTGRES_PASSWORD=password,POSTGRES_DB=db},exposedPorts=ExposedPorts(exposedPorts=[5432/tcp]),healthcheck=<null>,hostConfig=HostConfig(binds=[], blkioWeight=null, blkioWeightDevice=null, blkioDeviceReadBps=null, blkioDeviceWriteBps=null, blkioDeviceReadIOps=null, blkioDeviceWriteIOps=null, memorySwappiness=null, nanoCPUs=null, capAdd=null, capDrop=null, containerIDFile=null, cpuPeriod=null, cpuRealtimePeriod=null, cpuRealtimeRuntime=null, cpuShares=null, cpuQuota=null, cpusetCpus=null, cpusetMems=null, devices=null, deviceCgroupRules=null, deviceRequests=null, diskQuota=null, dns=null, dnsOptions=null, dnsSearch=null, extraHosts=[], groupAdd=null, ipcMode=null, cgroup=null, links=[], logConfig=LogConfig(type=null, config=null), lxcConf=null, memory=null, memorySwap=null, memoryReservation=null, kernelMemory=null, networkMode=null, oomKillDisable=null, init=null, autoRemove=null, oomScoreAdj=null, portBindings={5432/tcp=[Lcom.github.dockerjava.api.model.Ports$Binding;@31f77791}, privileged=null, publishAllPorts=null, readonlyRootfs=null, restartPolicy=null, ulimits=null, cpuCount=null, cpuPercent=null, ioMaximumIOps=null, ioMaximumBandwidth=null, volumesFrom=[], mounts=null, pidMode=null, isolation=null, securityOpts=null, storageOpt=null, cgroupParent=null, volumeDriver=null, shmSize=null, pidsLimit=null, runtime=null, tmpFs=null, utSMode=null, usernsMode=null, sysctls=null, consoleSize=null, cgroupnsMode=null),hostName=<null>,image=postgres:latest,ipv4Address=<null>,ipv6Address=<null>,labels={org.testcontainers=true, org.testcontainers.lang=java, org.testcontainers.version=1.19.8, org.testcontainers.sessionId=280e6229-7396-4d60-b1e3-a5de48b5d49b},macAddress=<null>,name=<null>,networkDisabled=<null>,networkingConfig=<null>,onBuild=<null>,platform=<null>,portSpecs=<null>,shell=<null>,stdInOnce=<null>,stdinOpen=<null>,stopSignal=<null>,stopTimeout=<null>,tty=<null>,user=<null>,volumes=Volumes(volumes=[]),workingDir=<null>]
2024-07-24 14:31:01.582 [Test worker] TRACE o.t.s.c.g.d.c.e.CreateContainerCmdExec - POST: DefaultWebTarget{path=[/containers/create], queryParams={}} 
2024-07-24 14:31:01.583 [Test worker] DEBUG c.g.d.z.s.o.a.h.c.h.i.c.InternalHttpClient - ex-0000011D: preparing request execution
2024-07-24 14:31:01.583 [Test worker] DEBUG c.g.d.z.s.o.a.h.c.h.p.RequestAddCookies - Cookie spec selected: strict
2024-07-24 14:31:01.583 [Test worker] DEBUG c.g.d.z.s.o.a.h.c.h.p.RequestAuthCache - Auth cache not set in the context
2024-07-24 14:31:01.583 [Test worker] DEBUG c.g.d.z.s.o.a.h.c.h.i.c.ProtocolExec - ex-0000011D: target auth state: UNCHALLENGED
2024-07-24 14:31:01.583 [Test worker] DEBUG c.g.d.z.s.o.a.h.c.h.i.c.ProtocolExec - ex-0000011D: proxy auth state: UNCHALLENGED
2024-07-24 14:31:01.583 [Test worker] DEBUG c.g.d.z.s.o.a.h.c.h.i.c.ConnectExec - ex-0000011D: acquiring connection with route {}->npipe://localhost:2375
2024-07-24 14:31:01.583 [Test worker] DEBUG c.g.d.z.s.o.a.h.c.h.i.c.InternalHttpClient - ex-0000011D: acquiring endpoint (3 MINUTES)
2024-07-24 14:31:01.583 [Test worker] DEBUG c.g.d.z.s.o.a.h.c.h.i.i.PoolingHttpClientConnectionManager - ex-0000011D: endpoint lease request (3 MINUTES) [route: {}->npipe://localhost:2375][total available: 1; route allocated: 1 of 2147483647; total allocated: 1 of 2147483647]
2024-07-24 14:31:01.583 [Test worker] DEBUG c.g.d.z.s.o.a.h.c.h.i.i.PoolingHttpClientConnectionManager - ex-0000011D: endpoint leased [route: {}->npipe://localhost:2375][total available: 0; route allocated: 1 of 2147483647; total allocated: 1 of 2147483647]
2024-07-24 14:31:01.583 [Test worker] DEBUG c.g.d.z.s.o.a.h.c.h.i.i.PoolingHttpClientConnectionManager - ex-0000011D: acquired ep-0000011C
2024-07-24 14:31:01.583 [Test worker] DEBUG c.g.d.z.s.o.a.h.c.h.i.c.InternalHttpClient - ex-0000011D: acquired endpoint ep-0000011C
2024-07-24 14:31:01.583 [Test worker] DEBUG c.g.d.z.s.o.a.h.c.h.i.c.MainClientExec - ex-0000011D: executing POST /v1.32/containers/create HTTP/1.1
2024-07-24 14:31:01.583 [Test worker] DEBUG c.g.d.z.s.o.a.h.c.h.i.c.InternalHttpClient - ep-0000011C: start execution ex-0000011D
2024-07-24 14:31:01.583 [Test worker] DEBUG c.g.d.z.s.o.a.h.c.h.i.i.PoolingHttpClientConnectionManager - ep-0000011C: executing exchange ex-0000011D over http-outgoing-26
2024-07-24 14:31:01.583 [Test worker] DEBUG c.g.d.z.s.o.a.h.client5.http.headers - http-outgoing-26 >> POST /v1.32/containers/create HTTP/1.1
2024-07-24 14:31:01.583 [Test worker] DEBUG c.g.d.z.s.o.a.h.client5.http.headers - http-outgoing-26 >> accept: application/json
2024-07-24 14:31:01.583 [Test worker] DEBUG c.g.d.z.s.o.a.h.client5.http.headers - http-outgoing-26 >> content-type: application/json
2024-07-24 14:31:01.583 [Test worker] DEBUG c.g.d.z.s.o.a.h.client5.http.headers - http-outgoing-26 >> x-tc-sid: 280e6229-7396-4d60-b1e3-a5de48b5d49b
2024-07-24 14:31:01.583 [Test worker] DEBUG c.g.d.z.s.o.a.h.client5.http.headers - http-outgoing-26 >> User-Agent: tc-java/1.19.8
2024-07-24 14:31:01.583 [Test worker] DEBUG c.g.d.z.s.o.a.h.client5.http.headers - http-outgoing-26 >> Accept-Encoding: gzip, x-gzip, deflate
2024-07-24 14:31:01.583 [Test worker] DEBUG c.g.d.z.s.o.a.h.client5.http.headers - http-outgoing-26 >> Content-Length: 2061
2024-07-24 14:31:01.583 [Test worker] DEBUG c.g.d.z.s.o.a.h.client5.http.headers - http-outgoing-26 >> Host: localhost:2375
2024-07-24 14:31:01.583 [Test worker] DEBUG c.g.d.z.s.o.a.h.client5.http.headers - http-outgoing-26 >> Connection: keep-alive
2024-07-24 14:31:01.583 [Test worker] DEBUG c.g.d.z.s.o.a.hc.client5.http.wire - http-outgoing-26 >> "POST /v1.32/containers/create HTTP/1.1[\r][\n]"
2024-07-24 14:31:01.583 [Test worker] DEBUG c.g.d.z.s.o.a.hc.client5.http.wire - http-outgoing-26 >> "accept: application/json[\r][\n]"
2024-07-24 14:31:01.583 [Test worker] DEBUG c.g.d.z.s.o.a.hc.client5.http.wire - http-outgoing-26 >> "content-type: application/json[\r][\n]"
2024-07-24 14:31:01.583 [Test worker] DEBUG c.g.d.z.s.o.a.hc.client5.http.wire - http-outgoing-26 >> "x-tc-sid: 280e6229-7396-4d60-b1e3-a5de48b5d49b[\r][\n]"
2024-07-24 14:31:01.583 [Test worker] DEBUG c.g.d.z.s.o.a.hc.client5.http.wire - http-outgoing-26 >> "User-Agent: tc-java/1.19.8[\r][\n]"
2024-07-24 14:31:01.583 [Test worker] DEBUG c.g.d.z.s.o.a.hc.client5.http.wire - http-outgoing-26 >> "Accept-Encoding: gzip, x-gzip, deflate[\r][\n]"
2024-07-24 14:31:01.583 [Test worker] DEBUG c.g.d.z.s.o.a.hc.client5.http.wire - http-outgoing-26 >> "Content-Length: 2061[\r][\n]"
2024-07-24 14:31:01.583 [Test worker] DEBUG c.g.d.z.s.o.a.hc.client5.http.wire - http-outgoing-26 >> "Host: localhost:2375[\r][\n]"
2024-07-24 14:31:01.583 [Test worker] DEBUG c.g.d.z.s.o.a.hc.client5.http.wire - http-outgoing-26 >> "Connection: keep-alive[\r][\n]"
2024-07-24 14:31:01.583 [Test worker] DEBUG c.g.d.z.s.o.a.hc.client5.http.wire - http-outgoing-26 >> "[\r][\n]"
2024-07-24 14:31:01.583 [Test worker] DEBUG c.g.d.z.s.o.a.hc.client5.http.wire - http-outgoing-26 >> "{"Hostname":null,"Domainname":null,"User":null,"AttachStdin":null,"AttachStdout":null,"AttachStderr":null,"PortSpecs":null,"Tty":null,"OpenStdin":null,"StdinOnce":null,"Env":["POSTGRES_USER=user","POSTGRES_PASSWORD=password","POSTGRES_DB=db"],"Cmd":["postgres","-c","fsync=off"],"Healthcheck":null,"ArgsEscaped":null,"Entrypoint":null,"Image":"postgres:latest","Volumes":{},"WorkingDir":null,"MacAddress":null,"OnBuild":null,"NetworkDisabled":null,"ExposedPorts":{"5432/tcp":{}},"StopSignal":null,"StopTimeout":null,"HostConfig":{"Binds":[],"BlkioWeight":null,"BlkioWeightDevice":null,"BlkioDeviceReadBps":null,"BlkioDeviceWriteBps":null,"BlkioDeviceReadIOps":null,"BlkioDeviceWriteIOps":null,"MemorySwappiness":null,"NanoCpus":null,"CapAdd":null,"CapDrop":null,"ContainerIDFile":null,"CpuPeriod":null,"CpuRealtimePeriod":null,"CpuRealtimeRuntime":null,"CpuShares":null,"CpuQuota":null,"CpusetCpus":null,"CpusetMems":null,"Devices":null,"DeviceCgroupRules":null,"DeviceRequests":null,"DiskQuota":null,"Dns":null,"DnsOptions":null,"DnsSearch":null,"ExtraHosts":[],"GroupAdd":null,"IpcMode":null,"Cgroup":null,"Links":[],"LogConfig":null,"LxcConf":null,"Memory":null,"MemorySwap":null,"MemoryReservation":null,"KernelMemory":null,"NetworkMode":null,"OomKillDisable":null,"Init":null,"AutoRemove":null,"OomScoreAdj":null,"PortBindings":{"5432/tcp":[{"HostIp":"","HostPort":""}]},"Privileged":null,"PublishAllPorts":null,"ReadonlyRootfs":null,"RestartPolicy":null,"Ulimits":null,"CpuCount":null,"CpuPercent":null,"IOMaximumIOps":null,"IOMaximumBandwidth":null,"VolumesFrom":[],"Mounts":null,"PidMode":null,"Isolation":null,"SecurityOpt":null,"StorageOpt":null,"CgroupParent":null,"VolumeDriver":null,"ShmSize":null,"PidsLimit":null,"Runtime":null,"Tmpfs":null,"UTSMode":null,"UsernsMode":null,"Sysctls":null,"ConsoleSize":null,"CgroupnsMode":null},"Labels":{"org.testcontainers":"true","org.testcontainers.lang":"java","org.testcontainers.version":"1.19.8","org.testcontainers.sessionId":"280e6229-7396-4d60-b1e3-a5de48b5d49b"},"Shell":null,"NetworkingConfig":null}"
2024-07-24 14:31:01.723 [Test worker] DEBUG c.g.d.z.s.o.a.hc.client5.http.wire - http-outgoing-26 << "HTTP/1.1 201 Created[\r][\n]"
2024-07-24 14:31:01.723 [Test worker] DEBUG c.g.d.z.s.o.a.hc.client5.http.wire - http-outgoing-26 << "Api-Version: 1.45[\r][\n]"
2024-07-24 14:31:01.723 [Test worker] DEBUG c.g.d.z.s.o.a.hc.client5.http.wire - http-outgoing-26 << "Content-Type: application/json[\r][\n]"
2024-07-24 14:31:01.723 [Test worker] DEBUG c.g.d.z.s.o.a.hc.client5.http.wire - http-outgoing-26 << "Date: Wed, 24 Jul 2024 02:31:01 GMT[\r][\n]"
2024-07-24 14:31:01.723 [Test worker] DEBUG c.g.d.z.s.o.a.hc.client5.http.wire - http-outgoing-26 << "Docker-Experimental: false[\r][\n]"
2024-07-24 14:31:01.723 [Test worker] DEBUG c.g.d.z.s.o.a.hc.client5.http.wire - http-outgoing-26 << "Ostype: linux[\r][\n]"
2024-07-24 14:31:01.723 [Test worker] DEBUG c.g.d.z.s.o.a.hc.client5.http.wire - http-outgoing-26 << "Server: Docker/26.0.0 (linux)[\r][\n]"
2024-07-24 14:31:01.723 [Test worker] DEBUG c.g.d.z.s.o.a.hc.client5.http.wire - http-outgoing-26 << "Transfer-Encoding: chunked[\r][\n]"
2024-07-24 14:31:01.723 [Test worker] DEBUG c.g.d.z.s.o.a.hc.client5.http.wire - http-outgoing-26 << "[\r][\n]"
2024-07-24 14:31:01.723 [Test worker] DEBUG c.g.d.z.s.o.a.h.client5.http.headers - http-outgoing-26 << HTTP/1.1 201 Created
2024-07-24 14:31:01.723 [Test worker] DEBUG c.g.d.z.s.o.a.h.client5.http.headers - http-outgoing-26 << Api-Version: 1.45
2024-07-24 14:31:01.723 [Test worker] DEBUG c.g.d.z.s.o.a.h.client5.http.headers - http-outgoing-26 << Content-Type: application/json
2024-07-24 14:31:01.723 [Test worker] DEBUG c.g.d.z.s.o.a.h.client5.http.headers - http-outgoing-26 << Date: Wed, 24 Jul 2024 02:31:01 GMT
2024-07-24 14:31:01.723 [Test worker] DEBUG c.g.d.z.s.o.a.h.client5.http.headers - http-outgoing-26 << Docker-Experimental: false
2024-07-24 14:31:01.723 [Test worker] DEBUG c.g.d.z.s.o.a.h.client5.http.headers - http-outgoing-26 << Ostype: linux
2024-07-24 14:31:01.723 [Test worker] DEBUG c.g.d.z.s.o.a.h.client5.http.headers - http-outgoing-26 << Server: Docker/26.0.0 (linux)
2024-07-24 14:31:01.723 [Test worker] DEBUG c.g.d.z.s.o.a.h.client5.http.headers - http-outgoing-26 << Transfer-Encoding: chunked
2024-07-24 14:31:01.723 [Test worker] DEBUG c.g.d.z.s.o.a.h.c.h.i.c.MainClientExec - ex-0000011D: connection can be kept alive for 3 MINUTES
2024-07-24 14:31:01.723 [Test worker] DEBUG c.g.d.z.s.o.a.hc.client5.http.wire - http-outgoing-26 << "58[\r][\n]"
2024-07-24 14:31:01.723 [Test worker] DEBUG c.g.d.z.s.o.a.hc.client5.http.wire - http-outgoing-26 << "{"Id":"99fcdb2200153bd54f3b8ed94b859cf64c362c88dc30812fcf335aa6cec7d89e","Warnings":[]}[\n]"
2024-07-24 14:31:01.724 [Test worker] DEBUG c.g.d.z.s.o.a.hc.client5.http.wire - http-outgoing-26 << "[\r][\n]"
2024-07-24 14:31:01.724 [Test worker] DEBUG c.g.d.z.s.o.a.hc.client5.http.wire - http-outgoing-26 << "0[\r][\n]"
2024-07-24 14:31:01.724 [Test worker] DEBUG c.g.d.z.s.o.a.hc.client5.http.wire - http-outgoing-26 << "[\r][\n]"
2024-07-24 14:31:01.724 [Test worker] DEBUG c.g.d.z.s.o.a.h.c.h.i.c.InternalHttpClient - ep-0000011C: releasing valid endpoint
2024-07-24 14:31:01.724 [Test worker] DEBUG c.g.d.z.s.o.a.h.c.h.i.i.PoolingHttpClientConnectionManager - ep-0000011C: releasing endpoint
2024-07-24 14:31:01.724 [Test worker] DEBUG c.g.d.z.s.o.a.h.c.h.i.i.PoolingHttpClientConnectionManager - ep-0000011C: connection http-outgoing-26 can be kept alive for 3 MINUTES
2024-07-24 14:31:01.724 [Test worker] DEBUG c.g.d.z.s.o.a.h.c.h.i.i.PoolingHttpClientConnectionManager - ep-0000011C: connection released [route: {}->npipe://localhost:2375][total available: 1; route allocated: 1 of 2147483647; total allocated: 1 of 2147483647]
2024-07-24 14:31:01.725 [Test worker] INFO  tc.postgres:latest - Container postgres:latest is starting: 99fcdb2200153bd54f3b8ed94b859cf64c362c88dc30812fcf335aa6cec7d89e
2024-07-24 14:31:01.725 [Test worker] DEBUG o.t.s.c.g.d.c.command.AbstrDockerCmd - Cmd: 99fcdb2200153bd54f3b8ed94b859cf64c362c88dc30812fcf335aa6cec7d89e
2024-07-24 14:31:01.725 [Test worker] TRACE o.t.s.c.g.d.c.e.StartContainerCmdExec - POST: DefaultWebTarget{path=[/containers/99fcdb2200153bd54f3b8ed94b859cf64c362c88dc30812fcf335aa6cec7d89e/start], queryParams={}}
2024-07-24 14:31:01.725 [Test worker] DEBUG c.g.d.z.s.o.a.h.c.h.i.c.InternalHttpClient - ex-0000011E: preparing request execution
2024-07-24 14:31:01.725 [Test worker] DEBUG c.g.d.z.s.o.a.h.c.h.p.RequestAddCookies - Cookie spec selected: strict
2024-07-24 14:31:01.725 [Test worker] DEBUG c.g.d.z.s.o.a.h.c.h.p.RequestAuthCache - Auth cache not set in the context
2024-07-24 14:31:01.725 [Test worker] DEBUG c.g.d.z.s.o.a.h.c.h.i.c.ProtocolExec - ex-0000011E: target auth state: UNCHALLENGED
2024-07-24 14:31:01.725 [Test worker] DEBUG c.g.d.z.s.o.a.h.c.h.i.c.ProtocolExec - ex-0000011E: proxy auth state: UNCHALLENGED
2024-07-24 14:31:01.725 [Test worker] DEBUG c.g.d.z.s.o.a.h.c.h.i.c.ConnectExec - ex-0000011E: acquiring connection with route {}->npipe://localhost:2375
2024-07-24 14:31:01.725 [Test worker] DEBUG c.g.d.z.s.o.a.h.c.h.i.c.InternalHttpClient - ex-0000011E: acquiring endpoint (3 MINUTES)
2024-07-24 14:31:01.725 [Test worker] DEBUG c.g.d.z.s.o.a.h.c.h.i.i.PoolingHttpClientConnectionManager - ex-0000011E: endpoint lease request (3 MINUTES) [route: {}->npipe://localhost:2375][total available: 1; route allocated: 1 of 2147483647; total allocated: 1 of 2147483647]
2024-07-24 14:31:01.725 [Test worker] DEBUG c.g.d.z.s.o.a.h.c.h.i.i.PoolingHttpClientConnectionManager - ex-0000011E: endpoint leased [route: {}->npipe://localhost:2375][total available: 0; route allocated: 1 of 2147483647; total allocated: 1 of 2147483647]
2024-07-24 14:31:01.725 [Test worker] DEBUG c.g.d.z.s.o.a.h.c.h.i.i.PoolingHttpClientConnectionManager - ex-0000011E: acquired ep-0000011D
2024-07-24 14:31:01.725 [Test worker] DEBUG c.g.d.z.s.o.a.h.c.h.i.c.InternalHttpClient - ex-0000011E: acquired endpoint ep-0000011D
2024-07-24 14:31:01.725 [Test worker] DEBUG c.g.d.z.s.o.a.h.c.h.i.c.MainClientExec - ex-0000011E: executing POST /v1.32/containers/99fcdb2200153bd54f3b8ed94b859cf64c362c88dc30812fcf335aa6cec7d89e/start HTTP/1.1
2024-07-24 14:31:01.725 [Test worker] DEBUG c.g.d.z.s.o.a.h.c.h.i.c.InternalHttpClient - ep-0000011D: start execution ex-0000011E
2024-07-24 14:31:01.725 [Test worker] DEBUG c.g.d.z.s.o.a.h.c.h.i.i.PoolingHttpClientConnectionManager - ep-0000011D: executing exchange ex-0000011E over http-outgoing-26
2024-07-24 14:31:01.725 [Test worker] DEBUG c.g.d.z.s.o.a.h.client5.http.headers - http-outgoing-26 >> POST /v1.32/containers/99fcdb2200153bd54f3b8ed94b859cf64c362c88dc30812fcf335aa6cec7d89e/start HTTP/1.1
2024-07-24 14:31:01.725 [Test worker] DEBUG c.g.d.z.s.o.a.h.client5.http.headers - http-outgoing-26 >> accept: application/json
2024-07-24 14:31:01.725 [Test worker] DEBUG c.g.d.z.s.o.a.h.client5.http.headers - http-outgoing-26 >> content-type: application/json
2024-07-24 14:31:01.725 [Test worker] DEBUG c.g.d.z.s.o.a.h.client5.http.headers - http-outgoing-26 >> x-tc-sid: 280e6229-7396-4d60-b1e3-a5de48b5d49b
2024-07-24 14:31:01.725 [Test worker] DEBUG c.g.d.z.s.o.a.h.client5.http.headers - http-outgoing-26 >> User-Agent: tc-java/1.19.8
2024-07-24 14:31:01.725 [Test worker] DEBUG c.g.d.z.s.o.a.h.client5.http.headers - http-outgoing-26 >> Accept-Encoding: gzip, x-gzip, deflate
2024-07-24 14:31:01.725 [Test worker] DEBUG c.g.d.z.s.o.a.h.client5.http.headers - http-outgoing-26 >> Host: localhost:2375
2024-07-24 14:31:01.725 [Test worker] DEBUG c.g.d.z.s.o.a.h.client5.http.headers - http-outgoing-26 >> Connection: keep-alive
2024-07-24 14:31:01.725 [Test worker] DEBUG c.g.d.z.s.o.a.hc.client5.http.wire - http-outgoing-26 >> "POST /v1.32/containers/99fcdb2200153bd54f3b8ed94b859cf64c362c88dc30812fcf335aa6cec7d89e/start HTTP/1.1[\r][\n]"
2024-07-24 14:31:01.725 [Test worker] DEBUG c.g.d.z.s.o.a.hc.client5.http.wire - http-outgoing-26 >> "accept: application/json[\r][\n]"
2024-07-24 14:31:01.725 [Test worker] DEBUG c.g.d.z.s.o.a.hc.client5.http.wire - http-outgoing-26 >> "content-type: application/json[\r][\n]"
2024-07-24 14:31:01.725 [Test worker] DEBUG c.g.d.z.s.o.a.hc.client5.http.wire - http-outgoing-26 >> "x-tc-sid: 280e6229-7396-4d60-b1e3-a5de48b5d49b[\r][\n]"
2024-07-24 14:31:01.725 [Test worker] DEBUG c.g.d.z.s.o.a.hc.client5.http.wire - http-outgoing-26 >> "User-Agent: tc-java/1.19.8[\r][\n]"
2024-07-24 14:31:01.725 [Test worker] DEBUG c.g.d.z.s.o.a.hc.client5.http.wire - http-outgoing-26 >> "Accept-Encoding: gzip, x-gzip, deflate[\r][\n]"
2024-07-24 14:31:01.725 [Test worker] DEBUG c.g.d.z.s.o.a.hc.client5.http.wire - http-outgoing-26 >> "Host: localhost:2375[\r][\n]"
2024-07-24 14:31:01.725 [Test worker] DEBUG c.g.d.z.s.o.a.hc.client5.http.wire - http-outgoing-26 >> "Connection: keep-alive[\r][\n]"
2024-07-24 14:31:01.725 [Test worker] DEBUG c.g.d.z.s.o.a.hc.client5.http.wire - http-outgoing-26 >> "[\r][\n]"
2024-07-24 14:31:02.086 [Test worker] DEBUG c.g.d.z.s.o.a.hc.client5.http.wire - http-outgoing-26 << "HTTP/1.1 204 No Content[\r][\n]"
2024-07-24 14:31:02.086 [Test worker] DEBUG c.g.d.z.s.o.a.hc.client5.http.wire - http-outgoing-26 << "Api-Version: 1.45[\r][\n]"
2024-07-24 14:31:02.086 [Test worker] DEBUG c.g.d.z.s.o.a.hc.client5.http.wire - http-outgoing-26 << "Date: Wed, 24 Jul 2024 02:31:02 GMT[\r][\n]"
2024-07-24 14:31:02.086 [Test worker] DEBUG c.g.d.z.s.o.a.hc.client5.http.wire - http-outgoing-26 << "Docker-Experimental: false[\r][\n]"
2024-07-24 14:31:02.086 [Test worker] DEBUG c.g.d.z.s.o.a.hc.client5.http.wire - http-outgoing-26 << "Ostype: linux[\r][\n]"
2024-07-24 14:31:02.086 [Test worker] DEBUG c.g.d.z.s.o.a.hc.client5.http.wire - http-outgoing-26 << "Server: Docker/26.0.0 (linux)[\r][\n]"
2024-07-24 14:31:02.086 [Test worker] DEBUG c.g.d.z.s.o.a.hc.client5.http.wire - http-outgoing-26 << "[\r][\n]"
2024-07-24 14:31:02.086 [Test worker] DEBUG c.g.d.z.s.o.a.h.client5.http.headers - http-outgoing-26 << HTTP/1.1 204 No Content
2024-07-24 14:31:02.086 [Test worker] DEBUG c.g.d.z.s.o.a.h.client5.http.headers - http-outgoing-26 << Api-Version: 1.45
2024-07-24 14:31:02.086 [Test worker] DEBUG c.g.d.z.s.o.a.h.client5.http.headers - http-outgoing-26 << Date: Wed, 24 Jul 2024 02:31:02 GMT
2024-07-24 14:31:02.086 [Test worker] DEBUG c.g.d.z.s.o.a.h.client5.http.headers - http-outgoing-26 << Docker-Experimental: false
2024-07-24 14:31:02.086 [Test worker] DEBUG c.g.d.z.s.o.a.h.client5.http.headers - http-outgoing-26 << Ostype: linux
2024-07-24 14:31:02.086 [Test worker] DEBUG c.g.d.z.s.o.a.h.client5.http.headers - http-outgoing-26 << Server: Docker/26.0.0 (linux)
2024-07-24 14:31:02.087 [Test worker] DEBUG c.g.d.z.s.o.a.h.c.h.i.c.MainClientExec - ex-0000011E: connection can be kept alive for 3 MINUTES
2024-07-24 14:31:02.087 [Test worker] DEBUG c.g.d.z.s.o.a.h.c.h.i.c.InternalHttpClient - ep-0000011D: releasing valid endpoint
2024-07-24 14:31:02.087 [Test worker] DEBUG c.g.d.z.s.o.a.h.c.h.i.i.PoolingHttpClientConnectionManager - ep-0000011D: releasing endpoint
2024-07-24 14:31:02.087 [Test worker] DEBUG c.g.d.z.s.o.a.h.c.h.i.i.PoolingHttpClientConnectionManager - ep-0000011D: connection http-outgoing-26 can be kept alive for 3 MINUTES
2024-07-24 14:31:02.087 [Test worker] DEBUG c.g.d.z.s.o.a.h.c.h.i.i.PoolingHttpClientConnectionManager - ep-0000011D: connection released [route: {}->npipe://localhost:2375][total available: 1; route allocated: 1 of 2147483647; total allocated: 1 of 2147483647]
2024-07-24 14:31:02.087 [Test worker] DEBUG o.t.s.c.g.d.c.command.AbstrDockerCmd - Cmd: 99fcdb2200153bd54f3b8ed94b859cf64c362c88dc30812fcf335aa6cec7d89e,false
2024-07-24 14:31:02.087 [Test worker] DEBUG o.t.s.c.g.d.c.e.InspectContainerCmdExec - GET: DefaultWebTarget{path=[/containers/99fcdb2200153bd54f3b8ed94b859cf64c362c88dc30812fcf335aa6cec7d89e/json], queryParams={}}
2024-07-24 14:31:02.088 [Test worker] DEBUG c.g.d.z.s.o.a.h.c.h.i.c.InternalHttpClient - ex-0000011F: preparing request execution
2024-07-24 14:31:02.088 [Test worker] DEBUG c.g.d.z.s.o.a.h.c.h.p.RequestAddCookies - Cookie spec selected: strict
2024-07-24 14:31:02.088 [Test worker] DEBUG c.g.d.z.s.o.a.h.c.h.p.RequestAuthCache - Auth cache not set in the context
2024-07-24 14:31:02.088 [Test worker] DEBUG c.g.d.z.s.o.a.h.c.h.i.c.ProtocolExec - ex-0000011F: target auth state: UNCHALLENGED
2024-07-24 14:31:02.088 [Test worker] DEBUG c.g.d.z.s.o.a.h.c.h.i.c.ProtocolExec - ex-0000011F: proxy auth state: UNCHALLENGED
2024-07-24 14:31:02.088 [Test worker] DEBUG c.g.d.z.s.o.a.h.c.h.i.c.ConnectExec - ex-0000011F: acquiring connection with route {}->npipe://localhost:2375
2024-07-24 14:31:02.088 [Test worker] DEBUG c.g.d.z.s.o.a.h.c.h.i.c.InternalHttpClient - ex-0000011F: acquiring endpoint (3 MINUTES)
2024-07-24 14:31:02.088 [Test worker] DEBUG c.g.d.z.s.o.a.h.c.h.i.i.PoolingHttpClientConnectionManager - ex-0000011F: endpoint lease request (3 MINUTES) [route: {}->npipe://localhost:2375][total available: 1; route allocated: 1 of 2147483647; total allocated: 1 of 2147483647]
2024-07-24 14:31:02.089 [Test worker] DEBUG c.g.d.z.s.o.a.h.c.h.i.i.PoolingHttpClientConnectionManager - ex-0000011F: endpoint leased [route: {}->npipe://localhost:2375][total available: 0; route allocated: 1 of 2147483647; total allocated: 1 of 2147483647]
2024-07-24 14:31:02.089 [Test worker] DEBUG c.g.d.z.s.o.a.h.c.h.i.i.PoolingHttpClientConnectionManager - ex-0000011F: acquired ep-0000011E
2024-07-24 14:31:02.089 [Test worker] DEBUG c.g.d.z.s.o.a.h.c.h.i.c.InternalHttpClient - ex-0000011F: acquired endpoint ep-0000011E
2024-07-24 14:31:02.089 [Test worker] DEBUG c.g.d.z.s.o.a.h.c.h.i.c.MainClientExec - ex-0000011F: executing GET /v1.32/containers/99fcdb2200153bd54f3b8ed94b859cf64c362c88dc30812fcf335aa6cec7d89e/json HTTP/1.1
2024-07-24 14:31:02.089 [Test worker] DEBUG c.g.d.z.s.o.a.h.c.h.i.c.InternalHttpClient - ep-0000011E: start execution ex-0000011F
2024-07-24 14:31:02.089 [Test worker] DEBUG c.g.d.z.s.o.a.h.c.h.i.i.PoolingHttpClientConnectionManager - ep-0000011E: executing exchange ex-0000011F over http-outgoing-26
2024-07-24 14:31:02.089 [Test worker] DEBUG c.g.d.z.s.o.a.h.client5.http.headers - http-outgoing-26 >> GET /v1.32/containers/99fcdb2200153bd54f3b8ed94b859cf64c362c88dc30812fcf335aa6cec7d89e/json HTTP/1.1
2024-07-24 14:31:02.089 [Test worker] DEBUG c.g.d.z.s.o.a.h.client5.http.headers - http-outgoing-26 >> accept: application/json
2024-07-24 14:31:02.089 [Test worker] DEBUG c.g.d.z.s.o.a.h.client5.http.headers - http-outgoing-26 >> x-tc-sid: 280e6229-7396-4d60-b1e3-a5de48b5d49b
2024-07-24 14:31:02.089 [Test worker] DEBUG c.g.d.z.s.o.a.h.client5.http.headers - http-outgoing-26 >> User-Agent: tc-java/1.19.8
2024-07-24 14:31:02.089 [Test worker] DEBUG c.g.d.z.s.o.a.h.client5.http.headers - http-outgoing-26 >> Accept-Encoding: gzip, x-gzip, deflate
2024-07-24 14:31:02.089 [Test worker] DEBUG c.g.d.z.s.o.a.h.client5.http.headers - http-outgoing-26 >> Host: localhost:2375
2024-07-24 14:31:02.089 [Test worker] DEBUG c.g.d.z.s.o.a.h.client5.http.headers - http-outgoing-26 >> Connection: keep-alive
2024-07-24 14:31:02.089 [Test worker] DEBUG c.g.d.z.s.o.a.hc.client5.http.wire - http-outgoing-26 >> "GET /v1.32/containers/99fcdb2200153bd54f3b8ed94b859cf64c362c88dc30812fcf335aa6cec7d89e/json HTTP/1.1[\r][\n]"
2024-07-24 14:31:02.089 [Test worker] DEBUG c.g.d.z.s.o.a.hc.client5.http.wire - http-outgoing-26 >> "accept: application/json[\r][\n]"
2024-07-24 14:31:02.089 [Test worker] DEBUG c.g.d.z.s.o.a.hc.client5.http.wire - http-outgoing-26 >> "x-tc-sid: 280e6229-7396-4d60-b1e3-a5de48b5d49b[\r][\n]"
2024-07-24 14:31:02.089 [Test worker] DEBUG c.g.d.z.s.o.a.hc.client5.http.wire - http-outgoing-26 >> "User-Agent: tc-java/1.19.8[\r][\n]"
2024-07-24 14:31:02.089 [Test worker] DEBUG c.g.d.z.s.o.a.hc.client5.http.wire - http-outgoing-26 >> "Accept-Encoding: gzip, x-gzip, deflate[\r][\n]"
2024-07-24 14:31:02.089 [Test worker] DEBUG c.g.d.z.s.o.a.hc.client5.http.wire - http-outgoing-26 >> "Host: localhost:2375[\r][\n]"
2024-07-24 14:31:02.089 [Test worker] DEBUG c.g.d.z.s.o.a.hc.client5.http.wire - http-outgoing-26 >> "Connection: keep-alive[\r][\n]"
2024-07-24 14:31:02.089 [Test worker] DEBUG c.g.d.z.s.o.a.hc.client5.http.wire - http-outgoing-26 >> "[\r][\n]"
2024-07-24 14:31:02.092 [Test worker] DEBUG c.g.d.z.s.o.a.hc.client5.http.wire - http-outgoing-26 << "HTTP/1.1 200 OK[\r][\n]"
2024-07-24 14:31:02.092 [Test worker] DEBUG c.g.d.z.s.o.a.hc.client5.http.wire - http-outgoing-26 << "Api-Version: 1.45[\r][\n]"
2024-07-24 14:31:02.092 [Test worker] DEBUG c.g.d.z.s.o.a.hc.client5.http.wire - http-outgoing-26 << "Content-Type: application/json[\r][\n]"
2024-07-24 14:31:02.092 [Test worker] DEBUG c.g.d.z.s.o.a.hc.client5.http.wire - http-outgoing-26 << "Date: Wed, 24 Jul 2024 02:31:02 GMT[\r][\n]"
2024-07-24 14:31:02.092 [Test worker] DEBUG c.g.d.z.s.o.a.hc.client5.http.wire - http-outgoing-26 << "Docker-Experimental: false[\r][\n]"
2024-07-24 14:31:02.092 [Test worker] DEBUG c.g.d.z.s.o.a.hc.client5.http.wire - http-outgoing-26 << "Ostype: linux[\r][\n]"
2024-07-24 14:31:02.092 [Test worker] DEBUG c.g.d.z.s.o.a.hc.client5.http.wire - http-outgoing-26 << "Server: Docker/26.0.0 (linux)[\r][\n]"
2024-07-24 14:31:02.092 [Test worker] DEBUG c.g.d.z.s.o.a.hc.client5.http.wire - http-outgoing-26 << "Transfer-Encoding: chunked[\r][\n]"
2024-07-24 14:31:02.092 [Test worker] DEBUG c.g.d.z.s.o.a.hc.client5.http.wire - http-outgoing-26 << "[\r][\n]"
2024-07-24 14:31:02.092 [Test worker] DEBUG c.g.d.z.s.o.a.h.client5.http.headers - http-outgoing-26 << HTTP/1.1 200 OK
2024-07-24 14:31:02.092 [Test worker] DEBUG c.g.d.z.s.o.a.h.client5.http.headers - http-outgoing-26 << Api-Version: 1.45
2024-07-24 14:31:02.092 [Test worker] DEBUG c.g.d.z.s.o.a.h.client5.http.headers - http-outgoing-26 << Content-Type: application/json
2024-07-24 14:31:02.092 [Test worker] DEBUG c.g.d.z.s.o.a.h.client5.http.headers - http-outgoing-26 << Date: Wed, 24 Jul 2024 02:31:02 GMT
2024-07-24 14:31:02.092 [Test worker] DEBUG c.g.d.z.s.o.a.h.client5.http.headers - http-outgoing-26 << Docker-Experimental: false
2024-07-24 14:31:02.092 [Test worker] DEBUG c.g.d.z.s.o.a.h.client5.http.headers - http-outgoing-26 << Ostype: linux
2024-07-24 14:31:02.092 [Test worker] DEBUG c.g.d.z.s.o.a.h.client5.http.headers - http-outgoing-26 << Server: Docker/26.0.0 (linux)
2024-07-24 14:31:02.092 [Test worker] DEBUG c.g.d.z.s.o.a.h.client5.http.headers - http-outgoing-26 << Transfer-Encoding: chunked
2024-07-24 14:31:02.092 [Test worker] DEBUG c.g.d.z.s.o.a.h.c.h.i.c.MainClientExec - ex-0000011F: connection can be kept alive for 3 MINUTES
2024-07-24 14:31:02.094 [Test worker] DEBUG c.g.d.z.s.o.a.hc.client5.http.wire - http-outgoing-26 << "1a3c[\r][\n]"
2024-07-24 14:31:02.094 [Test worker] DEBUG c.g.d.z.s.o.a.hc.client5.http.wire - http-outgoing-26 << "{"Id":"99fcdb2200153bd54f3b8ed94b859cf64c362c88dc30812fcf335aa6cec7d89e","Created":"2024-07-24T02:31:01.590020627Z","Path":"docker-entrypoint.sh","Args":["postgres","-c","fsync=off"],"State":{"Status":"running","Running":true,"Paused":false,"Restarting":false,"OOMKilled":false,"Dead":false,"Pid":31491,"ExitCode":0,"Error":"","StartedAt":"2024-07-24T02:31:02.070774765Z","FinishedAt":"0001-01-01T00:00:00Z"},"Image":"sha256:8e4fc9e184899a58735e7ee333f5e272d7d2298cf59302006b71f33e217be130","ResolvConfPath":"/var/lib/docker/containers/99fcdb2200153bd54f3b8ed94b859cf64c362c88dc30812fcf335aa6cec7d89e/resolv.conf","HostnamePath":"/var/lib/docker/containers/99fcdb2200153bd54f3b8ed94b859cf64c362c88dc30812fcf335aa6cec7d89e/hostname","HostsPath":"/var/lib/docker/containers/99fcdb2200153bd54f3b8ed94b859cf64c362c88dc30812fcf335aa6cec7d89e/hosts","LogPath":"/var/lib/docker/containers/99fcdb2200153bd54f3b8ed94b859cf64c362c88dc30812fcf335aa6cec7d89e/99fcdb2200153bd54f3b8ed94b859cf64c362c88dc30812fcf335aa6cec7d89e-json.log","Name":"/unruffled_mendeleev","RestartCount":0,"Driver":"overlay2","Platform":"linux","MountLabel":"","ProcessLabel":"","AppArmorProfile":"","ExecIDs":null,"HostConfig":{"Binds":[],"ContainerIDFile":"","LogConfig":{"Type":"json-file","Config":{}},"NetworkMode":"default","PortBindings":{"5432/tcp":[{"HostIp":"0.0.0.0","HostPort":"0"}]},"RestartPolicy":{"Name":"no","MaximumRetryCount":0},"AutoRemove":false,"VolumeDriver":"","VolumesFrom":[],"ConsoleSize":[0,0],"CapAdd":null,"CapDrop":null,"CgroupnsMode":"host","Dns":null,"DnsOptions":null,"DnsSearch":null,"ExtraHosts":[],"GroupAdd":null,"IpcMode":"shareable","Cgroup":"","Links":null,"OomScoreAdj":0,"PidMode":"","Privileged":false,"PublishAllPorts":false,"ReadonlyRootfs":false,"SecurityOpt":null,"UTSMode":"","UsernsMode":"","ShmSize":67108864,"Runtime":"runc","Isolation":"","CpuShares":0,"Memory":0,"NanoCpus":0,"CgroupParent":"","BlkioWeight":0,"BlkioWeightDevice":null,"BlkioDeviceReadBps":null,"BlkioDeviceWriteBps":null,"BlkioDeviceReadIOps":null,"BlkioDeviceWriteIOps":null,"CpuPeriod":0,"CpuQuota":0,"CpuRealtimePeriod":0,"CpuRealtimeRuntime":0,"CpusetCpus":"","CpusetMems":"","Devices":null,"DeviceCgroupRules":null,"DeviceRequests":null,"MemoryReservation":0,"MemorySwap":0,"MemorySwappiness":null,"OomKillDisable":false,"PidsLimit":null,"Ulimits":null,"CpuCount":0,"CpuPercent":0,"IOMaximumIOps":0,"IOMaximumBandwidth":0,"MaskedPaths":["/proc/asound","/proc/acpi","/proc/kcore","/proc/keys","/proc/latency_stats","/proc/timer_list","/proc/timer_stats","/proc/sched_debug","/proc/scsi","/sys/firmware","/sys/devices/virtual/powercap"],"ReadonlyPaths":["/proc/bus","/proc/fs","/proc/irq","/proc/sys","/proc/sysrq-trigger"]},"GraphDriver":{"Data":{"LowerDir":"/var/lib/docker/overlay2/c0e8d79ed37d0758b11971c025b7283975f9b7e53d7e4c5a7323f19e917c5d70-init/diff:/var/lib/docker/overlay2/8f0ddbd386af0785c2e348570516955816ab350305d698d363962d488eeb15ec/diff:/var/lib/docker/overlay2/0eb0ca73e9b0be7c3d7fa8762ef4778a68f38391bc84c037c2e90b88e781b475/diff:/var/lib/docker/overlay2/74e634bddc785c5d436b10a5158cd82e21dc2065fd1cf8ff9c1c12e01575a2d8/diff:/var/lib/docker/overlay2/bb918b2851cd2f508f1e3fdbfff8b7f8b041d61e65fe8c368288bf399e80b818/diff:/var/lib/docker/overlay2/2abab2946cbdc2941ee8ec4024c51dac7313dee9de5fbedd1ca33388c59eb3c8/diff:/var/lib/docker/overlay2/e12f6083ee669bd92743ceb339a896bb25dbe461b718705bb39eb410b80c0ecd/diff:/var/lib/docker/overlay2/ced1e86d670d097da5ed4da7288c22507735918959161c2cd8bf083fb30d169a/diff:/var/lib/docker/overlay2/94e9ac7b74923285ae73af20aeccb964ca9079e2305db367cb85d1603560472d/diff:/var/lib/docker/overlay2/a396b6dfd63f0c228c519871183c614cccf4d366a43460f27ecf97113c3c4be8/diff:/var/lib/docker/overlay2/f58ada5d5080c2bac553c734f81127660a90581a35ed2a92cebe3c59e340875b/diff:/var/lib/docker/overlay2/84f85636f37bf55d945e217b4f87a856eba7932284beaf042561007b66f48977/diff:/var/lib/docker/overlay2/1e6e519613884e91a2b74a588ba35dc8a2f789371ab798ef6e7d9836d756042f/diff:/var/lib/docker/overlay2/14a3151cc8b4f9d27d2e64f1a8abc0c7809309580f2d7e8dc8545055c1d56194/diff:/var/lib"
2024-07-24 14:31:02.095 [Test worker] DEBUG c.g.d.z.s.o.a.hc.client5.http.wire - http-outgoing-26 << "/docker/overlay2/5b354b9e793401517fe2f1da697653fdaadffc54888eaf76d67e0600b8c68bdc/diff","MergedDir":"/var/lib/docker/overlay2/c0e8d79ed37d0758b11971c025b7283975f9b7e53d7e4c5a7323f19e917c5d70/merged","UpperDir":"/var/lib/docker/overlay2/c0e8d79ed37d0758b11971c025b7283975f9b7e53d7e4c5a7323f19e917c5d70/diff","WorkDir":"/var/lib/docker/overlay2/c0e8d79ed37d0758b11971c025b7283975f9b7e53d7e4c5a7323f19e917c5d70/work"},"Name":"overlay2"},"Mounts":[{"Type":"volume","Name":"412b8d68e8c1a74b0171376e6663f55f56da998feec40e7616359ca646903733","Source":"/var/lib/docker/volumes/412b8d68e8c1a74b0171376e6663f55f56da998feec40e7616359ca646903733/_data","Destination":"/var/lib/postgresql/data","Driver":"local","Mode":"","RW":true,"Propagation":""}],"Config":{"Hostname":"99fcdb220015","Domainname":"","User":"","AttachStdin":false,"AttachStdout":false,"AttachStderr":false,"ExposedPorts":{"5432/tcp":{}},"Tty":false,"OpenStdin":false,"StdinOnce":false,"Env":["POSTGRES_USER=user","POSTGRES_PASSWORD=password","POSTGRES_DB=db","PATH=/usr/local/sbin:/usr/local/bin:/usr/sbin:/usr/bin:/sbin:/bin:/usr/lib/postgresql/16/bin","GOSU_VERSION=1.17","LANG=en_US.utf8","PG_MAJOR=16","PG_VERSION=16.2-1.pgdg120+2","PGDATA=/var/lib/postgresql/data"],"Cmd":["postgres","-c","fsync=off"],"Image":"postgres:latest","Volumes":{"/var/lib/postgresql/data":{}},"WorkingDir":"","Entrypoint":["docker-entrypoint.sh"],"OnBuild":null,"Labels":{"org.testcontainers":"true","org.testcontainers.lang":"java","org.testcontainers.sessionId":"280e6229-7396-4d60-b1e3-a5de48b5d49b","org.testcontainers.version":"1.19.8"},"StopSignal":"SIGINT"},"NetworkSettings":{"Bridge":"","SandboxID":"1ab994f7d08251eab5d58e1ae22b6cc86da6aec5d001d32c451b314047e29dac","SandboxKey":"/var/run/docker/netns/1ab994f7d082","Ports":{"5432/tcp":[{"HostIp":"0.0.0.0","HostPort":"51593"}]},"HairpinMode":false,"LinkLocalIPv6Address":"","LinkLocalIPv6PrefixLen":0,"SecondaryIPAddresses":null,"SecondaryIPv6Addresses":null,"EndpointID":"b541194a69c7e223136362f4ec97cb38987bc22b48f348b10b8cb48ed9eec72c","Gateway":"172.17.0.1","GlobalIPv6Address":"","GlobalIPv6PrefixLen":0,"IPAddress":"172.17.0.3","IPPrefixLen":16,"IPv6Gateway":"","MacAddress":"02:42:ac:11:00:03","Networks":{"bridge":{"IPAMConfig":null,"Links":null,"Aliases":null,"MacAddress":"02:42:ac:11:00:03","NetworkID":"3c842496be344cbdae878c1dee0957e7bc7c0a2236009c92752030f2b053e72f","EndpointID":"b541194a69c7e223136362f4ec97cb38987bc22b48f348b10b8cb48ed9eec72c","Gateway":"172.17.0.1","IPAddress":"172.17.0.3","IPPrefixLen":16,"IPv6Gateway":"","GlobalIPv6Address":"","GlobalIPv6PrefixLen":0,"DriverOpts":null,"DNSNames":null}}}}[\n]"
2024-07-24 14:31:02.096 [Test worker] DEBUG c.g.d.z.s.o.a.hc.client5.http.wire - http-outgoing-26 << "[\r][\n]"
2024-07-24 14:31:02.096 [Test worker] DEBUG c.g.d.z.s.o.a.hc.client5.http.wire - http-outgoing-26 << "0[\r][\n]"
2024-07-24 14:31:02.096 [Test worker] DEBUG c.g.d.z.s.o.a.hc.client5.http.wire - http-outgoing-26 << "[\r][\n]"
2024-07-24 14:31:02.096 [Test worker] DEBUG c.g.d.z.s.o.a.h.c.h.i.c.InternalHttpClient - ep-0000011E: releasing valid endpoint
2024-07-24 14:31:02.096 [Test worker] DEBUG c.g.d.z.s.o.a.h.c.h.i.i.PoolingHttpClientConnectionManager - ep-0000011E: releasing endpoint
2024-07-24 14:31:02.096 [Test worker] DEBUG c.g.d.z.s.o.a.h.c.h.i.i.PoolingHttpClientConnectionManager - ep-0000011E: connection http-outgoing-26 can be kept alive for 3 MINUTES
2024-07-24 14:31:02.096 [Test worker] DEBUG c.g.d.z.s.o.a.h.c.h.i.i.PoolingHttpClientConnectionManager - ep-0000011E: connection released [route: {}->npipe://localhost:2375][total available: 1; route allocated: 1 of 2147483647; total allocated: 1 of 2147483647]
2024-07-24 14:31:02.096 [Test worker] DEBUG o.t.s.c.g.d.c.command.AbstrDockerCmd - Cmd: sha256:8e4fc9e184899a58735e7ee333f5e272d7d2298cf59302006b71f33e217be130
2024-07-24 14:31:02.096 [Test worker] TRACE o.t.s.c.g.d.c.e.InspectImageCmdExec - GET: DefaultWebTarget{path=[/images/sha256:8e4fc9e184899a58735e7ee333f5e272d7d2298cf59302006b71f33e217be130/json], queryParams={}}
2024-07-24 14:31:02.096 [Test worker] DEBUG c.g.d.z.s.o.a.h.c.h.i.c.InternalHttpClient - ex-00000120: preparing request execution
2024-07-24 14:31:02.096 [Test worker] DEBUG c.g.d.z.s.o.a.h.c.h.p.RequestAddCookies - Cookie spec selected: strict
2024-07-24 14:31:02.096 [Test worker] DEBUG c.g.d.z.s.o.a.h.c.h.p.RequestAuthCache - Auth cache not set in the context
2024-07-24 14:31:02.096 [Test worker] DEBUG c.g.d.z.s.o.a.h.c.h.i.c.ProtocolExec - ex-00000120: target auth state: UNCHALLENGED
2024-07-24 14:31:02.096 [Test worker] DEBUG c.g.d.z.s.o.a.h.c.h.i.c.ProtocolExec - ex-00000120: proxy auth state: UNCHALLENGED
2024-07-24 14:31:02.096 [Test worker] DEBUG c.g.d.z.s.o.a.h.c.h.i.c.ConnectExec - ex-00000120: acquiring connection with route {}->npipe://localhost:2375
2024-07-24 14:31:02.096 [Test worker] DEBUG c.g.d.z.s.o.a.h.c.h.i.c.InternalHttpClient - ex-00000120: acquiring endpoint (3 MINUTES)
2024-07-24 14:31:02.096 [Test worker] DEBUG c.g.d.z.s.o.a.h.c.h.i.i.PoolingHttpClientConnectionManager - ex-00000120: endpoint lease request (3 MINUTES) [route: {}->npipe://localhost:2375][total available: 1; route allocated: 1 of 2147483647; total allocated: 1 of 2147483647]
2024-07-24 14:31:02.096 [Test worker] DEBUG c.g.d.z.s.o.a.h.c.h.i.i.PoolingHttpClientConnectionManager - ex-00000120: endpoint leased [route: {}->npipe://localhost:2375][total available: 0; route allocated: 1 of 2147483647; total allocated: 1 of 2147483647]
2024-07-24 14:31:02.096 [Test worker] DEBUG c.g.d.z.s.o.a.h.c.h.i.i.PoolingHttpClientConnectionManager - ex-00000120: acquired ep-0000011F
2024-07-24 14:31:02.096 [Test worker] DEBUG c.g.d.z.s.o.a.h.c.h.i.c.InternalHttpClient - ex-00000120: acquired endpoint ep-0000011F
2024-07-24 14:31:02.096 [Test worker] DEBUG c.g.d.z.s.o.a.h.c.h.i.c.MainClientExec - ex-00000120: executing GET /v1.32/images/sha256:8e4fc9e184899a58735e7ee333f5e272d7d2298cf59302006b71f33e217be130/json HTTP/1.1
2024-07-24 14:31:02.096 [Test worker] DEBUG c.g.d.z.s.o.a.h.c.h.i.c.InternalHttpClient - ep-0000011F: start execution ex-00000120
2024-07-24 14:31:02.096 [Test worker] DEBUG c.g.d.z.s.o.a.h.c.h.i.i.PoolingHttpClientConnectionManager - ep-0000011F: executing exchange ex-00000120 over http-outgoing-26
2024-07-24 14:31:02.096 [Test worker] DEBUG c.g.d.z.s.o.a.h.client5.http.headers - http-outgoing-26 >> GET /v1.32/images/sha256:8e4fc9e184899a58735e7ee333f5e272d7d2298cf59302006b71f33e217be130/json HTTP/1.1
2024-07-24 14:31:02.096 [Test worker] DEBUG c.g.d.z.s.o.a.h.client5.http.headers - http-outgoing-26 >> accept: application/json
2024-07-24 14:31:02.096 [Test worker] DEBUG c.g.d.z.s.o.a.h.client5.http.headers - http-outgoing-26 >> x-tc-sid: 280e6229-7396-4d60-b1e3-a5de48b5d49b
2024-07-24 14:31:02.096 [Test worker] DEBUG c.g.d.z.s.o.a.h.client5.http.headers - http-outgoing-26 >> User-Agent: tc-java/1.19.8
2024-07-24 14:31:02.096 [Test worker] DEBUG c.g.d.z.s.o.a.h.client5.http.headers - http-outgoing-26 >> Accept-Encoding: gzip, x-gzip, deflate
2024-07-24 14:31:02.096 [Test worker] DEBUG c.g.d.z.s.o.a.h.client5.http.headers - http-outgoing-26 >> Host: localhost:2375
2024-07-24 14:31:02.096 [Test worker] DEBUG c.g.d.z.s.o.a.h.client5.http.headers - http-outgoing-26 >> Connection: keep-alive
2024-07-24 14:31:02.096 [Test worker] DEBUG c.g.d.z.s.o.a.hc.client5.http.wire - http-outgoing-26 >> "GET /v1.32/images/sha256:8e4fc9e184899a58735e7ee333f5e272d7d2298cf59302006b71f33e217be130/json HTTP/1.1[\r][\n]"
2024-07-24 14:31:02.096 [Test worker] DEBUG c.g.d.z.s.o.a.hc.client5.http.wire - http-outgoing-26 >> "accept: application/json[\r][\n]"
2024-07-24 14:31:02.096 [Test worker] DEBUG c.g.d.z.s.o.a.hc.client5.http.wire - http-outgoing-26 >> "x-tc-sid: 280e6229-7396-4d60-b1e3-a5de48b5d49b[\r][\n]"
2024-07-24 14:31:02.096 [Test worker] DEBUG c.g.d.z.s.o.a.hc.client5.http.wire - http-outgoing-26 >> "User-Agent: tc-java/1.19.8[\r][\n]"
2024-07-24 14:31:02.096 [Test worker] DEBUG c.g.d.z.s.o.a.hc.client5.http.wire - http-outgoing-26 >> "Accept-Encoding: gzip, x-gzip, deflate[\r][\n]"
2024-07-24 14:31:02.096 [Test worker] DEBUG c.g.d.z.s.o.a.hc.client5.http.wire - http-outgoing-26 >> "Host: localhost:2375[\r][\n]"
2024-07-24 14:31:02.096 [Test worker] DEBUG c.g.d.z.s.o.a.hc.client5.http.wire - http-outgoing-26 >> "Connection: keep-alive[\r][\n]"
2024-07-24 14:31:02.096 [Test worker] DEBUG c.g.d.z.s.o.a.hc.client5.http.wire - http-outgoing-26 >> "[\r][\n]"
2024-07-24 14:31:02.100 [Test worker] DEBUG c.g.d.z.s.o.a.hc.client5.http.wire - http-outgoing-26 << "HTTP/1.1 200 OK[\r][\n]"
2024-07-24 14:31:02.100 [Test worker] DEBUG c.g.d.z.s.o.a.hc.client5.http.wire - http-outgoing-26 << "Api-Version: 1.45[\r][\n]"
2024-07-24 14:31:02.100 [Test worker] DEBUG c.g.d.z.s.o.a.hc.client5.http.wire - http-outgoing-26 << "Content-Type: application/json[\r][\n]"
2024-07-24 14:31:02.100 [Test worker] DEBUG c.g.d.z.s.o.a.hc.client5.http.wire - http-outgoing-26 << "Date: Wed, 24 Jul 2024 02:31:02 GMT[\r][\n]"
2024-07-24 14:31:02.100 [Test worker] DEBUG c.g.d.z.s.o.a.hc.client5.http.wire - http-outgoing-26 << "Docker-Experimental: false[\r][\n]"
2024-07-24 14:31:02.100 [Test worker] DEBUG c.g.d.z.s.o.a.hc.client5.http.wire - http-outgoing-26 << "Ostype: linux[\r][\n]"
2024-07-24 14:31:02.100 [Test worker] DEBUG c.g.d.z.s.o.a.hc.client5.http.wire - http-outgoing-26 << "Server: Docker/26.0.0 (linux)[\r][\n]"
2024-07-24 14:31:02.100 [Test worker] DEBUG c.g.d.z.s.o.a.hc.client5.http.wire - http-outgoing-26 << "Transfer-Encoding: chunked[\r][\n]"
2024-07-24 14:31:02.100 [Test worker] DEBUG c.g.d.z.s.o.a.hc.client5.http.wire - http-outgoing-26 << "[\r][\n]"
2024-07-24 14:31:02.100 [Test worker] DEBUG c.g.d.z.s.o.a.h.client5.http.headers - http-outgoing-26 << HTTP/1.1 200 OK
2024-07-24 14:31:02.100 [Test worker] DEBUG c.g.d.z.s.o.a.h.client5.http.headers - http-outgoing-26 << Api-Version: 1.45
2024-07-24 14:31:02.100 [Test worker] DEBUG c.g.d.z.s.o.a.h.client5.http.headers - http-outgoing-26 << Content-Type: application/json
2024-07-24 14:31:02.100 [Test worker] DEBUG c.g.d.z.s.o.a.h.client5.http.headers - http-outgoing-26 << Date: Wed, 24 Jul 2024 02:31:02 GMT
2024-07-24 14:31:02.100 [Test worker] DEBUG c.g.d.z.s.o.a.h.client5.http.headers - http-outgoing-26 << Docker-Experimental: false
2024-07-24 14:31:02.100 [Test worker] DEBUG c.g.d.z.s.o.a.h.client5.http.headers - http-outgoing-26 << Ostype: linux
2024-07-24 14:31:02.100 [Test worker] DEBUG c.g.d.z.s.o.a.h.client5.http.headers - http-outgoing-26 << Server: Docker/26.0.0 (linux)
2024-07-24 14:31:02.100 [Test worker] DEBUG c.g.d.z.s.o.a.h.client5.http.headers - http-outgoing-26 << Transfer-Encoding: chunked
2024-07-24 14:31:02.100 [Test worker] DEBUG c.g.d.z.s.o.a.h.c.h.i.c.MainClientExec - ex-00000120: connection can be kept alive for 3 MINUTES
2024-07-24 14:31:02.101 [Test worker] DEBUG c.g.d.z.s.o.a.hc.client5.http.wire - http-outgoing-26 << "fcb[\r][\n]"
2024-07-24 14:31:02.101 [Test worker] DEBUG c.g.d.z.s.o.a.hc.client5.http.wire - http-outgoing-26 << "{"Id":"sha256:8e4fc9e184899a58735e7ee333f5e272d7d2298cf59302006b71f33e217be130","RepoTags":["postgres:latest"],"RepoDigests":["postgres@sha256:4aea012537edfad80f98d870a36e6b90b4c09b27be7f4b4759d72db863baeebb"],"Parent":"","Comment":"buildkit.dockerfile.v0","Created":"2024-02-21T00:46:13Z","ContainerConfig":{"Hostname":"","Domainname":"","User":"","AttachStdin":false,"AttachStdout":false,"AttachStderr":false,"Tty":false,"OpenStdin":false,"StdinOnce":false,"Env":null,"Cmd":null,"Image":"","Volumes":null,"WorkingDir":"","Entrypoint":null,"OnBuild":null,"Labels":null},"DockerVersion":"","Author":"","Config":{"Hostname":"","Domainname":"","User":"","AttachStdin":false,"AttachStdout":false,"AttachStderr":false,"ExposedPorts":{"5432/tcp":{}},"Tty":false,"OpenStdin":false,"StdinOnce":false,"Env":["PATH=/usr/local/sbin:/usr/local/bin:/usr/sbin:/usr/bin:/sbin:/bin:/usr/lib/postgresql/16/bin","GOSU_VERSION=1.17","LANG=en_US.utf8","PG_MAJOR=16","PG_VERSION=16.2-1.pgdg120+2","PGDATA=/var/lib/postgresql/data"],"Cmd":["postgres"],"ArgsEscaped":true,"Image":"","Volumes":{"/var/lib/postgresql/data":{}},"WorkingDir":"","Entrypoint":["docker-entrypoint.sh"],"OnBuild":null,"Labels":null,"StopSignal":"SIGINT"},"Architecture":"amd64","Os":"linux","Size":431496964,"VirtualSize":431496964,"GraphDriver":{"Data":{"LowerDir":"/var/lib/docker/overlay2/0eb0ca73e9b0be7c3d7fa8762ef4778a68f38391bc84c037c2e90b88e781b475/diff:/var/lib/docker/overlay2/74e634bddc785c5d436b10a5158cd82e21dc2065fd1cf8ff9c1c12e01575a2d8/diff:/var/lib/docker/overlay2/bb918b2851cd2f508f1e3fdbfff8b7f8b041d61e65fe8c368288bf399e80b818/diff:/var/lib/docker/overlay2/2abab2946cbdc2941ee8ec4024c51dac7313dee9de5fbedd1ca33388c59eb3c8/diff:/var/lib/docker/overlay2/e12f6083ee669bd92743ceb339a896bb25dbe461b718705bb39eb410b80c0ecd/diff:/var/lib/docker/overlay2/ced1e86d670d097da5ed4da7288c22507735918959161c2cd8bf083fb30d169a/diff:/var/lib/docker/overlay2/94e9ac7b74923285ae73af20aeccb964ca9079e2305db367cb85d1603560472d/diff:/var/lib/docker/overlay2/a396b6dfd63f0c228c519871183c614cccf4d366a43460f27ecf97113c3c4be8/diff:/var/lib/docker/overlay2/f58ada5d5080c2bac553c734f81127660a90581a35ed2a92cebe3c59e340875b/diff:/var/lib/docker/overlay2/84f85636f37bf55d945e217b4f87a856eba7932284beaf042561007b66f48977/diff:/var/lib/docker/overlay2/1e6e519613884e91a2b74a588ba35dc8a2f789371ab798ef6e7d9836d756042f/diff:/var/lib/docker/overlay2/14a3151cc8b4f9d27d2e64f1a8abc0c7809309580f2d7e8dc8545055c1d56194/diff:/var/lib/docker/overlay2/5b354b9e793401517fe2f1da697653fdaadffc54888eaf76d67e0600b8c68bdc/diff","MergedDir":"/var/lib/docker/overlay2/8f0ddbd386af0785c2e348570516955816ab350305d698d363962d488eeb15ec/merged","UpperDir":"/var/lib/docker/overlay2/8f0ddbd386af0785c2e348570516955816ab350305d698d363962d488eeb15ec/diff","WorkDir":"/var/lib/docker/overlay2/8f0ddbd386af0785c2e348570516955816ab350305d698d363962d488eeb15ec/work"},"Name":"overlay2"},"RootFS":{"Type":"layers","Layers":["sha256:52ec5a4316fadc09a4a51f82b8d7b66ead0d71bea4f75e81e25b4094c4219061","sha256:5a99d63e3aef066b4fa085cf24d0281681d5530c22f0c93391b854ba5741b62e","sha256:12694c6edf8321950446751b5acc175137946701b72febd6a32ab6e6cb89403b","sha256:beceb355ef35df0b8123db4eddd8f734e7414a3828e463354a913dda6738571d","sha256:0f86e6985ca32f3adeb9f65e3f80b3f2aa37a697d345c84011b2421e5608bc06","sha256:22c31f24613cd6a7b43f3074166d79619574e76f430035be15d909ae45fb97da","sha256:7c32a1ce1cc084a148145553666d5b64e3b6551491d1c3c6cc545b5b69daf5da","sha256:192de40051e6f5b468a60be4e6d162a1bbf3dc4af2dfb0a7aa8db25f86b6e68e","sha256:257f3fc789f6526019470322285b4bfe55e3e09f41150576c0997f370407af14","sha256:2993953b2c109056b0d580a549dae9f902a84a29f3907d96d7329746a8df7fc2","sha256:0bc02fbb093e939812a0ca64bd21a807d815b89c5e034e73026d14535053f4e2","sha256:3866ad927dc8101b32941f0fe6e36e656eba398b92164688ce1d1afdeca7eb09","sha256:2621fdc21b32f8210d30df7b9f44c068fa347ce07f7e1935a2383e5f7e7ddecb","sha256:c116a9ba3dbfe8c6135659ba009883a03bdc660abfedc64e2528baa6d736dbc9"]},"Metadata":{"LastTagTime":"0001-01-01T00:00:00Z"},"Container":""}[\n]"
2024-07-24 14:31:02.101 [Test worker] DEBUG c.g.d.z.s.o.a.hc.client5.http.wire - http-outgoing-26 << "[\r][\n]"
2024-07-24 14:31:02.101 [Test worker] DEBUG c.g.d.z.s.o.a.hc.client5.http.wire - http-outgoing-26 << "0[\r][\n]"
2024-07-24 14:31:02.101 [Test worker] DEBUG c.g.d.z.s.o.a.hc.client5.http.wire - http-outgoing-26 << "[\r][\n]"
2024-07-24 14:31:02.101 [Test worker] DEBUG c.g.d.z.s.o.a.h.c.h.i.c.InternalHttpClient - ep-0000011F: releasing valid endpoint
2024-07-24 14:31:02.101 [Test worker] DEBUG c.g.d.z.s.o.a.h.c.h.i.i.PoolingHttpClientConnectionManager - ep-0000011F: releasing endpoint
2024-07-24 14:31:02.101 [Test worker] DEBUG c.g.d.z.s.o.a.h.c.h.i.i.PoolingHttpClientConnectionManager - ep-0000011F: connection http-outgoing-26 can be kept alive for 3 MINUTES
2024-07-24 14:31:02.101 [Test worker] DEBUG c.g.d.z.s.o.a.h.c.h.i.i.PoolingHttpClientConnectionManager - ep-0000011F: connection released [route: {}->npipe://localhost:2375][total available: 1; route allocated: 1 of 2147483647; total allocated: 1 of 2147483647]
2024-07-24 14:31:02.101 [Test worker] DEBUG o.t.s.c.g.d.c.command.AbstrDockerCmd - Cmd: 
2024-07-24 14:31:02.101 [Test worker] TRACE o.t.s.c.g.d.core.exec.VersionCmdExec - GET: DefaultWebTarget{path=[/version], queryParams={}}
2024-07-24 14:31:02.101 [Test worker] DEBUG c.g.d.z.s.o.a.h.c.h.i.c.InternalHttpClient - ex-00000121: preparing request execution
2024-07-24 14:31:02.101 [Test worker] DEBUG c.g.d.z.s.o.a.h.c.h.p.RequestAddCookies - Cookie spec selected: strict
2024-07-24 14:31:02.101 [Test worker] DEBUG c.g.d.z.s.o.a.h.c.h.p.RequestAuthCache - Auth cache not set in the context
2024-07-24 14:31:02.101 [Test worker] DEBUG c.g.d.z.s.o.a.h.c.h.i.c.ProtocolExec - ex-00000121: target auth state: UNCHALLENGED
2024-07-24 14:31:02.101 [Test worker] DEBUG c.g.d.z.s.o.a.h.c.h.i.c.ProtocolExec - ex-00000121: proxy auth state: UNCHALLENGED
2024-07-24 14:31:02.102 [Test worker] DEBUG c.g.d.z.s.o.a.h.c.h.i.c.ConnectExec - ex-00000121: acquiring connection with route {}->npipe://localhost:2375
2024-07-24 14:31:02.102 [Test worker] DEBUG c.g.d.z.s.o.a.h.c.h.i.c.InternalHttpClient - ex-00000121: acquiring endpoint (3 MINUTES)
2024-07-24 14:31:02.102 [Test worker] DEBUG c.g.d.z.s.o.a.h.c.h.i.i.PoolingHttpClientConnectionManager - ex-00000121: endpoint lease request (3 MINUTES) [route: {}->npipe://localhost:2375][total available: 1; route allocated: 1 of 2147483647; total allocated: 1 of 2147483647]
2024-07-24 14:31:02.102 [Test worker] DEBUG c.g.d.z.s.o.a.h.c.h.i.i.PoolingHttpClientConnectionManager - ex-00000121: endpoint leased [route: {}->npipe://localhost:2375][total available: 0; route allocated: 1 of 2147483647; total allocated: 1 of 2147483647]
2024-07-24 14:31:02.102 [Test worker] DEBUG c.g.d.z.s.o.a.h.c.h.i.i.PoolingHttpClientConnectionManager - ex-00000121: acquired ep-00000120
2024-07-24 14:31:02.102 [Test worker] DEBUG c.g.d.z.s.o.a.h.c.h.i.c.InternalHttpClient - ex-00000121: acquired endpoint ep-00000120
2024-07-24 14:31:02.102 [Test worker] DEBUG c.g.d.z.s.o.a.h.c.h.i.c.MainClientExec - ex-00000121: executing GET /v1.32/version HTTP/1.1
2024-07-24 14:31:02.102 [Test worker] DEBUG c.g.d.z.s.o.a.h.c.h.i.c.InternalHttpClient - ep-00000120: start execution ex-00000121
2024-07-24 14:31:02.102 [Test worker] DEBUG c.g.d.z.s.o.a.h.c.h.i.i.PoolingHttpClientConnectionManager - ep-00000120: executing exchange ex-00000121 over http-outgoing-26
2024-07-24 14:31:02.102 [Test worker] DEBUG c.g.d.z.s.o.a.h.client5.http.headers - http-outgoing-26 >> GET /v1.32/version HTTP/1.1
2024-07-24 14:31:02.102 [Test worker] DEBUG c.g.d.z.s.o.a.h.client5.http.headers - http-outgoing-26 >> accept: application/json
2024-07-24 14:31:02.102 [Test worker] DEBUG c.g.d.z.s.o.a.h.client5.http.headers - http-outgoing-26 >> x-tc-sid: 280e6229-7396-4d60-b1e3-a5de48b5d49b
2024-07-24 14:31:02.102 [Test worker] DEBUG c.g.d.z.s.o.a.h.client5.http.headers - http-outgoing-26 >> User-Agent: tc-java/1.19.8
2024-07-24 14:31:02.102 [Test worker] DEBUG c.g.d.z.s.o.a.h.client5.http.headers - http-outgoing-26 >> Accept-Encoding: gzip, x-gzip, deflate
2024-07-24 14:31:02.102 [Test worker] DEBUG c.g.d.z.s.o.a.h.client5.http.headers - http-outgoing-26 >> Host: localhost:2375
2024-07-24 14:31:02.102 [Test worker] DEBUG c.g.d.z.s.o.a.h.client5.http.headers - http-outgoing-26 >> Connection: keep-alive
2024-07-24 14:31:02.102 [Test worker] DEBUG c.g.d.z.s.o.a.hc.client5.http.wire - http-outgoing-26 >> "GET /v1.32/version HTTP/1.1[\r][\n]"
2024-07-24 14:31:02.102 [Test worker] DEBUG c.g.d.z.s.o.a.hc.client5.http.wire - http-outgoing-26 >> "accept: application/json[\r][\n]"
2024-07-24 14:31:02.102 [Test worker] DEBUG c.g.d.z.s.o.a.hc.client5.http.wire - http-outgoing-26 >> "x-tc-sid: 280e6229-7396-4d60-b1e3-a5de48b5d49b[\r][\n]"
2024-07-24 14:31:02.102 [Test worker] DEBUG c.g.d.z.s.o.a.hc.client5.http.wire - http-outgoing-26 >> "User-Agent: tc-java/1.19.8[\r][\n]"
2024-07-24 14:31:02.102 [Test worker] DEBUG c.g.d.z.s.o.a.hc.client5.http.wire - http-outgoing-26 >> "Accept-Encoding: gzip, x-gzip, deflate[\r][\n]"
2024-07-24 14:31:02.102 [Test worker] DEBUG c.g.d.z.s.o.a.hc.client5.http.wire - http-outgoing-26 >> "Host: localhost:2375[\r][\n]"
2024-07-24 14:31:02.102 [Test worker] DEBUG c.g.d.z.s.o.a.hc.client5.http.wire - http-outgoing-26 >> "Connection: keep-alive[\r][\n]"
2024-07-24 14:31:02.102 [Test worker] DEBUG c.g.d.z.s.o.a.hc.client5.http.wire - http-outgoing-26 >> "[\r][\n]"
2024-07-24 14:31:02.114 [Test worker] DEBUG c.g.d.z.s.o.a.hc.client5.http.wire - http-outgoing-26 << "HTTP/1.1 200 OK[\r][\n]"
2024-07-24 14:31:02.114 [Test worker] DEBUG c.g.d.z.s.o.a.hc.client5.http.wire - http-outgoing-26 << "Api-Version: 1.45[\r][\n]"
2024-07-24 14:31:02.114 [Test worker] DEBUG c.g.d.z.s.o.a.hc.client5.http.wire - http-outgoing-26 << "Content-Type: application/json[\r][\n]"
2024-07-24 14:31:02.114 [Test worker] DEBUG c.g.d.z.s.o.a.hc.client5.http.wire - http-outgoing-26 << "Date: Wed, 24 Jul 2024 02:31:02 GMT[\r][\n]"
2024-07-24 14:31:02.114 [Test worker] DEBUG c.g.d.z.s.o.a.hc.client5.http.wire - http-outgoing-26 << "Docker-Experimental: false[\r][\n]"
2024-07-24 14:31:02.114 [Test worker] DEBUG c.g.d.z.s.o.a.hc.client5.http.wire - http-outgoing-26 << "Ostype: linux[\r][\n]"
2024-07-24 14:31:02.114 [Test worker] DEBUG c.g.d.z.s.o.a.hc.client5.http.wire - http-outgoing-26 << "Server: Docker/26.0.0 (linux)[\r][\n]"
2024-07-24 14:31:02.114 [Test worker] DEBUG c.g.d.z.s.o.a.hc.client5.http.wire - http-outgoing-26 << "Transfer-Encoding: chunked[\r][\n]"
2024-07-24 14:31:02.114 [Test worker] DEBUG c.g.d.z.s.o.a.hc.client5.http.wire - http-outgoing-26 << "[\r][\n]"
2024-07-24 14:31:02.114 [Test worker] DEBUG c.g.d.z.s.o.a.h.client5.http.headers - http-outgoing-26 << HTTP/1.1 200 OK
2024-07-24 14:31:02.114 [Test worker] DEBUG c.g.d.z.s.o.a.h.client5.http.headers - http-outgoing-26 << Api-Version: 1.45
2024-07-24 14:31:02.114 [Test worker] DEBUG c.g.d.z.s.o.a.h.client5.http.headers - http-outgoing-26 << Content-Type: application/json
2024-07-24 14:31:02.114 [Test worker] DEBUG c.g.d.z.s.o.a.h.client5.http.headers - http-outgoing-26 << Date: Wed, 24 Jul 2024 02:31:02 GMT
2024-07-24 14:31:02.114 [Test worker] DEBUG c.g.d.z.s.o.a.h.client5.http.headers - http-outgoing-26 << Docker-Experimental: false
2024-07-24 14:31:02.114 [Test worker] DEBUG c.g.d.z.s.o.a.h.client5.http.headers - http-outgoing-26 << Ostype: linux
2024-07-24 14:31:02.114 [Test worker] DEBUG c.g.d.z.s.o.a.h.client5.http.headers - http-outgoing-26 << Server: Docker/26.0.0 (linux)
2024-07-24 14:31:02.114 [Test worker] DEBUG c.g.d.z.s.o.a.h.client5.http.headers - http-outgoing-26 << Transfer-Encoding: chunked
2024-07-24 14:31:02.114 [Test worker] DEBUG c.g.d.z.s.o.a.h.c.h.i.c.MainClientExec - ex-00000121: connection can be kept alive for 3 MINUTES
2024-07-24 14:31:02.115 [Test worker] DEBUG c.g.d.z.s.o.a.hc.client5.http.wire - http-outgoing-26 << "35f[\r][\n]"
2024-07-24 14:31:02.115 [Test worker] DEBUG c.g.d.z.s.o.a.hc.client5.http.wire - http-outgoing-26 << "{"Platform":{"Name":"Docker Desktop 4.29.0 (145265)"},"Components":[{"Name":"Engine","Version":"26.0.0","Details":{"ApiVersion":"1.45","Arch":"amd64","BuildTime":"2024-03-20T15:18:01.000000000+00:00","Experimental":"false","GitCommit":"8b79278","GoVersion":"go1.21.8","KernelVersion":"5.15.153.1-microsoft-standard-WSL2","MinAPIVersion":"1.24","Os":"linux"}},{"Name":"containerd","Version":"1.6.28","Details":{"GitCommit":"ae07eda36dd25f8a1b98dfbf587313b99c0190bb"}},{"Name":"runc","Version":"1.1.12","Details":{"GitCommit":"v1.1.12-0-g51d5e94"}},{"Name":"docker-init","Version":"0.19.0","Details":{"GitCommit":"de40ad0"}}],"Version":"26.0.0","ApiVersion":"1.45","MinAPIVersion":"1.24","GitCommit":"8b79278","GoVersion":"go1.21.8","Os":"linux","Arch":"amd64","KernelVersion":"5.15.153.1-microsoft-standard-WSL2","BuildTime":"2024-03-20T15:18:01.000000000+00:00"}[\n]"
2024-07-24 14:31:02.115 [Test worker] DEBUG c.g.d.z.s.o.a.hc.client5.http.wire - http-outgoing-26 << "[\r][\n]"
2024-07-24 14:31:02.115 [Test worker] DEBUG c.g.d.z.s.o.a.hc.client5.http.wire - http-outgoing-26 << "0[\r][\n]"
2024-07-24 14:31:02.115 [Test worker] DEBUG c.g.d.z.s.o.a.hc.client5.http.wire - http-outgoing-26 << "[\r][\n]"
2024-07-24 14:31:02.115 [Test worker] DEBUG c.g.d.z.s.o.a.h.c.h.i.c.InternalHttpClient - ep-00000120: releasing valid endpoint
2024-07-24 14:31:02.115 [Test worker] DEBUG c.g.d.z.s.o.a.h.c.h.i.i.PoolingHttpClientConnectionManager - ep-00000120: releasing endpoint
2024-07-24 14:31:02.115 [Test worker] DEBUG c.g.d.z.s.o.a.h.c.h.i.i.PoolingHttpClientConnectionManager - ep-00000120: connection http-outgoing-26 can be kept alive for 3 MINUTES
2024-07-24 14:31:02.115 [Test worker] DEBUG c.g.d.z.s.o.a.h.c.h.i.i.PoolingHttpClientConnectionManager - ep-00000120: connection released [route: {}->npipe://localhost:2375][total available: 1; route allocated: 1 of 2147483647; total allocated: 1 of 2147483647]
2024-07-24 14:31:02.115 [Test worker] TRACE o.t.s.c.g.d.c.e.LogContainerCmdExec - GET: DefaultWebTarget{path=[/containers/99fcdb2200153bd54f3b8ed94b859cf64c362c88dc30812fcf335aa6cec7d89e/logs], queryParams={stdout=[true], stderr=[true], follow=[true], since=[0]}}
2024-07-24 14:31:02.117 [docker-java-stream-1946693562] DEBUG c.g.d.z.s.o.a.h.c.h.i.c.InternalHttpClient - ex-00000122: preparing request execution
2024-07-24 14:31:02.117 [docker-java-stream-1946693562] DEBUG c.g.d.z.s.o.a.h.c.h.p.RequestAddCookies - Cookie spec selected: strict
2024-07-24 14:31:02.117 [docker-java-stream-1946693562] DEBUG c.g.d.z.s.o.a.h.c.h.p.RequestAuthCache - Auth cache not set in the context
2024-07-24 14:31:02.117 [docker-java-stream-1946693562] DEBUG c.g.d.z.s.o.a.h.c.h.i.c.ProtocolExec - ex-00000122: target auth state: UNCHALLENGED
2024-07-24 14:31:02.117 [docker-java-stream-1946693562] DEBUG c.g.d.z.s.o.a.h.c.h.i.c.ProtocolExec - ex-00000122: proxy auth state: UNCHALLENGED
2024-07-24 14:31:02.117 [docker-java-stream-1946693562] DEBUG c.g.d.z.s.o.a.h.c.h.i.c.ConnectExec - ex-00000122: acquiring connection with route {}->npipe://localhost:2375
2024-07-24 14:31:02.117 [docker-java-stream-1946693562] DEBUG c.g.d.z.s.o.a.h.c.h.i.c.InternalHttpClient - ex-00000122: acquiring endpoint (3 MINUTES)
2024-07-24 14:31:02.117 [docker-java-stream-1946693562] DEBUG c.g.d.z.s.o.a.h.c.h.i.i.PoolingHttpClientConnectionManager - ex-00000122: endpoint lease request (3 MINUTES) [route: {}->npipe://localhost:2375][total available: 1; route allocated: 1 of 2147483647; total allocated: 1 of 2147483647]
2024-07-24 14:31:02.117 [docker-java-stream-1946693562] DEBUG c.g.d.z.s.o.a.h.c.h.i.i.PoolingHttpClientConnectionManager - ex-00000122: endpoint leased [route: {}->npipe://localhost:2375][total available: 0; route allocated: 1 of 2147483647; total allocated: 1 of 2147483647]
2024-07-24 14:31:02.118 [docker-java-stream-1946693562] DEBUG c.g.d.z.s.o.a.h.c.h.i.i.PoolingHttpClientConnectionManager - ex-00000122: acquired ep-00000121
2024-07-24 14:31:02.118 [docker-java-stream-1946693562] DEBUG c.g.d.z.s.o.a.h.c.h.i.c.InternalHttpClient - ex-00000122: acquired endpoint ep-00000121
2024-07-24 14:31:02.118 [docker-java-stream-1946693562] DEBUG c.g.d.z.s.o.a.h.c.h.i.c.MainClientExec - ex-00000122: executing GET /v1.32/containers/99fcdb2200153bd54f3b8ed94b859cf64c362c88dc30812fcf335aa6cec7d89e/logs?stdout=true&stderr=true&follow=true&since=0 HTTP/1.1
2024-07-24 14:31:02.118 [docker-java-stream-1946693562] DEBUG c.g.d.z.s.o.a.h.c.h.i.c.InternalHttpClient - ep-00000121: start execution ex-00000122
2024-07-24 14:31:02.118 [docker-java-stream-1946693562] DEBUG c.g.d.z.s.o.a.h.c.h.i.i.PoolingHttpClientConnectionManager - ep-00000121: executing exchange ex-00000122 over http-outgoing-26
2024-07-24 14:31:02.118 [docker-java-stream-1946693562] DEBUG c.g.d.z.s.o.a.h.client5.http.headers - http-outgoing-26 >> GET /v1.32/containers/99fcdb2200153bd54f3b8ed94b859cf64c362c88dc30812fcf335aa6cec7d89e/logs?stdout=true&stderr=true&follow=true&since=0 HTTP/1.1
2024-07-24 14:31:02.118 [docker-java-stream-1946693562] DEBUG c.g.d.z.s.o.a.h.client5.http.headers - http-outgoing-26 >> x-tc-sid: 280e6229-7396-4d60-b1e3-a5de48b5d49b
2024-07-24 14:31:02.118 [docker-java-stream-1946693562] DEBUG c.g.d.z.s.o.a.h.client5.http.headers - http-outgoing-26 >> User-Agent: tc-java/1.19.8
2024-07-24 14:31:02.118 [docker-java-stream-1946693562] DEBUG c.g.d.z.s.o.a.h.client5.http.headers - http-outgoing-26 >> Accept-Encoding: gzip, x-gzip, deflate
2024-07-24 14:31:02.118 [docker-java-stream-1946693562] DEBUG c.g.d.z.s.o.a.h.client5.http.headers - http-outgoing-26 >> Host: localhost:2375
2024-07-24 14:31:02.118 [docker-java-stream-1946693562] DEBUG c.g.d.z.s.o.a.h.client5.http.headers - http-outgoing-26 >> Connection: keep-alive
2024-07-24 14:31:02.118 [docker-java-stream-1946693562] DEBUG c.g.d.z.s.o.a.hc.client5.http.wire - http-outgoing-26 >> "GET /v1.32/containers/99fcdb2200153bd54f3b8ed94b859cf64c362c88dc30812fcf335aa6cec7d89e/logs?stdout=true&stderr=true&follow=true&since=0 HTTP/1.1[\r][\n]"
2024-07-24 14:31:02.118 [docker-java-stream-1946693562] DEBUG c.g.d.z.s.o.a.hc.client5.http.wire - http-outgoing-26 >> "x-tc-sid: 280e6229-7396-4d60-b1e3-a5de48b5d49b[\r][\n]"
2024-07-24 14:31:02.118 [docker-java-stream-1946693562] DEBUG c.g.d.z.s.o.a.hc.client5.http.wire - http-outgoing-26 >> "User-Agent: tc-java/1.19.8[\r][\n]"
2024-07-24 14:31:02.118 [docker-java-stream-1946693562] DEBUG c.g.d.z.s.o.a.hc.client5.http.wire - http-outgoing-26 >> "Accept-Encoding: gzip, x-gzip, deflate[\r][\n]"
2024-07-24 14:31:02.118 [docker-java-stream-1946693562] DEBUG c.g.d.z.s.o.a.hc.client5.http.wire - http-outgoing-26 >> "Host: localhost:2375[\r][\n]"
2024-07-24 14:31:02.118 [docker-java-stream-1946693562] DEBUG c.g.d.z.s.o.a.hc.client5.http.wire - http-outgoing-26 >> "Connection: keep-alive[\r][\n]"
2024-07-24 14:31:02.118 [docker-java-stream-1946693562] DEBUG c.g.d.z.s.o.a.hc.client5.http.wire - http-outgoing-26 >> "[\r][\n]"
2024-07-24 14:31:02.121 [docker-java-stream-1946693562] DEBUG c.g.d.z.s.o.a.hc.client5.http.wire - http-outgoing-26 << "HTTP/1.1 200 OK[\r][\n]"
2024-07-24 14:31:02.121 [docker-java-stream-1946693562] DEBUG c.g.d.z.s.o.a.hc.client5.http.wire - http-outgoing-26 << "Api-Version: 1.45[\r][\n]"
2024-07-24 14:31:02.121 [docker-java-stream-1946693562] DEBUG c.g.d.z.s.o.a.hc.client5.http.wire - http-outgoing-26 << "Content-Type: application/vnd.docker.raw-stream[\r][\n]"
2024-07-24 14:31:02.121 [docker-java-stream-1946693562] DEBUG c.g.d.z.s.o.a.hc.client5.http.wire - http-outgoing-26 << "Date: Wed, 24 Jul 2024 02:31:02 GMT[\r][\n]"
2024-07-24 14:31:02.121 [docker-java-stream-1946693562] DEBUG c.g.d.z.s.o.a.hc.client5.http.wire - http-outgoing-26 << "Docker-Experimental: false[\r][\n]"
2024-07-24 14:31:02.121 [docker-java-stream-1946693562] DEBUG c.g.d.z.s.o.a.hc.client5.http.wire - http-outgoing-26 << "Ostype: linux[\r][\n]"
2024-07-24 14:31:02.121 [docker-java-stream-1946693562] DEBUG c.g.d.z.s.o.a.hc.client5.http.wire - http-outgoing-26 << "Server: Docker/26.0.0 (linux)[\r][\n]"
2024-07-24 14:31:02.121 [docker-java-stream-1946693562] DEBUG c.g.d.z.s.o.a.hc.client5.http.wire - http-outgoing-26 << "Transfer-Encoding: chunked[\r][\n]"
2024-07-24 14:31:02.121 [docker-java-stream-1946693562] DEBUG c.g.d.z.s.o.a.hc.client5.http.wire - http-outgoing-26 << "[\r][\n]"
2024-07-24 14:31:02.121 [docker-java-stream-1946693562] DEBUG c.g.d.z.s.o.a.h.client5.http.headers - http-outgoing-26 << HTTP/1.1 200 OK
2024-07-24 14:31:02.121 [docker-java-stream-1946693562] DEBUG c.g.d.z.s.o.a.h.client5.http.headers - http-outgoing-26 << Api-Version: 1.45
2024-07-24 14:31:02.121 [docker-java-stream-1946693562] DEBUG c.g.d.z.s.o.a.h.client5.http.headers - http-outgoing-26 << Content-Type: application/vnd.docker.raw-stream
2024-07-24 14:31:02.121 [docker-java-stream-1946693562] DEBUG c.g.d.z.s.o.a.h.client5.http.headers - http-outgoing-26 << Date: Wed, 24 Jul 2024 02:31:02 GMT
2024-07-24 14:31:02.121 [docker-java-stream-1946693562] DEBUG c.g.d.z.s.o.a.h.client5.http.headers - http-outgoing-26 << Docker-Experimental: false
2024-07-24 14:31:02.121 [docker-java-stream-1946693562] DEBUG c.g.d.z.s.o.a.h.client5.http.headers - http-outgoing-26 << Ostype: linux
2024-07-24 14:31:02.121 [docker-java-stream-1946693562] DEBUG c.g.d.z.s.o.a.h.client5.http.headers - http-outgoing-26 << Server: Docker/26.0.0 (linux)
2024-07-24 14:31:02.121 [docker-java-stream-1946693562] DEBUG c.g.d.z.s.o.a.h.client5.http.headers - http-outgoing-26 << Transfer-Encoding: chunked
2024-07-24 14:31:02.121 [docker-java-stream-1946693562] DEBUG c.g.d.z.s.o.a.h.c.h.i.c.MainClientExec - ex-00000122: connection can be kept alive for 3 MINUTES
2024-07-24 14:31:02.128 [docker-java-stream-1946693562] DEBUG c.g.d.z.s.o.a.hc.client5.http.wire - http-outgoing-26 << "1fd[\r][\n]"
2024-07-24 14:31:02.128 [docker-java-stream-1946693562] DEBUG c.g.d.z.s.o.a.hc.client5.http.wire - http-outgoing-26 << "[0x1][0x0][0x0][0x0][0x0][0x0][0x0]NThe files belonging to this database system will be owned by user "postgres".[\n]"
2024-07-24 14:31:02.128 [docker-java-stream-1946693562] DEBUG c.g.d.z.s.o.a.hc.client5.http.wire - http-outgoing-26 << "[0x1][0x0][0x0][0x0][0x0][0x0][0x0],This user must also own the server process.[\n]"
2024-07-24 14:31:02.128 [docker-java-stream-1946693562] DEBUG c.g.d.z.s.o.a.hc.client5.http.wire - http-outgoing-26 << "[0x1][0x0][0x0][0x0][0x0][0x0][0x0][0x1][\n]"
2024-07-24 14:31:02.128 [docker-java-stream-1946693562] DEBUG c.g.d.z.s.o.a.hc.client5.http.wire - http-outgoing-26 << "[0x1][0x0][0x0][0x0][0x0][0x0][0x0]CThe database cluster will be initialized with locale "en_US.utf8".[\n]"
2024-07-24 14:31:02.128 [docker-java-stream-1946693562] DEBUG c.g.d.z.s.o.a.hc.client5.http.wire - http-outgoing-26 << "[0x1][0x0][0x0][0x0][0x0][0x0][0x0]BThe default database encoding has accordingly been set to "UTF8".[\n]"
2024-07-24 14:31:02.128 [docker-java-stream-1946693562] DEBUG c.g.d.z.s.o.a.hc.client5.http.wire - http-outgoing-26 << "[0x1][0x0][0x0][0x0][0x0][0x0][0x0]@The default text search configuration will be set to "english".[\n]"
2024-07-24 14:31:02.128 [docker-java-stream-1946693562] DEBUG c.g.d.z.s.o.a.hc.client5.http.wire - http-outgoing-26 << "[0x1][0x0][0x0][0x0][0x0][0x0][0x0][0x1][\n]"
2024-07-24 14:31:02.128 [docker-java-stream-1946693562] DEBUG c.g.d.z.s.o.a.hc.client5.http.wire - http-outgoing-26 << "[0x1][0x0][0x0][0x0][0x0][0x0][0x0]"Data page checksums are disabled.[\n]"
2024-07-24 14:31:02.128 [docker-java-stream-1946693562] DEBUG c.g.d.z.s.o.a.hc.client5.http.wire - http-outgoing-26 << "[0x1][0x0][0x0][0x0][0x0][0x0][0x0][0x1][\n]"
2024-07-24 14:31:02.128 [docker-java-stream-1946693562] DEBUG c.g.d.z.s.o.a.hc.client5.http.wire - http-outgoing-26 << "[0x1][0x0][0x0][0x0][0x0][0x0][0x0]Ifixing permissions on existing directory /var/lib/postgresql/data ... ok[\n]"
2024-07-24 14:31:02.128 [docker-java-stream-1946693562] DEBUG c.g.d.z.s.o.a.hc.client5.http.wire - http-outgoing-26 << "[\r][\n]"
2024-07-24 14:31:02.128 [Test worker] DEBUG o.t.c.output.WaitingConsumer - STDOUT: 
2024-07-24 14:31:02.128 [Test worker] DEBUG o.t.c.output.WaitingConsumer - STDOUT: fixing permissions on existing directory /var/lib/postgresql/data ... ok
2024-07-24 14:31:02.128 [Test worker] DEBUG o.t.c.output.WaitingConsumer - STDOUT: 
2024-07-24 14:31:02.128 [Test worker] DEBUG o.t.c.output.WaitingConsumer - STDOUT: Data page checksums are disabled.
2024-07-24 14:31:02.128 [Test worker] DEBUG o.t.c.output.WaitingConsumer - STDOUT: 
2024-07-24 14:31:02.128 [Test worker] DEBUG o.t.c.output.WaitingConsumer - STDOUT: The default text search configuration will be set to "english".
2024-07-24 14:31:02.128 [Test worker] DEBUG o.t.c.output.WaitingConsumer - STDOUT: The default database encoding has accordingly been set to "UTF8".
2024-07-24 14:31:02.128 [Test worker] DEBUG o.t.c.output.WaitingConsumer - STDOUT: The database cluster will be initialized with locale "en_US.utf8".
2024-07-24 14:31:02.128 [Test worker] DEBUG o.t.c.output.WaitingConsumer - STDOUT: This user must also own the server process.
2024-07-24 14:31:02.128 [Test worker] DEBUG o.t.c.output.WaitingConsumer - STDOUT: The files belonging to this database system will be owned by user "postgres".
2024-07-24 14:31:02.132 [docker-java-stream-1946693562] DEBUG c.g.d.z.s.o.a.hc.client5.http.wire - http-outgoing-26 << "68[\r][\n]"
2024-07-24 14:31:02.132 [docker-java-stream-1946693562] DEBUG c.g.d.z.s.o.a.hc.client5.http.wire - http-outgoing-26 << "[0x1][0x0][0x0][0x0][0x0][0x0][0x0][0x1f]creating subdirectories ... ok[\n]"
2024-07-24 14:31:02.132 [docker-java-stream-1946693562] DEBUG c.g.d.z.s.o.a.hc.client5.http.wire - http-outgoing-26 << "[0x1][0x0][0x0][0x0][0x0][0x0][0x0]9selecting dynamic shared memory implementation ... posix[\n]"
2024-07-24 14:31:02.132 [docker-java-stream-1946693562] DEBUG c.g.d.z.s.o.a.hc.client5.http.wire - http-outgoing-26 << "[\r][\n]"
2024-07-24 14:31:02.150 [docker-java-stream-1946693562] DEBUG c.g.d.z.s.o.a.hc.client5.http.wire - http-outgoing-26 << "32[\r][\n]"
2024-07-24 14:31:02.150 [docker-java-stream-1946693562] DEBUG c.g.d.z.s.o.a.hc.client5.http.wire - http-outgoing-26 << "[0x1][0x0][0x0][0x0][0x0][0x0][0x0]*selecting default max_connections ... 100[\n]"
2024-07-24 14:31:02.150 [docker-java-stream-1946693562] DEBUG c.g.d.z.s.o.a.hc.client5.http.wire - http-outgoing-26 << "[\r][\n]"
2024-07-24 14:31:02.151 [Test worker] DEBUG o.t.c.output.WaitingConsumer - STDOUT: selecting default max_connections ... 100
2024-07-24 14:31:02.151 [Test worker] DEBUG o.t.c.output.WaitingConsumer - STDOUT: selecting dynamic shared memory implementation ... posix
2024-07-24 14:31:02.151 [Test worker] DEBUG o.t.c.output.WaitingConsumer - STDOUT: creating subdirectories ... ok
2024-07-24 14:31:02.175 [docker-java-stream-1946693562] DEBUG c.g.d.z.s.o.a.hc.client5.http.wire - http-outgoing-26 << "33[\r][\n]"
2024-07-24 14:31:02.175 [docker-java-stream-1946693562] DEBUG c.g.d.z.s.o.a.hc.client5.http.wire - http-outgoing-26 << "[0x1][0x0][0x0][0x0][0x0][0x0][0x0]+selecting default shared_buffers ... 128MB[\n]"
2024-07-24 14:31:02.175 [docker-java-stream-1946693562] DEBUG c.g.d.z.s.o.a.hc.client5.http.wire - http-outgoing-26 << "[\r][\n]"
2024-07-24 14:31:02.176 [Test worker] DEBUG o.t.c.output.WaitingConsumer - STDOUT: selecting default shared_buffers ... 128MB
2024-07-24 14:31:02.195 [docker-java-stream-1946693562] DEBUG c.g.d.z.s.o.a.hc.client5.http.wire - http-outgoing-26 << "30[\r][\n]"
2024-07-24 14:31:02.195 [docker-java-stream-1946693562] DEBUG c.g.d.z.s.o.a.hc.client5.http.wire - http-outgoing-26 << "[0x1][0x0][0x0][0x0][0x0][0x0][0x0](selecting default time zone ... Etc/UTC[\n]"
2024-07-24 14:31:02.195 [docker-java-stream-1946693562] DEBUG c.g.d.z.s.o.a.hc.client5.http.wire - http-outgoing-26 << "[\r][\n]"
2024-07-24 14:31:02.196 [docker-java-stream-1946693562] DEBUG c.g.d.z.s.o.a.hc.client5.http.wire - http-outgoing-26 << "2c[\r][\n]"
2024-07-24 14:31:02.196 [docker-java-stream-1946693562] DEBUG c.g.d.z.s.o.a.hc.client5.http.wire - http-outgoing-26 << "[0x1][0x0][0x0][0x0][0x0][0x0][0x0]$creating configuration files ... ok[\n]"
2024-07-24 14:31:02.196 [docker-java-stream-1946693562] DEBUG c.g.d.z.s.o.a.hc.client5.http.wire - http-outgoing-26 << "[\r][\n]"
2024-07-24 14:31:02.198 [Test worker] DEBUG o.t.c.output.WaitingConsumer - STDOUT: creating configuration files ... ok
2024-07-24 14:31:02.198 [Test worker] DEBUG o.t.c.output.WaitingConsumer - STDOUT: selecting default time zone ... Etc/UTC
2024-07-24 14:31:02.334 [docker-java-stream-1946693562] DEBUG c.g.d.z.s.o.a.hc.client5.http.wire - http-outgoing-26 << "28[\r][\n]"
2024-07-24 14:31:02.334 [docker-java-stream-1946693562] DEBUG c.g.d.z.s.o.a.hc.client5.http.wire - http-outgoing-26 << "[0x1][0x0][0x0][0x0][0x0][0x0][0x0] running bootstrap script ... ok[\n]"
2024-07-24 14:31:02.334 [docker-java-stream-1946693562] DEBUG c.g.d.z.s.o.a.hc.client5.http.wire - http-outgoing-26 << "[\r][\n]"
2024-07-24 14:31:02.337 [Test worker] DEBUG o.t.c.output.WaitingConsumer - STDOUT: running bootstrap script ... ok
2024-07-24 14:31:02.657 [docker-java-stream-1946693562] DEBUG c.g.d.z.s.o.a.hc.client5.http.wire - http-outgoing-26 << "38[\r][\n]"
2024-07-24 14:31:02.657 [docker-java-stream-1946693562] DEBUG c.g.d.z.s.o.a.hc.client5.http.wire - http-outgoing-26 << "[0x1][0x0][0x0][0x0][0x0][0x0][0x0]0performing post-bootstrap initialization ... ok[\n]"
2024-07-24 14:31:02.657 [docker-java-stream-1946693562] DEBUG c.g.d.z.s.o.a.hc.client5.http.wire - http-outgoing-26 << "[\r][\n]"
2024-07-24 14:31:02.657 [Test worker] DEBUG o.t.c.output.WaitingConsumer - STDOUT: performing post-bootstrap initialization ... ok
2024-07-24 14:31:03.006 [docker-java-stream-1946693562] DEBUG c.g.d.z.s.o.a.hc.client5.http.wire - http-outgoing-26 << "1ad[\r][\n]"
2024-07-24 14:31:03.006 [docker-java-stream-1946693562] DEBUG c.g.d.z.s.o.a.hc.client5.http.wire - http-outgoing-26 << "[0x2][0x0][0x0][0x0][0x0][0x0][0x0]Ginitdb: warning: enabling "trust" authentication for local connections[\n]"
2024-07-24 14:31:03.006 [docker-java-stream-1946693562] DEBUG c.g.d.z.s.o.a.hc.client5.http.wire - http-outgoing-26 << "[0x2][0x0][0x0][0x0][0x0][0x0][0x0][0xffffff90]initdb: hint: You can change this by editing pg_hba.conf or using the option -A, or --auth-local and --auth-host, the next time you run initdb.[\n]"
2024-07-24 14:31:03.006 [docker-java-stream-1946693562] DEBUG c.g.d.z.s.o.a.hc.client5.http.wire - http-outgoing-26 << "[0x1][0x0][0x0][0x0][0x0][0x0][0x0][0x1c]syncing data to disk ... ok[\n]"
2024-07-24 14:31:03.006 [docker-java-stream-1946693562] DEBUG c.g.d.z.s.o.a.hc.client5.http.wire - http-outgoing-26 << "[0x1][0x0][0x0][0x0][0x0][0x0][0x0][0x1][\n]"
2024-07-24 14:31:03.006 [docker-java-stream-1946693562] DEBUG c.g.d.z.s.o.a.hc.client5.http.wire - http-outgoing-26 << "[0x1][0x0][0x0][0x0][0x0][0x0][0x0][0x1][\n]"
2024-07-24 14:31:03.006 [docker-java-stream-1946693562] DEBUG c.g.d.z.s.o.a.hc.client5.http.wire - http-outgoing-26 << "[0x1][0x0][0x0][0x0][0x0][0x0][0x0]6Success. You can now start the database server using:[\n]"
2024-07-24 14:31:03.006 [docker-java-stream-1946693562] DEBUG c.g.d.z.s.o.a.hc.client5.http.wire - http-outgoing-26 << "[0x1][0x0][0x0][0x0][0x0][0x0][0x0][0x1][\n]"
2024-07-24 14:31:03.006 [docker-java-stream-1946693562] DEBUG c.g.d.z.s.o.a.hc.client5.http.wire - http-outgoing-26 << "[0x1][0x0][0x0][0x0][0x0][0x0][0x0]8    pg_ctl -D /var/lib/postgresql/data -l logfile start[\n]"
2024-07-24 14:31:03.006 [docker-java-stream-1946693562] DEBUG c.g.d.z.s.o.a.hc.client5.http.wire - http-outgoing-26 << "[0x1][0x0][0x0][0x0][0x0][0x0][0x0][0x1][\n]"
2024-07-24 14:31:03.006 [docker-java-stream-1946693562] DEBUG c.g.d.z.s.o.a.hc.client5.http.wire - http-outgoing-26 << "[\r][\n]"
2024-07-24 14:31:03.006 [Test worker] DEBUG o.t.c.output.WaitingConsumer - STDOUT:     pg_ctl -D /var/lib/postgresql/data -l logfile start
2024-07-24 14:31:03.006 [Test worker] DEBUG o.t.c.output.WaitingConsumer - STDOUT: 
2024-07-24 14:31:03.006 [Test worker] DEBUG o.t.c.output.WaitingConsumer - STDOUT: 
2024-07-24 14:31:03.006 [Test worker] DEBUG o.t.c.output.WaitingConsumer - STDOUT: Success. You can now start the database server using:
2024-07-24 14:31:03.006 [Test worker] DEBUG o.t.c.output.WaitingConsumer - STDOUT: 
2024-07-24 14:31:03.006 [Test worker] DEBUG o.t.c.output.WaitingConsumer - STDOUT: 
2024-07-24 14:31:03.006 [Test worker] DEBUG o.t.c.output.WaitingConsumer - STDOUT: syncing data to disk ... ok
2024-07-24 14:31:03.006 [Test worker] DEBUG o.t.c.output.WaitingConsumer - STDERR: initdb: hint: You can change this by editing pg_hba.conf or using the option -A, or --auth-local and --auth-host, the next time you run initdb.
2024-07-24 14:31:03.006 [Test worker] DEBUG o.t.c.output.WaitingConsumer - STDERR: initdb: warning: enabling "trust" authentication for local connections
2024-07-24 14:31:03.046 [docker-java-stream-1946693562] DEBUG c.g.d.z.s.o.a.hc.client5.http.wire - http-outgoing-26 << "137[\r][\n]"
2024-07-24 14:31:03.046 [docker-java-stream-1946693562] DEBUG c.g.d.z.s.o.a.hc.client5.http.wire - http-outgoing-26 << "[0x1][0x0][0x0][0x0][0x0][0x0][0x0][0xffffffc3]waiting for server to start....2024-07-24 02:31:03.045 UTC [48] LOG:  starting PostgreSQL 16.2 (Debian 16.2-1.pgdg120+2) on x86_64-pc-linux-gnu, compiled by gcc (Debian 12.2.0-14) 12.2.0, 64-bit[\n]"
2024-07-24 14:31:03.046 [docker-java-stream-1946693562] DEBUG c.g.d.z.s.o.a.hc.client5.http.wire - http-outgoing-26 << "[0x1][0x0][0x0][0x0][0x0][0x0][0x0]d2024-07-24 02:31:03.045 UTC [48] LOG:  listening on Unix socket "/var/run/postgresql/.s.PGSQL.5432"[\n]"
2024-07-24 14:31:03.046 [docker-java-stream-1946693562] DEBUG c.g.d.z.s.o.a.hc.client5.http.wire - http-outgoing-26 << "[\r][\n]"
2024-07-24 14:31:03.046 [Test worker] DEBUG o.t.c.output.WaitingConsumer - STDOUT: 2024-07-24 02:31:03.045 UTC [48] LOG:  listening on Unix socket "/var/run/postgresql/.s.PGSQL.5432"
2024-07-24 14:31:03.046 [Test worker] DEBUG o.t.c.output.WaitingConsumer - STDOUT: waiting for server to start....2024-07-24 02:31:03.045 UTC [48] LOG:  starting PostgreSQL 16.2 (Debian 16.2-1.pgdg120+2) on x86_64-pc-linux-gnu, compiled by gcc (Debian 12.2.0-14) 12.2.0, 64-bit
2024-07-24 14:31:03.047 [docker-java-stream-1946693562] DEBUG c.g.d.z.s.o.a.hc.client5.http.wire - http-outgoing-26 << "68[\r][\n]"
2024-07-24 14:31:03.047 [docker-java-stream-1946693562] DEBUG c.g.d.z.s.o.a.hc.client5.http.wire - http-outgoing-26 << "[0x1][0x0][0x0][0x0][0x0][0x0][0x0]`2024-07-24 02:31:03.047 UTC [51] LOG:  database system was shut down at 2024-07-24 02:31:02 UTC[\n]"
2024-07-24 14:31:03.047 [docker-java-stream-1946693562] DEBUG c.g.d.z.s.o.a.hc.client5.http.wire - http-outgoing-26 << "[\r][\n]"
2024-07-24 14:31:03.051 [docker-java-stream-1946693562] DEBUG c.g.d.z.s.o.a.hc.client5.http.wire - http-outgoing-26 << "5e[\r][\n]"
2024-07-24 14:31:03.051 [docker-java-stream-1946693562] DEBUG c.g.d.z.s.o.a.hc.client5.http.wire - http-outgoing-26 << "[0x1][0x0][0x0][0x0][0x0][0x0][0x0]V2024-07-24 02:31:03.051 UTC [48] LOG:  database system is ready to accept connections[\n]"
2024-07-24 14:31:03.051 [docker-java-stream-1946693562] DEBUG c.g.d.z.s.o.a.hc.client5.http.wire - http-outgoing-26 << "[\r][\n]"
2024-07-24 14:31:03.065 [Test worker] DEBUG o.t.c.output.WaitingConsumer - STDOUT: 2024-07-24 02:31:03.051 UTC [48] LOG:  database system is ready to accept connections
2024-07-24 14:31:03.065 [Test worker] DEBUG o.t.c.output.WaitingConsumer - STDOUT: 2024-07-24 02:31:03.047 UTC [51] LOG:  database system was shut down at 2024-07-24 02:31:02 UTC
2024-07-24 14:31:03.129 [docker-java-stream-1946693562] DEBUG c.g.d.z.s.o.a.hc.client5.http.wire - http-outgoing-26 << "25[\r][\n]"
2024-07-24 14:31:03.129 [docker-java-stream-1946693562] DEBUG c.g.d.z.s.o.a.hc.client5.http.wire - http-outgoing-26 << "[0x1][0x0][0x0][0x0][0x0][0x0][0x0][0x6] done[\n]"
2024-07-24 14:31:03.129 [docker-java-stream-1946693562] DEBUG c.g.d.z.s.o.a.hc.client5.http.wire - http-outgoing-26 << "[0x1][0x0][0x0][0x0][0x0][0x0][0x0][0xf]server started[\n]"
2024-07-24 14:31:03.129 [docker-java-stream-1946693562] DEBUG c.g.d.z.s.o.a.hc.client5.http.wire - http-outgoing-26 << "[\r][\n]"
2024-07-24 14:31:03.130 [Test worker] DEBUG o.t.c.output.WaitingConsumer - STDOUT: server started
2024-07-24 14:31:03.130 [Test worker] DEBUG o.t.c.output.WaitingConsumer - STDOUT:  done
2024-07-24 14:31:03.217 [docker-java-stream-1946693562] DEBUG c.g.d.z.s.o.a.hc.client5.http.wire - http-outgoing-26 << "18[\r][\n]"
2024-07-24 14:31:03.217 [docker-java-stream-1946693562] DEBUG c.g.d.z.s.o.a.hc.client5.http.wire - http-outgoing-26 << "[0x1][0x0][0x0][0x0][0x0][0x0][0x0][0x10]CREATE DATABASE[\n]"
2024-07-24 14:31:03.217 [docker-java-stream-1946693562] DEBUG c.g.d.z.s.o.a.hc.client5.http.wire - http-outgoing-26 << "[\r][\n]"
2024-07-24 14:31:03.218 [Test worker] DEBUG o.t.c.output.WaitingConsumer - STDOUT: CREATE DATABASE
2024-07-24 14:31:03.218 [docker-java-stream-1946693562] DEBUG c.g.d.z.s.o.a.hc.client5.http.wire - http-outgoing-26 << "6f[\r][\n]"
2024-07-24 14:31:03.218 [docker-java-stream-1946693562] DEBUG c.g.d.z.s.o.a.hc.client5.http.wire - http-outgoing-26 << "[0x1][0x0][0x0][0x0][0x0][0x0][0x0][0x1][\n]"
2024-07-24 14:31:03.218 [docker-java-stream-1946693562] DEBUG c.g.d.z.s.o.a.hc.client5.http.wire - http-outgoing-26 << "[0x1][0x0][0x0][0x0][0x0][0x0][0x0][0x1][\n]"
2024-07-24 14:31:03.218 [docker-java-stream-1946693562] DEBUG c.g.d.z.s.o.a.hc.client5.http.wire - http-outgoing-26 << "[0x1][0x0][0x0][0x0][0x0][0x0][0x0]L/usr/local/bin/docker-entrypoint.sh: ignoring /docker-entrypoint-initdb.d/*[\n]"
2024-07-24 14:31:03.218 [docker-java-stream-1946693562] DEBUG c.g.d.z.s.o.a.hc.client5.http.wire - http-outgoing-26 << "[0x1][0x0][0x0][0x0][0x0][0x0][0x0][0x1][\n]"
2024-07-24 14:31:03.218 [docker-java-stream-1946693562] DEBUG c.g.d.z.s.o.a.hc.client5.http.wire - http-outgoing-26 << "[\r][\n]"
2024-07-24 14:31:03.220 [docker-java-stream-1946693562] DEBUG c.g.d.z.s.o.a.hc.client5.http.wire - http-outgoing-26 << "c0[\r][\n]"
2024-07-24 14:31:03.220 [docker-java-stream-1946693562] DEBUG c.g.d.z.s.o.a.hc.client5.http.wire - http-outgoing-26 << "[0x1][0x0][0x0][0x0][0x0][0x0][0x0]hwaiting for server to shut down...2024-07-24 02:31:03.219 UTC [48] LOG:  received fast shutdown request[\n]"
2024-07-24 14:31:03.220 [docker-java-stream-1946693562] DEBUG c.g.d.z.s.o.a.hc.client5.http.wire - http-outgoing-26 << "[0x1][0x0][0x0][0x0][0x0][0x0][0x0]H2024-07-24 02:31:03.219 UTC [48] LOG:  aborting any active transactions[\n]"
2024-07-24 14:31:03.220 [docker-java-stream-1946693562] DEBUG c.g.d.z.s.o.a.hc.client5.http.wire - http-outgoing-26 << "[\r][\n]"
2024-07-24 14:31:03.222 [docker-java-stream-1946693562] DEBUG c.g.d.z.s.o.a.hc.client5.http.wire - http-outgoing-26 << "82[\r][\n]"
2024-07-24 14:31:03.222 [docker-java-stream-1946693562] DEBUG c.g.d.z.s.o.a.hc.client5.http.wire - http-outgoing-26 << "[0x1][0x0][0x0][0x0][0x0][0x0][0x0]z.2024-07-24 02:31:03.222 UTC [48] LOG:  background worker "logical replication launcher" (PID 54) exited with exit code 1[\n]"
2024-07-24 14:31:03.222 [docker-java-stream-1946693562] DEBUG c.g.d.z.s.o.a.hc.client5.http.wire - http-outgoing-26 << "[\r][\n]"
2024-07-24 14:31:03.222 [docker-java-stream-1946693562] DEBUG c.g.d.z.s.o.a.hc.client5.http.wire - http-outgoing-26 << "94[\r][\n]"
2024-07-24 14:31:03.222 [docker-java-stream-1946693562] DEBUG c.g.d.z.s.o.a.hc.client5.http.wire - http-outgoing-26 << "[0x1][0x0][0x0][0x0][0x0][0x0][0x0]52024-07-24 02:31:03.222 UTC [49] LOG:  shutting down[\n]"
2024-07-24 14:31:03.222 [docker-java-stream-1946693562] DEBUG c.g.d.z.s.o.a.hc.client5.http.wire - http-outgoing-26 << "[0x1][0x0][0x0][0x0][0x0][0x0][0x0]O2024-07-24 02:31:03.222 UTC [49] LOG:  checkpoint starting: shutdown immediate[\n]"
2024-07-24 14:31:03.222 [docker-java-stream-1946693562] DEBUG c.g.d.z.s.o.a.hc.client5.http.wire - http-outgoing-26 << "[\r][\n]"
2024-07-24 14:31:03.233 [docker-java-stream-1946693562] DEBUG c.g.d.z.s.o.a.hc.client5.http.wire - http-outgoing-26 << "12c[\r][\n]"
2024-07-24 14:31:03.233 [docker-java-stream-1946693562] DEBUG c.g.d.z.s.o.a.hc.client5.http.wire - http-outgoing-26 << "[0x1][0x0][0x0][0x0][0x0][0x0][0x1]$2024-07-24 02:31:03.232 UTC [49] LOG:  checkpoint complete: wrote 923 buffers (5.6%); 0 WAL file(s) added, 0 removed, 0 recycled; write=0.011 s, sync=0.001 s, total=0.011 s; sync files=0, longest=0.000 s, average=0.000 s; distance=4257 kB, estimate=4257 kB; lsn=0/1913068, redo lsn=0/1913068[\n]"
2024-07-24 14:31:03.233 [docker-java-stream-1946693562] DEBUG c.g.d.z.s.o.a.hc.client5.http.wire - http-outgoing-26 << "[\r][\n]"
2024-07-24 14:31:03.235 [Test worker] DEBUG o.t.c.output.WaitingConsumer - STDOUT: 2024-07-24 02:31:03.232 UTC [49] LOG:  checkpoint complete: wrote 923 buffers (5.6%); 0 WAL file(s) added, 0 removed, 0 recycled; write=0.011 s, sync=0.001 s, total=0.011 s; sync files=0, longest=0.000 s, average=0.000 s; distance=4257 kB, estimate=4257 kB; lsn=0/1913068, redo lsn=0/1913068
2024-07-24 14:31:03.235 [Test worker] DEBUG o.t.c.output.WaitingConsumer - STDOUT: 2024-07-24 02:31:03.222 UTC [49] LOG:  checkpoint starting: shutdown immediate
2024-07-24 14:31:03.235 [Test worker] DEBUG o.t.c.output.WaitingConsumer - STDOUT: 2024-07-24 02:31:03.222 UTC [49] LOG:  shutting down
2024-07-24 14:31:03.235 [Test worker] DEBUG o.t.c.output.WaitingConsumer - STDOUT: .2024-07-24 02:31:03.222 UTC [48] LOG:  background worker "logical replication launcher" (PID 54) exited with exit code 1
2024-07-24 14:31:03.235 [Test worker] DEBUG o.t.c.output.WaitingConsumer - STDOUT: 2024-07-24 02:31:03.219 UTC [48] LOG:  aborting any active transactions
2024-07-24 14:31:03.235 [Test worker] DEBUG o.t.c.output.WaitingConsumer - STDOUT: waiting for server to shut down...2024-07-24 02:31:03.219 UTC [48] LOG:  received fast shutdown request
2024-07-24 14:31:03.235 [Test worker] DEBUG o.t.c.output.WaitingConsumer - STDOUT: 
2024-07-24 14:31:03.235 [Test worker] DEBUG o.t.c.output.WaitingConsumer - STDOUT: /usr/local/bin/docker-entrypoint.sh: ignoring /docker-entrypoint-initdb.d/*
2024-07-24 14:31:03.235 [Test worker] DEBUG o.t.c.output.WaitingConsumer - STDOUT: 
2024-07-24 14:31:03.235 [Test worker] DEBUG o.t.c.output.WaitingConsumer - STDOUT: 
2024-07-24 14:31:03.243 [docker-java-stream-1946693562] DEBUG c.g.d.z.s.o.a.hc.client5.http.wire - http-outgoing-26 << "4c[\r][\n]"
2024-07-24 14:31:03.243 [docker-java-stream-1946693562] DEBUG c.g.d.z.s.o.a.hc.client5.http.wire - http-outgoing-26 << "[0x1][0x0][0x0][0x0][0x0][0x0][0x0]D2024-07-24 02:31:03.242 UTC [48] LOG:  database system is shut down[\n]"
2024-07-24 14:31:03.243 [docker-java-stream-1946693562] DEBUG c.g.d.z.s.o.a.hc.client5.http.wire - http-outgoing-26 << "[\r][\n]"
2024-07-24 14:31:03.251 [Test worker] DEBUG o.t.c.output.WaitingConsumer - STDOUT: 2024-07-24 02:31:03.242 UTC [48] LOG:  database system is shut down
2024-07-24 14:31:03.321 [docker-java-stream-1946693562] DEBUG c.g.d.z.s.o.a.hc.client5.http.wire - http-outgoing-26 << "25[\r][\n]"
2024-07-24 14:31:03.321 [docker-java-stream-1946693562] DEBUG c.g.d.z.s.o.a.hc.client5.http.wire - http-outgoing-26 << "[0x1][0x0][0x0][0x0][0x0][0x0][0x0][0x6] done[\n]"
2024-07-24 14:31:03.321 [docker-java-stream-1946693562] DEBUG c.g.d.z.s.o.a.hc.client5.http.wire - http-outgoing-26 << "[0x1][0x0][0x0][0x0][0x0][0x0][0x0][0xf]server stopped[\n]"
2024-07-24 14:31:03.321 [docker-java-stream-1946693562] DEBUG c.g.d.z.s.o.a.hc.client5.http.wire - http-outgoing-26 << "[\r][\n]"
2024-07-24 14:31:03.321 [Test worker] DEBUG o.t.c.output.WaitingConsumer - STDOUT: server stopped
2024-07-24 14:31:03.321 [Test worker] DEBUG o.t.c.output.WaitingConsumer - STDOUT:  done
2024-07-24 14:31:03.322 [docker-java-stream-1946693562] DEBUG c.g.d.z.s.o.a.hc.client5.http.wire - http-outgoing-26 << "9[\r][\n]"
2024-07-24 14:31:03.322 [docker-java-stream-1946693562] DEBUG c.g.d.z.s.o.a.hc.client5.http.wire - http-outgoing-26 << "[0x1][0x0][0x0][0x0][0x0][0x0][0x0][0x1][\n]"
2024-07-24 14:31:03.322 [docker-java-stream-1946693562] DEBUG c.g.d.z.s.o.a.hc.client5.http.wire - http-outgoing-26 << "[\r][\n]"
2024-07-24 14:31:03.322 [docker-java-stream-1946693562] DEBUG c.g.d.z.s.o.a.hc.client5.http.wire - http-outgoing-26 << "47[\r][\n]"
2024-07-24 14:31:03.322 [docker-java-stream-1946693562] DEBUG c.g.d.z.s.o.a.hc.client5.http.wire - http-outgoing-26 << "[0x1][0x0][0x0][0x0][0x0][0x0][0x0]6PostgreSQL init process complete; ready for start up.[\n]"
2024-07-24 14:31:03.322 [docker-java-stream-1946693562] DEBUG c.g.d.z.s.o.a.hc.client5.http.wire - http-outgoing-26 << "[0x1][0x0][0x0][0x0][0x0][0x0][0x0][0x1][\n]"
2024-07-24 14:31:03.322 [docker-java-stream-1946693562] DEBUG c.g.d.z.s.o.a.hc.client5.http.wire - http-outgoing-26 << "[\r][\n]"
2024-07-24 14:31:03.341 [docker-java-stream-1946693562] DEBUG c.g.d.z.s.o.a.hc.client5.http.wire - http-outgoing-26 << "1cb[\r][\n]"
2024-07-24 14:31:03.341 [docker-java-stream-1946693562] DEBUG c.g.d.z.s.o.a.hc.client5.http.wire - http-outgoing-26 << "[0x2][0x0][0x0][0x0][0x0][0x0][0x0][0xffffffa3]2024-07-24 02:31:03.340 UTC [1] LOG:  starting PostgreSQL 16.2 (Debian 16.2-1.pgdg120+2) on x86_64-pc-linux-gnu, compiled by gcc (Debian 12.2.0-14) 12.2.0, 64-bit[\n]"
2024-07-24 14:31:03.341 [docker-java-stream-1946693562] DEBUG c.g.d.z.s.o.a.hc.client5.http.wire - http-outgoing-26 << "[0x2][0x0][0x0][0x0][0x0][0x0][0x0]U2024-07-24 02:31:03.341 UTC [1] LOG:  listening on IPv4 address "0.0.0.0", port 5432[\n]"
2024-07-24 14:31:03.341 [docker-java-stream-1946693562] DEBUG c.g.d.z.s.o.a.hc.client5.http.wire - http-outgoing-26 << "[0x2][0x0][0x0][0x0][0x0][0x0][0x0]P2024-07-24 02:31:03.341 UTC [1] LOG:  listening on IPv6 address "::", port 5432[\n]"
2024-07-24 14:31:03.341 [docker-java-stream-1946693562] DEBUG c.g.d.z.s.o.a.hc.client5.http.wire - http-outgoing-26 << "[0x2][0x0][0x0][0x0][0x0][0x0][0x0]c2024-07-24 02:31:03.341 UTC [1] LOG:  listening on Unix socket "/var/run/postgresql/.s.PGSQL.5432"[\n]"
2024-07-24 14:31:03.341 [docker-java-stream-1946693562] DEBUG c.g.d.z.s.o.a.hc.client5.http.wire - http-outgoing-26 << "[\r][\n]"
2024-07-24 14:31:03.344 [Test worker] DEBUG o.t.c.output.WaitingConsumer - STDERR: 2024-07-24 02:31:03.341 UTC [1] LOG:  listening on Unix socket "/var/run/postgresql/.s.PGSQL.5432"
2024-07-24 14:31:03.344 [Test worker] DEBUG o.t.c.output.WaitingConsumer - STDERR: 2024-07-24 02:31:03.341 UTC [1] LOG:  listening on IPv6 address "::", port 5432
2024-07-24 14:31:03.344 [Test worker] DEBUG o.t.c.output.WaitingConsumer - STDERR: 2024-07-24 02:31:03.341 UTC [1] LOG:  listening on IPv4 address "0.0.0.0", port 5432
2024-07-24 14:31:03.344 [Test worker] DEBUG o.t.c.output.WaitingConsumer - STDERR: 2024-07-24 02:31:03.340 UTC [1] LOG:  starting PostgreSQL 16.2 (Debian 16.2-1.pgdg120+2) on x86_64-pc-linux-gnu, compiled by gcc (Debian 12.2.0-14) 12.2.0, 64-bit
2024-07-24 14:31:03.344 [Test worker] DEBUG o.t.c.output.WaitingConsumer - STDOUT: 
2024-07-24 14:31:03.344 [Test worker] DEBUG o.t.c.output.WaitingConsumer - STDOUT: PostgreSQL init process complete; ready for start up.
2024-07-24 14:31:03.344 [Test worker] DEBUG o.t.c.output.WaitingConsumer - STDOUT: 
2024-07-24 14:31:03.344 [docker-java-stream-1946693562] DEBUG c.g.d.z.s.o.a.hc.client5.http.wire - http-outgoing-26 << "68[\r][\n]"
2024-07-24 14:31:03.344 [docker-java-stream-1946693562] DEBUG c.g.d.z.s.o.a.hc.client5.http.wire - http-outgoing-26 << "[0x2][0x0][0x0][0x0][0x0][0x0][0x0]`2024-07-24 02:31:03.343 UTC [64] LOG:  database system was shut down at 2024-07-24 02:31:03 UTC[\n]"
2024-07-24 14:31:03.344 [docker-java-stream-1946693562] DEBUG c.g.d.z.s.o.a.hc.client5.http.wire - http-outgoing-26 << "[\r][\n]"
2024-07-24 14:31:03.347 [docker-java-stream-1946693562] DEBUG c.g.d.z.s.o.a.hc.client5.http.wire - http-outgoing-26 << "5d[\r][\n]"
2024-07-24 14:31:03.347 [docker-java-stream-1946693562] DEBUG c.g.d.z.s.o.a.hc.client5.http.wire - http-outgoing-26 << "[0x2][0x0][0x0][0x0][0x0][0x0][0x0]U2024-07-24 02:31:03.347 UTC [1] LOG:  database system is ready to accept connections[\n]"
2024-07-24 14:31:03.347 [docker-java-stream-1946693562] DEBUG c.g.d.z.s.o.a.hc.client5.http.wire - http-outgoing-26 << "[\r][\n]"
2024-07-24 14:31:03.359 [Test worker] DEBUG o.t.c.output.WaitingConsumer - STDERR: 2024-07-24 02:31:03.347 UTC [1] LOG:  database system is ready to accept connections
2024-07-24 14:31:03.359 [Test worker] DEBUG c.g.d.z.s.o.a.h.c.h.i.c.InternalHttpClient - ep-00000121: cancel
2024-07-24 14:31:03.359 [Test worker] DEBUG c.g.d.z.s.o.a.h.c.h.i.i.DefaultManagedHttpClientConnection - http-outgoing-26: close connection IMMEDIATE
2024-07-24 14:31:03.359 [Test worker] DEBUG c.g.d.z.s.o.a.h.c.h.i.c.InternalHttpClient - ep-00000121: endpoint closed
2024-07-24 14:31:03.359 [Test worker] DEBUG c.g.d.z.s.o.a.h.c.h.i.c.InternalHttpClient - ep-00000121: discarding endpoint
2024-07-24 14:31:03.359 [Test worker] DEBUG c.g.d.z.s.o.a.h.c.h.i.i.PoolingHttpClientConnectionManager - ep-00000121: releasing endpoint
2024-07-24 14:31:03.359 [Test worker] DEBUG c.g.d.z.s.o.a.h.c.h.i.i.PoolingHttpClientConnectionManager - ep-00000121: connection is not kept alive
2024-07-24 14:31:03.359 [Test worker] DEBUG c.g.d.z.s.o.a.h.c.h.i.i.PoolingHttpClientConnectionManager - ep-00000121: connection released [route: {}->npipe://localhost:2375][total available: 0; route allocated: 0 of 2147483647; total allocated: 0 of 2147483647]
2024-07-24 14:31:03.359 [docker-java-stream-1946693562] DEBUG c.g.d.z.s.o.a.hc.client5.http.wire - http-outgoing-26 << "end of stream"
2024-07-24 14:31:03.359 [Test worker] DEBUG c.g.d.z.s.o.a.hc.client5.http.wire - http-outgoing-26 << "[read] I/O error: java.nio.channels.ClosedChannelException"
2024-07-24 14:31:03.359 [docker-java-stream-1946693562] DEBUG c.g.d.z.s.o.a.hc.client5.http.wire - http-outgoing-26 << "[read] I/O error: java.nio.channels.ClosedChannelException"
2024-07-24 14:31:03.359 [docker-java-stream-1946693562] DEBUG c.g.d.z.ApacheDockerHttpClientImpl$ApacheResponse - Failed to close the response
java.io.IOException: java.nio.channels.ClosedChannelException
	at java.base/java.nio.channels.Channels$2.read(Channels.java:240)
	at com.github.dockerjava.zerodep.shaded.org.apache.hc.client5.http.impl.io.LoggingInputStream.read(LoggingInputStream.java:81)
	at com.github.dockerjava.zerodep.shaded.org.apache.hc.core5.http.impl.io.SessionInputBufferImpl.fillBuffer(SessionInputBufferImpl.java:149)
	at com.github.dockerjava.zerodep.shaded.org.apache.hc.core5.http.impl.io.SessionInputBufferImpl.readLine(SessionInputBufferImpl.java:280)
	at com.github.dockerjava.zerodep.shaded.org.apache.hc.core5.http.impl.io.ChunkedInputStream.getChunkSize(ChunkedInputStream.java:261)
	at com.github.dockerjava.zerodep.shaded.org.apache.hc.core5.http.impl.io.ChunkedInputStream.nextChunk(ChunkedInputStream.java:222)
	at com.github.dockerjava.zerodep.shaded.org.apache.hc.core5.http.impl.io.ChunkedInputStream.read(ChunkedInputStream.java:147)
	at com.github.dockerjava.zerodep.shaded.org.apache.hc.core5.http.impl.io.ChunkedInputStream.close(ChunkedInputStream.java:314)
	at com.github.dockerjava.zerodep.shaded.org.apache.hc.core5.io.Closer.close(Closer.java:48)
	at com.github.dockerjava.zerodep.shaded.org.apache.hc.core5.http.impl.io.IncomingHttpEntity.close(IncomingHttpEntity.java:111)
	at com.github.dockerjava.zerodep.shaded.org.apache.hc.core5.http.io.entity.HttpEntityWrapper.close(HttpEntityWrapper.java:120)
	at com.github.dockerjava.zerodep.shaded.org.apache.hc.core5.io.Closer.close(Closer.java:48)
	at com.github.dockerjava.zerodep.shaded.org.apache.hc.core5.http.message.BasicClassicHttpResponse.close(BasicClassicHttpResponse.java:93)
	at com.github.dockerjava.zerodep.shaded.org.apache.hc.client5.http.impl.classic.CloseableHttpResponse.close(CloseableHttpResponse.java:200)
	at com.github.dockerjava.zerodep.ApacheDockerHttpClientImpl$ApacheResponse.close(ApacheDockerHttpClientImpl.java:271)
	at org.testcontainers.shaded.com.github.dockerjava.core.DefaultInvocationBuilder.lambda$executeAndStream$1(DefaultInvocationBuilder.java:277)
	at java.base/java.lang.Thread.run(Thread.java:833)
Caused by: java.nio.channels.ClosedChannelException: null
	at java.base/sun.nio.ch.WindowsAsynchronousFileChannelImpl.implRead(WindowsAsynchronousFileChannelImpl.java:516)
	at java.base/sun.nio.ch.AsynchronousFileChannelImpl.read(AsynchronousFileChannelImpl.java:229)
	at com.github.dockerjava.transport.NamedPipeSocket$AsynchronousFileByteChannel.read(NamedPipeSocket.java:117)
	at java.base/java.nio.channels.Channels$2.read(Channels.java:238)
	... 16 common frames omitted
2024-07-24 14:31:03.359 [Test worker] DEBUG c.g.d.z.ApacheDockerHttpClientImpl$ApacheResponse - Failed to close the response
java.io.IOException: java.nio.channels.ClosedChannelException
	at java.base/java.nio.channels.Channels$2.read(Channels.java:240)
	at com.github.dockerjava.zerodep.shaded.org.apache.hc.client5.http.impl.io.LoggingInputStream.read(LoggingInputStream.java:81)
	at com.github.dockerjava.zerodep.shaded.org.apache.hc.core5.http.impl.io.SessionInputBufferImpl.fillBuffer(SessionInputBufferImpl.java:149)
	at com.github.dockerjava.zerodep.shaded.org.apache.hc.core5.http.impl.io.SessionInputBufferImpl.readLine(SessionInputBufferImpl.java:280)
	at com.github.dockerjava.zerodep.shaded.org.apache.hc.core5.http.impl.io.ChunkedInputStream.getChunkSize(ChunkedInputStream.java:261)
	at com.github.dockerjava.zerodep.shaded.org.apache.hc.core5.http.impl.io.ChunkedInputStream.nextChunk(ChunkedInputStream.java:222)
	at com.github.dockerjava.zerodep.shaded.org.apache.hc.core5.http.impl.io.ChunkedInputStream.read(ChunkedInputStream.java:147)
	at com.github.dockerjava.zerodep.shaded.org.apache.hc.core5.http.impl.io.ChunkedInputStream.close(ChunkedInputStream.java:314)
	at com.github.dockerjava.zerodep.shaded.org.apache.hc.core5.io.Closer.close(Closer.java:48)
	at com.github.dockerjava.zerodep.shaded.org.apache.hc.core5.http.impl.io.IncomingHttpEntity.close(IncomingHttpEntity.java:111)
	at com.github.dockerjava.zerodep.shaded.org.apache.hc.core5.http.io.entity.HttpEntityWrapper.close(HttpEntityWrapper.java:120)
	at com.github.dockerjava.zerodep.shaded.org.apache.hc.core5.io.Closer.close(Closer.java:48)
	at com.github.dockerjava.zerodep.shaded.org.apache.hc.core5.http.message.BasicClassicHttpResponse.close(BasicClassicHttpResponse.java:93)
	at com.github.dockerjava.zerodep.shaded.org.apache.hc.client5.http.impl.classic.CloseableHttpResponse.close(CloseableHttpResponse.java:200)
	at com.github.dockerjava.zerodep.ApacheDockerHttpClientImpl$ApacheResponse.close(ApacheDockerHttpClientImpl.java:271)
	at org.testcontainers.shaded.com.github.dockerjava.core.DefaultInvocationBuilder.lambda$null$0(DefaultInvocationBuilder.java:272)
	at com.github.dockerjava.api.async.ResultCallbackTemplate.close(ResultCallbackTemplate.java:77)
	at org.testcontainers.containers.output.FrameConsumerResultCallback.close(FrameConsumerResultCallback.java:69)
	at org.testcontainers.containers.wait.strategy.LogMessageWaitStrategy.waitUntilReady(LogMessageWaitStrategy.java:49)
	at org.testcontainers.containers.wait.strategy.AbstractWaitStrategy.waitUntilReady(AbstractWaitStrategy.java:52)
	at org.testcontainers.containers.PostgreSQLContainer.waitUntilContainerStarted(PostgreSQLContainer.java:149)
	at org.testcontainers.containers.GenericContainer.tryStart(GenericContainer.java:500)
	at org.testcontainers.containers.GenericContainer.lambda$doStart$0(GenericContainer.java:354)
	at org.rnorth.ducttape.unreliables.Unreliables.retryUntilSuccess(Unreliables.java:81)
	at org.testcontainers.containers.GenericContainer.doStart(GenericContainer.java:344)
	at org.testcontainers.containers.GenericContainer.start(GenericContainer.java:330)
	at com.unitedApi.WorkedOnDAOTest.<init>(WorkedOnDAOTest.kt:59)
	at java.base/jdk.internal.reflect.NativeConstructorAccessorImpl.newInstance0(Native Method)
	at java.base/jdk.internal.reflect.NativeConstructorAccessorImpl.newInstance(NativeConstructorAccessorImpl.java:77)
	at java.base/jdk.internal.reflect.DelegatingConstructorAccessorImpl.newInstance(DelegatingConstructorAccessorImpl.java:45)
	at java.base/java.lang.reflect.Constructor.newInstanceWithCaller(Constructor.java:499)
	at java.base/java.lang.reflect.Constructor.newInstance(Constructor.java:480)
	at org.junit.runners.BlockJUnit4ClassRunner.createTest(BlockJUnit4ClassRunner.java:250)
	at org.junit.runners.BlockJUnit4ClassRunner.createTest(BlockJUnit4ClassRunner.java:260)
	at org.junit.runners.BlockJUnit4ClassRunner$2.runReflectiveCall(BlockJUnit4ClassRunner.java:309)
	at org.junit.internal.runners.model.ReflectiveCallable.run(ReflectiveCallable.java:12)
	at org.junit.runners.BlockJUnit4ClassRunner.methodBlock(BlockJUnit4ClassRunner.java:306)
	at org.junit.runners.BlockJUnit4ClassRunner$1.evaluate(BlockJUnit4ClassRunner.java:100)
	at org.junit.runners.ParentRunner.runLeaf(ParentRunner.java:366)
	at org.junit.runners.BlockJUnit4ClassRunner.runChild(BlockJUnit4ClassRunner.java:103)
	at org.junit.runners.BlockJUnit4ClassRunner.runChild(BlockJUnit4ClassRunner.java:63)
	at org.junit.runners.ParentRunner$4.run(ParentRunner.java:331)
	at org.junit.runners.ParentRunner$1.schedule(ParentRunner.java:79)
	at org.junit.runners.ParentRunner.runChildren(ParentRunner.java:329)
	at org.junit.runners.ParentRunner.access$100(ParentRunner.java:66)
	at org.junit.runners.ParentRunner$2.evaluate(ParentRunner.java:293)
	at org.junit.runners.ParentRunner$3.evaluate(ParentRunner.java:306)
	at org.junit.runners.ParentRunner.run(ParentRunner.java:413)
	at org.gradle.api.internal.tasks.testing.junit.JUnitTestClassExecutor.runTestClass(JUnitTestClassExecutor.java:112)
	at org.gradle.api.internal.tasks.testing.junit.JUnitTestClassExecutor.execute(JUnitTestClassExecutor.java:58)
	at org.gradle.api.internal.tasks.testing.junit.JUnitTestClassExecutor.execute(JUnitTestClassExecutor.java:40)
	at org.gradle.api.internal.tasks.testing.junit.AbstractJUnitTestClassProcessor.processTestClass(AbstractJUnitTestClassProcessor.java:60)
	at org.gradle.api.internal.tasks.testing.SuiteTestClassProcessor.processTestClass(SuiteTestClassProcessor.java:52)
	at java.base/jdk.internal.reflect.NativeMethodAccessorImpl.invoke0(Native Method)
	at java.base/jdk.internal.reflect.NativeMethodAccessorImpl.invoke(NativeMethodAccessorImpl.java:77)
	at java.base/jdk.internal.reflect.DelegatingMethodAccessorImpl.invoke(DelegatingMethodAccessorImpl.java:43)
	at java.base/java.lang.reflect.Method.invoke(Method.java:568)
	at org.gradle.internal.dispatch.ReflectionDispatch.dispatch(ReflectionDispatch.java:36)
	at org.gradle.internal.dispatch.ReflectionDispatch.dispatch(ReflectionDispatch.java:24)
	at org.gradle.internal.dispatch.ContextClassLoaderDispatch.dispatch(ContextClassLoaderDispatch.java:33)
	at org.gradle.internal.dispatch.ProxyDispatchAdapter$DispatchingInvocationHandler.invoke(ProxyDispatchAdapter.java:94)
	at jdk.proxy1/jdk.proxy1.$Proxy2.processTestClass(Unknown Source)
	at org.gradle.api.internal.tasks.testing.worker.TestWorker$2.run(TestWorker.java:176)
	at org.gradle.api.internal.tasks.testing.worker.TestWorker.executeAndMaintainThreadName(TestWorker.java:129)
	at org.gradle.api.internal.tasks.testing.worker.TestWorker.execute(TestWorker.java:100)
	at org.gradle.api.internal.tasks.testing.worker.TestWorker.execute(TestWorker.java:60)
	at org.gradle.process.internal.worker.child.ActionExecutionWorker.execute(ActionExecutionWorker.java:56)
	at org.gradle.process.internal.worker.child.SystemApplicationClassLoaderWorker.call(SystemApplicationClassLoaderWorker.java:113)
	at org.gradle.process.internal.worker.child.SystemApplicationClassLoaderWorker.call(SystemApplicationClassLoaderWorker.java:65)
	at worker.org.gradle.process.internal.worker.GradleWorkerMain.run(GradleWorkerMain.java:69)
	at worker.org.gradle.process.internal.worker.GradleWorkerMain.main(GradleWorkerMain.java:74)
Caused by: java.nio.channels.ClosedChannelException: null
	at java.base/sun.nio.ch.WindowsAsynchronousFileChannelImpl.implRead(WindowsAsynchronousFileChannelImpl.java:516)
	at java.base/sun.nio.ch.AsynchronousFileChannelImpl.read(AsynchronousFileChannelImpl.java:229)
	at com.github.dockerjava.transport.NamedPipeSocket$AsynchronousFileByteChannel.read(NamedPipeSocket.java:117)
	at java.base/java.nio.channels.Channels$2.read(Channels.java:238)
	... 70 common frames omitted
2024-07-24 14:31:03.360 [Test worker] INFO  tc.postgres:latest - Container postgres:latest started in PT1.7784141S
2024-07-24 14:31:03.360 [Test worker] INFO  tc.postgres:latest - Container is started (JDBC URL: jdbc:postgresql://localhost:51593/db?loggerLevel=OFF)
2024-07-24 14:31:03.361 [Test worker] INFO  org.testcontainers.ext.ScriptUtils - Executing database script from sql/init.sql
2024-07-24 14:31:03.362 [Test worker] DEBUG o.t.s.c.g.d.c.command.AbstrDockerCmd - Cmd: 99fcdb2200153bd54f3b8ed94b859cf64c362c88dc30812fcf335aa6cec7d89e,false
2024-07-24 14:31:03.362 [Test worker] DEBUG o.t.s.c.g.d.c.e.InspectContainerCmdExec - GET: DefaultWebTarget{path=[/containers/99fcdb2200153bd54f3b8ed94b859cf64c362c88dc30812fcf335aa6cec7d89e/json], queryParams={}}
2024-07-24 14:31:03.363 [Test worker] DEBUG c.g.d.z.s.o.a.h.c.h.i.c.InternalHttpClient - ex-00000123: preparing request execution
2024-07-24 14:31:03.363 [Test worker] DEBUG c.g.d.z.s.o.a.h.c.h.p.RequestAddCookies - Cookie spec selected: strict
2024-07-24 14:31:03.363 [Test worker] DEBUG c.g.d.z.s.o.a.h.c.h.p.RequestAuthCache - Auth cache not set in the context
2024-07-24 14:31:03.363 [Test worker] DEBUG c.g.d.z.s.o.a.h.c.h.i.c.ProtocolExec - ex-00000123: target auth state: UNCHALLENGED
2024-07-24 14:31:03.363 [Test worker] DEBUG c.g.d.z.s.o.a.h.c.h.i.c.ProtocolExec - ex-00000123: proxy auth state: UNCHALLENGED
2024-07-24 14:31:03.363 [Test worker] DEBUG c.g.d.z.s.o.a.h.c.h.i.c.ConnectExec - ex-00000123: acquiring connection with route {}->npipe://localhost:2375
2024-07-24 14:31:03.363 [Test worker] DEBUG c.g.d.z.s.o.a.h.c.h.i.c.InternalHttpClient - ex-00000123: acquiring endpoint (3 MINUTES)
2024-07-24 14:31:03.363 [Test worker] DEBUG c.g.d.z.s.o.a.h.c.h.i.i.PoolingHttpClientConnectionManager - ex-00000123: endpoint lease request (3 MINUTES) [route: {}->npipe://localhost:2375][total available: 0; route allocated: 0 of 2147483647; total allocated: 0 of 2147483647]
2024-07-24 14:31:03.363 [Test worker] DEBUG c.g.d.z.s.o.a.h.c.h.i.i.PoolingHttpClientConnectionManager - ex-00000123: endpoint leased [route: {}->npipe://localhost:2375][total available: 0; route allocated: 1 of 2147483647; total allocated: 1 of 2147483647]
2024-07-24 14:31:03.363 [Test worker] DEBUG c.g.d.z.s.o.a.h.c.h.i.i.PoolingHttpClientConnectionManager - ex-00000123: acquired ep-00000122
2024-07-24 14:31:03.363 [Test worker] DEBUG c.g.d.z.s.o.a.h.c.h.i.c.InternalHttpClient - ex-00000123: acquired endpoint ep-00000122
2024-07-24 14:31:03.363 [Test worker] DEBUG c.g.d.z.s.o.a.h.c.h.i.c.ConnectExec - ex-00000123: opening connection {}->npipe://localhost:2375
2024-07-24 14:31:03.363 [Test worker] DEBUG c.g.d.z.s.o.a.h.c.h.i.c.InternalHttpClient - ep-00000122: connecting endpoint (3 MINUTES)
2024-07-24 14:31:03.363 [Test worker] DEBUG c.g.d.z.s.o.a.h.c.h.i.i.PoolingHttpClientConnectionManager - ep-00000122: connecting endpoint to npipe://localhost:2375 (3 MINUTES)
2024-07-24 14:31:03.364 [Test worker] DEBUG c.g.d.z.s.o.a.h.c.h.i.i.DefaultHttpClientConnectionOperator - http-outgoing-27: connecting to localhost/127.0.0.1:2375
2024-07-24 14:31:03.364 [Test worker] DEBUG c.g.d.z.s.o.a.h.c.h.i.i.DefaultHttpClientConnectionOperator - http-outgoing-27: connection established 
2024-07-24 14:31:03.364 [Test worker] DEBUG c.g.d.z.s.o.a.h.c.h.i.i.PoolingHttpClientConnectionManager - ep-00000122: connected http-outgoing-27
2024-07-24 14:31:03.364 [Test worker] DEBUG c.g.d.z.s.o.a.h.c.h.i.c.InternalHttpClient - ep-00000122: endpoint connected
2024-07-24 14:31:03.364 [Test worker] DEBUG c.g.d.z.s.o.a.h.c.h.i.c.MainClientExec - ex-00000123: executing GET /v1.32/containers/99fcdb2200153bd54f3b8ed94b859cf64c362c88dc30812fcf335aa6cec7d89e/json HTTP/1.1
2024-07-24 14:31:03.364 [Test worker] DEBUG c.g.d.z.s.o.a.h.c.h.i.c.InternalHttpClient - ep-00000122: start execution ex-00000123
2024-07-24 14:31:03.364 [Test worker] DEBUG c.g.d.z.s.o.a.h.c.h.i.i.PoolingHttpClientConnectionManager - ep-00000122: executing exchange ex-00000123 over http-outgoing-27
2024-07-24 14:31:03.364 [Test worker] DEBUG c.g.d.z.s.o.a.h.client5.http.headers - http-outgoing-27 >> GET /v1.32/containers/99fcdb2200153bd54f3b8ed94b859cf64c362c88dc30812fcf335aa6cec7d89e/json HTTP/1.1
2024-07-24 14:31:03.364 [Test worker] DEBUG c.g.d.z.s.o.a.h.client5.http.headers - http-outgoing-27 >> accept: application/json
2024-07-24 14:31:03.364 [Test worker] DEBUG c.g.d.z.s.o.a.h.client5.http.headers - http-outgoing-27 >> x-tc-sid: 280e6229-7396-4d60-b1e3-a5de48b5d49b
2024-07-24 14:31:03.364 [Test worker] DEBUG c.g.d.z.s.o.a.h.client5.http.headers - http-outgoing-27 >> User-Agent: tc-java/1.19.8
2024-07-24 14:31:03.364 [Test worker] DEBUG c.g.d.z.s.o.a.h.client5.http.headers - http-outgoing-27 >> Accept-Encoding: gzip, x-gzip, deflate
2024-07-24 14:31:03.364 [Test worker] DEBUG c.g.d.z.s.o.a.h.client5.http.headers - http-outgoing-27 >> Host: localhost:2375
2024-07-24 14:31:03.364 [Test worker] DEBUG c.g.d.z.s.o.a.h.client5.http.headers - http-outgoing-27 >> Connection: keep-alive
2024-07-24 14:31:03.364 [Test worker] DEBUG c.g.d.z.s.o.a.hc.client5.http.wire - http-outgoing-27 >> "GET /v1.32/containers/99fcdb2200153bd54f3b8ed94b859cf64c362c88dc30812fcf335aa6cec7d89e/json HTTP/1.1[\r][\n]"
2024-07-24 14:31:03.364 [Test worker] DEBUG c.g.d.z.s.o.a.hc.client5.http.wire - http-outgoing-27 >> "accept: application/json[\r][\n]"
2024-07-24 14:31:03.364 [Test worker] DEBUG c.g.d.z.s.o.a.hc.client5.http.wire - http-outgoing-27 >> "x-tc-sid: 280e6229-7396-4d60-b1e3-a5de48b5d49b[\r][\n]"
2024-07-24 14:31:03.364 [Test worker] DEBUG c.g.d.z.s.o.a.hc.client5.http.wire - http-outgoing-27 >> "User-Agent: tc-java/1.19.8[\r][\n]"
2024-07-24 14:31:03.364 [Test worker] DEBUG c.g.d.z.s.o.a.hc.client5.http.wire - http-outgoing-27 >> "Accept-Encoding: gzip, x-gzip, deflate[\r][\n]"
2024-07-24 14:31:03.364 [Test worker] DEBUG c.g.d.z.s.o.a.hc.client5.http.wire - http-outgoing-27 >> "Host: localhost:2375[\r][\n]"
2024-07-24 14:31:03.364 [Test worker] DEBUG c.g.d.z.s.o.a.hc.client5.http.wire - http-outgoing-27 >> "Connection: keep-alive[\r][\n]"
2024-07-24 14:31:03.364 [Test worker] DEBUG c.g.d.z.s.o.a.hc.client5.http.wire - http-outgoing-27 >> "[\r][\n]"
2024-07-24 14:31:03.367 [Test worker] DEBUG c.g.d.z.s.o.a.hc.client5.http.wire - http-outgoing-27 << "HTTP/1.1 200 OK[\r][\n]"
2024-07-24 14:31:03.367 [Test worker] DEBUG c.g.d.z.s.o.a.hc.client5.http.wire - http-outgoing-27 << "Api-Version: 1.45[\r][\n]"
2024-07-24 14:31:03.367 [Test worker] DEBUG c.g.d.z.s.o.a.hc.client5.http.wire - http-outgoing-27 << "Content-Type: application/json[\r][\n]"
2024-07-24 14:31:03.367 [Test worker] DEBUG c.g.d.z.s.o.a.hc.client5.http.wire - http-outgoing-27 << "Date: Wed, 24 Jul 2024 02:31:03 GMT[\r][\n]"
2024-07-24 14:31:03.367 [Test worker] DEBUG c.g.d.z.s.o.a.hc.client5.http.wire - http-outgoing-27 << "Docker-Experimental: false[\r][\n]"
2024-07-24 14:31:03.367 [Test worker] DEBUG c.g.d.z.s.o.a.hc.client5.http.wire - http-outgoing-27 << "Ostype: linux[\r][\n]"
2024-07-24 14:31:03.367 [Test worker] DEBUG c.g.d.z.s.o.a.hc.client5.http.wire - http-outgoing-27 << "Server: Docker/26.0.0 (linux)[\r][\n]"
2024-07-24 14:31:03.367 [Test worker] DEBUG c.g.d.z.s.o.a.hc.client5.http.wire - http-outgoing-27 << "Transfer-Encoding: chunked[\r][\n]"
2024-07-24 14:31:03.367 [Test worker] DEBUG c.g.d.z.s.o.a.hc.client5.http.wire - http-outgoing-27 << "[\r][\n]"
2024-07-24 14:31:03.367 [Test worker] DEBUG c.g.d.z.s.o.a.h.client5.http.headers - http-outgoing-27 << HTTP/1.1 200 OK
2024-07-24 14:31:03.367 [Test worker] DEBUG c.g.d.z.s.o.a.h.client5.http.headers - http-outgoing-27 << Api-Version: 1.45
2024-07-24 14:31:03.367 [Test worker] DEBUG c.g.d.z.s.o.a.h.client5.http.headers - http-outgoing-27 << Content-Type: application/json
2024-07-24 14:31:03.368 [Test worker] DEBUG c.g.d.z.s.o.a.h.client5.http.headers - http-outgoing-27 << Date: Wed, 24 Jul 2024 02:31:03 GMT
2024-07-24 14:31:03.368 [Test worker] DEBUG c.g.d.z.s.o.a.h.client5.http.headers - http-outgoing-27 << Docker-Experimental: false
2024-07-24 14:31:03.368 [Test worker] DEBUG c.g.d.z.s.o.a.h.client5.http.headers - http-outgoing-27 << Ostype: linux
2024-07-24 14:31:03.368 [Test worker] DEBUG c.g.d.z.s.o.a.h.client5.http.headers - http-outgoing-27 << Server: Docker/26.0.0 (linux)
2024-07-24 14:31:03.368 [Test worker] DEBUG c.g.d.z.s.o.a.h.client5.http.headers - http-outgoing-27 << Transfer-Encoding: chunked
2024-07-24 14:31:03.368 [Test worker] DEBUG c.g.d.z.s.o.a.h.c.h.i.c.MainClientExec - ex-00000123: connection can be kept alive for 3 MINUTES
2024-07-24 14:31:03.369 [Test worker] DEBUG c.g.d.z.s.o.a.hc.client5.http.wire - http-outgoing-27 << "1a3c[\r][\n]"
2024-07-24 14:31:03.369 [Test worker] DEBUG c.g.d.z.s.o.a.hc.client5.http.wire - http-outgoing-27 << "{"Id":"99fcdb2200153bd54f3b8ed94b859cf64c362c88dc30812fcf335aa6cec7d89e","Created":"2024-07-24T02:31:01.590020627Z","Path":"docker-entrypoint.sh","Args":["postgres","-c","fsync=off"],"State":{"Status":"running","Running":true,"Paused":false,"Restarting":false,"OOMKilled":false,"Dead":false,"Pid":31491,"ExitCode":0,"Error":"","StartedAt":"2024-07-24T02:31:02.070774765Z","FinishedAt":"0001-01-01T00:00:00Z"},"Image":"sha256:8e4fc9e184899a58735e7ee333f5e272d7d2298cf59302006b71f33e217be130","ResolvConfPath":"/var/lib/docker/containers/99fcdb2200153bd54f3b8ed94b859cf64c362c88dc30812fcf335aa6cec7d89e/resolv.conf","HostnamePath":"/var/lib/docker/containers/99fcdb2200153bd54f3b8ed94b859cf64c362c88dc30812fcf335aa6cec7d89e/hostname","HostsPath":"/var/lib/docker/containers/99fcdb2200153bd54f3b8ed94b859cf64c362c88dc30812fcf335aa6cec7d89e/hosts","LogPath":"/var/lib/docker/containers/99fcdb2200153bd54f3b8ed94b859cf64c362c88dc30812fcf335aa6cec7d89e/99fcdb2200153bd54f3b8ed94b859cf64c362c88dc30812fcf335aa6cec7d89e-json.log","Name":"/unruffled_mendeleev","RestartCount":0,"Driver":"overlay2","Platform":"linux","MountLabel":"","ProcessLabel":"","AppArmorProfile":"","ExecIDs":null,"HostConfig":{"Binds":[],"ContainerIDFile":"","LogConfig":{"Type":"json-file","Config":{}},"NetworkMode":"default","PortBindings":{"5432/tcp":[{"HostIp":"0.0.0.0","HostPort":"0"}]},"RestartPolicy":{"Name":"no","MaximumRetryCount":0},"AutoRemove":false,"VolumeDriver":"","VolumesFrom":[],"ConsoleSize":[0,0],"CapAdd":null,"CapDrop":null,"CgroupnsMode":"host","Dns":null,"DnsOptions":null,"DnsSearch":null,"ExtraHosts":[],"GroupAdd":null,"IpcMode":"shareable","Cgroup":"","Links":null,"OomScoreAdj":0,"PidMode":"","Privileged":false,"PublishAllPorts":false,"ReadonlyRootfs":false,"SecurityOpt":null,"UTSMode":"","UsernsMode":"","ShmSize":67108864,"Runtime":"runc","Isolation":"","CpuShares":0,"Memory":0,"NanoCpus":0,"CgroupParent":"","BlkioWeight":0,"BlkioWeightDevice":null,"BlkioDeviceReadBps":null,"BlkioDeviceWriteBps":null,"BlkioDeviceReadIOps":null,"BlkioDeviceWriteIOps":null,"CpuPeriod":0,"CpuQuota":0,"CpuRealtimePeriod":0,"CpuRealtimeRuntime":0,"CpusetCpus":"","CpusetMems":"","Devices":null,"DeviceCgroupRules":null,"DeviceRequests":null,"MemoryReservation":0,"MemorySwap":0,"MemorySwappiness":null,"OomKillDisable":false,"PidsLimit":null,"Ulimits":null,"CpuCount":0,"CpuPercent":0,"IOMaximumIOps":0,"IOMaximumBandwidth":0,"MaskedPaths":["/proc/asound","/proc/acpi","/proc/kcore","/proc/keys","/proc/latency_stats","/proc/timer_list","/proc/timer_stats","/proc/sched_debug","/proc/scsi","/sys/firmware","/sys/devices/virtual/powercap"],"ReadonlyPaths":["/proc/bus","/proc/fs","/proc/irq","/proc/sys","/proc/sysrq-trigger"]},"GraphDriver":{"Data":{"LowerDir":"/var/lib/docker/overlay2/c0e8d79ed37d0758b11971c025b7283975f9b7e53d7e4c5a7323f19e917c5d70-init/diff:/var/lib/docker/overlay2/8f0ddbd386af0785c2e348570516955816ab350305d698d363962d488eeb15ec/diff:/var/lib/docker/overlay2/0eb0ca73e9b0be7c3d7fa8762ef4778a68f38391bc84c037c2e90b88e781b475/diff:/var/lib/docker/overlay2/74e634bddc785c5d436b10a5158cd82e21dc2065fd1cf8ff9c1c12e01575a2d8/diff:/var/lib/docker/overlay2/bb918b2851cd2f508f1e3fdbfff8b7f8b041d61e65fe8c368288bf399e80b818/diff:/var/lib/docker/overlay2/2abab2946cbdc2941ee8ec4024c51dac7313dee9de5fbedd1ca33388c59eb3c8/diff:/var/lib/docker/overlay2/e12f6083ee669bd92743ceb339a896bb25dbe461b718705bb39eb410b80c0ecd/diff:/var/lib/docker/overlay2/ced1e86d670d097da5ed4da7288c22507735918959161c2cd8bf083fb30d169a/diff:/var/lib/docker/overlay2/94e9ac7b74923285ae73af20aeccb964ca9079e2305db367cb85d1603560472d/diff:/var/lib/docker/overlay2/a396b6dfd63f0c228c519871183c614cccf4d366a43460f27ecf97113c3c4be8/diff:/var/lib/docker/overlay2/f58ada5d5080c2bac553c734f81127660a90581a35ed2a92cebe3c59e340875b/diff:/var/lib/docker/overlay2/84f85636f37bf55d945e217b4f87a856eba7932284beaf042561007b66f48977/diff:/var/lib/docker/overlay2/1e6e519613884e91a2b74a588ba35dc8a2f789371ab798ef6e7d9836d756042f/diff:/var/lib/docker/overlay2/14a3151cc8b4f9d27d2e64f1a8abc0c7809309580f2d7e8dc8545055c1d56194/diff:/var/lib"
2024-07-24 14:31:03.370 [Test worker] DEBUG c.g.d.z.s.o.a.hc.client5.http.wire - http-outgoing-27 << "/docker/overlay2/5b354b9e793401517fe2f1da697653fdaadffc54888eaf76d67e0600b8c68bdc/diff","MergedDir":"/var/lib/docker/overlay2/c0e8d79ed37d0758b11971c025b7283975f9b7e53d7e4c5a7323f19e917c5d70/merged","UpperDir":"/var/lib/docker/overlay2/c0e8d79ed37d0758b11971c025b7283975f9b7e53d7e4c5a7323f19e917c5d70/diff","WorkDir":"/var/lib/docker/overlay2/c0e8d79ed37d0758b11971c025b7283975f9b7e53d7e4c5a7323f19e917c5d70/work"},"Name":"overlay2"},"Mounts":[{"Type":"volume","Name":"412b8d68e8c1a74b0171376e6663f55f56da998feec40e7616359ca646903733","Source":"/var/lib/docker/volumes/412b8d68e8c1a74b0171376e6663f55f56da998feec40e7616359ca646903733/_data","Destination":"/var/lib/postgresql/data","Driver":"local","Mode":"","RW":true,"Propagation":""}],"Config":{"Hostname":"99fcdb220015","Domainname":"","User":"","AttachStdin":false,"AttachStdout":false,"AttachStderr":false,"ExposedPorts":{"5432/tcp":{}},"Tty":false,"OpenStdin":false,"StdinOnce":false,"Env":["POSTGRES_USER=user","POSTGRES_PASSWORD=password","POSTGRES_DB=db","PATH=/usr/local/sbin:/usr/local/bin:/usr/sbin:/usr/bin:/sbin:/bin:/usr/lib/postgresql/16/bin","GOSU_VERSION=1.17","LANG=en_US.utf8","PG_MAJOR=16","PG_VERSION=16.2-1.pgdg120+2","PGDATA=/var/lib/postgresql/data"],"Cmd":["postgres","-c","fsync=off"],"Image":"postgres:latest","Volumes":{"/var/lib/postgresql/data":{}},"WorkingDir":"","Entrypoint":["docker-entrypoint.sh"],"OnBuild":null,"Labels":{"org.testcontainers":"true","org.testcontainers.lang":"java","org.testcontainers.sessionId":"280e6229-7396-4d60-b1e3-a5de48b5d49b","org.testcontainers.version":"1.19.8"},"StopSignal":"SIGINT"},"NetworkSettings":{"Bridge":"","SandboxID":"1ab994f7d08251eab5d58e1ae22b6cc86da6aec5d001d32c451b314047e29dac","SandboxKey":"/var/run/docker/netns/1ab994f7d082","Ports":{"5432/tcp":[{"HostIp":"0.0.0.0","HostPort":"51593"}]},"HairpinMode":false,"LinkLocalIPv6Address":"","LinkLocalIPv6PrefixLen":0,"SecondaryIPAddresses":null,"SecondaryIPv6Addresses":null,"EndpointID":"b541194a69c7e223136362f4ec97cb38987bc22b48f348b10b8cb48ed9eec72c","Gateway":"172.17.0.1","GlobalIPv6Address":"","GlobalIPv6PrefixLen":0,"IPAddress":"172.17.0.3","IPPrefixLen":16,"IPv6Gateway":"","MacAddress":"02:42:ac:11:00:03","Networks":{"bridge":{"IPAMConfig":null,"Links":null,"Aliases":null,"MacAddress":"02:42:ac:11:00:03","NetworkID":"3c842496be344cbdae878c1dee0957e7bc7c0a2236009c92752030f2b053e72f","EndpointID":"b541194a69c7e223136362f4ec97cb38987bc22b48f348b10b8cb48ed9eec72c","Gateway":"172.17.0.1","IPAddress":"172.17.0.3","IPPrefixLen":16,"IPv6Gateway":"","GlobalIPv6Address":"","GlobalIPv6PrefixLen":0,"DriverOpts":null,"DNSNames":null}}}}[\n]"
2024-07-24 14:31:03.370 [Test worker] DEBUG c.g.d.z.s.o.a.hc.client5.http.wire - http-outgoing-27 << "[\r][\n]"
2024-07-24 14:31:03.370 [Test worker] DEBUG c.g.d.z.s.o.a.hc.client5.http.wire - http-outgoing-27 << "0[\r][\n]"
2024-07-24 14:31:03.370 [Test worker] DEBUG c.g.d.z.s.o.a.hc.client5.http.wire - http-outgoing-27 << "[\r][\n]"
2024-07-24 14:31:03.370 [Test worker] DEBUG c.g.d.z.s.o.a.h.c.h.i.c.InternalHttpClient - ep-00000122: releasing valid endpoint
2024-07-24 14:31:03.370 [Test worker] DEBUG c.g.d.z.s.o.a.h.c.h.i.i.PoolingHttpClientConnectionManager - ep-00000122: releasing endpoint
2024-07-24 14:31:03.370 [Test worker] DEBUG c.g.d.z.s.o.a.h.c.h.i.i.PoolingHttpClientConnectionManager - ep-00000122: connection http-outgoing-27 can be kept alive for 3 MINUTES
2024-07-24 14:31:03.370 [Test worker] DEBUG c.g.d.z.s.o.a.h.c.h.i.i.PoolingHttpClientConnectionManager - ep-00000122: connection released [route: {}->npipe://localhost:2375][total available: 1; route allocated: 1 of 2147483647; total allocated: 1 of 2147483647]
2024-07-24 14:31:03.370 [Test worker] DEBUG tc.postgres:latest - Trying to create JDBC connection using org.postgresql.Driver to jdbc:postgresql://localhost:51593/db?loggerLevel=OFF with properties: {password=password, user=user}
2024-07-24 14:31:03.383 [Test worker] DEBUG o.t.jdbc.JdbcDatabaseDelegate - false returned as updateCount for SQL: drop table if exists WorkedOn
2024-07-24 14:31:03.384 [Test worker] DEBUG o.t.jdbc.JdbcDatabaseDelegate - false returned as updateCount for SQL: drop table if exists SequenceLine
2024-07-24 14:31:03.385 [Test worker] DEBUG o.t.jdbc.JdbcDatabaseDelegate - false returned as updateCount for SQL: drop table if exists WorkOrder
2024-07-24 14:31:03.386 [Test worker] DEBUG o.t.jdbc.JdbcDatabaseDelegate - false returned as updateCount for SQL: drop table if exists SequenceHeader
2024-07-24 14:31:03.386 [Test worker] DEBUG o.t.jdbc.JdbcDatabaseDelegate - false returned as updateCount for SQL: drop table if exists SaleOrderLine
2024-07-24 14:31:03.387 [Test worker] DEBUG o.t.jdbc.JdbcDatabaseDelegate - false returned as updateCount for SQL: drop table if exists SaleOrderHeader
2024-07-24 14:31:03.387 [Test worker] DEBUG o.t.jdbc.JdbcDatabaseDelegate - false returned as updateCount for SQL: drop table if exists Staff
2024-07-24 14:31:03.388 [Test worker] DEBUG o.t.jdbc.JdbcDatabaseDelegate - false returned as updateCount for SQL: drop table if exists WorkStation
2024-07-24 14:31:03.389 [Test worker] DEBUG o.t.jdbc.JdbcDatabaseDelegate - false returned as updateCount for SQL: drop table if exists Part
2024-07-24 14:31:03.389 [Test worker] DEBUG o.t.jdbc.JdbcDatabaseDelegate - false returned as updateCount for SQL: drop table if exists Customer
2024-07-24 14:31:03.392 [Test worker] DEBUG o.t.jdbc.JdbcDatabaseDelegate - false returned as updateCount for SQL: create table Customer ( customerId VarChar(8) PRIMARY Key, name VarChar(100) not null, address VarChar(500) not null )
2024-07-24 14:31:03.394 [Test worker] DEBUG o.t.jdbc.JdbcDatabaseDelegate - false returned as updateCount for SQL: create table Part ( partId VarChar(6) PRIMARY KEY, inventory Int not null, name VarChar(100) not null )
2024-07-24 14:31:03.394 [Test worker] DEBUG o.t.jdbc.JdbcDatabaseDelegate - false returned as updateCount for SQL: create table WorkStation ( name VarChar(50) PRIMARY KEY )
2024-07-24 14:31:03.396 [Test worker] DEBUG o.t.jdbc.JdbcDatabaseDelegate - false returned as updateCount for SQL: create table Staff ( staffID VarChar(6) PRIMARY KEY, name VarChar(100) not null )
2024-07-24 14:31:03.397 [Test worker] DEBUG o.t.jdbc.JdbcDatabaseDelegate - false returned as updateCount for SQL: create table SaleOrderHeader ( soHeaderId VarChar(6) PRIMARY key , customerId VarChar(8) not null references Customer (customerId) )
2024-07-24 14:31:03.399 [Test worker] DEBUG o.t.jdbc.JdbcDatabaseDelegate - false returned as updateCount for SQL: create table SaleOrderLine ( soLineId VarChar(6), soHeaderId VarChar(6) references SaleOrderHeader (soHeaderID), dateDue Date not null, partID VarChar(6) not null references Part(partId), PRIMARY KEY (soLineId,soHeaderId) )
2024-07-24 14:31:03.400 [Test worker] DEBUG o.t.jdbc.JdbcDatabaseDelegate - false returned as updateCount for SQL: create table SequenceHeader ( seqHeaderId VarChar(6) PRIMARY KEY, partId VarChar(6) not null references Part(partId) )
2024-07-24 14:31:03.402 [Test worker] DEBUG o.t.jdbc.JdbcDatabaseDelegate - false returned as updateCount for SQL: create table WorkOrder ( workOrderId VarChar(8) PRIMARY KEY, seqHeaderId VarChar(6) not null REFERENCES SequenceHeader (seqHeaderId), soLineId VarChar(6) not null, soHeaderId VarChar(6) not null, quanity Int not null, FOREIGN KEY (soLineId,soHeaderId) REFERENCES SaleOrderLine (soLineId,soHeaderId) )
2024-07-24 14:31:03.404 [Test worker] DEBUG o.t.jdbc.JdbcDatabaseDelegate - false returned as updateCount for SQL: create table SequenceLine ( seqLineId VarChar(10), seqHeaderId VarChar(6) references SequenceHeader (seqHeaderId), workStation VarChar(50) not null references WorkStation(name), PRIMARY KEY(seqLineId,seqHeaderId) )
2024-07-24 14:31:03.408 [Test worker] DEBUG o.t.jdbc.JdbcDatabaseDelegate - false returned as updateCount for SQL: create table WorkedOn ( staffId VarChar(8) references Staff (staffId), seqHeaderId VarChar(6), seqLineId VarChar(10), workOrderId VarChar(50) references WorkOrder(workOrderId), PRIMARY key (staffId,seqHeaderId,seqLineId,workOrderId), FOREIGN KEY (seqHeaderId,seqLineId) REFERENCES SequenceLine (seqHeaderId,seqLineId) )
2024-07-24 14:31:03.408 [Test worker] INFO  org.testcontainers.ext.ScriptUtils - Executed database script from sql/init.sql in 46 ms.
2024-07-24 14:31:03.435 [Test worker] DEBUG o.t.s.c.g.d.c.command.AbstrDockerCmd - Cmd: 99fcdb2200153bd54f3b8ed94b859cf64c362c88dc30812fcf335aa6cec7d89e,false
2024-07-24 14:31:03.435 [Test worker] DEBUG o.t.s.c.g.d.c.e.InspectContainerCmdExec - GET: DefaultWebTarget{path=[/containers/99fcdb2200153bd54f3b8ed94b859cf64c362c88dc30812fcf335aa6cec7d89e/json], queryParams={}}
2024-07-24 14:31:03.436 [Test worker] DEBUG c.g.d.z.s.o.a.h.c.h.i.c.InternalHttpClient - ex-00000124: preparing request execution
2024-07-24 14:31:03.436 [Test worker] DEBUG c.g.d.z.s.o.a.h.c.h.p.RequestAddCookies - Cookie spec selected: strict
2024-07-24 14:31:03.436 [Test worker] DEBUG c.g.d.z.s.o.a.h.c.h.p.RequestAuthCache - Auth cache not set in the context
2024-07-24 14:31:03.436 [Test worker] DEBUG c.g.d.z.s.o.a.h.c.h.i.c.ProtocolExec - ex-00000124: target auth state: UNCHALLENGED
2024-07-24 14:31:03.436 [Test worker] DEBUG c.g.d.z.s.o.a.h.c.h.i.c.ProtocolExec - ex-00000124: proxy auth state: UNCHALLENGED
2024-07-24 14:31:03.436 [Test worker] DEBUG c.g.d.z.s.o.a.h.c.h.i.c.ConnectExec - ex-00000124: acquiring connection with route {}->npipe://localhost:2375
2024-07-24 14:31:03.436 [Test worker] DEBUG c.g.d.z.s.o.a.h.c.h.i.c.InternalHttpClient - ex-00000124: acquiring endpoint (3 MINUTES)
2024-07-24 14:31:03.436 [Test worker] DEBUG c.g.d.z.s.o.a.h.c.h.i.i.PoolingHttpClientConnectionManager - ex-00000124: endpoint lease request (3 MINUTES) [route: {}->npipe://localhost:2375][total available: 1; route allocated: 1 of 2147483647; total allocated: 1 of 2147483647]
2024-07-24 14:31:03.436 [Test worker] DEBUG c.g.d.z.s.o.a.h.c.h.i.i.PoolingHttpClientConnectionManager - ex-00000124: endpoint leased [route: {}->npipe://localhost:2375][total available: 0; route allocated: 1 of 2147483647; total allocated: 1 of 2147483647]
2024-07-24 14:31:03.436 [Test worker] DEBUG c.g.d.z.s.o.a.h.c.h.i.i.PoolingHttpClientConnectionManager - ex-00000124: acquired ep-00000123
2024-07-24 14:31:03.436 [Test worker] DEBUG c.g.d.z.s.o.a.h.c.h.i.c.InternalHttpClient - ex-00000124: acquired endpoint ep-00000123
2024-07-24 14:31:03.436 [Test worker] DEBUG c.g.d.z.s.o.a.h.c.h.i.c.MainClientExec - ex-00000124: executing GET /v1.32/containers/99fcdb2200153bd54f3b8ed94b859cf64c362c88dc30812fcf335aa6cec7d89e/json HTTP/1.1
2024-07-24 14:31:03.436 [Test worker] DEBUG c.g.d.z.s.o.a.h.c.h.i.c.InternalHttpClient - ep-00000123: start execution ex-00000124
2024-07-24 14:31:03.436 [Test worker] DEBUG c.g.d.z.s.o.a.h.c.h.i.i.PoolingHttpClientConnectionManager - ep-00000123: executing exchange ex-00000124 over http-outgoing-27
2024-07-24 14:31:03.436 [Test worker] DEBUG c.g.d.z.s.o.a.h.client5.http.headers - http-outgoing-27 >> GET /v1.32/containers/99fcdb2200153bd54f3b8ed94b859cf64c362c88dc30812fcf335aa6cec7d89e/json HTTP/1.1
2024-07-24 14:31:03.436 [Test worker] DEBUG c.g.d.z.s.o.a.h.client5.http.headers - http-outgoing-27 >> accept: application/json
2024-07-24 14:31:03.436 [Test worker] DEBUG c.g.d.z.s.o.a.h.client5.http.headers - http-outgoing-27 >> x-tc-sid: 280e6229-7396-4d60-b1e3-a5de48b5d49b
2024-07-24 14:31:03.436 [Test worker] DEBUG c.g.d.z.s.o.a.h.client5.http.headers - http-outgoing-27 >> User-Agent: tc-java/1.19.8
2024-07-24 14:31:03.436 [Test worker] DEBUG c.g.d.z.s.o.a.h.client5.http.headers - http-outgoing-27 >> Accept-Encoding: gzip, x-gzip, deflate
2024-07-24 14:31:03.436 [Test worker] DEBUG c.g.d.z.s.o.a.h.client5.http.headers - http-outgoing-27 >> Host: localhost:2375
2024-07-24 14:31:03.436 [Test worker] DEBUG c.g.d.z.s.o.a.h.client5.http.headers - http-outgoing-27 >> Connection: keep-alive
2024-07-24 14:31:03.436 [Test worker] DEBUG c.g.d.z.s.o.a.hc.client5.http.wire - http-outgoing-27 >> "GET /v1.32/containers/99fcdb2200153bd54f3b8ed94b859cf64c362c88dc30812fcf335aa6cec7d89e/json HTTP/1.1[\r][\n]"
2024-07-24 14:31:03.436 [Test worker] DEBUG c.g.d.z.s.o.a.hc.client5.http.wire - http-outgoing-27 >> "accept: application/json[\r][\n]"
2024-07-24 14:31:03.436 [Test worker] DEBUG c.g.d.z.s.o.a.hc.client5.http.wire - http-outgoing-27 >> "x-tc-sid: 280e6229-7396-4d60-b1e3-a5de48b5d49b[\r][\n]"
2024-07-24 14:31:03.436 [Test worker] DEBUG c.g.d.z.s.o.a.hc.client5.http.wire - http-outgoing-27 >> "User-Agent: tc-java/1.19.8[\r][\n]"
2024-07-24 14:31:03.436 [Test worker] DEBUG c.g.d.z.s.o.a.hc.client5.http.wire - http-outgoing-27 >> "Accept-Encoding: gzip, x-gzip, deflate[\r][\n]"
2024-07-24 14:31:03.436 [Test worker] DEBUG c.g.d.z.s.o.a.hc.client5.http.wire - http-outgoing-27 >> "Host: localhost:2375[\r][\n]"
2024-07-24 14:31:03.436 [Test worker] DEBUG c.g.d.z.s.o.a.hc.client5.http.wire - http-outgoing-27 >> "Connection: keep-alive[\r][\n]"
2024-07-24 14:31:03.436 [Test worker] DEBUG c.g.d.z.s.o.a.hc.client5.http.wire - http-outgoing-27 >> "[\r][\n]"
2024-07-24 14:31:03.440 [Test worker] DEBUG c.g.d.z.s.o.a.hc.client5.http.wire - http-outgoing-27 << "HTTP/1.1 200 OK[\r][\n]"
2024-07-24 14:31:03.440 [Test worker] DEBUG c.g.d.z.s.o.a.hc.client5.http.wire - http-outgoing-27 << "Api-Version: 1.45[\r][\n]"
2024-07-24 14:31:03.440 [Test worker] DEBUG c.g.d.z.s.o.a.hc.client5.http.wire - http-outgoing-27 << "Content-Type: application/json[\r][\n]"
2024-07-24 14:31:03.440 [Test worker] DEBUG c.g.d.z.s.o.a.hc.client5.http.wire - http-outgoing-27 << "Date: Wed, 24 Jul 2024 02:31:03 GMT[\r][\n]"
2024-07-24 14:31:03.440 [Test worker] DEBUG c.g.d.z.s.o.a.hc.client5.http.wire - http-outgoing-27 << "Docker-Experimental: false[\r][\n]"
2024-07-24 14:31:03.440 [Test worker] DEBUG c.g.d.z.s.o.a.hc.client5.http.wire - http-outgoing-27 << "Ostype: linux[\r][\n]"
2024-07-24 14:31:03.440 [Test worker] DEBUG c.g.d.z.s.o.a.hc.client5.http.wire - http-outgoing-27 << "Server: Docker/26.0.0 (linux)[\r][\n]"
2024-07-24 14:31:03.440 [Test worker] DEBUG c.g.d.z.s.o.a.hc.client5.http.wire - http-outgoing-27 << "Transfer-Encoding: chunked[\r][\n]"
2024-07-24 14:31:03.440 [Test worker] DEBUG c.g.d.z.s.o.a.hc.client5.http.wire - http-outgoing-27 << "[\r][\n]"
2024-07-24 14:31:03.440 [Test worker] DEBUG c.g.d.z.s.o.a.h.client5.http.headers - http-outgoing-27 << HTTP/1.1 200 OK
2024-07-24 14:31:03.440 [Test worker] DEBUG c.g.d.z.s.o.a.h.client5.http.headers - http-outgoing-27 << Api-Version: 1.45
2024-07-24 14:31:03.440 [Test worker] DEBUG c.g.d.z.s.o.a.h.client5.http.headers - http-outgoing-27 << Content-Type: application/json
2024-07-24 14:31:03.440 [Test worker] DEBUG c.g.d.z.s.o.a.h.client5.http.headers - http-outgoing-27 << Date: Wed, 24 Jul 2024 02:31:03 GMT
2024-07-24 14:31:03.440 [Test worker] DEBUG c.g.d.z.s.o.a.h.client5.http.headers - http-outgoing-27 << Docker-Experimental: false
2024-07-24 14:31:03.440 [Test worker] DEBUG c.g.d.z.s.o.a.h.client5.http.headers - http-outgoing-27 << Ostype: linux
2024-07-24 14:31:03.440 [Test worker] DEBUG c.g.d.z.s.o.a.h.client5.http.headers - http-outgoing-27 << Server: Docker/26.0.0 (linux)
2024-07-24 14:31:03.440 [Test worker] DEBUG c.g.d.z.s.o.a.h.client5.http.headers - http-outgoing-27 << Transfer-Encoding: chunked
2024-07-24 14:31:03.440 [Test worker] DEBUG c.g.d.z.s.o.a.h.c.h.i.c.MainClientExec - ex-00000124: connection can be kept alive for 3 MINUTES
2024-07-24 14:31:03.441 [Test worker] DEBUG c.g.d.z.s.o.a.hc.client5.http.wire - http-outgoing-27 << "1a3c[\r][\n]"
2024-07-24 14:31:03.441 [Test worker] DEBUG c.g.d.z.s.o.a.hc.client5.http.wire - http-outgoing-27 << "{"Id":"99fcdb2200153bd54f3b8ed94b859cf64c362c88dc30812fcf335aa6cec7d89e","Created":"2024-07-24T02:31:01.590020627Z","Path":"docker-entrypoint.sh","Args":["postgres","-c","fsync=off"],"State":{"Status":"running","Running":true,"Paused":false,"Restarting":false,"OOMKilled":false,"Dead":false,"Pid":31491,"ExitCode":0,"Error":"","StartedAt":"2024-07-24T02:31:02.070774765Z","FinishedAt":"0001-01-01T00:00:00Z"},"Image":"sha256:8e4fc9e184899a58735e7ee333f5e272d7d2298cf59302006b71f33e217be130","ResolvConfPath":"/var/lib/docker/containers/99fcdb2200153bd54f3b8ed94b859cf64c362c88dc30812fcf335aa6cec7d89e/resolv.conf","HostnamePath":"/var/lib/docker/containers/99fcdb2200153bd54f3b8ed94b859cf64c362c88dc30812fcf335aa6cec7d89e/hostname","HostsPath":"/var/lib/docker/containers/99fcdb2200153bd54f3b8ed94b859cf64c362c88dc30812fcf335aa6cec7d89e/hosts","LogPath":"/var/lib/docker/containers/99fcdb2200153bd54f3b8ed94b859cf64c362c88dc30812fcf335aa6cec7d89e/99fcdb2200153bd54f3b8ed94b859cf64c362c88dc30812fcf335aa6cec7d89e-json.log","Name":"/unruffled_mendeleev","RestartCount":0,"Driver":"overlay2","Platform":"linux","MountLabel":"","ProcessLabel":"","AppArmorProfile":"","ExecIDs":null,"HostConfig":{"Binds":[],"ContainerIDFile":"","LogConfig":{"Type":"json-file","Config":{}},"NetworkMode":"default","PortBindings":{"5432/tcp":[{"HostIp":"0.0.0.0","HostPort":"0"}]},"RestartPolicy":{"Name":"no","MaximumRetryCount":0},"AutoRemove":false,"VolumeDriver":"","VolumesFrom":[],"ConsoleSize":[0,0],"CapAdd":null,"CapDrop":null,"CgroupnsMode":"host","Dns":null,"DnsOptions":null,"DnsSearch":null,"ExtraHosts":[],"GroupAdd":null,"IpcMode":"shareable","Cgroup":"","Links":null,"OomScoreAdj":0,"PidMode":"","Privileged":false,"PublishAllPorts":false,"ReadonlyRootfs":false,"SecurityOpt":null,"UTSMode":"","UsernsMode":"","ShmSize":67108864,"Runtime":"runc","Isolation":"","CpuShares":0,"Memory":0,"NanoCpus":0,"CgroupParent":"","BlkioWeight":0,"BlkioWeightDevice":null,"BlkioDeviceReadBps":null,"BlkioDeviceWriteBps":null,"BlkioDeviceReadIOps":null,"BlkioDeviceWriteIOps":null,"CpuPeriod":0,"CpuQuota":0,"CpuRealtimePeriod":0,"CpuRealtimeRuntime":0,"CpusetCpus":"","CpusetMems":"","Devices":null,"DeviceCgroupRules":null,"DeviceRequests":null,"MemoryReservation":0,"MemorySwap":0,"MemorySwappiness":null,"OomKillDisable":false,"PidsLimit":null,"Ulimits":null,"CpuCount":0,"CpuPercent":0,"IOMaximumIOps":0,"IOMaximumBandwidth":0,"MaskedPaths":["/proc/asound","/proc/acpi","/proc/kcore","/proc/keys","/proc/latency_stats","/proc/timer_list","/proc/timer_stats","/proc/sched_debug","/proc/scsi","/sys/firmware","/sys/devices/virtual/powercap"],"ReadonlyPaths":["/proc/bus","/proc/fs","/proc/irq","/proc/sys","/proc/sysrq-trigger"]},"GraphDriver":{"Data":{"LowerDir":"/var/lib/docker/overlay2/c0e8d79ed37d0758b11971c025b7283975f9b7e53d7e4c5a7323f19e917c5d70-init/diff:/var/lib/docker/overlay2/8f0ddbd386af0785c2e348570516955816ab350305d698d363962d488eeb15ec/diff:/var/lib/docker/overlay2/0eb0ca73e9b0be7c3d7fa8762ef4778a68f38391bc84c037c2e90b88e781b475/diff:/var/lib/docker/overlay2/74e634bddc785c5d436b10a5158cd82e21dc2065fd1cf8ff9c1c12e01575a2d8/diff:/var/lib/docker/overlay2/bb918b2851cd2f508f1e3fdbfff8b7f8b041d61e65fe8c368288bf399e80b818/diff:/var/lib/docker/overlay2/2abab2946cbdc2941ee8ec4024c51dac7313dee9de5fbedd1ca33388c59eb3c8/diff:/var/lib/docker/overlay2/e12f6083ee669bd92743ceb339a896bb25dbe461b718705bb39eb410b80c0ecd/diff:/var/lib/docker/overlay2/ced1e86d670d097da5ed4da7288c22507735918959161c2cd8bf083fb30d169a/diff:/var/lib/docker/overlay2/94e9ac7b74923285ae73af20aeccb964ca9079e2305db367cb85d1603560472d/diff:/var/lib/docker/overlay2/a396b6dfd63f0c228c519871183c614cccf4d366a43460f27ecf97113c3c4be8/diff:/var/lib/docker/overlay2/f58ada5d5080c2bac553c734f81127660a90581a35ed2a92cebe3c59e340875b/diff:/var/lib/docker/overlay2/84f85636f37bf55d945e217b4f87a856eba7932284beaf042561007b66f48977/diff:/var/lib/docker/overlay2/1e6e519613884e91a2b74a588ba35dc8a2f789371ab798ef6e7d9836d756042f/diff:/var/lib/docker/overlay2/14a3151cc8b4f9d27d2e64f1a8abc0c7809309580f2d7e8dc8545055c1d56194/diff:/var/lib"
2024-07-24 14:31:03.441 [Test worker] DEBUG c.g.d.z.s.o.a.hc.client5.http.wire - http-outgoing-27 << "/docker/overlay2/5b354b9e793401517fe2f1da697653fdaadffc54888eaf76d67e0600b8c68bdc/diff","MergedDir":"/var/lib/docker/overlay2/c0e8d79ed37d0758b11971c025b7283975f9b7e53d7e4c5a7323f19e917c5d70/merged","UpperDir":"/var/lib/docker/overlay2/c0e8d79ed37d0758b11971c025b7283975f9b7e53d7e4c5a7323f19e917c5d70/diff","WorkDir":"/var/lib/docker/overlay2/c0e8d79ed37d0758b11971c025b7283975f9b7e53d7e4c5a7323f19e917c5d70/work"},"Name":"overlay2"},"Mounts":[{"Type":"volume","Name":"412b8d68e8c1a74b0171376e6663f55f56da998feec40e7616359ca646903733","Source":"/var/lib/docker/volumes/412b8d68e8c1a74b0171376e6663f55f56da998feec40e7616359ca646903733/_data","Destination":"/var/lib/postgresql/data","Driver":"local","Mode":"","RW":true,"Propagation":""}],"Config":{"Hostname":"99fcdb220015","Domainname":"","User":"","AttachStdin":false,"AttachStdout":false,"AttachStderr":false,"ExposedPorts":{"5432/tcp":{}},"Tty":false,"OpenStdin":false,"StdinOnce":false,"Env":["POSTGRES_USER=user","POSTGRES_PASSWORD=password","POSTGRES_DB=db","PATH=/usr/local/sbin:/usr/local/bin:/usr/sbin:/usr/bin:/sbin:/bin:/usr/lib/postgresql/16/bin","GOSU_VERSION=1.17","LANG=en_US.utf8","PG_MAJOR=16","PG_VERSION=16.2-1.pgdg120+2","PGDATA=/var/lib/postgresql/data"],"Cmd":["postgres","-c","fsync=off"],"Image":"postgres:latest","Volumes":{"/var/lib/postgresql/data":{}},"WorkingDir":"","Entrypoint":["docker-entrypoint.sh"],"OnBuild":null,"Labels":{"org.testcontainers":"true","org.testcontainers.lang":"java","org.testcontainers.sessionId":"280e6229-7396-4d60-b1e3-a5de48b5d49b","org.testcontainers.version":"1.19.8"},"StopSignal":"SIGINT"},"NetworkSettings":{"Bridge":"","SandboxID":"1ab994f7d08251eab5d58e1ae22b6cc86da6aec5d001d32c451b314047e29dac","SandboxKey":"/var/run/docker/netns/1ab994f7d082","Ports":{"5432/tcp":[{"HostIp":"0.0.0.0","HostPort":"51593"}]},"HairpinMode":false,"LinkLocalIPv6Address":"","LinkLocalIPv6PrefixLen":0,"SecondaryIPAddresses":null,"SecondaryIPv6Addresses":null,"EndpointID":"b541194a69c7e223136362f4ec97cb38987bc22b48f348b10b8cb48ed9eec72c","Gateway":"172.17.0.1","GlobalIPv6Address":"","GlobalIPv6PrefixLen":0,"IPAddress":"172.17.0.3","IPPrefixLen":16,"IPv6Gateway":"","MacAddress":"02:42:ac:11:00:03","Networks":{"bridge":{"IPAMConfig":null,"Links":null,"Aliases":null,"MacAddress":"02:42:ac:11:00:03","NetworkID":"3c842496be344cbdae878c1dee0957e7bc7c0a2236009c92752030f2b053e72f","EndpointID":"b541194a69c7e223136362f4ec97cb38987bc22b48f348b10b8cb48ed9eec72c","Gateway":"172.17.0.1","IPAddress":"172.17.0.3","IPPrefixLen":16,"IPv6Gateway":"","GlobalIPv6Address":"","GlobalIPv6PrefixLen":0,"DriverOpts":null,"DNSNames":null}}}}[\n]"
2024-07-24 14:31:03.442 [Test worker] DEBUG c.g.d.z.s.o.a.hc.client5.http.wire - http-outgoing-27 << "[\r][\n]"
2024-07-24 14:31:03.442 [Test worker] DEBUG c.g.d.z.s.o.a.hc.client5.http.wire - http-outgoing-27 << "0[\r][\n]"
2024-07-24 14:31:03.442 [Test worker] DEBUG c.g.d.z.s.o.a.hc.client5.http.wire - http-outgoing-27 << "[\r][\n]"
2024-07-24 14:31:03.442 [Test worker] DEBUG c.g.d.z.s.o.a.h.c.h.i.c.InternalHttpClient - ep-00000123: releasing valid endpoint
2024-07-24 14:31:03.442 [Test worker] DEBUG c.g.d.z.s.o.a.h.c.h.i.i.PoolingHttpClientConnectionManager - ep-00000123: releasing endpoint
2024-07-24 14:31:03.442 [Test worker] DEBUG c.g.d.z.s.o.a.h.c.h.i.i.PoolingHttpClientConnectionManager - ep-00000123: connection http-outgoing-27 can be kept alive for 3 MINUTES
2024-07-24 14:31:03.442 [Test worker] DEBUG c.g.d.z.s.o.a.h.c.h.i.i.PoolingHttpClientConnectionManager - ep-00000123: connection released [route: {}->npipe://localhost:2375][total available: 1; route allocated: 1 of 2147483647; total allocated: 1 of 2147483647]
2024-07-24 14:31:03.442 [Test worker] TRACE o.t.utility.ResourceReaper - Stopping container: 99fcdb2200153bd54f3b8ed94b859cf64c362c88dc30812fcf335aa6cec7d89e
2024-07-24 14:31:03.442 [Test worker] DEBUG o.t.s.c.g.d.c.command.AbstrDockerCmd - Cmd: 99fcdb2200153bd54f3b8ed94b859cf64c362c88dc30812fcf335aa6cec7d89e,<null>
2024-07-24 14:31:03.442 [Test worker] TRACE o.t.s.c.g.d.c.e.KillContainerCmdExec - POST: DefaultWebTarget{path=[/containers/99fcdb2200153bd54f3b8ed94b859cf64c362c88dc30812fcf335aa6cec7d89e/kill], queryParams={}}
2024-07-24 14:31:03.442 [Test worker] DEBUG c.g.d.z.s.o.a.h.c.h.i.c.InternalHttpClient - ex-00000125: preparing request execution
2024-07-24 14:31:03.442 [Test worker] DEBUG c.g.d.z.s.o.a.h.c.h.p.RequestAddCookies - Cookie spec selected: strict
2024-07-24 14:31:03.442 [Test worker] DEBUG c.g.d.z.s.o.a.h.c.h.p.RequestAuthCache - Auth cache not set in the context
2024-07-24 14:31:03.442 [Test worker] DEBUG c.g.d.z.s.o.a.h.c.h.i.c.ProtocolExec - ex-00000125: target auth state: UNCHALLENGED
2024-07-24 14:31:03.442 [Test worker] DEBUG c.g.d.z.s.o.a.h.c.h.i.c.ProtocolExec - ex-00000125: proxy auth state: UNCHALLENGED
2024-07-24 14:31:03.442 [Test worker] DEBUG c.g.d.z.s.o.a.h.c.h.i.c.ConnectExec - ex-00000125: acquiring connection with route {}->npipe://localhost:2375
2024-07-24 14:31:03.442 [Test worker] DEBUG c.g.d.z.s.o.a.h.c.h.i.c.InternalHttpClient - ex-00000125: acquiring endpoint (3 MINUTES)
2024-07-24 14:31:03.442 [Test worker] DEBUG c.g.d.z.s.o.a.h.c.h.i.i.PoolingHttpClientConnectionManager - ex-00000125: endpoint lease request (3 MINUTES) [route: {}->npipe://localhost:2375][total available: 1; route allocated: 1 of 2147483647; total allocated: 1 of 2147483647]
2024-07-24 14:31:03.442 [Test worker] DEBUG c.g.d.z.s.o.a.h.c.h.i.i.PoolingHttpClientConnectionManager - ex-00000125: endpoint leased [route: {}->npipe://localhost:2375][total available: 0; route allocated: 1 of 2147483647; total allocated: 1 of 2147483647]
2024-07-24 14:31:03.442 [Test worker] DEBUG c.g.d.z.s.o.a.h.c.h.i.i.PoolingHttpClientConnectionManager - ex-00000125: acquired ep-00000124
2024-07-24 14:31:03.442 [Test worker] DEBUG c.g.d.z.s.o.a.h.c.h.i.c.InternalHttpClient - ex-00000125: acquired endpoint ep-00000124
2024-07-24 14:31:03.442 [Test worker] DEBUG c.g.d.z.s.o.a.h.c.h.i.c.MainClientExec - ex-00000125: executing POST /v1.32/containers/99fcdb2200153bd54f3b8ed94b859cf64c362c88dc30812fcf335aa6cec7d89e/kill HTTP/1.1
2024-07-24 14:31:03.442 [Test worker] DEBUG c.g.d.z.s.o.a.h.c.h.i.c.InternalHttpClient - ep-00000124: start execution ex-00000125
2024-07-24 14:31:03.442 [Test worker] DEBUG c.g.d.z.s.o.a.h.c.h.i.i.PoolingHttpClientConnectionManager - ep-00000124: executing exchange ex-00000125 over http-outgoing-27
2024-07-24 14:31:03.442 [Test worker] DEBUG c.g.d.z.s.o.a.h.client5.http.headers - http-outgoing-27 >> POST /v1.32/containers/99fcdb2200153bd54f3b8ed94b859cf64c362c88dc30812fcf335aa6cec7d89e/kill HTTP/1.1
2024-07-24 14:31:03.442 [Test worker] DEBUG c.g.d.z.s.o.a.h.client5.http.headers - http-outgoing-27 >> accept: application/json
2024-07-24 14:31:03.442 [Test worker] DEBUG c.g.d.z.s.o.a.h.client5.http.headers - http-outgoing-27 >> content-type: application/json
2024-07-24 14:31:03.442 [Test worker] DEBUG c.g.d.z.s.o.a.h.client5.http.headers - http-outgoing-27 >> x-tc-sid: 280e6229-7396-4d60-b1e3-a5de48b5d49b
2024-07-24 14:31:03.442 [Test worker] DEBUG c.g.d.z.s.o.a.h.client5.http.headers - http-outgoing-27 >> User-Agent: tc-java/1.19.8
2024-07-24 14:31:03.442 [Test worker] DEBUG c.g.d.z.s.o.a.h.client5.http.headers - http-outgoing-27 >> Accept-Encoding: gzip, x-gzip, deflate
2024-07-24 14:31:03.442 [Test worker] DEBUG c.g.d.z.s.o.a.h.client5.http.headers - http-outgoing-27 >> Host: localhost:2375
2024-07-24 14:31:03.442 [Test worker] DEBUG c.g.d.z.s.o.a.h.client5.http.headers - http-outgoing-27 >> Connection: keep-alive
2024-07-24 14:31:03.442 [Test worker] DEBUG c.g.d.z.s.o.a.hc.client5.http.wire - http-outgoing-27 >> "POST /v1.32/containers/99fcdb2200153bd54f3b8ed94b859cf64c362c88dc30812fcf335aa6cec7d89e/kill HTTP/1.1[\r][\n]"
2024-07-24 14:31:03.442 [Test worker] DEBUG c.g.d.z.s.o.a.hc.client5.http.wire - http-outgoing-27 >> "accept: application/json[\r][\n]"
2024-07-24 14:31:03.442 [Test worker] DEBUG c.g.d.z.s.o.a.hc.client5.http.wire - http-outgoing-27 >> "content-type: application/json[\r][\n]"
2024-07-24 14:31:03.442 [Test worker] DEBUG c.g.d.z.s.o.a.hc.client5.http.wire - http-outgoing-27 >> "x-tc-sid: 280e6229-7396-4d60-b1e3-a5de48b5d49b[\r][\n]"
2024-07-24 14:31:03.442 [Test worker] DEBUG c.g.d.z.s.o.a.hc.client5.http.wire - http-outgoing-27 >> "User-Agent: tc-java/1.19.8[\r][\n]"
2024-07-24 14:31:03.442 [Test worker] DEBUG c.g.d.z.s.o.a.hc.client5.http.wire - http-outgoing-27 >> "Accept-Encoding: gzip, x-gzip, deflate[\r][\n]"
2024-07-24 14:31:03.442 [Test worker] DEBUG c.g.d.z.s.o.a.hc.client5.http.wire - http-outgoing-27 >> "Host: localhost:2375[\r][\n]"
2024-07-24 14:31:03.442 [Test worker] DEBUG c.g.d.z.s.o.a.hc.client5.http.wire - http-outgoing-27 >> "Connection: keep-alive[\r][\n]"
2024-07-24 14:31:03.442 [Test worker] DEBUG c.g.d.z.s.o.a.hc.client5.http.wire - http-outgoing-27 >> "[\r][\n]"
2024-07-24 14:31:03.865 [Test worker] DEBUG c.g.d.z.s.o.a.hc.client5.http.wire - http-outgoing-27 << "HTTP/1.1 204 No Content[\r][\n]"
2024-07-24 14:31:03.866 [Test worker] DEBUG c.g.d.z.s.o.a.hc.client5.http.wire - http-outgoing-27 << "Api-Version: 1.45[\r][\n]"
2024-07-24 14:31:03.866 [Test worker] DEBUG c.g.d.z.s.o.a.hc.client5.http.wire - http-outgoing-27 << "Date: Wed, 24 Jul 2024 02:31:03 GMT[\r][\n]"
2024-07-24 14:31:03.866 [Test worker] DEBUG c.g.d.z.s.o.a.hc.client5.http.wire - http-outgoing-27 << "Docker-Experimental: false[\r][\n]"
2024-07-24 14:31:03.866 [Test worker] DEBUG c.g.d.z.s.o.a.hc.client5.http.wire - http-outgoing-27 << "Ostype: linux[\r][\n]"
2024-07-24 14:31:03.866 [Test worker] DEBUG c.g.d.z.s.o.a.hc.client5.http.wire - http-outgoing-27 << "Server: Docker/26.0.0 (linux)[\r][\n]"
2024-07-24 14:31:03.866 [Test worker] DEBUG c.g.d.z.s.o.a.hc.client5.http.wire - http-outgoing-27 << "[\r][\n]"
2024-07-24 14:31:03.866 [Test worker] DEBUG c.g.d.z.s.o.a.h.client5.http.headers - http-outgoing-27 << HTTP/1.1 204 No Content
2024-07-24 14:31:03.866 [Test worker] DEBUG c.g.d.z.s.o.a.h.client5.http.headers - http-outgoing-27 << Api-Version: 1.45
2024-07-24 14:31:03.866 [Test worker] DEBUG c.g.d.z.s.o.a.h.client5.http.headers - http-outgoing-27 << Date: Wed, 24 Jul 2024 02:31:03 GMT
2024-07-24 14:31:03.866 [Test worker] DEBUG c.g.d.z.s.o.a.h.client5.http.headers - http-outgoing-27 << Docker-Experimental: false
2024-07-24 14:31:03.866 [Test worker] DEBUG c.g.d.z.s.o.a.h.client5.http.headers - http-outgoing-27 << Ostype: linux
2024-07-24 14:31:03.866 [Test worker] DEBUG c.g.d.z.s.o.a.h.client5.http.headers - http-outgoing-27 << Server: Docker/26.0.0 (linux)
2024-07-24 14:31:03.866 [Test worker] DEBUG c.g.d.z.s.o.a.h.c.h.i.c.MainClientExec - ex-00000125: connection can be kept alive for 3 MINUTES
2024-07-24 14:31:03.866 [Test worker] DEBUG c.g.d.z.s.o.a.h.c.h.i.c.InternalHttpClient - ep-00000124: releasing valid endpoint
2024-07-24 14:31:03.866 [Test worker] DEBUG c.g.d.z.s.o.a.h.c.h.i.i.PoolingHttpClientConnectionManager - ep-00000124: releasing endpoint
2024-07-24 14:31:03.866 [Test worker] DEBUG c.g.d.z.s.o.a.h.c.h.i.i.PoolingHttpClientConnectionManager - ep-00000124: connection http-outgoing-27 can be kept alive for 3 MINUTES
2024-07-24 14:31:03.866 [Test worker] DEBUG c.g.d.z.s.o.a.h.c.h.i.i.PoolingHttpClientConnectionManager - ep-00000124: connection released [route: {}->npipe://localhost:2375][total available: 1; route allocated: 1 of 2147483647; total allocated: 1 of 2147483647]
2024-07-24 14:31:03.866 [Test worker] TRACE o.t.utility.ResourceReaper - Stopped container: postgres:latest
2024-07-24 14:31:03.866 [Test worker] DEBUG o.t.s.c.g.d.c.command.AbstrDockerCmd - Cmd: 99fcdb2200153bd54f3b8ed94b859cf64c362c88dc30812fcf335aa6cec7d89e,false
2024-07-24 14:31:03.866 [Test worker] DEBUG o.t.s.c.g.d.c.e.InspectContainerCmdExec - GET: DefaultWebTarget{path=[/containers/99fcdb2200153bd54f3b8ed94b859cf64c362c88dc30812fcf335aa6cec7d89e/json], queryParams={}}
2024-07-24 14:31:03.866 [Test worker] DEBUG c.g.d.z.s.o.a.h.c.h.i.c.InternalHttpClient - ex-00000126: preparing request execution
2024-07-24 14:31:03.867 [Test worker] DEBUG c.g.d.z.s.o.a.h.c.h.p.RequestAddCookies - Cookie spec selected: strict
2024-07-24 14:31:03.867 [Test worker] DEBUG c.g.d.z.s.o.a.h.c.h.p.RequestAuthCache - Auth cache not set in the context
2024-07-24 14:31:03.867 [Test worker] DEBUG c.g.d.z.s.o.a.h.c.h.i.c.ProtocolExec - ex-00000126: target auth state: UNCHALLENGED
2024-07-24 14:31:03.867 [Test worker] DEBUG c.g.d.z.s.o.a.h.c.h.i.c.ProtocolExec - ex-00000126: proxy auth state: UNCHALLENGED
2024-07-24 14:31:03.867 [Test worker] DEBUG c.g.d.z.s.o.a.h.c.h.i.c.ConnectExec - ex-00000126: acquiring connection with route {}->npipe://localhost:2375
2024-07-24 14:31:03.867 [Test worker] DEBUG c.g.d.z.s.o.a.h.c.h.i.c.InternalHttpClient - ex-00000126: acquiring endpoint (3 MINUTES)
2024-07-24 14:31:03.867 [Test worker] DEBUG c.g.d.z.s.o.a.h.c.h.i.i.PoolingHttpClientConnectionManager - ex-00000126: endpoint lease request (3 MINUTES) [route: {}->npipe://localhost:2375][total available: 1; route allocated: 1 of 2147483647; total allocated: 1 of 2147483647]
2024-07-24 14:31:03.867 [Test worker] DEBUG c.g.d.z.s.o.a.h.c.h.i.i.PoolingHttpClientConnectionManager - ex-00000126: endpoint leased [route: {}->npipe://localhost:2375][total available: 0; route allocated: 1 of 2147483647; total allocated: 1 of 2147483647]
2024-07-24 14:31:03.867 [Test worker] DEBUG c.g.d.z.s.o.a.h.c.h.i.i.PoolingHttpClientConnectionManager - ex-00000126: acquired ep-00000125
2024-07-24 14:31:03.867 [Test worker] DEBUG c.g.d.z.s.o.a.h.c.h.i.c.InternalHttpClient - ex-00000126: acquired endpoint ep-00000125
2024-07-24 14:31:03.867 [Test worker] DEBUG c.g.d.z.s.o.a.h.c.h.i.c.MainClientExec - ex-00000126: executing GET /v1.32/containers/99fcdb2200153bd54f3b8ed94b859cf64c362c88dc30812fcf335aa6cec7d89e/json HTTP/1.1
2024-07-24 14:31:03.867 [Test worker] DEBUG c.g.d.z.s.o.a.h.c.h.i.c.InternalHttpClient - ep-00000125: start execution ex-00000126
2024-07-24 14:31:03.867 [Test worker] DEBUG c.g.d.z.s.o.a.h.c.h.i.i.PoolingHttpClientConnectionManager - ep-00000125: executing exchange ex-00000126 over http-outgoing-27
2024-07-24 14:31:03.867 [Test worker] DEBUG c.g.d.z.s.o.a.h.client5.http.headers - http-outgoing-27 >> GET /v1.32/containers/99fcdb2200153bd54f3b8ed94b859cf64c362c88dc30812fcf335aa6cec7d89e/json HTTP/1.1
2024-07-24 14:31:03.867 [Test worker] DEBUG c.g.d.z.s.o.a.h.client5.http.headers - http-outgoing-27 >> accept: application/json
2024-07-24 14:31:03.867 [Test worker] DEBUG c.g.d.z.s.o.a.h.client5.http.headers - http-outgoing-27 >> x-tc-sid: 280e6229-7396-4d60-b1e3-a5de48b5d49b
2024-07-24 14:31:03.867 [Test worker] DEBUG c.g.d.z.s.o.a.h.client5.http.headers - http-outgoing-27 >> User-Agent: tc-java/1.19.8
2024-07-24 14:31:03.867 [Test worker] DEBUG c.g.d.z.s.o.a.h.client5.http.headers - http-outgoing-27 >> Accept-Encoding: gzip, x-gzip, deflate
2024-07-24 14:31:03.867 [Test worker] DEBUG c.g.d.z.s.o.a.h.client5.http.headers - http-outgoing-27 >> Host: localhost:2375
2024-07-24 14:31:03.867 [Test worker] DEBUG c.g.d.z.s.o.a.h.client5.http.headers - http-outgoing-27 >> Connection: keep-alive
2024-07-24 14:31:03.867 [Test worker] DEBUG c.g.d.z.s.o.a.hc.client5.http.wire - http-outgoing-27 >> "GET /v1.32/containers/99fcdb2200153bd54f3b8ed94b859cf64c362c88dc30812fcf335aa6cec7d89e/json HTTP/1.1[\r][\n]"
2024-07-24 14:31:03.867 [Test worker] DEBUG c.g.d.z.s.o.a.hc.client5.http.wire - http-outgoing-27 >> "accept: application/json[\r][\n]"
2024-07-24 14:31:03.867 [Test worker] DEBUG c.g.d.z.s.o.a.hc.client5.http.wire - http-outgoing-27 >> "x-tc-sid: 280e6229-7396-4d60-b1e3-a5de48b5d49b[\r][\n]"
2024-07-24 14:31:03.867 [Test worker] DEBUG c.g.d.z.s.o.a.hc.client5.http.wire - http-outgoing-27 >> "User-Agent: tc-java/1.19.8[\r][\n]"
2024-07-24 14:31:03.867 [Test worker] DEBUG c.g.d.z.s.o.a.hc.client5.http.wire - http-outgoing-27 >> "Accept-Encoding: gzip, x-gzip, deflate[\r][\n]"
2024-07-24 14:31:03.867 [Test worker] DEBUG c.g.d.z.s.o.a.hc.client5.http.wire - http-outgoing-27 >> "Host: localhost:2375[\r][\n]"
2024-07-24 14:31:03.867 [Test worker] DEBUG c.g.d.z.s.o.a.hc.client5.http.wire - http-outgoing-27 >> "Connection: keep-alive[\r][\n]"
2024-07-24 14:31:03.867 [Test worker] DEBUG c.g.d.z.s.o.a.hc.client5.http.wire - http-outgoing-27 >> "[\r][\n]"
2024-07-24 14:31:03.894 [Test worker] DEBUG c.g.d.z.s.o.a.hc.client5.http.wire - http-outgoing-27 << "HTTP/1.1 200 OK[\r][\n]"
2024-07-24 14:31:03.894 [Test worker] DEBUG c.g.d.z.s.o.a.hc.client5.http.wire - http-outgoing-27 << "Api-Version: 1.45[\r][\n]"
2024-07-24 14:31:03.894 [Test worker] DEBUG c.g.d.z.s.o.a.hc.client5.http.wire - http-outgoing-27 << "Content-Type: application/json[\r][\n]"
2024-07-24 14:31:03.894 [Test worker] DEBUG c.g.d.z.s.o.a.hc.client5.http.wire - http-outgoing-27 << "Date: Wed, 24 Jul 2024 02:31:03 GMT[\r][\n]"
2024-07-24 14:31:03.894 [Test worker] DEBUG c.g.d.z.s.o.a.hc.client5.http.wire - http-outgoing-27 << "Docker-Experimental: false[\r][\n]"
2024-07-24 14:31:03.894 [Test worker] DEBUG c.g.d.z.s.o.a.hc.client5.http.wire - http-outgoing-27 << "Ostype: linux[\r][\n]"
2024-07-24 14:31:03.894 [Test worker] DEBUG c.g.d.z.s.o.a.hc.client5.http.wire - http-outgoing-27 << "Server: Docker/26.0.0 (linux)[\r][\n]"
2024-07-24 14:31:03.894 [Test worker] DEBUG c.g.d.z.s.o.a.hc.client5.http.wire - http-outgoing-27 << "Transfer-Encoding: chunked[\r][\n]"
2024-07-24 14:31:03.894 [Test worker] DEBUG c.g.d.z.s.o.a.hc.client5.http.wire - http-outgoing-27 << "[\r][\n]"
2024-07-24 14:31:03.894 [Test worker] DEBUG c.g.d.z.s.o.a.h.client5.http.headers - http-outgoing-27 << HTTP/1.1 200 OK
2024-07-24 14:31:03.894 [Test worker] DEBUG c.g.d.z.s.o.a.h.client5.http.headers - http-outgoing-27 << Api-Version: 1.45
2024-07-24 14:31:03.894 [Test worker] DEBUG c.g.d.z.s.o.a.h.client5.http.headers - http-outgoing-27 << Content-Type: application/json
2024-07-24 14:31:03.894 [Test worker] DEBUG c.g.d.z.s.o.a.h.client5.http.headers - http-outgoing-27 << Date: Wed, 24 Jul 2024 02:31:03 GMT
2024-07-24 14:31:03.894 [Test worker] DEBUG c.g.d.z.s.o.a.h.client5.http.headers - http-outgoing-27 << Docker-Experimental: false
2024-07-24 14:31:03.894 [Test worker] DEBUG c.g.d.z.s.o.a.h.client5.http.headers - http-outgoing-27 << Ostype: linux
2024-07-24 14:31:03.894 [Test worker] DEBUG c.g.d.z.s.o.a.h.client5.http.headers - http-outgoing-27 << Server: Docker/26.0.0 (linux)
2024-07-24 14:31:03.894 [Test worker] DEBUG c.g.d.z.s.o.a.h.client5.http.headers - http-outgoing-27 << Transfer-Encoding: chunked
2024-07-24 14:31:03.895 [Test worker] DEBUG c.g.d.z.s.o.a.h.c.h.i.c.MainClientExec - ex-00000126: connection can be kept alive for 3 MINUTES
2024-07-24 14:31:03.896 [Test worker] DEBUG c.g.d.z.s.o.a.hc.client5.http.wire - http-outgoing-27 << "1944[\r][\n]"
2024-07-24 14:31:03.896 [Test worker] DEBUG c.g.d.z.s.o.a.hc.client5.http.wire - http-outgoing-27 << "{"Id":"99fcdb2200153bd54f3b8ed94b859cf64c362c88dc30812fcf335aa6cec7d89e","Created":"2024-07-24T02:31:01.590020627Z","Path":"docker-entrypoint.sh","Args":["postgres","-c","fsync=off"],"State":{"Status":"exited","Running":false,"Paused":false,"Restarting":false,"OOMKilled":false,"Dead":false,"Pid":0,"ExitCode":137,"Error":"","StartedAt":"2024-07-24T02:31:02.070774765Z","FinishedAt":"2024-07-24T02:31:03.474850613Z"},"Image":"sha256:8e4fc9e184899a58735e7ee333f5e272d7d2298cf59302006b71f33e217be130","ResolvConfPath":"/var/lib/docker/containers/99fcdb2200153bd54f3b8ed94b859cf64c362c88dc30812fcf335aa6cec7d89e/resolv.conf","HostnamePath":"/var/lib/docker/containers/99fcdb2200153bd54f3b8ed94b859cf64c362c88dc30812fcf335aa6cec7d89e/hostname","HostsPath":"/var/lib/docker/containers/99fcdb2200153bd54f3b8ed94b859cf64c362c88dc30812fcf335aa6cec7d89e/hosts","LogPath":"/var/lib/docker/containers/99fcdb2200153bd54f3b8ed94b859cf64c362c88dc30812fcf335aa6cec7d89e/99fcdb2200153bd54f3b8ed94b859cf64c362c88dc30812fcf335aa6cec7d89e-json.log","Name":"/unruffled_mendeleev","RestartCount":0,"Driver":"overlay2","Platform":"linux","MountLabel":"","ProcessLabel":"","AppArmorProfile":"","ExecIDs":null,"HostConfig":{"Binds":[],"ContainerIDFile":"","LogConfig":{"Type":"json-file","Config":{}},"NetworkMode":"default","PortBindings":{"5432/tcp":[{"HostIp":"0.0.0.0","HostPort":"0"}]},"RestartPolicy":{"Name":"no","MaximumRetryCount":0},"AutoRemove":false,"VolumeDriver":"","VolumesFrom":[],"ConsoleSize":[0,0],"CapAdd":null,"CapDrop":null,"CgroupnsMode":"host","Dns":null,"DnsOptions":null,"DnsSearch":null,"ExtraHosts":[],"GroupAdd":null,"IpcMode":"shareable","Cgroup":"","Links":null,"OomScoreAdj":0,"PidMode":"","Privileged":false,"PublishAllPorts":false,"ReadonlyRootfs":false,"SecurityOpt":null,"UTSMode":"","UsernsMode":"","ShmSize":67108864,"Runtime":"runc","Isolation":"","CpuShares":0,"Memory":0,"NanoCpus":0,"CgroupParent":"","BlkioWeight":0,"BlkioWeightDevice":null,"BlkioDeviceReadBps":null,"BlkioDeviceWriteBps":null,"BlkioDeviceReadIOps":null,"BlkioDeviceWriteIOps":null,"CpuPeriod":0,"CpuQuota":0,"CpuRealtimePeriod":0,"CpuRealtimeRuntime":0,"CpusetCpus":"","CpusetMems":"","Devices":null,"DeviceCgroupRules":null,"DeviceRequests":null,"MemoryReservation":0,"MemorySwap":0,"MemorySwappiness":null,"OomKillDisable":false,"PidsLimit":null,"Ulimits":null,"CpuCount":0,"CpuPercent":0,"IOMaximumIOps":0,"IOMaximumBandwidth":0,"MaskedPaths":["/proc/asound","/proc/acpi","/proc/kcore","/proc/keys","/proc/latency_stats","/proc/timer_list","/proc/timer_stats","/proc/sched_debug","/proc/scsi","/sys/firmware","/sys/devices/virtual/powercap"],"ReadonlyPaths":["/proc/bus","/proc/fs","/proc/irq","/proc/sys","/proc/sysrq-trigger"]},"GraphDriver":{"Data":{"LowerDir":"/var/lib/docker/overlay2/c0e8d79ed37d0758b11971c025b7283975f9b7e53d7e4c5a7323f19e917c5d70-init/diff:/var/lib/docker/overlay2/8f0ddbd386af0785c2e348570516955816ab350305d698d363962d488eeb15ec/diff:/var/lib/docker/overlay2/0eb0ca73e9b0be7c3d7fa8762ef4778a68f38391bc84c037c2e90b88e781b475/diff:/var/lib/docker/overlay2/74e634bddc785c5d436b10a5158cd82e21dc2065fd1cf8ff9c1c12e01575a2d8/diff:/var/lib/docker/overlay2/bb918b2851cd2f508f1e3fdbfff8b7f8b041d61e65fe8c368288bf399e80b818/diff:/var/lib/docker/overlay2/2abab2946cbdc2941ee8ec4024c51dac7313dee9de5fbedd1ca33388c59eb3c8/diff:/var/lib/docker/overlay2/e12f6083ee669bd92743ceb339a896bb25dbe461b718705bb39eb410b80c0ecd/diff:/var/lib/docker/overlay2/ced1e86d670d097da5ed4da7288c22507735918959161c2cd8bf083fb30d169a/diff:/var/lib/docker/overlay2/94e9ac7b74923285ae73af20aeccb964ca9079e2305db367cb85d1603560472d/diff:/var/lib/docker/overlay2/a396b6dfd63f0c228c519871183c614cccf4d366a43460f27ecf97113c3c4be8/diff:/var/lib/docker/overlay2/f58ada5d5080c2bac553c734f81127660a90581a35ed2a92cebe3c59e340875b/diff:/var/lib/docker/overlay2/84f85636f37bf55d945e217b4f87a856eba7932284beaf042561007b66f48977/diff:/var/lib/docker/overlay2/1e6e519613884e91a2b74a588ba35dc8a2f789371ab798ef6e7d9836d756042f/diff:/var/lib/docker/overlay2/14a3151cc8b4f9d27d2e64f1a8abc0c7809309580f2d7e8dc8545055c1d56194/diff:"
2024-07-24 14:31:03.896 [Test worker] DEBUG c.g.d.z.s.o.a.hc.client5.http.wire - http-outgoing-27 << "/var/lib/docker/overlay2/5b354b9e793401517fe2f1da697653fdaadffc54888eaf76d67e0600b8c68bdc/diff","MergedDir":"/var/lib/docker/overlay2/c0e8d79ed37d0758b11971c025b7283975f9b7e53d7e4c5a7323f19e917c5d70/merged","UpperDir":"/var/lib/docker/overlay2/c0e8d79ed37d0758b11971c025b7283975f9b7e53d7e4c5a7323f19e917c5d70/diff","WorkDir":"/var/lib/docker/overlay2/c0e8d79ed37d0758b11971c025b7283975f9b7e53d7e4c5a7323f19e917c5d70/work"},"Name":"overlay2"},"Mounts":[{"Type":"volume","Name":"412b8d68e8c1a74b0171376e6663f55f56da998feec40e7616359ca646903733","Source":"/var/lib/docker/volumes/412b8d68e8c1a74b0171376e6663f55f56da998feec40e7616359ca646903733/_data","Destination":"/var/lib/postgresql/data","Driver":"local","Mode":"","RW":true,"Propagation":""}],"Config":{"Hostname":"99fcdb220015","Domainname":"","User":"","AttachStdin":false,"AttachStdout":false,"AttachStderr":false,"ExposedPorts":{"5432/tcp":{}},"Tty":false,"OpenStdin":false,"StdinOnce":false,"Env":["POSTGRES_USER=user","POSTGRES_PASSWORD=password","POSTGRES_DB=db","PATH=/usr/local/sbin:/usr/local/bin:/usr/sbin:/usr/bin:/sbin:/bin:/usr/lib/postgresql/16/bin","GOSU_VERSION=1.17","LANG=en_US.utf8","PG_MAJOR=16","PG_VERSION=16.2-1.pgdg120+2","PGDATA=/var/lib/postgresql/data"],"Cmd":["postgres","-c","fsync=off"],"Image":"postgres:latest","Volumes":{"/var/lib/postgresql/data":{}},"WorkingDir":"","Entrypoint":["docker-entrypoint.sh"],"OnBuild":null,"Labels":{"org.testcontainers":"true","org.testcontainers.lang":"java","org.testcontainers.sessionId":"280e6229-7396-4d60-b1e3-a5de48b5d49b","org.testcontainers.version":"1.19.8"},"StopSignal":"SIGINT"},"NetworkSettings":{"Bridge":"","SandboxID":"1ab994f7d08251eab5d58e1ae22b6cc86da6aec5d001d32c451b314047e29dac","SandboxKey":"/var/run/docker/netns/1ab994f7d082","Ports":{},"HairpinMode":false,"LinkLocalIPv6Address":"","LinkLocalIPv6PrefixLen":0,"SecondaryIPAddresses":null,"SecondaryIPv6Addresses":null,"EndpointID":"","Gateway":"","GlobalIPv6Address":"","GlobalIPv6PrefixLen":0,"IPAddress":"","IPPrefixLen":0,"IPv6Gateway":"","MacAddress":"","Networks":{"bridge":{"IPAMConfig":null,"Links":null,"Aliases":null,"MacAddress":"","NetworkID":"3c842496be344cbdae878c1dee0957e7bc7c0a2236009c92752030f2b053e72f","EndpointID":"","Gateway":"","IPAddress":"","IPPrefixLen":0,"IPv6Gateway":"","GlobalIPv6Address":"","GlobalIPv6PrefixLen":0,"DriverOpts":null,"DNSNames":null}}}}[\n]"
2024-07-24 14:31:03.897 [Test worker] DEBUG c.g.d.z.s.o.a.hc.client5.http.wire - http-outgoing-27 << "[\r][\n]"
2024-07-24 14:31:03.897 [Test worker] DEBUG c.g.d.z.s.o.a.hc.client5.http.wire - http-outgoing-27 << "0[\r][\n]"
2024-07-24 14:31:03.897 [Test worker] DEBUG c.g.d.z.s.o.a.hc.client5.http.wire - http-outgoing-27 << "[\r][\n]"
2024-07-24 14:31:03.897 [Test worker] DEBUG c.g.d.z.s.o.a.h.c.h.i.c.InternalHttpClient - ep-00000125: releasing valid endpoint
2024-07-24 14:31:03.897 [Test worker] DEBUG c.g.d.z.s.o.a.h.c.h.i.i.PoolingHttpClientConnectionManager - ep-00000125: releasing endpoint
2024-07-24 14:31:03.897 [Test worker] DEBUG c.g.d.z.s.o.a.h.c.h.i.i.PoolingHttpClientConnectionManager - ep-00000125: connection http-outgoing-27 can be kept alive for 3 MINUTES
2024-07-24 14:31:03.897 [Test worker] DEBUG c.g.d.z.s.o.a.h.c.h.i.i.PoolingHttpClientConnectionManager - ep-00000125: connection released [route: {}->npipe://localhost:2375][total available: 1; route allocated: 1 of 2147483647; total allocated: 1 of 2147483647]
2024-07-24 14:31:03.897 [Test worker] TRACE o.t.utility.ResourceReaper - Removing container: 99fcdb2200153bd54f3b8ed94b859cf64c362c88dc30812fcf335aa6cec7d89e
2024-07-24 14:31:03.897 [Test worker] DEBUG o.t.s.c.g.d.c.command.AbstrDockerCmd - Cmd: 99fcdb2200153bd54f3b8ed94b859cf64c362c88dc30812fcf335aa6cec7d89e,true,true
2024-07-24 14:31:03.897 [Test worker] TRACE o.t.s.c.g.d.c.e.RemoveContainerCmdExec - DELETE: DefaultWebTarget{path=[/containers/99fcdb2200153bd54f3b8ed94b859cf64c362c88dc30812fcf335aa6cec7d89e], queryParams={v=[true], force=[true]}}
2024-07-24 14:31:03.898 [Test worker] DEBUG c.g.d.z.s.o.a.h.c.h.i.c.InternalHttpClient - ex-00000127: preparing request execution
2024-07-24 14:31:03.898 [Test worker] DEBUG c.g.d.z.s.o.a.h.c.h.p.RequestAddCookies - Cookie spec selected: strict
2024-07-24 14:31:03.898 [Test worker] DEBUG c.g.d.z.s.o.a.h.c.h.p.RequestAuthCache - Auth cache not set in the context
2024-07-24 14:31:03.898 [Test worker] DEBUG c.g.d.z.s.o.a.h.c.h.i.c.ProtocolExec - ex-00000127: target auth state: UNCHALLENGED
2024-07-24 14:31:03.898 [Test worker] DEBUG c.g.d.z.s.o.a.h.c.h.i.c.ProtocolExec - ex-00000127: proxy auth state: UNCHALLENGED
2024-07-24 14:31:03.898 [Test worker] DEBUG c.g.d.z.s.o.a.h.c.h.i.c.ConnectExec - ex-00000127: acquiring connection with route {}->npipe://localhost:2375
2024-07-24 14:31:03.898 [Test worker] DEBUG c.g.d.z.s.o.a.h.c.h.i.c.InternalHttpClient - ex-00000127: acquiring endpoint (3 MINUTES)
2024-07-24 14:31:03.898 [Test worker] DEBUG c.g.d.z.s.o.a.h.c.h.i.i.PoolingHttpClientConnectionManager - ex-00000127: endpoint lease request (3 MINUTES) [route: {}->npipe://localhost:2375][total available: 1; route allocated: 1 of 2147483647; total allocated: 1 of 2147483647]
2024-07-24 14:31:03.898 [Test worker] DEBUG c.g.d.z.s.o.a.h.c.h.i.i.PoolingHttpClientConnectionManager - ex-00000127: endpoint leased [route: {}->npipe://localhost:2375][total available: 0; route allocated: 1 of 2147483647; total allocated: 1 of 2147483647]
2024-07-24 14:31:03.898 [Test worker] DEBUG c.g.d.z.s.o.a.h.c.h.i.i.PoolingHttpClientConnectionManager - ex-00000127: acquired ep-00000126
2024-07-24 14:31:03.898 [Test worker] DEBUG c.g.d.z.s.o.a.h.c.h.i.c.InternalHttpClient - ex-00000127: acquired endpoint ep-00000126
2024-07-24 14:31:03.898 [Test worker] DEBUG c.g.d.z.s.o.a.h.c.h.i.c.MainClientExec - ex-00000127: executing DELETE /v1.32/containers/99fcdb2200153bd54f3b8ed94b859cf64c362c88dc30812fcf335aa6cec7d89e?v=true&force=true HTTP/1.1
2024-07-24 14:31:03.898 [Test worker] DEBUG c.g.d.z.s.o.a.h.c.h.i.c.InternalHttpClient - ep-00000126: start execution ex-00000127
2024-07-24 14:31:03.898 [Test worker] DEBUG c.g.d.z.s.o.a.h.c.h.i.i.PoolingHttpClientConnectionManager - ep-00000126: executing exchange ex-00000127 over http-outgoing-27
2024-07-24 14:31:03.898 [Test worker] DEBUG c.g.d.z.s.o.a.h.client5.http.headers - http-outgoing-27 >> DELETE /v1.32/containers/99fcdb2200153bd54f3b8ed94b859cf64c362c88dc30812fcf335aa6cec7d89e?v=true&force=true HTTP/1.1
2024-07-24 14:31:03.898 [Test worker] DEBUG c.g.d.z.s.o.a.h.client5.http.headers - http-outgoing-27 >> accept: application/json
2024-07-24 14:31:03.898 [Test worker] DEBUG c.g.d.z.s.o.a.h.client5.http.headers - http-outgoing-27 >> x-tc-sid: 280e6229-7396-4d60-b1e3-a5de48b5d49b
2024-07-24 14:31:03.898 [Test worker] DEBUG c.g.d.z.s.o.a.h.client5.http.headers - http-outgoing-27 >> User-Agent: tc-java/1.19.8
2024-07-24 14:31:03.898 [Test worker] DEBUG c.g.d.z.s.o.a.h.client5.http.headers - http-outgoing-27 >> Accept-Encoding: gzip, x-gzip, deflate
2024-07-24 14:31:03.898 [Test worker] DEBUG c.g.d.z.s.o.a.h.client5.http.headers - http-outgoing-27 >> Host: localhost:2375
2024-07-24 14:31:03.898 [Test worker] DEBUG c.g.d.z.s.o.a.h.client5.http.headers - http-outgoing-27 >> Connection: keep-alive
2024-07-24 14:31:03.898 [Test worker] DEBUG c.g.d.z.s.o.a.hc.client5.http.wire - http-outgoing-27 >> "DELETE /v1.32/containers/99fcdb2200153bd54f3b8ed94b859cf64c362c88dc30812fcf335aa6cec7d89e?v=true&force=true HTTP/1.1[\r][\n]"
2024-07-24 14:31:03.898 [Test worker] DEBUG c.g.d.z.s.o.a.hc.client5.http.wire - http-outgoing-27 >> "accept: application/json[\r][\n]"
2024-07-24 14:31:03.898 [Test worker] DEBUG c.g.d.z.s.o.a.hc.client5.http.wire - http-outgoing-27 >> "x-tc-sid: 280e6229-7396-4d60-b1e3-a5de48b5d49b[\r][\n]"
2024-07-24 14:31:03.898 [Test worker] DEBUG c.g.d.z.s.o.a.hc.client5.http.wire - http-outgoing-27 >> "User-Agent: tc-java/1.19.8[\r][\n]"
2024-07-24 14:31:03.898 [Test worker] DEBUG c.g.d.z.s.o.a.hc.client5.http.wire - http-outgoing-27 >> "Accept-Encoding: gzip, x-gzip, deflate[\r][\n]"
2024-07-24 14:31:03.898 [Test worker] DEBUG c.g.d.z.s.o.a.hc.client5.http.wire - http-outgoing-27 >> "Host: localhost:2375[\r][\n]"
2024-07-24 14:31:03.898 [Test worker] DEBUG c.g.d.z.s.o.a.hc.client5.http.wire - http-outgoing-27 >> "Connection: keep-alive[\r][\n]"
2024-07-24 14:31:03.898 [Test worker] DEBUG c.g.d.z.s.o.a.hc.client5.http.wire - http-outgoing-27 >> "[\r][\n]"
2024-07-24 14:31:03.977 [Test worker] DEBUG c.g.d.z.s.o.a.hc.client5.http.wire - http-outgoing-27 << "HTTP/1.1 204 No Content[\r][\n]"
2024-07-24 14:31:03.977 [Test worker] DEBUG c.g.d.z.s.o.a.hc.client5.http.wire - http-outgoing-27 << "Api-Version: 1.45[\r][\n]"
2024-07-24 14:31:03.977 [Test worker] DEBUG c.g.d.z.s.o.a.hc.client5.http.wire - http-outgoing-27 << "Date: Wed, 24 Jul 2024 02:31:03 GMT[\r][\n]"
2024-07-24 14:31:03.977 [Test worker] DEBUG c.g.d.z.s.o.a.hc.client5.http.wire - http-outgoing-27 << "Docker-Experimental: false[\r][\n]"
2024-07-24 14:31:03.977 [Test worker] DEBUG c.g.d.z.s.o.a.hc.client5.http.wire - http-outgoing-27 << "Ostype: linux[\r][\n]"
2024-07-24 14:31:03.978 [Test worker] DEBUG c.g.d.z.s.o.a.hc.client5.http.wire - http-outgoing-27 << "Server: Docker/26.0.0 (linux)[\r][\n]"
2024-07-24 14:31:03.978 [Test worker] DEBUG c.g.d.z.s.o.a.hc.client5.http.wire - http-outgoing-27 << "[\r][\n]"
2024-07-24 14:31:03.978 [Test worker] DEBUG c.g.d.z.s.o.a.h.client5.http.headers - http-outgoing-27 << HTTP/1.1 204 No Content
2024-07-24 14:31:03.978 [Test worker] DEBUG c.g.d.z.s.o.a.h.client5.http.headers - http-outgoing-27 << Api-Version: 1.45
2024-07-24 14:31:03.978 [Test worker] DEBUG c.g.d.z.s.o.a.h.client5.http.headers - http-outgoing-27 << Date: Wed, 24 Jul 2024 02:31:03 GMT
2024-07-24 14:31:03.978 [Test worker] DEBUG c.g.d.z.s.o.a.h.client5.http.headers - http-outgoing-27 << Docker-Experimental: false
2024-07-24 14:31:03.978 [Test worker] DEBUG c.g.d.z.s.o.a.h.client5.http.headers - http-outgoing-27 << Ostype: linux
2024-07-24 14:31:03.978 [Test worker] DEBUG c.g.d.z.s.o.a.h.client5.http.headers - http-outgoing-27 << Server: Docker/26.0.0 (linux)
2024-07-24 14:31:03.978 [Test worker] DEBUG c.g.d.z.s.o.a.h.c.h.i.c.MainClientExec - ex-00000127: connection can be kept alive for 3 MINUTES
2024-07-24 14:31:03.978 [Test worker] DEBUG c.g.d.z.s.o.a.h.c.h.i.c.InternalHttpClient - ep-00000126: releasing valid endpoint
2024-07-24 14:31:03.978 [Test worker] DEBUG c.g.d.z.s.o.a.h.c.h.i.i.PoolingHttpClientConnectionManager - ep-00000126: releasing endpoint
2024-07-24 14:31:03.978 [Test worker] DEBUG c.g.d.z.s.o.a.h.c.h.i.i.PoolingHttpClientConnectionManager - ep-00000126: connection http-outgoing-27 can be kept alive for 3 MINUTES
2024-07-24 14:31:03.978 [Test worker] DEBUG c.g.d.z.s.o.a.h.c.h.i.i.PoolingHttpClientConnectionManager - ep-00000126: connection released [route: {}->npipe://localhost:2375][total available: 1; route allocated: 1 of 2147483647; total allocated: 1 of 2147483647]
2024-07-24 14:31:03.978 [Test worker] DEBUG o.t.utility.ResourceReaper - Removed container and associated volume(s): postgres:latest
2024-07-24 14:31:03.979 [Test worker] DEBUG o.t.u.PrefixingImageNameSubstitutor - No prefix is configured
2024-07-24 14:31:03.979 [Test worker] DEBUG o.t.utility.ImageNameSubstitutor - Did not find a substitute image for postgres:latest (using image substitutor: DefaultImageNameSubstitutor (composite of 'ConfigurationFileImageNameSubstitutor' and 'PrefixingImageNameSubstitutor'))
2024-07-24 14:31:03.979 [Test worker] TRACE tc.postgres:latest - postgres:latest is already in image name cache
2024-07-24 14:31:03.979 [Test worker] DEBUG o.t.images.AbstractImagePullPolicy - Using locally available and not pulling image: postgres:latest
2024-07-24 14:31:03.979 [Test worker] DEBUG tc.postgres:latest - Starting container: postgres:latest
2024-07-24 14:31:03.979 [Test worker] DEBUG tc.postgres:latest - Trying to start container: postgres:latest (attempt 1/1)
2024-07-24 14:31:03.979 [Test worker] DEBUG tc.postgres:latest - Starting container: postgres:latest
2024-07-24 14:31:03.979 [Test worker] INFO  tc.postgres:latest - Creating container for image: postgres:latest
2024-07-24 14:31:03.979 [Test worker] DEBUG o.t.utility.RegistryAuthLocator - Looking up auth config for image: postgres:latest at registry: https://index.docker.io/v1/
2024-07-24 14:31:03.979 [Test worker] DEBUG o.t.utility.RegistryAuthLocator - No matching Auth Configs - falling back to defaultAuthConfig [null]
2024-07-24 14:31:03.980 [Test worker] DEBUG o.t.d.AuthDelegatingDockerClientConfig - Effective auth config [null]
2024-07-24 14:31:03.980 [Test worker] DEBUG o.t.s.c.g.d.c.command.AbstrDockerCmd - Cmd: org.testcontainers.shaded.com.github.dockerjava.core.command.CreateContainerCmdImpl@616a06e3[aliases=<null>,argsEscaped=<null>,attachStderr=<null>,attachStdin=<null>,attachStdout=<null>,authConfig=<null>,cmd={postgres,-c,fsync=off},domainName=<null>,entrypoint=<null>,env={POSTGRES_USER=user,POSTGRES_PASSWORD=password,POSTGRES_DB=db},exposedPorts=ExposedPorts(exposedPorts=[5432/tcp]),healthcheck=<null>,hostConfig=HostConfig(binds=[], blkioWeight=null, blkioWeightDevice=null, blkioDeviceReadBps=null, blkioDeviceWriteBps=null, blkioDeviceReadIOps=null, blkioDeviceWriteIOps=null, memorySwappiness=null, nanoCPUs=null, capAdd=null, capDrop=null, containerIDFile=null, cpuPeriod=null, cpuRealtimePeriod=null, cpuRealtimeRuntime=null, cpuShares=null, cpuQuota=null, cpusetCpus=null, cpusetMems=null, devices=null, deviceCgroupRules=null, deviceRequests=null, diskQuota=null, dns=null, dnsOptions=null, dnsSearch=null, extraHosts=[], groupAdd=null, ipcMode=null, cgroup=null, links=[], logConfig=LogConfig(type=null, config=null), lxcConf=null, memory=null, memorySwap=null, memoryReservation=null, kernelMemory=null, networkMode=null, oomKillDisable=null, init=null, autoRemove=null, oomScoreAdj=null, portBindings={5432/tcp=[Lcom.github.dockerjava.api.model.Ports$Binding;@57fdb8a4}, privileged=null, publishAllPorts=null, readonlyRootfs=null, restartPolicy=null, ulimits=null, cpuCount=null, cpuPercent=null, ioMaximumIOps=null, ioMaximumBandwidth=null, volumesFrom=[], mounts=null, pidMode=null, isolation=null, securityOpts=null, storageOpt=null, cgroupParent=null, volumeDriver=null, shmSize=null, pidsLimit=null, runtime=null, tmpFs=null, utSMode=null, usernsMode=null, sysctls=null, consoleSize=null, cgroupnsMode=null),hostName=<null>,image=postgres:latest,ipv4Address=<null>,ipv6Address=<null>,labels={org.testcontainers=true, org.testcontainers.lang=java, org.testcontainers.version=1.19.8, org.testcontainers.sessionId=280e6229-7396-4d60-b1e3-a5de48b5d49b},macAddress=<null>,name=<null>,networkDisabled=<null>,networkingConfig=<null>,onBuild=<null>,platform=<null>,portSpecs=<null>,shell=<null>,stdInOnce=<null>,stdinOpen=<null>,stopSignal=<null>,stopTimeout=<null>,tty=<null>,user=<null>,volumes=Volumes(volumes=[]),workingDir=<null>]
2024-07-24 14:31:03.980 [Test worker] TRACE o.t.s.c.g.d.c.e.CreateContainerCmdExec - POST: DefaultWebTarget{path=[/containers/create], queryParams={}} 
2024-07-24 14:31:03.981 [Test worker] DEBUG c.g.d.z.s.o.a.h.c.h.i.c.InternalHttpClient - ex-00000128: preparing request execution
2024-07-24 14:31:03.981 [Test worker] DEBUG c.g.d.z.s.o.a.h.c.h.p.RequestAddCookies - Cookie spec selected: strict
2024-07-24 14:31:03.981 [Test worker] DEBUG c.g.d.z.s.o.a.h.c.h.p.RequestAuthCache - Auth cache not set in the context
2024-07-24 14:31:03.981 [Test worker] DEBUG c.g.d.z.s.o.a.h.c.h.i.c.ProtocolExec - ex-00000128: target auth state: UNCHALLENGED
2024-07-24 14:31:03.981 [Test worker] DEBUG c.g.d.z.s.o.a.h.c.h.i.c.ProtocolExec - ex-00000128: proxy auth state: UNCHALLENGED
2024-07-24 14:31:03.981 [Test worker] DEBUG c.g.d.z.s.o.a.h.c.h.i.c.ConnectExec - ex-00000128: acquiring connection with route {}->npipe://localhost:2375
2024-07-24 14:31:03.981 [Test worker] DEBUG c.g.d.z.s.o.a.h.c.h.i.c.InternalHttpClient - ex-00000128: acquiring endpoint (3 MINUTES)
2024-07-24 14:31:03.981 [Test worker] DEBUG c.g.d.z.s.o.a.h.c.h.i.i.PoolingHttpClientConnectionManager - ex-00000128: endpoint lease request (3 MINUTES) [route: {}->npipe://localhost:2375][total available: 1; route allocated: 1 of 2147483647; total allocated: 1 of 2147483647]
2024-07-24 14:31:03.981 [Test worker] DEBUG c.g.d.z.s.o.a.h.c.h.i.i.PoolingHttpClientConnectionManager - ex-00000128: endpoint leased [route: {}->npipe://localhost:2375][total available: 0; route allocated: 1 of 2147483647; total allocated: 1 of 2147483647]
2024-07-24 14:31:03.981 [Test worker] DEBUG c.g.d.z.s.o.a.h.c.h.i.i.PoolingHttpClientConnectionManager - ex-00000128: acquired ep-00000127
2024-07-24 14:31:03.981 [Test worker] DEBUG c.g.d.z.s.o.a.h.c.h.i.c.InternalHttpClient - ex-00000128: acquired endpoint ep-00000127
2024-07-24 14:31:03.981 [Test worker] DEBUG c.g.d.z.s.o.a.h.c.h.i.c.MainClientExec - ex-00000128: executing POST /v1.32/containers/create HTTP/1.1
2024-07-24 14:31:03.981 [Test worker] DEBUG c.g.d.z.s.o.a.h.c.h.i.c.InternalHttpClient - ep-00000127: start execution ex-00000128
2024-07-24 14:31:03.981 [Test worker] DEBUG c.g.d.z.s.o.a.h.c.h.i.i.PoolingHttpClientConnectionManager - ep-00000127: executing exchange ex-00000128 over http-outgoing-27
2024-07-24 14:31:03.981 [Test worker] DEBUG c.g.d.z.s.o.a.h.client5.http.headers - http-outgoing-27 >> POST /v1.32/containers/create HTTP/1.1
2024-07-24 14:31:03.981 [Test worker] DEBUG c.g.d.z.s.o.a.h.client5.http.headers - http-outgoing-27 >> accept: application/json
2024-07-24 14:31:03.981 [Test worker] DEBUG c.g.d.z.s.o.a.h.client5.http.headers - http-outgoing-27 >> content-type: application/json
2024-07-24 14:31:03.981 [Test worker] DEBUG c.g.d.z.s.o.a.h.client5.http.headers - http-outgoing-27 >> x-tc-sid: 280e6229-7396-4d60-b1e3-a5de48b5d49b
2024-07-24 14:31:03.981 [Test worker] DEBUG c.g.d.z.s.o.a.h.client5.http.headers - http-outgoing-27 >> User-Agent: tc-java/1.19.8
2024-07-24 14:31:03.981 [Test worker] DEBUG c.g.d.z.s.o.a.h.client5.http.headers - http-outgoing-27 >> Accept-Encoding: gzip, x-gzip, deflate
2024-07-24 14:31:03.981 [Test worker] DEBUG c.g.d.z.s.o.a.h.client5.http.headers - http-outgoing-27 >> Content-Length: 2061
2024-07-24 14:31:03.981 [Test worker] DEBUG c.g.d.z.s.o.a.h.client5.http.headers - http-outgoing-27 >> Host: localhost:2375
2024-07-24 14:31:03.981 [Test worker] DEBUG c.g.d.z.s.o.a.h.client5.http.headers - http-outgoing-27 >> Connection: keep-alive
2024-07-24 14:31:03.981 [Test worker] DEBUG c.g.d.z.s.o.a.hc.client5.http.wire - http-outgoing-27 >> "POST /v1.32/containers/create HTTP/1.1[\r][\n]"
2024-07-24 14:31:03.981 [Test worker] DEBUG c.g.d.z.s.o.a.hc.client5.http.wire - http-outgoing-27 >> "accept: application/json[\r][\n]"
2024-07-24 14:31:03.981 [Test worker] DEBUG c.g.d.z.s.o.a.hc.client5.http.wire - http-outgoing-27 >> "content-type: application/json[\r][\n]"
2024-07-24 14:31:03.981 [Test worker] DEBUG c.g.d.z.s.o.a.hc.client5.http.wire - http-outgoing-27 >> "x-tc-sid: 280e6229-7396-4d60-b1e3-a5de48b5d49b[\r][\n]"
2024-07-24 14:31:03.981 [Test worker] DEBUG c.g.d.z.s.o.a.hc.client5.http.wire - http-outgoing-27 >> "User-Agent: tc-java/1.19.8[\r][\n]"
2024-07-24 14:31:03.981 [Test worker] DEBUG c.g.d.z.s.o.a.hc.client5.http.wire - http-outgoing-27 >> "Accept-Encoding: gzip, x-gzip, deflate[\r][\n]"
2024-07-24 14:31:03.981 [Test worker] DEBUG c.g.d.z.s.o.a.hc.client5.http.wire - http-outgoing-27 >> "Content-Length: 2061[\r][\n]"
2024-07-24 14:31:03.981 [Test worker] DEBUG c.g.d.z.s.o.a.hc.client5.http.wire - http-outgoing-27 >> "Host: localhost:2375[\r][\n]"
2024-07-24 14:31:03.981 [Test worker] DEBUG c.g.d.z.s.o.a.hc.client5.http.wire - http-outgoing-27 >> "Connection: keep-alive[\r][\n]"
2024-07-24 14:31:03.981 [Test worker] DEBUG c.g.d.z.s.o.a.hc.client5.http.wire - http-outgoing-27 >> "[\r][\n]"
2024-07-24 14:31:03.981 [Test worker] DEBUG c.g.d.z.s.o.a.hc.client5.http.wire - http-outgoing-27 >> "{"Hostname":null,"Domainname":null,"User":null,"AttachStdin":null,"AttachStdout":null,"AttachStderr":null,"PortSpecs":null,"Tty":null,"OpenStdin":null,"StdinOnce":null,"Env":["POSTGRES_USER=user","POSTGRES_PASSWORD=password","POSTGRES_DB=db"],"Cmd":["postgres","-c","fsync=off"],"Healthcheck":null,"ArgsEscaped":null,"Entrypoint":null,"Image":"postgres:latest","Volumes":{},"WorkingDir":null,"MacAddress":null,"OnBuild":null,"NetworkDisabled":null,"ExposedPorts":{"5432/tcp":{}},"StopSignal":null,"StopTimeout":null,"HostConfig":{"Binds":[],"BlkioWeight":null,"BlkioWeightDevice":null,"BlkioDeviceReadBps":null,"BlkioDeviceWriteBps":null,"BlkioDeviceReadIOps":null,"BlkioDeviceWriteIOps":null,"MemorySwappiness":null,"NanoCpus":null,"CapAdd":null,"CapDrop":null,"ContainerIDFile":null,"CpuPeriod":null,"CpuRealtimePeriod":null,"CpuRealtimeRuntime":null,"CpuShares":null,"CpuQuota":null,"CpusetCpus":null,"CpusetMems":null,"Devices":null,"DeviceCgroupRules":null,"DeviceRequests":null,"DiskQuota":null,"Dns":null,"DnsOptions":null,"DnsSearch":null,"ExtraHosts":[],"GroupAdd":null,"IpcMode":null,"Cgroup":null,"Links":[],"LogConfig":null,"LxcConf":null,"Memory":null,"MemorySwap":null,"MemoryReservation":null,"KernelMemory":null,"NetworkMode":null,"OomKillDisable":null,"Init":null,"AutoRemove":null,"OomScoreAdj":null,"PortBindings":{"5432/tcp":[{"HostIp":"","HostPort":""}]},"Privileged":null,"PublishAllPorts":null,"ReadonlyRootfs":null,"RestartPolicy":null,"Ulimits":null,"CpuCount":null,"CpuPercent":null,"IOMaximumIOps":null,"IOMaximumBandwidth":null,"VolumesFrom":[],"Mounts":null,"PidMode":null,"Isolation":null,"SecurityOpt":null,"StorageOpt":null,"CgroupParent":null,"VolumeDriver":null,"ShmSize":null,"PidsLimit":null,"Runtime":null,"Tmpfs":null,"UTSMode":null,"UsernsMode":null,"Sysctls":null,"ConsoleSize":null,"CgroupnsMode":null},"Labels":{"org.testcontainers":"true","org.testcontainers.lang":"java","org.testcontainers.version":"1.19.8","org.testcontainers.sessionId":"280e6229-7396-4d60-b1e3-a5de48b5d49b"},"Shell":null,"NetworkingConfig":null}"
2024-07-24 14:31:04.105 [Test worker] DEBUG c.g.d.z.s.o.a.hc.client5.http.wire - http-outgoing-27 << "HTTP/1.1 201 Created[\r][\n]"
2024-07-24 14:31:04.106 [Test worker] DEBUG c.g.d.z.s.o.a.hc.client5.http.wire - http-outgoing-27 << "Api-Version: 1.45[\r][\n]"
2024-07-24 14:31:04.106 [Test worker] DEBUG c.g.d.z.s.o.a.hc.client5.http.wire - http-outgoing-27 << "Content-Type: application/json[\r][\n]"
2024-07-24 14:31:04.106 [Test worker] DEBUG c.g.d.z.s.o.a.hc.client5.http.wire - http-outgoing-27 << "Date: Wed, 24 Jul 2024 02:31:04 GMT[\r][\n]"
2024-07-24 14:31:04.106 [Test worker] DEBUG c.g.d.z.s.o.a.hc.client5.http.wire - http-outgoing-27 << "Docker-Experimental: false[\r][\n]"
2024-07-24 14:31:04.106 [Test worker] DEBUG c.g.d.z.s.o.a.hc.client5.http.wire - http-outgoing-27 << "Ostype: linux[\r][\n]"
2024-07-24 14:31:04.106 [Test worker] DEBUG c.g.d.z.s.o.a.hc.client5.http.wire - http-outgoing-27 << "Server: Docker/26.0.0 (linux)[\r][\n]"
2024-07-24 14:31:04.106 [Test worker] DEBUG c.g.d.z.s.o.a.hc.client5.http.wire - http-outgoing-27 << "Transfer-Encoding: chunked[\r][\n]"
2024-07-24 14:31:04.106 [Test worker] DEBUG c.g.d.z.s.o.a.hc.client5.http.wire - http-outgoing-27 << "[\r][\n]"
2024-07-24 14:31:04.106 [Test worker] DEBUG c.g.d.z.s.o.a.h.client5.http.headers - http-outgoing-27 << HTTP/1.1 201 Created
2024-07-24 14:31:04.106 [Test worker] DEBUG c.g.d.z.s.o.a.h.client5.http.headers - http-outgoing-27 << Api-Version: 1.45
2024-07-24 14:31:04.106 [Test worker] DEBUG c.g.d.z.s.o.a.h.client5.http.headers - http-outgoing-27 << Content-Type: application/json
2024-07-24 14:31:04.106 [Test worker] DEBUG c.g.d.z.s.o.a.h.client5.http.headers - http-outgoing-27 << Date: Wed, 24 Jul 2024 02:31:04 GMT
2024-07-24 14:31:04.106 [Test worker] DEBUG c.g.d.z.s.o.a.h.client5.http.headers - http-outgoing-27 << Docker-Experimental: false
2024-07-24 14:31:04.106 [Test worker] DEBUG c.g.d.z.s.o.a.h.client5.http.headers - http-outgoing-27 << Ostype: linux
2024-07-24 14:31:04.106 [Test worker] DEBUG c.g.d.z.s.o.a.h.client5.http.headers - http-outgoing-27 << Server: Docker/26.0.0 (linux)
2024-07-24 14:31:04.106 [Test worker] DEBUG c.g.d.z.s.o.a.h.client5.http.headers - http-outgoing-27 << Transfer-Encoding: chunked
2024-07-24 14:31:04.106 [Test worker] DEBUG c.g.d.z.s.o.a.h.c.h.i.c.MainClientExec - ex-00000128: connection can be kept alive for 3 MINUTES
2024-07-24 14:31:04.106 [Test worker] DEBUG c.g.d.z.s.o.a.hc.client5.http.wire - http-outgoing-27 << "58[\r][\n]"
2024-07-24 14:31:04.106 [Test worker] DEBUG c.g.d.z.s.o.a.hc.client5.http.wire - http-outgoing-27 << "{"Id":"f0125aecf350ecc8d8dfb64d09e1500819783da2649fbdcf660b56f2277ecf67","Warnings":[]}[\n]"
2024-07-24 14:31:04.106 [Test worker] DEBUG c.g.d.z.s.o.a.hc.client5.http.wire - http-outgoing-27 << "[\r][\n]"
2024-07-24 14:31:04.106 [Test worker] DEBUG c.g.d.z.s.o.a.hc.client5.http.wire - http-outgoing-27 << "0[\r][\n]"
2024-07-24 14:31:04.106 [Test worker] DEBUG c.g.d.z.s.o.a.hc.client5.http.wire - http-outgoing-27 << "[\r][\n]"
2024-07-24 14:31:04.106 [Test worker] DEBUG c.g.d.z.s.o.a.h.c.h.i.c.InternalHttpClient - ep-00000127: releasing valid endpoint
2024-07-24 14:31:04.106 [Test worker] DEBUG c.g.d.z.s.o.a.h.c.h.i.i.PoolingHttpClientConnectionManager - ep-00000127: releasing endpoint
2024-07-24 14:31:04.106 [Test worker] DEBUG c.g.d.z.s.o.a.h.c.h.i.i.PoolingHttpClientConnectionManager - ep-00000127: connection http-outgoing-27 can be kept alive for 3 MINUTES
2024-07-24 14:31:04.106 [Test worker] DEBUG c.g.d.z.s.o.a.h.c.h.i.i.PoolingHttpClientConnectionManager - ep-00000127: connection released [route: {}->npipe://localhost:2375][total available: 1; route allocated: 1 of 2147483647; total allocated: 1 of 2147483647]
2024-07-24 14:31:04.107 [Test worker] INFO  tc.postgres:latest - Container postgres:latest is starting: f0125aecf350ecc8d8dfb64d09e1500819783da2649fbdcf660b56f2277ecf67
2024-07-24 14:31:04.107 [Test worker] DEBUG o.t.s.c.g.d.c.command.AbstrDockerCmd - Cmd: f0125aecf350ecc8d8dfb64d09e1500819783da2649fbdcf660b56f2277ecf67
2024-07-24 14:31:04.107 [Test worker] TRACE o.t.s.c.g.d.c.e.StartContainerCmdExec - POST: DefaultWebTarget{path=[/containers/f0125aecf350ecc8d8dfb64d09e1500819783da2649fbdcf660b56f2277ecf67/start], queryParams={}}
2024-07-24 14:31:04.107 [Test worker] DEBUG c.g.d.z.s.o.a.h.c.h.i.c.InternalHttpClient - ex-00000129: preparing request execution
2024-07-24 14:31:04.107 [Test worker] DEBUG c.g.d.z.s.o.a.h.c.h.p.RequestAddCookies - Cookie spec selected: strict
2024-07-24 14:31:04.107 [Test worker] DEBUG c.g.d.z.s.o.a.h.c.h.p.RequestAuthCache - Auth cache not set in the context
2024-07-24 14:31:04.107 [Test worker] DEBUG c.g.d.z.s.o.a.h.c.h.i.c.ProtocolExec - ex-00000129: target auth state: UNCHALLENGED
2024-07-24 14:31:04.107 [Test worker] DEBUG c.g.d.z.s.o.a.h.c.h.i.c.ProtocolExec - ex-00000129: proxy auth state: UNCHALLENGED
2024-07-24 14:31:04.107 [Test worker] DEBUG c.g.d.z.s.o.a.h.c.h.i.c.ConnectExec - ex-00000129: acquiring connection with route {}->npipe://localhost:2375
2024-07-24 14:31:04.107 [Test worker] DEBUG c.g.d.z.s.o.a.h.c.h.i.c.InternalHttpClient - ex-00000129: acquiring endpoint (3 MINUTES)
2024-07-24 14:31:04.107 [Test worker] DEBUG c.g.d.z.s.o.a.h.c.h.i.i.PoolingHttpClientConnectionManager - ex-00000129: endpoint lease request (3 MINUTES) [route: {}->npipe://localhost:2375][total available: 1; route allocated: 1 of 2147483647; total allocated: 1 of 2147483647]
2024-07-24 14:31:04.107 [Test worker] DEBUG c.g.d.z.s.o.a.h.c.h.i.i.PoolingHttpClientConnectionManager - ex-00000129: endpoint leased [route: {}->npipe://localhost:2375][total available: 0; route allocated: 1 of 2147483647; total allocated: 1 of 2147483647]
2024-07-24 14:31:04.107 [Test worker] DEBUG c.g.d.z.s.o.a.h.c.h.i.i.PoolingHttpClientConnectionManager - ex-00000129: acquired ep-00000128
2024-07-24 14:31:04.107 [Test worker] DEBUG c.g.d.z.s.o.a.h.c.h.i.c.InternalHttpClient - ex-00000129: acquired endpoint ep-00000128
2024-07-24 14:31:04.107 [Test worker] DEBUG c.g.d.z.s.o.a.h.c.h.i.c.MainClientExec - ex-00000129: executing POST /v1.32/containers/f0125aecf350ecc8d8dfb64d09e1500819783da2649fbdcf660b56f2277ecf67/start HTTP/1.1
2024-07-24 14:31:04.107 [Test worker] DEBUG c.g.d.z.s.o.a.h.c.h.i.c.InternalHttpClient - ep-00000128: start execution ex-00000129
2024-07-24 14:31:04.107 [Test worker] DEBUG c.g.d.z.s.o.a.h.c.h.i.i.PoolingHttpClientConnectionManager - ep-00000128: executing exchange ex-00000129 over http-outgoing-27
2024-07-24 14:31:04.108 [Test worker] DEBUG c.g.d.z.s.o.a.h.client5.http.headers - http-outgoing-27 >> POST /v1.32/containers/f0125aecf350ecc8d8dfb64d09e1500819783da2649fbdcf660b56f2277ecf67/start HTTP/1.1
2024-07-24 14:31:04.108 [Test worker] DEBUG c.g.d.z.s.o.a.h.client5.http.headers - http-outgoing-27 >> accept: application/json
2024-07-24 14:31:04.108 [Test worker] DEBUG c.g.d.z.s.o.a.h.client5.http.headers - http-outgoing-27 >> content-type: application/json
2024-07-24 14:31:04.108 [Test worker] DEBUG c.g.d.z.s.o.a.h.client5.http.headers - http-outgoing-27 >> x-tc-sid: 280e6229-7396-4d60-b1e3-a5de48b5d49b
2024-07-24 14:31:04.108 [Test worker] DEBUG c.g.d.z.s.o.a.h.client5.http.headers - http-outgoing-27 >> User-Agent: tc-java/1.19.8
2024-07-24 14:31:04.108 [Test worker] DEBUG c.g.d.z.s.o.a.h.client5.http.headers - http-outgoing-27 >> Accept-Encoding: gzip, x-gzip, deflate
2024-07-24 14:31:04.108 [Test worker] DEBUG c.g.d.z.s.o.a.h.client5.http.headers - http-outgoing-27 >> Host: localhost:2375
2024-07-24 14:31:04.108 [Test worker] DEBUG c.g.d.z.s.o.a.h.client5.http.headers - http-outgoing-27 >> Connection: keep-alive
2024-07-24 14:31:04.108 [Test worker] DEBUG c.g.d.z.s.o.a.hc.client5.http.wire - http-outgoing-27 >> "POST /v1.32/containers/f0125aecf350ecc8d8dfb64d09e1500819783da2649fbdcf660b56f2277ecf67/start HTTP/1.1[\r][\n]"
2024-07-24 14:31:04.108 [Test worker] DEBUG c.g.d.z.s.o.a.hc.client5.http.wire - http-outgoing-27 >> "accept: application/json[\r][\n]"
2024-07-24 14:31:04.108 [Test worker] DEBUG c.g.d.z.s.o.a.hc.client5.http.wire - http-outgoing-27 >> "content-type: application/json[\r][\n]"
2024-07-24 14:31:04.108 [Test worker] DEBUG c.g.d.z.s.o.a.hc.client5.http.wire - http-outgoing-27 >> "x-tc-sid: 280e6229-7396-4d60-b1e3-a5de48b5d49b[\r][\n]"
2024-07-24 14:31:04.108 [Test worker] DEBUG c.g.d.z.s.o.a.hc.client5.http.wire - http-outgoing-27 >> "User-Agent: tc-java/1.19.8[\r][\n]"
2024-07-24 14:31:04.108 [Test worker] DEBUG c.g.d.z.s.o.a.hc.client5.http.wire - http-outgoing-27 >> "Accept-Encoding: gzip, x-gzip, deflate[\r][\n]"
2024-07-24 14:31:04.108 [Test worker] DEBUG c.g.d.z.s.o.a.hc.client5.http.wire - http-outgoing-27 >> "Host: localhost:2375[\r][\n]"
2024-07-24 14:31:04.108 [Test worker] DEBUG c.g.d.z.s.o.a.hc.client5.http.wire - http-outgoing-27 >> "Connection: keep-alive[\r][\n]"
2024-07-24 14:31:04.108 [Test worker] DEBUG c.g.d.z.s.o.a.hc.client5.http.wire - http-outgoing-27 >> "[\r][\n]"
2024-07-24 14:31:04.492 [Test worker] DEBUG c.g.d.z.s.o.a.hc.client5.http.wire - http-outgoing-27 << "HTTP/1.1 204 No Content[\r][\n]"
2024-07-24 14:31:04.492 [Test worker] DEBUG c.g.d.z.s.o.a.hc.client5.http.wire - http-outgoing-27 << "Api-Version: 1.45[\r][\n]"
2024-07-24 14:31:04.492 [Test worker] DEBUG c.g.d.z.s.o.a.hc.client5.http.wire - http-outgoing-27 << "Date: Wed, 24 Jul 2024 02:31:04 GMT[\r][\n]"
2024-07-24 14:31:04.492 [Test worker] DEBUG c.g.d.z.s.o.a.hc.client5.http.wire - http-outgoing-27 << "Docker-Experimental: false[\r][\n]"
2024-07-24 14:31:04.492 [Test worker] DEBUG c.g.d.z.s.o.a.hc.client5.http.wire - http-outgoing-27 << "Ostype: linux[\r][\n]"
2024-07-24 14:31:04.492 [Test worker] DEBUG c.g.d.z.s.o.a.hc.client5.http.wire - http-outgoing-27 << "Server: Docker/26.0.0 (linux)[\r][\n]"
2024-07-24 14:31:04.492 [Test worker] DEBUG c.g.d.z.s.o.a.hc.client5.http.wire - http-outgoing-27 << "[\r][\n]"
2024-07-24 14:31:04.492 [Test worker] DEBUG c.g.d.z.s.o.a.h.client5.http.headers - http-outgoing-27 << HTTP/1.1 204 No Content
2024-07-24 14:31:04.492 [Test worker] DEBUG c.g.d.z.s.o.a.h.client5.http.headers - http-outgoing-27 << Api-Version: 1.45
2024-07-24 14:31:04.492 [Test worker] DEBUG c.g.d.z.s.o.a.h.client5.http.headers - http-outgoing-27 << Date: Wed, 24 Jul 2024 02:31:04 GMT
2024-07-24 14:31:04.492 [Test worker] DEBUG c.g.d.z.s.o.a.h.client5.http.headers - http-outgoing-27 << Docker-Experimental: false
2024-07-24 14:31:04.492 [Test worker] DEBUG c.g.d.z.s.o.a.h.client5.http.headers - http-outgoing-27 << Ostype: linux
2024-07-24 14:31:04.492 [Test worker] DEBUG c.g.d.z.s.o.a.h.client5.http.headers - http-outgoing-27 << Server: Docker/26.0.0 (linux)
2024-07-24 14:31:04.493 [Test worker] DEBUG c.g.d.z.s.o.a.h.c.h.i.c.MainClientExec - ex-00000129: connection can be kept alive for 3 MINUTES
2024-07-24 14:31:04.493 [Test worker] DEBUG c.g.d.z.s.o.a.h.c.h.i.c.InternalHttpClient - ep-00000128: releasing valid endpoint
2024-07-24 14:31:04.493 [Test worker] DEBUG c.g.d.z.s.o.a.h.c.h.i.i.PoolingHttpClientConnectionManager - ep-00000128: releasing endpoint
2024-07-24 14:31:04.493 [Test worker] DEBUG c.g.d.z.s.o.a.h.c.h.i.i.PoolingHttpClientConnectionManager - ep-00000128: connection http-outgoing-27 can be kept alive for 3 MINUTES
2024-07-24 14:31:04.493 [Test worker] DEBUG c.g.d.z.s.o.a.h.c.h.i.i.PoolingHttpClientConnectionManager - ep-00000128: connection released [route: {}->npipe://localhost:2375][total available: 1; route allocated: 1 of 2147483647; total allocated: 1 of 2147483647]
2024-07-24 14:31:04.493 [Test worker] DEBUG o.t.s.c.g.d.c.command.AbstrDockerCmd - Cmd: f0125aecf350ecc8d8dfb64d09e1500819783da2649fbdcf660b56f2277ecf67,false
2024-07-24 14:31:04.494 [Test worker] DEBUG o.t.s.c.g.d.c.e.InspectContainerCmdExec - GET: DefaultWebTarget{path=[/containers/f0125aecf350ecc8d8dfb64d09e1500819783da2649fbdcf660b56f2277ecf67/json], queryParams={}}
2024-07-24 14:31:04.495 [Test worker] DEBUG c.g.d.z.s.o.a.h.c.h.i.c.InternalHttpClient - ex-0000012A: preparing request execution
2024-07-24 14:31:04.495 [Test worker] DEBUG c.g.d.z.s.o.a.h.c.h.p.RequestAddCookies - Cookie spec selected: strict
2024-07-24 14:31:04.495 [Test worker] DEBUG c.g.d.z.s.o.a.h.c.h.p.RequestAuthCache - Auth cache not set in the context
2024-07-24 14:31:04.495 [Test worker] DEBUG c.g.d.z.s.o.a.h.c.h.i.c.ProtocolExec - ex-0000012A: target auth state: UNCHALLENGED
2024-07-24 14:31:04.495 [Test worker] DEBUG c.g.d.z.s.o.a.h.c.h.i.c.ProtocolExec - ex-0000012A: proxy auth state: UNCHALLENGED
2024-07-24 14:31:04.495 [Test worker] DEBUG c.g.d.z.s.o.a.h.c.h.i.c.ConnectExec - ex-0000012A: acquiring connection with route {}->npipe://localhost:2375
2024-07-24 14:31:04.495 [Test worker] DEBUG c.g.d.z.s.o.a.h.c.h.i.c.InternalHttpClient - ex-0000012A: acquiring endpoint (3 MINUTES)
2024-07-24 14:31:04.495 [Test worker] DEBUG c.g.d.z.s.o.a.h.c.h.i.i.PoolingHttpClientConnectionManager - ex-0000012A: endpoint lease request (3 MINUTES) [route: {}->npipe://localhost:2375][total available: 1; route allocated: 1 of 2147483647; total allocated: 1 of 2147483647]
2024-07-24 14:31:04.495 [Test worker] DEBUG c.g.d.z.s.o.a.h.c.h.i.i.PoolingHttpClientConnectionManager - ex-0000012A: endpoint leased [route: {}->npipe://localhost:2375][total available: 0; route allocated: 1 of 2147483647; total allocated: 1 of 2147483647]
2024-07-24 14:31:04.495 [Test worker] DEBUG c.g.d.z.s.o.a.h.c.h.i.i.PoolingHttpClientConnectionManager - ex-0000012A: acquired ep-00000129
2024-07-24 14:31:04.495 [Test worker] DEBUG c.g.d.z.s.o.a.h.c.h.i.c.InternalHttpClient - ex-0000012A: acquired endpoint ep-00000129
2024-07-24 14:31:04.495 [Test worker] DEBUG c.g.d.z.s.o.a.h.c.h.i.c.MainClientExec - ex-0000012A: executing GET /v1.32/containers/f0125aecf350ecc8d8dfb64d09e1500819783da2649fbdcf660b56f2277ecf67/json HTTP/1.1
2024-07-24 14:31:04.495 [Test worker] DEBUG c.g.d.z.s.o.a.h.c.h.i.c.InternalHttpClient - ep-00000129: start execution ex-0000012A
2024-07-24 14:31:04.495 [Test worker] DEBUG c.g.d.z.s.o.a.h.c.h.i.i.PoolingHttpClientConnectionManager - ep-00000129: executing exchange ex-0000012A over http-outgoing-27
2024-07-24 14:31:04.495 [Test worker] DEBUG c.g.d.z.s.o.a.h.client5.http.headers - http-outgoing-27 >> GET /v1.32/containers/f0125aecf350ecc8d8dfb64d09e1500819783da2649fbdcf660b56f2277ecf67/json HTTP/1.1
2024-07-24 14:31:04.495 [Test worker] DEBUG c.g.d.z.s.o.a.h.client5.http.headers - http-outgoing-27 >> accept: application/json
2024-07-24 14:31:04.495 [Test worker] DEBUG c.g.d.z.s.o.a.h.client5.http.headers - http-outgoing-27 >> x-tc-sid: 280e6229-7396-4d60-b1e3-a5de48b5d49b
2024-07-24 14:31:04.495 [Test worker] DEBUG c.g.d.z.s.o.a.h.client5.http.headers - http-outgoing-27 >> User-Agent: tc-java/1.19.8
2024-07-24 14:31:04.495 [Test worker] DEBUG c.g.d.z.s.o.a.h.client5.http.headers - http-outgoing-27 >> Accept-Encoding: gzip, x-gzip, deflate
2024-07-24 14:31:04.495 [Test worker] DEBUG c.g.d.z.s.o.a.h.client5.http.headers - http-outgoing-27 >> Host: localhost:2375
2024-07-24 14:31:04.495 [Test worker] DEBUG c.g.d.z.s.o.a.h.client5.http.headers - http-outgoing-27 >> Connection: keep-alive
2024-07-24 14:31:04.495 [Test worker] DEBUG c.g.d.z.s.o.a.hc.client5.http.wire - http-outgoing-27 >> "GET /v1.32/containers/f0125aecf350ecc8d8dfb64d09e1500819783da2649fbdcf660b56f2277ecf67/json HTTP/1.1[\r][\n]"
2024-07-24 14:31:04.495 [Test worker] DEBUG c.g.d.z.s.o.a.hc.client5.http.wire - http-outgoing-27 >> "accept: application/json[\r][\n]"
2024-07-24 14:31:04.495 [Test worker] DEBUG c.g.d.z.s.o.a.hc.client5.http.wire - http-outgoing-27 >> "x-tc-sid: 280e6229-7396-4d60-b1e3-a5de48b5d49b[\r][\n]"
2024-07-24 14:31:04.495 [Test worker] DEBUG c.g.d.z.s.o.a.hc.client5.http.wire - http-outgoing-27 >> "User-Agent: tc-java/1.19.8[\r][\n]"
2024-07-24 14:31:04.495 [Test worker] DEBUG c.g.d.z.s.o.a.hc.client5.http.wire - http-outgoing-27 >> "Accept-Encoding: gzip, x-gzip, deflate[\r][\n]"
2024-07-24 14:31:04.495 [Test worker] DEBUG c.g.d.z.s.o.a.hc.client5.http.wire - http-outgoing-27 >> "Host: localhost:2375[\r][\n]"
2024-07-24 14:31:04.495 [Test worker] DEBUG c.g.d.z.s.o.a.hc.client5.http.wire - http-outgoing-27 >> "Connection: keep-alive[\r][\n]"
2024-07-24 14:31:04.495 [Test worker] DEBUG c.g.d.z.s.o.a.hc.client5.http.wire - http-outgoing-27 >> "[\r][\n]"
2024-07-24 14:31:04.498 [Test worker] DEBUG c.g.d.z.s.o.a.hc.client5.http.wire - http-outgoing-27 << "HTTP/1.1 200 OK[\r][\n]"
2024-07-24 14:31:04.498 [Test worker] DEBUG c.g.d.z.s.o.a.hc.client5.http.wire - http-outgoing-27 << "Api-Version: 1.45[\r][\n]"
2024-07-24 14:31:04.498 [Test worker] DEBUG c.g.d.z.s.o.a.hc.client5.http.wire - http-outgoing-27 << "Content-Type: application/json[\r][\n]"
2024-07-24 14:31:04.498 [Test worker] DEBUG c.g.d.z.s.o.a.hc.client5.http.wire - http-outgoing-27 << "Date: Wed, 24 Jul 2024 02:31:04 GMT[\r][\n]"
2024-07-24 14:31:04.498 [Test worker] DEBUG c.g.d.z.s.o.a.hc.client5.http.wire - http-outgoing-27 << "Docker-Experimental: false[\r][\n]"
2024-07-24 14:31:04.498 [Test worker] DEBUG c.g.d.z.s.o.a.hc.client5.http.wire - http-outgoing-27 << "Ostype: linux[\r][\n]"
2024-07-24 14:31:04.498 [Test worker] DEBUG c.g.d.z.s.o.a.hc.client5.http.wire - http-outgoing-27 << "Server: Docker/26.0.0 (linux)[\r][\n]"
2024-07-24 14:31:04.498 [Test worker] DEBUG c.g.d.z.s.o.a.hc.client5.http.wire - http-outgoing-27 << "Transfer-Encoding: chunked[\r][\n]"
2024-07-24 14:31:04.498 [Test worker] DEBUG c.g.d.z.s.o.a.hc.client5.http.wire - http-outgoing-27 << "[\r][\n]"
2024-07-24 14:31:04.498 [Test worker] DEBUG c.g.d.z.s.o.a.h.client5.http.headers - http-outgoing-27 << HTTP/1.1 200 OK
2024-07-24 14:31:04.498 [Test worker] DEBUG c.g.d.z.s.o.a.h.client5.http.headers - http-outgoing-27 << Api-Version: 1.45
2024-07-24 14:31:04.498 [Test worker] DEBUG c.g.d.z.s.o.a.h.client5.http.headers - http-outgoing-27 << Content-Type: application/json
2024-07-24 14:31:04.498 [Test worker] DEBUG c.g.d.z.s.o.a.h.client5.http.headers - http-outgoing-27 << Date: Wed, 24 Jul 2024 02:31:04 GMT
2024-07-24 14:31:04.498 [Test worker] DEBUG c.g.d.z.s.o.a.h.client5.http.headers - http-outgoing-27 << Docker-Experimental: false
2024-07-24 14:31:04.498 [Test worker] DEBUG c.g.d.z.s.o.a.h.client5.http.headers - http-outgoing-27 << Ostype: linux
2024-07-24 14:31:04.498 [Test worker] DEBUG c.g.d.z.s.o.a.h.client5.http.headers - http-outgoing-27 << Server: Docker/26.0.0 (linux)
2024-07-24 14:31:04.498 [Test worker] DEBUG c.g.d.z.s.o.a.h.client5.http.headers - http-outgoing-27 << Transfer-Encoding: chunked
2024-07-24 14:31:04.498 [Test worker] DEBUG c.g.d.z.s.o.a.h.c.h.i.c.MainClientExec - ex-0000012A: connection can be kept alive for 3 MINUTES
2024-07-24 14:31:04.500 [Test worker] DEBUG c.g.d.z.s.o.a.hc.client5.http.wire - http-outgoing-27 << "1a3c[\r][\n]"
2024-07-24 14:31:04.500 [Test worker] DEBUG c.g.d.z.s.o.a.hc.client5.http.wire - http-outgoing-27 << "{"Id":"f0125aecf350ecc8d8dfb64d09e1500819783da2649fbdcf660b56f2277ecf67","Created":"2024-07-24T02:31:03.988923997Z","Path":"docker-entrypoint.sh","Args":["postgres","-c","fsync=off"],"State":{"Status":"running","Running":true,"Paused":false,"Restarting":false,"OOMKilled":false,"Dead":false,"Pid":31638,"ExitCode":0,"Error":"","StartedAt":"2024-07-24T02:31:04.46960968Z","FinishedAt":"0001-01-01T00:00:00Z"},"Image":"sha256:8e4fc9e184899a58735e7ee333f5e272d7d2298cf59302006b71f33e217be130","ResolvConfPath":"/var/lib/docker/containers/f0125aecf350ecc8d8dfb64d09e1500819783da2649fbdcf660b56f2277ecf67/resolv.conf","HostnamePath":"/var/lib/docker/containers/f0125aecf350ecc8d8dfb64d09e1500819783da2649fbdcf660b56f2277ecf67/hostname","HostsPath":"/var/lib/docker/containers/f0125aecf350ecc8d8dfb64d09e1500819783da2649fbdcf660b56f2277ecf67/hosts","LogPath":"/var/lib/docker/containers/f0125aecf350ecc8d8dfb64d09e1500819783da2649fbdcf660b56f2277ecf67/f0125aecf350ecc8d8dfb64d09e1500819783da2649fbdcf660b56f2277ecf67-json.log","Name":"/pensive_grothendieck","RestartCount":0,"Driver":"overlay2","Platform":"linux","MountLabel":"","ProcessLabel":"","AppArmorProfile":"","ExecIDs":null,"HostConfig":{"Binds":[],"ContainerIDFile":"","LogConfig":{"Type":"json-file","Config":{}},"NetworkMode":"default","PortBindings":{"5432/tcp":[{"HostIp":"0.0.0.0","HostPort":"0"}]},"RestartPolicy":{"Name":"no","MaximumRetryCount":0},"AutoRemove":false,"VolumeDriver":"","VolumesFrom":[],"ConsoleSize":[0,0],"CapAdd":null,"CapDrop":null,"CgroupnsMode":"host","Dns":null,"DnsOptions":null,"DnsSearch":null,"ExtraHosts":[],"GroupAdd":null,"IpcMode":"shareable","Cgroup":"","Links":null,"OomScoreAdj":0,"PidMode":"","Privileged":false,"PublishAllPorts":false,"ReadonlyRootfs":false,"SecurityOpt":null,"UTSMode":"","UsernsMode":"","ShmSize":67108864,"Runtime":"runc","Isolation":"","CpuShares":0,"Memory":0,"NanoCpus":0,"CgroupParent":"","BlkioWeight":0,"BlkioWeightDevice":null,"BlkioDeviceReadBps":null,"BlkioDeviceWriteBps":null,"BlkioDeviceReadIOps":null,"BlkioDeviceWriteIOps":null,"CpuPeriod":0,"CpuQuota":0,"CpuRealtimePeriod":0,"CpuRealtimeRuntime":0,"CpusetCpus":"","CpusetMems":"","Devices":null,"DeviceCgroupRules":null,"DeviceRequests":null,"MemoryReservation":0,"MemorySwap":0,"MemorySwappiness":null,"OomKillDisable":false,"PidsLimit":null,"Ulimits":null,"CpuCount":0,"CpuPercent":0,"IOMaximumIOps":0,"IOMaximumBandwidth":0,"MaskedPaths":["/proc/asound","/proc/acpi","/proc/kcore","/proc/keys","/proc/latency_stats","/proc/timer_list","/proc/timer_stats","/proc/sched_debug","/proc/scsi","/sys/firmware","/sys/devices/virtual/powercap"],"ReadonlyPaths":["/proc/bus","/proc/fs","/proc/irq","/proc/sys","/proc/sysrq-trigger"]},"GraphDriver":{"Data":{"LowerDir":"/var/lib/docker/overlay2/315d5f330872b347dfaccc606b59983c15714a986b91786abed76a1dfc67eb6e-init/diff:/var/lib/docker/overlay2/8f0ddbd386af0785c2e348570516955816ab350305d698d363962d488eeb15ec/diff:/var/lib/docker/overlay2/0eb0ca73e9b0be7c3d7fa8762ef4778a68f38391bc84c037c2e90b88e781b475/diff:/var/lib/docker/overlay2/74e634bddc785c5d436b10a5158cd82e21dc2065fd1cf8ff9c1c12e01575a2d8/diff:/var/lib/docker/overlay2/bb918b2851cd2f508f1e3fdbfff8b7f8b041d61e65fe8c368288bf399e80b818/diff:/var/lib/docker/overlay2/2abab2946cbdc2941ee8ec4024c51dac7313dee9de5fbedd1ca33388c59eb3c8/diff:/var/lib/docker/overlay2/e12f6083ee669bd92743ceb339a896bb25dbe461b718705bb39eb410b80c0ecd/diff:/var/lib/docker/overlay2/ced1e86d670d097da5ed4da7288c22507735918959161c2cd8bf083fb30d169a/diff:/var/lib/docker/overlay2/94e9ac7b74923285ae73af20aeccb964ca9079e2305db367cb85d1603560472d/diff:/var/lib/docker/overlay2/a396b6dfd63f0c228c519871183c614cccf4d366a43460f27ecf97113c3c4be8/diff:/var/lib/docker/overlay2/f58ada5d5080c2bac553c734f81127660a90581a35ed2a92cebe3c59e340875b/diff:/var/lib/docker/overlay2/84f85636f37bf55d945e217b4f87a856eba7932284beaf042561007b66f48977/diff:/var/lib/docker/overlay2/1e6e519613884e91a2b74a588ba35dc8a2f789371ab798ef6e7d9836d756042f/diff:/var/lib/docker/overlay2/14a3151cc8b4f9d27d2e64f1a8abc0c7809309580f2d7e8dc8545055c1d56194/diff:/var/lib"
2024-07-24 14:31:04.500 [Test worker] DEBUG c.g.d.z.s.o.a.hc.client5.http.wire - http-outgoing-27 << "/docker/overlay2/5b354b9e793401517fe2f1da697653fdaadffc54888eaf76d67e0600b8c68bdc/diff","MergedDir":"/var/lib/docker/overlay2/315d5f330872b347dfaccc606b59983c15714a986b91786abed76a1dfc67eb6e/merged","UpperDir":"/var/lib/docker/overlay2/315d5f330872b347dfaccc606b59983c15714a986b91786abed76a1dfc67eb6e/diff","WorkDir":"/var/lib/docker/overlay2/315d5f330872b347dfaccc606b59983c15714a986b91786abed76a1dfc67eb6e/work"},"Name":"overlay2"},"Mounts":[{"Type":"volume","Name":"3347719206b0380706b5aa597898623888d4eee1de1bf643293e6cab061b22b2","Source":"/var/lib/docker/volumes/3347719206b0380706b5aa597898623888d4eee1de1bf643293e6cab061b22b2/_data","Destination":"/var/lib/postgresql/data","Driver":"local","Mode":"","RW":true,"Propagation":""}],"Config":{"Hostname":"f0125aecf350","Domainname":"","User":"","AttachStdin":false,"AttachStdout":false,"AttachStderr":false,"ExposedPorts":{"5432/tcp":{}},"Tty":false,"OpenStdin":false,"StdinOnce":false,"Env":["POSTGRES_USER=user","POSTGRES_PASSWORD=password","POSTGRES_DB=db","PATH=/usr/local/sbin:/usr/local/bin:/usr/sbin:/usr/bin:/sbin:/bin:/usr/lib/postgresql/16/bin","GOSU_VERSION=1.17","LANG=en_US.utf8","PG_MAJOR=16","PG_VERSION=16.2-1.pgdg120+2","PGDATA=/var/lib/postgresql/data"],"Cmd":["postgres","-c","fsync=off"],"Image":"postgres:latest","Volumes":{"/var/lib/postgresql/data":{}},"WorkingDir":"","Entrypoint":["docker-entrypoint.sh"],"OnBuild":null,"Labels":{"org.testcontainers":"true","org.testcontainers.lang":"java","org.testcontainers.sessionId":"280e6229-7396-4d60-b1e3-a5de48b5d49b","org.testcontainers.version":"1.19.8"},"StopSignal":"SIGINT"},"NetworkSettings":{"Bridge":"","SandboxID":"090aae8393b85d5c80bf1b84c3b2c0559170ca4e40f36ddd72fb93efb8f69173","SandboxKey":"/var/run/docker/netns/090aae8393b8","Ports":{"5432/tcp":[{"HostIp":"0.0.0.0","HostPort":"51596"}]},"HairpinMode":false,"LinkLocalIPv6Address":"","LinkLocalIPv6PrefixLen":0,"SecondaryIPAddresses":null,"SecondaryIPv6Addresses":null,"EndpointID":"465c45fc67a9869e041dd483f9925eb7dc276adf7c64c6c229deba908ef26230","Gateway":"172.17.0.1","GlobalIPv6Address":"","GlobalIPv6PrefixLen":0,"IPAddress":"172.17.0.3","IPPrefixLen":16,"IPv6Gateway":"","MacAddress":"02:42:ac:11:00:03","Networks":{"bridge":{"IPAMConfig":null,"Links":null,"Aliases":null,"MacAddress":"02:42:ac:11:00:03","NetworkID":"3c842496be344cbdae878c1dee0957e7bc7c0a2236009c92752030f2b053e72f","EndpointID":"465c45fc67a9869e041dd483f9925eb7dc276adf7c64c6c229deba908ef26230","Gateway":"172.17.0.1","IPAddress":"172.17.0.3","IPPrefixLen":16,"IPv6Gateway":"","GlobalIPv6Address":"","GlobalIPv6PrefixLen":0,"DriverOpts":null,"DNSNames":null}}}}[\n]"
2024-07-24 14:31:04.501 [Test worker] DEBUG c.g.d.z.s.o.a.hc.client5.http.wire - http-outgoing-27 << "[\r][\n]"
2024-07-24 14:31:04.501 [Test worker] DEBUG c.g.d.z.s.o.a.hc.client5.http.wire - http-outgoing-27 << "0[\r][\n]"
2024-07-24 14:31:04.501 [Test worker] DEBUG c.g.d.z.s.o.a.hc.client5.http.wire - http-outgoing-27 << "[\r][\n]"
2024-07-24 14:31:04.501 [Test worker] DEBUG c.g.d.z.s.o.a.h.c.h.i.c.InternalHttpClient - ep-00000129: releasing valid endpoint
2024-07-24 14:31:04.501 [Test worker] DEBUG c.g.d.z.s.o.a.h.c.h.i.i.PoolingHttpClientConnectionManager - ep-00000129: releasing endpoint
2024-07-24 14:31:04.501 [Test worker] DEBUG c.g.d.z.s.o.a.h.c.h.i.i.PoolingHttpClientConnectionManager - ep-00000129: connection http-outgoing-27 can be kept alive for 3 MINUTES
2024-07-24 14:31:04.501 [Test worker] DEBUG c.g.d.z.s.o.a.h.c.h.i.i.PoolingHttpClientConnectionManager - ep-00000129: connection released [route: {}->npipe://localhost:2375][total available: 1; route allocated: 1 of 2147483647; total allocated: 1 of 2147483647]
2024-07-24 14:31:04.502 [Test worker] DEBUG o.t.s.c.g.d.c.command.AbstrDockerCmd - Cmd: sha256:8e4fc9e184899a58735e7ee333f5e272d7d2298cf59302006b71f33e217be130
2024-07-24 14:31:04.502 [Test worker] TRACE o.t.s.c.g.d.c.e.InspectImageCmdExec - GET: DefaultWebTarget{path=[/images/sha256:8e4fc9e184899a58735e7ee333f5e272d7d2298cf59302006b71f33e217be130/json], queryParams={}}
2024-07-24 14:31:04.502 [Test worker] DEBUG c.g.d.z.s.o.a.h.c.h.i.c.InternalHttpClient - ex-0000012B: preparing request execution
2024-07-24 14:31:04.502 [Test worker] DEBUG c.g.d.z.s.o.a.h.c.h.p.RequestAddCookies - Cookie spec selected: strict
2024-07-24 14:31:04.502 [Test worker] DEBUG c.g.d.z.s.o.a.h.c.h.p.RequestAuthCache - Auth cache not set in the context
2024-07-24 14:31:04.502 [Test worker] DEBUG c.g.d.z.s.o.a.h.c.h.i.c.ProtocolExec - ex-0000012B: target auth state: UNCHALLENGED
2024-07-24 14:31:04.502 [Test worker] DEBUG c.g.d.z.s.o.a.h.c.h.i.c.ProtocolExec - ex-0000012B: proxy auth state: UNCHALLENGED
2024-07-24 14:31:04.502 [Test worker] DEBUG c.g.d.z.s.o.a.h.c.h.i.c.ConnectExec - ex-0000012B: acquiring connection with route {}->npipe://localhost:2375
2024-07-24 14:31:04.502 [Test worker] DEBUG c.g.d.z.s.o.a.h.c.h.i.c.InternalHttpClient - ex-0000012B: acquiring endpoint (3 MINUTES)
2024-07-24 14:31:04.502 [Test worker] DEBUG c.g.d.z.s.o.a.h.c.h.i.i.PoolingHttpClientConnectionManager - ex-0000012B: endpoint lease request (3 MINUTES) [route: {}->npipe://localhost:2375][total available: 1; route allocated: 1 of 2147483647; total allocated: 1 of 2147483647]
2024-07-24 14:31:04.502 [Test worker] DEBUG c.g.d.z.s.o.a.h.c.h.i.i.PoolingHttpClientConnectionManager - ex-0000012B: endpoint leased [route: {}->npipe://localhost:2375][total available: 0; route allocated: 1 of 2147483647; total allocated: 1 of 2147483647]
2024-07-24 14:31:04.502 [Test worker] DEBUG c.g.d.z.s.o.a.h.c.h.i.i.PoolingHttpClientConnectionManager - ex-0000012B: acquired ep-0000012A
2024-07-24 14:31:04.502 [Test worker] DEBUG c.g.d.z.s.o.a.h.c.h.i.c.InternalHttpClient - ex-0000012B: acquired endpoint ep-0000012A
2024-07-24 14:31:04.502 [Test worker] DEBUG c.g.d.z.s.o.a.h.c.h.i.c.MainClientExec - ex-0000012B: executing GET /v1.32/images/sha256:8e4fc9e184899a58735e7ee333f5e272d7d2298cf59302006b71f33e217be130/json HTTP/1.1
2024-07-24 14:31:04.502 [Test worker] DEBUG c.g.d.z.s.o.a.h.c.h.i.c.InternalHttpClient - ep-0000012A: start execution ex-0000012B
2024-07-24 14:31:04.502 [Test worker] DEBUG c.g.d.z.s.o.a.h.c.h.i.i.PoolingHttpClientConnectionManager - ep-0000012A: executing exchange ex-0000012B over http-outgoing-27
2024-07-24 14:31:04.502 [Test worker] DEBUG c.g.d.z.s.o.a.h.client5.http.headers - http-outgoing-27 >> GET /v1.32/images/sha256:8e4fc9e184899a58735e7ee333f5e272d7d2298cf59302006b71f33e217be130/json HTTP/1.1
2024-07-24 14:31:04.502 [Test worker] DEBUG c.g.d.z.s.o.a.h.client5.http.headers - http-outgoing-27 >> accept: application/json
2024-07-24 14:31:04.502 [Test worker] DEBUG c.g.d.z.s.o.a.h.client5.http.headers - http-outgoing-27 >> x-tc-sid: 280e6229-7396-4d60-b1e3-a5de48b5d49b
2024-07-24 14:31:04.502 [Test worker] DEBUG c.g.d.z.s.o.a.h.client5.http.headers - http-outgoing-27 >> User-Agent: tc-java/1.19.8
2024-07-24 14:31:04.502 [Test worker] DEBUG c.g.d.z.s.o.a.h.client5.http.headers - http-outgoing-27 >> Accept-Encoding: gzip, x-gzip, deflate
2024-07-24 14:31:04.502 [Test worker] DEBUG c.g.d.z.s.o.a.h.client5.http.headers - http-outgoing-27 >> Host: localhost:2375
2024-07-24 14:31:04.502 [Test worker] DEBUG c.g.d.z.s.o.a.h.client5.http.headers - http-outgoing-27 >> Connection: keep-alive
2024-07-24 14:31:04.502 [Test worker] DEBUG c.g.d.z.s.o.a.hc.client5.http.wire - http-outgoing-27 >> "GET /v1.32/images/sha256:8e4fc9e184899a58735e7ee333f5e272d7d2298cf59302006b71f33e217be130/json HTTP/1.1[\r][\n]"
2024-07-24 14:31:04.502 [Test worker] DEBUG c.g.d.z.s.o.a.hc.client5.http.wire - http-outgoing-27 >> "accept: application/json[\r][\n]"
2024-07-24 14:31:04.502 [Test worker] DEBUG c.g.d.z.s.o.a.hc.client5.http.wire - http-outgoing-27 >> "x-tc-sid: 280e6229-7396-4d60-b1e3-a5de48b5d49b[\r][\n]"
2024-07-24 14:31:04.502 [Test worker] DEBUG c.g.d.z.s.o.a.hc.client5.http.wire - http-outgoing-27 >> "User-Agent: tc-java/1.19.8[\r][\n]"
2024-07-24 14:31:04.502 [Test worker] DEBUG c.g.d.z.s.o.a.hc.client5.http.wire - http-outgoing-27 >> "Accept-Encoding: gzip, x-gzip, deflate[\r][\n]"
2024-07-24 14:31:04.502 [Test worker] DEBUG c.g.d.z.s.o.a.hc.client5.http.wire - http-outgoing-27 >> "Host: localhost:2375[\r][\n]"
2024-07-24 14:31:04.502 [Test worker] DEBUG c.g.d.z.s.o.a.hc.client5.http.wire - http-outgoing-27 >> "Connection: keep-alive[\r][\n]"
2024-07-24 14:31:04.502 [Test worker] DEBUG c.g.d.z.s.o.a.hc.client5.http.wire - http-outgoing-27 >> "[\r][\n]"
2024-07-24 14:31:04.505 [Test worker] DEBUG c.g.d.z.s.o.a.hc.client5.http.wire - http-outgoing-27 << "HTTP/1.1 200 OK[\r][\n]"
2024-07-24 14:31:04.505 [Test worker] DEBUG c.g.d.z.s.o.a.hc.client5.http.wire - http-outgoing-27 << "Api-Version: 1.45[\r][\n]"
2024-07-24 14:31:04.505 [Test worker] DEBUG c.g.d.z.s.o.a.hc.client5.http.wire - http-outgoing-27 << "Content-Type: application/json[\r][\n]"
2024-07-24 14:31:04.505 [Test worker] DEBUG c.g.d.z.s.o.a.hc.client5.http.wire - http-outgoing-27 << "Date: Wed, 24 Jul 2024 02:31:04 GMT[\r][\n]"
2024-07-24 14:31:04.505 [Test worker] DEBUG c.g.d.z.s.o.a.hc.client5.http.wire - http-outgoing-27 << "Docker-Experimental: false[\r][\n]"
2024-07-24 14:31:04.505 [Test worker] DEBUG c.g.d.z.s.o.a.hc.client5.http.wire - http-outgoing-27 << "Ostype: linux[\r][\n]"
2024-07-24 14:31:04.505 [Test worker] DEBUG c.g.d.z.s.o.a.hc.client5.http.wire - http-outgoing-27 << "Server: Docker/26.0.0 (linux)[\r][\n]"
2024-07-24 14:31:04.505 [Test worker] DEBUG c.g.d.z.s.o.a.hc.client5.http.wire - http-outgoing-27 << "Transfer-Encoding: chunked[\r][\n]"
2024-07-24 14:31:04.505 [Test worker] DEBUG c.g.d.z.s.o.a.hc.client5.http.wire - http-outgoing-27 << "[\r][\n]"
2024-07-24 14:31:04.506 [Test worker] DEBUG c.g.d.z.s.o.a.h.client5.http.headers - http-outgoing-27 << HTTP/1.1 200 OK
2024-07-24 14:31:04.506 [Test worker] DEBUG c.g.d.z.s.o.a.h.client5.http.headers - http-outgoing-27 << Api-Version: 1.45
2024-07-24 14:31:04.506 [Test worker] DEBUG c.g.d.z.s.o.a.h.client5.http.headers - http-outgoing-27 << Content-Type: application/json
2024-07-24 14:31:04.506 [Test worker] DEBUG c.g.d.z.s.o.a.h.client5.http.headers - http-outgoing-27 << Date: Wed, 24 Jul 2024 02:31:04 GMT
2024-07-24 14:31:04.506 [Test worker] DEBUG c.g.d.z.s.o.a.h.client5.http.headers - http-outgoing-27 << Docker-Experimental: false
2024-07-24 14:31:04.506 [Test worker] DEBUG c.g.d.z.s.o.a.h.client5.http.headers - http-outgoing-27 << Ostype: linux
2024-07-24 14:31:04.506 [Test worker] DEBUG c.g.d.z.s.o.a.h.client5.http.headers - http-outgoing-27 << Server: Docker/26.0.0 (linux)
2024-07-24 14:31:04.506 [Test worker] DEBUG c.g.d.z.s.o.a.h.client5.http.headers - http-outgoing-27 << Transfer-Encoding: chunked
2024-07-24 14:31:04.506 [Test worker] DEBUG c.g.d.z.s.o.a.h.c.h.i.c.MainClientExec - ex-0000012B: connection can be kept alive for 3 MINUTES
2024-07-24 14:31:04.507 [Test worker] DEBUG c.g.d.z.s.o.a.hc.client5.http.wire - http-outgoing-27 << "fcb[\r][\n]"
2024-07-24 14:31:04.507 [Test worker] DEBUG c.g.d.z.s.o.a.hc.client5.http.wire - http-outgoing-27 << "{"Id":"sha256:8e4fc9e184899a58735e7ee333f5e272d7d2298cf59302006b71f33e217be130","RepoTags":["postgres:latest"],"RepoDigests":["postgres@sha256:4aea012537edfad80f98d870a36e6b90b4c09b27be7f4b4759d72db863baeebb"],"Parent":"","Comment":"buildkit.dockerfile.v0","Created":"2024-02-21T00:46:13Z","ContainerConfig":{"Hostname":"","Domainname":"","User":"","AttachStdin":false,"AttachStdout":false,"AttachStderr":false,"Tty":false,"OpenStdin":false,"StdinOnce":false,"Env":null,"Cmd":null,"Image":"","Volumes":null,"WorkingDir":"","Entrypoint":null,"OnBuild":null,"Labels":null},"DockerVersion":"","Author":"","Config":{"Hostname":"","Domainname":"","User":"","AttachStdin":false,"AttachStdout":false,"AttachStderr":false,"ExposedPorts":{"5432/tcp":{}},"Tty":false,"OpenStdin":false,"StdinOnce":false,"Env":["PATH=/usr/local/sbin:/usr/local/bin:/usr/sbin:/usr/bin:/sbin:/bin:/usr/lib/postgresql/16/bin","GOSU_VERSION=1.17","LANG=en_US.utf8","PG_MAJOR=16","PG_VERSION=16.2-1.pgdg120+2","PGDATA=/var/lib/postgresql/data"],"Cmd":["postgres"],"ArgsEscaped":true,"Image":"","Volumes":{"/var/lib/postgresql/data":{}},"WorkingDir":"","Entrypoint":["docker-entrypoint.sh"],"OnBuild":null,"Labels":null,"StopSignal":"SIGINT"},"Architecture":"amd64","Os":"linux","Size":431496964,"VirtualSize":431496964,"GraphDriver":{"Data":{"LowerDir":"/var/lib/docker/overlay2/0eb0ca73e9b0be7c3d7fa8762ef4778a68f38391bc84c037c2e90b88e781b475/diff:/var/lib/docker/overlay2/74e634bddc785c5d436b10a5158cd82e21dc2065fd1cf8ff9c1c12e01575a2d8/diff:/var/lib/docker/overlay2/bb918b2851cd2f508f1e3fdbfff8b7f8b041d61e65fe8c368288bf399e80b818/diff:/var/lib/docker/overlay2/2abab2946cbdc2941ee8ec4024c51dac7313dee9de5fbedd1ca33388c59eb3c8/diff:/var/lib/docker/overlay2/e12f6083ee669bd92743ceb339a896bb25dbe461b718705bb39eb410b80c0ecd/diff:/var/lib/docker/overlay2/ced1e86d670d097da5ed4da7288c22507735918959161c2cd8bf083fb30d169a/diff:/var/lib/docker/overlay2/94e9ac7b74923285ae73af20aeccb964ca9079e2305db367cb85d1603560472d/diff:/var/lib/docker/overlay2/a396b6dfd63f0c228c519871183c614cccf4d366a43460f27ecf97113c3c4be8/diff:/var/lib/docker/overlay2/f58ada5d5080c2bac553c734f81127660a90581a35ed2a92cebe3c59e340875b/diff:/var/lib/docker/overlay2/84f85636f37bf55d945e217b4f87a856eba7932284beaf042561007b66f48977/diff:/var/lib/docker/overlay2/1e6e519613884e91a2b74a588ba35dc8a2f789371ab798ef6e7d9836d756042f/diff:/var/lib/docker/overlay2/14a3151cc8b4f9d27d2e64f1a8abc0c7809309580f2d7e8dc8545055c1d56194/diff:/var/lib/docker/overlay2/5b354b9e793401517fe2f1da697653fdaadffc54888eaf76d67e0600b8c68bdc/diff","MergedDir":"/var/lib/docker/overlay2/8f0ddbd386af0785c2e348570516955816ab350305d698d363962d488eeb15ec/merged","UpperDir":"/var/lib/docker/overlay2/8f0ddbd386af0785c2e348570516955816ab350305d698d363962d488eeb15ec/diff","WorkDir":"/var/lib/docker/overlay2/8f0ddbd386af0785c2e348570516955816ab350305d698d363962d488eeb15ec/work"},"Name":"overlay2"},"RootFS":{"Type":"layers","Layers":["sha256:52ec5a4316fadc09a4a51f82b8d7b66ead0d71bea4f75e81e25b4094c4219061","sha256:5a99d63e3aef066b4fa085cf24d0281681d5530c22f0c93391b854ba5741b62e","sha256:12694c6edf8321950446751b5acc175137946701b72febd6a32ab6e6cb89403b","sha256:beceb355ef35df0b8123db4eddd8f734e7414a3828e463354a913dda6738571d","sha256:0f86e6985ca32f3adeb9f65e3f80b3f2aa37a697d345c84011b2421e5608bc06","sha256:22c31f24613cd6a7b43f3074166d79619574e76f430035be15d909ae45fb97da","sha256:7c32a1ce1cc084a148145553666d5b64e3b6551491d1c3c6cc545b5b69daf5da","sha256:192de40051e6f5b468a60be4e6d162a1bbf3dc4af2dfb0a7aa8db25f86b6e68e","sha256:257f3fc789f6526019470322285b4bfe55e3e09f41150576c0997f370407af14","sha256:2993953b2c109056b0d580a549dae9f902a84a29f3907d96d7329746a8df7fc2","sha256:0bc02fbb093e939812a0ca64bd21a807d815b89c5e034e73026d14535053f4e2","sha256:3866ad927dc8101b32941f0fe6e36e656eba398b92164688ce1d1afdeca7eb09","sha256:2621fdc21b32f8210d30df7b9f44c068fa347ce07f7e1935a2383e5f7e7ddecb","sha256:c116a9ba3dbfe8c6135659ba009883a03bdc660abfedc64e2528baa6d736dbc9"]},"Metadata":{"LastTagTime":"0001-01-01T00:00:00Z"},"Container":""}[\n]"
2024-07-24 14:31:04.507 [Test worker] DEBUG c.g.d.z.s.o.a.hc.client5.http.wire - http-outgoing-27 << "[\r][\n]"
2024-07-24 14:31:04.507 [Test worker] DEBUG c.g.d.z.s.o.a.hc.client5.http.wire - http-outgoing-27 << "0[\r][\n]"
2024-07-24 14:31:04.507 [Test worker] DEBUG c.g.d.z.s.o.a.hc.client5.http.wire - http-outgoing-27 << "[\r][\n]"
2024-07-24 14:31:04.507 [Test worker] DEBUG c.g.d.z.s.o.a.h.c.h.i.c.InternalHttpClient - ep-0000012A: releasing valid endpoint
2024-07-24 14:31:04.507 [Test worker] DEBUG c.g.d.z.s.o.a.h.c.h.i.i.PoolingHttpClientConnectionManager - ep-0000012A: releasing endpoint
2024-07-24 14:31:04.507 [Test worker] DEBUG c.g.d.z.s.o.a.h.c.h.i.i.PoolingHttpClientConnectionManager - ep-0000012A: connection http-outgoing-27 can be kept alive for 3 MINUTES
2024-07-24 14:31:04.507 [Test worker] DEBUG c.g.d.z.s.o.a.h.c.h.i.i.PoolingHttpClientConnectionManager - ep-0000012A: connection released [route: {}->npipe://localhost:2375][total available: 1; route allocated: 1 of 2147483647; total allocated: 1 of 2147483647]
2024-07-24 14:31:04.507 [Test worker] DEBUG o.t.s.c.g.d.c.command.AbstrDockerCmd - Cmd: 
2024-07-24 14:31:04.507 [Test worker] TRACE o.t.s.c.g.d.core.exec.VersionCmdExec - GET: DefaultWebTarget{path=[/version], queryParams={}}
2024-07-24 14:31:04.507 [Test worker] DEBUG c.g.d.z.s.o.a.h.c.h.i.c.InternalHttpClient - ex-0000012C: preparing request execution
2024-07-24 14:31:04.507 [Test worker] DEBUG c.g.d.z.s.o.a.h.c.h.p.RequestAddCookies - Cookie spec selected: strict
2024-07-24 14:31:04.508 [Test worker] DEBUG c.g.d.z.s.o.a.h.c.h.p.RequestAuthCache - Auth cache not set in the context
2024-07-24 14:31:04.508 [Test worker] DEBUG c.g.d.z.s.o.a.h.c.h.i.c.ProtocolExec - ex-0000012C: target auth state: UNCHALLENGED
2024-07-24 14:31:04.508 [Test worker] DEBUG c.g.d.z.s.o.a.h.c.h.i.c.ProtocolExec - ex-0000012C: proxy auth state: UNCHALLENGED
2024-07-24 14:31:04.508 [Test worker] DEBUG c.g.d.z.s.o.a.h.c.h.i.c.ConnectExec - ex-0000012C: acquiring connection with route {}->npipe://localhost:2375
2024-07-24 14:31:04.508 [Test worker] DEBUG c.g.d.z.s.o.a.h.c.h.i.c.InternalHttpClient - ex-0000012C: acquiring endpoint (3 MINUTES)
2024-07-24 14:31:04.508 [Test worker] DEBUG c.g.d.z.s.o.a.h.c.h.i.i.PoolingHttpClientConnectionManager - ex-0000012C: endpoint lease request (3 MINUTES) [route: {}->npipe://localhost:2375][total available: 1; route allocated: 1 of 2147483647; total allocated: 1 of 2147483647]
2024-07-24 14:31:04.508 [Test worker] DEBUG c.g.d.z.s.o.a.h.c.h.i.i.PoolingHttpClientConnectionManager - ex-0000012C: endpoint leased [route: {}->npipe://localhost:2375][total available: 0; route allocated: 1 of 2147483647; total allocated: 1 of 2147483647]
2024-07-24 14:31:04.508 [Test worker] DEBUG c.g.d.z.s.o.a.h.c.h.i.i.PoolingHttpClientConnectionManager - ex-0000012C: acquired ep-0000012B
2024-07-24 14:31:04.508 [Test worker] DEBUG c.g.d.z.s.o.a.h.c.h.i.c.InternalHttpClient - ex-0000012C: acquired endpoint ep-0000012B
2024-07-24 14:31:04.508 [Test worker] DEBUG c.g.d.z.s.o.a.h.c.h.i.c.MainClientExec - ex-0000012C: executing GET /v1.32/version HTTP/1.1
2024-07-24 14:31:04.508 [Test worker] DEBUG c.g.d.z.s.o.a.h.c.h.i.c.InternalHttpClient - ep-0000012B: start execution ex-0000012C
2024-07-24 14:31:04.508 [Test worker] DEBUG c.g.d.z.s.o.a.h.c.h.i.i.PoolingHttpClientConnectionManager - ep-0000012B: executing exchange ex-0000012C over http-outgoing-27
2024-07-24 14:31:04.508 [Test worker] DEBUG c.g.d.z.s.o.a.h.client5.http.headers - http-outgoing-27 >> GET /v1.32/version HTTP/1.1
2024-07-24 14:31:04.508 [Test worker] DEBUG c.g.d.z.s.o.a.h.client5.http.headers - http-outgoing-27 >> accept: application/json
2024-07-24 14:31:04.508 [Test worker] DEBUG c.g.d.z.s.o.a.h.client5.http.headers - http-outgoing-27 >> x-tc-sid: 280e6229-7396-4d60-b1e3-a5de48b5d49b
2024-07-24 14:31:04.508 [Test worker] DEBUG c.g.d.z.s.o.a.h.client5.http.headers - http-outgoing-27 >> User-Agent: tc-java/1.19.8
2024-07-24 14:31:04.508 [Test worker] DEBUG c.g.d.z.s.o.a.h.client5.http.headers - http-outgoing-27 >> Accept-Encoding: gzip, x-gzip, deflate
2024-07-24 14:31:04.508 [Test worker] DEBUG c.g.d.z.s.o.a.h.client5.http.headers - http-outgoing-27 >> Host: localhost:2375
2024-07-24 14:31:04.508 [Test worker] DEBUG c.g.d.z.s.o.a.h.client5.http.headers - http-outgoing-27 >> Connection: keep-alive
2024-07-24 14:31:04.508 [Test worker] DEBUG c.g.d.z.s.o.a.hc.client5.http.wire - http-outgoing-27 >> "GET /v1.32/version HTTP/1.1[\r][\n]"
2024-07-24 14:31:04.508 [Test worker] DEBUG c.g.d.z.s.o.a.hc.client5.http.wire - http-outgoing-27 >> "accept: application/json[\r][\n]"
2024-07-24 14:31:04.508 [Test worker] DEBUG c.g.d.z.s.o.a.hc.client5.http.wire - http-outgoing-27 >> "x-tc-sid: 280e6229-7396-4d60-b1e3-a5de48b5d49b[\r][\n]"
2024-07-24 14:31:04.508 [Test worker] DEBUG c.g.d.z.s.o.a.hc.client5.http.wire - http-outgoing-27 >> "User-Agent: tc-java/1.19.8[\r][\n]"
2024-07-24 14:31:04.508 [Test worker] DEBUG c.g.d.z.s.o.a.hc.client5.http.wire - http-outgoing-27 >> "Accept-Encoding: gzip, x-gzip, deflate[\r][\n]"
2024-07-24 14:31:04.508 [Test worker] DEBUG c.g.d.z.s.o.a.hc.client5.http.wire - http-outgoing-27 >> "Host: localhost:2375[\r][\n]"
2024-07-24 14:31:04.508 [Test worker] DEBUG c.g.d.z.s.o.a.hc.client5.http.wire - http-outgoing-27 >> "Connection: keep-alive[\r][\n]"
2024-07-24 14:31:04.508 [Test worker] DEBUG c.g.d.z.s.o.a.hc.client5.http.wire - http-outgoing-27 >> "[\r][\n]"
2024-07-24 14:31:04.520 [Test worker] DEBUG c.g.d.z.s.o.a.hc.client5.http.wire - http-outgoing-27 << "HTTP/1.1 200 OK[\r][\n]"
2024-07-24 14:31:04.520 [Test worker] DEBUG c.g.d.z.s.o.a.hc.client5.http.wire - http-outgoing-27 << "Api-Version: 1.45[\r][\n]"
2024-07-24 14:31:04.520 [Test worker] DEBUG c.g.d.z.s.o.a.hc.client5.http.wire - http-outgoing-27 << "Content-Type: application/json[\r][\n]"
2024-07-24 14:31:04.520 [Test worker] DEBUG c.g.d.z.s.o.a.hc.client5.http.wire - http-outgoing-27 << "Date: Wed, 24 Jul 2024 02:31:04 GMT[\r][\n]"
2024-07-24 14:31:04.520 [Test worker] DEBUG c.g.d.z.s.o.a.hc.client5.http.wire - http-outgoing-27 << "Docker-Experimental: false[\r][\n]"
2024-07-24 14:31:04.520 [Test worker] DEBUG c.g.d.z.s.o.a.hc.client5.http.wire - http-outgoing-27 << "Ostype: linux[\r][\n]"
2024-07-24 14:31:04.520 [Test worker] DEBUG c.g.d.z.s.o.a.hc.client5.http.wire - http-outgoing-27 << "Server: Docker/26.0.0 (linux)[\r][\n]"
2024-07-24 14:31:04.520 [Test worker] DEBUG c.g.d.z.s.o.a.hc.client5.http.wire - http-outgoing-27 << "Transfer-Encoding: chunked[\r][\n]"
2024-07-24 14:31:04.520 [Test worker] DEBUG c.g.d.z.s.o.a.hc.client5.http.wire - http-outgoing-27 << "[\r][\n]"
2024-07-24 14:31:04.520 [Test worker] DEBUG c.g.d.z.s.o.a.h.client5.http.headers - http-outgoing-27 << HTTP/1.1 200 OK
2024-07-24 14:31:04.521 [Test worker] DEBUG c.g.d.z.s.o.a.h.client5.http.headers - http-outgoing-27 << Api-Version: 1.45
2024-07-24 14:31:04.521 [Test worker] DEBUG c.g.d.z.s.o.a.h.client5.http.headers - http-outgoing-27 << Content-Type: application/json
2024-07-24 14:31:04.521 [Test worker] DEBUG c.g.d.z.s.o.a.h.client5.http.headers - http-outgoing-27 << Date: Wed, 24 Jul 2024 02:31:04 GMT
2024-07-24 14:31:04.521 [Test worker] DEBUG c.g.d.z.s.o.a.h.client5.http.headers - http-outgoing-27 << Docker-Experimental: false
2024-07-24 14:31:04.521 [Test worker] DEBUG c.g.d.z.s.o.a.h.client5.http.headers - http-outgoing-27 << Ostype: linux
2024-07-24 14:31:04.521 [Test worker] DEBUG c.g.d.z.s.o.a.h.client5.http.headers - http-outgoing-27 << Server: Docker/26.0.0 (linux)
2024-07-24 14:31:04.521 [Test worker] DEBUG c.g.d.z.s.o.a.h.client5.http.headers - http-outgoing-27 << Transfer-Encoding: chunked
2024-07-24 14:31:04.521 [Test worker] DEBUG c.g.d.z.s.o.a.h.c.h.i.c.MainClientExec - ex-0000012C: connection can be kept alive for 3 MINUTES
2024-07-24 14:31:04.521 [Test worker] DEBUG c.g.d.z.s.o.a.hc.client5.http.wire - http-outgoing-27 << "35f[\r][\n]"
2024-07-24 14:31:04.521 [Test worker] DEBUG c.g.d.z.s.o.a.hc.client5.http.wire - http-outgoing-27 << "{"Platform":{"Name":"Docker Desktop 4.29.0 (145265)"},"Components":[{"Name":"Engine","Version":"26.0.0","Details":{"ApiVersion":"1.45","Arch":"amd64","BuildTime":"2024-03-20T15:18:01.000000000+00:00","Experimental":"false","GitCommit":"8b79278","GoVersion":"go1.21.8","KernelVersion":"5.15.153.1-microsoft-standard-WSL2","MinAPIVersion":"1.24","Os":"linux"}},{"Name":"containerd","Version":"1.6.28","Details":{"GitCommit":"ae07eda36dd25f8a1b98dfbf587313b99c0190bb"}},{"Name":"runc","Version":"1.1.12","Details":{"GitCommit":"v1.1.12-0-g51d5e94"}},{"Name":"docker-init","Version":"0.19.0","Details":{"GitCommit":"de40ad0"}}],"Version":"26.0.0","ApiVersion":"1.45","MinAPIVersion":"1.24","GitCommit":"8b79278","GoVersion":"go1.21.8","Os":"linux","Arch":"amd64","KernelVersion":"5.15.153.1-microsoft-standard-WSL2","BuildTime":"2024-03-20T15:18:01.000000000+00:00"}[\n]"
2024-07-24 14:31:04.521 [Test worker] DEBUG c.g.d.z.s.o.a.hc.client5.http.wire - http-outgoing-27 << "[\r][\n]"
2024-07-24 14:31:04.521 [Test worker] DEBUG c.g.d.z.s.o.a.hc.client5.http.wire - http-outgoing-27 << "0[\r][\n]"
2024-07-24 14:31:04.521 [Test worker] DEBUG c.g.d.z.s.o.a.hc.client5.http.wire - http-outgoing-27 << "[\r][\n]"
2024-07-24 14:31:04.521 [Test worker] DEBUG c.g.d.z.s.o.a.h.c.h.i.c.InternalHttpClient - ep-0000012B: releasing valid endpoint
2024-07-24 14:31:04.521 [Test worker] DEBUG c.g.d.z.s.o.a.h.c.h.i.i.PoolingHttpClientConnectionManager - ep-0000012B: releasing endpoint
2024-07-24 14:31:04.521 [Test worker] DEBUG c.g.d.z.s.o.a.h.c.h.i.i.PoolingHttpClientConnectionManager - ep-0000012B: connection http-outgoing-27 can be kept alive for 3 MINUTES
2024-07-24 14:31:04.521 [Test worker] DEBUG c.g.d.z.s.o.a.h.c.h.i.i.PoolingHttpClientConnectionManager - ep-0000012B: connection released [route: {}->npipe://localhost:2375][total available: 1; route allocated: 1 of 2147483647; total allocated: 1 of 2147483647]
2024-07-24 14:31:04.521 [Test worker] TRACE o.t.s.c.g.d.c.e.LogContainerCmdExec - GET: DefaultWebTarget{path=[/containers/f0125aecf350ecc8d8dfb64d09e1500819783da2649fbdcf660b56f2277ecf67/logs], queryParams={stdout=[true], stderr=[true], follow=[true], since=[0]}}
2024-07-24 14:31:04.523 [docker-java-stream--1462158508] DEBUG c.g.d.z.s.o.a.h.c.h.i.c.InternalHttpClient - ex-0000012D: preparing request execution
2024-07-24 14:31:04.523 [docker-java-stream--1462158508] DEBUG c.g.d.z.s.o.a.h.c.h.p.RequestAddCookies - Cookie spec selected: strict
2024-07-24 14:31:04.523 [docker-java-stream--1462158508] DEBUG c.g.d.z.s.o.a.h.c.h.p.RequestAuthCache - Auth cache not set in the context
2024-07-24 14:31:04.523 [docker-java-stream--1462158508] DEBUG c.g.d.z.s.o.a.h.c.h.i.c.ProtocolExec - ex-0000012D: target auth state: UNCHALLENGED
2024-07-24 14:31:04.523 [docker-java-stream--1462158508] DEBUG c.g.d.z.s.o.a.h.c.h.i.c.ProtocolExec - ex-0000012D: proxy auth state: UNCHALLENGED
2024-07-24 14:31:04.523 [docker-java-stream--1462158508] DEBUG c.g.d.z.s.o.a.h.c.h.i.c.ConnectExec - ex-0000012D: acquiring connection with route {}->npipe://localhost:2375
2024-07-24 14:31:04.523 [docker-java-stream--1462158508] DEBUG c.g.d.z.s.o.a.h.c.h.i.c.InternalHttpClient - ex-0000012D: acquiring endpoint (3 MINUTES)
2024-07-24 14:31:04.523 [docker-java-stream--1462158508] DEBUG c.g.d.z.s.o.a.h.c.h.i.i.PoolingHttpClientConnectionManager - ex-0000012D: endpoint lease request (3 MINUTES) [route: {}->npipe://localhost:2375][total available: 1; route allocated: 1 of 2147483647; total allocated: 1 of 2147483647]
2024-07-24 14:31:04.523 [docker-java-stream--1462158508] DEBUG c.g.d.z.s.o.a.h.c.h.i.i.PoolingHttpClientConnectionManager - ex-0000012D: endpoint leased [route: {}->npipe://localhost:2375][total available: 0; route allocated: 1 of 2147483647; total allocated: 1 of 2147483647]
2024-07-24 14:31:04.523 [docker-java-stream--1462158508] DEBUG c.g.d.z.s.o.a.h.c.h.i.i.PoolingHttpClientConnectionManager - ex-0000012D: acquired ep-0000012C
2024-07-24 14:31:04.523 [docker-java-stream--1462158508] DEBUG c.g.d.z.s.o.a.h.c.h.i.c.InternalHttpClient - ex-0000012D: acquired endpoint ep-0000012C
2024-07-24 14:31:04.523 [docker-java-stream--1462158508] DEBUG c.g.d.z.s.o.a.h.c.h.i.c.MainClientExec - ex-0000012D: executing GET /v1.32/containers/f0125aecf350ecc8d8dfb64d09e1500819783da2649fbdcf660b56f2277ecf67/logs?stdout=true&stderr=true&follow=true&since=0 HTTP/1.1
2024-07-24 14:31:04.523 [docker-java-stream--1462158508] DEBUG c.g.d.z.s.o.a.h.c.h.i.c.InternalHttpClient - ep-0000012C: start execution ex-0000012D
2024-07-24 14:31:04.523 [docker-java-stream--1462158508] DEBUG c.g.d.z.s.o.a.h.c.h.i.i.PoolingHttpClientConnectionManager - ep-0000012C: executing exchange ex-0000012D over http-outgoing-27
2024-07-24 14:31:04.523 [docker-java-stream--1462158508] DEBUG c.g.d.z.s.o.a.h.client5.http.headers - http-outgoing-27 >> GET /v1.32/containers/f0125aecf350ecc8d8dfb64d09e1500819783da2649fbdcf660b56f2277ecf67/logs?stdout=true&stderr=true&follow=true&since=0 HTTP/1.1
2024-07-24 14:31:04.523 [docker-java-stream--1462158508] DEBUG c.g.d.z.s.o.a.h.client5.http.headers - http-outgoing-27 >> x-tc-sid: 280e6229-7396-4d60-b1e3-a5de48b5d49b
2024-07-24 14:31:04.523 [docker-java-stream--1462158508] DEBUG c.g.d.z.s.o.a.h.client5.http.headers - http-outgoing-27 >> User-Agent: tc-java/1.19.8
2024-07-24 14:31:04.523 [docker-java-stream--1462158508] DEBUG c.g.d.z.s.o.a.h.client5.http.headers - http-outgoing-27 >> Accept-Encoding: gzip, x-gzip, deflate
2024-07-24 14:31:04.523 [docker-java-stream--1462158508] DEBUG c.g.d.z.s.o.a.h.client5.http.headers - http-outgoing-27 >> Host: localhost:2375
2024-07-24 14:31:04.523 [docker-java-stream--1462158508] DEBUG c.g.d.z.s.o.a.h.client5.http.headers - http-outgoing-27 >> Connection: keep-alive
2024-07-24 14:31:04.523 [docker-java-stream--1462158508] DEBUG c.g.d.z.s.o.a.hc.client5.http.wire - http-outgoing-27 >> "GET /v1.32/containers/f0125aecf350ecc8d8dfb64d09e1500819783da2649fbdcf660b56f2277ecf67/logs?stdout=true&stderr=true&follow=true&since=0 HTTP/1.1[\r][\n]"
2024-07-24 14:31:04.523 [docker-java-stream--1462158508] DEBUG c.g.d.z.s.o.a.hc.client5.http.wire - http-outgoing-27 >> "x-tc-sid: 280e6229-7396-4d60-b1e3-a5de48b5d49b[\r][\n]"
2024-07-24 14:31:04.523 [docker-java-stream--1462158508] DEBUG c.g.d.z.s.o.a.hc.client5.http.wire - http-outgoing-27 >> "User-Agent: tc-java/1.19.8[\r][\n]"
2024-07-24 14:31:04.523 [docker-java-stream--1462158508] DEBUG c.g.d.z.s.o.a.hc.client5.http.wire - http-outgoing-27 >> "Accept-Encoding: gzip, x-gzip, deflate[\r][\n]"
2024-07-24 14:31:04.523 [docker-java-stream--1462158508] DEBUG c.g.d.z.s.o.a.hc.client5.http.wire - http-outgoing-27 >> "Host: localhost:2375[\r][\n]"
2024-07-24 14:31:04.523 [docker-java-stream--1462158508] DEBUG c.g.d.z.s.o.a.hc.client5.http.wire - http-outgoing-27 >> "Connection: keep-alive[\r][\n]"
2024-07-24 14:31:04.523 [docker-java-stream--1462158508] DEBUG c.g.d.z.s.o.a.hc.client5.http.wire - http-outgoing-27 >> "[\r][\n]"
2024-07-24 14:31:04.525 [docker-java-stream--1462158508] DEBUG c.g.d.z.s.o.a.hc.client5.http.wire - http-outgoing-27 << "HTTP/1.1 200 OK[\r][\n]"
2024-07-24 14:31:04.525 [docker-java-stream--1462158508] DEBUG c.g.d.z.s.o.a.hc.client5.http.wire - http-outgoing-27 << "Api-Version: 1.45[\r][\n]"
2024-07-24 14:31:04.525 [docker-java-stream--1462158508] DEBUG c.g.d.z.s.o.a.hc.client5.http.wire - http-outgoing-27 << "Content-Type: application/vnd.docker.raw-stream[\r][\n]"
2024-07-24 14:31:04.526 [docker-java-stream--1462158508] DEBUG c.g.d.z.s.o.a.hc.client5.http.wire - http-outgoing-27 << "Date: Wed, 24 Jul 2024 02:31:04 GMT[\r][\n]"
2024-07-24 14:31:04.526 [docker-java-stream--1462158508] DEBUG c.g.d.z.s.o.a.hc.client5.http.wire - http-outgoing-27 << "Docker-Experimental: false[\r][\n]"
2024-07-24 14:31:04.526 [docker-java-stream--1462158508] DEBUG c.g.d.z.s.o.a.hc.client5.http.wire - http-outgoing-27 << "Ostype: linux[\r][\n]"
2024-07-24 14:31:04.526 [docker-java-stream--1462158508] DEBUG c.g.d.z.s.o.a.hc.client5.http.wire - http-outgoing-27 << "Server: Docker/26.0.0 (linux)[\r][\n]"
2024-07-24 14:31:04.526 [docker-java-stream--1462158508] DEBUG c.g.d.z.s.o.a.hc.client5.http.wire - http-outgoing-27 << "Transfer-Encoding: chunked[\r][\n]"
2024-07-24 14:31:04.526 [docker-java-stream--1462158508] DEBUG c.g.d.z.s.o.a.hc.client5.http.wire - http-outgoing-27 << "[\r][\n]"
2024-07-24 14:31:04.526 [docker-java-stream--1462158508] DEBUG c.g.d.z.s.o.a.h.client5.http.headers - http-outgoing-27 << HTTP/1.1 200 OK
2024-07-24 14:31:04.526 [docker-java-stream--1462158508] DEBUG c.g.d.z.s.o.a.h.client5.http.headers - http-outgoing-27 << Api-Version: 1.45
2024-07-24 14:31:04.526 [docker-java-stream--1462158508] DEBUG c.g.d.z.s.o.a.h.client5.http.headers - http-outgoing-27 << Content-Type: application/vnd.docker.raw-stream
2024-07-24 14:31:04.526 [docker-java-stream--1462158508] DEBUG c.g.d.z.s.o.a.h.client5.http.headers - http-outgoing-27 << Date: Wed, 24 Jul 2024 02:31:04 GMT
2024-07-24 14:31:04.526 [docker-java-stream--1462158508] DEBUG c.g.d.z.s.o.a.h.client5.http.headers - http-outgoing-27 << Docker-Experimental: false
2024-07-24 14:31:04.526 [docker-java-stream--1462158508] DEBUG c.g.d.z.s.o.a.h.client5.http.headers - http-outgoing-27 << Ostype: linux
2024-07-24 14:31:04.526 [docker-java-stream--1462158508] DEBUG c.g.d.z.s.o.a.h.client5.http.headers - http-outgoing-27 << Server: Docker/26.0.0 (linux)
2024-07-24 14:31:04.526 [docker-java-stream--1462158508] DEBUG c.g.d.z.s.o.a.h.client5.http.headers - http-outgoing-27 << Transfer-Encoding: chunked
2024-07-24 14:31:04.526 [docker-java-stream--1462158508] DEBUG c.g.d.z.s.o.a.h.c.h.i.c.MainClientExec - ex-0000012D: connection can be kept alive for 3 MINUTES
2024-07-24 14:31:04.526 [docker-java-stream--1462158508] DEBUG c.g.d.z.s.o.a.hc.client5.http.wire - http-outgoing-27 << "265[\r][\n]"
2024-07-24 14:31:04.526 [docker-java-stream--1462158508] DEBUG c.g.d.z.s.o.a.hc.client5.http.wire - http-outgoing-27 << "[0x1][0x0][0x0][0x0][0x0][0x0][0x0]NThe files belonging to this database system will be owned by user "postgres".[\n]"
2024-07-24 14:31:04.526 [docker-java-stream--1462158508] DEBUG c.g.d.z.s.o.a.hc.client5.http.wire - http-outgoing-27 << "[0x1][0x0][0x0][0x0][0x0][0x0][0x0],This user must also own the server process.[\n]"
2024-07-24 14:31:04.526 [docker-java-stream--1462158508] DEBUG c.g.d.z.s.o.a.hc.client5.http.wire - http-outgoing-27 << "[0x1][0x0][0x0][0x0][0x0][0x0][0x0][0x1][\n]"
2024-07-24 14:31:04.526 [docker-java-stream--1462158508] DEBUG c.g.d.z.s.o.a.hc.client5.http.wire - http-outgoing-27 << "[0x1][0x0][0x0][0x0][0x0][0x0][0x0]CThe database cluster will be initialized with locale "en_US.utf8".[\n]"
2024-07-24 14:31:04.526 [docker-java-stream--1462158508] DEBUG c.g.d.z.s.o.a.hc.client5.http.wire - http-outgoing-27 << "[0x1][0x0][0x0][0x0][0x0][0x0][0x0]BThe default database encoding has accordingly been set to "UTF8".[\n]"
2024-07-24 14:31:04.526 [docker-java-stream--1462158508] DEBUG c.g.d.z.s.o.a.hc.client5.http.wire - http-outgoing-27 << "[0x1][0x0][0x0][0x0][0x0][0x0][0x0]@The default text search configuration will be set to "english".[\n]"
2024-07-24 14:31:04.526 [docker-java-stream--1462158508] DEBUG c.g.d.z.s.o.a.hc.client5.http.wire - http-outgoing-27 << "[0x1][0x0][0x0][0x0][0x0][0x0][0x0][0x1][\n]"
2024-07-24 14:31:04.526 [docker-java-stream--1462158508] DEBUG c.g.d.z.s.o.a.hc.client5.http.wire - http-outgoing-27 << "[0x1][0x0][0x0][0x0][0x0][0x0][0x0]"Data page checksums are disabled.[\n]"
2024-07-24 14:31:04.526 [docker-java-stream--1462158508] DEBUG c.g.d.z.s.o.a.hc.client5.http.wire - http-outgoing-27 << "[0x1][0x0][0x0][0x0][0x0][0x0][0x0][0x1][\n]"
2024-07-24 14:31:04.526 [docker-java-stream--1462158508] DEBUG c.g.d.z.s.o.a.hc.client5.http.wire - http-outgoing-27 << "[0x1][0x0][0x0][0x0][0x0][0x0][0x0]Ifixing permissions on existing directory /var/lib/postgresql/data ... ok[\n]"
2024-07-24 14:31:04.526 [docker-java-stream--1462158508] DEBUG c.g.d.z.s.o.a.hc.client5.http.wire - http-outgoing-27 << "[0x1][0x0][0x0][0x0][0x0][0x0][0x0][0x1f]creating subdirectories ... ok[\n]"
2024-07-24 14:31:04.526 [docker-java-stream--1462158508] DEBUG c.g.d.z.s.o.a.hc.client5.http.wire - http-outgoing-27 << "[0x1][0x0][0x0][0x0][0x0][0x0][0x0]9selecting dynamic shared memory implementation ... posix[\n]"
2024-07-24 14:31:04.526 [docker-java-stream--1462158508] DEBUG c.g.d.z.s.o.a.hc.client5.http.wire - http-outgoing-27 << "[\r][\n]"
2024-07-24 14:31:04.526 [Test worker] DEBUG o.t.c.output.WaitingConsumer - STDOUT: fixing permissions on existing directory /var/lib/postgresql/data ... ok
2024-07-24 14:31:04.526 [Test worker] DEBUG o.t.c.output.WaitingConsumer - STDOUT: selecting dynamic shared memory implementation ... posix
2024-07-24 14:31:04.526 [Test worker] DEBUG o.t.c.output.WaitingConsumer - STDOUT: creating subdirectories ... ok
2024-07-24 14:31:04.526 [Test worker] DEBUG o.t.c.output.WaitingConsumer - STDOUT: 
2024-07-24 14:31:04.526 [Test worker] DEBUG o.t.c.output.WaitingConsumer - STDOUT: Data page checksums are disabled.
2024-07-24 14:31:04.526 [Test worker] DEBUG o.t.c.output.WaitingConsumer - STDOUT: 
2024-07-24 14:31:04.526 [Test worker] DEBUG o.t.c.output.WaitingConsumer - STDOUT: The default text search configuration will be set to "english".
2024-07-24 14:31:04.526 [Test worker] DEBUG o.t.c.output.WaitingConsumer - STDOUT: The default database encoding has accordingly been set to "UTF8".
2024-07-24 14:31:04.526 [Test worker] DEBUG o.t.c.output.WaitingConsumer - STDOUT: The database cluster will be initialized with locale "en_US.utf8".
2024-07-24 14:31:04.526 [Test worker] DEBUG o.t.c.output.WaitingConsumer - STDOUT: 
2024-07-24 14:31:04.526 [Test worker] DEBUG o.t.c.output.WaitingConsumer - STDOUT: This user must also own the server process.
2024-07-24 14:31:04.526 [Test worker] DEBUG o.t.c.output.WaitingConsumer - STDOUT: The files belonging to this database system will be owned by user "postgres".
2024-07-24 14:31:04.544 [docker-java-stream--1462158508] DEBUG c.g.d.z.s.o.a.hc.client5.http.wire - http-outgoing-27 << "32[\r][\n]"
2024-07-24 14:31:04.544 [docker-java-stream--1462158508] DEBUG c.g.d.z.s.o.a.hc.client5.http.wire - http-outgoing-27 << "[0x1][0x0][0x0][0x0][0x0][0x0][0x0]*selecting default max_connections ... 100[\n]"
2024-07-24 14:31:04.544 [docker-java-stream--1462158508] DEBUG c.g.d.z.s.o.a.hc.client5.http.wire - http-outgoing-27 << "[\r][\n]"
2024-07-24 14:31:04.544 [Test worker] DEBUG o.t.c.output.WaitingConsumer - STDOUT: selecting default max_connections ... 100
2024-07-24 14:31:04.569 [docker-java-stream--1462158508] DEBUG c.g.d.z.s.o.a.hc.client5.http.wire - http-outgoing-27 << "33[\r][\n]"
2024-07-24 14:31:04.569 [docker-java-stream--1462158508] DEBUG c.g.d.z.s.o.a.hc.client5.http.wire - http-outgoing-27 << "[0x1][0x0][0x0][0x0][0x0][0x0][0x0]+selecting default shared_buffers ... 128MB[\n]"
2024-07-24 14:31:04.569 [docker-java-stream--1462158508] DEBUG c.g.d.z.s.o.a.hc.client5.http.wire - http-outgoing-27 << "[\r][\n]"
2024-07-24 14:31:04.569 [Test worker] DEBUG o.t.c.output.WaitingConsumer - STDOUT: selecting default shared_buffers ... 128MB
2024-07-24 14:31:04.589 [docker-java-stream--1462158508] DEBUG c.g.d.z.s.o.a.hc.client5.http.wire - http-outgoing-27 << "30[\r][\n]"
2024-07-24 14:31:04.589 [docker-java-stream--1462158508] DEBUG c.g.d.z.s.o.a.hc.client5.http.wire - http-outgoing-27 << "[0x1][0x0][0x0][0x0][0x0][0x0][0x0](selecting default time zone ... Etc/UTC[\n]"
2024-07-24 14:31:04.589 [docker-java-stream--1462158508] DEBUG c.g.d.z.s.o.a.hc.client5.http.wire - http-outgoing-27 << "[\r][\n]"
2024-07-24 14:31:04.589 [Test worker] DEBUG o.t.c.output.WaitingConsumer - STDOUT: selecting default time zone ... Etc/UTC
2024-07-24 14:31:04.589 [docker-java-stream--1462158508] DEBUG c.g.d.z.s.o.a.hc.client5.http.wire - http-outgoing-27 << "2c[\r][\n]"
2024-07-24 14:31:04.589 [docker-java-stream--1462158508] DEBUG c.g.d.z.s.o.a.hc.client5.http.wire - http-outgoing-27 << "[0x1][0x0][0x0][0x0][0x0][0x0][0x0]$creating configuration files ... ok[\n]"
2024-07-24 14:31:04.589 [docker-java-stream--1462158508] DEBUG c.g.d.z.s.o.a.hc.client5.http.wire - http-outgoing-27 << "[\r][\n]"
2024-07-24 14:31:04.614 [Test worker] DEBUG o.t.c.output.WaitingConsumer - STDOUT: creating configuration files ... ok
2024-07-24 14:31:04.725 [docker-java-stream--1462158508] DEBUG c.g.d.z.s.o.a.hc.client5.http.wire - http-outgoing-27 << "28[\r][\n]"
2024-07-24 14:31:04.725 [docker-java-stream--1462158508] DEBUG c.g.d.z.s.o.a.hc.client5.http.wire - http-outgoing-27 << "[0x1][0x0][0x0][0x0][0x0][0x0][0x0] running bootstrap script ... ok[\n]"
2024-07-24 14:31:04.725 [docker-java-stream--1462158508] DEBUG c.g.d.z.s.o.a.hc.client5.http.wire - http-outgoing-27 << "[\r][\n]"
2024-07-24 14:31:04.725 [Test worker] DEBUG o.t.c.output.WaitingConsumer - STDOUT: running bootstrap script ... ok
2024-07-24 14:31:05.049 [docker-java-stream--1462158508] DEBUG c.g.d.z.s.o.a.hc.client5.http.wire - http-outgoing-27 << "38[\r][\n]"
2024-07-24 14:31:05.049 [docker-java-stream--1462158508] DEBUG c.g.d.z.s.o.a.hc.client5.http.wire - http-outgoing-27 << "[0x1][0x0][0x0][0x0][0x0][0x0][0x0]0performing post-bootstrap initialization ... ok[\n]"
2024-07-24 14:31:05.049 [docker-java-stream--1462158508] DEBUG c.g.d.z.s.o.a.hc.client5.http.wire - http-outgoing-27 << "[\r][\n]"
2024-07-24 14:31:05.049 [Test worker] DEBUG o.t.c.output.WaitingConsumer - STDOUT: performing post-bootstrap initialization ... ok
2024-07-24 14:31:05.430 [docker-java-stream--1462158508] DEBUG c.g.d.z.s.o.a.hc.client5.http.wire - http-outgoing-27 << "1ad[\r][\n]"
2024-07-24 14:31:05.430 [docker-java-stream--1462158508] DEBUG c.g.d.z.s.o.a.hc.client5.http.wire - http-outgoing-27 << "[0x1][0x0][0x0][0x0][0x0][0x0][0x0][0x1c]syncing data to disk ... ok[\n]"
2024-07-24 14:31:05.430 [docker-java-stream--1462158508] DEBUG c.g.d.z.s.o.a.hc.client5.http.wire - http-outgoing-27 << "[0x1][0x0][0x0][0x0][0x0][0x0][0x0][0x1][\n]"
2024-07-24 14:31:05.430 [docker-java-stream--1462158508] DEBUG c.g.d.z.s.o.a.hc.client5.http.wire - http-outgoing-27 << "[0x1][0x0][0x0][0x0][0x0][0x0][0x0][0x1][\n]"
2024-07-24 14:31:05.430 [docker-java-stream--1462158508] DEBUG c.g.d.z.s.o.a.hc.client5.http.wire - http-outgoing-27 << "[0x1][0x0][0x0][0x0][0x0][0x0][0x0]6Success. You can now start the database server using:[\n]"
2024-07-24 14:31:05.430 [docker-java-stream--1462158508] DEBUG c.g.d.z.s.o.a.hc.client5.http.wire - http-outgoing-27 << "[0x1][0x0][0x0][0x0][0x0][0x0][0x0][0x1][\n]"
2024-07-24 14:31:05.430 [docker-java-stream--1462158508] DEBUG c.g.d.z.s.o.a.hc.client5.http.wire - http-outgoing-27 << "[0x1][0x0][0x0][0x0][0x0][0x0][0x0]8    pg_ctl -D /var/lib/postgresql/data -l logfile start[\n]"
2024-07-24 14:31:05.430 [docker-java-stream--1462158508] DEBUG c.g.d.z.s.o.a.hc.client5.http.wire - http-outgoing-27 << "[0x1][0x0][0x0][0x0][0x0][0x0][0x0][0x1][\n]"
2024-07-24 14:31:05.430 [docker-java-stream--1462158508] DEBUG c.g.d.z.s.o.a.hc.client5.http.wire - http-outgoing-27 << "[0x2][0x0][0x0][0x0][0x0][0x0][0x0]Ginitdb: warning: enabling "trust" authentication for local connections[\n]"
2024-07-24 14:31:05.431 [docker-java-stream--1462158508] DEBUG c.g.d.z.s.o.a.hc.client5.http.wire - http-outgoing-27 << "[0x2][0x0][0x0][0x0][0x0][0x0][0x0][0xffffff90]initdb: hint: You can change this by editing pg_hba.conf or using the option -A, or --auth-local and --auth-host, the next time you run initdb.[\n]"
2024-07-24 14:31:05.431 [docker-java-stream--1462158508] DEBUG c.g.d.z.s.o.a.hc.client5.http.wire - http-outgoing-27 << "[\r][\n]"
2024-07-24 14:31:05.432 [Test worker] DEBUG o.t.c.output.WaitingConsumer - STDERR: initdb: hint: You can change this by editing pg_hba.conf or using the option -A, or --auth-local and --auth-host, the next time you run initdb.
2024-07-24 14:31:05.432 [Test worker] DEBUG o.t.c.output.WaitingConsumer - STDERR: initdb: warning: enabling "trust" authentication for local connections
2024-07-24 14:31:05.432 [Test worker] DEBUG o.t.c.output.WaitingConsumer - STDOUT: 
2024-07-24 14:31:05.432 [Test worker] DEBUG o.t.c.output.WaitingConsumer - STDOUT:     pg_ctl -D /var/lib/postgresql/data -l logfile start
2024-07-24 14:31:05.432 [Test worker] DEBUG o.t.c.output.WaitingConsumer - STDOUT: 
2024-07-24 14:31:05.432 [Test worker] DEBUG o.t.c.output.WaitingConsumer - STDOUT: Success. You can now start the database server using:
2024-07-24 14:31:05.432 [Test worker] DEBUG o.t.c.output.WaitingConsumer - STDOUT: 
2024-07-24 14:31:05.432 [Test worker] DEBUG o.t.c.output.WaitingConsumer - STDOUT: 
2024-07-24 14:31:05.432 [Test worker] DEBUG o.t.c.output.WaitingConsumer - STDOUT: syncing data to disk ... ok
2024-07-24 14:31:05.476 [docker-java-stream--1462158508] DEBUG c.g.d.z.s.o.a.hc.client5.http.wire - http-outgoing-27 << "137[\r][\n]"
2024-07-24 14:31:05.476 [docker-java-stream--1462158508] DEBUG c.g.d.z.s.o.a.hc.client5.http.wire - http-outgoing-27 << "[0x1][0x0][0x0][0x0][0x0][0x0][0x0][0xffffffc3]waiting for server to start....2024-07-24 02:31:05.475 UTC [48] LOG:  starting PostgreSQL 16.2 (Debian 16.2-1.pgdg120+2) on x86_64-pc-linux-gnu, compiled by gcc (Debian 12.2.0-14) 12.2.0, 64-bit[\n]"
2024-07-24 14:31:05.476 [docker-java-stream--1462158508] DEBUG c.g.d.z.s.o.a.hc.client5.http.wire - http-outgoing-27 << "[0x1][0x0][0x0][0x0][0x0][0x0][0x0]d2024-07-24 02:31:05.475 UTC [48] LOG:  listening on Unix socket "/var/run/postgresql/.s.PGSQL.5432"[\n]"
2024-07-24 14:31:05.476 [docker-java-stream--1462158508] DEBUG c.g.d.z.s.o.a.hc.client5.http.wire - http-outgoing-27 << "[\r][\n]"
2024-07-24 14:31:05.476 [Test worker] DEBUG o.t.c.output.WaitingConsumer - STDOUT: 2024-07-24 02:31:05.475 UTC [48] LOG:  listening on Unix socket "/var/run/postgresql/.s.PGSQL.5432"
2024-07-24 14:31:05.477 [Test worker] DEBUG o.t.c.output.WaitingConsumer - STDOUT: waiting for server to start....2024-07-24 02:31:05.475 UTC [48] LOG:  starting PostgreSQL 16.2 (Debian 16.2-1.pgdg120+2) on x86_64-pc-linux-gnu, compiled by gcc (Debian 12.2.0-14) 12.2.0, 64-bit
2024-07-24 14:31:05.478 [docker-java-stream--1462158508] DEBUG c.g.d.z.s.o.a.hc.client5.http.wire - http-outgoing-27 << "68[\r][\n]"
2024-07-24 14:31:05.478 [docker-java-stream--1462158508] DEBUG c.g.d.z.s.o.a.hc.client5.http.wire - http-outgoing-27 << "[0x1][0x0][0x0][0x0][0x0][0x0][0x0]`2024-07-24 02:31:05.478 UTC [51] LOG:  database system was shut down at 2024-07-24 02:31:05 UTC[\n]"
2024-07-24 14:31:05.478 [docker-java-stream--1462158508] DEBUG c.g.d.z.s.o.a.hc.client5.http.wire - http-outgoing-27 << "[\r][\n]"
2024-07-24 14:31:05.482 [docker-java-stream--1462158508] DEBUG c.g.d.z.s.o.a.hc.client5.http.wire - http-outgoing-27 << "5e[\r][\n]"
2024-07-24 14:31:05.482 [docker-java-stream--1462158508] DEBUG c.g.d.z.s.o.a.hc.client5.http.wire - http-outgoing-27 << "[0x1][0x0][0x0][0x0][0x0][0x0][0x0]V2024-07-24 02:31:05.481 UTC [48] LOG:  database system is ready to accept connections[\n]"
2024-07-24 14:31:05.482 [docker-java-stream--1462158508] DEBUG c.g.d.z.s.o.a.hc.client5.http.wire - http-outgoing-27 << "[\r][\n]"
2024-07-24 14:31:05.494 [Test worker] DEBUG o.t.c.output.WaitingConsumer - STDOUT: 2024-07-24 02:31:05.481 UTC [48] LOG:  database system is ready to accept connections
2024-07-24 14:31:05.494 [Test worker] DEBUG o.t.c.output.WaitingConsumer - STDOUT: 2024-07-24 02:31:05.478 UTC [51] LOG:  database system was shut down at 2024-07-24 02:31:05 UTC
2024-07-24 14:31:05.559 [docker-java-stream--1462158508] DEBUG c.g.d.z.s.o.a.hc.client5.http.wire - http-outgoing-27 << "25[\r][\n]"
2024-07-24 14:31:05.559 [docker-java-stream--1462158508] DEBUG c.g.d.z.s.o.a.hc.client5.http.wire - http-outgoing-27 << "[0x1][0x0][0x0][0x0][0x0][0x0][0x0][0x6] done[\n]"
2024-07-24 14:31:05.559 [docker-java-stream--1462158508] DEBUG c.g.d.z.s.o.a.hc.client5.http.wire - http-outgoing-27 << "[0x1][0x0][0x0][0x0][0x0][0x0][0x0][0xf]server started[\n]"
2024-07-24 14:31:05.559 [docker-java-stream--1462158508] DEBUG c.g.d.z.s.o.a.hc.client5.http.wire - http-outgoing-27 << "[\r][\n]"
2024-07-24 14:31:05.559 [Test worker] DEBUG o.t.c.output.WaitingConsumer - STDOUT: server started
2024-07-24 14:31:05.559 [Test worker] DEBUG o.t.c.output.WaitingConsumer - STDOUT:  done
2024-07-24 14:31:05.648 [docker-java-stream--1462158508] DEBUG c.g.d.z.s.o.a.hc.client5.http.wire - http-outgoing-27 << "18[\r][\n]"
2024-07-24 14:31:05.648 [docker-java-stream--1462158508] DEBUG c.g.d.z.s.o.a.hc.client5.http.wire - http-outgoing-27 << "[0x1][0x0][0x0][0x0][0x0][0x0][0x0][0x10]CREATE DATABASE[\n]"
2024-07-24 14:31:05.648 [docker-java-stream--1462158508] DEBUG c.g.d.z.s.o.a.hc.client5.http.wire - http-outgoing-27 << "[\r][\n]"
2024-07-24 14:31:05.648 [Test worker] DEBUG o.t.c.output.WaitingConsumer - STDOUT: CREATE DATABASE
2024-07-24 14:31:05.649 [docker-java-stream--1462158508] DEBUG c.g.d.z.s.o.a.hc.client5.http.wire - http-outgoing-27 << "9[\r][\n]"
2024-07-24 14:31:05.649 [docker-java-stream--1462158508] DEBUG c.g.d.z.s.o.a.hc.client5.http.wire - http-outgoing-27 << "[0x1][0x0][0x0][0x0][0x0][0x0][0x0][0x1][\n]"
2024-07-24 14:31:05.649 [docker-java-stream--1462158508] DEBUG c.g.d.z.s.o.a.hc.client5.http.wire - http-outgoing-27 << "[\r][\n]"
2024-07-24 14:31:05.649 [docker-java-stream--1462158508] DEBUG c.g.d.z.s.o.a.hc.client5.http.wire - http-outgoing-27 << "66[\r][\n]"
2024-07-24 14:31:05.649 [docker-java-stream--1462158508] DEBUG c.g.d.z.s.o.a.hc.client5.http.wire - http-outgoing-27 << "[0x1][0x0][0x0][0x0][0x0][0x0][0x0][0x1][\n]"
2024-07-24 14:31:05.649 [docker-java-stream--1462158508] DEBUG c.g.d.z.s.o.a.hc.client5.http.wire - http-outgoing-27 << "[0x1][0x0][0x0][0x0][0x0][0x0][0x0]L/usr/local/bin/docker-entrypoint.sh: ignoring /docker-entrypoint-initdb.d/*[\n]"
2024-07-24 14:31:05.649 [docker-java-stream--1462158508] DEBUG c.g.d.z.s.o.a.hc.client5.http.wire - http-outgoing-27 << "[0x1][0x0][0x0][0x0][0x0][0x0][0x0][0x1][\n]"
2024-07-24 14:31:05.649 [docker-java-stream--1462158508] DEBUG c.g.d.z.s.o.a.hc.client5.http.wire - http-outgoing-27 << "[\r][\n]"
2024-07-24 14:31:05.651 [docker-java-stream--1462158508] DEBUG c.g.d.z.s.o.a.hc.client5.http.wire - http-outgoing-27 << "c1[\r][\n]"
2024-07-24 14:31:05.651 [docker-java-stream--1462158508] DEBUG c.g.d.z.s.o.a.hc.client5.http.wire - http-outgoing-27 << "[0x1][0x0][0x0][0x0][0x0][0x0][0x0]hwaiting for server to shut down...2024-07-24 02:31:05.650 UTC [48] LOG:  received fast shutdown request[\n]"
2024-07-24 14:31:05.651 [docker-java-stream--1462158508] DEBUG c.g.d.z.s.o.a.hc.client5.http.wire - http-outgoing-27 << "[0x1][0x0][0x0][0x0][0x0][0x0][0x0]I.2024-07-24 02:31:05.650 UTC [48] LOG:  aborting any active transactions[\n]"
2024-07-24 14:31:05.651 [docker-java-stream--1462158508] DEBUG c.g.d.z.s.o.a.hc.client5.http.wire - http-outgoing-27 << "[\r][\n]"
2024-07-24 14:31:05.653 [docker-java-stream--1462158508] DEBUG c.g.d.z.s.o.a.hc.client5.http.wire - http-outgoing-27 << "81[\r][\n]"
2024-07-24 14:31:05.653 [docker-java-stream--1462158508] DEBUG c.g.d.z.s.o.a.hc.client5.http.wire - http-outgoing-27 << "[0x1][0x0][0x0][0x0][0x0][0x0][0x0]y2024-07-24 02:31:05.653 UTC [48] LOG:  background worker "logical replication launcher" (PID 54) exited with exit code 1[\n]"
2024-07-24 14:31:05.653 [docker-java-stream--1462158508] DEBUG c.g.d.z.s.o.a.hc.client5.http.wire - http-outgoing-27 << "[\r][\n]"
2024-07-24 14:31:05.654 [docker-java-stream--1462158508] DEBUG c.g.d.z.s.o.a.hc.client5.http.wire - http-outgoing-27 << "94[\r][\n]"
2024-07-24 14:31:05.654 [docker-java-stream--1462158508] DEBUG c.g.d.z.s.o.a.hc.client5.http.wire - http-outgoing-27 << "[0x1][0x0][0x0][0x0][0x0][0x0][0x0]52024-07-24 02:31:05.653 UTC [49] LOG:  shutting down[\n]"
2024-07-24 14:31:05.654 [docker-java-stream--1462158508] DEBUG c.g.d.z.s.o.a.hc.client5.http.wire - http-outgoing-27 << "[0x1][0x0][0x0][0x0][0x0][0x0][0x0]O2024-07-24 02:31:05.653 UTC [49] LOG:  checkpoint starting: shutdown immediate[\n]"
2024-07-24 14:31:05.654 [docker-java-stream--1462158508] DEBUG c.g.d.z.s.o.a.hc.client5.http.wire - http-outgoing-27 << "[\r][\n]"
2024-07-24 14:31:05.663 [docker-java-stream--1462158508] DEBUG c.g.d.z.s.o.a.hc.client5.http.wire - http-outgoing-27 << "12c[\r][\n]"
2024-07-24 14:31:05.663 [docker-java-stream--1462158508] DEBUG c.g.d.z.s.o.a.hc.client5.http.wire - http-outgoing-27 << "[0x1][0x0][0x0][0x0][0x0][0x0][0x1]$2024-07-24 02:31:05.662 UTC [49] LOG:  checkpoint complete: wrote 923 buffers (5.6%); 0 WAL file(s) added, 0 removed, 0 recycled; write=0.009 s, sync=0.001 s, total=0.010 s; sync files=0, longest=0.000 s, average=0.000 s; distance=4257 kB, estimate=4257 kB; lsn=0/1913068, redo lsn=0/1913068[\n]"
2024-07-24 14:31:05.663 [docker-java-stream--1462158508] DEBUG c.g.d.z.s.o.a.hc.client5.http.wire - http-outgoing-27 << "[\r][\n]"
2024-07-24 14:31:05.665 [Test worker] DEBUG o.t.c.output.WaitingConsumer - STDOUT: 2024-07-24 02:31:05.662 UTC [49] LOG:  checkpoint complete: wrote 923 buffers (5.6%); 0 WAL file(s) added, 0 removed, 0 recycled; write=0.009 s, sync=0.001 s, total=0.010 s; sync files=0, longest=0.000 s, average=0.000 s; distance=4257 kB, estimate=4257 kB; lsn=0/1913068, redo lsn=0/1913068
2024-07-24 14:31:05.665 [Test worker] DEBUG o.t.c.output.WaitingConsumer - STDOUT: 2024-07-24 02:31:05.653 UTC [49] LOG:  checkpoint starting: shutdown immediate
2024-07-24 14:31:05.665 [Test worker] DEBUG o.t.c.output.WaitingConsumer - STDOUT: 2024-07-24 02:31:05.653 UTC [49] LOG:  shutting down
2024-07-24 14:31:05.665 [Test worker] DEBUG o.t.c.output.WaitingConsumer - STDOUT: 2024-07-24 02:31:05.653 UTC [48] LOG:  background worker "logical replication launcher" (PID 54) exited with exit code 1
2024-07-24 14:31:05.665 [Test worker] DEBUG o.t.c.output.WaitingConsumer - STDOUT: .2024-07-24 02:31:05.650 UTC [48] LOG:  aborting any active transactions
2024-07-24 14:31:05.665 [Test worker] DEBUG o.t.c.output.WaitingConsumer - STDOUT: waiting for server to shut down...2024-07-24 02:31:05.650 UTC [48] LOG:  received fast shutdown request
2024-07-24 14:31:05.665 [Test worker] DEBUG o.t.c.output.WaitingConsumer - STDOUT: 
2024-07-24 14:31:05.665 [Test worker] DEBUG o.t.c.output.WaitingConsumer - STDOUT: /usr/local/bin/docker-entrypoint.sh: ignoring /docker-entrypoint-initdb.d/*
2024-07-24 14:31:05.665 [Test worker] DEBUG o.t.c.output.WaitingConsumer - STDOUT: 
2024-07-24 14:31:05.665 [Test worker] DEBUG o.t.c.output.WaitingConsumer - STDOUT: 
2024-07-24 14:31:05.672 [docker-java-stream--1462158508] DEBUG c.g.d.z.s.o.a.hc.client5.http.wire - http-outgoing-27 << "4c[\r][\n]"
2024-07-24 14:31:05.672 [docker-java-stream--1462158508] DEBUG c.g.d.z.s.o.a.hc.client5.http.wire - http-outgoing-27 << "[0x1][0x0][0x0][0x0][0x0][0x0][0x0]D2024-07-24 02:31:05.672 UTC [48] LOG:  database system is shut down[\n]"
2024-07-24 14:31:05.672 [docker-java-stream--1462158508] DEBUG c.g.d.z.s.o.a.hc.client5.http.wire - http-outgoing-27 << "[\r][\n]"
2024-07-24 14:31:05.680 [Test worker] DEBUG o.t.c.output.WaitingConsumer - STDOUT: 2024-07-24 02:31:05.672 UTC [48] LOG:  database system is shut down
2024-07-24 14:31:05.752 [docker-java-stream--1462158508] DEBUG c.g.d.z.s.o.a.hc.client5.http.wire - http-outgoing-27 << "25[\r][\n]"
2024-07-24 14:31:05.752 [docker-java-stream--1462158508] DEBUG c.g.d.z.s.o.a.hc.client5.http.wire - http-outgoing-27 << "[0x1][0x0][0x0][0x0][0x0][0x0][0x0][0x6] done[\n]"
2024-07-24 14:31:05.752 [docker-java-stream--1462158508] DEBUG c.g.d.z.s.o.a.hc.client5.http.wire - http-outgoing-27 << "[0x1][0x0][0x0][0x0][0x0][0x0][0x0][0xf]server stopped[\n]"
2024-07-24 14:31:05.752 [docker-java-stream--1462158508] DEBUG c.g.d.z.s.o.a.hc.client5.http.wire - http-outgoing-27 << "[\r][\n]"
2024-07-24 14:31:05.752 [Test worker] DEBUG o.t.c.output.WaitingConsumer - STDOUT: server stopped
2024-07-24 14:31:05.752 [Test worker] DEBUG o.t.c.output.WaitingConsumer - STDOUT:  done
2024-07-24 14:31:05.753 [docker-java-stream--1462158508] DEBUG c.g.d.z.s.o.a.hc.client5.http.wire - http-outgoing-27 << "50[\r][\n]"
2024-07-24 14:31:05.753 [docker-java-stream--1462158508] DEBUG c.g.d.z.s.o.a.hc.client5.http.wire - http-outgoing-27 << "[0x1][0x0][0x0][0x0][0x0][0x0][0x0][0x1][\n]"
2024-07-24 14:31:05.753 [docker-java-stream--1462158508] DEBUG c.g.d.z.s.o.a.hc.client5.http.wire - http-outgoing-27 << "[0x1][0x0][0x0][0x0][0x0][0x0][0x0]6PostgreSQL init process complete; ready for start up.[\n]"
2024-07-24 14:31:05.753 [docker-java-stream--1462158508] DEBUG c.g.d.z.s.o.a.hc.client5.http.wire - http-outgoing-27 << "[0x1][0x0][0x0][0x0][0x0][0x0][0x0][0x1][\n]"
2024-07-24 14:31:05.753 [docker-java-stream--1462158508] DEBUG c.g.d.z.s.o.a.hc.client5.http.wire - http-outgoing-27 << "[\r][\n]"
2024-07-24 14:31:05.771 [Test worker] DEBUG o.t.c.output.WaitingConsumer - STDOUT: 
2024-07-24 14:31:05.771 [Test worker] DEBUG o.t.c.output.WaitingConsumer - STDOUT: PostgreSQL init process complete; ready for start up.
2024-07-24 14:31:05.771 [Test worker] DEBUG o.t.c.output.WaitingConsumer - STDOUT: 
2024-07-24 14:31:05.771 [docker-java-stream--1462158508] DEBUG c.g.d.z.s.o.a.hc.client5.http.wire - http-outgoing-27 << "ab[\r][\n]"
2024-07-24 14:31:05.771 [docker-java-stream--1462158508] DEBUG c.g.d.z.s.o.a.hc.client5.http.wire - http-outgoing-27 << "[0x2][0x0][0x0][0x0][0x0][0x0][0x0][0xffffffa3]2024-07-24 02:31:05.770 UTC [1] LOG:  starting PostgreSQL 16.2 (Debian 16.2-1.pgdg120+2) on x86_64-pc-linux-gnu, compiled by gcc (Debian 12.2.0-14) 12.2.0, 64-bit[\n]"
2024-07-24 14:31:05.771 [docker-java-stream--1462158508] DEBUG c.g.d.z.s.o.a.hc.client5.http.wire - http-outgoing-27 << "[\r][\n]"
2024-07-24 14:31:05.771 [docker-java-stream--1462158508] DEBUG c.g.d.z.s.o.a.hc.client5.http.wire - http-outgoing-27 << "120[\r][\n]"
2024-07-24 14:31:05.771 [docker-java-stream--1462158508] DEBUG c.g.d.z.s.o.a.hc.client5.http.wire - http-outgoing-27 << "[0x2][0x0][0x0][0x0][0x0][0x0][0x0]U2024-07-24 02:31:05.770 UTC [1] LOG:  listening on IPv4 address "0.0.0.0", port 5432[\n]"
2024-07-24 14:31:05.771 [docker-java-stream--1462158508] DEBUG c.g.d.z.s.o.a.hc.client5.http.wire - http-outgoing-27 << "[0x2][0x0][0x0][0x0][0x0][0x0][0x0]P2024-07-24 02:31:05.770 UTC [1] LOG:  listening on IPv6 address "::", port 5432[\n]"
2024-07-24 14:31:05.771 [docker-java-stream--1462158508] DEBUG c.g.d.z.s.o.a.hc.client5.http.wire - http-outgoing-27 << "[0x2][0x0][0x0][0x0][0x0][0x0][0x0]c2024-07-24 02:31:05.770 UTC [1] LOG:  listening on Unix socket "/var/run/postgresql/.s.PGSQL.5432"[\n]"
2024-07-24 14:31:05.771 [docker-java-stream--1462158508] DEBUG c.g.d.z.s.o.a.hc.client5.http.wire - http-outgoing-27 << "[\r][\n]"
2024-07-24 14:31:05.773 [docker-java-stream--1462158508] DEBUG c.g.d.z.s.o.a.hc.client5.http.wire - http-outgoing-27 << "68[\r][\n]"
2024-07-24 14:31:05.773 [docker-java-stream--1462158508] DEBUG c.g.d.z.s.o.a.hc.client5.http.wire - http-outgoing-27 << "[0x2][0x0][0x0][0x0][0x0][0x0][0x0]`2024-07-24 02:31:05.773 UTC [64] LOG:  database system was shut down at 2024-07-24 02:31:05 UTC[\n]"
2024-07-24 14:31:05.773 [docker-java-stream--1462158508] DEBUG c.g.d.z.s.o.a.hc.client5.http.wire - http-outgoing-27 << "[\r][\n]"
2024-07-24 14:31:05.777 [docker-java-stream--1462158508] DEBUG c.g.d.z.s.o.a.hc.client5.http.wire - http-outgoing-27 << "5d[\r][\n]"
2024-07-24 14:31:05.777 [docker-java-stream--1462158508] DEBUG c.g.d.z.s.o.a.hc.client5.http.wire - http-outgoing-27 << "[0x2][0x0][0x0][0x0][0x0][0x0][0x0]U2024-07-24 02:31:05.776 UTC [1] LOG:  database system is ready to accept connections[\n]"
2024-07-24 14:31:05.777 [docker-java-stream--1462158508] DEBUG c.g.d.z.s.o.a.hc.client5.http.wire - http-outgoing-27 << "[\r][\n]"
2024-07-24 14:31:05.786 [Test worker] DEBUG o.t.c.output.WaitingConsumer - STDERR: 2024-07-24 02:31:05.776 UTC [1] LOG:  database system is ready to accept connections
2024-07-24 14:31:05.786 [Test worker] DEBUG c.g.d.z.s.o.a.h.c.h.i.c.InternalHttpClient - ep-0000012C: cancel
2024-07-24 14:31:05.786 [Test worker] DEBUG c.g.d.z.s.o.a.h.c.h.i.i.DefaultManagedHttpClientConnection - http-outgoing-27: close connection IMMEDIATE
2024-07-24 14:31:05.786 [Test worker] DEBUG c.g.d.z.s.o.a.h.c.h.i.c.InternalHttpClient - ep-0000012C: endpoint closed
2024-07-24 14:31:05.786 [Test worker] DEBUG c.g.d.z.s.o.a.h.c.h.i.c.InternalHttpClient - ep-0000012C: discarding endpoint
2024-07-24 14:31:05.786 [Test worker] DEBUG c.g.d.z.s.o.a.h.c.h.i.i.PoolingHttpClientConnectionManager - ep-0000012C: releasing endpoint
2024-07-24 14:31:05.786 [Test worker] DEBUG c.g.d.z.s.o.a.h.c.h.i.i.PoolingHttpClientConnectionManager - ep-0000012C: connection is not kept alive
2024-07-24 14:31:05.786 [docker-java-stream--1462158508] DEBUG c.g.d.z.s.o.a.hc.client5.http.wire - http-outgoing-27 << "end of stream"
2024-07-24 14:31:05.786 [Test worker] DEBUG c.g.d.z.s.o.a.h.c.h.i.i.PoolingHttpClientConnectionManager - ep-0000012C: connection released [route: {}->npipe://localhost:2375][total available: 0; route allocated: 0 of 2147483647; total allocated: 0 of 2147483647]
2024-07-24 14:31:05.787 [Test worker] DEBUG c.g.d.z.s.o.a.hc.client5.http.wire - http-outgoing-27 << "[read] I/O error: java.nio.channels.ClosedChannelException"
2024-07-24 14:31:05.787 [docker-java-stream--1462158508] DEBUG c.g.d.z.s.o.a.hc.client5.http.wire - http-outgoing-27 << "[read] I/O error: java.nio.channels.ClosedChannelException"
2024-07-24 14:31:05.787 [docker-java-stream--1462158508] DEBUG c.g.d.z.ApacheDockerHttpClientImpl$ApacheResponse - Failed to close the response
java.io.IOException: java.nio.channels.ClosedChannelException
	at java.base/java.nio.channels.Channels$2.read(Channels.java:240)
	at com.github.dockerjava.zerodep.shaded.org.apache.hc.client5.http.impl.io.LoggingInputStream.read(LoggingInputStream.java:81)
	at com.github.dockerjava.zerodep.shaded.org.apache.hc.core5.http.impl.io.SessionInputBufferImpl.fillBuffer(SessionInputBufferImpl.java:149)
	at com.github.dockerjava.zerodep.shaded.org.apache.hc.core5.http.impl.io.SessionInputBufferImpl.readLine(SessionInputBufferImpl.java:280)
	at com.github.dockerjava.zerodep.shaded.org.apache.hc.core5.http.impl.io.ChunkedInputStream.getChunkSize(ChunkedInputStream.java:261)
	at com.github.dockerjava.zerodep.shaded.org.apache.hc.core5.http.impl.io.ChunkedInputStream.nextChunk(ChunkedInputStream.java:222)
	at com.github.dockerjava.zerodep.shaded.org.apache.hc.core5.http.impl.io.ChunkedInputStream.read(ChunkedInputStream.java:147)
	at com.github.dockerjava.zerodep.shaded.org.apache.hc.core5.http.impl.io.ChunkedInputStream.close(ChunkedInputStream.java:314)
	at com.github.dockerjava.zerodep.shaded.org.apache.hc.core5.io.Closer.close(Closer.java:48)
	at com.github.dockerjava.zerodep.shaded.org.apache.hc.core5.http.impl.io.IncomingHttpEntity.close(IncomingHttpEntity.java:111)
	at com.github.dockerjava.zerodep.shaded.org.apache.hc.core5.http.io.entity.HttpEntityWrapper.close(HttpEntityWrapper.java:120)
	at com.github.dockerjava.zerodep.shaded.org.apache.hc.core5.io.Closer.close(Closer.java:48)
	at com.github.dockerjava.zerodep.shaded.org.apache.hc.core5.http.message.BasicClassicHttpResponse.close(BasicClassicHttpResponse.java:93)
	at com.github.dockerjava.zerodep.shaded.org.apache.hc.client5.http.impl.classic.CloseableHttpResponse.close(CloseableHttpResponse.java:200)
	at com.github.dockerjava.zerodep.ApacheDockerHttpClientImpl$ApacheResponse.close(ApacheDockerHttpClientImpl.java:271)
	at org.testcontainers.shaded.com.github.dockerjava.core.DefaultInvocationBuilder.lambda$executeAndStream$1(DefaultInvocationBuilder.java:277)
	at java.base/java.lang.Thread.run(Thread.java:833)
Caused by: java.nio.channels.ClosedChannelException: null
	at java.base/sun.nio.ch.WindowsAsynchronousFileChannelImpl.implRead(WindowsAsynchronousFileChannelImpl.java:516)
	at java.base/sun.nio.ch.AsynchronousFileChannelImpl.read(AsynchronousFileChannelImpl.java:229)
	at com.github.dockerjava.transport.NamedPipeSocket$AsynchronousFileByteChannel.read(NamedPipeSocket.java:117)
	at java.base/java.nio.channels.Channels$2.read(Channels.java:238)
	... 16 common frames omitted
2024-07-24 14:31:05.787 [Test worker] DEBUG c.g.d.z.ApacheDockerHttpClientImpl$ApacheResponse - Failed to close the response
java.io.IOException: java.nio.channels.ClosedChannelException
	at java.base/java.nio.channels.Channels$2.read(Channels.java:240)
	at com.github.dockerjava.zerodep.shaded.org.apache.hc.client5.http.impl.io.LoggingInputStream.read(LoggingInputStream.java:81)
	at com.github.dockerjava.zerodep.shaded.org.apache.hc.core5.http.impl.io.SessionInputBufferImpl.fillBuffer(SessionInputBufferImpl.java:149)
	at com.github.dockerjava.zerodep.shaded.org.apache.hc.core5.http.impl.io.SessionInputBufferImpl.readLine(SessionInputBufferImpl.java:280)
	at com.github.dockerjava.zerodep.shaded.org.apache.hc.core5.http.impl.io.ChunkedInputStream.getChunkSize(ChunkedInputStream.java:261)
	at com.github.dockerjava.zerodep.shaded.org.apache.hc.core5.http.impl.io.ChunkedInputStream.nextChunk(ChunkedInputStream.java:222)
	at com.github.dockerjava.zerodep.shaded.org.apache.hc.core5.http.impl.io.ChunkedInputStream.read(ChunkedInputStream.java:147)
	at com.github.dockerjava.zerodep.shaded.org.apache.hc.core5.http.impl.io.ChunkedInputStream.close(ChunkedInputStream.java:314)
	at com.github.dockerjava.zerodep.shaded.org.apache.hc.core5.io.Closer.close(Closer.java:48)
	at com.github.dockerjava.zerodep.shaded.org.apache.hc.core5.http.impl.io.IncomingHttpEntity.close(IncomingHttpEntity.java:111)
	at com.github.dockerjava.zerodep.shaded.org.apache.hc.core5.http.io.entity.HttpEntityWrapper.close(HttpEntityWrapper.java:120)
	at com.github.dockerjava.zerodep.shaded.org.apache.hc.core5.io.Closer.close(Closer.java:48)
	at com.github.dockerjava.zerodep.shaded.org.apache.hc.core5.http.message.BasicClassicHttpResponse.close(BasicClassicHttpResponse.java:93)
	at com.github.dockerjava.zerodep.shaded.org.apache.hc.client5.http.impl.classic.CloseableHttpResponse.close(CloseableHttpResponse.java:200)
	at com.github.dockerjava.zerodep.ApacheDockerHttpClientImpl$ApacheResponse.close(ApacheDockerHttpClientImpl.java:271)
	at org.testcontainers.shaded.com.github.dockerjava.core.DefaultInvocationBuilder.lambda$null$0(DefaultInvocationBuilder.java:272)
	at com.github.dockerjava.api.async.ResultCallbackTemplate.close(ResultCallbackTemplate.java:77)
	at org.testcontainers.containers.output.FrameConsumerResultCallback.close(FrameConsumerResultCallback.java:69)
	at org.testcontainers.containers.wait.strategy.LogMessageWaitStrategy.waitUntilReady(LogMessageWaitStrategy.java:49)
	at org.testcontainers.containers.wait.strategy.AbstractWaitStrategy.waitUntilReady(AbstractWaitStrategy.java:52)
	at org.testcontainers.containers.PostgreSQLContainer.waitUntilContainerStarted(PostgreSQLContainer.java:149)
	at org.testcontainers.containers.GenericContainer.tryStart(GenericContainer.java:500)
	at org.testcontainers.containers.GenericContainer.lambda$doStart$0(GenericContainer.java:354)
	at org.rnorth.ducttape.unreliables.Unreliables.retryUntilSuccess(Unreliables.java:81)
	at org.testcontainers.containers.GenericContainer.doStart(GenericContainer.java:344)
	at org.testcontainers.containers.GenericContainer.start(GenericContainer.java:330)
	at com.unitedApi.WorkedOnDAOTest.<init>(WorkedOnDAOTest.kt:59)
	at java.base/jdk.internal.reflect.NativeConstructorAccessorImpl.newInstance0(Native Method)
	at java.base/jdk.internal.reflect.NativeConstructorAccessorImpl.newInstance(NativeConstructorAccessorImpl.java:77)
	at java.base/jdk.internal.reflect.DelegatingConstructorAccessorImpl.newInstance(DelegatingConstructorAccessorImpl.java:45)
	at java.base/java.lang.reflect.Constructor.newInstanceWithCaller(Constructor.java:499)
	at java.base/java.lang.reflect.Constructor.newInstance(Constructor.java:480)
	at org.junit.runners.BlockJUnit4ClassRunner.createTest(BlockJUnit4ClassRunner.java:250)
	at org.junit.runners.BlockJUnit4ClassRunner.createTest(BlockJUnit4ClassRunner.java:260)
	at org.junit.runners.BlockJUnit4ClassRunner$2.runReflectiveCall(BlockJUnit4ClassRunner.java:309)
	at org.junit.internal.runners.model.ReflectiveCallable.run(ReflectiveCallable.java:12)
	at org.junit.runners.BlockJUnit4ClassRunner.methodBlock(BlockJUnit4ClassRunner.java:306)
	at org.junit.runners.BlockJUnit4ClassRunner$1.evaluate(BlockJUnit4ClassRunner.java:100)
	at org.junit.runners.ParentRunner.runLeaf(ParentRunner.java:366)
	at org.junit.runners.BlockJUnit4ClassRunner.runChild(BlockJUnit4ClassRunner.java:103)
	at org.junit.runners.BlockJUnit4ClassRunner.runChild(BlockJUnit4ClassRunner.java:63)
	at org.junit.runners.ParentRunner$4.run(ParentRunner.java:331)
	at org.junit.runners.ParentRunner$1.schedule(ParentRunner.java:79)
	at org.junit.runners.ParentRunner.runChildren(ParentRunner.java:329)
	at org.junit.runners.ParentRunner.access$100(ParentRunner.java:66)
	at org.junit.runners.ParentRunner$2.evaluate(ParentRunner.java:293)
	at org.junit.runners.ParentRunner$3.evaluate(ParentRunner.java:306)
	at org.junit.runners.ParentRunner.run(ParentRunner.java:413)
	at org.gradle.api.internal.tasks.testing.junit.JUnitTestClassExecutor.runTestClass(JUnitTestClassExecutor.java:112)
	at org.gradle.api.internal.tasks.testing.junit.JUnitTestClassExecutor.execute(JUnitTestClassExecutor.java:58)
	at org.gradle.api.internal.tasks.testing.junit.JUnitTestClassExecutor.execute(JUnitTestClassExecutor.java:40)
	at org.gradle.api.internal.tasks.testing.junit.AbstractJUnitTestClassProcessor.processTestClass(AbstractJUnitTestClassProcessor.java:60)
	at org.gradle.api.internal.tasks.testing.SuiteTestClassProcessor.processTestClass(SuiteTestClassProcessor.java:52)
	at java.base/jdk.internal.reflect.NativeMethodAccessorImpl.invoke0(Native Method)
	at java.base/jdk.internal.reflect.NativeMethodAccessorImpl.invoke(NativeMethodAccessorImpl.java:77)
	at java.base/jdk.internal.reflect.DelegatingMethodAccessorImpl.invoke(DelegatingMethodAccessorImpl.java:43)
	at java.base/java.lang.reflect.Method.invoke(Method.java:568)
	at org.gradle.internal.dispatch.ReflectionDispatch.dispatch(ReflectionDispatch.java:36)
	at org.gradle.internal.dispatch.ReflectionDispatch.dispatch(ReflectionDispatch.java:24)
	at org.gradle.internal.dispatch.ContextClassLoaderDispatch.dispatch(ContextClassLoaderDispatch.java:33)
	at org.gradle.internal.dispatch.ProxyDispatchAdapter$DispatchingInvocationHandler.invoke(ProxyDispatchAdapter.java:94)
	at jdk.proxy1/jdk.proxy1.$Proxy2.processTestClass(Unknown Source)
	at org.gradle.api.internal.tasks.testing.worker.TestWorker$2.run(TestWorker.java:176)
	at org.gradle.api.internal.tasks.testing.worker.TestWorker.executeAndMaintainThreadName(TestWorker.java:129)
	at org.gradle.api.internal.tasks.testing.worker.TestWorker.execute(TestWorker.java:100)
	at org.gradle.api.internal.tasks.testing.worker.TestWorker.execute(TestWorker.java:60)
	at org.gradle.process.internal.worker.child.ActionExecutionWorker.execute(ActionExecutionWorker.java:56)
	at org.gradle.process.internal.worker.child.SystemApplicationClassLoaderWorker.call(SystemApplicationClassLoaderWorker.java:113)
	at org.gradle.process.internal.worker.child.SystemApplicationClassLoaderWorker.call(SystemApplicationClassLoaderWorker.java:65)
	at worker.org.gradle.process.internal.worker.GradleWorkerMain.run(GradleWorkerMain.java:69)
	at worker.org.gradle.process.internal.worker.GradleWorkerMain.main(GradleWorkerMain.java:74)
Caused by: java.nio.channels.ClosedChannelException: null
	at java.base/sun.nio.ch.WindowsAsynchronousFileChannelImpl.implRead(WindowsAsynchronousFileChannelImpl.java:516)
	at java.base/sun.nio.ch.AsynchronousFileChannelImpl.read(AsynchronousFileChannelImpl.java:229)
	at com.github.dockerjava.transport.NamedPipeSocket$AsynchronousFileByteChannel.read(NamedPipeSocket.java:117)
	at java.base/java.nio.channels.Channels$2.read(Channels.java:238)
	... 70 common frames omitted
2024-07-24 14:31:05.787 [Test worker] INFO  tc.postgres:latest - Container postgres:latest started in PT1.8079751S
2024-07-24 14:31:05.787 [Test worker] INFO  tc.postgres:latest - Container is started (JDBC URL: jdbc:postgresql://localhost:51596/db?loggerLevel=OFF)
2024-07-24 14:31:05.788 [Test worker] INFO  org.testcontainers.ext.ScriptUtils - Executing database script from sql/init.sql
2024-07-24 14:31:05.789 [Test worker] DEBUG o.t.s.c.g.d.c.command.AbstrDockerCmd - Cmd: f0125aecf350ecc8d8dfb64d09e1500819783da2649fbdcf660b56f2277ecf67,false
2024-07-24 14:31:05.789 [Test worker] DEBUG o.t.s.c.g.d.c.e.InspectContainerCmdExec - GET: DefaultWebTarget{path=[/containers/f0125aecf350ecc8d8dfb64d09e1500819783da2649fbdcf660b56f2277ecf67/json], queryParams={}}
2024-07-24 14:31:05.789 [Test worker] DEBUG c.g.d.z.s.o.a.h.c.h.i.c.InternalHttpClient - ex-0000012E: preparing request execution
2024-07-24 14:31:05.789 [Test worker] DEBUG c.g.d.z.s.o.a.h.c.h.p.RequestAddCookies - Cookie spec selected: strict
2024-07-24 14:31:05.789 [Test worker] DEBUG c.g.d.z.s.o.a.h.c.h.p.RequestAuthCache - Auth cache not set in the context
2024-07-24 14:31:05.789 [Test worker] DEBUG c.g.d.z.s.o.a.h.c.h.i.c.ProtocolExec - ex-0000012E: target auth state: UNCHALLENGED
2024-07-24 14:31:05.789 [Test worker] DEBUG c.g.d.z.s.o.a.h.c.h.i.c.ProtocolExec - ex-0000012E: proxy auth state: UNCHALLENGED
2024-07-24 14:31:05.789 [Test worker] DEBUG c.g.d.z.s.o.a.h.c.h.i.c.ConnectExec - ex-0000012E: acquiring connection with route {}->npipe://localhost:2375
2024-07-24 14:31:05.789 [Test worker] DEBUG c.g.d.z.s.o.a.h.c.h.i.c.InternalHttpClient - ex-0000012E: acquiring endpoint (3 MINUTES)
2024-07-24 14:31:05.789 [Test worker] DEBUG c.g.d.z.s.o.a.h.c.h.i.i.PoolingHttpClientConnectionManager - ex-0000012E: endpoint lease request (3 MINUTES) [route: {}->npipe://localhost:2375][total available: 0; route allocated: 0 of 2147483647; total allocated: 0 of 2147483647]
2024-07-24 14:31:05.789 [Test worker] DEBUG c.g.d.z.s.o.a.h.c.h.i.i.PoolingHttpClientConnectionManager - ex-0000012E: endpoint leased [route: {}->npipe://localhost:2375][total available: 0; route allocated: 1 of 2147483647; total allocated: 1 of 2147483647]
2024-07-24 14:31:05.789 [Test worker] DEBUG c.g.d.z.s.o.a.h.c.h.i.i.PoolingHttpClientConnectionManager - ex-0000012E: acquired ep-0000012D
2024-07-24 14:31:05.789 [Test worker] DEBUG c.g.d.z.s.o.a.h.c.h.i.c.InternalHttpClient - ex-0000012E: acquired endpoint ep-0000012D
2024-07-24 14:31:05.789 [Test worker] DEBUG c.g.d.z.s.o.a.h.c.h.i.c.ConnectExec - ex-0000012E: opening connection {}->npipe://localhost:2375
2024-07-24 14:31:05.789 [Test worker] DEBUG c.g.d.z.s.o.a.h.c.h.i.c.InternalHttpClient - ep-0000012D: connecting endpoint (3 MINUTES)
2024-07-24 14:31:05.789 [Test worker] DEBUG c.g.d.z.s.o.a.h.c.h.i.i.PoolingHttpClientConnectionManager - ep-0000012D: connecting endpoint to npipe://localhost:2375 (3 MINUTES)
2024-07-24 14:31:05.789 [Test worker] DEBUG c.g.d.z.s.o.a.h.c.h.i.i.DefaultHttpClientConnectionOperator - http-outgoing-28: connecting to localhost/127.0.0.1:2375
2024-07-24 14:31:05.789 [Test worker] DEBUG c.g.d.z.s.o.a.h.c.h.i.i.DefaultHttpClientConnectionOperator - http-outgoing-28: connection established 
2024-07-24 14:31:05.789 [Test worker] DEBUG c.g.d.z.s.o.a.h.c.h.i.i.PoolingHttpClientConnectionManager - ep-0000012D: connected http-outgoing-28
2024-07-24 14:31:05.789 [Test worker] DEBUG c.g.d.z.s.o.a.h.c.h.i.c.InternalHttpClient - ep-0000012D: endpoint connected
2024-07-24 14:31:05.789 [Test worker] DEBUG c.g.d.z.s.o.a.h.c.h.i.c.MainClientExec - ex-0000012E: executing GET /v1.32/containers/f0125aecf350ecc8d8dfb64d09e1500819783da2649fbdcf660b56f2277ecf67/json HTTP/1.1
2024-07-24 14:31:05.789 [Test worker] DEBUG c.g.d.z.s.o.a.h.c.h.i.c.InternalHttpClient - ep-0000012D: start execution ex-0000012E
2024-07-24 14:31:05.789 [Test worker] DEBUG c.g.d.z.s.o.a.h.c.h.i.i.PoolingHttpClientConnectionManager - ep-0000012D: executing exchange ex-0000012E over http-outgoing-28
2024-07-24 14:31:05.789 [Test worker] DEBUG c.g.d.z.s.o.a.h.client5.http.headers - http-outgoing-28 >> GET /v1.32/containers/f0125aecf350ecc8d8dfb64d09e1500819783da2649fbdcf660b56f2277ecf67/json HTTP/1.1
2024-07-24 14:31:05.789 [Test worker] DEBUG c.g.d.z.s.o.a.h.client5.http.headers - http-outgoing-28 >> accept: application/json
2024-07-24 14:31:05.789 [Test worker] DEBUG c.g.d.z.s.o.a.h.client5.http.headers - http-outgoing-28 >> x-tc-sid: 280e6229-7396-4d60-b1e3-a5de48b5d49b
2024-07-24 14:31:05.789 [Test worker] DEBUG c.g.d.z.s.o.a.h.client5.http.headers - http-outgoing-28 >> User-Agent: tc-java/1.19.8
2024-07-24 14:31:05.789 [Test worker] DEBUG c.g.d.z.s.o.a.h.client5.http.headers - http-outgoing-28 >> Accept-Encoding: gzip, x-gzip, deflate
2024-07-24 14:31:05.790 [Test worker] DEBUG c.g.d.z.s.o.a.h.client5.http.headers - http-outgoing-28 >> Host: localhost:2375
2024-07-24 14:31:05.790 [Test worker] DEBUG c.g.d.z.s.o.a.h.client5.http.headers - http-outgoing-28 >> Connection: keep-alive
2024-07-24 14:31:05.790 [Test worker] DEBUG c.g.d.z.s.o.a.hc.client5.http.wire - http-outgoing-28 >> "GET /v1.32/containers/f0125aecf350ecc8d8dfb64d09e1500819783da2649fbdcf660b56f2277ecf67/json HTTP/1.1[\r][\n]"
2024-07-24 14:31:05.790 [Test worker] DEBUG c.g.d.z.s.o.a.hc.client5.http.wire - http-outgoing-28 >> "accept: application/json[\r][\n]"
2024-07-24 14:31:05.790 [Test worker] DEBUG c.g.d.z.s.o.a.hc.client5.http.wire - http-outgoing-28 >> "x-tc-sid: 280e6229-7396-4d60-b1e3-a5de48b5d49b[\r][\n]"
2024-07-24 14:31:05.790 [Test worker] DEBUG c.g.d.z.s.o.a.hc.client5.http.wire - http-outgoing-28 >> "User-Agent: tc-java/1.19.8[\r][\n]"
2024-07-24 14:31:05.790 [Test worker] DEBUG c.g.d.z.s.o.a.hc.client5.http.wire - http-outgoing-28 >> "Accept-Encoding: gzip, x-gzip, deflate[\r][\n]"
2024-07-24 14:31:05.790 [Test worker] DEBUG c.g.d.z.s.o.a.hc.client5.http.wire - http-outgoing-28 >> "Host: localhost:2375[\r][\n]"
2024-07-24 14:31:05.790 [Test worker] DEBUG c.g.d.z.s.o.a.hc.client5.http.wire - http-outgoing-28 >> "Connection: keep-alive[\r][\n]"
2024-07-24 14:31:05.790 [Test worker] DEBUG c.g.d.z.s.o.a.hc.client5.http.wire - http-outgoing-28 >> "[\r][\n]"
2024-07-24 14:31:05.792 [Test worker] DEBUG c.g.d.z.s.o.a.hc.client5.http.wire - http-outgoing-28 << "HTTP/1.1 200 OK[\r][\n]"
2024-07-24 14:31:05.792 [Test worker] DEBUG c.g.d.z.s.o.a.hc.client5.http.wire - http-outgoing-28 << "Api-Version: 1.45[\r][\n]"
2024-07-24 14:31:05.792 [Test worker] DEBUG c.g.d.z.s.o.a.hc.client5.http.wire - http-outgoing-28 << "Content-Type: application/json[\r][\n]"
2024-07-24 14:31:05.792 [Test worker] DEBUG c.g.d.z.s.o.a.hc.client5.http.wire - http-outgoing-28 << "Date: Wed, 24 Jul 2024 02:31:05 GMT[\r][\n]"
2024-07-24 14:31:05.792 [Test worker] DEBUG c.g.d.z.s.o.a.hc.client5.http.wire - http-outgoing-28 << "Docker-Experimental: false[\r][\n]"
2024-07-24 14:31:05.792 [Test worker] DEBUG c.g.d.z.s.o.a.hc.client5.http.wire - http-outgoing-28 << "Ostype: linux[\r][\n]"
2024-07-24 14:31:05.792 [Test worker] DEBUG c.g.d.z.s.o.a.hc.client5.http.wire - http-outgoing-28 << "Server: Docker/26.0.0 (linux)[\r][\n]"
2024-07-24 14:31:05.792 [Test worker] DEBUG c.g.d.z.s.o.a.hc.client5.http.wire - http-outgoing-28 << "Transfer-Encoding: chunked[\r][\n]"
2024-07-24 14:31:05.792 [Test worker] DEBUG c.g.d.z.s.o.a.hc.client5.http.wire - http-outgoing-28 << "[\r][\n]"
2024-07-24 14:31:05.792 [Test worker] DEBUG c.g.d.z.s.o.a.h.client5.http.headers - http-outgoing-28 << HTTP/1.1 200 OK
2024-07-24 14:31:05.792 [Test worker] DEBUG c.g.d.z.s.o.a.h.client5.http.headers - http-outgoing-28 << Api-Version: 1.45
2024-07-24 14:31:05.792 [Test worker] DEBUG c.g.d.z.s.o.a.h.client5.http.headers - http-outgoing-28 << Content-Type: application/json
2024-07-24 14:31:05.792 [Test worker] DEBUG c.g.d.z.s.o.a.h.client5.http.headers - http-outgoing-28 << Date: Wed, 24 Jul 2024 02:31:05 GMT
2024-07-24 14:31:05.792 [Test worker] DEBUG c.g.d.z.s.o.a.h.client5.http.headers - http-outgoing-28 << Docker-Experimental: false
2024-07-24 14:31:05.792 [Test worker] DEBUG c.g.d.z.s.o.a.h.client5.http.headers - http-outgoing-28 << Ostype: linux
2024-07-24 14:31:05.792 [Test worker] DEBUG c.g.d.z.s.o.a.h.client5.http.headers - http-outgoing-28 << Server: Docker/26.0.0 (linux)
2024-07-24 14:31:05.792 [Test worker] DEBUG c.g.d.z.s.o.a.h.client5.http.headers - http-outgoing-28 << Transfer-Encoding: chunked
2024-07-24 14:31:05.792 [Test worker] DEBUG c.g.d.z.s.o.a.h.c.h.i.c.MainClientExec - ex-0000012E: connection can be kept alive for 3 MINUTES
2024-07-24 14:31:05.794 [Test worker] DEBUG c.g.d.z.s.o.a.hc.client5.http.wire - http-outgoing-28 << "1a3c[\r][\n]"
2024-07-24 14:31:05.794 [Test worker] DEBUG c.g.d.z.s.o.a.hc.client5.http.wire - http-outgoing-28 << "{"Id":"f0125aecf350ecc8d8dfb64d09e1500819783da2649fbdcf660b56f2277ecf67","Created":"2024-07-24T02:31:03.988923997Z","Path":"docker-entrypoint.sh","Args":["postgres","-c","fsync=off"],"State":{"Status":"running","Running":true,"Paused":false,"Restarting":false,"OOMKilled":false,"Dead":false,"Pid":31638,"ExitCode":0,"Error":"","StartedAt":"2024-07-24T02:31:04.46960968Z","FinishedAt":"0001-01-01T00:00:00Z"},"Image":"sha256:8e4fc9e184899a58735e7ee333f5e272d7d2298cf59302006b71f33e217be130","ResolvConfPath":"/var/lib/docker/containers/f0125aecf350ecc8d8dfb64d09e1500819783da2649fbdcf660b56f2277ecf67/resolv.conf","HostnamePath":"/var/lib/docker/containers/f0125aecf350ecc8d8dfb64d09e1500819783da2649fbdcf660b56f2277ecf67/hostname","HostsPath":"/var/lib/docker/containers/f0125aecf350ecc8d8dfb64d09e1500819783da2649fbdcf660b56f2277ecf67/hosts","LogPath":"/var/lib/docker/containers/f0125aecf350ecc8d8dfb64d09e1500819783da2649fbdcf660b56f2277ecf67/f0125aecf350ecc8d8dfb64d09e1500819783da2649fbdcf660b56f2277ecf67-json.log","Name":"/pensive_grothendieck","RestartCount":0,"Driver":"overlay2","Platform":"linux","MountLabel":"","ProcessLabel":"","AppArmorProfile":"","ExecIDs":null,"HostConfig":{"Binds":[],"ContainerIDFile":"","LogConfig":{"Type":"json-file","Config":{}},"NetworkMode":"default","PortBindings":{"5432/tcp":[{"HostIp":"0.0.0.0","HostPort":"0"}]},"RestartPolicy":{"Name":"no","MaximumRetryCount":0},"AutoRemove":false,"VolumeDriver":"","VolumesFrom":[],"ConsoleSize":[0,0],"CapAdd":null,"CapDrop":null,"CgroupnsMode":"host","Dns":null,"DnsOptions":null,"DnsSearch":null,"ExtraHosts":[],"GroupAdd":null,"IpcMode":"shareable","Cgroup":"","Links":null,"OomScoreAdj":0,"PidMode":"","Privileged":false,"PublishAllPorts":false,"ReadonlyRootfs":false,"SecurityOpt":null,"UTSMode":"","UsernsMode":"","ShmSize":67108864,"Runtime":"runc","Isolation":"","CpuShares":0,"Memory":0,"NanoCpus":0,"CgroupParent":"","BlkioWeight":0,"BlkioWeightDevice":null,"BlkioDeviceReadBps":null,"BlkioDeviceWriteBps":null,"BlkioDeviceReadIOps":null,"BlkioDeviceWriteIOps":null,"CpuPeriod":0,"CpuQuota":0,"CpuRealtimePeriod":0,"CpuRealtimeRuntime":0,"CpusetCpus":"","CpusetMems":"","Devices":null,"DeviceCgroupRules":null,"DeviceRequests":null,"MemoryReservation":0,"MemorySwap":0,"MemorySwappiness":null,"OomKillDisable":false,"PidsLimit":null,"Ulimits":null,"CpuCount":0,"CpuPercent":0,"IOMaximumIOps":0,"IOMaximumBandwidth":0,"MaskedPaths":["/proc/asound","/proc/acpi","/proc/kcore","/proc/keys","/proc/latency_stats","/proc/timer_list","/proc/timer_stats","/proc/sched_debug","/proc/scsi","/sys/firmware","/sys/devices/virtual/powercap"],"ReadonlyPaths":["/proc/bus","/proc/fs","/proc/irq","/proc/sys","/proc/sysrq-trigger"]},"GraphDriver":{"Data":{"LowerDir":"/var/lib/docker/overlay2/315d5f330872b347dfaccc606b59983c15714a986b91786abed76a1dfc67eb6e-init/diff:/var/lib/docker/overlay2/8f0ddbd386af0785c2e348570516955816ab350305d698d363962d488eeb15ec/diff:/var/lib/docker/overlay2/0eb0ca73e9b0be7c3d7fa8762ef4778a68f38391bc84c037c2e90b88e781b475/diff:/var/lib/docker/overlay2/74e634bddc785c5d436b10a5158cd82e21dc2065fd1cf8ff9c1c12e01575a2d8/diff:/var/lib/docker/overlay2/bb918b2851cd2f508f1e3fdbfff8b7f8b041d61e65fe8c368288bf399e80b818/diff:/var/lib/docker/overlay2/2abab2946cbdc2941ee8ec4024c51dac7313dee9de5fbedd1ca33388c59eb3c8/diff:/var/lib/docker/overlay2/e12f6083ee669bd92743ceb339a896bb25dbe461b718705bb39eb410b80c0ecd/diff:/var/lib/docker/overlay2/ced1e86d670d097da5ed4da7288c22507735918959161c2cd8bf083fb30d169a/diff:/var/lib/docker/overlay2/94e9ac7b74923285ae73af20aeccb964ca9079e2305db367cb85d1603560472d/diff:/var/lib/docker/overlay2/a396b6dfd63f0c228c519871183c614cccf4d366a43460f27ecf97113c3c4be8/diff:/var/lib/docker/overlay2/f58ada5d5080c2bac553c734f81127660a90581a35ed2a92cebe3c59e340875b/diff:/var/lib/docker/overlay2/84f85636f37bf55d945e217b4f87a856eba7932284beaf042561007b66f48977/diff:/var/lib/docker/overlay2/1e6e519613884e91a2b74a588ba35dc8a2f789371ab798ef6e7d9836d756042f/diff:/var/lib/docker/overlay2/14a3151cc8b4f9d27d2e64f1a8abc0c7809309580f2d7e8dc8545055c1d56194/diff:/var/lib"
2024-07-24 14:31:05.794 [Test worker] DEBUG c.g.d.z.s.o.a.hc.client5.http.wire - http-outgoing-28 << "/docker/overlay2/5b354b9e793401517fe2f1da697653fdaadffc54888eaf76d67e0600b8c68bdc/diff","MergedDir":"/var/lib/docker/overlay2/315d5f330872b347dfaccc606b59983c15714a986b91786abed76a1dfc67eb6e/merged","UpperDir":"/var/lib/docker/overlay2/315d5f330872b347dfaccc606b59983c15714a986b91786abed76a1dfc67eb6e/diff","WorkDir":"/var/lib/docker/overlay2/315d5f330872b347dfaccc606b59983c15714a986b91786abed76a1dfc67eb6e/work"},"Name":"overlay2"},"Mounts":[{"Type":"volume","Name":"3347719206b0380706b5aa597898623888d4eee1de1bf643293e6cab061b22b2","Source":"/var/lib/docker/volumes/3347719206b0380706b5aa597898623888d4eee1de1bf643293e6cab061b22b2/_data","Destination":"/var/lib/postgresql/data","Driver":"local","Mode":"","RW":true,"Propagation":""}],"Config":{"Hostname":"f0125aecf350","Domainname":"","User":"","AttachStdin":false,"AttachStdout":false,"AttachStderr":false,"ExposedPorts":{"5432/tcp":{}},"Tty":false,"OpenStdin":false,"StdinOnce":false,"Env":["POSTGRES_USER=user","POSTGRES_PASSWORD=password","POSTGRES_DB=db","PATH=/usr/local/sbin:/usr/local/bin:/usr/sbin:/usr/bin:/sbin:/bin:/usr/lib/postgresql/16/bin","GOSU_VERSION=1.17","LANG=en_US.utf8","PG_MAJOR=16","PG_VERSION=16.2-1.pgdg120+2","PGDATA=/var/lib/postgresql/data"],"Cmd":["postgres","-c","fsync=off"],"Image":"postgres:latest","Volumes":{"/var/lib/postgresql/data":{}},"WorkingDir":"","Entrypoint":["docker-entrypoint.sh"],"OnBuild":null,"Labels":{"org.testcontainers":"true","org.testcontainers.lang":"java","org.testcontainers.sessionId":"280e6229-7396-4d60-b1e3-a5de48b5d49b","org.testcontainers.version":"1.19.8"},"StopSignal":"SIGINT"},"NetworkSettings":{"Bridge":"","SandboxID":"090aae8393b85d5c80bf1b84c3b2c0559170ca4e40f36ddd72fb93efb8f69173","SandboxKey":"/var/run/docker/netns/090aae8393b8","Ports":{"5432/tcp":[{"HostIp":"0.0.0.0","HostPort":"51596"}]},"HairpinMode":false,"LinkLocalIPv6Address":"","LinkLocalIPv6PrefixLen":0,"SecondaryIPAddresses":null,"SecondaryIPv6Addresses":null,"EndpointID":"465c45fc67a9869e041dd483f9925eb7dc276adf7c64c6c229deba908ef26230","Gateway":"172.17.0.1","GlobalIPv6Address":"","GlobalIPv6PrefixLen":0,"IPAddress":"172.17.0.3","IPPrefixLen":16,"IPv6Gateway":"","MacAddress":"02:42:ac:11:00:03","Networks":{"bridge":{"IPAMConfig":null,"Links":null,"Aliases":null,"MacAddress":"02:42:ac:11:00:03","NetworkID":"3c842496be344cbdae878c1dee0957e7bc7c0a2236009c92752030f2b053e72f","EndpointID":"465c45fc67a9869e041dd483f9925eb7dc276adf7c64c6c229deba908ef26230","Gateway":"172.17.0.1","IPAddress":"172.17.0.3","IPPrefixLen":16,"IPv6Gateway":"","GlobalIPv6Address":"","GlobalIPv6PrefixLen":0,"DriverOpts":null,"DNSNames":null}}}}[\n]"
2024-07-24 14:31:05.795 [Test worker] DEBUG c.g.d.z.s.o.a.hc.client5.http.wire - http-outgoing-28 << "[\r][\n]"
2024-07-24 14:31:05.795 [Test worker] DEBUG c.g.d.z.s.o.a.hc.client5.http.wire - http-outgoing-28 << "0[\r][\n]"
2024-07-24 14:31:05.795 [Test worker] DEBUG c.g.d.z.s.o.a.hc.client5.http.wire - http-outgoing-28 << "[\r][\n]"
2024-07-24 14:31:05.795 [Test worker] DEBUG c.g.d.z.s.o.a.h.c.h.i.c.InternalHttpClient - ep-0000012D: releasing valid endpoint
2024-07-24 14:31:05.795 [Test worker] DEBUG c.g.d.z.s.o.a.h.c.h.i.i.PoolingHttpClientConnectionManager - ep-0000012D: releasing endpoint
2024-07-24 14:31:05.795 [Test worker] DEBUG c.g.d.z.s.o.a.h.c.h.i.i.PoolingHttpClientConnectionManager - ep-0000012D: connection http-outgoing-28 can be kept alive for 3 MINUTES
2024-07-24 14:31:05.795 [Test worker] DEBUG c.g.d.z.s.o.a.h.c.h.i.i.PoolingHttpClientConnectionManager - ep-0000012D: connection released [route: {}->npipe://localhost:2375][total available: 1; route allocated: 1 of 2147483647; total allocated: 1 of 2147483647]
2024-07-24 14:31:05.795 [Test worker] DEBUG tc.postgres:latest - Trying to create JDBC connection using org.postgresql.Driver to jdbc:postgresql://localhost:51596/db?loggerLevel=OFF with properties: {password=password, user=user}
2024-07-24 14:31:05.806 [Test worker] DEBUG o.t.jdbc.JdbcDatabaseDelegate - false returned as updateCount for SQL: drop table if exists WorkedOn
2024-07-24 14:31:05.807 [Test worker] DEBUG o.t.jdbc.JdbcDatabaseDelegate - false returned as updateCount for SQL: drop table if exists SequenceLine
2024-07-24 14:31:05.807 [Test worker] DEBUG o.t.jdbc.JdbcDatabaseDelegate - false returned as updateCount for SQL: drop table if exists WorkOrder
2024-07-24 14:31:05.808 [Test worker] DEBUG o.t.jdbc.JdbcDatabaseDelegate - false returned as updateCount for SQL: drop table if exists SequenceHeader
2024-07-24 14:31:05.809 [Test worker] DEBUG o.t.jdbc.JdbcDatabaseDelegate - false returned as updateCount for SQL: drop table if exists SaleOrderLine
2024-07-24 14:31:05.809 [Test worker] DEBUG o.t.jdbc.JdbcDatabaseDelegate - false returned as updateCount for SQL: drop table if exists SaleOrderHeader
2024-07-24 14:31:05.810 [Test worker] DEBUG o.t.jdbc.JdbcDatabaseDelegate - false returned as updateCount for SQL: drop table if exists Staff
2024-07-24 14:31:05.811 [Test worker] DEBUG o.t.jdbc.JdbcDatabaseDelegate - false returned as updateCount for SQL: drop table if exists WorkStation
2024-07-24 14:31:05.812 [Test worker] DEBUG o.t.jdbc.JdbcDatabaseDelegate - false returned as updateCount for SQL: drop table if exists Part
2024-07-24 14:31:05.813 [Test worker] DEBUG o.t.jdbc.JdbcDatabaseDelegate - false returned as updateCount for SQL: drop table if exists Customer
2024-07-24 14:31:05.816 [Test worker] DEBUG o.t.jdbc.JdbcDatabaseDelegate - false returned as updateCount for SQL: create table Customer ( customerId VarChar(8) PRIMARY Key, name VarChar(100) not null, address VarChar(500) not null )
2024-07-24 14:31:05.817 [Test worker] DEBUG o.t.jdbc.JdbcDatabaseDelegate - false returned as updateCount for SQL: create table Part ( partId VarChar(6) PRIMARY KEY, inventory Int not null, name VarChar(100) not null )
2024-07-24 14:31:05.818 [Test worker] DEBUG o.t.jdbc.JdbcDatabaseDelegate - false returned as updateCount for SQL: create table WorkStation ( name VarChar(50) PRIMARY KEY )
2024-07-24 14:31:05.819 [Test worker] DEBUG o.t.jdbc.JdbcDatabaseDelegate - false returned as updateCount for SQL: create table Staff ( staffID VarChar(6) PRIMARY KEY, name VarChar(100) not null )
2024-07-24 14:31:05.821 [Test worker] DEBUG o.t.jdbc.JdbcDatabaseDelegate - false returned as updateCount for SQL: create table SaleOrderHeader ( soHeaderId VarChar(6) PRIMARY key , customerId VarChar(8) not null references Customer (customerId) )
2024-07-24 14:31:05.822 [Test worker] DEBUG o.t.jdbc.JdbcDatabaseDelegate - false returned as updateCount for SQL: create table SaleOrderLine ( soLineId VarChar(6), soHeaderId VarChar(6) references SaleOrderHeader (soHeaderID), dateDue Date not null, partID VarChar(6) not null references Part(partId), PRIMARY KEY (soLineId,soHeaderId) )
2024-07-24 14:31:05.823 [Test worker] DEBUG o.t.jdbc.JdbcDatabaseDelegate - false returned as updateCount for SQL: create table SequenceHeader ( seqHeaderId VarChar(6) PRIMARY KEY, partId VarChar(6) not null references Part(partId) )
2024-07-24 14:31:05.824 [Test worker] DEBUG o.t.jdbc.JdbcDatabaseDelegate - false returned as updateCount for SQL: create table WorkOrder ( workOrderId VarChar(8) PRIMARY KEY, seqHeaderId VarChar(6) not null REFERENCES SequenceHeader (seqHeaderId), soLineId VarChar(6) not null, soHeaderId VarChar(6) not null, quanity Int not null, FOREIGN KEY (soLineId,soHeaderId) REFERENCES SaleOrderLine (soLineId,soHeaderId) )
2024-07-24 14:31:05.826 [Test worker] DEBUG o.t.jdbc.JdbcDatabaseDelegate - false returned as updateCount for SQL: create table SequenceLine ( seqLineId VarChar(10), seqHeaderId VarChar(6) references SequenceHeader (seqHeaderId), workStation VarChar(50) not null references WorkStation(name), PRIMARY KEY(seqLineId,seqHeaderId) )
2024-07-24 14:31:05.827 [Test worker] DEBUG o.t.jdbc.JdbcDatabaseDelegate - false returned as updateCount for SQL: create table WorkedOn ( staffId VarChar(8) references Staff (staffId), seqHeaderId VarChar(6), seqLineId VarChar(10), workOrderId VarChar(50) references WorkOrder(workOrderId), PRIMARY key (staffId,seqHeaderId,seqLineId,workOrderId), FOREIGN KEY (seqHeaderId,seqLineId) REFERENCES SequenceLine (seqHeaderId,seqLineId) )
2024-07-24 14:31:05.828 [Test worker] INFO  org.testcontainers.ext.ScriptUtils - Executed database script from sql/init.sql in 39 ms.
2024-07-24 14:31:05.852 [Test worker] DEBUG o.t.s.c.g.d.c.command.AbstrDockerCmd - Cmd: f0125aecf350ecc8d8dfb64d09e1500819783da2649fbdcf660b56f2277ecf67,false
2024-07-24 14:31:05.852 [Test worker] DEBUG o.t.s.c.g.d.c.e.InspectContainerCmdExec - GET: DefaultWebTarget{path=[/containers/f0125aecf350ecc8d8dfb64d09e1500819783da2649fbdcf660b56f2277ecf67/json], queryParams={}}
2024-07-24 14:31:05.853 [Test worker] DEBUG c.g.d.z.s.o.a.h.c.h.i.c.InternalHttpClient - ex-0000012F: preparing request execution
2024-07-24 14:31:05.853 [Test worker] DEBUG c.g.d.z.s.o.a.h.c.h.p.RequestAddCookies - Cookie spec selected: strict
2024-07-24 14:31:05.853 [Test worker] DEBUG c.g.d.z.s.o.a.h.c.h.p.RequestAuthCache - Auth cache not set in the context
2024-07-24 14:31:05.853 [Test worker] DEBUG c.g.d.z.s.o.a.h.c.h.i.c.ProtocolExec - ex-0000012F: target auth state: UNCHALLENGED
2024-07-24 14:31:05.853 [Test worker] DEBUG c.g.d.z.s.o.a.h.c.h.i.c.ProtocolExec - ex-0000012F: proxy auth state: UNCHALLENGED
2024-07-24 14:31:05.853 [Test worker] DEBUG c.g.d.z.s.o.a.h.c.h.i.c.ConnectExec - ex-0000012F: acquiring connection with route {}->npipe://localhost:2375
2024-07-24 14:31:05.853 [Test worker] DEBUG c.g.d.z.s.o.a.h.c.h.i.c.InternalHttpClient - ex-0000012F: acquiring endpoint (3 MINUTES)
2024-07-24 14:31:05.853 [Test worker] DEBUG c.g.d.z.s.o.a.h.c.h.i.i.PoolingHttpClientConnectionManager - ex-0000012F: endpoint lease request (3 MINUTES) [route: {}->npipe://localhost:2375][total available: 1; route allocated: 1 of 2147483647; total allocated: 1 of 2147483647]
2024-07-24 14:31:05.853 [Test worker] DEBUG c.g.d.z.s.o.a.h.c.h.i.i.PoolingHttpClientConnectionManager - ex-0000012F: endpoint leased [route: {}->npipe://localhost:2375][total available: 0; route allocated: 1 of 2147483647; total allocated: 1 of 2147483647]
2024-07-24 14:31:05.853 [Test worker] DEBUG c.g.d.z.s.o.a.h.c.h.i.i.PoolingHttpClientConnectionManager - ex-0000012F: acquired ep-0000012E
2024-07-24 14:31:05.853 [Test worker] DEBUG c.g.d.z.s.o.a.h.c.h.i.c.InternalHttpClient - ex-0000012F: acquired endpoint ep-0000012E
2024-07-24 14:31:05.853 [Test worker] DEBUG c.g.d.z.s.o.a.h.c.h.i.c.MainClientExec - ex-0000012F: executing GET /v1.32/containers/f0125aecf350ecc8d8dfb64d09e1500819783da2649fbdcf660b56f2277ecf67/json HTTP/1.1
2024-07-24 14:31:05.853 [Test worker] DEBUG c.g.d.z.s.o.a.h.c.h.i.c.InternalHttpClient - ep-0000012E: start execution ex-0000012F
2024-07-24 14:31:05.853 [Test worker] DEBUG c.g.d.z.s.o.a.h.c.h.i.i.PoolingHttpClientConnectionManager - ep-0000012E: executing exchange ex-0000012F over http-outgoing-28
2024-07-24 14:31:05.853 [Test worker] DEBUG c.g.d.z.s.o.a.h.client5.http.headers - http-outgoing-28 >> GET /v1.32/containers/f0125aecf350ecc8d8dfb64d09e1500819783da2649fbdcf660b56f2277ecf67/json HTTP/1.1
2024-07-24 14:31:05.853 [Test worker] DEBUG c.g.d.z.s.o.a.h.client5.http.headers - http-outgoing-28 >> accept: application/json
2024-07-24 14:31:05.853 [Test worker] DEBUG c.g.d.z.s.o.a.h.client5.http.headers - http-outgoing-28 >> x-tc-sid: 280e6229-7396-4d60-b1e3-a5de48b5d49b
2024-07-24 14:31:05.853 [Test worker] DEBUG c.g.d.z.s.o.a.h.client5.http.headers - http-outgoing-28 >> User-Agent: tc-java/1.19.8
2024-07-24 14:31:05.853 [Test worker] DEBUG c.g.d.z.s.o.a.h.client5.http.headers - http-outgoing-28 >> Accept-Encoding: gzip, x-gzip, deflate
2024-07-24 14:31:05.853 [Test worker] DEBUG c.g.d.z.s.o.a.h.client5.http.headers - http-outgoing-28 >> Host: localhost:2375
2024-07-24 14:31:05.853 [Test worker] DEBUG c.g.d.z.s.o.a.h.client5.http.headers - http-outgoing-28 >> Connection: keep-alive
2024-07-24 14:31:05.853 [Test worker] DEBUG c.g.d.z.s.o.a.hc.client5.http.wire - http-outgoing-28 >> "GET /v1.32/containers/f0125aecf350ecc8d8dfb64d09e1500819783da2649fbdcf660b56f2277ecf67/json HTTP/1.1[\r][\n]"
2024-07-24 14:31:05.853 [Test worker] DEBUG c.g.d.z.s.o.a.hc.client5.http.wire - http-outgoing-28 >> "accept: application/json[\r][\n]"
2024-07-24 14:31:05.853 [Test worker] DEBUG c.g.d.z.s.o.a.hc.client5.http.wire - http-outgoing-28 >> "x-tc-sid: 280e6229-7396-4d60-b1e3-a5de48b5d49b[\r][\n]"
2024-07-24 14:31:05.853 [Test worker] DEBUG c.g.d.z.s.o.a.hc.client5.http.wire - http-outgoing-28 >> "User-Agent: tc-java/1.19.8[\r][\n]"
2024-07-24 14:31:05.853 [Test worker] DEBUG c.g.d.z.s.o.a.hc.client5.http.wire - http-outgoing-28 >> "Accept-Encoding: gzip, x-gzip, deflate[\r][\n]"
2024-07-24 14:31:05.853 [Test worker] DEBUG c.g.d.z.s.o.a.hc.client5.http.wire - http-outgoing-28 >> "Host: localhost:2375[\r][\n]"
2024-07-24 14:31:05.853 [Test worker] DEBUG c.g.d.z.s.o.a.hc.client5.http.wire - http-outgoing-28 >> "Connection: keep-alive[\r][\n]"
2024-07-24 14:31:05.853 [Test worker] DEBUG c.g.d.z.s.o.a.hc.client5.http.wire - http-outgoing-28 >> "[\r][\n]"
2024-07-24 14:31:05.856 [Test worker] DEBUG c.g.d.z.s.o.a.hc.client5.http.wire - http-outgoing-28 << "HTTP/1.1 200 OK[\r][\n]"
2024-07-24 14:31:05.856 [Test worker] DEBUG c.g.d.z.s.o.a.hc.client5.http.wire - http-outgoing-28 << "Api-Version: 1.45[\r][\n]"
2024-07-24 14:31:05.856 [Test worker] DEBUG c.g.d.z.s.o.a.hc.client5.http.wire - http-outgoing-28 << "Content-Type: application/json[\r][\n]"
2024-07-24 14:31:05.856 [Test worker] DEBUG c.g.d.z.s.o.a.hc.client5.http.wire - http-outgoing-28 << "Date: Wed, 24 Jul 2024 02:31:05 GMT[\r][\n]"
2024-07-24 14:31:05.856 [Test worker] DEBUG c.g.d.z.s.o.a.hc.client5.http.wire - http-outgoing-28 << "Docker-Experimental: false[\r][\n]"
2024-07-24 14:31:05.856 [Test worker] DEBUG c.g.d.z.s.o.a.hc.client5.http.wire - http-outgoing-28 << "Ostype: linux[\r][\n]"
2024-07-24 14:31:05.856 [Test worker] DEBUG c.g.d.z.s.o.a.hc.client5.http.wire - http-outgoing-28 << "Server: Docker/26.0.0 (linux)[\r][\n]"
2024-07-24 14:31:05.856 [Test worker] DEBUG c.g.d.z.s.o.a.hc.client5.http.wire - http-outgoing-28 << "Transfer-Encoding: chunked[\r][\n]"
2024-07-24 14:31:05.856 [Test worker] DEBUG c.g.d.z.s.o.a.hc.client5.http.wire - http-outgoing-28 << "[\r][\n]"
2024-07-24 14:31:05.856 [Test worker] DEBUG c.g.d.z.s.o.a.h.client5.http.headers - http-outgoing-28 << HTTP/1.1 200 OK
2024-07-24 14:31:05.856 [Test worker] DEBUG c.g.d.z.s.o.a.h.client5.http.headers - http-outgoing-28 << Api-Version: 1.45
2024-07-24 14:31:05.856 [Test worker] DEBUG c.g.d.z.s.o.a.h.client5.http.headers - http-outgoing-28 << Content-Type: application/json
2024-07-24 14:31:05.856 [Test worker] DEBUG c.g.d.z.s.o.a.h.client5.http.headers - http-outgoing-28 << Date: Wed, 24 Jul 2024 02:31:05 GMT
2024-07-24 14:31:05.856 [Test worker] DEBUG c.g.d.z.s.o.a.h.client5.http.headers - http-outgoing-28 << Docker-Experimental: false
2024-07-24 14:31:05.856 [Test worker] DEBUG c.g.d.z.s.o.a.h.client5.http.headers - http-outgoing-28 << Ostype: linux
2024-07-24 14:31:05.856 [Test worker] DEBUG c.g.d.z.s.o.a.h.client5.http.headers - http-outgoing-28 << Server: Docker/26.0.0 (linux)
2024-07-24 14:31:05.856 [Test worker] DEBUG c.g.d.z.s.o.a.h.client5.http.headers - http-outgoing-28 << Transfer-Encoding: chunked
2024-07-24 14:31:05.856 [Test worker] DEBUG c.g.d.z.s.o.a.h.c.h.i.c.MainClientExec - ex-0000012F: connection can be kept alive for 3 MINUTES
2024-07-24 14:31:05.857 [Test worker] DEBUG c.g.d.z.s.o.a.hc.client5.http.wire - http-outgoing-28 << "1a3c[\r][\n]"
2024-07-24 14:31:05.857 [Test worker] DEBUG c.g.d.z.s.o.a.hc.client5.http.wire - http-outgoing-28 << "{"Id":"f0125aecf350ecc8d8dfb64d09e1500819783da2649fbdcf660b56f2277ecf67","Created":"2024-07-24T02:31:03.988923997Z","Path":"docker-entrypoint.sh","Args":["postgres","-c","fsync=off"],"State":{"Status":"running","Running":true,"Paused":false,"Restarting":false,"OOMKilled":false,"Dead":false,"Pid":31638,"ExitCode":0,"Error":"","StartedAt":"2024-07-24T02:31:04.46960968Z","FinishedAt":"0001-01-01T00:00:00Z"},"Image":"sha256:8e4fc9e184899a58735e7ee333f5e272d7d2298cf59302006b71f33e217be130","ResolvConfPath":"/var/lib/docker/containers/f0125aecf350ecc8d8dfb64d09e1500819783da2649fbdcf660b56f2277ecf67/resolv.conf","HostnamePath":"/var/lib/docker/containers/f0125aecf350ecc8d8dfb64d09e1500819783da2649fbdcf660b56f2277ecf67/hostname","HostsPath":"/var/lib/docker/containers/f0125aecf350ecc8d8dfb64d09e1500819783da2649fbdcf660b56f2277ecf67/hosts","LogPath":"/var/lib/docker/containers/f0125aecf350ecc8d8dfb64d09e1500819783da2649fbdcf660b56f2277ecf67/f0125aecf350ecc8d8dfb64d09e1500819783da2649fbdcf660b56f2277ecf67-json.log","Name":"/pensive_grothendieck","RestartCount":0,"Driver":"overlay2","Platform":"linux","MountLabel":"","ProcessLabel":"","AppArmorProfile":"","ExecIDs":null,"HostConfig":{"Binds":[],"ContainerIDFile":"","LogConfig":{"Type":"json-file","Config":{}},"NetworkMode":"default","PortBindings":{"5432/tcp":[{"HostIp":"0.0.0.0","HostPort":"0"}]},"RestartPolicy":{"Name":"no","MaximumRetryCount":0},"AutoRemove":false,"VolumeDriver":"","VolumesFrom":[],"ConsoleSize":[0,0],"CapAdd":null,"CapDrop":null,"CgroupnsMode":"host","Dns":null,"DnsOptions":null,"DnsSearch":null,"ExtraHosts":[],"GroupAdd":null,"IpcMode":"shareable","Cgroup":"","Links":null,"OomScoreAdj":0,"PidMode":"","Privileged":false,"PublishAllPorts":false,"ReadonlyRootfs":false,"SecurityOpt":null,"UTSMode":"","UsernsMode":"","ShmSize":67108864,"Runtime":"runc","Isolation":"","CpuShares":0,"Memory":0,"NanoCpus":0,"CgroupParent":"","BlkioWeight":0,"BlkioWeightDevice":null,"BlkioDeviceReadBps":null,"BlkioDeviceWriteBps":null,"BlkioDeviceReadIOps":null,"BlkioDeviceWriteIOps":null,"CpuPeriod":0,"CpuQuota":0,"CpuRealtimePeriod":0,"CpuRealtimeRuntime":0,"CpusetCpus":"","CpusetMems":"","Devices":null,"DeviceCgroupRules":null,"DeviceRequests":null,"MemoryReservation":0,"MemorySwap":0,"MemorySwappiness":null,"OomKillDisable":false,"PidsLimit":null,"Ulimits":null,"CpuCount":0,"CpuPercent":0,"IOMaximumIOps":0,"IOMaximumBandwidth":0,"MaskedPaths":["/proc/asound","/proc/acpi","/proc/kcore","/proc/keys","/proc/latency_stats","/proc/timer_list","/proc/timer_stats","/proc/sched_debug","/proc/scsi","/sys/firmware","/sys/devices/virtual/powercap"],"ReadonlyPaths":["/proc/bus","/proc/fs","/proc/irq","/proc/sys","/proc/sysrq-trigger"]},"GraphDriver":{"Data":{"LowerDir":"/var/lib/docker/overlay2/315d5f330872b347dfaccc606b59983c15714a986b91786abed76a1dfc67eb6e-init/diff:/var/lib/docker/overlay2/8f0ddbd386af0785c2e348570516955816ab350305d698d363962d488eeb15ec/diff:/var/lib/docker/overlay2/0eb0ca73e9b0be7c3d7fa8762ef4778a68f38391bc84c037c2e90b88e781b475/diff:/var/lib/docker/overlay2/74e634bddc785c5d436b10a5158cd82e21dc2065fd1cf8ff9c1c12e01575a2d8/diff:/var/lib/docker/overlay2/bb918b2851cd2f508f1e3fdbfff8b7f8b041d61e65fe8c368288bf399e80b818/diff:/var/lib/docker/overlay2/2abab2946cbdc2941ee8ec4024c51dac7313dee9de5fbedd1ca33388c59eb3c8/diff:/var/lib/docker/overlay2/e12f6083ee669bd92743ceb339a896bb25dbe461b718705bb39eb410b80c0ecd/diff:/var/lib/docker/overlay2/ced1e86d670d097da5ed4da7288c22507735918959161c2cd8bf083fb30d169a/diff:/var/lib/docker/overlay2/94e9ac7b74923285ae73af20aeccb964ca9079e2305db367cb85d1603560472d/diff:/var/lib/docker/overlay2/a396b6dfd63f0c228c519871183c614cccf4d366a43460f27ecf97113c3c4be8/diff:/var/lib/docker/overlay2/f58ada5d5080c2bac553c734f81127660a90581a35ed2a92cebe3c59e340875b/diff:/var/lib/docker/overlay2/84f85636f37bf55d945e217b4f87a856eba7932284beaf042561007b66f48977/diff:/var/lib/docker/overlay2/1e6e519613884e91a2b74a588ba35dc8a2f789371ab798ef6e7d9836d756042f/diff:/var/lib/docker/overlay2/14a3151cc8b4f9d27d2e64f1a8abc0c7809309580f2d7e8dc8545055c1d56194/diff:/var/lib"
2024-07-24 14:31:05.857 [Test worker] DEBUG c.g.d.z.s.o.a.hc.client5.http.wire - http-outgoing-28 << "/docker/overlay2/5b354b9e793401517fe2f1da697653fdaadffc54888eaf76d67e0600b8c68bdc/diff","MergedDir":"/var/lib/docker/overlay2/315d5f330872b347dfaccc606b59983c15714a986b91786abed76a1dfc67eb6e/merged","UpperDir":"/var/lib/docker/overlay2/315d5f330872b347dfaccc606b59983c15714a986b91786abed76a1dfc67eb6e/diff","WorkDir":"/var/lib/docker/overlay2/315d5f330872b347dfaccc606b59983c15714a986b91786abed76a1dfc67eb6e/work"},"Name":"overlay2"},"Mounts":[{"Type":"volume","Name":"3347719206b0380706b5aa597898623888d4eee1de1bf643293e6cab061b22b2","Source":"/var/lib/docker/volumes/3347719206b0380706b5aa597898623888d4eee1de1bf643293e6cab061b22b2/_data","Destination":"/var/lib/postgresql/data","Driver":"local","Mode":"","RW":true,"Propagation":""}],"Config":{"Hostname":"f0125aecf350","Domainname":"","User":"","AttachStdin":false,"AttachStdout":false,"AttachStderr":false,"ExposedPorts":{"5432/tcp":{}},"Tty":false,"OpenStdin":false,"StdinOnce":false,"Env":["POSTGRES_USER=user","POSTGRES_PASSWORD=password","POSTGRES_DB=db","PATH=/usr/local/sbin:/usr/local/bin:/usr/sbin:/usr/bin:/sbin:/bin:/usr/lib/postgresql/16/bin","GOSU_VERSION=1.17","LANG=en_US.utf8","PG_MAJOR=16","PG_VERSION=16.2-1.pgdg120+2","PGDATA=/var/lib/postgresql/data"],"Cmd":["postgres","-c","fsync=off"],"Image":"postgres:latest","Volumes":{"/var/lib/postgresql/data":{}},"WorkingDir":"","Entrypoint":["docker-entrypoint.sh"],"OnBuild":null,"Labels":{"org.testcontainers":"true","org.testcontainers.lang":"java","org.testcontainers.sessionId":"280e6229-7396-4d60-b1e3-a5de48b5d49b","org.testcontainers.version":"1.19.8"},"StopSignal":"SIGINT"},"NetworkSettings":{"Bridge":"","SandboxID":"090aae8393b85d5c80bf1b84c3b2c0559170ca4e40f36ddd72fb93efb8f69173","SandboxKey":"/var/run/docker/netns/090aae8393b8","Ports":{"5432/tcp":[{"HostIp":"0.0.0.0","HostPort":"51596"}]},"HairpinMode":false,"LinkLocalIPv6Address":"","LinkLocalIPv6PrefixLen":0,"SecondaryIPAddresses":null,"SecondaryIPv6Addresses":null,"EndpointID":"465c45fc67a9869e041dd483f9925eb7dc276adf7c64c6c229deba908ef26230","Gateway":"172.17.0.1","GlobalIPv6Address":"","GlobalIPv6PrefixLen":0,"IPAddress":"172.17.0.3","IPPrefixLen":16,"IPv6Gateway":"","MacAddress":"02:42:ac:11:00:03","Networks":{"bridge":{"IPAMConfig":null,"Links":null,"Aliases":null,"MacAddress":"02:42:ac:11:00:03","NetworkID":"3c842496be344cbdae878c1dee0957e7bc7c0a2236009c92752030f2b053e72f","EndpointID":"465c45fc67a9869e041dd483f9925eb7dc276adf7c64c6c229deba908ef26230","Gateway":"172.17.0.1","IPAddress":"172.17.0.3","IPPrefixLen":16,"IPv6Gateway":"","GlobalIPv6Address":"","GlobalIPv6PrefixLen":0,"DriverOpts":null,"DNSNames":null}}}}[\n]"
2024-07-24 14:31:05.858 [Test worker] DEBUG c.g.d.z.s.o.a.hc.client5.http.wire - http-outgoing-28 << "[\r][\n]"
2024-07-24 14:31:05.858 [Test worker] DEBUG c.g.d.z.s.o.a.hc.client5.http.wire - http-outgoing-28 << "0[\r][\n]"
2024-07-24 14:31:05.858 [Test worker] DEBUG c.g.d.z.s.o.a.hc.client5.http.wire - http-outgoing-28 << "[\r][\n]"
2024-07-24 14:31:05.858 [Test worker] DEBUG c.g.d.z.s.o.a.h.c.h.i.c.InternalHttpClient - ep-0000012E: releasing valid endpoint
2024-07-24 14:31:05.858 [Test worker] DEBUG c.g.d.z.s.o.a.h.c.h.i.i.PoolingHttpClientConnectionManager - ep-0000012E: releasing endpoint
2024-07-24 14:31:05.858 [Test worker] DEBUG c.g.d.z.s.o.a.h.c.h.i.i.PoolingHttpClientConnectionManager - ep-0000012E: connection http-outgoing-28 can be kept alive for 3 MINUTES
2024-07-24 14:31:05.858 [Test worker] DEBUG c.g.d.z.s.o.a.h.c.h.i.i.PoolingHttpClientConnectionManager - ep-0000012E: connection released [route: {}->npipe://localhost:2375][total available: 1; route allocated: 1 of 2147483647; total allocated: 1 of 2147483647]
2024-07-24 14:31:05.858 [Test worker] TRACE o.t.utility.ResourceReaper - Stopping container: f0125aecf350ecc8d8dfb64d09e1500819783da2649fbdcf660b56f2277ecf67
2024-07-24 14:31:05.858 [Test worker] DEBUG o.t.s.c.g.d.c.command.AbstrDockerCmd - Cmd: f0125aecf350ecc8d8dfb64d09e1500819783da2649fbdcf660b56f2277ecf67,<null>
2024-07-24 14:31:05.859 [Test worker] TRACE o.t.s.c.g.d.c.e.KillContainerCmdExec - POST: DefaultWebTarget{path=[/containers/f0125aecf350ecc8d8dfb64d09e1500819783da2649fbdcf660b56f2277ecf67/kill], queryParams={}}
2024-07-24 14:31:05.859 [Test worker] DEBUG c.g.d.z.s.o.a.h.c.h.i.c.InternalHttpClient - ex-00000130: preparing request execution
2024-07-24 14:31:05.859 [Test worker] DEBUG c.g.d.z.s.o.a.h.c.h.p.RequestAddCookies - Cookie spec selected: strict
2024-07-24 14:31:05.859 [Test worker] DEBUG c.g.d.z.s.o.a.h.c.h.p.RequestAuthCache - Auth cache not set in the context
2024-07-24 14:31:05.859 [Test worker] DEBUG c.g.d.z.s.o.a.h.c.h.i.c.ProtocolExec - ex-00000130: target auth state: UNCHALLENGED
2024-07-24 14:31:05.859 [Test worker] DEBUG c.g.d.z.s.o.a.h.c.h.i.c.ProtocolExec - ex-00000130: proxy auth state: UNCHALLENGED
2024-07-24 14:31:05.859 [Test worker] DEBUG c.g.d.z.s.o.a.h.c.h.i.c.ConnectExec - ex-00000130: acquiring connection with route {}->npipe://localhost:2375
2024-07-24 14:31:05.859 [Test worker] DEBUG c.g.d.z.s.o.a.h.c.h.i.c.InternalHttpClient - ex-00000130: acquiring endpoint (3 MINUTES)
2024-07-24 14:31:05.859 [Test worker] DEBUG c.g.d.z.s.o.a.h.c.h.i.i.PoolingHttpClientConnectionManager - ex-00000130: endpoint lease request (3 MINUTES) [route: {}->npipe://localhost:2375][total available: 1; route allocated: 1 of 2147483647; total allocated: 1 of 2147483647]
2024-07-24 14:31:05.859 [Test worker] DEBUG c.g.d.z.s.o.a.h.c.h.i.i.PoolingHttpClientConnectionManager - ex-00000130: endpoint leased [route: {}->npipe://localhost:2375][total available: 0; route allocated: 1 of 2147483647; total allocated: 1 of 2147483647]
2024-07-24 14:31:05.859 [Test worker] DEBUG c.g.d.z.s.o.a.h.c.h.i.i.PoolingHttpClientConnectionManager - ex-00000130: acquired ep-0000012F
2024-07-24 14:31:05.859 [Test worker] DEBUG c.g.d.z.s.o.a.h.c.h.i.c.InternalHttpClient - ex-00000130: acquired endpoint ep-0000012F
2024-07-24 14:31:05.859 [Test worker] DEBUG c.g.d.z.s.o.a.h.c.h.i.c.MainClientExec - ex-00000130: executing POST /v1.32/containers/f0125aecf350ecc8d8dfb64d09e1500819783da2649fbdcf660b56f2277ecf67/kill HTTP/1.1
2024-07-24 14:31:05.859 [Test worker] DEBUG c.g.d.z.s.o.a.h.c.h.i.c.InternalHttpClient - ep-0000012F: start execution ex-00000130
2024-07-24 14:31:05.859 [Test worker] DEBUG c.g.d.z.s.o.a.h.c.h.i.i.PoolingHttpClientConnectionManager - ep-0000012F: executing exchange ex-00000130 over http-outgoing-28
2024-07-24 14:31:05.859 [Test worker] DEBUG c.g.d.z.s.o.a.h.client5.http.headers - http-outgoing-28 >> POST /v1.32/containers/f0125aecf350ecc8d8dfb64d09e1500819783da2649fbdcf660b56f2277ecf67/kill HTTP/1.1
2024-07-24 14:31:05.859 [Test worker] DEBUG c.g.d.z.s.o.a.h.client5.http.headers - http-outgoing-28 >> accept: application/json
2024-07-24 14:31:05.859 [Test worker] DEBUG c.g.d.z.s.o.a.h.client5.http.headers - http-outgoing-28 >> content-type: application/json
2024-07-24 14:31:05.859 [Test worker] DEBUG c.g.d.z.s.o.a.h.client5.http.headers - http-outgoing-28 >> x-tc-sid: 280e6229-7396-4d60-b1e3-a5de48b5d49b
2024-07-24 14:31:05.859 [Test worker] DEBUG c.g.d.z.s.o.a.h.client5.http.headers - http-outgoing-28 >> User-Agent: tc-java/1.19.8
2024-07-24 14:31:05.859 [Test worker] DEBUG c.g.d.z.s.o.a.h.client5.http.headers - http-outgoing-28 >> Accept-Encoding: gzip, x-gzip, deflate
2024-07-24 14:31:05.859 [Test worker] DEBUG c.g.d.z.s.o.a.h.client5.http.headers - http-outgoing-28 >> Host: localhost:2375
2024-07-24 14:31:05.859 [Test worker] DEBUG c.g.d.z.s.o.a.h.client5.http.headers - http-outgoing-28 >> Connection: keep-alive
2024-07-24 14:31:05.859 [Test worker] DEBUG c.g.d.z.s.o.a.hc.client5.http.wire - http-outgoing-28 >> "POST /v1.32/containers/f0125aecf350ecc8d8dfb64d09e1500819783da2649fbdcf660b56f2277ecf67/kill HTTP/1.1[\r][\n]"
2024-07-24 14:31:05.859 [Test worker] DEBUG c.g.d.z.s.o.a.hc.client5.http.wire - http-outgoing-28 >> "accept: application/json[\r][\n]"
2024-07-24 14:31:05.859 [Test worker] DEBUG c.g.d.z.s.o.a.hc.client5.http.wire - http-outgoing-28 >> "content-type: application/json[\r][\n]"
2024-07-24 14:31:05.859 [Test worker] DEBUG c.g.d.z.s.o.a.hc.client5.http.wire - http-outgoing-28 >> "x-tc-sid: 280e6229-7396-4d60-b1e3-a5de48b5d49b[\r][\n]"
2024-07-24 14:31:05.859 [Test worker] DEBUG c.g.d.z.s.o.a.hc.client5.http.wire - http-outgoing-28 >> "User-Agent: tc-java/1.19.8[\r][\n]"
2024-07-24 14:31:05.859 [Test worker] DEBUG c.g.d.z.s.o.a.hc.client5.http.wire - http-outgoing-28 >> "Accept-Encoding: gzip, x-gzip, deflate[\r][\n]"
2024-07-24 14:31:05.859 [Test worker] DEBUG c.g.d.z.s.o.a.hc.client5.http.wire - http-outgoing-28 >> "Host: localhost:2375[\r][\n]"
2024-07-24 14:31:05.859 [Test worker] DEBUG c.g.d.z.s.o.a.hc.client5.http.wire - http-outgoing-28 >> "Connection: keep-alive[\r][\n]"
2024-07-24 14:31:05.859 [Test worker] DEBUG c.g.d.z.s.o.a.hc.client5.http.wire - http-outgoing-28 >> "[\r][\n]"
2024-07-24 14:31:06.345 [Test worker] DEBUG c.g.d.z.s.o.a.hc.client5.http.wire - http-outgoing-28 << "HTTP/1.1 204 No Content[\r][\n]"
2024-07-24 14:31:06.346 [Test worker] DEBUG c.g.d.z.s.o.a.hc.client5.http.wire - http-outgoing-28 << "Api-Version: 1.45[\r][\n]"
2024-07-24 14:31:06.346 [Test worker] DEBUG c.g.d.z.s.o.a.hc.client5.http.wire - http-outgoing-28 << "Date: Wed, 24 Jul 2024 02:31:06 GMT[\r][\n]"
2024-07-24 14:31:06.346 [Test worker] DEBUG c.g.d.z.s.o.a.hc.client5.http.wire - http-outgoing-28 << "Docker-Experimental: false[\r][\n]"
2024-07-24 14:31:06.346 [Test worker] DEBUG c.g.d.z.s.o.a.hc.client5.http.wire - http-outgoing-28 << "Ostype: linux[\r][\n]"
2024-07-24 14:31:06.346 [Test worker] DEBUG c.g.d.z.s.o.a.hc.client5.http.wire - http-outgoing-28 << "Server: Docker/26.0.0 (linux)[\r][\n]"
2024-07-24 14:31:06.346 [Test worker] DEBUG c.g.d.z.s.o.a.hc.client5.http.wire - http-outgoing-28 << "[\r][\n]"
2024-07-24 14:31:06.346 [Test worker] DEBUG c.g.d.z.s.o.a.h.client5.http.headers - http-outgoing-28 << HTTP/1.1 204 No Content
2024-07-24 14:31:06.346 [Test worker] DEBUG c.g.d.z.s.o.a.h.client5.http.headers - http-outgoing-28 << Api-Version: 1.45
2024-07-24 14:31:06.346 [Test worker] DEBUG c.g.d.z.s.o.a.h.client5.http.headers - http-outgoing-28 << Date: Wed, 24 Jul 2024 02:31:06 GMT
2024-07-24 14:31:06.346 [Test worker] DEBUG c.g.d.z.s.o.a.h.client5.http.headers - http-outgoing-28 << Docker-Experimental: false
2024-07-24 14:31:06.346 [Test worker] DEBUG c.g.d.z.s.o.a.h.client5.http.headers - http-outgoing-28 << Ostype: linux
2024-07-24 14:31:06.346 [Test worker] DEBUG c.g.d.z.s.o.a.h.client5.http.headers - http-outgoing-28 << Server: Docker/26.0.0 (linux)
2024-07-24 14:31:06.346 [Test worker] DEBUG c.g.d.z.s.o.a.h.c.h.i.c.MainClientExec - ex-00000130: connection can be kept alive for 3 MINUTES
2024-07-24 14:31:06.346 [Test worker] DEBUG c.g.d.z.s.o.a.h.c.h.i.c.InternalHttpClient - ep-0000012F: releasing valid endpoint
2024-07-24 14:31:06.347 [Test worker] DEBUG c.g.d.z.s.o.a.h.c.h.i.i.PoolingHttpClientConnectionManager - ep-0000012F: releasing endpoint
2024-07-24 14:31:06.347 [Test worker] DEBUG c.g.d.z.s.o.a.h.c.h.i.i.PoolingHttpClientConnectionManager - ep-0000012F: connection http-outgoing-28 can be kept alive for 3 MINUTES
2024-07-24 14:31:06.347 [Test worker] DEBUG c.g.d.z.s.o.a.h.c.h.i.i.PoolingHttpClientConnectionManager - ep-0000012F: connection released [route: {}->npipe://localhost:2375][total available: 1; route allocated: 1 of 2147483647; total allocated: 1 of 2147483647]
2024-07-24 14:31:06.347 [Test worker] TRACE o.t.utility.ResourceReaper - Stopped container: postgres:latest
2024-07-24 14:31:06.347 [Test worker] DEBUG o.t.s.c.g.d.c.command.AbstrDockerCmd - Cmd: f0125aecf350ecc8d8dfb64d09e1500819783da2649fbdcf660b56f2277ecf67,false
2024-07-24 14:31:06.347 [Test worker] DEBUG o.t.s.c.g.d.c.e.InspectContainerCmdExec - GET: DefaultWebTarget{path=[/containers/f0125aecf350ecc8d8dfb64d09e1500819783da2649fbdcf660b56f2277ecf67/json], queryParams={}}
2024-07-24 14:31:06.347 [Test worker] DEBUG c.g.d.z.s.o.a.h.c.h.i.c.InternalHttpClient - ex-00000131: preparing request execution
2024-07-24 14:31:06.347 [Test worker] DEBUG c.g.d.z.s.o.a.h.c.h.p.RequestAddCookies - Cookie spec selected: strict
2024-07-24 14:31:06.348 [Test worker] DEBUG c.g.d.z.s.o.a.h.c.h.p.RequestAuthCache - Auth cache not set in the context
2024-07-24 14:31:06.348 [Test worker] DEBUG c.g.d.z.s.o.a.h.c.h.i.c.ProtocolExec - ex-00000131: target auth state: UNCHALLENGED
2024-07-24 14:31:06.348 [Test worker] DEBUG c.g.d.z.s.o.a.h.c.h.i.c.ProtocolExec - ex-00000131: proxy auth state: UNCHALLENGED
2024-07-24 14:31:06.348 [Test worker] DEBUG c.g.d.z.s.o.a.h.c.h.i.c.ConnectExec - ex-00000131: acquiring connection with route {}->npipe://localhost:2375
2024-07-24 14:31:06.348 [Test worker] DEBUG c.g.d.z.s.o.a.h.c.h.i.c.InternalHttpClient - ex-00000131: acquiring endpoint (3 MINUTES)
2024-07-24 14:31:06.348 [Test worker] DEBUG c.g.d.z.s.o.a.h.c.h.i.i.PoolingHttpClientConnectionManager - ex-00000131: endpoint lease request (3 MINUTES) [route: {}->npipe://localhost:2375][total available: 1; route allocated: 1 of 2147483647; total allocated: 1 of 2147483647]
2024-07-24 14:31:06.348 [Test worker] DEBUG c.g.d.z.s.o.a.h.c.h.i.i.PoolingHttpClientConnectionManager - ex-00000131: endpoint leased [route: {}->npipe://localhost:2375][total available: 0; route allocated: 1 of 2147483647; total allocated: 1 of 2147483647]
2024-07-24 14:31:06.348 [Test worker] DEBUG c.g.d.z.s.o.a.h.c.h.i.i.PoolingHttpClientConnectionManager - ex-00000131: acquired ep-00000130
2024-07-24 14:31:06.348 [Test worker] DEBUG c.g.d.z.s.o.a.h.c.h.i.c.InternalHttpClient - ex-00000131: acquired endpoint ep-00000130
2024-07-24 14:31:06.348 [Test worker] DEBUG c.g.d.z.s.o.a.h.c.h.i.c.MainClientExec - ex-00000131: executing GET /v1.32/containers/f0125aecf350ecc8d8dfb64d09e1500819783da2649fbdcf660b56f2277ecf67/json HTTP/1.1
2024-07-24 14:31:06.348 [Test worker] DEBUG c.g.d.z.s.o.a.h.c.h.i.c.InternalHttpClient - ep-00000130: start execution ex-00000131
2024-07-24 14:31:06.348 [Test worker] DEBUG c.g.d.z.s.o.a.h.c.h.i.i.PoolingHttpClientConnectionManager - ep-00000130: executing exchange ex-00000131 over http-outgoing-28
2024-07-24 14:31:06.348 [Test worker] DEBUG c.g.d.z.s.o.a.h.client5.http.headers - http-outgoing-28 >> GET /v1.32/containers/f0125aecf350ecc8d8dfb64d09e1500819783da2649fbdcf660b56f2277ecf67/json HTTP/1.1
2024-07-24 14:31:06.348 [Test worker] DEBUG c.g.d.z.s.o.a.h.client5.http.headers - http-outgoing-28 >> accept: application/json
2024-07-24 14:31:06.348 [Test worker] DEBUG c.g.d.z.s.o.a.h.client5.http.headers - http-outgoing-28 >> x-tc-sid: 280e6229-7396-4d60-b1e3-a5de48b5d49b
2024-07-24 14:31:06.348 [Test worker] DEBUG c.g.d.z.s.o.a.h.client5.http.headers - http-outgoing-28 >> User-Agent: tc-java/1.19.8
2024-07-24 14:31:06.348 [Test worker] DEBUG c.g.d.z.s.o.a.h.client5.http.headers - http-outgoing-28 >> Accept-Encoding: gzip, x-gzip, deflate
2024-07-24 14:31:06.348 [Test worker] DEBUG c.g.d.z.s.o.a.h.client5.http.headers - http-outgoing-28 >> Host: localhost:2375
2024-07-24 14:31:06.348 [Test worker] DEBUG c.g.d.z.s.o.a.h.client5.http.headers - http-outgoing-28 >> Connection: keep-alive
2024-07-24 14:31:06.348 [Test worker] DEBUG c.g.d.z.s.o.a.hc.client5.http.wire - http-outgoing-28 >> "GET /v1.32/containers/f0125aecf350ecc8d8dfb64d09e1500819783da2649fbdcf660b56f2277ecf67/json HTTP/1.1[\r][\n]"
2024-07-24 14:31:06.348 [Test worker] DEBUG c.g.d.z.s.o.a.hc.client5.http.wire - http-outgoing-28 >> "accept: application/json[\r][\n]"
2024-07-24 14:31:06.348 [Test worker] DEBUG c.g.d.z.s.o.a.hc.client5.http.wire - http-outgoing-28 >> "x-tc-sid: 280e6229-7396-4d60-b1e3-a5de48b5d49b[\r][\n]"
2024-07-24 14:31:06.348 [Test worker] DEBUG c.g.d.z.s.o.a.hc.client5.http.wire - http-outgoing-28 >> "User-Agent: tc-java/1.19.8[\r][\n]"
2024-07-24 14:31:06.348 [Test worker] DEBUG c.g.d.z.s.o.a.hc.client5.http.wire - http-outgoing-28 >> "Accept-Encoding: gzip, x-gzip, deflate[\r][\n]"
2024-07-24 14:31:06.348 [Test worker] DEBUG c.g.d.z.s.o.a.hc.client5.http.wire - http-outgoing-28 >> "Host: localhost:2375[\r][\n]"
2024-07-24 14:31:06.348 [Test worker] DEBUG c.g.d.z.s.o.a.hc.client5.http.wire - http-outgoing-28 >> "Connection: keep-alive[\r][\n]"
2024-07-24 14:31:06.348 [Test worker] DEBUG c.g.d.z.s.o.a.hc.client5.http.wire - http-outgoing-28 >> "[\r][\n]"
2024-07-24 14:31:06.375 [Test worker] DEBUG c.g.d.z.s.o.a.hc.client5.http.wire - http-outgoing-28 << "HTTP/1.1 200 OK[\r][\n]"
2024-07-24 14:31:06.375 [Test worker] DEBUG c.g.d.z.s.o.a.hc.client5.http.wire - http-outgoing-28 << "Api-Version: 1.45[\r][\n]"
2024-07-24 14:31:06.375 [Test worker] DEBUG c.g.d.z.s.o.a.hc.client5.http.wire - http-outgoing-28 << "Content-Type: application/json[\r][\n]"
2024-07-24 14:31:06.375 [Test worker] DEBUG c.g.d.z.s.o.a.hc.client5.http.wire - http-outgoing-28 << "Date: Wed, 24 Jul 2024 02:31:06 GMT[\r][\n]"
2024-07-24 14:31:06.375 [Test worker] DEBUG c.g.d.z.s.o.a.hc.client5.http.wire - http-outgoing-28 << "Docker-Experimental: false[\r][\n]"
2024-07-24 14:31:06.375 [Test worker] DEBUG c.g.d.z.s.o.a.hc.client5.http.wire - http-outgoing-28 << "Ostype: linux[\r][\n]"
2024-07-24 14:31:06.375 [Test worker] DEBUG c.g.d.z.s.o.a.hc.client5.http.wire - http-outgoing-28 << "Server: Docker/26.0.0 (linux)[\r][\n]"
2024-07-24 14:31:06.375 [Test worker] DEBUG c.g.d.z.s.o.a.hc.client5.http.wire - http-outgoing-28 << "Transfer-Encoding: chunked[\r][\n]"
2024-07-24 14:31:06.375 [Test worker] DEBUG c.g.d.z.s.o.a.hc.client5.http.wire - http-outgoing-28 << "[\r][\n]"
2024-07-24 14:31:06.375 [Test worker] DEBUG c.g.d.z.s.o.a.h.client5.http.headers - http-outgoing-28 << HTTP/1.1 200 OK
2024-07-24 14:31:06.375 [Test worker] DEBUG c.g.d.z.s.o.a.h.client5.http.headers - http-outgoing-28 << Api-Version: 1.45
2024-07-24 14:31:06.375 [Test worker] DEBUG c.g.d.z.s.o.a.h.client5.http.headers - http-outgoing-28 << Content-Type: application/json
2024-07-24 14:31:06.375 [Test worker] DEBUG c.g.d.z.s.o.a.h.client5.http.headers - http-outgoing-28 << Date: Wed, 24 Jul 2024 02:31:06 GMT
2024-07-24 14:31:06.375 [Test worker] DEBUG c.g.d.z.s.o.a.h.client5.http.headers - http-outgoing-28 << Docker-Experimental: false
2024-07-24 14:31:06.375 [Test worker] DEBUG c.g.d.z.s.o.a.h.client5.http.headers - http-outgoing-28 << Ostype: linux
2024-07-24 14:31:06.375 [Test worker] DEBUG c.g.d.z.s.o.a.h.client5.http.headers - http-outgoing-28 << Server: Docker/26.0.0 (linux)
2024-07-24 14:31:06.375 [Test worker] DEBUG c.g.d.z.s.o.a.h.client5.http.headers - http-outgoing-28 << Transfer-Encoding: chunked
2024-07-24 14:31:06.375 [Test worker] DEBUG c.g.d.z.s.o.a.h.c.h.i.c.MainClientExec - ex-00000131: connection can be kept alive for 3 MINUTES
2024-07-24 14:31:06.376 [Test worker] DEBUG c.g.d.z.s.o.a.hc.client5.http.wire - http-outgoing-28 << "1944[\r][\n]"
2024-07-24 14:31:06.376 [Test worker] DEBUG c.g.d.z.s.o.a.hc.client5.http.wire - http-outgoing-28 << "{"Id":"f0125aecf350ecc8d8dfb64d09e1500819783da2649fbdcf660b56f2277ecf67","Created":"2024-07-24T02:31:03.988923997Z","Path":"docker-entrypoint.sh","Args":["postgres","-c","fsync=off"],"State":{"Status":"exited","Running":false,"Paused":false,"Restarting":false,"OOMKilled":false,"Dead":false,"Pid":0,"ExitCode":137,"Error":"","StartedAt":"2024-07-24T02:31:04.46960968Z","FinishedAt":"2024-07-24T02:31:05.892131516Z"},"Image":"sha256:8e4fc9e184899a58735e7ee333f5e272d7d2298cf59302006b71f33e217be130","ResolvConfPath":"/var/lib/docker/containers/f0125aecf350ecc8d8dfb64d09e1500819783da2649fbdcf660b56f2277ecf67/resolv.conf","HostnamePath":"/var/lib/docker/containers/f0125aecf350ecc8d8dfb64d09e1500819783da2649fbdcf660b56f2277ecf67/hostname","HostsPath":"/var/lib/docker/containers/f0125aecf350ecc8d8dfb64d09e1500819783da2649fbdcf660b56f2277ecf67/hosts","LogPath":"/var/lib/docker/containers/f0125aecf350ecc8d8dfb64d09e1500819783da2649fbdcf660b56f2277ecf67/f0125aecf350ecc8d8dfb64d09e1500819783da2649fbdcf660b56f2277ecf67-json.log","Name":"/pensive_grothendieck","RestartCount":0,"Driver":"overlay2","Platform":"linux","MountLabel":"","ProcessLabel":"","AppArmorProfile":"","ExecIDs":null,"HostConfig":{"Binds":[],"ContainerIDFile":"","LogConfig":{"Type":"json-file","Config":{}},"NetworkMode":"default","PortBindings":{"5432/tcp":[{"HostIp":"0.0.0.0","HostPort":"0"}]},"RestartPolicy":{"Name":"no","MaximumRetryCount":0},"AutoRemove":false,"VolumeDriver":"","VolumesFrom":[],"ConsoleSize":[0,0],"CapAdd":null,"CapDrop":null,"CgroupnsMode":"host","Dns":null,"DnsOptions":null,"DnsSearch":null,"ExtraHosts":[],"GroupAdd":null,"IpcMode":"shareable","Cgroup":"","Links":null,"OomScoreAdj":0,"PidMode":"","Privileged":false,"PublishAllPorts":false,"ReadonlyRootfs":false,"SecurityOpt":null,"UTSMode":"","UsernsMode":"","ShmSize":67108864,"Runtime":"runc","Isolation":"","CpuShares":0,"Memory":0,"NanoCpus":0,"CgroupParent":"","BlkioWeight":0,"BlkioWeightDevice":null,"BlkioDeviceReadBps":null,"BlkioDeviceWriteBps":null,"BlkioDeviceReadIOps":null,"BlkioDeviceWriteIOps":null,"CpuPeriod":0,"CpuQuota":0,"CpuRealtimePeriod":0,"CpuRealtimeRuntime":0,"CpusetCpus":"","CpusetMems":"","Devices":null,"DeviceCgroupRules":null,"DeviceRequests":null,"MemoryReservation":0,"MemorySwap":0,"MemorySwappiness":null,"OomKillDisable":false,"PidsLimit":null,"Ulimits":null,"CpuCount":0,"CpuPercent":0,"IOMaximumIOps":0,"IOMaximumBandwidth":0,"MaskedPaths":["/proc/asound","/proc/acpi","/proc/kcore","/proc/keys","/proc/latency_stats","/proc/timer_list","/proc/timer_stats","/proc/sched_debug","/proc/scsi","/sys/firmware","/sys/devices/virtual/powercap"],"ReadonlyPaths":["/proc/bus","/proc/fs","/proc/irq","/proc/sys","/proc/sysrq-trigger"]},"GraphDriver":{"Data":{"LowerDir":"/var/lib/docker/overlay2/315d5f330872b347dfaccc606b59983c15714a986b91786abed76a1dfc67eb6e-init/diff:/var/lib/docker/overlay2/8f0ddbd386af0785c2e348570516955816ab350305d698d363962d488eeb15ec/diff:/var/lib/docker/overlay2/0eb0ca73e9b0be7c3d7fa8762ef4778a68f38391bc84c037c2e90b88e781b475/diff:/var/lib/docker/overlay2/74e634bddc785c5d436b10a5158cd82e21dc2065fd1cf8ff9c1c12e01575a2d8/diff:/var/lib/docker/overlay2/bb918b2851cd2f508f1e3fdbfff8b7f8b041d61e65fe8c368288bf399e80b818/diff:/var/lib/docker/overlay2/2abab2946cbdc2941ee8ec4024c51dac7313dee9de5fbedd1ca33388c59eb3c8/diff:/var/lib/docker/overlay2/e12f6083ee669bd92743ceb339a896bb25dbe461b718705bb39eb410b80c0ecd/diff:/var/lib/docker/overlay2/ced1e86d670d097da5ed4da7288c22507735918959161c2cd8bf083fb30d169a/diff:/var/lib/docker/overlay2/94e9ac7b74923285ae73af20aeccb964ca9079e2305db367cb85d1603560472d/diff:/var/lib/docker/overlay2/a396b6dfd63f0c228c519871183c614cccf4d366a43460f27ecf97113c3c4be8/diff:/var/lib/docker/overlay2/f58ada5d5080c2bac553c734f81127660a90581a35ed2a92cebe3c59e340875b/diff:/var/lib/docker/overlay2/84f85636f37bf55d945e217b4f87a856eba7932284beaf042561007b66f48977/diff:/var/lib/docker/overlay2/1e6e519613884e91a2b74a588ba35dc8a2f789371ab798ef6e7d9836d756042f/diff:/var/lib/docker/overlay2/14a3151cc8b4f9d27d2e64f1a8abc0c7809309580f2d7e8dc8545055c1d56194/diff:"
2024-07-24 14:31:06.376 [Test worker] DEBUG c.g.d.z.s.o.a.hc.client5.http.wire - http-outgoing-28 << "/var/lib/docker/overlay2/5b354b9e793401517fe2f1da697653fdaadffc54888eaf76d67e0600b8c68bdc/diff","MergedDir":"/var/lib/docker/overlay2/315d5f330872b347dfaccc606b59983c15714a986b91786abed76a1dfc67eb6e/merged","UpperDir":"/var/lib/docker/overlay2/315d5f330872b347dfaccc606b59983c15714a986b91786abed76a1dfc67eb6e/diff","WorkDir":"/var/lib/docker/overlay2/315d5f330872b347dfaccc606b59983c15714a986b91786abed76a1dfc67eb6e/work"},"Name":"overlay2"},"Mounts":[{"Type":"volume","Name":"3347719206b0380706b5aa597898623888d4eee1de1bf643293e6cab061b22b2","Source":"/var/lib/docker/volumes/3347719206b0380706b5aa597898623888d4eee1de1bf643293e6cab061b22b2/_data","Destination":"/var/lib/postgresql/data","Driver":"local","Mode":"","RW":true,"Propagation":""}],"Config":{"Hostname":"f0125aecf350","Domainname":"","User":"","AttachStdin":false,"AttachStdout":false,"AttachStderr":false,"ExposedPorts":{"5432/tcp":{}},"Tty":false,"OpenStdin":false,"StdinOnce":false,"Env":["POSTGRES_USER=user","POSTGRES_PASSWORD=password","POSTGRES_DB=db","PATH=/usr/local/sbin:/usr/local/bin:/usr/sbin:/usr/bin:/sbin:/bin:/usr/lib/postgresql/16/bin","GOSU_VERSION=1.17","LANG=en_US.utf8","PG_MAJOR=16","PG_VERSION=16.2-1.pgdg120+2","PGDATA=/var/lib/postgresql/data"],"Cmd":["postgres","-c","fsync=off"],"Image":"postgres:latest","Volumes":{"/var/lib/postgresql/data":{}},"WorkingDir":"","Entrypoint":["docker-entrypoint.sh"],"OnBuild":null,"Labels":{"org.testcontainers":"true","org.testcontainers.lang":"java","org.testcontainers.sessionId":"280e6229-7396-4d60-b1e3-a5de48b5d49b","org.testcontainers.version":"1.19.8"},"StopSignal":"SIGINT"},"NetworkSettings":{"Bridge":"","SandboxID":"090aae8393b85d5c80bf1b84c3b2c0559170ca4e40f36ddd72fb93efb8f69173","SandboxKey":"/var/run/docker/netns/090aae8393b8","Ports":{},"HairpinMode":false,"LinkLocalIPv6Address":"","LinkLocalIPv6PrefixLen":0,"SecondaryIPAddresses":null,"SecondaryIPv6Addresses":null,"EndpointID":"","Gateway":"","GlobalIPv6Address":"","GlobalIPv6PrefixLen":0,"IPAddress":"","IPPrefixLen":0,"IPv6Gateway":"","MacAddress":"","Networks":{"bridge":{"IPAMConfig":null,"Links":null,"Aliases":null,"MacAddress":"","NetworkID":"3c842496be344cbdae878c1dee0957e7bc7c0a2236009c92752030f2b053e72f","EndpointID":"","Gateway":"","IPAddress":"","IPPrefixLen":0,"IPv6Gateway":"","GlobalIPv6Address":"","GlobalIPv6PrefixLen":0,"DriverOpts":null,"DNSNames":null}}}}[\n]"
2024-07-24 14:31:06.377 [Test worker] DEBUG c.g.d.z.s.o.a.hc.client5.http.wire - http-outgoing-28 << "[\r][\n]"
2024-07-24 14:31:06.377 [Test worker] DEBUG c.g.d.z.s.o.a.hc.client5.http.wire - http-outgoing-28 << "0[\r][\n]"
2024-07-24 14:31:06.377 [Test worker] DEBUG c.g.d.z.s.o.a.hc.client5.http.wire - http-outgoing-28 << "[\r][\n]"
2024-07-24 14:31:06.377 [Test worker] DEBUG c.g.d.z.s.o.a.h.c.h.i.c.InternalHttpClient - ep-00000130: releasing valid endpoint
2024-07-24 14:31:06.377 [Test worker] DEBUG c.g.d.z.s.o.a.h.c.h.i.i.PoolingHttpClientConnectionManager - ep-00000130: releasing endpoint
2024-07-24 14:31:06.378 [Test worker] DEBUG c.g.d.z.s.o.a.h.c.h.i.i.PoolingHttpClientConnectionManager - ep-00000130: connection http-outgoing-28 can be kept alive for 3 MINUTES
2024-07-24 14:31:06.378 [Test worker] DEBUG c.g.d.z.s.o.a.h.c.h.i.i.PoolingHttpClientConnectionManager - ep-00000130: connection released [route: {}->npipe://localhost:2375][total available: 1; route allocated: 1 of 2147483647; total allocated: 1 of 2147483647]
2024-07-24 14:31:06.378 [Test worker] TRACE o.t.utility.ResourceReaper - Removing container: f0125aecf350ecc8d8dfb64d09e1500819783da2649fbdcf660b56f2277ecf67
2024-07-24 14:31:06.378 [Test worker] DEBUG o.t.s.c.g.d.c.command.AbstrDockerCmd - Cmd: f0125aecf350ecc8d8dfb64d09e1500819783da2649fbdcf660b56f2277ecf67,true,true
2024-07-24 14:31:06.378 [Test worker] TRACE o.t.s.c.g.d.c.e.RemoveContainerCmdExec - DELETE: DefaultWebTarget{path=[/containers/f0125aecf350ecc8d8dfb64d09e1500819783da2649fbdcf660b56f2277ecf67], queryParams={v=[true], force=[true]}}
2024-07-24 14:31:06.378 [Test worker] DEBUG c.g.d.z.s.o.a.h.c.h.i.c.InternalHttpClient - ex-00000132: preparing request execution
2024-07-24 14:31:06.378 [Test worker] DEBUG c.g.d.z.s.o.a.h.c.h.p.RequestAddCookies - Cookie spec selected: strict
2024-07-24 14:31:06.378 [Test worker] DEBUG c.g.d.z.s.o.a.h.c.h.p.RequestAuthCache - Auth cache not set in the context
2024-07-24 14:31:06.378 [Test worker] DEBUG c.g.d.z.s.o.a.h.c.h.i.c.ProtocolExec - ex-00000132: target auth state: UNCHALLENGED
2024-07-24 14:31:06.378 [Test worker] DEBUG c.g.d.z.s.o.a.h.c.h.i.c.ProtocolExec - ex-00000132: proxy auth state: UNCHALLENGED
2024-07-24 14:31:06.378 [Test worker] DEBUG c.g.d.z.s.o.a.h.c.h.i.c.ConnectExec - ex-00000132: acquiring connection with route {}->npipe://localhost:2375
2024-07-24 14:31:06.378 [Test worker] DEBUG c.g.d.z.s.o.a.h.c.h.i.c.InternalHttpClient - ex-00000132: acquiring endpoint (3 MINUTES)
2024-07-24 14:31:06.378 [Test worker] DEBUG c.g.d.z.s.o.a.h.c.h.i.i.PoolingHttpClientConnectionManager - ex-00000132: endpoint lease request (3 MINUTES) [route: {}->npipe://localhost:2375][total available: 1; route allocated: 1 of 2147483647; total allocated: 1 of 2147483647]
2024-07-24 14:31:06.378 [Test worker] DEBUG c.g.d.z.s.o.a.h.c.h.i.i.PoolingHttpClientConnectionManager - ex-00000132: endpoint leased [route: {}->npipe://localhost:2375][total available: 0; route allocated: 1 of 2147483647; total allocated: 1 of 2147483647]
2024-07-24 14:31:06.378 [Test worker] DEBUG c.g.d.z.s.o.a.h.c.h.i.i.PoolingHttpClientConnectionManager - ex-00000132: acquired ep-00000131
2024-07-24 14:31:06.378 [Test worker] DEBUG c.g.d.z.s.o.a.h.c.h.i.c.InternalHttpClient - ex-00000132: acquired endpoint ep-00000131
2024-07-24 14:31:06.378 [Test worker] DEBUG c.g.d.z.s.o.a.h.c.h.i.c.MainClientExec - ex-00000132: executing DELETE /v1.32/containers/f0125aecf350ecc8d8dfb64d09e1500819783da2649fbdcf660b56f2277ecf67?v=true&force=true HTTP/1.1
2024-07-24 14:31:06.378 [Test worker] DEBUG c.g.d.z.s.o.a.h.c.h.i.c.InternalHttpClient - ep-00000131: start execution ex-00000132
2024-07-24 14:31:06.378 [Test worker] DEBUG c.g.d.z.s.o.a.h.c.h.i.i.PoolingHttpClientConnectionManager - ep-00000131: executing exchange ex-00000132 over http-outgoing-28
2024-07-24 14:31:06.379 [Test worker] DEBUG c.g.d.z.s.o.a.h.client5.http.headers - http-outgoing-28 >> DELETE /v1.32/containers/f0125aecf350ecc8d8dfb64d09e1500819783da2649fbdcf660b56f2277ecf67?v=true&force=true HTTP/1.1
2024-07-24 14:31:06.379 [Test worker] DEBUG c.g.d.z.s.o.a.h.client5.http.headers - http-outgoing-28 >> accept: application/json
2024-07-24 14:31:06.379 [Test worker] DEBUG c.g.d.z.s.o.a.h.client5.http.headers - http-outgoing-28 >> x-tc-sid: 280e6229-7396-4d60-b1e3-a5de48b5d49b
2024-07-24 14:31:06.379 [Test worker] DEBUG c.g.d.z.s.o.a.h.client5.http.headers - http-outgoing-28 >> User-Agent: tc-java/1.19.8
2024-07-24 14:31:06.379 [Test worker] DEBUG c.g.d.z.s.o.a.h.client5.http.headers - http-outgoing-28 >> Accept-Encoding: gzip, x-gzip, deflate
2024-07-24 14:31:06.379 [Test worker] DEBUG c.g.d.z.s.o.a.h.client5.http.headers - http-outgoing-28 >> Host: localhost:2375
2024-07-24 14:31:06.379 [Test worker] DEBUG c.g.d.z.s.o.a.h.client5.http.headers - http-outgoing-28 >> Connection: keep-alive
2024-07-24 14:31:06.379 [Test worker] DEBUG c.g.d.z.s.o.a.hc.client5.http.wire - http-outgoing-28 >> "DELETE /v1.32/containers/f0125aecf350ecc8d8dfb64d09e1500819783da2649fbdcf660b56f2277ecf67?v=true&force=true HTTP/1.1[\r][\n]"
2024-07-24 14:31:06.379 [Test worker] DEBUG c.g.d.z.s.o.a.hc.client5.http.wire - http-outgoing-28 >> "accept: application/json[\r][\n]"
2024-07-24 14:31:06.379 [Test worker] DEBUG c.g.d.z.s.o.a.hc.client5.http.wire - http-outgoing-28 >> "x-tc-sid: 280e6229-7396-4d60-b1e3-a5de48b5d49b[\r][\n]"
2024-07-24 14:31:06.379 [Test worker] DEBUG c.g.d.z.s.o.a.hc.client5.http.wire - http-outgoing-28 >> "User-Agent: tc-java/1.19.8[\r][\n]"
2024-07-24 14:31:06.379 [Test worker] DEBUG c.g.d.z.s.o.a.hc.client5.http.wire - http-outgoing-28 >> "Accept-Encoding: gzip, x-gzip, deflate[\r][\n]"
2024-07-24 14:31:06.379 [Test worker] DEBUG c.g.d.z.s.o.a.hc.client5.http.wire - http-outgoing-28 >> "Host: localhost:2375[\r][\n]"
2024-07-24 14:31:06.379 [Test worker] DEBUG c.g.d.z.s.o.a.hc.client5.http.wire - http-outgoing-28 >> "Connection: keep-alive[\r][\n]"
2024-07-24 14:31:06.379 [Test worker] DEBUG c.g.d.z.s.o.a.hc.client5.http.wire - http-outgoing-28 >> "[\r][\n]"
2024-07-24 14:31:06.450 [Test worker] DEBUG c.g.d.z.s.o.a.hc.client5.http.wire - http-outgoing-28 << "HTTP/1.1 204 No Content[\r][\n]"
2024-07-24 14:31:06.451 [Test worker] DEBUG c.g.d.z.s.o.a.hc.client5.http.wire - http-outgoing-28 << "Api-Version: 1.45[\r][\n]"
2024-07-24 14:31:06.451 [Test worker] DEBUG c.g.d.z.s.o.a.hc.client5.http.wire - http-outgoing-28 << "Date: Wed, 24 Jul 2024 02:31:06 GMT[\r][\n]"
2024-07-24 14:31:06.451 [Test worker] DEBUG c.g.d.z.s.o.a.hc.client5.http.wire - http-outgoing-28 << "Docker-Experimental: false[\r][\n]"
2024-07-24 14:31:06.451 [Test worker] DEBUG c.g.d.z.s.o.a.hc.client5.http.wire - http-outgoing-28 << "Ostype: linux[\r][\n]"
2024-07-24 14:31:06.451 [Test worker] DEBUG c.g.d.z.s.o.a.hc.client5.http.wire - http-outgoing-28 << "Server: Docker/26.0.0 (linux)[\r][\n]"
2024-07-24 14:31:06.451 [Test worker] DEBUG c.g.d.z.s.o.a.hc.client5.http.wire - http-outgoing-28 << "[\r][\n]"
2024-07-24 14:31:06.451 [Test worker] DEBUG c.g.d.z.s.o.a.h.client5.http.headers - http-outgoing-28 << HTTP/1.1 204 No Content
2024-07-24 14:31:06.451 [Test worker] DEBUG c.g.d.z.s.o.a.h.client5.http.headers - http-outgoing-28 << Api-Version: 1.45
2024-07-24 14:31:06.451 [Test worker] DEBUG c.g.d.z.s.o.a.h.client5.http.headers - http-outgoing-28 << Date: Wed, 24 Jul 2024 02:31:06 GMT
2024-07-24 14:31:06.451 [Test worker] DEBUG c.g.d.z.s.o.a.h.client5.http.headers - http-outgoing-28 << Docker-Experimental: false
2024-07-24 14:31:06.451 [Test worker] DEBUG c.g.d.z.s.o.a.h.client5.http.headers - http-outgoing-28 << Ostype: linux
2024-07-24 14:31:06.451 [Test worker] DEBUG c.g.d.z.s.o.a.h.client5.http.headers - http-outgoing-28 << Server: Docker/26.0.0 (linux)
2024-07-24 14:31:06.451 [Test worker] DEBUG c.g.d.z.s.o.a.h.c.h.i.c.MainClientExec - ex-00000132: connection can be kept alive for 3 MINUTES
2024-07-24 14:31:06.451 [Test worker] DEBUG c.g.d.z.s.o.a.h.c.h.i.c.InternalHttpClient - ep-00000131: releasing valid endpoint
2024-07-24 14:31:06.451 [Test worker] DEBUG c.g.d.z.s.o.a.h.c.h.i.i.PoolingHttpClientConnectionManager - ep-00000131: releasing endpoint
2024-07-24 14:31:06.451 [Test worker] DEBUG c.g.d.z.s.o.a.h.c.h.i.i.PoolingHttpClientConnectionManager - ep-00000131: connection http-outgoing-28 can be kept alive for 3 MINUTES
2024-07-24 14:31:06.451 [Test worker] DEBUG c.g.d.z.s.o.a.h.c.h.i.i.PoolingHttpClientConnectionManager - ep-00000131: connection released [route: {}->npipe://localhost:2375][total available: 1; route allocated: 1 of 2147483647; total allocated: 1 of 2147483647]
2024-07-24 14:31:06.452 [Test worker] DEBUG o.t.utility.ResourceReaper - Removed container and associated volume(s): postgres:latest
]]></system-out>
  <system-err><![CDATA[]]></system-err>
</testsuite>
