<?xml version="1.0" encoding="UTF-8"?>
<testsuite name="com.unitedApi.CustomerDAOTest" tests="2" skipped="0" failures="0" errors="0" timestamp="2024-07-24T02:29:59" hostname="DESKTOP-FRUHT2G" time="6.737">
  <properties/>
  <testcase name="getCustomerTest" classname="com.unitedApi.CustomerDAOTest" time="3.949"/>
  <testcase name="getCustomersTest" classname="com.unitedApi.CustomerDAOTest" time="2.788"/>
  <system-out><![CDATA[2024-07-24 14:29:59.861 [Test worker] DEBUG o.t.u.PrefixingImageNameSubstitutor - No prefix is configured
2024-07-24 14:29:59.861 [Test worker] DEBUG o.t.utility.ImageNameSubstitutor - Did not find a substitute image for postgres:latest (using image substitutor: DefaultImageNameSubstitutor (composite of 'ConfigurationFileImageNameSubstitutor' and 'PrefixingImageNameSubstitutor'))
2024-07-24 14:29:59.861 [Test worker] TRACE tc.postgres:latest - postgres:latest is already in image name cache
2024-07-24 14:29:59.861 [Test worker] DEBUG o.t.images.AbstractImagePullPolicy - Using locally available and not pulling image: postgres:latest
2024-07-24 14:29:59.861 [Test worker] DEBUG tc.postgres:latest - Starting container: postgres:latest
2024-07-24 14:29:59.862 [Test worker] DEBUG tc.postgres:latest - Trying to start container: postgres:latest (attempt 1/1)
2024-07-24 14:29:59.862 [Test worker] DEBUG tc.postgres:latest - Starting container: postgres:latest
2024-07-24 14:29:59.862 [Test worker] INFO  tc.postgres:latest - Creating container for image: postgres:latest
2024-07-24 14:29:59.862 [Test worker] DEBUG o.t.utility.RegistryAuthLocator - Looking up auth config for image: postgres:latest at registry: https://index.docker.io/v1/
2024-07-24 14:29:59.862 [Test worker] DEBUG o.t.utility.RegistryAuthLocator - No matching Auth Configs - falling back to defaultAuthConfig [null]
2024-07-24 14:29:59.862 [Test worker] DEBUG o.t.d.AuthDelegatingDockerClientConfig - Effective auth config [null]
2024-07-24 14:29:59.862 [Test worker] DEBUG o.t.s.c.g.d.c.command.AbstrDockerCmd - Cmd: org.testcontainers.shaded.com.github.dockerjava.core.command.CreateContainerCmdImpl@4f281aaf[aliases=<null>,argsEscaped=<null>,attachStderr=<null>,attachStdin=<null>,attachStdout=<null>,authConfig=<null>,cmd={postgres,-c,fsync=off},domainName=<null>,entrypoint=<null>,env={POSTGRES_USER=user,POSTGRES_PASSWORD=password,POSTGRES_DB=db},exposedPorts=ExposedPorts(exposedPorts=[5432/tcp]),healthcheck=<null>,hostConfig=HostConfig(binds=[], blkioWeight=null, blkioWeightDevice=null, blkioDeviceReadBps=null, blkioDeviceWriteBps=null, blkioDeviceReadIOps=null, blkioDeviceWriteIOps=null, memorySwappiness=null, nanoCPUs=null, capAdd=null, capDrop=null, containerIDFile=null, cpuPeriod=null, cpuRealtimePeriod=null, cpuRealtimeRuntime=null, cpuShares=null, cpuQuota=null, cpusetCpus=null, cpusetMems=null, devices=null, deviceCgroupRules=null, deviceRequests=null, diskQuota=null, dns=null, dnsOptions=null, dnsSearch=null, extraHosts=[], groupAdd=null, ipcMode=null, cgroup=null, links=[], logConfig=LogConfig(type=null, config=null), lxcConf=null, memory=null, memorySwap=null, memoryReservation=null, kernelMemory=null, networkMode=null, oomKillDisable=null, init=null, autoRemove=null, oomScoreAdj=null, portBindings={5432/tcp=[Lcom.github.dockerjava.api.model.Ports$Binding;@251c4280}, privileged=null, publishAllPorts=null, readonlyRootfs=null, restartPolicy=null, ulimits=null, cpuCount=null, cpuPercent=null, ioMaximumIOps=null, ioMaximumBandwidth=null, volumesFrom=[], mounts=null, pidMode=null, isolation=null, securityOpts=null, storageOpt=null, cgroupParent=null, volumeDriver=null, shmSize=null, pidsLimit=null, runtime=null, tmpFs=null, utSMode=null, usernsMode=null, sysctls=null, consoleSize=null, cgroupnsMode=null),hostName=<null>,image=postgres:latest,ipv4Address=<null>,ipv6Address=<null>,labels={org.testcontainers=true, org.testcontainers.lang=java, org.testcontainers.version=1.19.8, org.testcontainers.sessionId=280e6229-7396-4d60-b1e3-a5de48b5d49b},macAddress=<null>,name=<null>,networkDisabled=<null>,networkingConfig=<null>,onBuild=<null>,platform=<null>,portSpecs=<null>,shell=<null>,stdInOnce=<null>,stdinOpen=<null>,stopSignal=<null>,stopTimeout=<null>,tty=<null>,user=<null>,volumes=Volumes(volumes=[]),workingDir=<null>]
2024-07-24 14:29:59.863 [Test worker] TRACE o.t.s.c.g.d.c.e.CreateContainerCmdExec - POST: DefaultWebTarget{path=[/containers/create], queryParams={}} 
2024-07-24 14:29:59.864 [Test worker] DEBUG c.g.d.z.s.o.a.h.c.h.i.c.InternalHttpClient - ex-00000020: preparing request execution
2024-07-24 14:29:59.864 [Test worker] DEBUG c.g.d.z.s.o.a.h.c.h.p.RequestAddCookies - Cookie spec selected: strict
2024-07-24 14:29:59.864 [Test worker] DEBUG c.g.d.z.s.o.a.h.c.h.p.RequestAuthCache - Auth cache not set in the context
2024-07-24 14:29:59.864 [Test worker] DEBUG c.g.d.z.s.o.a.h.c.h.i.c.ProtocolExec - ex-00000020: target auth state: UNCHALLENGED
2024-07-24 14:29:59.864 [Test worker] DEBUG c.g.d.z.s.o.a.h.c.h.i.c.ProtocolExec - ex-00000020: proxy auth state: UNCHALLENGED
2024-07-24 14:29:59.864 [Test worker] DEBUG c.g.d.z.s.o.a.h.c.h.i.c.ConnectExec - ex-00000020: acquiring connection with route {}->npipe://localhost:2375
2024-07-24 14:29:59.864 [Test worker] DEBUG c.g.d.z.s.o.a.h.c.h.i.c.InternalHttpClient - ex-00000020: acquiring endpoint (3 MINUTES)
2024-07-24 14:29:59.864 [Test worker] DEBUG c.g.d.z.s.o.a.h.c.h.i.i.PoolingHttpClientConnectionManager - ex-00000020: endpoint lease request (3 MINUTES) [route: {}->npipe://localhost:2375][total available: 1; route allocated: 1 of 2147483647; total allocated: 1 of 2147483647]
2024-07-24 14:29:59.864 [Test worker] DEBUG c.g.d.z.s.o.a.h.c.h.i.i.PoolingHttpClientConnectionManager - ex-00000020: endpoint leased [route: {}->npipe://localhost:2375][total available: 0; route allocated: 1 of 2147483647; total allocated: 1 of 2147483647]
2024-07-24 14:29:59.864 [Test worker] DEBUG c.g.d.z.s.o.a.h.c.h.i.i.PoolingHttpClientConnectionManager - ex-00000020: acquired ep-0000001F
2024-07-24 14:29:59.864 [Test worker] DEBUG c.g.d.z.s.o.a.h.c.h.i.c.InternalHttpClient - ex-00000020: acquired endpoint ep-0000001F
2024-07-24 14:29:59.864 [Test worker] DEBUG c.g.d.z.s.o.a.h.c.h.i.c.MainClientExec - ex-00000020: executing POST /v1.32/containers/create HTTP/1.1
2024-07-24 14:29:59.864 [Test worker] DEBUG c.g.d.z.s.o.a.h.c.h.i.c.InternalHttpClient - ep-0000001F: start execution ex-00000020
2024-07-24 14:29:59.864 [Test worker] DEBUG c.g.d.z.s.o.a.h.c.h.i.i.PoolingHttpClientConnectionManager - ep-0000001F: executing exchange ex-00000020 over http-outgoing-3
2024-07-24 14:29:59.865 [Test worker] DEBUG c.g.d.z.s.o.a.h.client5.http.headers - http-outgoing-3 >> POST /v1.32/containers/create HTTP/1.1
2024-07-24 14:29:59.865 [Test worker] DEBUG c.g.d.z.s.o.a.h.client5.http.headers - http-outgoing-3 >> accept: application/json
2024-07-24 14:29:59.865 [Test worker] DEBUG c.g.d.z.s.o.a.h.client5.http.headers - http-outgoing-3 >> content-type: application/json
2024-07-24 14:29:59.865 [Test worker] DEBUG c.g.d.z.s.o.a.h.client5.http.headers - http-outgoing-3 >> x-tc-sid: 280e6229-7396-4d60-b1e3-a5de48b5d49b
2024-07-24 14:29:59.865 [Test worker] DEBUG c.g.d.z.s.o.a.h.client5.http.headers - http-outgoing-3 >> User-Agent: tc-java/1.19.8
2024-07-24 14:29:59.865 [Test worker] DEBUG c.g.d.z.s.o.a.h.client5.http.headers - http-outgoing-3 >> Accept-Encoding: gzip, x-gzip, deflate
2024-07-24 14:29:59.865 [Test worker] DEBUG c.g.d.z.s.o.a.h.client5.http.headers - http-outgoing-3 >> Content-Length: 2061
2024-07-24 14:29:59.865 [Test worker] DEBUG c.g.d.z.s.o.a.h.client5.http.headers - http-outgoing-3 >> Host: localhost:2375
2024-07-24 14:29:59.865 [Test worker] DEBUG c.g.d.z.s.o.a.h.client5.http.headers - http-outgoing-3 >> Connection: keep-alive
2024-07-24 14:29:59.865 [Test worker] DEBUG c.g.d.z.s.o.a.hc.client5.http.wire - http-outgoing-3 >> "POST /v1.32/containers/create HTTP/1.1[\r][\n]"
2024-07-24 14:29:59.865 [Test worker] DEBUG c.g.d.z.s.o.a.hc.client5.http.wire - http-outgoing-3 >> "accept: application/json[\r][\n]"
2024-07-24 14:29:59.865 [Test worker] DEBUG c.g.d.z.s.o.a.hc.client5.http.wire - http-outgoing-3 >> "content-type: application/json[\r][\n]"
2024-07-24 14:29:59.865 [Test worker] DEBUG c.g.d.z.s.o.a.hc.client5.http.wire - http-outgoing-3 >> "x-tc-sid: 280e6229-7396-4d60-b1e3-a5de48b5d49b[\r][\n]"
2024-07-24 14:29:59.865 [Test worker] DEBUG c.g.d.z.s.o.a.hc.client5.http.wire - http-outgoing-3 >> "User-Agent: tc-java/1.19.8[\r][\n]"
2024-07-24 14:29:59.865 [Test worker] DEBUG c.g.d.z.s.o.a.hc.client5.http.wire - http-outgoing-3 >> "Accept-Encoding: gzip, x-gzip, deflate[\r][\n]"
2024-07-24 14:29:59.865 [Test worker] DEBUG c.g.d.z.s.o.a.hc.client5.http.wire - http-outgoing-3 >> "Content-Length: 2061[\r][\n]"
2024-07-24 14:29:59.865 [Test worker] DEBUG c.g.d.z.s.o.a.hc.client5.http.wire - http-outgoing-3 >> "Host: localhost:2375[\r][\n]"
2024-07-24 14:29:59.865 [Test worker] DEBUG c.g.d.z.s.o.a.hc.client5.http.wire - http-outgoing-3 >> "Connection: keep-alive[\r][\n]"
2024-07-24 14:29:59.865 [Test worker] DEBUG c.g.d.z.s.o.a.hc.client5.http.wire - http-outgoing-3 >> "[\r][\n]"
2024-07-24 14:29:59.865 [Test worker] DEBUG c.g.d.z.s.o.a.hc.client5.http.wire - http-outgoing-3 >> "{"Hostname":null,"Domainname":null,"User":null,"AttachStdin":null,"AttachStdout":null,"AttachStderr":null,"PortSpecs":null,"Tty":null,"OpenStdin":null,"StdinOnce":null,"Env":["POSTGRES_USER=user","POSTGRES_PASSWORD=password","POSTGRES_DB=db"],"Cmd":["postgres","-c","fsync=off"],"Healthcheck":null,"ArgsEscaped":null,"Entrypoint":null,"Image":"postgres:latest","Volumes":{},"WorkingDir":null,"MacAddress":null,"OnBuild":null,"NetworkDisabled":null,"ExposedPorts":{"5432/tcp":{}},"StopSignal":null,"StopTimeout":null,"HostConfig":{"Binds":[],"BlkioWeight":null,"BlkioWeightDevice":null,"BlkioDeviceReadBps":null,"BlkioDeviceWriteBps":null,"BlkioDeviceReadIOps":null,"BlkioDeviceWriteIOps":null,"MemorySwappiness":null,"NanoCpus":null,"CapAdd":null,"CapDrop":null,"ContainerIDFile":null,"CpuPeriod":null,"CpuRealtimePeriod":null,"CpuRealtimeRuntime":null,"CpuShares":null,"CpuQuota":null,"CpusetCpus":null,"CpusetMems":null,"Devices":null,"DeviceCgroupRules":null,"DeviceRequests":null,"DiskQuota":null,"Dns":null,"DnsOptions":null,"DnsSearch":null,"ExtraHosts":[],"GroupAdd":null,"IpcMode":null,"Cgroup":null,"Links":[],"LogConfig":null,"LxcConf":null,"Memory":null,"MemorySwap":null,"MemoryReservation":null,"KernelMemory":null,"NetworkMode":null,"OomKillDisable":null,"Init":null,"AutoRemove":null,"OomScoreAdj":null,"PortBindings":{"5432/tcp":[{"HostIp":"","HostPort":""}]},"Privileged":null,"PublishAllPorts":null,"ReadonlyRootfs":null,"RestartPolicy":null,"Ulimits":null,"CpuCount":null,"CpuPercent":null,"IOMaximumIOps":null,"IOMaximumBandwidth":null,"VolumesFrom":[],"Mounts":null,"PidMode":null,"Isolation":null,"SecurityOpt":null,"StorageOpt":null,"CgroupParent":null,"VolumeDriver":null,"ShmSize":null,"PidsLimit":null,"Runtime":null,"Tmpfs":null,"UTSMode":null,"UsernsMode":null,"Sysctls":null,"ConsoleSize":null,"CgroupnsMode":null},"Labels":{"org.testcontainers":"true","org.testcontainers.lang":"java","org.testcontainers.version":"1.19.8","org.testcontainers.sessionId":"280e6229-7396-4d60-b1e3-a5de48b5d49b"},"Shell":null,"NetworkingConfig":null}"
2024-07-24 14:30:00.046 [Test worker] DEBUG c.g.d.z.s.o.a.hc.client5.http.wire - http-outgoing-3 << "HTTP/1.1 201 Created[\r][\n]"
2024-07-24 14:30:00.046 [Test worker] DEBUG c.g.d.z.s.o.a.hc.client5.http.wire - http-outgoing-3 << "Api-Version: 1.45[\r][\n]"
2024-07-24 14:30:00.046 [Test worker] DEBUG c.g.d.z.s.o.a.hc.client5.http.wire - http-outgoing-3 << "Content-Type: application/json[\r][\n]"
2024-07-24 14:30:00.046 [Test worker] DEBUG c.g.d.z.s.o.a.hc.client5.http.wire - http-outgoing-3 << "Date: Wed, 24 Jul 2024 02:30:00 GMT[\r][\n]"
2024-07-24 14:30:00.046 [Test worker] DEBUG c.g.d.z.s.o.a.hc.client5.http.wire - http-outgoing-3 << "Docker-Experimental: false[\r][\n]"
2024-07-24 14:30:00.046 [Test worker] DEBUG c.g.d.z.s.o.a.hc.client5.http.wire - http-outgoing-3 << "Ostype: linux[\r][\n]"
2024-07-24 14:30:00.047 [Test worker] DEBUG c.g.d.z.s.o.a.hc.client5.http.wire - http-outgoing-3 << "Server: Docker/26.0.0 (linux)[\r][\n]"
2024-07-24 14:30:00.047 [Test worker] DEBUG c.g.d.z.s.o.a.hc.client5.http.wire - http-outgoing-3 << "Transfer-Encoding: chunked[\r][\n]"
2024-07-24 14:30:00.047 [Test worker] DEBUG c.g.d.z.s.o.a.hc.client5.http.wire - http-outgoing-3 << "[\r][\n]"
2024-07-24 14:30:00.047 [Test worker] DEBUG c.g.d.z.s.o.a.h.client5.http.headers - http-outgoing-3 << HTTP/1.1 201 Created
2024-07-24 14:30:00.047 [Test worker] DEBUG c.g.d.z.s.o.a.h.client5.http.headers - http-outgoing-3 << Api-Version: 1.45
2024-07-24 14:30:00.047 [Test worker] DEBUG c.g.d.z.s.o.a.h.client5.http.headers - http-outgoing-3 << Content-Type: application/json
2024-07-24 14:30:00.047 [Test worker] DEBUG c.g.d.z.s.o.a.h.client5.http.headers - http-outgoing-3 << Date: Wed, 24 Jul 2024 02:30:00 GMT
2024-07-24 14:30:00.047 [Test worker] DEBUG c.g.d.z.s.o.a.h.client5.http.headers - http-outgoing-3 << Docker-Experimental: false
2024-07-24 14:30:00.047 [Test worker] DEBUG c.g.d.z.s.o.a.h.client5.http.headers - http-outgoing-3 << Ostype: linux
2024-07-24 14:30:00.047 [Test worker] DEBUG c.g.d.z.s.o.a.h.client5.http.headers - http-outgoing-3 << Server: Docker/26.0.0 (linux)
2024-07-24 14:30:00.047 [Test worker] DEBUG c.g.d.z.s.o.a.h.client5.http.headers - http-outgoing-3 << Transfer-Encoding: chunked
2024-07-24 14:30:00.048 [Test worker] DEBUG c.g.d.z.s.o.a.h.c.h.i.c.MainClientExec - ex-00000020: connection can be kept alive for 3 MINUTES
2024-07-24 14:30:00.048 [Test worker] DEBUG c.g.d.z.s.o.a.hc.client5.http.wire - http-outgoing-3 << "58[\r][\n]"
2024-07-24 14:30:00.048 [Test worker] DEBUG c.g.d.z.s.o.a.hc.client5.http.wire - http-outgoing-3 << "{"Id":"3fe330d29fde647769d434393d0e5c3ab11791a8feea1b27914dafe0c67d7462","Warnings":[]}[\n]"
2024-07-24 14:30:00.048 [Test worker] DEBUG c.g.d.z.s.o.a.hc.client5.http.wire - http-outgoing-3 << "[\r][\n]"
2024-07-24 14:30:00.048 [Test worker] DEBUG c.g.d.z.s.o.a.hc.client5.http.wire - http-outgoing-3 << "0[\r][\n]"
2024-07-24 14:30:00.048 [Test worker] DEBUG c.g.d.z.s.o.a.hc.client5.http.wire - http-outgoing-3 << "[\r][\n]"
2024-07-24 14:30:00.048 [Test worker] DEBUG c.g.d.z.s.o.a.h.c.h.i.c.InternalHttpClient - ep-0000001F: releasing valid endpoint
2024-07-24 14:30:00.048 [Test worker] DEBUG c.g.d.z.s.o.a.h.c.h.i.i.PoolingHttpClientConnectionManager - ep-0000001F: releasing endpoint
2024-07-24 14:30:00.049 [Test worker] DEBUG c.g.d.z.s.o.a.h.c.h.i.i.PoolingHttpClientConnectionManager - ep-0000001F: connection http-outgoing-3 can be kept alive for 3 MINUTES
2024-07-24 14:30:00.049 [Test worker] DEBUG c.g.d.z.s.o.a.h.c.h.i.i.PoolingHttpClientConnectionManager - ep-0000001F: connection released [route: {}->npipe://localhost:2375][total available: 1; route allocated: 1 of 2147483647; total allocated: 1 of 2147483647]
2024-07-24 14:30:00.049 [Test worker] INFO  tc.postgres:latest - Container postgres:latest is starting: 3fe330d29fde647769d434393d0e5c3ab11791a8feea1b27914dafe0c67d7462
2024-07-24 14:30:00.049 [Test worker] DEBUG o.t.s.c.g.d.c.command.AbstrDockerCmd - Cmd: 3fe330d29fde647769d434393d0e5c3ab11791a8feea1b27914dafe0c67d7462
2024-07-24 14:30:00.049 [Test worker] TRACE o.t.s.c.g.d.c.e.StartContainerCmdExec - POST: DefaultWebTarget{path=[/containers/3fe330d29fde647769d434393d0e5c3ab11791a8feea1b27914dafe0c67d7462/start], queryParams={}}
2024-07-24 14:30:00.049 [Test worker] DEBUG c.g.d.z.s.o.a.h.c.h.i.c.InternalHttpClient - ex-00000021: preparing request execution
2024-07-24 14:30:00.049 [Test worker] DEBUG c.g.d.z.s.o.a.h.c.h.p.RequestAddCookies - Cookie spec selected: strict
2024-07-24 14:30:00.050 [Test worker] DEBUG c.g.d.z.s.o.a.h.c.h.p.RequestAuthCache - Auth cache not set in the context
2024-07-24 14:30:00.050 [Test worker] DEBUG c.g.d.z.s.o.a.h.c.h.i.c.ProtocolExec - ex-00000021: target auth state: UNCHALLENGED
2024-07-24 14:30:00.050 [Test worker] DEBUG c.g.d.z.s.o.a.h.c.h.i.c.ProtocolExec - ex-00000021: proxy auth state: UNCHALLENGED
2024-07-24 14:30:00.050 [Test worker] DEBUG c.g.d.z.s.o.a.h.c.h.i.c.ConnectExec - ex-00000021: acquiring connection with route {}->npipe://localhost:2375
2024-07-24 14:30:00.050 [Test worker] DEBUG c.g.d.z.s.o.a.h.c.h.i.c.InternalHttpClient - ex-00000021: acquiring endpoint (3 MINUTES)
2024-07-24 14:30:00.050 [Test worker] DEBUG c.g.d.z.s.o.a.h.c.h.i.i.PoolingHttpClientConnectionManager - ex-00000021: endpoint lease request (3 MINUTES) [route: {}->npipe://localhost:2375][total available: 1; route allocated: 1 of 2147483647; total allocated: 1 of 2147483647]
2024-07-24 14:30:00.050 [Test worker] DEBUG c.g.d.z.s.o.a.h.c.h.i.i.PoolingHttpClientConnectionManager - ex-00000021: endpoint leased [route: {}->npipe://localhost:2375][total available: 0; route allocated: 1 of 2147483647; total allocated: 1 of 2147483647]
2024-07-24 14:30:00.050 [Test worker] DEBUG c.g.d.z.s.o.a.h.c.h.i.i.PoolingHttpClientConnectionManager - ex-00000021: acquired ep-00000020
2024-07-24 14:30:00.050 [Test worker] DEBUG c.g.d.z.s.o.a.h.c.h.i.c.InternalHttpClient - ex-00000021: acquired endpoint ep-00000020
2024-07-24 14:30:00.050 [Test worker] DEBUG c.g.d.z.s.o.a.h.c.h.i.c.MainClientExec - ex-00000021: executing POST /v1.32/containers/3fe330d29fde647769d434393d0e5c3ab11791a8feea1b27914dafe0c67d7462/start HTTP/1.1
2024-07-24 14:30:00.050 [Test worker] DEBUG c.g.d.z.s.o.a.h.c.h.i.c.InternalHttpClient - ep-00000020: start execution ex-00000021
2024-07-24 14:30:00.050 [Test worker] DEBUG c.g.d.z.s.o.a.h.c.h.i.i.PoolingHttpClientConnectionManager - ep-00000020: executing exchange ex-00000021 over http-outgoing-3
2024-07-24 14:30:00.050 [Test worker] DEBUG c.g.d.z.s.o.a.h.client5.http.headers - http-outgoing-3 >> POST /v1.32/containers/3fe330d29fde647769d434393d0e5c3ab11791a8feea1b27914dafe0c67d7462/start HTTP/1.1
2024-07-24 14:30:00.050 [Test worker] DEBUG c.g.d.z.s.o.a.h.client5.http.headers - http-outgoing-3 >> accept: application/json
2024-07-24 14:30:00.050 [Test worker] DEBUG c.g.d.z.s.o.a.h.client5.http.headers - http-outgoing-3 >> content-type: application/json
2024-07-24 14:30:00.050 [Test worker] DEBUG c.g.d.z.s.o.a.h.client5.http.headers - http-outgoing-3 >> x-tc-sid: 280e6229-7396-4d60-b1e3-a5de48b5d49b
2024-07-24 14:30:00.050 [Test worker] DEBUG c.g.d.z.s.o.a.h.client5.http.headers - http-outgoing-3 >> User-Agent: tc-java/1.19.8
2024-07-24 14:30:00.050 [Test worker] DEBUG c.g.d.z.s.o.a.h.client5.http.headers - http-outgoing-3 >> Accept-Encoding: gzip, x-gzip, deflate
2024-07-24 14:30:00.050 [Test worker] DEBUG c.g.d.z.s.o.a.h.client5.http.headers - http-outgoing-3 >> Host: localhost:2375
2024-07-24 14:30:00.050 [Test worker] DEBUG c.g.d.z.s.o.a.h.client5.http.headers - http-outgoing-3 >> Connection: keep-alive
2024-07-24 14:30:00.050 [Test worker] DEBUG c.g.d.z.s.o.a.hc.client5.http.wire - http-outgoing-3 >> "POST /v1.32/containers/3fe330d29fde647769d434393d0e5c3ab11791a8feea1b27914dafe0c67d7462/start HTTP/1.1[\r][\n]"
2024-07-24 14:30:00.050 [Test worker] DEBUG c.g.d.z.s.o.a.hc.client5.http.wire - http-outgoing-3 >> "accept: application/json[\r][\n]"
2024-07-24 14:30:00.050 [Test worker] DEBUG c.g.d.z.s.o.a.hc.client5.http.wire - http-outgoing-3 >> "content-type: application/json[\r][\n]"
2024-07-24 14:30:00.050 [Test worker] DEBUG c.g.d.z.s.o.a.hc.client5.http.wire - http-outgoing-3 >> "x-tc-sid: 280e6229-7396-4d60-b1e3-a5de48b5d49b[\r][\n]"
2024-07-24 14:30:00.050 [Test worker] DEBUG c.g.d.z.s.o.a.hc.client5.http.wire - http-outgoing-3 >> "User-Agent: tc-java/1.19.8[\r][\n]"
2024-07-24 14:30:00.050 [Test worker] DEBUG c.g.d.z.s.o.a.hc.client5.http.wire - http-outgoing-3 >> "Accept-Encoding: gzip, x-gzip, deflate[\r][\n]"
2024-07-24 14:30:00.050 [Test worker] DEBUG c.g.d.z.s.o.a.hc.client5.http.wire - http-outgoing-3 >> "Host: localhost:2375[\r][\n]"
2024-07-24 14:30:00.050 [Test worker] DEBUG c.g.d.z.s.o.a.hc.client5.http.wire - http-outgoing-3 >> "Connection: keep-alive[\r][\n]"
2024-07-24 14:30:00.050 [Test worker] DEBUG c.g.d.z.s.o.a.hc.client5.http.wire - http-outgoing-3 >> "[\r][\n]"
2024-07-24 14:30:00.484 [Test worker] DEBUG c.g.d.z.s.o.a.hc.client5.http.wire - http-outgoing-3 << "HTTP/1.1 204 No Content[\r][\n]"
2024-07-24 14:30:00.484 [Test worker] DEBUG c.g.d.z.s.o.a.hc.client5.http.wire - http-outgoing-3 << "Api-Version: 1.45[\r][\n]"
2024-07-24 14:30:00.484 [Test worker] DEBUG c.g.d.z.s.o.a.hc.client5.http.wire - http-outgoing-3 << "Date: Wed, 24 Jul 2024 02:30:00 GMT[\r][\n]"
2024-07-24 14:30:00.484 [Test worker] DEBUG c.g.d.z.s.o.a.hc.client5.http.wire - http-outgoing-3 << "Docker-Experimental: false[\r][\n]"
2024-07-24 14:30:00.484 [Test worker] DEBUG c.g.d.z.s.o.a.hc.client5.http.wire - http-outgoing-3 << "Ostype: linux[\r][\n]"
2024-07-24 14:30:00.484 [Test worker] DEBUG c.g.d.z.s.o.a.hc.client5.http.wire - http-outgoing-3 << "Server: Docker/26.0.0 (linux)[\r][\n]"
2024-07-24 14:30:00.484 [Test worker] DEBUG c.g.d.z.s.o.a.hc.client5.http.wire - http-outgoing-3 << "[\r][\n]"
2024-07-24 14:30:00.484 [Test worker] DEBUG c.g.d.z.s.o.a.h.client5.http.headers - http-outgoing-3 << HTTP/1.1 204 No Content
2024-07-24 14:30:00.485 [Test worker] DEBUG c.g.d.z.s.o.a.h.client5.http.headers - http-outgoing-3 << Api-Version: 1.45
2024-07-24 14:30:00.485 [Test worker] DEBUG c.g.d.z.s.o.a.h.client5.http.headers - http-outgoing-3 << Date: Wed, 24 Jul 2024 02:30:00 GMT
2024-07-24 14:30:00.485 [Test worker] DEBUG c.g.d.z.s.o.a.h.client5.http.headers - http-outgoing-3 << Docker-Experimental: false
2024-07-24 14:30:00.485 [Test worker] DEBUG c.g.d.z.s.o.a.h.client5.http.headers - http-outgoing-3 << Ostype: linux
2024-07-24 14:30:00.485 [Test worker] DEBUG c.g.d.z.s.o.a.h.client5.http.headers - http-outgoing-3 << Server: Docker/26.0.0 (linux)
2024-07-24 14:30:00.486 [Test worker] DEBUG c.g.d.z.s.o.a.h.c.h.i.c.MainClientExec - ex-00000021: connection can be kept alive for 3 MINUTES
2024-07-24 14:30:00.486 [Test worker] DEBUG c.g.d.z.s.o.a.h.c.h.i.c.InternalHttpClient - ep-00000020: releasing valid endpoint
2024-07-24 14:30:00.486 [Test worker] DEBUG c.g.d.z.s.o.a.h.c.h.i.i.PoolingHttpClientConnectionManager - ep-00000020: releasing endpoint
2024-07-24 14:30:00.486 [Test worker] DEBUG c.g.d.z.s.o.a.h.c.h.i.i.PoolingHttpClientConnectionManager - ep-00000020: connection http-outgoing-3 can be kept alive for 3 MINUTES
2024-07-24 14:30:00.486 [Test worker] DEBUG c.g.d.z.s.o.a.h.c.h.i.i.PoolingHttpClientConnectionManager - ep-00000020: connection released [route: {}->npipe://localhost:2375][total available: 1; route allocated: 1 of 2147483647; total allocated: 1 of 2147483647]
2024-07-24 14:30:00.486 [Test worker] DEBUG o.t.s.c.g.d.c.command.AbstrDockerCmd - Cmd: 3fe330d29fde647769d434393d0e5c3ab11791a8feea1b27914dafe0c67d7462,false
2024-07-24 14:30:00.487 [Test worker] DEBUG o.t.s.c.g.d.c.e.InspectContainerCmdExec - GET: DefaultWebTarget{path=[/containers/3fe330d29fde647769d434393d0e5c3ab11791a8feea1b27914dafe0c67d7462/json], queryParams={}}
2024-07-24 14:30:00.487 [Test worker] DEBUG c.g.d.z.s.o.a.h.c.h.i.c.InternalHttpClient - ex-00000022: preparing request execution
2024-07-24 14:30:00.487 [Test worker] DEBUG c.g.d.z.s.o.a.h.c.h.p.RequestAddCookies - Cookie spec selected: strict
2024-07-24 14:30:00.487 [Test worker] DEBUG c.g.d.z.s.o.a.h.c.h.p.RequestAuthCache - Auth cache not set in the context
2024-07-24 14:30:00.487 [Test worker] DEBUG c.g.d.z.s.o.a.h.c.h.i.c.ProtocolExec - ex-00000022: target auth state: UNCHALLENGED
2024-07-24 14:30:00.487 [Test worker] DEBUG c.g.d.z.s.o.a.h.c.h.i.c.ProtocolExec - ex-00000022: proxy auth state: UNCHALLENGED
2024-07-24 14:30:00.487 [Test worker] DEBUG c.g.d.z.s.o.a.h.c.h.i.c.ConnectExec - ex-00000022: acquiring connection with route {}->npipe://localhost:2375
2024-07-24 14:30:00.487 [Test worker] DEBUG c.g.d.z.s.o.a.h.c.h.i.c.InternalHttpClient - ex-00000022: acquiring endpoint (3 MINUTES)
2024-07-24 14:30:00.487 [Test worker] DEBUG c.g.d.z.s.o.a.h.c.h.i.i.PoolingHttpClientConnectionManager - ex-00000022: endpoint lease request (3 MINUTES) [route: {}->npipe://localhost:2375][total available: 1; route allocated: 1 of 2147483647; total allocated: 1 of 2147483647]
2024-07-24 14:30:00.488 [Test worker] DEBUG c.g.d.z.s.o.a.h.c.h.i.i.PoolingHttpClientConnectionManager - ex-00000022: endpoint leased [route: {}->npipe://localhost:2375][total available: 0; route allocated: 1 of 2147483647; total allocated: 1 of 2147483647]
2024-07-24 14:30:00.488 [Test worker] DEBUG c.g.d.z.s.o.a.h.c.h.i.i.PoolingHttpClientConnectionManager - ex-00000022: acquired ep-00000021
2024-07-24 14:30:00.488 [Test worker] DEBUG c.g.d.z.s.o.a.h.c.h.i.c.InternalHttpClient - ex-00000022: acquired endpoint ep-00000021
2024-07-24 14:30:00.488 [Test worker] DEBUG c.g.d.z.s.o.a.h.c.h.i.c.MainClientExec - ex-00000022: executing GET /v1.32/containers/3fe330d29fde647769d434393d0e5c3ab11791a8feea1b27914dafe0c67d7462/json HTTP/1.1
2024-07-24 14:30:00.488 [Test worker] DEBUG c.g.d.z.s.o.a.h.c.h.i.c.InternalHttpClient - ep-00000021: start execution ex-00000022
2024-07-24 14:30:00.488 [Test worker] DEBUG c.g.d.z.s.o.a.h.c.h.i.i.PoolingHttpClientConnectionManager - ep-00000021: executing exchange ex-00000022 over http-outgoing-3
2024-07-24 14:30:00.488 [Test worker] DEBUG c.g.d.z.s.o.a.h.client5.http.headers - http-outgoing-3 >> GET /v1.32/containers/3fe330d29fde647769d434393d0e5c3ab11791a8feea1b27914dafe0c67d7462/json HTTP/1.1
2024-07-24 14:30:00.488 [Test worker] DEBUG c.g.d.z.s.o.a.h.client5.http.headers - http-outgoing-3 >> accept: application/json
2024-07-24 14:30:00.488 [Test worker] DEBUG c.g.d.z.s.o.a.h.client5.http.headers - http-outgoing-3 >> x-tc-sid: 280e6229-7396-4d60-b1e3-a5de48b5d49b
2024-07-24 14:30:00.488 [Test worker] DEBUG c.g.d.z.s.o.a.h.client5.http.headers - http-outgoing-3 >> User-Agent: tc-java/1.19.8
2024-07-24 14:30:00.488 [Test worker] DEBUG c.g.d.z.s.o.a.h.client5.http.headers - http-outgoing-3 >> Accept-Encoding: gzip, x-gzip, deflate
2024-07-24 14:30:00.488 [Test worker] DEBUG c.g.d.z.s.o.a.h.client5.http.headers - http-outgoing-3 >> Host: localhost:2375
2024-07-24 14:30:00.488 [Test worker] DEBUG c.g.d.z.s.o.a.h.client5.http.headers - http-outgoing-3 >> Connection: keep-alive
2024-07-24 14:30:00.488 [Test worker] DEBUG c.g.d.z.s.o.a.hc.client5.http.wire - http-outgoing-3 >> "GET /v1.32/containers/3fe330d29fde647769d434393d0e5c3ab11791a8feea1b27914dafe0c67d7462/json HTTP/1.1[\r][\n]"
2024-07-24 14:30:00.488 [Test worker] DEBUG c.g.d.z.s.o.a.hc.client5.http.wire - http-outgoing-3 >> "accept: application/json[\r][\n]"
2024-07-24 14:30:00.488 [Test worker] DEBUG c.g.d.z.s.o.a.hc.client5.http.wire - http-outgoing-3 >> "x-tc-sid: 280e6229-7396-4d60-b1e3-a5de48b5d49b[\r][\n]"
2024-07-24 14:30:00.488 [Test worker] DEBUG c.g.d.z.s.o.a.hc.client5.http.wire - http-outgoing-3 >> "User-Agent: tc-java/1.19.8[\r][\n]"
2024-07-24 14:30:00.488 [Test worker] DEBUG c.g.d.z.s.o.a.hc.client5.http.wire - http-outgoing-3 >> "Accept-Encoding: gzip, x-gzip, deflate[\r][\n]"
2024-07-24 14:30:00.488 [Test worker] DEBUG c.g.d.z.s.o.a.hc.client5.http.wire - http-outgoing-3 >> "Host: localhost:2375[\r][\n]"
2024-07-24 14:30:00.488 [Test worker] DEBUG c.g.d.z.s.o.a.hc.client5.http.wire - http-outgoing-3 >> "Connection: keep-alive[\r][\n]"
2024-07-24 14:30:00.488 [Test worker] DEBUG c.g.d.z.s.o.a.hc.client5.http.wire - http-outgoing-3 >> "[\r][\n]"
2024-07-24 14:30:00.492 [Test worker] DEBUG c.g.d.z.s.o.a.hc.client5.http.wire - http-outgoing-3 << "HTTP/1.1 200 OK[\r][\n]"
2024-07-24 14:30:00.492 [Test worker] DEBUG c.g.d.z.s.o.a.hc.client5.http.wire - http-outgoing-3 << "Api-Version: 1.45[\r][\n]"
2024-07-24 14:30:00.492 [Test worker] DEBUG c.g.d.z.s.o.a.hc.client5.http.wire - http-outgoing-3 << "Content-Type: application/json[\r][\n]"
2024-07-24 14:30:00.492 [Test worker] DEBUG c.g.d.z.s.o.a.hc.client5.http.wire - http-outgoing-3 << "Date: Wed, 24 Jul 2024 02:30:00 GMT[\r][\n]"
2024-07-24 14:30:00.492 [Test worker] DEBUG c.g.d.z.s.o.a.hc.client5.http.wire - http-outgoing-3 << "Docker-Experimental: false[\r][\n]"
2024-07-24 14:30:00.492 [Test worker] DEBUG c.g.d.z.s.o.a.hc.client5.http.wire - http-outgoing-3 << "Ostype: linux[\r][\n]"
2024-07-24 14:30:00.492 [Test worker] DEBUG c.g.d.z.s.o.a.hc.client5.http.wire - http-outgoing-3 << "Server: Docker/26.0.0 (linux)[\r][\n]"
2024-07-24 14:30:00.492 [Test worker] DEBUG c.g.d.z.s.o.a.hc.client5.http.wire - http-outgoing-3 << "Transfer-Encoding: chunked[\r][\n]"
2024-07-24 14:30:00.492 [Test worker] DEBUG c.g.d.z.s.o.a.hc.client5.http.wire - http-outgoing-3 << "[\r][\n]"
2024-07-24 14:30:00.493 [Test worker] DEBUG c.g.d.z.s.o.a.h.client5.http.headers - http-outgoing-3 << HTTP/1.1 200 OK
2024-07-24 14:30:00.493 [Test worker] DEBUG c.g.d.z.s.o.a.h.client5.http.headers - http-outgoing-3 << Api-Version: 1.45
2024-07-24 14:30:00.493 [Test worker] DEBUG c.g.d.z.s.o.a.h.client5.http.headers - http-outgoing-3 << Content-Type: application/json
2024-07-24 14:30:00.493 [Test worker] DEBUG c.g.d.z.s.o.a.h.client5.http.headers - http-outgoing-3 << Date: Wed, 24 Jul 2024 02:30:00 GMT
2024-07-24 14:30:00.493 [Test worker] DEBUG c.g.d.z.s.o.a.h.client5.http.headers - http-outgoing-3 << Docker-Experimental: false
2024-07-24 14:30:00.493 [Test worker] DEBUG c.g.d.z.s.o.a.h.client5.http.headers - http-outgoing-3 << Ostype: linux
2024-07-24 14:30:00.493 [Test worker] DEBUG c.g.d.z.s.o.a.h.client5.http.headers - http-outgoing-3 << Server: Docker/26.0.0 (linux)
2024-07-24 14:30:00.493 [Test worker] DEBUG c.g.d.z.s.o.a.h.client5.http.headers - http-outgoing-3 << Transfer-Encoding: chunked
2024-07-24 14:30:00.493 [Test worker] DEBUG c.g.d.z.s.o.a.h.c.h.i.c.MainClientExec - ex-00000022: connection can be kept alive for 3 MINUTES
2024-07-24 14:30:00.495 [Test worker] DEBUG c.g.d.z.s.o.a.hc.client5.http.wire - http-outgoing-3 << "1a3c[\r][\n]"
2024-07-24 14:30:00.496 [Test worker] DEBUG c.g.d.z.s.o.a.hc.client5.http.wire - http-outgoing-3 << "{"Id":"3fe330d29fde647769d434393d0e5c3ab11791a8feea1b27914dafe0c67d7462","Created":"2024-07-24T02:29:59.872884989Z","Path":"docker-entrypoint.sh","Args":["postgres","-c","fsync=off"],"State":{"Status":"running","Running":true,"Paused":false,"Restarting":false,"OOMKilled":false,"Dead":false,"Pid":28112,"ExitCode":0,"Error":"","StartedAt":"2024-07-24T02:30:00.467501884Z","FinishedAt":"0001-01-01T00:00:00Z"},"Image":"sha256:8e4fc9e184899a58735e7ee333f5e272d7d2298cf59302006b71f33e217be130","ResolvConfPath":"/var/lib/docker/containers/3fe330d29fde647769d434393d0e5c3ab11791a8feea1b27914dafe0c67d7462/resolv.conf","HostnamePath":"/var/lib/docker/containers/3fe330d29fde647769d434393d0e5c3ab11791a8feea1b27914dafe0c67d7462/hostname","HostsPath":"/var/lib/docker/containers/3fe330d29fde647769d434393d0e5c3ab11791a8feea1b27914dafe0c67d7462/hosts","LogPath":"/var/lib/docker/containers/3fe330d29fde647769d434393d0e5c3ab11791a8feea1b27914dafe0c67d7462/3fe330d29fde647769d434393d0e5c3ab11791a8feea1b27914dafe0c67d7462-json.log","Name":"/reverent_cartwright","RestartCount":0,"Driver":"overlay2","Platform":"linux","MountLabel":"","ProcessLabel":"","AppArmorProfile":"","ExecIDs":null,"HostConfig":{"Binds":[],"ContainerIDFile":"","LogConfig":{"Type":"json-file","Config":{}},"NetworkMode":"default","PortBindings":{"5432/tcp":[{"HostIp":"0.0.0.0","HostPort":"0"}]},"RestartPolicy":{"Name":"no","MaximumRetryCount":0},"AutoRemove":false,"VolumeDriver":"","VolumesFrom":[],"ConsoleSize":[0,0],"CapAdd":null,"CapDrop":null,"CgroupnsMode":"host","Dns":null,"DnsOptions":null,"DnsSearch":null,"ExtraHosts":[],"GroupAdd":null,"IpcMode":"shareable","Cgroup":"","Links":null,"OomScoreAdj":0,"PidMode":"","Privileged":false,"PublishAllPorts":false,"ReadonlyRootfs":false,"SecurityOpt":null,"UTSMode":"","UsernsMode":"","ShmSize":67108864,"Runtime":"runc","Isolation":"","CpuShares":0,"Memory":0,"NanoCpus":0,"CgroupParent":"","BlkioWeight":0,"BlkioWeightDevice":null,"BlkioDeviceReadBps":null,"BlkioDeviceWriteBps":null,"BlkioDeviceReadIOps":null,"BlkioDeviceWriteIOps":null,"CpuPeriod":0,"CpuQuota":0,"CpuRealtimePeriod":0,"CpuRealtimeRuntime":0,"CpusetCpus":"","CpusetMems":"","Devices":null,"DeviceCgroupRules":null,"DeviceRequests":null,"MemoryReservation":0,"MemorySwap":0,"MemorySwappiness":null,"OomKillDisable":false,"PidsLimit":null,"Ulimits":null,"CpuCount":0,"CpuPercent":0,"IOMaximumIOps":0,"IOMaximumBandwidth":0,"MaskedPaths":["/proc/asound","/proc/acpi","/proc/kcore","/proc/keys","/proc/latency_stats","/proc/timer_list","/proc/timer_stats","/proc/sched_debug","/proc/scsi","/sys/firmware","/sys/devices/virtual/powercap"],"ReadonlyPaths":["/proc/bus","/proc/fs","/proc/irq","/proc/sys","/proc/sysrq-trigger"]},"GraphDriver":{"Data":{"LowerDir":"/var/lib/docker/overlay2/79ba473cd51a3adb859bda5d1d4240c6b7945ebbaac9f3faf0bd1905faf9d86a-init/diff:/var/lib/docker/overlay2/8f0ddbd386af0785c2e348570516955816ab350305d698d363962d488eeb15ec/diff:/var/lib/docker/overlay2/0eb0ca73e9b0be7c3d7fa8762ef4778a68f38391bc84c037c2e90b88e781b475/diff:/var/lib/docker/overlay2/74e634bddc785c5d436b10a5158cd82e21dc2065fd1cf8ff9c1c12e01575a2d8/diff:/var/lib/docker/overlay2/bb918b2851cd2f508f1e3fdbfff8b7f8b041d61e65fe8c368288bf399e80b818/diff:/var/lib/docker/overlay2/2abab2946cbdc2941ee8ec4024c51dac7313dee9de5fbedd1ca33388c59eb3c8/diff:/var/lib/docker/overlay2/e12f6083ee669bd92743ceb339a896bb25dbe461b718705bb39eb410b80c0ecd/diff:/var/lib/docker/overlay2/ced1e86d670d097da5ed4da7288c22507735918959161c2cd8bf083fb30d169a/diff:/var/lib/docker/overlay2/94e9ac7b74923285ae73af20aeccb964ca9079e2305db367cb85d1603560472d/diff:/var/lib/docker/overlay2/a396b6dfd63f0c228c519871183c614cccf4d366a43460f27ecf97113c3c4be8/diff:/var/lib/docker/overlay2/f58ada5d5080c2bac553c734f81127660a90581a35ed2a92cebe3c59e340875b/diff:/var/lib/docker/overlay2/84f85636f37bf55d945e217b4f87a856eba7932284beaf042561007b66f48977/diff:/var/lib/docker/overlay2/1e6e519613884e91a2b74a588ba35dc8a2f789371ab798ef6e7d9836d756042f/diff:/var/lib/docker/overlay2/14a3151cc8b4f9d27d2e64f1a8abc0c7809309580f2d7e8dc8545055c1d56194/diff:/var/lib"
2024-07-24 14:30:00.497 [Test worker] DEBUG c.g.d.z.s.o.a.hc.client5.http.wire - http-outgoing-3 << "/docker/overlay2/5b354b9e793401517fe2f1da697653fdaadffc54888eaf76d67e0600b8c68bdc/diff","MergedDir":"/var/lib/docker/overlay2/79ba473cd51a3adb859bda5d1d4240c6b7945ebbaac9f3faf0bd1905faf9d86a/merged","UpperDir":"/var/lib/docker/overlay2/79ba473cd51a3adb859bda5d1d4240c6b7945ebbaac9f3faf0bd1905faf9d86a/diff","WorkDir":"/var/lib/docker/overlay2/79ba473cd51a3adb859bda5d1d4240c6b7945ebbaac9f3faf0bd1905faf9d86a/work"},"Name":"overlay2"},"Mounts":[{"Type":"volume","Name":"e79c69aa397d5e2747f3bba977b3103a0ab5e19d008c9a2fae0edfc6e97ef257","Source":"/var/lib/docker/volumes/e79c69aa397d5e2747f3bba977b3103a0ab5e19d008c9a2fae0edfc6e97ef257/_data","Destination":"/var/lib/postgresql/data","Driver":"local","Mode":"","RW":true,"Propagation":""}],"Config":{"Hostname":"3fe330d29fde","Domainname":"","User":"","AttachStdin":false,"AttachStdout":false,"AttachStderr":false,"ExposedPorts":{"5432/tcp":{}},"Tty":false,"OpenStdin":false,"StdinOnce":false,"Env":["POSTGRES_USER=user","POSTGRES_PASSWORD=password","POSTGRES_DB=db","PATH=/usr/local/sbin:/usr/local/bin:/usr/sbin:/usr/bin:/sbin:/bin:/usr/lib/postgresql/16/bin","GOSU_VERSION=1.17","LANG=en_US.utf8","PG_MAJOR=16","PG_VERSION=16.2-1.pgdg120+2","PGDATA=/var/lib/postgresql/data"],"Cmd":["postgres","-c","fsync=off"],"Image":"postgres:latest","Volumes":{"/var/lib/postgresql/data":{}},"WorkingDir":"","Entrypoint":["docker-entrypoint.sh"],"OnBuild":null,"Labels":{"org.testcontainers":"true","org.testcontainers.lang":"java","org.testcontainers.sessionId":"280e6229-7396-4d60-b1e3-a5de48b5d49b","org.testcontainers.version":"1.19.8"},"StopSignal":"SIGINT"},"NetworkSettings":{"Bridge":"","SandboxID":"8548c47d7a0d59421039599c34e63f1ee70c676c976d7eb21b1d55d4c6b1f806","SandboxKey":"/var/run/docker/netns/8548c47d7a0d","Ports":{"5432/tcp":[{"HostIp":"0.0.0.0","HostPort":"51505"}]},"HairpinMode":false,"LinkLocalIPv6Address":"","LinkLocalIPv6PrefixLen":0,"SecondaryIPAddresses":null,"SecondaryIPv6Addresses":null,"EndpointID":"d9567a75f377c1b351e54f0684dd26feac9b20dc6a0f8acb9bdf2c05bbc71c09","Gateway":"172.17.0.1","GlobalIPv6Address":"","GlobalIPv6PrefixLen":0,"IPAddress":"172.17.0.3","IPPrefixLen":16,"IPv6Gateway":"","MacAddress":"02:42:ac:11:00:03","Networks":{"bridge":{"IPAMConfig":null,"Links":null,"Aliases":null,"MacAddress":"02:42:ac:11:00:03","NetworkID":"3c842496be344cbdae878c1dee0957e7bc7c0a2236009c92752030f2b053e72f","EndpointID":"d9567a75f377c1b351e54f0684dd26feac9b20dc6a0f8acb9bdf2c05bbc71c09","Gateway":"172.17.0.1","IPAddress":"172.17.0.3","IPPrefixLen":16,"IPv6Gateway":"","GlobalIPv6Address":"","GlobalIPv6PrefixLen":0,"DriverOpts":null,"DNSNames":null}}}}[\n]"
2024-07-24 14:30:00.500 [Test worker] DEBUG c.g.d.z.s.o.a.hc.client5.http.wire - http-outgoing-3 << "[\r][\n]"
2024-07-24 14:30:00.500 [Test worker] DEBUG c.g.d.z.s.o.a.hc.client5.http.wire - http-outgoing-3 << "0[\r][\n]"
2024-07-24 14:30:00.500 [Test worker] DEBUG c.g.d.z.s.o.a.hc.client5.http.wire - http-outgoing-3 << "[\r][\n]"
2024-07-24 14:30:00.500 [Test worker] DEBUG c.g.d.z.s.o.a.h.c.h.i.c.InternalHttpClient - ep-00000021: releasing valid endpoint
2024-07-24 14:30:00.500 [Test worker] DEBUG c.g.d.z.s.o.a.h.c.h.i.i.PoolingHttpClientConnectionManager - ep-00000021: releasing endpoint
2024-07-24 14:30:00.501 [Test worker] DEBUG c.g.d.z.s.o.a.h.c.h.i.i.PoolingHttpClientConnectionManager - ep-00000021: connection http-outgoing-3 can be kept alive for 3 MINUTES
2024-07-24 14:30:00.501 [Test worker] DEBUG c.g.d.z.s.o.a.h.c.h.i.i.PoolingHttpClientConnectionManager - ep-00000021: connection released [route: {}->npipe://localhost:2375][total available: 1; route allocated: 1 of 2147483647; total allocated: 1 of 2147483647]
2024-07-24 14:30:00.501 [Test worker] DEBUG o.t.s.c.g.d.c.command.AbstrDockerCmd - Cmd: sha256:8e4fc9e184899a58735e7ee333f5e272d7d2298cf59302006b71f33e217be130
2024-07-24 14:30:00.501 [Test worker] TRACE o.t.s.c.g.d.c.e.InspectImageCmdExec - GET: DefaultWebTarget{path=[/images/sha256:8e4fc9e184899a58735e7ee333f5e272d7d2298cf59302006b71f33e217be130/json], queryParams={}}
2024-07-24 14:30:00.502 [Test worker] DEBUG c.g.d.z.s.o.a.h.c.h.i.c.InternalHttpClient - ex-00000023: preparing request execution
2024-07-24 14:30:00.502 [Test worker] DEBUG c.g.d.z.s.o.a.h.c.h.p.RequestAddCookies - Cookie spec selected: strict
2024-07-24 14:30:00.502 [Test worker] DEBUG c.g.d.z.s.o.a.h.c.h.p.RequestAuthCache - Auth cache not set in the context
2024-07-24 14:30:00.502 [Test worker] DEBUG c.g.d.z.s.o.a.h.c.h.i.c.ProtocolExec - ex-00000023: target auth state: UNCHALLENGED
2024-07-24 14:30:00.502 [Test worker] DEBUG c.g.d.z.s.o.a.h.c.h.i.c.ProtocolExec - ex-00000023: proxy auth state: UNCHALLENGED
2024-07-24 14:30:00.502 [Test worker] DEBUG c.g.d.z.s.o.a.h.c.h.i.c.ConnectExec - ex-00000023: acquiring connection with route {}->npipe://localhost:2375
2024-07-24 14:30:00.502 [Test worker] DEBUG c.g.d.z.s.o.a.h.c.h.i.c.InternalHttpClient - ex-00000023: acquiring endpoint (3 MINUTES)
2024-07-24 14:30:00.502 [Test worker] DEBUG c.g.d.z.s.o.a.h.c.h.i.i.PoolingHttpClientConnectionManager - ex-00000023: endpoint lease request (3 MINUTES) [route: {}->npipe://localhost:2375][total available: 1; route allocated: 1 of 2147483647; total allocated: 1 of 2147483647]
2024-07-24 14:30:00.502 [Test worker] DEBUG c.g.d.z.s.o.a.h.c.h.i.i.PoolingHttpClientConnectionManager - ex-00000023: endpoint leased [route: {}->npipe://localhost:2375][total available: 0; route allocated: 1 of 2147483647; total allocated: 1 of 2147483647]
2024-07-24 14:30:00.502 [Test worker] DEBUG c.g.d.z.s.o.a.h.c.h.i.i.PoolingHttpClientConnectionManager - ex-00000023: acquired ep-00000022
2024-07-24 14:30:00.502 [Test worker] DEBUG c.g.d.z.s.o.a.h.c.h.i.c.InternalHttpClient - ex-00000023: acquired endpoint ep-00000022
2024-07-24 14:30:00.502 [Test worker] DEBUG c.g.d.z.s.o.a.h.c.h.i.c.MainClientExec - ex-00000023: executing GET /v1.32/images/sha256:8e4fc9e184899a58735e7ee333f5e272d7d2298cf59302006b71f33e217be130/json HTTP/1.1
2024-07-24 14:30:00.502 [Test worker] DEBUG c.g.d.z.s.o.a.h.c.h.i.c.InternalHttpClient - ep-00000022: start execution ex-00000023
2024-07-24 14:30:00.502 [Test worker] DEBUG c.g.d.z.s.o.a.h.c.h.i.i.PoolingHttpClientConnectionManager - ep-00000022: executing exchange ex-00000023 over http-outgoing-3
2024-07-24 14:30:00.502 [Test worker] DEBUG c.g.d.z.s.o.a.h.client5.http.headers - http-outgoing-3 >> GET /v1.32/images/sha256:8e4fc9e184899a58735e7ee333f5e272d7d2298cf59302006b71f33e217be130/json HTTP/1.1
2024-07-24 14:30:00.503 [Test worker] DEBUG c.g.d.z.s.o.a.h.client5.http.headers - http-outgoing-3 >> accept: application/json
2024-07-24 14:30:00.503 [Test worker] DEBUG c.g.d.z.s.o.a.h.client5.http.headers - http-outgoing-3 >> x-tc-sid: 280e6229-7396-4d60-b1e3-a5de48b5d49b
2024-07-24 14:30:00.503 [Test worker] DEBUG c.g.d.z.s.o.a.h.client5.http.headers - http-outgoing-3 >> User-Agent: tc-java/1.19.8
2024-07-24 14:30:00.503 [Test worker] DEBUG c.g.d.z.s.o.a.h.client5.http.headers - http-outgoing-3 >> Accept-Encoding: gzip, x-gzip, deflate
2024-07-24 14:30:00.503 [Test worker] DEBUG c.g.d.z.s.o.a.h.client5.http.headers - http-outgoing-3 >> Host: localhost:2375
2024-07-24 14:30:00.503 [Test worker] DEBUG c.g.d.z.s.o.a.h.client5.http.headers - http-outgoing-3 >> Connection: keep-alive
2024-07-24 14:30:00.503 [Test worker] DEBUG c.g.d.z.s.o.a.hc.client5.http.wire - http-outgoing-3 >> "GET /v1.32/images/sha256:8e4fc9e184899a58735e7ee333f5e272d7d2298cf59302006b71f33e217be130/json HTTP/1.1[\r][\n]"
2024-07-24 14:30:00.503 [Test worker] DEBUG c.g.d.z.s.o.a.hc.client5.http.wire - http-outgoing-3 >> "accept: application/json[\r][\n]"
2024-07-24 14:30:00.503 [Test worker] DEBUG c.g.d.z.s.o.a.hc.client5.http.wire - http-outgoing-3 >> "x-tc-sid: 280e6229-7396-4d60-b1e3-a5de48b5d49b[\r][\n]"
2024-07-24 14:30:00.503 [Test worker] DEBUG c.g.d.z.s.o.a.hc.client5.http.wire - http-outgoing-3 >> "User-Agent: tc-java/1.19.8[\r][\n]"
2024-07-24 14:30:00.503 [Test worker] DEBUG c.g.d.z.s.o.a.hc.client5.http.wire - http-outgoing-3 >> "Accept-Encoding: gzip, x-gzip, deflate[\r][\n]"
2024-07-24 14:30:00.503 [Test worker] DEBUG c.g.d.z.s.o.a.hc.client5.http.wire - http-outgoing-3 >> "Host: localhost:2375[\r][\n]"
2024-07-24 14:30:00.503 [Test worker] DEBUG c.g.d.z.s.o.a.hc.client5.http.wire - http-outgoing-3 >> "Connection: keep-alive[\r][\n]"
2024-07-24 14:30:00.503 [Test worker] DEBUG c.g.d.z.s.o.a.hc.client5.http.wire - http-outgoing-3 >> "[\r][\n]"
2024-07-24 14:30:00.510 [Test worker] DEBUG c.g.d.z.s.o.a.hc.client5.http.wire - http-outgoing-3 << "HTTP/1.1 200 OK[\r][\n]"
2024-07-24 14:30:00.510 [Test worker] DEBUG c.g.d.z.s.o.a.hc.client5.http.wire - http-outgoing-3 << "Api-Version: 1.45[\r][\n]"
2024-07-24 14:30:00.510 [Test worker] DEBUG c.g.d.z.s.o.a.hc.client5.http.wire - http-outgoing-3 << "Content-Type: application/json[\r][\n]"
2024-07-24 14:30:00.510 [Test worker] DEBUG c.g.d.z.s.o.a.hc.client5.http.wire - http-outgoing-3 << "Date: Wed, 24 Jul 2024 02:30:00 GMT[\r][\n]"
2024-07-24 14:30:00.510 [Test worker] DEBUG c.g.d.z.s.o.a.hc.client5.http.wire - http-outgoing-3 << "Docker-Experimental: false[\r][\n]"
2024-07-24 14:30:00.510 [Test worker] DEBUG c.g.d.z.s.o.a.hc.client5.http.wire - http-outgoing-3 << "Ostype: linux[\r][\n]"
2024-07-24 14:30:00.510 [Test worker] DEBUG c.g.d.z.s.o.a.hc.client5.http.wire - http-outgoing-3 << "Server: Docker/26.0.0 (linux)[\r][\n]"
2024-07-24 14:30:00.510 [Test worker] DEBUG c.g.d.z.s.o.a.hc.client5.http.wire - http-outgoing-3 << "Transfer-Encoding: chunked[\r][\n]"
2024-07-24 14:30:00.510 [Test worker] DEBUG c.g.d.z.s.o.a.hc.client5.http.wire - http-outgoing-3 << "[\r][\n]"
2024-07-24 14:30:00.510 [Test worker] DEBUG c.g.d.z.s.o.a.h.client5.http.headers - http-outgoing-3 << HTTP/1.1 200 OK
2024-07-24 14:30:00.510 [Test worker] DEBUG c.g.d.z.s.o.a.h.client5.http.headers - http-outgoing-3 << Api-Version: 1.45
2024-07-24 14:30:00.510 [Test worker] DEBUG c.g.d.z.s.o.a.h.client5.http.headers - http-outgoing-3 << Content-Type: application/json
2024-07-24 14:30:00.510 [Test worker] DEBUG c.g.d.z.s.o.a.h.client5.http.headers - http-outgoing-3 << Date: Wed, 24 Jul 2024 02:30:00 GMT
2024-07-24 14:30:00.510 [Test worker] DEBUG c.g.d.z.s.o.a.h.client5.http.headers - http-outgoing-3 << Docker-Experimental: false
2024-07-24 14:30:00.510 [Test worker] DEBUG c.g.d.z.s.o.a.h.client5.http.headers - http-outgoing-3 << Ostype: linux
2024-07-24 14:30:00.510 [Test worker] DEBUG c.g.d.z.s.o.a.h.client5.http.headers - http-outgoing-3 << Server: Docker/26.0.0 (linux)
2024-07-24 14:30:00.510 [Test worker] DEBUG c.g.d.z.s.o.a.h.client5.http.headers - http-outgoing-3 << Transfer-Encoding: chunked
2024-07-24 14:30:00.510 [Test worker] DEBUG c.g.d.z.s.o.a.h.c.h.i.c.MainClientExec - ex-00000023: connection can be kept alive for 3 MINUTES
2024-07-24 14:30:00.511 [Test worker] DEBUG c.g.d.z.s.o.a.hc.client5.http.wire - http-outgoing-3 << "fcb[\r][\n]"
2024-07-24 14:30:00.512 [Test worker] DEBUG c.g.d.z.s.o.a.hc.client5.http.wire - http-outgoing-3 << "{"Id":"sha256:8e4fc9e184899a58735e7ee333f5e272d7d2298cf59302006b71f33e217be130","RepoTags":["postgres:latest"],"RepoDigests":["postgres@sha256:4aea012537edfad80f98d870a36e6b90b4c09b27be7f4b4759d72db863baeebb"],"Parent":"","Comment":"buildkit.dockerfile.v0","Created":"2024-02-21T00:46:13Z","ContainerConfig":{"Hostname":"","Domainname":"","User":"","AttachStdin":false,"AttachStdout":false,"AttachStderr":false,"Tty":false,"OpenStdin":false,"StdinOnce":false,"Env":null,"Cmd":null,"Image":"","Volumes":null,"WorkingDir":"","Entrypoint":null,"OnBuild":null,"Labels":null},"DockerVersion":"","Author":"","Config":{"Hostname":"","Domainname":"","User":"","AttachStdin":false,"AttachStdout":false,"AttachStderr":false,"ExposedPorts":{"5432/tcp":{}},"Tty":false,"OpenStdin":false,"StdinOnce":false,"Env":["PATH=/usr/local/sbin:/usr/local/bin:/usr/sbin:/usr/bin:/sbin:/bin:/usr/lib/postgresql/16/bin","GOSU_VERSION=1.17","LANG=en_US.utf8","PG_MAJOR=16","PG_VERSION=16.2-1.pgdg120+2","PGDATA=/var/lib/postgresql/data"],"Cmd":["postgres"],"ArgsEscaped":true,"Image":"","Volumes":{"/var/lib/postgresql/data":{}},"WorkingDir":"","Entrypoint":["docker-entrypoint.sh"],"OnBuild":null,"Labels":null,"StopSignal":"SIGINT"},"Architecture":"amd64","Os":"linux","Size":431496964,"VirtualSize":431496964,"GraphDriver":{"Data":{"LowerDir":"/var/lib/docker/overlay2/0eb0ca73e9b0be7c3d7fa8762ef4778a68f38391bc84c037c2e90b88e781b475/diff:/var/lib/docker/overlay2/74e634bddc785c5d436b10a5158cd82e21dc2065fd1cf8ff9c1c12e01575a2d8/diff:/var/lib/docker/overlay2/bb918b2851cd2f508f1e3fdbfff8b7f8b041d61e65fe8c368288bf399e80b818/diff:/var/lib/docker/overlay2/2abab2946cbdc2941ee8ec4024c51dac7313dee9de5fbedd1ca33388c59eb3c8/diff:/var/lib/docker/overlay2/e12f6083ee669bd92743ceb339a896bb25dbe461b718705bb39eb410b80c0ecd/diff:/var/lib/docker/overlay2/ced1e86d670d097da5ed4da7288c22507735918959161c2cd8bf083fb30d169a/diff:/var/lib/docker/overlay2/94e9ac7b74923285ae73af20aeccb964ca9079e2305db367cb85d1603560472d/diff:/var/lib/docker/overlay2/a396b6dfd63f0c228c519871183c614cccf4d366a43460f27ecf97113c3c4be8/diff:/var/lib/docker/overlay2/f58ada5d5080c2bac553c734f81127660a90581a35ed2a92cebe3c59e340875b/diff:/var/lib/docker/overlay2/84f85636f37bf55d945e217b4f87a856eba7932284beaf042561007b66f48977/diff:/var/lib/docker/overlay2/1e6e519613884e91a2b74a588ba35dc8a2f789371ab798ef6e7d9836d756042f/diff:/var/lib/docker/overlay2/14a3151cc8b4f9d27d2e64f1a8abc0c7809309580f2d7e8dc8545055c1d56194/diff:/var/lib/docker/overlay2/5b354b9e793401517fe2f1da697653fdaadffc54888eaf76d67e0600b8c68bdc/diff","MergedDir":"/var/lib/docker/overlay2/8f0ddbd386af0785c2e348570516955816ab350305d698d363962d488eeb15ec/merged","UpperDir":"/var/lib/docker/overlay2/8f0ddbd386af0785c2e348570516955816ab350305d698d363962d488eeb15ec/diff","WorkDir":"/var/lib/docker/overlay2/8f0ddbd386af0785c2e348570516955816ab350305d698d363962d488eeb15ec/work"},"Name":"overlay2"},"RootFS":{"Type":"layers","Layers":["sha256:52ec5a4316fadc09a4a51f82b8d7b66ead0d71bea4f75e81e25b4094c4219061","sha256:5a99d63e3aef066b4fa085cf24d0281681d5530c22f0c93391b854ba5741b62e","sha256:12694c6edf8321950446751b5acc175137946701b72febd6a32ab6e6cb89403b","sha256:beceb355ef35df0b8123db4eddd8f734e7414a3828e463354a913dda6738571d","sha256:0f86e6985ca32f3adeb9f65e3f80b3f2aa37a697d345c84011b2421e5608bc06","sha256:22c31f24613cd6a7b43f3074166d79619574e76f430035be15d909ae45fb97da","sha256:7c32a1ce1cc084a148145553666d5b64e3b6551491d1c3c6cc545b5b69daf5da","sha256:192de40051e6f5b468a60be4e6d162a1bbf3dc4af2dfb0a7aa8db25f86b6e68e","sha256:257f3fc789f6526019470322285b4bfe55e3e09f41150576c0997f370407af14","sha256:2993953b2c109056b0d580a549dae9f902a84a29f3907d96d7329746a8df7fc2","sha256:0bc02fbb093e939812a0ca64bd21a807d815b89c5e034e73026d14535053f4e2","sha256:3866ad927dc8101b32941f0fe6e36e656eba398b92164688ce1d1afdeca7eb09","sha256:2621fdc21b32f8210d30df7b9f44c068fa347ce07f7e1935a2383e5f7e7ddecb","sha256:c116a9ba3dbfe8c6135659ba009883a03bdc660abfedc64e2528baa6d736dbc9"]},"Metadata":{"LastTagTime":"0001-01-01T00:00:00Z"},"Container":""}[\n]"
2024-07-24 14:30:00.512 [Test worker] DEBUG c.g.d.z.s.o.a.hc.client5.http.wire - http-outgoing-3 << "[\r][\n]"
2024-07-24 14:30:00.512 [Test worker] DEBUG c.g.d.z.s.o.a.hc.client5.http.wire - http-outgoing-3 << "0[\r][\n]"
2024-07-24 14:30:00.512 [Test worker] DEBUG c.g.d.z.s.o.a.hc.client5.http.wire - http-outgoing-3 << "[\r][\n]"
2024-07-24 14:30:00.513 [Test worker] DEBUG c.g.d.z.s.o.a.h.c.h.i.c.InternalHttpClient - ep-00000022: releasing valid endpoint
2024-07-24 14:30:00.513 [Test worker] DEBUG c.g.d.z.s.o.a.h.c.h.i.i.PoolingHttpClientConnectionManager - ep-00000022: releasing endpoint
2024-07-24 14:30:00.514 [Test worker] DEBUG c.g.d.z.s.o.a.h.c.h.i.i.PoolingHttpClientConnectionManager - ep-00000022: connection http-outgoing-3 can be kept alive for 3 MINUTES
2024-07-24 14:30:00.514 [Test worker] DEBUG c.g.d.z.s.o.a.h.c.h.i.i.PoolingHttpClientConnectionManager - ep-00000022: connection released [route: {}->npipe://localhost:2375][total available: 1; route allocated: 1 of 2147483647; total allocated: 1 of 2147483647]
2024-07-24 14:30:00.514 [Test worker] DEBUG o.t.s.c.g.d.c.command.AbstrDockerCmd - Cmd: 
2024-07-24 14:30:00.514 [Test worker] TRACE o.t.s.c.g.d.core.exec.VersionCmdExec - GET: DefaultWebTarget{path=[/version], queryParams={}}
2024-07-24 14:30:00.514 [Test worker] DEBUG c.g.d.z.s.o.a.h.c.h.i.c.InternalHttpClient - ex-00000024: preparing request execution
2024-07-24 14:30:00.514 [Test worker] DEBUG c.g.d.z.s.o.a.h.c.h.p.RequestAddCookies - Cookie spec selected: strict
2024-07-24 14:30:00.514 [Test worker] DEBUG c.g.d.z.s.o.a.h.c.h.p.RequestAuthCache - Auth cache not set in the context
2024-07-24 14:30:00.514 [Test worker] DEBUG c.g.d.z.s.o.a.h.c.h.i.c.ProtocolExec - ex-00000024: target auth state: UNCHALLENGED
2024-07-24 14:30:00.514 [Test worker] DEBUG c.g.d.z.s.o.a.h.c.h.i.c.ProtocolExec - ex-00000024: proxy auth state: UNCHALLENGED
2024-07-24 14:30:00.514 [Test worker] DEBUG c.g.d.z.s.o.a.h.c.h.i.c.ConnectExec - ex-00000024: acquiring connection with route {}->npipe://localhost:2375
2024-07-24 14:30:00.514 [Test worker] DEBUG c.g.d.z.s.o.a.h.c.h.i.c.InternalHttpClient - ex-00000024: acquiring endpoint (3 MINUTES)
2024-07-24 14:30:00.514 [Test worker] DEBUG c.g.d.z.s.o.a.h.c.h.i.i.PoolingHttpClientConnectionManager - ex-00000024: endpoint lease request (3 MINUTES) [route: {}->npipe://localhost:2375][total available: 1; route allocated: 1 of 2147483647; total allocated: 1 of 2147483647]
2024-07-24 14:30:00.515 [Test worker] DEBUG c.g.d.z.s.o.a.h.c.h.i.i.PoolingHttpClientConnectionManager - ex-00000024: endpoint leased [route: {}->npipe://localhost:2375][total available: 0; route allocated: 1 of 2147483647; total allocated: 1 of 2147483647]
2024-07-24 14:30:00.515 [Test worker] DEBUG c.g.d.z.s.o.a.h.c.h.i.i.PoolingHttpClientConnectionManager - ex-00000024: acquired ep-00000023
2024-07-24 14:30:00.515 [Test worker] DEBUG c.g.d.z.s.o.a.h.c.h.i.c.InternalHttpClient - ex-00000024: acquired endpoint ep-00000023
2024-07-24 14:30:00.515 [Test worker] DEBUG c.g.d.z.s.o.a.h.c.h.i.c.MainClientExec - ex-00000024: executing GET /v1.32/version HTTP/1.1
2024-07-24 14:30:00.515 [Test worker] DEBUG c.g.d.z.s.o.a.h.c.h.i.c.InternalHttpClient - ep-00000023: start execution ex-00000024
2024-07-24 14:30:00.515 [Test worker] DEBUG c.g.d.z.s.o.a.h.c.h.i.i.PoolingHttpClientConnectionManager - ep-00000023: executing exchange ex-00000024 over http-outgoing-3
2024-07-24 14:30:00.515 [Test worker] DEBUG c.g.d.z.s.o.a.h.client5.http.headers - http-outgoing-3 >> GET /v1.32/version HTTP/1.1
2024-07-24 14:30:00.515 [Test worker] DEBUG c.g.d.z.s.o.a.h.client5.http.headers - http-outgoing-3 >> accept: application/json
2024-07-24 14:30:00.515 [Test worker] DEBUG c.g.d.z.s.o.a.h.client5.http.headers - http-outgoing-3 >> x-tc-sid: 280e6229-7396-4d60-b1e3-a5de48b5d49b
2024-07-24 14:30:00.515 [Test worker] DEBUG c.g.d.z.s.o.a.h.client5.http.headers - http-outgoing-3 >> User-Agent: tc-java/1.19.8
2024-07-24 14:30:00.515 [Test worker] DEBUG c.g.d.z.s.o.a.h.client5.http.headers - http-outgoing-3 >> Accept-Encoding: gzip, x-gzip, deflate
2024-07-24 14:30:00.515 [Test worker] DEBUG c.g.d.z.s.o.a.h.client5.http.headers - http-outgoing-3 >> Host: localhost:2375
2024-07-24 14:30:00.515 [Test worker] DEBUG c.g.d.z.s.o.a.h.client5.http.headers - http-outgoing-3 >> Connection: keep-alive
2024-07-24 14:30:00.515 [Test worker] DEBUG c.g.d.z.s.o.a.hc.client5.http.wire - http-outgoing-3 >> "GET /v1.32/version HTTP/1.1[\r][\n]"
2024-07-24 14:30:00.515 [Test worker] DEBUG c.g.d.z.s.o.a.hc.client5.http.wire - http-outgoing-3 >> "accept: application/json[\r][\n]"
2024-07-24 14:30:00.515 [Test worker] DEBUG c.g.d.z.s.o.a.hc.client5.http.wire - http-outgoing-3 >> "x-tc-sid: 280e6229-7396-4d60-b1e3-a5de48b5d49b[\r][\n]"
2024-07-24 14:30:00.515 [Test worker] DEBUG c.g.d.z.s.o.a.hc.client5.http.wire - http-outgoing-3 >> "User-Agent: tc-java/1.19.8[\r][\n]"
2024-07-24 14:30:00.515 [Test worker] DEBUG c.g.d.z.s.o.a.hc.client5.http.wire - http-outgoing-3 >> "Accept-Encoding: gzip, x-gzip, deflate[\r][\n]"
2024-07-24 14:30:00.515 [Test worker] DEBUG c.g.d.z.s.o.a.hc.client5.http.wire - http-outgoing-3 >> "Host: localhost:2375[\r][\n]"
2024-07-24 14:30:00.515 [Test worker] DEBUG c.g.d.z.s.o.a.hc.client5.http.wire - http-outgoing-3 >> "Connection: keep-alive[\r][\n]"
2024-07-24 14:30:00.515 [Test worker] DEBUG c.g.d.z.s.o.a.hc.client5.http.wire - http-outgoing-3 >> "[\r][\n]"
2024-07-24 14:30:00.529 [Test worker] DEBUG c.g.d.z.s.o.a.hc.client5.http.wire - http-outgoing-3 << "HTTP/1.1 200 OK[\r][\n]"
2024-07-24 14:30:00.529 [Test worker] DEBUG c.g.d.z.s.o.a.hc.client5.http.wire - http-outgoing-3 << "Api-Version: 1.45[\r][\n]"
2024-07-24 14:30:00.529 [Test worker] DEBUG c.g.d.z.s.o.a.hc.client5.http.wire - http-outgoing-3 << "Content-Type: application/json[\r][\n]"
2024-07-24 14:30:00.529 [Test worker] DEBUG c.g.d.z.s.o.a.hc.client5.http.wire - http-outgoing-3 << "Date: Wed, 24 Jul 2024 02:30:00 GMT[\r][\n]"
2024-07-24 14:30:00.529 [Test worker] DEBUG c.g.d.z.s.o.a.hc.client5.http.wire - http-outgoing-3 << "Docker-Experimental: false[\r][\n]"
2024-07-24 14:30:00.529 [Test worker] DEBUG c.g.d.z.s.o.a.hc.client5.http.wire - http-outgoing-3 << "Ostype: linux[\r][\n]"
2024-07-24 14:30:00.529 [Test worker] DEBUG c.g.d.z.s.o.a.hc.client5.http.wire - http-outgoing-3 << "Server: Docker/26.0.0 (linux)[\r][\n]"
2024-07-24 14:30:00.530 [Test worker] DEBUG c.g.d.z.s.o.a.hc.client5.http.wire - http-outgoing-3 << "Transfer-Encoding: chunked[\r][\n]"
2024-07-24 14:30:00.530 [Test worker] DEBUG c.g.d.z.s.o.a.hc.client5.http.wire - http-outgoing-3 << "[\r][\n]"
2024-07-24 14:30:00.530 [Test worker] DEBUG c.g.d.z.s.o.a.h.client5.http.headers - http-outgoing-3 << HTTP/1.1 200 OK
2024-07-24 14:30:00.530 [Test worker] DEBUG c.g.d.z.s.o.a.h.client5.http.headers - http-outgoing-3 << Api-Version: 1.45
2024-07-24 14:30:00.530 [Test worker] DEBUG c.g.d.z.s.o.a.h.client5.http.headers - http-outgoing-3 << Content-Type: application/json
2024-07-24 14:30:00.530 [Test worker] DEBUG c.g.d.z.s.o.a.h.client5.http.headers - http-outgoing-3 << Date: Wed, 24 Jul 2024 02:30:00 GMT
2024-07-24 14:30:00.530 [Test worker] DEBUG c.g.d.z.s.o.a.h.client5.http.headers - http-outgoing-3 << Docker-Experimental: false
2024-07-24 14:30:00.530 [Test worker] DEBUG c.g.d.z.s.o.a.h.client5.http.headers - http-outgoing-3 << Ostype: linux
2024-07-24 14:30:00.530 [Test worker] DEBUG c.g.d.z.s.o.a.h.client5.http.headers - http-outgoing-3 << Server: Docker/26.0.0 (linux)
2024-07-24 14:30:00.530 [Test worker] DEBUG c.g.d.z.s.o.a.h.client5.http.headers - http-outgoing-3 << Transfer-Encoding: chunked
2024-07-24 14:30:00.530 [Test worker] DEBUG c.g.d.z.s.o.a.h.c.h.i.c.MainClientExec - ex-00000024: connection can be kept alive for 3 MINUTES
2024-07-24 14:30:00.531 [Test worker] DEBUG c.g.d.z.s.o.a.hc.client5.http.wire - http-outgoing-3 << "35f[\r][\n]"
2024-07-24 14:30:00.531 [Test worker] DEBUG c.g.d.z.s.o.a.hc.client5.http.wire - http-outgoing-3 << "{"Platform":{"Name":"Docker Desktop 4.29.0 (145265)"},"Components":[{"Name":"Engine","Version":"26.0.0","Details":{"ApiVersion":"1.45","Arch":"amd64","BuildTime":"2024-03-20T15:18:01.000000000+00:00","Experimental":"false","GitCommit":"8b79278","GoVersion":"go1.21.8","KernelVersion":"5.15.153.1-microsoft-standard-WSL2","MinAPIVersion":"1.24","Os":"linux"}},{"Name":"containerd","Version":"1.6.28","Details":{"GitCommit":"ae07eda36dd25f8a1b98dfbf587313b99c0190bb"}},{"Name":"runc","Version":"1.1.12","Details":{"GitCommit":"v1.1.12-0-g51d5e94"}},{"Name":"docker-init","Version":"0.19.0","Details":{"GitCommit":"de40ad0"}}],"Version":"26.0.0","ApiVersion":"1.45","MinAPIVersion":"1.24","GitCommit":"8b79278","GoVersion":"go1.21.8","Os":"linux","Arch":"amd64","KernelVersion":"5.15.153.1-microsoft-standard-WSL2","BuildTime":"2024-03-20T15:18:01.000000000+00:00"}[\n]"
2024-07-24 14:30:00.531 [Test worker] DEBUG c.g.d.z.s.o.a.hc.client5.http.wire - http-outgoing-3 << "[\r][\n]"
2024-07-24 14:30:00.531 [Test worker] DEBUG c.g.d.z.s.o.a.hc.client5.http.wire - http-outgoing-3 << "0[\r][\n]"
2024-07-24 14:30:00.531 [Test worker] DEBUG c.g.d.z.s.o.a.hc.client5.http.wire - http-outgoing-3 << "[\r][\n]"
2024-07-24 14:30:00.531 [Test worker] DEBUG c.g.d.z.s.o.a.h.c.h.i.c.InternalHttpClient - ep-00000023: releasing valid endpoint
2024-07-24 14:30:00.531 [Test worker] DEBUG c.g.d.z.s.o.a.h.c.h.i.i.PoolingHttpClientConnectionManager - ep-00000023: releasing endpoint
2024-07-24 14:30:00.531 [Test worker] DEBUG c.g.d.z.s.o.a.h.c.h.i.i.PoolingHttpClientConnectionManager - ep-00000023: connection http-outgoing-3 can be kept alive for 3 MINUTES
2024-07-24 14:30:00.531 [Test worker] DEBUG c.g.d.z.s.o.a.h.c.h.i.i.PoolingHttpClientConnectionManager - ep-00000023: connection released [route: {}->npipe://localhost:2375][total available: 1; route allocated: 1 of 2147483647; total allocated: 1 of 2147483647]
2024-07-24 14:30:00.532 [Test worker] TRACE o.t.s.c.g.d.c.e.LogContainerCmdExec - GET: DefaultWebTarget{path=[/containers/3fe330d29fde647769d434393d0e5c3ab11791a8feea1b27914dafe0c67d7462/logs], queryParams={stdout=[true], stderr=[true], follow=[true], since=[0]}}
2024-07-24 14:30:00.533 [docker-java-stream--874393331] DEBUG c.g.d.z.s.o.a.h.c.h.i.c.InternalHttpClient - ex-00000025: preparing request execution
2024-07-24 14:30:00.533 [docker-java-stream--874393331] DEBUG c.g.d.z.s.o.a.h.c.h.p.RequestAddCookies - Cookie spec selected: strict
2024-07-24 14:30:00.533 [docker-java-stream--874393331] DEBUG c.g.d.z.s.o.a.h.c.h.p.RequestAuthCache - Auth cache not set in the context
2024-07-24 14:30:00.533 [docker-java-stream--874393331] DEBUG c.g.d.z.s.o.a.h.c.h.i.c.ProtocolExec - ex-00000025: target auth state: UNCHALLENGED
2024-07-24 14:30:00.533 [docker-java-stream--874393331] DEBUG c.g.d.z.s.o.a.h.c.h.i.c.ProtocolExec - ex-00000025: proxy auth state: UNCHALLENGED
2024-07-24 14:30:00.533 [docker-java-stream--874393331] DEBUG c.g.d.z.s.o.a.h.c.h.i.c.ConnectExec - ex-00000025: acquiring connection with route {}->npipe://localhost:2375
2024-07-24 14:30:00.533 [docker-java-stream--874393331] DEBUG c.g.d.z.s.o.a.h.c.h.i.c.InternalHttpClient - ex-00000025: acquiring endpoint (3 MINUTES)
2024-07-24 14:30:00.533 [docker-java-stream--874393331] DEBUG c.g.d.z.s.o.a.h.c.h.i.i.PoolingHttpClientConnectionManager - ex-00000025: endpoint lease request (3 MINUTES) [route: {}->npipe://localhost:2375][total available: 1; route allocated: 1 of 2147483647; total allocated: 1 of 2147483647]
2024-07-24 14:30:00.534 [docker-java-stream--874393331] DEBUG c.g.d.z.s.o.a.h.c.h.i.i.PoolingHttpClientConnectionManager - ex-00000025: endpoint leased [route: {}->npipe://localhost:2375][total available: 0; route allocated: 1 of 2147483647; total allocated: 1 of 2147483647]
2024-07-24 14:30:00.534 [docker-java-stream--874393331] DEBUG c.g.d.z.s.o.a.h.c.h.i.i.PoolingHttpClientConnectionManager - ex-00000025: acquired ep-00000024
2024-07-24 14:30:00.534 [docker-java-stream--874393331] DEBUG c.g.d.z.s.o.a.h.c.h.i.c.InternalHttpClient - ex-00000025: acquired endpoint ep-00000024
2024-07-24 14:30:00.534 [docker-java-stream--874393331] DEBUG c.g.d.z.s.o.a.h.c.h.i.c.MainClientExec - ex-00000025: executing GET /v1.32/containers/3fe330d29fde647769d434393d0e5c3ab11791a8feea1b27914dafe0c67d7462/logs?stdout=true&stderr=true&follow=true&since=0 HTTP/1.1
2024-07-24 14:30:00.534 [docker-java-stream--874393331] DEBUG c.g.d.z.s.o.a.h.c.h.i.c.InternalHttpClient - ep-00000024: start execution ex-00000025
2024-07-24 14:30:00.534 [docker-java-stream--874393331] DEBUG c.g.d.z.s.o.a.h.c.h.i.i.PoolingHttpClientConnectionManager - ep-00000024: executing exchange ex-00000025 over http-outgoing-3
2024-07-24 14:30:00.534 [docker-java-stream--874393331] DEBUG c.g.d.z.s.o.a.h.client5.http.headers - http-outgoing-3 >> GET /v1.32/containers/3fe330d29fde647769d434393d0e5c3ab11791a8feea1b27914dafe0c67d7462/logs?stdout=true&stderr=true&follow=true&since=0 HTTP/1.1
2024-07-24 14:30:00.534 [docker-java-stream--874393331] DEBUG c.g.d.z.s.o.a.h.client5.http.headers - http-outgoing-3 >> x-tc-sid: 280e6229-7396-4d60-b1e3-a5de48b5d49b
2024-07-24 14:30:00.534 [docker-java-stream--874393331] DEBUG c.g.d.z.s.o.a.h.client5.http.headers - http-outgoing-3 >> User-Agent: tc-java/1.19.8
2024-07-24 14:30:00.534 [docker-java-stream--874393331] DEBUG c.g.d.z.s.o.a.h.client5.http.headers - http-outgoing-3 >> Accept-Encoding: gzip, x-gzip, deflate
2024-07-24 14:30:00.534 [docker-java-stream--874393331] DEBUG c.g.d.z.s.o.a.h.client5.http.headers - http-outgoing-3 >> Host: localhost:2375
2024-07-24 14:30:00.534 [docker-java-stream--874393331] DEBUG c.g.d.z.s.o.a.h.client5.http.headers - http-outgoing-3 >> Connection: keep-alive
2024-07-24 14:30:00.534 [docker-java-stream--874393331] DEBUG c.g.d.z.s.o.a.hc.client5.http.wire - http-outgoing-3 >> "GET /v1.32/containers/3fe330d29fde647769d434393d0e5c3ab11791a8feea1b27914dafe0c67d7462/logs?stdout=true&stderr=true&follow=true&since=0 HTTP/1.1[\r][\n]"
2024-07-24 14:30:00.534 [docker-java-stream--874393331] DEBUG c.g.d.z.s.o.a.hc.client5.http.wire - http-outgoing-3 >> "x-tc-sid: 280e6229-7396-4d60-b1e3-a5de48b5d49b[\r][\n]"
2024-07-24 14:30:00.534 [docker-java-stream--874393331] DEBUG c.g.d.z.s.o.a.hc.client5.http.wire - http-outgoing-3 >> "User-Agent: tc-java/1.19.8[\r][\n]"
2024-07-24 14:30:00.534 [docker-java-stream--874393331] DEBUG c.g.d.z.s.o.a.hc.client5.http.wire - http-outgoing-3 >> "Accept-Encoding: gzip, x-gzip, deflate[\r][\n]"
2024-07-24 14:30:00.534 [docker-java-stream--874393331] DEBUG c.g.d.z.s.o.a.hc.client5.http.wire - http-outgoing-3 >> "Host: localhost:2375[\r][\n]"
2024-07-24 14:30:00.534 [docker-java-stream--874393331] DEBUG c.g.d.z.s.o.a.hc.client5.http.wire - http-outgoing-3 >> "Connection: keep-alive[\r][\n]"
2024-07-24 14:30:00.534 [docker-java-stream--874393331] DEBUG c.g.d.z.s.o.a.hc.client5.http.wire - http-outgoing-3 >> "[\r][\n]"
2024-07-24 14:30:00.539 [docker-java-stream--874393331] DEBUG c.g.d.z.s.o.a.hc.client5.http.wire - http-outgoing-3 << "HTTP/1.1 200 OK[\r][\n]"
2024-07-24 14:30:00.540 [docker-java-stream--874393331] DEBUG c.g.d.z.s.o.a.hc.client5.http.wire - http-outgoing-3 << "Api-Version: 1.45[\r][\n]"
2024-07-24 14:30:00.540 [docker-java-stream--874393331] DEBUG c.g.d.z.s.o.a.hc.client5.http.wire - http-outgoing-3 << "Content-Type: application/vnd.docker.raw-stream[\r][\n]"
2024-07-24 14:30:00.540 [docker-java-stream--874393331] DEBUG c.g.d.z.s.o.a.hc.client5.http.wire - http-outgoing-3 << "Date: Wed, 24 Jul 2024 02:30:00 GMT[\r][\n]"
2024-07-24 14:30:00.540 [docker-java-stream--874393331] DEBUG c.g.d.z.s.o.a.hc.client5.http.wire - http-outgoing-3 << "Docker-Experimental: false[\r][\n]"
2024-07-24 14:30:00.540 [docker-java-stream--874393331] DEBUG c.g.d.z.s.o.a.hc.client5.http.wire - http-outgoing-3 << "Ostype: linux[\r][\n]"
2024-07-24 14:30:00.540 [docker-java-stream--874393331] DEBUG c.g.d.z.s.o.a.hc.client5.http.wire - http-outgoing-3 << "Server: Docker/26.0.0 (linux)[\r][\n]"
2024-07-24 14:30:00.540 [docker-java-stream--874393331] DEBUG c.g.d.z.s.o.a.hc.client5.http.wire - http-outgoing-3 << "Transfer-Encoding: chunked[\r][\n]"
2024-07-24 14:30:00.540 [docker-java-stream--874393331] DEBUG c.g.d.z.s.o.a.hc.client5.http.wire - http-outgoing-3 << "[\r][\n]"
2024-07-24 14:30:00.540 [docker-java-stream--874393331] DEBUG c.g.d.z.s.o.a.h.client5.http.headers - http-outgoing-3 << HTTP/1.1 200 OK
2024-07-24 14:30:00.540 [docker-java-stream--874393331] DEBUG c.g.d.z.s.o.a.h.client5.http.headers - http-outgoing-3 << Api-Version: 1.45
2024-07-24 14:30:00.540 [docker-java-stream--874393331] DEBUG c.g.d.z.s.o.a.h.client5.http.headers - http-outgoing-3 << Content-Type: application/vnd.docker.raw-stream
2024-07-24 14:30:00.540 [docker-java-stream--874393331] DEBUG c.g.d.z.s.o.a.h.client5.http.headers - http-outgoing-3 << Date: Wed, 24 Jul 2024 02:30:00 GMT
2024-07-24 14:30:00.540 [docker-java-stream--874393331] DEBUG c.g.d.z.s.o.a.h.client5.http.headers - http-outgoing-3 << Docker-Experimental: false
2024-07-24 14:30:00.540 [docker-java-stream--874393331] DEBUG c.g.d.z.s.o.a.h.client5.http.headers - http-outgoing-3 << Ostype: linux
2024-07-24 14:30:00.540 [docker-java-stream--874393331] DEBUG c.g.d.z.s.o.a.h.client5.http.headers - http-outgoing-3 << Server: Docker/26.0.0 (linux)
2024-07-24 14:30:00.540 [docker-java-stream--874393331] DEBUG c.g.d.z.s.o.a.h.client5.http.headers - http-outgoing-3 << Transfer-Encoding: chunked
2024-07-24 14:30:00.540 [docker-java-stream--874393331] DEBUG c.g.d.z.s.o.a.h.c.h.i.c.MainClientExec - ex-00000025: connection can be kept alive for 3 MINUTES
2024-07-24 14:30:00.548 [docker-java-stream--874393331] DEBUG c.g.d.z.s.o.a.hc.client5.http.wire - http-outgoing-3 << "1fd[\r][\n]"
2024-07-24 14:30:00.548 [docker-java-stream--874393331] DEBUG c.g.d.z.s.o.a.hc.client5.http.wire - http-outgoing-3 << "[0x1][0x0][0x0][0x0][0x0][0x0][0x0]NThe files belonging to this database system will be owned by user "postgres".[\n]"
2024-07-24 14:30:00.548 [docker-java-stream--874393331] DEBUG c.g.d.z.s.o.a.hc.client5.http.wire - http-outgoing-3 << "[0x1][0x0][0x0][0x0][0x0][0x0][0x0],This user must also own the server process.[\n]"
2024-07-24 14:30:00.548 [docker-java-stream--874393331] DEBUG c.g.d.z.s.o.a.hc.client5.http.wire - http-outgoing-3 << "[0x1][0x0][0x0][0x0][0x0][0x0][0x0][0x1][\n]"
2024-07-24 14:30:00.548 [docker-java-stream--874393331] DEBUG c.g.d.z.s.o.a.hc.client5.http.wire - http-outgoing-3 << "[0x1][0x0][0x0][0x0][0x0][0x0][0x0]CThe database cluster will be initialized with locale "en_US.utf8".[\n]"
2024-07-24 14:30:00.548 [docker-java-stream--874393331] DEBUG c.g.d.z.s.o.a.hc.client5.http.wire - http-outgoing-3 << "[0x1][0x0][0x0][0x0][0x0][0x0][0x0]BThe default database encoding has accordingly been set to "UTF8".[\n]"
2024-07-24 14:30:00.548 [docker-java-stream--874393331] DEBUG c.g.d.z.s.o.a.hc.client5.http.wire - http-outgoing-3 << "[0x1][0x0][0x0][0x0][0x0][0x0][0x0]@The default text search configuration will be set to "english".[\n]"
2024-07-24 14:30:00.548 [docker-java-stream--874393331] DEBUG c.g.d.z.s.o.a.hc.client5.http.wire - http-outgoing-3 << "[0x1][0x0][0x0][0x0][0x0][0x0][0x0][0x1][\n]"
2024-07-24 14:30:00.548 [docker-java-stream--874393331] DEBUG c.g.d.z.s.o.a.hc.client5.http.wire - http-outgoing-3 << "[0x1][0x0][0x0][0x0][0x0][0x0][0x0]"Data page checksums are disabled.[\n]"
2024-07-24 14:30:00.548 [docker-java-stream--874393331] DEBUG c.g.d.z.s.o.a.hc.client5.http.wire - http-outgoing-3 << "[0x1][0x0][0x0][0x0][0x0][0x0][0x0][0x1][\n]"
2024-07-24 14:30:00.548 [docker-java-stream--874393331] DEBUG c.g.d.z.s.o.a.hc.client5.http.wire - http-outgoing-3 << "[0x1][0x0][0x0][0x0][0x0][0x0][0x0]Ifixing permissions on existing directory /var/lib/postgresql/data ... ok[\n]"
2024-07-24 14:30:00.548 [docker-java-stream--874393331] DEBUG c.g.d.z.s.o.a.hc.client5.http.wire - http-outgoing-3 << "[\r][\n]"
2024-07-24 14:30:00.549 [Test worker] DEBUG o.t.c.output.WaitingConsumer - STDOUT: The files belonging to this database system will be owned by user "postgres".
2024-07-24 14:30:00.549 [Test worker] DEBUG o.t.c.output.WaitingConsumer - STDOUT: fixing permissions on existing directory /var/lib/postgresql/data ... ok
2024-07-24 14:30:00.549 [Test worker] DEBUG o.t.c.output.WaitingConsumer - STDOUT: 
2024-07-24 14:30:00.549 [Test worker] DEBUG o.t.c.output.WaitingConsumer - STDOUT: Data page checksums are disabled.
2024-07-24 14:30:00.549 [Test worker] DEBUG o.t.c.output.WaitingConsumer - STDOUT: 
2024-07-24 14:30:00.549 [Test worker] DEBUG o.t.c.output.WaitingConsumer - STDOUT: The default text search configuration will be set to "english".
2024-07-24 14:30:00.549 [Test worker] DEBUG o.t.c.output.WaitingConsumer - STDOUT: The default database encoding has accordingly been set to "UTF8".
2024-07-24 14:30:00.549 [Test worker] DEBUG o.t.c.output.WaitingConsumer - STDOUT: The database cluster will be initialized with locale "en_US.utf8".
2024-07-24 14:30:00.549 [Test worker] DEBUG o.t.c.output.WaitingConsumer - STDOUT: 
2024-07-24 14:30:00.549 [Test worker] DEBUG o.t.c.output.WaitingConsumer - STDOUT: This user must also own the server process.
2024-07-24 14:30:00.553 [docker-java-stream--874393331] DEBUG c.g.d.z.s.o.a.hc.client5.http.wire - http-outgoing-3 << "68[\r][\n]"
2024-07-24 14:30:00.554 [docker-java-stream--874393331] DEBUG c.g.d.z.s.o.a.hc.client5.http.wire - http-outgoing-3 << "[0x1][0x0][0x0][0x0][0x0][0x0][0x0][0x1f]creating subdirectories ... ok[\n]"
2024-07-24 14:30:00.554 [docker-java-stream--874393331] DEBUG c.g.d.z.s.o.a.hc.client5.http.wire - http-outgoing-3 << "[0x1][0x0][0x0][0x0][0x0][0x0][0x0]9selecting dynamic shared memory implementation ... posix[\n]"
2024-07-24 14:30:00.554 [docker-java-stream--874393331] DEBUG c.g.d.z.s.o.a.hc.client5.http.wire - http-outgoing-3 << "[\r][\n]"
2024-07-24 14:30:00.572 [Test worker] DEBUG o.t.c.output.WaitingConsumer - STDOUT: selecting dynamic shared memory implementation ... posix
2024-07-24 14:30:00.572 [Test worker] DEBUG o.t.c.output.WaitingConsumer - STDOUT: creating subdirectories ... ok
2024-07-24 14:30:00.580 [docker-java-stream--874393331] DEBUG c.g.d.z.s.o.a.hc.client5.http.wire - http-outgoing-3 << "32[\r][\n]"
2024-07-24 14:30:00.580 [docker-java-stream--874393331] DEBUG c.g.d.z.s.o.a.hc.client5.http.wire - http-outgoing-3 << "[0x1][0x0][0x0][0x0][0x0][0x0][0x0]*selecting default max_connections ... 100[\n]"
2024-07-24 14:30:00.580 [docker-java-stream--874393331] DEBUG c.g.d.z.s.o.a.hc.client5.http.wire - http-outgoing-3 << "[\r][\n]"
2024-07-24 14:30:00.587 [Test worker] DEBUG o.t.c.output.WaitingConsumer - STDOUT: selecting default max_connections ... 100
2024-07-24 14:30:00.605 [docker-java-stream--874393331] DEBUG c.g.d.z.s.o.a.hc.client5.http.wire - http-outgoing-3 << "33[\r][\n]"
2024-07-24 14:30:00.606 [docker-java-stream--874393331] DEBUG c.g.d.z.s.o.a.hc.client5.http.wire - http-outgoing-3 << "[0x1][0x0][0x0][0x0][0x0][0x0][0x0]+selecting default shared_buffers ... 128MB[\n]"
2024-07-24 14:30:00.606 [docker-java-stream--874393331] DEBUG c.g.d.z.s.o.a.hc.client5.http.wire - http-outgoing-3 << "[\r][\n]"
2024-07-24 14:30:00.606 [Test worker] DEBUG o.t.c.output.WaitingConsumer - STDOUT: selecting default shared_buffers ... 128MB
2024-07-24 14:30:00.629 [docker-java-stream--874393331] DEBUG c.g.d.z.s.o.a.hc.client5.http.wire - http-outgoing-3 << "30[\r][\n]"
2024-07-24 14:30:00.629 [docker-java-stream--874393331] DEBUG c.g.d.z.s.o.a.hc.client5.http.wire - http-outgoing-3 << "[0x1][0x0][0x0][0x0][0x0][0x0][0x0](selecting default time zone ... Etc/UTC[\n]"
2024-07-24 14:30:00.629 [docker-java-stream--874393331] DEBUG c.g.d.z.s.o.a.hc.client5.http.wire - http-outgoing-3 << "[\r][\n]"
2024-07-24 14:30:00.629 [Test worker] DEBUG o.t.c.output.WaitingConsumer - STDOUT: selecting default time zone ... Etc/UTC
2024-07-24 14:30:00.629 [docker-java-stream--874393331] DEBUG c.g.d.z.s.o.a.hc.client5.http.wire - http-outgoing-3 << "2c[\r][\n]"
2024-07-24 14:30:00.629 [docker-java-stream--874393331] DEBUG c.g.d.z.s.o.a.hc.client5.http.wire - http-outgoing-3 << "[0x1][0x0][0x0][0x0][0x0][0x0][0x0]$creating configuration files ... ok[\n]"
2024-07-24 14:30:00.629 [docker-java-stream--874393331] DEBUG c.g.d.z.s.o.a.hc.client5.http.wire - http-outgoing-3 << "[\r][\n]"
2024-07-24 14:30:00.649 [Test worker] DEBUG o.t.c.output.WaitingConsumer - STDOUT: creating configuration files ... ok
2024-07-24 14:30:00.770 [docker-java-stream--874393331] DEBUG c.g.d.z.s.o.a.hc.client5.http.wire - http-outgoing-3 << "28[\r][\n]"
2024-07-24 14:30:00.770 [docker-java-stream--874393331] DEBUG c.g.d.z.s.o.a.hc.client5.http.wire - http-outgoing-3 << "[0x1][0x0][0x0][0x0][0x0][0x0][0x0] running bootstrap script ... ok[\n]"
2024-07-24 14:30:00.770 [docker-java-stream--874393331] DEBUG c.g.d.z.s.o.a.hc.client5.http.wire - http-outgoing-3 << "[\r][\n]"
2024-07-24 14:30:00.770 [Test worker] DEBUG o.t.c.output.WaitingConsumer - STDOUT: running bootstrap script ... ok
2024-07-24 14:30:01.139 [docker-java-stream--874393331] DEBUG c.g.d.z.s.o.a.hc.client5.http.wire - http-outgoing-3 << "38[\r][\n]"
2024-07-24 14:30:01.140 [docker-java-stream--874393331] DEBUG c.g.d.z.s.o.a.hc.client5.http.wire - http-outgoing-3 << "[0x1][0x0][0x0][0x0][0x0][0x0][0x0]0performing post-bootstrap initialization ... ok[\n]"
2024-07-24 14:30:01.140 [docker-java-stream--874393331] DEBUG c.g.d.z.s.o.a.hc.client5.http.wire - http-outgoing-3 << "[\r][\n]"
2024-07-24 14:30:01.140 [Test worker] DEBUG o.t.c.output.WaitingConsumer - STDOUT: performing post-bootstrap initialization ... ok
2024-07-24 14:30:02.349 [docker-java-stream--874393331] DEBUG c.g.d.z.s.o.a.hc.client5.http.wire - http-outgoing-3 << "1ad[\r][\n]"
2024-07-24 14:30:02.349 [docker-java-stream--874393331] DEBUG c.g.d.z.s.o.a.hc.client5.http.wire - http-outgoing-3 << "[0x2][0x0][0x0][0x0][0x0][0x0][0x0]Ginitdb: warning: enabling "trust" authentication for local connections[\n]"
2024-07-24 14:30:02.349 [docker-java-stream--874393331] DEBUG c.g.d.z.s.o.a.hc.client5.http.wire - http-outgoing-3 << "[0x2][0x0][0x0][0x0][0x0][0x0][0x0][0xffffff90]initdb: hint: You can change this by editing pg_hba.conf or using the option -A, or --auth-local and --auth-host, the next time you run initdb.[\n]"
2024-07-24 14:30:02.349 [docker-java-stream--874393331] DEBUG c.g.d.z.s.o.a.hc.client5.http.wire - http-outgoing-3 << "[0x1][0x0][0x0][0x0][0x0][0x0][0x0][0x1c]syncing data to disk ... ok[\n]"
2024-07-24 14:30:02.349 [docker-java-stream--874393331] DEBUG c.g.d.z.s.o.a.hc.client5.http.wire - http-outgoing-3 << "[0x1][0x0][0x0][0x0][0x0][0x0][0x0][0x1][\n]"
2024-07-24 14:30:02.349 [docker-java-stream--874393331] DEBUG c.g.d.z.s.o.a.hc.client5.http.wire - http-outgoing-3 << "[0x1][0x0][0x0][0x0][0x0][0x0][0x0][0x1][\n]"
2024-07-24 14:30:02.349 [docker-java-stream--874393331] DEBUG c.g.d.z.s.o.a.hc.client5.http.wire - http-outgoing-3 << "[0x1][0x0][0x0][0x0][0x0][0x0][0x0]6Success. You can now start the database server using:[\n]"
2024-07-24 14:30:02.349 [docker-java-stream--874393331] DEBUG c.g.d.z.s.o.a.hc.client5.http.wire - http-outgoing-3 << "[0x1][0x0][0x0][0x0][0x0][0x0][0x0][0x1][\n]"
2024-07-24 14:30:02.349 [docker-java-stream--874393331] DEBUG c.g.d.z.s.o.a.hc.client5.http.wire - http-outgoing-3 << "[0x1][0x0][0x0][0x0][0x0][0x0][0x0]8    pg_ctl -D /var/lib/postgresql/data -l logfile start[\n]"
2024-07-24 14:30:02.349 [docker-java-stream--874393331] DEBUG c.g.d.z.s.o.a.hc.client5.http.wire - http-outgoing-3 << "[0x1][0x0][0x0][0x0][0x0][0x0][0x0][0x1][\n]"
2024-07-24 14:30:02.349 [docker-java-stream--874393331] DEBUG c.g.d.z.s.o.a.hc.client5.http.wire - http-outgoing-3 << "[\r][\n]"
2024-07-24 14:30:02.349 [Test worker] DEBUG o.t.c.output.WaitingConsumer - STDOUT: 
2024-07-24 14:30:02.350 [Test worker] DEBUG o.t.c.output.WaitingConsumer - STDOUT:     pg_ctl -D /var/lib/postgresql/data -l logfile start
2024-07-24 14:30:02.350 [Test worker] DEBUG o.t.c.output.WaitingConsumer - STDOUT: 
2024-07-24 14:30:02.350 [Test worker] DEBUG o.t.c.output.WaitingConsumer - STDOUT: Success. You can now start the database server using:
2024-07-24 14:30:02.350 [Test worker] DEBUG o.t.c.output.WaitingConsumer - STDOUT: 
2024-07-24 14:30:02.350 [Test worker] DEBUG o.t.c.output.WaitingConsumer - STDOUT: 
2024-07-24 14:30:02.350 [Test worker] DEBUG o.t.c.output.WaitingConsumer - STDOUT: syncing data to disk ... ok
2024-07-24 14:30:02.350 [Test worker] DEBUG o.t.c.output.WaitingConsumer - STDERR: initdb: hint: You can change this by editing pg_hba.conf or using the option -A, or --auth-local and --auth-host, the next time you run initdb.
2024-07-24 14:30:02.351 [Test worker] DEBUG o.t.c.output.WaitingConsumer - STDERR: initdb: warning: enabling "trust" authentication for local connections
2024-07-24 14:30:02.410 [docker-java-stream--874393331] DEBUG c.g.d.z.s.o.a.hc.client5.http.wire - http-outgoing-3 << "137[\r][\n]"
2024-07-24 14:30:02.411 [docker-java-stream--874393331] DEBUG c.g.d.z.s.o.a.hc.client5.http.wire - http-outgoing-3 << "[0x1][0x0][0x0][0x0][0x0][0x0][0x0][0xffffffc3]waiting for server to start....2024-07-24 02:30:02.409 UTC [48] LOG:  starting PostgreSQL 16.2 (Debian 16.2-1.pgdg120+2) on x86_64-pc-linux-gnu, compiled by gcc (Debian 12.2.0-14) 12.2.0, 64-bit[\n]"
2024-07-24 14:30:02.411 [docker-java-stream--874393331] DEBUG c.g.d.z.s.o.a.hc.client5.http.wire - http-outgoing-3 << "[0x1][0x0][0x0][0x0][0x0][0x0][0x0]d2024-07-24 02:30:02.410 UTC [48] LOG:  listening on Unix socket "/var/run/postgresql/.s.PGSQL.5432"[\n]"
2024-07-24 14:30:02.411 [docker-java-stream--874393331] DEBUG c.g.d.z.s.o.a.hc.client5.http.wire - http-outgoing-3 << "[\r][\n]"
2024-07-24 14:30:02.411 [Test worker] DEBUG o.t.c.output.WaitingConsumer - STDOUT: 2024-07-24 02:30:02.410 UTC [48] LOG:  listening on Unix socket "/var/run/postgresql/.s.PGSQL.5432"
2024-07-24 14:30:02.411 [Test worker] DEBUG o.t.c.output.WaitingConsumer - STDOUT: waiting for server to start....2024-07-24 02:30:02.409 UTC [48] LOG:  starting PostgreSQL 16.2 (Debian 16.2-1.pgdg120+2) on x86_64-pc-linux-gnu, compiled by gcc (Debian 12.2.0-14) 12.2.0, 64-bit
2024-07-24 14:30:02.413 [docker-java-stream--874393331] DEBUG c.g.d.z.s.o.a.hc.client5.http.wire - http-outgoing-3 << "68[\r][\n]"
2024-07-24 14:30:02.414 [docker-java-stream--874393331] DEBUG c.g.d.z.s.o.a.hc.client5.http.wire - http-outgoing-3 << "[0x1][0x0][0x0][0x0][0x0][0x0][0x0]`2024-07-24 02:30:02.413 UTC [51] LOG:  database system was shut down at 2024-07-24 02:30:01 UTC[\n]"
2024-07-24 14:30:02.414 [docker-java-stream--874393331] DEBUG c.g.d.z.s.o.a.hc.client5.http.wire - http-outgoing-3 << "[\r][\n]"
2024-07-24 14:30:02.419 [docker-java-stream--874393331] DEBUG c.g.d.z.s.o.a.hc.client5.http.wire - http-outgoing-3 << "5e[\r][\n]"
2024-07-24 14:30:02.419 [docker-java-stream--874393331] DEBUG c.g.d.z.s.o.a.hc.client5.http.wire - http-outgoing-3 << "[0x1][0x0][0x0][0x0][0x0][0x0][0x0]V2024-07-24 02:30:02.418 UTC [48] LOG:  database system is ready to accept connections[\n]"
2024-07-24 14:30:02.419 [docker-java-stream--874393331] DEBUG c.g.d.z.s.o.a.hc.client5.http.wire - http-outgoing-3 << "[\r][\n]"
2024-07-24 14:30:02.423 [Test worker] DEBUG o.t.c.output.WaitingConsumer - STDOUT: 2024-07-24 02:30:02.418 UTC [48] LOG:  database system is ready to accept connections
2024-07-24 14:30:02.423 [Test worker] DEBUG o.t.c.output.WaitingConsumer - STDOUT: 2024-07-24 02:30:02.413 UTC [51] LOG:  database system was shut down at 2024-07-24 02:30:01 UTC
2024-07-24 14:30:02.489 [docker-java-stream--874393331] DEBUG c.g.d.z.s.o.a.hc.client5.http.wire - http-outgoing-3 << "25[\r][\n]"
2024-07-24 14:30:02.490 [docker-java-stream--874393331] DEBUG c.g.d.z.s.o.a.hc.client5.http.wire - http-outgoing-3 << "[0x1][0x0][0x0][0x0][0x0][0x0][0x0][0x6] done[\n]"
2024-07-24 14:30:02.490 [docker-java-stream--874393331] DEBUG c.g.d.z.s.o.a.hc.client5.http.wire - http-outgoing-3 << "[0x1][0x0][0x0][0x0][0x0][0x0][0x0][0xf]server started[\n]"
2024-07-24 14:30:02.490 [docker-java-stream--874393331] DEBUG c.g.d.z.s.o.a.hc.client5.http.wire - http-outgoing-3 << "[\r][\n]"
2024-07-24 14:30:02.490 [Test worker] DEBUG o.t.c.output.WaitingConsumer - STDOUT: server started
2024-07-24 14:30:02.490 [Test worker] DEBUG o.t.c.output.WaitingConsumer - STDOUT:  done
2024-07-24 14:30:02.606 [docker-java-stream--874393331] DEBUG c.g.d.z.s.o.a.hc.client5.http.wire - http-outgoing-3 << "18[\r][\n]"
2024-07-24 14:30:02.607 [docker-java-stream--874393331] DEBUG c.g.d.z.s.o.a.hc.client5.http.wire - http-outgoing-3 << "[0x1][0x0][0x0][0x0][0x0][0x0][0x0][0x10]CREATE DATABASE[\n]"
2024-07-24 14:30:02.607 [docker-java-stream--874393331] DEBUG c.g.d.z.s.o.a.hc.client5.http.wire - http-outgoing-3 << "[\r][\n]"
2024-07-24 14:30:02.607 [Test worker] DEBUG o.t.c.output.WaitingConsumer - STDOUT: CREATE DATABASE
2024-07-24 14:30:02.607 [docker-java-stream--874393331] DEBUG c.g.d.z.s.o.a.hc.client5.http.wire - http-outgoing-3 << "9[\r][\n]"
2024-07-24 14:30:02.607 [docker-java-stream--874393331] DEBUG c.g.d.z.s.o.a.hc.client5.http.wire - http-outgoing-3 << "[0x1][0x0][0x0][0x0][0x0][0x0][0x0][0x1][\n]"
2024-07-24 14:30:02.607 [docker-java-stream--874393331] DEBUG c.g.d.z.s.o.a.hc.client5.http.wire - http-outgoing-3 << "[\r][\n]"
2024-07-24 14:30:02.607 [docker-java-stream--874393331] DEBUG c.g.d.z.s.o.a.hc.client5.http.wire - http-outgoing-3 << "66[\r][\n]"
2024-07-24 14:30:02.607 [docker-java-stream--874393331] DEBUG c.g.d.z.s.o.a.hc.client5.http.wire - http-outgoing-3 << "[0x1][0x0][0x0][0x0][0x0][0x0][0x0][0x1][\n]"
2024-07-24 14:30:02.607 [docker-java-stream--874393331] DEBUG c.g.d.z.s.o.a.hc.client5.http.wire - http-outgoing-3 << "[0x1][0x0][0x0][0x0][0x0][0x0][0x0]L/usr/local/bin/docker-entrypoint.sh: ignoring /docker-entrypoint-initdb.d/*[\n]"
2024-07-24 14:30:02.607 [docker-java-stream--874393331] DEBUG c.g.d.z.s.o.a.hc.client5.http.wire - http-outgoing-3 << "[0x1][0x0][0x0][0x0][0x0][0x0][0x0][0x1][\n]"
2024-07-24 14:30:02.607 [docker-java-stream--874393331] DEBUG c.g.d.z.s.o.a.hc.client5.http.wire - http-outgoing-3 << "[\r][\n]"
2024-07-24 14:30:02.609 [docker-java-stream--874393331] DEBUG c.g.d.z.s.o.a.hc.client5.http.wire - http-outgoing-3 << "c0[\r][\n]"
2024-07-24 14:30:02.609 [docker-java-stream--874393331] DEBUG c.g.d.z.s.o.a.hc.client5.http.wire - http-outgoing-3 << "[0x1][0x0][0x0][0x0][0x0][0x0][0x0]hwaiting for server to shut down...2024-07-24 02:30:02.609 UTC [48] LOG:  received fast shutdown request[\n]"
2024-07-24 14:30:02.609 [docker-java-stream--874393331] DEBUG c.g.d.z.s.o.a.hc.client5.http.wire - http-outgoing-3 << "[0x1][0x0][0x0][0x0][0x0][0x0][0x0]H2024-07-24 02:30:02.609 UTC [48] LOG:  aborting any active transactions[\n]"
2024-07-24 14:30:02.609 [docker-java-stream--874393331] DEBUG c.g.d.z.s.o.a.hc.client5.http.wire - http-outgoing-3 << "[\r][\n]"
2024-07-24 14:30:02.612 [docker-java-stream--874393331] DEBUG c.g.d.z.s.o.a.hc.client5.http.wire - http-outgoing-3 << "116[\r][\n]"
2024-07-24 14:30:02.612 [docker-java-stream--874393331] DEBUG c.g.d.z.s.o.a.hc.client5.http.wire - http-outgoing-3 << "[0x1][0x0][0x0][0x0][0x0][0x0][0x0]z.2024-07-24 02:30:02.611 UTC [48] LOG:  background worker "logical replication launcher" (PID 54) exited with exit code 1[\n]"
2024-07-24 14:30:02.612 [docker-java-stream--874393331] DEBUG c.g.d.z.s.o.a.hc.client5.http.wire - http-outgoing-3 << "[0x1][0x0][0x0][0x0][0x0][0x0][0x0]52024-07-24 02:30:02.612 UTC [49] LOG:  shutting down[\n]"
2024-07-24 14:30:02.612 [docker-java-stream--874393331] DEBUG c.g.d.z.s.o.a.hc.client5.http.wire - http-outgoing-3 << "[0x1][0x0][0x0][0x0][0x0][0x0][0x0]O2024-07-24 02:30:02.612 UTC [49] LOG:  checkpoint starting: shutdown immediate[\n]"
2024-07-24 14:30:02.612 [docker-java-stream--874393331] DEBUG c.g.d.z.s.o.a.hc.client5.http.wire - http-outgoing-3 << "[\r][\n]"
2024-07-24 14:30:02.619 [Test worker] DEBUG o.t.c.output.WaitingConsumer - STDOUT: 2024-07-24 02:30:02.612 UTC [49] LOG:  checkpoint starting: shutdown immediate
2024-07-24 14:30:02.619 [Test worker] DEBUG o.t.c.output.WaitingConsumer - STDOUT: 2024-07-24 02:30:02.612 UTC [49] LOG:  shutting down
2024-07-24 14:30:02.619 [Test worker] DEBUG o.t.c.output.WaitingConsumer - STDOUT: .2024-07-24 02:30:02.611 UTC [48] LOG:  background worker "logical replication launcher" (PID 54) exited with exit code 1
2024-07-24 14:30:02.619 [Test worker] DEBUG o.t.c.output.WaitingConsumer - STDOUT: 2024-07-24 02:30:02.609 UTC [48] LOG:  aborting any active transactions
2024-07-24 14:30:02.619 [Test worker] DEBUG o.t.c.output.WaitingConsumer - STDOUT: waiting for server to shut down...2024-07-24 02:30:02.609 UTC [48] LOG:  received fast shutdown request
2024-07-24 14:30:02.619 [Test worker] DEBUG o.t.c.output.WaitingConsumer - STDOUT: 
2024-07-24 14:30:02.619 [Test worker] DEBUG o.t.c.output.WaitingConsumer - STDOUT: /usr/local/bin/docker-entrypoint.sh: ignoring /docker-entrypoint-initdb.d/*
2024-07-24 14:30:02.619 [Test worker] DEBUG o.t.c.output.WaitingConsumer - STDOUT: 
2024-07-24 14:30:02.619 [Test worker] DEBUG o.t.c.output.WaitingConsumer - STDOUT: 
2024-07-24 14:30:02.625 [docker-java-stream--874393331] DEBUG c.g.d.z.s.o.a.hc.client5.http.wire - http-outgoing-3 << "12c[\r][\n]"
2024-07-24 14:30:02.625 [docker-java-stream--874393331] DEBUG c.g.d.z.s.o.a.hc.client5.http.wire - http-outgoing-3 << "[0x1][0x0][0x0][0x0][0x0][0x0][0x1]$2024-07-24 02:30:02.624 UTC [49] LOG:  checkpoint complete: wrote 923 buffers (5.6%); 0 WAL file(s) added, 0 removed, 0 recycled; write=0.012 s, sync=0.001 s, total=0.012 s; sync files=0, longest=0.000 s, average=0.000 s; distance=4257 kB, estimate=4257 kB; lsn=0/1913068, redo lsn=0/1913068[\n]"
2024-07-24 14:30:02.625 [docker-java-stream--874393331] DEBUG c.g.d.z.s.o.a.hc.client5.http.wire - http-outgoing-3 << "[\r][\n]"
2024-07-24 14:30:02.634 [Test worker] DEBUG o.t.c.output.WaitingConsumer - STDOUT: 2024-07-24 02:30:02.624 UTC [49] LOG:  checkpoint complete: wrote 923 buffers (5.6%); 0 WAL file(s) added, 0 removed, 0 recycled; write=0.012 s, sync=0.001 s, total=0.012 s; sync files=0, longest=0.000 s, average=0.000 s; distance=4257 kB, estimate=4257 kB; lsn=0/1913068, redo lsn=0/1913068
2024-07-24 14:30:02.636 [docker-java-stream--874393331] DEBUG c.g.d.z.s.o.a.hc.client5.http.wire - http-outgoing-3 << "4c[\r][\n]"
2024-07-24 14:30:02.637 [docker-java-stream--874393331] DEBUG c.g.d.z.s.o.a.hc.client5.http.wire - http-outgoing-3 << "[0x1][0x0][0x0][0x0][0x0][0x0][0x0]D2024-07-24 02:30:02.635 UTC [48] LOG:  database system is shut down[\n]"
2024-07-24 14:30:02.637 [docker-java-stream--874393331] DEBUG c.g.d.z.s.o.a.hc.client5.http.wire - http-outgoing-3 << "[\r][\n]"
2024-07-24 14:30:02.650 [Test worker] DEBUG o.t.c.output.WaitingConsumer - STDOUT: 2024-07-24 02:30:02.635 UTC [48] LOG:  database system is shut down
2024-07-24 14:30:02.711 [docker-java-stream--874393331] DEBUG c.g.d.z.s.o.a.hc.client5.http.wire - http-outgoing-3 << "25[\r][\n]"
2024-07-24 14:30:02.711 [docker-java-stream--874393331] DEBUG c.g.d.z.s.o.a.hc.client5.http.wire - http-outgoing-3 << "[0x1][0x0][0x0][0x0][0x0][0x0][0x0][0x6] done[\n]"
2024-07-24 14:30:02.711 [docker-java-stream--874393331] DEBUG c.g.d.z.s.o.a.hc.client5.http.wire - http-outgoing-3 << "[0x1][0x0][0x0][0x0][0x0][0x0][0x0][0xf]server stopped[\n]"
2024-07-24 14:30:02.711 [docker-java-stream--874393331] DEBUG c.g.d.z.s.o.a.hc.client5.http.wire - http-outgoing-3 << "[\r][\n]"
2024-07-24 14:30:02.711 [Test worker] DEBUG o.t.c.output.WaitingConsumer - STDOUT: server stopped
2024-07-24 14:30:02.711 [Test worker] DEBUG o.t.c.output.WaitingConsumer - STDOUT:  done
2024-07-24 14:30:02.714 [docker-java-stream--874393331] DEBUG c.g.d.z.s.o.a.hc.client5.http.wire - http-outgoing-3 << "9[\r][\n]"
2024-07-24 14:30:02.714 [docker-java-stream--874393331] DEBUG c.g.d.z.s.o.a.hc.client5.http.wire - http-outgoing-3 << "[0x1][0x0][0x0][0x0][0x0][0x0][0x0][0x1][\n]"
2024-07-24 14:30:02.714 [docker-java-stream--874393331] DEBUG c.g.d.z.s.o.a.hc.client5.http.wire - http-outgoing-3 << "[\r][\n]"
2024-07-24 14:30:02.714 [docker-java-stream--874393331] DEBUG c.g.d.z.s.o.a.hc.client5.http.wire - http-outgoing-3 << "47[\r][\n]"
2024-07-24 14:30:02.714 [docker-java-stream--874393331] DEBUG c.g.d.z.s.o.a.hc.client5.http.wire - http-outgoing-3 << "[0x1][0x0][0x0][0x0][0x0][0x0][0x0]6PostgreSQL init process complete; ready for start up.[\n]"
2024-07-24 14:30:02.714 [docker-java-stream--874393331] DEBUG c.g.d.z.s.o.a.hc.client5.http.wire - http-outgoing-3 << "[0x1][0x0][0x0][0x0][0x0][0x0][0x0][0x1][\n]"
2024-07-24 14:30:02.714 [docker-java-stream--874393331] DEBUG c.g.d.z.s.o.a.hc.client5.http.wire - http-outgoing-3 << "[\r][\n]"
2024-07-24 14:30:02.725 [Test worker] DEBUG o.t.c.output.WaitingConsumer - STDOUT: 
2024-07-24 14:30:02.726 [Test worker] DEBUG o.t.c.output.WaitingConsumer - STDOUT: PostgreSQL init process complete; ready for start up.
2024-07-24 14:30:02.726 [Test worker] DEBUG o.t.c.output.WaitingConsumer - STDOUT: 
2024-07-24 14:30:02.739 [docker-java-stream--874393331] DEBUG c.g.d.z.s.o.a.hc.client5.http.wire - http-outgoing-3 << "1cb[\r][\n]"
2024-07-24 14:30:02.739 [docker-java-stream--874393331] DEBUG c.g.d.z.s.o.a.hc.client5.http.wire - http-outgoing-3 << "[0x2][0x0][0x0][0x0][0x0][0x0][0x0][0xffffffa3]2024-07-24 02:30:02.737 UTC [1] LOG:  starting PostgreSQL 16.2 (Debian 16.2-1.pgdg120+2) on x86_64-pc-linux-gnu, compiled by gcc (Debian 12.2.0-14) 12.2.0, 64-bit[\n]"
2024-07-24 14:30:02.739 [docker-java-stream--874393331] DEBUG c.g.d.z.s.o.a.hc.client5.http.wire - http-outgoing-3 << "[0x2][0x0][0x0][0x0][0x0][0x0][0x0]U2024-07-24 02:30:02.738 UTC [1] LOG:  listening on IPv4 address "0.0.0.0", port 5432[\n]"
2024-07-24 14:30:02.739 [docker-java-stream--874393331] DEBUG c.g.d.z.s.o.a.hc.client5.http.wire - http-outgoing-3 << "[0x2][0x0][0x0][0x0][0x0][0x0][0x0]P2024-07-24 02:30:02.738 UTC [1] LOG:  listening on IPv6 address "::", port 5432[\n]"
2024-07-24 14:30:02.739 [docker-java-stream--874393331] DEBUG c.g.d.z.s.o.a.hc.client5.http.wire - http-outgoing-3 << "[0x2][0x0][0x0][0x0][0x0][0x0][0x0]c2024-07-24 02:30:02.738 UTC [1] LOG:  listening on Unix socket "/var/run/postgresql/.s.PGSQL.5432"[\n]"
2024-07-24 14:30:02.739 [docker-java-stream--874393331] DEBUG c.g.d.z.s.o.a.hc.client5.http.wire - http-outgoing-3 << "[\r][\n]"
2024-07-24 14:30:02.740 [Test worker] DEBUG o.t.c.output.WaitingConsumer - STDERR: 2024-07-24 02:30:02.738 UTC [1] LOG:  listening on Unix socket "/var/run/postgresql/.s.PGSQL.5432"
2024-07-24 14:30:02.740 [Test worker] DEBUG o.t.c.output.WaitingConsumer - STDERR: 2024-07-24 02:30:02.738 UTC [1] LOG:  listening on IPv6 address "::", port 5432
2024-07-24 14:30:02.740 [Test worker] DEBUG o.t.c.output.WaitingConsumer - STDERR: 2024-07-24 02:30:02.738 UTC [1] LOG:  listening on IPv4 address "0.0.0.0", port 5432
2024-07-24 14:30:02.740 [Test worker] DEBUG o.t.c.output.WaitingConsumer - STDERR: 2024-07-24 02:30:02.737 UTC [1] LOG:  starting PostgreSQL 16.2 (Debian 16.2-1.pgdg120+2) on x86_64-pc-linux-gnu, compiled by gcc (Debian 12.2.0-14) 12.2.0, 64-bit
2024-07-24 14:30:02.747 [docker-java-stream--874393331] DEBUG c.g.d.z.s.o.a.hc.client5.http.wire - http-outgoing-3 << "68[\r][\n]"
2024-07-24 14:30:02.747 [docker-java-stream--874393331] DEBUG c.g.d.z.s.o.a.hc.client5.http.wire - http-outgoing-3 << "[0x2][0x0][0x0][0x0][0x0][0x0][0x0]`2024-07-24 02:30:02.744 UTC [64] LOG:  database system was shut down at 2024-07-24 02:30:02 UTC[\n]"
2024-07-24 14:30:02.747 [docker-java-stream--874393331] DEBUG c.g.d.z.s.o.a.hc.client5.http.wire - http-outgoing-3 << "[\r][\n]"
2024-07-24 14:30:02.751 [docker-java-stream--874393331] DEBUG c.g.d.z.s.o.a.hc.client5.http.wire - http-outgoing-3 << "5d[\r][\n]"
2024-07-24 14:30:02.751 [docker-java-stream--874393331] DEBUG c.g.d.z.s.o.a.hc.client5.http.wire - http-outgoing-3 << "[0x2][0x0][0x0][0x0][0x0][0x0][0x0]U2024-07-24 02:30:02.749 UTC [1] LOG:  database system is ready to accept connections[\n]"
2024-07-24 14:30:02.751 [docker-java-stream--874393331] DEBUG c.g.d.z.s.o.a.hc.client5.http.wire - http-outgoing-3 << "[\r][\n]"
2024-07-24 14:30:02.756 [Test worker] DEBUG o.t.c.output.WaitingConsumer - STDERR: 2024-07-24 02:30:02.749 UTC [1] LOG:  database system is ready to accept connections
2024-07-24 14:30:02.756 [Test worker] DEBUG c.g.d.z.s.o.a.h.c.h.i.c.InternalHttpClient - ep-00000024: cancel
2024-07-24 14:30:02.756 [Test worker] DEBUG c.g.d.z.s.o.a.h.c.h.i.i.DefaultManagedHttpClientConnection - http-outgoing-3: close connection IMMEDIATE
2024-07-24 14:30:02.757 [Test worker] DEBUG c.g.d.z.s.o.a.h.c.h.i.c.InternalHttpClient - ep-00000024: endpoint closed
2024-07-24 14:30:02.757 [Test worker] DEBUG c.g.d.z.s.o.a.h.c.h.i.c.InternalHttpClient - ep-00000024: discarding endpoint
2024-07-24 14:30:02.757 [Test worker] DEBUG c.g.d.z.s.o.a.h.c.h.i.i.PoolingHttpClientConnectionManager - ep-00000024: releasing endpoint
2024-07-24 14:30:02.757 [Test worker] DEBUG c.g.d.z.s.o.a.h.c.h.i.i.PoolingHttpClientConnectionManager - ep-00000024: connection is not kept alive
2024-07-24 14:30:02.757 [Test worker] DEBUG c.g.d.z.s.o.a.h.c.h.i.i.PoolingHttpClientConnectionManager - ep-00000024: connection released [route: {}->npipe://localhost:2375][total available: 0; route allocated: 0 of 2147483647; total allocated: 0 of 2147483647]
2024-07-24 14:30:02.757 [docker-java-stream--874393331] DEBUG c.g.d.z.s.o.a.hc.client5.http.wire - http-outgoing-3 << "end of stream"
2024-07-24 14:30:02.757 [Test worker] DEBUG c.g.d.z.s.o.a.hc.client5.http.wire - http-outgoing-3 << "[read] I/O error: java.nio.channels.ClosedChannelException"
2024-07-24 14:30:02.757 [docker-java-stream--874393331] DEBUG c.g.d.z.s.o.a.hc.client5.http.wire - http-outgoing-3 << "[read] I/O error: java.nio.channels.ClosedChannelException"
2024-07-24 14:30:02.757 [docker-java-stream--874393331] DEBUG c.g.d.z.ApacheDockerHttpClientImpl$ApacheResponse - Failed to close the response
java.io.IOException: java.nio.channels.ClosedChannelException
	at java.base/java.nio.channels.Channels$2.read(Channels.java:240)
	at com.github.dockerjava.zerodep.shaded.org.apache.hc.client5.http.impl.io.LoggingInputStream.read(LoggingInputStream.java:81)
	at com.github.dockerjava.zerodep.shaded.org.apache.hc.core5.http.impl.io.SessionInputBufferImpl.fillBuffer(SessionInputBufferImpl.java:149)
	at com.github.dockerjava.zerodep.shaded.org.apache.hc.core5.http.impl.io.SessionInputBufferImpl.readLine(SessionInputBufferImpl.java:280)
	at com.github.dockerjava.zerodep.shaded.org.apache.hc.core5.http.impl.io.ChunkedInputStream.getChunkSize(ChunkedInputStream.java:261)
	at com.github.dockerjava.zerodep.shaded.org.apache.hc.core5.http.impl.io.ChunkedInputStream.nextChunk(ChunkedInputStream.java:222)
	at com.github.dockerjava.zerodep.shaded.org.apache.hc.core5.http.impl.io.ChunkedInputStream.read(ChunkedInputStream.java:147)
	at com.github.dockerjava.zerodep.shaded.org.apache.hc.core5.http.impl.io.ChunkedInputStream.close(ChunkedInputStream.java:314)
	at com.github.dockerjava.zerodep.shaded.org.apache.hc.core5.io.Closer.close(Closer.java:48)
	at com.github.dockerjava.zerodep.shaded.org.apache.hc.core5.http.impl.io.IncomingHttpEntity.close(IncomingHttpEntity.java:111)
	at com.github.dockerjava.zerodep.shaded.org.apache.hc.core5.http.io.entity.HttpEntityWrapper.close(HttpEntityWrapper.java:120)
	at com.github.dockerjava.zerodep.shaded.org.apache.hc.core5.io.Closer.close(Closer.java:48)
	at com.github.dockerjava.zerodep.shaded.org.apache.hc.core5.http.message.BasicClassicHttpResponse.close(BasicClassicHttpResponse.java:93)
	at com.github.dockerjava.zerodep.shaded.org.apache.hc.client5.http.impl.classic.CloseableHttpResponse.close(CloseableHttpResponse.java:200)
	at com.github.dockerjava.zerodep.ApacheDockerHttpClientImpl$ApacheResponse.close(ApacheDockerHttpClientImpl.java:271)
	at org.testcontainers.shaded.com.github.dockerjava.core.DefaultInvocationBuilder.lambda$executeAndStream$1(DefaultInvocationBuilder.java:277)
	at java.base/java.lang.Thread.run(Thread.java:833)
Caused by: java.nio.channels.ClosedChannelException: null
	at java.base/sun.nio.ch.WindowsAsynchronousFileChannelImpl.implRead(WindowsAsynchronousFileChannelImpl.java:516)
	at java.base/sun.nio.ch.AsynchronousFileChannelImpl.read(AsynchronousFileChannelImpl.java:229)
	at com.github.dockerjava.transport.NamedPipeSocket$AsynchronousFileByteChannel.read(NamedPipeSocket.java:117)
	at java.base/java.nio.channels.Channels$2.read(Channels.java:238)
	... 16 common frames omitted
2024-07-24 14:30:02.757 [Test worker] DEBUG c.g.d.z.ApacheDockerHttpClientImpl$ApacheResponse - Failed to close the response
java.io.IOException: java.nio.channels.ClosedChannelException
	at java.base/java.nio.channels.Channels$2.read(Channels.java:240)
	at com.github.dockerjava.zerodep.shaded.org.apache.hc.client5.http.impl.io.LoggingInputStream.read(LoggingInputStream.java:81)
	at com.github.dockerjava.zerodep.shaded.org.apache.hc.core5.http.impl.io.SessionInputBufferImpl.fillBuffer(SessionInputBufferImpl.java:149)
	at com.github.dockerjava.zerodep.shaded.org.apache.hc.core5.http.impl.io.SessionInputBufferImpl.readLine(SessionInputBufferImpl.java:280)
	at com.github.dockerjava.zerodep.shaded.org.apache.hc.core5.http.impl.io.ChunkedInputStream.getChunkSize(ChunkedInputStream.java:261)
	at com.github.dockerjava.zerodep.shaded.org.apache.hc.core5.http.impl.io.ChunkedInputStream.nextChunk(ChunkedInputStream.java:222)
	at com.github.dockerjava.zerodep.shaded.org.apache.hc.core5.http.impl.io.ChunkedInputStream.read(ChunkedInputStream.java:147)
	at com.github.dockerjava.zerodep.shaded.org.apache.hc.core5.http.impl.io.ChunkedInputStream.close(ChunkedInputStream.java:314)
	at com.github.dockerjava.zerodep.shaded.org.apache.hc.core5.io.Closer.close(Closer.java:48)
	at com.github.dockerjava.zerodep.shaded.org.apache.hc.core5.http.impl.io.IncomingHttpEntity.close(IncomingHttpEntity.java:111)
	at com.github.dockerjava.zerodep.shaded.org.apache.hc.core5.http.io.entity.HttpEntityWrapper.close(HttpEntityWrapper.java:120)
	at com.github.dockerjava.zerodep.shaded.org.apache.hc.core5.io.Closer.close(Closer.java:48)
	at com.github.dockerjava.zerodep.shaded.org.apache.hc.core5.http.message.BasicClassicHttpResponse.close(BasicClassicHttpResponse.java:93)
	at com.github.dockerjava.zerodep.shaded.org.apache.hc.client5.http.impl.classic.CloseableHttpResponse.close(CloseableHttpResponse.java:200)
	at com.github.dockerjava.zerodep.ApacheDockerHttpClientImpl$ApacheResponse.close(ApacheDockerHttpClientImpl.java:271)
	at org.testcontainers.shaded.com.github.dockerjava.core.DefaultInvocationBuilder.lambda$null$0(DefaultInvocationBuilder.java:272)
	at com.github.dockerjava.api.async.ResultCallbackTemplate.close(ResultCallbackTemplate.java:77)
	at org.testcontainers.containers.output.FrameConsumerResultCallback.close(FrameConsumerResultCallback.java:69)
	at org.testcontainers.containers.wait.strategy.LogMessageWaitStrategy.waitUntilReady(LogMessageWaitStrategy.java:49)
	at org.testcontainers.containers.wait.strategy.AbstractWaitStrategy.waitUntilReady(AbstractWaitStrategy.java:52)
	at org.testcontainers.containers.PostgreSQLContainer.waitUntilContainerStarted(PostgreSQLContainer.java:149)
	at org.testcontainers.containers.GenericContainer.tryStart(GenericContainer.java:500)
	at org.testcontainers.containers.GenericContainer.lambda$doStart$0(GenericContainer.java:354)
	at org.rnorth.ducttape.unreliables.Unreliables.retryUntilSuccess(Unreliables.java:81)
	at org.testcontainers.containers.GenericContainer.doStart(GenericContainer.java:344)
	at org.testcontainers.containers.GenericContainer.start(GenericContainer.java:330)
	at com.unitedApi.CustomerDAOTest.<init>(CustomerDAOTest.kt:32)
	at java.base/jdk.internal.reflect.NativeConstructorAccessorImpl.newInstance0(Native Method)
	at java.base/jdk.internal.reflect.NativeConstructorAccessorImpl.newInstance(NativeConstructorAccessorImpl.java:77)
	at java.base/jdk.internal.reflect.DelegatingConstructorAccessorImpl.newInstance(DelegatingConstructorAccessorImpl.java:45)
	at java.base/java.lang.reflect.Constructor.newInstanceWithCaller(Constructor.java:499)
	at java.base/java.lang.reflect.Constructor.newInstance(Constructor.java:480)
	at org.junit.runners.BlockJUnit4ClassRunner.createTest(BlockJUnit4ClassRunner.java:250)
	at org.junit.runners.BlockJUnit4ClassRunner.createTest(BlockJUnit4ClassRunner.java:260)
	at org.junit.runners.BlockJUnit4ClassRunner$2.runReflectiveCall(BlockJUnit4ClassRunner.java:309)
	at org.junit.internal.runners.model.ReflectiveCallable.run(ReflectiveCallable.java:12)
	at org.junit.runners.BlockJUnit4ClassRunner.methodBlock(BlockJUnit4ClassRunner.java:306)
	at org.junit.runners.BlockJUnit4ClassRunner$1.evaluate(BlockJUnit4ClassRunner.java:100)
	at org.junit.runners.ParentRunner.runLeaf(ParentRunner.java:366)
	at org.junit.runners.BlockJUnit4ClassRunner.runChild(BlockJUnit4ClassRunner.java:103)
	at org.junit.runners.BlockJUnit4ClassRunner.runChild(BlockJUnit4ClassRunner.java:63)
	at org.junit.runners.ParentRunner$4.run(ParentRunner.java:331)
	at org.junit.runners.ParentRunner$1.schedule(ParentRunner.java:79)
	at org.junit.runners.ParentRunner.runChildren(ParentRunner.java:329)
	at org.junit.runners.ParentRunner.access$100(ParentRunner.java:66)
	at org.junit.runners.ParentRunner$2.evaluate(ParentRunner.java:293)
	at org.junit.runners.ParentRunner$3.evaluate(ParentRunner.java:306)
	at org.junit.runners.ParentRunner.run(ParentRunner.java:413)
	at org.gradle.api.internal.tasks.testing.junit.JUnitTestClassExecutor.runTestClass(JUnitTestClassExecutor.java:112)
	at org.gradle.api.internal.tasks.testing.junit.JUnitTestClassExecutor.execute(JUnitTestClassExecutor.java:58)
	at org.gradle.api.internal.tasks.testing.junit.JUnitTestClassExecutor.execute(JUnitTestClassExecutor.java:40)
	at org.gradle.api.internal.tasks.testing.junit.AbstractJUnitTestClassProcessor.processTestClass(AbstractJUnitTestClassProcessor.java:60)
	at org.gradle.api.internal.tasks.testing.SuiteTestClassProcessor.processTestClass(SuiteTestClassProcessor.java:52)
	at java.base/jdk.internal.reflect.NativeMethodAccessorImpl.invoke0(Native Method)
	at java.base/jdk.internal.reflect.NativeMethodAccessorImpl.invoke(NativeMethodAccessorImpl.java:77)
	at java.base/jdk.internal.reflect.DelegatingMethodAccessorImpl.invoke(DelegatingMethodAccessorImpl.java:43)
	at java.base/java.lang.reflect.Method.invoke(Method.java:568)
	at org.gradle.internal.dispatch.ReflectionDispatch.dispatch(ReflectionDispatch.java:36)
	at org.gradle.internal.dispatch.ReflectionDispatch.dispatch(ReflectionDispatch.java:24)
	at org.gradle.internal.dispatch.ContextClassLoaderDispatch.dispatch(ContextClassLoaderDispatch.java:33)
	at org.gradle.internal.dispatch.ProxyDispatchAdapter$DispatchingInvocationHandler.invoke(ProxyDispatchAdapter.java:94)
	at jdk.proxy1/jdk.proxy1.$Proxy2.processTestClass(Unknown Source)
	at org.gradle.api.internal.tasks.testing.worker.TestWorker$2.run(TestWorker.java:176)
	at org.gradle.api.internal.tasks.testing.worker.TestWorker.executeAndMaintainThreadName(TestWorker.java:129)
	at org.gradle.api.internal.tasks.testing.worker.TestWorker.execute(TestWorker.java:100)
	at org.gradle.api.internal.tasks.testing.worker.TestWorker.execute(TestWorker.java:60)
	at org.gradle.process.internal.worker.child.ActionExecutionWorker.execute(ActionExecutionWorker.java:56)
	at org.gradle.process.internal.worker.child.SystemApplicationClassLoaderWorker.call(SystemApplicationClassLoaderWorker.java:113)
	at org.gradle.process.internal.worker.child.SystemApplicationClassLoaderWorker.call(SystemApplicationClassLoaderWorker.java:65)
	at worker.org.gradle.process.internal.worker.GradleWorkerMain.run(GradleWorkerMain.java:69)
	at worker.org.gradle.process.internal.worker.GradleWorkerMain.main(GradleWorkerMain.java:74)
Caused by: java.nio.channels.ClosedChannelException: null
	at java.base/sun.nio.ch.WindowsAsynchronousFileChannelImpl.implRead(WindowsAsynchronousFileChannelImpl.java:516)
	at java.base/sun.nio.ch.AsynchronousFileChannelImpl.read(AsynchronousFileChannelImpl.java:229)
	at com.github.dockerjava.transport.NamedPipeSocket$AsynchronousFileByteChannel.read(NamedPipeSocket.java:117)
	at java.base/java.nio.channels.Channels$2.read(Channels.java:238)
	... 70 common frames omitted
2024-07-24 14:30:02.757 [Test worker] INFO  tc.postgres:latest - Container postgres:latest started in PT2.89495S
2024-07-24 14:30:02.757 [Test worker] INFO  tc.postgres:latest - Container is started (JDBC URL: jdbc:postgresql://localhost:51505/db?loggerLevel=OFF)
2024-07-24 14:30:02.759 [Test worker] INFO  org.testcontainers.ext.ScriptUtils - Executing database script from sql/init.sql
2024-07-24 14:30:02.761 [Test worker] DEBUG o.t.s.c.g.d.c.command.AbstrDockerCmd - Cmd: 3fe330d29fde647769d434393d0e5c3ab11791a8feea1b27914dafe0c67d7462,false
2024-07-24 14:30:02.762 [Test worker] DEBUG o.t.s.c.g.d.c.e.InspectContainerCmdExec - GET: DefaultWebTarget{path=[/containers/3fe330d29fde647769d434393d0e5c3ab11791a8feea1b27914dafe0c67d7462/json], queryParams={}}
2024-07-24 14:30:02.762 [Test worker] DEBUG c.g.d.z.s.o.a.h.c.h.i.c.InternalHttpClient - ex-00000026: preparing request execution
2024-07-24 14:30:02.762 [Test worker] DEBUG c.g.d.z.s.o.a.h.c.h.p.RequestAddCookies - Cookie spec selected: strict
2024-07-24 14:30:02.762 [Test worker] DEBUG c.g.d.z.s.o.a.h.c.h.p.RequestAuthCache - Auth cache not set in the context
2024-07-24 14:30:02.762 [Test worker] DEBUG c.g.d.z.s.o.a.h.c.h.i.c.ProtocolExec - ex-00000026: target auth state: UNCHALLENGED
2024-07-24 14:30:02.762 [Test worker] DEBUG c.g.d.z.s.o.a.h.c.h.i.c.ProtocolExec - ex-00000026: proxy auth state: UNCHALLENGED
2024-07-24 14:30:02.762 [Test worker] DEBUG c.g.d.z.s.o.a.h.c.h.i.c.ConnectExec - ex-00000026: acquiring connection with route {}->npipe://localhost:2375
2024-07-24 14:30:02.762 [Test worker] DEBUG c.g.d.z.s.o.a.h.c.h.i.c.InternalHttpClient - ex-00000026: acquiring endpoint (3 MINUTES)
2024-07-24 14:30:02.762 [Test worker] DEBUG c.g.d.z.s.o.a.h.c.h.i.i.PoolingHttpClientConnectionManager - ex-00000026: endpoint lease request (3 MINUTES) [route: {}->npipe://localhost:2375][total available: 0; route allocated: 0 of 2147483647; total allocated: 0 of 2147483647]
2024-07-24 14:30:02.762 [Test worker] DEBUG c.g.d.z.s.o.a.h.c.h.i.i.PoolingHttpClientConnectionManager - ex-00000026: endpoint leased [route: {}->npipe://localhost:2375][total available: 0; route allocated: 1 of 2147483647; total allocated: 1 of 2147483647]
2024-07-24 14:30:02.763 [Test worker] DEBUG c.g.d.z.s.o.a.h.c.h.i.i.PoolingHttpClientConnectionManager - ex-00000026: acquired ep-00000025
2024-07-24 14:30:02.763 [Test worker] DEBUG c.g.d.z.s.o.a.h.c.h.i.c.InternalHttpClient - ex-00000026: acquired endpoint ep-00000025
2024-07-24 14:30:02.763 [Test worker] DEBUG c.g.d.z.s.o.a.h.c.h.i.c.ConnectExec - ex-00000026: opening connection {}->npipe://localhost:2375
2024-07-24 14:30:02.763 [Test worker] DEBUG c.g.d.z.s.o.a.h.c.h.i.c.InternalHttpClient - ep-00000025: connecting endpoint (3 MINUTES)
2024-07-24 14:30:02.763 [Test worker] DEBUG c.g.d.z.s.o.a.h.c.h.i.i.PoolingHttpClientConnectionManager - ep-00000025: connecting endpoint to npipe://localhost:2375 (3 MINUTES)
2024-07-24 14:30:02.763 [Test worker] DEBUG c.g.d.z.s.o.a.h.c.h.i.i.DefaultHttpClientConnectionOperator - http-outgoing-4: connecting to localhost/127.0.0.1:2375
2024-07-24 14:30:02.763 [Test worker] DEBUG c.g.d.z.s.o.a.h.c.h.i.i.DefaultHttpClientConnectionOperator - http-outgoing-4: connection established 
2024-07-24 14:30:02.763 [Test worker] DEBUG c.g.d.z.s.o.a.h.c.h.i.i.PoolingHttpClientConnectionManager - ep-00000025: connected http-outgoing-4
2024-07-24 14:30:02.763 [Test worker] DEBUG c.g.d.z.s.o.a.h.c.h.i.c.InternalHttpClient - ep-00000025: endpoint connected
2024-07-24 14:30:02.763 [Test worker] DEBUG c.g.d.z.s.o.a.h.c.h.i.c.MainClientExec - ex-00000026: executing GET /v1.32/containers/3fe330d29fde647769d434393d0e5c3ab11791a8feea1b27914dafe0c67d7462/json HTTP/1.1
2024-07-24 14:30:02.763 [Test worker] DEBUG c.g.d.z.s.o.a.h.c.h.i.c.InternalHttpClient - ep-00000025: start execution ex-00000026
2024-07-24 14:30:02.763 [Test worker] DEBUG c.g.d.z.s.o.a.h.c.h.i.i.PoolingHttpClientConnectionManager - ep-00000025: executing exchange ex-00000026 over http-outgoing-4
2024-07-24 14:30:02.763 [Test worker] DEBUG c.g.d.z.s.o.a.h.client5.http.headers - http-outgoing-4 >> GET /v1.32/containers/3fe330d29fde647769d434393d0e5c3ab11791a8feea1b27914dafe0c67d7462/json HTTP/1.1
2024-07-24 14:30:02.763 [Test worker] DEBUG c.g.d.z.s.o.a.h.client5.http.headers - http-outgoing-4 >> accept: application/json
2024-07-24 14:30:02.763 [Test worker] DEBUG c.g.d.z.s.o.a.h.client5.http.headers - http-outgoing-4 >> x-tc-sid: 280e6229-7396-4d60-b1e3-a5de48b5d49b
2024-07-24 14:30:02.763 [Test worker] DEBUG c.g.d.z.s.o.a.h.client5.http.headers - http-outgoing-4 >> User-Agent: tc-java/1.19.8
2024-07-24 14:30:02.763 [Test worker] DEBUG c.g.d.z.s.o.a.h.client5.http.headers - http-outgoing-4 >> Accept-Encoding: gzip, x-gzip, deflate
2024-07-24 14:30:02.763 [Test worker] DEBUG c.g.d.z.s.o.a.h.client5.http.headers - http-outgoing-4 >> Host: localhost:2375
2024-07-24 14:30:02.763 [Test worker] DEBUG c.g.d.z.s.o.a.h.client5.http.headers - http-outgoing-4 >> Connection: keep-alive
2024-07-24 14:30:02.763 [Test worker] DEBUG c.g.d.z.s.o.a.hc.client5.http.wire - http-outgoing-4 >> "GET /v1.32/containers/3fe330d29fde647769d434393d0e5c3ab11791a8feea1b27914dafe0c67d7462/json HTTP/1.1[\r][\n]"
2024-07-24 14:30:02.763 [Test worker] DEBUG c.g.d.z.s.o.a.hc.client5.http.wire - http-outgoing-4 >> "accept: application/json[\r][\n]"
2024-07-24 14:30:02.763 [Test worker] DEBUG c.g.d.z.s.o.a.hc.client5.http.wire - http-outgoing-4 >> "x-tc-sid: 280e6229-7396-4d60-b1e3-a5de48b5d49b[\r][\n]"
2024-07-24 14:30:02.763 [Test worker] DEBUG c.g.d.z.s.o.a.hc.client5.http.wire - http-outgoing-4 >> "User-Agent: tc-java/1.19.8[\r][\n]"
2024-07-24 14:30:02.763 [Test worker] DEBUG c.g.d.z.s.o.a.hc.client5.http.wire - http-outgoing-4 >> "Accept-Encoding: gzip, x-gzip, deflate[\r][\n]"
2024-07-24 14:30:02.763 [Test worker] DEBUG c.g.d.z.s.o.a.hc.client5.http.wire - http-outgoing-4 >> "Host: localhost:2375[\r][\n]"
2024-07-24 14:30:02.763 [Test worker] DEBUG c.g.d.z.s.o.a.hc.client5.http.wire - http-outgoing-4 >> "Connection: keep-alive[\r][\n]"
2024-07-24 14:30:02.763 [Test worker] DEBUG c.g.d.z.s.o.a.hc.client5.http.wire - http-outgoing-4 >> "[\r][\n]"
2024-07-24 14:30:02.768 [Test worker] DEBUG c.g.d.z.s.o.a.hc.client5.http.wire - http-outgoing-4 << "HTTP/1.1 200 OK[\r][\n]"
2024-07-24 14:30:02.769 [Test worker] DEBUG c.g.d.z.s.o.a.hc.client5.http.wire - http-outgoing-4 << "Api-Version: 1.45[\r][\n]"
2024-07-24 14:30:02.769 [Test worker] DEBUG c.g.d.z.s.o.a.hc.client5.http.wire - http-outgoing-4 << "Content-Type: application/json[\r][\n]"
2024-07-24 14:30:02.769 [Test worker] DEBUG c.g.d.z.s.o.a.hc.client5.http.wire - http-outgoing-4 << "Date: Wed, 24 Jul 2024 02:30:02 GMT[\r][\n]"
2024-07-24 14:30:02.769 [Test worker] DEBUG c.g.d.z.s.o.a.hc.client5.http.wire - http-outgoing-4 << "Docker-Experimental: false[\r][\n]"
2024-07-24 14:30:02.769 [Test worker] DEBUG c.g.d.z.s.o.a.hc.client5.http.wire - http-outgoing-4 << "Ostype: linux[\r][\n]"
2024-07-24 14:30:02.769 [Test worker] DEBUG c.g.d.z.s.o.a.hc.client5.http.wire - http-outgoing-4 << "Server: Docker/26.0.0 (linux)[\r][\n]"
2024-07-24 14:30:02.769 [Test worker] DEBUG c.g.d.z.s.o.a.hc.client5.http.wire - http-outgoing-4 << "Transfer-Encoding: chunked[\r][\n]"
2024-07-24 14:30:02.769 [Test worker] DEBUG c.g.d.z.s.o.a.hc.client5.http.wire - http-outgoing-4 << "[\r][\n]"
2024-07-24 14:30:02.769 [Test worker] DEBUG c.g.d.z.s.o.a.h.client5.http.headers - http-outgoing-4 << HTTP/1.1 200 OK
2024-07-24 14:30:02.769 [Test worker] DEBUG c.g.d.z.s.o.a.h.client5.http.headers - http-outgoing-4 << Api-Version: 1.45
2024-07-24 14:30:02.769 [Test worker] DEBUG c.g.d.z.s.o.a.h.client5.http.headers - http-outgoing-4 << Content-Type: application/json
2024-07-24 14:30:02.769 [Test worker] DEBUG c.g.d.z.s.o.a.h.client5.http.headers - http-outgoing-4 << Date: Wed, 24 Jul 2024 02:30:02 GMT
2024-07-24 14:30:02.769 [Test worker] DEBUG c.g.d.z.s.o.a.h.client5.http.headers - http-outgoing-4 << Docker-Experimental: false
2024-07-24 14:30:02.769 [Test worker] DEBUG c.g.d.z.s.o.a.h.client5.http.headers - http-outgoing-4 << Ostype: linux
2024-07-24 14:30:02.769 [Test worker] DEBUG c.g.d.z.s.o.a.h.client5.http.headers - http-outgoing-4 << Server: Docker/26.0.0 (linux)
2024-07-24 14:30:02.769 [Test worker] DEBUG c.g.d.z.s.o.a.h.client5.http.headers - http-outgoing-4 << Transfer-Encoding: chunked
2024-07-24 14:30:02.769 [Test worker] DEBUG c.g.d.z.s.o.a.h.c.h.i.c.MainClientExec - ex-00000026: connection can be kept alive for 3 MINUTES
2024-07-24 14:30:02.771 [Test worker] DEBUG c.g.d.z.s.o.a.hc.client5.http.wire - http-outgoing-4 << "1a3c[\r][\n]"
2024-07-24 14:30:02.771 [Test worker] DEBUG c.g.d.z.s.o.a.hc.client5.http.wire - http-outgoing-4 << "{"Id":"3fe330d29fde647769d434393d0e5c3ab11791a8feea1b27914dafe0c67d7462","Created":"2024-07-24T02:29:59.872884989Z","Path":"docker-entrypoint.sh","Args":["postgres","-c","fsync=off"],"State":{"Status":"running","Running":true,"Paused":false,"Restarting":false,"OOMKilled":false,"Dead":false,"Pid":28112,"ExitCode":0,"Error":"","StartedAt":"2024-07-24T02:30:00.467501884Z","FinishedAt":"0001-01-01T00:00:00Z"},"Image":"sha256:8e4fc9e184899a58735e7ee333f5e272d7d2298cf59302006b71f33e217be130","ResolvConfPath":"/var/lib/docker/containers/3fe330d29fde647769d434393d0e5c3ab11791a8feea1b27914dafe0c67d7462/resolv.conf","HostnamePath":"/var/lib/docker/containers/3fe330d29fde647769d434393d0e5c3ab11791a8feea1b27914dafe0c67d7462/hostname","HostsPath":"/var/lib/docker/containers/3fe330d29fde647769d434393d0e5c3ab11791a8feea1b27914dafe0c67d7462/hosts","LogPath":"/var/lib/docker/containers/3fe330d29fde647769d434393d0e5c3ab11791a8feea1b27914dafe0c67d7462/3fe330d29fde647769d434393d0e5c3ab11791a8feea1b27914dafe0c67d7462-json.log","Name":"/reverent_cartwright","RestartCount":0,"Driver":"overlay2","Platform":"linux","MountLabel":"","ProcessLabel":"","AppArmorProfile":"","ExecIDs":null,"HostConfig":{"Binds":[],"ContainerIDFile":"","LogConfig":{"Type":"json-file","Config":{}},"NetworkMode":"default","PortBindings":{"5432/tcp":[{"HostIp":"0.0.0.0","HostPort":"0"}]},"RestartPolicy":{"Name":"no","MaximumRetryCount":0},"AutoRemove":false,"VolumeDriver":"","VolumesFrom":[],"ConsoleSize":[0,0],"CapAdd":null,"CapDrop":null,"CgroupnsMode":"host","Dns":null,"DnsOptions":null,"DnsSearch":null,"ExtraHosts":[],"GroupAdd":null,"IpcMode":"shareable","Cgroup":"","Links":null,"OomScoreAdj":0,"PidMode":"","Privileged":false,"PublishAllPorts":false,"ReadonlyRootfs":false,"SecurityOpt":null,"UTSMode":"","UsernsMode":"","ShmSize":67108864,"Runtime":"runc","Isolation":"","CpuShares":0,"Memory":0,"NanoCpus":0,"CgroupParent":"","BlkioWeight":0,"BlkioWeightDevice":null,"BlkioDeviceReadBps":null,"BlkioDeviceWriteBps":null,"BlkioDeviceReadIOps":null,"BlkioDeviceWriteIOps":null,"CpuPeriod":0,"CpuQuota":0,"CpuRealtimePeriod":0,"CpuRealtimeRuntime":0,"CpusetCpus":"","CpusetMems":"","Devices":null,"DeviceCgroupRules":null,"DeviceRequests":null,"MemoryReservation":0,"MemorySwap":0,"MemorySwappiness":null,"OomKillDisable":false,"PidsLimit":null,"Ulimits":null,"CpuCount":0,"CpuPercent":0,"IOMaximumIOps":0,"IOMaximumBandwidth":0,"MaskedPaths":["/proc/asound","/proc/acpi","/proc/kcore","/proc/keys","/proc/latency_stats","/proc/timer_list","/proc/timer_stats","/proc/sched_debug","/proc/scsi","/sys/firmware","/sys/devices/virtual/powercap"],"ReadonlyPaths":["/proc/bus","/proc/fs","/proc/irq","/proc/sys","/proc/sysrq-trigger"]},"GraphDriver":{"Data":{"LowerDir":"/var/lib/docker/overlay2/79ba473cd51a3adb859bda5d1d4240c6b7945ebbaac9f3faf0bd1905faf9d86a-init/diff:/var/lib/docker/overlay2/8f0ddbd386af0785c2e348570516955816ab350305d698d363962d488eeb15ec/diff:/var/lib/docker/overlay2/0eb0ca73e9b0be7c3d7fa8762ef4778a68f38391bc84c037c2e90b88e781b475/diff:/var/lib/docker/overlay2/74e634bddc785c5d436b10a5158cd82e21dc2065fd1cf8ff9c1c12e01575a2d8/diff:/var/lib/docker/overlay2/bb918b2851cd2f508f1e3fdbfff8b7f8b041d61e65fe8c368288bf399e80b818/diff:/var/lib/docker/overlay2/2abab2946cbdc2941ee8ec4024c51dac7313dee9de5fbedd1ca33388c59eb3c8/diff:/var/lib/docker/overlay2/e12f6083ee669bd92743ceb339a896bb25dbe461b718705bb39eb410b80c0ecd/diff:/var/lib/docker/overlay2/ced1e86d670d097da5ed4da7288c22507735918959161c2cd8bf083fb30d169a/diff:/var/lib/docker/overlay2/94e9ac7b74923285ae73af20aeccb964ca9079e2305db367cb85d1603560472d/diff:/var/lib/docker/overlay2/a396b6dfd63f0c228c519871183c614cccf4d366a43460f27ecf97113c3c4be8/diff:/var/lib/docker/overlay2/f58ada5d5080c2bac553c734f81127660a90581a35ed2a92cebe3c59e340875b/diff:/var/lib/docker/overlay2/84f85636f37bf55d945e217b4f87a856eba7932284beaf042561007b66f48977/diff:/var/lib/docker/overlay2/1e6e519613884e91a2b74a588ba35dc8a2f789371ab798ef6e7d9836d756042f/diff:/var/lib/docker/overlay2/14a3151cc8b4f9d27d2e64f1a8abc0c7809309580f2d7e8dc8545055c1d56194/diff:/var/lib"
2024-07-24 14:30:02.772 [Test worker] DEBUG c.g.d.z.s.o.a.hc.client5.http.wire - http-outgoing-4 << "/docker/overlay2/5b354b9e793401517fe2f1da697653fdaadffc54888eaf76d67e0600b8c68bdc/diff","MergedDir":"/var/lib/docker/overlay2/79ba473cd51a3adb859bda5d1d4240c6b7945ebbaac9f3faf0bd1905faf9d86a/merged","UpperDir":"/var/lib/docker/overlay2/79ba473cd51a3adb859bda5d1d4240c6b7945ebbaac9f3faf0bd1905faf9d86a/diff","WorkDir":"/var/lib/docker/overlay2/79ba473cd51a3adb859bda5d1d4240c6b7945ebbaac9f3faf0bd1905faf9d86a/work"},"Name":"overlay2"},"Mounts":[{"Type":"volume","Name":"e79c69aa397d5e2747f3bba977b3103a0ab5e19d008c9a2fae0edfc6e97ef257","Source":"/var/lib/docker/volumes/e79c69aa397d5e2747f3bba977b3103a0ab5e19d008c9a2fae0edfc6e97ef257/_data","Destination":"/var/lib/postgresql/data","Driver":"local","Mode":"","RW":true,"Propagation":""}],"Config":{"Hostname":"3fe330d29fde","Domainname":"","User":"","AttachStdin":false,"AttachStdout":false,"AttachStderr":false,"ExposedPorts":{"5432/tcp":{}},"Tty":false,"OpenStdin":false,"StdinOnce":false,"Env":["POSTGRES_USER=user","POSTGRES_PASSWORD=password","POSTGRES_DB=db","PATH=/usr/local/sbin:/usr/local/bin:/usr/sbin:/usr/bin:/sbin:/bin:/usr/lib/postgresql/16/bin","GOSU_VERSION=1.17","LANG=en_US.utf8","PG_MAJOR=16","PG_VERSION=16.2-1.pgdg120+2","PGDATA=/var/lib/postgresql/data"],"Cmd":["postgres","-c","fsync=off"],"Image":"postgres:latest","Volumes":{"/var/lib/postgresql/data":{}},"WorkingDir":"","Entrypoint":["docker-entrypoint.sh"],"OnBuild":null,"Labels":{"org.testcontainers":"true","org.testcontainers.lang":"java","org.testcontainers.sessionId":"280e6229-7396-4d60-b1e3-a5de48b5d49b","org.testcontainers.version":"1.19.8"},"StopSignal":"SIGINT"},"NetworkSettings":{"Bridge":"","SandboxID":"8548c47d7a0d59421039599c34e63f1ee70c676c976d7eb21b1d55d4c6b1f806","SandboxKey":"/var/run/docker/netns/8548c47d7a0d","Ports":{"5432/tcp":[{"HostIp":"0.0.0.0","HostPort":"51505"}]},"HairpinMode":false,"LinkLocalIPv6Address":"","LinkLocalIPv6PrefixLen":0,"SecondaryIPAddresses":null,"SecondaryIPv6Addresses":null,"EndpointID":"d9567a75f377c1b351e54f0684dd26feac9b20dc6a0f8acb9bdf2c05bbc71c09","Gateway":"172.17.0.1","GlobalIPv6Address":"","GlobalIPv6PrefixLen":0,"IPAddress":"172.17.0.3","IPPrefixLen":16,"IPv6Gateway":"","MacAddress":"02:42:ac:11:00:03","Networks":{"bridge":{"IPAMConfig":null,"Links":null,"Aliases":null,"MacAddress":"02:42:ac:11:00:03","NetworkID":"3c842496be344cbdae878c1dee0957e7bc7c0a2236009c92752030f2b053e72f","EndpointID":"d9567a75f377c1b351e54f0684dd26feac9b20dc6a0f8acb9bdf2c05bbc71c09","Gateway":"172.17.0.1","IPAddress":"172.17.0.3","IPPrefixLen":16,"IPv6Gateway":"","GlobalIPv6Address":"","GlobalIPv6PrefixLen":0,"DriverOpts":null,"DNSNames":null}}}}[\n]"
2024-07-24 14:30:02.773 [Test worker] DEBUG c.g.d.z.s.o.a.hc.client5.http.wire - http-outgoing-4 << "[\r][\n]"
2024-07-24 14:30:02.773 [Test worker] DEBUG c.g.d.z.s.o.a.hc.client5.http.wire - http-outgoing-4 << "0[\r][\n]"
2024-07-24 14:30:02.773 [Test worker] DEBUG c.g.d.z.s.o.a.hc.client5.http.wire - http-outgoing-4 << "[\r][\n]"
2024-07-24 14:30:02.773 [Test worker] DEBUG c.g.d.z.s.o.a.h.c.h.i.c.InternalHttpClient - ep-00000025: releasing valid endpoint
2024-07-24 14:30:02.773 [Test worker] DEBUG c.g.d.z.s.o.a.h.c.h.i.i.PoolingHttpClientConnectionManager - ep-00000025: releasing endpoint
2024-07-24 14:30:02.774 [Test worker] DEBUG c.g.d.z.s.o.a.h.c.h.i.i.PoolingHttpClientConnectionManager - ep-00000025: connection http-outgoing-4 can be kept alive for 3 MINUTES
2024-07-24 14:30:02.774 [Test worker] DEBUG c.g.d.z.s.o.a.h.c.h.i.i.PoolingHttpClientConnectionManager - ep-00000025: connection released [route: {}->npipe://localhost:2375][total available: 1; route allocated: 1 of 2147483647; total allocated: 1 of 2147483647]
2024-07-24 14:30:02.774 [Test worker] DEBUG tc.postgres:latest - Trying to create JDBC connection using org.postgresql.Driver to jdbc:postgresql://localhost:51505/db?loggerLevel=OFF with properties: {password=password, user=user}
2024-07-24 14:30:02.810 [Test worker] DEBUG o.t.jdbc.JdbcDatabaseDelegate - false returned as updateCount for SQL: drop table if exists WorkedOn
2024-07-24 14:30:02.815 [Test worker] DEBUG o.t.jdbc.JdbcDatabaseDelegate - false returned as updateCount for SQL: drop table if exists SequenceLine
2024-07-24 14:30:02.833 [Test worker] DEBUG o.t.jdbc.JdbcDatabaseDelegate - false returned as updateCount for SQL: drop table if exists WorkOrder
2024-07-24 14:30:02.839 [Test worker] DEBUG o.t.jdbc.JdbcDatabaseDelegate - false returned as updateCount for SQL: drop table if exists SequenceHeader
2024-07-24 14:30:02.853 [Test worker] DEBUG o.t.jdbc.JdbcDatabaseDelegate - false returned as updateCount for SQL: drop table if exists SaleOrderLine
2024-07-24 14:30:02.855 [Test worker] DEBUG o.t.jdbc.JdbcDatabaseDelegate - false returned as updateCount for SQL: drop table if exists SaleOrderHeader
2024-07-24 14:30:02.857 [Test worker] DEBUG o.t.jdbc.JdbcDatabaseDelegate - false returned as updateCount for SQL: drop table if exists Staff
2024-07-24 14:30:02.858 [Test worker] DEBUG o.t.jdbc.JdbcDatabaseDelegate - false returned as updateCount for SQL: drop table if exists WorkStation
2024-07-24 14:30:02.860 [Test worker] DEBUG o.t.jdbc.JdbcDatabaseDelegate - false returned as updateCount for SQL: drop table if exists Part
2024-07-24 14:30:02.861 [Test worker] DEBUG o.t.jdbc.JdbcDatabaseDelegate - false returned as updateCount for SQL: drop table if exists Customer
2024-07-24 14:30:02.870 [Test worker] DEBUG o.t.jdbc.JdbcDatabaseDelegate - false returned as updateCount for SQL: create table Customer ( customerId VarChar(8) PRIMARY Key, name VarChar(100) not null, address VarChar(500) not null )
2024-07-24 14:30:02.875 [Test worker] DEBUG o.t.jdbc.JdbcDatabaseDelegate - false returned as updateCount for SQL: create table Part ( partId VarChar(6) PRIMARY KEY, inventory Int not null, name VarChar(100) not null )
2024-07-24 14:30:02.880 [Test worker] DEBUG o.t.jdbc.JdbcDatabaseDelegate - false returned as updateCount for SQL: create table WorkStation ( name VarChar(50) PRIMARY KEY )
2024-07-24 14:30:02.886 [Test worker] DEBUG o.t.jdbc.JdbcDatabaseDelegate - false returned as updateCount for SQL: create table Staff ( staffID VarChar(6) PRIMARY KEY, name VarChar(100) not null )
2024-07-24 14:30:02.893 [Test worker] DEBUG o.t.jdbc.JdbcDatabaseDelegate - false returned as updateCount for SQL: create table SaleOrderHeader ( soHeaderId VarChar(6) PRIMARY key , customerId VarChar(8) not null references Customer (customerId) )
2024-07-24 14:30:02.899 [Test worker] DEBUG o.t.jdbc.JdbcDatabaseDelegate - false returned as updateCount for SQL: create table SaleOrderLine ( soLineId VarChar(6), soHeaderId VarChar(6) references SaleOrderHeader (soHeaderID), dateDue Date not null, partID VarChar(6) not null references Part(partId), PRIMARY KEY (soLineId,soHeaderId) )
2024-07-24 14:30:02.908 [Test worker] DEBUG o.t.jdbc.JdbcDatabaseDelegate - false returned as updateCount for SQL: create table SequenceHeader ( seqHeaderId VarChar(6) PRIMARY KEY, partId VarChar(6) not null references Part(partId) )
2024-07-24 14:30:02.918 [Test worker] DEBUG o.t.jdbc.JdbcDatabaseDelegate - false returned as updateCount for SQL: create table WorkOrder ( workOrderId VarChar(8) PRIMARY KEY, seqHeaderId VarChar(6) not null REFERENCES SequenceHeader (seqHeaderId), soLineId VarChar(6) not null, soHeaderId VarChar(6) not null, quanity Int not null, FOREIGN KEY (soLineId,soHeaderId) REFERENCES SaleOrderLine (soLineId,soHeaderId) )
2024-07-24 14:30:02.925 [Test worker] DEBUG o.t.jdbc.JdbcDatabaseDelegate - false returned as updateCount for SQL: create table SequenceLine ( seqLineId VarChar(10), seqHeaderId VarChar(6) references SequenceHeader (seqHeaderId), workStation VarChar(50) not null references WorkStation(name), PRIMARY KEY(seqLineId,seqHeaderId) )
2024-07-24 14:30:02.931 [Test worker] DEBUG o.t.jdbc.JdbcDatabaseDelegate - false returned as updateCount for SQL: create table WorkedOn ( staffId VarChar(8) references Staff (staffId), seqHeaderId VarChar(6), seqLineId VarChar(10), workOrderId VarChar(50) references WorkOrder(workOrderId), PRIMARY key (staffId,seqHeaderId,seqLineId,workOrderId), FOREIGN KEY (seqHeaderId,seqLineId) REFERENCES SequenceLine (seqHeaderId,seqLineId) )
2024-07-24 14:30:02.932 [Test worker] INFO  org.testcontainers.ext.ScriptUtils - Executed database script from sql/init.sql in 171 ms.
2024-07-24 14:30:02.998 [Test worker] DEBUG o.t.s.c.g.d.c.command.AbstrDockerCmd - Cmd: 3fe330d29fde647769d434393d0e5c3ab11791a8feea1b27914dafe0c67d7462,false
2024-07-24 14:30:02.999 [Test worker] DEBUG o.t.s.c.g.d.c.e.InspectContainerCmdExec - GET: DefaultWebTarget{path=[/containers/3fe330d29fde647769d434393d0e5c3ab11791a8feea1b27914dafe0c67d7462/json], queryParams={}}
2024-07-24 14:30:03.000 [Test worker] DEBUG c.g.d.z.s.o.a.h.c.h.i.c.InternalHttpClient - ex-00000027: preparing request execution
2024-07-24 14:30:03.001 [Test worker] DEBUG c.g.d.z.s.o.a.h.c.h.p.RequestAddCookies - Cookie spec selected: strict
2024-07-24 14:30:03.001 [Test worker] DEBUG c.g.d.z.s.o.a.h.c.h.p.RequestAuthCache - Auth cache not set in the context
2024-07-24 14:30:03.001 [Test worker] DEBUG c.g.d.z.s.o.a.h.c.h.i.c.ProtocolExec - ex-00000027: target auth state: UNCHALLENGED
2024-07-24 14:30:03.001 [Test worker] DEBUG c.g.d.z.s.o.a.h.c.h.i.c.ProtocolExec - ex-00000027: proxy auth state: UNCHALLENGED
2024-07-24 14:30:03.001 [Test worker] DEBUG c.g.d.z.s.o.a.h.c.h.i.c.ConnectExec - ex-00000027: acquiring connection with route {}->npipe://localhost:2375
2024-07-24 14:30:03.001 [Test worker] DEBUG c.g.d.z.s.o.a.h.c.h.i.c.InternalHttpClient - ex-00000027: acquiring endpoint (3 MINUTES)
2024-07-24 14:30:03.001 [Test worker] DEBUG c.g.d.z.s.o.a.h.c.h.i.i.PoolingHttpClientConnectionManager - ex-00000027: endpoint lease request (3 MINUTES) [route: {}->npipe://localhost:2375][total available: 1; route allocated: 1 of 2147483647; total allocated: 1 of 2147483647]
2024-07-24 14:30:03.002 [Test worker] DEBUG c.g.d.z.s.o.a.h.c.h.i.i.PoolingHttpClientConnectionManager - ex-00000027: endpoint leased [route: {}->npipe://localhost:2375][total available: 0; route allocated: 1 of 2147483647; total allocated: 1 of 2147483647]
2024-07-24 14:30:03.002 [Test worker] DEBUG c.g.d.z.s.o.a.h.c.h.i.i.PoolingHttpClientConnectionManager - ex-00000027: acquired ep-00000026
2024-07-24 14:30:03.002 [Test worker] DEBUG c.g.d.z.s.o.a.h.c.h.i.c.InternalHttpClient - ex-00000027: acquired endpoint ep-00000026
2024-07-24 14:30:03.002 [Test worker] DEBUG c.g.d.z.s.o.a.h.c.h.i.c.MainClientExec - ex-00000027: executing GET /v1.32/containers/3fe330d29fde647769d434393d0e5c3ab11791a8feea1b27914dafe0c67d7462/json HTTP/1.1
2024-07-24 14:30:03.002 [Test worker] DEBUG c.g.d.z.s.o.a.h.c.h.i.c.InternalHttpClient - ep-00000026: start execution ex-00000027
2024-07-24 14:30:03.002 [Test worker] DEBUG c.g.d.z.s.o.a.h.c.h.i.i.PoolingHttpClientConnectionManager - ep-00000026: executing exchange ex-00000027 over http-outgoing-4
2024-07-24 14:30:03.002 [Test worker] DEBUG c.g.d.z.s.o.a.h.client5.http.headers - http-outgoing-4 >> GET /v1.32/containers/3fe330d29fde647769d434393d0e5c3ab11791a8feea1b27914dafe0c67d7462/json HTTP/1.1
2024-07-24 14:30:03.002 [Test worker] DEBUG c.g.d.z.s.o.a.h.client5.http.headers - http-outgoing-4 >> accept: application/json
2024-07-24 14:30:03.002 [Test worker] DEBUG c.g.d.z.s.o.a.h.client5.http.headers - http-outgoing-4 >> x-tc-sid: 280e6229-7396-4d60-b1e3-a5de48b5d49b
2024-07-24 14:30:03.002 [Test worker] DEBUG c.g.d.z.s.o.a.h.client5.http.headers - http-outgoing-4 >> User-Agent: tc-java/1.19.8
2024-07-24 14:30:03.002 [Test worker] DEBUG c.g.d.z.s.o.a.h.client5.http.headers - http-outgoing-4 >> Accept-Encoding: gzip, x-gzip, deflate
2024-07-24 14:30:03.002 [Test worker] DEBUG c.g.d.z.s.o.a.h.client5.http.headers - http-outgoing-4 >> Host: localhost:2375
2024-07-24 14:30:03.002 [Test worker] DEBUG c.g.d.z.s.o.a.h.client5.http.headers - http-outgoing-4 >> Connection: keep-alive
2024-07-24 14:30:03.002 [Test worker] DEBUG c.g.d.z.s.o.a.hc.client5.http.wire - http-outgoing-4 >> "GET /v1.32/containers/3fe330d29fde647769d434393d0e5c3ab11791a8feea1b27914dafe0c67d7462/json HTTP/1.1[\r][\n]"
2024-07-24 14:30:03.002 [Test worker] DEBUG c.g.d.z.s.o.a.hc.client5.http.wire - http-outgoing-4 >> "accept: application/json[\r][\n]"
2024-07-24 14:30:03.003 [Test worker] DEBUG c.g.d.z.s.o.a.hc.client5.http.wire - http-outgoing-4 >> "x-tc-sid: 280e6229-7396-4d60-b1e3-a5de48b5d49b[\r][\n]"
2024-07-24 14:30:03.003 [Test worker] DEBUG c.g.d.z.s.o.a.hc.client5.http.wire - http-outgoing-4 >> "User-Agent: tc-java/1.19.8[\r][\n]"
2024-07-24 14:30:03.003 [Test worker] DEBUG c.g.d.z.s.o.a.hc.client5.http.wire - http-outgoing-4 >> "Accept-Encoding: gzip, x-gzip, deflate[\r][\n]"
2024-07-24 14:30:03.003 [Test worker] DEBUG c.g.d.z.s.o.a.hc.client5.http.wire - http-outgoing-4 >> "Host: localhost:2375[\r][\n]"
2024-07-24 14:30:03.003 [Test worker] DEBUG c.g.d.z.s.o.a.hc.client5.http.wire - http-outgoing-4 >> "Connection: keep-alive[\r][\n]"
2024-07-24 14:30:03.003 [Test worker] DEBUG c.g.d.z.s.o.a.hc.client5.http.wire - http-outgoing-4 >> "[\r][\n]"
2024-07-24 14:30:03.011 [Test worker] DEBUG c.g.d.z.s.o.a.hc.client5.http.wire - http-outgoing-4 << "HTTP/1.1 200 OK[\r][\n]"
2024-07-24 14:30:03.011 [Test worker] DEBUG c.g.d.z.s.o.a.hc.client5.http.wire - http-outgoing-4 << "Api-Version: 1.45[\r][\n]"
2024-07-24 14:30:03.011 [Test worker] DEBUG c.g.d.z.s.o.a.hc.client5.http.wire - http-outgoing-4 << "Content-Type: application/json[\r][\n]"
2024-07-24 14:30:03.011 [Test worker] DEBUG c.g.d.z.s.o.a.hc.client5.http.wire - http-outgoing-4 << "Date: Wed, 24 Jul 2024 02:30:03 GMT[\r][\n]"
2024-07-24 14:30:03.011 [Test worker] DEBUG c.g.d.z.s.o.a.hc.client5.http.wire - http-outgoing-4 << "Docker-Experimental: false[\r][\n]"
2024-07-24 14:30:03.011 [Test worker] DEBUG c.g.d.z.s.o.a.hc.client5.http.wire - http-outgoing-4 << "Ostype: linux[\r][\n]"
2024-07-24 14:30:03.011 [Test worker] DEBUG c.g.d.z.s.o.a.hc.client5.http.wire - http-outgoing-4 << "Server: Docker/26.0.0 (linux)[\r][\n]"
2024-07-24 14:30:03.011 [Test worker] DEBUG c.g.d.z.s.o.a.hc.client5.http.wire - http-outgoing-4 << "Transfer-Encoding: chunked[\r][\n]"
2024-07-24 14:30:03.011 [Test worker] DEBUG c.g.d.z.s.o.a.hc.client5.http.wire - http-outgoing-4 << "[\r][\n]"
2024-07-24 14:30:03.011 [Test worker] DEBUG c.g.d.z.s.o.a.h.client5.http.headers - http-outgoing-4 << HTTP/1.1 200 OK
2024-07-24 14:30:03.011 [Test worker] DEBUG c.g.d.z.s.o.a.h.client5.http.headers - http-outgoing-4 << Api-Version: 1.45
2024-07-24 14:30:03.011 [Test worker] DEBUG c.g.d.z.s.o.a.h.client5.http.headers - http-outgoing-4 << Content-Type: application/json
2024-07-24 14:30:03.011 [Test worker] DEBUG c.g.d.z.s.o.a.h.client5.http.headers - http-outgoing-4 << Date: Wed, 24 Jul 2024 02:30:03 GMT
2024-07-24 14:30:03.011 [Test worker] DEBUG c.g.d.z.s.o.a.h.client5.http.headers - http-outgoing-4 << Docker-Experimental: false
2024-07-24 14:30:03.011 [Test worker] DEBUG c.g.d.z.s.o.a.h.client5.http.headers - http-outgoing-4 << Ostype: linux
2024-07-24 14:30:03.011 [Test worker] DEBUG c.g.d.z.s.o.a.h.client5.http.headers - http-outgoing-4 << Server: Docker/26.0.0 (linux)
2024-07-24 14:30:03.011 [Test worker] DEBUG c.g.d.z.s.o.a.h.client5.http.headers - http-outgoing-4 << Transfer-Encoding: chunked
2024-07-24 14:30:03.012 [Test worker] DEBUG c.g.d.z.s.o.a.h.c.h.i.c.MainClientExec - ex-00000027: connection can be kept alive for 3 MINUTES
2024-07-24 14:30:03.017 [Test worker] DEBUG c.g.d.z.s.o.a.hc.client5.http.wire - http-outgoing-4 << "1a3c[\r][\n]"
2024-07-24 14:30:03.018 [Test worker] DEBUG c.g.d.z.s.o.a.hc.client5.http.wire - http-outgoing-4 << "{"Id":"3fe330d29fde647769d434393d0e5c3ab11791a8feea1b27914dafe0c67d7462","Created":"2024-07-24T02:29:59.872884989Z","Path":"docker-entrypoint.sh","Args":["postgres","-c","fsync=off"],"State":{"Status":"running","Running":true,"Paused":false,"Restarting":false,"OOMKilled":false,"Dead":false,"Pid":28112,"ExitCode":0,"Error":"","StartedAt":"2024-07-24T02:30:00.467501884Z","FinishedAt":"0001-01-01T00:00:00Z"},"Image":"sha256:8e4fc9e184899a58735e7ee333f5e272d7d2298cf59302006b71f33e217be130","ResolvConfPath":"/var/lib/docker/containers/3fe330d29fde647769d434393d0e5c3ab11791a8feea1b27914dafe0c67d7462/resolv.conf","HostnamePath":"/var/lib/docker/containers/3fe330d29fde647769d434393d0e5c3ab11791a8feea1b27914dafe0c67d7462/hostname","HostsPath":"/var/lib/docker/containers/3fe330d29fde647769d434393d0e5c3ab11791a8feea1b27914dafe0c67d7462/hosts","LogPath":"/var/lib/docker/containers/3fe330d29fde647769d434393d0e5c3ab11791a8feea1b27914dafe0c67d7462/3fe330d29fde647769d434393d0e5c3ab11791a8feea1b27914dafe0c67d7462-json.log","Name":"/reverent_cartwright","RestartCount":0,"Driver":"overlay2","Platform":"linux","MountLabel":"","ProcessLabel":"","AppArmorProfile":"","ExecIDs":null,"HostConfig":{"Binds":[],"ContainerIDFile":"","LogConfig":{"Type":"json-file","Config":{}},"NetworkMode":"default","PortBindings":{"5432/tcp":[{"HostIp":"0.0.0.0","HostPort":"0"}]},"RestartPolicy":{"Name":"no","MaximumRetryCount":0},"AutoRemove":false,"VolumeDriver":"","VolumesFrom":[],"ConsoleSize":[0,0],"CapAdd":null,"CapDrop":null,"CgroupnsMode":"host","Dns":null,"DnsOptions":null,"DnsSearch":null,"ExtraHosts":[],"GroupAdd":null,"IpcMode":"shareable","Cgroup":"","Links":null,"OomScoreAdj":0,"PidMode":"","Privileged":false,"PublishAllPorts":false,"ReadonlyRootfs":false,"SecurityOpt":null,"UTSMode":"","UsernsMode":"","ShmSize":67108864,"Runtime":"runc","Isolation":"","CpuShares":0,"Memory":0,"NanoCpus":0,"CgroupParent":"","BlkioWeight":0,"BlkioWeightDevice":null,"BlkioDeviceReadBps":null,"BlkioDeviceWriteBps":null,"BlkioDeviceReadIOps":null,"BlkioDeviceWriteIOps":null,"CpuPeriod":0,"CpuQuota":0,"CpuRealtimePeriod":0,"CpuRealtimeRuntime":0,"CpusetCpus":"","CpusetMems":"","Devices":null,"DeviceCgroupRules":null,"DeviceRequests":null,"MemoryReservation":0,"MemorySwap":0,"MemorySwappiness":null,"OomKillDisable":false,"PidsLimit":null,"Ulimits":null,"CpuCount":0,"CpuPercent":0,"IOMaximumIOps":0,"IOMaximumBandwidth":0,"MaskedPaths":["/proc/asound","/proc/acpi","/proc/kcore","/proc/keys","/proc/latency_stats","/proc/timer_list","/proc/timer_stats","/proc/sched_debug","/proc/scsi","/sys/firmware","/sys/devices/virtual/powercap"],"ReadonlyPaths":["/proc/bus","/proc/fs","/proc/irq","/proc/sys","/proc/sysrq-trigger"]},"GraphDriver":{"Data":{"LowerDir":"/var/lib/docker/overlay2/79ba473cd51a3adb859bda5d1d4240c6b7945ebbaac9f3faf0bd1905faf9d86a-init/diff:/var/lib/docker/overlay2/8f0ddbd386af0785c2e348570516955816ab350305d698d363962d488eeb15ec/diff:/var/lib/docker/overlay2/0eb0ca73e9b0be7c3d7fa8762ef4778a68f38391bc84c037c2e90b88e781b475/diff:/var/lib/docker/overlay2/74e634bddc785c5d436b10a5158cd82e21dc2065fd1cf8ff9c1c12e01575a2d8/diff:/var/lib/docker/overlay2/bb918b2851cd2f508f1e3fdbfff8b7f8b041d61e65fe8c368288bf399e80b818/diff:/var/lib/docker/overlay2/2abab2946cbdc2941ee8ec4024c51dac7313dee9de5fbedd1ca33388c59eb3c8/diff:/var/lib/docker/overlay2/e12f6083ee669bd92743ceb339a896bb25dbe461b718705bb39eb410b80c0ecd/diff:/var/lib/docker/overlay2/ced1e86d670d097da5ed4da7288c22507735918959161c2cd8bf083fb30d169a/diff:/var/lib/docker/overlay2/94e9ac7b74923285ae73af20aeccb964ca9079e2305db367cb85d1603560472d/diff:/var/lib/docker/overlay2/a396b6dfd63f0c228c519871183c614cccf4d366a43460f27ecf97113c3c4be8/diff:/var/lib/docker/overlay2/f58ada5d5080c2bac553c734f81127660a90581a35ed2a92cebe3c59e340875b/diff:/var/lib/docker/overlay2/84f85636f37bf55d945e217b4f87a856eba7932284beaf042561007b66f48977/diff:/var/lib/docker/overlay2/1e6e519613884e91a2b74a588ba35dc8a2f789371ab798ef6e7d9836d756042f/diff:/var/lib/docker/overlay2/14a3151cc8b4f9d27d2e64f1a8abc0c7809309580f2d7e8dc8545055c1d56194/diff:/var/lib"
2024-07-24 14:30:03.018 [Test worker] DEBUG c.g.d.z.s.o.a.hc.client5.http.wire - http-outgoing-4 << "/docker/overlay2/5b354b9e793401517fe2f1da697653fdaadffc54888eaf76d67e0600b8c68bdc/diff","MergedDir":"/var/lib/docker/overlay2/79ba473cd51a3adb859bda5d1d4240c6b7945ebbaac9f3faf0bd1905faf9d86a/merged","UpperDir":"/var/lib/docker/overlay2/79ba473cd51a3adb859bda5d1d4240c6b7945ebbaac9f3faf0bd1905faf9d86a/diff","WorkDir":"/var/lib/docker/overlay2/79ba473cd51a3adb859bda5d1d4240c6b7945ebbaac9f3faf0bd1905faf9d86a/work"},"Name":"overlay2"},"Mounts":[{"Type":"volume","Name":"e79c69aa397d5e2747f3bba977b3103a0ab5e19d008c9a2fae0edfc6e97ef257","Source":"/var/lib/docker/volumes/e79c69aa397d5e2747f3bba977b3103a0ab5e19d008c9a2fae0edfc6e97ef257/_data","Destination":"/var/lib/postgresql/data","Driver":"local","Mode":"","RW":true,"Propagation":""}],"Config":{"Hostname":"3fe330d29fde","Domainname":"","User":"","AttachStdin":false,"AttachStdout":false,"AttachStderr":false,"ExposedPorts":{"5432/tcp":{}},"Tty":false,"OpenStdin":false,"StdinOnce":false,"Env":["POSTGRES_USER=user","POSTGRES_PASSWORD=password","POSTGRES_DB=db","PATH=/usr/local/sbin:/usr/local/bin:/usr/sbin:/usr/bin:/sbin:/bin:/usr/lib/postgresql/16/bin","GOSU_VERSION=1.17","LANG=en_US.utf8","PG_MAJOR=16","PG_VERSION=16.2-1.pgdg120+2","PGDATA=/var/lib/postgresql/data"],"Cmd":["postgres","-c","fsync=off"],"Image":"postgres:latest","Volumes":{"/var/lib/postgresql/data":{}},"WorkingDir":"","Entrypoint":["docker-entrypoint.sh"],"OnBuild":null,"Labels":{"org.testcontainers":"true","org.testcontainers.lang":"java","org.testcontainers.sessionId":"280e6229-7396-4d60-b1e3-a5de48b5d49b","org.testcontainers.version":"1.19.8"},"StopSignal":"SIGINT"},"NetworkSettings":{"Bridge":"","SandboxID":"8548c47d7a0d59421039599c34e63f1ee70c676c976d7eb21b1d55d4c6b1f806","SandboxKey":"/var/run/docker/netns/8548c47d7a0d","Ports":{"5432/tcp":[{"HostIp":"0.0.0.0","HostPort":"51505"}]},"HairpinMode":false,"LinkLocalIPv6Address":"","LinkLocalIPv6PrefixLen":0,"SecondaryIPAddresses":null,"SecondaryIPv6Addresses":null,"EndpointID":"d9567a75f377c1b351e54f0684dd26feac9b20dc6a0f8acb9bdf2c05bbc71c09","Gateway":"172.17.0.1","GlobalIPv6Address":"","GlobalIPv6PrefixLen":0,"IPAddress":"172.17.0.3","IPPrefixLen":16,"IPv6Gateway":"","MacAddress":"02:42:ac:11:00:03","Networks":{"bridge":{"IPAMConfig":null,"Links":null,"Aliases":null,"MacAddress":"02:42:ac:11:00:03","NetworkID":"3c842496be344cbdae878c1dee0957e7bc7c0a2236009c92752030f2b053e72f","EndpointID":"d9567a75f377c1b351e54f0684dd26feac9b20dc6a0f8acb9bdf2c05bbc71c09","Gateway":"172.17.0.1","IPAddress":"172.17.0.3","IPPrefixLen":16,"IPv6Gateway":"","GlobalIPv6Address":"","GlobalIPv6PrefixLen":0,"DriverOpts":null,"DNSNames":null}}}}[\n]"
2024-07-24 14:30:03.021 [Test worker] DEBUG c.g.d.z.s.o.a.hc.client5.http.wire - http-outgoing-4 << "[\r][\n]"
2024-07-24 14:30:03.021 [Test worker] DEBUG c.g.d.z.s.o.a.hc.client5.http.wire - http-outgoing-4 << "0[\r][\n]"
2024-07-24 14:30:03.021 [Test worker] DEBUG c.g.d.z.s.o.a.hc.client5.http.wire - http-outgoing-4 << "[\r][\n]"
2024-07-24 14:30:03.021 [Test worker] DEBUG c.g.d.z.s.o.a.h.c.h.i.c.InternalHttpClient - ep-00000026: releasing valid endpoint
2024-07-24 14:30:03.021 [Test worker] DEBUG c.g.d.z.s.o.a.h.c.h.i.i.PoolingHttpClientConnectionManager - ep-00000026: releasing endpoint
2024-07-24 14:30:03.021 [Test worker] DEBUG c.g.d.z.s.o.a.h.c.h.i.i.PoolingHttpClientConnectionManager - ep-00000026: connection http-outgoing-4 can be kept alive for 3 MINUTES
2024-07-24 14:30:03.022 [Test worker] DEBUG c.g.d.z.s.o.a.h.c.h.i.i.PoolingHttpClientConnectionManager - ep-00000026: connection released [route: {}->npipe://localhost:2375][total available: 1; route allocated: 1 of 2147483647; total allocated: 1 of 2147483647]
2024-07-24 14:30:03.022 [Test worker] TRACE o.t.utility.ResourceReaper - Stopping container: 3fe330d29fde647769d434393d0e5c3ab11791a8feea1b27914dafe0c67d7462
2024-07-24 14:30:03.022 [Test worker] DEBUG o.t.s.c.g.d.c.command.AbstrDockerCmd - Cmd: 3fe330d29fde647769d434393d0e5c3ab11791a8feea1b27914dafe0c67d7462,<null>
2024-07-24 14:30:03.023 [Test worker] TRACE o.t.s.c.g.d.c.e.KillContainerCmdExec - POST: DefaultWebTarget{path=[/containers/3fe330d29fde647769d434393d0e5c3ab11791a8feea1b27914dafe0c67d7462/kill], queryParams={}}
2024-07-24 14:30:03.023 [Test worker] DEBUG c.g.d.z.s.o.a.h.c.h.i.c.InternalHttpClient - ex-00000028: preparing request execution
2024-07-24 14:30:03.023 [Test worker] DEBUG c.g.d.z.s.o.a.h.c.h.p.RequestAddCookies - Cookie spec selected: strict
2024-07-24 14:30:03.023 [Test worker] DEBUG c.g.d.z.s.o.a.h.c.h.p.RequestAuthCache - Auth cache not set in the context
2024-07-24 14:30:03.023 [Test worker] DEBUG c.g.d.z.s.o.a.h.c.h.i.c.ProtocolExec - ex-00000028: target auth state: UNCHALLENGED
2024-07-24 14:30:03.023 [Test worker] DEBUG c.g.d.z.s.o.a.h.c.h.i.c.ProtocolExec - ex-00000028: proxy auth state: UNCHALLENGED
2024-07-24 14:30:03.023 [Test worker] DEBUG c.g.d.z.s.o.a.h.c.h.i.c.ConnectExec - ex-00000028: acquiring connection with route {}->npipe://localhost:2375
2024-07-24 14:30:03.023 [Test worker] DEBUG c.g.d.z.s.o.a.h.c.h.i.c.InternalHttpClient - ex-00000028: acquiring endpoint (3 MINUTES)
2024-07-24 14:30:03.023 [Test worker] DEBUG c.g.d.z.s.o.a.h.c.h.i.i.PoolingHttpClientConnectionManager - ex-00000028: endpoint lease request (3 MINUTES) [route: {}->npipe://localhost:2375][total available: 1; route allocated: 1 of 2147483647; total allocated: 1 of 2147483647]
2024-07-24 14:30:03.024 [Test worker] DEBUG c.g.d.z.s.o.a.h.c.h.i.i.PoolingHttpClientConnectionManager - ex-00000028: endpoint leased [route: {}->npipe://localhost:2375][total available: 0; route allocated: 1 of 2147483647; total allocated: 1 of 2147483647]
2024-07-24 14:30:03.024 [Test worker] DEBUG c.g.d.z.s.o.a.h.c.h.i.i.PoolingHttpClientConnectionManager - ex-00000028: acquired ep-00000027
2024-07-24 14:30:03.024 [Test worker] DEBUG c.g.d.z.s.o.a.h.c.h.i.c.InternalHttpClient - ex-00000028: acquired endpoint ep-00000027
2024-07-24 14:30:03.024 [Test worker] DEBUG c.g.d.z.s.o.a.h.c.h.i.c.MainClientExec - ex-00000028: executing POST /v1.32/containers/3fe330d29fde647769d434393d0e5c3ab11791a8feea1b27914dafe0c67d7462/kill HTTP/1.1
2024-07-24 14:30:03.024 [Test worker] DEBUG c.g.d.z.s.o.a.h.c.h.i.c.InternalHttpClient - ep-00000027: start execution ex-00000028
2024-07-24 14:30:03.024 [Test worker] DEBUG c.g.d.z.s.o.a.h.c.h.i.i.PoolingHttpClientConnectionManager - ep-00000027: executing exchange ex-00000028 over http-outgoing-4
2024-07-24 14:30:03.024 [Test worker] DEBUG c.g.d.z.s.o.a.h.client5.http.headers - http-outgoing-4 >> POST /v1.32/containers/3fe330d29fde647769d434393d0e5c3ab11791a8feea1b27914dafe0c67d7462/kill HTTP/1.1
2024-07-24 14:30:03.024 [Test worker] DEBUG c.g.d.z.s.o.a.h.client5.http.headers - http-outgoing-4 >> accept: application/json
2024-07-24 14:30:03.024 [Test worker] DEBUG c.g.d.z.s.o.a.h.client5.http.headers - http-outgoing-4 >> content-type: application/json
2024-07-24 14:30:03.024 [Test worker] DEBUG c.g.d.z.s.o.a.h.client5.http.headers - http-outgoing-4 >> x-tc-sid: 280e6229-7396-4d60-b1e3-a5de48b5d49b
2024-07-24 14:30:03.024 [Test worker] DEBUG c.g.d.z.s.o.a.h.client5.http.headers - http-outgoing-4 >> User-Agent: tc-java/1.19.8
2024-07-24 14:30:03.024 [Test worker] DEBUG c.g.d.z.s.o.a.h.client5.http.headers - http-outgoing-4 >> Accept-Encoding: gzip, x-gzip, deflate
2024-07-24 14:30:03.024 [Test worker] DEBUG c.g.d.z.s.o.a.h.client5.http.headers - http-outgoing-4 >> Host: localhost:2375
2024-07-24 14:30:03.024 [Test worker] DEBUG c.g.d.z.s.o.a.h.client5.http.headers - http-outgoing-4 >> Connection: keep-alive
2024-07-24 14:30:03.024 [Test worker] DEBUG c.g.d.z.s.o.a.hc.client5.http.wire - http-outgoing-4 >> "POST /v1.32/containers/3fe330d29fde647769d434393d0e5c3ab11791a8feea1b27914dafe0c67d7462/kill HTTP/1.1[\r][\n]"
2024-07-24 14:30:03.024 [Test worker] DEBUG c.g.d.z.s.o.a.hc.client5.http.wire - http-outgoing-4 >> "accept: application/json[\r][\n]"
2024-07-24 14:30:03.024 [Test worker] DEBUG c.g.d.z.s.o.a.hc.client5.http.wire - http-outgoing-4 >> "content-type: application/json[\r][\n]"
2024-07-24 14:30:03.024 [Test worker] DEBUG c.g.d.z.s.o.a.hc.client5.http.wire - http-outgoing-4 >> "x-tc-sid: 280e6229-7396-4d60-b1e3-a5de48b5d49b[\r][\n]"
2024-07-24 14:30:03.024 [Test worker] DEBUG c.g.d.z.s.o.a.hc.client5.http.wire - http-outgoing-4 >> "User-Agent: tc-java/1.19.8[\r][\n]"
2024-07-24 14:30:03.024 [Test worker] DEBUG c.g.d.z.s.o.a.hc.client5.http.wire - http-outgoing-4 >> "Accept-Encoding: gzip, x-gzip, deflate[\r][\n]"
2024-07-24 14:30:03.024 [Test worker] DEBUG c.g.d.z.s.o.a.hc.client5.http.wire - http-outgoing-4 >> "Host: localhost:2375[\r][\n]"
2024-07-24 14:30:03.024 [Test worker] DEBUG c.g.d.z.s.o.a.hc.client5.http.wire - http-outgoing-4 >> "Connection: keep-alive[\r][\n]"
2024-07-24 14:30:03.024 [Test worker] DEBUG c.g.d.z.s.o.a.hc.client5.http.wire - http-outgoing-4 >> "[\r][\n]"
2024-07-24 14:30:03.692 [Test worker] DEBUG c.g.d.z.s.o.a.hc.client5.http.wire - http-outgoing-4 << "HTTP/1.1 204 No Content[\r][\n]"
2024-07-24 14:30:03.692 [Test worker] DEBUG c.g.d.z.s.o.a.hc.client5.http.wire - http-outgoing-4 << "Api-Version: 1.45[\r][\n]"
2024-07-24 14:30:03.692 [Test worker] DEBUG c.g.d.z.s.o.a.hc.client5.http.wire - http-outgoing-4 << "Date: Wed, 24 Jul 2024 02:30:03 GMT[\r][\n]"
2024-07-24 14:30:03.692 [Test worker] DEBUG c.g.d.z.s.o.a.hc.client5.http.wire - http-outgoing-4 << "Docker-Experimental: false[\r][\n]"
2024-07-24 14:30:03.692 [Test worker] DEBUG c.g.d.z.s.o.a.hc.client5.http.wire - http-outgoing-4 << "Ostype: linux[\r][\n]"
2024-07-24 14:30:03.692 [Test worker] DEBUG c.g.d.z.s.o.a.hc.client5.http.wire - http-outgoing-4 << "Server: Docker/26.0.0 (linux)[\r][\n]"
2024-07-24 14:30:03.692 [Test worker] DEBUG c.g.d.z.s.o.a.hc.client5.http.wire - http-outgoing-4 << "[\r][\n]"
2024-07-24 14:30:03.692 [Test worker] DEBUG c.g.d.z.s.o.a.h.client5.http.headers - http-outgoing-4 << HTTP/1.1 204 No Content
2024-07-24 14:30:03.692 [Test worker] DEBUG c.g.d.z.s.o.a.h.client5.http.headers - http-outgoing-4 << Api-Version: 1.45
2024-07-24 14:30:03.692 [Test worker] DEBUG c.g.d.z.s.o.a.h.client5.http.headers - http-outgoing-4 << Date: Wed, 24 Jul 2024 02:30:03 GMT
2024-07-24 14:30:03.692 [Test worker] DEBUG c.g.d.z.s.o.a.h.client5.http.headers - http-outgoing-4 << Docker-Experimental: false
2024-07-24 14:30:03.692 [Test worker] DEBUG c.g.d.z.s.o.a.h.client5.http.headers - http-outgoing-4 << Ostype: linux
2024-07-24 14:30:03.692 [Test worker] DEBUG c.g.d.z.s.o.a.h.client5.http.headers - http-outgoing-4 << Server: Docker/26.0.0 (linux)
2024-07-24 14:30:03.692 [Test worker] DEBUG c.g.d.z.s.o.a.h.c.h.i.c.MainClientExec - ex-00000028: connection can be kept alive for 3 MINUTES
2024-07-24 14:30:03.692 [Test worker] DEBUG c.g.d.z.s.o.a.h.c.h.i.c.InternalHttpClient - ep-00000027: releasing valid endpoint
2024-07-24 14:30:03.692 [Test worker] DEBUG c.g.d.z.s.o.a.h.c.h.i.i.PoolingHttpClientConnectionManager - ep-00000027: releasing endpoint
2024-07-24 14:30:03.692 [Test worker] DEBUG c.g.d.z.s.o.a.h.c.h.i.i.PoolingHttpClientConnectionManager - ep-00000027: connection http-outgoing-4 can be kept alive for 3 MINUTES
2024-07-24 14:30:03.693 [Test worker] DEBUG c.g.d.z.s.o.a.h.c.h.i.i.PoolingHttpClientConnectionManager - ep-00000027: connection released [route: {}->npipe://localhost:2375][total available: 1; route allocated: 1 of 2147483647; total allocated: 1 of 2147483647]
2024-07-24 14:30:03.693 [Test worker] TRACE o.t.utility.ResourceReaper - Stopped container: postgres:latest
2024-07-24 14:30:03.693 [Test worker] DEBUG o.t.s.c.g.d.c.command.AbstrDockerCmd - Cmd: 3fe330d29fde647769d434393d0e5c3ab11791a8feea1b27914dafe0c67d7462,false
2024-07-24 14:30:03.693 [Test worker] DEBUG o.t.s.c.g.d.c.e.InspectContainerCmdExec - GET: DefaultWebTarget{path=[/containers/3fe330d29fde647769d434393d0e5c3ab11791a8feea1b27914dafe0c67d7462/json], queryParams={}}
2024-07-24 14:30:03.693 [Test worker] DEBUG c.g.d.z.s.o.a.h.c.h.i.c.InternalHttpClient - ex-00000029: preparing request execution
2024-07-24 14:30:03.693 [Test worker] DEBUG c.g.d.z.s.o.a.h.c.h.p.RequestAddCookies - Cookie spec selected: strict
2024-07-24 14:30:03.693 [Test worker] DEBUG c.g.d.z.s.o.a.h.c.h.p.RequestAuthCache - Auth cache not set in the context
2024-07-24 14:30:03.693 [Test worker] DEBUG c.g.d.z.s.o.a.h.c.h.i.c.ProtocolExec - ex-00000029: target auth state: UNCHALLENGED
2024-07-24 14:30:03.693 [Test worker] DEBUG c.g.d.z.s.o.a.h.c.h.i.c.ProtocolExec - ex-00000029: proxy auth state: UNCHALLENGED
2024-07-24 14:30:03.693 [Test worker] DEBUG c.g.d.z.s.o.a.h.c.h.i.c.ConnectExec - ex-00000029: acquiring connection with route {}->npipe://localhost:2375
2024-07-24 14:30:03.693 [Test worker] DEBUG c.g.d.z.s.o.a.h.c.h.i.c.InternalHttpClient - ex-00000029: acquiring endpoint (3 MINUTES)
2024-07-24 14:30:03.693 [Test worker] DEBUG c.g.d.z.s.o.a.h.c.h.i.i.PoolingHttpClientConnectionManager - ex-00000029: endpoint lease request (3 MINUTES) [route: {}->npipe://localhost:2375][total available: 1; route allocated: 1 of 2147483647; total allocated: 1 of 2147483647]
2024-07-24 14:30:03.694 [Test worker] DEBUG c.g.d.z.s.o.a.h.c.h.i.i.PoolingHttpClientConnectionManager - ex-00000029: endpoint leased [route: {}->npipe://localhost:2375][total available: 0; route allocated: 1 of 2147483647; total allocated: 1 of 2147483647]
2024-07-24 14:30:03.694 [Test worker] DEBUG c.g.d.z.s.o.a.h.c.h.i.i.PoolingHttpClientConnectionManager - ex-00000029: acquired ep-00000028
2024-07-24 14:30:03.694 [Test worker] DEBUG c.g.d.z.s.o.a.h.c.h.i.c.InternalHttpClient - ex-00000029: acquired endpoint ep-00000028
2024-07-24 14:30:03.694 [Test worker] DEBUG c.g.d.z.s.o.a.h.c.h.i.c.MainClientExec - ex-00000029: executing GET /v1.32/containers/3fe330d29fde647769d434393d0e5c3ab11791a8feea1b27914dafe0c67d7462/json HTTP/1.1
2024-07-24 14:30:03.694 [Test worker] DEBUG c.g.d.z.s.o.a.h.c.h.i.c.InternalHttpClient - ep-00000028: start execution ex-00000029
2024-07-24 14:30:03.694 [Test worker] DEBUG c.g.d.z.s.o.a.h.c.h.i.i.PoolingHttpClientConnectionManager - ep-00000028: executing exchange ex-00000029 over http-outgoing-4
2024-07-24 14:30:03.694 [Test worker] DEBUG c.g.d.z.s.o.a.h.client5.http.headers - http-outgoing-4 >> GET /v1.32/containers/3fe330d29fde647769d434393d0e5c3ab11791a8feea1b27914dafe0c67d7462/json HTTP/1.1
2024-07-24 14:30:03.694 [Test worker] DEBUG c.g.d.z.s.o.a.h.client5.http.headers - http-outgoing-4 >> accept: application/json
2024-07-24 14:30:03.694 [Test worker] DEBUG c.g.d.z.s.o.a.h.client5.http.headers - http-outgoing-4 >> x-tc-sid: 280e6229-7396-4d60-b1e3-a5de48b5d49b
2024-07-24 14:30:03.694 [Test worker] DEBUG c.g.d.z.s.o.a.h.client5.http.headers - http-outgoing-4 >> User-Agent: tc-java/1.19.8
2024-07-24 14:30:03.694 [Test worker] DEBUG c.g.d.z.s.o.a.h.client5.http.headers - http-outgoing-4 >> Accept-Encoding: gzip, x-gzip, deflate
2024-07-24 14:30:03.694 [Test worker] DEBUG c.g.d.z.s.o.a.h.client5.http.headers - http-outgoing-4 >> Host: localhost:2375
2024-07-24 14:30:03.694 [Test worker] DEBUG c.g.d.z.s.o.a.h.client5.http.headers - http-outgoing-4 >> Connection: keep-alive
2024-07-24 14:30:03.694 [Test worker] DEBUG c.g.d.z.s.o.a.hc.client5.http.wire - http-outgoing-4 >> "GET /v1.32/containers/3fe330d29fde647769d434393d0e5c3ab11791a8feea1b27914dafe0c67d7462/json HTTP/1.1[\r][\n]"
2024-07-24 14:30:03.694 [Test worker] DEBUG c.g.d.z.s.o.a.hc.client5.http.wire - http-outgoing-4 >> "accept: application/json[\r][\n]"
2024-07-24 14:30:03.694 [Test worker] DEBUG c.g.d.z.s.o.a.hc.client5.http.wire - http-outgoing-4 >> "x-tc-sid: 280e6229-7396-4d60-b1e3-a5de48b5d49b[\r][\n]"
2024-07-24 14:30:03.694 [Test worker] DEBUG c.g.d.z.s.o.a.hc.client5.http.wire - http-outgoing-4 >> "User-Agent: tc-java/1.19.8[\r][\n]"
2024-07-24 14:30:03.694 [Test worker] DEBUG c.g.d.z.s.o.a.hc.client5.http.wire - http-outgoing-4 >> "Accept-Encoding: gzip, x-gzip, deflate[\r][\n]"
2024-07-24 14:30:03.694 [Test worker] DEBUG c.g.d.z.s.o.a.hc.client5.http.wire - http-outgoing-4 >> "Host: localhost:2375[\r][\n]"
2024-07-24 14:30:03.694 [Test worker] DEBUG c.g.d.z.s.o.a.hc.client5.http.wire - http-outgoing-4 >> "Connection: keep-alive[\r][\n]"
2024-07-24 14:30:03.694 [Test worker] DEBUG c.g.d.z.s.o.a.hc.client5.http.wire - http-outgoing-4 >> "[\r][\n]"
2024-07-24 14:30:03.720 [Test worker] DEBUG c.g.d.z.s.o.a.hc.client5.http.wire - http-outgoing-4 << "HTTP/1.1 200 OK[\r][\n]"
2024-07-24 14:30:03.720 [Test worker] DEBUG c.g.d.z.s.o.a.hc.client5.http.wire - http-outgoing-4 << "Api-Version: 1.45[\r][\n]"
2024-07-24 14:30:03.720 [Test worker] DEBUG c.g.d.z.s.o.a.hc.client5.http.wire - http-outgoing-4 << "Content-Type: application/json[\r][\n]"
2024-07-24 14:30:03.720 [Test worker] DEBUG c.g.d.z.s.o.a.hc.client5.http.wire - http-outgoing-4 << "Date: Wed, 24 Jul 2024 02:30:03 GMT[\r][\n]"
2024-07-24 14:30:03.720 [Test worker] DEBUG c.g.d.z.s.o.a.hc.client5.http.wire - http-outgoing-4 << "Docker-Experimental: false[\r][\n]"
2024-07-24 14:30:03.720 [Test worker] DEBUG c.g.d.z.s.o.a.hc.client5.http.wire - http-outgoing-4 << "Ostype: linux[\r][\n]"
2024-07-24 14:30:03.720 [Test worker] DEBUG c.g.d.z.s.o.a.hc.client5.http.wire - http-outgoing-4 << "Server: Docker/26.0.0 (linux)[\r][\n]"
2024-07-24 14:30:03.720 [Test worker] DEBUG c.g.d.z.s.o.a.hc.client5.http.wire - http-outgoing-4 << "Transfer-Encoding: chunked[\r][\n]"
2024-07-24 14:30:03.720 [Test worker] DEBUG c.g.d.z.s.o.a.hc.client5.http.wire - http-outgoing-4 << "[\r][\n]"
2024-07-24 14:30:03.720 [Test worker] DEBUG c.g.d.z.s.o.a.h.client5.http.headers - http-outgoing-4 << HTTP/1.1 200 OK
2024-07-24 14:30:03.721 [Test worker] DEBUG c.g.d.z.s.o.a.h.client5.http.headers - http-outgoing-4 << Api-Version: 1.45
2024-07-24 14:30:03.721 [Test worker] DEBUG c.g.d.z.s.o.a.h.client5.http.headers - http-outgoing-4 << Content-Type: application/json
2024-07-24 14:30:03.721 [Test worker] DEBUG c.g.d.z.s.o.a.h.client5.http.headers - http-outgoing-4 << Date: Wed, 24 Jul 2024 02:30:03 GMT
2024-07-24 14:30:03.721 [Test worker] DEBUG c.g.d.z.s.o.a.h.client5.http.headers - http-outgoing-4 << Docker-Experimental: false
2024-07-24 14:30:03.721 [Test worker] DEBUG c.g.d.z.s.o.a.h.client5.http.headers - http-outgoing-4 << Ostype: linux
2024-07-24 14:30:03.721 [Test worker] DEBUG c.g.d.z.s.o.a.h.client5.http.headers - http-outgoing-4 << Server: Docker/26.0.0 (linux)
2024-07-24 14:30:03.721 [Test worker] DEBUG c.g.d.z.s.o.a.h.client5.http.headers - http-outgoing-4 << Transfer-Encoding: chunked
2024-07-24 14:30:03.721 [Test worker] DEBUG c.g.d.z.s.o.a.h.c.h.i.c.MainClientExec - ex-00000029: connection can be kept alive for 3 MINUTES
2024-07-24 14:30:03.721 [Test worker] DEBUG c.g.d.z.s.o.a.hc.client5.http.wire - http-outgoing-4 << "1944[\r][\n]"
2024-07-24 14:30:03.721 [Test worker] DEBUG c.g.d.z.s.o.a.hc.client5.http.wire - http-outgoing-4 << "{"Id":"3fe330d29fde647769d434393d0e5c3ab11791a8feea1b27914dafe0c67d7462","Created":"2024-07-24T02:29:59.872884989Z","Path":"docker-entrypoint.sh","Args":["postgres","-c","fsync=off"],"State":{"Status":"exited","Running":false,"Paused":false,"Restarting":false,"OOMKilled":false,"Dead":false,"Pid":0,"ExitCode":137,"Error":"","StartedAt":"2024-07-24T02:30:00.467501884Z","FinishedAt":"2024-07-24T02:30:03.128135105Z"},"Image":"sha256:8e4fc9e184899a58735e7ee333f5e272d7d2298cf59302006b71f33e217be130","ResolvConfPath":"/var/lib/docker/containers/3fe330d29fde647769d434393d0e5c3ab11791a8feea1b27914dafe0c67d7462/resolv.conf","HostnamePath":"/var/lib/docker/containers/3fe330d29fde647769d434393d0e5c3ab11791a8feea1b27914dafe0c67d7462/hostname","HostsPath":"/var/lib/docker/containers/3fe330d29fde647769d434393d0e5c3ab11791a8feea1b27914dafe0c67d7462/hosts","LogPath":"/var/lib/docker/containers/3fe330d29fde647769d434393d0e5c3ab11791a8feea1b27914dafe0c67d7462/3fe330d29fde647769d434393d0e5c3ab11791a8feea1b27914dafe0c67d7462-json.log","Name":"/reverent_cartwright","RestartCount":0,"Driver":"overlay2","Platform":"linux","MountLabel":"","ProcessLabel":"","AppArmorProfile":"","ExecIDs":null,"HostConfig":{"Binds":[],"ContainerIDFile":"","LogConfig":{"Type":"json-file","Config":{}},"NetworkMode":"default","PortBindings":{"5432/tcp":[{"HostIp":"0.0.0.0","HostPort":"0"}]},"RestartPolicy":{"Name":"no","MaximumRetryCount":0},"AutoRemove":false,"VolumeDriver":"","VolumesFrom":[],"ConsoleSize":[0,0],"CapAdd":null,"CapDrop":null,"CgroupnsMode":"host","Dns":null,"DnsOptions":null,"DnsSearch":null,"ExtraHosts":[],"GroupAdd":null,"IpcMode":"shareable","Cgroup":"","Links":null,"OomScoreAdj":0,"PidMode":"","Privileged":false,"PublishAllPorts":false,"ReadonlyRootfs":false,"SecurityOpt":null,"UTSMode":"","UsernsMode":"","ShmSize":67108864,"Runtime":"runc","Isolation":"","CpuShares":0,"Memory":0,"NanoCpus":0,"CgroupParent":"","BlkioWeight":0,"BlkioWeightDevice":null,"BlkioDeviceReadBps":null,"BlkioDeviceWriteBps":null,"BlkioDeviceReadIOps":null,"BlkioDeviceWriteIOps":null,"CpuPeriod":0,"CpuQuota":0,"CpuRealtimePeriod":0,"CpuRealtimeRuntime":0,"CpusetCpus":"","CpusetMems":"","Devices":null,"DeviceCgroupRules":null,"DeviceRequests":null,"MemoryReservation":0,"MemorySwap":0,"MemorySwappiness":null,"OomKillDisable":false,"PidsLimit":null,"Ulimits":null,"CpuCount":0,"CpuPercent":0,"IOMaximumIOps":0,"IOMaximumBandwidth":0,"MaskedPaths":["/proc/asound","/proc/acpi","/proc/kcore","/proc/keys","/proc/latency_stats","/proc/timer_list","/proc/timer_stats","/proc/sched_debug","/proc/scsi","/sys/firmware","/sys/devices/virtual/powercap"],"ReadonlyPaths":["/proc/bus","/proc/fs","/proc/irq","/proc/sys","/proc/sysrq-trigger"]},"GraphDriver":{"Data":{"LowerDir":"/var/lib/docker/overlay2/79ba473cd51a3adb859bda5d1d4240c6b7945ebbaac9f3faf0bd1905faf9d86a-init/diff:/var/lib/docker/overlay2/8f0ddbd386af0785c2e348570516955816ab350305d698d363962d488eeb15ec/diff:/var/lib/docker/overlay2/0eb0ca73e9b0be7c3d7fa8762ef4778a68f38391bc84c037c2e90b88e781b475/diff:/var/lib/docker/overlay2/74e634bddc785c5d436b10a5158cd82e21dc2065fd1cf8ff9c1c12e01575a2d8/diff:/var/lib/docker/overlay2/bb918b2851cd2f508f1e3fdbfff8b7f8b041d61e65fe8c368288bf399e80b818/diff:/var/lib/docker/overlay2/2abab2946cbdc2941ee8ec4024c51dac7313dee9de5fbedd1ca33388c59eb3c8/diff:/var/lib/docker/overlay2/e12f6083ee669bd92743ceb339a896bb25dbe461b718705bb39eb410b80c0ecd/diff:/var/lib/docker/overlay2/ced1e86d670d097da5ed4da7288c22507735918959161c2cd8bf083fb30d169a/diff:/var/lib/docker/overlay2/94e9ac7b74923285ae73af20aeccb964ca9079e2305db367cb85d1603560472d/diff:/var/lib/docker/overlay2/a396b6dfd63f0c228c519871183c614cccf4d366a43460f27ecf97113c3c4be8/diff:/var/lib/docker/overlay2/f58ada5d5080c2bac553c734f81127660a90581a35ed2a92cebe3c59e340875b/diff:/var/lib/docker/overlay2/84f85636f37bf55d945e217b4f87a856eba7932284beaf042561007b66f48977/diff:/var/lib/docker/overlay2/1e6e519613884e91a2b74a588ba35dc8a2f789371ab798ef6e7d9836d756042f/diff:/var/lib/docker/overlay2/14a3151cc8b4f9d27d2e64f1a8abc0c7809309580f2d7e8dc8545055c1d56194/diff:"
2024-07-24 14:30:03.722 [Test worker] DEBUG c.g.d.z.s.o.a.hc.client5.http.wire - http-outgoing-4 << "/var/lib/docker/overlay2/5b354b9e793401517fe2f1da697653fdaadffc54888eaf76d67e0600b8c68bdc/diff","MergedDir":"/var/lib/docker/overlay2/79ba473cd51a3adb859bda5d1d4240c6b7945ebbaac9f3faf0bd1905faf9d86a/merged","UpperDir":"/var/lib/docker/overlay2/79ba473cd51a3adb859bda5d1d4240c6b7945ebbaac9f3faf0bd1905faf9d86a/diff","WorkDir":"/var/lib/docker/overlay2/79ba473cd51a3adb859bda5d1d4240c6b7945ebbaac9f3faf0bd1905faf9d86a/work"},"Name":"overlay2"},"Mounts":[{"Type":"volume","Name":"e79c69aa397d5e2747f3bba977b3103a0ab5e19d008c9a2fae0edfc6e97ef257","Source":"/var/lib/docker/volumes/e79c69aa397d5e2747f3bba977b3103a0ab5e19d008c9a2fae0edfc6e97ef257/_data","Destination":"/var/lib/postgresql/data","Driver":"local","Mode":"","RW":true,"Propagation":""}],"Config":{"Hostname":"3fe330d29fde","Domainname":"","User":"","AttachStdin":false,"AttachStdout":false,"AttachStderr":false,"ExposedPorts":{"5432/tcp":{}},"Tty":false,"OpenStdin":false,"StdinOnce":false,"Env":["POSTGRES_USER=user","POSTGRES_PASSWORD=password","POSTGRES_DB=db","PATH=/usr/local/sbin:/usr/local/bin:/usr/sbin:/usr/bin:/sbin:/bin:/usr/lib/postgresql/16/bin","GOSU_VERSION=1.17","LANG=en_US.utf8","PG_MAJOR=16","PG_VERSION=16.2-1.pgdg120+2","PGDATA=/var/lib/postgresql/data"],"Cmd":["postgres","-c","fsync=off"],"Image":"postgres:latest","Volumes":{"/var/lib/postgresql/data":{}},"WorkingDir":"","Entrypoint":["docker-entrypoint.sh"],"OnBuild":null,"Labels":{"org.testcontainers":"true","org.testcontainers.lang":"java","org.testcontainers.sessionId":"280e6229-7396-4d60-b1e3-a5de48b5d49b","org.testcontainers.version":"1.19.8"},"StopSignal":"SIGINT"},"NetworkSettings":{"Bridge":"","SandboxID":"8548c47d7a0d59421039599c34e63f1ee70c676c976d7eb21b1d55d4c6b1f806","SandboxKey":"/var/run/docker/netns/8548c47d7a0d","Ports":{},"HairpinMode":false,"LinkLocalIPv6Address":"","LinkLocalIPv6PrefixLen":0,"SecondaryIPAddresses":null,"SecondaryIPv6Addresses":null,"EndpointID":"","Gateway":"","GlobalIPv6Address":"","GlobalIPv6PrefixLen":0,"IPAddress":"","IPPrefixLen":0,"IPv6Gateway":"","MacAddress":"","Networks":{"bridge":{"IPAMConfig":null,"Links":null,"Aliases":null,"MacAddress":"","NetworkID":"3c842496be344cbdae878c1dee0957e7bc7c0a2236009c92752030f2b053e72f","EndpointID":"","Gateway":"","IPAddress":"","IPPrefixLen":0,"IPv6Gateway":"","GlobalIPv6Address":"","GlobalIPv6PrefixLen":0,"DriverOpts":null,"DNSNames":null}}}}[\n]"
2024-07-24 14:30:03.724 [Test worker] DEBUG c.g.d.z.s.o.a.hc.client5.http.wire - http-outgoing-4 << "[\r][\n]"
2024-07-24 14:30:03.724 [Test worker] DEBUG c.g.d.z.s.o.a.hc.client5.http.wire - http-outgoing-4 << "0[\r][\n]"
2024-07-24 14:30:03.724 [Test worker] DEBUG c.g.d.z.s.o.a.hc.client5.http.wire - http-outgoing-4 << "[\r][\n]"
2024-07-24 14:30:03.724 [Test worker] DEBUG c.g.d.z.s.o.a.h.c.h.i.c.InternalHttpClient - ep-00000028: releasing valid endpoint
2024-07-24 14:30:03.724 [Test worker] DEBUG c.g.d.z.s.o.a.h.c.h.i.i.PoolingHttpClientConnectionManager - ep-00000028: releasing endpoint
2024-07-24 14:30:03.725 [Test worker] DEBUG c.g.d.z.s.o.a.h.c.h.i.i.PoolingHttpClientConnectionManager - ep-00000028: connection http-outgoing-4 can be kept alive for 3 MINUTES
2024-07-24 14:30:03.725 [Test worker] DEBUG c.g.d.z.s.o.a.h.c.h.i.i.PoolingHttpClientConnectionManager - ep-00000028: connection released [route: {}->npipe://localhost:2375][total available: 1; route allocated: 1 of 2147483647; total allocated: 1 of 2147483647]
2024-07-24 14:30:03.725 [Test worker] TRACE o.t.utility.ResourceReaper - Removing container: 3fe330d29fde647769d434393d0e5c3ab11791a8feea1b27914dafe0c67d7462
2024-07-24 14:30:03.725 [Test worker] DEBUG o.t.s.c.g.d.c.command.AbstrDockerCmd - Cmd: 3fe330d29fde647769d434393d0e5c3ab11791a8feea1b27914dafe0c67d7462,true,true
2024-07-24 14:30:03.726 [Test worker] TRACE o.t.s.c.g.d.c.e.RemoveContainerCmdExec - DELETE: DefaultWebTarget{path=[/containers/3fe330d29fde647769d434393d0e5c3ab11791a8feea1b27914dafe0c67d7462], queryParams={v=[true], force=[true]}}
2024-07-24 14:30:03.726 [Test worker] DEBUG c.g.d.z.s.o.a.h.c.h.i.c.InternalHttpClient - ex-0000002A: preparing request execution
2024-07-24 14:30:03.726 [Test worker] DEBUG c.g.d.z.s.o.a.h.c.h.p.RequestAddCookies - Cookie spec selected: strict
2024-07-24 14:30:03.726 [Test worker] DEBUG c.g.d.z.s.o.a.h.c.h.p.RequestAuthCache - Auth cache not set in the context
2024-07-24 14:30:03.726 [Test worker] DEBUG c.g.d.z.s.o.a.h.c.h.i.c.ProtocolExec - ex-0000002A: target auth state: UNCHALLENGED
2024-07-24 14:30:03.726 [Test worker] DEBUG c.g.d.z.s.o.a.h.c.h.i.c.ProtocolExec - ex-0000002A: proxy auth state: UNCHALLENGED
2024-07-24 14:30:03.726 [Test worker] DEBUG c.g.d.z.s.o.a.h.c.h.i.c.ConnectExec - ex-0000002A: acquiring connection with route {}->npipe://localhost:2375
2024-07-24 14:30:03.726 [Test worker] DEBUG c.g.d.z.s.o.a.h.c.h.i.c.InternalHttpClient - ex-0000002A: acquiring endpoint (3 MINUTES)
2024-07-24 14:30:03.727 [Test worker] DEBUG c.g.d.z.s.o.a.h.c.h.i.i.PoolingHttpClientConnectionManager - ex-0000002A: endpoint lease request (3 MINUTES) [route: {}->npipe://localhost:2375][total available: 1; route allocated: 1 of 2147483647; total allocated: 1 of 2147483647]
2024-07-24 14:30:03.727 [Test worker] DEBUG c.g.d.z.s.o.a.h.c.h.i.i.PoolingHttpClientConnectionManager - ex-0000002A: endpoint leased [route: {}->npipe://localhost:2375][total available: 0; route allocated: 1 of 2147483647; total allocated: 1 of 2147483647]
2024-07-24 14:30:03.727 [Test worker] DEBUG c.g.d.z.s.o.a.h.c.h.i.i.PoolingHttpClientConnectionManager - ex-0000002A: acquired ep-00000029
2024-07-24 14:30:03.727 [Test worker] DEBUG c.g.d.z.s.o.a.h.c.h.i.c.InternalHttpClient - ex-0000002A: acquired endpoint ep-00000029
2024-07-24 14:30:03.727 [Test worker] DEBUG c.g.d.z.s.o.a.h.c.h.i.c.MainClientExec - ex-0000002A: executing DELETE /v1.32/containers/3fe330d29fde647769d434393d0e5c3ab11791a8feea1b27914dafe0c67d7462?v=true&force=true HTTP/1.1
2024-07-24 14:30:03.727 [Test worker] DEBUG c.g.d.z.s.o.a.h.c.h.i.c.InternalHttpClient - ep-00000029: start execution ex-0000002A
2024-07-24 14:30:03.727 [Test worker] DEBUG c.g.d.z.s.o.a.h.c.h.i.i.PoolingHttpClientConnectionManager - ep-00000029: executing exchange ex-0000002A over http-outgoing-4
2024-07-24 14:30:03.727 [Test worker] DEBUG c.g.d.z.s.o.a.h.client5.http.headers - http-outgoing-4 >> DELETE /v1.32/containers/3fe330d29fde647769d434393d0e5c3ab11791a8feea1b27914dafe0c67d7462?v=true&force=true HTTP/1.1
2024-07-24 14:30:03.727 [Test worker] DEBUG c.g.d.z.s.o.a.h.client5.http.headers - http-outgoing-4 >> accept: application/json
2024-07-24 14:30:03.727 [Test worker] DEBUG c.g.d.z.s.o.a.h.client5.http.headers - http-outgoing-4 >> x-tc-sid: 280e6229-7396-4d60-b1e3-a5de48b5d49b
2024-07-24 14:30:03.727 [Test worker] DEBUG c.g.d.z.s.o.a.h.client5.http.headers - http-outgoing-4 >> User-Agent: tc-java/1.19.8
2024-07-24 14:30:03.727 [Test worker] DEBUG c.g.d.z.s.o.a.h.client5.http.headers - http-outgoing-4 >> Accept-Encoding: gzip, x-gzip, deflate
2024-07-24 14:30:03.727 [Test worker] DEBUG c.g.d.z.s.o.a.h.client5.http.headers - http-outgoing-4 >> Host: localhost:2375
2024-07-24 14:30:03.727 [Test worker] DEBUG c.g.d.z.s.o.a.h.client5.http.headers - http-outgoing-4 >> Connection: keep-alive
2024-07-24 14:30:03.727 [Test worker] DEBUG c.g.d.z.s.o.a.hc.client5.http.wire - http-outgoing-4 >> "DELETE /v1.32/containers/3fe330d29fde647769d434393d0e5c3ab11791a8feea1b27914dafe0c67d7462?v=true&force=true HTTP/1.1[\r][\n]"
2024-07-24 14:30:03.727 [Test worker] DEBUG c.g.d.z.s.o.a.hc.client5.http.wire - http-outgoing-4 >> "accept: application/json[\r][\n]"
2024-07-24 14:30:03.727 [Test worker] DEBUG c.g.d.z.s.o.a.hc.client5.http.wire - http-outgoing-4 >> "x-tc-sid: 280e6229-7396-4d60-b1e3-a5de48b5d49b[\r][\n]"
2024-07-24 14:30:03.727 [Test worker] DEBUG c.g.d.z.s.o.a.hc.client5.http.wire - http-outgoing-4 >> "User-Agent: tc-java/1.19.8[\r][\n]"
2024-07-24 14:30:03.727 [Test worker] DEBUG c.g.d.z.s.o.a.hc.client5.http.wire - http-outgoing-4 >> "Accept-Encoding: gzip, x-gzip, deflate[\r][\n]"
2024-07-24 14:30:03.727 [Test worker] DEBUG c.g.d.z.s.o.a.hc.client5.http.wire - http-outgoing-4 >> "Host: localhost:2375[\r][\n]"
2024-07-24 14:30:03.727 [Test worker] DEBUG c.g.d.z.s.o.a.hc.client5.http.wire - http-outgoing-4 >> "Connection: keep-alive[\r][\n]"
2024-07-24 14:30:03.727 [Test worker] DEBUG c.g.d.z.s.o.a.hc.client5.http.wire - http-outgoing-4 >> "[\r][\n]"
2024-07-24 14:30:03.806 [Test worker] DEBUG c.g.d.z.s.o.a.hc.client5.http.wire - http-outgoing-4 << "HTTP/1.1 204 No Content[\r][\n]"
2024-07-24 14:30:03.807 [Test worker] DEBUG c.g.d.z.s.o.a.hc.client5.http.wire - http-outgoing-4 << "Api-Version: 1.45[\r][\n]"
2024-07-24 14:30:03.807 [Test worker] DEBUG c.g.d.z.s.o.a.hc.client5.http.wire - http-outgoing-4 << "Date: Wed, 24 Jul 2024 02:30:03 GMT[\r][\n]"
2024-07-24 14:30:03.807 [Test worker] DEBUG c.g.d.z.s.o.a.hc.client5.http.wire - http-outgoing-4 << "Docker-Experimental: false[\r][\n]"
2024-07-24 14:30:03.807 [Test worker] DEBUG c.g.d.z.s.o.a.hc.client5.http.wire - http-outgoing-4 << "Ostype: linux[\r][\n]"
2024-07-24 14:30:03.807 [Test worker] DEBUG c.g.d.z.s.o.a.hc.client5.http.wire - http-outgoing-4 << "Server: Docker/26.0.0 (linux)[\r][\n]"
2024-07-24 14:30:03.807 [Test worker] DEBUG c.g.d.z.s.o.a.hc.client5.http.wire - http-outgoing-4 << "[\r][\n]"
2024-07-24 14:30:03.807 [Test worker] DEBUG c.g.d.z.s.o.a.h.client5.http.headers - http-outgoing-4 << HTTP/1.1 204 No Content
2024-07-24 14:30:03.807 [Test worker] DEBUG c.g.d.z.s.o.a.h.client5.http.headers - http-outgoing-4 << Api-Version: 1.45
2024-07-24 14:30:03.807 [Test worker] DEBUG c.g.d.z.s.o.a.h.client5.http.headers - http-outgoing-4 << Date: Wed, 24 Jul 2024 02:30:03 GMT
2024-07-24 14:30:03.807 [Test worker] DEBUG c.g.d.z.s.o.a.h.client5.http.headers - http-outgoing-4 << Docker-Experimental: false
2024-07-24 14:30:03.807 [Test worker] DEBUG c.g.d.z.s.o.a.h.client5.http.headers - http-outgoing-4 << Ostype: linux
2024-07-24 14:30:03.807 [Test worker] DEBUG c.g.d.z.s.o.a.h.client5.http.headers - http-outgoing-4 << Server: Docker/26.0.0 (linux)
2024-07-24 14:30:03.807 [Test worker] DEBUG c.g.d.z.s.o.a.h.c.h.i.c.MainClientExec - ex-0000002A: connection can be kept alive for 3 MINUTES
2024-07-24 14:30:03.807 [Test worker] DEBUG c.g.d.z.s.o.a.h.c.h.i.c.InternalHttpClient - ep-00000029: releasing valid endpoint
2024-07-24 14:30:03.807 [Test worker] DEBUG c.g.d.z.s.o.a.h.c.h.i.i.PoolingHttpClientConnectionManager - ep-00000029: releasing endpoint
2024-07-24 14:30:03.808 [Test worker] DEBUG c.g.d.z.s.o.a.h.c.h.i.i.PoolingHttpClientConnectionManager - ep-00000029: connection http-outgoing-4 can be kept alive for 3 MINUTES
2024-07-24 14:30:03.808 [Test worker] DEBUG c.g.d.z.s.o.a.h.c.h.i.i.PoolingHttpClientConnectionManager - ep-00000029: connection released [route: {}->npipe://localhost:2375][total available: 1; route allocated: 1 of 2147483647; total allocated: 1 of 2147483647]
2024-07-24 14:30:03.808 [Test worker] DEBUG o.t.utility.ResourceReaper - Removed container and associated volume(s): postgres:latest
2024-07-24 14:30:03.809 [Test worker] DEBUG o.t.u.PrefixingImageNameSubstitutor - No prefix is configured
2024-07-24 14:30:03.810 [Test worker] DEBUG o.t.utility.ImageNameSubstitutor - Did not find a substitute image for postgres:latest (using image substitutor: DefaultImageNameSubstitutor (composite of 'ConfigurationFileImageNameSubstitutor' and 'PrefixingImageNameSubstitutor'))
2024-07-24 14:30:03.810 [Test worker] TRACE tc.postgres:latest - postgres:latest is already in image name cache
2024-07-24 14:30:03.810 [Test worker] DEBUG o.t.images.AbstractImagePullPolicy - Using locally available and not pulling image: postgres:latest
2024-07-24 14:30:03.810 [Test worker] DEBUG tc.postgres:latest - Starting container: postgres:latest
2024-07-24 14:30:03.810 [Test worker] DEBUG tc.postgres:latest - Trying to start container: postgres:latest (attempt 1/1)
2024-07-24 14:30:03.810 [Test worker] DEBUG tc.postgres:latest - Starting container: postgres:latest
2024-07-24 14:30:03.810 [Test worker] INFO  tc.postgres:latest - Creating container for image: postgres:latest
2024-07-24 14:30:03.810 [Test worker] DEBUG o.t.utility.RegistryAuthLocator - Looking up auth config for image: postgres:latest at registry: https://index.docker.io/v1/
2024-07-24 14:30:03.810 [Test worker] DEBUG o.t.utility.RegistryAuthLocator - No matching Auth Configs - falling back to defaultAuthConfig [null]
2024-07-24 14:30:03.810 [Test worker] DEBUG o.t.d.AuthDelegatingDockerClientConfig - Effective auth config [null]
2024-07-24 14:30:03.810 [Test worker] DEBUG o.t.s.c.g.d.c.command.AbstrDockerCmd - Cmd: org.testcontainers.shaded.com.github.dockerjava.core.command.CreateContainerCmdImpl@4f93bf0a[aliases=<null>,argsEscaped=<null>,attachStderr=<null>,attachStdin=<null>,attachStdout=<null>,authConfig=<null>,cmd={postgres,-c,fsync=off},domainName=<null>,entrypoint=<null>,env={POSTGRES_USER=user,POSTGRES_PASSWORD=password,POSTGRES_DB=db},exposedPorts=ExposedPorts(exposedPorts=[5432/tcp]),healthcheck=<null>,hostConfig=HostConfig(binds=[], blkioWeight=null, blkioWeightDevice=null, blkioDeviceReadBps=null, blkioDeviceWriteBps=null, blkioDeviceReadIOps=null, blkioDeviceWriteIOps=null, memorySwappiness=null, nanoCPUs=null, capAdd=null, capDrop=null, containerIDFile=null, cpuPeriod=null, cpuRealtimePeriod=null, cpuRealtimeRuntime=null, cpuShares=null, cpuQuota=null, cpusetCpus=null, cpusetMems=null, devices=null, deviceCgroupRules=null, deviceRequests=null, diskQuota=null, dns=null, dnsOptions=null, dnsSearch=null, extraHosts=[], groupAdd=null, ipcMode=null, cgroup=null, links=[], logConfig=LogConfig(type=null, config=null), lxcConf=null, memory=null, memorySwap=null, memoryReservation=null, kernelMemory=null, networkMode=null, oomKillDisable=null, init=null, autoRemove=null, oomScoreAdj=null, portBindings={5432/tcp=[Lcom.github.dockerjava.api.model.Ports$Binding;@58833798}, privileged=null, publishAllPorts=null, readonlyRootfs=null, restartPolicy=null, ulimits=null, cpuCount=null, cpuPercent=null, ioMaximumIOps=null, ioMaximumBandwidth=null, volumesFrom=[], mounts=null, pidMode=null, isolation=null, securityOpts=null, storageOpt=null, cgroupParent=null, volumeDriver=null, shmSize=null, pidsLimit=null, runtime=null, tmpFs=null, utSMode=null, usernsMode=null, sysctls=null, consoleSize=null, cgroupnsMode=null),hostName=<null>,image=postgres:latest,ipv4Address=<null>,ipv6Address=<null>,labels={org.testcontainers=true, org.testcontainers.lang=java, org.testcontainers.version=1.19.8, org.testcontainers.sessionId=280e6229-7396-4d60-b1e3-a5de48b5d49b},macAddress=<null>,name=<null>,networkDisabled=<null>,networkingConfig=<null>,onBuild=<null>,platform=<null>,portSpecs=<null>,shell=<null>,stdInOnce=<null>,stdinOpen=<null>,stopSignal=<null>,stopTimeout=<null>,tty=<null>,user=<null>,volumes=Volumes(volumes=[]),workingDir=<null>]
2024-07-24 14:30:03.811 [Test worker] TRACE o.t.s.c.g.d.c.e.CreateContainerCmdExec - POST: DefaultWebTarget{path=[/containers/create], queryParams={}} 
2024-07-24 14:30:03.812 [Test worker] DEBUG c.g.d.z.s.o.a.h.c.h.i.c.InternalHttpClient - ex-0000002B: preparing request execution
2024-07-24 14:30:03.812 [Test worker] DEBUG c.g.d.z.s.o.a.h.c.h.p.RequestAddCookies - Cookie spec selected: strict
2024-07-24 14:30:03.812 [Test worker] DEBUG c.g.d.z.s.o.a.h.c.h.p.RequestAuthCache - Auth cache not set in the context
2024-07-24 14:30:03.812 [Test worker] DEBUG c.g.d.z.s.o.a.h.c.h.i.c.ProtocolExec - ex-0000002B: target auth state: UNCHALLENGED
2024-07-24 14:30:03.812 [Test worker] DEBUG c.g.d.z.s.o.a.h.c.h.i.c.ProtocolExec - ex-0000002B: proxy auth state: UNCHALLENGED
2024-07-24 14:30:03.812 [Test worker] DEBUG c.g.d.z.s.o.a.h.c.h.i.c.ConnectExec - ex-0000002B: acquiring connection with route {}->npipe://localhost:2375
2024-07-24 14:30:03.812 [Test worker] DEBUG c.g.d.z.s.o.a.h.c.h.i.c.InternalHttpClient - ex-0000002B: acquiring endpoint (3 MINUTES)
2024-07-24 14:30:03.812 [Test worker] DEBUG c.g.d.z.s.o.a.h.c.h.i.i.PoolingHttpClientConnectionManager - ex-0000002B: endpoint lease request (3 MINUTES) [route: {}->npipe://localhost:2375][total available: 1; route allocated: 1 of 2147483647; total allocated: 1 of 2147483647]
2024-07-24 14:30:03.812 [Test worker] DEBUG c.g.d.z.s.o.a.h.c.h.i.i.PoolingHttpClientConnectionManager - ex-0000002B: endpoint leased [route: {}->npipe://localhost:2375][total available: 0; route allocated: 1 of 2147483647; total allocated: 1 of 2147483647]
2024-07-24 14:30:03.812 [Test worker] DEBUG c.g.d.z.s.o.a.h.c.h.i.i.PoolingHttpClientConnectionManager - ex-0000002B: acquired ep-0000002A
2024-07-24 14:30:03.812 [Test worker] DEBUG c.g.d.z.s.o.a.h.c.h.i.c.InternalHttpClient - ex-0000002B: acquired endpoint ep-0000002A
2024-07-24 14:30:03.812 [Test worker] DEBUG c.g.d.z.s.o.a.h.c.h.i.c.MainClientExec - ex-0000002B: executing POST /v1.32/containers/create HTTP/1.1
2024-07-24 14:30:03.812 [Test worker] DEBUG c.g.d.z.s.o.a.h.c.h.i.c.InternalHttpClient - ep-0000002A: start execution ex-0000002B
2024-07-24 14:30:03.812 [Test worker] DEBUG c.g.d.z.s.o.a.h.c.h.i.i.PoolingHttpClientConnectionManager - ep-0000002A: executing exchange ex-0000002B over http-outgoing-4
2024-07-24 14:30:03.812 [Test worker] DEBUG c.g.d.z.s.o.a.h.client5.http.headers - http-outgoing-4 >> POST /v1.32/containers/create HTTP/1.1
2024-07-24 14:30:03.812 [Test worker] DEBUG c.g.d.z.s.o.a.h.client5.http.headers - http-outgoing-4 >> accept: application/json
2024-07-24 14:30:03.812 [Test worker] DEBUG c.g.d.z.s.o.a.h.client5.http.headers - http-outgoing-4 >> content-type: application/json
2024-07-24 14:30:03.812 [Test worker] DEBUG c.g.d.z.s.o.a.h.client5.http.headers - http-outgoing-4 >> x-tc-sid: 280e6229-7396-4d60-b1e3-a5de48b5d49b
2024-07-24 14:30:03.812 [Test worker] DEBUG c.g.d.z.s.o.a.h.client5.http.headers - http-outgoing-4 >> User-Agent: tc-java/1.19.8
2024-07-24 14:30:03.812 [Test worker] DEBUG c.g.d.z.s.o.a.h.client5.http.headers - http-outgoing-4 >> Accept-Encoding: gzip, x-gzip, deflate
2024-07-24 14:30:03.812 [Test worker] DEBUG c.g.d.z.s.o.a.h.client5.http.headers - http-outgoing-4 >> Content-Length: 2061
2024-07-24 14:30:03.812 [Test worker] DEBUG c.g.d.z.s.o.a.h.client5.http.headers - http-outgoing-4 >> Host: localhost:2375
2024-07-24 14:30:03.812 [Test worker] DEBUG c.g.d.z.s.o.a.h.client5.http.headers - http-outgoing-4 >> Connection: keep-alive
2024-07-24 14:30:03.812 [Test worker] DEBUG c.g.d.z.s.o.a.hc.client5.http.wire - http-outgoing-4 >> "POST /v1.32/containers/create HTTP/1.1[\r][\n]"
2024-07-24 14:30:03.812 [Test worker] DEBUG c.g.d.z.s.o.a.hc.client5.http.wire - http-outgoing-4 >> "accept: application/json[\r][\n]"
2024-07-24 14:30:03.812 [Test worker] DEBUG c.g.d.z.s.o.a.hc.client5.http.wire - http-outgoing-4 >> "content-type: application/json[\r][\n]"
2024-07-24 14:30:03.812 [Test worker] DEBUG c.g.d.z.s.o.a.hc.client5.http.wire - http-outgoing-4 >> "x-tc-sid: 280e6229-7396-4d60-b1e3-a5de48b5d49b[\r][\n]"
2024-07-24 14:30:03.812 [Test worker] DEBUG c.g.d.z.s.o.a.hc.client5.http.wire - http-outgoing-4 >> "User-Agent: tc-java/1.19.8[\r][\n]"
2024-07-24 14:30:03.812 [Test worker] DEBUG c.g.d.z.s.o.a.hc.client5.http.wire - http-outgoing-4 >> "Accept-Encoding: gzip, x-gzip, deflate[\r][\n]"
2024-07-24 14:30:03.812 [Test worker] DEBUG c.g.d.z.s.o.a.hc.client5.http.wire - http-outgoing-4 >> "Content-Length: 2061[\r][\n]"
2024-07-24 14:30:03.812 [Test worker] DEBUG c.g.d.z.s.o.a.hc.client5.http.wire - http-outgoing-4 >> "Host: localhost:2375[\r][\n]"
2024-07-24 14:30:03.812 [Test worker] DEBUG c.g.d.z.s.o.a.hc.client5.http.wire - http-outgoing-4 >> "Connection: keep-alive[\r][\n]"
2024-07-24 14:30:03.812 [Test worker] DEBUG c.g.d.z.s.o.a.hc.client5.http.wire - http-outgoing-4 >> "[\r][\n]"
2024-07-24 14:30:03.812 [Test worker] DEBUG c.g.d.z.s.o.a.hc.client5.http.wire - http-outgoing-4 >> "{"Hostname":null,"Domainname":null,"User":null,"AttachStdin":null,"AttachStdout":null,"AttachStderr":null,"PortSpecs":null,"Tty":null,"OpenStdin":null,"StdinOnce":null,"Env":["POSTGRES_USER=user","POSTGRES_PASSWORD=password","POSTGRES_DB=db"],"Cmd":["postgres","-c","fsync=off"],"Healthcheck":null,"ArgsEscaped":null,"Entrypoint":null,"Image":"postgres:latest","Volumes":{},"WorkingDir":null,"MacAddress":null,"OnBuild":null,"NetworkDisabled":null,"ExposedPorts":{"5432/tcp":{}},"StopSignal":null,"StopTimeout":null,"HostConfig":{"Binds":[],"BlkioWeight":null,"BlkioWeightDevice":null,"BlkioDeviceReadBps":null,"BlkioDeviceWriteBps":null,"BlkioDeviceReadIOps":null,"BlkioDeviceWriteIOps":null,"MemorySwappiness":null,"NanoCpus":null,"CapAdd":null,"CapDrop":null,"ContainerIDFile":null,"CpuPeriod":null,"CpuRealtimePeriod":null,"CpuRealtimeRuntime":null,"CpuShares":null,"CpuQuota":null,"CpusetCpus":null,"CpusetMems":null,"Devices":null,"DeviceCgroupRules":null,"DeviceRequests":null,"DiskQuota":null,"Dns":null,"DnsOptions":null,"DnsSearch":null,"ExtraHosts":[],"GroupAdd":null,"IpcMode":null,"Cgroup":null,"Links":[],"LogConfig":null,"LxcConf":null,"Memory":null,"MemorySwap":null,"MemoryReservation":null,"KernelMemory":null,"NetworkMode":null,"OomKillDisable":null,"Init":null,"AutoRemove":null,"OomScoreAdj":null,"PortBindings":{"5432/tcp":[{"HostIp":"","HostPort":""}]},"Privileged":null,"PublishAllPorts":null,"ReadonlyRootfs":null,"RestartPolicy":null,"Ulimits":null,"CpuCount":null,"CpuPercent":null,"IOMaximumIOps":null,"IOMaximumBandwidth":null,"VolumesFrom":[],"Mounts":null,"PidMode":null,"Isolation":null,"SecurityOpt":null,"StorageOpt":null,"CgroupParent":null,"VolumeDriver":null,"ShmSize":null,"PidsLimit":null,"Runtime":null,"Tmpfs":null,"UTSMode":null,"UsernsMode":null,"Sysctls":null,"ConsoleSize":null,"CgroupnsMode":null},"Labels":{"org.testcontainers":"true","org.testcontainers.lang":"java","org.testcontainers.version":"1.19.8","org.testcontainers.sessionId":"280e6229-7396-4d60-b1e3-a5de48b5d49b"},"Shell":null,"NetworkingConfig":null}"
2024-07-24 14:30:03.967 [Test worker] DEBUG c.g.d.z.s.o.a.hc.client5.http.wire - http-outgoing-4 << "HTTP/1.1 201 Created[\r][\n]"
2024-07-24 14:30:03.967 [Test worker] DEBUG c.g.d.z.s.o.a.hc.client5.http.wire - http-outgoing-4 << "Api-Version: 1.45[\r][\n]"
2024-07-24 14:30:03.967 [Test worker] DEBUG c.g.d.z.s.o.a.hc.client5.http.wire - http-outgoing-4 << "Content-Type: application/json[\r][\n]"
2024-07-24 14:30:03.967 [Test worker] DEBUG c.g.d.z.s.o.a.hc.client5.http.wire - http-outgoing-4 << "Date: Wed, 24 Jul 2024 02:30:03 GMT[\r][\n]"
2024-07-24 14:30:03.967 [Test worker] DEBUG c.g.d.z.s.o.a.hc.client5.http.wire - http-outgoing-4 << "Docker-Experimental: false[\r][\n]"
2024-07-24 14:30:03.967 [Test worker] DEBUG c.g.d.z.s.o.a.hc.client5.http.wire - http-outgoing-4 << "Ostype: linux[\r][\n]"
2024-07-24 14:30:03.967 [Test worker] DEBUG c.g.d.z.s.o.a.hc.client5.http.wire - http-outgoing-4 << "Server: Docker/26.0.0 (linux)[\r][\n]"
2024-07-24 14:30:03.967 [Test worker] DEBUG c.g.d.z.s.o.a.hc.client5.http.wire - http-outgoing-4 << "Transfer-Encoding: chunked[\r][\n]"
2024-07-24 14:30:03.971 [Test worker] DEBUG c.g.d.z.s.o.a.hc.client5.http.wire - http-outgoing-4 << "[\r][\n]"
2024-07-24 14:30:03.971 [Test worker] DEBUG c.g.d.z.s.o.a.h.client5.http.headers - http-outgoing-4 << HTTP/1.1 201 Created
2024-07-24 14:30:03.971 [Test worker] DEBUG c.g.d.z.s.o.a.h.client5.http.headers - http-outgoing-4 << Api-Version: 1.45
2024-07-24 14:30:03.971 [Test worker] DEBUG c.g.d.z.s.o.a.h.client5.http.headers - http-outgoing-4 << Content-Type: application/json
2024-07-24 14:30:03.971 [Test worker] DEBUG c.g.d.z.s.o.a.h.client5.http.headers - http-outgoing-4 << Date: Wed, 24 Jul 2024 02:30:03 GMT
2024-07-24 14:30:03.971 [Test worker] DEBUG c.g.d.z.s.o.a.h.client5.http.headers - http-outgoing-4 << Docker-Experimental: false
2024-07-24 14:30:03.971 [Test worker] DEBUG c.g.d.z.s.o.a.h.client5.http.headers - http-outgoing-4 << Ostype: linux
2024-07-24 14:30:03.971 [Test worker] DEBUG c.g.d.z.s.o.a.h.client5.http.headers - http-outgoing-4 << Server: Docker/26.0.0 (linux)
2024-07-24 14:30:03.971 [Test worker] DEBUG c.g.d.z.s.o.a.h.client5.http.headers - http-outgoing-4 << Transfer-Encoding: chunked
2024-07-24 14:30:03.971 [Test worker] DEBUG c.g.d.z.s.o.a.h.c.h.i.c.MainClientExec - ex-0000002B: connection can be kept alive for 3 MINUTES
2024-07-24 14:30:03.972 [Test worker] DEBUG c.g.d.z.s.o.a.hc.client5.http.wire - http-outgoing-4 << "58[\r][\n]"
2024-07-24 14:30:03.972 [Test worker] DEBUG c.g.d.z.s.o.a.hc.client5.http.wire - http-outgoing-4 << "{"Id":"6ef7ad2c2ced3b0532189b670e96c4e62679bb3b626e0cca17efa156b5457d4b","Warnings":[]}[\n]"
2024-07-24 14:30:03.972 [Test worker] DEBUG c.g.d.z.s.o.a.hc.client5.http.wire - http-outgoing-4 << "[\r][\n]"
2024-07-24 14:30:03.972 [Test worker] DEBUG c.g.d.z.s.o.a.hc.client5.http.wire - http-outgoing-4 << "0[\r][\n]"
2024-07-24 14:30:03.972 [Test worker] DEBUG c.g.d.z.s.o.a.hc.client5.http.wire - http-outgoing-4 << "[\r][\n]"
2024-07-24 14:30:03.972 [Test worker] DEBUG c.g.d.z.s.o.a.h.c.h.i.c.InternalHttpClient - ep-0000002A: releasing valid endpoint
2024-07-24 14:30:03.972 [Test worker] DEBUG c.g.d.z.s.o.a.h.c.h.i.i.PoolingHttpClientConnectionManager - ep-0000002A: releasing endpoint
2024-07-24 14:30:03.972 [Test worker] DEBUG c.g.d.z.s.o.a.h.c.h.i.i.PoolingHttpClientConnectionManager - ep-0000002A: connection http-outgoing-4 can be kept alive for 3 MINUTES
2024-07-24 14:30:03.973 [Test worker] DEBUG c.g.d.z.s.o.a.h.c.h.i.i.PoolingHttpClientConnectionManager - ep-0000002A: connection released [route: {}->npipe://localhost:2375][total available: 1; route allocated: 1 of 2147483647; total allocated: 1 of 2147483647]
2024-07-24 14:30:03.973 [Test worker] INFO  tc.postgres:latest - Container postgres:latest is starting: 6ef7ad2c2ced3b0532189b670e96c4e62679bb3b626e0cca17efa156b5457d4b
2024-07-24 14:30:03.973 [Test worker] DEBUG o.t.s.c.g.d.c.command.AbstrDockerCmd - Cmd: 6ef7ad2c2ced3b0532189b670e96c4e62679bb3b626e0cca17efa156b5457d4b
2024-07-24 14:30:03.973 [Test worker] TRACE o.t.s.c.g.d.c.e.StartContainerCmdExec - POST: DefaultWebTarget{path=[/containers/6ef7ad2c2ced3b0532189b670e96c4e62679bb3b626e0cca17efa156b5457d4b/start], queryParams={}}
2024-07-24 14:30:03.973 [Test worker] DEBUG c.g.d.z.s.o.a.h.c.h.i.c.InternalHttpClient - ex-0000002C: preparing request execution
2024-07-24 14:30:03.973 [Test worker] DEBUG c.g.d.z.s.o.a.h.c.h.p.RequestAddCookies - Cookie spec selected: strict
2024-07-24 14:30:03.973 [Test worker] DEBUG c.g.d.z.s.o.a.h.c.h.p.RequestAuthCache - Auth cache not set in the context
2024-07-24 14:30:03.973 [Test worker] DEBUG c.g.d.z.s.o.a.h.c.h.i.c.ProtocolExec - ex-0000002C: target auth state: UNCHALLENGED
2024-07-24 14:30:03.973 [Test worker] DEBUG c.g.d.z.s.o.a.h.c.h.i.c.ProtocolExec - ex-0000002C: proxy auth state: UNCHALLENGED
2024-07-24 14:30:03.973 [Test worker] DEBUG c.g.d.z.s.o.a.h.c.h.i.c.ConnectExec - ex-0000002C: acquiring connection with route {}->npipe://localhost:2375
2024-07-24 14:30:03.974 [Test worker] DEBUG c.g.d.z.s.o.a.h.c.h.i.c.InternalHttpClient - ex-0000002C: acquiring endpoint (3 MINUTES)
2024-07-24 14:30:03.974 [Test worker] DEBUG c.g.d.z.s.o.a.h.c.h.i.i.PoolingHttpClientConnectionManager - ex-0000002C: endpoint lease request (3 MINUTES) [route: {}->npipe://localhost:2375][total available: 1; route allocated: 1 of 2147483647; total allocated: 1 of 2147483647]
2024-07-24 14:30:03.974 [Test worker] DEBUG c.g.d.z.s.o.a.h.c.h.i.i.PoolingHttpClientConnectionManager - ex-0000002C: endpoint leased [route: {}->npipe://localhost:2375][total available: 0; route allocated: 1 of 2147483647; total allocated: 1 of 2147483647]
2024-07-24 14:30:03.974 [Test worker] DEBUG c.g.d.z.s.o.a.h.c.h.i.i.PoolingHttpClientConnectionManager - ex-0000002C: acquired ep-0000002B
2024-07-24 14:30:03.974 [Test worker] DEBUG c.g.d.z.s.o.a.h.c.h.i.c.InternalHttpClient - ex-0000002C: acquired endpoint ep-0000002B
2024-07-24 14:30:03.974 [Test worker] DEBUG c.g.d.z.s.o.a.h.c.h.i.c.MainClientExec - ex-0000002C: executing POST /v1.32/containers/6ef7ad2c2ced3b0532189b670e96c4e62679bb3b626e0cca17efa156b5457d4b/start HTTP/1.1
2024-07-24 14:30:03.974 [Test worker] DEBUG c.g.d.z.s.o.a.h.c.h.i.c.InternalHttpClient - ep-0000002B: start execution ex-0000002C
2024-07-24 14:30:03.974 [Test worker] DEBUG c.g.d.z.s.o.a.h.c.h.i.i.PoolingHttpClientConnectionManager - ep-0000002B: executing exchange ex-0000002C over http-outgoing-4
2024-07-24 14:30:03.974 [Test worker] DEBUG c.g.d.z.s.o.a.h.client5.http.headers - http-outgoing-4 >> POST /v1.32/containers/6ef7ad2c2ced3b0532189b670e96c4e62679bb3b626e0cca17efa156b5457d4b/start HTTP/1.1
2024-07-24 14:30:03.974 [Test worker] DEBUG c.g.d.z.s.o.a.h.client5.http.headers - http-outgoing-4 >> accept: application/json
2024-07-24 14:30:03.974 [Test worker] DEBUG c.g.d.z.s.o.a.h.client5.http.headers - http-outgoing-4 >> content-type: application/json
2024-07-24 14:30:03.974 [Test worker] DEBUG c.g.d.z.s.o.a.h.client5.http.headers - http-outgoing-4 >> x-tc-sid: 280e6229-7396-4d60-b1e3-a5de48b5d49b
2024-07-24 14:30:03.974 [Test worker] DEBUG c.g.d.z.s.o.a.h.client5.http.headers - http-outgoing-4 >> User-Agent: tc-java/1.19.8
2024-07-24 14:30:03.974 [Test worker] DEBUG c.g.d.z.s.o.a.h.client5.http.headers - http-outgoing-4 >> Accept-Encoding: gzip, x-gzip, deflate
2024-07-24 14:30:03.974 [Test worker] DEBUG c.g.d.z.s.o.a.h.client5.http.headers - http-outgoing-4 >> Host: localhost:2375
2024-07-24 14:30:03.974 [Test worker] DEBUG c.g.d.z.s.o.a.h.client5.http.headers - http-outgoing-4 >> Connection: keep-alive
2024-07-24 14:30:03.974 [Test worker] DEBUG c.g.d.z.s.o.a.hc.client5.http.wire - http-outgoing-4 >> "POST /v1.32/containers/6ef7ad2c2ced3b0532189b670e96c4e62679bb3b626e0cca17efa156b5457d4b/start HTTP/1.1[\r][\n]"
2024-07-24 14:30:03.974 [Test worker] DEBUG c.g.d.z.s.o.a.hc.client5.http.wire - http-outgoing-4 >> "accept: application/json[\r][\n]"
2024-07-24 14:30:03.974 [Test worker] DEBUG c.g.d.z.s.o.a.hc.client5.http.wire - http-outgoing-4 >> "content-type: application/json[\r][\n]"
2024-07-24 14:30:03.974 [Test worker] DEBUG c.g.d.z.s.o.a.hc.client5.http.wire - http-outgoing-4 >> "x-tc-sid: 280e6229-7396-4d60-b1e3-a5de48b5d49b[\r][\n]"
2024-07-24 14:30:03.974 [Test worker] DEBUG c.g.d.z.s.o.a.hc.client5.http.wire - http-outgoing-4 >> "User-Agent: tc-java/1.19.8[\r][\n]"
2024-07-24 14:30:03.974 [Test worker] DEBUG c.g.d.z.s.o.a.hc.client5.http.wire - http-outgoing-4 >> "Accept-Encoding: gzip, x-gzip, deflate[\r][\n]"
2024-07-24 14:30:03.974 [Test worker] DEBUG c.g.d.z.s.o.a.hc.client5.http.wire - http-outgoing-4 >> "Host: localhost:2375[\r][\n]"
2024-07-24 14:30:03.974 [Test worker] DEBUG c.g.d.z.s.o.a.hc.client5.http.wire - http-outgoing-4 >> "Connection: keep-alive[\r][\n]"
2024-07-24 14:30:03.974 [Test worker] DEBUG c.g.d.z.s.o.a.hc.client5.http.wire - http-outgoing-4 >> "[\r][\n]"
2024-07-24 14:30:04.312 [Test worker] DEBUG c.g.d.z.s.o.a.hc.client5.http.wire - http-outgoing-4 << "HTTP/1.1 204 No Content[\r][\n]"
2024-07-24 14:30:04.312 [Test worker] DEBUG c.g.d.z.s.o.a.hc.client5.http.wire - http-outgoing-4 << "Api-Version: 1.45[\r][\n]"
2024-07-24 14:30:04.312 [Test worker] DEBUG c.g.d.z.s.o.a.hc.client5.http.wire - http-outgoing-4 << "Date: Wed, 24 Jul 2024 02:30:04 GMT[\r][\n]"
2024-07-24 14:30:04.312 [Test worker] DEBUG c.g.d.z.s.o.a.hc.client5.http.wire - http-outgoing-4 << "Docker-Experimental: false[\r][\n]"
2024-07-24 14:30:04.312 [Test worker] DEBUG c.g.d.z.s.o.a.hc.client5.http.wire - http-outgoing-4 << "Ostype: linux[\r][\n]"
2024-07-24 14:30:04.312 [Test worker] DEBUG c.g.d.z.s.o.a.hc.client5.http.wire - http-outgoing-4 << "Server: Docker/26.0.0 (linux)[\r][\n]"
2024-07-24 14:30:04.312 [Test worker] DEBUG c.g.d.z.s.o.a.hc.client5.http.wire - http-outgoing-4 << "[\r][\n]"
2024-07-24 14:30:04.313 [Test worker] DEBUG c.g.d.z.s.o.a.h.client5.http.headers - http-outgoing-4 << HTTP/1.1 204 No Content
2024-07-24 14:30:04.313 [Test worker] DEBUG c.g.d.z.s.o.a.h.client5.http.headers - http-outgoing-4 << Api-Version: 1.45
2024-07-24 14:30:04.313 [Test worker] DEBUG c.g.d.z.s.o.a.h.client5.http.headers - http-outgoing-4 << Date: Wed, 24 Jul 2024 02:30:04 GMT
2024-07-24 14:30:04.313 [Test worker] DEBUG c.g.d.z.s.o.a.h.client5.http.headers - http-outgoing-4 << Docker-Experimental: false
2024-07-24 14:30:04.313 [Test worker] DEBUG c.g.d.z.s.o.a.h.client5.http.headers - http-outgoing-4 << Ostype: linux
2024-07-24 14:30:04.313 [Test worker] DEBUG c.g.d.z.s.o.a.h.client5.http.headers - http-outgoing-4 << Server: Docker/26.0.0 (linux)
2024-07-24 14:30:04.313 [Test worker] DEBUG c.g.d.z.s.o.a.h.c.h.i.c.MainClientExec - ex-0000002C: connection can be kept alive for 3 MINUTES
2024-07-24 14:30:04.313 [Test worker] DEBUG c.g.d.z.s.o.a.h.c.h.i.c.InternalHttpClient - ep-0000002B: releasing valid endpoint
2024-07-24 14:30:04.313 [Test worker] DEBUG c.g.d.z.s.o.a.h.c.h.i.i.PoolingHttpClientConnectionManager - ep-0000002B: releasing endpoint
2024-07-24 14:30:04.314 [Test worker] DEBUG c.g.d.z.s.o.a.h.c.h.i.i.PoolingHttpClientConnectionManager - ep-0000002B: connection http-outgoing-4 can be kept alive for 3 MINUTES
2024-07-24 14:30:04.314 [Test worker] DEBUG c.g.d.z.s.o.a.h.c.h.i.i.PoolingHttpClientConnectionManager - ep-0000002B: connection released [route: {}->npipe://localhost:2375][total available: 1; route allocated: 1 of 2147483647; total allocated: 1 of 2147483647]
2024-07-24 14:30:04.314 [Test worker] DEBUG o.t.s.c.g.d.c.command.AbstrDockerCmd - Cmd: 6ef7ad2c2ced3b0532189b670e96c4e62679bb3b626e0cca17efa156b5457d4b,false
2024-07-24 14:30:04.314 [Test worker] DEBUG o.t.s.c.g.d.c.e.InspectContainerCmdExec - GET: DefaultWebTarget{path=[/containers/6ef7ad2c2ced3b0532189b670e96c4e62679bb3b626e0cca17efa156b5457d4b/json], queryParams={}}
2024-07-24 14:30:04.315 [Test worker] DEBUG c.g.d.z.s.o.a.h.c.h.i.c.InternalHttpClient - ex-0000002D: preparing request execution
2024-07-24 14:30:04.315 [Test worker] DEBUG c.g.d.z.s.o.a.h.c.h.p.RequestAddCookies - Cookie spec selected: strict
2024-07-24 14:30:04.315 [Test worker] DEBUG c.g.d.z.s.o.a.h.c.h.p.RequestAuthCache - Auth cache not set in the context
2024-07-24 14:30:04.315 [Test worker] DEBUG c.g.d.z.s.o.a.h.c.h.i.c.ProtocolExec - ex-0000002D: target auth state: UNCHALLENGED
2024-07-24 14:30:04.315 [Test worker] DEBUG c.g.d.z.s.o.a.h.c.h.i.c.ProtocolExec - ex-0000002D: proxy auth state: UNCHALLENGED
2024-07-24 14:30:04.315 [Test worker] DEBUG c.g.d.z.s.o.a.h.c.h.i.c.ConnectExec - ex-0000002D: acquiring connection with route {}->npipe://localhost:2375
2024-07-24 14:30:04.315 [Test worker] DEBUG c.g.d.z.s.o.a.h.c.h.i.c.InternalHttpClient - ex-0000002D: acquiring endpoint (3 MINUTES)
2024-07-24 14:30:04.315 [Test worker] DEBUG c.g.d.z.s.o.a.h.c.h.i.i.PoolingHttpClientConnectionManager - ex-0000002D: endpoint lease request (3 MINUTES) [route: {}->npipe://localhost:2375][total available: 1; route allocated: 1 of 2147483647; total allocated: 1 of 2147483647]
2024-07-24 14:30:04.315 [Test worker] DEBUG c.g.d.z.s.o.a.h.c.h.i.i.PoolingHttpClientConnectionManager - ex-0000002D: endpoint leased [route: {}->npipe://localhost:2375][total available: 0; route allocated: 1 of 2147483647; total allocated: 1 of 2147483647]
2024-07-24 14:30:04.315 [Test worker] DEBUG c.g.d.z.s.o.a.h.c.h.i.i.PoolingHttpClientConnectionManager - ex-0000002D: acquired ep-0000002C
2024-07-24 14:30:04.315 [Test worker] DEBUG c.g.d.z.s.o.a.h.c.h.i.c.InternalHttpClient - ex-0000002D: acquired endpoint ep-0000002C
2024-07-24 14:30:04.316 [Test worker] DEBUG c.g.d.z.s.o.a.h.c.h.i.c.MainClientExec - ex-0000002D: executing GET /v1.32/containers/6ef7ad2c2ced3b0532189b670e96c4e62679bb3b626e0cca17efa156b5457d4b/json HTTP/1.1
2024-07-24 14:30:04.316 [Test worker] DEBUG c.g.d.z.s.o.a.h.c.h.i.c.InternalHttpClient - ep-0000002C: start execution ex-0000002D
2024-07-24 14:30:04.316 [Test worker] DEBUG c.g.d.z.s.o.a.h.c.h.i.i.PoolingHttpClientConnectionManager - ep-0000002C: executing exchange ex-0000002D over http-outgoing-4
2024-07-24 14:30:04.316 [Test worker] DEBUG c.g.d.z.s.o.a.h.client5.http.headers - http-outgoing-4 >> GET /v1.32/containers/6ef7ad2c2ced3b0532189b670e96c4e62679bb3b626e0cca17efa156b5457d4b/json HTTP/1.1
2024-07-24 14:30:04.316 [Test worker] DEBUG c.g.d.z.s.o.a.h.client5.http.headers - http-outgoing-4 >> accept: application/json
2024-07-24 14:30:04.316 [Test worker] DEBUG c.g.d.z.s.o.a.h.client5.http.headers - http-outgoing-4 >> x-tc-sid: 280e6229-7396-4d60-b1e3-a5de48b5d49b
2024-07-24 14:30:04.316 [Test worker] DEBUG c.g.d.z.s.o.a.h.client5.http.headers - http-outgoing-4 >> User-Agent: tc-java/1.19.8
2024-07-24 14:30:04.316 [Test worker] DEBUG c.g.d.z.s.o.a.h.client5.http.headers - http-outgoing-4 >> Accept-Encoding: gzip, x-gzip, deflate
2024-07-24 14:30:04.316 [Test worker] DEBUG c.g.d.z.s.o.a.h.client5.http.headers - http-outgoing-4 >> Host: localhost:2375
2024-07-24 14:30:04.316 [Test worker] DEBUG c.g.d.z.s.o.a.h.client5.http.headers - http-outgoing-4 >> Connection: keep-alive
2024-07-24 14:30:04.316 [Test worker] DEBUG c.g.d.z.s.o.a.hc.client5.http.wire - http-outgoing-4 >> "GET /v1.32/containers/6ef7ad2c2ced3b0532189b670e96c4e62679bb3b626e0cca17efa156b5457d4b/json HTTP/1.1[\r][\n]"
2024-07-24 14:30:04.316 [Test worker] DEBUG c.g.d.z.s.o.a.hc.client5.http.wire - http-outgoing-4 >> "accept: application/json[\r][\n]"
2024-07-24 14:30:04.316 [Test worker] DEBUG c.g.d.z.s.o.a.hc.client5.http.wire - http-outgoing-4 >> "x-tc-sid: 280e6229-7396-4d60-b1e3-a5de48b5d49b[\r][\n]"
2024-07-24 14:30:04.316 [Test worker] DEBUG c.g.d.z.s.o.a.hc.client5.http.wire - http-outgoing-4 >> "User-Agent: tc-java/1.19.8[\r][\n]"
2024-07-24 14:30:04.316 [Test worker] DEBUG c.g.d.z.s.o.a.hc.client5.http.wire - http-outgoing-4 >> "Accept-Encoding: gzip, x-gzip, deflate[\r][\n]"
2024-07-24 14:30:04.316 [Test worker] DEBUG c.g.d.z.s.o.a.hc.client5.http.wire - http-outgoing-4 >> "Host: localhost:2375[\r][\n]"
2024-07-24 14:30:04.316 [Test worker] DEBUG c.g.d.z.s.o.a.hc.client5.http.wire - http-outgoing-4 >> "Connection: keep-alive[\r][\n]"
2024-07-24 14:30:04.316 [Test worker] DEBUG c.g.d.z.s.o.a.hc.client5.http.wire - http-outgoing-4 >> "[\r][\n]"
2024-07-24 14:30:04.320 [Test worker] DEBUG c.g.d.z.s.o.a.hc.client5.http.wire - http-outgoing-4 << "HTTP/1.1 200 OK[\r][\n]"
2024-07-24 14:30:04.320 [Test worker] DEBUG c.g.d.z.s.o.a.hc.client5.http.wire - http-outgoing-4 << "Api-Version: 1.45[\r][\n]"
2024-07-24 14:30:04.320 [Test worker] DEBUG c.g.d.z.s.o.a.hc.client5.http.wire - http-outgoing-4 << "Content-Type: application/json[\r][\n]"
2024-07-24 14:30:04.320 [Test worker] DEBUG c.g.d.z.s.o.a.hc.client5.http.wire - http-outgoing-4 << "Date: Wed, 24 Jul 2024 02:30:04 GMT[\r][\n]"
2024-07-24 14:30:04.320 [Test worker] DEBUG c.g.d.z.s.o.a.hc.client5.http.wire - http-outgoing-4 << "Docker-Experimental: false[\r][\n]"
2024-07-24 14:30:04.320 [Test worker] DEBUG c.g.d.z.s.o.a.hc.client5.http.wire - http-outgoing-4 << "Ostype: linux[\r][\n]"
2024-07-24 14:30:04.320 [Test worker] DEBUG c.g.d.z.s.o.a.hc.client5.http.wire - http-outgoing-4 << "Server: Docker/26.0.0 (linux)[\r][\n]"
2024-07-24 14:30:04.320 [Test worker] DEBUG c.g.d.z.s.o.a.hc.client5.http.wire - http-outgoing-4 << "Transfer-Encoding: chunked[\r][\n]"
2024-07-24 14:30:04.320 [Test worker] DEBUG c.g.d.z.s.o.a.hc.client5.http.wire - http-outgoing-4 << "[\r][\n]"
2024-07-24 14:30:04.320 [Test worker] DEBUG c.g.d.z.s.o.a.h.client5.http.headers - http-outgoing-4 << HTTP/1.1 200 OK
2024-07-24 14:30:04.320 [Test worker] DEBUG c.g.d.z.s.o.a.h.client5.http.headers - http-outgoing-4 << Api-Version: 1.45
2024-07-24 14:30:04.320 [Test worker] DEBUG c.g.d.z.s.o.a.h.client5.http.headers - http-outgoing-4 << Content-Type: application/json
2024-07-24 14:30:04.320 [Test worker] DEBUG c.g.d.z.s.o.a.h.client5.http.headers - http-outgoing-4 << Date: Wed, 24 Jul 2024 02:30:04 GMT
2024-07-24 14:30:04.320 [Test worker] DEBUG c.g.d.z.s.o.a.h.client5.http.headers - http-outgoing-4 << Docker-Experimental: false
2024-07-24 14:30:04.320 [Test worker] DEBUG c.g.d.z.s.o.a.h.client5.http.headers - http-outgoing-4 << Ostype: linux
2024-07-24 14:30:04.320 [Test worker] DEBUG c.g.d.z.s.o.a.h.client5.http.headers - http-outgoing-4 << Server: Docker/26.0.0 (linux)
2024-07-24 14:30:04.320 [Test worker] DEBUG c.g.d.z.s.o.a.h.client5.http.headers - http-outgoing-4 << Transfer-Encoding: chunked
2024-07-24 14:30:04.320 [Test worker] DEBUG c.g.d.z.s.o.a.h.c.h.i.c.MainClientExec - ex-0000002D: connection can be kept alive for 3 MINUTES
2024-07-24 14:30:04.321 [Test worker] DEBUG c.g.d.z.s.o.a.hc.client5.http.wire - http-outgoing-4 << "1a3c[\r][\n]"
2024-07-24 14:30:04.321 [Test worker] DEBUG c.g.d.z.s.o.a.hc.client5.http.wire - http-outgoing-4 << "{"Id":"6ef7ad2c2ced3b0532189b670e96c4e62679bb3b626e0cca17efa156b5457d4b","Created":"2024-07-24T02:30:03.820881247Z","Path":"docker-entrypoint.sh","Args":["postgres","-c","fsync=off"],"State":{"Status":"running","Running":true,"Paused":false,"Restarting":false,"OOMKilled":false,"Dead":false,"Pid":28260,"ExitCode":0,"Error":"","StartedAt":"2024-07-24T02:30:04.293927765Z","FinishedAt":"0001-01-01T00:00:00Z"},"Image":"sha256:8e4fc9e184899a58735e7ee333f5e272d7d2298cf59302006b71f33e217be130","ResolvConfPath":"/var/lib/docker/containers/6ef7ad2c2ced3b0532189b670e96c4e62679bb3b626e0cca17efa156b5457d4b/resolv.conf","HostnamePath":"/var/lib/docker/containers/6ef7ad2c2ced3b0532189b670e96c4e62679bb3b626e0cca17efa156b5457d4b/hostname","HostsPath":"/var/lib/docker/containers/6ef7ad2c2ced3b0532189b670e96c4e62679bb3b626e0cca17efa156b5457d4b/hosts","LogPath":"/var/lib/docker/containers/6ef7ad2c2ced3b0532189b670e96c4e62679bb3b626e0cca17efa156b5457d4b/6ef7ad2c2ced3b0532189b670e96c4e62679bb3b626e0cca17efa156b5457d4b-json.log","Name":"/hardcore_heisenberg","RestartCount":0,"Driver":"overlay2","Platform":"linux","MountLabel":"","ProcessLabel":"","AppArmorProfile":"","ExecIDs":null,"HostConfig":{"Binds":[],"ContainerIDFile":"","LogConfig":{"Type":"json-file","Config":{}},"NetworkMode":"default","PortBindings":{"5432/tcp":[{"HostIp":"0.0.0.0","HostPort":"0"}]},"RestartPolicy":{"Name":"no","MaximumRetryCount":0},"AutoRemove":false,"VolumeDriver":"","VolumesFrom":[],"ConsoleSize":[0,0],"CapAdd":null,"CapDrop":null,"CgroupnsMode":"host","Dns":null,"DnsOptions":null,"DnsSearch":null,"ExtraHosts":[],"GroupAdd":null,"IpcMode":"shareable","Cgroup":"","Links":null,"OomScoreAdj":0,"PidMode":"","Privileged":false,"PublishAllPorts":false,"ReadonlyRootfs":false,"SecurityOpt":null,"UTSMode":"","UsernsMode":"","ShmSize":67108864,"Runtime":"runc","Isolation":"","CpuShares":0,"Memory":0,"NanoCpus":0,"CgroupParent":"","BlkioWeight":0,"BlkioWeightDevice":null,"BlkioDeviceReadBps":null,"BlkioDeviceWriteBps":null,"BlkioDeviceReadIOps":null,"BlkioDeviceWriteIOps":null,"CpuPeriod":0,"CpuQuota":0,"CpuRealtimePeriod":0,"CpuRealtimeRuntime":0,"CpusetCpus":"","CpusetMems":"","Devices":null,"DeviceCgroupRules":null,"DeviceRequests":null,"MemoryReservation":0,"MemorySwap":0,"MemorySwappiness":null,"OomKillDisable":false,"PidsLimit":null,"Ulimits":null,"CpuCount":0,"CpuPercent":0,"IOMaximumIOps":0,"IOMaximumBandwidth":0,"MaskedPaths":["/proc/asound","/proc/acpi","/proc/kcore","/proc/keys","/proc/latency_stats","/proc/timer_list","/proc/timer_stats","/proc/sched_debug","/proc/scsi","/sys/firmware","/sys/devices/virtual/powercap"],"ReadonlyPaths":["/proc/bus","/proc/fs","/proc/irq","/proc/sys","/proc/sysrq-trigger"]},"GraphDriver":{"Data":{"LowerDir":"/var/lib/docker/overlay2/8b670b3c37255ca68d5db8d053a3a290dfba7b72f94effd49c1fcfebf54abe8c-init/diff:/var/lib/docker/overlay2/8f0ddbd386af0785c2e348570516955816ab350305d698d363962d488eeb15ec/diff:/var/lib/docker/overlay2/0eb0ca73e9b0be7c3d7fa8762ef4778a68f38391bc84c037c2e90b88e781b475/diff:/var/lib/docker/overlay2/74e634bddc785c5d436b10a5158cd82e21dc2065fd1cf8ff9c1c12e01575a2d8/diff:/var/lib/docker/overlay2/bb918b2851cd2f508f1e3fdbfff8b7f8b041d61e65fe8c368288bf399e80b818/diff:/var/lib/docker/overlay2/2abab2946cbdc2941ee8ec4024c51dac7313dee9de5fbedd1ca33388c59eb3c8/diff:/var/lib/docker/overlay2/e12f6083ee669bd92743ceb339a896bb25dbe461b718705bb39eb410b80c0ecd/diff:/var/lib/docker/overlay2/ced1e86d670d097da5ed4da7288c22507735918959161c2cd8bf083fb30d169a/diff:/var/lib/docker/overlay2/94e9ac7b74923285ae73af20aeccb964ca9079e2305db367cb85d1603560472d/diff:/var/lib/docker/overlay2/a396b6dfd63f0c228c519871183c614cccf4d366a43460f27ecf97113c3c4be8/diff:/var/lib/docker/overlay2/f58ada5d5080c2bac553c734f81127660a90581a35ed2a92cebe3c59e340875b/diff:/var/lib/docker/overlay2/84f85636f37bf55d945e217b4f87a856eba7932284beaf042561007b66f48977/diff:/var/lib/docker/overlay2/1e6e519613884e91a2b74a588ba35dc8a2f789371ab798ef6e7d9836d756042f/diff:/var/lib/docker/overlay2/14a3151cc8b4f9d27d2e64f1a8abc0c7809309580f2d7e8dc8545055c1d56194/diff:/var/lib"
2024-07-24 14:30:04.321 [Test worker] DEBUG c.g.d.z.s.o.a.hc.client5.http.wire - http-outgoing-4 << "/docker/overlay2/5b354b9e793401517fe2f1da697653fdaadffc54888eaf76d67e0600b8c68bdc/diff","MergedDir":"/var/lib/docker/overlay2/8b670b3c37255ca68d5db8d053a3a290dfba7b72f94effd49c1fcfebf54abe8c/merged","UpperDir":"/var/lib/docker/overlay2/8b670b3c37255ca68d5db8d053a3a290dfba7b72f94effd49c1fcfebf54abe8c/diff","WorkDir":"/var/lib/docker/overlay2/8b670b3c37255ca68d5db8d053a3a290dfba7b72f94effd49c1fcfebf54abe8c/work"},"Name":"overlay2"},"Mounts":[{"Type":"volume","Name":"2ed3901b4d73286bb91959d682dbdb07fbe295d4f28c8bf8d9ccfc19e5809326","Source":"/var/lib/docker/volumes/2ed3901b4d73286bb91959d682dbdb07fbe295d4f28c8bf8d9ccfc19e5809326/_data","Destination":"/var/lib/postgresql/data","Driver":"local","Mode":"","RW":true,"Propagation":""}],"Config":{"Hostname":"6ef7ad2c2ced","Domainname":"","User":"","AttachStdin":false,"AttachStdout":false,"AttachStderr":false,"ExposedPorts":{"5432/tcp":{}},"Tty":false,"OpenStdin":false,"StdinOnce":false,"Env":["POSTGRES_USER=user","POSTGRES_PASSWORD=password","POSTGRES_DB=db","PATH=/usr/local/sbin:/usr/local/bin:/usr/sbin:/usr/bin:/sbin:/bin:/usr/lib/postgresql/16/bin","GOSU_VERSION=1.17","LANG=en_US.utf8","PG_MAJOR=16","PG_VERSION=16.2-1.pgdg120+2","PGDATA=/var/lib/postgresql/data"],"Cmd":["postgres","-c","fsync=off"],"Image":"postgres:latest","Volumes":{"/var/lib/postgresql/data":{}},"WorkingDir":"","Entrypoint":["docker-entrypoint.sh"],"OnBuild":null,"Labels":{"org.testcontainers":"true","org.testcontainers.lang":"java","org.testcontainers.sessionId":"280e6229-7396-4d60-b1e3-a5de48b5d49b","org.testcontainers.version":"1.19.8"},"StopSignal":"SIGINT"},"NetworkSettings":{"Bridge":"","SandboxID":"342ed89d13189dd1385d1489c4e5fa31c73791954bf06b3e23d6d2426ce6c503","SandboxKey":"/var/run/docker/netns/342ed89d1318","Ports":{"5432/tcp":[{"HostIp":"0.0.0.0","HostPort":"51516"}]},"HairpinMode":false,"LinkLocalIPv6Address":"","LinkLocalIPv6PrefixLen":0,"SecondaryIPAddresses":null,"SecondaryIPv6Addresses":null,"EndpointID":"8bbd5206ed89a231763e6a2f1ec09e140a2b0ac76723ba30d9e14222cfee5f95","Gateway":"172.17.0.1","GlobalIPv6Address":"","GlobalIPv6PrefixLen":0,"IPAddress":"172.17.0.3","IPPrefixLen":16,"IPv6Gateway":"","MacAddress":"02:42:ac:11:00:03","Networks":{"bridge":{"IPAMConfig":null,"Links":null,"Aliases":null,"MacAddress":"02:42:ac:11:00:03","NetworkID":"3c842496be344cbdae878c1dee0957e7bc7c0a2236009c92752030f2b053e72f","EndpointID":"8bbd5206ed89a231763e6a2f1ec09e140a2b0ac76723ba30d9e14222cfee5f95","Gateway":"172.17.0.1","IPAddress":"172.17.0.3","IPPrefixLen":16,"IPv6Gateway":"","GlobalIPv6Address":"","GlobalIPv6PrefixLen":0,"DriverOpts":null,"DNSNames":null}}}}[\n]"
2024-07-24 14:30:04.323 [Test worker] DEBUG c.g.d.z.s.o.a.hc.client5.http.wire - http-outgoing-4 << "[\r][\n]"
2024-07-24 14:30:04.323 [Test worker] DEBUG c.g.d.z.s.o.a.hc.client5.http.wire - http-outgoing-4 << "0[\r][\n]"
2024-07-24 14:30:04.323 [Test worker] DEBUG c.g.d.z.s.o.a.hc.client5.http.wire - http-outgoing-4 << "[\r][\n]"
2024-07-24 14:30:04.323 [Test worker] DEBUG c.g.d.z.s.o.a.h.c.h.i.c.InternalHttpClient - ep-0000002C: releasing valid endpoint
2024-07-24 14:30:04.323 [Test worker] DEBUG c.g.d.z.s.o.a.h.c.h.i.i.PoolingHttpClientConnectionManager - ep-0000002C: releasing endpoint
2024-07-24 14:30:04.323 [Test worker] DEBUG c.g.d.z.s.o.a.h.c.h.i.i.PoolingHttpClientConnectionManager - ep-0000002C: connection http-outgoing-4 can be kept alive for 3 MINUTES
2024-07-24 14:30:04.323 [Test worker] DEBUG c.g.d.z.s.o.a.h.c.h.i.i.PoolingHttpClientConnectionManager - ep-0000002C: connection released [route: {}->npipe://localhost:2375][total available: 1; route allocated: 1 of 2147483647; total allocated: 1 of 2147483647]
2024-07-24 14:30:04.324 [Test worker] DEBUG o.t.s.c.g.d.c.command.AbstrDockerCmd - Cmd: sha256:8e4fc9e184899a58735e7ee333f5e272d7d2298cf59302006b71f33e217be130
2024-07-24 14:30:04.324 [Test worker] TRACE o.t.s.c.g.d.c.e.InspectImageCmdExec - GET: DefaultWebTarget{path=[/images/sha256:8e4fc9e184899a58735e7ee333f5e272d7d2298cf59302006b71f33e217be130/json], queryParams={}}
2024-07-24 14:30:04.324 [Test worker] DEBUG c.g.d.z.s.o.a.h.c.h.i.c.InternalHttpClient - ex-0000002E: preparing request execution
2024-07-24 14:30:04.324 [Test worker] DEBUG c.g.d.z.s.o.a.h.c.h.p.RequestAddCookies - Cookie spec selected: strict
2024-07-24 14:30:04.324 [Test worker] DEBUG c.g.d.z.s.o.a.h.c.h.p.RequestAuthCache - Auth cache not set in the context
2024-07-24 14:30:04.324 [Test worker] DEBUG c.g.d.z.s.o.a.h.c.h.i.c.ProtocolExec - ex-0000002E: target auth state: UNCHALLENGED
2024-07-24 14:30:04.324 [Test worker] DEBUG c.g.d.z.s.o.a.h.c.h.i.c.ProtocolExec - ex-0000002E: proxy auth state: UNCHALLENGED
2024-07-24 14:30:04.324 [Test worker] DEBUG c.g.d.z.s.o.a.h.c.h.i.c.ConnectExec - ex-0000002E: acquiring connection with route {}->npipe://localhost:2375
2024-07-24 14:30:04.324 [Test worker] DEBUG c.g.d.z.s.o.a.h.c.h.i.c.InternalHttpClient - ex-0000002E: acquiring endpoint (3 MINUTES)
2024-07-24 14:30:04.324 [Test worker] DEBUG c.g.d.z.s.o.a.h.c.h.i.i.PoolingHttpClientConnectionManager - ex-0000002E: endpoint lease request (3 MINUTES) [route: {}->npipe://localhost:2375][total available: 1; route allocated: 1 of 2147483647; total allocated: 1 of 2147483647]
2024-07-24 14:30:04.324 [Test worker] DEBUG c.g.d.z.s.o.a.h.c.h.i.i.PoolingHttpClientConnectionManager - ex-0000002E: endpoint leased [route: {}->npipe://localhost:2375][total available: 0; route allocated: 1 of 2147483647; total allocated: 1 of 2147483647]
2024-07-24 14:30:04.324 [Test worker] DEBUG c.g.d.z.s.o.a.h.c.h.i.i.PoolingHttpClientConnectionManager - ex-0000002E: acquired ep-0000002D
2024-07-24 14:30:04.324 [Test worker] DEBUG c.g.d.z.s.o.a.h.c.h.i.c.InternalHttpClient - ex-0000002E: acquired endpoint ep-0000002D
2024-07-24 14:30:04.324 [Test worker] DEBUG c.g.d.z.s.o.a.h.c.h.i.c.MainClientExec - ex-0000002E: executing GET /v1.32/images/sha256:8e4fc9e184899a58735e7ee333f5e272d7d2298cf59302006b71f33e217be130/json HTTP/1.1
2024-07-24 14:30:04.324 [Test worker] DEBUG c.g.d.z.s.o.a.h.c.h.i.c.InternalHttpClient - ep-0000002D: start execution ex-0000002E
2024-07-24 14:30:04.324 [Test worker] DEBUG c.g.d.z.s.o.a.h.c.h.i.i.PoolingHttpClientConnectionManager - ep-0000002D: executing exchange ex-0000002E over http-outgoing-4
2024-07-24 14:30:04.325 [Test worker] DEBUG c.g.d.z.s.o.a.h.client5.http.headers - http-outgoing-4 >> GET /v1.32/images/sha256:8e4fc9e184899a58735e7ee333f5e272d7d2298cf59302006b71f33e217be130/json HTTP/1.1
2024-07-24 14:30:04.325 [Test worker] DEBUG c.g.d.z.s.o.a.h.client5.http.headers - http-outgoing-4 >> accept: application/json
2024-07-24 14:30:04.325 [Test worker] DEBUG c.g.d.z.s.o.a.h.client5.http.headers - http-outgoing-4 >> x-tc-sid: 280e6229-7396-4d60-b1e3-a5de48b5d49b
2024-07-24 14:30:04.325 [Test worker] DEBUG c.g.d.z.s.o.a.h.client5.http.headers - http-outgoing-4 >> User-Agent: tc-java/1.19.8
2024-07-24 14:30:04.325 [Test worker] DEBUG c.g.d.z.s.o.a.h.client5.http.headers - http-outgoing-4 >> Accept-Encoding: gzip, x-gzip, deflate
2024-07-24 14:30:04.325 [Test worker] DEBUG c.g.d.z.s.o.a.h.client5.http.headers - http-outgoing-4 >> Host: localhost:2375
2024-07-24 14:30:04.325 [Test worker] DEBUG c.g.d.z.s.o.a.h.client5.http.headers - http-outgoing-4 >> Connection: keep-alive
2024-07-24 14:30:04.325 [Test worker] DEBUG c.g.d.z.s.o.a.hc.client5.http.wire - http-outgoing-4 >> "GET /v1.32/images/sha256:8e4fc9e184899a58735e7ee333f5e272d7d2298cf59302006b71f33e217be130/json HTTP/1.1[\r][\n]"
2024-07-24 14:30:04.325 [Test worker] DEBUG c.g.d.z.s.o.a.hc.client5.http.wire - http-outgoing-4 >> "accept: application/json[\r][\n]"
2024-07-24 14:30:04.325 [Test worker] DEBUG c.g.d.z.s.o.a.hc.client5.http.wire - http-outgoing-4 >> "x-tc-sid: 280e6229-7396-4d60-b1e3-a5de48b5d49b[\r][\n]"
2024-07-24 14:30:04.325 [Test worker] DEBUG c.g.d.z.s.o.a.hc.client5.http.wire - http-outgoing-4 >> "User-Agent: tc-java/1.19.8[\r][\n]"
2024-07-24 14:30:04.325 [Test worker] DEBUG c.g.d.z.s.o.a.hc.client5.http.wire - http-outgoing-4 >> "Accept-Encoding: gzip, x-gzip, deflate[\r][\n]"
2024-07-24 14:30:04.325 [Test worker] DEBUG c.g.d.z.s.o.a.hc.client5.http.wire - http-outgoing-4 >> "Host: localhost:2375[\r][\n]"
2024-07-24 14:30:04.325 [Test worker] DEBUG c.g.d.z.s.o.a.hc.client5.http.wire - http-outgoing-4 >> "Connection: keep-alive[\r][\n]"
2024-07-24 14:30:04.325 [Test worker] DEBUG c.g.d.z.s.o.a.hc.client5.http.wire - http-outgoing-4 >> "[\r][\n]"
2024-07-24 14:30:04.328 [Test worker] DEBUG c.g.d.z.s.o.a.hc.client5.http.wire - http-outgoing-4 << "HTTP/1.1 200 OK[\r][\n]"
2024-07-24 14:30:04.328 [Test worker] DEBUG c.g.d.z.s.o.a.hc.client5.http.wire - http-outgoing-4 << "Api-Version: 1.45[\r][\n]"
2024-07-24 14:30:04.328 [Test worker] DEBUG c.g.d.z.s.o.a.hc.client5.http.wire - http-outgoing-4 << "Content-Type: application/json[\r][\n]"
2024-07-24 14:30:04.328 [Test worker] DEBUG c.g.d.z.s.o.a.hc.client5.http.wire - http-outgoing-4 << "Date: Wed, 24 Jul 2024 02:30:04 GMT[\r][\n]"
2024-07-24 14:30:04.328 [Test worker] DEBUG c.g.d.z.s.o.a.hc.client5.http.wire - http-outgoing-4 << "Docker-Experimental: false[\r][\n]"
2024-07-24 14:30:04.328 [Test worker] DEBUG c.g.d.z.s.o.a.hc.client5.http.wire - http-outgoing-4 << "Ostype: linux[\r][\n]"
2024-07-24 14:30:04.328 [Test worker] DEBUG c.g.d.z.s.o.a.hc.client5.http.wire - http-outgoing-4 << "Server: Docker/26.0.0 (linux)[\r][\n]"
2024-07-24 14:30:04.328 [Test worker] DEBUG c.g.d.z.s.o.a.hc.client5.http.wire - http-outgoing-4 << "Transfer-Encoding: chunked[\r][\n]"
2024-07-24 14:30:04.328 [Test worker] DEBUG c.g.d.z.s.o.a.hc.client5.http.wire - http-outgoing-4 << "[\r][\n]"
2024-07-24 14:30:04.328 [Test worker] DEBUG c.g.d.z.s.o.a.h.client5.http.headers - http-outgoing-4 << HTTP/1.1 200 OK
2024-07-24 14:30:04.328 [Test worker] DEBUG c.g.d.z.s.o.a.h.client5.http.headers - http-outgoing-4 << Api-Version: 1.45
2024-07-24 14:30:04.328 [Test worker] DEBUG c.g.d.z.s.o.a.h.client5.http.headers - http-outgoing-4 << Content-Type: application/json
2024-07-24 14:30:04.328 [Test worker] DEBUG c.g.d.z.s.o.a.h.client5.http.headers - http-outgoing-4 << Date: Wed, 24 Jul 2024 02:30:04 GMT
2024-07-24 14:30:04.328 [Test worker] DEBUG c.g.d.z.s.o.a.h.client5.http.headers - http-outgoing-4 << Docker-Experimental: false
2024-07-24 14:30:04.328 [Test worker] DEBUG c.g.d.z.s.o.a.h.client5.http.headers - http-outgoing-4 << Ostype: linux
2024-07-24 14:30:04.328 [Test worker] DEBUG c.g.d.z.s.o.a.h.client5.http.headers - http-outgoing-4 << Server: Docker/26.0.0 (linux)
2024-07-24 14:30:04.328 [Test worker] DEBUG c.g.d.z.s.o.a.h.client5.http.headers - http-outgoing-4 << Transfer-Encoding: chunked
2024-07-24 14:30:04.329 [Test worker] DEBUG c.g.d.z.s.o.a.h.c.h.i.c.MainClientExec - ex-0000002E: connection can be kept alive for 3 MINUTES
2024-07-24 14:30:04.330 [Test worker] DEBUG c.g.d.z.s.o.a.hc.client5.http.wire - http-outgoing-4 << "fcb[\r][\n]"
2024-07-24 14:30:04.330 [Test worker] DEBUG c.g.d.z.s.o.a.hc.client5.http.wire - http-outgoing-4 << "{"Id":"sha256:8e4fc9e184899a58735e7ee333f5e272d7d2298cf59302006b71f33e217be130","RepoTags":["postgres:latest"],"RepoDigests":["postgres@sha256:4aea012537edfad80f98d870a36e6b90b4c09b27be7f4b4759d72db863baeebb"],"Parent":"","Comment":"buildkit.dockerfile.v0","Created":"2024-02-21T00:46:13Z","ContainerConfig":{"Hostname":"","Domainname":"","User":"","AttachStdin":false,"AttachStdout":false,"AttachStderr":false,"Tty":false,"OpenStdin":false,"StdinOnce":false,"Env":null,"Cmd":null,"Image":"","Volumes":null,"WorkingDir":"","Entrypoint":null,"OnBuild":null,"Labels":null},"DockerVersion":"","Author":"","Config":{"Hostname":"","Domainname":"","User":"","AttachStdin":false,"AttachStdout":false,"AttachStderr":false,"ExposedPorts":{"5432/tcp":{}},"Tty":false,"OpenStdin":false,"StdinOnce":false,"Env":["PATH=/usr/local/sbin:/usr/local/bin:/usr/sbin:/usr/bin:/sbin:/bin:/usr/lib/postgresql/16/bin","GOSU_VERSION=1.17","LANG=en_US.utf8","PG_MAJOR=16","PG_VERSION=16.2-1.pgdg120+2","PGDATA=/var/lib/postgresql/data"],"Cmd":["postgres"],"ArgsEscaped":true,"Image":"","Volumes":{"/var/lib/postgresql/data":{}},"WorkingDir":"","Entrypoint":["docker-entrypoint.sh"],"OnBuild":null,"Labels":null,"StopSignal":"SIGINT"},"Architecture":"amd64","Os":"linux","Size":431496964,"VirtualSize":431496964,"GraphDriver":{"Data":{"LowerDir":"/var/lib/docker/overlay2/0eb0ca73e9b0be7c3d7fa8762ef4778a68f38391bc84c037c2e90b88e781b475/diff:/var/lib/docker/overlay2/74e634bddc785c5d436b10a5158cd82e21dc2065fd1cf8ff9c1c12e01575a2d8/diff:/var/lib/docker/overlay2/bb918b2851cd2f508f1e3fdbfff8b7f8b041d61e65fe8c368288bf399e80b818/diff:/var/lib/docker/overlay2/2abab2946cbdc2941ee8ec4024c51dac7313dee9de5fbedd1ca33388c59eb3c8/diff:/var/lib/docker/overlay2/e12f6083ee669bd92743ceb339a896bb25dbe461b718705bb39eb410b80c0ecd/diff:/var/lib/docker/overlay2/ced1e86d670d097da5ed4da7288c22507735918959161c2cd8bf083fb30d169a/diff:/var/lib/docker/overlay2/94e9ac7b74923285ae73af20aeccb964ca9079e2305db367cb85d1603560472d/diff:/var/lib/docker/overlay2/a396b6dfd63f0c228c519871183c614cccf4d366a43460f27ecf97113c3c4be8/diff:/var/lib/docker/overlay2/f58ada5d5080c2bac553c734f81127660a90581a35ed2a92cebe3c59e340875b/diff:/var/lib/docker/overlay2/84f85636f37bf55d945e217b4f87a856eba7932284beaf042561007b66f48977/diff:/var/lib/docker/overlay2/1e6e519613884e91a2b74a588ba35dc8a2f789371ab798ef6e7d9836d756042f/diff:/var/lib/docker/overlay2/14a3151cc8b4f9d27d2e64f1a8abc0c7809309580f2d7e8dc8545055c1d56194/diff:/var/lib/docker/overlay2/5b354b9e793401517fe2f1da697653fdaadffc54888eaf76d67e0600b8c68bdc/diff","MergedDir":"/var/lib/docker/overlay2/8f0ddbd386af0785c2e348570516955816ab350305d698d363962d488eeb15ec/merged","UpperDir":"/var/lib/docker/overlay2/8f0ddbd386af0785c2e348570516955816ab350305d698d363962d488eeb15ec/diff","WorkDir":"/var/lib/docker/overlay2/8f0ddbd386af0785c2e348570516955816ab350305d698d363962d488eeb15ec/work"},"Name":"overlay2"},"RootFS":{"Type":"layers","Layers":["sha256:52ec5a4316fadc09a4a51f82b8d7b66ead0d71bea4f75e81e25b4094c4219061","sha256:5a99d63e3aef066b4fa085cf24d0281681d5530c22f0c93391b854ba5741b62e","sha256:12694c6edf8321950446751b5acc175137946701b72febd6a32ab6e6cb89403b","sha256:beceb355ef35df0b8123db4eddd8f734e7414a3828e463354a913dda6738571d","sha256:0f86e6985ca32f3adeb9f65e3f80b3f2aa37a697d345c84011b2421e5608bc06","sha256:22c31f24613cd6a7b43f3074166d79619574e76f430035be15d909ae45fb97da","sha256:7c32a1ce1cc084a148145553666d5b64e3b6551491d1c3c6cc545b5b69daf5da","sha256:192de40051e6f5b468a60be4e6d162a1bbf3dc4af2dfb0a7aa8db25f86b6e68e","sha256:257f3fc789f6526019470322285b4bfe55e3e09f41150576c0997f370407af14","sha256:2993953b2c109056b0d580a549dae9f902a84a29f3907d96d7329746a8df7fc2","sha256:0bc02fbb093e939812a0ca64bd21a807d815b89c5e034e73026d14535053f4e2","sha256:3866ad927dc8101b32941f0fe6e36e656eba398b92164688ce1d1afdeca7eb09","sha256:2621fdc21b32f8210d30df7b9f44c068fa347ce07f7e1935a2383e5f7e7ddecb","sha256:c116a9ba3dbfe8c6135659ba009883a03bdc660abfedc64e2528baa6d736dbc9"]},"Metadata":{"LastTagTime":"0001-01-01T00:00:00Z"},"Container":""}[\n]"
2024-07-24 14:30:04.330 [Test worker] DEBUG c.g.d.z.s.o.a.hc.client5.http.wire - http-outgoing-4 << "[\r][\n]"
2024-07-24 14:30:04.330 [Test worker] DEBUG c.g.d.z.s.o.a.hc.client5.http.wire - http-outgoing-4 << "0[\r][\n]"
2024-07-24 14:30:04.330 [Test worker] DEBUG c.g.d.z.s.o.a.hc.client5.http.wire - http-outgoing-4 << "[\r][\n]"
2024-07-24 14:30:04.330 [Test worker] DEBUG c.g.d.z.s.o.a.h.c.h.i.c.InternalHttpClient - ep-0000002D: releasing valid endpoint
2024-07-24 14:30:04.330 [Test worker] DEBUG c.g.d.z.s.o.a.h.c.h.i.i.PoolingHttpClientConnectionManager - ep-0000002D: releasing endpoint
2024-07-24 14:30:04.330 [Test worker] DEBUG c.g.d.z.s.o.a.h.c.h.i.i.PoolingHttpClientConnectionManager - ep-0000002D: connection http-outgoing-4 can be kept alive for 3 MINUTES
2024-07-24 14:30:04.330 [Test worker] DEBUG c.g.d.z.s.o.a.h.c.h.i.i.PoolingHttpClientConnectionManager - ep-0000002D: connection released [route: {}->npipe://localhost:2375][total available: 1; route allocated: 1 of 2147483647; total allocated: 1 of 2147483647]
2024-07-24 14:30:04.331 [Test worker] DEBUG o.t.s.c.g.d.c.command.AbstrDockerCmd - Cmd: 
2024-07-24 14:30:04.331 [Test worker] TRACE o.t.s.c.g.d.core.exec.VersionCmdExec - GET: DefaultWebTarget{path=[/version], queryParams={}}
2024-07-24 14:30:04.331 [Test worker] DEBUG c.g.d.z.s.o.a.h.c.h.i.c.InternalHttpClient - ex-0000002F: preparing request execution
2024-07-24 14:30:04.331 [Test worker] DEBUG c.g.d.z.s.o.a.h.c.h.p.RequestAddCookies - Cookie spec selected: strict
2024-07-24 14:30:04.331 [Test worker] DEBUG c.g.d.z.s.o.a.h.c.h.p.RequestAuthCache - Auth cache not set in the context
2024-07-24 14:30:04.331 [Test worker] DEBUG c.g.d.z.s.o.a.h.c.h.i.c.ProtocolExec - ex-0000002F: target auth state: UNCHALLENGED
2024-07-24 14:30:04.331 [Test worker] DEBUG c.g.d.z.s.o.a.h.c.h.i.c.ProtocolExec - ex-0000002F: proxy auth state: UNCHALLENGED
2024-07-24 14:30:04.331 [Test worker] DEBUG c.g.d.z.s.o.a.h.c.h.i.c.ConnectExec - ex-0000002F: acquiring connection with route {}->npipe://localhost:2375
2024-07-24 14:30:04.331 [Test worker] DEBUG c.g.d.z.s.o.a.h.c.h.i.c.InternalHttpClient - ex-0000002F: acquiring endpoint (3 MINUTES)
2024-07-24 14:30:04.331 [Test worker] DEBUG c.g.d.z.s.o.a.h.c.h.i.i.PoolingHttpClientConnectionManager - ex-0000002F: endpoint lease request (3 MINUTES) [route: {}->npipe://localhost:2375][total available: 1; route allocated: 1 of 2147483647; total allocated: 1 of 2147483647]
2024-07-24 14:30:04.331 [Test worker] DEBUG c.g.d.z.s.o.a.h.c.h.i.i.PoolingHttpClientConnectionManager - ex-0000002F: endpoint leased [route: {}->npipe://localhost:2375][total available: 0; route allocated: 1 of 2147483647; total allocated: 1 of 2147483647]
2024-07-24 14:30:04.331 [Test worker] DEBUG c.g.d.z.s.o.a.h.c.h.i.i.PoolingHttpClientConnectionManager - ex-0000002F: acquired ep-0000002E
2024-07-24 14:30:04.331 [Test worker] DEBUG c.g.d.z.s.o.a.h.c.h.i.c.InternalHttpClient - ex-0000002F: acquired endpoint ep-0000002E
2024-07-24 14:30:04.331 [Test worker] DEBUG c.g.d.z.s.o.a.h.c.h.i.c.MainClientExec - ex-0000002F: executing GET /v1.32/version HTTP/1.1
2024-07-24 14:30:04.331 [Test worker] DEBUG c.g.d.z.s.o.a.h.c.h.i.c.InternalHttpClient - ep-0000002E: start execution ex-0000002F
2024-07-24 14:30:04.331 [Test worker] DEBUG c.g.d.z.s.o.a.h.c.h.i.i.PoolingHttpClientConnectionManager - ep-0000002E: executing exchange ex-0000002F over http-outgoing-4
2024-07-24 14:30:04.331 [Test worker] DEBUG c.g.d.z.s.o.a.h.client5.http.headers - http-outgoing-4 >> GET /v1.32/version HTTP/1.1
2024-07-24 14:30:04.331 [Test worker] DEBUG c.g.d.z.s.o.a.h.client5.http.headers - http-outgoing-4 >> accept: application/json
2024-07-24 14:30:04.331 [Test worker] DEBUG c.g.d.z.s.o.a.h.client5.http.headers - http-outgoing-4 >> x-tc-sid: 280e6229-7396-4d60-b1e3-a5de48b5d49b
2024-07-24 14:30:04.332 [Test worker] DEBUG c.g.d.z.s.o.a.h.client5.http.headers - http-outgoing-4 >> User-Agent: tc-java/1.19.8
2024-07-24 14:30:04.332 [Test worker] DEBUG c.g.d.z.s.o.a.h.client5.http.headers - http-outgoing-4 >> Accept-Encoding: gzip, x-gzip, deflate
2024-07-24 14:30:04.332 [Test worker] DEBUG c.g.d.z.s.o.a.h.client5.http.headers - http-outgoing-4 >> Host: localhost:2375
2024-07-24 14:30:04.332 [Test worker] DEBUG c.g.d.z.s.o.a.h.client5.http.headers - http-outgoing-4 >> Connection: keep-alive
2024-07-24 14:30:04.332 [Test worker] DEBUG c.g.d.z.s.o.a.hc.client5.http.wire - http-outgoing-4 >> "GET /v1.32/version HTTP/1.1[\r][\n]"
2024-07-24 14:30:04.332 [Test worker] DEBUG c.g.d.z.s.o.a.hc.client5.http.wire - http-outgoing-4 >> "accept: application/json[\r][\n]"
2024-07-24 14:30:04.332 [Test worker] DEBUG c.g.d.z.s.o.a.hc.client5.http.wire - http-outgoing-4 >> "x-tc-sid: 280e6229-7396-4d60-b1e3-a5de48b5d49b[\r][\n]"
2024-07-24 14:30:04.332 [Test worker] DEBUG c.g.d.z.s.o.a.hc.client5.http.wire - http-outgoing-4 >> "User-Agent: tc-java/1.19.8[\r][\n]"
2024-07-24 14:30:04.332 [Test worker] DEBUG c.g.d.z.s.o.a.hc.client5.http.wire - http-outgoing-4 >> "Accept-Encoding: gzip, x-gzip, deflate[\r][\n]"
2024-07-24 14:30:04.332 [Test worker] DEBUG c.g.d.z.s.o.a.hc.client5.http.wire - http-outgoing-4 >> "Host: localhost:2375[\r][\n]"
2024-07-24 14:30:04.332 [Test worker] DEBUG c.g.d.z.s.o.a.hc.client5.http.wire - http-outgoing-4 >> "Connection: keep-alive[\r][\n]"
2024-07-24 14:30:04.332 [Test worker] DEBUG c.g.d.z.s.o.a.hc.client5.http.wire - http-outgoing-4 >> "[\r][\n]"
2024-07-24 14:30:04.343 [Test worker] DEBUG c.g.d.z.s.o.a.hc.client5.http.wire - http-outgoing-4 << "HTTP/1.1 200 OK[\r][\n]"
2024-07-24 14:30:04.344 [Test worker] DEBUG c.g.d.z.s.o.a.hc.client5.http.wire - http-outgoing-4 << "Api-Version: 1.45[\r][\n]"
2024-07-24 14:30:04.344 [Test worker] DEBUG c.g.d.z.s.o.a.hc.client5.http.wire - http-outgoing-4 << "Content-Type: application/json[\r][\n]"
2024-07-24 14:30:04.344 [Test worker] DEBUG c.g.d.z.s.o.a.hc.client5.http.wire - http-outgoing-4 << "Date: Wed, 24 Jul 2024 02:30:04 GMT[\r][\n]"
2024-07-24 14:30:04.344 [Test worker] DEBUG c.g.d.z.s.o.a.hc.client5.http.wire - http-outgoing-4 << "Docker-Experimental: false[\r][\n]"
2024-07-24 14:30:04.344 [Test worker] DEBUG c.g.d.z.s.o.a.hc.client5.http.wire - http-outgoing-4 << "Ostype: linux[\r][\n]"
2024-07-24 14:30:04.344 [Test worker] DEBUG c.g.d.z.s.o.a.hc.client5.http.wire - http-outgoing-4 << "Server: Docker/26.0.0 (linux)[\r][\n]"
2024-07-24 14:30:04.344 [Test worker] DEBUG c.g.d.z.s.o.a.hc.client5.http.wire - http-outgoing-4 << "Transfer-Encoding: chunked[\r][\n]"
2024-07-24 14:30:04.344 [Test worker] DEBUG c.g.d.z.s.o.a.hc.client5.http.wire - http-outgoing-4 << "[\r][\n]"
2024-07-24 14:30:04.344 [Test worker] DEBUG c.g.d.z.s.o.a.h.client5.http.headers - http-outgoing-4 << HTTP/1.1 200 OK
2024-07-24 14:30:04.344 [Test worker] DEBUG c.g.d.z.s.o.a.h.client5.http.headers - http-outgoing-4 << Api-Version: 1.45
2024-07-24 14:30:04.344 [Test worker] DEBUG c.g.d.z.s.o.a.h.client5.http.headers - http-outgoing-4 << Content-Type: application/json
2024-07-24 14:30:04.344 [Test worker] DEBUG c.g.d.z.s.o.a.h.client5.http.headers - http-outgoing-4 << Date: Wed, 24 Jul 2024 02:30:04 GMT
2024-07-24 14:30:04.344 [Test worker] DEBUG c.g.d.z.s.o.a.h.client5.http.headers - http-outgoing-4 << Docker-Experimental: false
2024-07-24 14:30:04.344 [Test worker] DEBUG c.g.d.z.s.o.a.h.client5.http.headers - http-outgoing-4 << Ostype: linux
2024-07-24 14:30:04.344 [Test worker] DEBUG c.g.d.z.s.o.a.h.client5.http.headers - http-outgoing-4 << Server: Docker/26.0.0 (linux)
2024-07-24 14:30:04.344 [Test worker] DEBUG c.g.d.z.s.o.a.h.client5.http.headers - http-outgoing-4 << Transfer-Encoding: chunked
2024-07-24 14:30:04.344 [Test worker] DEBUG c.g.d.z.s.o.a.h.c.h.i.c.MainClientExec - ex-0000002F: connection can be kept alive for 3 MINUTES
2024-07-24 14:30:04.345 [Test worker] DEBUG c.g.d.z.s.o.a.hc.client5.http.wire - http-outgoing-4 << "35f[\r][\n]"
2024-07-24 14:30:04.345 [Test worker] DEBUG c.g.d.z.s.o.a.hc.client5.http.wire - http-outgoing-4 << "{"Platform":{"Name":"Docker Desktop 4.29.0 (145265)"},"Components":[{"Name":"Engine","Version":"26.0.0","Details":{"ApiVersion":"1.45","Arch":"amd64","BuildTime":"2024-03-20T15:18:01.000000000+00:00","Experimental":"false","GitCommit":"8b79278","GoVersion":"go1.21.8","KernelVersion":"5.15.153.1-microsoft-standard-WSL2","MinAPIVersion":"1.24","Os":"linux"}},{"Name":"containerd","Version":"1.6.28","Details":{"GitCommit":"ae07eda36dd25f8a1b98dfbf587313b99c0190bb"}},{"Name":"runc","Version":"1.1.12","Details":{"GitCommit":"v1.1.12-0-g51d5e94"}},{"Name":"docker-init","Version":"0.19.0","Details":{"GitCommit":"de40ad0"}}],"Version":"26.0.0","ApiVersion":"1.45","MinAPIVersion":"1.24","GitCommit":"8b79278","GoVersion":"go1.21.8","Os":"linux","Arch":"amd64","KernelVersion":"5.15.153.1-microsoft-standard-WSL2","BuildTime":"2024-03-20T15:18:01.000000000+00:00"}[\n]"
2024-07-24 14:30:04.345 [Test worker] DEBUG c.g.d.z.s.o.a.hc.client5.http.wire - http-outgoing-4 << "[\r][\n]"
2024-07-24 14:30:04.345 [Test worker] DEBUG c.g.d.z.s.o.a.hc.client5.http.wire - http-outgoing-4 << "0[\r][\n]"
2024-07-24 14:30:04.345 [Test worker] DEBUG c.g.d.z.s.o.a.hc.client5.http.wire - http-outgoing-4 << "[\r][\n]"
2024-07-24 14:30:04.345 [Test worker] DEBUG c.g.d.z.s.o.a.h.c.h.i.c.InternalHttpClient - ep-0000002E: releasing valid endpoint
2024-07-24 14:30:04.345 [Test worker] DEBUG c.g.d.z.s.o.a.h.c.h.i.i.PoolingHttpClientConnectionManager - ep-0000002E: releasing endpoint
2024-07-24 14:30:04.345 [Test worker] DEBUG c.g.d.z.s.o.a.h.c.h.i.i.PoolingHttpClientConnectionManager - ep-0000002E: connection http-outgoing-4 can be kept alive for 3 MINUTES
2024-07-24 14:30:04.345 [Test worker] DEBUG c.g.d.z.s.o.a.h.c.h.i.i.PoolingHttpClientConnectionManager - ep-0000002E: connection released [route: {}->npipe://localhost:2375][total available: 1; route allocated: 1 of 2147483647; total allocated: 1 of 2147483647]
2024-07-24 14:30:04.346 [Test worker] TRACE o.t.s.c.g.d.c.e.LogContainerCmdExec - GET: DefaultWebTarget{path=[/containers/6ef7ad2c2ced3b0532189b670e96c4e62679bb3b626e0cca17efa156b5457d4b/logs], queryParams={stdout=[true], stderr=[true], follow=[true], since=[0]}}
2024-07-24 14:30:04.346 [docker-java-stream-1285564787] DEBUG c.g.d.z.s.o.a.h.c.h.i.c.InternalHttpClient - ex-00000030: preparing request execution
2024-07-24 14:30:04.347 [docker-java-stream-1285564787] DEBUG c.g.d.z.s.o.a.h.c.h.p.RequestAddCookies - Cookie spec selected: strict
2024-07-24 14:30:04.347 [docker-java-stream-1285564787] DEBUG c.g.d.z.s.o.a.h.c.h.p.RequestAuthCache - Auth cache not set in the context
2024-07-24 14:30:04.347 [docker-java-stream-1285564787] DEBUG c.g.d.z.s.o.a.h.c.h.i.c.ProtocolExec - ex-00000030: target auth state: UNCHALLENGED
2024-07-24 14:30:04.347 [docker-java-stream-1285564787] DEBUG c.g.d.z.s.o.a.h.c.h.i.c.ProtocolExec - ex-00000030: proxy auth state: UNCHALLENGED
2024-07-24 14:30:04.347 [docker-java-stream-1285564787] DEBUG c.g.d.z.s.o.a.h.c.h.i.c.ConnectExec - ex-00000030: acquiring connection with route {}->npipe://localhost:2375
2024-07-24 14:30:04.347 [docker-java-stream-1285564787] DEBUG c.g.d.z.s.o.a.h.c.h.i.c.InternalHttpClient - ex-00000030: acquiring endpoint (3 MINUTES)
2024-07-24 14:30:04.347 [docker-java-stream-1285564787] DEBUG c.g.d.z.s.o.a.h.c.h.i.i.PoolingHttpClientConnectionManager - ex-00000030: endpoint lease request (3 MINUTES) [route: {}->npipe://localhost:2375][total available: 1; route allocated: 1 of 2147483647; total allocated: 1 of 2147483647]
2024-07-24 14:30:04.347 [docker-java-stream-1285564787] DEBUG c.g.d.z.s.o.a.h.c.h.i.i.PoolingHttpClientConnectionManager - ex-00000030: endpoint leased [route: {}->npipe://localhost:2375][total available: 0; route allocated: 1 of 2147483647; total allocated: 1 of 2147483647]
2024-07-24 14:30:04.347 [docker-java-stream-1285564787] DEBUG c.g.d.z.s.o.a.h.c.h.i.i.PoolingHttpClientConnectionManager - ex-00000030: acquired ep-0000002F
2024-07-24 14:30:04.347 [docker-java-stream-1285564787] DEBUG c.g.d.z.s.o.a.h.c.h.i.c.InternalHttpClient - ex-00000030: acquired endpoint ep-0000002F
2024-07-24 14:30:04.347 [docker-java-stream-1285564787] DEBUG c.g.d.z.s.o.a.h.c.h.i.c.MainClientExec - ex-00000030: executing GET /v1.32/containers/6ef7ad2c2ced3b0532189b670e96c4e62679bb3b626e0cca17efa156b5457d4b/logs?stdout=true&stderr=true&follow=true&since=0 HTTP/1.1
2024-07-24 14:30:04.347 [docker-java-stream-1285564787] DEBUG c.g.d.z.s.o.a.h.c.h.i.c.InternalHttpClient - ep-0000002F: start execution ex-00000030
2024-07-24 14:30:04.347 [docker-java-stream-1285564787] DEBUG c.g.d.z.s.o.a.h.c.h.i.i.PoolingHttpClientConnectionManager - ep-0000002F: executing exchange ex-00000030 over http-outgoing-4
2024-07-24 14:30:04.347 [docker-java-stream-1285564787] DEBUG c.g.d.z.s.o.a.h.client5.http.headers - http-outgoing-4 >> GET /v1.32/containers/6ef7ad2c2ced3b0532189b670e96c4e62679bb3b626e0cca17efa156b5457d4b/logs?stdout=true&stderr=true&follow=true&since=0 HTTP/1.1
2024-07-24 14:30:04.347 [docker-java-stream-1285564787] DEBUG c.g.d.z.s.o.a.h.client5.http.headers - http-outgoing-4 >> x-tc-sid: 280e6229-7396-4d60-b1e3-a5de48b5d49b
2024-07-24 14:30:04.347 [docker-java-stream-1285564787] DEBUG c.g.d.z.s.o.a.h.client5.http.headers - http-outgoing-4 >> User-Agent: tc-java/1.19.8
2024-07-24 14:30:04.347 [docker-java-stream-1285564787] DEBUG c.g.d.z.s.o.a.h.client5.http.headers - http-outgoing-4 >> Accept-Encoding: gzip, x-gzip, deflate
2024-07-24 14:30:04.347 [docker-java-stream-1285564787] DEBUG c.g.d.z.s.o.a.h.client5.http.headers - http-outgoing-4 >> Host: localhost:2375
2024-07-24 14:30:04.347 [docker-java-stream-1285564787] DEBUG c.g.d.z.s.o.a.h.client5.http.headers - http-outgoing-4 >> Connection: keep-alive
2024-07-24 14:30:04.348 [docker-java-stream-1285564787] DEBUG c.g.d.z.s.o.a.hc.client5.http.wire - http-outgoing-4 >> "GET /v1.32/containers/6ef7ad2c2ced3b0532189b670e96c4e62679bb3b626e0cca17efa156b5457d4b/logs?stdout=true&stderr=true&follow=true&since=0 HTTP/1.1[\r][\n]"
2024-07-24 14:30:04.348 [docker-java-stream-1285564787] DEBUG c.g.d.z.s.o.a.hc.client5.http.wire - http-outgoing-4 >> "x-tc-sid: 280e6229-7396-4d60-b1e3-a5de48b5d49b[\r][\n]"
2024-07-24 14:30:04.348 [docker-java-stream-1285564787] DEBUG c.g.d.z.s.o.a.hc.client5.http.wire - http-outgoing-4 >> "User-Agent: tc-java/1.19.8[\r][\n]"
2024-07-24 14:30:04.348 [docker-java-stream-1285564787] DEBUG c.g.d.z.s.o.a.hc.client5.http.wire - http-outgoing-4 >> "Accept-Encoding: gzip, x-gzip, deflate[\r][\n]"
2024-07-24 14:30:04.348 [docker-java-stream-1285564787] DEBUG c.g.d.z.s.o.a.hc.client5.http.wire - http-outgoing-4 >> "Host: localhost:2375[\r][\n]"
2024-07-24 14:30:04.348 [docker-java-stream-1285564787] DEBUG c.g.d.z.s.o.a.hc.client5.http.wire - http-outgoing-4 >> "Connection: keep-alive[\r][\n]"
2024-07-24 14:30:04.348 [docker-java-stream-1285564787] DEBUG c.g.d.z.s.o.a.hc.client5.http.wire - http-outgoing-4 >> "[\r][\n]"
2024-07-24 14:30:04.352 [docker-java-stream-1285564787] DEBUG c.g.d.z.s.o.a.hc.client5.http.wire - http-outgoing-4 << "HTTP/1.1 200 OK[\r][\n]"
2024-07-24 14:30:04.352 [docker-java-stream-1285564787] DEBUG c.g.d.z.s.o.a.hc.client5.http.wire - http-outgoing-4 << "Api-Version: 1.45[\r][\n]"
2024-07-24 14:30:04.352 [docker-java-stream-1285564787] DEBUG c.g.d.z.s.o.a.hc.client5.http.wire - http-outgoing-4 << "Content-Type: application/vnd.docker.raw-stream[\r][\n]"
2024-07-24 14:30:04.352 [docker-java-stream-1285564787] DEBUG c.g.d.z.s.o.a.hc.client5.http.wire - http-outgoing-4 << "Date: Wed, 24 Jul 2024 02:30:04 GMT[\r][\n]"
2024-07-24 14:30:04.352 [docker-java-stream-1285564787] DEBUG c.g.d.z.s.o.a.hc.client5.http.wire - http-outgoing-4 << "Docker-Experimental: false[\r][\n]"
2024-07-24 14:30:04.352 [docker-java-stream-1285564787] DEBUG c.g.d.z.s.o.a.hc.client5.http.wire - http-outgoing-4 << "Ostype: linux[\r][\n]"
2024-07-24 14:30:04.352 [docker-java-stream-1285564787] DEBUG c.g.d.z.s.o.a.hc.client5.http.wire - http-outgoing-4 << "Server: Docker/26.0.0 (linux)[\r][\n]"
2024-07-24 14:30:04.352 [docker-java-stream-1285564787] DEBUG c.g.d.z.s.o.a.hc.client5.http.wire - http-outgoing-4 << "Transfer-Encoding: chunked[\r][\n]"
2024-07-24 14:30:04.352 [docker-java-stream-1285564787] DEBUG c.g.d.z.s.o.a.hc.client5.http.wire - http-outgoing-4 << "[\r][\n]"
2024-07-24 14:30:04.352 [docker-java-stream-1285564787] DEBUG c.g.d.z.s.o.a.h.client5.http.headers - http-outgoing-4 << HTTP/1.1 200 OK
2024-07-24 14:30:04.352 [docker-java-stream-1285564787] DEBUG c.g.d.z.s.o.a.h.client5.http.headers - http-outgoing-4 << Api-Version: 1.45
2024-07-24 14:30:04.352 [docker-java-stream-1285564787] DEBUG c.g.d.z.s.o.a.h.client5.http.headers - http-outgoing-4 << Content-Type: application/vnd.docker.raw-stream
2024-07-24 14:30:04.352 [docker-java-stream-1285564787] DEBUG c.g.d.z.s.o.a.h.client5.http.headers - http-outgoing-4 << Date: Wed, 24 Jul 2024 02:30:04 GMT
2024-07-24 14:30:04.352 [docker-java-stream-1285564787] DEBUG c.g.d.z.s.o.a.h.client5.http.headers - http-outgoing-4 << Docker-Experimental: false
2024-07-24 14:30:04.352 [docker-java-stream-1285564787] DEBUG c.g.d.z.s.o.a.h.client5.http.headers - http-outgoing-4 << Ostype: linux
2024-07-24 14:30:04.352 [docker-java-stream-1285564787] DEBUG c.g.d.z.s.o.a.h.client5.http.headers - http-outgoing-4 << Server: Docker/26.0.0 (linux)
2024-07-24 14:30:04.352 [docker-java-stream-1285564787] DEBUG c.g.d.z.s.o.a.h.client5.http.headers - http-outgoing-4 << Transfer-Encoding: chunked
2024-07-24 14:30:04.352 [docker-java-stream-1285564787] DEBUG c.g.d.z.s.o.a.h.c.h.i.c.MainClientExec - ex-00000030: connection can be kept alive for 3 MINUTES
2024-07-24 14:30:04.353 [docker-java-stream-1285564787] DEBUG c.g.d.z.s.o.a.hc.client5.http.wire - http-outgoing-4 << "1fd[\r][\n]"
2024-07-24 14:30:04.353 [docker-java-stream-1285564787] DEBUG c.g.d.z.s.o.a.hc.client5.http.wire - http-outgoing-4 << "[0x1][0x0][0x0][0x0][0x0][0x0][0x0]NThe files belonging to this database system will be owned by user "postgres".[\n]"
2024-07-24 14:30:04.353 [docker-java-stream-1285564787] DEBUG c.g.d.z.s.o.a.hc.client5.http.wire - http-outgoing-4 << "[0x1][0x0][0x0][0x0][0x0][0x0][0x0],This user must also own the server process.[\n]"
2024-07-24 14:30:04.353 [docker-java-stream-1285564787] DEBUG c.g.d.z.s.o.a.hc.client5.http.wire - http-outgoing-4 << "[0x1][0x0][0x0][0x0][0x0][0x0][0x0][0x1][\n]"
2024-07-24 14:30:04.353 [docker-java-stream-1285564787] DEBUG c.g.d.z.s.o.a.hc.client5.http.wire - http-outgoing-4 << "[0x1][0x0][0x0][0x0][0x0][0x0][0x0]CThe database cluster will be initialized with locale "en_US.utf8".[\n]"
2024-07-24 14:30:04.353 [docker-java-stream-1285564787] DEBUG c.g.d.z.s.o.a.hc.client5.http.wire - http-outgoing-4 << "[0x1][0x0][0x0][0x0][0x0][0x0][0x0]BThe default database encoding has accordingly been set to "UTF8".[\n]"
2024-07-24 14:30:04.353 [docker-java-stream-1285564787] DEBUG c.g.d.z.s.o.a.hc.client5.http.wire - http-outgoing-4 << "[0x1][0x0][0x0][0x0][0x0][0x0][0x0]@The default text search configuration will be set to "english".[\n]"
2024-07-24 14:30:04.353 [docker-java-stream-1285564787] DEBUG c.g.d.z.s.o.a.hc.client5.http.wire - http-outgoing-4 << "[0x1][0x0][0x0][0x0][0x0][0x0][0x0][0x1][\n]"
2024-07-24 14:30:04.353 [docker-java-stream-1285564787] DEBUG c.g.d.z.s.o.a.hc.client5.http.wire - http-outgoing-4 << "[0x1][0x0][0x0][0x0][0x0][0x0][0x0]"Data page checksums are disabled.[\n]"
2024-07-24 14:30:04.353 [docker-java-stream-1285564787] DEBUG c.g.d.z.s.o.a.hc.client5.http.wire - http-outgoing-4 << "[0x1][0x0][0x0][0x0][0x0][0x0][0x0][0x1][\n]"
2024-07-24 14:30:04.353 [docker-java-stream-1285564787] DEBUG c.g.d.z.s.o.a.hc.client5.http.wire - http-outgoing-4 << "[0x1][0x0][0x0][0x0][0x0][0x0][0x0]Ifixing permissions on existing directory /var/lib/postgresql/data ... ok[\n]"
2024-07-24 14:30:04.353 [docker-java-stream-1285564787] DEBUG c.g.d.z.s.o.a.hc.client5.http.wire - http-outgoing-4 << "[\r][\n]"
2024-07-24 14:30:04.353 [Test worker] DEBUG o.t.c.output.WaitingConsumer - STDOUT: This user must also own the server process.
2024-07-24 14:30:04.353 [Test worker] DEBUG o.t.c.output.WaitingConsumer - STDOUT: fixing permissions on existing directory /var/lib/postgresql/data ... ok
2024-07-24 14:30:04.353 [Test worker] DEBUG o.t.c.output.WaitingConsumer - STDOUT: 
2024-07-24 14:30:04.353 [Test worker] DEBUG o.t.c.output.WaitingConsumer - STDOUT: Data page checksums are disabled.
2024-07-24 14:30:04.353 [Test worker] DEBUG o.t.c.output.WaitingConsumer - STDOUT: 
2024-07-24 14:30:04.353 [Test worker] DEBUG o.t.c.output.WaitingConsumer - STDOUT: The default text search configuration will be set to "english".
2024-07-24 14:30:04.353 [Test worker] DEBUG o.t.c.output.WaitingConsumer - STDOUT: The default database encoding has accordingly been set to "UTF8".
2024-07-24 14:30:04.353 [Test worker] DEBUG o.t.c.output.WaitingConsumer - STDOUT: The database cluster will be initialized with locale "en_US.utf8".
2024-07-24 14:30:04.353 [Test worker] DEBUG o.t.c.output.WaitingConsumer - STDOUT: 
2024-07-24 14:30:04.353 [Test worker] DEBUG o.t.c.output.WaitingConsumer - STDOUT: The files belonging to this database system will be owned by user "postgres".
2024-07-24 14:30:04.356 [docker-java-stream-1285564787] DEBUG c.g.d.z.s.o.a.hc.client5.http.wire - http-outgoing-4 << "68[\r][\n]"
2024-07-24 14:30:04.356 [docker-java-stream-1285564787] DEBUG c.g.d.z.s.o.a.hc.client5.http.wire - http-outgoing-4 << "[0x1][0x0][0x0][0x0][0x0][0x0][0x0][0x1f]creating subdirectories ... ok[\n]"
2024-07-24 14:30:04.356 [docker-java-stream-1285564787] DEBUG c.g.d.z.s.o.a.hc.client5.http.wire - http-outgoing-4 << "[0x1][0x0][0x0][0x0][0x0][0x0][0x0]9selecting dynamic shared memory implementation ... posix[\n]"
2024-07-24 14:30:04.356 [docker-java-stream-1285564787] DEBUG c.g.d.z.s.o.a.hc.client5.http.wire - http-outgoing-4 << "[\r][\n]"
2024-07-24 14:30:04.375 [docker-java-stream-1285564787] DEBUG c.g.d.z.s.o.a.hc.client5.http.wire - http-outgoing-4 << "32[\r][\n]"
2024-07-24 14:30:04.375 [docker-java-stream-1285564787] DEBUG c.g.d.z.s.o.a.hc.client5.http.wire - http-outgoing-4 << "[0x1][0x0][0x0][0x0][0x0][0x0][0x0]*selecting default max_connections ... 100[\n]"
2024-07-24 14:30:04.375 [docker-java-stream-1285564787] DEBUG c.g.d.z.s.o.a.hc.client5.http.wire - http-outgoing-4 << "[\r][\n]"
2024-07-24 14:30:04.377 [Test worker] DEBUG o.t.c.output.WaitingConsumer - STDOUT: selecting default max_connections ... 100
2024-07-24 14:30:04.377 [Test worker] DEBUG o.t.c.output.WaitingConsumer - STDOUT: selecting dynamic shared memory implementation ... posix
2024-07-24 14:30:04.377 [Test worker] DEBUG o.t.c.output.WaitingConsumer - STDOUT: creating subdirectories ... ok
2024-07-24 14:30:04.404 [docker-java-stream-1285564787] DEBUG c.g.d.z.s.o.a.hc.client5.http.wire - http-outgoing-4 << "33[\r][\n]"
2024-07-24 14:30:04.405 [docker-java-stream-1285564787] DEBUG c.g.d.z.s.o.a.hc.client5.http.wire - http-outgoing-4 << "[0x1][0x0][0x0][0x0][0x0][0x0][0x0]+selecting default shared_buffers ... 128MB[\n]"
2024-07-24 14:30:04.405 [docker-java-stream-1285564787] DEBUG c.g.d.z.s.o.a.hc.client5.http.wire - http-outgoing-4 << "[\r][\n]"
2024-07-24 14:30:04.405 [Test worker] DEBUG o.t.c.output.WaitingConsumer - STDOUT: selecting default shared_buffers ... 128MB
2024-07-24 14:30:04.428 [docker-java-stream-1285564787] DEBUG c.g.d.z.s.o.a.hc.client5.http.wire - http-outgoing-4 << "30[\r][\n]"
2024-07-24 14:30:04.428 [docker-java-stream-1285564787] DEBUG c.g.d.z.s.o.a.hc.client5.http.wire - http-outgoing-4 << "[0x1][0x0][0x0][0x0][0x0][0x0][0x0](selecting default time zone ... Etc/UTC[\n]"
2024-07-24 14:30:04.428 [docker-java-stream-1285564787] DEBUG c.g.d.z.s.o.a.hc.client5.http.wire - http-outgoing-4 << "[\r][\n]"
2024-07-24 14:30:04.428 [Test worker] DEBUG o.t.c.output.WaitingConsumer - STDOUT: selecting default time zone ... Etc/UTC
2024-07-24 14:30:04.428 [docker-java-stream-1285564787] DEBUG c.g.d.z.s.o.a.hc.client5.http.wire - http-outgoing-4 << "2c[\r][\n]"
2024-07-24 14:30:04.428 [docker-java-stream-1285564787] DEBUG c.g.d.z.s.o.a.hc.client5.http.wire - http-outgoing-4 << "[0x1][0x0][0x0][0x0][0x0][0x0][0x0]$creating configuration files ... ok[\n]"
2024-07-24 14:30:04.428 [docker-java-stream-1285564787] DEBUG c.g.d.z.s.o.a.hc.client5.http.wire - http-outgoing-4 << "[\r][\n]"
2024-07-24 14:30:04.439 [Test worker] DEBUG o.t.c.output.WaitingConsumer - STDOUT: creating configuration files ... ok
2024-07-24 14:30:04.570 [docker-java-stream-1285564787] DEBUG c.g.d.z.s.o.a.hc.client5.http.wire - http-outgoing-4 << "28[\r][\n]"
2024-07-24 14:30:04.571 [docker-java-stream-1285564787] DEBUG c.g.d.z.s.o.a.hc.client5.http.wire - http-outgoing-4 << "[0x1][0x0][0x0][0x0][0x0][0x0][0x0] running bootstrap script ... ok[\n]"
2024-07-24 14:30:04.571 [docker-java-stream-1285564787] DEBUG c.g.d.z.s.o.a.hc.client5.http.wire - http-outgoing-4 << "[\r][\n]"
2024-07-24 14:30:04.579 [Test worker] DEBUG o.t.c.output.WaitingConsumer - STDOUT: running bootstrap script ... ok
2024-07-24 14:30:04.899 [docker-java-stream-1285564787] DEBUG c.g.d.z.s.o.a.hc.client5.http.wire - http-outgoing-4 << "38[\r][\n]"
2024-07-24 14:30:04.899 [docker-java-stream-1285564787] DEBUG c.g.d.z.s.o.a.hc.client5.http.wire - http-outgoing-4 << "[0x1][0x0][0x0][0x0][0x0][0x0][0x0]0performing post-bootstrap initialization ... ok[\n]"
2024-07-24 14:30:04.899 [docker-java-stream-1285564787] DEBUG c.g.d.z.s.o.a.hc.client5.http.wire - http-outgoing-4 << "[\r][\n]"
2024-07-24 14:30:04.899 [Test worker] DEBUG o.t.c.output.WaitingConsumer - STDOUT: performing post-bootstrap initialization ... ok
2024-07-24 14:30:05.490 [docker-java-stream-1285564787] DEBUG c.g.d.z.s.o.a.hc.client5.http.wire - http-outgoing-4 << "1ad[\r][\n]"
2024-07-24 14:30:05.490 [docker-java-stream-1285564787] DEBUG c.g.d.z.s.o.a.hc.client5.http.wire - http-outgoing-4 << "[0x2][0x0][0x0][0x0][0x0][0x0][0x0]Ginitdb: warning: enabling "trust" authentication for local connections[\n]"
2024-07-24 14:30:05.490 [docker-java-stream-1285564787] DEBUG c.g.d.z.s.o.a.hc.client5.http.wire - http-outgoing-4 << "[0x1][0x0][0x0][0x0][0x0][0x0][0x0][0x1c]syncing data to disk ... ok[\n]"
2024-07-24 14:30:05.491 [docker-java-stream-1285564787] DEBUG c.g.d.z.s.o.a.hc.client5.http.wire - http-outgoing-4 << "[0x1][0x0][0x0][0x0][0x0][0x0][0x0][0x1][\n]"
2024-07-24 14:30:05.491 [docker-java-stream-1285564787] DEBUG c.g.d.z.s.o.a.hc.client5.http.wire - http-outgoing-4 << "[0x1][0x0][0x0][0x0][0x0][0x0][0x0][0x1][\n]"
2024-07-24 14:30:05.491 [docker-java-stream-1285564787] DEBUG c.g.d.z.s.o.a.hc.client5.http.wire - http-outgoing-4 << "[0x1][0x0][0x0][0x0][0x0][0x0][0x0]6Success. You can now start the database server using:[\n]"
2024-07-24 14:30:05.491 [docker-java-stream-1285564787] DEBUG c.g.d.z.s.o.a.hc.client5.http.wire - http-outgoing-4 << "[0x1][0x0][0x0][0x0][0x0][0x0][0x0][0x1][\n]"
2024-07-24 14:30:05.491 [docker-java-stream-1285564787] DEBUG c.g.d.z.s.o.a.hc.client5.http.wire - http-outgoing-4 << "[0x1][0x0][0x0][0x0][0x0][0x0][0x0]8    pg_ctl -D /var/lib/postgresql/data -l logfile start[\n]"
2024-07-24 14:30:05.491 [docker-java-stream-1285564787] DEBUG c.g.d.z.s.o.a.hc.client5.http.wire - http-outgoing-4 << "[0x1][0x0][0x0][0x0][0x0][0x0][0x0][0x1][\n]"
2024-07-24 14:30:05.491 [docker-java-stream-1285564787] DEBUG c.g.d.z.s.o.a.hc.client5.http.wire - http-outgoing-4 << "[0x2][0x0][0x0][0x0][0x0][0x0][0x0][0xffffff90]initdb: hint: You can change this by editing pg_hba.conf or using the option -A, or --auth-local and --auth-host, the next time you run initdb.[\n]"
2024-07-24 14:30:05.491 [docker-java-stream-1285564787] DEBUG c.g.d.z.s.o.a.hc.client5.http.wire - http-outgoing-4 << "[\r][\n]"
2024-07-24 14:30:05.491 [Test worker] DEBUG o.t.c.output.WaitingConsumer - STDOUT: syncing data to disk ... ok
2024-07-24 14:30:05.491 [Test worker] DEBUG o.t.c.output.WaitingConsumer - STDERR: initdb: hint: You can change this by editing pg_hba.conf or using the option -A, or --auth-local and --auth-host, the next time you run initdb.
2024-07-24 14:30:05.491 [Test worker] DEBUG o.t.c.output.WaitingConsumer - STDOUT: 
2024-07-24 14:30:05.491 [Test worker] DEBUG o.t.c.output.WaitingConsumer - STDOUT:     pg_ctl -D /var/lib/postgresql/data -l logfile start
2024-07-24 14:30:05.491 [Test worker] DEBUG o.t.c.output.WaitingConsumer - STDOUT: 
2024-07-24 14:30:05.491 [Test worker] DEBUG o.t.c.output.WaitingConsumer - STDOUT: Success. You can now start the database server using:
2024-07-24 14:30:05.491 [Test worker] DEBUG o.t.c.output.WaitingConsumer - STDOUT: 
2024-07-24 14:30:05.491 [Test worker] DEBUG o.t.c.output.WaitingConsumer - STDOUT: 
2024-07-24 14:30:05.491 [Test worker] DEBUG o.t.c.output.WaitingConsumer - STDERR: initdb: warning: enabling "trust" authentication for local connections
2024-07-24 14:30:05.533 [docker-java-stream-1285564787] DEBUG c.g.d.z.s.o.a.hc.client5.http.wire - http-outgoing-4 << "cb[\r][\n]"
2024-07-24 14:30:05.534 [docker-java-stream-1285564787] DEBUG c.g.d.z.s.o.a.hc.client5.http.wire - http-outgoing-4 << "[0x1][0x0][0x0][0x0][0x0][0x0][0x0][0xffffffc3]waiting for server to start....2024-07-24 02:30:05.532 UTC [48] LOG:  starting PostgreSQL 16.2 (Debian 16.2-1.pgdg120+2) on x86_64-pc-linux-gnu, compiled by gcc (Debian 12.2.0-14) 12.2.0, 64-bit[\n]"
2024-07-24 14:30:05.534 [docker-java-stream-1285564787] DEBUG c.g.d.z.s.o.a.hc.client5.http.wire - http-outgoing-4 << "[\r][\n]"
2024-07-24 14:30:05.534 [Test worker] DEBUG o.t.c.output.WaitingConsumer - STDOUT: waiting for server to start....2024-07-24 02:30:05.532 UTC [48] LOG:  starting PostgreSQL 16.2 (Debian 16.2-1.pgdg120+2) on x86_64-pc-linux-gnu, compiled by gcc (Debian 12.2.0-14) 12.2.0, 64-bit
2024-07-24 14:30:05.534 [docker-java-stream-1285564787] DEBUG c.g.d.z.s.o.a.hc.client5.http.wire - http-outgoing-4 << "6c[\r][\n]"
2024-07-24 14:30:05.534 [docker-java-stream-1285564787] DEBUG c.g.d.z.s.o.a.hc.client5.http.wire - http-outgoing-4 << "[0x1][0x0][0x0][0x0][0x0][0x0][0x0]d2024-07-24 02:30:05.533 UTC [48] LOG:  listening on Unix socket "/var/run/postgresql/.s.PGSQL.5432"[\n]"
2024-07-24 14:30:05.534 [docker-java-stream-1285564787] DEBUG c.g.d.z.s.o.a.hc.client5.http.wire - http-outgoing-4 << "[\r][\n]"
2024-07-24 14:30:05.536 [docker-java-stream-1285564787] DEBUG c.g.d.z.s.o.a.hc.client5.http.wire - http-outgoing-4 << "68[\r][\n]"
2024-07-24 14:30:05.536 [docker-java-stream-1285564787] DEBUG c.g.d.z.s.o.a.hc.client5.http.wire - http-outgoing-4 << "[0x1][0x0][0x0][0x0][0x0][0x0][0x0]`2024-07-24 02:30:05.535 UTC [51] LOG:  database system was shut down at 2024-07-24 02:30:04 UTC[\n]"
2024-07-24 14:30:05.536 [docker-java-stream-1285564787] DEBUG c.g.d.z.s.o.a.hc.client5.http.wire - http-outgoing-4 << "[\r][\n]"
2024-07-24 14:30:05.541 [docker-java-stream-1285564787] DEBUG c.g.d.z.s.o.a.hc.client5.http.wire - http-outgoing-4 << "5e[\r][\n]"
2024-07-24 14:30:05.541 [docker-java-stream-1285564787] DEBUG c.g.d.z.s.o.a.hc.client5.http.wire - http-outgoing-4 << "[0x1][0x0][0x0][0x0][0x0][0x0][0x0]V2024-07-24 02:30:05.540 UTC [48] LOG:  database system is ready to accept connections[\n]"
2024-07-24 14:30:05.541 [docker-java-stream-1285564787] DEBUG c.g.d.z.s.o.a.hc.client5.http.wire - http-outgoing-4 << "[\r][\n]"
2024-07-24 14:30:05.558 [Test worker] DEBUG o.t.c.output.WaitingConsumer - STDOUT: 2024-07-24 02:30:05.540 UTC [48] LOG:  database system is ready to accept connections
2024-07-24 14:30:05.558 [Test worker] DEBUG o.t.c.output.WaitingConsumer - STDOUT: 2024-07-24 02:30:05.535 UTC [51] LOG:  database system was shut down at 2024-07-24 02:30:04 UTC
2024-07-24 14:30:05.558 [Test worker] DEBUG o.t.c.output.WaitingConsumer - STDOUT: 2024-07-24 02:30:05.533 UTC [48] LOG:  listening on Unix socket "/var/run/postgresql/.s.PGSQL.5432"
2024-07-24 14:30:05.615 [docker-java-stream-1285564787] DEBUG c.g.d.z.s.o.a.hc.client5.http.wire - http-outgoing-4 << "25[\r][\n]"
2024-07-24 14:30:05.615 [docker-java-stream-1285564787] DEBUG c.g.d.z.s.o.a.hc.client5.http.wire - http-outgoing-4 << "[0x1][0x0][0x0][0x0][0x0][0x0][0x0][0x6] done[\n]"
2024-07-24 14:30:05.615 [docker-java-stream-1285564787] DEBUG c.g.d.z.s.o.a.hc.client5.http.wire - http-outgoing-4 << "[0x1][0x0][0x0][0x0][0x0][0x0][0x0][0xf]server started[\n]"
2024-07-24 14:30:05.615 [docker-java-stream-1285564787] DEBUG c.g.d.z.s.o.a.hc.client5.http.wire - http-outgoing-4 << "[\r][\n]"
2024-07-24 14:30:05.615 [Test worker] DEBUG o.t.c.output.WaitingConsumer - STDOUT: server started
2024-07-24 14:30:05.616 [Test worker] DEBUG o.t.c.output.WaitingConsumer - STDOUT:  done
2024-07-24 14:30:05.710 [docker-java-stream-1285564787] DEBUG c.g.d.z.s.o.a.hc.client5.http.wire - http-outgoing-4 << "18[\r][\n]"
2024-07-24 14:30:05.711 [docker-java-stream-1285564787] DEBUG c.g.d.z.s.o.a.hc.client5.http.wire - http-outgoing-4 << "[0x1][0x0][0x0][0x0][0x0][0x0][0x0][0x10]CREATE DATABASE[\n]"
2024-07-24 14:30:05.711 [docker-java-stream-1285564787] DEBUG c.g.d.z.s.o.a.hc.client5.http.wire - http-outgoing-4 << "[\r][\n]"
2024-07-24 14:30:05.711 [Test worker] DEBUG o.t.c.output.WaitingConsumer - STDOUT: CREATE DATABASE
2024-07-24 14:30:05.711 [docker-java-stream-1285564787] DEBUG c.g.d.z.s.o.a.hc.client5.http.wire - http-outgoing-4 << "9[\r][\n]"
2024-07-24 14:30:05.711 [docker-java-stream-1285564787] DEBUG c.g.d.z.s.o.a.hc.client5.http.wire - http-outgoing-4 << "[0x1][0x0][0x0][0x0][0x0][0x0][0x0][0x1][\n]"
2024-07-24 14:30:05.711 [docker-java-stream-1285564787] DEBUG c.g.d.z.s.o.a.hc.client5.http.wire - http-outgoing-4 << "[\r][\n]"
2024-07-24 14:30:05.711 [docker-java-stream-1285564787] DEBUG c.g.d.z.s.o.a.hc.client5.http.wire - http-outgoing-4 << "66[\r][\n]"
2024-07-24 14:30:05.711 [docker-java-stream-1285564787] DEBUG c.g.d.z.s.o.a.hc.client5.http.wire - http-outgoing-4 << "[0x1][0x0][0x0][0x0][0x0][0x0][0x0][0x1][\n]"
2024-07-24 14:30:05.711 [docker-java-stream-1285564787] DEBUG c.g.d.z.s.o.a.hc.client5.http.wire - http-outgoing-4 << "[0x1][0x0][0x0][0x0][0x0][0x0][0x0]L/usr/local/bin/docker-entrypoint.sh: ignoring /docker-entrypoint-initdb.d/*[\n]"
2024-07-24 14:30:05.711 [docker-java-stream-1285564787] DEBUG c.g.d.z.s.o.a.hc.client5.http.wire - http-outgoing-4 << "[0x1][0x0][0x0][0x0][0x0][0x0][0x0][0x1][\n]"
2024-07-24 14:30:05.711 [docker-java-stream-1285564787] DEBUG c.g.d.z.s.o.a.hc.client5.http.wire - http-outgoing-4 << "[\r][\n]"
2024-07-24 14:30:05.713 [docker-java-stream-1285564787] DEBUG c.g.d.z.s.o.a.hc.client5.http.wire - http-outgoing-4 << "c1[\r][\n]"
2024-07-24 14:30:05.713 [docker-java-stream-1285564787] DEBUG c.g.d.z.s.o.a.hc.client5.http.wire - http-outgoing-4 << "[0x1][0x0][0x0][0x0][0x0][0x0][0x0]hwaiting for server to shut down...2024-07-24 02:30:05.712 UTC [48] LOG:  received fast shutdown request[\n]"
2024-07-24 14:30:05.713 [docker-java-stream-1285564787] DEBUG c.g.d.z.s.o.a.hc.client5.http.wire - http-outgoing-4 << "[0x1][0x0][0x0][0x0][0x0][0x0][0x0]I.2024-07-24 02:30:05.712 UTC [48] LOG:  aborting any active transactions[\n]"
2024-07-24 14:30:05.713 [docker-java-stream-1285564787] DEBUG c.g.d.z.s.o.a.hc.client5.http.wire - http-outgoing-4 << "[\r][\n]"
2024-07-24 14:30:05.715 [docker-java-stream-1285564787] DEBUG c.g.d.z.s.o.a.hc.client5.http.wire - http-outgoing-4 << "81[\r][\n]"
2024-07-24 14:30:05.715 [docker-java-stream-1285564787] DEBUG c.g.d.z.s.o.a.hc.client5.http.wire - http-outgoing-4 << "[0x1][0x0][0x0][0x0][0x0][0x0][0x0]y2024-07-24 02:30:05.715 UTC [48] LOG:  background worker "logical replication launcher" (PID 54) exited with exit code 1[\n]"
2024-07-24 14:30:05.715 [docker-java-stream-1285564787] DEBUG c.g.d.z.s.o.a.hc.client5.http.wire - http-outgoing-4 << "[\r][\n]"
2024-07-24 14:30:05.716 [docker-java-stream-1285564787] DEBUG c.g.d.z.s.o.a.hc.client5.http.wire - http-outgoing-4 << "94[\r][\n]"
2024-07-24 14:30:05.716 [docker-java-stream-1285564787] DEBUG c.g.d.z.s.o.a.hc.client5.http.wire - http-outgoing-4 << "[0x1][0x0][0x0][0x0][0x0][0x0][0x0]52024-07-24 02:30:05.715 UTC [49] LOG:  shutting down[\n]"
2024-07-24 14:30:05.716 [docker-java-stream-1285564787] DEBUG c.g.d.z.s.o.a.hc.client5.http.wire - http-outgoing-4 << "[0x1][0x0][0x0][0x0][0x0][0x0][0x0]O2024-07-24 02:30:05.715 UTC [49] LOG:  checkpoint starting: shutdown immediate[\n]"
2024-07-24 14:30:05.716 [docker-java-stream-1285564787] DEBUG c.g.d.z.s.o.a.hc.client5.http.wire - http-outgoing-4 << "[\r][\n]"
2024-07-24 14:30:05.725 [docker-java-stream-1285564787] DEBUG c.g.d.z.s.o.a.hc.client5.http.wire - http-outgoing-4 << "12c[\r][\n]"
2024-07-24 14:30:05.725 [docker-java-stream-1285564787] DEBUG c.g.d.z.s.o.a.hc.client5.http.wire - http-outgoing-4 << "[0x1][0x0][0x0][0x0][0x0][0x0][0x1]$2024-07-24 02:30:05.725 UTC [49] LOG:  checkpoint complete: wrote 923 buffers (5.6%); 0 WAL file(s) added, 0 removed, 0 recycled; write=0.010 s, sync=0.001 s, total=0.011 s; sync files=0, longest=0.000 s, average=0.000 s; distance=4257 kB, estimate=4257 kB; lsn=0/1913068, redo lsn=0/1913068[\n]"
2024-07-24 14:30:05.725 [docker-java-stream-1285564787] DEBUG c.g.d.z.s.o.a.hc.client5.http.wire - http-outgoing-4 << "[\r][\n]"
2024-07-24 14:30:05.730 [Test worker] DEBUG o.t.c.output.WaitingConsumer - STDOUT: 2024-07-24 02:30:05.725 UTC [49] LOG:  checkpoint complete: wrote 923 buffers (5.6%); 0 WAL file(s) added, 0 removed, 0 recycled; write=0.010 s, sync=0.001 s, total=0.011 s; sync files=0, longest=0.000 s, average=0.000 s; distance=4257 kB, estimate=4257 kB; lsn=0/1913068, redo lsn=0/1913068
2024-07-24 14:30:05.730 [Test worker] DEBUG o.t.c.output.WaitingConsumer - STDOUT: 2024-07-24 02:30:05.715 UTC [49] LOG:  checkpoint starting: shutdown immediate
2024-07-24 14:30:05.730 [Test worker] DEBUG o.t.c.output.WaitingConsumer - STDOUT: 2024-07-24 02:30:05.715 UTC [49] LOG:  shutting down
2024-07-24 14:30:05.730 [Test worker] DEBUG o.t.c.output.WaitingConsumer - STDOUT: 2024-07-24 02:30:05.715 UTC [48] LOG:  background worker "logical replication launcher" (PID 54) exited with exit code 1
2024-07-24 14:30:05.730 [Test worker] DEBUG o.t.c.output.WaitingConsumer - STDOUT: .2024-07-24 02:30:05.712 UTC [48] LOG:  aborting any active transactions
2024-07-24 14:30:05.730 [Test worker] DEBUG o.t.c.output.WaitingConsumer - STDOUT: waiting for server to shut down...2024-07-24 02:30:05.712 UTC [48] LOG:  received fast shutdown request
2024-07-24 14:30:05.730 [Test worker] DEBUG o.t.c.output.WaitingConsumer - STDOUT: 
2024-07-24 14:30:05.730 [Test worker] DEBUG o.t.c.output.WaitingConsumer - STDOUT: /usr/local/bin/docker-entrypoint.sh: ignoring /docker-entrypoint-initdb.d/*
2024-07-24 14:30:05.730 [Test worker] DEBUG o.t.c.output.WaitingConsumer - STDOUT: 
2024-07-24 14:30:05.730 [Test worker] DEBUG o.t.c.output.WaitingConsumer - STDOUT: 
2024-07-24 14:30:05.735 [docker-java-stream-1285564787] DEBUG c.g.d.z.s.o.a.hc.client5.http.wire - http-outgoing-4 << "4c[\r][\n]"
2024-07-24 14:30:05.735 [docker-java-stream-1285564787] DEBUG c.g.d.z.s.o.a.hc.client5.http.wire - http-outgoing-4 << "[0x1][0x0][0x0][0x0][0x0][0x0][0x0]D2024-07-24 02:30:05.735 UTC [48] LOG:  database system is shut down[\n]"
2024-07-24 14:30:05.735 [docker-java-stream-1285564787] DEBUG c.g.d.z.s.o.a.hc.client5.http.wire - http-outgoing-4 << "[\r][\n]"
2024-07-24 14:30:05.745 [Test worker] DEBUG o.t.c.output.WaitingConsumer - STDOUT: 2024-07-24 02:30:05.735 UTC [48] LOG:  database system is shut down
2024-07-24 14:30:05.813 [docker-java-stream-1285564787] DEBUG c.g.d.z.s.o.a.hc.client5.http.wire - http-outgoing-4 << "25[\r][\n]"
2024-07-24 14:30:05.813 [docker-java-stream-1285564787] DEBUG c.g.d.z.s.o.a.hc.client5.http.wire - http-outgoing-4 << "[0x1][0x0][0x0][0x0][0x0][0x0][0x0][0x6] done[\n]"
2024-07-24 14:30:05.813 [docker-java-stream-1285564787] DEBUG c.g.d.z.s.o.a.hc.client5.http.wire - http-outgoing-4 << "[0x1][0x0][0x0][0x0][0x0][0x0][0x0][0xf]server stopped[\n]"
2024-07-24 14:30:05.814 [docker-java-stream-1285564787] DEBUG c.g.d.z.s.o.a.hc.client5.http.wire - http-outgoing-4 << "[\r][\n]"
2024-07-24 14:30:05.814 [Test worker] DEBUG o.t.c.output.WaitingConsumer - STDOUT:  done
2024-07-24 14:30:05.814 [Test worker] DEBUG o.t.c.output.WaitingConsumer - STDOUT: server stopped
2024-07-24 14:30:05.815 [docker-java-stream-1285564787] DEBUG c.g.d.z.s.o.a.hc.client5.http.wire - http-outgoing-4 << "50[\r][\n]"
2024-07-24 14:30:05.815 [docker-java-stream-1285564787] DEBUG c.g.d.z.s.o.a.hc.client5.http.wire - http-outgoing-4 << "[0x1][0x0][0x0][0x0][0x0][0x0][0x0][0x1][\n]"
2024-07-24 14:30:05.815 [docker-java-stream-1285564787] DEBUG c.g.d.z.s.o.a.hc.client5.http.wire - http-outgoing-4 << "[0x1][0x0][0x0][0x0][0x0][0x0][0x0]6PostgreSQL init process complete; ready for start up.[\n]"
2024-07-24 14:30:05.815 [docker-java-stream-1285564787] DEBUG c.g.d.z.s.o.a.hc.client5.http.wire - http-outgoing-4 << "[0x1][0x0][0x0][0x0][0x0][0x0][0x0][0x1][\n]"
2024-07-24 14:30:05.815 [docker-java-stream-1285564787] DEBUG c.g.d.z.s.o.a.hc.client5.http.wire - http-outgoing-4 << "[\r][\n]"
2024-07-24 14:30:05.833 [docker-java-stream-1285564787] DEBUG c.g.d.z.s.o.a.hc.client5.http.wire - http-outgoing-4 << "1cb[\r][\n]"
2024-07-24 14:30:05.833 [docker-java-stream-1285564787] DEBUG c.g.d.z.s.o.a.hc.client5.http.wire - http-outgoing-4 << "[0x2][0x0][0x0][0x0][0x0][0x0][0x0][0xffffffa3]2024-07-24 02:30:05.832 UTC [1] LOG:  starting PostgreSQL 16.2 (Debian 16.2-1.pgdg120+2) on x86_64-pc-linux-gnu, compiled by gcc (Debian 12.2.0-14) 12.2.0, 64-bit[\n]"
2024-07-24 14:30:05.833 [docker-java-stream-1285564787] DEBUG c.g.d.z.s.o.a.hc.client5.http.wire - http-outgoing-4 << "[0x2][0x0][0x0][0x0][0x0][0x0][0x0]U2024-07-24 02:30:05.832 UTC [1] LOG:  listening on IPv4 address "0.0.0.0", port 5432[\n]"
2024-07-24 14:30:05.834 [docker-java-stream-1285564787] DEBUG c.g.d.z.s.o.a.hc.client5.http.wire - http-outgoing-4 << "[0x2][0x0][0x0][0x0][0x0][0x0][0x0]P2024-07-24 02:30:05.832 UTC [1] LOG:  listening on IPv6 address "::", port 5432[\n]"
2024-07-24 14:30:05.834 [docker-java-stream-1285564787] DEBUG c.g.d.z.s.o.a.hc.client5.http.wire - http-outgoing-4 << "[0x2][0x0][0x0][0x0][0x0][0x0][0x0]c2024-07-24 02:30:05.832 UTC [1] LOG:  listening on Unix socket "/var/run/postgresql/.s.PGSQL.5432"[\n]"
2024-07-24 14:30:05.834 [docker-java-stream-1285564787] DEBUG c.g.d.z.s.o.a.hc.client5.http.wire - http-outgoing-4 << "[\r][\n]"
2024-07-24 14:30:05.836 [docker-java-stream-1285564787] DEBUG c.g.d.z.s.o.a.hc.client5.http.wire - http-outgoing-4 << "68[\r][\n]"
2024-07-24 14:30:05.836 [docker-java-stream-1285564787] DEBUG c.g.d.z.s.o.a.hc.client5.http.wire - http-outgoing-4 << "[0x2][0x0][0x0][0x0][0x0][0x0][0x0]`2024-07-24 02:30:05.836 UTC [64] LOG:  database system was shut down at 2024-07-24 02:30:05 UTC[\n]"
2024-07-24 14:30:05.836 [docker-java-stream-1285564787] DEBUG c.g.d.z.s.o.a.hc.client5.http.wire - http-outgoing-4 << "[\r][\n]"
2024-07-24 14:30:05.839 [Test worker] DEBUG o.t.c.output.WaitingConsumer - STDERR: 2024-07-24 02:30:05.836 UTC [64] LOG:  database system was shut down at 2024-07-24 02:30:05 UTC
2024-07-24 14:30:05.839 [Test worker] DEBUG o.t.c.output.WaitingConsumer - STDERR: 2024-07-24 02:30:05.832 UTC [1] LOG:  listening on Unix socket "/var/run/postgresql/.s.PGSQL.5432"
2024-07-24 14:30:05.839 [Test worker] DEBUG o.t.c.output.WaitingConsumer - STDERR: 2024-07-24 02:30:05.832 UTC [1] LOG:  listening on IPv6 address "::", port 5432
2024-07-24 14:30:05.839 [Test worker] DEBUG o.t.c.output.WaitingConsumer - STDERR: 2024-07-24 02:30:05.832 UTC [1] LOG:  listening on IPv4 address "0.0.0.0", port 5432
2024-07-24 14:30:05.839 [Test worker] DEBUG o.t.c.output.WaitingConsumer - STDERR: 2024-07-24 02:30:05.832 UTC [1] LOG:  starting PostgreSQL 16.2 (Debian 16.2-1.pgdg120+2) on x86_64-pc-linux-gnu, compiled by gcc (Debian 12.2.0-14) 12.2.0, 64-bit
2024-07-24 14:30:05.839 [Test worker] DEBUG o.t.c.output.WaitingConsumer - STDOUT: 
2024-07-24 14:30:05.839 [Test worker] DEBUG o.t.c.output.WaitingConsumer - STDOUT: PostgreSQL init process complete; ready for start up.
2024-07-24 14:30:05.839 [Test worker] DEBUG o.t.c.output.WaitingConsumer - STDOUT: 
2024-07-24 14:30:05.841 [docker-java-stream-1285564787] DEBUG c.g.d.z.s.o.a.hc.client5.http.wire - http-outgoing-4 << "5d[\r][\n]"
2024-07-24 14:30:05.841 [docker-java-stream-1285564787] DEBUG c.g.d.z.s.o.a.hc.client5.http.wire - http-outgoing-4 << "[0x2][0x0][0x0][0x0][0x0][0x0][0x0]U2024-07-24 02:30:05.840 UTC [1] LOG:  database system is ready to accept connections[\n]"
2024-07-24 14:30:05.841 [docker-java-stream-1285564787] DEBUG c.g.d.z.s.o.a.hc.client5.http.wire - http-outgoing-4 << "[\r][\n]"
2024-07-24 14:30:05.854 [Test worker] DEBUG o.t.c.output.WaitingConsumer - STDERR: 2024-07-24 02:30:05.840 UTC [1] LOG:  database system is ready to accept connections
2024-07-24 14:30:05.854 [Test worker] DEBUG c.g.d.z.s.o.a.h.c.h.i.c.InternalHttpClient - ep-0000002F: cancel
2024-07-24 14:30:05.854 [Test worker] DEBUG c.g.d.z.s.o.a.h.c.h.i.i.DefaultManagedHttpClientConnection - http-outgoing-4: close connection IMMEDIATE
2024-07-24 14:30:05.854 [Test worker] DEBUG c.g.d.z.s.o.a.h.c.h.i.c.InternalHttpClient - ep-0000002F: endpoint closed
2024-07-24 14:30:05.854 [Test worker] DEBUG c.g.d.z.s.o.a.h.c.h.i.c.InternalHttpClient - ep-0000002F: discarding endpoint
2024-07-24 14:30:05.854 [docker-java-stream-1285564787] DEBUG c.g.d.z.s.o.a.hc.client5.http.wire - http-outgoing-4 << "end of stream"
2024-07-24 14:30:05.854 [Test worker] DEBUG c.g.d.z.s.o.a.h.c.h.i.i.PoolingHttpClientConnectionManager - ep-0000002F: releasing endpoint
2024-07-24 14:30:05.854 [Test worker] DEBUG c.g.d.z.s.o.a.h.c.h.i.i.PoolingHttpClientConnectionManager - ep-0000002F: connection is not kept alive
2024-07-24 14:30:05.854 [Test worker] DEBUG c.g.d.z.s.o.a.h.c.h.i.i.PoolingHttpClientConnectionManager - ep-0000002F: connection released [route: {}->npipe://localhost:2375][total available: 0; route allocated: 0 of 2147483647; total allocated: 0 of 2147483647]
2024-07-24 14:30:05.854 [docker-java-stream-1285564787] DEBUG c.g.d.z.s.o.a.hc.client5.http.wire - http-outgoing-4 << "[read] I/O error: java.nio.channels.ClosedChannelException"
2024-07-24 14:30:05.854 [docker-java-stream-1285564787] DEBUG c.g.d.z.ApacheDockerHttpClientImpl$ApacheResponse - Failed to close the response
java.io.IOException: java.nio.channels.ClosedChannelException
	at java.base/java.nio.channels.Channels$2.read(Channels.java:240)
	at com.github.dockerjava.zerodep.shaded.org.apache.hc.client5.http.impl.io.LoggingInputStream.read(LoggingInputStream.java:81)
	at com.github.dockerjava.zerodep.shaded.org.apache.hc.core5.http.impl.io.SessionInputBufferImpl.fillBuffer(SessionInputBufferImpl.java:149)
	at com.github.dockerjava.zerodep.shaded.org.apache.hc.core5.http.impl.io.SessionInputBufferImpl.readLine(SessionInputBufferImpl.java:280)
	at com.github.dockerjava.zerodep.shaded.org.apache.hc.core5.http.impl.io.ChunkedInputStream.getChunkSize(ChunkedInputStream.java:261)
	at com.github.dockerjava.zerodep.shaded.org.apache.hc.core5.http.impl.io.ChunkedInputStream.nextChunk(ChunkedInputStream.java:222)
	at com.github.dockerjava.zerodep.shaded.org.apache.hc.core5.http.impl.io.ChunkedInputStream.read(ChunkedInputStream.java:147)
	at com.github.dockerjava.zerodep.shaded.org.apache.hc.core5.http.impl.io.ChunkedInputStream.close(ChunkedInputStream.java:314)
	at com.github.dockerjava.zerodep.shaded.org.apache.hc.core5.io.Closer.close(Closer.java:48)
	at com.github.dockerjava.zerodep.shaded.org.apache.hc.core5.http.impl.io.IncomingHttpEntity.close(IncomingHttpEntity.java:111)
	at com.github.dockerjava.zerodep.shaded.org.apache.hc.core5.http.io.entity.HttpEntityWrapper.close(HttpEntityWrapper.java:120)
	at com.github.dockerjava.zerodep.shaded.org.apache.hc.core5.io.Closer.close(Closer.java:48)
	at com.github.dockerjava.zerodep.shaded.org.apache.hc.core5.http.message.BasicClassicHttpResponse.close(BasicClassicHttpResponse.java:93)
	at com.github.dockerjava.zerodep.shaded.org.apache.hc.client5.http.impl.classic.CloseableHttpResponse.close(CloseableHttpResponse.java:200)
	at com.github.dockerjava.zerodep.ApacheDockerHttpClientImpl$ApacheResponse.close(ApacheDockerHttpClientImpl.java:271)
	at org.testcontainers.shaded.com.github.dockerjava.core.DefaultInvocationBuilder.lambda$executeAndStream$1(DefaultInvocationBuilder.java:277)
	at java.base/java.lang.Thread.run(Thread.java:833)
Caused by: java.nio.channels.ClosedChannelException: null
	at java.base/sun.nio.ch.WindowsAsynchronousFileChannelImpl.implRead(WindowsAsynchronousFileChannelImpl.java:516)
	at java.base/sun.nio.ch.AsynchronousFileChannelImpl.read(AsynchronousFileChannelImpl.java:229)
	at com.github.dockerjava.transport.NamedPipeSocket$AsynchronousFileByteChannel.read(NamedPipeSocket.java:117)
	at java.base/java.nio.channels.Channels$2.read(Channels.java:238)
	... 16 common frames omitted
2024-07-24 14:30:05.855 [Test worker] DEBUG c.g.d.z.s.o.a.hc.client5.http.wire - http-outgoing-4 << "[read] I/O error: java.nio.channels.ClosedChannelException"
2024-07-24 14:30:05.855 [Test worker] DEBUG c.g.d.z.ApacheDockerHttpClientImpl$ApacheResponse - Failed to close the response
java.io.IOException: java.nio.channels.ClosedChannelException
	at java.base/java.nio.channels.Channels$2.read(Channels.java:240)
	at com.github.dockerjava.zerodep.shaded.org.apache.hc.client5.http.impl.io.LoggingInputStream.read(LoggingInputStream.java:81)
	at com.github.dockerjava.zerodep.shaded.org.apache.hc.core5.http.impl.io.SessionInputBufferImpl.fillBuffer(SessionInputBufferImpl.java:149)
	at com.github.dockerjava.zerodep.shaded.org.apache.hc.core5.http.impl.io.SessionInputBufferImpl.readLine(SessionInputBufferImpl.java:280)
	at com.github.dockerjava.zerodep.shaded.org.apache.hc.core5.http.impl.io.ChunkedInputStream.getChunkSize(ChunkedInputStream.java:261)
	at com.github.dockerjava.zerodep.shaded.org.apache.hc.core5.http.impl.io.ChunkedInputStream.nextChunk(ChunkedInputStream.java:222)
	at com.github.dockerjava.zerodep.shaded.org.apache.hc.core5.http.impl.io.ChunkedInputStream.read(ChunkedInputStream.java:147)
	at com.github.dockerjava.zerodep.shaded.org.apache.hc.core5.http.impl.io.ChunkedInputStream.close(ChunkedInputStream.java:314)
	at com.github.dockerjava.zerodep.shaded.org.apache.hc.core5.io.Closer.close(Closer.java:48)
	at com.github.dockerjava.zerodep.shaded.org.apache.hc.core5.http.impl.io.IncomingHttpEntity.close(IncomingHttpEntity.java:111)
	at com.github.dockerjava.zerodep.shaded.org.apache.hc.core5.http.io.entity.HttpEntityWrapper.close(HttpEntityWrapper.java:120)
	at com.github.dockerjava.zerodep.shaded.org.apache.hc.core5.io.Closer.close(Closer.java:48)
	at com.github.dockerjava.zerodep.shaded.org.apache.hc.core5.http.message.BasicClassicHttpResponse.close(BasicClassicHttpResponse.java:93)
	at com.github.dockerjava.zerodep.shaded.org.apache.hc.client5.http.impl.classic.CloseableHttpResponse.close(CloseableHttpResponse.java:200)
	at com.github.dockerjava.zerodep.ApacheDockerHttpClientImpl$ApacheResponse.close(ApacheDockerHttpClientImpl.java:271)
	at org.testcontainers.shaded.com.github.dockerjava.core.DefaultInvocationBuilder.lambda$null$0(DefaultInvocationBuilder.java:272)
	at com.github.dockerjava.api.async.ResultCallbackTemplate.close(ResultCallbackTemplate.java:77)
	at org.testcontainers.containers.output.FrameConsumerResultCallback.close(FrameConsumerResultCallback.java:69)
	at org.testcontainers.containers.wait.strategy.LogMessageWaitStrategy.waitUntilReady(LogMessageWaitStrategy.java:49)
	at org.testcontainers.containers.wait.strategy.AbstractWaitStrategy.waitUntilReady(AbstractWaitStrategy.java:52)
	at org.testcontainers.containers.PostgreSQLContainer.waitUntilContainerStarted(PostgreSQLContainer.java:149)
	at org.testcontainers.containers.GenericContainer.tryStart(GenericContainer.java:500)
	at org.testcontainers.containers.GenericContainer.lambda$doStart$0(GenericContainer.java:354)
	at org.rnorth.ducttape.unreliables.Unreliables.retryUntilSuccess(Unreliables.java:81)
	at org.testcontainers.containers.GenericContainer.doStart(GenericContainer.java:344)
	at org.testcontainers.containers.GenericContainer.start(GenericContainer.java:330)
	at com.unitedApi.CustomerDAOTest.<init>(CustomerDAOTest.kt:32)
	at java.base/jdk.internal.reflect.NativeConstructorAccessorImpl.newInstance0(Native Method)
	at java.base/jdk.internal.reflect.NativeConstructorAccessorImpl.newInstance(NativeConstructorAccessorImpl.java:77)
	at java.base/jdk.internal.reflect.DelegatingConstructorAccessorImpl.newInstance(DelegatingConstructorAccessorImpl.java:45)
	at java.base/java.lang.reflect.Constructor.newInstanceWithCaller(Constructor.java:499)
	at java.base/java.lang.reflect.Constructor.newInstance(Constructor.java:480)
	at org.junit.runners.BlockJUnit4ClassRunner.createTest(BlockJUnit4ClassRunner.java:250)
	at org.junit.runners.BlockJUnit4ClassRunner.createTest(BlockJUnit4ClassRunner.java:260)
	at org.junit.runners.BlockJUnit4ClassRunner$2.runReflectiveCall(BlockJUnit4ClassRunner.java:309)
	at org.junit.internal.runners.model.ReflectiveCallable.run(ReflectiveCallable.java:12)
	at org.junit.runners.BlockJUnit4ClassRunner.methodBlock(BlockJUnit4ClassRunner.java:306)
	at org.junit.runners.BlockJUnit4ClassRunner$1.evaluate(BlockJUnit4ClassRunner.java:100)
	at org.junit.runners.ParentRunner.runLeaf(ParentRunner.java:366)
	at org.junit.runners.BlockJUnit4ClassRunner.runChild(BlockJUnit4ClassRunner.java:103)
	at org.junit.runners.BlockJUnit4ClassRunner.runChild(BlockJUnit4ClassRunner.java:63)
	at org.junit.runners.ParentRunner$4.run(ParentRunner.java:331)
	at org.junit.runners.ParentRunner$1.schedule(ParentRunner.java:79)
	at org.junit.runners.ParentRunner.runChildren(ParentRunner.java:329)
	at org.junit.runners.ParentRunner.access$100(ParentRunner.java:66)
	at org.junit.runners.ParentRunner$2.evaluate(ParentRunner.java:293)
	at org.junit.runners.ParentRunner$3.evaluate(ParentRunner.java:306)
	at org.junit.runners.ParentRunner.run(ParentRunner.java:413)
	at org.gradle.api.internal.tasks.testing.junit.JUnitTestClassExecutor.runTestClass(JUnitTestClassExecutor.java:112)
	at org.gradle.api.internal.tasks.testing.junit.JUnitTestClassExecutor.execute(JUnitTestClassExecutor.java:58)
	at org.gradle.api.internal.tasks.testing.junit.JUnitTestClassExecutor.execute(JUnitTestClassExecutor.java:40)
	at org.gradle.api.internal.tasks.testing.junit.AbstractJUnitTestClassProcessor.processTestClass(AbstractJUnitTestClassProcessor.java:60)
	at org.gradle.api.internal.tasks.testing.SuiteTestClassProcessor.processTestClass(SuiteTestClassProcessor.java:52)
	at java.base/jdk.internal.reflect.NativeMethodAccessorImpl.invoke0(Native Method)
	at java.base/jdk.internal.reflect.NativeMethodAccessorImpl.invoke(NativeMethodAccessorImpl.java:77)
	at java.base/jdk.internal.reflect.DelegatingMethodAccessorImpl.invoke(DelegatingMethodAccessorImpl.java:43)
	at java.base/java.lang.reflect.Method.invoke(Method.java:568)
	at org.gradle.internal.dispatch.ReflectionDispatch.dispatch(ReflectionDispatch.java:36)
	at org.gradle.internal.dispatch.ReflectionDispatch.dispatch(ReflectionDispatch.java:24)
	at org.gradle.internal.dispatch.ContextClassLoaderDispatch.dispatch(ContextClassLoaderDispatch.java:33)
	at org.gradle.internal.dispatch.ProxyDispatchAdapter$DispatchingInvocationHandler.invoke(ProxyDispatchAdapter.java:94)
	at jdk.proxy1/jdk.proxy1.$Proxy2.processTestClass(Unknown Source)
	at org.gradle.api.internal.tasks.testing.worker.TestWorker$2.run(TestWorker.java:176)
	at org.gradle.api.internal.tasks.testing.worker.TestWorker.executeAndMaintainThreadName(TestWorker.java:129)
	at org.gradle.api.internal.tasks.testing.worker.TestWorker.execute(TestWorker.java:100)
	at org.gradle.api.internal.tasks.testing.worker.TestWorker.execute(TestWorker.java:60)
	at org.gradle.process.internal.worker.child.ActionExecutionWorker.execute(ActionExecutionWorker.java:56)
	at org.gradle.process.internal.worker.child.SystemApplicationClassLoaderWorker.call(SystemApplicationClassLoaderWorker.java:113)
	at org.gradle.process.internal.worker.child.SystemApplicationClassLoaderWorker.call(SystemApplicationClassLoaderWorker.java:65)
	at worker.org.gradle.process.internal.worker.GradleWorkerMain.run(GradleWorkerMain.java:69)
	at worker.org.gradle.process.internal.worker.GradleWorkerMain.main(GradleWorkerMain.java:74)
Caused by: java.nio.channels.ClosedChannelException: null
	at java.base/sun.nio.ch.WindowsAsynchronousFileChannelImpl.implRead(WindowsAsynchronousFileChannelImpl.java:516)
	at java.base/sun.nio.ch.AsynchronousFileChannelImpl.read(AsynchronousFileChannelImpl.java:229)
	at com.github.dockerjava.transport.NamedPipeSocket$AsynchronousFileByteChannel.read(NamedPipeSocket.java:117)
	at java.base/java.nio.channels.Channels$2.read(Channels.java:238)
	... 70 common frames omitted
2024-07-24 14:30:05.856 [Test worker] INFO  tc.postgres:latest - Container postgres:latest started in PT2.0464435S
2024-07-24 14:30:05.856 [Test worker] INFO  tc.postgres:latest - Container is started (JDBC URL: jdbc:postgresql://localhost:51516/db?loggerLevel=OFF)
2024-07-24 14:30:05.857 [Test worker] INFO  org.testcontainers.ext.ScriptUtils - Executing database script from sql/init.sql
2024-07-24 14:30:05.858 [Test worker] DEBUG o.t.s.c.g.d.c.command.AbstrDockerCmd - Cmd: 6ef7ad2c2ced3b0532189b670e96c4e62679bb3b626e0cca17efa156b5457d4b,false
2024-07-24 14:30:05.858 [Test worker] DEBUG o.t.s.c.g.d.c.e.InspectContainerCmdExec - GET: DefaultWebTarget{path=[/containers/6ef7ad2c2ced3b0532189b670e96c4e62679bb3b626e0cca17efa156b5457d4b/json], queryParams={}}
2024-07-24 14:30:05.858 [Test worker] DEBUG c.g.d.z.s.o.a.h.c.h.i.c.InternalHttpClient - ex-00000031: preparing request execution
2024-07-24 14:30:05.858 [Test worker] DEBUG c.g.d.z.s.o.a.h.c.h.p.RequestAddCookies - Cookie spec selected: strict
2024-07-24 14:30:05.858 [Test worker] DEBUG c.g.d.z.s.o.a.h.c.h.p.RequestAuthCache - Auth cache not set in the context
2024-07-24 14:30:05.858 [Test worker] DEBUG c.g.d.z.s.o.a.h.c.h.i.c.ProtocolExec - ex-00000031: target auth state: UNCHALLENGED
2024-07-24 14:30:05.858 [Test worker] DEBUG c.g.d.z.s.o.a.h.c.h.i.c.ProtocolExec - ex-00000031: proxy auth state: UNCHALLENGED
2024-07-24 14:30:05.858 [Test worker] DEBUG c.g.d.z.s.o.a.h.c.h.i.c.ConnectExec - ex-00000031: acquiring connection with route {}->npipe://localhost:2375
2024-07-24 14:30:05.859 [Test worker] DEBUG c.g.d.z.s.o.a.h.c.h.i.c.InternalHttpClient - ex-00000031: acquiring endpoint (3 MINUTES)
2024-07-24 14:30:05.859 [Test worker] DEBUG c.g.d.z.s.o.a.h.c.h.i.i.PoolingHttpClientConnectionManager - ex-00000031: endpoint lease request (3 MINUTES) [route: {}->npipe://localhost:2375][total available: 0; route allocated: 0 of 2147483647; total allocated: 0 of 2147483647]
2024-07-24 14:30:05.859 [Test worker] DEBUG c.g.d.z.s.o.a.h.c.h.i.i.PoolingHttpClientConnectionManager - ex-00000031: endpoint leased [route: {}->npipe://localhost:2375][total available: 0; route allocated: 1 of 2147483647; total allocated: 1 of 2147483647]
2024-07-24 14:30:05.859 [Test worker] DEBUG c.g.d.z.s.o.a.h.c.h.i.i.PoolingHttpClientConnectionManager - ex-00000031: acquired ep-00000030
2024-07-24 14:30:05.859 [Test worker] DEBUG c.g.d.z.s.o.a.h.c.h.i.c.InternalHttpClient - ex-00000031: acquired endpoint ep-00000030
2024-07-24 14:30:05.859 [Test worker] DEBUG c.g.d.z.s.o.a.h.c.h.i.c.ConnectExec - ex-00000031: opening connection {}->npipe://localhost:2375
2024-07-24 14:30:05.859 [Test worker] DEBUG c.g.d.z.s.o.a.h.c.h.i.c.InternalHttpClient - ep-00000030: connecting endpoint (3 MINUTES)
2024-07-24 14:30:05.859 [Test worker] DEBUG c.g.d.z.s.o.a.h.c.h.i.i.PoolingHttpClientConnectionManager - ep-00000030: connecting endpoint to npipe://localhost:2375 (3 MINUTES)
2024-07-24 14:30:05.859 [Test worker] DEBUG c.g.d.z.s.o.a.h.c.h.i.i.DefaultHttpClientConnectionOperator - http-outgoing-5: connecting to localhost/127.0.0.1:2375
2024-07-24 14:30:05.859 [Test worker] DEBUG c.g.d.z.s.o.a.h.c.h.i.i.DefaultHttpClientConnectionOperator - http-outgoing-5: connection established 
2024-07-24 14:30:05.859 [Test worker] DEBUG c.g.d.z.s.o.a.h.c.h.i.i.PoolingHttpClientConnectionManager - ep-00000030: connected http-outgoing-5
2024-07-24 14:30:05.859 [Test worker] DEBUG c.g.d.z.s.o.a.h.c.h.i.c.InternalHttpClient - ep-00000030: endpoint connected
2024-07-24 14:30:05.859 [Test worker] DEBUG c.g.d.z.s.o.a.h.c.h.i.c.MainClientExec - ex-00000031: executing GET /v1.32/containers/6ef7ad2c2ced3b0532189b670e96c4e62679bb3b626e0cca17efa156b5457d4b/json HTTP/1.1
2024-07-24 14:30:05.859 [Test worker] DEBUG c.g.d.z.s.o.a.h.c.h.i.c.InternalHttpClient - ep-00000030: start execution ex-00000031
2024-07-24 14:30:05.859 [Test worker] DEBUG c.g.d.z.s.o.a.h.c.h.i.i.PoolingHttpClientConnectionManager - ep-00000030: executing exchange ex-00000031 over http-outgoing-5
2024-07-24 14:30:05.859 [Test worker] DEBUG c.g.d.z.s.o.a.h.client5.http.headers - http-outgoing-5 >> GET /v1.32/containers/6ef7ad2c2ced3b0532189b670e96c4e62679bb3b626e0cca17efa156b5457d4b/json HTTP/1.1
2024-07-24 14:30:05.859 [Test worker] DEBUG c.g.d.z.s.o.a.h.client5.http.headers - http-outgoing-5 >> accept: application/json
2024-07-24 14:30:05.859 [Test worker] DEBUG c.g.d.z.s.o.a.h.client5.http.headers - http-outgoing-5 >> x-tc-sid: 280e6229-7396-4d60-b1e3-a5de48b5d49b
2024-07-24 14:30:05.859 [Test worker] DEBUG c.g.d.z.s.o.a.h.client5.http.headers - http-outgoing-5 >> User-Agent: tc-java/1.19.8
2024-07-24 14:30:05.859 [Test worker] DEBUG c.g.d.z.s.o.a.h.client5.http.headers - http-outgoing-5 >> Accept-Encoding: gzip, x-gzip, deflate
2024-07-24 14:30:05.859 [Test worker] DEBUG c.g.d.z.s.o.a.h.client5.http.headers - http-outgoing-5 >> Host: localhost:2375
2024-07-24 14:30:05.859 [Test worker] DEBUG c.g.d.z.s.o.a.h.client5.http.headers - http-outgoing-5 >> Connection: keep-alive
2024-07-24 14:30:05.859 [Test worker] DEBUG c.g.d.z.s.o.a.hc.client5.http.wire - http-outgoing-5 >> "GET /v1.32/containers/6ef7ad2c2ced3b0532189b670e96c4e62679bb3b626e0cca17efa156b5457d4b/json HTTP/1.1[\r][\n]"
2024-07-24 14:30:05.859 [Test worker] DEBUG c.g.d.z.s.o.a.hc.client5.http.wire - http-outgoing-5 >> "accept: application/json[\r][\n]"
2024-07-24 14:30:05.859 [Test worker] DEBUG c.g.d.z.s.o.a.hc.client5.http.wire - http-outgoing-5 >> "x-tc-sid: 280e6229-7396-4d60-b1e3-a5de48b5d49b[\r][\n]"
2024-07-24 14:30:05.859 [Test worker] DEBUG c.g.d.z.s.o.a.hc.client5.http.wire - http-outgoing-5 >> "User-Agent: tc-java/1.19.8[\r][\n]"
2024-07-24 14:30:05.859 [Test worker] DEBUG c.g.d.z.s.o.a.hc.client5.http.wire - http-outgoing-5 >> "Accept-Encoding: gzip, x-gzip, deflate[\r][\n]"
2024-07-24 14:30:05.859 [Test worker] DEBUG c.g.d.z.s.o.a.hc.client5.http.wire - http-outgoing-5 >> "Host: localhost:2375[\r][\n]"
2024-07-24 14:30:05.859 [Test worker] DEBUG c.g.d.z.s.o.a.hc.client5.http.wire - http-outgoing-5 >> "Connection: keep-alive[\r][\n]"
2024-07-24 14:30:05.859 [Test worker] DEBUG c.g.d.z.s.o.a.hc.client5.http.wire - http-outgoing-5 >> "[\r][\n]"
2024-07-24 14:30:05.863 [Test worker] DEBUG c.g.d.z.s.o.a.hc.client5.http.wire - http-outgoing-5 << "HTTP/1.1 200 OK[\r][\n]"
2024-07-24 14:30:05.863 [Test worker] DEBUG c.g.d.z.s.o.a.hc.client5.http.wire - http-outgoing-5 << "Api-Version: 1.45[\r][\n]"
2024-07-24 14:30:05.863 [Test worker] DEBUG c.g.d.z.s.o.a.hc.client5.http.wire - http-outgoing-5 << "Content-Type: application/json[\r][\n]"
2024-07-24 14:30:05.863 [Test worker] DEBUG c.g.d.z.s.o.a.hc.client5.http.wire - http-outgoing-5 << "Date: Wed, 24 Jul 2024 02:30:05 GMT[\r][\n]"
2024-07-24 14:30:05.863 [Test worker] DEBUG c.g.d.z.s.o.a.hc.client5.http.wire - http-outgoing-5 << "Docker-Experimental: false[\r][\n]"
2024-07-24 14:30:05.863 [Test worker] DEBUG c.g.d.z.s.o.a.hc.client5.http.wire - http-outgoing-5 << "Ostype: linux[\r][\n]"
2024-07-24 14:30:05.863 [Test worker] DEBUG c.g.d.z.s.o.a.hc.client5.http.wire - http-outgoing-5 << "Server: Docker/26.0.0 (linux)[\r][\n]"
2024-07-24 14:30:05.863 [Test worker] DEBUG c.g.d.z.s.o.a.hc.client5.http.wire - http-outgoing-5 << "Transfer-Encoding: chunked[\r][\n]"
2024-07-24 14:30:05.863 [Test worker] DEBUG c.g.d.z.s.o.a.hc.client5.http.wire - http-outgoing-5 << "[\r][\n]"
2024-07-24 14:30:05.863 [Test worker] DEBUG c.g.d.z.s.o.a.h.client5.http.headers - http-outgoing-5 << HTTP/1.1 200 OK
2024-07-24 14:30:05.863 [Test worker] DEBUG c.g.d.z.s.o.a.h.client5.http.headers - http-outgoing-5 << Api-Version: 1.45
2024-07-24 14:30:05.863 [Test worker] DEBUG c.g.d.z.s.o.a.h.client5.http.headers - http-outgoing-5 << Content-Type: application/json
2024-07-24 14:30:05.863 [Test worker] DEBUG c.g.d.z.s.o.a.h.client5.http.headers - http-outgoing-5 << Date: Wed, 24 Jul 2024 02:30:05 GMT
2024-07-24 14:30:05.863 [Test worker] DEBUG c.g.d.z.s.o.a.h.client5.http.headers - http-outgoing-5 << Docker-Experimental: false
2024-07-24 14:30:05.863 [Test worker] DEBUG c.g.d.z.s.o.a.h.client5.http.headers - http-outgoing-5 << Ostype: linux
2024-07-24 14:30:05.863 [Test worker] DEBUG c.g.d.z.s.o.a.h.client5.http.headers - http-outgoing-5 << Server: Docker/26.0.0 (linux)
2024-07-24 14:30:05.863 [Test worker] DEBUG c.g.d.z.s.o.a.h.client5.http.headers - http-outgoing-5 << Transfer-Encoding: chunked
2024-07-24 14:30:05.863 [Test worker] DEBUG c.g.d.z.s.o.a.h.c.h.i.c.MainClientExec - ex-00000031: connection can be kept alive for 3 MINUTES
2024-07-24 14:30:05.864 [Test worker] DEBUG c.g.d.z.s.o.a.hc.client5.http.wire - http-outgoing-5 << "1a3c[\r][\n]"
2024-07-24 14:30:05.864 [Test worker] DEBUG c.g.d.z.s.o.a.hc.client5.http.wire - http-outgoing-5 << "{"Id":"6ef7ad2c2ced3b0532189b670e96c4e62679bb3b626e0cca17efa156b5457d4b","Created":"2024-07-24T02:30:03.820881247Z","Path":"docker-entrypoint.sh","Args":["postgres","-c","fsync=off"],"State":{"Status":"running","Running":true,"Paused":false,"Restarting":false,"OOMKilled":false,"Dead":false,"Pid":28260,"ExitCode":0,"Error":"","StartedAt":"2024-07-24T02:30:04.293927765Z","FinishedAt":"0001-01-01T00:00:00Z"},"Image":"sha256:8e4fc9e184899a58735e7ee333f5e272d7d2298cf59302006b71f33e217be130","ResolvConfPath":"/var/lib/docker/containers/6ef7ad2c2ced3b0532189b670e96c4e62679bb3b626e0cca17efa156b5457d4b/resolv.conf","HostnamePath":"/var/lib/docker/containers/6ef7ad2c2ced3b0532189b670e96c4e62679bb3b626e0cca17efa156b5457d4b/hostname","HostsPath":"/var/lib/docker/containers/6ef7ad2c2ced3b0532189b670e96c4e62679bb3b626e0cca17efa156b5457d4b/hosts","LogPath":"/var/lib/docker/containers/6ef7ad2c2ced3b0532189b670e96c4e62679bb3b626e0cca17efa156b5457d4b/6ef7ad2c2ced3b0532189b670e96c4e62679bb3b626e0cca17efa156b5457d4b-json.log","Name":"/hardcore_heisenberg","RestartCount":0,"Driver":"overlay2","Platform":"linux","MountLabel":"","ProcessLabel":"","AppArmorProfile":"","ExecIDs":null,"HostConfig":{"Binds":[],"ContainerIDFile":"","LogConfig":{"Type":"json-file","Config":{}},"NetworkMode":"default","PortBindings":{"5432/tcp":[{"HostIp":"0.0.0.0","HostPort":"0"}]},"RestartPolicy":{"Name":"no","MaximumRetryCount":0},"AutoRemove":false,"VolumeDriver":"","VolumesFrom":[],"ConsoleSize":[0,0],"CapAdd":null,"CapDrop":null,"CgroupnsMode":"host","Dns":null,"DnsOptions":null,"DnsSearch":null,"ExtraHosts":[],"GroupAdd":null,"IpcMode":"shareable","Cgroup":"","Links":null,"OomScoreAdj":0,"PidMode":"","Privileged":false,"PublishAllPorts":false,"ReadonlyRootfs":false,"SecurityOpt":null,"UTSMode":"","UsernsMode":"","ShmSize":67108864,"Runtime":"runc","Isolation":"","CpuShares":0,"Memory":0,"NanoCpus":0,"CgroupParent":"","BlkioWeight":0,"BlkioWeightDevice":null,"BlkioDeviceReadBps":null,"BlkioDeviceWriteBps":null,"BlkioDeviceReadIOps":null,"BlkioDeviceWriteIOps":null,"CpuPeriod":0,"CpuQuota":0,"CpuRealtimePeriod":0,"CpuRealtimeRuntime":0,"CpusetCpus":"","CpusetMems":"","Devices":null,"DeviceCgroupRules":null,"DeviceRequests":null,"MemoryReservation":0,"MemorySwap":0,"MemorySwappiness":null,"OomKillDisable":false,"PidsLimit":null,"Ulimits":null,"CpuCount":0,"CpuPercent":0,"IOMaximumIOps":0,"IOMaximumBandwidth":0,"MaskedPaths":["/proc/asound","/proc/acpi","/proc/kcore","/proc/keys","/proc/latency_stats","/proc/timer_list","/proc/timer_stats","/proc/sched_debug","/proc/scsi","/sys/firmware","/sys/devices/virtual/powercap"],"ReadonlyPaths":["/proc/bus","/proc/fs","/proc/irq","/proc/sys","/proc/sysrq-trigger"]},"GraphDriver":{"Data":{"LowerDir":"/var/lib/docker/overlay2/8b670b3c37255ca68d5db8d053a3a290dfba7b72f94effd49c1fcfebf54abe8c-init/diff:/var/lib/docker/overlay2/8f0ddbd386af0785c2e348570516955816ab350305d698d363962d488eeb15ec/diff:/var/lib/docker/overlay2/0eb0ca73e9b0be7c3d7fa8762ef4778a68f38391bc84c037c2e90b88e781b475/diff:/var/lib/docker/overlay2/74e634bddc785c5d436b10a5158cd82e21dc2065fd1cf8ff9c1c12e01575a2d8/diff:/var/lib/docker/overlay2/bb918b2851cd2f508f1e3fdbfff8b7f8b041d61e65fe8c368288bf399e80b818/diff:/var/lib/docker/overlay2/2abab2946cbdc2941ee8ec4024c51dac7313dee9de5fbedd1ca33388c59eb3c8/diff:/var/lib/docker/overlay2/e12f6083ee669bd92743ceb339a896bb25dbe461b718705bb39eb410b80c0ecd/diff:/var/lib/docker/overlay2/ced1e86d670d097da5ed4da7288c22507735918959161c2cd8bf083fb30d169a/diff:/var/lib/docker/overlay2/94e9ac7b74923285ae73af20aeccb964ca9079e2305db367cb85d1603560472d/diff:/var/lib/docker/overlay2/a396b6dfd63f0c228c519871183c614cccf4d366a43460f27ecf97113c3c4be8/diff:/var/lib/docker/overlay2/f58ada5d5080c2bac553c734f81127660a90581a35ed2a92cebe3c59e340875b/diff:/var/lib/docker/overlay2/84f85636f37bf55d945e217b4f87a856eba7932284beaf042561007b66f48977/diff:/var/lib/docker/overlay2/1e6e519613884e91a2b74a588ba35dc8a2f789371ab798ef6e7d9836d756042f/diff:/var/lib/docker/overlay2/14a3151cc8b4f9d27d2e64f1a8abc0c7809309580f2d7e8dc8545055c1d56194/diff:/var/lib"
2024-07-24 14:30:05.865 [Test worker] DEBUG c.g.d.z.s.o.a.hc.client5.http.wire - http-outgoing-5 << "/docker/overlay2/5b354b9e793401517fe2f1da697653fdaadffc54888eaf76d67e0600b8c68bdc/diff","MergedDir":"/var/lib/docker/overlay2/8b670b3c37255ca68d5db8d053a3a290dfba7b72f94effd49c1fcfebf54abe8c/merged","UpperDir":"/var/lib/docker/overlay2/8b670b3c37255ca68d5db8d053a3a290dfba7b72f94effd49c1fcfebf54abe8c/diff","WorkDir":"/var/lib/docker/overlay2/8b670b3c37255ca68d5db8d053a3a290dfba7b72f94effd49c1fcfebf54abe8c/work"},"Name":"overlay2"},"Mounts":[{"Type":"volume","Name":"2ed3901b4d73286bb91959d682dbdb07fbe295d4f28c8bf8d9ccfc19e5809326","Source":"/var/lib/docker/volumes/2ed3901b4d73286bb91959d682dbdb07fbe295d4f28c8bf8d9ccfc19e5809326/_data","Destination":"/var/lib/postgresql/data","Driver":"local","Mode":"","RW":true,"Propagation":""}],"Config":{"Hostname":"6ef7ad2c2ced","Domainname":"","User":"","AttachStdin":false,"AttachStdout":false,"AttachStderr":false,"ExposedPorts":{"5432/tcp":{}},"Tty":false,"OpenStdin":false,"StdinOnce":false,"Env":["POSTGRES_USER=user","POSTGRES_PASSWORD=password","POSTGRES_DB=db","PATH=/usr/local/sbin:/usr/local/bin:/usr/sbin:/usr/bin:/sbin:/bin:/usr/lib/postgresql/16/bin","GOSU_VERSION=1.17","LANG=en_US.utf8","PG_MAJOR=16","PG_VERSION=16.2-1.pgdg120+2","PGDATA=/var/lib/postgresql/data"],"Cmd":["postgres","-c","fsync=off"],"Image":"postgres:latest","Volumes":{"/var/lib/postgresql/data":{}},"WorkingDir":"","Entrypoint":["docker-entrypoint.sh"],"OnBuild":null,"Labels":{"org.testcontainers":"true","org.testcontainers.lang":"java","org.testcontainers.sessionId":"280e6229-7396-4d60-b1e3-a5de48b5d49b","org.testcontainers.version":"1.19.8"},"StopSignal":"SIGINT"},"NetworkSettings":{"Bridge":"","SandboxID":"342ed89d13189dd1385d1489c4e5fa31c73791954bf06b3e23d6d2426ce6c503","SandboxKey":"/var/run/docker/netns/342ed89d1318","Ports":{"5432/tcp":[{"HostIp":"0.0.0.0","HostPort":"51516"}]},"HairpinMode":false,"LinkLocalIPv6Address":"","LinkLocalIPv6PrefixLen":0,"SecondaryIPAddresses":null,"SecondaryIPv6Addresses":null,"EndpointID":"8bbd5206ed89a231763e6a2f1ec09e140a2b0ac76723ba30d9e14222cfee5f95","Gateway":"172.17.0.1","GlobalIPv6Address":"","GlobalIPv6PrefixLen":0,"IPAddress":"172.17.0.3","IPPrefixLen":16,"IPv6Gateway":"","MacAddress":"02:42:ac:11:00:03","Networks":{"bridge":{"IPAMConfig":null,"Links":null,"Aliases":null,"MacAddress":"02:42:ac:11:00:03","NetworkID":"3c842496be344cbdae878c1dee0957e7bc7c0a2236009c92752030f2b053e72f","EndpointID":"8bbd5206ed89a231763e6a2f1ec09e140a2b0ac76723ba30d9e14222cfee5f95","Gateway":"172.17.0.1","IPAddress":"172.17.0.3","IPPrefixLen":16,"IPv6Gateway":"","GlobalIPv6Address":"","GlobalIPv6PrefixLen":0,"DriverOpts":null,"DNSNames":null}}}}[\n]"
2024-07-24 14:30:05.866 [Test worker] DEBUG c.g.d.z.s.o.a.hc.client5.http.wire - http-outgoing-5 << "[\r][\n]"
2024-07-24 14:30:05.866 [Test worker] DEBUG c.g.d.z.s.o.a.hc.client5.http.wire - http-outgoing-5 << "0[\r][\n]"
2024-07-24 14:30:05.866 [Test worker] DEBUG c.g.d.z.s.o.a.hc.client5.http.wire - http-outgoing-5 << "[\r][\n]"
2024-07-24 14:30:05.866 [Test worker] DEBUG c.g.d.z.s.o.a.h.c.h.i.c.InternalHttpClient - ep-00000030: releasing valid endpoint
2024-07-24 14:30:05.866 [Test worker] DEBUG c.g.d.z.s.o.a.h.c.h.i.i.PoolingHttpClientConnectionManager - ep-00000030: releasing endpoint
2024-07-24 14:30:05.866 [Test worker] DEBUG c.g.d.z.s.o.a.h.c.h.i.i.PoolingHttpClientConnectionManager - ep-00000030: connection http-outgoing-5 can be kept alive for 3 MINUTES
2024-07-24 14:30:05.866 [Test worker] DEBUG c.g.d.z.s.o.a.h.c.h.i.i.PoolingHttpClientConnectionManager - ep-00000030: connection released [route: {}->npipe://localhost:2375][total available: 1; route allocated: 1 of 2147483647; total allocated: 1 of 2147483647]
2024-07-24 14:30:05.866 [Test worker] DEBUG tc.postgres:latest - Trying to create JDBC connection using org.postgresql.Driver to jdbc:postgresql://localhost:51516/db?loggerLevel=OFF with properties: {password=password, user=user}
2024-07-24 14:30:05.882 [Test worker] DEBUG o.t.jdbc.JdbcDatabaseDelegate - false returned as updateCount for SQL: drop table if exists WorkedOn
2024-07-24 14:30:05.883 [Test worker] DEBUG o.t.jdbc.JdbcDatabaseDelegate - false returned as updateCount for SQL: drop table if exists SequenceLine
2024-07-24 14:30:05.883 [Test worker] DEBUG o.t.jdbc.JdbcDatabaseDelegate - false returned as updateCount for SQL: drop table if exists WorkOrder
2024-07-24 14:30:05.884 [Test worker] DEBUG o.t.jdbc.JdbcDatabaseDelegate - false returned as updateCount for SQL: drop table if exists SequenceHeader
2024-07-24 14:30:05.885 [Test worker] DEBUG o.t.jdbc.JdbcDatabaseDelegate - false returned as updateCount for SQL: drop table if exists SaleOrderLine
2024-07-24 14:30:05.885 [Test worker] DEBUG o.t.jdbc.JdbcDatabaseDelegate - false returned as updateCount for SQL: drop table if exists SaleOrderHeader
2024-07-24 14:30:05.886 [Test worker] DEBUG o.t.jdbc.JdbcDatabaseDelegate - false returned as updateCount for SQL: drop table if exists Staff
2024-07-24 14:30:05.887 [Test worker] DEBUG o.t.jdbc.JdbcDatabaseDelegate - false returned as updateCount for SQL: drop table if exists WorkStation
2024-07-24 14:30:05.887 [Test worker] DEBUG o.t.jdbc.JdbcDatabaseDelegate - false returned as updateCount for SQL: drop table if exists Part
2024-07-24 14:30:05.888 [Test worker] DEBUG o.t.jdbc.JdbcDatabaseDelegate - false returned as updateCount for SQL: drop table if exists Customer
2024-07-24 14:30:05.891 [Test worker] DEBUG o.t.jdbc.JdbcDatabaseDelegate - false returned as updateCount for SQL: create table Customer ( customerId VarChar(8) PRIMARY Key, name VarChar(100) not null, address VarChar(500) not null )
2024-07-24 14:30:05.892 [Test worker] DEBUG o.t.jdbc.JdbcDatabaseDelegate - false returned as updateCount for SQL: create table Part ( partId VarChar(6) PRIMARY KEY, inventory Int not null, name VarChar(100) not null )
2024-07-24 14:30:05.893 [Test worker] DEBUG o.t.jdbc.JdbcDatabaseDelegate - false returned as updateCount for SQL: create table WorkStation ( name VarChar(50) PRIMARY KEY )
2024-07-24 14:30:05.894 [Test worker] DEBUG o.t.jdbc.JdbcDatabaseDelegate - false returned as updateCount for SQL: create table Staff ( staffID VarChar(6) PRIMARY KEY, name VarChar(100) not null )
2024-07-24 14:30:05.896 [Test worker] DEBUG o.t.jdbc.JdbcDatabaseDelegate - false returned as updateCount for SQL: create table SaleOrderHeader ( soHeaderId VarChar(6) PRIMARY key , customerId VarChar(8) not null references Customer (customerId) )
2024-07-24 14:30:05.897 [Test worker] DEBUG o.t.jdbc.JdbcDatabaseDelegate - false returned as updateCount for SQL: create table SaleOrderLine ( soLineId VarChar(6), soHeaderId VarChar(6) references SaleOrderHeader (soHeaderID), dateDue Date not null, partID VarChar(6) not null references Part(partId), PRIMARY KEY (soLineId,soHeaderId) )
2024-07-24 14:30:05.898 [Test worker] DEBUG o.t.jdbc.JdbcDatabaseDelegate - false returned as updateCount for SQL: create table SequenceHeader ( seqHeaderId VarChar(6) PRIMARY KEY, partId VarChar(6) not null references Part(partId) )
2024-07-24 14:30:05.900 [Test worker] DEBUG o.t.jdbc.JdbcDatabaseDelegate - false returned as updateCount for SQL: create table WorkOrder ( workOrderId VarChar(8) PRIMARY KEY, seqHeaderId VarChar(6) not null REFERENCES SequenceHeader (seqHeaderId), soLineId VarChar(6) not null, soHeaderId VarChar(6) not null, quanity Int not null, FOREIGN KEY (soLineId,soHeaderId) REFERENCES SaleOrderLine (soLineId,soHeaderId) )
2024-07-24 14:30:05.901 [Test worker] DEBUG o.t.jdbc.JdbcDatabaseDelegate - false returned as updateCount for SQL: create table SequenceLine ( seqLineId VarChar(10), seqHeaderId VarChar(6) references SequenceHeader (seqHeaderId), workStation VarChar(50) not null references WorkStation(name), PRIMARY KEY(seqLineId,seqHeaderId) )
2024-07-24 14:30:05.902 [Test worker] DEBUG o.t.jdbc.JdbcDatabaseDelegate - false returned as updateCount for SQL: create table WorkedOn ( staffId VarChar(8) references Staff (staffId), seqHeaderId VarChar(6), seqLineId VarChar(10), workOrderId VarChar(50) references WorkOrder(workOrderId), PRIMARY key (staffId,seqHeaderId,seqLineId,workOrderId), FOREIGN KEY (seqHeaderId,seqLineId) REFERENCES SequenceLine (seqHeaderId,seqLineId) )
2024-07-24 14:30:05.903 [Test worker] INFO  org.testcontainers.ext.ScriptUtils - Executed database script from sql/init.sql in 45 ms.
2024-07-24 14:30:05.916 [Test worker] DEBUG o.t.s.c.g.d.c.command.AbstrDockerCmd - Cmd: 6ef7ad2c2ced3b0532189b670e96c4e62679bb3b626e0cca17efa156b5457d4b,false
2024-07-24 14:30:05.916 [Test worker] DEBUG o.t.s.c.g.d.c.e.InspectContainerCmdExec - GET: DefaultWebTarget{path=[/containers/6ef7ad2c2ced3b0532189b670e96c4e62679bb3b626e0cca17efa156b5457d4b/json], queryParams={}}
2024-07-24 14:30:05.917 [Test worker] DEBUG c.g.d.z.s.o.a.h.c.h.i.c.InternalHttpClient - ex-00000032: preparing request execution
2024-07-24 14:30:05.917 [Test worker] DEBUG c.g.d.z.s.o.a.h.c.h.p.RequestAddCookies - Cookie spec selected: strict
2024-07-24 14:30:05.917 [Test worker] DEBUG c.g.d.z.s.o.a.h.c.h.p.RequestAuthCache - Auth cache not set in the context
2024-07-24 14:30:05.917 [Test worker] DEBUG c.g.d.z.s.o.a.h.c.h.i.c.ProtocolExec - ex-00000032: target auth state: UNCHALLENGED
2024-07-24 14:30:05.917 [Test worker] DEBUG c.g.d.z.s.o.a.h.c.h.i.c.ProtocolExec - ex-00000032: proxy auth state: UNCHALLENGED
2024-07-24 14:30:05.917 [Test worker] DEBUG c.g.d.z.s.o.a.h.c.h.i.c.ConnectExec - ex-00000032: acquiring connection with route {}->npipe://localhost:2375
2024-07-24 14:30:05.917 [Test worker] DEBUG c.g.d.z.s.o.a.h.c.h.i.c.InternalHttpClient - ex-00000032: acquiring endpoint (3 MINUTES)
2024-07-24 14:30:05.917 [Test worker] DEBUG c.g.d.z.s.o.a.h.c.h.i.i.PoolingHttpClientConnectionManager - ex-00000032: endpoint lease request (3 MINUTES) [route: {}->npipe://localhost:2375][total available: 1; route allocated: 1 of 2147483647; total allocated: 1 of 2147483647]
2024-07-24 14:30:05.917 [Test worker] DEBUG c.g.d.z.s.o.a.h.c.h.i.i.PoolingHttpClientConnectionManager - ex-00000032: endpoint leased [route: {}->npipe://localhost:2375][total available: 0; route allocated: 1 of 2147483647; total allocated: 1 of 2147483647]
2024-07-24 14:30:05.917 [Test worker] DEBUG c.g.d.z.s.o.a.h.c.h.i.i.PoolingHttpClientConnectionManager - ex-00000032: acquired ep-00000031
2024-07-24 14:30:05.917 [Test worker] DEBUG c.g.d.z.s.o.a.h.c.h.i.c.InternalHttpClient - ex-00000032: acquired endpoint ep-00000031
2024-07-24 14:30:05.917 [Test worker] DEBUG c.g.d.z.s.o.a.h.c.h.i.c.MainClientExec - ex-00000032: executing GET /v1.32/containers/6ef7ad2c2ced3b0532189b670e96c4e62679bb3b626e0cca17efa156b5457d4b/json HTTP/1.1
2024-07-24 14:30:05.917 [Test worker] DEBUG c.g.d.z.s.o.a.h.c.h.i.c.InternalHttpClient - ep-00000031: start execution ex-00000032
2024-07-24 14:30:05.917 [Test worker] DEBUG c.g.d.z.s.o.a.h.c.h.i.i.PoolingHttpClientConnectionManager - ep-00000031: executing exchange ex-00000032 over http-outgoing-5
2024-07-24 14:30:05.918 [Test worker] DEBUG c.g.d.z.s.o.a.h.client5.http.headers - http-outgoing-5 >> GET /v1.32/containers/6ef7ad2c2ced3b0532189b670e96c4e62679bb3b626e0cca17efa156b5457d4b/json HTTP/1.1
2024-07-24 14:30:05.918 [Test worker] DEBUG c.g.d.z.s.o.a.h.client5.http.headers - http-outgoing-5 >> accept: application/json
2024-07-24 14:30:05.918 [Test worker] DEBUG c.g.d.z.s.o.a.h.client5.http.headers - http-outgoing-5 >> x-tc-sid: 280e6229-7396-4d60-b1e3-a5de48b5d49b
2024-07-24 14:30:05.918 [Test worker] DEBUG c.g.d.z.s.o.a.h.client5.http.headers - http-outgoing-5 >> User-Agent: tc-java/1.19.8
2024-07-24 14:30:05.918 [Test worker] DEBUG c.g.d.z.s.o.a.h.client5.http.headers - http-outgoing-5 >> Accept-Encoding: gzip, x-gzip, deflate
2024-07-24 14:30:05.918 [Test worker] DEBUG c.g.d.z.s.o.a.h.client5.http.headers - http-outgoing-5 >> Host: localhost:2375
2024-07-24 14:30:05.918 [Test worker] DEBUG c.g.d.z.s.o.a.h.client5.http.headers - http-outgoing-5 >> Connection: keep-alive
2024-07-24 14:30:05.918 [Test worker] DEBUG c.g.d.z.s.o.a.hc.client5.http.wire - http-outgoing-5 >> "GET /v1.32/containers/6ef7ad2c2ced3b0532189b670e96c4e62679bb3b626e0cca17efa156b5457d4b/json HTTP/1.1[\r][\n]"
2024-07-24 14:30:05.918 [Test worker] DEBUG c.g.d.z.s.o.a.hc.client5.http.wire - http-outgoing-5 >> "accept: application/json[\r][\n]"
2024-07-24 14:30:05.918 [Test worker] DEBUG c.g.d.z.s.o.a.hc.client5.http.wire - http-outgoing-5 >> "x-tc-sid: 280e6229-7396-4d60-b1e3-a5de48b5d49b[\r][\n]"
2024-07-24 14:30:05.918 [Test worker] DEBUG c.g.d.z.s.o.a.hc.client5.http.wire - http-outgoing-5 >> "User-Agent: tc-java/1.19.8[\r][\n]"
2024-07-24 14:30:05.918 [Test worker] DEBUG c.g.d.z.s.o.a.hc.client5.http.wire - http-outgoing-5 >> "Accept-Encoding: gzip, x-gzip, deflate[\r][\n]"
2024-07-24 14:30:05.918 [Test worker] DEBUG c.g.d.z.s.o.a.hc.client5.http.wire - http-outgoing-5 >> "Host: localhost:2375[\r][\n]"
2024-07-24 14:30:05.918 [Test worker] DEBUG c.g.d.z.s.o.a.hc.client5.http.wire - http-outgoing-5 >> "Connection: keep-alive[\r][\n]"
2024-07-24 14:30:05.918 [Test worker] DEBUG c.g.d.z.s.o.a.hc.client5.http.wire - http-outgoing-5 >> "[\r][\n]"
2024-07-24 14:30:05.921 [Test worker] DEBUG c.g.d.z.s.o.a.hc.client5.http.wire - http-outgoing-5 << "HTTP/1.1 200 OK[\r][\n]"
2024-07-24 14:30:05.921 [Test worker] DEBUG c.g.d.z.s.o.a.hc.client5.http.wire - http-outgoing-5 << "Api-Version: 1.45[\r][\n]"
2024-07-24 14:30:05.921 [Test worker] DEBUG c.g.d.z.s.o.a.hc.client5.http.wire - http-outgoing-5 << "Content-Type: application/json[\r][\n]"
2024-07-24 14:30:05.921 [Test worker] DEBUG c.g.d.z.s.o.a.hc.client5.http.wire - http-outgoing-5 << "Date: Wed, 24 Jul 2024 02:30:05 GMT[\r][\n]"
2024-07-24 14:30:05.921 [Test worker] DEBUG c.g.d.z.s.o.a.hc.client5.http.wire - http-outgoing-5 << "Docker-Experimental: false[\r][\n]"
2024-07-24 14:30:05.921 [Test worker] DEBUG c.g.d.z.s.o.a.hc.client5.http.wire - http-outgoing-5 << "Ostype: linux[\r][\n]"
2024-07-24 14:30:05.921 [Test worker] DEBUG c.g.d.z.s.o.a.hc.client5.http.wire - http-outgoing-5 << "Server: Docker/26.0.0 (linux)[\r][\n]"
2024-07-24 14:30:05.921 [Test worker] DEBUG c.g.d.z.s.o.a.hc.client5.http.wire - http-outgoing-5 << "Transfer-Encoding: chunked[\r][\n]"
2024-07-24 14:30:05.921 [Test worker] DEBUG c.g.d.z.s.o.a.hc.client5.http.wire - http-outgoing-5 << "[\r][\n]"
2024-07-24 14:30:05.921 [Test worker] DEBUG c.g.d.z.s.o.a.h.client5.http.headers - http-outgoing-5 << HTTP/1.1 200 OK
2024-07-24 14:30:05.921 [Test worker] DEBUG c.g.d.z.s.o.a.h.client5.http.headers - http-outgoing-5 << Api-Version: 1.45
2024-07-24 14:30:05.921 [Test worker] DEBUG c.g.d.z.s.o.a.h.client5.http.headers - http-outgoing-5 << Content-Type: application/json
2024-07-24 14:30:05.921 [Test worker] DEBUG c.g.d.z.s.o.a.h.client5.http.headers - http-outgoing-5 << Date: Wed, 24 Jul 2024 02:30:05 GMT
2024-07-24 14:30:05.921 [Test worker] DEBUG c.g.d.z.s.o.a.h.client5.http.headers - http-outgoing-5 << Docker-Experimental: false
2024-07-24 14:30:05.921 [Test worker] DEBUG c.g.d.z.s.o.a.h.client5.http.headers - http-outgoing-5 << Ostype: linux
2024-07-24 14:30:05.921 [Test worker] DEBUG c.g.d.z.s.o.a.h.client5.http.headers - http-outgoing-5 << Server: Docker/26.0.0 (linux)
2024-07-24 14:30:05.921 [Test worker] DEBUG c.g.d.z.s.o.a.h.client5.http.headers - http-outgoing-5 << Transfer-Encoding: chunked
2024-07-24 14:30:05.921 [Test worker] DEBUG c.g.d.z.s.o.a.h.c.h.i.c.MainClientExec - ex-00000032: connection can be kept alive for 3 MINUTES
2024-07-24 14:30:05.922 [Test worker] DEBUG c.g.d.z.s.o.a.hc.client5.http.wire - http-outgoing-5 << "1a3c[\r][\n]"
2024-07-24 14:30:05.922 [Test worker] DEBUG c.g.d.z.s.o.a.hc.client5.http.wire - http-outgoing-5 << "{"Id":"6ef7ad2c2ced3b0532189b670e96c4e62679bb3b626e0cca17efa156b5457d4b","Created":"2024-07-24T02:30:03.820881247Z","Path":"docker-entrypoint.sh","Args":["postgres","-c","fsync=off"],"State":{"Status":"running","Running":true,"Paused":false,"Restarting":false,"OOMKilled":false,"Dead":false,"Pid":28260,"ExitCode":0,"Error":"","StartedAt":"2024-07-24T02:30:04.293927765Z","FinishedAt":"0001-01-01T00:00:00Z"},"Image":"sha256:8e4fc9e184899a58735e7ee333f5e272d7d2298cf59302006b71f33e217be130","ResolvConfPath":"/var/lib/docker/containers/6ef7ad2c2ced3b0532189b670e96c4e62679bb3b626e0cca17efa156b5457d4b/resolv.conf","HostnamePath":"/var/lib/docker/containers/6ef7ad2c2ced3b0532189b670e96c4e62679bb3b626e0cca17efa156b5457d4b/hostname","HostsPath":"/var/lib/docker/containers/6ef7ad2c2ced3b0532189b670e96c4e62679bb3b626e0cca17efa156b5457d4b/hosts","LogPath":"/var/lib/docker/containers/6ef7ad2c2ced3b0532189b670e96c4e62679bb3b626e0cca17efa156b5457d4b/6ef7ad2c2ced3b0532189b670e96c4e62679bb3b626e0cca17efa156b5457d4b-json.log","Name":"/hardcore_heisenberg","RestartCount":0,"Driver":"overlay2","Platform":"linux","MountLabel":"","ProcessLabel":"","AppArmorProfile":"","ExecIDs":null,"HostConfig":{"Binds":[],"ContainerIDFile":"","LogConfig":{"Type":"json-file","Config":{}},"NetworkMode":"default","PortBindings":{"5432/tcp":[{"HostIp":"0.0.0.0","HostPort":"0"}]},"RestartPolicy":{"Name":"no","MaximumRetryCount":0},"AutoRemove":false,"VolumeDriver":"","VolumesFrom":[],"ConsoleSize":[0,0],"CapAdd":null,"CapDrop":null,"CgroupnsMode":"host","Dns":null,"DnsOptions":null,"DnsSearch":null,"ExtraHosts":[],"GroupAdd":null,"IpcMode":"shareable","Cgroup":"","Links":null,"OomScoreAdj":0,"PidMode":"","Privileged":false,"PublishAllPorts":false,"ReadonlyRootfs":false,"SecurityOpt":null,"UTSMode":"","UsernsMode":"","ShmSize":67108864,"Runtime":"runc","Isolation":"","CpuShares":0,"Memory":0,"NanoCpus":0,"CgroupParent":"","BlkioWeight":0,"BlkioWeightDevice":null,"BlkioDeviceReadBps":null,"BlkioDeviceWriteBps":null,"BlkioDeviceReadIOps":null,"BlkioDeviceWriteIOps":null,"CpuPeriod":0,"CpuQuota":0,"CpuRealtimePeriod":0,"CpuRealtimeRuntime":0,"CpusetCpus":"","CpusetMems":"","Devices":null,"DeviceCgroupRules":null,"DeviceRequests":null,"MemoryReservation":0,"MemorySwap":0,"MemorySwappiness":null,"OomKillDisable":false,"PidsLimit":null,"Ulimits":null,"CpuCount":0,"CpuPercent":0,"IOMaximumIOps":0,"IOMaximumBandwidth":0,"MaskedPaths":["/proc/asound","/proc/acpi","/proc/kcore","/proc/keys","/proc/latency_stats","/proc/timer_list","/proc/timer_stats","/proc/sched_debug","/proc/scsi","/sys/firmware","/sys/devices/virtual/powercap"],"ReadonlyPaths":["/proc/bus","/proc/fs","/proc/irq","/proc/sys","/proc/sysrq-trigger"]},"GraphDriver":{"Data":{"LowerDir":"/var/lib/docker/overlay2/8b670b3c37255ca68d5db8d053a3a290dfba7b72f94effd49c1fcfebf54abe8c-init/diff:/var/lib/docker/overlay2/8f0ddbd386af0785c2e348570516955816ab350305d698d363962d488eeb15ec/diff:/var/lib/docker/overlay2/0eb0ca73e9b0be7c3d7fa8762ef4778a68f38391bc84c037c2e90b88e781b475/diff:/var/lib/docker/overlay2/74e634bddc785c5d436b10a5158cd82e21dc2065fd1cf8ff9c1c12e01575a2d8/diff:/var/lib/docker/overlay2/bb918b2851cd2f508f1e3fdbfff8b7f8b041d61e65fe8c368288bf399e80b818/diff:/var/lib/docker/overlay2/2abab2946cbdc2941ee8ec4024c51dac7313dee9de5fbedd1ca33388c59eb3c8/diff:/var/lib/docker/overlay2/e12f6083ee669bd92743ceb339a896bb25dbe461b718705bb39eb410b80c0ecd/diff:/var/lib/docker/overlay2/ced1e86d670d097da5ed4da7288c22507735918959161c2cd8bf083fb30d169a/diff:/var/lib/docker/overlay2/94e9ac7b74923285ae73af20aeccb964ca9079e2305db367cb85d1603560472d/diff:/var/lib/docker/overlay2/a396b6dfd63f0c228c519871183c614cccf4d366a43460f27ecf97113c3c4be8/diff:/var/lib/docker/overlay2/f58ada5d5080c2bac553c734f81127660a90581a35ed2a92cebe3c59e340875b/diff:/var/lib/docker/overlay2/84f85636f37bf55d945e217b4f87a856eba7932284beaf042561007b66f48977/diff:/var/lib/docker/overlay2/1e6e519613884e91a2b74a588ba35dc8a2f789371ab798ef6e7d9836d756042f/diff:/var/lib/docker/overlay2/14a3151cc8b4f9d27d2e64f1a8abc0c7809309580f2d7e8dc8545055c1d56194/diff:/var/lib"
2024-07-24 14:30:05.922 [Test worker] DEBUG c.g.d.z.s.o.a.hc.client5.http.wire - http-outgoing-5 << "/docker/overlay2/5b354b9e793401517fe2f1da697653fdaadffc54888eaf76d67e0600b8c68bdc/diff","MergedDir":"/var/lib/docker/overlay2/8b670b3c37255ca68d5db8d053a3a290dfba7b72f94effd49c1fcfebf54abe8c/merged","UpperDir":"/var/lib/docker/overlay2/8b670b3c37255ca68d5db8d053a3a290dfba7b72f94effd49c1fcfebf54abe8c/diff","WorkDir":"/var/lib/docker/overlay2/8b670b3c37255ca68d5db8d053a3a290dfba7b72f94effd49c1fcfebf54abe8c/work"},"Name":"overlay2"},"Mounts":[{"Type":"volume","Name":"2ed3901b4d73286bb91959d682dbdb07fbe295d4f28c8bf8d9ccfc19e5809326","Source":"/var/lib/docker/volumes/2ed3901b4d73286bb91959d682dbdb07fbe295d4f28c8bf8d9ccfc19e5809326/_data","Destination":"/var/lib/postgresql/data","Driver":"local","Mode":"","RW":true,"Propagation":""}],"Config":{"Hostname":"6ef7ad2c2ced","Domainname":"","User":"","AttachStdin":false,"AttachStdout":false,"AttachStderr":false,"ExposedPorts":{"5432/tcp":{}},"Tty":false,"OpenStdin":false,"StdinOnce":false,"Env":["POSTGRES_USER=user","POSTGRES_PASSWORD=password","POSTGRES_DB=db","PATH=/usr/local/sbin:/usr/local/bin:/usr/sbin:/usr/bin:/sbin:/bin:/usr/lib/postgresql/16/bin","GOSU_VERSION=1.17","LANG=en_US.utf8","PG_MAJOR=16","PG_VERSION=16.2-1.pgdg120+2","PGDATA=/var/lib/postgresql/data"],"Cmd":["postgres","-c","fsync=off"],"Image":"postgres:latest","Volumes":{"/var/lib/postgresql/data":{}},"WorkingDir":"","Entrypoint":["docker-entrypoint.sh"],"OnBuild":null,"Labels":{"org.testcontainers":"true","org.testcontainers.lang":"java","org.testcontainers.sessionId":"280e6229-7396-4d60-b1e3-a5de48b5d49b","org.testcontainers.version":"1.19.8"},"StopSignal":"SIGINT"},"NetworkSettings":{"Bridge":"","SandboxID":"342ed89d13189dd1385d1489c4e5fa31c73791954bf06b3e23d6d2426ce6c503","SandboxKey":"/var/run/docker/netns/342ed89d1318","Ports":{"5432/tcp":[{"HostIp":"0.0.0.0","HostPort":"51516"}]},"HairpinMode":false,"LinkLocalIPv6Address":"","LinkLocalIPv6PrefixLen":0,"SecondaryIPAddresses":null,"SecondaryIPv6Addresses":null,"EndpointID":"8bbd5206ed89a231763e6a2f1ec09e140a2b0ac76723ba30d9e14222cfee5f95","Gateway":"172.17.0.1","GlobalIPv6Address":"","GlobalIPv6PrefixLen":0,"IPAddress":"172.17.0.3","IPPrefixLen":16,"IPv6Gateway":"","MacAddress":"02:42:ac:11:00:03","Networks":{"bridge":{"IPAMConfig":null,"Links":null,"Aliases":null,"MacAddress":"02:42:ac:11:00:03","NetworkID":"3c842496be344cbdae878c1dee0957e7bc7c0a2236009c92752030f2b053e72f","EndpointID":"8bbd5206ed89a231763e6a2f1ec09e140a2b0ac76723ba30d9e14222cfee5f95","Gateway":"172.17.0.1","IPAddress":"172.17.0.3","IPPrefixLen":16,"IPv6Gateway":"","GlobalIPv6Address":"","GlobalIPv6PrefixLen":0,"DriverOpts":null,"DNSNames":null}}}}[\n]"
2024-07-24 14:30:05.925 [Test worker] DEBUG c.g.d.z.s.o.a.hc.client5.http.wire - http-outgoing-5 << "[\r][\n]"
2024-07-24 14:30:05.925 [Test worker] DEBUG c.g.d.z.s.o.a.hc.client5.http.wire - http-outgoing-5 << "0[\r][\n]"
2024-07-24 14:30:05.925 [Test worker] DEBUG c.g.d.z.s.o.a.hc.client5.http.wire - http-outgoing-5 << "[\r][\n]"
2024-07-24 14:30:05.925 [Test worker] DEBUG c.g.d.z.s.o.a.h.c.h.i.c.InternalHttpClient - ep-00000031: releasing valid endpoint
2024-07-24 14:30:05.925 [Test worker] DEBUG c.g.d.z.s.o.a.h.c.h.i.i.PoolingHttpClientConnectionManager - ep-00000031: releasing endpoint
2024-07-24 14:30:05.925 [Test worker] DEBUG c.g.d.z.s.o.a.h.c.h.i.i.PoolingHttpClientConnectionManager - ep-00000031: connection http-outgoing-5 can be kept alive for 3 MINUTES
2024-07-24 14:30:05.925 [Test worker] DEBUG c.g.d.z.s.o.a.h.c.h.i.i.PoolingHttpClientConnectionManager - ep-00000031: connection released [route: {}->npipe://localhost:2375][total available: 1; route allocated: 1 of 2147483647; total allocated: 1 of 2147483647]
2024-07-24 14:30:05.925 [Test worker] TRACE o.t.utility.ResourceReaper - Stopping container: 6ef7ad2c2ced3b0532189b670e96c4e62679bb3b626e0cca17efa156b5457d4b
2024-07-24 14:30:05.925 [Test worker] DEBUG o.t.s.c.g.d.c.command.AbstrDockerCmd - Cmd: 6ef7ad2c2ced3b0532189b670e96c4e62679bb3b626e0cca17efa156b5457d4b,<null>
2024-07-24 14:30:05.926 [Test worker] TRACE o.t.s.c.g.d.c.e.KillContainerCmdExec - POST: DefaultWebTarget{path=[/containers/6ef7ad2c2ced3b0532189b670e96c4e62679bb3b626e0cca17efa156b5457d4b/kill], queryParams={}}
2024-07-24 14:30:05.926 [Test worker] DEBUG c.g.d.z.s.o.a.h.c.h.i.c.InternalHttpClient - ex-00000033: preparing request execution
2024-07-24 14:30:05.926 [Test worker] DEBUG c.g.d.z.s.o.a.h.c.h.p.RequestAddCookies - Cookie spec selected: strict
2024-07-24 14:30:05.926 [Test worker] DEBUG c.g.d.z.s.o.a.h.c.h.p.RequestAuthCache - Auth cache not set in the context
2024-07-24 14:30:05.926 [Test worker] DEBUG c.g.d.z.s.o.a.h.c.h.i.c.ProtocolExec - ex-00000033: target auth state: UNCHALLENGED
2024-07-24 14:30:05.926 [Test worker] DEBUG c.g.d.z.s.o.a.h.c.h.i.c.ProtocolExec - ex-00000033: proxy auth state: UNCHALLENGED
2024-07-24 14:30:05.926 [Test worker] DEBUG c.g.d.z.s.o.a.h.c.h.i.c.ConnectExec - ex-00000033: acquiring connection with route {}->npipe://localhost:2375
2024-07-24 14:30:05.926 [Test worker] DEBUG c.g.d.z.s.o.a.h.c.h.i.c.InternalHttpClient - ex-00000033: acquiring endpoint (3 MINUTES)
2024-07-24 14:30:05.926 [Test worker] DEBUG c.g.d.z.s.o.a.h.c.h.i.i.PoolingHttpClientConnectionManager - ex-00000033: endpoint lease request (3 MINUTES) [route: {}->npipe://localhost:2375][total available: 1; route allocated: 1 of 2147483647; total allocated: 1 of 2147483647]
2024-07-24 14:30:05.926 [Test worker] DEBUG c.g.d.z.s.o.a.h.c.h.i.i.PoolingHttpClientConnectionManager - ex-00000033: endpoint leased [route: {}->npipe://localhost:2375][total available: 0; route allocated: 1 of 2147483647; total allocated: 1 of 2147483647]
2024-07-24 14:30:05.926 [Test worker] DEBUG c.g.d.z.s.o.a.h.c.h.i.i.PoolingHttpClientConnectionManager - ex-00000033: acquired ep-00000032
2024-07-24 14:30:05.926 [Test worker] DEBUG c.g.d.z.s.o.a.h.c.h.i.c.InternalHttpClient - ex-00000033: acquired endpoint ep-00000032
2024-07-24 14:30:05.926 [Test worker] DEBUG c.g.d.z.s.o.a.h.c.h.i.c.MainClientExec - ex-00000033: executing POST /v1.32/containers/6ef7ad2c2ced3b0532189b670e96c4e62679bb3b626e0cca17efa156b5457d4b/kill HTTP/1.1
2024-07-24 14:30:05.926 [Test worker] DEBUG c.g.d.z.s.o.a.h.c.h.i.c.InternalHttpClient - ep-00000032: start execution ex-00000033
2024-07-24 14:30:05.926 [Test worker] DEBUG c.g.d.z.s.o.a.h.c.h.i.i.PoolingHttpClientConnectionManager - ep-00000032: executing exchange ex-00000033 over http-outgoing-5
2024-07-24 14:30:05.926 [Test worker] DEBUG c.g.d.z.s.o.a.h.client5.http.headers - http-outgoing-5 >> POST /v1.32/containers/6ef7ad2c2ced3b0532189b670e96c4e62679bb3b626e0cca17efa156b5457d4b/kill HTTP/1.1
2024-07-24 14:30:05.926 [Test worker] DEBUG c.g.d.z.s.o.a.h.client5.http.headers - http-outgoing-5 >> accept: application/json
2024-07-24 14:30:05.926 [Test worker] DEBUG c.g.d.z.s.o.a.h.client5.http.headers - http-outgoing-5 >> content-type: application/json
2024-07-24 14:30:05.926 [Test worker] DEBUG c.g.d.z.s.o.a.h.client5.http.headers - http-outgoing-5 >> x-tc-sid: 280e6229-7396-4d60-b1e3-a5de48b5d49b
2024-07-24 14:30:05.926 [Test worker] DEBUG c.g.d.z.s.o.a.h.client5.http.headers - http-outgoing-5 >> User-Agent: tc-java/1.19.8
2024-07-24 14:30:05.926 [Test worker] DEBUG c.g.d.z.s.o.a.h.client5.http.headers - http-outgoing-5 >> Accept-Encoding: gzip, x-gzip, deflate
2024-07-24 14:30:05.926 [Test worker] DEBUG c.g.d.z.s.o.a.h.client5.http.headers - http-outgoing-5 >> Host: localhost:2375
2024-07-24 14:30:05.926 [Test worker] DEBUG c.g.d.z.s.o.a.h.client5.http.headers - http-outgoing-5 >> Connection: keep-alive
2024-07-24 14:30:05.926 [Test worker] DEBUG c.g.d.z.s.o.a.hc.client5.http.wire - http-outgoing-5 >> "POST /v1.32/containers/6ef7ad2c2ced3b0532189b670e96c4e62679bb3b626e0cca17efa156b5457d4b/kill HTTP/1.1[\r][\n]"
2024-07-24 14:30:05.926 [Test worker] DEBUG c.g.d.z.s.o.a.hc.client5.http.wire - http-outgoing-5 >> "accept: application/json[\r][\n]"
2024-07-24 14:30:05.926 [Test worker] DEBUG c.g.d.z.s.o.a.hc.client5.http.wire - http-outgoing-5 >> "content-type: application/json[\r][\n]"
2024-07-24 14:30:05.926 [Test worker] DEBUG c.g.d.z.s.o.a.hc.client5.http.wire - http-outgoing-5 >> "x-tc-sid: 280e6229-7396-4d60-b1e3-a5de48b5d49b[\r][\n]"
2024-07-24 14:30:05.926 [Test worker] DEBUG c.g.d.z.s.o.a.hc.client5.http.wire - http-outgoing-5 >> "User-Agent: tc-java/1.19.8[\r][\n]"
2024-07-24 14:30:05.926 [Test worker] DEBUG c.g.d.z.s.o.a.hc.client5.http.wire - http-outgoing-5 >> "Accept-Encoding: gzip, x-gzip, deflate[\r][\n]"
2024-07-24 14:30:05.926 [Test worker] DEBUG c.g.d.z.s.o.a.hc.client5.http.wire - http-outgoing-5 >> "Host: localhost:2375[\r][\n]"
2024-07-24 14:30:05.926 [Test worker] DEBUG c.g.d.z.s.o.a.hc.client5.http.wire - http-outgoing-5 >> "Connection: keep-alive[\r][\n]"
2024-07-24 14:30:05.926 [Test worker] DEBUG c.g.d.z.s.o.a.hc.client5.http.wire - http-outgoing-5 >> "[\r][\n]"
2024-07-24 14:30:06.499 [Test worker] DEBUG c.g.d.z.s.o.a.hc.client5.http.wire - http-outgoing-5 << "HTTP/1.1 204 No Content[\r][\n]"
2024-07-24 14:30:06.499 [Test worker] DEBUG c.g.d.z.s.o.a.hc.client5.http.wire - http-outgoing-5 << "Api-Version: 1.45[\r][\n]"
2024-07-24 14:30:06.499 [Test worker] DEBUG c.g.d.z.s.o.a.hc.client5.http.wire - http-outgoing-5 << "Date: Wed, 24 Jul 2024 02:30:06 GMT[\r][\n]"
2024-07-24 14:30:06.499 [Test worker] DEBUG c.g.d.z.s.o.a.hc.client5.http.wire - http-outgoing-5 << "Docker-Experimental: false[\r][\n]"
2024-07-24 14:30:06.499 [Test worker] DEBUG c.g.d.z.s.o.a.hc.client5.http.wire - http-outgoing-5 << "Ostype: linux[\r][\n]"
2024-07-24 14:30:06.499 [Test worker] DEBUG c.g.d.z.s.o.a.hc.client5.http.wire - http-outgoing-5 << "Server: Docker/26.0.0 (linux)[\r][\n]"
2024-07-24 14:30:06.499 [Test worker] DEBUG c.g.d.z.s.o.a.hc.client5.http.wire - http-outgoing-5 << "[\r][\n]"
2024-07-24 14:30:06.499 [Test worker] DEBUG c.g.d.z.s.o.a.h.client5.http.headers - http-outgoing-5 << HTTP/1.1 204 No Content
2024-07-24 14:30:06.499 [Test worker] DEBUG c.g.d.z.s.o.a.h.client5.http.headers - http-outgoing-5 << Api-Version: 1.45
2024-07-24 14:30:06.499 [Test worker] DEBUG c.g.d.z.s.o.a.h.client5.http.headers - http-outgoing-5 << Date: Wed, 24 Jul 2024 02:30:06 GMT
2024-07-24 14:30:06.499 [Test worker] DEBUG c.g.d.z.s.o.a.h.client5.http.headers - http-outgoing-5 << Docker-Experimental: false
2024-07-24 14:30:06.499 [Test worker] DEBUG c.g.d.z.s.o.a.h.client5.http.headers - http-outgoing-5 << Ostype: linux
2024-07-24 14:30:06.499 [Test worker] DEBUG c.g.d.z.s.o.a.h.client5.http.headers - http-outgoing-5 << Server: Docker/26.0.0 (linux)
2024-07-24 14:30:06.499 [Test worker] DEBUG c.g.d.z.s.o.a.h.c.h.i.c.MainClientExec - ex-00000033: connection can be kept alive for 3 MINUTES
2024-07-24 14:30:06.499 [Test worker] DEBUG c.g.d.z.s.o.a.h.c.h.i.c.InternalHttpClient - ep-00000032: releasing valid endpoint
2024-07-24 14:30:06.499 [Test worker] DEBUG c.g.d.z.s.o.a.h.c.h.i.i.PoolingHttpClientConnectionManager - ep-00000032: releasing endpoint
2024-07-24 14:30:06.499 [Test worker] DEBUG c.g.d.z.s.o.a.h.c.h.i.i.PoolingHttpClientConnectionManager - ep-00000032: connection http-outgoing-5 can be kept alive for 3 MINUTES
2024-07-24 14:30:06.499 [Test worker] DEBUG c.g.d.z.s.o.a.h.c.h.i.i.PoolingHttpClientConnectionManager - ep-00000032: connection released [route: {}->npipe://localhost:2375][total available: 1; route allocated: 1 of 2147483647; total allocated: 1 of 2147483647]
2024-07-24 14:30:06.500 [Test worker] TRACE o.t.utility.ResourceReaper - Stopped container: postgres:latest
2024-07-24 14:30:06.500 [Test worker] DEBUG o.t.s.c.g.d.c.command.AbstrDockerCmd - Cmd: 6ef7ad2c2ced3b0532189b670e96c4e62679bb3b626e0cca17efa156b5457d4b,false
2024-07-24 14:30:06.500 [Test worker] DEBUG o.t.s.c.g.d.c.e.InspectContainerCmdExec - GET: DefaultWebTarget{path=[/containers/6ef7ad2c2ced3b0532189b670e96c4e62679bb3b626e0cca17efa156b5457d4b/json], queryParams={}}
2024-07-24 14:30:06.500 [Test worker] DEBUG c.g.d.z.s.o.a.h.c.h.i.c.InternalHttpClient - ex-00000034: preparing request execution
2024-07-24 14:30:06.500 [Test worker] DEBUG c.g.d.z.s.o.a.h.c.h.p.RequestAddCookies - Cookie spec selected: strict
2024-07-24 14:30:06.500 [Test worker] DEBUG c.g.d.z.s.o.a.h.c.h.p.RequestAuthCache - Auth cache not set in the context
2024-07-24 14:30:06.500 [Test worker] DEBUG c.g.d.z.s.o.a.h.c.h.i.c.ProtocolExec - ex-00000034: target auth state: UNCHALLENGED
2024-07-24 14:30:06.500 [Test worker] DEBUG c.g.d.z.s.o.a.h.c.h.i.c.ProtocolExec - ex-00000034: proxy auth state: UNCHALLENGED
2024-07-24 14:30:06.500 [Test worker] DEBUG c.g.d.z.s.o.a.h.c.h.i.c.ConnectExec - ex-00000034: acquiring connection with route {}->npipe://localhost:2375
2024-07-24 14:30:06.500 [Test worker] DEBUG c.g.d.z.s.o.a.h.c.h.i.c.InternalHttpClient - ex-00000034: acquiring endpoint (3 MINUTES)
2024-07-24 14:30:06.500 [Test worker] DEBUG c.g.d.z.s.o.a.h.c.h.i.i.PoolingHttpClientConnectionManager - ex-00000034: endpoint lease request (3 MINUTES) [route: {}->npipe://localhost:2375][total available: 1; route allocated: 1 of 2147483647; total allocated: 1 of 2147483647]
2024-07-24 14:30:06.501 [Test worker] DEBUG c.g.d.z.s.o.a.h.c.h.i.i.PoolingHttpClientConnectionManager - ex-00000034: endpoint leased [route: {}->npipe://localhost:2375][total available: 0; route allocated: 1 of 2147483647; total allocated: 1 of 2147483647]
2024-07-24 14:30:06.501 [Test worker] DEBUG c.g.d.z.s.o.a.h.c.h.i.i.PoolingHttpClientConnectionManager - ex-00000034: acquired ep-00000033
2024-07-24 14:30:06.501 [Test worker] DEBUG c.g.d.z.s.o.a.h.c.h.i.c.InternalHttpClient - ex-00000034: acquired endpoint ep-00000033
2024-07-24 14:30:06.501 [Test worker] DEBUG c.g.d.z.s.o.a.h.c.h.i.c.MainClientExec - ex-00000034: executing GET /v1.32/containers/6ef7ad2c2ced3b0532189b670e96c4e62679bb3b626e0cca17efa156b5457d4b/json HTTP/1.1
2024-07-24 14:30:06.501 [Test worker] DEBUG c.g.d.z.s.o.a.h.c.h.i.c.InternalHttpClient - ep-00000033: start execution ex-00000034
2024-07-24 14:30:06.501 [Test worker] DEBUG c.g.d.z.s.o.a.h.c.h.i.i.PoolingHttpClientConnectionManager - ep-00000033: executing exchange ex-00000034 over http-outgoing-5
2024-07-24 14:30:06.501 [Test worker] DEBUG c.g.d.z.s.o.a.h.client5.http.headers - http-outgoing-5 >> GET /v1.32/containers/6ef7ad2c2ced3b0532189b670e96c4e62679bb3b626e0cca17efa156b5457d4b/json HTTP/1.1
2024-07-24 14:30:06.501 [Test worker] DEBUG c.g.d.z.s.o.a.h.client5.http.headers - http-outgoing-5 >> accept: application/json
2024-07-24 14:30:06.501 [Test worker] DEBUG c.g.d.z.s.o.a.h.client5.http.headers - http-outgoing-5 >> x-tc-sid: 280e6229-7396-4d60-b1e3-a5de48b5d49b
2024-07-24 14:30:06.501 [Test worker] DEBUG c.g.d.z.s.o.a.h.client5.http.headers - http-outgoing-5 >> User-Agent: tc-java/1.19.8
2024-07-24 14:30:06.501 [Test worker] DEBUG c.g.d.z.s.o.a.h.client5.http.headers - http-outgoing-5 >> Accept-Encoding: gzip, x-gzip, deflate
2024-07-24 14:30:06.501 [Test worker] DEBUG c.g.d.z.s.o.a.h.client5.http.headers - http-outgoing-5 >> Host: localhost:2375
2024-07-24 14:30:06.501 [Test worker] DEBUG c.g.d.z.s.o.a.h.client5.http.headers - http-outgoing-5 >> Connection: keep-alive
2024-07-24 14:30:06.501 [Test worker] DEBUG c.g.d.z.s.o.a.hc.client5.http.wire - http-outgoing-5 >> "GET /v1.32/containers/6ef7ad2c2ced3b0532189b670e96c4e62679bb3b626e0cca17efa156b5457d4b/json HTTP/1.1[\r][\n]"
2024-07-24 14:30:06.501 [Test worker] DEBUG c.g.d.z.s.o.a.hc.client5.http.wire - http-outgoing-5 >> "accept: application/json[\r][\n]"
2024-07-24 14:30:06.501 [Test worker] DEBUG c.g.d.z.s.o.a.hc.client5.http.wire - http-outgoing-5 >> "x-tc-sid: 280e6229-7396-4d60-b1e3-a5de48b5d49b[\r][\n]"
2024-07-24 14:30:06.501 [Test worker] DEBUG c.g.d.z.s.o.a.hc.client5.http.wire - http-outgoing-5 >> "User-Agent: tc-java/1.19.8[\r][\n]"
2024-07-24 14:30:06.501 [Test worker] DEBUG c.g.d.z.s.o.a.hc.client5.http.wire - http-outgoing-5 >> "Accept-Encoding: gzip, x-gzip, deflate[\r][\n]"
2024-07-24 14:30:06.501 [Test worker] DEBUG c.g.d.z.s.o.a.hc.client5.http.wire - http-outgoing-5 >> "Host: localhost:2375[\r][\n]"
2024-07-24 14:30:06.501 [Test worker] DEBUG c.g.d.z.s.o.a.hc.client5.http.wire - http-outgoing-5 >> "Connection: keep-alive[\r][\n]"
2024-07-24 14:30:06.501 [Test worker] DEBUG c.g.d.z.s.o.a.hc.client5.http.wire - http-outgoing-5 >> "[\r][\n]"
2024-07-24 14:30:06.515 [Test worker] DEBUG c.g.d.z.s.o.a.hc.client5.http.wire - http-outgoing-5 << "HTTP/1.1 200 OK[\r][\n]"
2024-07-24 14:30:06.515 [Test worker] DEBUG c.g.d.z.s.o.a.hc.client5.http.wire - http-outgoing-5 << "Api-Version: 1.45[\r][\n]"
2024-07-24 14:30:06.515 [Test worker] DEBUG c.g.d.z.s.o.a.hc.client5.http.wire - http-outgoing-5 << "Content-Type: application/json[\r][\n]"
2024-07-24 14:30:06.515 [Test worker] DEBUG c.g.d.z.s.o.a.hc.client5.http.wire - http-outgoing-5 << "Date: Wed, 24 Jul 2024 02:30:06 GMT[\r][\n]"
2024-07-24 14:30:06.515 [Test worker] DEBUG c.g.d.z.s.o.a.hc.client5.http.wire - http-outgoing-5 << "Docker-Experimental: false[\r][\n]"
2024-07-24 14:30:06.515 [Test worker] DEBUG c.g.d.z.s.o.a.hc.client5.http.wire - http-outgoing-5 << "Ostype: linux[\r][\n]"
2024-07-24 14:30:06.515 [Test worker] DEBUG c.g.d.z.s.o.a.hc.client5.http.wire - http-outgoing-5 << "Server: Docker/26.0.0 (linux)[\r][\n]"
2024-07-24 14:30:06.515 [Test worker] DEBUG c.g.d.z.s.o.a.hc.client5.http.wire - http-outgoing-5 << "Transfer-Encoding: chunked[\r][\n]"
2024-07-24 14:30:06.515 [Test worker] DEBUG c.g.d.z.s.o.a.hc.client5.http.wire - http-outgoing-5 << "[\r][\n]"
2024-07-24 14:30:06.515 [Test worker] DEBUG c.g.d.z.s.o.a.h.client5.http.headers - http-outgoing-5 << HTTP/1.1 200 OK
2024-07-24 14:30:06.515 [Test worker] DEBUG c.g.d.z.s.o.a.h.client5.http.headers - http-outgoing-5 << Api-Version: 1.45
2024-07-24 14:30:06.515 [Test worker] DEBUG c.g.d.z.s.o.a.h.client5.http.headers - http-outgoing-5 << Content-Type: application/json
2024-07-24 14:30:06.515 [Test worker] DEBUG c.g.d.z.s.o.a.h.client5.http.headers - http-outgoing-5 << Date: Wed, 24 Jul 2024 02:30:06 GMT
2024-07-24 14:30:06.515 [Test worker] DEBUG c.g.d.z.s.o.a.h.client5.http.headers - http-outgoing-5 << Docker-Experimental: false
2024-07-24 14:30:06.515 [Test worker] DEBUG c.g.d.z.s.o.a.h.client5.http.headers - http-outgoing-5 << Ostype: linux
2024-07-24 14:30:06.515 [Test worker] DEBUG c.g.d.z.s.o.a.h.client5.http.headers - http-outgoing-5 << Server: Docker/26.0.0 (linux)
2024-07-24 14:30:06.515 [Test worker] DEBUG c.g.d.z.s.o.a.h.client5.http.headers - http-outgoing-5 << Transfer-Encoding: chunked
2024-07-24 14:30:06.515 [Test worker] DEBUG c.g.d.z.s.o.a.h.c.h.i.c.MainClientExec - ex-00000034: connection can be kept alive for 3 MINUTES
2024-07-24 14:30:06.516 [Test worker] DEBUG c.g.d.z.s.o.a.hc.client5.http.wire - http-outgoing-5 << "1944[\r][\n]"
2024-07-24 14:30:06.516 [Test worker] DEBUG c.g.d.z.s.o.a.hc.client5.http.wire - http-outgoing-5 << "{"Id":"6ef7ad2c2ced3b0532189b670e96c4e62679bb3b626e0cca17efa156b5457d4b","Created":"2024-07-24T02:30:03.820881247Z","Path":"docker-entrypoint.sh","Args":["postgres","-c","fsync=off"],"State":{"Status":"exited","Running":false,"Paused":false,"Restarting":false,"OOMKilled":false,"Dead":false,"Pid":0,"ExitCode":137,"Error":"","StartedAt":"2024-07-24T02:30:04.293927765Z","FinishedAt":"2024-07-24T02:30:05.962241328Z"},"Image":"sha256:8e4fc9e184899a58735e7ee333f5e272d7d2298cf59302006b71f33e217be130","ResolvConfPath":"/var/lib/docker/containers/6ef7ad2c2ced3b0532189b670e96c4e62679bb3b626e0cca17efa156b5457d4b/resolv.conf","HostnamePath":"/var/lib/docker/containers/6ef7ad2c2ced3b0532189b670e96c4e62679bb3b626e0cca17efa156b5457d4b/hostname","HostsPath":"/var/lib/docker/containers/6ef7ad2c2ced3b0532189b670e96c4e62679bb3b626e0cca17efa156b5457d4b/hosts","LogPath":"/var/lib/docker/containers/6ef7ad2c2ced3b0532189b670e96c4e62679bb3b626e0cca17efa156b5457d4b/6ef7ad2c2ced3b0532189b670e96c4e62679bb3b626e0cca17efa156b5457d4b-json.log","Name":"/hardcore_heisenberg","RestartCount":0,"Driver":"overlay2","Platform":"linux","MountLabel":"","ProcessLabel":"","AppArmorProfile":"","ExecIDs":null,"HostConfig":{"Binds":[],"ContainerIDFile":"","LogConfig":{"Type":"json-file","Config":{}},"NetworkMode":"default","PortBindings":{"5432/tcp":[{"HostIp":"0.0.0.0","HostPort":"0"}]},"RestartPolicy":{"Name":"no","MaximumRetryCount":0},"AutoRemove":false,"VolumeDriver":"","VolumesFrom":[],"ConsoleSize":[0,0],"CapAdd":null,"CapDrop":null,"CgroupnsMode":"host","Dns":null,"DnsOptions":null,"DnsSearch":null,"ExtraHosts":[],"GroupAdd":null,"IpcMode":"shareable","Cgroup":"","Links":null,"OomScoreAdj":0,"PidMode":"","Privileged":false,"PublishAllPorts":false,"ReadonlyRootfs":false,"SecurityOpt":null,"UTSMode":"","UsernsMode":"","ShmSize":67108864,"Runtime":"runc","Isolation":"","CpuShares":0,"Memory":0,"NanoCpus":0,"CgroupParent":"","BlkioWeight":0,"BlkioWeightDevice":null,"BlkioDeviceReadBps":null,"BlkioDeviceWriteBps":null,"BlkioDeviceReadIOps":null,"BlkioDeviceWriteIOps":null,"CpuPeriod":0,"CpuQuota":0,"CpuRealtimePeriod":0,"CpuRealtimeRuntime":0,"CpusetCpus":"","CpusetMems":"","Devices":null,"DeviceCgroupRules":null,"DeviceRequests":null,"MemoryReservation":0,"MemorySwap":0,"MemorySwappiness":null,"OomKillDisable":false,"PidsLimit":null,"Ulimits":null,"CpuCount":0,"CpuPercent":0,"IOMaximumIOps":0,"IOMaximumBandwidth":0,"MaskedPaths":["/proc/asound","/proc/acpi","/proc/kcore","/proc/keys","/proc/latency_stats","/proc/timer_list","/proc/timer_stats","/proc/sched_debug","/proc/scsi","/sys/firmware","/sys/devices/virtual/powercap"],"ReadonlyPaths":["/proc/bus","/proc/fs","/proc/irq","/proc/sys","/proc/sysrq-trigger"]},"GraphDriver":{"Data":{"LowerDir":"/var/lib/docker/overlay2/8b670b3c37255ca68d5db8d053a3a290dfba7b72f94effd49c1fcfebf54abe8c-init/diff:/var/lib/docker/overlay2/8f0ddbd386af0785c2e348570516955816ab350305d698d363962d488eeb15ec/diff:/var/lib/docker/overlay2/0eb0ca73e9b0be7c3d7fa8762ef4778a68f38391bc84c037c2e90b88e781b475/diff:/var/lib/docker/overlay2/74e634bddc785c5d436b10a5158cd82e21dc2065fd1cf8ff9c1c12e01575a2d8/diff:/var/lib/docker/overlay2/bb918b2851cd2f508f1e3fdbfff8b7f8b041d61e65fe8c368288bf399e80b818/diff:/var/lib/docker/overlay2/2abab2946cbdc2941ee8ec4024c51dac7313dee9de5fbedd1ca33388c59eb3c8/diff:/var/lib/docker/overlay2/e12f6083ee669bd92743ceb339a896bb25dbe461b718705bb39eb410b80c0ecd/diff:/var/lib/docker/overlay2/ced1e86d670d097da5ed4da7288c22507735918959161c2cd8bf083fb30d169a/diff:/var/lib/docker/overlay2/94e9ac7b74923285ae73af20aeccb964ca9079e2305db367cb85d1603560472d/diff:/var/lib/docker/overlay2/a396b6dfd63f0c228c519871183c614cccf4d366a43460f27ecf97113c3c4be8/diff:/var/lib/docker/overlay2/f58ada5d5080c2bac553c734f81127660a90581a35ed2a92cebe3c59e340875b/diff:/var/lib/docker/overlay2/84f85636f37bf55d945e217b4f87a856eba7932284beaf042561007b66f48977/diff:/var/lib/docker/overlay2/1e6e519613884e91a2b74a588ba35dc8a2f789371ab798ef6e7d9836d756042f/diff:/var/lib/docker/overlay2/14a3151cc8b4f9d27d2e64f1a8abc0c7809309580f2d7e8dc8545055c1d56194/diff:"
2024-07-24 14:30:06.517 [Test worker] DEBUG c.g.d.z.s.o.a.hc.client5.http.wire - http-outgoing-5 << "/var/lib/docker/overlay2/5b354b9e793401517fe2f1da697653fdaadffc54888eaf76d67e0600b8c68bdc/diff","MergedDir":"/var/lib/docker/overlay2/8b670b3c37255ca68d5db8d053a3a290dfba7b72f94effd49c1fcfebf54abe8c/merged","UpperDir":"/var/lib/docker/overlay2/8b670b3c37255ca68d5db8d053a3a290dfba7b72f94effd49c1fcfebf54abe8c/diff","WorkDir":"/var/lib/docker/overlay2/8b670b3c37255ca68d5db8d053a3a290dfba7b72f94effd49c1fcfebf54abe8c/work"},"Name":"overlay2"},"Mounts":[{"Type":"volume","Name":"2ed3901b4d73286bb91959d682dbdb07fbe295d4f28c8bf8d9ccfc19e5809326","Source":"/var/lib/docker/volumes/2ed3901b4d73286bb91959d682dbdb07fbe295d4f28c8bf8d9ccfc19e5809326/_data","Destination":"/var/lib/postgresql/data","Driver":"local","Mode":"","RW":true,"Propagation":""}],"Config":{"Hostname":"6ef7ad2c2ced","Domainname":"","User":"","AttachStdin":false,"AttachStdout":false,"AttachStderr":false,"ExposedPorts":{"5432/tcp":{}},"Tty":false,"OpenStdin":false,"StdinOnce":false,"Env":["POSTGRES_USER=user","POSTGRES_PASSWORD=password","POSTGRES_DB=db","PATH=/usr/local/sbin:/usr/local/bin:/usr/sbin:/usr/bin:/sbin:/bin:/usr/lib/postgresql/16/bin","GOSU_VERSION=1.17","LANG=en_US.utf8","PG_MAJOR=16","PG_VERSION=16.2-1.pgdg120+2","PGDATA=/var/lib/postgresql/data"],"Cmd":["postgres","-c","fsync=off"],"Image":"postgres:latest","Volumes":{"/var/lib/postgresql/data":{}},"WorkingDir":"","Entrypoint":["docker-entrypoint.sh"],"OnBuild":null,"Labels":{"org.testcontainers":"true","org.testcontainers.lang":"java","org.testcontainers.sessionId":"280e6229-7396-4d60-b1e3-a5de48b5d49b","org.testcontainers.version":"1.19.8"},"StopSignal":"SIGINT"},"NetworkSettings":{"Bridge":"","SandboxID":"342ed89d13189dd1385d1489c4e5fa31c73791954bf06b3e23d6d2426ce6c503","SandboxKey":"/var/run/docker/netns/342ed89d1318","Ports":{},"HairpinMode":false,"LinkLocalIPv6Address":"","LinkLocalIPv6PrefixLen":0,"SecondaryIPAddresses":null,"SecondaryIPv6Addresses":null,"EndpointID":"","Gateway":"","GlobalIPv6Address":"","GlobalIPv6PrefixLen":0,"IPAddress":"","IPPrefixLen":0,"IPv6Gateway":"","MacAddress":"","Networks":{"bridge":{"IPAMConfig":null,"Links":null,"Aliases":null,"MacAddress":"","NetworkID":"3c842496be344cbdae878c1dee0957e7bc7c0a2236009c92752030f2b053e72f","EndpointID":"","Gateway":"","IPAddress":"","IPPrefixLen":0,"IPv6Gateway":"","GlobalIPv6Address":"","GlobalIPv6PrefixLen":0,"DriverOpts":null,"DNSNames":null}}}}[\n]"
2024-07-24 14:30:06.518 [Test worker] DEBUG c.g.d.z.s.o.a.hc.client5.http.wire - http-outgoing-5 << "[\r][\n]"
2024-07-24 14:30:06.518 [Test worker] DEBUG c.g.d.z.s.o.a.hc.client5.http.wire - http-outgoing-5 << "0[\r][\n]"
2024-07-24 14:30:06.518 [Test worker] DEBUG c.g.d.z.s.o.a.hc.client5.http.wire - http-outgoing-5 << "[\r][\n]"
2024-07-24 14:30:06.518 [Test worker] DEBUG c.g.d.z.s.o.a.h.c.h.i.c.InternalHttpClient - ep-00000033: releasing valid endpoint
2024-07-24 14:30:06.518 [Test worker] DEBUG c.g.d.z.s.o.a.h.c.h.i.i.PoolingHttpClientConnectionManager - ep-00000033: releasing endpoint
2024-07-24 14:30:06.518 [Test worker] DEBUG c.g.d.z.s.o.a.h.c.h.i.i.PoolingHttpClientConnectionManager - ep-00000033: connection http-outgoing-5 can be kept alive for 3 MINUTES
2024-07-24 14:30:06.518 [Test worker] DEBUG c.g.d.z.s.o.a.h.c.h.i.i.PoolingHttpClientConnectionManager - ep-00000033: connection released [route: {}->npipe://localhost:2375][total available: 1; route allocated: 1 of 2147483647; total allocated: 1 of 2147483647]
2024-07-24 14:30:06.518 [Test worker] TRACE o.t.utility.ResourceReaper - Removing container: 6ef7ad2c2ced3b0532189b670e96c4e62679bb3b626e0cca17efa156b5457d4b
2024-07-24 14:30:06.518 [Test worker] DEBUG o.t.s.c.g.d.c.command.AbstrDockerCmd - Cmd: 6ef7ad2c2ced3b0532189b670e96c4e62679bb3b626e0cca17efa156b5457d4b,true,true
2024-07-24 14:30:06.519 [Test worker] TRACE o.t.s.c.g.d.c.e.RemoveContainerCmdExec - DELETE: DefaultWebTarget{path=[/containers/6ef7ad2c2ced3b0532189b670e96c4e62679bb3b626e0cca17efa156b5457d4b], queryParams={v=[true], force=[true]}}
2024-07-24 14:30:06.519 [Test worker] DEBUG c.g.d.z.s.o.a.h.c.h.i.c.InternalHttpClient - ex-00000035: preparing request execution
2024-07-24 14:30:06.519 [Test worker] DEBUG c.g.d.z.s.o.a.h.c.h.p.RequestAddCookies - Cookie spec selected: strict
2024-07-24 14:30:06.519 [Test worker] DEBUG c.g.d.z.s.o.a.h.c.h.p.RequestAuthCache - Auth cache not set in the context
2024-07-24 14:30:06.519 [Test worker] DEBUG c.g.d.z.s.o.a.h.c.h.i.c.ProtocolExec - ex-00000035: target auth state: UNCHALLENGED
2024-07-24 14:30:06.519 [Test worker] DEBUG c.g.d.z.s.o.a.h.c.h.i.c.ProtocolExec - ex-00000035: proxy auth state: UNCHALLENGED
2024-07-24 14:30:06.519 [Test worker] DEBUG c.g.d.z.s.o.a.h.c.h.i.c.ConnectExec - ex-00000035: acquiring connection with route {}->npipe://localhost:2375
2024-07-24 14:30:06.519 [Test worker] DEBUG c.g.d.z.s.o.a.h.c.h.i.c.InternalHttpClient - ex-00000035: acquiring endpoint (3 MINUTES)
2024-07-24 14:30:06.520 [Test worker] DEBUG c.g.d.z.s.o.a.h.c.h.i.i.PoolingHttpClientConnectionManager - ex-00000035: endpoint lease request (3 MINUTES) [route: {}->npipe://localhost:2375][total available: 1; route allocated: 1 of 2147483647; total allocated: 1 of 2147483647]
2024-07-24 14:30:06.520 [Test worker] DEBUG c.g.d.z.s.o.a.h.c.h.i.i.PoolingHttpClientConnectionManager - ex-00000035: endpoint leased [route: {}->npipe://localhost:2375][total available: 0; route allocated: 1 of 2147483647; total allocated: 1 of 2147483647]
2024-07-24 14:30:06.520 [Test worker] DEBUG c.g.d.z.s.o.a.h.c.h.i.i.PoolingHttpClientConnectionManager - ex-00000035: acquired ep-00000034
2024-07-24 14:30:06.520 [Test worker] DEBUG c.g.d.z.s.o.a.h.c.h.i.c.InternalHttpClient - ex-00000035: acquired endpoint ep-00000034
2024-07-24 14:30:06.520 [Test worker] DEBUG c.g.d.z.s.o.a.h.c.h.i.c.MainClientExec - ex-00000035: executing DELETE /v1.32/containers/6ef7ad2c2ced3b0532189b670e96c4e62679bb3b626e0cca17efa156b5457d4b?v=true&force=true HTTP/1.1
2024-07-24 14:30:06.520 [Test worker] DEBUG c.g.d.z.s.o.a.h.c.h.i.c.InternalHttpClient - ep-00000034: start execution ex-00000035
2024-07-24 14:30:06.520 [Test worker] DEBUG c.g.d.z.s.o.a.h.c.h.i.i.PoolingHttpClientConnectionManager - ep-00000034: executing exchange ex-00000035 over http-outgoing-5
2024-07-24 14:30:06.520 [Test worker] DEBUG c.g.d.z.s.o.a.h.client5.http.headers - http-outgoing-5 >> DELETE /v1.32/containers/6ef7ad2c2ced3b0532189b670e96c4e62679bb3b626e0cca17efa156b5457d4b?v=true&force=true HTTP/1.1
2024-07-24 14:30:06.520 [Test worker] DEBUG c.g.d.z.s.o.a.h.client5.http.headers - http-outgoing-5 >> accept: application/json
2024-07-24 14:30:06.520 [Test worker] DEBUG c.g.d.z.s.o.a.h.client5.http.headers - http-outgoing-5 >> x-tc-sid: 280e6229-7396-4d60-b1e3-a5de48b5d49b
2024-07-24 14:30:06.520 [Test worker] DEBUG c.g.d.z.s.o.a.h.client5.http.headers - http-outgoing-5 >> User-Agent: tc-java/1.19.8
2024-07-24 14:30:06.520 [Test worker] DEBUG c.g.d.z.s.o.a.h.client5.http.headers - http-outgoing-5 >> Accept-Encoding: gzip, x-gzip, deflate
2024-07-24 14:30:06.520 [Test worker] DEBUG c.g.d.z.s.o.a.h.client5.http.headers - http-outgoing-5 >> Host: localhost:2375
2024-07-24 14:30:06.520 [Test worker] DEBUG c.g.d.z.s.o.a.h.client5.http.headers - http-outgoing-5 >> Connection: keep-alive
2024-07-24 14:30:06.520 [Test worker] DEBUG c.g.d.z.s.o.a.hc.client5.http.wire - http-outgoing-5 >> "DELETE /v1.32/containers/6ef7ad2c2ced3b0532189b670e96c4e62679bb3b626e0cca17efa156b5457d4b?v=true&force=true HTTP/1.1[\r][\n]"
2024-07-24 14:30:06.520 [Test worker] DEBUG c.g.d.z.s.o.a.hc.client5.http.wire - http-outgoing-5 >> "accept: application/json[\r][\n]"
2024-07-24 14:30:06.520 [Test worker] DEBUG c.g.d.z.s.o.a.hc.client5.http.wire - http-outgoing-5 >> "x-tc-sid: 280e6229-7396-4d60-b1e3-a5de48b5d49b[\r][\n]"
2024-07-24 14:30:06.520 [Test worker] DEBUG c.g.d.z.s.o.a.hc.client5.http.wire - http-outgoing-5 >> "User-Agent: tc-java/1.19.8[\r][\n]"
2024-07-24 14:30:06.520 [Test worker] DEBUG c.g.d.z.s.o.a.hc.client5.http.wire - http-outgoing-5 >> "Accept-Encoding: gzip, x-gzip, deflate[\r][\n]"
2024-07-24 14:30:06.520 [Test worker] DEBUG c.g.d.z.s.o.a.hc.client5.http.wire - http-outgoing-5 >> "Host: localhost:2375[\r][\n]"
2024-07-24 14:30:06.520 [Test worker] DEBUG c.g.d.z.s.o.a.hc.client5.http.wire - http-outgoing-5 >> "Connection: keep-alive[\r][\n]"
2024-07-24 14:30:06.520 [Test worker] DEBUG c.g.d.z.s.o.a.hc.client5.http.wire - http-outgoing-5 >> "[\r][\n]"
2024-07-24 14:30:06.595 [Test worker] DEBUG c.g.d.z.s.o.a.hc.client5.http.wire - http-outgoing-5 << "HTTP/1.1 204 No Content[\r][\n]"
2024-07-24 14:30:06.595 [Test worker] DEBUG c.g.d.z.s.o.a.hc.client5.http.wire - http-outgoing-5 << "Api-Version: 1.45[\r][\n]"
2024-07-24 14:30:06.595 [Test worker] DEBUG c.g.d.z.s.o.a.hc.client5.http.wire - http-outgoing-5 << "Date: Wed, 24 Jul 2024 02:30:06 GMT[\r][\n]"
2024-07-24 14:30:06.595 [Test worker] DEBUG c.g.d.z.s.o.a.hc.client5.http.wire - http-outgoing-5 << "Docker-Experimental: false[\r][\n]"
2024-07-24 14:30:06.595 [Test worker] DEBUG c.g.d.z.s.o.a.hc.client5.http.wire - http-outgoing-5 << "Ostype: linux[\r][\n]"
2024-07-24 14:30:06.595 [Test worker] DEBUG c.g.d.z.s.o.a.hc.client5.http.wire - http-outgoing-5 << "Server: Docker/26.0.0 (linux)[\r][\n]"
2024-07-24 14:30:06.595 [Test worker] DEBUG c.g.d.z.s.o.a.hc.client5.http.wire - http-outgoing-5 << "[\r][\n]"
2024-07-24 14:30:06.595 [Test worker] DEBUG c.g.d.z.s.o.a.h.client5.http.headers - http-outgoing-5 << HTTP/1.1 204 No Content
2024-07-24 14:30:06.595 [Test worker] DEBUG c.g.d.z.s.o.a.h.client5.http.headers - http-outgoing-5 << Api-Version: 1.45
2024-07-24 14:30:06.595 [Test worker] DEBUG c.g.d.z.s.o.a.h.client5.http.headers - http-outgoing-5 << Date: Wed, 24 Jul 2024 02:30:06 GMT
2024-07-24 14:30:06.595 [Test worker] DEBUG c.g.d.z.s.o.a.h.client5.http.headers - http-outgoing-5 << Docker-Experimental: false
2024-07-24 14:30:06.595 [Test worker] DEBUG c.g.d.z.s.o.a.h.client5.http.headers - http-outgoing-5 << Ostype: linux
2024-07-24 14:30:06.595 [Test worker] DEBUG c.g.d.z.s.o.a.h.client5.http.headers - http-outgoing-5 << Server: Docker/26.0.0 (linux)
2024-07-24 14:30:06.596 [Test worker] DEBUG c.g.d.z.s.o.a.h.c.h.i.c.MainClientExec - ex-00000035: connection can be kept alive for 3 MINUTES
2024-07-24 14:30:06.596 [Test worker] DEBUG c.g.d.z.s.o.a.h.c.h.i.c.InternalHttpClient - ep-00000034: releasing valid endpoint
2024-07-24 14:30:06.596 [Test worker] DEBUG c.g.d.z.s.o.a.h.c.h.i.i.PoolingHttpClientConnectionManager - ep-00000034: releasing endpoint
2024-07-24 14:30:06.596 [Test worker] DEBUG c.g.d.z.s.o.a.h.c.h.i.i.PoolingHttpClientConnectionManager - ep-00000034: connection http-outgoing-5 can be kept alive for 3 MINUTES
2024-07-24 14:30:06.596 [Test worker] DEBUG c.g.d.z.s.o.a.h.c.h.i.i.PoolingHttpClientConnectionManager - ep-00000034: connection released [route: {}->npipe://localhost:2375][total available: 1; route allocated: 1 of 2147483647; total allocated: 1 of 2147483647]
2024-07-24 14:30:06.596 [Test worker] DEBUG o.t.utility.ResourceReaper - Removed container and associated volume(s): postgres:latest
]]></system-out>
  <system-err><![CDATA[]]></system-err>
</testsuite>
