<?xml version="1.0" encoding="UTF-8"?>
<testsuite name="com.unitedApi.StaffDAOTest" tests="2" skipped="0" failures="0" errors="0" timestamp="2024-07-24T02:30:43" hostname="DESKTOP-FRUHT2G" time="5.231">
  <properties/>
  <testcase name="getStaffs" classname="com.unitedApi.StaffDAOTest" time="2.554"/>
  <testcase name="getStaff" classname="com.unitedApi.StaffDAOTest" time="2.677"/>
  <system-out><![CDATA[2024-07-24 14:30:43.718 [Test worker] DEBUG o.t.u.PrefixingImageNameSubstitutor - No prefix is configured
2024-07-24 14:30:43.718 [Test worker] DEBUG o.t.utility.ImageNameSubstitutor - Did not find a substitute image for postgres:latest (using image substitutor: DefaultImageNameSubstitutor (composite of 'ConfigurationFileImageNameSubstitutor' and 'PrefixingImageNameSubstitutor'))
2024-07-24 14:30:43.718 [Test worker] TRACE tc.postgres:latest - postgres:latest is already in image name cache
2024-07-24 14:30:43.718 [Test worker] DEBUG o.t.images.AbstractImagePullPolicy - Using locally available and not pulling image: postgres:latest
2024-07-24 14:30:43.718 [Test worker] DEBUG tc.postgres:latest - Starting container: postgres:latest
2024-07-24 14:30:43.718 [Test worker] DEBUG tc.postgres:latest - Trying to start container: postgres:latest (attempt 1/1)
2024-07-24 14:30:43.718 [Test worker] DEBUG tc.postgres:latest - Starting container: postgres:latest
2024-07-24 14:30:43.718 [Test worker] INFO  tc.postgres:latest - Creating container for image: postgres:latest
2024-07-24 14:30:43.718 [Test worker] DEBUG o.t.utility.RegistryAuthLocator - Looking up auth config for image: postgres:latest at registry: https://index.docker.io/v1/
2024-07-24 14:30:43.718 [Test worker] DEBUG o.t.utility.RegistryAuthLocator - No matching Auth Configs - falling back to defaultAuthConfig [null]
2024-07-24 14:30:43.718 [Test worker] DEBUG o.t.d.AuthDelegatingDockerClientConfig - Effective auth config [null]
2024-07-24 14:30:43.718 [Test worker] DEBUG o.t.s.c.g.d.c.command.AbstrDockerCmd - Cmd: org.testcontainers.shaded.com.github.dockerjava.core.command.CreateContainerCmdImpl@587c5c1[aliases=<null>,argsEscaped=<null>,attachStderr=<null>,attachStdin=<null>,attachStdout=<null>,authConfig=<null>,cmd={postgres,-c,fsync=off},domainName=<null>,entrypoint=<null>,env={POSTGRES_USER=user,POSTGRES_PASSWORD=password,POSTGRES_DB=db},exposedPorts=ExposedPorts(exposedPorts=[5432/tcp]),healthcheck=<null>,hostConfig=HostConfig(binds=[], blkioWeight=null, blkioWeightDevice=null, blkioDeviceReadBps=null, blkioDeviceWriteBps=null, blkioDeviceReadIOps=null, blkioDeviceWriteIOps=null, memorySwappiness=null, nanoCPUs=null, capAdd=null, capDrop=null, containerIDFile=null, cpuPeriod=null, cpuRealtimePeriod=null, cpuRealtimeRuntime=null, cpuShares=null, cpuQuota=null, cpusetCpus=null, cpusetMems=null, devices=null, deviceCgroupRules=null, deviceRequests=null, diskQuota=null, dns=null, dnsOptions=null, dnsSearch=null, extraHosts=[], groupAdd=null, ipcMode=null, cgroup=null, links=[], logConfig=LogConfig(type=null, config=null), lxcConf=null, memory=null, memorySwap=null, memoryReservation=null, kernelMemory=null, networkMode=null, oomKillDisable=null, init=null, autoRemove=null, oomScoreAdj=null, portBindings={5432/tcp=[Lcom.github.dockerjava.api.model.Ports$Binding;@26582ca}, privileged=null, publishAllPorts=null, readonlyRootfs=null, restartPolicy=null, ulimits=null, cpuCount=null, cpuPercent=null, ioMaximumIOps=null, ioMaximumBandwidth=null, volumesFrom=[], mounts=null, pidMode=null, isolation=null, securityOpts=null, storageOpt=null, cgroupParent=null, volumeDriver=null, shmSize=null, pidsLimit=null, runtime=null, tmpFs=null, utSMode=null, usernsMode=null, sysctls=null, consoleSize=null, cgroupnsMode=null),hostName=<null>,image=postgres:latest,ipv4Address=<null>,ipv6Address=<null>,labels={org.testcontainers=true, org.testcontainers.lang=java, org.testcontainers.version=1.19.8, org.testcontainers.sessionId=280e6229-7396-4d60-b1e3-a5de48b5d49b},macAddress=<null>,name=<null>,networkDisabled=<null>,networkingConfig=<null>,onBuild=<null>,platform=<null>,portSpecs=<null>,shell=<null>,stdInOnce=<null>,stdinOpen=<null>,stopSignal=<null>,stopTimeout=<null>,tty=<null>,user=<null>,volumes=Volumes(volumes=[]),workingDir=<null>]
2024-07-24 14:30:43.719 [Test worker] TRACE o.t.s.c.g.d.c.e.CreateContainerCmdExec - POST: DefaultWebTarget{path=[/containers/create], queryParams={}} 
2024-07-24 14:30:43.719 [Test worker] DEBUG c.g.d.z.s.o.a.h.c.h.i.c.InternalHttpClient - ex-000000D0: preparing request execution
2024-07-24 14:30:43.719 [Test worker] DEBUG c.g.d.z.s.o.a.h.c.h.p.RequestAddCookies - Cookie spec selected: strict
2024-07-24 14:30:43.720 [Test worker] DEBUG c.g.d.z.s.o.a.h.c.h.p.RequestAuthCache - Auth cache not set in the context
2024-07-24 14:30:43.720 [Test worker] DEBUG c.g.d.z.s.o.a.h.c.h.i.c.ProtocolExec - ex-000000D0: target auth state: UNCHALLENGED
2024-07-24 14:30:43.720 [Test worker] DEBUG c.g.d.z.s.o.a.h.c.h.i.c.ProtocolExec - ex-000000D0: proxy auth state: UNCHALLENGED
2024-07-24 14:30:43.720 [Test worker] DEBUG c.g.d.z.s.o.a.h.c.h.i.c.ConnectExec - ex-000000D0: acquiring connection with route {}->npipe://localhost:2375
2024-07-24 14:30:43.720 [Test worker] DEBUG c.g.d.z.s.o.a.h.c.h.i.c.InternalHttpClient - ex-000000D0: acquiring endpoint (3 MINUTES)
2024-07-24 14:30:43.720 [Test worker] DEBUG c.g.d.z.s.o.a.h.c.h.i.i.PoolingHttpClientConnectionManager - ex-000000D0: endpoint lease request (3 MINUTES) [route: {}->npipe://localhost:2375][total available: 1; route allocated: 1 of 2147483647; total allocated: 1 of 2147483647]
2024-07-24 14:30:43.720 [Test worker] DEBUG c.g.d.z.s.o.a.h.c.h.i.i.PoolingHttpClientConnectionManager - ex-000000D0: endpoint leased [route: {}->npipe://localhost:2375][total available: 0; route allocated: 1 of 2147483647; total allocated: 1 of 2147483647]
2024-07-24 14:30:43.720 [Test worker] DEBUG c.g.d.z.s.o.a.h.c.h.i.i.PoolingHttpClientConnectionManager - ex-000000D0: acquired ep-000000CF
2024-07-24 14:30:43.720 [Test worker] DEBUG c.g.d.z.s.o.a.h.c.h.i.c.InternalHttpClient - ex-000000D0: acquired endpoint ep-000000CF
2024-07-24 14:30:43.720 [Test worker] DEBUG c.g.d.z.s.o.a.h.c.h.i.c.MainClientExec - ex-000000D0: executing POST /v1.32/containers/create HTTP/1.1
2024-07-24 14:30:43.720 [Test worker] DEBUG c.g.d.z.s.o.a.h.c.h.i.c.InternalHttpClient - ep-000000CF: start execution ex-000000D0
2024-07-24 14:30:43.720 [Test worker] DEBUG c.g.d.z.s.o.a.h.c.h.i.i.PoolingHttpClientConnectionManager - ep-000000CF: executing exchange ex-000000D0 over http-outgoing-19
2024-07-24 14:30:43.720 [Test worker] DEBUG c.g.d.z.s.o.a.h.client5.http.headers - http-outgoing-19 >> POST /v1.32/containers/create HTTP/1.1
2024-07-24 14:30:43.720 [Test worker] DEBUG c.g.d.z.s.o.a.h.client5.http.headers - http-outgoing-19 >> accept: application/json
2024-07-24 14:30:43.720 [Test worker] DEBUG c.g.d.z.s.o.a.h.client5.http.headers - http-outgoing-19 >> content-type: application/json
2024-07-24 14:30:43.720 [Test worker] DEBUG c.g.d.z.s.o.a.h.client5.http.headers - http-outgoing-19 >> x-tc-sid: 280e6229-7396-4d60-b1e3-a5de48b5d49b
2024-07-24 14:30:43.720 [Test worker] DEBUG c.g.d.z.s.o.a.h.client5.http.headers - http-outgoing-19 >> User-Agent: tc-java/1.19.8
2024-07-24 14:30:43.720 [Test worker] DEBUG c.g.d.z.s.o.a.h.client5.http.headers - http-outgoing-19 >> Accept-Encoding: gzip, x-gzip, deflate
2024-07-24 14:30:43.720 [Test worker] DEBUG c.g.d.z.s.o.a.h.client5.http.headers - http-outgoing-19 >> Content-Length: 2061
2024-07-24 14:30:43.720 [Test worker] DEBUG c.g.d.z.s.o.a.h.client5.http.headers - http-outgoing-19 >> Host: localhost:2375
2024-07-24 14:30:43.720 [Test worker] DEBUG c.g.d.z.s.o.a.h.client5.http.headers - http-outgoing-19 >> Connection: keep-alive
2024-07-24 14:30:43.720 [Test worker] DEBUG c.g.d.z.s.o.a.hc.client5.http.wire - http-outgoing-19 >> "POST /v1.32/containers/create HTTP/1.1[\r][\n]"
2024-07-24 14:30:43.720 [Test worker] DEBUG c.g.d.z.s.o.a.hc.client5.http.wire - http-outgoing-19 >> "accept: application/json[\r][\n]"
2024-07-24 14:30:43.720 [Test worker] DEBUG c.g.d.z.s.o.a.hc.client5.http.wire - http-outgoing-19 >> "content-type: application/json[\r][\n]"
2024-07-24 14:30:43.720 [Test worker] DEBUG c.g.d.z.s.o.a.hc.client5.http.wire - http-outgoing-19 >> "x-tc-sid: 280e6229-7396-4d60-b1e3-a5de48b5d49b[\r][\n]"
2024-07-24 14:30:43.720 [Test worker] DEBUG c.g.d.z.s.o.a.hc.client5.http.wire - http-outgoing-19 >> "User-Agent: tc-java/1.19.8[\r][\n]"
2024-07-24 14:30:43.720 [Test worker] DEBUG c.g.d.z.s.o.a.hc.client5.http.wire - http-outgoing-19 >> "Accept-Encoding: gzip, x-gzip, deflate[\r][\n]"
2024-07-24 14:30:43.720 [Test worker] DEBUG c.g.d.z.s.o.a.hc.client5.http.wire - http-outgoing-19 >> "Content-Length: 2061[\r][\n]"
2024-07-24 14:30:43.720 [Test worker] DEBUG c.g.d.z.s.o.a.hc.client5.http.wire - http-outgoing-19 >> "Host: localhost:2375[\r][\n]"
2024-07-24 14:30:43.720 [Test worker] DEBUG c.g.d.z.s.o.a.hc.client5.http.wire - http-outgoing-19 >> "Connection: keep-alive[\r][\n]"
2024-07-24 14:30:43.720 [Test worker] DEBUG c.g.d.z.s.o.a.hc.client5.http.wire - http-outgoing-19 >> "[\r][\n]"
2024-07-24 14:30:43.720 [Test worker] DEBUG c.g.d.z.s.o.a.hc.client5.http.wire - http-outgoing-19 >> "{"Hostname":null,"Domainname":null,"User":null,"AttachStdin":null,"AttachStdout":null,"AttachStderr":null,"PortSpecs":null,"Tty":null,"OpenStdin":null,"StdinOnce":null,"Env":["POSTGRES_USER=user","POSTGRES_PASSWORD=password","POSTGRES_DB=db"],"Cmd":["postgres","-c","fsync=off"],"Healthcheck":null,"ArgsEscaped":null,"Entrypoint":null,"Image":"postgres:latest","Volumes":{},"WorkingDir":null,"MacAddress":null,"OnBuild":null,"NetworkDisabled":null,"ExposedPorts":{"5432/tcp":{}},"StopSignal":null,"StopTimeout":null,"HostConfig":{"Binds":[],"BlkioWeight":null,"BlkioWeightDevice":null,"BlkioDeviceReadBps":null,"BlkioDeviceWriteBps":null,"BlkioDeviceReadIOps":null,"BlkioDeviceWriteIOps":null,"MemorySwappiness":null,"NanoCpus":null,"CapAdd":null,"CapDrop":null,"ContainerIDFile":null,"CpuPeriod":null,"CpuRealtimePeriod":null,"CpuRealtimeRuntime":null,"CpuShares":null,"CpuQuota":null,"CpusetCpus":null,"CpusetMems":null,"Devices":null,"DeviceCgroupRules":null,"DeviceRequests":null,"DiskQuota":null,"Dns":null,"DnsOptions":null,"DnsSearch":null,"ExtraHosts":[],"GroupAdd":null,"IpcMode":null,"Cgroup":null,"Links":[],"LogConfig":null,"LxcConf":null,"Memory":null,"MemorySwap":null,"MemoryReservation":null,"KernelMemory":null,"NetworkMode":null,"OomKillDisable":null,"Init":null,"AutoRemove":null,"OomScoreAdj":null,"PortBindings":{"5432/tcp":[{"HostIp":"","HostPort":""}]},"Privileged":null,"PublishAllPorts":null,"ReadonlyRootfs":null,"RestartPolicy":null,"Ulimits":null,"CpuCount":null,"CpuPercent":null,"IOMaximumIOps":null,"IOMaximumBandwidth":null,"VolumesFrom":[],"Mounts":null,"PidMode":null,"Isolation":null,"SecurityOpt":null,"StorageOpt":null,"CgroupParent":null,"VolumeDriver":null,"ShmSize":null,"PidsLimit":null,"Runtime":null,"Tmpfs":null,"UTSMode":null,"UsernsMode":null,"Sysctls":null,"ConsoleSize":null,"CgroupnsMode":null},"Labels":{"org.testcontainers":"true","org.testcontainers.lang":"java","org.testcontainers.version":"1.19.8","org.testcontainers.sessionId":"280e6229-7396-4d60-b1e3-a5de48b5d49b"},"Shell":null,"NetworkingConfig":null}"
2024-07-24 14:30:43.857 [Test worker] DEBUG c.g.d.z.s.o.a.hc.client5.http.wire - http-outgoing-19 << "HTTP/1.1 201 Created[\r][\n]"
2024-07-24 14:30:43.857 [Test worker] DEBUG c.g.d.z.s.o.a.hc.client5.http.wire - http-outgoing-19 << "Api-Version: 1.45[\r][\n]"
2024-07-24 14:30:43.857 [Test worker] DEBUG c.g.d.z.s.o.a.hc.client5.http.wire - http-outgoing-19 << "Content-Type: application/json[\r][\n]"
2024-07-24 14:30:43.857 [Test worker] DEBUG c.g.d.z.s.o.a.hc.client5.http.wire - http-outgoing-19 << "Date: Wed, 24 Jul 2024 02:30:43 GMT[\r][\n]"
2024-07-24 14:30:43.857 [Test worker] DEBUG c.g.d.z.s.o.a.hc.client5.http.wire - http-outgoing-19 << "Docker-Experimental: false[\r][\n]"
2024-07-24 14:30:43.857 [Test worker] DEBUG c.g.d.z.s.o.a.hc.client5.http.wire - http-outgoing-19 << "Ostype: linux[\r][\n]"
2024-07-24 14:30:43.857 [Test worker] DEBUG c.g.d.z.s.o.a.hc.client5.http.wire - http-outgoing-19 << "Server: Docker/26.0.0 (linux)[\r][\n]"
2024-07-24 14:30:43.857 [Test worker] DEBUG c.g.d.z.s.o.a.hc.client5.http.wire - http-outgoing-19 << "Transfer-Encoding: chunked[\r][\n]"
2024-07-24 14:30:43.857 [Test worker] DEBUG c.g.d.z.s.o.a.hc.client5.http.wire - http-outgoing-19 << "[\r][\n]"
2024-07-24 14:30:43.858 [Test worker] DEBUG c.g.d.z.s.o.a.h.client5.http.headers - http-outgoing-19 << HTTP/1.1 201 Created
2024-07-24 14:30:43.858 [Test worker] DEBUG c.g.d.z.s.o.a.h.client5.http.headers - http-outgoing-19 << Api-Version: 1.45
2024-07-24 14:30:43.858 [Test worker] DEBUG c.g.d.z.s.o.a.h.client5.http.headers - http-outgoing-19 << Content-Type: application/json
2024-07-24 14:30:43.858 [Test worker] DEBUG c.g.d.z.s.o.a.h.client5.http.headers - http-outgoing-19 << Date: Wed, 24 Jul 2024 02:30:43 GMT
2024-07-24 14:30:43.858 [Test worker] DEBUG c.g.d.z.s.o.a.h.client5.http.headers - http-outgoing-19 << Docker-Experimental: false
2024-07-24 14:30:43.858 [Test worker] DEBUG c.g.d.z.s.o.a.h.client5.http.headers - http-outgoing-19 << Ostype: linux
2024-07-24 14:30:43.858 [Test worker] DEBUG c.g.d.z.s.o.a.h.client5.http.headers - http-outgoing-19 << Server: Docker/26.0.0 (linux)
2024-07-24 14:30:43.858 [Test worker] DEBUG c.g.d.z.s.o.a.h.client5.http.headers - http-outgoing-19 << Transfer-Encoding: chunked
2024-07-24 14:30:43.858 [Test worker] DEBUG c.g.d.z.s.o.a.h.c.h.i.c.MainClientExec - ex-000000D0: connection can be kept alive for 3 MINUTES
2024-07-24 14:30:43.858 [Test worker] DEBUG c.g.d.z.s.o.a.hc.client5.http.wire - http-outgoing-19 << "58[\r][\n]"
2024-07-24 14:30:43.858 [Test worker] DEBUG c.g.d.z.s.o.a.hc.client5.http.wire - http-outgoing-19 << "{"Id":"affb0fac313f8848d9a6ec6d76d2914f065d660553159cd89d9a7dea13e19931","Warnings":[]}[\n]"
2024-07-24 14:30:43.858 [Test worker] DEBUG c.g.d.z.s.o.a.hc.client5.http.wire - http-outgoing-19 << "[\r][\n]"
2024-07-24 14:30:43.858 [Test worker] DEBUG c.g.d.z.s.o.a.hc.client5.http.wire - http-outgoing-19 << "0[\r][\n]"
2024-07-24 14:30:43.858 [Test worker] DEBUG c.g.d.z.s.o.a.hc.client5.http.wire - http-outgoing-19 << "[\r][\n]"
2024-07-24 14:30:43.858 [Test worker] DEBUG c.g.d.z.s.o.a.h.c.h.i.c.InternalHttpClient - ep-000000CF: releasing valid endpoint
2024-07-24 14:30:43.858 [Test worker] DEBUG c.g.d.z.s.o.a.h.c.h.i.i.PoolingHttpClientConnectionManager - ep-000000CF: releasing endpoint
2024-07-24 14:30:43.858 [Test worker] DEBUG c.g.d.z.s.o.a.h.c.h.i.i.PoolingHttpClientConnectionManager - ep-000000CF: connection http-outgoing-19 can be kept alive for 3 MINUTES
2024-07-24 14:30:43.859 [Test worker] DEBUG c.g.d.z.s.o.a.h.c.h.i.i.PoolingHttpClientConnectionManager - ep-000000CF: connection released [route: {}->npipe://localhost:2375][total available: 1; route allocated: 1 of 2147483647; total allocated: 1 of 2147483647]
2024-07-24 14:30:43.859 [Test worker] INFO  tc.postgres:latest - Container postgres:latest is starting: affb0fac313f8848d9a6ec6d76d2914f065d660553159cd89d9a7dea13e19931
2024-07-24 14:30:43.859 [Test worker] DEBUG o.t.s.c.g.d.c.command.AbstrDockerCmd - Cmd: affb0fac313f8848d9a6ec6d76d2914f065d660553159cd89d9a7dea13e19931
2024-07-24 14:30:43.859 [Test worker] TRACE o.t.s.c.g.d.c.e.StartContainerCmdExec - POST: DefaultWebTarget{path=[/containers/affb0fac313f8848d9a6ec6d76d2914f065d660553159cd89d9a7dea13e19931/start], queryParams={}}
2024-07-24 14:30:43.859 [Test worker] DEBUG c.g.d.z.s.o.a.h.c.h.i.c.InternalHttpClient - ex-000000D1: preparing request execution
2024-07-24 14:30:43.859 [Test worker] DEBUG c.g.d.z.s.o.a.h.c.h.p.RequestAddCookies - Cookie spec selected: strict
2024-07-24 14:30:43.859 [Test worker] DEBUG c.g.d.z.s.o.a.h.c.h.p.RequestAuthCache - Auth cache not set in the context
2024-07-24 14:30:43.859 [Test worker] DEBUG c.g.d.z.s.o.a.h.c.h.i.c.ProtocolExec - ex-000000D1: target auth state: UNCHALLENGED
2024-07-24 14:30:43.859 [Test worker] DEBUG c.g.d.z.s.o.a.h.c.h.i.c.ProtocolExec - ex-000000D1: proxy auth state: UNCHALLENGED
2024-07-24 14:30:43.859 [Test worker] DEBUG c.g.d.z.s.o.a.h.c.h.i.c.ConnectExec - ex-000000D1: acquiring connection with route {}->npipe://localhost:2375
2024-07-24 14:30:43.859 [Test worker] DEBUG c.g.d.z.s.o.a.h.c.h.i.c.InternalHttpClient - ex-000000D1: acquiring endpoint (3 MINUTES)
2024-07-24 14:30:43.859 [Test worker] DEBUG c.g.d.z.s.o.a.h.c.h.i.i.PoolingHttpClientConnectionManager - ex-000000D1: endpoint lease request (3 MINUTES) [route: {}->npipe://localhost:2375][total available: 1; route allocated: 1 of 2147483647; total allocated: 1 of 2147483647]
2024-07-24 14:30:43.860 [Test worker] DEBUG c.g.d.z.s.o.a.h.c.h.i.i.PoolingHttpClientConnectionManager - ex-000000D1: endpoint leased [route: {}->npipe://localhost:2375][total available: 0; route allocated: 1 of 2147483647; total allocated: 1 of 2147483647]
2024-07-24 14:30:43.860 [Test worker] DEBUG c.g.d.z.s.o.a.h.c.h.i.i.PoolingHttpClientConnectionManager - ex-000000D1: acquired ep-000000D0
2024-07-24 14:30:43.860 [Test worker] DEBUG c.g.d.z.s.o.a.h.c.h.i.c.InternalHttpClient - ex-000000D1: acquired endpoint ep-000000D0
2024-07-24 14:30:43.860 [Test worker] DEBUG c.g.d.z.s.o.a.h.c.h.i.c.MainClientExec - ex-000000D1: executing POST /v1.32/containers/affb0fac313f8848d9a6ec6d76d2914f065d660553159cd89d9a7dea13e19931/start HTTP/1.1
2024-07-24 14:30:43.860 [Test worker] DEBUG c.g.d.z.s.o.a.h.c.h.i.c.InternalHttpClient - ep-000000D0: start execution ex-000000D1
2024-07-24 14:30:43.860 [Test worker] DEBUG c.g.d.z.s.o.a.h.c.h.i.i.PoolingHttpClientConnectionManager - ep-000000D0: executing exchange ex-000000D1 over http-outgoing-19
2024-07-24 14:30:43.860 [Test worker] DEBUG c.g.d.z.s.o.a.h.client5.http.headers - http-outgoing-19 >> POST /v1.32/containers/affb0fac313f8848d9a6ec6d76d2914f065d660553159cd89d9a7dea13e19931/start HTTP/1.1
2024-07-24 14:30:43.860 [Test worker] DEBUG c.g.d.z.s.o.a.h.client5.http.headers - http-outgoing-19 >> accept: application/json
2024-07-24 14:30:43.860 [Test worker] DEBUG c.g.d.z.s.o.a.h.client5.http.headers - http-outgoing-19 >> content-type: application/json
2024-07-24 14:30:43.860 [Test worker] DEBUG c.g.d.z.s.o.a.h.client5.http.headers - http-outgoing-19 >> x-tc-sid: 280e6229-7396-4d60-b1e3-a5de48b5d49b
2024-07-24 14:30:43.860 [Test worker] DEBUG c.g.d.z.s.o.a.h.client5.http.headers - http-outgoing-19 >> User-Agent: tc-java/1.19.8
2024-07-24 14:30:43.860 [Test worker] DEBUG c.g.d.z.s.o.a.h.client5.http.headers - http-outgoing-19 >> Accept-Encoding: gzip, x-gzip, deflate
2024-07-24 14:30:43.860 [Test worker] DEBUG c.g.d.z.s.o.a.h.client5.http.headers - http-outgoing-19 >> Host: localhost:2375
2024-07-24 14:30:43.860 [Test worker] DEBUG c.g.d.z.s.o.a.h.client5.http.headers - http-outgoing-19 >> Connection: keep-alive
2024-07-24 14:30:43.860 [Test worker] DEBUG c.g.d.z.s.o.a.hc.client5.http.wire - http-outgoing-19 >> "POST /v1.32/containers/affb0fac313f8848d9a6ec6d76d2914f065d660553159cd89d9a7dea13e19931/start HTTP/1.1[\r][\n]"
2024-07-24 14:30:43.860 [Test worker] DEBUG c.g.d.z.s.o.a.hc.client5.http.wire - http-outgoing-19 >> "accept: application/json[\r][\n]"
2024-07-24 14:30:43.860 [Test worker] DEBUG c.g.d.z.s.o.a.hc.client5.http.wire - http-outgoing-19 >> "content-type: application/json[\r][\n]"
2024-07-24 14:30:43.860 [Test worker] DEBUG c.g.d.z.s.o.a.hc.client5.http.wire - http-outgoing-19 >> "x-tc-sid: 280e6229-7396-4d60-b1e3-a5de48b5d49b[\r][\n]"
2024-07-24 14:30:43.860 [Test worker] DEBUG c.g.d.z.s.o.a.hc.client5.http.wire - http-outgoing-19 >> "User-Agent: tc-java/1.19.8[\r][\n]"
2024-07-24 14:30:43.860 [Test worker] DEBUG c.g.d.z.s.o.a.hc.client5.http.wire - http-outgoing-19 >> "Accept-Encoding: gzip, x-gzip, deflate[\r][\n]"
2024-07-24 14:30:43.860 [Test worker] DEBUG c.g.d.z.s.o.a.hc.client5.http.wire - http-outgoing-19 >> "Host: localhost:2375[\r][\n]"
2024-07-24 14:30:43.860 [Test worker] DEBUG c.g.d.z.s.o.a.hc.client5.http.wire - http-outgoing-19 >> "Connection: keep-alive[\r][\n]"
2024-07-24 14:30:43.860 [Test worker] DEBUG c.g.d.z.s.o.a.hc.client5.http.wire - http-outgoing-19 >> "[\r][\n]"
2024-07-24 14:30:44.216 [Test worker] DEBUG c.g.d.z.s.o.a.hc.client5.http.wire - http-outgoing-19 << "HTTP/1.1 204 No Content[\r][\n]"
2024-07-24 14:30:44.216 [Test worker] DEBUG c.g.d.z.s.o.a.hc.client5.http.wire - http-outgoing-19 << "Api-Version: 1.45[\r][\n]"
2024-07-24 14:30:44.216 [Test worker] DEBUG c.g.d.z.s.o.a.hc.client5.http.wire - http-outgoing-19 << "Date: Wed, 24 Jul 2024 02:30:44 GMT[\r][\n]"
2024-07-24 14:30:44.216 [Test worker] DEBUG c.g.d.z.s.o.a.hc.client5.http.wire - http-outgoing-19 << "Docker-Experimental: false[\r][\n]"
2024-07-24 14:30:44.216 [Test worker] DEBUG c.g.d.z.s.o.a.hc.client5.http.wire - http-outgoing-19 << "Ostype: linux[\r][\n]"
2024-07-24 14:30:44.216 [Test worker] DEBUG c.g.d.z.s.o.a.hc.client5.http.wire - http-outgoing-19 << "Server: Docker/26.0.0 (linux)[\r][\n]"
2024-07-24 14:30:44.216 [Test worker] DEBUG c.g.d.z.s.o.a.hc.client5.http.wire - http-outgoing-19 << "[\r][\n]"
2024-07-24 14:30:44.216 [Test worker] DEBUG c.g.d.z.s.o.a.h.client5.http.headers - http-outgoing-19 << HTTP/1.1 204 No Content
2024-07-24 14:30:44.216 [Test worker] DEBUG c.g.d.z.s.o.a.h.client5.http.headers - http-outgoing-19 << Api-Version: 1.45
2024-07-24 14:30:44.216 [Test worker] DEBUG c.g.d.z.s.o.a.h.client5.http.headers - http-outgoing-19 << Date: Wed, 24 Jul 2024 02:30:44 GMT
2024-07-24 14:30:44.216 [Test worker] DEBUG c.g.d.z.s.o.a.h.client5.http.headers - http-outgoing-19 << Docker-Experimental: false
2024-07-24 14:30:44.216 [Test worker] DEBUG c.g.d.z.s.o.a.h.client5.http.headers - http-outgoing-19 << Ostype: linux
2024-07-24 14:30:44.216 [Test worker] DEBUG c.g.d.z.s.o.a.h.client5.http.headers - http-outgoing-19 << Server: Docker/26.0.0 (linux)
2024-07-24 14:30:44.217 [Test worker] DEBUG c.g.d.z.s.o.a.h.c.h.i.c.MainClientExec - ex-000000D1: connection can be kept alive for 3 MINUTES
2024-07-24 14:30:44.217 [Test worker] DEBUG c.g.d.z.s.o.a.h.c.h.i.c.InternalHttpClient - ep-000000D0: releasing valid endpoint
2024-07-24 14:30:44.217 [Test worker] DEBUG c.g.d.z.s.o.a.h.c.h.i.i.PoolingHttpClientConnectionManager - ep-000000D0: releasing endpoint
2024-07-24 14:30:44.217 [Test worker] DEBUG c.g.d.z.s.o.a.h.c.h.i.i.PoolingHttpClientConnectionManager - ep-000000D0: connection http-outgoing-19 can be kept alive for 3 MINUTES
2024-07-24 14:30:44.217 [Test worker] DEBUG c.g.d.z.s.o.a.h.c.h.i.i.PoolingHttpClientConnectionManager - ep-000000D0: connection released [route: {}->npipe://localhost:2375][total available: 1; route allocated: 1 of 2147483647; total allocated: 1 of 2147483647]
2024-07-24 14:30:44.217 [Test worker] DEBUG o.t.s.c.g.d.c.command.AbstrDockerCmd - Cmd: affb0fac313f8848d9a6ec6d76d2914f065d660553159cd89d9a7dea13e19931,false
2024-07-24 14:30:44.218 [Test worker] DEBUG o.t.s.c.g.d.c.e.InspectContainerCmdExec - GET: DefaultWebTarget{path=[/containers/affb0fac313f8848d9a6ec6d76d2914f065d660553159cd89d9a7dea13e19931/json], queryParams={}}
2024-07-24 14:30:44.218 [Test worker] DEBUG c.g.d.z.s.o.a.h.c.h.i.c.InternalHttpClient - ex-000000D2: preparing request execution
2024-07-24 14:30:44.218 [Test worker] DEBUG c.g.d.z.s.o.a.h.c.h.p.RequestAddCookies - Cookie spec selected: strict
2024-07-24 14:30:44.218 [Test worker] DEBUG c.g.d.z.s.o.a.h.c.h.p.RequestAuthCache - Auth cache not set in the context
2024-07-24 14:30:44.218 [Test worker] DEBUG c.g.d.z.s.o.a.h.c.h.i.c.ProtocolExec - ex-000000D2: target auth state: UNCHALLENGED
2024-07-24 14:30:44.218 [Test worker] DEBUG c.g.d.z.s.o.a.h.c.h.i.c.ProtocolExec - ex-000000D2: proxy auth state: UNCHALLENGED
2024-07-24 14:30:44.218 [Test worker] DEBUG c.g.d.z.s.o.a.h.c.h.i.c.ConnectExec - ex-000000D2: acquiring connection with route {}->npipe://localhost:2375
2024-07-24 14:30:44.219 [Test worker] DEBUG c.g.d.z.s.o.a.h.c.h.i.c.InternalHttpClient - ex-000000D2: acquiring endpoint (3 MINUTES)
2024-07-24 14:30:44.219 [Test worker] DEBUG c.g.d.z.s.o.a.h.c.h.i.i.PoolingHttpClientConnectionManager - ex-000000D2: endpoint lease request (3 MINUTES) [route: {}->npipe://localhost:2375][total available: 1; route allocated: 1 of 2147483647; total allocated: 1 of 2147483647]
2024-07-24 14:30:44.219 [Test worker] DEBUG c.g.d.z.s.o.a.h.c.h.i.i.PoolingHttpClientConnectionManager - ex-000000D2: endpoint leased [route: {}->npipe://localhost:2375][total available: 0; route allocated: 1 of 2147483647; total allocated: 1 of 2147483647]
2024-07-24 14:30:44.219 [Test worker] DEBUG c.g.d.z.s.o.a.h.c.h.i.i.PoolingHttpClientConnectionManager - ex-000000D2: acquired ep-000000D1
2024-07-24 14:30:44.219 [Test worker] DEBUG c.g.d.z.s.o.a.h.c.h.i.c.InternalHttpClient - ex-000000D2: acquired endpoint ep-000000D1
2024-07-24 14:30:44.219 [Test worker] DEBUG c.g.d.z.s.o.a.h.c.h.i.c.MainClientExec - ex-000000D2: executing GET /v1.32/containers/affb0fac313f8848d9a6ec6d76d2914f065d660553159cd89d9a7dea13e19931/json HTTP/1.1
2024-07-24 14:30:44.219 [Test worker] DEBUG c.g.d.z.s.o.a.h.c.h.i.c.InternalHttpClient - ep-000000D1: start execution ex-000000D2
2024-07-24 14:30:44.219 [Test worker] DEBUG c.g.d.z.s.o.a.h.c.h.i.i.PoolingHttpClientConnectionManager - ep-000000D1: executing exchange ex-000000D2 over http-outgoing-19
2024-07-24 14:30:44.219 [Test worker] DEBUG c.g.d.z.s.o.a.h.client5.http.headers - http-outgoing-19 >> GET /v1.32/containers/affb0fac313f8848d9a6ec6d76d2914f065d660553159cd89d9a7dea13e19931/json HTTP/1.1
2024-07-24 14:30:44.219 [Test worker] DEBUG c.g.d.z.s.o.a.h.client5.http.headers - http-outgoing-19 >> accept: application/json
2024-07-24 14:30:44.219 [Test worker] DEBUG c.g.d.z.s.o.a.h.client5.http.headers - http-outgoing-19 >> x-tc-sid: 280e6229-7396-4d60-b1e3-a5de48b5d49b
2024-07-24 14:30:44.219 [Test worker] DEBUG c.g.d.z.s.o.a.h.client5.http.headers - http-outgoing-19 >> User-Agent: tc-java/1.19.8
2024-07-24 14:30:44.219 [Test worker] DEBUG c.g.d.z.s.o.a.h.client5.http.headers - http-outgoing-19 >> Accept-Encoding: gzip, x-gzip, deflate
2024-07-24 14:30:44.219 [Test worker] DEBUG c.g.d.z.s.o.a.h.client5.http.headers - http-outgoing-19 >> Host: localhost:2375
2024-07-24 14:30:44.219 [Test worker] DEBUG c.g.d.z.s.o.a.h.client5.http.headers - http-outgoing-19 >> Connection: keep-alive
2024-07-24 14:30:44.219 [Test worker] DEBUG c.g.d.z.s.o.a.hc.client5.http.wire - http-outgoing-19 >> "GET /v1.32/containers/affb0fac313f8848d9a6ec6d76d2914f065d660553159cd89d9a7dea13e19931/json HTTP/1.1[\r][\n]"
2024-07-24 14:30:44.219 [Test worker] DEBUG c.g.d.z.s.o.a.hc.client5.http.wire - http-outgoing-19 >> "accept: application/json[\r][\n]"
2024-07-24 14:30:44.219 [Test worker] DEBUG c.g.d.z.s.o.a.hc.client5.http.wire - http-outgoing-19 >> "x-tc-sid: 280e6229-7396-4d60-b1e3-a5de48b5d49b[\r][\n]"
2024-07-24 14:30:44.219 [Test worker] DEBUG c.g.d.z.s.o.a.hc.client5.http.wire - http-outgoing-19 >> "User-Agent: tc-java/1.19.8[\r][\n]"
2024-07-24 14:30:44.219 [Test worker] DEBUG c.g.d.z.s.o.a.hc.client5.http.wire - http-outgoing-19 >> "Accept-Encoding: gzip, x-gzip, deflate[\r][\n]"
2024-07-24 14:30:44.219 [Test worker] DEBUG c.g.d.z.s.o.a.hc.client5.http.wire - http-outgoing-19 >> "Host: localhost:2375[\r][\n]"
2024-07-24 14:30:44.219 [Test worker] DEBUG c.g.d.z.s.o.a.hc.client5.http.wire - http-outgoing-19 >> "Connection: keep-alive[\r][\n]"
2024-07-24 14:30:44.219 [Test worker] DEBUG c.g.d.z.s.o.a.hc.client5.http.wire - http-outgoing-19 >> "[\r][\n]"
2024-07-24 14:30:44.222 [Test worker] DEBUG c.g.d.z.s.o.a.hc.client5.http.wire - http-outgoing-19 << "HTTP/1.1 200 OK[\r][\n]"
2024-07-24 14:30:44.222 [Test worker] DEBUG c.g.d.z.s.o.a.hc.client5.http.wire - http-outgoing-19 << "Api-Version: 1.45[\r][\n]"
2024-07-24 14:30:44.222 [Test worker] DEBUG c.g.d.z.s.o.a.hc.client5.http.wire - http-outgoing-19 << "Content-Type: application/json[\r][\n]"
2024-07-24 14:30:44.222 [Test worker] DEBUG c.g.d.z.s.o.a.hc.client5.http.wire - http-outgoing-19 << "Date: Wed, 24 Jul 2024 02:30:44 GMT[\r][\n]"
2024-07-24 14:30:44.222 [Test worker] DEBUG c.g.d.z.s.o.a.hc.client5.http.wire - http-outgoing-19 << "Docker-Experimental: false[\r][\n]"
2024-07-24 14:30:44.222 [Test worker] DEBUG c.g.d.z.s.o.a.hc.client5.http.wire - http-outgoing-19 << "Ostype: linux[\r][\n]"
2024-07-24 14:30:44.222 [Test worker] DEBUG c.g.d.z.s.o.a.hc.client5.http.wire - http-outgoing-19 << "Server: Docker/26.0.0 (linux)[\r][\n]"
2024-07-24 14:30:44.222 [Test worker] DEBUG c.g.d.z.s.o.a.hc.client5.http.wire - http-outgoing-19 << "Transfer-Encoding: chunked[\r][\n]"
2024-07-24 14:30:44.222 [Test worker] DEBUG c.g.d.z.s.o.a.hc.client5.http.wire - http-outgoing-19 << "[\r][\n]"
2024-07-24 14:30:44.222 [Test worker] DEBUG c.g.d.z.s.o.a.h.client5.http.headers - http-outgoing-19 << HTTP/1.1 200 OK
2024-07-24 14:30:44.222 [Test worker] DEBUG c.g.d.z.s.o.a.h.client5.http.headers - http-outgoing-19 << Api-Version: 1.45
2024-07-24 14:30:44.222 [Test worker] DEBUG c.g.d.z.s.o.a.h.client5.http.headers - http-outgoing-19 << Content-Type: application/json
2024-07-24 14:30:44.222 [Test worker] DEBUG c.g.d.z.s.o.a.h.client5.http.headers - http-outgoing-19 << Date: Wed, 24 Jul 2024 02:30:44 GMT
2024-07-24 14:30:44.222 [Test worker] DEBUG c.g.d.z.s.o.a.h.client5.http.headers - http-outgoing-19 << Docker-Experimental: false
2024-07-24 14:30:44.222 [Test worker] DEBUG c.g.d.z.s.o.a.h.client5.http.headers - http-outgoing-19 << Ostype: linux
2024-07-24 14:30:44.222 [Test worker] DEBUG c.g.d.z.s.o.a.h.client5.http.headers - http-outgoing-19 << Server: Docker/26.0.0 (linux)
2024-07-24 14:30:44.222 [Test worker] DEBUG c.g.d.z.s.o.a.h.client5.http.headers - http-outgoing-19 << Transfer-Encoding: chunked
2024-07-24 14:30:44.222 [Test worker] DEBUG c.g.d.z.s.o.a.h.c.h.i.c.MainClientExec - ex-000000D2: connection can be kept alive for 3 MINUTES
2024-07-24 14:30:44.223 [Test worker] DEBUG c.g.d.z.s.o.a.hc.client5.http.wire - http-outgoing-19 << "1a3a[\r][\n]"
2024-07-24 14:30:44.223 [Test worker] DEBUG c.g.d.z.s.o.a.hc.client5.http.wire - http-outgoing-19 << "{"Id":"affb0fac313f8848d9a6ec6d76d2914f065d660553159cd89d9a7dea13e19931","Created":"2024-07-24T02:30:43.729447352Z","Path":"docker-entrypoint.sh","Args":["postgres","-c","fsync=off"],"State":{"Status":"running","Running":true,"Paused":false,"Restarting":false,"OOMKilled":false,"Dead":false,"Pid":30464,"ExitCode":0,"Error":"","StartedAt":"2024-07-24T02:30:44.200159287Z","FinishedAt":"0001-01-01T00:00:00Z"},"Image":"sha256:8e4fc9e184899a58735e7ee333f5e272d7d2298cf59302006b71f33e217be130","ResolvConfPath":"/var/lib/docker/containers/affb0fac313f8848d9a6ec6d76d2914f065d660553159cd89d9a7dea13e19931/resolv.conf","HostnamePath":"/var/lib/docker/containers/affb0fac313f8848d9a6ec6d76d2914f065d660553159cd89d9a7dea13e19931/hostname","HostsPath":"/var/lib/docker/containers/affb0fac313f8848d9a6ec6d76d2914f065d660553159cd89d9a7dea13e19931/hosts","LogPath":"/var/lib/docker/containers/affb0fac313f8848d9a6ec6d76d2914f065d660553159cd89d9a7dea13e19931/affb0fac313f8848d9a6ec6d76d2914f065d660553159cd89d9a7dea13e19931-json.log","Name":"/wonderful_ritchie","RestartCount":0,"Driver":"overlay2","Platform":"linux","MountLabel":"","ProcessLabel":"","AppArmorProfile":"","ExecIDs":null,"HostConfig":{"Binds":[],"ContainerIDFile":"","LogConfig":{"Type":"json-file","Config":{}},"NetworkMode":"default","PortBindings":{"5432/tcp":[{"HostIp":"0.0.0.0","HostPort":"0"}]},"RestartPolicy":{"Name":"no","MaximumRetryCount":0},"AutoRemove":false,"VolumeDriver":"","VolumesFrom":[],"ConsoleSize":[0,0],"CapAdd":null,"CapDrop":null,"CgroupnsMode":"host","Dns":null,"DnsOptions":null,"DnsSearch":null,"ExtraHosts":[],"GroupAdd":null,"IpcMode":"shareable","Cgroup":"","Links":null,"OomScoreAdj":0,"PidMode":"","Privileged":false,"PublishAllPorts":false,"ReadonlyRootfs":false,"SecurityOpt":null,"UTSMode":"","UsernsMode":"","ShmSize":67108864,"Runtime":"runc","Isolation":"","CpuShares":0,"Memory":0,"NanoCpus":0,"CgroupParent":"","BlkioWeight":0,"BlkioWeightDevice":null,"BlkioDeviceReadBps":null,"BlkioDeviceWriteBps":null,"BlkioDeviceReadIOps":null,"BlkioDeviceWriteIOps":null,"CpuPeriod":0,"CpuQuota":0,"CpuRealtimePeriod":0,"CpuRealtimeRuntime":0,"CpusetCpus":"","CpusetMems":"","Devices":null,"DeviceCgroupRules":null,"DeviceRequests":null,"MemoryReservation":0,"MemorySwap":0,"MemorySwappiness":null,"OomKillDisable":false,"PidsLimit":null,"Ulimits":null,"CpuCount":0,"CpuPercent":0,"IOMaximumIOps":0,"IOMaximumBandwidth":0,"MaskedPaths":["/proc/asound","/proc/acpi","/proc/kcore","/proc/keys","/proc/latency_stats","/proc/timer_list","/proc/timer_stats","/proc/sched_debug","/proc/scsi","/sys/firmware","/sys/devices/virtual/powercap"],"ReadonlyPaths":["/proc/bus","/proc/fs","/proc/irq","/proc/sys","/proc/sysrq-trigger"]},"GraphDriver":{"Data":{"LowerDir":"/var/lib/docker/overlay2/03e69cb4bf25d6389367d1ab3d05c157c5f7bfd5041c0c305147436fb064a02c-init/diff:/var/lib/docker/overlay2/8f0ddbd386af0785c2e348570516955816ab350305d698d363962d488eeb15ec/diff:/var/lib/docker/overlay2/0eb0ca73e9b0be7c3d7fa8762ef4778a68f38391bc84c037c2e90b88e781b475/diff:/var/lib/docker/overlay2/74e634bddc785c5d436b10a5158cd82e21dc2065fd1cf8ff9c1c12e01575a2d8/diff:/var/lib/docker/overlay2/bb918b2851cd2f508f1e3fdbfff8b7f8b041d61e65fe8c368288bf399e80b818/diff:/var/lib/docker/overlay2/2abab2946cbdc2941ee8ec4024c51dac7313dee9de5fbedd1ca33388c59eb3c8/diff:/var/lib/docker/overlay2/e12f6083ee669bd92743ceb339a896bb25dbe461b718705bb39eb410b80c0ecd/diff:/var/lib/docker/overlay2/ced1e86d670d097da5ed4da7288c22507735918959161c2cd8bf083fb30d169a/diff:/var/lib/docker/overlay2/94e9ac7b74923285ae73af20aeccb964ca9079e2305db367cb85d1603560472d/diff:/var/lib/docker/overlay2/a396b6dfd63f0c228c519871183c614cccf4d366a43460f27ecf97113c3c4be8/diff:/var/lib/docker/overlay2/f58ada5d5080c2bac553c734f81127660a90581a35ed2a92cebe3c59e340875b/diff:/var/lib/docker/overlay2/84f85636f37bf55d945e217b4f87a856eba7932284beaf042561007b66f48977/diff:/var/lib/docker/overlay2/1e6e519613884e91a2b74a588ba35dc8a2f789371ab798ef6e7d9836d756042f/diff:/var/lib/docker/overlay2/14a3151cc8b4f9d27d2e64f1a8abc0c7809309580f2d7e8dc8545055c1d56194/diff:/var/lib/d"
2024-07-24 14:30:44.223 [Test worker] DEBUG c.g.d.z.s.o.a.hc.client5.http.wire - http-outgoing-19 << "ocker/overlay2/5b354b9e793401517fe2f1da697653fdaadffc54888eaf76d67e0600b8c68bdc/diff","MergedDir":"/var/lib/docker/overlay2/03e69cb4bf25d6389367d1ab3d05c157c5f7bfd5041c0c305147436fb064a02c/merged","UpperDir":"/var/lib/docker/overlay2/03e69cb4bf25d6389367d1ab3d05c157c5f7bfd5041c0c305147436fb064a02c/diff","WorkDir":"/var/lib/docker/overlay2/03e69cb4bf25d6389367d1ab3d05c157c5f7bfd5041c0c305147436fb064a02c/work"},"Name":"overlay2"},"Mounts":[{"Type":"volume","Name":"78b0c3d668a503b9cae1401fd92bdbbe6f883faba35ab3703383974a6cc3d26b","Source":"/var/lib/docker/volumes/78b0c3d668a503b9cae1401fd92bdbbe6f883faba35ab3703383974a6cc3d26b/_data","Destination":"/var/lib/postgresql/data","Driver":"local","Mode":"","RW":true,"Propagation":""}],"Config":{"Hostname":"affb0fac313f","Domainname":"","User":"","AttachStdin":false,"AttachStdout":false,"AttachStderr":false,"ExposedPorts":{"5432/tcp":{}},"Tty":false,"OpenStdin":false,"StdinOnce":false,"Env":["POSTGRES_USER=user","POSTGRES_PASSWORD=password","POSTGRES_DB=db","PATH=/usr/local/sbin:/usr/local/bin:/usr/sbin:/usr/bin:/sbin:/bin:/usr/lib/postgresql/16/bin","GOSU_VERSION=1.17","LANG=en_US.utf8","PG_MAJOR=16","PG_VERSION=16.2-1.pgdg120+2","PGDATA=/var/lib/postgresql/data"],"Cmd":["postgres","-c","fsync=off"],"Image":"postgres:latest","Volumes":{"/var/lib/postgresql/data":{}},"WorkingDir":"","Entrypoint":["docker-entrypoint.sh"],"OnBuild":null,"Labels":{"org.testcontainers":"true","org.testcontainers.lang":"java","org.testcontainers.sessionId":"280e6229-7396-4d60-b1e3-a5de48b5d49b","org.testcontainers.version":"1.19.8"},"StopSignal":"SIGINT"},"NetworkSettings":{"Bridge":"","SandboxID":"6de1ee49502df90cb171fade5bd7fdd0f1332a0915522c78b9208ed7c8a1c1aa","SandboxKey":"/var/run/docker/netns/6de1ee49502d","Ports":{"5432/tcp":[{"HostIp":"0.0.0.0","HostPort":"51572"}]},"HairpinMode":false,"LinkLocalIPv6Address":"","LinkLocalIPv6PrefixLen":0,"SecondaryIPAddresses":null,"SecondaryIPv6Addresses":null,"EndpointID":"ee034f8aff30d2315c9d5636fb81a1d29bd75fa466960f9a43480daeb0c1121d","Gateway":"172.17.0.1","GlobalIPv6Address":"","GlobalIPv6PrefixLen":0,"IPAddress":"172.17.0.3","IPPrefixLen":16,"IPv6Gateway":"","MacAddress":"02:42:ac:11:00:03","Networks":{"bridge":{"IPAMConfig":null,"Links":null,"Aliases":null,"MacAddress":"02:42:ac:11:00:03","NetworkID":"3c842496be344cbdae878c1dee0957e7bc7c0a2236009c92752030f2b053e72f","EndpointID":"ee034f8aff30d2315c9d5636fb81a1d29bd75fa466960f9a43480daeb0c1121d","Gateway":"172.17.0.1","IPAddress":"172.17.0.3","IPPrefixLen":16,"IPv6Gateway":"","GlobalIPv6Address":"","GlobalIPv6PrefixLen":0,"DriverOpts":null,"DNSNames":null}}}}[\n]"
2024-07-24 14:30:44.224 [Test worker] DEBUG c.g.d.z.s.o.a.hc.client5.http.wire - http-outgoing-19 << "[\r][\n]"
2024-07-24 14:30:44.224 [Test worker] DEBUG c.g.d.z.s.o.a.hc.client5.http.wire - http-outgoing-19 << "0[\r][\n]"
2024-07-24 14:30:44.225 [Test worker] DEBUG c.g.d.z.s.o.a.hc.client5.http.wire - http-outgoing-19 << "[\r][\n]"
2024-07-24 14:30:44.225 [Test worker] DEBUG c.g.d.z.s.o.a.h.c.h.i.c.InternalHttpClient - ep-000000D1: releasing valid endpoint
2024-07-24 14:30:44.225 [Test worker] DEBUG c.g.d.z.s.o.a.h.c.h.i.i.PoolingHttpClientConnectionManager - ep-000000D1: releasing endpoint
2024-07-24 14:30:44.225 [Test worker] DEBUG c.g.d.z.s.o.a.h.c.h.i.i.PoolingHttpClientConnectionManager - ep-000000D1: connection http-outgoing-19 can be kept alive for 3 MINUTES
2024-07-24 14:30:44.225 [Test worker] DEBUG c.g.d.z.s.o.a.h.c.h.i.i.PoolingHttpClientConnectionManager - ep-000000D1: connection released [route: {}->npipe://localhost:2375][total available: 1; route allocated: 1 of 2147483647; total allocated: 1 of 2147483647]
2024-07-24 14:30:44.225 [Test worker] DEBUG o.t.s.c.g.d.c.command.AbstrDockerCmd - Cmd: sha256:8e4fc9e184899a58735e7ee333f5e272d7d2298cf59302006b71f33e217be130
2024-07-24 14:30:44.225 [Test worker] TRACE o.t.s.c.g.d.c.e.InspectImageCmdExec - GET: DefaultWebTarget{path=[/images/sha256:8e4fc9e184899a58735e7ee333f5e272d7d2298cf59302006b71f33e217be130/json], queryParams={}}
2024-07-24 14:30:44.225 [Test worker] DEBUG c.g.d.z.s.o.a.h.c.h.i.c.InternalHttpClient - ex-000000D3: preparing request execution
2024-07-24 14:30:44.225 [Test worker] DEBUG c.g.d.z.s.o.a.h.c.h.p.RequestAddCookies - Cookie spec selected: strict
2024-07-24 14:30:44.225 [Test worker] DEBUG c.g.d.z.s.o.a.h.c.h.p.RequestAuthCache - Auth cache not set in the context
2024-07-24 14:30:44.225 [Test worker] DEBUG c.g.d.z.s.o.a.h.c.h.i.c.ProtocolExec - ex-000000D3: target auth state: UNCHALLENGED
2024-07-24 14:30:44.225 [Test worker] DEBUG c.g.d.z.s.o.a.h.c.h.i.c.ProtocolExec - ex-000000D3: proxy auth state: UNCHALLENGED
2024-07-24 14:30:44.225 [Test worker] DEBUG c.g.d.z.s.o.a.h.c.h.i.c.ConnectExec - ex-000000D3: acquiring connection with route {}->npipe://localhost:2375
2024-07-24 14:30:44.225 [Test worker] DEBUG c.g.d.z.s.o.a.h.c.h.i.c.InternalHttpClient - ex-000000D3: acquiring endpoint (3 MINUTES)
2024-07-24 14:30:44.226 [Test worker] DEBUG c.g.d.z.s.o.a.h.c.h.i.i.PoolingHttpClientConnectionManager - ex-000000D3: endpoint lease request (3 MINUTES) [route: {}->npipe://localhost:2375][total available: 1; route allocated: 1 of 2147483647; total allocated: 1 of 2147483647]
2024-07-24 14:30:44.226 [Test worker] DEBUG c.g.d.z.s.o.a.h.c.h.i.i.PoolingHttpClientConnectionManager - ex-000000D3: endpoint leased [route: {}->npipe://localhost:2375][total available: 0; route allocated: 1 of 2147483647; total allocated: 1 of 2147483647]
2024-07-24 14:30:44.226 [Test worker] DEBUG c.g.d.z.s.o.a.h.c.h.i.i.PoolingHttpClientConnectionManager - ex-000000D3: acquired ep-000000D2
2024-07-24 14:30:44.226 [Test worker] DEBUG c.g.d.z.s.o.a.h.c.h.i.c.InternalHttpClient - ex-000000D3: acquired endpoint ep-000000D2
2024-07-24 14:30:44.226 [Test worker] DEBUG c.g.d.z.s.o.a.h.c.h.i.c.MainClientExec - ex-000000D3: executing GET /v1.32/images/sha256:8e4fc9e184899a58735e7ee333f5e272d7d2298cf59302006b71f33e217be130/json HTTP/1.1
2024-07-24 14:30:44.226 [Test worker] DEBUG c.g.d.z.s.o.a.h.c.h.i.c.InternalHttpClient - ep-000000D2: start execution ex-000000D3
2024-07-24 14:30:44.226 [Test worker] DEBUG c.g.d.z.s.o.a.h.c.h.i.i.PoolingHttpClientConnectionManager - ep-000000D2: executing exchange ex-000000D3 over http-outgoing-19
2024-07-24 14:30:44.226 [Test worker] DEBUG c.g.d.z.s.o.a.h.client5.http.headers - http-outgoing-19 >> GET /v1.32/images/sha256:8e4fc9e184899a58735e7ee333f5e272d7d2298cf59302006b71f33e217be130/json HTTP/1.1
2024-07-24 14:30:44.226 [Test worker] DEBUG c.g.d.z.s.o.a.h.client5.http.headers - http-outgoing-19 >> accept: application/json
2024-07-24 14:30:44.226 [Test worker] DEBUG c.g.d.z.s.o.a.h.client5.http.headers - http-outgoing-19 >> x-tc-sid: 280e6229-7396-4d60-b1e3-a5de48b5d49b
2024-07-24 14:30:44.226 [Test worker] DEBUG c.g.d.z.s.o.a.h.client5.http.headers - http-outgoing-19 >> User-Agent: tc-java/1.19.8
2024-07-24 14:30:44.226 [Test worker] DEBUG c.g.d.z.s.o.a.h.client5.http.headers - http-outgoing-19 >> Accept-Encoding: gzip, x-gzip, deflate
2024-07-24 14:30:44.226 [Test worker] DEBUG c.g.d.z.s.o.a.h.client5.http.headers - http-outgoing-19 >> Host: localhost:2375
2024-07-24 14:30:44.226 [Test worker] DEBUG c.g.d.z.s.o.a.h.client5.http.headers - http-outgoing-19 >> Connection: keep-alive
2024-07-24 14:30:44.226 [Test worker] DEBUG c.g.d.z.s.o.a.hc.client5.http.wire - http-outgoing-19 >> "GET /v1.32/images/sha256:8e4fc9e184899a58735e7ee333f5e272d7d2298cf59302006b71f33e217be130/json HTTP/1.1[\r][\n]"
2024-07-24 14:30:44.226 [Test worker] DEBUG c.g.d.z.s.o.a.hc.client5.http.wire - http-outgoing-19 >> "accept: application/json[\r][\n]"
2024-07-24 14:30:44.226 [Test worker] DEBUG c.g.d.z.s.o.a.hc.client5.http.wire - http-outgoing-19 >> "x-tc-sid: 280e6229-7396-4d60-b1e3-a5de48b5d49b[\r][\n]"
2024-07-24 14:30:44.226 [Test worker] DEBUG c.g.d.z.s.o.a.hc.client5.http.wire - http-outgoing-19 >> "User-Agent: tc-java/1.19.8[\r][\n]"
2024-07-24 14:30:44.226 [Test worker] DEBUG c.g.d.z.s.o.a.hc.client5.http.wire - http-outgoing-19 >> "Accept-Encoding: gzip, x-gzip, deflate[\r][\n]"
2024-07-24 14:30:44.226 [Test worker] DEBUG c.g.d.z.s.o.a.hc.client5.http.wire - http-outgoing-19 >> "Host: localhost:2375[\r][\n]"
2024-07-24 14:30:44.226 [Test worker] DEBUG c.g.d.z.s.o.a.hc.client5.http.wire - http-outgoing-19 >> "Connection: keep-alive[\r][\n]"
2024-07-24 14:30:44.226 [Test worker] DEBUG c.g.d.z.s.o.a.hc.client5.http.wire - http-outgoing-19 >> "[\r][\n]"
2024-07-24 14:30:44.229 [Test worker] DEBUG c.g.d.z.s.o.a.hc.client5.http.wire - http-outgoing-19 << "HTTP/1.1 200 OK[\r][\n]"
2024-07-24 14:30:44.229 [Test worker] DEBUG c.g.d.z.s.o.a.hc.client5.http.wire - http-outgoing-19 << "Api-Version: 1.45[\r][\n]"
2024-07-24 14:30:44.229 [Test worker] DEBUG c.g.d.z.s.o.a.hc.client5.http.wire - http-outgoing-19 << "Content-Type: application/json[\r][\n]"
2024-07-24 14:30:44.229 [Test worker] DEBUG c.g.d.z.s.o.a.hc.client5.http.wire - http-outgoing-19 << "Date: Wed, 24 Jul 2024 02:30:44 GMT[\r][\n]"
2024-07-24 14:30:44.229 [Test worker] DEBUG c.g.d.z.s.o.a.hc.client5.http.wire - http-outgoing-19 << "Docker-Experimental: false[\r][\n]"
2024-07-24 14:30:44.229 [Test worker] DEBUG c.g.d.z.s.o.a.hc.client5.http.wire - http-outgoing-19 << "Ostype: linux[\r][\n]"
2024-07-24 14:30:44.229 [Test worker] DEBUG c.g.d.z.s.o.a.hc.client5.http.wire - http-outgoing-19 << "Server: Docker/26.0.0 (linux)[\r][\n]"
2024-07-24 14:30:44.229 [Test worker] DEBUG c.g.d.z.s.o.a.hc.client5.http.wire - http-outgoing-19 << "Transfer-Encoding: chunked[\r][\n]"
2024-07-24 14:30:44.229 [Test worker] DEBUG c.g.d.z.s.o.a.hc.client5.http.wire - http-outgoing-19 << "[\r][\n]"
2024-07-24 14:30:44.229 [Test worker] DEBUG c.g.d.z.s.o.a.h.client5.http.headers - http-outgoing-19 << HTTP/1.1 200 OK
2024-07-24 14:30:44.229 [Test worker] DEBUG c.g.d.z.s.o.a.h.client5.http.headers - http-outgoing-19 << Api-Version: 1.45
2024-07-24 14:30:44.229 [Test worker] DEBUG c.g.d.z.s.o.a.h.client5.http.headers - http-outgoing-19 << Content-Type: application/json
2024-07-24 14:30:44.229 [Test worker] DEBUG c.g.d.z.s.o.a.h.client5.http.headers - http-outgoing-19 << Date: Wed, 24 Jul 2024 02:30:44 GMT
2024-07-24 14:30:44.229 [Test worker] DEBUG c.g.d.z.s.o.a.h.client5.http.headers - http-outgoing-19 << Docker-Experimental: false
2024-07-24 14:30:44.229 [Test worker] DEBUG c.g.d.z.s.o.a.h.client5.http.headers - http-outgoing-19 << Ostype: linux
2024-07-24 14:30:44.229 [Test worker] DEBUG c.g.d.z.s.o.a.h.client5.http.headers - http-outgoing-19 << Server: Docker/26.0.0 (linux)
2024-07-24 14:30:44.229 [Test worker] DEBUG c.g.d.z.s.o.a.h.client5.http.headers - http-outgoing-19 << Transfer-Encoding: chunked
2024-07-24 14:30:44.229 [Test worker] DEBUG c.g.d.z.s.o.a.h.c.h.i.c.MainClientExec - ex-000000D3: connection can be kept alive for 3 MINUTES
2024-07-24 14:30:44.229 [Test worker] DEBUG c.g.d.z.s.o.a.hc.client5.http.wire - http-outgoing-19 << "fcb[\r][\n]"
2024-07-24 14:30:44.229 [Test worker] DEBUG c.g.d.z.s.o.a.hc.client5.http.wire - http-outgoing-19 << "{"Id":"sha256:8e4fc9e184899a58735e7ee333f5e272d7d2298cf59302006b71f33e217be130","RepoTags":["postgres:latest"],"RepoDigests":["postgres@sha256:4aea012537edfad80f98d870a36e6b90b4c09b27be7f4b4759d72db863baeebb"],"Parent":"","Comment":"buildkit.dockerfile.v0","Created":"2024-02-21T00:46:13Z","ContainerConfig":{"Hostname":"","Domainname":"","User":"","AttachStdin":false,"AttachStdout":false,"AttachStderr":false,"Tty":false,"OpenStdin":false,"StdinOnce":false,"Env":null,"Cmd":null,"Image":"","Volumes":null,"WorkingDir":"","Entrypoint":null,"OnBuild":null,"Labels":null},"DockerVersion":"","Author":"","Config":{"Hostname":"","Domainname":"","User":"","AttachStdin":false,"AttachStdout":false,"AttachStderr":false,"ExposedPorts":{"5432/tcp":{}},"Tty":false,"OpenStdin":false,"StdinOnce":false,"Env":["PATH=/usr/local/sbin:/usr/local/bin:/usr/sbin:/usr/bin:/sbin:/bin:/usr/lib/postgresql/16/bin","GOSU_VERSION=1.17","LANG=en_US.utf8","PG_MAJOR=16","PG_VERSION=16.2-1.pgdg120+2","PGDATA=/var/lib/postgresql/data"],"Cmd":["postgres"],"ArgsEscaped":true,"Image":"","Volumes":{"/var/lib/postgresql/data":{}},"WorkingDir":"","Entrypoint":["docker-entrypoint.sh"],"OnBuild":null,"Labels":null,"StopSignal":"SIGINT"},"Architecture":"amd64","Os":"linux","Size":431496964,"VirtualSize":431496964,"GraphDriver":{"Data":{"LowerDir":"/var/lib/docker/overlay2/0eb0ca73e9b0be7c3d7fa8762ef4778a68f38391bc84c037c2e90b88e781b475/diff:/var/lib/docker/overlay2/74e634bddc785c5d436b10a5158cd82e21dc2065fd1cf8ff9c1c12e01575a2d8/diff:/var/lib/docker/overlay2/bb918b2851cd2f508f1e3fdbfff8b7f8b041d61e65fe8c368288bf399e80b818/diff:/var/lib/docker/overlay2/2abab2946cbdc2941ee8ec4024c51dac7313dee9de5fbedd1ca33388c59eb3c8/diff:/var/lib/docker/overlay2/e12f6083ee669bd92743ceb339a896bb25dbe461b718705bb39eb410b80c0ecd/diff:/var/lib/docker/overlay2/ced1e86d670d097da5ed4da7288c22507735918959161c2cd8bf083fb30d169a/diff:/var/lib/docker/overlay2/94e9ac7b74923285ae73af20aeccb964ca9079e2305db367cb85d1603560472d/diff:/var/lib/docker/overlay2/a396b6dfd63f0c228c519871183c614cccf4d366a43460f27ecf97113c3c4be8/diff:/var/lib/docker/overlay2/f58ada5d5080c2bac553c734f81127660a90581a35ed2a92cebe3c59e340875b/diff:/var/lib/docker/overlay2/84f85636f37bf55d945e217b4f87a856eba7932284beaf042561007b66f48977/diff:/var/lib/docker/overlay2/1e6e519613884e91a2b74a588ba35dc8a2f789371ab798ef6e7d9836d756042f/diff:/var/lib/docker/overlay2/14a3151cc8b4f9d27d2e64f1a8abc0c7809309580f2d7e8dc8545055c1d56194/diff:/var/lib/docker/overlay2/5b354b9e793401517fe2f1da697653fdaadffc54888eaf76d67e0600b8c68bdc/diff","MergedDir":"/var/lib/docker/overlay2/8f0ddbd386af0785c2e348570516955816ab350305d698d363962d488eeb15ec/merged","UpperDir":"/var/lib/docker/overlay2/8f0ddbd386af0785c2e348570516955816ab350305d698d363962d488eeb15ec/diff","WorkDir":"/var/lib/docker/overlay2/8f0ddbd386af0785c2e348570516955816ab350305d698d363962d488eeb15ec/work"},"Name":"overlay2"},"RootFS":{"Type":"layers","Layers":["sha256:52ec5a4316fadc09a4a51f82b8d7b66ead0d71bea4f75e81e25b4094c4219061","sha256:5a99d63e3aef066b4fa085cf24d0281681d5530c22f0c93391b854ba5741b62e","sha256:12694c6edf8321950446751b5acc175137946701b72febd6a32ab6e6cb89403b","sha256:beceb355ef35df0b8123db4eddd8f734e7414a3828e463354a913dda6738571d","sha256:0f86e6985ca32f3adeb9f65e3f80b3f2aa37a697d345c84011b2421e5608bc06","sha256:22c31f24613cd6a7b43f3074166d79619574e76f430035be15d909ae45fb97da","sha256:7c32a1ce1cc084a148145553666d5b64e3b6551491d1c3c6cc545b5b69daf5da","sha256:192de40051e6f5b468a60be4e6d162a1bbf3dc4af2dfb0a7aa8db25f86b6e68e","sha256:257f3fc789f6526019470322285b4bfe55e3e09f41150576c0997f370407af14","sha256:2993953b2c109056b0d580a549dae9f902a84a29f3907d96d7329746a8df7fc2","sha256:0bc02fbb093e939812a0ca64bd21a807d815b89c5e034e73026d14535053f4e2","sha256:3866ad927dc8101b32941f0fe6e36e656eba398b92164688ce1d1afdeca7eb09","sha256:2621fdc21b32f8210d30df7b9f44c068fa347ce07f7e1935a2383e5f7e7ddecb","sha256:c116a9ba3dbfe8c6135659ba009883a03bdc660abfedc64e2528baa6d736dbc9"]},"Metadata":{"LastTagTime":"0001-01-01T00:00:00Z"},"Container":""}[\n]"
2024-07-24 14:30:44.229 [Test worker] DEBUG c.g.d.z.s.o.a.hc.client5.http.wire - http-outgoing-19 << "[\r][\n]"
2024-07-24 14:30:44.229 [Test worker] DEBUG c.g.d.z.s.o.a.hc.client5.http.wire - http-outgoing-19 << "0[\r][\n]"
2024-07-24 14:30:44.229 [Test worker] DEBUG c.g.d.z.s.o.a.hc.client5.http.wire - http-outgoing-19 << "[\r][\n]"
2024-07-24 14:30:44.230 [Test worker] DEBUG c.g.d.z.s.o.a.h.c.h.i.c.InternalHttpClient - ep-000000D2: releasing valid endpoint
2024-07-24 14:30:44.230 [Test worker] DEBUG c.g.d.z.s.o.a.h.c.h.i.i.PoolingHttpClientConnectionManager - ep-000000D2: releasing endpoint
2024-07-24 14:30:44.230 [Test worker] DEBUG c.g.d.z.s.o.a.h.c.h.i.i.PoolingHttpClientConnectionManager - ep-000000D2: connection http-outgoing-19 can be kept alive for 3 MINUTES
2024-07-24 14:30:44.230 [Test worker] DEBUG c.g.d.z.s.o.a.h.c.h.i.i.PoolingHttpClientConnectionManager - ep-000000D2: connection released [route: {}->npipe://localhost:2375][total available: 1; route allocated: 1 of 2147483647; total allocated: 1 of 2147483647]
2024-07-24 14:30:44.230 [Test worker] DEBUG o.t.s.c.g.d.c.command.AbstrDockerCmd - Cmd: 
2024-07-24 14:30:44.230 [Test worker] TRACE o.t.s.c.g.d.core.exec.VersionCmdExec - GET: DefaultWebTarget{path=[/version], queryParams={}}
2024-07-24 14:30:44.231 [Test worker] DEBUG c.g.d.z.s.o.a.h.c.h.i.c.InternalHttpClient - ex-000000D4: preparing request execution
2024-07-24 14:30:44.231 [Test worker] DEBUG c.g.d.z.s.o.a.h.c.h.p.RequestAddCookies - Cookie spec selected: strict
2024-07-24 14:30:44.231 [Test worker] DEBUG c.g.d.z.s.o.a.h.c.h.p.RequestAuthCache - Auth cache not set in the context
2024-07-24 14:30:44.231 [Test worker] DEBUG c.g.d.z.s.o.a.h.c.h.i.c.ProtocolExec - ex-000000D4: target auth state: UNCHALLENGED
2024-07-24 14:30:44.231 [Test worker] DEBUG c.g.d.z.s.o.a.h.c.h.i.c.ProtocolExec - ex-000000D4: proxy auth state: UNCHALLENGED
2024-07-24 14:30:44.231 [Test worker] DEBUG c.g.d.z.s.o.a.h.c.h.i.c.ConnectExec - ex-000000D4: acquiring connection with route {}->npipe://localhost:2375
2024-07-24 14:30:44.231 [Test worker] DEBUG c.g.d.z.s.o.a.h.c.h.i.c.InternalHttpClient - ex-000000D4: acquiring endpoint (3 MINUTES)
2024-07-24 14:30:44.231 [Test worker] DEBUG c.g.d.z.s.o.a.h.c.h.i.i.PoolingHttpClientConnectionManager - ex-000000D4: endpoint lease request (3 MINUTES) [route: {}->npipe://localhost:2375][total available: 1; route allocated: 1 of 2147483647; total allocated: 1 of 2147483647]
2024-07-24 14:30:44.231 [Test worker] DEBUG c.g.d.z.s.o.a.h.c.h.i.i.PoolingHttpClientConnectionManager - ex-000000D4: endpoint leased [route: {}->npipe://localhost:2375][total available: 0; route allocated: 1 of 2147483647; total allocated: 1 of 2147483647]
2024-07-24 14:30:44.231 [Test worker] DEBUG c.g.d.z.s.o.a.h.c.h.i.i.PoolingHttpClientConnectionManager - ex-000000D4: acquired ep-000000D3
2024-07-24 14:30:44.231 [Test worker] DEBUG c.g.d.z.s.o.a.h.c.h.i.c.InternalHttpClient - ex-000000D4: acquired endpoint ep-000000D3
2024-07-24 14:30:44.231 [Test worker] DEBUG c.g.d.z.s.o.a.h.c.h.i.c.MainClientExec - ex-000000D4: executing GET /v1.32/version HTTP/1.1
2024-07-24 14:30:44.231 [Test worker] DEBUG c.g.d.z.s.o.a.h.c.h.i.c.InternalHttpClient - ep-000000D3: start execution ex-000000D4
2024-07-24 14:30:44.231 [Test worker] DEBUG c.g.d.z.s.o.a.h.c.h.i.i.PoolingHttpClientConnectionManager - ep-000000D3: executing exchange ex-000000D4 over http-outgoing-19
2024-07-24 14:30:44.231 [Test worker] DEBUG c.g.d.z.s.o.a.h.client5.http.headers - http-outgoing-19 >> GET /v1.32/version HTTP/1.1
2024-07-24 14:30:44.231 [Test worker] DEBUG c.g.d.z.s.o.a.h.client5.http.headers - http-outgoing-19 >> accept: application/json
2024-07-24 14:30:44.231 [Test worker] DEBUG c.g.d.z.s.o.a.h.client5.http.headers - http-outgoing-19 >> x-tc-sid: 280e6229-7396-4d60-b1e3-a5de48b5d49b
2024-07-24 14:30:44.231 [Test worker] DEBUG c.g.d.z.s.o.a.h.client5.http.headers - http-outgoing-19 >> User-Agent: tc-java/1.19.8
2024-07-24 14:30:44.231 [Test worker] DEBUG c.g.d.z.s.o.a.h.client5.http.headers - http-outgoing-19 >> Accept-Encoding: gzip, x-gzip, deflate
2024-07-24 14:30:44.231 [Test worker] DEBUG c.g.d.z.s.o.a.h.client5.http.headers - http-outgoing-19 >> Host: localhost:2375
2024-07-24 14:30:44.231 [Test worker] DEBUG c.g.d.z.s.o.a.h.client5.http.headers - http-outgoing-19 >> Connection: keep-alive
2024-07-24 14:30:44.231 [Test worker] DEBUG c.g.d.z.s.o.a.hc.client5.http.wire - http-outgoing-19 >> "GET /v1.32/version HTTP/1.1[\r][\n]"
2024-07-24 14:30:44.231 [Test worker] DEBUG c.g.d.z.s.o.a.hc.client5.http.wire - http-outgoing-19 >> "accept: application/json[\r][\n]"
2024-07-24 14:30:44.231 [Test worker] DEBUG c.g.d.z.s.o.a.hc.client5.http.wire - http-outgoing-19 >> "x-tc-sid: 280e6229-7396-4d60-b1e3-a5de48b5d49b[\r][\n]"
2024-07-24 14:30:44.231 [Test worker] DEBUG c.g.d.z.s.o.a.hc.client5.http.wire - http-outgoing-19 >> "User-Agent: tc-java/1.19.8[\r][\n]"
2024-07-24 14:30:44.231 [Test worker] DEBUG c.g.d.z.s.o.a.hc.client5.http.wire - http-outgoing-19 >> "Accept-Encoding: gzip, x-gzip, deflate[\r][\n]"
2024-07-24 14:30:44.231 [Test worker] DEBUG c.g.d.z.s.o.a.hc.client5.http.wire - http-outgoing-19 >> "Host: localhost:2375[\r][\n]"
2024-07-24 14:30:44.231 [Test worker] DEBUG c.g.d.z.s.o.a.hc.client5.http.wire - http-outgoing-19 >> "Connection: keep-alive[\r][\n]"
2024-07-24 14:30:44.231 [Test worker] DEBUG c.g.d.z.s.o.a.hc.client5.http.wire - http-outgoing-19 >> "[\r][\n]"
2024-07-24 14:30:44.240 [Test worker] DEBUG c.g.d.z.s.o.a.hc.client5.http.wire - http-outgoing-19 << "HTTP/1.1 200 OK[\r][\n]"
2024-07-24 14:30:44.240 [Test worker] DEBUG c.g.d.z.s.o.a.hc.client5.http.wire - http-outgoing-19 << "Api-Version: 1.45[\r][\n]"
2024-07-24 14:30:44.240 [Test worker] DEBUG c.g.d.z.s.o.a.hc.client5.http.wire - http-outgoing-19 << "Content-Type: application/json[\r][\n]"
2024-07-24 14:30:44.240 [Test worker] DEBUG c.g.d.z.s.o.a.hc.client5.http.wire - http-outgoing-19 << "Date: Wed, 24 Jul 2024 02:30:44 GMT[\r][\n]"
2024-07-24 14:30:44.240 [Test worker] DEBUG c.g.d.z.s.o.a.hc.client5.http.wire - http-outgoing-19 << "Docker-Experimental: false[\r][\n]"
2024-07-24 14:30:44.240 [Test worker] DEBUG c.g.d.z.s.o.a.hc.client5.http.wire - http-outgoing-19 << "Ostype: linux[\r][\n]"
2024-07-24 14:30:44.240 [Test worker] DEBUG c.g.d.z.s.o.a.hc.client5.http.wire - http-outgoing-19 << "Server: Docker/26.0.0 (linux)[\r][\n]"
2024-07-24 14:30:44.240 [Test worker] DEBUG c.g.d.z.s.o.a.hc.client5.http.wire - http-outgoing-19 << "Transfer-Encoding: chunked[\r][\n]"
2024-07-24 14:30:44.240 [Test worker] DEBUG c.g.d.z.s.o.a.hc.client5.http.wire - http-outgoing-19 << "[\r][\n]"
2024-07-24 14:30:44.240 [Test worker] DEBUG c.g.d.z.s.o.a.h.client5.http.headers - http-outgoing-19 << HTTP/1.1 200 OK
2024-07-24 14:30:44.240 [Test worker] DEBUG c.g.d.z.s.o.a.h.client5.http.headers - http-outgoing-19 << Api-Version: 1.45
2024-07-24 14:30:44.240 [Test worker] DEBUG c.g.d.z.s.o.a.h.client5.http.headers - http-outgoing-19 << Content-Type: application/json
2024-07-24 14:30:44.240 [Test worker] DEBUG c.g.d.z.s.o.a.h.client5.http.headers - http-outgoing-19 << Date: Wed, 24 Jul 2024 02:30:44 GMT
2024-07-24 14:30:44.240 [Test worker] DEBUG c.g.d.z.s.o.a.h.client5.http.headers - http-outgoing-19 << Docker-Experimental: false
2024-07-24 14:30:44.240 [Test worker] DEBUG c.g.d.z.s.o.a.h.client5.http.headers - http-outgoing-19 << Ostype: linux
2024-07-24 14:30:44.240 [Test worker] DEBUG c.g.d.z.s.o.a.h.client5.http.headers - http-outgoing-19 << Server: Docker/26.0.0 (linux)
2024-07-24 14:30:44.240 [Test worker] DEBUG c.g.d.z.s.o.a.h.client5.http.headers - http-outgoing-19 << Transfer-Encoding: chunked
2024-07-24 14:30:44.240 [Test worker] DEBUG c.g.d.z.s.o.a.h.c.h.i.c.MainClientExec - ex-000000D4: connection can be kept alive for 3 MINUTES
2024-07-24 14:30:44.241 [Test worker] DEBUG c.g.d.z.s.o.a.hc.client5.http.wire - http-outgoing-19 << "35f[\r][\n]"
2024-07-24 14:30:44.241 [Test worker] DEBUG c.g.d.z.s.o.a.hc.client5.http.wire - http-outgoing-19 << "{"Platform":{"Name":"Docker Desktop 4.29.0 (145265)"},"Components":[{"Name":"Engine","Version":"26.0.0","Details":{"ApiVersion":"1.45","Arch":"amd64","BuildTime":"2024-03-20T15:18:01.000000000+00:00","Experimental":"false","GitCommit":"8b79278","GoVersion":"go1.21.8","KernelVersion":"5.15.153.1-microsoft-standard-WSL2","MinAPIVersion":"1.24","Os":"linux"}},{"Name":"containerd","Version":"1.6.28","Details":{"GitCommit":"ae07eda36dd25f8a1b98dfbf587313b99c0190bb"}},{"Name":"runc","Version":"1.1.12","Details":{"GitCommit":"v1.1.12-0-g51d5e94"}},{"Name":"docker-init","Version":"0.19.0","Details":{"GitCommit":"de40ad0"}}],"Version":"26.0.0","ApiVersion":"1.45","MinAPIVersion":"1.24","GitCommit":"8b79278","GoVersion":"go1.21.8","Os":"linux","Arch":"amd64","KernelVersion":"5.15.153.1-microsoft-standard-WSL2","BuildTime":"2024-03-20T15:18:01.000000000+00:00"}[\n]"
2024-07-24 14:30:44.241 [Test worker] DEBUG c.g.d.z.s.o.a.hc.client5.http.wire - http-outgoing-19 << "[\r][\n]"
2024-07-24 14:30:44.241 [Test worker] DEBUG c.g.d.z.s.o.a.hc.client5.http.wire - http-outgoing-19 << "0[\r][\n]"
2024-07-24 14:30:44.241 [Test worker] DEBUG c.g.d.z.s.o.a.hc.client5.http.wire - http-outgoing-19 << "[\r][\n]"
2024-07-24 14:30:44.241 [Test worker] DEBUG c.g.d.z.s.o.a.h.c.h.i.c.InternalHttpClient - ep-000000D3: releasing valid endpoint
2024-07-24 14:30:44.241 [Test worker] DEBUG c.g.d.z.s.o.a.h.c.h.i.i.PoolingHttpClientConnectionManager - ep-000000D3: releasing endpoint
2024-07-24 14:30:44.241 [Test worker] DEBUG c.g.d.z.s.o.a.h.c.h.i.i.PoolingHttpClientConnectionManager - ep-000000D3: connection http-outgoing-19 can be kept alive for 3 MINUTES
2024-07-24 14:30:44.241 [Test worker] DEBUG c.g.d.z.s.o.a.h.c.h.i.i.PoolingHttpClientConnectionManager - ep-000000D3: connection released [route: {}->npipe://localhost:2375][total available: 1; route allocated: 1 of 2147483647; total allocated: 1 of 2147483647]
2024-07-24 14:30:44.241 [Test worker] TRACE o.t.s.c.g.d.c.e.LogContainerCmdExec - GET: DefaultWebTarget{path=[/containers/affb0fac313f8848d9a6ec6d76d2914f065d660553159cd89d9a7dea13e19931/logs], queryParams={stdout=[true], stderr=[true], follow=[true], since=[0]}}
2024-07-24 14:30:44.242 [docker-java-stream-1800880746] DEBUG c.g.d.z.s.o.a.h.c.h.i.c.InternalHttpClient - ex-000000D5: preparing request execution
2024-07-24 14:30:44.242 [docker-java-stream-1800880746] DEBUG c.g.d.z.s.o.a.h.c.h.p.RequestAddCookies - Cookie spec selected: strict
2024-07-24 14:30:44.243 [docker-java-stream-1800880746] DEBUG c.g.d.z.s.o.a.h.c.h.p.RequestAuthCache - Auth cache not set in the context
2024-07-24 14:30:44.243 [docker-java-stream-1800880746] DEBUG c.g.d.z.s.o.a.h.c.h.i.c.ProtocolExec - ex-000000D5: target auth state: UNCHALLENGED
2024-07-24 14:30:44.243 [docker-java-stream-1800880746] DEBUG c.g.d.z.s.o.a.h.c.h.i.c.ProtocolExec - ex-000000D5: proxy auth state: UNCHALLENGED
2024-07-24 14:30:44.243 [docker-java-stream-1800880746] DEBUG c.g.d.z.s.o.a.h.c.h.i.c.ConnectExec - ex-000000D5: acquiring connection with route {}->npipe://localhost:2375
2024-07-24 14:30:44.243 [docker-java-stream-1800880746] DEBUG c.g.d.z.s.o.a.h.c.h.i.c.InternalHttpClient - ex-000000D5: acquiring endpoint (3 MINUTES)
2024-07-24 14:30:44.243 [docker-java-stream-1800880746] DEBUG c.g.d.z.s.o.a.h.c.h.i.i.PoolingHttpClientConnectionManager - ex-000000D5: endpoint lease request (3 MINUTES) [route: {}->npipe://localhost:2375][total available: 1; route allocated: 1 of 2147483647; total allocated: 1 of 2147483647]
2024-07-24 14:30:44.243 [docker-java-stream-1800880746] DEBUG c.g.d.z.s.o.a.h.c.h.i.i.PoolingHttpClientConnectionManager - ex-000000D5: endpoint leased [route: {}->npipe://localhost:2375][total available: 0; route allocated: 1 of 2147483647; total allocated: 1 of 2147483647]
2024-07-24 14:30:44.243 [docker-java-stream-1800880746] DEBUG c.g.d.z.s.o.a.h.c.h.i.i.PoolingHttpClientConnectionManager - ex-000000D5: acquired ep-000000D4
2024-07-24 14:30:44.243 [docker-java-stream-1800880746] DEBUG c.g.d.z.s.o.a.h.c.h.i.c.InternalHttpClient - ex-000000D5: acquired endpoint ep-000000D4
2024-07-24 14:30:44.243 [docker-java-stream-1800880746] DEBUG c.g.d.z.s.o.a.h.c.h.i.c.MainClientExec - ex-000000D5: executing GET /v1.32/containers/affb0fac313f8848d9a6ec6d76d2914f065d660553159cd89d9a7dea13e19931/logs?stdout=true&stderr=true&follow=true&since=0 HTTP/1.1
2024-07-24 14:30:44.243 [docker-java-stream-1800880746] DEBUG c.g.d.z.s.o.a.h.c.h.i.c.InternalHttpClient - ep-000000D4: start execution ex-000000D5
2024-07-24 14:30:44.243 [docker-java-stream-1800880746] DEBUG c.g.d.z.s.o.a.h.c.h.i.i.PoolingHttpClientConnectionManager - ep-000000D4: executing exchange ex-000000D5 over http-outgoing-19
2024-07-24 14:30:44.243 [docker-java-stream-1800880746] DEBUG c.g.d.z.s.o.a.h.client5.http.headers - http-outgoing-19 >> GET /v1.32/containers/affb0fac313f8848d9a6ec6d76d2914f065d660553159cd89d9a7dea13e19931/logs?stdout=true&stderr=true&follow=true&since=0 HTTP/1.1
2024-07-24 14:30:44.243 [docker-java-stream-1800880746] DEBUG c.g.d.z.s.o.a.h.client5.http.headers - http-outgoing-19 >> x-tc-sid: 280e6229-7396-4d60-b1e3-a5de48b5d49b
2024-07-24 14:30:44.243 [docker-java-stream-1800880746] DEBUG c.g.d.z.s.o.a.h.client5.http.headers - http-outgoing-19 >> User-Agent: tc-java/1.19.8
2024-07-24 14:30:44.243 [docker-java-stream-1800880746] DEBUG c.g.d.z.s.o.a.h.client5.http.headers - http-outgoing-19 >> Accept-Encoding: gzip, x-gzip, deflate
2024-07-24 14:30:44.243 [docker-java-stream-1800880746] DEBUG c.g.d.z.s.o.a.h.client5.http.headers - http-outgoing-19 >> Host: localhost:2375
2024-07-24 14:30:44.243 [docker-java-stream-1800880746] DEBUG c.g.d.z.s.o.a.h.client5.http.headers - http-outgoing-19 >> Connection: keep-alive
2024-07-24 14:30:44.243 [docker-java-stream-1800880746] DEBUG c.g.d.z.s.o.a.hc.client5.http.wire - http-outgoing-19 >> "GET /v1.32/containers/affb0fac313f8848d9a6ec6d76d2914f065d660553159cd89d9a7dea13e19931/logs?stdout=true&stderr=true&follow=true&since=0 HTTP/1.1[\r][\n]"
2024-07-24 14:30:44.243 [docker-java-stream-1800880746] DEBUG c.g.d.z.s.o.a.hc.client5.http.wire - http-outgoing-19 >> "x-tc-sid: 280e6229-7396-4d60-b1e3-a5de48b5d49b[\r][\n]"
2024-07-24 14:30:44.243 [docker-java-stream-1800880746] DEBUG c.g.d.z.s.o.a.hc.client5.http.wire - http-outgoing-19 >> "User-Agent: tc-java/1.19.8[\r][\n]"
2024-07-24 14:30:44.243 [docker-java-stream-1800880746] DEBUG c.g.d.z.s.o.a.hc.client5.http.wire - http-outgoing-19 >> "Accept-Encoding: gzip, x-gzip, deflate[\r][\n]"
2024-07-24 14:30:44.243 [docker-java-stream-1800880746] DEBUG c.g.d.z.s.o.a.hc.client5.http.wire - http-outgoing-19 >> "Host: localhost:2375[\r][\n]"
2024-07-24 14:30:44.243 [docker-java-stream-1800880746] DEBUG c.g.d.z.s.o.a.hc.client5.http.wire - http-outgoing-19 >> "Connection: keep-alive[\r][\n]"
2024-07-24 14:30:44.243 [docker-java-stream-1800880746] DEBUG c.g.d.z.s.o.a.hc.client5.http.wire - http-outgoing-19 >> "[\r][\n]"
2024-07-24 14:30:44.246 [docker-java-stream-1800880746] DEBUG c.g.d.z.s.o.a.hc.client5.http.wire - http-outgoing-19 << "HTTP/1.1 200 OK[\r][\n]"
2024-07-24 14:30:44.246 [docker-java-stream-1800880746] DEBUG c.g.d.z.s.o.a.hc.client5.http.wire - http-outgoing-19 << "Api-Version: 1.45[\r][\n]"
2024-07-24 14:30:44.246 [docker-java-stream-1800880746] DEBUG c.g.d.z.s.o.a.hc.client5.http.wire - http-outgoing-19 << "Content-Type: application/vnd.docker.raw-stream[\r][\n]"
2024-07-24 14:30:44.246 [docker-java-stream-1800880746] DEBUG c.g.d.z.s.o.a.hc.client5.http.wire - http-outgoing-19 << "Date: Wed, 24 Jul 2024 02:30:44 GMT[\r][\n]"
2024-07-24 14:30:44.246 [docker-java-stream-1800880746] DEBUG c.g.d.z.s.o.a.hc.client5.http.wire - http-outgoing-19 << "Docker-Experimental: false[\r][\n]"
2024-07-24 14:30:44.246 [docker-java-stream-1800880746] DEBUG c.g.d.z.s.o.a.hc.client5.http.wire - http-outgoing-19 << "Ostype: linux[\r][\n]"
2024-07-24 14:30:44.246 [docker-java-stream-1800880746] DEBUG c.g.d.z.s.o.a.hc.client5.http.wire - http-outgoing-19 << "Server: Docker/26.0.0 (linux)[\r][\n]"
2024-07-24 14:30:44.246 [docker-java-stream-1800880746] DEBUG c.g.d.z.s.o.a.hc.client5.http.wire - http-outgoing-19 << "Transfer-Encoding: chunked[\r][\n]"
2024-07-24 14:30:44.246 [docker-java-stream-1800880746] DEBUG c.g.d.z.s.o.a.hc.client5.http.wire - http-outgoing-19 << "[\r][\n]"
2024-07-24 14:30:44.246 [docker-java-stream-1800880746] DEBUG c.g.d.z.s.o.a.h.client5.http.headers - http-outgoing-19 << HTTP/1.1 200 OK
2024-07-24 14:30:44.246 [docker-java-stream-1800880746] DEBUG c.g.d.z.s.o.a.h.client5.http.headers - http-outgoing-19 << Api-Version: 1.45
2024-07-24 14:30:44.246 [docker-java-stream-1800880746] DEBUG c.g.d.z.s.o.a.h.client5.http.headers - http-outgoing-19 << Content-Type: application/vnd.docker.raw-stream
2024-07-24 14:30:44.246 [docker-java-stream-1800880746] DEBUG c.g.d.z.s.o.a.h.client5.http.headers - http-outgoing-19 << Date: Wed, 24 Jul 2024 02:30:44 GMT
2024-07-24 14:30:44.246 [docker-java-stream-1800880746] DEBUG c.g.d.z.s.o.a.h.client5.http.headers - http-outgoing-19 << Docker-Experimental: false
2024-07-24 14:30:44.246 [docker-java-stream-1800880746] DEBUG c.g.d.z.s.o.a.h.client5.http.headers - http-outgoing-19 << Ostype: linux
2024-07-24 14:30:44.246 [docker-java-stream-1800880746] DEBUG c.g.d.z.s.o.a.h.client5.http.headers - http-outgoing-19 << Server: Docker/26.0.0 (linux)
2024-07-24 14:30:44.246 [docker-java-stream-1800880746] DEBUG c.g.d.z.s.o.a.h.client5.http.headers - http-outgoing-19 << Transfer-Encoding: chunked
2024-07-24 14:30:44.246 [docker-java-stream-1800880746] DEBUG c.g.d.z.s.o.a.h.c.h.i.c.MainClientExec - ex-000000D5: connection can be kept alive for 3 MINUTES
2024-07-24 14:30:44.249 [docker-java-stream-1800880746] DEBUG c.g.d.z.s.o.a.hc.client5.http.wire - http-outgoing-19 << "1a3[\r][\n]"
2024-07-24 14:30:44.249 [docker-java-stream-1800880746] DEBUG c.g.d.z.s.o.a.hc.client5.http.wire - http-outgoing-19 << "[0x1][0x0][0x0][0x0][0x0][0x0][0x0]NThe files belonging to this database system will be owned by user "postgres".[\n]"
2024-07-24 14:30:44.249 [docker-java-stream-1800880746] DEBUG c.g.d.z.s.o.a.hc.client5.http.wire - http-outgoing-19 << "[0x1][0x0][0x0][0x0][0x0][0x0][0x0],This user must also own the server process.[\n]"
2024-07-24 14:30:44.249 [docker-java-stream-1800880746] DEBUG c.g.d.z.s.o.a.hc.client5.http.wire - http-outgoing-19 << "[0x1][0x0][0x0][0x0][0x0][0x0][0x0][0x1][\n]"
2024-07-24 14:30:44.249 [docker-java-stream-1800880746] DEBUG c.g.d.z.s.o.a.hc.client5.http.wire - http-outgoing-19 << "[0x1][0x0][0x0][0x0][0x0][0x0][0x0]CThe database cluster will be initialized with locale "en_US.utf8".[\n]"
2024-07-24 14:30:44.249 [docker-java-stream-1800880746] DEBUG c.g.d.z.s.o.a.hc.client5.http.wire - http-outgoing-19 << "[0x1][0x0][0x0][0x0][0x0][0x0][0x0]BThe default database encoding has accordingly been set to "UTF8".[\n]"
2024-07-24 14:30:44.249 [docker-java-stream-1800880746] DEBUG c.g.d.z.s.o.a.hc.client5.http.wire - http-outgoing-19 << "[0x1][0x0][0x0][0x0][0x0][0x0][0x0]@The default text search configuration will be set to "english".[\n]"
2024-07-24 14:30:44.249 [docker-java-stream-1800880746] DEBUG c.g.d.z.s.o.a.hc.client5.http.wire - http-outgoing-19 << "[0x1][0x0][0x0][0x0][0x0][0x0][0x0][0x1][\n]"
2024-07-24 14:30:44.249 [docker-java-stream-1800880746] DEBUG c.g.d.z.s.o.a.hc.client5.http.wire - http-outgoing-19 << "[0x1][0x0][0x0][0x0][0x0][0x0][0x0]"Data page checksums are disabled.[\n]"
2024-07-24 14:30:44.249 [docker-java-stream-1800880746] DEBUG c.g.d.z.s.o.a.hc.client5.http.wire - http-outgoing-19 << "[\r][\n]"
2024-07-24 14:30:44.249 [Test worker] DEBUG o.t.c.output.WaitingConsumer - STDOUT: The default text search configuration will be set to "english".
2024-07-24 14:30:44.249 [Test worker] DEBUG o.t.c.output.WaitingConsumer - STDOUT: Data page checksums are disabled.
2024-07-24 14:30:44.249 [docker-java-stream-1800880746] DEBUG c.g.d.z.s.o.a.hc.client5.http.wire - http-outgoing-19 << "5a[\r][\n]"
2024-07-24 14:30:44.249 [docker-java-stream-1800880746] DEBUG c.g.d.z.s.o.a.hc.client5.http.wire - http-outgoing-19 << "[0x1][0x0][0x0][0x0][0x0][0x0][0x0][0x1][\n]"
2024-07-24 14:30:44.249 [docker-java-stream-1800880746] DEBUG c.g.d.z.s.o.a.hc.client5.http.wire - http-outgoing-19 << "[0x1][0x0][0x0][0x0][0x0][0x0][0x0]Ifixing permissions on existing directory /var/lib/postgresql/data ... ok[\n]"
2024-07-24 14:30:44.250 [docker-java-stream-1800880746] DEBUG c.g.d.z.s.o.a.hc.client5.http.wire - http-outgoing-19 << "[\r][\n]"
2024-07-24 14:30:44.250 [Test worker] DEBUG o.t.c.output.WaitingConsumer - STDOUT: 
2024-07-24 14:30:44.250 [Test worker] DEBUG o.t.c.output.WaitingConsumer - STDOUT: fixing permissions on existing directory /var/lib/postgresql/data ... ok
2024-07-24 14:30:44.250 [Test worker] DEBUG o.t.c.output.WaitingConsumer - STDOUT: 
2024-07-24 14:30:44.250 [Test worker] DEBUG o.t.c.output.WaitingConsumer - STDOUT: The default database encoding has accordingly been set to "UTF8".
2024-07-24 14:30:44.250 [Test worker] DEBUG o.t.c.output.WaitingConsumer - STDOUT: The database cluster will be initialized with locale "en_US.utf8".
2024-07-24 14:30:44.250 [Test worker] DEBUG o.t.c.output.WaitingConsumer - STDOUT: 
2024-07-24 14:30:44.250 [Test worker] DEBUG o.t.c.output.WaitingConsumer - STDOUT: This user must also own the server process.
2024-07-24 14:30:44.250 [Test worker] DEBUG o.t.c.output.WaitingConsumer - STDOUT: The files belonging to this database system will be owned by user "postgres".
2024-07-24 14:30:44.254 [docker-java-stream-1800880746] DEBUG c.g.d.z.s.o.a.hc.client5.http.wire - http-outgoing-19 << "27[\r][\n]"
2024-07-24 14:30:44.254 [docker-java-stream-1800880746] DEBUG c.g.d.z.s.o.a.hc.client5.http.wire - http-outgoing-19 << "[0x1][0x0][0x0][0x0][0x0][0x0][0x0][0x1f]creating subdirectories ... ok[\n]"
2024-07-24 14:30:44.254 [docker-java-stream-1800880746] DEBUG c.g.d.z.s.o.a.hc.client5.http.wire - http-outgoing-19 << "[\r][\n]"
2024-07-24 14:30:44.254 [docker-java-stream-1800880746] DEBUG c.g.d.z.s.o.a.hc.client5.http.wire - http-outgoing-19 << "41[\r][\n]"
2024-07-24 14:30:44.254 [docker-java-stream-1800880746] DEBUG c.g.d.z.s.o.a.hc.client5.http.wire - http-outgoing-19 << "[0x1][0x0][0x0][0x0][0x0][0x0][0x0]9selecting dynamic shared memory implementation ... posix[\n]"
2024-07-24 14:30:44.254 [docker-java-stream-1800880746] DEBUG c.g.d.z.s.o.a.hc.client5.http.wire - http-outgoing-19 << "[\r][\n]"
2024-07-24 14:30:44.265 [Test worker] DEBUG o.t.c.output.WaitingConsumer - STDOUT: selecting dynamic shared memory implementation ... posix
2024-07-24 14:30:44.265 [Test worker] DEBUG o.t.c.output.WaitingConsumer - STDOUT: creating subdirectories ... ok
2024-07-24 14:30:44.275 [docker-java-stream-1800880746] DEBUG c.g.d.z.s.o.a.hc.client5.http.wire - http-outgoing-19 << "32[\r][\n]"
2024-07-24 14:30:44.275 [docker-java-stream-1800880746] DEBUG c.g.d.z.s.o.a.hc.client5.http.wire - http-outgoing-19 << "[0x1][0x0][0x0][0x0][0x0][0x0][0x0]*selecting default max_connections ... 100[\n]"
2024-07-24 14:30:44.275 [docker-java-stream-1800880746] DEBUG c.g.d.z.s.o.a.hc.client5.http.wire - http-outgoing-19 << "[\r][\n]"
2024-07-24 14:30:44.280 [Test worker] DEBUG o.t.c.output.WaitingConsumer - STDOUT: selecting default max_connections ... 100
2024-07-24 14:30:44.295 [docker-java-stream-1800880746] DEBUG c.g.d.z.s.o.a.hc.client5.http.wire - http-outgoing-19 << "33[\r][\n]"
2024-07-24 14:30:44.295 [docker-java-stream-1800880746] DEBUG c.g.d.z.s.o.a.hc.client5.http.wire - http-outgoing-19 << "[0x1][0x0][0x0][0x0][0x0][0x0][0x0]+selecting default shared_buffers ... 128MB[\n]"
2024-07-24 14:30:44.295 [docker-java-stream-1800880746] DEBUG c.g.d.z.s.o.a.hc.client5.http.wire - http-outgoing-19 << "[\r][\n]"
2024-07-24 14:30:44.296 [Test worker] DEBUG o.t.c.output.WaitingConsumer - STDOUT: selecting default shared_buffers ... 128MB
2024-07-24 14:30:44.317 [docker-java-stream-1800880746] DEBUG c.g.d.z.s.o.a.hc.client5.http.wire - http-outgoing-19 << "30[\r][\n]"
2024-07-24 14:30:44.317 [docker-java-stream-1800880746] DEBUG c.g.d.z.s.o.a.hc.client5.http.wire - http-outgoing-19 << "[0x1][0x0][0x0][0x0][0x0][0x0][0x0](selecting default time zone ... Etc/UTC[\n]"
2024-07-24 14:30:44.317 [docker-java-stream-1800880746] DEBUG c.g.d.z.s.o.a.hc.client5.http.wire - http-outgoing-19 << "[\r][\n]"
2024-07-24 14:30:44.317 [Test worker] DEBUG o.t.c.output.WaitingConsumer - STDOUT: selecting default time zone ... Etc/UTC
2024-07-24 14:30:44.317 [docker-java-stream-1800880746] DEBUG c.g.d.z.s.o.a.hc.client5.http.wire - http-outgoing-19 << "2c[\r][\n]"
2024-07-24 14:30:44.317 [docker-java-stream-1800880746] DEBUG c.g.d.z.s.o.a.hc.client5.http.wire - http-outgoing-19 << "[0x1][0x0][0x0][0x0][0x0][0x0][0x0]$creating configuration files ... ok[\n]"
2024-07-24 14:30:44.317 [docker-java-stream-1800880746] DEBUG c.g.d.z.s.o.a.hc.client5.http.wire - http-outgoing-19 << "[\r][\n]"
2024-07-24 14:30:44.342 [Test worker] DEBUG o.t.c.output.WaitingConsumer - STDOUT: creating configuration files ... ok
2024-07-24 14:30:44.460 [docker-java-stream-1800880746] DEBUG c.g.d.z.s.o.a.hc.client5.http.wire - http-outgoing-19 << "28[\r][\n]"
2024-07-24 14:30:44.461 [docker-java-stream-1800880746] DEBUG c.g.d.z.s.o.a.hc.client5.http.wire - http-outgoing-19 << "[0x1][0x0][0x0][0x0][0x0][0x0][0x0] running bootstrap script ... ok[\n]"
2024-07-24 14:30:44.461 [docker-java-stream-1800880746] DEBUG c.g.d.z.s.o.a.hc.client5.http.wire - http-outgoing-19 << "[\r][\n]"
2024-07-24 14:30:44.461 [Test worker] DEBUG o.t.c.output.WaitingConsumer - STDOUT: running bootstrap script ... ok
2024-07-24 14:30:44.785 [docker-java-stream-1800880746] DEBUG c.g.d.z.s.o.a.hc.client5.http.wire - http-outgoing-19 << "38[\r][\n]"
2024-07-24 14:30:44.785 [docker-java-stream-1800880746] DEBUG c.g.d.z.s.o.a.hc.client5.http.wire - http-outgoing-19 << "[0x1][0x0][0x0][0x0][0x0][0x0][0x0]0performing post-bootstrap initialization ... ok[\n]"
2024-07-24 14:30:44.785 [docker-java-stream-1800880746] DEBUG c.g.d.z.s.o.a.hc.client5.http.wire - http-outgoing-19 << "[\r][\n]"
2024-07-24 14:30:44.785 [Test worker] DEBUG o.t.c.output.WaitingConsumer - STDOUT: performing post-bootstrap initialization ... ok
2024-07-24 14:30:45.108 [docker-java-stream-1800880746] DEBUG c.g.d.z.s.o.a.hc.client5.http.wire - http-outgoing-19 << "1ad[\r][\n]"
2024-07-24 14:30:45.108 [docker-java-stream-1800880746] DEBUG c.g.d.z.s.o.a.hc.client5.http.wire - http-outgoing-19 << "[0x2][0x0][0x0][0x0][0x0][0x0][0x0]Ginitdb: warning: enabling "trust" authentication for local connections[\n]"
2024-07-24 14:30:45.108 [docker-java-stream-1800880746] DEBUG c.g.d.z.s.o.a.hc.client5.http.wire - http-outgoing-19 << "[0x2][0x0][0x0][0x0][0x0][0x0][0x0][0xffffff90]initdb: hint: You can change this by editing pg_hba.conf or using the option -A, or --auth-local and --auth-host, the next time you run initdb.[\n]"
2024-07-24 14:30:45.108 [docker-java-stream-1800880746] DEBUG c.g.d.z.s.o.a.hc.client5.http.wire - http-outgoing-19 << "[0x1][0x0][0x0][0x0][0x0][0x0][0x0][0x1c]syncing data to disk ... ok[\n]"
2024-07-24 14:30:45.108 [docker-java-stream-1800880746] DEBUG c.g.d.z.s.o.a.hc.client5.http.wire - http-outgoing-19 << "[0x1][0x0][0x0][0x0][0x0][0x0][0x0][0x1][\n]"
2024-07-24 14:30:45.108 [docker-java-stream-1800880746] DEBUG c.g.d.z.s.o.a.hc.client5.http.wire - http-outgoing-19 << "[0x1][0x0][0x0][0x0][0x0][0x0][0x0][0x1][\n]"
2024-07-24 14:30:45.108 [docker-java-stream-1800880746] DEBUG c.g.d.z.s.o.a.hc.client5.http.wire - http-outgoing-19 << "[0x1][0x0][0x0][0x0][0x0][0x0][0x0]6Success. You can now start the database server using:[\n]"
2024-07-24 14:30:45.108 [docker-java-stream-1800880746] DEBUG c.g.d.z.s.o.a.hc.client5.http.wire - http-outgoing-19 << "[0x1][0x0][0x0][0x0][0x0][0x0][0x0][0x1][\n]"
2024-07-24 14:30:45.108 [docker-java-stream-1800880746] DEBUG c.g.d.z.s.o.a.hc.client5.http.wire - http-outgoing-19 << "[0x1][0x0][0x0][0x0][0x0][0x0][0x0]8    pg_ctl -D /var/lib/postgresql/data -l logfile start[\n]"
2024-07-24 14:30:45.108 [docker-java-stream-1800880746] DEBUG c.g.d.z.s.o.a.hc.client5.http.wire - http-outgoing-19 << "[0x1][0x0][0x0][0x0][0x0][0x0][0x0][0x1][\n]"
2024-07-24 14:30:45.108 [docker-java-stream-1800880746] DEBUG c.g.d.z.s.o.a.hc.client5.http.wire - http-outgoing-19 << "[\r][\n]"
2024-07-24 14:30:45.108 [Test worker] DEBUG o.t.c.output.WaitingConsumer - STDOUT: 
2024-07-24 14:30:45.109 [Test worker] DEBUG o.t.c.output.WaitingConsumer - STDOUT: 
2024-07-24 14:30:45.109 [Test worker] DEBUG o.t.c.output.WaitingConsumer - STDOUT:     pg_ctl -D /var/lib/postgresql/data -l logfile start
2024-07-24 14:30:45.109 [Test worker] DEBUG o.t.c.output.WaitingConsumer - STDOUT: Success. You can now start the database server using:
2024-07-24 14:30:45.109 [Test worker] DEBUG o.t.c.output.WaitingConsumer - STDOUT: 
2024-07-24 14:30:45.109 [Test worker] DEBUG o.t.c.output.WaitingConsumer - STDOUT: 
2024-07-24 14:30:45.109 [Test worker] DEBUG o.t.c.output.WaitingConsumer - STDOUT: syncing data to disk ... ok
2024-07-24 14:30:45.109 [Test worker] DEBUG o.t.c.output.WaitingConsumer - STDERR: initdb: hint: You can change this by editing pg_hba.conf or using the option -A, or --auth-local and --auth-host, the next time you run initdb.
2024-07-24 14:30:45.109 [Test worker] DEBUG o.t.c.output.WaitingConsumer - STDERR: initdb: warning: enabling "trust" authentication for local connections
2024-07-24 14:30:45.146 [docker-java-stream-1800880746] DEBUG c.g.d.z.s.o.a.hc.client5.http.wire - http-outgoing-19 << "137[\r][\n]"
2024-07-24 14:30:45.146 [docker-java-stream-1800880746] DEBUG c.g.d.z.s.o.a.hc.client5.http.wire - http-outgoing-19 << "[0x1][0x0][0x0][0x0][0x0][0x0][0x0][0xffffffc3]waiting for server to start....2024-07-24 02:30:45.146 UTC [48] LOG:  starting PostgreSQL 16.2 (Debian 16.2-1.pgdg120+2) on x86_64-pc-linux-gnu, compiled by gcc (Debian 12.2.0-14) 12.2.0, 64-bit[\n]"
2024-07-24 14:30:45.146 [docker-java-stream-1800880746] DEBUG c.g.d.z.s.o.a.hc.client5.http.wire - http-outgoing-19 << "[0x1][0x0][0x0][0x0][0x0][0x0][0x0]d2024-07-24 02:30:45.146 UTC [48] LOG:  listening on Unix socket "/var/run/postgresql/.s.PGSQL.5432"[\n]"
2024-07-24 14:30:45.146 [docker-java-stream-1800880746] DEBUG c.g.d.z.s.o.a.hc.client5.http.wire - http-outgoing-19 << "[\r][\n]"
2024-07-24 14:30:45.147 [Test worker] DEBUG o.t.c.output.WaitingConsumer - STDOUT: 2024-07-24 02:30:45.146 UTC [48] LOG:  listening on Unix socket "/var/run/postgresql/.s.PGSQL.5432"
2024-07-24 14:30:45.147 [Test worker] DEBUG o.t.c.output.WaitingConsumer - STDOUT: waiting for server to start....2024-07-24 02:30:45.146 UTC [48] LOG:  starting PostgreSQL 16.2 (Debian 16.2-1.pgdg120+2) on x86_64-pc-linux-gnu, compiled by gcc (Debian 12.2.0-14) 12.2.0, 64-bit
2024-07-24 14:30:45.149 [docker-java-stream-1800880746] DEBUG c.g.d.z.s.o.a.hc.client5.http.wire - http-outgoing-19 << "68[\r][\n]"
2024-07-24 14:30:45.149 [docker-java-stream-1800880746] DEBUG c.g.d.z.s.o.a.hc.client5.http.wire - http-outgoing-19 << "[0x1][0x0][0x0][0x0][0x0][0x0][0x0]`2024-07-24 02:30:45.149 UTC [51] LOG:  database system was shut down at 2024-07-24 02:30:44 UTC[\n]"
2024-07-24 14:30:45.149 [docker-java-stream-1800880746] DEBUG c.g.d.z.s.o.a.hc.client5.http.wire - http-outgoing-19 << "[\r][\n]"
2024-07-24 14:30:45.152 [docker-java-stream-1800880746] DEBUG c.g.d.z.s.o.a.hc.client5.http.wire - http-outgoing-19 << "5e[\r][\n]"
2024-07-24 14:30:45.152 [docker-java-stream-1800880746] DEBUG c.g.d.z.s.o.a.hc.client5.http.wire - http-outgoing-19 << "[0x1][0x0][0x0][0x0][0x0][0x0][0x0]V2024-07-24 02:30:45.152 UTC [48] LOG:  database system is ready to accept connections[\n]"
2024-07-24 14:30:45.152 [docker-java-stream-1800880746] DEBUG c.g.d.z.s.o.a.hc.client5.http.wire - http-outgoing-19 << "[\r][\n]"
2024-07-24 14:30:45.168 [Test worker] DEBUG o.t.c.output.WaitingConsumer - STDOUT: 2024-07-24 02:30:45.152 UTC [48] LOG:  database system is ready to accept connections
2024-07-24 14:30:45.168 [Test worker] DEBUG o.t.c.output.WaitingConsumer - STDOUT: 2024-07-24 02:30:45.149 UTC [51] LOG:  database system was shut down at 2024-07-24 02:30:44 UTC
2024-07-24 14:30:45.231 [docker-java-stream-1800880746] DEBUG c.g.d.z.s.o.a.hc.client5.http.wire - http-outgoing-19 << "25[\r][\n]"
2024-07-24 14:30:45.231 [docker-java-stream-1800880746] DEBUG c.g.d.z.s.o.a.hc.client5.http.wire - http-outgoing-19 << "[0x1][0x0][0x0][0x0][0x0][0x0][0x0][0x6] done[\n]"
2024-07-24 14:30:45.231 [docker-java-stream-1800880746] DEBUG c.g.d.z.s.o.a.hc.client5.http.wire - http-outgoing-19 << "[0x1][0x0][0x0][0x0][0x0][0x0][0x0][0xf]server started[\n]"
2024-07-24 14:30:45.231 [docker-java-stream-1800880746] DEBUG c.g.d.z.s.o.a.hc.client5.http.wire - http-outgoing-19 << "[\r][\n]"
2024-07-24 14:30:45.231 [Test worker] DEBUG o.t.c.output.WaitingConsumer - STDOUT: server started
2024-07-24 14:30:45.231 [Test worker] DEBUG o.t.c.output.WaitingConsumer - STDOUT:  done
2024-07-24 14:30:45.322 [docker-java-stream-1800880746] DEBUG c.g.d.z.s.o.a.hc.client5.http.wire - http-outgoing-19 << "18[\r][\n]"
2024-07-24 14:30:45.322 [docker-java-stream-1800880746] DEBUG c.g.d.z.s.o.a.hc.client5.http.wire - http-outgoing-19 << "[0x1][0x0][0x0][0x0][0x0][0x0][0x0][0x10]CREATE DATABASE[\n]"
2024-07-24 14:30:45.322 [docker-java-stream-1800880746] DEBUG c.g.d.z.s.o.a.hc.client5.http.wire - http-outgoing-19 << "[\r][\n]"
2024-07-24 14:30:45.322 [Test worker] DEBUG o.t.c.output.WaitingConsumer - STDOUT: CREATE DATABASE
2024-07-24 14:30:45.323 [docker-java-stream-1800880746] DEBUG c.g.d.z.s.o.a.hc.client5.http.wire - http-outgoing-19 << "6f[\r][\n]"
2024-07-24 14:30:45.323 [docker-java-stream-1800880746] DEBUG c.g.d.z.s.o.a.hc.client5.http.wire - http-outgoing-19 << "[0x1][0x0][0x0][0x0][0x0][0x0][0x0][0x1][\n]"
2024-07-24 14:30:45.323 [docker-java-stream-1800880746] DEBUG c.g.d.z.s.o.a.hc.client5.http.wire - http-outgoing-19 << "[0x1][0x0][0x0][0x0][0x0][0x0][0x0][0x1][\n]"
2024-07-24 14:30:45.323 [docker-java-stream-1800880746] DEBUG c.g.d.z.s.o.a.hc.client5.http.wire - http-outgoing-19 << "[0x1][0x0][0x0][0x0][0x0][0x0][0x0]L/usr/local/bin/docker-entrypoint.sh: ignoring /docker-entrypoint-initdb.d/*[\n]"
2024-07-24 14:30:45.323 [docker-java-stream-1800880746] DEBUG c.g.d.z.s.o.a.hc.client5.http.wire - http-outgoing-19 << "[0x1][0x0][0x0][0x0][0x0][0x0][0x0][0x1][\n]"
2024-07-24 14:30:45.323 [docker-java-stream-1800880746] DEBUG c.g.d.z.s.o.a.hc.client5.http.wire - http-outgoing-19 << "[\r][\n]"
2024-07-24 14:30:45.324 [docker-java-stream-1800880746] DEBUG c.g.d.z.s.o.a.hc.client5.http.wire - http-outgoing-19 << "c1[\r][\n]"
2024-07-24 14:30:45.324 [docker-java-stream-1800880746] DEBUG c.g.d.z.s.o.a.hc.client5.http.wire - http-outgoing-19 << "[0x1][0x0][0x0][0x0][0x0][0x0][0x0]hwaiting for server to shut down...2024-07-24 02:30:45.323 UTC [48] LOG:  received fast shutdown request[\n]"
2024-07-24 14:30:45.324 [docker-java-stream-1800880746] DEBUG c.g.d.z.s.o.a.hc.client5.http.wire - http-outgoing-19 << "[0x1][0x0][0x0][0x0][0x0][0x0][0x0]I.2024-07-24 02:30:45.323 UTC [48] LOG:  aborting any active transactions[\n]"
2024-07-24 14:30:45.324 [docker-java-stream-1800880746] DEBUG c.g.d.z.s.o.a.hc.client5.http.wire - http-outgoing-19 << "[\r][\n]"
2024-07-24 14:30:45.327 [docker-java-stream-1800880746] DEBUG c.g.d.z.s.o.a.hc.client5.http.wire - http-outgoing-19 << "115[\r][\n]"
2024-07-24 14:30:45.327 [docker-java-stream-1800880746] DEBUG c.g.d.z.s.o.a.hc.client5.http.wire - http-outgoing-19 << "[0x1][0x0][0x0][0x0][0x0][0x0][0x0]y2024-07-24 02:30:45.326 UTC [48] LOG:  background worker "logical replication launcher" (PID 54) exited with exit code 1[\n]"
2024-07-24 14:30:45.327 [docker-java-stream-1800880746] DEBUG c.g.d.z.s.o.a.hc.client5.http.wire - http-outgoing-19 << "[0x1][0x0][0x0][0x0][0x0][0x0][0x0]52024-07-24 02:30:45.326 UTC [49] LOG:  shutting down[\n]"
2024-07-24 14:30:45.327 [docker-java-stream-1800880746] DEBUG c.g.d.z.s.o.a.hc.client5.http.wire - http-outgoing-19 << "[0x1][0x0][0x0][0x0][0x0][0x0][0x0]O2024-07-24 02:30:45.326 UTC [49] LOG:  checkpoint starting: shutdown immediate[\n]"
2024-07-24 14:30:45.327 [docker-java-stream-1800880746] DEBUG c.g.d.z.s.o.a.hc.client5.http.wire - http-outgoing-19 << "[\r][\n]"
2024-07-24 14:30:45.337 [docker-java-stream-1800880746] DEBUG c.g.d.z.s.o.a.hc.client5.http.wire - http-outgoing-19 << "12c[\r][\n]"
2024-07-24 14:30:45.337 [docker-java-stream-1800880746] DEBUG c.g.d.z.s.o.a.hc.client5.http.wire - http-outgoing-19 << "[0x1][0x0][0x0][0x0][0x0][0x0][0x1]$2024-07-24 02:30:45.336 UTC [49] LOG:  checkpoint complete: wrote 923 buffers (5.6%); 0 WAL file(s) added, 0 removed, 0 recycled; write=0.010 s, sync=0.001 s, total=0.011 s; sync files=0, longest=0.000 s, average=0.000 s; distance=4257 kB, estimate=4257 kB; lsn=0/1913068, redo lsn=0/1913068[\n]"
2024-07-24 14:30:45.337 [docker-java-stream-1800880746] DEBUG c.g.d.z.s.o.a.hc.client5.http.wire - http-outgoing-19 << "[\r][\n]"
2024-07-24 14:30:45.338 [Test worker] DEBUG o.t.c.output.WaitingConsumer - STDOUT: 2024-07-24 02:30:45.336 UTC [49] LOG:  checkpoint complete: wrote 923 buffers (5.6%); 0 WAL file(s) added, 0 removed, 0 recycled; write=0.010 s, sync=0.001 s, total=0.011 s; sync files=0, longest=0.000 s, average=0.000 s; distance=4257 kB, estimate=4257 kB; lsn=0/1913068, redo lsn=0/1913068
2024-07-24 14:30:45.338 [Test worker] DEBUG o.t.c.output.WaitingConsumer - STDOUT: 2024-07-24 02:30:45.326 UTC [49] LOG:  checkpoint starting: shutdown immediate
2024-07-24 14:30:45.338 [Test worker] DEBUG o.t.c.output.WaitingConsumer - STDOUT: 2024-07-24 02:30:45.326 UTC [49] LOG:  shutting down
2024-07-24 14:30:45.338 [Test worker] DEBUG o.t.c.output.WaitingConsumer - STDOUT: 2024-07-24 02:30:45.326 UTC [48] LOG:  background worker "logical replication launcher" (PID 54) exited with exit code 1
2024-07-24 14:30:45.338 [Test worker] DEBUG o.t.c.output.WaitingConsumer - STDOUT: .2024-07-24 02:30:45.323 UTC [48] LOG:  aborting any active transactions
2024-07-24 14:30:45.338 [Test worker] DEBUG o.t.c.output.WaitingConsumer - STDOUT: waiting for server to shut down...2024-07-24 02:30:45.323 UTC [48] LOG:  received fast shutdown request
2024-07-24 14:30:45.338 [Test worker] DEBUG o.t.c.output.WaitingConsumer - STDOUT: 
2024-07-24 14:30:45.338 [Test worker] DEBUG o.t.c.output.WaitingConsumer - STDOUT: /usr/local/bin/docker-entrypoint.sh: ignoring /docker-entrypoint-initdb.d/*
2024-07-24 14:30:45.338 [Test worker] DEBUG o.t.c.output.WaitingConsumer - STDOUT: 
2024-07-24 14:30:45.338 [Test worker] DEBUG o.t.c.output.WaitingConsumer - STDOUT: 
2024-07-24 14:30:45.346 [docker-java-stream-1800880746] DEBUG c.g.d.z.s.o.a.hc.client5.http.wire - http-outgoing-19 << "4c[\r][\n]"
2024-07-24 14:30:45.346 [docker-java-stream-1800880746] DEBUG c.g.d.z.s.o.a.hc.client5.http.wire - http-outgoing-19 << "[0x1][0x0][0x0][0x0][0x0][0x0][0x0]D2024-07-24 02:30:45.345 UTC [48] LOG:  database system is shut down[\n]"
2024-07-24 14:30:45.346 [docker-java-stream-1800880746] DEBUG c.g.d.z.s.o.a.hc.client5.http.wire - http-outgoing-19 << "[\r][\n]"
2024-07-24 14:30:45.353 [Test worker] DEBUG o.t.c.output.WaitingConsumer - STDOUT: 2024-07-24 02:30:45.345 UTC [48] LOG:  database system is shut down
2024-07-24 14:30:45.425 [docker-java-stream-1800880746] DEBUG c.g.d.z.s.o.a.hc.client5.http.wire - http-outgoing-19 << "25[\r][\n]"
2024-07-24 14:30:45.425 [docker-java-stream-1800880746] DEBUG c.g.d.z.s.o.a.hc.client5.http.wire - http-outgoing-19 << "[0x1][0x0][0x0][0x0][0x0][0x0][0x0][0x6] done[\n]"
2024-07-24 14:30:45.425 [docker-java-stream-1800880746] DEBUG c.g.d.z.s.o.a.hc.client5.http.wire - http-outgoing-19 << "[0x1][0x0][0x0][0x0][0x0][0x0][0x0][0xf]server stopped[\n]"
2024-07-24 14:30:45.425 [docker-java-stream-1800880746] DEBUG c.g.d.z.s.o.a.hc.client5.http.wire - http-outgoing-19 << "[\r][\n]"
2024-07-24 14:30:45.425 [Test worker] DEBUG o.t.c.output.WaitingConsumer - STDOUT: server stopped
2024-07-24 14:30:45.425 [Test worker] DEBUG o.t.c.output.WaitingConsumer - STDOUT:  done
2024-07-24 14:30:45.427 [docker-java-stream-1800880746] DEBUG c.g.d.z.s.o.a.hc.client5.http.wire - http-outgoing-19 << "50[\r][\n]"
2024-07-24 14:30:45.427 [docker-java-stream-1800880746] DEBUG c.g.d.z.s.o.a.hc.client5.http.wire - http-outgoing-19 << "[0x1][0x0][0x0][0x0][0x0][0x0][0x0][0x1][\n]"
2024-07-24 14:30:45.427 [docker-java-stream-1800880746] DEBUG c.g.d.z.s.o.a.hc.client5.http.wire - http-outgoing-19 << "[0x1][0x0][0x0][0x0][0x0][0x0][0x0]6PostgreSQL init process complete; ready for start up.[\n]"
2024-07-24 14:30:45.427 [docker-java-stream-1800880746] DEBUG c.g.d.z.s.o.a.hc.client5.http.wire - http-outgoing-19 << "[0x1][0x0][0x0][0x0][0x0][0x0][0x0][0x1][\n]"
2024-07-24 14:30:45.427 [docker-java-stream-1800880746] DEBUG c.g.d.z.s.o.a.hc.client5.http.wire - http-outgoing-19 << "[\r][\n]"
2024-07-24 14:30:45.446 [docker-java-stream-1800880746] DEBUG c.g.d.z.s.o.a.hc.client5.http.wire - http-outgoing-19 << "160[\r][\n]"
2024-07-24 14:30:45.446 [docker-java-stream-1800880746] DEBUG c.g.d.z.s.o.a.hc.client5.http.wire - http-outgoing-19 << "[0x2][0x0][0x0][0x0][0x0][0x0][0x0][0xffffffa3]2024-07-24 02:30:45.445 UTC [1] LOG:  starting PostgreSQL 16.2 (Debian 16.2-1.pgdg120+2) on x86_64-pc-linux-gnu, compiled by gcc (Debian 12.2.0-14) 12.2.0, 64-bit[\n]"
2024-07-24 14:30:45.446 [docker-java-stream-1800880746] DEBUG c.g.d.z.s.o.a.hc.client5.http.wire - http-outgoing-19 << "[0x2][0x0][0x0][0x0][0x0][0x0][0x0]U2024-07-24 02:30:45.445 UTC [1] LOG:  listening on IPv4 address "0.0.0.0", port 5432[\n]"
2024-07-24 14:30:45.446 [docker-java-stream-1800880746] DEBUG c.g.d.z.s.o.a.hc.client5.http.wire - http-outgoing-19 << "[0x2][0x0][0x0][0x0][0x0][0x0][0x0]P2024-07-24 02:30:45.445 UTC [1] LOG:  listening on IPv6 address "::", port 5432[\n]"
2024-07-24 14:30:45.446 [docker-java-stream-1800880746] DEBUG c.g.d.z.s.o.a.hc.client5.http.wire - http-outgoing-19 << "[\r][\n]"
2024-07-24 14:30:45.446 [docker-java-stream-1800880746] DEBUG c.g.d.z.s.o.a.hc.client5.http.wire - http-outgoing-19 << "6b[\r][\n]"
2024-07-24 14:30:45.446 [docker-java-stream-1800880746] DEBUG c.g.d.z.s.o.a.hc.client5.http.wire - http-outgoing-19 << "[0x2][0x0][0x0][0x0][0x0][0x0][0x0]c2024-07-24 02:30:45.445 UTC [1] LOG:  listening on Unix socket "/var/run/postgresql/.s.PGSQL.5432"[\n]"
2024-07-24 14:30:45.446 [docker-java-stream-1800880746] DEBUG c.g.d.z.s.o.a.hc.client5.http.wire - http-outgoing-19 << "[\r][\n]"
2024-07-24 14:30:45.447 [Test worker] DEBUG o.t.c.output.WaitingConsumer - STDERR: 2024-07-24 02:30:45.445 UTC [1] LOG:  listening on Unix socket "/var/run/postgresql/.s.PGSQL.5432"
2024-07-24 14:30:45.447 [Test worker] DEBUG o.t.c.output.WaitingConsumer - STDERR: 2024-07-24 02:30:45.445 UTC [1] LOG:  listening on IPv6 address "::", port 5432
2024-07-24 14:30:45.447 [Test worker] DEBUG o.t.c.output.WaitingConsumer - STDERR: 2024-07-24 02:30:45.445 UTC [1] LOG:  listening on IPv4 address "0.0.0.0", port 5432
2024-07-24 14:30:45.447 [Test worker] DEBUG o.t.c.output.WaitingConsumer - STDERR: 2024-07-24 02:30:45.445 UTC [1] LOG:  starting PostgreSQL 16.2 (Debian 16.2-1.pgdg120+2) on x86_64-pc-linux-gnu, compiled by gcc (Debian 12.2.0-14) 12.2.0, 64-bit
2024-07-24 14:30:45.447 [Test worker] DEBUG o.t.c.output.WaitingConsumer - STDOUT: 
2024-07-24 14:30:45.447 [Test worker] DEBUG o.t.c.output.WaitingConsumer - STDOUT: PostgreSQL init process complete; ready for start up.
2024-07-24 14:30:45.447 [Test worker] DEBUG o.t.c.output.WaitingConsumer - STDOUT: 
2024-07-24 14:30:45.449 [docker-java-stream-1800880746] DEBUG c.g.d.z.s.o.a.hc.client5.http.wire - http-outgoing-19 << "68[\r][\n]"
2024-07-24 14:30:45.450 [docker-java-stream-1800880746] DEBUG c.g.d.z.s.o.a.hc.client5.http.wire - http-outgoing-19 << "[0x2][0x0][0x0][0x0][0x0][0x0][0x0]`2024-07-24 02:30:45.448 UTC [64] LOG:  database system was shut down at 2024-07-24 02:30:45 UTC[\n]"
2024-07-24 14:30:45.450 [docker-java-stream-1800880746] DEBUG c.g.d.z.s.o.a.hc.client5.http.wire - http-outgoing-19 << "[\r][\n]"
2024-07-24 14:30:45.454 [docker-java-stream-1800880746] DEBUG c.g.d.z.s.o.a.hc.client5.http.wire - http-outgoing-19 << "5d[\r][\n]"
2024-07-24 14:30:45.454 [docker-java-stream-1800880746] DEBUG c.g.d.z.s.o.a.hc.client5.http.wire - http-outgoing-19 << "[0x2][0x0][0x0][0x0][0x0][0x0][0x0]U2024-07-24 02:30:45.452 UTC [1] LOG:  database system is ready to accept connections[\n]"
2024-07-24 14:30:45.454 [docker-java-stream-1800880746] DEBUG c.g.d.z.s.o.a.hc.client5.http.wire - http-outgoing-19 << "[\r][\n]"
2024-07-24 14:30:45.463 [Test worker] DEBUG o.t.c.output.WaitingConsumer - STDERR: 2024-07-24 02:30:45.452 UTC [1] LOG:  database system is ready to accept connections
2024-07-24 14:30:45.463 [Test worker] DEBUG c.g.d.z.s.o.a.h.c.h.i.c.InternalHttpClient - ep-000000D4: cancel
2024-07-24 14:30:45.463 [Test worker] DEBUG c.g.d.z.s.o.a.h.c.h.i.i.DefaultManagedHttpClientConnection - http-outgoing-19: close connection IMMEDIATE
2024-07-24 14:30:45.463 [Test worker] DEBUG c.g.d.z.s.o.a.h.c.h.i.c.InternalHttpClient - ep-000000D4: endpoint closed
2024-07-24 14:30:45.463 [Test worker] DEBUG c.g.d.z.s.o.a.h.c.h.i.c.InternalHttpClient - ep-000000D4: discarding endpoint
2024-07-24 14:30:45.463 [Test worker] DEBUG c.g.d.z.s.o.a.h.c.h.i.i.PoolingHttpClientConnectionManager - ep-000000D4: releasing endpoint
2024-07-24 14:30:45.463 [Test worker] DEBUG c.g.d.z.s.o.a.h.c.h.i.i.PoolingHttpClientConnectionManager - ep-000000D4: connection is not kept alive
2024-07-24 14:30:45.464 [docker-java-stream-1800880746] DEBUG c.g.d.z.s.o.a.hc.client5.http.wire - http-outgoing-19 << "end of stream"
2024-07-24 14:30:45.464 [Test worker] DEBUG c.g.d.z.s.o.a.h.c.h.i.i.PoolingHttpClientConnectionManager - ep-000000D4: connection released [route: {}->npipe://localhost:2375][total available: 0; route allocated: 0 of 2147483647; total allocated: 0 of 2147483647]
2024-07-24 14:30:45.464 [Test worker] DEBUG c.g.d.z.s.o.a.hc.client5.http.wire - http-outgoing-19 << "[read] I/O error: java.nio.channels.ClosedChannelException"
2024-07-24 14:30:45.464 [docker-java-stream-1800880746] DEBUG c.g.d.z.s.o.a.hc.client5.http.wire - http-outgoing-19 << "[read] I/O error: java.nio.channels.ClosedChannelException"
2024-07-24 14:30:45.464 [docker-java-stream-1800880746] DEBUG c.g.d.z.ApacheDockerHttpClientImpl$ApacheResponse - Failed to close the response
java.io.IOException: java.nio.channels.ClosedChannelException
	at java.base/java.nio.channels.Channels$2.read(Channels.java:240)
	at com.github.dockerjava.zerodep.shaded.org.apache.hc.client5.http.impl.io.LoggingInputStream.read(LoggingInputStream.java:81)
	at com.github.dockerjava.zerodep.shaded.org.apache.hc.core5.http.impl.io.SessionInputBufferImpl.fillBuffer(SessionInputBufferImpl.java:149)
	at com.github.dockerjava.zerodep.shaded.org.apache.hc.core5.http.impl.io.SessionInputBufferImpl.readLine(SessionInputBufferImpl.java:280)
	at com.github.dockerjava.zerodep.shaded.org.apache.hc.core5.http.impl.io.ChunkedInputStream.getChunkSize(ChunkedInputStream.java:261)
	at com.github.dockerjava.zerodep.shaded.org.apache.hc.core5.http.impl.io.ChunkedInputStream.nextChunk(ChunkedInputStream.java:222)
	at com.github.dockerjava.zerodep.shaded.org.apache.hc.core5.http.impl.io.ChunkedInputStream.read(ChunkedInputStream.java:147)
	at com.github.dockerjava.zerodep.shaded.org.apache.hc.core5.http.impl.io.ChunkedInputStream.close(ChunkedInputStream.java:314)
	at com.github.dockerjava.zerodep.shaded.org.apache.hc.core5.io.Closer.close(Closer.java:48)
	at com.github.dockerjava.zerodep.shaded.org.apache.hc.core5.http.impl.io.IncomingHttpEntity.close(IncomingHttpEntity.java:111)
	at com.github.dockerjava.zerodep.shaded.org.apache.hc.core5.http.io.entity.HttpEntityWrapper.close(HttpEntityWrapper.java:120)
	at com.github.dockerjava.zerodep.shaded.org.apache.hc.core5.io.Closer.close(Closer.java:48)
	at com.github.dockerjava.zerodep.shaded.org.apache.hc.core5.http.message.BasicClassicHttpResponse.close(BasicClassicHttpResponse.java:93)
	at com.github.dockerjava.zerodep.shaded.org.apache.hc.client5.http.impl.classic.CloseableHttpResponse.close(CloseableHttpResponse.java:200)
	at com.github.dockerjava.zerodep.ApacheDockerHttpClientImpl$ApacheResponse.close(ApacheDockerHttpClientImpl.java:271)
	at org.testcontainers.shaded.com.github.dockerjava.core.DefaultInvocationBuilder.lambda$executeAndStream$1(DefaultInvocationBuilder.java:277)
	at java.base/java.lang.Thread.run(Thread.java:833)
Caused by: java.nio.channels.ClosedChannelException: null
	at java.base/sun.nio.ch.WindowsAsynchronousFileChannelImpl.implRead(WindowsAsynchronousFileChannelImpl.java:516)
	at java.base/sun.nio.ch.AsynchronousFileChannelImpl.read(AsynchronousFileChannelImpl.java:229)
	at com.github.dockerjava.transport.NamedPipeSocket$AsynchronousFileByteChannel.read(NamedPipeSocket.java:117)
	at java.base/java.nio.channels.Channels$2.read(Channels.java:238)
	... 16 common frames omitted
2024-07-24 14:30:45.464 [Test worker] DEBUG c.g.d.z.ApacheDockerHttpClientImpl$ApacheResponse - Failed to close the response
java.io.IOException: java.nio.channels.ClosedChannelException
	at java.base/java.nio.channels.Channels$2.read(Channels.java:240)
	at com.github.dockerjava.zerodep.shaded.org.apache.hc.client5.http.impl.io.LoggingInputStream.read(LoggingInputStream.java:81)
	at com.github.dockerjava.zerodep.shaded.org.apache.hc.core5.http.impl.io.SessionInputBufferImpl.fillBuffer(SessionInputBufferImpl.java:149)
	at com.github.dockerjava.zerodep.shaded.org.apache.hc.core5.http.impl.io.SessionInputBufferImpl.readLine(SessionInputBufferImpl.java:280)
	at com.github.dockerjava.zerodep.shaded.org.apache.hc.core5.http.impl.io.ChunkedInputStream.getChunkSize(ChunkedInputStream.java:261)
	at com.github.dockerjava.zerodep.shaded.org.apache.hc.core5.http.impl.io.ChunkedInputStream.nextChunk(ChunkedInputStream.java:222)
	at com.github.dockerjava.zerodep.shaded.org.apache.hc.core5.http.impl.io.ChunkedInputStream.read(ChunkedInputStream.java:147)
	at com.github.dockerjava.zerodep.shaded.org.apache.hc.core5.http.impl.io.ChunkedInputStream.close(ChunkedInputStream.java:314)
	at com.github.dockerjava.zerodep.shaded.org.apache.hc.core5.io.Closer.close(Closer.java:48)
	at com.github.dockerjava.zerodep.shaded.org.apache.hc.core5.http.impl.io.IncomingHttpEntity.close(IncomingHttpEntity.java:111)
	at com.github.dockerjava.zerodep.shaded.org.apache.hc.core5.http.io.entity.HttpEntityWrapper.close(HttpEntityWrapper.java:120)
	at com.github.dockerjava.zerodep.shaded.org.apache.hc.core5.io.Closer.close(Closer.java:48)
	at com.github.dockerjava.zerodep.shaded.org.apache.hc.core5.http.message.BasicClassicHttpResponse.close(BasicClassicHttpResponse.java:93)
	at com.github.dockerjava.zerodep.shaded.org.apache.hc.client5.http.impl.classic.CloseableHttpResponse.close(CloseableHttpResponse.java:200)
	at com.github.dockerjava.zerodep.ApacheDockerHttpClientImpl$ApacheResponse.close(ApacheDockerHttpClientImpl.java:271)
	at org.testcontainers.shaded.com.github.dockerjava.core.DefaultInvocationBuilder.lambda$null$0(DefaultInvocationBuilder.java:272)
	at com.github.dockerjava.api.async.ResultCallbackTemplate.close(ResultCallbackTemplate.java:77)
	at org.testcontainers.containers.output.FrameConsumerResultCallback.close(FrameConsumerResultCallback.java:69)
	at org.testcontainers.containers.wait.strategy.LogMessageWaitStrategy.waitUntilReady(LogMessageWaitStrategy.java:49)
	at org.testcontainers.containers.wait.strategy.AbstractWaitStrategy.waitUntilReady(AbstractWaitStrategy.java:52)
	at org.testcontainers.containers.PostgreSQLContainer.waitUntilContainerStarted(PostgreSQLContainer.java:149)
	at org.testcontainers.containers.GenericContainer.tryStart(GenericContainer.java:500)
	at org.testcontainers.containers.GenericContainer.lambda$doStart$0(GenericContainer.java:354)
	at org.rnorth.ducttape.unreliables.Unreliables.retryUntilSuccess(Unreliables.java:81)
	at org.testcontainers.containers.GenericContainer.doStart(GenericContainer.java:344)
	at org.testcontainers.containers.GenericContainer.start(GenericContainer.java:330)
	at com.unitedApi.StaffDAOTest.<init>(StaffDAOTest.kt:31)
	at java.base/jdk.internal.reflect.NativeConstructorAccessorImpl.newInstance0(Native Method)
	at java.base/jdk.internal.reflect.NativeConstructorAccessorImpl.newInstance(NativeConstructorAccessorImpl.java:77)
	at java.base/jdk.internal.reflect.DelegatingConstructorAccessorImpl.newInstance(DelegatingConstructorAccessorImpl.java:45)
	at java.base/java.lang.reflect.Constructor.newInstanceWithCaller(Constructor.java:499)
	at java.base/java.lang.reflect.Constructor.newInstance(Constructor.java:480)
	at org.junit.runners.BlockJUnit4ClassRunner.createTest(BlockJUnit4ClassRunner.java:250)
	at org.junit.runners.BlockJUnit4ClassRunner.createTest(BlockJUnit4ClassRunner.java:260)
	at org.junit.runners.BlockJUnit4ClassRunner$2.runReflectiveCall(BlockJUnit4ClassRunner.java:309)
	at org.junit.internal.runners.model.ReflectiveCallable.run(ReflectiveCallable.java:12)
	at org.junit.runners.BlockJUnit4ClassRunner.methodBlock(BlockJUnit4ClassRunner.java:306)
	at org.junit.runners.BlockJUnit4ClassRunner$1.evaluate(BlockJUnit4ClassRunner.java:100)
	at org.junit.runners.ParentRunner.runLeaf(ParentRunner.java:366)
	at org.junit.runners.BlockJUnit4ClassRunner.runChild(BlockJUnit4ClassRunner.java:103)
	at org.junit.runners.BlockJUnit4ClassRunner.runChild(BlockJUnit4ClassRunner.java:63)
	at org.junit.runners.ParentRunner$4.run(ParentRunner.java:331)
	at org.junit.runners.ParentRunner$1.schedule(ParentRunner.java:79)
	at org.junit.runners.ParentRunner.runChildren(ParentRunner.java:329)
	at org.junit.runners.ParentRunner.access$100(ParentRunner.java:66)
	at org.junit.runners.ParentRunner$2.evaluate(ParentRunner.java:293)
	at org.junit.runners.ParentRunner$3.evaluate(ParentRunner.java:306)
	at org.junit.runners.ParentRunner.run(ParentRunner.java:413)
	at org.gradle.api.internal.tasks.testing.junit.JUnitTestClassExecutor.runTestClass(JUnitTestClassExecutor.java:112)
	at org.gradle.api.internal.tasks.testing.junit.JUnitTestClassExecutor.execute(JUnitTestClassExecutor.java:58)
	at org.gradle.api.internal.tasks.testing.junit.JUnitTestClassExecutor.execute(JUnitTestClassExecutor.java:40)
	at org.gradle.api.internal.tasks.testing.junit.AbstractJUnitTestClassProcessor.processTestClass(AbstractJUnitTestClassProcessor.java:60)
	at org.gradle.api.internal.tasks.testing.SuiteTestClassProcessor.processTestClass(SuiteTestClassProcessor.java:52)
	at java.base/jdk.internal.reflect.NativeMethodAccessorImpl.invoke0(Native Method)
	at java.base/jdk.internal.reflect.NativeMethodAccessorImpl.invoke(NativeMethodAccessorImpl.java:77)
	at java.base/jdk.internal.reflect.DelegatingMethodAccessorImpl.invoke(DelegatingMethodAccessorImpl.java:43)
	at java.base/java.lang.reflect.Method.invoke(Method.java:568)
	at org.gradle.internal.dispatch.ReflectionDispatch.dispatch(ReflectionDispatch.java:36)
	at org.gradle.internal.dispatch.ReflectionDispatch.dispatch(ReflectionDispatch.java:24)
	at org.gradle.internal.dispatch.ContextClassLoaderDispatch.dispatch(ContextClassLoaderDispatch.java:33)
	at org.gradle.internal.dispatch.ProxyDispatchAdapter$DispatchingInvocationHandler.invoke(ProxyDispatchAdapter.java:94)
	at jdk.proxy1/jdk.proxy1.$Proxy2.processTestClass(Unknown Source)
	at org.gradle.api.internal.tasks.testing.worker.TestWorker$2.run(TestWorker.java:176)
	at org.gradle.api.internal.tasks.testing.worker.TestWorker.executeAndMaintainThreadName(TestWorker.java:129)
	at org.gradle.api.internal.tasks.testing.worker.TestWorker.execute(TestWorker.java:100)
	at org.gradle.api.internal.tasks.testing.worker.TestWorker.execute(TestWorker.java:60)
	at org.gradle.process.internal.worker.child.ActionExecutionWorker.execute(ActionExecutionWorker.java:56)
	at org.gradle.process.internal.worker.child.SystemApplicationClassLoaderWorker.call(SystemApplicationClassLoaderWorker.java:113)
	at org.gradle.process.internal.worker.child.SystemApplicationClassLoaderWorker.call(SystemApplicationClassLoaderWorker.java:65)
	at worker.org.gradle.process.internal.worker.GradleWorkerMain.run(GradleWorkerMain.java:69)
	at worker.org.gradle.process.internal.worker.GradleWorkerMain.main(GradleWorkerMain.java:74)
Caused by: java.nio.channels.ClosedChannelException: null
	at java.base/sun.nio.ch.WindowsAsynchronousFileChannelImpl.implRead(WindowsAsynchronousFileChannelImpl.java:516)
	at java.base/sun.nio.ch.AsynchronousFileChannelImpl.read(AsynchronousFileChannelImpl.java:229)
	at com.github.dockerjava.transport.NamedPipeSocket$AsynchronousFileByteChannel.read(NamedPipeSocket.java:117)
	at java.base/java.nio.channels.Channels$2.read(Channels.java:238)
	... 70 common frames omitted
2024-07-24 14:30:45.464 [Test worker] INFO  tc.postgres:latest - Container postgres:latest started in PT1.7465791S
2024-07-24 14:30:45.464 [Test worker] INFO  tc.postgres:latest - Container is started (JDBC URL: jdbc:postgresql://localhost:51572/db?loggerLevel=OFF)
2024-07-24 14:30:45.466 [Test worker] INFO  org.testcontainers.ext.ScriptUtils - Executing database script from sql/init.sql
2024-07-24 14:30:45.466 [Test worker] DEBUG o.t.s.c.g.d.c.command.AbstrDockerCmd - Cmd: affb0fac313f8848d9a6ec6d76d2914f065d660553159cd89d9a7dea13e19931,false
2024-07-24 14:30:45.466 [Test worker] DEBUG o.t.s.c.g.d.c.e.InspectContainerCmdExec - GET: DefaultWebTarget{path=[/containers/affb0fac313f8848d9a6ec6d76d2914f065d660553159cd89d9a7dea13e19931/json], queryParams={}}
2024-07-24 14:30:45.467 [Test worker] DEBUG c.g.d.z.s.o.a.h.c.h.i.c.InternalHttpClient - ex-000000D6: preparing request execution
2024-07-24 14:30:45.467 [Test worker] DEBUG c.g.d.z.s.o.a.h.c.h.p.RequestAddCookies - Cookie spec selected: strict
2024-07-24 14:30:45.467 [Test worker] DEBUG c.g.d.z.s.o.a.h.c.h.p.RequestAuthCache - Auth cache not set in the context
2024-07-24 14:30:45.467 [Test worker] DEBUG c.g.d.z.s.o.a.h.c.h.i.c.ProtocolExec - ex-000000D6: target auth state: UNCHALLENGED
2024-07-24 14:30:45.467 [Test worker] DEBUG c.g.d.z.s.o.a.h.c.h.i.c.ProtocolExec - ex-000000D6: proxy auth state: UNCHALLENGED
2024-07-24 14:30:45.467 [Test worker] DEBUG c.g.d.z.s.o.a.h.c.h.i.c.ConnectExec - ex-000000D6: acquiring connection with route {}->npipe://localhost:2375
2024-07-24 14:30:45.467 [Test worker] DEBUG c.g.d.z.s.o.a.h.c.h.i.c.InternalHttpClient - ex-000000D6: acquiring endpoint (3 MINUTES)
2024-07-24 14:30:45.467 [Test worker] DEBUG c.g.d.z.s.o.a.h.c.h.i.i.PoolingHttpClientConnectionManager - ex-000000D6: endpoint lease request (3 MINUTES) [route: {}->npipe://localhost:2375][total available: 0; route allocated: 0 of 2147483647; total allocated: 0 of 2147483647]
2024-07-24 14:30:45.467 [Test worker] DEBUG c.g.d.z.s.o.a.h.c.h.i.i.PoolingHttpClientConnectionManager - ex-000000D6: endpoint leased [route: {}->npipe://localhost:2375][total available: 0; route allocated: 1 of 2147483647; total allocated: 1 of 2147483647]
2024-07-24 14:30:45.467 [Test worker] DEBUG c.g.d.z.s.o.a.h.c.h.i.i.PoolingHttpClientConnectionManager - ex-000000D6: acquired ep-000000D5
2024-07-24 14:30:45.467 [Test worker] DEBUG c.g.d.z.s.o.a.h.c.h.i.c.InternalHttpClient - ex-000000D6: acquired endpoint ep-000000D5
2024-07-24 14:30:45.467 [Test worker] DEBUG c.g.d.z.s.o.a.h.c.h.i.c.ConnectExec - ex-000000D6: opening connection {}->npipe://localhost:2375
2024-07-24 14:30:45.467 [Test worker] DEBUG c.g.d.z.s.o.a.h.c.h.i.c.InternalHttpClient - ep-000000D5: connecting endpoint (3 MINUTES)
2024-07-24 14:30:45.467 [Test worker] DEBUG c.g.d.z.s.o.a.h.c.h.i.i.PoolingHttpClientConnectionManager - ep-000000D5: connecting endpoint to npipe://localhost:2375 (3 MINUTES)
2024-07-24 14:30:45.467 [Test worker] DEBUG c.g.d.z.s.o.a.h.c.h.i.i.DefaultHttpClientConnectionOperator - http-outgoing-20: connecting to localhost/127.0.0.1:2375
2024-07-24 14:30:45.467 [Test worker] DEBUG c.g.d.z.s.o.a.h.c.h.i.i.DefaultHttpClientConnectionOperator - http-outgoing-20: connection established 
2024-07-24 14:30:45.467 [Test worker] DEBUG c.g.d.z.s.o.a.h.c.h.i.i.PoolingHttpClientConnectionManager - ep-000000D5: connected http-outgoing-20
2024-07-24 14:30:45.467 [Test worker] DEBUG c.g.d.z.s.o.a.h.c.h.i.c.InternalHttpClient - ep-000000D5: endpoint connected
2024-07-24 14:30:45.467 [Test worker] DEBUG c.g.d.z.s.o.a.h.c.h.i.c.MainClientExec - ex-000000D6: executing GET /v1.32/containers/affb0fac313f8848d9a6ec6d76d2914f065d660553159cd89d9a7dea13e19931/json HTTP/1.1
2024-07-24 14:30:45.467 [Test worker] DEBUG c.g.d.z.s.o.a.h.c.h.i.c.InternalHttpClient - ep-000000D5: start execution ex-000000D6
2024-07-24 14:30:45.467 [Test worker] DEBUG c.g.d.z.s.o.a.h.c.h.i.i.PoolingHttpClientConnectionManager - ep-000000D5: executing exchange ex-000000D6 over http-outgoing-20
2024-07-24 14:30:45.467 [Test worker] DEBUG c.g.d.z.s.o.a.h.client5.http.headers - http-outgoing-20 >> GET /v1.32/containers/affb0fac313f8848d9a6ec6d76d2914f065d660553159cd89d9a7dea13e19931/json HTTP/1.1
2024-07-24 14:30:45.467 [Test worker] DEBUG c.g.d.z.s.o.a.h.client5.http.headers - http-outgoing-20 >> accept: application/json
2024-07-24 14:30:45.467 [Test worker] DEBUG c.g.d.z.s.o.a.h.client5.http.headers - http-outgoing-20 >> x-tc-sid: 280e6229-7396-4d60-b1e3-a5de48b5d49b
2024-07-24 14:30:45.468 [Test worker] DEBUG c.g.d.z.s.o.a.h.client5.http.headers - http-outgoing-20 >> User-Agent: tc-java/1.19.8
2024-07-24 14:30:45.468 [Test worker] DEBUG c.g.d.z.s.o.a.h.client5.http.headers - http-outgoing-20 >> Accept-Encoding: gzip, x-gzip, deflate
2024-07-24 14:30:45.468 [Test worker] DEBUG c.g.d.z.s.o.a.h.client5.http.headers - http-outgoing-20 >> Host: localhost:2375
2024-07-24 14:30:45.468 [Test worker] DEBUG c.g.d.z.s.o.a.h.client5.http.headers - http-outgoing-20 >> Connection: keep-alive
2024-07-24 14:30:45.468 [Test worker] DEBUG c.g.d.z.s.o.a.hc.client5.http.wire - http-outgoing-20 >> "GET /v1.32/containers/affb0fac313f8848d9a6ec6d76d2914f065d660553159cd89d9a7dea13e19931/json HTTP/1.1[\r][\n]"
2024-07-24 14:30:45.468 [Test worker] DEBUG c.g.d.z.s.o.a.hc.client5.http.wire - http-outgoing-20 >> "accept: application/json[\r][\n]"
2024-07-24 14:30:45.468 [Test worker] DEBUG c.g.d.z.s.o.a.hc.client5.http.wire - http-outgoing-20 >> "x-tc-sid: 280e6229-7396-4d60-b1e3-a5de48b5d49b[\r][\n]"
2024-07-24 14:30:45.468 [Test worker] DEBUG c.g.d.z.s.o.a.hc.client5.http.wire - http-outgoing-20 >> "User-Agent: tc-java/1.19.8[\r][\n]"
2024-07-24 14:30:45.468 [Test worker] DEBUG c.g.d.z.s.o.a.hc.client5.http.wire - http-outgoing-20 >> "Accept-Encoding: gzip, x-gzip, deflate[\r][\n]"
2024-07-24 14:30:45.468 [Test worker] DEBUG c.g.d.z.s.o.a.hc.client5.http.wire - http-outgoing-20 >> "Host: localhost:2375[\r][\n]"
2024-07-24 14:30:45.468 [Test worker] DEBUG c.g.d.z.s.o.a.hc.client5.http.wire - http-outgoing-20 >> "Connection: keep-alive[\r][\n]"
2024-07-24 14:30:45.468 [Test worker] DEBUG c.g.d.z.s.o.a.hc.client5.http.wire - http-outgoing-20 >> "[\r][\n]"
2024-07-24 14:30:45.471 [Test worker] DEBUG c.g.d.z.s.o.a.hc.client5.http.wire - http-outgoing-20 << "HTTP/1.1 200 OK[\r][\n]"
2024-07-24 14:30:45.471 [Test worker] DEBUG c.g.d.z.s.o.a.hc.client5.http.wire - http-outgoing-20 << "Api-Version: 1.45[\r][\n]"
2024-07-24 14:30:45.471 [Test worker] DEBUG c.g.d.z.s.o.a.hc.client5.http.wire - http-outgoing-20 << "Content-Type: application/json[\r][\n]"
2024-07-24 14:30:45.471 [Test worker] DEBUG c.g.d.z.s.o.a.hc.client5.http.wire - http-outgoing-20 << "Date: Wed, 24 Jul 2024 02:30:45 GMT[\r][\n]"
2024-07-24 14:30:45.471 [Test worker] DEBUG c.g.d.z.s.o.a.hc.client5.http.wire - http-outgoing-20 << "Docker-Experimental: false[\r][\n]"
2024-07-24 14:30:45.471 [Test worker] DEBUG c.g.d.z.s.o.a.hc.client5.http.wire - http-outgoing-20 << "Ostype: linux[\r][\n]"
2024-07-24 14:30:45.471 [Test worker] DEBUG c.g.d.z.s.o.a.hc.client5.http.wire - http-outgoing-20 << "Server: Docker/26.0.0 (linux)[\r][\n]"
2024-07-24 14:30:45.471 [Test worker] DEBUG c.g.d.z.s.o.a.hc.client5.http.wire - http-outgoing-20 << "Transfer-Encoding: chunked[\r][\n]"
2024-07-24 14:30:45.471 [Test worker] DEBUG c.g.d.z.s.o.a.hc.client5.http.wire - http-outgoing-20 << "[\r][\n]"
2024-07-24 14:30:45.471 [Test worker] DEBUG c.g.d.z.s.o.a.h.client5.http.headers - http-outgoing-20 << HTTP/1.1 200 OK
2024-07-24 14:30:45.471 [Test worker] DEBUG c.g.d.z.s.o.a.h.client5.http.headers - http-outgoing-20 << Api-Version: 1.45
2024-07-24 14:30:45.471 [Test worker] DEBUG c.g.d.z.s.o.a.h.client5.http.headers - http-outgoing-20 << Content-Type: application/json
2024-07-24 14:30:45.471 [Test worker] DEBUG c.g.d.z.s.o.a.h.client5.http.headers - http-outgoing-20 << Date: Wed, 24 Jul 2024 02:30:45 GMT
2024-07-24 14:30:45.471 [Test worker] DEBUG c.g.d.z.s.o.a.h.client5.http.headers - http-outgoing-20 << Docker-Experimental: false
2024-07-24 14:30:45.471 [Test worker] DEBUG c.g.d.z.s.o.a.h.client5.http.headers - http-outgoing-20 << Ostype: linux
2024-07-24 14:30:45.471 [Test worker] DEBUG c.g.d.z.s.o.a.h.client5.http.headers - http-outgoing-20 << Server: Docker/26.0.0 (linux)
2024-07-24 14:30:45.471 [Test worker] DEBUG c.g.d.z.s.o.a.h.client5.http.headers - http-outgoing-20 << Transfer-Encoding: chunked
2024-07-24 14:30:45.471 [Test worker] DEBUG c.g.d.z.s.o.a.h.c.h.i.c.MainClientExec - ex-000000D6: connection can be kept alive for 3 MINUTES
2024-07-24 14:30:45.472 [Test worker] DEBUG c.g.d.z.s.o.a.hc.client5.http.wire - http-outgoing-20 << "1a3a[\r][\n]"
2024-07-24 14:30:45.472 [Test worker] DEBUG c.g.d.z.s.o.a.hc.client5.http.wire - http-outgoing-20 << "{"Id":"affb0fac313f8848d9a6ec6d76d2914f065d660553159cd89d9a7dea13e19931","Created":"2024-07-24T02:30:43.729447352Z","Path":"docker-entrypoint.sh","Args":["postgres","-c","fsync=off"],"State":{"Status":"running","Running":true,"Paused":false,"Restarting":false,"OOMKilled":false,"Dead":false,"Pid":30464,"ExitCode":0,"Error":"","StartedAt":"2024-07-24T02:30:44.200159287Z","FinishedAt":"0001-01-01T00:00:00Z"},"Image":"sha256:8e4fc9e184899a58735e7ee333f5e272d7d2298cf59302006b71f33e217be130","ResolvConfPath":"/var/lib/docker/containers/affb0fac313f8848d9a6ec6d76d2914f065d660553159cd89d9a7dea13e19931/resolv.conf","HostnamePath":"/var/lib/docker/containers/affb0fac313f8848d9a6ec6d76d2914f065d660553159cd89d9a7dea13e19931/hostname","HostsPath":"/var/lib/docker/containers/affb0fac313f8848d9a6ec6d76d2914f065d660553159cd89d9a7dea13e19931/hosts","LogPath":"/var/lib/docker/containers/affb0fac313f8848d9a6ec6d76d2914f065d660553159cd89d9a7dea13e19931/affb0fac313f8848d9a6ec6d76d2914f065d660553159cd89d9a7dea13e19931-json.log","Name":"/wonderful_ritchie","RestartCount":0,"Driver":"overlay2","Platform":"linux","MountLabel":"","ProcessLabel":"","AppArmorProfile":"","ExecIDs":null,"HostConfig":{"Binds":[],"ContainerIDFile":"","LogConfig":{"Type":"json-file","Config":{}},"NetworkMode":"default","PortBindings":{"5432/tcp":[{"HostIp":"0.0.0.0","HostPort":"0"}]},"RestartPolicy":{"Name":"no","MaximumRetryCount":0},"AutoRemove":false,"VolumeDriver":"","VolumesFrom":[],"ConsoleSize":[0,0],"CapAdd":null,"CapDrop":null,"CgroupnsMode":"host","Dns":null,"DnsOptions":null,"DnsSearch":null,"ExtraHosts":[],"GroupAdd":null,"IpcMode":"shareable","Cgroup":"","Links":null,"OomScoreAdj":0,"PidMode":"","Privileged":false,"PublishAllPorts":false,"ReadonlyRootfs":false,"SecurityOpt":null,"UTSMode":"","UsernsMode":"","ShmSize":67108864,"Runtime":"runc","Isolation":"","CpuShares":0,"Memory":0,"NanoCpus":0,"CgroupParent":"","BlkioWeight":0,"BlkioWeightDevice":null,"BlkioDeviceReadBps":null,"BlkioDeviceWriteBps":null,"BlkioDeviceReadIOps":null,"BlkioDeviceWriteIOps":null,"CpuPeriod":0,"CpuQuota":0,"CpuRealtimePeriod":0,"CpuRealtimeRuntime":0,"CpusetCpus":"","CpusetMems":"","Devices":null,"DeviceCgroupRules":null,"DeviceRequests":null,"MemoryReservation":0,"MemorySwap":0,"MemorySwappiness":null,"OomKillDisable":false,"PidsLimit":null,"Ulimits":null,"CpuCount":0,"CpuPercent":0,"IOMaximumIOps":0,"IOMaximumBandwidth":0,"MaskedPaths":["/proc/asound","/proc/acpi","/proc/kcore","/proc/keys","/proc/latency_stats","/proc/timer_list","/proc/timer_stats","/proc/sched_debug","/proc/scsi","/sys/firmware","/sys/devices/virtual/powercap"],"ReadonlyPaths":["/proc/bus","/proc/fs","/proc/irq","/proc/sys","/proc/sysrq-trigger"]},"GraphDriver":{"Data":{"LowerDir":"/var/lib/docker/overlay2/03e69cb4bf25d6389367d1ab3d05c157c5f7bfd5041c0c305147436fb064a02c-init/diff:/var/lib/docker/overlay2/8f0ddbd386af0785c2e348570516955816ab350305d698d363962d488eeb15ec/diff:/var/lib/docker/overlay2/0eb0ca73e9b0be7c3d7fa8762ef4778a68f38391bc84c037c2e90b88e781b475/diff:/var/lib/docker/overlay2/74e634bddc785c5d436b10a5158cd82e21dc2065fd1cf8ff9c1c12e01575a2d8/diff:/var/lib/docker/overlay2/bb918b2851cd2f508f1e3fdbfff8b7f8b041d61e65fe8c368288bf399e80b818/diff:/var/lib/docker/overlay2/2abab2946cbdc2941ee8ec4024c51dac7313dee9de5fbedd1ca33388c59eb3c8/diff:/var/lib/docker/overlay2/e12f6083ee669bd92743ceb339a896bb25dbe461b718705bb39eb410b80c0ecd/diff:/var/lib/docker/overlay2/ced1e86d670d097da5ed4da7288c22507735918959161c2cd8bf083fb30d169a/diff:/var/lib/docker/overlay2/94e9ac7b74923285ae73af20aeccb964ca9079e2305db367cb85d1603560472d/diff:/var/lib/docker/overlay2/a396b6dfd63f0c228c519871183c614cccf4d366a43460f27ecf97113c3c4be8/diff:/var/lib/docker/overlay2/f58ada5d5080c2bac553c734f81127660a90581a35ed2a92cebe3c59e340875b/diff:/var/lib/docker/overlay2/84f85636f37bf55d945e217b4f87a856eba7932284beaf042561007b66f48977/diff:/var/lib/docker/overlay2/1e6e519613884e91a2b74a588ba35dc8a2f789371ab798ef6e7d9836d756042f/diff:/var/lib/docker/overlay2/14a3151cc8b4f9d27d2e64f1a8abc0c7809309580f2d7e8dc8545055c1d56194/diff:/var/lib/d"
2024-07-24 14:30:45.472 [Test worker] DEBUG c.g.d.z.s.o.a.hc.client5.http.wire - http-outgoing-20 << "ocker/overlay2/5b354b9e793401517fe2f1da697653fdaadffc54888eaf76d67e0600b8c68bdc/diff","MergedDir":"/var/lib/docker/overlay2/03e69cb4bf25d6389367d1ab3d05c157c5f7bfd5041c0c305147436fb064a02c/merged","UpperDir":"/var/lib/docker/overlay2/03e69cb4bf25d6389367d1ab3d05c157c5f7bfd5041c0c305147436fb064a02c/diff","WorkDir":"/var/lib/docker/overlay2/03e69cb4bf25d6389367d1ab3d05c157c5f7bfd5041c0c305147436fb064a02c/work"},"Name":"overlay2"},"Mounts":[{"Type":"volume","Name":"78b0c3d668a503b9cae1401fd92bdbbe6f883faba35ab3703383974a6cc3d26b","Source":"/var/lib/docker/volumes/78b0c3d668a503b9cae1401fd92bdbbe6f883faba35ab3703383974a6cc3d26b/_data","Destination":"/var/lib/postgresql/data","Driver":"local","Mode":"","RW":true,"Propagation":""}],"Config":{"Hostname":"affb0fac313f","Domainname":"","User":"","AttachStdin":false,"AttachStdout":false,"AttachStderr":false,"ExposedPorts":{"5432/tcp":{}},"Tty":false,"OpenStdin":false,"StdinOnce":false,"Env":["POSTGRES_USER=user","POSTGRES_PASSWORD=password","POSTGRES_DB=db","PATH=/usr/local/sbin:/usr/local/bin:/usr/sbin:/usr/bin:/sbin:/bin:/usr/lib/postgresql/16/bin","GOSU_VERSION=1.17","LANG=en_US.utf8","PG_MAJOR=16","PG_VERSION=16.2-1.pgdg120+2","PGDATA=/var/lib/postgresql/data"],"Cmd":["postgres","-c","fsync=off"],"Image":"postgres:latest","Volumes":{"/var/lib/postgresql/data":{}},"WorkingDir":"","Entrypoint":["docker-entrypoint.sh"],"OnBuild":null,"Labels":{"org.testcontainers":"true","org.testcontainers.lang":"java","org.testcontainers.sessionId":"280e6229-7396-4d60-b1e3-a5de48b5d49b","org.testcontainers.version":"1.19.8"},"StopSignal":"SIGINT"},"NetworkSettings":{"Bridge":"","SandboxID":"6de1ee49502df90cb171fade5bd7fdd0f1332a0915522c78b9208ed7c8a1c1aa","SandboxKey":"/var/run/docker/netns/6de1ee49502d","Ports":{"5432/tcp":[{"HostIp":"0.0.0.0","HostPort":"51572"}]},"HairpinMode":false,"LinkLocalIPv6Address":"","LinkLocalIPv6PrefixLen":0,"SecondaryIPAddresses":null,"SecondaryIPv6Addresses":null,"EndpointID":"ee034f8aff30d2315c9d5636fb81a1d29bd75fa466960f9a43480daeb0c1121d","Gateway":"172.17.0.1","GlobalIPv6Address":"","GlobalIPv6PrefixLen":0,"IPAddress":"172.17.0.3","IPPrefixLen":16,"IPv6Gateway":"","MacAddress":"02:42:ac:11:00:03","Networks":{"bridge":{"IPAMConfig":null,"Links":null,"Aliases":null,"MacAddress":"02:42:ac:11:00:03","NetworkID":"3c842496be344cbdae878c1dee0957e7bc7c0a2236009c92752030f2b053e72f","EndpointID":"ee034f8aff30d2315c9d5636fb81a1d29bd75fa466960f9a43480daeb0c1121d","Gateway":"172.17.0.1","IPAddress":"172.17.0.3","IPPrefixLen":16,"IPv6Gateway":"","GlobalIPv6Address":"","GlobalIPv6PrefixLen":0,"DriverOpts":null,"DNSNames":null}}}}[\n]"
2024-07-24 14:30:45.473 [Test worker] DEBUG c.g.d.z.s.o.a.hc.client5.http.wire - http-outgoing-20 << "[\r][\n]"
2024-07-24 14:30:45.473 [Test worker] DEBUG c.g.d.z.s.o.a.hc.client5.http.wire - http-outgoing-20 << "0[\r][\n]"
2024-07-24 14:30:45.473 [Test worker] DEBUG c.g.d.z.s.o.a.hc.client5.http.wire - http-outgoing-20 << "[\r][\n]"
2024-07-24 14:30:45.473 [Test worker] DEBUG c.g.d.z.s.o.a.h.c.h.i.c.InternalHttpClient - ep-000000D5: releasing valid endpoint
2024-07-24 14:30:45.473 [Test worker] DEBUG c.g.d.z.s.o.a.h.c.h.i.i.PoolingHttpClientConnectionManager - ep-000000D5: releasing endpoint
2024-07-24 14:30:45.473 [Test worker] DEBUG c.g.d.z.s.o.a.h.c.h.i.i.PoolingHttpClientConnectionManager - ep-000000D5: connection http-outgoing-20 can be kept alive for 3 MINUTES
2024-07-24 14:30:45.473 [Test worker] DEBUG c.g.d.z.s.o.a.h.c.h.i.i.PoolingHttpClientConnectionManager - ep-000000D5: connection released [route: {}->npipe://localhost:2375][total available: 1; route allocated: 1 of 2147483647; total allocated: 1 of 2147483647]
2024-07-24 14:30:45.473 [Test worker] DEBUG tc.postgres:latest - Trying to create JDBC connection using org.postgresql.Driver to jdbc:postgresql://localhost:51572/db?loggerLevel=OFF with properties: {password=password, user=user}
2024-07-24 14:30:45.487 [Test worker] DEBUG o.t.jdbc.JdbcDatabaseDelegate - false returned as updateCount for SQL: drop table if exists WorkedOn
2024-07-24 14:30:45.488 [Test worker] DEBUG o.t.jdbc.JdbcDatabaseDelegate - false returned as updateCount for SQL: drop table if exists SequenceLine
2024-07-24 14:30:45.489 [Test worker] DEBUG o.t.jdbc.JdbcDatabaseDelegate - false returned as updateCount for SQL: drop table if exists WorkOrder
2024-07-24 14:30:45.489 [Test worker] DEBUG o.t.jdbc.JdbcDatabaseDelegate - false returned as updateCount for SQL: drop table if exists SequenceHeader
2024-07-24 14:30:45.490 [Test worker] DEBUG o.t.jdbc.JdbcDatabaseDelegate - false returned as updateCount for SQL: drop table if exists SaleOrderLine
2024-07-24 14:30:45.491 [Test worker] DEBUG o.t.jdbc.JdbcDatabaseDelegate - false returned as updateCount for SQL: drop table if exists SaleOrderHeader
2024-07-24 14:30:45.491 [Test worker] DEBUG o.t.jdbc.JdbcDatabaseDelegate - false returned as updateCount for SQL: drop table if exists Staff
2024-07-24 14:30:45.492 [Test worker] DEBUG o.t.jdbc.JdbcDatabaseDelegate - false returned as updateCount for SQL: drop table if exists WorkStation
2024-07-24 14:30:45.493 [Test worker] DEBUG o.t.jdbc.JdbcDatabaseDelegate - false returned as updateCount for SQL: drop table if exists Part
2024-07-24 14:30:45.494 [Test worker] DEBUG o.t.jdbc.JdbcDatabaseDelegate - false returned as updateCount for SQL: drop table if exists Customer
2024-07-24 14:30:45.497 [Test worker] DEBUG o.t.jdbc.JdbcDatabaseDelegate - false returned as updateCount for SQL: create table Customer ( customerId VarChar(8) PRIMARY Key, name VarChar(100) not null, address VarChar(500) not null )
2024-07-24 14:30:45.499 [Test worker] DEBUG o.t.jdbc.JdbcDatabaseDelegate - false returned as updateCount for SQL: create table Part ( partId VarChar(6) PRIMARY KEY, inventory Int not null, name VarChar(100) not null )
2024-07-24 14:30:45.500 [Test worker] DEBUG o.t.jdbc.JdbcDatabaseDelegate - false returned as updateCount for SQL: create table WorkStation ( name VarChar(50) PRIMARY KEY )
2024-07-24 14:30:45.502 [Test worker] DEBUG o.t.jdbc.JdbcDatabaseDelegate - false returned as updateCount for SQL: create table Staff ( staffID VarChar(6) PRIMARY KEY, name VarChar(100) not null )
2024-07-24 14:30:45.504 [Test worker] DEBUG o.t.jdbc.JdbcDatabaseDelegate - false returned as updateCount for SQL: create table SaleOrderHeader ( soHeaderId VarChar(6) PRIMARY key , customerId VarChar(8) not null references Customer (customerId) )
2024-07-24 14:30:45.505 [Test worker] DEBUG o.t.jdbc.JdbcDatabaseDelegate - false returned as updateCount for SQL: create table SaleOrderLine ( soLineId VarChar(6), soHeaderId VarChar(6) references SaleOrderHeader (soHeaderID), dateDue Date not null, partID VarChar(6) not null references Part(partId), PRIMARY KEY (soLineId,soHeaderId) )
2024-07-24 14:30:45.506 [Test worker] DEBUG o.t.jdbc.JdbcDatabaseDelegate - false returned as updateCount for SQL: create table SequenceHeader ( seqHeaderId VarChar(6) PRIMARY KEY, partId VarChar(6) not null references Part(partId) )
2024-07-24 14:30:45.507 [Test worker] DEBUG o.t.jdbc.JdbcDatabaseDelegate - false returned as updateCount for SQL: create table WorkOrder ( workOrderId VarChar(8) PRIMARY KEY, seqHeaderId VarChar(6) not null REFERENCES SequenceHeader (seqHeaderId), soLineId VarChar(6) not null, soHeaderId VarChar(6) not null, quanity Int not null, FOREIGN KEY (soLineId,soHeaderId) REFERENCES SaleOrderLine (soLineId,soHeaderId) )
2024-07-24 14:30:45.509 [Test worker] DEBUG o.t.jdbc.JdbcDatabaseDelegate - false returned as updateCount for SQL: create table SequenceLine ( seqLineId VarChar(10), seqHeaderId VarChar(6) references SequenceHeader (seqHeaderId), workStation VarChar(50) not null references WorkStation(name), PRIMARY KEY(seqLineId,seqHeaderId) )
2024-07-24 14:30:45.511 [Test worker] DEBUG o.t.jdbc.JdbcDatabaseDelegate - false returned as updateCount for SQL: create table WorkedOn ( staffId VarChar(8) references Staff (staffId), seqHeaderId VarChar(6), seqLineId VarChar(10), workOrderId VarChar(50) references WorkOrder(workOrderId), PRIMARY key (staffId,seqHeaderId,seqLineId,workOrderId), FOREIGN KEY (seqHeaderId,seqLineId) REFERENCES SequenceLine (seqHeaderId,seqLineId) )
2024-07-24 14:30:45.511 [Test worker] INFO  org.testcontainers.ext.ScriptUtils - Executed database script from sql/init.sql in 44 ms.
2024-07-24 14:30:45.526 [Test worker] DEBUG o.t.s.c.g.d.c.command.AbstrDockerCmd - Cmd: affb0fac313f8848d9a6ec6d76d2914f065d660553159cd89d9a7dea13e19931,false
2024-07-24 14:30:45.526 [Test worker] DEBUG o.t.s.c.g.d.c.e.InspectContainerCmdExec - GET: DefaultWebTarget{path=[/containers/affb0fac313f8848d9a6ec6d76d2914f065d660553159cd89d9a7dea13e19931/json], queryParams={}}
2024-07-24 14:30:45.526 [Test worker] DEBUG c.g.d.z.s.o.a.h.c.h.i.c.InternalHttpClient - ex-000000D7: preparing request execution
2024-07-24 14:30:45.526 [Test worker] DEBUG c.g.d.z.s.o.a.h.c.h.p.RequestAddCookies - Cookie spec selected: strict
2024-07-24 14:30:45.526 [Test worker] DEBUG c.g.d.z.s.o.a.h.c.h.p.RequestAuthCache - Auth cache not set in the context
2024-07-24 14:30:45.526 [Test worker] DEBUG c.g.d.z.s.o.a.h.c.h.i.c.ProtocolExec - ex-000000D7: target auth state: UNCHALLENGED
2024-07-24 14:30:45.526 [Test worker] DEBUG c.g.d.z.s.o.a.h.c.h.i.c.ProtocolExec - ex-000000D7: proxy auth state: UNCHALLENGED
2024-07-24 14:30:45.526 [Test worker] DEBUG c.g.d.z.s.o.a.h.c.h.i.c.ConnectExec - ex-000000D7: acquiring connection with route {}->npipe://localhost:2375
2024-07-24 14:30:45.526 [Test worker] DEBUG c.g.d.z.s.o.a.h.c.h.i.c.InternalHttpClient - ex-000000D7: acquiring endpoint (3 MINUTES)
2024-07-24 14:30:45.526 [Test worker] DEBUG c.g.d.z.s.o.a.h.c.h.i.i.PoolingHttpClientConnectionManager - ex-000000D7: endpoint lease request (3 MINUTES) [route: {}->npipe://localhost:2375][total available: 1; route allocated: 1 of 2147483647; total allocated: 1 of 2147483647]
2024-07-24 14:30:45.527 [Test worker] DEBUG c.g.d.z.s.o.a.h.c.h.i.i.PoolingHttpClientConnectionManager - ex-000000D7: endpoint leased [route: {}->npipe://localhost:2375][total available: 0; route allocated: 1 of 2147483647; total allocated: 1 of 2147483647]
2024-07-24 14:30:45.527 [Test worker] DEBUG c.g.d.z.s.o.a.h.c.h.i.i.PoolingHttpClientConnectionManager - ex-000000D7: acquired ep-000000D6
2024-07-24 14:30:45.527 [Test worker] DEBUG c.g.d.z.s.o.a.h.c.h.i.c.InternalHttpClient - ex-000000D7: acquired endpoint ep-000000D6
2024-07-24 14:30:45.527 [Test worker] DEBUG c.g.d.z.s.o.a.h.c.h.i.c.MainClientExec - ex-000000D7: executing GET /v1.32/containers/affb0fac313f8848d9a6ec6d76d2914f065d660553159cd89d9a7dea13e19931/json HTTP/1.1
2024-07-24 14:30:45.527 [Test worker] DEBUG c.g.d.z.s.o.a.h.c.h.i.c.InternalHttpClient - ep-000000D6: start execution ex-000000D7
2024-07-24 14:30:45.527 [Test worker] DEBUG c.g.d.z.s.o.a.h.c.h.i.i.PoolingHttpClientConnectionManager - ep-000000D6: executing exchange ex-000000D7 over http-outgoing-20
2024-07-24 14:30:45.527 [Test worker] DEBUG c.g.d.z.s.o.a.h.client5.http.headers - http-outgoing-20 >> GET /v1.32/containers/affb0fac313f8848d9a6ec6d76d2914f065d660553159cd89d9a7dea13e19931/json HTTP/1.1
2024-07-24 14:30:45.527 [Test worker] DEBUG c.g.d.z.s.o.a.h.client5.http.headers - http-outgoing-20 >> accept: application/json
2024-07-24 14:30:45.527 [Test worker] DEBUG c.g.d.z.s.o.a.h.client5.http.headers - http-outgoing-20 >> x-tc-sid: 280e6229-7396-4d60-b1e3-a5de48b5d49b
2024-07-24 14:30:45.527 [Test worker] DEBUG c.g.d.z.s.o.a.h.client5.http.headers - http-outgoing-20 >> User-Agent: tc-java/1.19.8
2024-07-24 14:30:45.527 [Test worker] DEBUG c.g.d.z.s.o.a.h.client5.http.headers - http-outgoing-20 >> Accept-Encoding: gzip, x-gzip, deflate
2024-07-24 14:30:45.527 [Test worker] DEBUG c.g.d.z.s.o.a.h.client5.http.headers - http-outgoing-20 >> Host: localhost:2375
2024-07-24 14:30:45.527 [Test worker] DEBUG c.g.d.z.s.o.a.h.client5.http.headers - http-outgoing-20 >> Connection: keep-alive
2024-07-24 14:30:45.527 [Test worker] DEBUG c.g.d.z.s.o.a.hc.client5.http.wire - http-outgoing-20 >> "GET /v1.32/containers/affb0fac313f8848d9a6ec6d76d2914f065d660553159cd89d9a7dea13e19931/json HTTP/1.1[\r][\n]"
2024-07-24 14:30:45.527 [Test worker] DEBUG c.g.d.z.s.o.a.hc.client5.http.wire - http-outgoing-20 >> "accept: application/json[\r][\n]"
2024-07-24 14:30:45.527 [Test worker] DEBUG c.g.d.z.s.o.a.hc.client5.http.wire - http-outgoing-20 >> "x-tc-sid: 280e6229-7396-4d60-b1e3-a5de48b5d49b[\r][\n]"
2024-07-24 14:30:45.527 [Test worker] DEBUG c.g.d.z.s.o.a.hc.client5.http.wire - http-outgoing-20 >> "User-Agent: tc-java/1.19.8[\r][\n]"
2024-07-24 14:30:45.527 [Test worker] DEBUG c.g.d.z.s.o.a.hc.client5.http.wire - http-outgoing-20 >> "Accept-Encoding: gzip, x-gzip, deflate[\r][\n]"
2024-07-24 14:30:45.527 [Test worker] DEBUG c.g.d.z.s.o.a.hc.client5.http.wire - http-outgoing-20 >> "Host: localhost:2375[\r][\n]"
2024-07-24 14:30:45.527 [Test worker] DEBUG c.g.d.z.s.o.a.hc.client5.http.wire - http-outgoing-20 >> "Connection: keep-alive[\r][\n]"
2024-07-24 14:30:45.527 [Test worker] DEBUG c.g.d.z.s.o.a.hc.client5.http.wire - http-outgoing-20 >> "[\r][\n]"
2024-07-24 14:30:45.530 [Test worker] DEBUG c.g.d.z.s.o.a.hc.client5.http.wire - http-outgoing-20 << "HTTP/1.1 200 OK[\r][\n]"
2024-07-24 14:30:45.530 [Test worker] DEBUG c.g.d.z.s.o.a.hc.client5.http.wire - http-outgoing-20 << "Api-Version: 1.45[\r][\n]"
2024-07-24 14:30:45.530 [Test worker] DEBUG c.g.d.z.s.o.a.hc.client5.http.wire - http-outgoing-20 << "Content-Type: application/json[\r][\n]"
2024-07-24 14:30:45.530 [Test worker] DEBUG c.g.d.z.s.o.a.hc.client5.http.wire - http-outgoing-20 << "Date: Wed, 24 Jul 2024 02:30:45 GMT[\r][\n]"
2024-07-24 14:30:45.530 [Test worker] DEBUG c.g.d.z.s.o.a.hc.client5.http.wire - http-outgoing-20 << "Docker-Experimental: false[\r][\n]"
2024-07-24 14:30:45.530 [Test worker] DEBUG c.g.d.z.s.o.a.hc.client5.http.wire - http-outgoing-20 << "Ostype: linux[\r][\n]"
2024-07-24 14:30:45.530 [Test worker] DEBUG c.g.d.z.s.o.a.hc.client5.http.wire - http-outgoing-20 << "Server: Docker/26.0.0 (linux)[\r][\n]"
2024-07-24 14:30:45.530 [Test worker] DEBUG c.g.d.z.s.o.a.hc.client5.http.wire - http-outgoing-20 << "Transfer-Encoding: chunked[\r][\n]"
2024-07-24 14:30:45.530 [Test worker] DEBUG c.g.d.z.s.o.a.hc.client5.http.wire - http-outgoing-20 << "[\r][\n]"
2024-07-24 14:30:45.530 [Test worker] DEBUG c.g.d.z.s.o.a.h.client5.http.headers - http-outgoing-20 << HTTP/1.1 200 OK
2024-07-24 14:30:45.530 [Test worker] DEBUG c.g.d.z.s.o.a.h.client5.http.headers - http-outgoing-20 << Api-Version: 1.45
2024-07-24 14:30:45.530 [Test worker] DEBUG c.g.d.z.s.o.a.h.client5.http.headers - http-outgoing-20 << Content-Type: application/json
2024-07-24 14:30:45.530 [Test worker] DEBUG c.g.d.z.s.o.a.h.client5.http.headers - http-outgoing-20 << Date: Wed, 24 Jul 2024 02:30:45 GMT
2024-07-24 14:30:45.530 [Test worker] DEBUG c.g.d.z.s.o.a.h.client5.http.headers - http-outgoing-20 << Docker-Experimental: false
2024-07-24 14:30:45.530 [Test worker] DEBUG c.g.d.z.s.o.a.h.client5.http.headers - http-outgoing-20 << Ostype: linux
2024-07-24 14:30:45.530 [Test worker] DEBUG c.g.d.z.s.o.a.h.client5.http.headers - http-outgoing-20 << Server: Docker/26.0.0 (linux)
2024-07-24 14:30:45.530 [Test worker] DEBUG c.g.d.z.s.o.a.h.client5.http.headers - http-outgoing-20 << Transfer-Encoding: chunked
2024-07-24 14:30:45.530 [Test worker] DEBUG c.g.d.z.s.o.a.h.c.h.i.c.MainClientExec - ex-000000D7: connection can be kept alive for 3 MINUTES
2024-07-24 14:30:45.531 [Test worker] DEBUG c.g.d.z.s.o.a.hc.client5.http.wire - http-outgoing-20 << "1a3a[\r][\n]"
2024-07-24 14:30:45.531 [Test worker] DEBUG c.g.d.z.s.o.a.hc.client5.http.wire - http-outgoing-20 << "{"Id":"affb0fac313f8848d9a6ec6d76d2914f065d660553159cd89d9a7dea13e19931","Created":"2024-07-24T02:30:43.729447352Z","Path":"docker-entrypoint.sh","Args":["postgres","-c","fsync=off"],"State":{"Status":"running","Running":true,"Paused":false,"Restarting":false,"OOMKilled":false,"Dead":false,"Pid":30464,"ExitCode":0,"Error":"","StartedAt":"2024-07-24T02:30:44.200159287Z","FinishedAt":"0001-01-01T00:00:00Z"},"Image":"sha256:8e4fc9e184899a58735e7ee333f5e272d7d2298cf59302006b71f33e217be130","ResolvConfPath":"/var/lib/docker/containers/affb0fac313f8848d9a6ec6d76d2914f065d660553159cd89d9a7dea13e19931/resolv.conf","HostnamePath":"/var/lib/docker/containers/affb0fac313f8848d9a6ec6d76d2914f065d660553159cd89d9a7dea13e19931/hostname","HostsPath":"/var/lib/docker/containers/affb0fac313f8848d9a6ec6d76d2914f065d660553159cd89d9a7dea13e19931/hosts","LogPath":"/var/lib/docker/containers/affb0fac313f8848d9a6ec6d76d2914f065d660553159cd89d9a7dea13e19931/affb0fac313f8848d9a6ec6d76d2914f065d660553159cd89d9a7dea13e19931-json.log","Name":"/wonderful_ritchie","RestartCount":0,"Driver":"overlay2","Platform":"linux","MountLabel":"","ProcessLabel":"","AppArmorProfile":"","ExecIDs":null,"HostConfig":{"Binds":[],"ContainerIDFile":"","LogConfig":{"Type":"json-file","Config":{}},"NetworkMode":"default","PortBindings":{"5432/tcp":[{"HostIp":"0.0.0.0","HostPort":"0"}]},"RestartPolicy":{"Name":"no","MaximumRetryCount":0},"AutoRemove":false,"VolumeDriver":"","VolumesFrom":[],"ConsoleSize":[0,0],"CapAdd":null,"CapDrop":null,"CgroupnsMode":"host","Dns":null,"DnsOptions":null,"DnsSearch":null,"ExtraHosts":[],"GroupAdd":null,"IpcMode":"shareable","Cgroup":"","Links":null,"OomScoreAdj":0,"PidMode":"","Privileged":false,"PublishAllPorts":false,"ReadonlyRootfs":false,"SecurityOpt":null,"UTSMode":"","UsernsMode":"","ShmSize":67108864,"Runtime":"runc","Isolation":"","CpuShares":0,"Memory":0,"NanoCpus":0,"CgroupParent":"","BlkioWeight":0,"BlkioWeightDevice":null,"BlkioDeviceReadBps":null,"BlkioDeviceWriteBps":null,"BlkioDeviceReadIOps":null,"BlkioDeviceWriteIOps":null,"CpuPeriod":0,"CpuQuota":0,"CpuRealtimePeriod":0,"CpuRealtimeRuntime":0,"CpusetCpus":"","CpusetMems":"","Devices":null,"DeviceCgroupRules":null,"DeviceRequests":null,"MemoryReservation":0,"MemorySwap":0,"MemorySwappiness":null,"OomKillDisable":false,"PidsLimit":null,"Ulimits":null,"CpuCount":0,"CpuPercent":0,"IOMaximumIOps":0,"IOMaximumBandwidth":0,"MaskedPaths":["/proc/asound","/proc/acpi","/proc/kcore","/proc/keys","/proc/latency_stats","/proc/timer_list","/proc/timer_stats","/proc/sched_debug","/proc/scsi","/sys/firmware","/sys/devices/virtual/powercap"],"ReadonlyPaths":["/proc/bus","/proc/fs","/proc/irq","/proc/sys","/proc/sysrq-trigger"]},"GraphDriver":{"Data":{"LowerDir":"/var/lib/docker/overlay2/03e69cb4bf25d6389367d1ab3d05c157c5f7bfd5041c0c305147436fb064a02c-init/diff:/var/lib/docker/overlay2/8f0ddbd386af0785c2e348570516955816ab350305d698d363962d488eeb15ec/diff:/var/lib/docker/overlay2/0eb0ca73e9b0be7c3d7fa8762ef4778a68f38391bc84c037c2e90b88e781b475/diff:/var/lib/docker/overlay2/74e634bddc785c5d436b10a5158cd82e21dc2065fd1cf8ff9c1c12e01575a2d8/diff:/var/lib/docker/overlay2/bb918b2851cd2f508f1e3fdbfff8b7f8b041d61e65fe8c368288bf399e80b818/diff:/var/lib/docker/overlay2/2abab2946cbdc2941ee8ec4024c51dac7313dee9de5fbedd1ca33388c59eb3c8/diff:/var/lib/docker/overlay2/e12f6083ee669bd92743ceb339a896bb25dbe461b718705bb39eb410b80c0ecd/diff:/var/lib/docker/overlay2/ced1e86d670d097da5ed4da7288c22507735918959161c2cd8bf083fb30d169a/diff:/var/lib/docker/overlay2/94e9ac7b74923285ae73af20aeccb964ca9079e2305db367cb85d1603560472d/diff:/var/lib/docker/overlay2/a396b6dfd63f0c228c519871183c614cccf4d366a43460f27ecf97113c3c4be8/diff:/var/lib/docker/overlay2/f58ada5d5080c2bac553c734f81127660a90581a35ed2a92cebe3c59e340875b/diff:/var/lib/docker/overlay2/84f85636f37bf55d945e217b4f87a856eba7932284beaf042561007b66f48977/diff:/var/lib/docker/overlay2/1e6e519613884e91a2b74a588ba35dc8a2f789371ab798ef6e7d9836d756042f/diff:/var/lib/docker/overlay2/14a3151cc8b4f9d27d2e64f1a8abc0c7809309580f2d7e8dc8545055c1d56194/diff:/var/lib/d"
2024-07-24 14:30:45.532 [Test worker] DEBUG c.g.d.z.s.o.a.hc.client5.http.wire - http-outgoing-20 << "ocker/overlay2/5b354b9e793401517fe2f1da697653fdaadffc54888eaf76d67e0600b8c68bdc/diff","MergedDir":"/var/lib/docker/overlay2/03e69cb4bf25d6389367d1ab3d05c157c5f7bfd5041c0c305147436fb064a02c/merged","UpperDir":"/var/lib/docker/overlay2/03e69cb4bf25d6389367d1ab3d05c157c5f7bfd5041c0c305147436fb064a02c/diff","WorkDir":"/var/lib/docker/overlay2/03e69cb4bf25d6389367d1ab3d05c157c5f7bfd5041c0c305147436fb064a02c/work"},"Name":"overlay2"},"Mounts":[{"Type":"volume","Name":"78b0c3d668a503b9cae1401fd92bdbbe6f883faba35ab3703383974a6cc3d26b","Source":"/var/lib/docker/volumes/78b0c3d668a503b9cae1401fd92bdbbe6f883faba35ab3703383974a6cc3d26b/_data","Destination":"/var/lib/postgresql/data","Driver":"local","Mode":"","RW":true,"Propagation":""}],"Config":{"Hostname":"affb0fac313f","Domainname":"","User":"","AttachStdin":false,"AttachStdout":false,"AttachStderr":false,"ExposedPorts":{"5432/tcp":{}},"Tty":false,"OpenStdin":false,"StdinOnce":false,"Env":["POSTGRES_USER=user","POSTGRES_PASSWORD=password","POSTGRES_DB=db","PATH=/usr/local/sbin:/usr/local/bin:/usr/sbin:/usr/bin:/sbin:/bin:/usr/lib/postgresql/16/bin","GOSU_VERSION=1.17","LANG=en_US.utf8","PG_MAJOR=16","PG_VERSION=16.2-1.pgdg120+2","PGDATA=/var/lib/postgresql/data"],"Cmd":["postgres","-c","fsync=off"],"Image":"postgres:latest","Volumes":{"/var/lib/postgresql/data":{}},"WorkingDir":"","Entrypoint":["docker-entrypoint.sh"],"OnBuild":null,"Labels":{"org.testcontainers":"true","org.testcontainers.lang":"java","org.testcontainers.sessionId":"280e6229-7396-4d60-b1e3-a5de48b5d49b","org.testcontainers.version":"1.19.8"},"StopSignal":"SIGINT"},"NetworkSettings":{"Bridge":"","SandboxID":"6de1ee49502df90cb171fade5bd7fdd0f1332a0915522c78b9208ed7c8a1c1aa","SandboxKey":"/var/run/docker/netns/6de1ee49502d","Ports":{"5432/tcp":[{"HostIp":"0.0.0.0","HostPort":"51572"}]},"HairpinMode":false,"LinkLocalIPv6Address":"","LinkLocalIPv6PrefixLen":0,"SecondaryIPAddresses":null,"SecondaryIPv6Addresses":null,"EndpointID":"ee034f8aff30d2315c9d5636fb81a1d29bd75fa466960f9a43480daeb0c1121d","Gateway":"172.17.0.1","GlobalIPv6Address":"","GlobalIPv6PrefixLen":0,"IPAddress":"172.17.0.3","IPPrefixLen":16,"IPv6Gateway":"","MacAddress":"02:42:ac:11:00:03","Networks":{"bridge":{"IPAMConfig":null,"Links":null,"Aliases":null,"MacAddress":"02:42:ac:11:00:03","NetworkID":"3c842496be344cbdae878c1dee0957e7bc7c0a2236009c92752030f2b053e72f","EndpointID":"ee034f8aff30d2315c9d5636fb81a1d29bd75fa466960f9a43480daeb0c1121d","Gateway":"172.17.0.1","IPAddress":"172.17.0.3","IPPrefixLen":16,"IPv6Gateway":"","GlobalIPv6Address":"","GlobalIPv6PrefixLen":0,"DriverOpts":null,"DNSNames":null}}}}[\n]"
2024-07-24 14:30:45.532 [Test worker] DEBUG c.g.d.z.s.o.a.hc.client5.http.wire - http-outgoing-20 << "[\r][\n]"
2024-07-24 14:30:45.532 [Test worker] DEBUG c.g.d.z.s.o.a.hc.client5.http.wire - http-outgoing-20 << "0[\r][\n]"
2024-07-24 14:30:45.532 [Test worker] DEBUG c.g.d.z.s.o.a.hc.client5.http.wire - http-outgoing-20 << "[\r][\n]"
2024-07-24 14:30:45.532 [Test worker] DEBUG c.g.d.z.s.o.a.h.c.h.i.c.InternalHttpClient - ep-000000D6: releasing valid endpoint
2024-07-24 14:30:45.532 [Test worker] DEBUG c.g.d.z.s.o.a.h.c.h.i.i.PoolingHttpClientConnectionManager - ep-000000D6: releasing endpoint
2024-07-24 14:30:45.532 [Test worker] DEBUG c.g.d.z.s.o.a.h.c.h.i.i.PoolingHttpClientConnectionManager - ep-000000D6: connection http-outgoing-20 can be kept alive for 3 MINUTES
2024-07-24 14:30:45.532 [Test worker] DEBUG c.g.d.z.s.o.a.h.c.h.i.i.PoolingHttpClientConnectionManager - ep-000000D6: connection released [route: {}->npipe://localhost:2375][total available: 1; route allocated: 1 of 2147483647; total allocated: 1 of 2147483647]
2024-07-24 14:30:45.532 [Test worker] TRACE o.t.utility.ResourceReaper - Stopping container: affb0fac313f8848d9a6ec6d76d2914f065d660553159cd89d9a7dea13e19931
2024-07-24 14:30:45.532 [Test worker] DEBUG o.t.s.c.g.d.c.command.AbstrDockerCmd - Cmd: affb0fac313f8848d9a6ec6d76d2914f065d660553159cd89d9a7dea13e19931,<null>
2024-07-24 14:30:45.532 [Test worker] TRACE o.t.s.c.g.d.c.e.KillContainerCmdExec - POST: DefaultWebTarget{path=[/containers/affb0fac313f8848d9a6ec6d76d2914f065d660553159cd89d9a7dea13e19931/kill], queryParams={}}
2024-07-24 14:30:45.533 [Test worker] DEBUG c.g.d.z.s.o.a.h.c.h.i.c.InternalHttpClient - ex-000000D8: preparing request execution
2024-07-24 14:30:45.533 [Test worker] DEBUG c.g.d.z.s.o.a.h.c.h.p.RequestAddCookies - Cookie spec selected: strict
2024-07-24 14:30:45.533 [Test worker] DEBUG c.g.d.z.s.o.a.h.c.h.p.RequestAuthCache - Auth cache not set in the context
2024-07-24 14:30:45.533 [Test worker] DEBUG c.g.d.z.s.o.a.h.c.h.i.c.ProtocolExec - ex-000000D8: target auth state: UNCHALLENGED
2024-07-24 14:30:45.533 [Test worker] DEBUG c.g.d.z.s.o.a.h.c.h.i.c.ProtocolExec - ex-000000D8: proxy auth state: UNCHALLENGED
2024-07-24 14:30:45.533 [Test worker] DEBUG c.g.d.z.s.o.a.h.c.h.i.c.ConnectExec - ex-000000D8: acquiring connection with route {}->npipe://localhost:2375
2024-07-24 14:30:45.533 [Test worker] DEBUG c.g.d.z.s.o.a.h.c.h.i.c.InternalHttpClient - ex-000000D8: acquiring endpoint (3 MINUTES)
2024-07-24 14:30:45.533 [Test worker] DEBUG c.g.d.z.s.o.a.h.c.h.i.i.PoolingHttpClientConnectionManager - ex-000000D8: endpoint lease request (3 MINUTES) [route: {}->npipe://localhost:2375][total available: 1; route allocated: 1 of 2147483647; total allocated: 1 of 2147483647]
2024-07-24 14:30:45.533 [Test worker] DEBUG c.g.d.z.s.o.a.h.c.h.i.i.PoolingHttpClientConnectionManager - ex-000000D8: endpoint leased [route: {}->npipe://localhost:2375][total available: 0; route allocated: 1 of 2147483647; total allocated: 1 of 2147483647]
2024-07-24 14:30:45.533 [Test worker] DEBUG c.g.d.z.s.o.a.h.c.h.i.i.PoolingHttpClientConnectionManager - ex-000000D8: acquired ep-000000D7
2024-07-24 14:30:45.533 [Test worker] DEBUG c.g.d.z.s.o.a.h.c.h.i.c.InternalHttpClient - ex-000000D8: acquired endpoint ep-000000D7
2024-07-24 14:30:45.533 [Test worker] DEBUG c.g.d.z.s.o.a.h.c.h.i.c.MainClientExec - ex-000000D8: executing POST /v1.32/containers/affb0fac313f8848d9a6ec6d76d2914f065d660553159cd89d9a7dea13e19931/kill HTTP/1.1
2024-07-24 14:30:45.533 [Test worker] DEBUG c.g.d.z.s.o.a.h.c.h.i.c.InternalHttpClient - ep-000000D7: start execution ex-000000D8
2024-07-24 14:30:45.533 [Test worker] DEBUG c.g.d.z.s.o.a.h.c.h.i.i.PoolingHttpClientConnectionManager - ep-000000D7: executing exchange ex-000000D8 over http-outgoing-20
2024-07-24 14:30:45.533 [Test worker] DEBUG c.g.d.z.s.o.a.h.client5.http.headers - http-outgoing-20 >> POST /v1.32/containers/affb0fac313f8848d9a6ec6d76d2914f065d660553159cd89d9a7dea13e19931/kill HTTP/1.1
2024-07-24 14:30:45.533 [Test worker] DEBUG c.g.d.z.s.o.a.h.client5.http.headers - http-outgoing-20 >> accept: application/json
2024-07-24 14:30:45.533 [Test worker] DEBUG c.g.d.z.s.o.a.h.client5.http.headers - http-outgoing-20 >> content-type: application/json
2024-07-24 14:30:45.533 [Test worker] DEBUG c.g.d.z.s.o.a.h.client5.http.headers - http-outgoing-20 >> x-tc-sid: 280e6229-7396-4d60-b1e3-a5de48b5d49b
2024-07-24 14:30:45.533 [Test worker] DEBUG c.g.d.z.s.o.a.h.client5.http.headers - http-outgoing-20 >> User-Agent: tc-java/1.19.8
2024-07-24 14:30:45.533 [Test worker] DEBUG c.g.d.z.s.o.a.h.client5.http.headers - http-outgoing-20 >> Accept-Encoding: gzip, x-gzip, deflate
2024-07-24 14:30:45.533 [Test worker] DEBUG c.g.d.z.s.o.a.h.client5.http.headers - http-outgoing-20 >> Host: localhost:2375
2024-07-24 14:30:45.533 [Test worker] DEBUG c.g.d.z.s.o.a.h.client5.http.headers - http-outgoing-20 >> Connection: keep-alive
2024-07-24 14:30:45.533 [Test worker] DEBUG c.g.d.z.s.o.a.hc.client5.http.wire - http-outgoing-20 >> "POST /v1.32/containers/affb0fac313f8848d9a6ec6d76d2914f065d660553159cd89d9a7dea13e19931/kill HTTP/1.1[\r][\n]"
2024-07-24 14:30:45.533 [Test worker] DEBUG c.g.d.z.s.o.a.hc.client5.http.wire - http-outgoing-20 >> "accept: application/json[\r][\n]"
2024-07-24 14:30:45.533 [Test worker] DEBUG c.g.d.z.s.o.a.hc.client5.http.wire - http-outgoing-20 >> "content-type: application/json[\r][\n]"
2024-07-24 14:30:45.533 [Test worker] DEBUG c.g.d.z.s.o.a.hc.client5.http.wire - http-outgoing-20 >> "x-tc-sid: 280e6229-7396-4d60-b1e3-a5de48b5d49b[\r][\n]"
2024-07-24 14:30:45.533 [Test worker] DEBUG c.g.d.z.s.o.a.hc.client5.http.wire - http-outgoing-20 >> "User-Agent: tc-java/1.19.8[\r][\n]"
2024-07-24 14:30:45.533 [Test worker] DEBUG c.g.d.z.s.o.a.hc.client5.http.wire - http-outgoing-20 >> "Accept-Encoding: gzip, x-gzip, deflate[\r][\n]"
2024-07-24 14:30:45.533 [Test worker] DEBUG c.g.d.z.s.o.a.hc.client5.http.wire - http-outgoing-20 >> "Host: localhost:2375[\r][\n]"
2024-07-24 14:30:45.533 [Test worker] DEBUG c.g.d.z.s.o.a.hc.client5.http.wire - http-outgoing-20 >> "Connection: keep-alive[\r][\n]"
2024-07-24 14:30:45.533 [Test worker] DEBUG c.g.d.z.s.o.a.hc.client5.http.wire - http-outgoing-20 >> "[\r][\n]"
2024-07-24 14:30:46.175 [Test worker] DEBUG c.g.d.z.s.o.a.hc.client5.http.wire - http-outgoing-20 << "HTTP/1.1 204 No Content[\r][\n]"
2024-07-24 14:30:46.175 [Test worker] DEBUG c.g.d.z.s.o.a.hc.client5.http.wire - http-outgoing-20 << "Api-Version: 1.45[\r][\n]"
2024-07-24 14:30:46.175 [Test worker] DEBUG c.g.d.z.s.o.a.hc.client5.http.wire - http-outgoing-20 << "Date: Wed, 24 Jul 2024 02:30:46 GMT[\r][\n]"
2024-07-24 14:30:46.175 [Test worker] DEBUG c.g.d.z.s.o.a.hc.client5.http.wire - http-outgoing-20 << "Docker-Experimental: false[\r][\n]"
2024-07-24 14:30:46.175 [Test worker] DEBUG c.g.d.z.s.o.a.hc.client5.http.wire - http-outgoing-20 << "Ostype: linux[\r][\n]"
2024-07-24 14:30:46.175 [Test worker] DEBUG c.g.d.z.s.o.a.hc.client5.http.wire - http-outgoing-20 << "Server: Docker/26.0.0 (linux)[\r][\n]"
2024-07-24 14:30:46.175 [Test worker] DEBUG c.g.d.z.s.o.a.hc.client5.http.wire - http-outgoing-20 << "[\r][\n]"
2024-07-24 14:30:46.175 [Test worker] DEBUG c.g.d.z.s.o.a.h.client5.http.headers - http-outgoing-20 << HTTP/1.1 204 No Content
2024-07-24 14:30:46.175 [Test worker] DEBUG c.g.d.z.s.o.a.h.client5.http.headers - http-outgoing-20 << Api-Version: 1.45
2024-07-24 14:30:46.175 [Test worker] DEBUG c.g.d.z.s.o.a.h.client5.http.headers - http-outgoing-20 << Date: Wed, 24 Jul 2024 02:30:46 GMT
2024-07-24 14:30:46.175 [Test worker] DEBUG c.g.d.z.s.o.a.h.client5.http.headers - http-outgoing-20 << Docker-Experimental: false
2024-07-24 14:30:46.175 [Test worker] DEBUG c.g.d.z.s.o.a.h.client5.http.headers - http-outgoing-20 << Ostype: linux
2024-07-24 14:30:46.175 [Test worker] DEBUG c.g.d.z.s.o.a.h.client5.http.headers - http-outgoing-20 << Server: Docker/26.0.0 (linux)
2024-07-24 14:30:46.176 [Test worker] DEBUG c.g.d.z.s.o.a.h.c.h.i.c.MainClientExec - ex-000000D8: connection can be kept alive for 3 MINUTES
2024-07-24 14:30:46.176 [Test worker] DEBUG c.g.d.z.s.o.a.h.c.h.i.c.InternalHttpClient - ep-000000D7: releasing valid endpoint
2024-07-24 14:30:46.176 [Test worker] DEBUG c.g.d.z.s.o.a.h.c.h.i.i.PoolingHttpClientConnectionManager - ep-000000D7: releasing endpoint
2024-07-24 14:30:46.176 [Test worker] DEBUG c.g.d.z.s.o.a.h.c.h.i.i.PoolingHttpClientConnectionManager - ep-000000D7: connection http-outgoing-20 can be kept alive for 3 MINUTES
2024-07-24 14:30:46.176 [Test worker] DEBUG c.g.d.z.s.o.a.h.c.h.i.i.PoolingHttpClientConnectionManager - ep-000000D7: connection released [route: {}->npipe://localhost:2375][total available: 1; route allocated: 1 of 2147483647; total allocated: 1 of 2147483647]
2024-07-24 14:30:46.176 [Test worker] TRACE o.t.utility.ResourceReaper - Stopped container: postgres:latest
2024-07-24 14:30:46.176 [Test worker] DEBUG o.t.s.c.g.d.c.command.AbstrDockerCmd - Cmd: affb0fac313f8848d9a6ec6d76d2914f065d660553159cd89d9a7dea13e19931,false
2024-07-24 14:30:46.176 [Test worker] DEBUG o.t.s.c.g.d.c.e.InspectContainerCmdExec - GET: DefaultWebTarget{path=[/containers/affb0fac313f8848d9a6ec6d76d2914f065d660553159cd89d9a7dea13e19931/json], queryParams={}}
2024-07-24 14:30:46.176 [Test worker] DEBUG c.g.d.z.s.o.a.h.c.h.i.c.InternalHttpClient - ex-000000D9: preparing request execution
2024-07-24 14:30:46.176 [Test worker] DEBUG c.g.d.z.s.o.a.h.c.h.p.RequestAddCookies - Cookie spec selected: strict
2024-07-24 14:30:46.176 [Test worker] DEBUG c.g.d.z.s.o.a.h.c.h.p.RequestAuthCache - Auth cache not set in the context
2024-07-24 14:30:46.176 [Test worker] DEBUG c.g.d.z.s.o.a.h.c.h.i.c.ProtocolExec - ex-000000D9: target auth state: UNCHALLENGED
2024-07-24 14:30:46.176 [Test worker] DEBUG c.g.d.z.s.o.a.h.c.h.i.c.ProtocolExec - ex-000000D9: proxy auth state: UNCHALLENGED
2024-07-24 14:30:46.176 [Test worker] DEBUG c.g.d.z.s.o.a.h.c.h.i.c.ConnectExec - ex-000000D9: acquiring connection with route {}->npipe://localhost:2375
2024-07-24 14:30:46.176 [Test worker] DEBUG c.g.d.z.s.o.a.h.c.h.i.c.InternalHttpClient - ex-000000D9: acquiring endpoint (3 MINUTES)
2024-07-24 14:30:46.177 [Test worker] DEBUG c.g.d.z.s.o.a.h.c.h.i.i.PoolingHttpClientConnectionManager - ex-000000D9: endpoint lease request (3 MINUTES) [route: {}->npipe://localhost:2375][total available: 1; route allocated: 1 of 2147483647; total allocated: 1 of 2147483647]
2024-07-24 14:30:46.177 [Test worker] DEBUG c.g.d.z.s.o.a.h.c.h.i.i.PoolingHttpClientConnectionManager - ex-000000D9: endpoint leased [route: {}->npipe://localhost:2375][total available: 0; route allocated: 1 of 2147483647; total allocated: 1 of 2147483647]
2024-07-24 14:30:46.177 [Test worker] DEBUG c.g.d.z.s.o.a.h.c.h.i.i.PoolingHttpClientConnectionManager - ex-000000D9: acquired ep-000000D8
2024-07-24 14:30:46.177 [Test worker] DEBUG c.g.d.z.s.o.a.h.c.h.i.c.InternalHttpClient - ex-000000D9: acquired endpoint ep-000000D8
2024-07-24 14:30:46.177 [Test worker] DEBUG c.g.d.z.s.o.a.h.c.h.i.c.MainClientExec - ex-000000D9: executing GET /v1.32/containers/affb0fac313f8848d9a6ec6d76d2914f065d660553159cd89d9a7dea13e19931/json HTTP/1.1
2024-07-24 14:30:46.177 [Test worker] DEBUG c.g.d.z.s.o.a.h.c.h.i.c.InternalHttpClient - ep-000000D8: start execution ex-000000D9
2024-07-24 14:30:46.177 [Test worker] DEBUG c.g.d.z.s.o.a.h.c.h.i.i.PoolingHttpClientConnectionManager - ep-000000D8: executing exchange ex-000000D9 over http-outgoing-20
2024-07-24 14:30:46.177 [Test worker] DEBUG c.g.d.z.s.o.a.h.client5.http.headers - http-outgoing-20 >> GET /v1.32/containers/affb0fac313f8848d9a6ec6d76d2914f065d660553159cd89d9a7dea13e19931/json HTTP/1.1
2024-07-24 14:30:46.177 [Test worker] DEBUG c.g.d.z.s.o.a.h.client5.http.headers - http-outgoing-20 >> accept: application/json
2024-07-24 14:30:46.177 [Test worker] DEBUG c.g.d.z.s.o.a.h.client5.http.headers - http-outgoing-20 >> x-tc-sid: 280e6229-7396-4d60-b1e3-a5de48b5d49b
2024-07-24 14:30:46.177 [Test worker] DEBUG c.g.d.z.s.o.a.h.client5.http.headers - http-outgoing-20 >> User-Agent: tc-java/1.19.8
2024-07-24 14:30:46.177 [Test worker] DEBUG c.g.d.z.s.o.a.h.client5.http.headers - http-outgoing-20 >> Accept-Encoding: gzip, x-gzip, deflate
2024-07-24 14:30:46.177 [Test worker] DEBUG c.g.d.z.s.o.a.h.client5.http.headers - http-outgoing-20 >> Host: localhost:2375
2024-07-24 14:30:46.177 [Test worker] DEBUG c.g.d.z.s.o.a.h.client5.http.headers - http-outgoing-20 >> Connection: keep-alive
2024-07-24 14:30:46.177 [Test worker] DEBUG c.g.d.z.s.o.a.hc.client5.http.wire - http-outgoing-20 >> "GET /v1.32/containers/affb0fac313f8848d9a6ec6d76d2914f065d660553159cd89d9a7dea13e19931/json HTTP/1.1[\r][\n]"
2024-07-24 14:30:46.177 [Test worker] DEBUG c.g.d.z.s.o.a.hc.client5.http.wire - http-outgoing-20 >> "accept: application/json[\r][\n]"
2024-07-24 14:30:46.177 [Test worker] DEBUG c.g.d.z.s.o.a.hc.client5.http.wire - http-outgoing-20 >> "x-tc-sid: 280e6229-7396-4d60-b1e3-a5de48b5d49b[\r][\n]"
2024-07-24 14:30:46.177 [Test worker] DEBUG c.g.d.z.s.o.a.hc.client5.http.wire - http-outgoing-20 >> "User-Agent: tc-java/1.19.8[\r][\n]"
2024-07-24 14:30:46.177 [Test worker] DEBUG c.g.d.z.s.o.a.hc.client5.http.wire - http-outgoing-20 >> "Accept-Encoding: gzip, x-gzip, deflate[\r][\n]"
2024-07-24 14:30:46.177 [Test worker] DEBUG c.g.d.z.s.o.a.hc.client5.http.wire - http-outgoing-20 >> "Host: localhost:2375[\r][\n]"
2024-07-24 14:30:46.177 [Test worker] DEBUG c.g.d.z.s.o.a.hc.client5.http.wire - http-outgoing-20 >> "Connection: keep-alive[\r][\n]"
2024-07-24 14:30:46.177 [Test worker] DEBUG c.g.d.z.s.o.a.hc.client5.http.wire - http-outgoing-20 >> "[\r][\n]"
2024-07-24 14:30:46.190 [Test worker] DEBUG c.g.d.z.s.o.a.hc.client5.http.wire - http-outgoing-20 << "HTTP/1.1 200 OK[\r][\n]"
2024-07-24 14:30:46.190 [Test worker] DEBUG c.g.d.z.s.o.a.hc.client5.http.wire - http-outgoing-20 << "Api-Version: 1.45[\r][\n]"
2024-07-24 14:30:46.190 [Test worker] DEBUG c.g.d.z.s.o.a.hc.client5.http.wire - http-outgoing-20 << "Content-Type: application/json[\r][\n]"
2024-07-24 14:30:46.190 [Test worker] DEBUG c.g.d.z.s.o.a.hc.client5.http.wire - http-outgoing-20 << "Date: Wed, 24 Jul 2024 02:30:46 GMT[\r][\n]"
2024-07-24 14:30:46.190 [Test worker] DEBUG c.g.d.z.s.o.a.hc.client5.http.wire - http-outgoing-20 << "Docker-Experimental: false[\r][\n]"
2024-07-24 14:30:46.190 [Test worker] DEBUG c.g.d.z.s.o.a.hc.client5.http.wire - http-outgoing-20 << "Ostype: linux[\r][\n]"
2024-07-24 14:30:46.190 [Test worker] DEBUG c.g.d.z.s.o.a.hc.client5.http.wire - http-outgoing-20 << "Server: Docker/26.0.0 (linux)[\r][\n]"
2024-07-24 14:30:46.190 [Test worker] DEBUG c.g.d.z.s.o.a.hc.client5.http.wire - http-outgoing-20 << "Transfer-Encoding: chunked[\r][\n]"
2024-07-24 14:30:46.190 [Test worker] DEBUG c.g.d.z.s.o.a.hc.client5.http.wire - http-outgoing-20 << "[\r][\n]"
2024-07-24 14:30:46.191 [Test worker] DEBUG c.g.d.z.s.o.a.h.client5.http.headers - http-outgoing-20 << HTTP/1.1 200 OK
2024-07-24 14:30:46.191 [Test worker] DEBUG c.g.d.z.s.o.a.h.client5.http.headers - http-outgoing-20 << Api-Version: 1.45
2024-07-24 14:30:46.191 [Test worker] DEBUG c.g.d.z.s.o.a.h.client5.http.headers - http-outgoing-20 << Content-Type: application/json
2024-07-24 14:30:46.191 [Test worker] DEBUG c.g.d.z.s.o.a.h.client5.http.headers - http-outgoing-20 << Date: Wed, 24 Jul 2024 02:30:46 GMT
2024-07-24 14:30:46.191 [Test worker] DEBUG c.g.d.z.s.o.a.h.client5.http.headers - http-outgoing-20 << Docker-Experimental: false
2024-07-24 14:30:46.191 [Test worker] DEBUG c.g.d.z.s.o.a.h.client5.http.headers - http-outgoing-20 << Ostype: linux
2024-07-24 14:30:46.191 [Test worker] DEBUG c.g.d.z.s.o.a.h.client5.http.headers - http-outgoing-20 << Server: Docker/26.0.0 (linux)
2024-07-24 14:30:46.191 [Test worker] DEBUG c.g.d.z.s.o.a.h.client5.http.headers - http-outgoing-20 << Transfer-Encoding: chunked
2024-07-24 14:30:46.191 [Test worker] DEBUG c.g.d.z.s.o.a.h.c.h.i.c.MainClientExec - ex-000000D9: connection can be kept alive for 3 MINUTES
2024-07-24 14:30:46.192 [Test worker] DEBUG c.g.d.z.s.o.a.hc.client5.http.wire - http-outgoing-20 << "1942[\r][\n]"
2024-07-24 14:30:46.192 [Test worker] DEBUG c.g.d.z.s.o.a.hc.client5.http.wire - http-outgoing-20 << "{"Id":"affb0fac313f8848d9a6ec6d76d2914f065d660553159cd89d9a7dea13e19931","Created":"2024-07-24T02:30:43.729447352Z","Path":"docker-entrypoint.sh","Args":["postgres","-c","fsync=off"],"State":{"Status":"exited","Running":false,"Paused":false,"Restarting":false,"OOMKilled":false,"Dead":false,"Pid":0,"ExitCode":137,"Error":"","StartedAt":"2024-07-24T02:30:44.200159287Z","FinishedAt":"2024-07-24T02:30:45.565906283Z"},"Image":"sha256:8e4fc9e184899a58735e7ee333f5e272d7d2298cf59302006b71f33e217be130","ResolvConfPath":"/var/lib/docker/containers/affb0fac313f8848d9a6ec6d76d2914f065d660553159cd89d9a7dea13e19931/resolv.conf","HostnamePath":"/var/lib/docker/containers/affb0fac313f8848d9a6ec6d76d2914f065d660553159cd89d9a7dea13e19931/hostname","HostsPath":"/var/lib/docker/containers/affb0fac313f8848d9a6ec6d76d2914f065d660553159cd89d9a7dea13e19931/hosts","LogPath":"/var/lib/docker/containers/affb0fac313f8848d9a6ec6d76d2914f065d660553159cd89d9a7dea13e19931/affb0fac313f8848d9a6ec6d76d2914f065d660553159cd89d9a7dea13e19931-json.log","Name":"/wonderful_ritchie","RestartCount":0,"Driver":"overlay2","Platform":"linux","MountLabel":"","ProcessLabel":"","AppArmorProfile":"","ExecIDs":null,"HostConfig":{"Binds":[],"ContainerIDFile":"","LogConfig":{"Type":"json-file","Config":{}},"NetworkMode":"default","PortBindings":{"5432/tcp":[{"HostIp":"0.0.0.0","HostPort":"0"}]},"RestartPolicy":{"Name":"no","MaximumRetryCount":0},"AutoRemove":false,"VolumeDriver":"","VolumesFrom":[],"ConsoleSize":[0,0],"CapAdd":null,"CapDrop":null,"CgroupnsMode":"host","Dns":null,"DnsOptions":null,"DnsSearch":null,"ExtraHosts":[],"GroupAdd":null,"IpcMode":"shareable","Cgroup":"","Links":null,"OomScoreAdj":0,"PidMode":"","Privileged":false,"PublishAllPorts":false,"ReadonlyRootfs":false,"SecurityOpt":null,"UTSMode":"","UsernsMode":"","ShmSize":67108864,"Runtime":"runc","Isolation":"","CpuShares":0,"Memory":0,"NanoCpus":0,"CgroupParent":"","BlkioWeight":0,"BlkioWeightDevice":null,"BlkioDeviceReadBps":null,"BlkioDeviceWriteBps":null,"BlkioDeviceReadIOps":null,"BlkioDeviceWriteIOps":null,"CpuPeriod":0,"CpuQuota":0,"CpuRealtimePeriod":0,"CpuRealtimeRuntime":0,"CpusetCpus":"","CpusetMems":"","Devices":null,"DeviceCgroupRules":null,"DeviceRequests":null,"MemoryReservation":0,"MemorySwap":0,"MemorySwappiness":null,"OomKillDisable":false,"PidsLimit":null,"Ulimits":null,"CpuCount":0,"CpuPercent":0,"IOMaximumIOps":0,"IOMaximumBandwidth":0,"MaskedPaths":["/proc/asound","/proc/acpi","/proc/kcore","/proc/keys","/proc/latency_stats","/proc/timer_list","/proc/timer_stats","/proc/sched_debug","/proc/scsi","/sys/firmware","/sys/devices/virtual/powercap"],"ReadonlyPaths":["/proc/bus","/proc/fs","/proc/irq","/proc/sys","/proc/sysrq-trigger"]},"GraphDriver":{"Data":{"LowerDir":"/var/lib/docker/overlay2/03e69cb4bf25d6389367d1ab3d05c157c5f7bfd5041c0c305147436fb064a02c-init/diff:/var/lib/docker/overlay2/8f0ddbd386af0785c2e348570516955816ab350305d698d363962d488eeb15ec/diff:/var/lib/docker/overlay2/0eb0ca73e9b0be7c3d7fa8762ef4778a68f38391bc84c037c2e90b88e781b475/diff:/var/lib/docker/overlay2/74e634bddc785c5d436b10a5158cd82e21dc2065fd1cf8ff9c1c12e01575a2d8/diff:/var/lib/docker/overlay2/bb918b2851cd2f508f1e3fdbfff8b7f8b041d61e65fe8c368288bf399e80b818/diff:/var/lib/docker/overlay2/2abab2946cbdc2941ee8ec4024c51dac7313dee9de5fbedd1ca33388c59eb3c8/diff:/var/lib/docker/overlay2/e12f6083ee669bd92743ceb339a896bb25dbe461b718705bb39eb410b80c0ecd/diff:/var/lib/docker/overlay2/ced1e86d670d097da5ed4da7288c22507735918959161c2cd8bf083fb30d169a/diff:/var/lib/docker/overlay2/94e9ac7b74923285ae73af20aeccb964ca9079e2305db367cb85d1603560472d/diff:/var/lib/docker/overlay2/a396b6dfd63f0c228c519871183c614cccf4d366a43460f27ecf97113c3c4be8/diff:/var/lib/docker/overlay2/f58ada5d5080c2bac553c734f81127660a90581a35ed2a92cebe3c59e340875b/diff:/var/lib/docker/overlay2/84f85636f37bf55d945e217b4f87a856eba7932284beaf042561007b66f48977/diff:/var/lib/docker/overlay2/1e6e519613884e91a2b74a588ba35dc8a2f789371ab798ef6e7d9836d756042f/diff:/var/lib/docker/overlay2/14a3151cc8b4f9d27d2e64f1a8abc0c7809309580f2d7e8dc8545055c1d56194/diff:/v"
2024-07-24 14:30:46.192 [Test worker] DEBUG c.g.d.z.s.o.a.hc.client5.http.wire - http-outgoing-20 << "ar/lib/docker/overlay2/5b354b9e793401517fe2f1da697653fdaadffc54888eaf76d67e0600b8c68bdc/diff","MergedDir":"/var/lib/docker/overlay2/03e69cb4bf25d6389367d1ab3d05c157c5f7bfd5041c0c305147436fb064a02c/merged","UpperDir":"/var/lib/docker/overlay2/03e69cb4bf25d6389367d1ab3d05c157c5f7bfd5041c0c305147436fb064a02c/diff","WorkDir":"/var/lib/docker/overlay2/03e69cb4bf25d6389367d1ab3d05c157c5f7bfd5041c0c305147436fb064a02c/work"},"Name":"overlay2"},"Mounts":[{"Type":"volume","Name":"78b0c3d668a503b9cae1401fd92bdbbe6f883faba35ab3703383974a6cc3d26b","Source":"/var/lib/docker/volumes/78b0c3d668a503b9cae1401fd92bdbbe6f883faba35ab3703383974a6cc3d26b/_data","Destination":"/var/lib/postgresql/data","Driver":"local","Mode":"","RW":true,"Propagation":""}],"Config":{"Hostname":"affb0fac313f","Domainname":"","User":"","AttachStdin":false,"AttachStdout":false,"AttachStderr":false,"ExposedPorts":{"5432/tcp":{}},"Tty":false,"OpenStdin":false,"StdinOnce":false,"Env":["POSTGRES_USER=user","POSTGRES_PASSWORD=password","POSTGRES_DB=db","PATH=/usr/local/sbin:/usr/local/bin:/usr/sbin:/usr/bin:/sbin:/bin:/usr/lib/postgresql/16/bin","GOSU_VERSION=1.17","LANG=en_US.utf8","PG_MAJOR=16","PG_VERSION=16.2-1.pgdg120+2","PGDATA=/var/lib/postgresql/data"],"Cmd":["postgres","-c","fsync=off"],"Image":"postgres:latest","Volumes":{"/var/lib/postgresql/data":{}},"WorkingDir":"","Entrypoint":["docker-entrypoint.sh"],"OnBuild":null,"Labels":{"org.testcontainers":"true","org.testcontainers.lang":"java","org.testcontainers.sessionId":"280e6229-7396-4d60-b1e3-a5de48b5d49b","org.testcontainers.version":"1.19.8"},"StopSignal":"SIGINT"},"NetworkSettings":{"Bridge":"","SandboxID":"6de1ee49502df90cb171fade5bd7fdd0f1332a0915522c78b9208ed7c8a1c1aa","SandboxKey":"/var/run/docker/netns/6de1ee49502d","Ports":{},"HairpinMode":false,"LinkLocalIPv6Address":"","LinkLocalIPv6PrefixLen":0,"SecondaryIPAddresses":null,"SecondaryIPv6Addresses":null,"EndpointID":"","Gateway":"","GlobalIPv6Address":"","GlobalIPv6PrefixLen":0,"IPAddress":"","IPPrefixLen":0,"IPv6Gateway":"","MacAddress":"","Networks":{"bridge":{"IPAMConfig":null,"Links":null,"Aliases":null,"MacAddress":"","NetworkID":"3c842496be344cbdae878c1dee0957e7bc7c0a2236009c92752030f2b053e72f","EndpointID":"","Gateway":"","IPAddress":"","IPPrefixLen":0,"IPv6Gateway":"","GlobalIPv6Address":"","GlobalIPv6PrefixLen":0,"DriverOpts":null,"DNSNames":null}}}}[\n]"
2024-07-24 14:30:46.193 [Test worker] DEBUG c.g.d.z.s.o.a.hc.client5.http.wire - http-outgoing-20 << "[\r][\n]"
2024-07-24 14:30:46.193 [Test worker] DEBUG c.g.d.z.s.o.a.hc.client5.http.wire - http-outgoing-20 << "0[\r][\n]"
2024-07-24 14:30:46.193 [Test worker] DEBUG c.g.d.z.s.o.a.hc.client5.http.wire - http-outgoing-20 << "[\r][\n]"
2024-07-24 14:30:46.193 [Test worker] DEBUG c.g.d.z.s.o.a.h.c.h.i.c.InternalHttpClient - ep-000000D8: releasing valid endpoint
2024-07-24 14:30:46.193 [Test worker] DEBUG c.g.d.z.s.o.a.h.c.h.i.i.PoolingHttpClientConnectionManager - ep-000000D8: releasing endpoint
2024-07-24 14:30:46.193 [Test worker] DEBUG c.g.d.z.s.o.a.h.c.h.i.i.PoolingHttpClientConnectionManager - ep-000000D8: connection http-outgoing-20 can be kept alive for 3 MINUTES
2024-07-24 14:30:46.193 [Test worker] DEBUG c.g.d.z.s.o.a.h.c.h.i.i.PoolingHttpClientConnectionManager - ep-000000D8: connection released [route: {}->npipe://localhost:2375][total available: 1; route allocated: 1 of 2147483647; total allocated: 1 of 2147483647]
2024-07-24 14:30:46.193 [Test worker] TRACE o.t.utility.ResourceReaper - Removing container: affb0fac313f8848d9a6ec6d76d2914f065d660553159cd89d9a7dea13e19931
2024-07-24 14:30:46.193 [Test worker] DEBUG o.t.s.c.g.d.c.command.AbstrDockerCmd - Cmd: affb0fac313f8848d9a6ec6d76d2914f065d660553159cd89d9a7dea13e19931,true,true
2024-07-24 14:30:46.194 [Test worker] TRACE o.t.s.c.g.d.c.e.RemoveContainerCmdExec - DELETE: DefaultWebTarget{path=[/containers/affb0fac313f8848d9a6ec6d76d2914f065d660553159cd89d9a7dea13e19931], queryParams={v=[true], force=[true]}}
2024-07-24 14:30:46.194 [Test worker] DEBUG c.g.d.z.s.o.a.h.c.h.i.c.InternalHttpClient - ex-000000DA: preparing request execution
2024-07-24 14:30:46.194 [Test worker] DEBUG c.g.d.z.s.o.a.h.c.h.p.RequestAddCookies - Cookie spec selected: strict
2024-07-24 14:30:46.194 [Test worker] DEBUG c.g.d.z.s.o.a.h.c.h.p.RequestAuthCache - Auth cache not set in the context
2024-07-24 14:30:46.194 [Test worker] DEBUG c.g.d.z.s.o.a.h.c.h.i.c.ProtocolExec - ex-000000DA: target auth state: UNCHALLENGED
2024-07-24 14:30:46.194 [Test worker] DEBUG c.g.d.z.s.o.a.h.c.h.i.c.ProtocolExec - ex-000000DA: proxy auth state: UNCHALLENGED
2024-07-24 14:30:46.194 [Test worker] DEBUG c.g.d.z.s.o.a.h.c.h.i.c.ConnectExec - ex-000000DA: acquiring connection with route {}->npipe://localhost:2375
2024-07-24 14:30:46.194 [Test worker] DEBUG c.g.d.z.s.o.a.h.c.h.i.c.InternalHttpClient - ex-000000DA: acquiring endpoint (3 MINUTES)
2024-07-24 14:30:46.194 [Test worker] DEBUG c.g.d.z.s.o.a.h.c.h.i.i.PoolingHttpClientConnectionManager - ex-000000DA: endpoint lease request (3 MINUTES) [route: {}->npipe://localhost:2375][total available: 1; route allocated: 1 of 2147483647; total allocated: 1 of 2147483647]
2024-07-24 14:30:46.194 [Test worker] DEBUG c.g.d.z.s.o.a.h.c.h.i.i.PoolingHttpClientConnectionManager - ex-000000DA: endpoint leased [route: {}->npipe://localhost:2375][total available: 0; route allocated: 1 of 2147483647; total allocated: 1 of 2147483647]
2024-07-24 14:30:46.194 [Test worker] DEBUG c.g.d.z.s.o.a.h.c.h.i.i.PoolingHttpClientConnectionManager - ex-000000DA: acquired ep-000000D9
2024-07-24 14:30:46.194 [Test worker] DEBUG c.g.d.z.s.o.a.h.c.h.i.c.InternalHttpClient - ex-000000DA: acquired endpoint ep-000000D9
2024-07-24 14:30:46.194 [Test worker] DEBUG c.g.d.z.s.o.a.h.c.h.i.c.MainClientExec - ex-000000DA: executing DELETE /v1.32/containers/affb0fac313f8848d9a6ec6d76d2914f065d660553159cd89d9a7dea13e19931?v=true&force=true HTTP/1.1
2024-07-24 14:30:46.194 [Test worker] DEBUG c.g.d.z.s.o.a.h.c.h.i.c.InternalHttpClient - ep-000000D9: start execution ex-000000DA
2024-07-24 14:30:46.194 [Test worker] DEBUG c.g.d.z.s.o.a.h.c.h.i.i.PoolingHttpClientConnectionManager - ep-000000D9: executing exchange ex-000000DA over http-outgoing-20
2024-07-24 14:30:46.194 [Test worker] DEBUG c.g.d.z.s.o.a.h.client5.http.headers - http-outgoing-20 >> DELETE /v1.32/containers/affb0fac313f8848d9a6ec6d76d2914f065d660553159cd89d9a7dea13e19931?v=true&force=true HTTP/1.1
2024-07-24 14:30:46.194 [Test worker] DEBUG c.g.d.z.s.o.a.h.client5.http.headers - http-outgoing-20 >> accept: application/json
2024-07-24 14:30:46.194 [Test worker] DEBUG c.g.d.z.s.o.a.h.client5.http.headers - http-outgoing-20 >> x-tc-sid: 280e6229-7396-4d60-b1e3-a5de48b5d49b
2024-07-24 14:30:46.194 [Test worker] DEBUG c.g.d.z.s.o.a.h.client5.http.headers - http-outgoing-20 >> User-Agent: tc-java/1.19.8
2024-07-24 14:30:46.194 [Test worker] DEBUG c.g.d.z.s.o.a.h.client5.http.headers - http-outgoing-20 >> Accept-Encoding: gzip, x-gzip, deflate
2024-07-24 14:30:46.194 [Test worker] DEBUG c.g.d.z.s.o.a.h.client5.http.headers - http-outgoing-20 >> Host: localhost:2375
2024-07-24 14:30:46.194 [Test worker] DEBUG c.g.d.z.s.o.a.h.client5.http.headers - http-outgoing-20 >> Connection: keep-alive
2024-07-24 14:30:46.195 [Test worker] DEBUG c.g.d.z.s.o.a.hc.client5.http.wire - http-outgoing-20 >> "DELETE /v1.32/containers/affb0fac313f8848d9a6ec6d76d2914f065d660553159cd89d9a7dea13e19931?v=true&force=true HTTP/1.1[\r][\n]"
2024-07-24 14:30:46.195 [Test worker] DEBUG c.g.d.z.s.o.a.hc.client5.http.wire - http-outgoing-20 >> "accept: application/json[\r][\n]"
2024-07-24 14:30:46.195 [Test worker] DEBUG c.g.d.z.s.o.a.hc.client5.http.wire - http-outgoing-20 >> "x-tc-sid: 280e6229-7396-4d60-b1e3-a5de48b5d49b[\r][\n]"
2024-07-24 14:30:46.195 [Test worker] DEBUG c.g.d.z.s.o.a.hc.client5.http.wire - http-outgoing-20 >> "User-Agent: tc-java/1.19.8[\r][\n]"
2024-07-24 14:30:46.195 [Test worker] DEBUG c.g.d.z.s.o.a.hc.client5.http.wire - http-outgoing-20 >> "Accept-Encoding: gzip, x-gzip, deflate[\r][\n]"
2024-07-24 14:30:46.195 [Test worker] DEBUG c.g.d.z.s.o.a.hc.client5.http.wire - http-outgoing-20 >> "Host: localhost:2375[\r][\n]"
2024-07-24 14:30:46.195 [Test worker] DEBUG c.g.d.z.s.o.a.hc.client5.http.wire - http-outgoing-20 >> "Connection: keep-alive[\r][\n]"
2024-07-24 14:30:46.195 [Test worker] DEBUG c.g.d.z.s.o.a.hc.client5.http.wire - http-outgoing-20 >> "[\r][\n]"
2024-07-24 14:30:46.269 [Test worker] DEBUG c.g.d.z.s.o.a.hc.client5.http.wire - http-outgoing-20 << "HTTP/1.1 204 No Content[\r][\n]"
2024-07-24 14:30:46.269 [Test worker] DEBUG c.g.d.z.s.o.a.hc.client5.http.wire - http-outgoing-20 << "Api-Version: 1.45[\r][\n]"
2024-07-24 14:30:46.269 [Test worker] DEBUG c.g.d.z.s.o.a.hc.client5.http.wire - http-outgoing-20 << "Date: Wed, 24 Jul 2024 02:30:46 GMT[\r][\n]"
2024-07-24 14:30:46.269 [Test worker] DEBUG c.g.d.z.s.o.a.hc.client5.http.wire - http-outgoing-20 << "Docker-Experimental: false[\r][\n]"
2024-07-24 14:30:46.269 [Test worker] DEBUG c.g.d.z.s.o.a.hc.client5.http.wire - http-outgoing-20 << "Ostype: linux[\r][\n]"
2024-07-24 14:30:46.269 [Test worker] DEBUG c.g.d.z.s.o.a.hc.client5.http.wire - http-outgoing-20 << "Server: Docker/26.0.0 (linux)[\r][\n]"
2024-07-24 14:30:46.269 [Test worker] DEBUG c.g.d.z.s.o.a.hc.client5.http.wire - http-outgoing-20 << "[\r][\n]"
2024-07-24 14:30:46.269 [Test worker] DEBUG c.g.d.z.s.o.a.h.client5.http.headers - http-outgoing-20 << HTTP/1.1 204 No Content
2024-07-24 14:30:46.269 [Test worker] DEBUG c.g.d.z.s.o.a.h.client5.http.headers - http-outgoing-20 << Api-Version: 1.45
2024-07-24 14:30:46.269 [Test worker] DEBUG c.g.d.z.s.o.a.h.client5.http.headers - http-outgoing-20 << Date: Wed, 24 Jul 2024 02:30:46 GMT
2024-07-24 14:30:46.269 [Test worker] DEBUG c.g.d.z.s.o.a.h.client5.http.headers - http-outgoing-20 << Docker-Experimental: false
2024-07-24 14:30:46.269 [Test worker] DEBUG c.g.d.z.s.o.a.h.client5.http.headers - http-outgoing-20 << Ostype: linux
2024-07-24 14:30:46.269 [Test worker] DEBUG c.g.d.z.s.o.a.h.client5.http.headers - http-outgoing-20 << Server: Docker/26.0.0 (linux)
2024-07-24 14:30:46.269 [Test worker] DEBUG c.g.d.z.s.o.a.h.c.h.i.c.MainClientExec - ex-000000DA: connection can be kept alive for 3 MINUTES
2024-07-24 14:30:46.269 [Test worker] DEBUG c.g.d.z.s.o.a.h.c.h.i.c.InternalHttpClient - ep-000000D9: releasing valid endpoint
2024-07-24 14:30:46.269 [Test worker] DEBUG c.g.d.z.s.o.a.h.c.h.i.i.PoolingHttpClientConnectionManager - ep-000000D9: releasing endpoint
2024-07-24 14:30:46.269 [Test worker] DEBUG c.g.d.z.s.o.a.h.c.h.i.i.PoolingHttpClientConnectionManager - ep-000000D9: connection http-outgoing-20 can be kept alive for 3 MINUTES
2024-07-24 14:30:46.269 [Test worker] DEBUG c.g.d.z.s.o.a.h.c.h.i.i.PoolingHttpClientConnectionManager - ep-000000D9: connection released [route: {}->npipe://localhost:2375][total available: 1; route allocated: 1 of 2147483647; total allocated: 1 of 2147483647]
2024-07-24 14:30:46.269 [Test worker] DEBUG o.t.utility.ResourceReaper - Removed container and associated volume(s): postgres:latest
2024-07-24 14:30:46.271 [Test worker] DEBUG o.t.u.PrefixingImageNameSubstitutor - No prefix is configured
2024-07-24 14:30:46.271 [Test worker] DEBUG o.t.utility.ImageNameSubstitutor - Did not find a substitute image for postgres:latest (using image substitutor: DefaultImageNameSubstitutor (composite of 'ConfigurationFileImageNameSubstitutor' and 'PrefixingImageNameSubstitutor'))
2024-07-24 14:30:46.271 [Test worker] TRACE tc.postgres:latest - postgres:latest is already in image name cache
2024-07-24 14:30:46.271 [Test worker] DEBUG o.t.images.AbstractImagePullPolicy - Using locally available and not pulling image: postgres:latest
2024-07-24 14:30:46.271 [Test worker] DEBUG tc.postgres:latest - Starting container: postgres:latest
2024-07-24 14:30:46.271 [Test worker] DEBUG tc.postgres:latest - Trying to start container: postgres:latest (attempt 1/1)
2024-07-24 14:30:46.271 [Test worker] DEBUG tc.postgres:latest - Starting container: postgres:latest
2024-07-24 14:30:46.271 [Test worker] INFO  tc.postgres:latest - Creating container for image: postgres:latest
2024-07-24 14:30:46.271 [Test worker] DEBUG o.t.utility.RegistryAuthLocator - Looking up auth config for image: postgres:latest at registry: https://index.docker.io/v1/
2024-07-24 14:30:46.271 [Test worker] DEBUG o.t.utility.RegistryAuthLocator - No matching Auth Configs - falling back to defaultAuthConfig [null]
2024-07-24 14:30:46.271 [Test worker] DEBUG o.t.d.AuthDelegatingDockerClientConfig - Effective auth config [null]
2024-07-24 14:30:46.272 [Test worker] DEBUG o.t.s.c.g.d.c.command.AbstrDockerCmd - Cmd: org.testcontainers.shaded.com.github.dockerjava.core.command.CreateContainerCmdImpl@599a9cb2[aliases=<null>,argsEscaped=<null>,attachStderr=<null>,attachStdin=<null>,attachStdout=<null>,authConfig=<null>,cmd={postgres,-c,fsync=off},domainName=<null>,entrypoint=<null>,env={POSTGRES_USER=user,POSTGRES_PASSWORD=password,POSTGRES_DB=db},exposedPorts=ExposedPorts(exposedPorts=[5432/tcp]),healthcheck=<null>,hostConfig=HostConfig(binds=[], blkioWeight=null, blkioWeightDevice=null, blkioDeviceReadBps=null, blkioDeviceWriteBps=null, blkioDeviceReadIOps=null, blkioDeviceWriteIOps=null, memorySwappiness=null, nanoCPUs=null, capAdd=null, capDrop=null, containerIDFile=null, cpuPeriod=null, cpuRealtimePeriod=null, cpuRealtimeRuntime=null, cpuShares=null, cpuQuota=null, cpusetCpus=null, cpusetMems=null, devices=null, deviceCgroupRules=null, deviceRequests=null, diskQuota=null, dns=null, dnsOptions=null, dnsSearch=null, extraHosts=[], groupAdd=null, ipcMode=null, cgroup=null, links=[], logConfig=LogConfig(type=null, config=null), lxcConf=null, memory=null, memorySwap=null, memoryReservation=null, kernelMemory=null, networkMode=null, oomKillDisable=null, init=null, autoRemove=null, oomScoreAdj=null, portBindings={5432/tcp=[Lcom.github.dockerjava.api.model.Ports$Binding;@4bf03fee}, privileged=null, publishAllPorts=null, readonlyRootfs=null, restartPolicy=null, ulimits=null, cpuCount=null, cpuPercent=null, ioMaximumIOps=null, ioMaximumBandwidth=null, volumesFrom=[], mounts=null, pidMode=null, isolation=null, securityOpts=null, storageOpt=null, cgroupParent=null, volumeDriver=null, shmSize=null, pidsLimit=null, runtime=null, tmpFs=null, utSMode=null, usernsMode=null, sysctls=null, consoleSize=null, cgroupnsMode=null),hostName=<null>,image=postgres:latest,ipv4Address=<null>,ipv6Address=<null>,labels={org.testcontainers=true, org.testcontainers.lang=java, org.testcontainers.version=1.19.8, org.testcontainers.sessionId=280e6229-7396-4d60-b1e3-a5de48b5d49b},macAddress=<null>,name=<null>,networkDisabled=<null>,networkingConfig=<null>,onBuild=<null>,platform=<null>,portSpecs=<null>,shell=<null>,stdInOnce=<null>,stdinOpen=<null>,stopSignal=<null>,stopTimeout=<null>,tty=<null>,user=<null>,volumes=Volumes(volumes=[]),workingDir=<null>]
2024-07-24 14:30:46.272 [Test worker] TRACE o.t.s.c.g.d.c.e.CreateContainerCmdExec - POST: DefaultWebTarget{path=[/containers/create], queryParams={}} 
2024-07-24 14:30:46.273 [Test worker] DEBUG c.g.d.z.s.o.a.h.c.h.i.c.InternalHttpClient - ex-000000DB: preparing request execution
2024-07-24 14:30:46.274 [Test worker] DEBUG c.g.d.z.s.o.a.h.c.h.p.RequestAddCookies - Cookie spec selected: strict
2024-07-24 14:30:46.274 [Test worker] DEBUG c.g.d.z.s.o.a.h.c.h.p.RequestAuthCache - Auth cache not set in the context
2024-07-24 14:30:46.274 [Test worker] DEBUG c.g.d.z.s.o.a.h.c.h.i.c.ProtocolExec - ex-000000DB: target auth state: UNCHALLENGED
2024-07-24 14:30:46.274 [Test worker] DEBUG c.g.d.z.s.o.a.h.c.h.i.c.ProtocolExec - ex-000000DB: proxy auth state: UNCHALLENGED
2024-07-24 14:30:46.274 [Test worker] DEBUG c.g.d.z.s.o.a.h.c.h.i.c.ConnectExec - ex-000000DB: acquiring connection with route {}->npipe://localhost:2375
2024-07-24 14:30:46.274 [Test worker] DEBUG c.g.d.z.s.o.a.h.c.h.i.c.InternalHttpClient - ex-000000DB: acquiring endpoint (3 MINUTES)
2024-07-24 14:30:46.274 [Test worker] DEBUG c.g.d.z.s.o.a.h.c.h.i.i.PoolingHttpClientConnectionManager - ex-000000DB: endpoint lease request (3 MINUTES) [route: {}->npipe://localhost:2375][total available: 1; route allocated: 1 of 2147483647; total allocated: 1 of 2147483647]
2024-07-24 14:30:46.274 [Test worker] DEBUG c.g.d.z.s.o.a.h.c.h.i.i.PoolingHttpClientConnectionManager - ex-000000DB: endpoint leased [route: {}->npipe://localhost:2375][total available: 0; route allocated: 1 of 2147483647; total allocated: 1 of 2147483647]
2024-07-24 14:30:46.274 [Test worker] DEBUG c.g.d.z.s.o.a.h.c.h.i.i.PoolingHttpClientConnectionManager - ex-000000DB: acquired ep-000000DA
2024-07-24 14:30:46.274 [Test worker] DEBUG c.g.d.z.s.o.a.h.c.h.i.c.InternalHttpClient - ex-000000DB: acquired endpoint ep-000000DA
2024-07-24 14:30:46.274 [Test worker] DEBUG c.g.d.z.s.o.a.h.c.h.i.c.MainClientExec - ex-000000DB: executing POST /v1.32/containers/create HTTP/1.1
2024-07-24 14:30:46.274 [Test worker] DEBUG c.g.d.z.s.o.a.h.c.h.i.c.InternalHttpClient - ep-000000DA: start execution ex-000000DB
2024-07-24 14:30:46.274 [Test worker] DEBUG c.g.d.z.s.o.a.h.c.h.i.i.PoolingHttpClientConnectionManager - ep-000000DA: executing exchange ex-000000DB over http-outgoing-20
2024-07-24 14:30:46.274 [Test worker] DEBUG c.g.d.z.s.o.a.h.client5.http.headers - http-outgoing-20 >> POST /v1.32/containers/create HTTP/1.1
2024-07-24 14:30:46.274 [Test worker] DEBUG c.g.d.z.s.o.a.h.client5.http.headers - http-outgoing-20 >> accept: application/json
2024-07-24 14:30:46.274 [Test worker] DEBUG c.g.d.z.s.o.a.h.client5.http.headers - http-outgoing-20 >> content-type: application/json
2024-07-24 14:30:46.274 [Test worker] DEBUG c.g.d.z.s.o.a.h.client5.http.headers - http-outgoing-20 >> x-tc-sid: 280e6229-7396-4d60-b1e3-a5de48b5d49b
2024-07-24 14:30:46.274 [Test worker] DEBUG c.g.d.z.s.o.a.h.client5.http.headers - http-outgoing-20 >> User-Agent: tc-java/1.19.8
2024-07-24 14:30:46.274 [Test worker] DEBUG c.g.d.z.s.o.a.h.client5.http.headers - http-outgoing-20 >> Accept-Encoding: gzip, x-gzip, deflate
2024-07-24 14:30:46.274 [Test worker] DEBUG c.g.d.z.s.o.a.h.client5.http.headers - http-outgoing-20 >> Content-Length: 2061
2024-07-24 14:30:46.274 [Test worker] DEBUG c.g.d.z.s.o.a.h.client5.http.headers - http-outgoing-20 >> Host: localhost:2375
2024-07-24 14:30:46.274 [Test worker] DEBUG c.g.d.z.s.o.a.h.client5.http.headers - http-outgoing-20 >> Connection: keep-alive
2024-07-24 14:30:46.274 [Test worker] DEBUG c.g.d.z.s.o.a.hc.client5.http.wire - http-outgoing-20 >> "POST /v1.32/containers/create HTTP/1.1[\r][\n]"
2024-07-24 14:30:46.274 [Test worker] DEBUG c.g.d.z.s.o.a.hc.client5.http.wire - http-outgoing-20 >> "accept: application/json[\r][\n]"
2024-07-24 14:30:46.274 [Test worker] DEBUG c.g.d.z.s.o.a.hc.client5.http.wire - http-outgoing-20 >> "content-type: application/json[\r][\n]"
2024-07-24 14:30:46.274 [Test worker] DEBUG c.g.d.z.s.o.a.hc.client5.http.wire - http-outgoing-20 >> "x-tc-sid: 280e6229-7396-4d60-b1e3-a5de48b5d49b[\r][\n]"
2024-07-24 14:30:46.274 [Test worker] DEBUG c.g.d.z.s.o.a.hc.client5.http.wire - http-outgoing-20 >> "User-Agent: tc-java/1.19.8[\r][\n]"
2024-07-24 14:30:46.274 [Test worker] DEBUG c.g.d.z.s.o.a.hc.client5.http.wire - http-outgoing-20 >> "Accept-Encoding: gzip, x-gzip, deflate[\r][\n]"
2024-07-24 14:30:46.274 [Test worker] DEBUG c.g.d.z.s.o.a.hc.client5.http.wire - http-outgoing-20 >> "Content-Length: 2061[\r][\n]"
2024-07-24 14:30:46.274 [Test worker] DEBUG c.g.d.z.s.o.a.hc.client5.http.wire - http-outgoing-20 >> "Host: localhost:2375[\r][\n]"
2024-07-24 14:30:46.274 [Test worker] DEBUG c.g.d.z.s.o.a.hc.client5.http.wire - http-outgoing-20 >> "Connection: keep-alive[\r][\n]"
2024-07-24 14:30:46.274 [Test worker] DEBUG c.g.d.z.s.o.a.hc.client5.http.wire - http-outgoing-20 >> "[\r][\n]"
2024-07-24 14:30:46.274 [Test worker] DEBUG c.g.d.z.s.o.a.hc.client5.http.wire - http-outgoing-20 >> "{"Hostname":null,"Domainname":null,"User":null,"AttachStdin":null,"AttachStdout":null,"AttachStderr":null,"PortSpecs":null,"Tty":null,"OpenStdin":null,"StdinOnce":null,"Env":["POSTGRES_USER=user","POSTGRES_PASSWORD=password","POSTGRES_DB=db"],"Cmd":["postgres","-c","fsync=off"],"Healthcheck":null,"ArgsEscaped":null,"Entrypoint":null,"Image":"postgres:latest","Volumes":{},"WorkingDir":null,"MacAddress":null,"OnBuild":null,"NetworkDisabled":null,"ExposedPorts":{"5432/tcp":{}},"StopSignal":null,"StopTimeout":null,"HostConfig":{"Binds":[],"BlkioWeight":null,"BlkioWeightDevice":null,"BlkioDeviceReadBps":null,"BlkioDeviceWriteBps":null,"BlkioDeviceReadIOps":null,"BlkioDeviceWriteIOps":null,"MemorySwappiness":null,"NanoCpus":null,"CapAdd":null,"CapDrop":null,"ContainerIDFile":null,"CpuPeriod":null,"CpuRealtimePeriod":null,"CpuRealtimeRuntime":null,"CpuShares":null,"CpuQuota":null,"CpusetCpus":null,"CpusetMems":null,"Devices":null,"DeviceCgroupRules":null,"DeviceRequests":null,"DiskQuota":null,"Dns":null,"DnsOptions":null,"DnsSearch":null,"ExtraHosts":[],"GroupAdd":null,"IpcMode":null,"Cgroup":null,"Links":[],"LogConfig":null,"LxcConf":null,"Memory":null,"MemorySwap":null,"MemoryReservation":null,"KernelMemory":null,"NetworkMode":null,"OomKillDisable":null,"Init":null,"AutoRemove":null,"OomScoreAdj":null,"PortBindings":{"5432/tcp":[{"HostIp":"","HostPort":""}]},"Privileged":null,"PublishAllPorts":null,"ReadonlyRootfs":null,"RestartPolicy":null,"Ulimits":null,"CpuCount":null,"CpuPercent":null,"IOMaximumIOps":null,"IOMaximumBandwidth":null,"VolumesFrom":[],"Mounts":null,"PidMode":null,"Isolation":null,"SecurityOpt":null,"StorageOpt":null,"CgroupParent":null,"VolumeDriver":null,"ShmSize":null,"PidsLimit":null,"Runtime":null,"Tmpfs":null,"UTSMode":null,"UsernsMode":null,"Sysctls":null,"ConsoleSize":null,"CgroupnsMode":null},"Labels":{"org.testcontainers":"true","org.testcontainers.lang":"java","org.testcontainers.version":"1.19.8","org.testcontainers.sessionId":"280e6229-7396-4d60-b1e3-a5de48b5d49b"},"Shell":null,"NetworkingConfig":null}"
2024-07-24 14:30:46.435 [Test worker] DEBUG c.g.d.z.s.o.a.hc.client5.http.wire - http-outgoing-20 << "HTTP/1.1 201 Created[\r][\n]"
2024-07-24 14:30:46.435 [Test worker] DEBUG c.g.d.z.s.o.a.hc.client5.http.wire - http-outgoing-20 << "Api-Version: 1.45[\r][\n]"
2024-07-24 14:30:46.435 [Test worker] DEBUG c.g.d.z.s.o.a.hc.client5.http.wire - http-outgoing-20 << "Content-Type: application/json[\r][\n]"
2024-07-24 14:30:46.435 [Test worker] DEBUG c.g.d.z.s.o.a.hc.client5.http.wire - http-outgoing-20 << "Date: Wed, 24 Jul 2024 02:30:46 GMT[\r][\n]"
2024-07-24 14:30:46.435 [Test worker] DEBUG c.g.d.z.s.o.a.hc.client5.http.wire - http-outgoing-20 << "Docker-Experimental: false[\r][\n]"
2024-07-24 14:30:46.435 [Test worker] DEBUG c.g.d.z.s.o.a.hc.client5.http.wire - http-outgoing-20 << "Ostype: linux[\r][\n]"
2024-07-24 14:30:46.435 [Test worker] DEBUG c.g.d.z.s.o.a.hc.client5.http.wire - http-outgoing-20 << "Server: Docker/26.0.0 (linux)[\r][\n]"
2024-07-24 14:30:46.435 [Test worker] DEBUG c.g.d.z.s.o.a.hc.client5.http.wire - http-outgoing-20 << "Transfer-Encoding: chunked[\r][\n]"
2024-07-24 14:30:46.435 [Test worker] DEBUG c.g.d.z.s.o.a.hc.client5.http.wire - http-outgoing-20 << "[\r][\n]"
2024-07-24 14:30:46.435 [Test worker] DEBUG c.g.d.z.s.o.a.h.client5.http.headers - http-outgoing-20 << HTTP/1.1 201 Created
2024-07-24 14:30:46.435 [Test worker] DEBUG c.g.d.z.s.o.a.h.client5.http.headers - http-outgoing-20 << Api-Version: 1.45
2024-07-24 14:30:46.435 [Test worker] DEBUG c.g.d.z.s.o.a.h.client5.http.headers - http-outgoing-20 << Content-Type: application/json
2024-07-24 14:30:46.435 [Test worker] DEBUG c.g.d.z.s.o.a.h.client5.http.headers - http-outgoing-20 << Date: Wed, 24 Jul 2024 02:30:46 GMT
2024-07-24 14:30:46.435 [Test worker] DEBUG c.g.d.z.s.o.a.h.client5.http.headers - http-outgoing-20 << Docker-Experimental: false
2024-07-24 14:30:46.435 [Test worker] DEBUG c.g.d.z.s.o.a.h.client5.http.headers - http-outgoing-20 << Ostype: linux
2024-07-24 14:30:46.435 [Test worker] DEBUG c.g.d.z.s.o.a.h.client5.http.headers - http-outgoing-20 << Server: Docker/26.0.0 (linux)
2024-07-24 14:30:46.435 [Test worker] DEBUG c.g.d.z.s.o.a.h.client5.http.headers - http-outgoing-20 << Transfer-Encoding: chunked
2024-07-24 14:30:46.435 [Test worker] DEBUG c.g.d.z.s.o.a.h.c.h.i.c.MainClientExec - ex-000000DB: connection can be kept alive for 3 MINUTES
2024-07-24 14:30:46.436 [Test worker] DEBUG c.g.d.z.s.o.a.hc.client5.http.wire - http-outgoing-20 << "58[\r][\n]"
2024-07-24 14:30:46.436 [Test worker] DEBUG c.g.d.z.s.o.a.hc.client5.http.wire - http-outgoing-20 << "{"Id":"dbc533547c417b0c08282c44771719f217c6a168c57c402bef0c197a9aadd6ef","Warnings":[]}[\n]"
2024-07-24 14:30:46.436 [Test worker] DEBUG c.g.d.z.s.o.a.hc.client5.http.wire - http-outgoing-20 << "[\r][\n]"
2024-07-24 14:30:46.436 [Test worker] DEBUG c.g.d.z.s.o.a.hc.client5.http.wire - http-outgoing-20 << "0[\r][\n]"
2024-07-24 14:30:46.436 [Test worker] DEBUG c.g.d.z.s.o.a.hc.client5.http.wire - http-outgoing-20 << "[\r][\n]"
2024-07-24 14:30:46.436 [Test worker] DEBUG c.g.d.z.s.o.a.h.c.h.i.c.InternalHttpClient - ep-000000DA: releasing valid endpoint
2024-07-24 14:30:46.436 [Test worker] DEBUG c.g.d.z.s.o.a.h.c.h.i.i.PoolingHttpClientConnectionManager - ep-000000DA: releasing endpoint
2024-07-24 14:30:46.436 [Test worker] DEBUG c.g.d.z.s.o.a.h.c.h.i.i.PoolingHttpClientConnectionManager - ep-000000DA: connection http-outgoing-20 can be kept alive for 3 MINUTES
2024-07-24 14:30:46.436 [Test worker] DEBUG c.g.d.z.s.o.a.h.c.h.i.i.PoolingHttpClientConnectionManager - ep-000000DA: connection released [route: {}->npipe://localhost:2375][total available: 1; route allocated: 1 of 2147483647; total allocated: 1 of 2147483647]
2024-07-24 14:30:46.436 [Test worker] INFO  tc.postgres:latest - Container postgres:latest is starting: dbc533547c417b0c08282c44771719f217c6a168c57c402bef0c197a9aadd6ef
2024-07-24 14:30:46.436 [Test worker] DEBUG o.t.s.c.g.d.c.command.AbstrDockerCmd - Cmd: dbc533547c417b0c08282c44771719f217c6a168c57c402bef0c197a9aadd6ef
2024-07-24 14:30:46.436 [Test worker] TRACE o.t.s.c.g.d.c.e.StartContainerCmdExec - POST: DefaultWebTarget{path=[/containers/dbc533547c417b0c08282c44771719f217c6a168c57c402bef0c197a9aadd6ef/start], queryParams={}}
2024-07-24 14:30:46.436 [Test worker] DEBUG c.g.d.z.s.o.a.h.c.h.i.c.InternalHttpClient - ex-000000DC: preparing request execution
2024-07-24 14:30:46.436 [Test worker] DEBUG c.g.d.z.s.o.a.h.c.h.p.RequestAddCookies - Cookie spec selected: strict
2024-07-24 14:30:46.436 [Test worker] DEBUG c.g.d.z.s.o.a.h.c.h.p.RequestAuthCache - Auth cache not set in the context
2024-07-24 14:30:46.436 [Test worker] DEBUG c.g.d.z.s.o.a.h.c.h.i.c.ProtocolExec - ex-000000DC: target auth state: UNCHALLENGED
2024-07-24 14:30:46.436 [Test worker] DEBUG c.g.d.z.s.o.a.h.c.h.i.c.ProtocolExec - ex-000000DC: proxy auth state: UNCHALLENGED
2024-07-24 14:30:46.436 [Test worker] DEBUG c.g.d.z.s.o.a.h.c.h.i.c.ConnectExec - ex-000000DC: acquiring connection with route {}->npipe://localhost:2375
2024-07-24 14:30:46.436 [Test worker] DEBUG c.g.d.z.s.o.a.h.c.h.i.c.InternalHttpClient - ex-000000DC: acquiring endpoint (3 MINUTES)
2024-07-24 14:30:46.436 [Test worker] DEBUG c.g.d.z.s.o.a.h.c.h.i.i.PoolingHttpClientConnectionManager - ex-000000DC: endpoint lease request (3 MINUTES) [route: {}->npipe://localhost:2375][total available: 1; route allocated: 1 of 2147483647; total allocated: 1 of 2147483647]
2024-07-24 14:30:46.436 [Test worker] DEBUG c.g.d.z.s.o.a.h.c.h.i.i.PoolingHttpClientConnectionManager - ex-000000DC: endpoint leased [route: {}->npipe://localhost:2375][total available: 0; route allocated: 1 of 2147483647; total allocated: 1 of 2147483647]
2024-07-24 14:30:46.436 [Test worker] DEBUG c.g.d.z.s.o.a.h.c.h.i.i.PoolingHttpClientConnectionManager - ex-000000DC: acquired ep-000000DB
2024-07-24 14:30:46.436 [Test worker] DEBUG c.g.d.z.s.o.a.h.c.h.i.c.InternalHttpClient - ex-000000DC: acquired endpoint ep-000000DB
2024-07-24 14:30:46.437 [Test worker] DEBUG c.g.d.z.s.o.a.h.c.h.i.c.MainClientExec - ex-000000DC: executing POST /v1.32/containers/dbc533547c417b0c08282c44771719f217c6a168c57c402bef0c197a9aadd6ef/start HTTP/1.1
2024-07-24 14:30:46.437 [Test worker] DEBUG c.g.d.z.s.o.a.h.c.h.i.c.InternalHttpClient - ep-000000DB: start execution ex-000000DC
2024-07-24 14:30:46.437 [Test worker] DEBUG c.g.d.z.s.o.a.h.c.h.i.i.PoolingHttpClientConnectionManager - ep-000000DB: executing exchange ex-000000DC over http-outgoing-20
2024-07-24 14:30:46.437 [Test worker] DEBUG c.g.d.z.s.o.a.h.client5.http.headers - http-outgoing-20 >> POST /v1.32/containers/dbc533547c417b0c08282c44771719f217c6a168c57c402bef0c197a9aadd6ef/start HTTP/1.1
2024-07-24 14:30:46.437 [Test worker] DEBUG c.g.d.z.s.o.a.h.client5.http.headers - http-outgoing-20 >> accept: application/json
2024-07-24 14:30:46.437 [Test worker] DEBUG c.g.d.z.s.o.a.h.client5.http.headers - http-outgoing-20 >> content-type: application/json
2024-07-24 14:30:46.437 [Test worker] DEBUG c.g.d.z.s.o.a.h.client5.http.headers - http-outgoing-20 >> x-tc-sid: 280e6229-7396-4d60-b1e3-a5de48b5d49b
2024-07-24 14:30:46.437 [Test worker] DEBUG c.g.d.z.s.o.a.h.client5.http.headers - http-outgoing-20 >> User-Agent: tc-java/1.19.8
2024-07-24 14:30:46.437 [Test worker] DEBUG c.g.d.z.s.o.a.h.client5.http.headers - http-outgoing-20 >> Accept-Encoding: gzip, x-gzip, deflate
2024-07-24 14:30:46.437 [Test worker] DEBUG c.g.d.z.s.o.a.h.client5.http.headers - http-outgoing-20 >> Host: localhost:2375
2024-07-24 14:30:46.437 [Test worker] DEBUG c.g.d.z.s.o.a.h.client5.http.headers - http-outgoing-20 >> Connection: keep-alive
2024-07-24 14:30:46.437 [Test worker] DEBUG c.g.d.z.s.o.a.hc.client5.http.wire - http-outgoing-20 >> "POST /v1.32/containers/dbc533547c417b0c08282c44771719f217c6a168c57c402bef0c197a9aadd6ef/start HTTP/1.1[\r][\n]"
2024-07-24 14:30:46.437 [Test worker] DEBUG c.g.d.z.s.o.a.hc.client5.http.wire - http-outgoing-20 >> "accept: application/json[\r][\n]"
2024-07-24 14:30:46.437 [Test worker] DEBUG c.g.d.z.s.o.a.hc.client5.http.wire - http-outgoing-20 >> "content-type: application/json[\r][\n]"
2024-07-24 14:30:46.437 [Test worker] DEBUG c.g.d.z.s.o.a.hc.client5.http.wire - http-outgoing-20 >> "x-tc-sid: 280e6229-7396-4d60-b1e3-a5de48b5d49b[\r][\n]"
2024-07-24 14:30:46.437 [Test worker] DEBUG c.g.d.z.s.o.a.hc.client5.http.wire - http-outgoing-20 >> "User-Agent: tc-java/1.19.8[\r][\n]"
2024-07-24 14:30:46.437 [Test worker] DEBUG c.g.d.z.s.o.a.hc.client5.http.wire - http-outgoing-20 >> "Accept-Encoding: gzip, x-gzip, deflate[\r][\n]"
2024-07-24 14:30:46.437 [Test worker] DEBUG c.g.d.z.s.o.a.hc.client5.http.wire - http-outgoing-20 >> "Host: localhost:2375[\r][\n]"
2024-07-24 14:30:46.437 [Test worker] DEBUG c.g.d.z.s.o.a.hc.client5.http.wire - http-outgoing-20 >> "Connection: keep-alive[\r][\n]"
2024-07-24 14:30:46.437 [Test worker] DEBUG c.g.d.z.s.o.a.hc.client5.http.wire - http-outgoing-20 >> "[\r][\n]"
2024-07-24 14:30:46.808 [Test worker] DEBUG c.g.d.z.s.o.a.hc.client5.http.wire - http-outgoing-20 << "HTTP/1.1 204 No Content[\r][\n]"
2024-07-24 14:30:46.808 [Test worker] DEBUG c.g.d.z.s.o.a.hc.client5.http.wire - http-outgoing-20 << "Api-Version: 1.45[\r][\n]"
2024-07-24 14:30:46.808 [Test worker] DEBUG c.g.d.z.s.o.a.hc.client5.http.wire - http-outgoing-20 << "Date: Wed, 24 Jul 2024 02:30:46 GMT[\r][\n]"
2024-07-24 14:30:46.808 [Test worker] DEBUG c.g.d.z.s.o.a.hc.client5.http.wire - http-outgoing-20 << "Docker-Experimental: false[\r][\n]"
2024-07-24 14:30:46.808 [Test worker] DEBUG c.g.d.z.s.o.a.hc.client5.http.wire - http-outgoing-20 << "Ostype: linux[\r][\n]"
2024-07-24 14:30:46.808 [Test worker] DEBUG c.g.d.z.s.o.a.hc.client5.http.wire - http-outgoing-20 << "Server: Docker/26.0.0 (linux)[\r][\n]"
2024-07-24 14:30:46.808 [Test worker] DEBUG c.g.d.z.s.o.a.hc.client5.http.wire - http-outgoing-20 << "[\r][\n]"
2024-07-24 14:30:46.809 [Test worker] DEBUG c.g.d.z.s.o.a.h.client5.http.headers - http-outgoing-20 << HTTP/1.1 204 No Content
2024-07-24 14:30:46.809 [Test worker] DEBUG c.g.d.z.s.o.a.h.client5.http.headers - http-outgoing-20 << Api-Version: 1.45
2024-07-24 14:30:46.809 [Test worker] DEBUG c.g.d.z.s.o.a.h.client5.http.headers - http-outgoing-20 << Date: Wed, 24 Jul 2024 02:30:46 GMT
2024-07-24 14:30:46.809 [Test worker] DEBUG c.g.d.z.s.o.a.h.client5.http.headers - http-outgoing-20 << Docker-Experimental: false
2024-07-24 14:30:46.809 [Test worker] DEBUG c.g.d.z.s.o.a.h.client5.http.headers - http-outgoing-20 << Ostype: linux
2024-07-24 14:30:46.809 [Test worker] DEBUG c.g.d.z.s.o.a.h.client5.http.headers - http-outgoing-20 << Server: Docker/26.0.0 (linux)
2024-07-24 14:30:46.809 [Test worker] DEBUG c.g.d.z.s.o.a.h.c.h.i.c.MainClientExec - ex-000000DC: connection can be kept alive for 3 MINUTES
2024-07-24 14:30:46.809 [Test worker] DEBUG c.g.d.z.s.o.a.h.c.h.i.c.InternalHttpClient - ep-000000DB: releasing valid endpoint
2024-07-24 14:30:46.809 [Test worker] DEBUG c.g.d.z.s.o.a.h.c.h.i.i.PoolingHttpClientConnectionManager - ep-000000DB: releasing endpoint
2024-07-24 14:30:46.809 [Test worker] DEBUG c.g.d.z.s.o.a.h.c.h.i.i.PoolingHttpClientConnectionManager - ep-000000DB: connection http-outgoing-20 can be kept alive for 3 MINUTES
2024-07-24 14:30:46.809 [Test worker] DEBUG c.g.d.z.s.o.a.h.c.h.i.i.PoolingHttpClientConnectionManager - ep-000000DB: connection released [route: {}->npipe://localhost:2375][total available: 1; route allocated: 1 of 2147483647; total allocated: 1 of 2147483647]
2024-07-24 14:30:46.810 [Test worker] DEBUG o.t.s.c.g.d.c.command.AbstrDockerCmd - Cmd: dbc533547c417b0c08282c44771719f217c6a168c57c402bef0c197a9aadd6ef,false
2024-07-24 14:30:46.810 [Test worker] DEBUG o.t.s.c.g.d.c.e.InspectContainerCmdExec - GET: DefaultWebTarget{path=[/containers/dbc533547c417b0c08282c44771719f217c6a168c57c402bef0c197a9aadd6ef/json], queryParams={}}
2024-07-24 14:30:46.810 [Test worker] DEBUG c.g.d.z.s.o.a.h.c.h.i.c.InternalHttpClient - ex-000000DD: preparing request execution
2024-07-24 14:30:46.811 [Test worker] DEBUG c.g.d.z.s.o.a.h.c.h.p.RequestAddCookies - Cookie spec selected: strict
2024-07-24 14:30:46.811 [Test worker] DEBUG c.g.d.z.s.o.a.h.c.h.p.RequestAuthCache - Auth cache not set in the context
2024-07-24 14:30:46.811 [Test worker] DEBUG c.g.d.z.s.o.a.h.c.h.i.c.ProtocolExec - ex-000000DD: target auth state: UNCHALLENGED
2024-07-24 14:30:46.811 [Test worker] DEBUG c.g.d.z.s.o.a.h.c.h.i.c.ProtocolExec - ex-000000DD: proxy auth state: UNCHALLENGED
2024-07-24 14:30:46.811 [Test worker] DEBUG c.g.d.z.s.o.a.h.c.h.i.c.ConnectExec - ex-000000DD: acquiring connection with route {}->npipe://localhost:2375
2024-07-24 14:30:46.811 [Test worker] DEBUG c.g.d.z.s.o.a.h.c.h.i.c.InternalHttpClient - ex-000000DD: acquiring endpoint (3 MINUTES)
2024-07-24 14:30:46.811 [Test worker] DEBUG c.g.d.z.s.o.a.h.c.h.i.i.PoolingHttpClientConnectionManager - ex-000000DD: endpoint lease request (3 MINUTES) [route: {}->npipe://localhost:2375][total available: 1; route allocated: 1 of 2147483647; total allocated: 1 of 2147483647]
2024-07-24 14:30:46.811 [Test worker] DEBUG c.g.d.z.s.o.a.h.c.h.i.i.PoolingHttpClientConnectionManager - ex-000000DD: endpoint leased [route: {}->npipe://localhost:2375][total available: 0; route allocated: 1 of 2147483647; total allocated: 1 of 2147483647]
2024-07-24 14:30:46.811 [Test worker] DEBUG c.g.d.z.s.o.a.h.c.h.i.i.PoolingHttpClientConnectionManager - ex-000000DD: acquired ep-000000DC
2024-07-24 14:30:46.811 [Test worker] DEBUG c.g.d.z.s.o.a.h.c.h.i.c.InternalHttpClient - ex-000000DD: acquired endpoint ep-000000DC
2024-07-24 14:30:46.811 [Test worker] DEBUG c.g.d.z.s.o.a.h.c.h.i.c.MainClientExec - ex-000000DD: executing GET /v1.32/containers/dbc533547c417b0c08282c44771719f217c6a168c57c402bef0c197a9aadd6ef/json HTTP/1.1
2024-07-24 14:30:46.811 [Test worker] DEBUG c.g.d.z.s.o.a.h.c.h.i.c.InternalHttpClient - ep-000000DC: start execution ex-000000DD
2024-07-24 14:30:46.811 [Test worker] DEBUG c.g.d.z.s.o.a.h.c.h.i.i.PoolingHttpClientConnectionManager - ep-000000DC: executing exchange ex-000000DD over http-outgoing-20
2024-07-24 14:30:46.811 [Test worker] DEBUG c.g.d.z.s.o.a.h.client5.http.headers - http-outgoing-20 >> GET /v1.32/containers/dbc533547c417b0c08282c44771719f217c6a168c57c402bef0c197a9aadd6ef/json HTTP/1.1
2024-07-24 14:30:46.811 [Test worker] DEBUG c.g.d.z.s.o.a.h.client5.http.headers - http-outgoing-20 >> accept: application/json
2024-07-24 14:30:46.811 [Test worker] DEBUG c.g.d.z.s.o.a.h.client5.http.headers - http-outgoing-20 >> x-tc-sid: 280e6229-7396-4d60-b1e3-a5de48b5d49b
2024-07-24 14:30:46.811 [Test worker] DEBUG c.g.d.z.s.o.a.h.client5.http.headers - http-outgoing-20 >> User-Agent: tc-java/1.19.8
2024-07-24 14:30:46.811 [Test worker] DEBUG c.g.d.z.s.o.a.h.client5.http.headers - http-outgoing-20 >> Accept-Encoding: gzip, x-gzip, deflate
2024-07-24 14:30:46.811 [Test worker] DEBUG c.g.d.z.s.o.a.h.client5.http.headers - http-outgoing-20 >> Host: localhost:2375
2024-07-24 14:30:46.811 [Test worker] DEBUG c.g.d.z.s.o.a.h.client5.http.headers - http-outgoing-20 >> Connection: keep-alive
2024-07-24 14:30:46.811 [Test worker] DEBUG c.g.d.z.s.o.a.hc.client5.http.wire - http-outgoing-20 >> "GET /v1.32/containers/dbc533547c417b0c08282c44771719f217c6a168c57c402bef0c197a9aadd6ef/json HTTP/1.1[\r][\n]"
2024-07-24 14:30:46.811 [Test worker] DEBUG c.g.d.z.s.o.a.hc.client5.http.wire - http-outgoing-20 >> "accept: application/json[\r][\n]"
2024-07-24 14:30:46.811 [Test worker] DEBUG c.g.d.z.s.o.a.hc.client5.http.wire - http-outgoing-20 >> "x-tc-sid: 280e6229-7396-4d60-b1e3-a5de48b5d49b[\r][\n]"
2024-07-24 14:30:46.811 [Test worker] DEBUG c.g.d.z.s.o.a.hc.client5.http.wire - http-outgoing-20 >> "User-Agent: tc-java/1.19.8[\r][\n]"
2024-07-24 14:30:46.811 [Test worker] DEBUG c.g.d.z.s.o.a.hc.client5.http.wire - http-outgoing-20 >> "Accept-Encoding: gzip, x-gzip, deflate[\r][\n]"
2024-07-24 14:30:46.811 [Test worker] DEBUG c.g.d.z.s.o.a.hc.client5.http.wire - http-outgoing-20 >> "Host: localhost:2375[\r][\n]"
2024-07-24 14:30:46.811 [Test worker] DEBUG c.g.d.z.s.o.a.hc.client5.http.wire - http-outgoing-20 >> "Connection: keep-alive[\r][\n]"
2024-07-24 14:30:46.811 [Test worker] DEBUG c.g.d.z.s.o.a.hc.client5.http.wire - http-outgoing-20 >> "[\r][\n]"
2024-07-24 14:30:46.814 [Test worker] DEBUG c.g.d.z.s.o.a.hc.client5.http.wire - http-outgoing-20 << "HTTP/1.1 200 OK[\r][\n]"
2024-07-24 14:30:46.814 [Test worker] DEBUG c.g.d.z.s.o.a.hc.client5.http.wire - http-outgoing-20 << "Api-Version: 1.45[\r][\n]"
2024-07-24 14:30:46.814 [Test worker] DEBUG c.g.d.z.s.o.a.hc.client5.http.wire - http-outgoing-20 << "Content-Type: application/json[\r][\n]"
2024-07-24 14:30:46.814 [Test worker] DEBUG c.g.d.z.s.o.a.hc.client5.http.wire - http-outgoing-20 << "Date: Wed, 24 Jul 2024 02:30:46 GMT[\r][\n]"
2024-07-24 14:30:46.814 [Test worker] DEBUG c.g.d.z.s.o.a.hc.client5.http.wire - http-outgoing-20 << "Docker-Experimental: false[\r][\n]"
2024-07-24 14:30:46.814 [Test worker] DEBUG c.g.d.z.s.o.a.hc.client5.http.wire - http-outgoing-20 << "Ostype: linux[\r][\n]"
2024-07-24 14:30:46.814 [Test worker] DEBUG c.g.d.z.s.o.a.hc.client5.http.wire - http-outgoing-20 << "Server: Docker/26.0.0 (linux)[\r][\n]"
2024-07-24 14:30:46.814 [Test worker] DEBUG c.g.d.z.s.o.a.hc.client5.http.wire - http-outgoing-20 << "Transfer-Encoding: chunked[\r][\n]"
2024-07-24 14:30:46.814 [Test worker] DEBUG c.g.d.z.s.o.a.hc.client5.http.wire - http-outgoing-20 << "[\r][\n]"
2024-07-24 14:30:46.814 [Test worker] DEBUG c.g.d.z.s.o.a.h.client5.http.headers - http-outgoing-20 << HTTP/1.1 200 OK
2024-07-24 14:30:46.814 [Test worker] DEBUG c.g.d.z.s.o.a.h.client5.http.headers - http-outgoing-20 << Api-Version: 1.45
2024-07-24 14:30:46.814 [Test worker] DEBUG c.g.d.z.s.o.a.h.client5.http.headers - http-outgoing-20 << Content-Type: application/json
2024-07-24 14:30:46.814 [Test worker] DEBUG c.g.d.z.s.o.a.h.client5.http.headers - http-outgoing-20 << Date: Wed, 24 Jul 2024 02:30:46 GMT
2024-07-24 14:30:46.814 [Test worker] DEBUG c.g.d.z.s.o.a.h.client5.http.headers - http-outgoing-20 << Docker-Experimental: false
2024-07-24 14:30:46.814 [Test worker] DEBUG c.g.d.z.s.o.a.h.client5.http.headers - http-outgoing-20 << Ostype: linux
2024-07-24 14:30:46.814 [Test worker] DEBUG c.g.d.z.s.o.a.h.client5.http.headers - http-outgoing-20 << Server: Docker/26.0.0 (linux)
2024-07-24 14:30:46.814 [Test worker] DEBUG c.g.d.z.s.o.a.h.client5.http.headers - http-outgoing-20 << Transfer-Encoding: chunked
2024-07-24 14:30:46.814 [Test worker] DEBUG c.g.d.z.s.o.a.h.c.h.i.c.MainClientExec - ex-000000DD: connection can be kept alive for 3 MINUTES
2024-07-24 14:30:46.815 [Test worker] DEBUG c.g.d.z.s.o.a.hc.client5.http.wire - http-outgoing-20 << "1a38[\r][\n]"
2024-07-24 14:30:46.815 [Test worker] DEBUG c.g.d.z.s.o.a.hc.client5.http.wire - http-outgoing-20 << "{"Id":"dbc533547c417b0c08282c44771719f217c6a168c57c402bef0c197a9aadd6ef","Created":"2024-07-24T02:30:46.283144215Z","Path":"docker-entrypoint.sh","Args":["postgres","-c","fsync=off"],"State":{"Status":"running","Running":true,"Paused":false,"Restarting":false,"OOMKilled":false,"Dead":false,"Pid":30609,"ExitCode":0,"Error":"","StartedAt":"2024-07-24T02:30:46.791247107Z","FinishedAt":"0001-01-01T00:00:00Z"},"Image":"sha256:8e4fc9e184899a58735e7ee333f5e272d7d2298cf59302006b71f33e217be130","ResolvConfPath":"/var/lib/docker/containers/dbc533547c417b0c08282c44771719f217c6a168c57c402bef0c197a9aadd6ef/resolv.conf","HostnamePath":"/var/lib/docker/containers/dbc533547c417b0c08282c44771719f217c6a168c57c402bef0c197a9aadd6ef/hostname","HostsPath":"/var/lib/docker/containers/dbc533547c417b0c08282c44771719f217c6a168c57c402bef0c197a9aadd6ef/hosts","LogPath":"/var/lib/docker/containers/dbc533547c417b0c08282c44771719f217c6a168c57c402bef0c197a9aadd6ef/dbc533547c417b0c08282c44771719f217c6a168c57c402bef0c197a9aadd6ef-json.log","Name":"/naughty_mcnulty","RestartCount":0,"Driver":"overlay2","Platform":"linux","MountLabel":"","ProcessLabel":"","AppArmorProfile":"","ExecIDs":null,"HostConfig":{"Binds":[],"ContainerIDFile":"","LogConfig":{"Type":"json-file","Config":{}},"NetworkMode":"default","PortBindings":{"5432/tcp":[{"HostIp":"0.0.0.0","HostPort":"0"}]},"RestartPolicy":{"Name":"no","MaximumRetryCount":0},"AutoRemove":false,"VolumeDriver":"","VolumesFrom":[],"ConsoleSize":[0,0],"CapAdd":null,"CapDrop":null,"CgroupnsMode":"host","Dns":null,"DnsOptions":null,"DnsSearch":null,"ExtraHosts":[],"GroupAdd":null,"IpcMode":"shareable","Cgroup":"","Links":null,"OomScoreAdj":0,"PidMode":"","Privileged":false,"PublishAllPorts":false,"ReadonlyRootfs":false,"SecurityOpt":null,"UTSMode":"","UsernsMode":"","ShmSize":67108864,"Runtime":"runc","Isolation":"","CpuShares":0,"Memory":0,"NanoCpus":0,"CgroupParent":"","BlkioWeight":0,"BlkioWeightDevice":null,"BlkioDeviceReadBps":null,"BlkioDeviceWriteBps":null,"BlkioDeviceReadIOps":null,"BlkioDeviceWriteIOps":null,"CpuPeriod":0,"CpuQuota":0,"CpuRealtimePeriod":0,"CpuRealtimeRuntime":0,"CpusetCpus":"","CpusetMems":"","Devices":null,"DeviceCgroupRules":null,"DeviceRequests":null,"MemoryReservation":0,"MemorySwap":0,"MemorySwappiness":null,"OomKillDisable":false,"PidsLimit":null,"Ulimits":null,"CpuCount":0,"CpuPercent":0,"IOMaximumIOps":0,"IOMaximumBandwidth":0,"MaskedPaths":["/proc/asound","/proc/acpi","/proc/kcore","/proc/keys","/proc/latency_stats","/proc/timer_list","/proc/timer_stats","/proc/sched_debug","/proc/scsi","/sys/firmware","/sys/devices/virtual/powercap"],"ReadonlyPaths":["/proc/bus","/proc/fs","/proc/irq","/proc/sys","/proc/sysrq-trigger"]},"GraphDriver":{"Data":{"LowerDir":"/var/lib/docker/overlay2/419bb4493892614e9331d06ee242f4aaa4b1185912a69dc4dc79286e33e9f3b5-init/diff:/var/lib/docker/overlay2/8f0ddbd386af0785c2e348570516955816ab350305d698d363962d488eeb15ec/diff:/var/lib/docker/overlay2/0eb0ca73e9b0be7c3d7fa8762ef4778a68f38391bc84c037c2e90b88e781b475/diff:/var/lib/docker/overlay2/74e634bddc785c5d436b10a5158cd82e21dc2065fd1cf8ff9c1c12e01575a2d8/diff:/var/lib/docker/overlay2/bb918b2851cd2f508f1e3fdbfff8b7f8b041d61e65fe8c368288bf399e80b818/diff:/var/lib/docker/overlay2/2abab2946cbdc2941ee8ec4024c51dac7313dee9de5fbedd1ca33388c59eb3c8/diff:/var/lib/docker/overlay2/e12f6083ee669bd92743ceb339a896bb25dbe461b718705bb39eb410b80c0ecd/diff:/var/lib/docker/overlay2/ced1e86d670d097da5ed4da7288c22507735918959161c2cd8bf083fb30d169a/diff:/var/lib/docker/overlay2/94e9ac7b74923285ae73af20aeccb964ca9079e2305db367cb85d1603560472d/diff:/var/lib/docker/overlay2/a396b6dfd63f0c228c519871183c614cccf4d366a43460f27ecf97113c3c4be8/diff:/var/lib/docker/overlay2/f58ada5d5080c2bac553c734f81127660a90581a35ed2a92cebe3c59e340875b/diff:/var/lib/docker/overlay2/84f85636f37bf55d945e217b4f87a856eba7932284beaf042561007b66f48977/diff:/var/lib/docker/overlay2/1e6e519613884e91a2b74a588ba35dc8a2f789371ab798ef6e7d9836d756042f/diff:/var/lib/docker/overlay2/14a3151cc8b4f9d27d2e64f1a8abc0c7809309580f2d7e8dc8545055c1d56194/diff:/var/lib/doc"
2024-07-24 14:30:46.816 [Test worker] DEBUG c.g.d.z.s.o.a.hc.client5.http.wire - http-outgoing-20 << "ker/overlay2/5b354b9e793401517fe2f1da697653fdaadffc54888eaf76d67e0600b8c68bdc/diff","MergedDir":"/var/lib/docker/overlay2/419bb4493892614e9331d06ee242f4aaa4b1185912a69dc4dc79286e33e9f3b5/merged","UpperDir":"/var/lib/docker/overlay2/419bb4493892614e9331d06ee242f4aaa4b1185912a69dc4dc79286e33e9f3b5/diff","WorkDir":"/var/lib/docker/overlay2/419bb4493892614e9331d06ee242f4aaa4b1185912a69dc4dc79286e33e9f3b5/work"},"Name":"overlay2"},"Mounts":[{"Type":"volume","Name":"966d041503b3c2e6380f7312ab4c12f133426941caa2f443877a5424d9d5cb33","Source":"/var/lib/docker/volumes/966d041503b3c2e6380f7312ab4c12f133426941caa2f443877a5424d9d5cb33/_data","Destination":"/var/lib/postgresql/data","Driver":"local","Mode":"","RW":true,"Propagation":""}],"Config":{"Hostname":"dbc533547c41","Domainname":"","User":"","AttachStdin":false,"AttachStdout":false,"AttachStderr":false,"ExposedPorts":{"5432/tcp":{}},"Tty":false,"OpenStdin":false,"StdinOnce":false,"Env":["POSTGRES_USER=user","POSTGRES_PASSWORD=password","POSTGRES_DB=db","PATH=/usr/local/sbin:/usr/local/bin:/usr/sbin:/usr/bin:/sbin:/bin:/usr/lib/postgresql/16/bin","GOSU_VERSION=1.17","LANG=en_US.utf8","PG_MAJOR=16","PG_VERSION=16.2-1.pgdg120+2","PGDATA=/var/lib/postgresql/data"],"Cmd":["postgres","-c","fsync=off"],"Image":"postgres:latest","Volumes":{"/var/lib/postgresql/data":{}},"WorkingDir":"","Entrypoint":["docker-entrypoint.sh"],"OnBuild":null,"Labels":{"org.testcontainers":"true","org.testcontainers.lang":"java","org.testcontainers.sessionId":"280e6229-7396-4d60-b1e3-a5de48b5d49b","org.testcontainers.version":"1.19.8"},"StopSignal":"SIGINT"},"NetworkSettings":{"Bridge":"","SandboxID":"0cdb7a97b89ad614030de487f13b726fe85375774ee77e159bad6f4cb4a9445c","SandboxKey":"/var/run/docker/netns/0cdb7a97b89a","Ports":{"5432/tcp":[{"HostIp":"0.0.0.0","HostPort":"51575"}]},"HairpinMode":false,"LinkLocalIPv6Address":"","LinkLocalIPv6PrefixLen":0,"SecondaryIPAddresses":null,"SecondaryIPv6Addresses":null,"EndpointID":"0b1d0db0dca3463094d79a9c3852bb3395efd7dfc517197015f5c06c42ac5ddb","Gateway":"172.17.0.1","GlobalIPv6Address":"","GlobalIPv6PrefixLen":0,"IPAddress":"172.17.0.3","IPPrefixLen":16,"IPv6Gateway":"","MacAddress":"02:42:ac:11:00:03","Networks":{"bridge":{"IPAMConfig":null,"Links":null,"Aliases":null,"MacAddress":"02:42:ac:11:00:03","NetworkID":"3c842496be344cbdae878c1dee0957e7bc7c0a2236009c92752030f2b053e72f","EndpointID":"0b1d0db0dca3463094d79a9c3852bb3395efd7dfc517197015f5c06c42ac5ddb","Gateway":"172.17.0.1","IPAddress":"172.17.0.3","IPPrefixLen":16,"IPv6Gateway":"","GlobalIPv6Address":"","GlobalIPv6PrefixLen":0,"DriverOpts":null,"DNSNames":null}}}}[\n]"
2024-07-24 14:30:46.817 [Test worker] DEBUG c.g.d.z.s.o.a.hc.client5.http.wire - http-outgoing-20 << "[\r][\n]"
2024-07-24 14:30:46.817 [Test worker] DEBUG c.g.d.z.s.o.a.hc.client5.http.wire - http-outgoing-20 << "0[\r][\n]"
2024-07-24 14:30:46.817 [Test worker] DEBUG c.g.d.z.s.o.a.hc.client5.http.wire - http-outgoing-20 << "[\r][\n]"
2024-07-24 14:30:46.817 [Test worker] DEBUG c.g.d.z.s.o.a.h.c.h.i.c.InternalHttpClient - ep-000000DC: releasing valid endpoint
2024-07-24 14:30:46.817 [Test worker] DEBUG c.g.d.z.s.o.a.h.c.h.i.i.PoolingHttpClientConnectionManager - ep-000000DC: releasing endpoint
2024-07-24 14:30:46.817 [Test worker] DEBUG c.g.d.z.s.o.a.h.c.h.i.i.PoolingHttpClientConnectionManager - ep-000000DC: connection http-outgoing-20 can be kept alive for 3 MINUTES
2024-07-24 14:30:46.817 [Test worker] DEBUG c.g.d.z.s.o.a.h.c.h.i.i.PoolingHttpClientConnectionManager - ep-000000DC: connection released [route: {}->npipe://localhost:2375][total available: 1; route allocated: 1 of 2147483647; total allocated: 1 of 2147483647]
2024-07-24 14:30:46.817 [Test worker] DEBUG o.t.s.c.g.d.c.command.AbstrDockerCmd - Cmd: sha256:8e4fc9e184899a58735e7ee333f5e272d7d2298cf59302006b71f33e217be130
2024-07-24 14:30:46.817 [Test worker] TRACE o.t.s.c.g.d.c.e.InspectImageCmdExec - GET: DefaultWebTarget{path=[/images/sha256:8e4fc9e184899a58735e7ee333f5e272d7d2298cf59302006b71f33e217be130/json], queryParams={}}
2024-07-24 14:30:46.817 [Test worker] DEBUG c.g.d.z.s.o.a.h.c.h.i.c.InternalHttpClient - ex-000000DE: preparing request execution
2024-07-24 14:30:46.817 [Test worker] DEBUG c.g.d.z.s.o.a.h.c.h.p.RequestAddCookies - Cookie spec selected: strict
2024-07-24 14:30:46.817 [Test worker] DEBUG c.g.d.z.s.o.a.h.c.h.p.RequestAuthCache - Auth cache not set in the context
2024-07-24 14:30:46.817 [Test worker] DEBUG c.g.d.z.s.o.a.h.c.h.i.c.ProtocolExec - ex-000000DE: target auth state: UNCHALLENGED
2024-07-24 14:30:46.817 [Test worker] DEBUG c.g.d.z.s.o.a.h.c.h.i.c.ProtocolExec - ex-000000DE: proxy auth state: UNCHALLENGED
2024-07-24 14:30:46.817 [Test worker] DEBUG c.g.d.z.s.o.a.h.c.h.i.c.ConnectExec - ex-000000DE: acquiring connection with route {}->npipe://localhost:2375
2024-07-24 14:30:46.817 [Test worker] DEBUG c.g.d.z.s.o.a.h.c.h.i.c.InternalHttpClient - ex-000000DE: acquiring endpoint (3 MINUTES)
2024-07-24 14:30:46.818 [Test worker] DEBUG c.g.d.z.s.o.a.h.c.h.i.i.PoolingHttpClientConnectionManager - ex-000000DE: endpoint lease request (3 MINUTES) [route: {}->npipe://localhost:2375][total available: 1; route allocated: 1 of 2147483647; total allocated: 1 of 2147483647]
2024-07-24 14:30:46.818 [Test worker] DEBUG c.g.d.z.s.o.a.h.c.h.i.i.PoolingHttpClientConnectionManager - ex-000000DE: endpoint leased [route: {}->npipe://localhost:2375][total available: 0; route allocated: 1 of 2147483647; total allocated: 1 of 2147483647]
2024-07-24 14:30:46.818 [Test worker] DEBUG c.g.d.z.s.o.a.h.c.h.i.i.PoolingHttpClientConnectionManager - ex-000000DE: acquired ep-000000DD
2024-07-24 14:30:46.818 [Test worker] DEBUG c.g.d.z.s.o.a.h.c.h.i.c.InternalHttpClient - ex-000000DE: acquired endpoint ep-000000DD
2024-07-24 14:30:46.818 [Test worker] DEBUG c.g.d.z.s.o.a.h.c.h.i.c.MainClientExec - ex-000000DE: executing GET /v1.32/images/sha256:8e4fc9e184899a58735e7ee333f5e272d7d2298cf59302006b71f33e217be130/json HTTP/1.1
2024-07-24 14:30:46.818 [Test worker] DEBUG c.g.d.z.s.o.a.h.c.h.i.c.InternalHttpClient - ep-000000DD: start execution ex-000000DE
2024-07-24 14:30:46.818 [Test worker] DEBUG c.g.d.z.s.o.a.h.c.h.i.i.PoolingHttpClientConnectionManager - ep-000000DD: executing exchange ex-000000DE over http-outgoing-20
2024-07-24 14:30:46.818 [Test worker] DEBUG c.g.d.z.s.o.a.h.client5.http.headers - http-outgoing-20 >> GET /v1.32/images/sha256:8e4fc9e184899a58735e7ee333f5e272d7d2298cf59302006b71f33e217be130/json HTTP/1.1
2024-07-24 14:30:46.818 [Test worker] DEBUG c.g.d.z.s.o.a.h.client5.http.headers - http-outgoing-20 >> accept: application/json
2024-07-24 14:30:46.818 [Test worker] DEBUG c.g.d.z.s.o.a.h.client5.http.headers - http-outgoing-20 >> x-tc-sid: 280e6229-7396-4d60-b1e3-a5de48b5d49b
2024-07-24 14:30:46.818 [Test worker] DEBUG c.g.d.z.s.o.a.h.client5.http.headers - http-outgoing-20 >> User-Agent: tc-java/1.19.8
2024-07-24 14:30:46.818 [Test worker] DEBUG c.g.d.z.s.o.a.h.client5.http.headers - http-outgoing-20 >> Accept-Encoding: gzip, x-gzip, deflate
2024-07-24 14:30:46.818 [Test worker] DEBUG c.g.d.z.s.o.a.h.client5.http.headers - http-outgoing-20 >> Host: localhost:2375
2024-07-24 14:30:46.818 [Test worker] DEBUG c.g.d.z.s.o.a.h.client5.http.headers - http-outgoing-20 >> Connection: keep-alive
2024-07-24 14:30:46.818 [Test worker] DEBUG c.g.d.z.s.o.a.hc.client5.http.wire - http-outgoing-20 >> "GET /v1.32/images/sha256:8e4fc9e184899a58735e7ee333f5e272d7d2298cf59302006b71f33e217be130/json HTTP/1.1[\r][\n]"
2024-07-24 14:30:46.818 [Test worker] DEBUG c.g.d.z.s.o.a.hc.client5.http.wire - http-outgoing-20 >> "accept: application/json[\r][\n]"
2024-07-24 14:30:46.818 [Test worker] DEBUG c.g.d.z.s.o.a.hc.client5.http.wire - http-outgoing-20 >> "x-tc-sid: 280e6229-7396-4d60-b1e3-a5de48b5d49b[\r][\n]"
2024-07-24 14:30:46.818 [Test worker] DEBUG c.g.d.z.s.o.a.hc.client5.http.wire - http-outgoing-20 >> "User-Agent: tc-java/1.19.8[\r][\n]"
2024-07-24 14:30:46.818 [Test worker] DEBUG c.g.d.z.s.o.a.hc.client5.http.wire - http-outgoing-20 >> "Accept-Encoding: gzip, x-gzip, deflate[\r][\n]"
2024-07-24 14:30:46.818 [Test worker] DEBUG c.g.d.z.s.o.a.hc.client5.http.wire - http-outgoing-20 >> "Host: localhost:2375[\r][\n]"
2024-07-24 14:30:46.818 [Test worker] DEBUG c.g.d.z.s.o.a.hc.client5.http.wire - http-outgoing-20 >> "Connection: keep-alive[\r][\n]"
2024-07-24 14:30:46.818 [Test worker] DEBUG c.g.d.z.s.o.a.hc.client5.http.wire - http-outgoing-20 >> "[\r][\n]"
2024-07-24 14:30:46.821 [Test worker] DEBUG c.g.d.z.s.o.a.hc.client5.http.wire - http-outgoing-20 << "HTTP/1.1 200 OK[\r][\n]"
2024-07-24 14:30:46.821 [Test worker] DEBUG c.g.d.z.s.o.a.hc.client5.http.wire - http-outgoing-20 << "Api-Version: 1.45[\r][\n]"
2024-07-24 14:30:46.821 [Test worker] DEBUG c.g.d.z.s.o.a.hc.client5.http.wire - http-outgoing-20 << "Content-Type: application/json[\r][\n]"
2024-07-24 14:30:46.821 [Test worker] DEBUG c.g.d.z.s.o.a.hc.client5.http.wire - http-outgoing-20 << "Date: Wed, 24 Jul 2024 02:30:46 GMT[\r][\n]"
2024-07-24 14:30:46.821 [Test worker] DEBUG c.g.d.z.s.o.a.hc.client5.http.wire - http-outgoing-20 << "Docker-Experimental: false[\r][\n]"
2024-07-24 14:30:46.821 [Test worker] DEBUG c.g.d.z.s.o.a.hc.client5.http.wire - http-outgoing-20 << "Ostype: linux[\r][\n]"
2024-07-24 14:30:46.821 [Test worker] DEBUG c.g.d.z.s.o.a.hc.client5.http.wire - http-outgoing-20 << "Server: Docker/26.0.0 (linux)[\r][\n]"
2024-07-24 14:30:46.821 [Test worker] DEBUG c.g.d.z.s.o.a.hc.client5.http.wire - http-outgoing-20 << "Transfer-Encoding: chunked[\r][\n]"
2024-07-24 14:30:46.821 [Test worker] DEBUG c.g.d.z.s.o.a.hc.client5.http.wire - http-outgoing-20 << "[\r][\n]"
2024-07-24 14:30:46.822 [Test worker] DEBUG c.g.d.z.s.o.a.h.client5.http.headers - http-outgoing-20 << HTTP/1.1 200 OK
2024-07-24 14:30:46.822 [Test worker] DEBUG c.g.d.z.s.o.a.h.client5.http.headers - http-outgoing-20 << Api-Version: 1.45
2024-07-24 14:30:46.822 [Test worker] DEBUG c.g.d.z.s.o.a.h.client5.http.headers - http-outgoing-20 << Content-Type: application/json
2024-07-24 14:30:46.822 [Test worker] DEBUG c.g.d.z.s.o.a.h.client5.http.headers - http-outgoing-20 << Date: Wed, 24 Jul 2024 02:30:46 GMT
2024-07-24 14:30:46.822 [Test worker] DEBUG c.g.d.z.s.o.a.h.client5.http.headers - http-outgoing-20 << Docker-Experimental: false
2024-07-24 14:30:46.822 [Test worker] DEBUG c.g.d.z.s.o.a.h.client5.http.headers - http-outgoing-20 << Ostype: linux
2024-07-24 14:30:46.822 [Test worker] DEBUG c.g.d.z.s.o.a.h.client5.http.headers - http-outgoing-20 << Server: Docker/26.0.0 (linux)
2024-07-24 14:30:46.822 [Test worker] DEBUG c.g.d.z.s.o.a.h.client5.http.headers - http-outgoing-20 << Transfer-Encoding: chunked
2024-07-24 14:30:46.822 [Test worker] DEBUG c.g.d.z.s.o.a.h.c.h.i.c.MainClientExec - ex-000000DE: connection can be kept alive for 3 MINUTES
2024-07-24 14:30:46.822 [Test worker] DEBUG c.g.d.z.s.o.a.hc.client5.http.wire - http-outgoing-20 << "fcb[\r][\n]"
2024-07-24 14:30:46.822 [Test worker] DEBUG c.g.d.z.s.o.a.hc.client5.http.wire - http-outgoing-20 << "{"Id":"sha256:8e4fc9e184899a58735e7ee333f5e272d7d2298cf59302006b71f33e217be130","RepoTags":["postgres:latest"],"RepoDigests":["postgres@sha256:4aea012537edfad80f98d870a36e6b90b4c09b27be7f4b4759d72db863baeebb"],"Parent":"","Comment":"buildkit.dockerfile.v0","Created":"2024-02-21T00:46:13Z","ContainerConfig":{"Hostname":"","Domainname":"","User":"","AttachStdin":false,"AttachStdout":false,"AttachStderr":false,"Tty":false,"OpenStdin":false,"StdinOnce":false,"Env":null,"Cmd":null,"Image":"","Volumes":null,"WorkingDir":"","Entrypoint":null,"OnBuild":null,"Labels":null},"DockerVersion":"","Author":"","Config":{"Hostname":"","Domainname":"","User":"","AttachStdin":false,"AttachStdout":false,"AttachStderr":false,"ExposedPorts":{"5432/tcp":{}},"Tty":false,"OpenStdin":false,"StdinOnce":false,"Env":["PATH=/usr/local/sbin:/usr/local/bin:/usr/sbin:/usr/bin:/sbin:/bin:/usr/lib/postgresql/16/bin","GOSU_VERSION=1.17","LANG=en_US.utf8","PG_MAJOR=16","PG_VERSION=16.2-1.pgdg120+2","PGDATA=/var/lib/postgresql/data"],"Cmd":["postgres"],"ArgsEscaped":true,"Image":"","Volumes":{"/var/lib/postgresql/data":{}},"WorkingDir":"","Entrypoint":["docker-entrypoint.sh"],"OnBuild":null,"Labels":null,"StopSignal":"SIGINT"},"Architecture":"amd64","Os":"linux","Size":431496964,"VirtualSize":431496964,"GraphDriver":{"Data":{"LowerDir":"/var/lib/docker/overlay2/0eb0ca73e9b0be7c3d7fa8762ef4778a68f38391bc84c037c2e90b88e781b475/diff:/var/lib/docker/overlay2/74e634bddc785c5d436b10a5158cd82e21dc2065fd1cf8ff9c1c12e01575a2d8/diff:/var/lib/docker/overlay2/bb918b2851cd2f508f1e3fdbfff8b7f8b041d61e65fe8c368288bf399e80b818/diff:/var/lib/docker/overlay2/2abab2946cbdc2941ee8ec4024c51dac7313dee9de5fbedd1ca33388c59eb3c8/diff:/var/lib/docker/overlay2/e12f6083ee669bd92743ceb339a896bb25dbe461b718705bb39eb410b80c0ecd/diff:/var/lib/docker/overlay2/ced1e86d670d097da5ed4da7288c22507735918959161c2cd8bf083fb30d169a/diff:/var/lib/docker/overlay2/94e9ac7b74923285ae73af20aeccb964ca9079e2305db367cb85d1603560472d/diff:/var/lib/docker/overlay2/a396b6dfd63f0c228c519871183c614cccf4d366a43460f27ecf97113c3c4be8/diff:/var/lib/docker/overlay2/f58ada5d5080c2bac553c734f81127660a90581a35ed2a92cebe3c59e340875b/diff:/var/lib/docker/overlay2/84f85636f37bf55d945e217b4f87a856eba7932284beaf042561007b66f48977/diff:/var/lib/docker/overlay2/1e6e519613884e91a2b74a588ba35dc8a2f789371ab798ef6e7d9836d756042f/diff:/var/lib/docker/overlay2/14a3151cc8b4f9d27d2e64f1a8abc0c7809309580f2d7e8dc8545055c1d56194/diff:/var/lib/docker/overlay2/5b354b9e793401517fe2f1da697653fdaadffc54888eaf76d67e0600b8c68bdc/diff","MergedDir":"/var/lib/docker/overlay2/8f0ddbd386af0785c2e348570516955816ab350305d698d363962d488eeb15ec/merged","UpperDir":"/var/lib/docker/overlay2/8f0ddbd386af0785c2e348570516955816ab350305d698d363962d488eeb15ec/diff","WorkDir":"/var/lib/docker/overlay2/8f0ddbd386af0785c2e348570516955816ab350305d698d363962d488eeb15ec/work"},"Name":"overlay2"},"RootFS":{"Type":"layers","Layers":["sha256:52ec5a4316fadc09a4a51f82b8d7b66ead0d71bea4f75e81e25b4094c4219061","sha256:5a99d63e3aef066b4fa085cf24d0281681d5530c22f0c93391b854ba5741b62e","sha256:12694c6edf8321950446751b5acc175137946701b72febd6a32ab6e6cb89403b","sha256:beceb355ef35df0b8123db4eddd8f734e7414a3828e463354a913dda6738571d","sha256:0f86e6985ca32f3adeb9f65e3f80b3f2aa37a697d345c84011b2421e5608bc06","sha256:22c31f24613cd6a7b43f3074166d79619574e76f430035be15d909ae45fb97da","sha256:7c32a1ce1cc084a148145553666d5b64e3b6551491d1c3c6cc545b5b69daf5da","sha256:192de40051e6f5b468a60be4e6d162a1bbf3dc4af2dfb0a7aa8db25f86b6e68e","sha256:257f3fc789f6526019470322285b4bfe55e3e09f41150576c0997f370407af14","sha256:2993953b2c109056b0d580a549dae9f902a84a29f3907d96d7329746a8df7fc2","sha256:0bc02fbb093e939812a0ca64bd21a807d815b89c5e034e73026d14535053f4e2","sha256:3866ad927dc8101b32941f0fe6e36e656eba398b92164688ce1d1afdeca7eb09","sha256:2621fdc21b32f8210d30df7b9f44c068fa347ce07f7e1935a2383e5f7e7ddecb","sha256:c116a9ba3dbfe8c6135659ba009883a03bdc660abfedc64e2528baa6d736dbc9"]},"Metadata":{"LastTagTime":"0001-01-01T00:00:00Z"},"Container":""}[\n]"
2024-07-24 14:30:46.822 [Test worker] DEBUG c.g.d.z.s.o.a.hc.client5.http.wire - http-outgoing-20 << "[\r][\n]"
2024-07-24 14:30:46.823 [Test worker] DEBUG c.g.d.z.s.o.a.hc.client5.http.wire - http-outgoing-20 << "0[\r][\n]"
2024-07-24 14:30:46.823 [Test worker] DEBUG c.g.d.z.s.o.a.hc.client5.http.wire - http-outgoing-20 << "[\r][\n]"
2024-07-24 14:30:46.823 [Test worker] DEBUG c.g.d.z.s.o.a.h.c.h.i.c.InternalHttpClient - ep-000000DD: releasing valid endpoint
2024-07-24 14:30:46.823 [Test worker] DEBUG c.g.d.z.s.o.a.h.c.h.i.i.PoolingHttpClientConnectionManager - ep-000000DD: releasing endpoint
2024-07-24 14:30:46.823 [Test worker] DEBUG c.g.d.z.s.o.a.h.c.h.i.i.PoolingHttpClientConnectionManager - ep-000000DD: connection http-outgoing-20 can be kept alive for 3 MINUTES
2024-07-24 14:30:46.823 [Test worker] DEBUG c.g.d.z.s.o.a.h.c.h.i.i.PoolingHttpClientConnectionManager - ep-000000DD: connection released [route: {}->npipe://localhost:2375][total available: 1; route allocated: 1 of 2147483647; total allocated: 1 of 2147483647]
2024-07-24 14:30:46.823 [Test worker] DEBUG o.t.s.c.g.d.c.command.AbstrDockerCmd - Cmd: 
2024-07-24 14:30:46.823 [Test worker] TRACE o.t.s.c.g.d.core.exec.VersionCmdExec - GET: DefaultWebTarget{path=[/version], queryParams={}}
2024-07-24 14:30:46.823 [Test worker] DEBUG c.g.d.z.s.o.a.h.c.h.i.c.InternalHttpClient - ex-000000DF: preparing request execution
2024-07-24 14:30:46.824 [Test worker] DEBUG c.g.d.z.s.o.a.h.c.h.p.RequestAddCookies - Cookie spec selected: strict
2024-07-24 14:30:46.824 [Test worker] DEBUG c.g.d.z.s.o.a.h.c.h.p.RequestAuthCache - Auth cache not set in the context
2024-07-24 14:30:46.824 [Test worker] DEBUG c.g.d.z.s.o.a.h.c.h.i.c.ProtocolExec - ex-000000DF: target auth state: UNCHALLENGED
2024-07-24 14:30:46.824 [Test worker] DEBUG c.g.d.z.s.o.a.h.c.h.i.c.ProtocolExec - ex-000000DF: proxy auth state: UNCHALLENGED
2024-07-24 14:30:46.824 [Test worker] DEBUG c.g.d.z.s.o.a.h.c.h.i.c.ConnectExec - ex-000000DF: acquiring connection with route {}->npipe://localhost:2375
2024-07-24 14:30:46.824 [Test worker] DEBUG c.g.d.z.s.o.a.h.c.h.i.c.InternalHttpClient - ex-000000DF: acquiring endpoint (3 MINUTES)
2024-07-24 14:30:46.824 [Test worker] DEBUG c.g.d.z.s.o.a.h.c.h.i.i.PoolingHttpClientConnectionManager - ex-000000DF: endpoint lease request (3 MINUTES) [route: {}->npipe://localhost:2375][total available: 1; route allocated: 1 of 2147483647; total allocated: 1 of 2147483647]
2024-07-24 14:30:46.824 [Test worker] DEBUG c.g.d.z.s.o.a.h.c.h.i.i.PoolingHttpClientConnectionManager - ex-000000DF: endpoint leased [route: {}->npipe://localhost:2375][total available: 0; route allocated: 1 of 2147483647; total allocated: 1 of 2147483647]
2024-07-24 14:30:46.824 [Test worker] DEBUG c.g.d.z.s.o.a.h.c.h.i.i.PoolingHttpClientConnectionManager - ex-000000DF: acquired ep-000000DE
2024-07-24 14:30:46.824 [Test worker] DEBUG c.g.d.z.s.o.a.h.c.h.i.c.InternalHttpClient - ex-000000DF: acquired endpoint ep-000000DE
2024-07-24 14:30:46.824 [Test worker] DEBUG c.g.d.z.s.o.a.h.c.h.i.c.MainClientExec - ex-000000DF: executing GET /v1.32/version HTTP/1.1
2024-07-24 14:30:46.824 [Test worker] DEBUG c.g.d.z.s.o.a.h.c.h.i.c.InternalHttpClient - ep-000000DE: start execution ex-000000DF
2024-07-24 14:30:46.824 [Test worker] DEBUG c.g.d.z.s.o.a.h.c.h.i.i.PoolingHttpClientConnectionManager - ep-000000DE: executing exchange ex-000000DF over http-outgoing-20
2024-07-24 14:30:46.824 [Test worker] DEBUG c.g.d.z.s.o.a.h.client5.http.headers - http-outgoing-20 >> GET /v1.32/version HTTP/1.1
2024-07-24 14:30:46.824 [Test worker] DEBUG c.g.d.z.s.o.a.h.client5.http.headers - http-outgoing-20 >> accept: application/json
2024-07-24 14:30:46.824 [Test worker] DEBUG c.g.d.z.s.o.a.h.client5.http.headers - http-outgoing-20 >> x-tc-sid: 280e6229-7396-4d60-b1e3-a5de48b5d49b
2024-07-24 14:30:46.824 [Test worker] DEBUG c.g.d.z.s.o.a.h.client5.http.headers - http-outgoing-20 >> User-Agent: tc-java/1.19.8
2024-07-24 14:30:46.824 [Test worker] DEBUG c.g.d.z.s.o.a.h.client5.http.headers - http-outgoing-20 >> Accept-Encoding: gzip, x-gzip, deflate
2024-07-24 14:30:46.824 [Test worker] DEBUG c.g.d.z.s.o.a.h.client5.http.headers - http-outgoing-20 >> Host: localhost:2375
2024-07-24 14:30:46.824 [Test worker] DEBUG c.g.d.z.s.o.a.h.client5.http.headers - http-outgoing-20 >> Connection: keep-alive
2024-07-24 14:30:46.824 [Test worker] DEBUG c.g.d.z.s.o.a.hc.client5.http.wire - http-outgoing-20 >> "GET /v1.32/version HTTP/1.1[\r][\n]"
2024-07-24 14:30:46.824 [Test worker] DEBUG c.g.d.z.s.o.a.hc.client5.http.wire - http-outgoing-20 >> "accept: application/json[\r][\n]"
2024-07-24 14:30:46.824 [Test worker] DEBUG c.g.d.z.s.o.a.hc.client5.http.wire - http-outgoing-20 >> "x-tc-sid: 280e6229-7396-4d60-b1e3-a5de48b5d49b[\r][\n]"
2024-07-24 14:30:46.824 [Test worker] DEBUG c.g.d.z.s.o.a.hc.client5.http.wire - http-outgoing-20 >> "User-Agent: tc-java/1.19.8[\r][\n]"
2024-07-24 14:30:46.824 [Test worker] DEBUG c.g.d.z.s.o.a.hc.client5.http.wire - http-outgoing-20 >> "Accept-Encoding: gzip, x-gzip, deflate[\r][\n]"
2024-07-24 14:30:46.824 [Test worker] DEBUG c.g.d.z.s.o.a.hc.client5.http.wire - http-outgoing-20 >> "Host: localhost:2375[\r][\n]"
2024-07-24 14:30:46.824 [Test worker] DEBUG c.g.d.z.s.o.a.hc.client5.http.wire - http-outgoing-20 >> "Connection: keep-alive[\r][\n]"
2024-07-24 14:30:46.824 [Test worker] DEBUG c.g.d.z.s.o.a.hc.client5.http.wire - http-outgoing-20 >> "[\r][\n]"
2024-07-24 14:30:46.833 [Test worker] DEBUG c.g.d.z.s.o.a.hc.client5.http.wire - http-outgoing-20 << "HTTP/1.1 200 OK[\r][\n]"
2024-07-24 14:30:46.834 [Test worker] DEBUG c.g.d.z.s.o.a.hc.client5.http.wire - http-outgoing-20 << "Api-Version: 1.45[\r][\n]"
2024-07-24 14:30:46.834 [Test worker] DEBUG c.g.d.z.s.o.a.hc.client5.http.wire - http-outgoing-20 << "Content-Type: application/json[\r][\n]"
2024-07-24 14:30:46.834 [Test worker] DEBUG c.g.d.z.s.o.a.hc.client5.http.wire - http-outgoing-20 << "Date: Wed, 24 Jul 2024 02:30:46 GMT[\r][\n]"
2024-07-24 14:30:46.834 [Test worker] DEBUG c.g.d.z.s.o.a.hc.client5.http.wire - http-outgoing-20 << "Docker-Experimental: false[\r][\n]"
2024-07-24 14:30:46.834 [Test worker] DEBUG c.g.d.z.s.o.a.hc.client5.http.wire - http-outgoing-20 << "Ostype: linux[\r][\n]"
2024-07-24 14:30:46.834 [Test worker] DEBUG c.g.d.z.s.o.a.hc.client5.http.wire - http-outgoing-20 << "Server: Docker/26.0.0 (linux)[\r][\n]"
2024-07-24 14:30:46.834 [Test worker] DEBUG c.g.d.z.s.o.a.hc.client5.http.wire - http-outgoing-20 << "Transfer-Encoding: chunked[\r][\n]"
2024-07-24 14:30:46.834 [Test worker] DEBUG c.g.d.z.s.o.a.hc.client5.http.wire - http-outgoing-20 << "[\r][\n]"
2024-07-24 14:30:46.834 [Test worker] DEBUG c.g.d.z.s.o.a.h.client5.http.headers - http-outgoing-20 << HTTP/1.1 200 OK
2024-07-24 14:30:46.834 [Test worker] DEBUG c.g.d.z.s.o.a.h.client5.http.headers - http-outgoing-20 << Api-Version: 1.45
2024-07-24 14:30:46.834 [Test worker] DEBUG c.g.d.z.s.o.a.h.client5.http.headers - http-outgoing-20 << Content-Type: application/json
2024-07-24 14:30:46.834 [Test worker] DEBUG c.g.d.z.s.o.a.h.client5.http.headers - http-outgoing-20 << Date: Wed, 24 Jul 2024 02:30:46 GMT
2024-07-24 14:30:46.834 [Test worker] DEBUG c.g.d.z.s.o.a.h.client5.http.headers - http-outgoing-20 << Docker-Experimental: false
2024-07-24 14:30:46.834 [Test worker] DEBUG c.g.d.z.s.o.a.h.client5.http.headers - http-outgoing-20 << Ostype: linux
2024-07-24 14:30:46.834 [Test worker] DEBUG c.g.d.z.s.o.a.h.client5.http.headers - http-outgoing-20 << Server: Docker/26.0.0 (linux)
2024-07-24 14:30:46.834 [Test worker] DEBUG c.g.d.z.s.o.a.h.client5.http.headers - http-outgoing-20 << Transfer-Encoding: chunked
2024-07-24 14:30:46.834 [Test worker] DEBUG c.g.d.z.s.o.a.h.c.h.i.c.MainClientExec - ex-000000DF: connection can be kept alive for 3 MINUTES
2024-07-24 14:30:46.834 [Test worker] DEBUG c.g.d.z.s.o.a.hc.client5.http.wire - http-outgoing-20 << "35f[\r][\n]"
2024-07-24 14:30:46.834 [Test worker] DEBUG c.g.d.z.s.o.a.hc.client5.http.wire - http-outgoing-20 << "{"Platform":{"Name":"Docker Desktop 4.29.0 (145265)"},"Components":[{"Name":"Engine","Version":"26.0.0","Details":{"ApiVersion":"1.45","Arch":"amd64","BuildTime":"2024-03-20T15:18:01.000000000+00:00","Experimental":"false","GitCommit":"8b79278","GoVersion":"go1.21.8","KernelVersion":"5.15.153.1-microsoft-standard-WSL2","MinAPIVersion":"1.24","Os":"linux"}},{"Name":"containerd","Version":"1.6.28","Details":{"GitCommit":"ae07eda36dd25f8a1b98dfbf587313b99c0190bb"}},{"Name":"runc","Version":"1.1.12","Details":{"GitCommit":"v1.1.12-0-g51d5e94"}},{"Name":"docker-init","Version":"0.19.0","Details":{"GitCommit":"de40ad0"}}],"Version":"26.0.0","ApiVersion":"1.45","MinAPIVersion":"1.24","GitCommit":"8b79278","GoVersion":"go1.21.8","Os":"linux","Arch":"amd64","KernelVersion":"5.15.153.1-microsoft-standard-WSL2","BuildTime":"2024-03-20T15:18:01.000000000+00:00"}[\n]"
2024-07-24 14:30:46.834 [Test worker] DEBUG c.g.d.z.s.o.a.hc.client5.http.wire - http-outgoing-20 << "[\r][\n]"
2024-07-24 14:30:46.834 [Test worker] DEBUG c.g.d.z.s.o.a.hc.client5.http.wire - http-outgoing-20 << "0[\r][\n]"
2024-07-24 14:30:46.834 [Test worker] DEBUG c.g.d.z.s.o.a.hc.client5.http.wire - http-outgoing-20 << "[\r][\n]"
2024-07-24 14:30:46.835 [Test worker] DEBUG c.g.d.z.s.o.a.h.c.h.i.c.InternalHttpClient - ep-000000DE: releasing valid endpoint
2024-07-24 14:30:46.835 [Test worker] DEBUG c.g.d.z.s.o.a.h.c.h.i.i.PoolingHttpClientConnectionManager - ep-000000DE: releasing endpoint
2024-07-24 14:30:46.835 [Test worker] DEBUG c.g.d.z.s.o.a.h.c.h.i.i.PoolingHttpClientConnectionManager - ep-000000DE: connection http-outgoing-20 can be kept alive for 3 MINUTES
2024-07-24 14:30:46.835 [Test worker] DEBUG c.g.d.z.s.o.a.h.c.h.i.i.PoolingHttpClientConnectionManager - ep-000000DE: connection released [route: {}->npipe://localhost:2375][total available: 1; route allocated: 1 of 2147483647; total allocated: 1 of 2147483647]
2024-07-24 14:30:46.835 [Test worker] TRACE o.t.s.c.g.d.c.e.LogContainerCmdExec - GET: DefaultWebTarget{path=[/containers/dbc533547c417b0c08282c44771719f217c6a168c57c402bef0c197a9aadd6ef/logs], queryParams={stdout=[true], stderr=[true], follow=[true], since=[0]}}
2024-07-24 14:30:46.836 [docker-java-stream--1777141377] DEBUG c.g.d.z.s.o.a.h.c.h.i.c.InternalHttpClient - ex-000000E0: preparing request execution
2024-07-24 14:30:46.836 [docker-java-stream--1777141377] DEBUG c.g.d.z.s.o.a.h.c.h.p.RequestAddCookies - Cookie spec selected: strict
2024-07-24 14:30:46.836 [docker-java-stream--1777141377] DEBUG c.g.d.z.s.o.a.h.c.h.p.RequestAuthCache - Auth cache not set in the context
2024-07-24 14:30:46.836 [docker-java-stream--1777141377] DEBUG c.g.d.z.s.o.a.h.c.h.i.c.ProtocolExec - ex-000000E0: target auth state: UNCHALLENGED
2024-07-24 14:30:46.836 [docker-java-stream--1777141377] DEBUG c.g.d.z.s.o.a.h.c.h.i.c.ProtocolExec - ex-000000E0: proxy auth state: UNCHALLENGED
2024-07-24 14:30:46.836 [docker-java-stream--1777141377] DEBUG c.g.d.z.s.o.a.h.c.h.i.c.ConnectExec - ex-000000E0: acquiring connection with route {}->npipe://localhost:2375
2024-07-24 14:30:46.836 [docker-java-stream--1777141377] DEBUG c.g.d.z.s.o.a.h.c.h.i.c.InternalHttpClient - ex-000000E0: acquiring endpoint (3 MINUTES)
2024-07-24 14:30:46.836 [docker-java-stream--1777141377] DEBUG c.g.d.z.s.o.a.h.c.h.i.i.PoolingHttpClientConnectionManager - ex-000000E0: endpoint lease request (3 MINUTES) [route: {}->npipe://localhost:2375][total available: 1; route allocated: 1 of 2147483647; total allocated: 1 of 2147483647]
2024-07-24 14:30:46.836 [docker-java-stream--1777141377] DEBUG c.g.d.z.s.o.a.h.c.h.i.i.PoolingHttpClientConnectionManager - ex-000000E0: endpoint leased [route: {}->npipe://localhost:2375][total available: 0; route allocated: 1 of 2147483647; total allocated: 1 of 2147483647]
2024-07-24 14:30:46.836 [docker-java-stream--1777141377] DEBUG c.g.d.z.s.o.a.h.c.h.i.i.PoolingHttpClientConnectionManager - ex-000000E0: acquired ep-000000DF
2024-07-24 14:30:46.836 [docker-java-stream--1777141377] DEBUG c.g.d.z.s.o.a.h.c.h.i.c.InternalHttpClient - ex-000000E0: acquired endpoint ep-000000DF
2024-07-24 14:30:46.836 [docker-java-stream--1777141377] DEBUG c.g.d.z.s.o.a.h.c.h.i.c.MainClientExec - ex-000000E0: executing GET /v1.32/containers/dbc533547c417b0c08282c44771719f217c6a168c57c402bef0c197a9aadd6ef/logs?stdout=true&stderr=true&follow=true&since=0 HTTP/1.1
2024-07-24 14:30:46.836 [docker-java-stream--1777141377] DEBUG c.g.d.z.s.o.a.h.c.h.i.c.InternalHttpClient - ep-000000DF: start execution ex-000000E0
2024-07-24 14:30:46.836 [docker-java-stream--1777141377] DEBUG c.g.d.z.s.o.a.h.c.h.i.i.PoolingHttpClientConnectionManager - ep-000000DF: executing exchange ex-000000E0 over http-outgoing-20
2024-07-24 14:30:46.836 [docker-java-stream--1777141377] DEBUG c.g.d.z.s.o.a.h.client5.http.headers - http-outgoing-20 >> GET /v1.32/containers/dbc533547c417b0c08282c44771719f217c6a168c57c402bef0c197a9aadd6ef/logs?stdout=true&stderr=true&follow=true&since=0 HTTP/1.1
2024-07-24 14:30:46.836 [docker-java-stream--1777141377] DEBUG c.g.d.z.s.o.a.h.client5.http.headers - http-outgoing-20 >> x-tc-sid: 280e6229-7396-4d60-b1e3-a5de48b5d49b
2024-07-24 14:30:46.836 [docker-java-stream--1777141377] DEBUG c.g.d.z.s.o.a.h.client5.http.headers - http-outgoing-20 >> User-Agent: tc-java/1.19.8
2024-07-24 14:30:46.836 [docker-java-stream--1777141377] DEBUG c.g.d.z.s.o.a.h.client5.http.headers - http-outgoing-20 >> Accept-Encoding: gzip, x-gzip, deflate
2024-07-24 14:30:46.836 [docker-java-stream--1777141377] DEBUG c.g.d.z.s.o.a.h.client5.http.headers - http-outgoing-20 >> Host: localhost:2375
2024-07-24 14:30:46.836 [docker-java-stream--1777141377] DEBUG c.g.d.z.s.o.a.h.client5.http.headers - http-outgoing-20 >> Connection: keep-alive
2024-07-24 14:30:46.836 [docker-java-stream--1777141377] DEBUG c.g.d.z.s.o.a.hc.client5.http.wire - http-outgoing-20 >> "GET /v1.32/containers/dbc533547c417b0c08282c44771719f217c6a168c57c402bef0c197a9aadd6ef/logs?stdout=true&stderr=true&follow=true&since=0 HTTP/1.1[\r][\n]"
2024-07-24 14:30:46.836 [docker-java-stream--1777141377] DEBUG c.g.d.z.s.o.a.hc.client5.http.wire - http-outgoing-20 >> "x-tc-sid: 280e6229-7396-4d60-b1e3-a5de48b5d49b[\r][\n]"
2024-07-24 14:30:46.836 [docker-java-stream--1777141377] DEBUG c.g.d.z.s.o.a.hc.client5.http.wire - http-outgoing-20 >> "User-Agent: tc-java/1.19.8[\r][\n]"
2024-07-24 14:30:46.836 [docker-java-stream--1777141377] DEBUG c.g.d.z.s.o.a.hc.client5.http.wire - http-outgoing-20 >> "Accept-Encoding: gzip, x-gzip, deflate[\r][\n]"
2024-07-24 14:30:46.836 [docker-java-stream--1777141377] DEBUG c.g.d.z.s.o.a.hc.client5.http.wire - http-outgoing-20 >> "Host: localhost:2375[\r][\n]"
2024-07-24 14:30:46.836 [docker-java-stream--1777141377] DEBUG c.g.d.z.s.o.a.hc.client5.http.wire - http-outgoing-20 >> "Connection: keep-alive[\r][\n]"
2024-07-24 14:30:46.836 [docker-java-stream--1777141377] DEBUG c.g.d.z.s.o.a.hc.client5.http.wire - http-outgoing-20 >> "[\r][\n]"
2024-07-24 14:30:46.839 [docker-java-stream--1777141377] DEBUG c.g.d.z.s.o.a.hc.client5.http.wire - http-outgoing-20 << "HTTP/1.1 200 OK[\r][\n]"
2024-07-24 14:30:46.839 [docker-java-stream--1777141377] DEBUG c.g.d.z.s.o.a.hc.client5.http.wire - http-outgoing-20 << "Api-Version: 1.45[\r][\n]"
2024-07-24 14:30:46.839 [docker-java-stream--1777141377] DEBUG c.g.d.z.s.o.a.hc.client5.http.wire - http-outgoing-20 << "Content-Type: application/vnd.docker.raw-stream[\r][\n]"
2024-07-24 14:30:46.839 [docker-java-stream--1777141377] DEBUG c.g.d.z.s.o.a.hc.client5.http.wire - http-outgoing-20 << "Date: Wed, 24 Jul 2024 02:30:46 GMT[\r][\n]"
2024-07-24 14:30:46.839 [docker-java-stream--1777141377] DEBUG c.g.d.z.s.o.a.hc.client5.http.wire - http-outgoing-20 << "Docker-Experimental: false[\r][\n]"
2024-07-24 14:30:46.839 [docker-java-stream--1777141377] DEBUG c.g.d.z.s.o.a.hc.client5.http.wire - http-outgoing-20 << "Ostype: linux[\r][\n]"
2024-07-24 14:30:46.839 [docker-java-stream--1777141377] DEBUG c.g.d.z.s.o.a.hc.client5.http.wire - http-outgoing-20 << "Server: Docker/26.0.0 (linux)[\r][\n]"
2024-07-24 14:30:46.839 [docker-java-stream--1777141377] DEBUG c.g.d.z.s.o.a.hc.client5.http.wire - http-outgoing-20 << "Transfer-Encoding: chunked[\r][\n]"
2024-07-24 14:30:46.839 [docker-java-stream--1777141377] DEBUG c.g.d.z.s.o.a.hc.client5.http.wire - http-outgoing-20 << "[\r][\n]"
2024-07-24 14:30:46.839 [docker-java-stream--1777141377] DEBUG c.g.d.z.s.o.a.h.client5.http.headers - http-outgoing-20 << HTTP/1.1 200 OK
2024-07-24 14:30:46.839 [docker-java-stream--1777141377] DEBUG c.g.d.z.s.o.a.h.client5.http.headers - http-outgoing-20 << Api-Version: 1.45
2024-07-24 14:30:46.839 [docker-java-stream--1777141377] DEBUG c.g.d.z.s.o.a.h.client5.http.headers - http-outgoing-20 << Content-Type: application/vnd.docker.raw-stream
2024-07-24 14:30:46.839 [docker-java-stream--1777141377] DEBUG c.g.d.z.s.o.a.h.client5.http.headers - http-outgoing-20 << Date: Wed, 24 Jul 2024 02:30:46 GMT
2024-07-24 14:30:46.839 [docker-java-stream--1777141377] DEBUG c.g.d.z.s.o.a.h.client5.http.headers - http-outgoing-20 << Docker-Experimental: false
2024-07-24 14:30:46.839 [docker-java-stream--1777141377] DEBUG c.g.d.z.s.o.a.h.client5.http.headers - http-outgoing-20 << Ostype: linux
2024-07-24 14:30:46.840 [docker-java-stream--1777141377] DEBUG c.g.d.z.s.o.a.h.client5.http.headers - http-outgoing-20 << Server: Docker/26.0.0 (linux)
2024-07-24 14:30:46.840 [docker-java-stream--1777141377] DEBUG c.g.d.z.s.o.a.h.client5.http.headers - http-outgoing-20 << Transfer-Encoding: chunked
2024-07-24 14:30:46.840 [docker-java-stream--1777141377] DEBUG c.g.d.z.s.o.a.h.c.h.i.c.MainClientExec - ex-000000E0: connection can be kept alive for 3 MINUTES
2024-07-24 14:30:46.842 [docker-java-stream--1777141377] DEBUG c.g.d.z.s.o.a.hc.client5.http.wire - http-outgoing-20 << "128[\r][\n]"
2024-07-24 14:30:46.842 [docker-java-stream--1777141377] DEBUG c.g.d.z.s.o.a.hc.client5.http.wire - http-outgoing-20 << "[0x1][0x0][0x0][0x0][0x0][0x0][0x0]NThe files belonging to this database system will be owned by user "postgres".[\n]"
2024-07-24 14:30:46.842 [docker-java-stream--1777141377] DEBUG c.g.d.z.s.o.a.hc.client5.http.wire - http-outgoing-20 << "[0x1][0x0][0x0][0x0][0x0][0x0][0x0],This user must also own the server process.[\n]"
2024-07-24 14:30:46.842 [docker-java-stream--1777141377] DEBUG c.g.d.z.s.o.a.hc.client5.http.wire - http-outgoing-20 << "[0x1][0x0][0x0][0x0][0x0][0x0][0x0][0x1][\n]"
2024-07-24 14:30:46.842 [docker-java-stream--1777141377] DEBUG c.g.d.z.s.o.a.hc.client5.http.wire - http-outgoing-20 << "[0x1][0x0][0x0][0x0][0x0][0x0][0x0]CThe database cluster will be initialized with locale "en_US.utf8".[\n]"
2024-07-24 14:30:46.842 [docker-java-stream--1777141377] DEBUG c.g.d.z.s.o.a.hc.client5.http.wire - http-outgoing-20 << "[0x1][0x0][0x0][0x0][0x0][0x0][0x0]BThe default database encoding has accordingly been set to "UTF8".[\n]"
2024-07-24 14:30:46.842 [docker-java-stream--1777141377] DEBUG c.g.d.z.s.o.a.hc.client5.http.wire - http-outgoing-20 << "[\r][\n]"
2024-07-24 14:30:46.843 [Test worker] DEBUG o.t.c.output.WaitingConsumer - STDOUT: The default database encoding has accordingly been set to "UTF8".
2024-07-24 14:30:46.843 [Test worker] DEBUG o.t.c.output.WaitingConsumer - STDOUT: The database cluster will be initialized with locale "en_US.utf8".
2024-07-24 14:30:46.843 [Test worker] DEBUG o.t.c.output.WaitingConsumer - STDOUT: 
2024-07-24 14:30:46.843 [Test worker] DEBUG o.t.c.output.WaitingConsumer - STDOUT: This user must also own the server process.
2024-07-24 14:30:46.843 [Test worker] DEBUG o.t.c.output.WaitingConsumer - STDOUT: The files belonging to this database system will be owned by user "postgres".
2024-07-24 14:30:46.843 [docker-java-stream--1777141377] DEBUG c.g.d.z.s.o.a.hc.client5.http.wire - http-outgoing-20 << "d5[\r][\n]"
2024-07-24 14:30:46.843 [docker-java-stream--1777141377] DEBUG c.g.d.z.s.o.a.hc.client5.http.wire - http-outgoing-20 << "[0x1][0x0][0x0][0x0][0x0][0x0][0x0]@The default text search configuration will be set to "english".[\n]"
2024-07-24 14:30:46.843 [docker-java-stream--1777141377] DEBUG c.g.d.z.s.o.a.hc.client5.http.wire - http-outgoing-20 << "[0x1][0x0][0x0][0x0][0x0][0x0][0x0][0x1][\n]"
2024-07-24 14:30:46.843 [docker-java-stream--1777141377] DEBUG c.g.d.z.s.o.a.hc.client5.http.wire - http-outgoing-20 << "[0x1][0x0][0x0][0x0][0x0][0x0][0x0]"Data page checksums are disabled.[\n]"
2024-07-24 14:30:46.843 [docker-java-stream--1777141377] DEBUG c.g.d.z.s.o.a.hc.client5.http.wire - http-outgoing-20 << "[0x1][0x0][0x0][0x0][0x0][0x0][0x0][0x1][\n]"
2024-07-24 14:30:46.843 [docker-java-stream--1777141377] DEBUG c.g.d.z.s.o.a.hc.client5.http.wire - http-outgoing-20 << "[0x1][0x0][0x0][0x0][0x0][0x0][0x0]Ifixing permissions on existing directory /var/lib/postgresql/data ... ok[\n]"
2024-07-24 14:30:46.843 [docker-java-stream--1777141377] DEBUG c.g.d.z.s.o.a.hc.client5.http.wire - http-outgoing-20 << "[\r][\n]"
2024-07-24 14:30:46.848 [docker-java-stream--1777141377] DEBUG c.g.d.z.s.o.a.hc.client5.http.wire - http-outgoing-20 << "68[\r][\n]"
2024-07-24 14:30:46.848 [docker-java-stream--1777141377] DEBUG c.g.d.z.s.o.a.hc.client5.http.wire - http-outgoing-20 << "[0x1][0x0][0x0][0x0][0x0][0x0][0x0][0x1f]creating subdirectories ... ok[\n]"
2024-07-24 14:30:46.848 [docker-java-stream--1777141377] DEBUG c.g.d.z.s.o.a.hc.client5.http.wire - http-outgoing-20 << "[0x1][0x0][0x0][0x0][0x0][0x0][0x0]9selecting dynamic shared memory implementation ... posix[\n]"
2024-07-24 14:30:46.848 [docker-java-stream--1777141377] DEBUG c.g.d.z.s.o.a.hc.client5.http.wire - http-outgoing-20 << "[\r][\n]"
2024-07-24 14:30:46.854 [Test worker] DEBUG o.t.c.output.WaitingConsumer - STDOUT: selecting dynamic shared memory implementation ... posix
2024-07-24 14:30:46.854 [Test worker] DEBUG o.t.c.output.WaitingConsumer - STDOUT: creating subdirectories ... ok
2024-07-24 14:30:46.854 [Test worker] DEBUG o.t.c.output.WaitingConsumer - STDOUT: fixing permissions on existing directory /var/lib/postgresql/data ... ok
2024-07-24 14:30:46.854 [Test worker] DEBUG o.t.c.output.WaitingConsumer - STDOUT: 
2024-07-24 14:30:46.854 [Test worker] DEBUG o.t.c.output.WaitingConsumer - STDOUT: Data page checksums are disabled.
2024-07-24 14:30:46.854 [Test worker] DEBUG o.t.c.output.WaitingConsumer - STDOUT: 
2024-07-24 14:30:46.854 [Test worker] DEBUG o.t.c.output.WaitingConsumer - STDOUT: The default text search configuration will be set to "english".
2024-07-24 14:30:46.866 [docker-java-stream--1777141377] DEBUG c.g.d.z.s.o.a.hc.client5.http.wire - http-outgoing-20 << "32[\r][\n]"
2024-07-24 14:30:46.866 [docker-java-stream--1777141377] DEBUG c.g.d.z.s.o.a.hc.client5.http.wire - http-outgoing-20 << "[0x1][0x0][0x0][0x0][0x0][0x0][0x0]*selecting default max_connections ... 100[\n]"
2024-07-24 14:30:46.866 [docker-java-stream--1777141377] DEBUG c.g.d.z.s.o.a.hc.client5.http.wire - http-outgoing-20 << "[\r][\n]"
2024-07-24 14:30:46.870 [Test worker] DEBUG o.t.c.output.WaitingConsumer - STDOUT: selecting default max_connections ... 100
2024-07-24 14:30:46.889 [docker-java-stream--1777141377] DEBUG c.g.d.z.s.o.a.hc.client5.http.wire - http-outgoing-20 << "33[\r][\n]"
2024-07-24 14:30:46.889 [docker-java-stream--1777141377] DEBUG c.g.d.z.s.o.a.hc.client5.http.wire - http-outgoing-20 << "[0x1][0x0][0x0][0x0][0x0][0x0][0x0]+selecting default shared_buffers ... 128MB[\n]"
2024-07-24 14:30:46.889 [docker-java-stream--1777141377] DEBUG c.g.d.z.s.o.a.hc.client5.http.wire - http-outgoing-20 << "[\r][\n]"
2024-07-24 14:30:46.889 [Test worker] DEBUG o.t.c.output.WaitingConsumer - STDOUT: selecting default shared_buffers ... 128MB
2024-07-24 14:30:46.909 [docker-java-stream--1777141377] DEBUG c.g.d.z.s.o.a.hc.client5.http.wire - http-outgoing-20 << "30[\r][\n]"
2024-07-24 14:30:46.909 [docker-java-stream--1777141377] DEBUG c.g.d.z.s.o.a.hc.client5.http.wire - http-outgoing-20 << "[0x1][0x0][0x0][0x0][0x0][0x0][0x0](selecting default time zone ... Etc/UTC[\n]"
2024-07-24 14:30:46.909 [docker-java-stream--1777141377] DEBUG c.g.d.z.s.o.a.hc.client5.http.wire - http-outgoing-20 << "[\r][\n]"
2024-07-24 14:30:46.909 [Test worker] DEBUG o.t.c.output.WaitingConsumer - STDOUT: selecting default time zone ... Etc/UTC
2024-07-24 14:30:46.909 [docker-java-stream--1777141377] DEBUG c.g.d.z.s.o.a.hc.client5.http.wire - http-outgoing-20 << "2c[\r][\n]"
2024-07-24 14:30:46.909 [docker-java-stream--1777141377] DEBUG c.g.d.z.s.o.a.hc.client5.http.wire - http-outgoing-20 << "[0x1][0x0][0x0][0x0][0x0][0x0][0x0]$creating configuration files ... ok[\n]"
2024-07-24 14:30:46.909 [docker-java-stream--1777141377] DEBUG c.g.d.z.s.o.a.hc.client5.http.wire - http-outgoing-20 << "[\r][\n]"
2024-07-24 14:30:46.931 [Test worker] DEBUG o.t.c.output.WaitingConsumer - STDOUT: creating configuration files ... ok
2024-07-24 14:30:47.040 [docker-java-stream--1777141377] DEBUG c.g.d.z.s.o.a.hc.client5.http.wire - http-outgoing-20 << "28[\r][\n]"
2024-07-24 14:30:47.040 [docker-java-stream--1777141377] DEBUG c.g.d.z.s.o.a.hc.client5.http.wire - http-outgoing-20 << "[0x1][0x0][0x0][0x0][0x0][0x0][0x0] running bootstrap script ... ok[\n]"
2024-07-24 14:30:47.040 [docker-java-stream--1777141377] DEBUG c.g.d.z.s.o.a.hc.client5.http.wire - http-outgoing-20 << "[\r][\n]"
2024-07-24 14:30:47.040 [Test worker] DEBUG o.t.c.output.WaitingConsumer - STDOUT: running bootstrap script ... ok
2024-07-24 14:30:47.362 [docker-java-stream--1777141377] DEBUG c.g.d.z.s.o.a.hc.client5.http.wire - http-outgoing-20 << "38[\r][\n]"
2024-07-24 14:30:47.362 [docker-java-stream--1777141377] DEBUG c.g.d.z.s.o.a.hc.client5.http.wire - http-outgoing-20 << "[0x1][0x0][0x0][0x0][0x0][0x0][0x0]0performing post-bootstrap initialization ... ok[\n]"
2024-07-24 14:30:47.362 [docker-java-stream--1777141377] DEBUG c.g.d.z.s.o.a.hc.client5.http.wire - http-outgoing-20 << "[\r][\n]"
2024-07-24 14:30:47.362 [Test worker] DEBUG o.t.c.output.WaitingConsumer - STDOUT: performing post-bootstrap initialization ... ok
2024-07-24 14:30:47.862 [docker-java-stream--1777141377] DEBUG c.g.d.z.s.o.a.hc.client5.http.wire - http-outgoing-20 << "1ad[\r][\n]"
2024-07-24 14:30:47.862 [docker-java-stream--1777141377] DEBUG c.g.d.z.s.o.a.hc.client5.http.wire - http-outgoing-20 << "[0x2][0x0][0x0][0x0][0x0][0x0][0x0]Ginitdb: warning: enabling "trust" authentication for local connections[\n]"
2024-07-24 14:30:47.862 [docker-java-stream--1777141377] DEBUG c.g.d.z.s.o.a.hc.client5.http.wire - http-outgoing-20 << "[0x2][0x0][0x0][0x0][0x0][0x0][0x0][0xffffff90]initdb: hint: You can change this by editing pg_hba.conf or using the option -A, or --auth-local and --auth-host, the next time you run initdb.[\n]"
2024-07-24 14:30:47.862 [docker-java-stream--1777141377] DEBUG c.g.d.z.s.o.a.hc.client5.http.wire - http-outgoing-20 << "[0x1][0x0][0x0][0x0][0x0][0x0][0x0][0x1c]syncing data to disk ... ok[\n]"
2024-07-24 14:30:47.862 [docker-java-stream--1777141377] DEBUG c.g.d.z.s.o.a.hc.client5.http.wire - http-outgoing-20 << "[0x1][0x0][0x0][0x0][0x0][0x0][0x0][0x1][\n]"
2024-07-24 14:30:47.862 [docker-java-stream--1777141377] DEBUG c.g.d.z.s.o.a.hc.client5.http.wire - http-outgoing-20 << "[0x1][0x0][0x0][0x0][0x0][0x0][0x0][0x1][\n]"
2024-07-24 14:30:47.862 [docker-java-stream--1777141377] DEBUG c.g.d.z.s.o.a.hc.client5.http.wire - http-outgoing-20 << "[0x1][0x0][0x0][0x0][0x0][0x0][0x0]6Success. You can now start the database server using:[\n]"
2024-07-24 14:30:47.862 [docker-java-stream--1777141377] DEBUG c.g.d.z.s.o.a.hc.client5.http.wire - http-outgoing-20 << "[0x1][0x0][0x0][0x0][0x0][0x0][0x0][0x1][\n]"
2024-07-24 14:30:47.862 [docker-java-stream--1777141377] DEBUG c.g.d.z.s.o.a.hc.client5.http.wire - http-outgoing-20 << "[0x1][0x0][0x0][0x0][0x0][0x0][0x0]8    pg_ctl -D /var/lib/postgresql/data -l logfile start[\n]"
2024-07-24 14:30:47.862 [docker-java-stream--1777141377] DEBUG c.g.d.z.s.o.a.hc.client5.http.wire - http-outgoing-20 << "[0x1][0x0][0x0][0x0][0x0][0x0][0x0][0x1][\n]"
2024-07-24 14:30:47.862 [docker-java-stream--1777141377] DEBUG c.g.d.z.s.o.a.hc.client5.http.wire - http-outgoing-20 << "[\r][\n]"
2024-07-24 14:30:47.874 [Test worker] DEBUG o.t.c.output.WaitingConsumer - STDOUT: 
2024-07-24 14:30:47.874 [Test worker] DEBUG o.t.c.output.WaitingConsumer - STDOUT:     pg_ctl -D /var/lib/postgresql/data -l logfile start
2024-07-24 14:30:47.874 [Test worker] DEBUG o.t.c.output.WaitingConsumer - STDOUT: 
2024-07-24 14:30:47.874 [Test worker] DEBUG o.t.c.output.WaitingConsumer - STDOUT: Success. You can now start the database server using:
2024-07-24 14:30:47.874 [Test worker] DEBUG o.t.c.output.WaitingConsumer - STDOUT: 
2024-07-24 14:30:47.874 [Test worker] DEBUG o.t.c.output.WaitingConsumer - STDOUT: 
2024-07-24 14:30:47.874 [Test worker] DEBUG o.t.c.output.WaitingConsumer - STDOUT: syncing data to disk ... ok
2024-07-24 14:30:47.874 [Test worker] DEBUG o.t.c.output.WaitingConsumer - STDERR: initdb: hint: You can change this by editing pg_hba.conf or using the option -A, or --auth-local and --auth-host, the next time you run initdb.
2024-07-24 14:30:47.874 [Test worker] DEBUG o.t.c.output.WaitingConsumer - STDERR: initdb: warning: enabling "trust" authentication for local connections
2024-07-24 14:30:47.901 [docker-java-stream--1777141377] DEBUG c.g.d.z.s.o.a.hc.client5.http.wire - http-outgoing-20 << "137[\r][\n]"
2024-07-24 14:30:47.901 [docker-java-stream--1777141377] DEBUG c.g.d.z.s.o.a.hc.client5.http.wire - http-outgoing-20 << "[0x1][0x0][0x0][0x0][0x0][0x0][0x0][0xffffffc3]waiting for server to start....2024-07-24 02:30:47.899 UTC [48] LOG:  starting PostgreSQL 16.2 (Debian 16.2-1.pgdg120+2) on x86_64-pc-linux-gnu, compiled by gcc (Debian 12.2.0-14) 12.2.0, 64-bit[\n]"
2024-07-24 14:30:47.901 [docker-java-stream--1777141377] DEBUG c.g.d.z.s.o.a.hc.client5.http.wire - http-outgoing-20 << "[0x1][0x0][0x0][0x0][0x0][0x0][0x0]d2024-07-24 02:30:47.899 UTC [48] LOG:  listening on Unix socket "/var/run/postgresql/.s.PGSQL.5432"[\n]"
2024-07-24 14:30:47.901 [docker-java-stream--1777141377] DEBUG c.g.d.z.s.o.a.hc.client5.http.wire - http-outgoing-20 << "[\r][\n]"
2024-07-24 14:30:47.901 [Test worker] DEBUG o.t.c.output.WaitingConsumer - STDOUT: 2024-07-24 02:30:47.899 UTC [48] LOG:  listening on Unix socket "/var/run/postgresql/.s.PGSQL.5432"
2024-07-24 14:30:47.901 [Test worker] DEBUG o.t.c.output.WaitingConsumer - STDOUT: waiting for server to start....2024-07-24 02:30:47.899 UTC [48] LOG:  starting PostgreSQL 16.2 (Debian 16.2-1.pgdg120+2) on x86_64-pc-linux-gnu, compiled by gcc (Debian 12.2.0-14) 12.2.0, 64-bit
2024-07-24 14:30:47.902 [docker-java-stream--1777141377] DEBUG c.g.d.z.s.o.a.hc.client5.http.wire - http-outgoing-20 << "68[\r][\n]"
2024-07-24 14:30:47.902 [docker-java-stream--1777141377] DEBUG c.g.d.z.s.o.a.hc.client5.http.wire - http-outgoing-20 << "[0x1][0x0][0x0][0x0][0x0][0x0][0x0]`2024-07-24 02:30:47.902 UTC [51] LOG:  database system was shut down at 2024-07-24 02:30:47 UTC[\n]"
2024-07-24 14:30:47.902 [docker-java-stream--1777141377] DEBUG c.g.d.z.s.o.a.hc.client5.http.wire - http-outgoing-20 << "[\r][\n]"
2024-07-24 14:30:47.906 [docker-java-stream--1777141377] DEBUG c.g.d.z.s.o.a.hc.client5.http.wire - http-outgoing-20 << "5e[\r][\n]"
2024-07-24 14:30:47.906 [docker-java-stream--1777141377] DEBUG c.g.d.z.s.o.a.hc.client5.http.wire - http-outgoing-20 << "[0x1][0x0][0x0][0x0][0x0][0x0][0x0]V2024-07-24 02:30:47.905 UTC [48] LOG:  database system is ready to accept connections[\n]"
2024-07-24 14:30:47.906 [docker-java-stream--1777141377] DEBUG c.g.d.z.s.o.a.hc.client5.http.wire - http-outgoing-20 << "[\r][\n]"
2024-07-24 14:30:47.920 [Test worker] DEBUG o.t.c.output.WaitingConsumer - STDOUT: 2024-07-24 02:30:47.905 UTC [48] LOG:  database system is ready to accept connections
2024-07-24 14:30:47.920 [Test worker] DEBUG o.t.c.output.WaitingConsumer - STDOUT: 2024-07-24 02:30:47.902 UTC [51] LOG:  database system was shut down at 2024-07-24 02:30:47 UTC
2024-07-24 14:30:47.985 [docker-java-stream--1777141377] DEBUG c.g.d.z.s.o.a.hc.client5.http.wire - http-outgoing-20 << "25[\r][\n]"
2024-07-24 14:30:47.985 [docker-java-stream--1777141377] DEBUG c.g.d.z.s.o.a.hc.client5.http.wire - http-outgoing-20 << "[0x1][0x0][0x0][0x0][0x0][0x0][0x0][0x6] done[\n]"
2024-07-24 14:30:47.985 [docker-java-stream--1777141377] DEBUG c.g.d.z.s.o.a.hc.client5.http.wire - http-outgoing-20 << "[0x1][0x0][0x0][0x0][0x0][0x0][0x0][0xf]server started[\n]"
2024-07-24 14:30:47.985 [docker-java-stream--1777141377] DEBUG c.g.d.z.s.o.a.hc.client5.http.wire - http-outgoing-20 << "[\r][\n]"
2024-07-24 14:30:47.985 [Test worker] DEBUG o.t.c.output.WaitingConsumer - STDOUT: server started
2024-07-24 14:30:47.985 [Test worker] DEBUG o.t.c.output.WaitingConsumer - STDOUT:  done
2024-07-24 14:30:48.073 [docker-java-stream--1777141377] DEBUG c.g.d.z.s.o.a.hc.client5.http.wire - http-outgoing-20 << "18[\r][\n]"
2024-07-24 14:30:48.073 [docker-java-stream--1777141377] DEBUG c.g.d.z.s.o.a.hc.client5.http.wire - http-outgoing-20 << "[0x1][0x0][0x0][0x0][0x0][0x0][0x0][0x10]CREATE DATABASE[\n]"
2024-07-24 14:30:48.073 [docker-java-stream--1777141377] DEBUG c.g.d.z.s.o.a.hc.client5.http.wire - http-outgoing-20 << "[\r][\n]"
2024-07-24 14:30:48.074 [Test worker] DEBUG o.t.c.output.WaitingConsumer - STDOUT: CREATE DATABASE
2024-07-24 14:30:48.074 [docker-java-stream--1777141377] DEBUG c.g.d.z.s.o.a.hc.client5.http.wire - http-outgoing-20 << "6f[\r][\n]"
2024-07-24 14:30:48.074 [docker-java-stream--1777141377] DEBUG c.g.d.z.s.o.a.hc.client5.http.wire - http-outgoing-20 << "[0x1][0x0][0x0][0x0][0x0][0x0][0x0][0x1][\n]"
2024-07-24 14:30:48.074 [docker-java-stream--1777141377] DEBUG c.g.d.z.s.o.a.hc.client5.http.wire - http-outgoing-20 << "[0x1][0x0][0x0][0x0][0x0][0x0][0x0][0x1][\n]"
2024-07-24 14:30:48.074 [docker-java-stream--1777141377] DEBUG c.g.d.z.s.o.a.hc.client5.http.wire - http-outgoing-20 << "[0x1][0x0][0x0][0x0][0x0][0x0][0x0]L/usr/local/bin/docker-entrypoint.sh: ignoring /docker-entrypoint-initdb.d/*[\n]"
2024-07-24 14:30:48.074 [docker-java-stream--1777141377] DEBUG c.g.d.z.s.o.a.hc.client5.http.wire - http-outgoing-20 << "[0x1][0x0][0x0][0x0][0x0][0x0][0x0][0x1][\n]"
2024-07-24 14:30:48.074 [docker-java-stream--1777141377] DEBUG c.g.d.z.s.o.a.hc.client5.http.wire - http-outgoing-20 << "[\r][\n]"
2024-07-24 14:30:48.075 [docker-java-stream--1777141377] DEBUG c.g.d.z.s.o.a.hc.client5.http.wire - http-outgoing-20 << "c1[\r][\n]"
2024-07-24 14:30:48.075 [docker-java-stream--1777141377] DEBUG c.g.d.z.s.o.a.hc.client5.http.wire - http-outgoing-20 << "[0x1][0x0][0x0][0x0][0x0][0x0][0x0]hwaiting for server to shut down...2024-07-24 02:30:48.075 UTC [48] LOG:  received fast shutdown request[\n]"
2024-07-24 14:30:48.075 [docker-java-stream--1777141377] DEBUG c.g.d.z.s.o.a.hc.client5.http.wire - http-outgoing-20 << "[0x1][0x0][0x0][0x0][0x0][0x0][0x0]I.2024-07-24 02:30:48.075 UTC [48] LOG:  aborting any active transactions[\n]"
2024-07-24 14:30:48.075 [docker-java-stream--1777141377] DEBUG c.g.d.z.s.o.a.hc.client5.http.wire - http-outgoing-20 << "[\r][\n]"
2024-07-24 14:30:48.078 [docker-java-stream--1777141377] DEBUG c.g.d.z.s.o.a.hc.client5.http.wire - http-outgoing-20 << "81[\r][\n]"
2024-07-24 14:30:48.078 [docker-java-stream--1777141377] DEBUG c.g.d.z.s.o.a.hc.client5.http.wire - http-outgoing-20 << "[0x1][0x0][0x0][0x0][0x0][0x0][0x0]y2024-07-24 02:30:48.077 UTC [48] LOG:  background worker "logical replication launcher" (PID 54) exited with exit code 1[\n]"
2024-07-24 14:30:48.078 [docker-java-stream--1777141377] DEBUG c.g.d.z.s.o.a.hc.client5.http.wire - http-outgoing-20 << "[\r][\n]"
2024-07-24 14:30:48.078 [docker-java-stream--1777141377] DEBUG c.g.d.z.s.o.a.hc.client5.http.wire - http-outgoing-20 << "94[\r][\n]"
2024-07-24 14:30:48.078 [docker-java-stream--1777141377] DEBUG c.g.d.z.s.o.a.hc.client5.http.wire - http-outgoing-20 << "[0x1][0x0][0x0][0x0][0x0][0x0][0x0]52024-07-24 02:30:48.077 UTC [49] LOG:  shutting down[\n]"
2024-07-24 14:30:48.078 [docker-java-stream--1777141377] DEBUG c.g.d.z.s.o.a.hc.client5.http.wire - http-outgoing-20 << "[0x1][0x0][0x0][0x0][0x0][0x0][0x0]O2024-07-24 02:30:48.077 UTC [49] LOG:  checkpoint starting: shutdown immediate[\n]"
2024-07-24 14:30:48.078 [docker-java-stream--1777141377] DEBUG c.g.d.z.s.o.a.hc.client5.http.wire - http-outgoing-20 << "[\r][\n]"
2024-07-24 14:30:48.088 [docker-java-stream--1777141377] DEBUG c.g.d.z.s.o.a.hc.client5.http.wire - http-outgoing-20 << "12c[\r][\n]"
2024-07-24 14:30:48.088 [docker-java-stream--1777141377] DEBUG c.g.d.z.s.o.a.hc.client5.http.wire - http-outgoing-20 << "[0x1][0x0][0x0][0x0][0x0][0x0][0x1]$2024-07-24 02:30:48.087 UTC [49] LOG:  checkpoint complete: wrote 923 buffers (5.6%); 0 WAL file(s) added, 0 removed, 0 recycled; write=0.010 s, sync=0.001 s, total=0.010 s; sync files=0, longest=0.000 s, average=0.000 s; distance=4257 kB, estimate=4257 kB; lsn=0/1913068, redo lsn=0/1913068[\n]"
2024-07-24 14:30:48.088 [docker-java-stream--1777141377] DEBUG c.g.d.z.s.o.a.hc.client5.http.wire - http-outgoing-20 << "[\r][\n]"
2024-07-24 14:30:48.092 [Test worker] DEBUG o.t.c.output.WaitingConsumer - STDOUT: 2024-07-24 02:30:48.087 UTC [49] LOG:  checkpoint complete: wrote 923 buffers (5.6%); 0 WAL file(s) added, 0 removed, 0 recycled; write=0.010 s, sync=0.001 s, total=0.010 s; sync files=0, longest=0.000 s, average=0.000 s; distance=4257 kB, estimate=4257 kB; lsn=0/1913068, redo lsn=0/1913068
2024-07-24 14:30:48.092 [Test worker] DEBUG o.t.c.output.WaitingConsumer - STDOUT: 2024-07-24 02:30:48.077 UTC [49] LOG:  checkpoint starting: shutdown immediate
2024-07-24 14:30:48.092 [Test worker] DEBUG o.t.c.output.WaitingConsumer - STDOUT: 2024-07-24 02:30:48.077 UTC [49] LOG:  shutting down
2024-07-24 14:30:48.092 [Test worker] DEBUG o.t.c.output.WaitingConsumer - STDOUT: 2024-07-24 02:30:48.077 UTC [48] LOG:  background worker "logical replication launcher" (PID 54) exited with exit code 1
2024-07-24 14:30:48.092 [Test worker] DEBUG o.t.c.output.WaitingConsumer - STDOUT: .2024-07-24 02:30:48.075 UTC [48] LOG:  aborting any active transactions
2024-07-24 14:30:48.092 [Test worker] DEBUG o.t.c.output.WaitingConsumer - STDOUT: waiting for server to shut down...2024-07-24 02:30:48.075 UTC [48] LOG:  received fast shutdown request
2024-07-24 14:30:48.092 [Test worker] DEBUG o.t.c.output.WaitingConsumer - STDOUT: 
2024-07-24 14:30:48.092 [Test worker] DEBUG o.t.c.output.WaitingConsumer - STDOUT: /usr/local/bin/docker-entrypoint.sh: ignoring /docker-entrypoint-initdb.d/*
2024-07-24 14:30:48.092 [Test worker] DEBUG o.t.c.output.WaitingConsumer - STDOUT: 
2024-07-24 14:30:48.092 [Test worker] DEBUG o.t.c.output.WaitingConsumer - STDOUT: 
2024-07-24 14:30:48.097 [docker-java-stream--1777141377] DEBUG c.g.d.z.s.o.a.hc.client5.http.wire - http-outgoing-20 << "4c[\r][\n]"
2024-07-24 14:30:48.097 [docker-java-stream--1777141377] DEBUG c.g.d.z.s.o.a.hc.client5.http.wire - http-outgoing-20 << "[0x1][0x0][0x0][0x0][0x0][0x0][0x0]D2024-07-24 02:30:48.096 UTC [48] LOG:  database system is shut down[\n]"
2024-07-24 14:30:48.097 [docker-java-stream--1777141377] DEBUG c.g.d.z.s.o.a.hc.client5.http.wire - http-outgoing-20 << "[\r][\n]"
2024-07-24 14:30:48.107 [Test worker] DEBUG o.t.c.output.WaitingConsumer - STDOUT: 2024-07-24 02:30:48.096 UTC [48] LOG:  database system is shut down
2024-07-24 14:30:48.176 [docker-java-stream--1777141377] DEBUG c.g.d.z.s.o.a.hc.client5.http.wire - http-outgoing-20 << "25[\r][\n]"
2024-07-24 14:30:48.176 [docker-java-stream--1777141377] DEBUG c.g.d.z.s.o.a.hc.client5.http.wire - http-outgoing-20 << "[0x1][0x0][0x0][0x0][0x0][0x0][0x0][0x6] done[\n]"
2024-07-24 14:30:48.176 [docker-java-stream--1777141377] DEBUG c.g.d.z.s.o.a.hc.client5.http.wire - http-outgoing-20 << "[0x1][0x0][0x0][0x0][0x0][0x0][0x0][0xf]server stopped[\n]"
2024-07-24 14:30:48.176 [docker-java-stream--1777141377] DEBUG c.g.d.z.s.o.a.hc.client5.http.wire - http-outgoing-20 << "[\r][\n]"
2024-07-24 14:30:48.176 [Test worker] DEBUG o.t.c.output.WaitingConsumer - STDOUT: server stopped
2024-07-24 14:30:48.176 [Test worker] DEBUG o.t.c.output.WaitingConsumer - STDOUT:  done
2024-07-24 14:30:48.177 [docker-java-stream--1777141377] DEBUG c.g.d.z.s.o.a.hc.client5.http.wire - http-outgoing-20 << "50[\r][\n]"
2024-07-24 14:30:48.177 [docker-java-stream--1777141377] DEBUG c.g.d.z.s.o.a.hc.client5.http.wire - http-outgoing-20 << "[0x1][0x0][0x0][0x0][0x0][0x0][0x0][0x1][\n]"
2024-07-24 14:30:48.177 [docker-java-stream--1777141377] DEBUG c.g.d.z.s.o.a.hc.client5.http.wire - http-outgoing-20 << "[0x1][0x0][0x0][0x0][0x0][0x0][0x0]6PostgreSQL init process complete; ready for start up.[\n]"
2024-07-24 14:30:48.177 [docker-java-stream--1777141377] DEBUG c.g.d.z.s.o.a.hc.client5.http.wire - http-outgoing-20 << "[0x1][0x0][0x0][0x0][0x0][0x0][0x0][0x1][\n]"
2024-07-24 14:30:48.177 [docker-java-stream--1777141377] DEBUG c.g.d.z.s.o.a.hc.client5.http.wire - http-outgoing-20 << "[\r][\n]"
2024-07-24 14:30:48.195 [docker-java-stream--1777141377] DEBUG c.g.d.z.s.o.a.hc.client5.http.wire - http-outgoing-20 << "ab[\r][\n]"
2024-07-24 14:30:48.195 [docker-java-stream--1777141377] DEBUG c.g.d.z.s.o.a.hc.client5.http.wire - http-outgoing-20 << "[0x2][0x0][0x0][0x0][0x0][0x0][0x0][0xffffffa3]2024-07-24 02:30:48.194 UTC [1] LOG:  starting PostgreSQL 16.2 (Debian 16.2-1.pgdg120+2) on x86_64-pc-linux-gnu, compiled by gcc (Debian 12.2.0-14) 12.2.0, 64-bit[\n]"
2024-07-24 14:30:48.195 [docker-java-stream--1777141377] DEBUG c.g.d.z.s.o.a.hc.client5.http.wire - http-outgoing-20 << "[\r][\n]"
2024-07-24 14:30:48.195 [docker-java-stream--1777141377] DEBUG c.g.d.z.s.o.a.hc.client5.http.wire - http-outgoing-20 << "120[\r][\n]"
2024-07-24 14:30:48.195 [docker-java-stream--1777141377] DEBUG c.g.d.z.s.o.a.hc.client5.http.wire - http-outgoing-20 << "[0x2][0x0][0x0][0x0][0x0][0x0][0x0]U2024-07-24 02:30:48.195 UTC [1] LOG:  listening on IPv4 address "0.0.0.0", port 5432[\n]"
2024-07-24 14:30:48.195 [docker-java-stream--1777141377] DEBUG c.g.d.z.s.o.a.hc.client5.http.wire - http-outgoing-20 << "[0x2][0x0][0x0][0x0][0x0][0x0][0x0]P2024-07-24 02:30:48.195 UTC [1] LOG:  listening on IPv6 address "::", port 5432[\n]"
2024-07-24 14:30:48.195 [docker-java-stream--1777141377] DEBUG c.g.d.z.s.o.a.hc.client5.http.wire - http-outgoing-20 << "[0x2][0x0][0x0][0x0][0x0][0x0][0x0]c2024-07-24 02:30:48.195 UTC [1] LOG:  listening on Unix socket "/var/run/postgresql/.s.PGSQL.5432"[\n]"
2024-07-24 14:30:48.195 [docker-java-stream--1777141377] DEBUG c.g.d.z.s.o.a.hc.client5.http.wire - http-outgoing-20 << "[\r][\n]"
2024-07-24 14:30:48.198 [docker-java-stream--1777141377] DEBUG c.g.d.z.s.o.a.hc.client5.http.wire - http-outgoing-20 << "68[\r][\n]"
2024-07-24 14:30:48.198 [docker-java-stream--1777141377] DEBUG c.g.d.z.s.o.a.hc.client5.http.wire - http-outgoing-20 << "[0x2][0x0][0x0][0x0][0x0][0x0][0x0]`2024-07-24 02:30:48.197 UTC [64] LOG:  database system was shut down at 2024-07-24 02:30:48 UTC[\n]"
2024-07-24 14:30:48.198 [docker-java-stream--1777141377] DEBUG c.g.d.z.s.o.a.hc.client5.http.wire - http-outgoing-20 << "[\r][\n]"
2024-07-24 14:30:48.200 [Test worker] DEBUG o.t.c.output.WaitingConsumer - STDERR: 2024-07-24 02:30:48.197 UTC [64] LOG:  database system was shut down at 2024-07-24 02:30:48 UTC
2024-07-24 14:30:48.200 [Test worker] DEBUG o.t.c.output.WaitingConsumer - STDERR: 2024-07-24 02:30:48.195 UTC [1] LOG:  listening on Unix socket "/var/run/postgresql/.s.PGSQL.5432"
2024-07-24 14:30:48.200 [Test worker] DEBUG o.t.c.output.WaitingConsumer - STDERR: 2024-07-24 02:30:48.195 UTC [1] LOG:  listening on IPv6 address "::", port 5432
2024-07-24 14:30:48.200 [Test worker] DEBUG o.t.c.output.WaitingConsumer - STDERR: 2024-07-24 02:30:48.195 UTC [1] LOG:  listening on IPv4 address "0.0.0.0", port 5432
2024-07-24 14:30:48.200 [Test worker] DEBUG o.t.c.output.WaitingConsumer - STDERR: 2024-07-24 02:30:48.194 UTC [1] LOG:  starting PostgreSQL 16.2 (Debian 16.2-1.pgdg120+2) on x86_64-pc-linux-gnu, compiled by gcc (Debian 12.2.0-14) 12.2.0, 64-bit
2024-07-24 14:30:48.200 [Test worker] DEBUG o.t.c.output.WaitingConsumer - STDOUT: 
2024-07-24 14:30:48.200 [Test worker] DEBUG o.t.c.output.WaitingConsumer - STDOUT: PostgreSQL init process complete; ready for start up.
2024-07-24 14:30:48.200 [Test worker] DEBUG o.t.c.output.WaitingConsumer - STDOUT: 
2024-07-24 14:30:48.202 [docker-java-stream--1777141377] DEBUG c.g.d.z.s.o.a.hc.client5.http.wire - http-outgoing-20 << "5d[\r][\n]"
2024-07-24 14:30:48.202 [docker-java-stream--1777141377] DEBUG c.g.d.z.s.o.a.hc.client5.http.wire - http-outgoing-20 << "[0x2][0x0][0x0][0x0][0x0][0x0][0x0]U2024-07-24 02:30:48.201 UTC [1] LOG:  database system is ready to accept connections[\n]"
2024-07-24 14:30:48.202 [docker-java-stream--1777141377] DEBUG c.g.d.z.s.o.a.hc.client5.http.wire - http-outgoing-20 << "[\r][\n]"
2024-07-24 14:30:48.215 [Test worker] DEBUG o.t.c.output.WaitingConsumer - STDERR: 2024-07-24 02:30:48.201 UTC [1] LOG:  database system is ready to accept connections
2024-07-24 14:30:48.215 [Test worker] DEBUG c.g.d.z.s.o.a.h.c.h.i.c.InternalHttpClient - ep-000000DF: cancel
2024-07-24 14:30:48.215 [Test worker] DEBUG c.g.d.z.s.o.a.h.c.h.i.i.DefaultManagedHttpClientConnection - http-outgoing-20: close connection IMMEDIATE
2024-07-24 14:30:48.215 [Test worker] DEBUG c.g.d.z.s.o.a.h.c.h.i.c.InternalHttpClient - ep-000000DF: endpoint closed
2024-07-24 14:30:48.215 [Test worker] DEBUG c.g.d.z.s.o.a.h.c.h.i.c.InternalHttpClient - ep-000000DF: discarding endpoint
2024-07-24 14:30:48.216 [Test worker] DEBUG c.g.d.z.s.o.a.h.c.h.i.i.PoolingHttpClientConnectionManager - ep-000000DF: releasing endpoint
2024-07-24 14:30:48.216 [Test worker] DEBUG c.g.d.z.s.o.a.h.c.h.i.i.PoolingHttpClientConnectionManager - ep-000000DF: connection is not kept alive
2024-07-24 14:30:48.216 [Test worker] DEBUG c.g.d.z.s.o.a.h.c.h.i.i.PoolingHttpClientConnectionManager - ep-000000DF: connection released [route: {}->npipe://localhost:2375][total available: 0; route allocated: 0 of 2147483647; total allocated: 0 of 2147483647]
2024-07-24 14:30:48.216 [docker-java-stream--1777141377] DEBUG c.g.d.z.s.o.a.hc.client5.http.wire - http-outgoing-20 << "end of stream"
2024-07-24 14:30:48.216 [Test worker] DEBUG c.g.d.z.s.o.a.hc.client5.http.wire - http-outgoing-20 << "[read] I/O error: java.nio.channels.ClosedChannelException"
2024-07-24 14:30:48.216 [docker-java-stream--1777141377] DEBUG c.g.d.z.s.o.a.hc.client5.http.wire - http-outgoing-20 << "[read] I/O error: java.nio.channels.ClosedChannelException"
2024-07-24 14:30:48.216 [docker-java-stream--1777141377] DEBUG c.g.d.z.ApacheDockerHttpClientImpl$ApacheResponse - Failed to close the response
java.io.IOException: java.nio.channels.ClosedChannelException
	at java.base/java.nio.channels.Channels$2.read(Channels.java:240)
	at com.github.dockerjava.zerodep.shaded.org.apache.hc.client5.http.impl.io.LoggingInputStream.read(LoggingInputStream.java:81)
	at com.github.dockerjava.zerodep.shaded.org.apache.hc.core5.http.impl.io.SessionInputBufferImpl.fillBuffer(SessionInputBufferImpl.java:149)
	at com.github.dockerjava.zerodep.shaded.org.apache.hc.core5.http.impl.io.SessionInputBufferImpl.readLine(SessionInputBufferImpl.java:280)
	at com.github.dockerjava.zerodep.shaded.org.apache.hc.core5.http.impl.io.ChunkedInputStream.getChunkSize(ChunkedInputStream.java:261)
	at com.github.dockerjava.zerodep.shaded.org.apache.hc.core5.http.impl.io.ChunkedInputStream.nextChunk(ChunkedInputStream.java:222)
	at com.github.dockerjava.zerodep.shaded.org.apache.hc.core5.http.impl.io.ChunkedInputStream.read(ChunkedInputStream.java:147)
	at com.github.dockerjava.zerodep.shaded.org.apache.hc.core5.http.impl.io.ChunkedInputStream.close(ChunkedInputStream.java:314)
	at com.github.dockerjava.zerodep.shaded.org.apache.hc.core5.io.Closer.close(Closer.java:48)
	at com.github.dockerjava.zerodep.shaded.org.apache.hc.core5.http.impl.io.IncomingHttpEntity.close(IncomingHttpEntity.java:111)
	at com.github.dockerjava.zerodep.shaded.org.apache.hc.core5.http.io.entity.HttpEntityWrapper.close(HttpEntityWrapper.java:120)
	at com.github.dockerjava.zerodep.shaded.org.apache.hc.core5.io.Closer.close(Closer.java:48)
	at com.github.dockerjava.zerodep.shaded.org.apache.hc.core5.http.message.BasicClassicHttpResponse.close(BasicClassicHttpResponse.java:93)
	at com.github.dockerjava.zerodep.shaded.org.apache.hc.client5.http.impl.classic.CloseableHttpResponse.close(CloseableHttpResponse.java:200)
	at com.github.dockerjava.zerodep.ApacheDockerHttpClientImpl$ApacheResponse.close(ApacheDockerHttpClientImpl.java:271)
	at org.testcontainers.shaded.com.github.dockerjava.core.DefaultInvocationBuilder.lambda$executeAndStream$1(DefaultInvocationBuilder.java:277)
	at java.base/java.lang.Thread.run(Thread.java:833)
Caused by: java.nio.channels.ClosedChannelException: null
	at java.base/sun.nio.ch.WindowsAsynchronousFileChannelImpl.implRead(WindowsAsynchronousFileChannelImpl.java:516)
	at java.base/sun.nio.ch.AsynchronousFileChannelImpl.read(AsynchronousFileChannelImpl.java:229)
	at com.github.dockerjava.transport.NamedPipeSocket$AsynchronousFileByteChannel.read(NamedPipeSocket.java:117)
	at java.base/java.nio.channels.Channels$2.read(Channels.java:238)
	... 16 common frames omitted
2024-07-24 14:30:48.216 [Test worker] DEBUG c.g.d.z.ApacheDockerHttpClientImpl$ApacheResponse - Failed to close the response
java.io.IOException: java.nio.channels.ClosedChannelException
	at java.base/java.nio.channels.Channels$2.read(Channels.java:240)
	at com.github.dockerjava.zerodep.shaded.org.apache.hc.client5.http.impl.io.LoggingInputStream.read(LoggingInputStream.java:81)
	at com.github.dockerjava.zerodep.shaded.org.apache.hc.core5.http.impl.io.SessionInputBufferImpl.fillBuffer(SessionInputBufferImpl.java:149)
	at com.github.dockerjava.zerodep.shaded.org.apache.hc.core5.http.impl.io.SessionInputBufferImpl.readLine(SessionInputBufferImpl.java:280)
	at com.github.dockerjava.zerodep.shaded.org.apache.hc.core5.http.impl.io.ChunkedInputStream.getChunkSize(ChunkedInputStream.java:261)
	at com.github.dockerjava.zerodep.shaded.org.apache.hc.core5.http.impl.io.ChunkedInputStream.nextChunk(ChunkedInputStream.java:222)
	at com.github.dockerjava.zerodep.shaded.org.apache.hc.core5.http.impl.io.ChunkedInputStream.read(ChunkedInputStream.java:147)
	at com.github.dockerjava.zerodep.shaded.org.apache.hc.core5.http.impl.io.ChunkedInputStream.close(ChunkedInputStream.java:314)
	at com.github.dockerjava.zerodep.shaded.org.apache.hc.core5.io.Closer.close(Closer.java:48)
	at com.github.dockerjava.zerodep.shaded.org.apache.hc.core5.http.impl.io.IncomingHttpEntity.close(IncomingHttpEntity.java:111)
	at com.github.dockerjava.zerodep.shaded.org.apache.hc.core5.http.io.entity.HttpEntityWrapper.close(HttpEntityWrapper.java:120)
	at com.github.dockerjava.zerodep.shaded.org.apache.hc.core5.io.Closer.close(Closer.java:48)
	at com.github.dockerjava.zerodep.shaded.org.apache.hc.core5.http.message.BasicClassicHttpResponse.close(BasicClassicHttpResponse.java:93)
	at com.github.dockerjava.zerodep.shaded.org.apache.hc.client5.http.impl.classic.CloseableHttpResponse.close(CloseableHttpResponse.java:200)
	at com.github.dockerjava.zerodep.ApacheDockerHttpClientImpl$ApacheResponse.close(ApacheDockerHttpClientImpl.java:271)
	at org.testcontainers.shaded.com.github.dockerjava.core.DefaultInvocationBuilder.lambda$null$0(DefaultInvocationBuilder.java:272)
	at com.github.dockerjava.api.async.ResultCallbackTemplate.close(ResultCallbackTemplate.java:77)
	at org.testcontainers.containers.output.FrameConsumerResultCallback.close(FrameConsumerResultCallback.java:69)
	at org.testcontainers.containers.wait.strategy.LogMessageWaitStrategy.waitUntilReady(LogMessageWaitStrategy.java:49)
	at org.testcontainers.containers.wait.strategy.AbstractWaitStrategy.waitUntilReady(AbstractWaitStrategy.java:52)
	at org.testcontainers.containers.PostgreSQLContainer.waitUntilContainerStarted(PostgreSQLContainer.java:149)
	at org.testcontainers.containers.GenericContainer.tryStart(GenericContainer.java:500)
	at org.testcontainers.containers.GenericContainer.lambda$doStart$0(GenericContainer.java:354)
	at org.rnorth.ducttape.unreliables.Unreliables.retryUntilSuccess(Unreliables.java:81)
	at org.testcontainers.containers.GenericContainer.doStart(GenericContainer.java:344)
	at org.testcontainers.containers.GenericContainer.start(GenericContainer.java:330)
	at com.unitedApi.StaffDAOTest.<init>(StaffDAOTest.kt:31)
	at java.base/jdk.internal.reflect.NativeConstructorAccessorImpl.newInstance0(Native Method)
	at java.base/jdk.internal.reflect.NativeConstructorAccessorImpl.newInstance(NativeConstructorAccessorImpl.java:77)
	at java.base/jdk.internal.reflect.DelegatingConstructorAccessorImpl.newInstance(DelegatingConstructorAccessorImpl.java:45)
	at java.base/java.lang.reflect.Constructor.newInstanceWithCaller(Constructor.java:499)
	at java.base/java.lang.reflect.Constructor.newInstance(Constructor.java:480)
	at org.junit.runners.BlockJUnit4ClassRunner.createTest(BlockJUnit4ClassRunner.java:250)
	at org.junit.runners.BlockJUnit4ClassRunner.createTest(BlockJUnit4ClassRunner.java:260)
	at org.junit.runners.BlockJUnit4ClassRunner$2.runReflectiveCall(BlockJUnit4ClassRunner.java:309)
	at org.junit.internal.runners.model.ReflectiveCallable.run(ReflectiveCallable.java:12)
	at org.junit.runners.BlockJUnit4ClassRunner.methodBlock(BlockJUnit4ClassRunner.java:306)
	at org.junit.runners.BlockJUnit4ClassRunner$1.evaluate(BlockJUnit4ClassRunner.java:100)
	at org.junit.runners.ParentRunner.runLeaf(ParentRunner.java:366)
	at org.junit.runners.BlockJUnit4ClassRunner.runChild(BlockJUnit4ClassRunner.java:103)
	at org.junit.runners.BlockJUnit4ClassRunner.runChild(BlockJUnit4ClassRunner.java:63)
	at org.junit.runners.ParentRunner$4.run(ParentRunner.java:331)
	at org.junit.runners.ParentRunner$1.schedule(ParentRunner.java:79)
	at org.junit.runners.ParentRunner.runChildren(ParentRunner.java:329)
	at org.junit.runners.ParentRunner.access$100(ParentRunner.java:66)
	at org.junit.runners.ParentRunner$2.evaluate(ParentRunner.java:293)
	at org.junit.runners.ParentRunner$3.evaluate(ParentRunner.java:306)
	at org.junit.runners.ParentRunner.run(ParentRunner.java:413)
	at org.gradle.api.internal.tasks.testing.junit.JUnitTestClassExecutor.runTestClass(JUnitTestClassExecutor.java:112)
	at org.gradle.api.internal.tasks.testing.junit.JUnitTestClassExecutor.execute(JUnitTestClassExecutor.java:58)
	at org.gradle.api.internal.tasks.testing.junit.JUnitTestClassExecutor.execute(JUnitTestClassExecutor.java:40)
	at org.gradle.api.internal.tasks.testing.junit.AbstractJUnitTestClassProcessor.processTestClass(AbstractJUnitTestClassProcessor.java:60)
	at org.gradle.api.internal.tasks.testing.SuiteTestClassProcessor.processTestClass(SuiteTestClassProcessor.java:52)
	at java.base/jdk.internal.reflect.NativeMethodAccessorImpl.invoke0(Native Method)
	at java.base/jdk.internal.reflect.NativeMethodAccessorImpl.invoke(NativeMethodAccessorImpl.java:77)
	at java.base/jdk.internal.reflect.DelegatingMethodAccessorImpl.invoke(DelegatingMethodAccessorImpl.java:43)
	at java.base/java.lang.reflect.Method.invoke(Method.java:568)
	at org.gradle.internal.dispatch.ReflectionDispatch.dispatch(ReflectionDispatch.java:36)
	at org.gradle.internal.dispatch.ReflectionDispatch.dispatch(ReflectionDispatch.java:24)
	at org.gradle.internal.dispatch.ContextClassLoaderDispatch.dispatch(ContextClassLoaderDispatch.java:33)
	at org.gradle.internal.dispatch.ProxyDispatchAdapter$DispatchingInvocationHandler.invoke(ProxyDispatchAdapter.java:94)
	at jdk.proxy1/jdk.proxy1.$Proxy2.processTestClass(Unknown Source)
	at org.gradle.api.internal.tasks.testing.worker.TestWorker$2.run(TestWorker.java:176)
	at org.gradle.api.internal.tasks.testing.worker.TestWorker.executeAndMaintainThreadName(TestWorker.java:129)
	at org.gradle.api.internal.tasks.testing.worker.TestWorker.execute(TestWorker.java:100)
	at org.gradle.api.internal.tasks.testing.worker.TestWorker.execute(TestWorker.java:60)
	at org.gradle.process.internal.worker.child.ActionExecutionWorker.execute(ActionExecutionWorker.java:56)
	at org.gradle.process.internal.worker.child.SystemApplicationClassLoaderWorker.call(SystemApplicationClassLoaderWorker.java:113)
	at org.gradle.process.internal.worker.child.SystemApplicationClassLoaderWorker.call(SystemApplicationClassLoaderWorker.java:65)
	at worker.org.gradle.process.internal.worker.GradleWorkerMain.run(GradleWorkerMain.java:69)
	at worker.org.gradle.process.internal.worker.GradleWorkerMain.main(GradleWorkerMain.java:74)
Caused by: java.nio.channels.ClosedChannelException: null
	at java.base/sun.nio.ch.WindowsAsynchronousFileChannelImpl.implRead(WindowsAsynchronousFileChannelImpl.java:516)
	at java.base/sun.nio.ch.AsynchronousFileChannelImpl.read(AsynchronousFileChannelImpl.java:229)
	at com.github.dockerjava.transport.NamedPipeSocket$AsynchronousFileByteChannel.read(NamedPipeSocket.java:117)
	at java.base/java.nio.channels.Channels$2.read(Channels.java:238)
	... 70 common frames omitted
2024-07-24 14:30:48.216 [Test worker] INFO  tc.postgres:latest - Container postgres:latest started in PT1.9451002S
2024-07-24 14:30:48.216 [Test worker] INFO  tc.postgres:latest - Container is started (JDBC URL: jdbc:postgresql://localhost:51575/db?loggerLevel=OFF)
2024-07-24 14:30:48.217 [Test worker] INFO  org.testcontainers.ext.ScriptUtils - Executing database script from sql/init.sql
2024-07-24 14:30:48.218 [Test worker] DEBUG o.t.s.c.g.d.c.command.AbstrDockerCmd - Cmd: dbc533547c417b0c08282c44771719f217c6a168c57c402bef0c197a9aadd6ef,false
2024-07-24 14:30:48.218 [Test worker] DEBUG o.t.s.c.g.d.c.e.InspectContainerCmdExec - GET: DefaultWebTarget{path=[/containers/dbc533547c417b0c08282c44771719f217c6a168c57c402bef0c197a9aadd6ef/json], queryParams={}}
2024-07-24 14:30:48.218 [Test worker] DEBUG c.g.d.z.s.o.a.h.c.h.i.c.InternalHttpClient - ex-000000E1: preparing request execution
2024-07-24 14:30:48.218 [Test worker] DEBUG c.g.d.z.s.o.a.h.c.h.p.RequestAddCookies - Cookie spec selected: strict
2024-07-24 14:30:48.218 [Test worker] DEBUG c.g.d.z.s.o.a.h.c.h.p.RequestAuthCache - Auth cache not set in the context
2024-07-24 14:30:48.218 [Test worker] DEBUG c.g.d.z.s.o.a.h.c.h.i.c.ProtocolExec - ex-000000E1: target auth state: UNCHALLENGED
2024-07-24 14:30:48.218 [Test worker] DEBUG c.g.d.z.s.o.a.h.c.h.i.c.ProtocolExec - ex-000000E1: proxy auth state: UNCHALLENGED
2024-07-24 14:30:48.218 [Test worker] DEBUG c.g.d.z.s.o.a.h.c.h.i.c.ConnectExec - ex-000000E1: acquiring connection with route {}->npipe://localhost:2375
2024-07-24 14:30:48.218 [Test worker] DEBUG c.g.d.z.s.o.a.h.c.h.i.c.InternalHttpClient - ex-000000E1: acquiring endpoint (3 MINUTES)
2024-07-24 14:30:48.218 [Test worker] DEBUG c.g.d.z.s.o.a.h.c.h.i.i.PoolingHttpClientConnectionManager - ex-000000E1: endpoint lease request (3 MINUTES) [route: {}->npipe://localhost:2375][total available: 0; route allocated: 0 of 2147483647; total allocated: 0 of 2147483647]
2024-07-24 14:30:48.218 [Test worker] DEBUG c.g.d.z.s.o.a.h.c.h.i.i.PoolingHttpClientConnectionManager - ex-000000E1: endpoint leased [route: {}->npipe://localhost:2375][total available: 0; route allocated: 1 of 2147483647; total allocated: 1 of 2147483647]
2024-07-24 14:30:48.218 [Test worker] DEBUG c.g.d.z.s.o.a.h.c.h.i.i.PoolingHttpClientConnectionManager - ex-000000E1: acquired ep-000000E0
2024-07-24 14:30:48.218 [Test worker] DEBUG c.g.d.z.s.o.a.h.c.h.i.c.InternalHttpClient - ex-000000E1: acquired endpoint ep-000000E0
2024-07-24 14:30:48.218 [Test worker] DEBUG c.g.d.z.s.o.a.h.c.h.i.c.ConnectExec - ex-000000E1: opening connection {}->npipe://localhost:2375
2024-07-24 14:30:48.218 [Test worker] DEBUG c.g.d.z.s.o.a.h.c.h.i.c.InternalHttpClient - ep-000000E0: connecting endpoint (3 MINUTES)
2024-07-24 14:30:48.218 [Test worker] DEBUG c.g.d.z.s.o.a.h.c.h.i.i.PoolingHttpClientConnectionManager - ep-000000E0: connecting endpoint to npipe://localhost:2375 (3 MINUTES)
2024-07-24 14:30:48.219 [Test worker] DEBUG c.g.d.z.s.o.a.h.c.h.i.i.DefaultHttpClientConnectionOperator - http-outgoing-21: connecting to localhost/127.0.0.1:2375
2024-07-24 14:30:48.219 [Test worker] DEBUG c.g.d.z.s.o.a.h.c.h.i.i.DefaultHttpClientConnectionOperator - http-outgoing-21: connection established 
2024-07-24 14:30:48.219 [Test worker] DEBUG c.g.d.z.s.o.a.h.c.h.i.i.PoolingHttpClientConnectionManager - ep-000000E0: connected http-outgoing-21
2024-07-24 14:30:48.219 [Test worker] DEBUG c.g.d.z.s.o.a.h.c.h.i.c.InternalHttpClient - ep-000000E0: endpoint connected
2024-07-24 14:30:48.219 [Test worker] DEBUG c.g.d.z.s.o.a.h.c.h.i.c.MainClientExec - ex-000000E1: executing GET /v1.32/containers/dbc533547c417b0c08282c44771719f217c6a168c57c402bef0c197a9aadd6ef/json HTTP/1.1
2024-07-24 14:30:48.219 [Test worker] DEBUG c.g.d.z.s.o.a.h.c.h.i.c.InternalHttpClient - ep-000000E0: start execution ex-000000E1
2024-07-24 14:30:48.219 [Test worker] DEBUG c.g.d.z.s.o.a.h.c.h.i.i.PoolingHttpClientConnectionManager - ep-000000E0: executing exchange ex-000000E1 over http-outgoing-21
2024-07-24 14:30:48.219 [Test worker] DEBUG c.g.d.z.s.o.a.h.client5.http.headers - http-outgoing-21 >> GET /v1.32/containers/dbc533547c417b0c08282c44771719f217c6a168c57c402bef0c197a9aadd6ef/json HTTP/1.1
2024-07-24 14:30:48.219 [Test worker] DEBUG c.g.d.z.s.o.a.h.client5.http.headers - http-outgoing-21 >> accept: application/json
2024-07-24 14:30:48.219 [Test worker] DEBUG c.g.d.z.s.o.a.h.client5.http.headers - http-outgoing-21 >> x-tc-sid: 280e6229-7396-4d60-b1e3-a5de48b5d49b
2024-07-24 14:30:48.219 [Test worker] DEBUG c.g.d.z.s.o.a.h.client5.http.headers - http-outgoing-21 >> User-Agent: tc-java/1.19.8
2024-07-24 14:30:48.219 [Test worker] DEBUG c.g.d.z.s.o.a.h.client5.http.headers - http-outgoing-21 >> Accept-Encoding: gzip, x-gzip, deflate
2024-07-24 14:30:48.219 [Test worker] DEBUG c.g.d.z.s.o.a.h.client5.http.headers - http-outgoing-21 >> Host: localhost:2375
2024-07-24 14:30:48.219 [Test worker] DEBUG c.g.d.z.s.o.a.h.client5.http.headers - http-outgoing-21 >> Connection: keep-alive
2024-07-24 14:30:48.219 [Test worker] DEBUG c.g.d.z.s.o.a.hc.client5.http.wire - http-outgoing-21 >> "GET /v1.32/containers/dbc533547c417b0c08282c44771719f217c6a168c57c402bef0c197a9aadd6ef/json HTTP/1.1[\r][\n]"
2024-07-24 14:30:48.219 [Test worker] DEBUG c.g.d.z.s.o.a.hc.client5.http.wire - http-outgoing-21 >> "accept: application/json[\r][\n]"
2024-07-24 14:30:48.219 [Test worker] DEBUG c.g.d.z.s.o.a.hc.client5.http.wire - http-outgoing-21 >> "x-tc-sid: 280e6229-7396-4d60-b1e3-a5de48b5d49b[\r][\n]"
2024-07-24 14:30:48.219 [Test worker] DEBUG c.g.d.z.s.o.a.hc.client5.http.wire - http-outgoing-21 >> "User-Agent: tc-java/1.19.8[\r][\n]"
2024-07-24 14:30:48.219 [Test worker] DEBUG c.g.d.z.s.o.a.hc.client5.http.wire - http-outgoing-21 >> "Accept-Encoding: gzip, x-gzip, deflate[\r][\n]"
2024-07-24 14:30:48.219 [Test worker] DEBUG c.g.d.z.s.o.a.hc.client5.http.wire - http-outgoing-21 >> "Host: localhost:2375[\r][\n]"
2024-07-24 14:30:48.219 [Test worker] DEBUG c.g.d.z.s.o.a.hc.client5.http.wire - http-outgoing-21 >> "Connection: keep-alive[\r][\n]"
2024-07-24 14:30:48.219 [Test worker] DEBUG c.g.d.z.s.o.a.hc.client5.http.wire - http-outgoing-21 >> "[\r][\n]"
2024-07-24 14:30:48.222 [Test worker] DEBUG c.g.d.z.s.o.a.hc.client5.http.wire - http-outgoing-21 << "HTTP/1.1 200 OK[\r][\n]"
2024-07-24 14:30:48.222 [Test worker] DEBUG c.g.d.z.s.o.a.hc.client5.http.wire - http-outgoing-21 << "Api-Version: 1.45[\r][\n]"
2024-07-24 14:30:48.222 [Test worker] DEBUG c.g.d.z.s.o.a.hc.client5.http.wire - http-outgoing-21 << "Content-Type: application/json[\r][\n]"
2024-07-24 14:30:48.222 [Test worker] DEBUG c.g.d.z.s.o.a.hc.client5.http.wire - http-outgoing-21 << "Date: Wed, 24 Jul 2024 02:30:48 GMT[\r][\n]"
2024-07-24 14:30:48.222 [Test worker] DEBUG c.g.d.z.s.o.a.hc.client5.http.wire - http-outgoing-21 << "Docker-Experimental: false[\r][\n]"
2024-07-24 14:30:48.222 [Test worker] DEBUG c.g.d.z.s.o.a.hc.client5.http.wire - http-outgoing-21 << "Ostype: linux[\r][\n]"
2024-07-24 14:30:48.222 [Test worker] DEBUG c.g.d.z.s.o.a.hc.client5.http.wire - http-outgoing-21 << "Server: Docker/26.0.0 (linux)[\r][\n]"
2024-07-24 14:30:48.222 [Test worker] DEBUG c.g.d.z.s.o.a.hc.client5.http.wire - http-outgoing-21 << "Transfer-Encoding: chunked[\r][\n]"
2024-07-24 14:30:48.222 [Test worker] DEBUG c.g.d.z.s.o.a.hc.client5.http.wire - http-outgoing-21 << "[\r][\n]"
2024-07-24 14:30:48.222 [Test worker] DEBUG c.g.d.z.s.o.a.h.client5.http.headers - http-outgoing-21 << HTTP/1.1 200 OK
2024-07-24 14:30:48.222 [Test worker] DEBUG c.g.d.z.s.o.a.h.client5.http.headers - http-outgoing-21 << Api-Version: 1.45
2024-07-24 14:30:48.222 [Test worker] DEBUG c.g.d.z.s.o.a.h.client5.http.headers - http-outgoing-21 << Content-Type: application/json
2024-07-24 14:30:48.222 [Test worker] DEBUG c.g.d.z.s.o.a.h.client5.http.headers - http-outgoing-21 << Date: Wed, 24 Jul 2024 02:30:48 GMT
2024-07-24 14:30:48.222 [Test worker] DEBUG c.g.d.z.s.o.a.h.client5.http.headers - http-outgoing-21 << Docker-Experimental: false
2024-07-24 14:30:48.222 [Test worker] DEBUG c.g.d.z.s.o.a.h.client5.http.headers - http-outgoing-21 << Ostype: linux
2024-07-24 14:30:48.222 [Test worker] DEBUG c.g.d.z.s.o.a.h.client5.http.headers - http-outgoing-21 << Server: Docker/26.0.0 (linux)
2024-07-24 14:30:48.222 [Test worker] DEBUG c.g.d.z.s.o.a.h.client5.http.headers - http-outgoing-21 << Transfer-Encoding: chunked
2024-07-24 14:30:48.222 [Test worker] DEBUG c.g.d.z.s.o.a.h.c.h.i.c.MainClientExec - ex-000000E1: connection can be kept alive for 3 MINUTES
2024-07-24 14:30:48.223 [Test worker] DEBUG c.g.d.z.s.o.a.hc.client5.http.wire - http-outgoing-21 << "1a38[\r][\n]"
2024-07-24 14:30:48.223 [Test worker] DEBUG c.g.d.z.s.o.a.hc.client5.http.wire - http-outgoing-21 << "{"Id":"dbc533547c417b0c08282c44771719f217c6a168c57c402bef0c197a9aadd6ef","Created":"2024-07-24T02:30:46.283144215Z","Path":"docker-entrypoint.sh","Args":["postgres","-c","fsync=off"],"State":{"Status":"running","Running":true,"Paused":false,"Restarting":false,"OOMKilled":false,"Dead":false,"Pid":30609,"ExitCode":0,"Error":"","StartedAt":"2024-07-24T02:30:46.791247107Z","FinishedAt":"0001-01-01T00:00:00Z"},"Image":"sha256:8e4fc9e184899a58735e7ee333f5e272d7d2298cf59302006b71f33e217be130","ResolvConfPath":"/var/lib/docker/containers/dbc533547c417b0c08282c44771719f217c6a168c57c402bef0c197a9aadd6ef/resolv.conf","HostnamePath":"/var/lib/docker/containers/dbc533547c417b0c08282c44771719f217c6a168c57c402bef0c197a9aadd6ef/hostname","HostsPath":"/var/lib/docker/containers/dbc533547c417b0c08282c44771719f217c6a168c57c402bef0c197a9aadd6ef/hosts","LogPath":"/var/lib/docker/containers/dbc533547c417b0c08282c44771719f217c6a168c57c402bef0c197a9aadd6ef/dbc533547c417b0c08282c44771719f217c6a168c57c402bef0c197a9aadd6ef-json.log","Name":"/naughty_mcnulty","RestartCount":0,"Driver":"overlay2","Platform":"linux","MountLabel":"","ProcessLabel":"","AppArmorProfile":"","ExecIDs":null,"HostConfig":{"Binds":[],"ContainerIDFile":"","LogConfig":{"Type":"json-file","Config":{}},"NetworkMode":"default","PortBindings":{"5432/tcp":[{"HostIp":"0.0.0.0","HostPort":"0"}]},"RestartPolicy":{"Name":"no","MaximumRetryCount":0},"AutoRemove":false,"VolumeDriver":"","VolumesFrom":[],"ConsoleSize":[0,0],"CapAdd":null,"CapDrop":null,"CgroupnsMode":"host","Dns":null,"DnsOptions":null,"DnsSearch":null,"ExtraHosts":[],"GroupAdd":null,"IpcMode":"shareable","Cgroup":"","Links":null,"OomScoreAdj":0,"PidMode":"","Privileged":false,"PublishAllPorts":false,"ReadonlyRootfs":false,"SecurityOpt":null,"UTSMode":"","UsernsMode":"","ShmSize":67108864,"Runtime":"runc","Isolation":"","CpuShares":0,"Memory":0,"NanoCpus":0,"CgroupParent":"","BlkioWeight":0,"BlkioWeightDevice":null,"BlkioDeviceReadBps":null,"BlkioDeviceWriteBps":null,"BlkioDeviceReadIOps":null,"BlkioDeviceWriteIOps":null,"CpuPeriod":0,"CpuQuota":0,"CpuRealtimePeriod":0,"CpuRealtimeRuntime":0,"CpusetCpus":"","CpusetMems":"","Devices":null,"DeviceCgroupRules":null,"DeviceRequests":null,"MemoryReservation":0,"MemorySwap":0,"MemorySwappiness":null,"OomKillDisable":false,"PidsLimit":null,"Ulimits":null,"CpuCount":0,"CpuPercent":0,"IOMaximumIOps":0,"IOMaximumBandwidth":0,"MaskedPaths":["/proc/asound","/proc/acpi","/proc/kcore","/proc/keys","/proc/latency_stats","/proc/timer_list","/proc/timer_stats","/proc/sched_debug","/proc/scsi","/sys/firmware","/sys/devices/virtual/powercap"],"ReadonlyPaths":["/proc/bus","/proc/fs","/proc/irq","/proc/sys","/proc/sysrq-trigger"]},"GraphDriver":{"Data":{"LowerDir":"/var/lib/docker/overlay2/419bb4493892614e9331d06ee242f4aaa4b1185912a69dc4dc79286e33e9f3b5-init/diff:/var/lib/docker/overlay2/8f0ddbd386af0785c2e348570516955816ab350305d698d363962d488eeb15ec/diff:/var/lib/docker/overlay2/0eb0ca73e9b0be7c3d7fa8762ef4778a68f38391bc84c037c2e90b88e781b475/diff:/var/lib/docker/overlay2/74e634bddc785c5d436b10a5158cd82e21dc2065fd1cf8ff9c1c12e01575a2d8/diff:/var/lib/docker/overlay2/bb918b2851cd2f508f1e3fdbfff8b7f8b041d61e65fe8c368288bf399e80b818/diff:/var/lib/docker/overlay2/2abab2946cbdc2941ee8ec4024c51dac7313dee9de5fbedd1ca33388c59eb3c8/diff:/var/lib/docker/overlay2/e12f6083ee669bd92743ceb339a896bb25dbe461b718705bb39eb410b80c0ecd/diff:/var/lib/docker/overlay2/ced1e86d670d097da5ed4da7288c22507735918959161c2cd8bf083fb30d169a/diff:/var/lib/docker/overlay2/94e9ac7b74923285ae73af20aeccb964ca9079e2305db367cb85d1603560472d/diff:/var/lib/docker/overlay2/a396b6dfd63f0c228c519871183c614cccf4d366a43460f27ecf97113c3c4be8/diff:/var/lib/docker/overlay2/f58ada5d5080c2bac553c734f81127660a90581a35ed2a92cebe3c59e340875b/diff:/var/lib/docker/overlay2/84f85636f37bf55d945e217b4f87a856eba7932284beaf042561007b66f48977/diff:/var/lib/docker/overlay2/1e6e519613884e91a2b74a588ba35dc8a2f789371ab798ef6e7d9836d756042f/diff:/var/lib/docker/overlay2/14a3151cc8b4f9d27d2e64f1a8abc0c7809309580f2d7e8dc8545055c1d56194/diff:/var/lib/doc"
2024-07-24 14:30:48.223 [Test worker] DEBUG c.g.d.z.s.o.a.hc.client5.http.wire - http-outgoing-21 << "ker/overlay2/5b354b9e793401517fe2f1da697653fdaadffc54888eaf76d67e0600b8c68bdc/diff","MergedDir":"/var/lib/docker/overlay2/419bb4493892614e9331d06ee242f4aaa4b1185912a69dc4dc79286e33e9f3b5/merged","UpperDir":"/var/lib/docker/overlay2/419bb4493892614e9331d06ee242f4aaa4b1185912a69dc4dc79286e33e9f3b5/diff","WorkDir":"/var/lib/docker/overlay2/419bb4493892614e9331d06ee242f4aaa4b1185912a69dc4dc79286e33e9f3b5/work"},"Name":"overlay2"},"Mounts":[{"Type":"volume","Name":"966d041503b3c2e6380f7312ab4c12f133426941caa2f443877a5424d9d5cb33","Source":"/var/lib/docker/volumes/966d041503b3c2e6380f7312ab4c12f133426941caa2f443877a5424d9d5cb33/_data","Destination":"/var/lib/postgresql/data","Driver":"local","Mode":"","RW":true,"Propagation":""}],"Config":{"Hostname":"dbc533547c41","Domainname":"","User":"","AttachStdin":false,"AttachStdout":false,"AttachStderr":false,"ExposedPorts":{"5432/tcp":{}},"Tty":false,"OpenStdin":false,"StdinOnce":false,"Env":["POSTGRES_USER=user","POSTGRES_PASSWORD=password","POSTGRES_DB=db","PATH=/usr/local/sbin:/usr/local/bin:/usr/sbin:/usr/bin:/sbin:/bin:/usr/lib/postgresql/16/bin","GOSU_VERSION=1.17","LANG=en_US.utf8","PG_MAJOR=16","PG_VERSION=16.2-1.pgdg120+2","PGDATA=/var/lib/postgresql/data"],"Cmd":["postgres","-c","fsync=off"],"Image":"postgres:latest","Volumes":{"/var/lib/postgresql/data":{}},"WorkingDir":"","Entrypoint":["docker-entrypoint.sh"],"OnBuild":null,"Labels":{"org.testcontainers":"true","org.testcontainers.lang":"java","org.testcontainers.sessionId":"280e6229-7396-4d60-b1e3-a5de48b5d49b","org.testcontainers.version":"1.19.8"},"StopSignal":"SIGINT"},"NetworkSettings":{"Bridge":"","SandboxID":"0cdb7a97b89ad614030de487f13b726fe85375774ee77e159bad6f4cb4a9445c","SandboxKey":"/var/run/docker/netns/0cdb7a97b89a","Ports":{"5432/tcp":[{"HostIp":"0.0.0.0","HostPort":"51575"}]},"HairpinMode":false,"LinkLocalIPv6Address":"","LinkLocalIPv6PrefixLen":0,"SecondaryIPAddresses":null,"SecondaryIPv6Addresses":null,"EndpointID":"0b1d0db0dca3463094d79a9c3852bb3395efd7dfc517197015f5c06c42ac5ddb","Gateway":"172.17.0.1","GlobalIPv6Address":"","GlobalIPv6PrefixLen":0,"IPAddress":"172.17.0.3","IPPrefixLen":16,"IPv6Gateway":"","MacAddress":"02:42:ac:11:00:03","Networks":{"bridge":{"IPAMConfig":null,"Links":null,"Aliases":null,"MacAddress":"02:42:ac:11:00:03","NetworkID":"3c842496be344cbdae878c1dee0957e7bc7c0a2236009c92752030f2b053e72f","EndpointID":"0b1d0db0dca3463094d79a9c3852bb3395efd7dfc517197015f5c06c42ac5ddb","Gateway":"172.17.0.1","IPAddress":"172.17.0.3","IPPrefixLen":16,"IPv6Gateway":"","GlobalIPv6Address":"","GlobalIPv6PrefixLen":0,"DriverOpts":null,"DNSNames":null}}}}[\n]"
2024-07-24 14:30:48.224 [Test worker] DEBUG c.g.d.z.s.o.a.hc.client5.http.wire - http-outgoing-21 << "[\r][\n]"
2024-07-24 14:30:48.224 [Test worker] DEBUG c.g.d.z.s.o.a.hc.client5.http.wire - http-outgoing-21 << "0[\r][\n]"
2024-07-24 14:30:48.224 [Test worker] DEBUG c.g.d.z.s.o.a.hc.client5.http.wire - http-outgoing-21 << "[\r][\n]"
2024-07-24 14:30:48.224 [Test worker] DEBUG c.g.d.z.s.o.a.h.c.h.i.c.InternalHttpClient - ep-000000E0: releasing valid endpoint
2024-07-24 14:30:48.224 [Test worker] DEBUG c.g.d.z.s.o.a.h.c.h.i.i.PoolingHttpClientConnectionManager - ep-000000E0: releasing endpoint
2024-07-24 14:30:48.224 [Test worker] DEBUG c.g.d.z.s.o.a.h.c.h.i.i.PoolingHttpClientConnectionManager - ep-000000E0: connection http-outgoing-21 can be kept alive for 3 MINUTES
2024-07-24 14:30:48.224 [Test worker] DEBUG c.g.d.z.s.o.a.h.c.h.i.i.PoolingHttpClientConnectionManager - ep-000000E0: connection released [route: {}->npipe://localhost:2375][total available: 1; route allocated: 1 of 2147483647; total allocated: 1 of 2147483647]
2024-07-24 14:30:48.224 [Test worker] DEBUG tc.postgres:latest - Trying to create JDBC connection using org.postgresql.Driver to jdbc:postgresql://localhost:51575/db?loggerLevel=OFF with properties: {password=password, user=user}
2024-07-24 14:30:48.238 [Test worker] DEBUG o.t.jdbc.JdbcDatabaseDelegate - false returned as updateCount for SQL: drop table if exists WorkedOn
2024-07-24 14:30:48.239 [Test worker] DEBUG o.t.jdbc.JdbcDatabaseDelegate - false returned as updateCount for SQL: drop table if exists SequenceLine
2024-07-24 14:30:48.240 [Test worker] DEBUG o.t.jdbc.JdbcDatabaseDelegate - false returned as updateCount for SQL: drop table if exists WorkOrder
2024-07-24 14:30:48.240 [Test worker] DEBUG o.t.jdbc.JdbcDatabaseDelegate - false returned as updateCount for SQL: drop table if exists SequenceHeader
2024-07-24 14:30:48.241 [Test worker] DEBUG o.t.jdbc.JdbcDatabaseDelegate - false returned as updateCount for SQL: drop table if exists SaleOrderLine
2024-07-24 14:30:48.241 [Test worker] DEBUG o.t.jdbc.JdbcDatabaseDelegate - false returned as updateCount for SQL: drop table if exists SaleOrderHeader
2024-07-24 14:30:48.242 [Test worker] DEBUG o.t.jdbc.JdbcDatabaseDelegate - false returned as updateCount for SQL: drop table if exists Staff
2024-07-24 14:30:48.243 [Test worker] DEBUG o.t.jdbc.JdbcDatabaseDelegate - false returned as updateCount for SQL: drop table if exists WorkStation
2024-07-24 14:30:48.243 [Test worker] DEBUG o.t.jdbc.JdbcDatabaseDelegate - false returned as updateCount for SQL: drop table if exists Part
2024-07-24 14:30:48.244 [Test worker] DEBUG o.t.jdbc.JdbcDatabaseDelegate - false returned as updateCount for SQL: drop table if exists Customer
2024-07-24 14:30:48.247 [Test worker] DEBUG o.t.jdbc.JdbcDatabaseDelegate - false returned as updateCount for SQL: create table Customer ( customerId VarChar(8) PRIMARY Key, name VarChar(100) not null, address VarChar(500) not null )
2024-07-24 14:30:48.248 [Test worker] DEBUG o.t.jdbc.JdbcDatabaseDelegate - false returned as updateCount for SQL: create table Part ( partId VarChar(6) PRIMARY KEY, inventory Int not null, name VarChar(100) not null )
2024-07-24 14:30:48.249 [Test worker] DEBUG o.t.jdbc.JdbcDatabaseDelegate - false returned as updateCount for SQL: create table WorkStation ( name VarChar(50) PRIMARY KEY )
2024-07-24 14:30:48.250 [Test worker] DEBUG o.t.jdbc.JdbcDatabaseDelegate - false returned as updateCount for SQL: create table Staff ( staffID VarChar(6) PRIMARY KEY, name VarChar(100) not null )
2024-07-24 14:30:48.252 [Test worker] DEBUG o.t.jdbc.JdbcDatabaseDelegate - false returned as updateCount for SQL: create table SaleOrderHeader ( soHeaderId VarChar(6) PRIMARY key , customerId VarChar(8) not null references Customer (customerId) )
2024-07-24 14:30:48.253 [Test worker] DEBUG o.t.jdbc.JdbcDatabaseDelegate - false returned as updateCount for SQL: create table SaleOrderLine ( soLineId VarChar(6), soHeaderId VarChar(6) references SaleOrderHeader (soHeaderID), dateDue Date not null, partID VarChar(6) not null references Part(partId), PRIMARY KEY (soLineId,soHeaderId) )
2024-07-24 14:30:48.254 [Test worker] DEBUG o.t.jdbc.JdbcDatabaseDelegate - false returned as updateCount for SQL: create table SequenceHeader ( seqHeaderId VarChar(6) PRIMARY KEY, partId VarChar(6) not null references Part(partId) )
2024-07-24 14:30:48.256 [Test worker] DEBUG o.t.jdbc.JdbcDatabaseDelegate - false returned as updateCount for SQL: create table WorkOrder ( workOrderId VarChar(8) PRIMARY KEY, seqHeaderId VarChar(6) not null REFERENCES SequenceHeader (seqHeaderId), soLineId VarChar(6) not null, soHeaderId VarChar(6) not null, quanity Int not null, FOREIGN KEY (soLineId,soHeaderId) REFERENCES SaleOrderLine (soLineId,soHeaderId) )
2024-07-24 14:30:48.257 [Test worker] DEBUG o.t.jdbc.JdbcDatabaseDelegate - false returned as updateCount for SQL: create table SequenceLine ( seqLineId VarChar(10), seqHeaderId VarChar(6) references SequenceHeader (seqHeaderId), workStation VarChar(50) not null references WorkStation(name), PRIMARY KEY(seqLineId,seqHeaderId) )
2024-07-24 14:30:48.259 [Test worker] DEBUG o.t.jdbc.JdbcDatabaseDelegate - false returned as updateCount for SQL: create table WorkedOn ( staffId VarChar(8) references Staff (staffId), seqHeaderId VarChar(6), seqLineId VarChar(10), workOrderId VarChar(50) references WorkOrder(workOrderId), PRIMARY key (staffId,seqHeaderId,seqLineId,workOrderId), FOREIGN KEY (seqHeaderId,seqLineId) REFERENCES SequenceLine (seqHeaderId,seqLineId) )
2024-07-24 14:30:48.259 [Test worker] INFO  org.testcontainers.ext.ScriptUtils - Executed database script from sql/init.sql in 40 ms.
2024-07-24 14:30:48.274 [Test worker] DEBUG o.t.s.c.g.d.c.command.AbstrDockerCmd - Cmd: dbc533547c417b0c08282c44771719f217c6a168c57c402bef0c197a9aadd6ef,false
2024-07-24 14:30:48.274 [Test worker] DEBUG o.t.s.c.g.d.c.e.InspectContainerCmdExec - GET: DefaultWebTarget{path=[/containers/dbc533547c417b0c08282c44771719f217c6a168c57c402bef0c197a9aadd6ef/json], queryParams={}}
2024-07-24 14:30:48.274 [Test worker] DEBUG c.g.d.z.s.o.a.h.c.h.i.c.InternalHttpClient - ex-000000E2: preparing request execution
2024-07-24 14:30:48.274 [Test worker] DEBUG c.g.d.z.s.o.a.h.c.h.p.RequestAddCookies - Cookie spec selected: strict
2024-07-24 14:30:48.275 [Test worker] DEBUG c.g.d.z.s.o.a.h.c.h.p.RequestAuthCache - Auth cache not set in the context
2024-07-24 14:30:48.275 [Test worker] DEBUG c.g.d.z.s.o.a.h.c.h.i.c.ProtocolExec - ex-000000E2: target auth state: UNCHALLENGED
2024-07-24 14:30:48.275 [Test worker] DEBUG c.g.d.z.s.o.a.h.c.h.i.c.ProtocolExec - ex-000000E2: proxy auth state: UNCHALLENGED
2024-07-24 14:30:48.275 [Test worker] DEBUG c.g.d.z.s.o.a.h.c.h.i.c.ConnectExec - ex-000000E2: acquiring connection with route {}->npipe://localhost:2375
2024-07-24 14:30:48.275 [Test worker] DEBUG c.g.d.z.s.o.a.h.c.h.i.c.InternalHttpClient - ex-000000E2: acquiring endpoint (3 MINUTES)
2024-07-24 14:30:48.275 [Test worker] DEBUG c.g.d.z.s.o.a.h.c.h.i.i.PoolingHttpClientConnectionManager - ex-000000E2: endpoint lease request (3 MINUTES) [route: {}->npipe://localhost:2375][total available: 1; route allocated: 1 of 2147483647; total allocated: 1 of 2147483647]
2024-07-24 14:30:48.275 [Test worker] DEBUG c.g.d.z.s.o.a.h.c.h.i.i.PoolingHttpClientConnectionManager - ex-000000E2: endpoint leased [route: {}->npipe://localhost:2375][total available: 0; route allocated: 1 of 2147483647; total allocated: 1 of 2147483647]
2024-07-24 14:30:48.275 [Test worker] DEBUG c.g.d.z.s.o.a.h.c.h.i.i.PoolingHttpClientConnectionManager - ex-000000E2: acquired ep-000000E1
2024-07-24 14:30:48.275 [Test worker] DEBUG c.g.d.z.s.o.a.h.c.h.i.c.InternalHttpClient - ex-000000E2: acquired endpoint ep-000000E1
2024-07-24 14:30:48.275 [Test worker] DEBUG c.g.d.z.s.o.a.h.c.h.i.c.MainClientExec - ex-000000E2: executing GET /v1.32/containers/dbc533547c417b0c08282c44771719f217c6a168c57c402bef0c197a9aadd6ef/json HTTP/1.1
2024-07-24 14:30:48.275 [Test worker] DEBUG c.g.d.z.s.o.a.h.c.h.i.c.InternalHttpClient - ep-000000E1: start execution ex-000000E2
2024-07-24 14:30:48.275 [Test worker] DEBUG c.g.d.z.s.o.a.h.c.h.i.i.PoolingHttpClientConnectionManager - ep-000000E1: executing exchange ex-000000E2 over http-outgoing-21
2024-07-24 14:30:48.275 [Test worker] DEBUG c.g.d.z.s.o.a.h.client5.http.headers - http-outgoing-21 >> GET /v1.32/containers/dbc533547c417b0c08282c44771719f217c6a168c57c402bef0c197a9aadd6ef/json HTTP/1.1
2024-07-24 14:30:48.275 [Test worker] DEBUG c.g.d.z.s.o.a.h.client5.http.headers - http-outgoing-21 >> accept: application/json
2024-07-24 14:30:48.275 [Test worker] DEBUG c.g.d.z.s.o.a.h.client5.http.headers - http-outgoing-21 >> x-tc-sid: 280e6229-7396-4d60-b1e3-a5de48b5d49b
2024-07-24 14:30:48.275 [Test worker] DEBUG c.g.d.z.s.o.a.h.client5.http.headers - http-outgoing-21 >> User-Agent: tc-java/1.19.8
2024-07-24 14:30:48.275 [Test worker] DEBUG c.g.d.z.s.o.a.h.client5.http.headers - http-outgoing-21 >> Accept-Encoding: gzip, x-gzip, deflate
2024-07-24 14:30:48.275 [Test worker] DEBUG c.g.d.z.s.o.a.h.client5.http.headers - http-outgoing-21 >> Host: localhost:2375
2024-07-24 14:30:48.275 [Test worker] DEBUG c.g.d.z.s.o.a.h.client5.http.headers - http-outgoing-21 >> Connection: keep-alive
2024-07-24 14:30:48.275 [Test worker] DEBUG c.g.d.z.s.o.a.hc.client5.http.wire - http-outgoing-21 >> "GET /v1.32/containers/dbc533547c417b0c08282c44771719f217c6a168c57c402bef0c197a9aadd6ef/json HTTP/1.1[\r][\n]"
2024-07-24 14:30:48.275 [Test worker] DEBUG c.g.d.z.s.o.a.hc.client5.http.wire - http-outgoing-21 >> "accept: application/json[\r][\n]"
2024-07-24 14:30:48.275 [Test worker] DEBUG c.g.d.z.s.o.a.hc.client5.http.wire - http-outgoing-21 >> "x-tc-sid: 280e6229-7396-4d60-b1e3-a5de48b5d49b[\r][\n]"
2024-07-24 14:30:48.275 [Test worker] DEBUG c.g.d.z.s.o.a.hc.client5.http.wire - http-outgoing-21 >> "User-Agent: tc-java/1.19.8[\r][\n]"
2024-07-24 14:30:48.275 [Test worker] DEBUG c.g.d.z.s.o.a.hc.client5.http.wire - http-outgoing-21 >> "Accept-Encoding: gzip, x-gzip, deflate[\r][\n]"
2024-07-24 14:30:48.275 [Test worker] DEBUG c.g.d.z.s.o.a.hc.client5.http.wire - http-outgoing-21 >> "Host: localhost:2375[\r][\n]"
2024-07-24 14:30:48.275 [Test worker] DEBUG c.g.d.z.s.o.a.hc.client5.http.wire - http-outgoing-21 >> "Connection: keep-alive[\r][\n]"
2024-07-24 14:30:48.275 [Test worker] DEBUG c.g.d.z.s.o.a.hc.client5.http.wire - http-outgoing-21 >> "[\r][\n]"
2024-07-24 14:30:48.278 [Test worker] DEBUG c.g.d.z.s.o.a.hc.client5.http.wire - http-outgoing-21 << "HTTP/1.1 200 OK[\r][\n]"
2024-07-24 14:30:48.278 [Test worker] DEBUG c.g.d.z.s.o.a.hc.client5.http.wire - http-outgoing-21 << "Api-Version: 1.45[\r][\n]"
2024-07-24 14:30:48.278 [Test worker] DEBUG c.g.d.z.s.o.a.hc.client5.http.wire - http-outgoing-21 << "Content-Type: application/json[\r][\n]"
2024-07-24 14:30:48.278 [Test worker] DEBUG c.g.d.z.s.o.a.hc.client5.http.wire - http-outgoing-21 << "Date: Wed, 24 Jul 2024 02:30:48 GMT[\r][\n]"
2024-07-24 14:30:48.278 [Test worker] DEBUG c.g.d.z.s.o.a.hc.client5.http.wire - http-outgoing-21 << "Docker-Experimental: false[\r][\n]"
2024-07-24 14:30:48.278 [Test worker] DEBUG c.g.d.z.s.o.a.hc.client5.http.wire - http-outgoing-21 << "Ostype: linux[\r][\n]"
2024-07-24 14:30:48.278 [Test worker] DEBUG c.g.d.z.s.o.a.hc.client5.http.wire - http-outgoing-21 << "Server: Docker/26.0.0 (linux)[\r][\n]"
2024-07-24 14:30:48.278 [Test worker] DEBUG c.g.d.z.s.o.a.hc.client5.http.wire - http-outgoing-21 << "Transfer-Encoding: chunked[\r][\n]"
2024-07-24 14:30:48.278 [Test worker] DEBUG c.g.d.z.s.o.a.hc.client5.http.wire - http-outgoing-21 << "[\r][\n]"
2024-07-24 14:30:48.280 [Test worker] DEBUG c.g.d.z.s.o.a.h.client5.http.headers - http-outgoing-21 << HTTP/1.1 200 OK
2024-07-24 14:30:48.280 [Test worker] DEBUG c.g.d.z.s.o.a.h.client5.http.headers - http-outgoing-21 << Api-Version: 1.45
2024-07-24 14:30:48.280 [Test worker] DEBUG c.g.d.z.s.o.a.h.client5.http.headers - http-outgoing-21 << Content-Type: application/json
2024-07-24 14:30:48.280 [Test worker] DEBUG c.g.d.z.s.o.a.h.client5.http.headers - http-outgoing-21 << Date: Wed, 24 Jul 2024 02:30:48 GMT
2024-07-24 14:30:48.280 [Test worker] DEBUG c.g.d.z.s.o.a.h.client5.http.headers - http-outgoing-21 << Docker-Experimental: false
2024-07-24 14:30:48.280 [Test worker] DEBUG c.g.d.z.s.o.a.h.client5.http.headers - http-outgoing-21 << Ostype: linux
2024-07-24 14:30:48.280 [Test worker] DEBUG c.g.d.z.s.o.a.h.client5.http.headers - http-outgoing-21 << Server: Docker/26.0.0 (linux)
2024-07-24 14:30:48.280 [Test worker] DEBUG c.g.d.z.s.o.a.h.client5.http.headers - http-outgoing-21 << Transfer-Encoding: chunked
2024-07-24 14:30:48.280 [Test worker] DEBUG c.g.d.z.s.o.a.h.c.h.i.c.MainClientExec - ex-000000E2: connection can be kept alive for 3 MINUTES
2024-07-24 14:30:48.281 [Test worker] DEBUG c.g.d.z.s.o.a.hc.client5.http.wire - http-outgoing-21 << "1a38[\r][\n]"
2024-07-24 14:30:48.281 [Test worker] DEBUG c.g.d.z.s.o.a.hc.client5.http.wire - http-outgoing-21 << "{"Id":"dbc533547c417b0c08282c44771719f217c6a168c57c402bef0c197a9aadd6ef","Created":"2024-07-24T02:30:46.283144215Z","Path":"docker-entrypoint.sh","Args":["postgres","-c","fsync=off"],"State":{"Status":"running","Running":true,"Paused":false,"Restarting":false,"OOMKilled":false,"Dead":false,"Pid":30609,"ExitCode":0,"Error":"","StartedAt":"2024-07-24T02:30:46.791247107Z","FinishedAt":"0001-01-01T00:00:00Z"},"Image":"sha256:8e4fc9e184899a58735e7ee333f5e272d7d2298cf59302006b71f33e217be130","ResolvConfPath":"/var/lib/docker/containers/dbc533547c417b0c08282c44771719f217c6a168c57c402bef0c197a9aadd6ef/resolv.conf","HostnamePath":"/var/lib/docker/containers/dbc533547c417b0c08282c44771719f217c6a168c57c402bef0c197a9aadd6ef/hostname","HostsPath":"/var/lib/docker/containers/dbc533547c417b0c08282c44771719f217c6a168c57c402bef0c197a9aadd6ef/hosts","LogPath":"/var/lib/docker/containers/dbc533547c417b0c08282c44771719f217c6a168c57c402bef0c197a9aadd6ef/dbc533547c417b0c08282c44771719f217c6a168c57c402bef0c197a9aadd6ef-json.log","Name":"/naughty_mcnulty","RestartCount":0,"Driver":"overlay2","Platform":"linux","MountLabel":"","ProcessLabel":"","AppArmorProfile":"","ExecIDs":null,"HostConfig":{"Binds":[],"ContainerIDFile":"","LogConfig":{"Type":"json-file","Config":{}},"NetworkMode":"default","PortBindings":{"5432/tcp":[{"HostIp":"0.0.0.0","HostPort":"0"}]},"RestartPolicy":{"Name":"no","MaximumRetryCount":0},"AutoRemove":false,"VolumeDriver":"","VolumesFrom":[],"ConsoleSize":[0,0],"CapAdd":null,"CapDrop":null,"CgroupnsMode":"host","Dns":null,"DnsOptions":null,"DnsSearch":null,"ExtraHosts":[],"GroupAdd":null,"IpcMode":"shareable","Cgroup":"","Links":null,"OomScoreAdj":0,"PidMode":"","Privileged":false,"PublishAllPorts":false,"ReadonlyRootfs":false,"SecurityOpt":null,"UTSMode":"","UsernsMode":"","ShmSize":67108864,"Runtime":"runc","Isolation":"","CpuShares":0,"Memory":0,"NanoCpus":0,"CgroupParent":"","BlkioWeight":0,"BlkioWeightDevice":null,"BlkioDeviceReadBps":null,"BlkioDeviceWriteBps":null,"BlkioDeviceReadIOps":null,"BlkioDeviceWriteIOps":null,"CpuPeriod":0,"CpuQuota":0,"CpuRealtimePeriod":0,"CpuRealtimeRuntime":0,"CpusetCpus":"","CpusetMems":"","Devices":null,"DeviceCgroupRules":null,"DeviceRequests":null,"MemoryReservation":0,"MemorySwap":0,"MemorySwappiness":null,"OomKillDisable":false,"PidsLimit":null,"Ulimits":null,"CpuCount":0,"CpuPercent":0,"IOMaximumIOps":0,"IOMaximumBandwidth":0,"MaskedPaths":["/proc/asound","/proc/acpi","/proc/kcore","/proc/keys","/proc/latency_stats","/proc/timer_list","/proc/timer_stats","/proc/sched_debug","/proc/scsi","/sys/firmware","/sys/devices/virtual/powercap"],"ReadonlyPaths":["/proc/bus","/proc/fs","/proc/irq","/proc/sys","/proc/sysrq-trigger"]},"GraphDriver":{"Data":{"LowerDir":"/var/lib/docker/overlay2/419bb4493892614e9331d06ee242f4aaa4b1185912a69dc4dc79286e33e9f3b5-init/diff:/var/lib/docker/overlay2/8f0ddbd386af0785c2e348570516955816ab350305d698d363962d488eeb15ec/diff:/var/lib/docker/overlay2/0eb0ca73e9b0be7c3d7fa8762ef4778a68f38391bc84c037c2e90b88e781b475/diff:/var/lib/docker/overlay2/74e634bddc785c5d436b10a5158cd82e21dc2065fd1cf8ff9c1c12e01575a2d8/diff:/var/lib/docker/overlay2/bb918b2851cd2f508f1e3fdbfff8b7f8b041d61e65fe8c368288bf399e80b818/diff:/var/lib/docker/overlay2/2abab2946cbdc2941ee8ec4024c51dac7313dee9de5fbedd1ca33388c59eb3c8/diff:/var/lib/docker/overlay2/e12f6083ee669bd92743ceb339a896bb25dbe461b718705bb39eb410b80c0ecd/diff:/var/lib/docker/overlay2/ced1e86d670d097da5ed4da7288c22507735918959161c2cd8bf083fb30d169a/diff:/var/lib/docker/overlay2/94e9ac7b74923285ae73af20aeccb964ca9079e2305db367cb85d1603560472d/diff:/var/lib/docker/overlay2/a396b6dfd63f0c228c519871183c614cccf4d366a43460f27ecf97113c3c4be8/diff:/var/lib/docker/overlay2/f58ada5d5080c2bac553c734f81127660a90581a35ed2a92cebe3c59e340875b/diff:/var/lib/docker/overlay2/84f85636f37bf55d945e217b4f87a856eba7932284beaf042561007b66f48977/diff:/var/lib/docker/overlay2/1e6e519613884e91a2b74a588ba35dc8a2f789371ab798ef6e7d9836d756042f/diff:/var/lib/docker/overlay2/14a3151cc8b4f9d27d2e64f1a8abc0c7809309580f2d7e8dc8545055c1d56194/diff:/var/lib/doc"
2024-07-24 14:30:48.281 [Test worker] DEBUG c.g.d.z.s.o.a.hc.client5.http.wire - http-outgoing-21 << "ker/overlay2/5b354b9e793401517fe2f1da697653fdaadffc54888eaf76d67e0600b8c68bdc/diff","MergedDir":"/var/lib/docker/overlay2/419bb4493892614e9331d06ee242f4aaa4b1185912a69dc4dc79286e33e9f3b5/merged","UpperDir":"/var/lib/docker/overlay2/419bb4493892614e9331d06ee242f4aaa4b1185912a69dc4dc79286e33e9f3b5/diff","WorkDir":"/var/lib/docker/overlay2/419bb4493892614e9331d06ee242f4aaa4b1185912a69dc4dc79286e33e9f3b5/work"},"Name":"overlay2"},"Mounts":[{"Type":"volume","Name":"966d041503b3c2e6380f7312ab4c12f133426941caa2f443877a5424d9d5cb33","Source":"/var/lib/docker/volumes/966d041503b3c2e6380f7312ab4c12f133426941caa2f443877a5424d9d5cb33/_data","Destination":"/var/lib/postgresql/data","Driver":"local","Mode":"","RW":true,"Propagation":""}],"Config":{"Hostname":"dbc533547c41","Domainname":"","User":"","AttachStdin":false,"AttachStdout":false,"AttachStderr":false,"ExposedPorts":{"5432/tcp":{}},"Tty":false,"OpenStdin":false,"StdinOnce":false,"Env":["POSTGRES_USER=user","POSTGRES_PASSWORD=password","POSTGRES_DB=db","PATH=/usr/local/sbin:/usr/local/bin:/usr/sbin:/usr/bin:/sbin:/bin:/usr/lib/postgresql/16/bin","GOSU_VERSION=1.17","LANG=en_US.utf8","PG_MAJOR=16","PG_VERSION=16.2-1.pgdg120+2","PGDATA=/var/lib/postgresql/data"],"Cmd":["postgres","-c","fsync=off"],"Image":"postgres:latest","Volumes":{"/var/lib/postgresql/data":{}},"WorkingDir":"","Entrypoint":["docker-entrypoint.sh"],"OnBuild":null,"Labels":{"org.testcontainers":"true","org.testcontainers.lang":"java","org.testcontainers.sessionId":"280e6229-7396-4d60-b1e3-a5de48b5d49b","org.testcontainers.version":"1.19.8"},"StopSignal":"SIGINT"},"NetworkSettings":{"Bridge":"","SandboxID":"0cdb7a97b89ad614030de487f13b726fe85375774ee77e159bad6f4cb4a9445c","SandboxKey":"/var/run/docker/netns/0cdb7a97b89a","Ports":{"5432/tcp":[{"HostIp":"0.0.0.0","HostPort":"51575"}]},"HairpinMode":false,"LinkLocalIPv6Address":"","LinkLocalIPv6PrefixLen":0,"SecondaryIPAddresses":null,"SecondaryIPv6Addresses":null,"EndpointID":"0b1d0db0dca3463094d79a9c3852bb3395efd7dfc517197015f5c06c42ac5ddb","Gateway":"172.17.0.1","GlobalIPv6Address":"","GlobalIPv6PrefixLen":0,"IPAddress":"172.17.0.3","IPPrefixLen":16,"IPv6Gateway":"","MacAddress":"02:42:ac:11:00:03","Networks":{"bridge":{"IPAMConfig":null,"Links":null,"Aliases":null,"MacAddress":"02:42:ac:11:00:03","NetworkID":"3c842496be344cbdae878c1dee0957e7bc7c0a2236009c92752030f2b053e72f","EndpointID":"0b1d0db0dca3463094d79a9c3852bb3395efd7dfc517197015f5c06c42ac5ddb","Gateway":"172.17.0.1","IPAddress":"172.17.0.3","IPPrefixLen":16,"IPv6Gateway":"","GlobalIPv6Address":"","GlobalIPv6PrefixLen":0,"DriverOpts":null,"DNSNames":null}}}}[\n]"
2024-07-24 14:30:48.282 [Test worker] DEBUG c.g.d.z.s.o.a.hc.client5.http.wire - http-outgoing-21 << "[\r][\n]"
2024-07-24 14:30:48.282 [Test worker] DEBUG c.g.d.z.s.o.a.hc.client5.http.wire - http-outgoing-21 << "0[\r][\n]"
2024-07-24 14:30:48.282 [Test worker] DEBUG c.g.d.z.s.o.a.hc.client5.http.wire - http-outgoing-21 << "[\r][\n]"
2024-07-24 14:30:48.282 [Test worker] DEBUG c.g.d.z.s.o.a.h.c.h.i.c.InternalHttpClient - ep-000000E1: releasing valid endpoint
2024-07-24 14:30:48.282 [Test worker] DEBUG c.g.d.z.s.o.a.h.c.h.i.i.PoolingHttpClientConnectionManager - ep-000000E1: releasing endpoint
2024-07-24 14:30:48.282 [Test worker] DEBUG c.g.d.z.s.o.a.h.c.h.i.i.PoolingHttpClientConnectionManager - ep-000000E1: connection http-outgoing-21 can be kept alive for 3 MINUTES
2024-07-24 14:30:48.282 [Test worker] DEBUG c.g.d.z.s.o.a.h.c.h.i.i.PoolingHttpClientConnectionManager - ep-000000E1: connection released [route: {}->npipe://localhost:2375][total available: 1; route allocated: 1 of 2147483647; total allocated: 1 of 2147483647]
2024-07-24 14:30:48.282 [Test worker] TRACE o.t.utility.ResourceReaper - Stopping container: dbc533547c417b0c08282c44771719f217c6a168c57c402bef0c197a9aadd6ef
2024-07-24 14:30:48.282 [Test worker] DEBUG o.t.s.c.g.d.c.command.AbstrDockerCmd - Cmd: dbc533547c417b0c08282c44771719f217c6a168c57c402bef0c197a9aadd6ef,<null>
2024-07-24 14:30:48.282 [Test worker] TRACE o.t.s.c.g.d.c.e.KillContainerCmdExec - POST: DefaultWebTarget{path=[/containers/dbc533547c417b0c08282c44771719f217c6a168c57c402bef0c197a9aadd6ef/kill], queryParams={}}
2024-07-24 14:30:48.282 [Test worker] DEBUG c.g.d.z.s.o.a.h.c.h.i.c.InternalHttpClient - ex-000000E3: preparing request execution
2024-07-24 14:30:48.282 [Test worker] DEBUG c.g.d.z.s.o.a.h.c.h.p.RequestAddCookies - Cookie spec selected: strict
2024-07-24 14:30:48.282 [Test worker] DEBUG c.g.d.z.s.o.a.h.c.h.p.RequestAuthCache - Auth cache not set in the context
2024-07-24 14:30:48.282 [Test worker] DEBUG c.g.d.z.s.o.a.h.c.h.i.c.ProtocolExec - ex-000000E3: target auth state: UNCHALLENGED
2024-07-24 14:30:48.282 [Test worker] DEBUG c.g.d.z.s.o.a.h.c.h.i.c.ProtocolExec - ex-000000E3: proxy auth state: UNCHALLENGED
2024-07-24 14:30:48.282 [Test worker] DEBUG c.g.d.z.s.o.a.h.c.h.i.c.ConnectExec - ex-000000E3: acquiring connection with route {}->npipe://localhost:2375
2024-07-24 14:30:48.282 [Test worker] DEBUG c.g.d.z.s.o.a.h.c.h.i.c.InternalHttpClient - ex-000000E3: acquiring endpoint (3 MINUTES)
2024-07-24 14:30:48.282 [Test worker] DEBUG c.g.d.z.s.o.a.h.c.h.i.i.PoolingHttpClientConnectionManager - ex-000000E3: endpoint lease request (3 MINUTES) [route: {}->npipe://localhost:2375][total available: 1; route allocated: 1 of 2147483647; total allocated: 1 of 2147483647]
2024-07-24 14:30:48.282 [Test worker] DEBUG c.g.d.z.s.o.a.h.c.h.i.i.PoolingHttpClientConnectionManager - ex-000000E3: endpoint leased [route: {}->npipe://localhost:2375][total available: 0; route allocated: 1 of 2147483647; total allocated: 1 of 2147483647]
2024-07-24 14:30:48.282 [Test worker] DEBUG c.g.d.z.s.o.a.h.c.h.i.i.PoolingHttpClientConnectionManager - ex-000000E3: acquired ep-000000E2
2024-07-24 14:30:48.282 [Test worker] DEBUG c.g.d.z.s.o.a.h.c.h.i.c.InternalHttpClient - ex-000000E3: acquired endpoint ep-000000E2
2024-07-24 14:30:48.282 [Test worker] DEBUG c.g.d.z.s.o.a.h.c.h.i.c.MainClientExec - ex-000000E3: executing POST /v1.32/containers/dbc533547c417b0c08282c44771719f217c6a168c57c402bef0c197a9aadd6ef/kill HTTP/1.1
2024-07-24 14:30:48.282 [Test worker] DEBUG c.g.d.z.s.o.a.h.c.h.i.c.InternalHttpClient - ep-000000E2: start execution ex-000000E3
2024-07-24 14:30:48.282 [Test worker] DEBUG c.g.d.z.s.o.a.h.c.h.i.i.PoolingHttpClientConnectionManager - ep-000000E2: executing exchange ex-000000E3 over http-outgoing-21
2024-07-24 14:30:48.282 [Test worker] DEBUG c.g.d.z.s.o.a.h.client5.http.headers - http-outgoing-21 >> POST /v1.32/containers/dbc533547c417b0c08282c44771719f217c6a168c57c402bef0c197a9aadd6ef/kill HTTP/1.1
2024-07-24 14:30:48.282 [Test worker] DEBUG c.g.d.z.s.o.a.h.client5.http.headers - http-outgoing-21 >> accept: application/json
2024-07-24 14:30:48.282 [Test worker] DEBUG c.g.d.z.s.o.a.h.client5.http.headers - http-outgoing-21 >> content-type: application/json
2024-07-24 14:30:48.282 [Test worker] DEBUG c.g.d.z.s.o.a.h.client5.http.headers - http-outgoing-21 >> x-tc-sid: 280e6229-7396-4d60-b1e3-a5de48b5d49b
2024-07-24 14:30:48.282 [Test worker] DEBUG c.g.d.z.s.o.a.h.client5.http.headers - http-outgoing-21 >> User-Agent: tc-java/1.19.8
2024-07-24 14:30:48.282 [Test worker] DEBUG c.g.d.z.s.o.a.h.client5.http.headers - http-outgoing-21 >> Accept-Encoding: gzip, x-gzip, deflate
2024-07-24 14:30:48.282 [Test worker] DEBUG c.g.d.z.s.o.a.h.client5.http.headers - http-outgoing-21 >> Host: localhost:2375
2024-07-24 14:30:48.282 [Test worker] DEBUG c.g.d.z.s.o.a.h.client5.http.headers - http-outgoing-21 >> Connection: keep-alive
2024-07-24 14:30:48.282 [Test worker] DEBUG c.g.d.z.s.o.a.hc.client5.http.wire - http-outgoing-21 >> "POST /v1.32/containers/dbc533547c417b0c08282c44771719f217c6a168c57c402bef0c197a9aadd6ef/kill HTTP/1.1[\r][\n]"
2024-07-24 14:30:48.282 [Test worker] DEBUG c.g.d.z.s.o.a.hc.client5.http.wire - http-outgoing-21 >> "accept: application/json[\r][\n]"
2024-07-24 14:30:48.282 [Test worker] DEBUG c.g.d.z.s.o.a.hc.client5.http.wire - http-outgoing-21 >> "content-type: application/json[\r][\n]"
2024-07-24 14:30:48.282 [Test worker] DEBUG c.g.d.z.s.o.a.hc.client5.http.wire - http-outgoing-21 >> "x-tc-sid: 280e6229-7396-4d60-b1e3-a5de48b5d49b[\r][\n]"
2024-07-24 14:30:48.282 [Test worker] DEBUG c.g.d.z.s.o.a.hc.client5.http.wire - http-outgoing-21 >> "User-Agent: tc-java/1.19.8[\r][\n]"
2024-07-24 14:30:48.282 [Test worker] DEBUG c.g.d.z.s.o.a.hc.client5.http.wire - http-outgoing-21 >> "Accept-Encoding: gzip, x-gzip, deflate[\r][\n]"
2024-07-24 14:30:48.282 [Test worker] DEBUG c.g.d.z.s.o.a.hc.client5.http.wire - http-outgoing-21 >> "Host: localhost:2375[\r][\n]"
2024-07-24 14:30:48.282 [Test worker] DEBUG c.g.d.z.s.o.a.hc.client5.http.wire - http-outgoing-21 >> "Connection: keep-alive[\r][\n]"
2024-07-24 14:30:48.282 [Test worker] DEBUG c.g.d.z.s.o.a.hc.client5.http.wire - http-outgoing-21 >> "[\r][\n]"
2024-07-24 14:30:48.847 [Test worker] DEBUG c.g.d.z.s.o.a.hc.client5.http.wire - http-outgoing-21 << "HTTP/1.1 204 No Content[\r][\n]"
2024-07-24 14:30:48.847 [Test worker] DEBUG c.g.d.z.s.o.a.hc.client5.http.wire - http-outgoing-21 << "Api-Version: 1.45[\r][\n]"
2024-07-24 14:30:48.847 [Test worker] DEBUG c.g.d.z.s.o.a.hc.client5.http.wire - http-outgoing-21 << "Date: Wed, 24 Jul 2024 02:30:48 GMT[\r][\n]"
2024-07-24 14:30:48.847 [Test worker] DEBUG c.g.d.z.s.o.a.hc.client5.http.wire - http-outgoing-21 << "Docker-Experimental: false[\r][\n]"
2024-07-24 14:30:48.847 [Test worker] DEBUG c.g.d.z.s.o.a.hc.client5.http.wire - http-outgoing-21 << "Ostype: linux[\r][\n]"
2024-07-24 14:30:48.847 [Test worker] DEBUG c.g.d.z.s.o.a.hc.client5.http.wire - http-outgoing-21 << "Server: Docker/26.0.0 (linux)[\r][\n]"
2024-07-24 14:30:48.847 [Test worker] DEBUG c.g.d.z.s.o.a.hc.client5.http.wire - http-outgoing-21 << "[\r][\n]"
2024-07-24 14:30:48.847 [Test worker] DEBUG c.g.d.z.s.o.a.h.client5.http.headers - http-outgoing-21 << HTTP/1.1 204 No Content
2024-07-24 14:30:48.847 [Test worker] DEBUG c.g.d.z.s.o.a.h.client5.http.headers - http-outgoing-21 << Api-Version: 1.45
2024-07-24 14:30:48.847 [Test worker] DEBUG c.g.d.z.s.o.a.h.client5.http.headers - http-outgoing-21 << Date: Wed, 24 Jul 2024 02:30:48 GMT
2024-07-24 14:30:48.847 [Test worker] DEBUG c.g.d.z.s.o.a.h.client5.http.headers - http-outgoing-21 << Docker-Experimental: false
2024-07-24 14:30:48.847 [Test worker] DEBUG c.g.d.z.s.o.a.h.client5.http.headers - http-outgoing-21 << Ostype: linux
2024-07-24 14:30:48.847 [Test worker] DEBUG c.g.d.z.s.o.a.h.client5.http.headers - http-outgoing-21 << Server: Docker/26.0.0 (linux)
2024-07-24 14:30:48.847 [Test worker] DEBUG c.g.d.z.s.o.a.h.c.h.i.c.MainClientExec - ex-000000E3: connection can be kept alive for 3 MINUTES
2024-07-24 14:30:48.847 [Test worker] DEBUG c.g.d.z.s.o.a.h.c.h.i.c.InternalHttpClient - ep-000000E2: releasing valid endpoint
2024-07-24 14:30:48.847 [Test worker] DEBUG c.g.d.z.s.o.a.h.c.h.i.i.PoolingHttpClientConnectionManager - ep-000000E2: releasing endpoint
2024-07-24 14:30:48.847 [Test worker] DEBUG c.g.d.z.s.o.a.h.c.h.i.i.PoolingHttpClientConnectionManager - ep-000000E2: connection http-outgoing-21 can be kept alive for 3 MINUTES
2024-07-24 14:30:48.847 [Test worker] DEBUG c.g.d.z.s.o.a.h.c.h.i.i.PoolingHttpClientConnectionManager - ep-000000E2: connection released [route: {}->npipe://localhost:2375][total available: 1; route allocated: 1 of 2147483647; total allocated: 1 of 2147483647]
2024-07-24 14:30:48.848 [Test worker] TRACE o.t.utility.ResourceReaper - Stopped container: postgres:latest
2024-07-24 14:30:48.848 [Test worker] DEBUG o.t.s.c.g.d.c.command.AbstrDockerCmd - Cmd: dbc533547c417b0c08282c44771719f217c6a168c57c402bef0c197a9aadd6ef,false
2024-07-24 14:30:48.848 [Test worker] DEBUG o.t.s.c.g.d.c.e.InspectContainerCmdExec - GET: DefaultWebTarget{path=[/containers/dbc533547c417b0c08282c44771719f217c6a168c57c402bef0c197a9aadd6ef/json], queryParams={}}
2024-07-24 14:30:48.848 [Test worker] DEBUG c.g.d.z.s.o.a.h.c.h.i.c.InternalHttpClient - ex-000000E4: preparing request execution
2024-07-24 14:30:48.848 [Test worker] DEBUG c.g.d.z.s.o.a.h.c.h.p.RequestAddCookies - Cookie spec selected: strict
2024-07-24 14:30:48.848 [Test worker] DEBUG c.g.d.z.s.o.a.h.c.h.p.RequestAuthCache - Auth cache not set in the context
2024-07-24 14:30:48.848 [Test worker] DEBUG c.g.d.z.s.o.a.h.c.h.i.c.ProtocolExec - ex-000000E4: target auth state: UNCHALLENGED
2024-07-24 14:30:48.848 [Test worker] DEBUG c.g.d.z.s.o.a.h.c.h.i.c.ProtocolExec - ex-000000E4: proxy auth state: UNCHALLENGED
2024-07-24 14:30:48.848 [Test worker] DEBUG c.g.d.z.s.o.a.h.c.h.i.c.ConnectExec - ex-000000E4: acquiring connection with route {}->npipe://localhost:2375
2024-07-24 14:30:48.848 [Test worker] DEBUG c.g.d.z.s.o.a.h.c.h.i.c.InternalHttpClient - ex-000000E4: acquiring endpoint (3 MINUTES)
2024-07-24 14:30:48.848 [Test worker] DEBUG c.g.d.z.s.o.a.h.c.h.i.i.PoolingHttpClientConnectionManager - ex-000000E4: endpoint lease request (3 MINUTES) [route: {}->npipe://localhost:2375][total available: 1; route allocated: 1 of 2147483647; total allocated: 1 of 2147483647]
2024-07-24 14:30:48.848 [Test worker] DEBUG c.g.d.z.s.o.a.h.c.h.i.i.PoolingHttpClientConnectionManager - ex-000000E4: endpoint leased [route: {}->npipe://localhost:2375][total available: 0; route allocated: 1 of 2147483647; total allocated: 1 of 2147483647]
2024-07-24 14:30:48.848 [Test worker] DEBUG c.g.d.z.s.o.a.h.c.h.i.i.PoolingHttpClientConnectionManager - ex-000000E4: acquired ep-000000E3
2024-07-24 14:30:48.848 [Test worker] DEBUG c.g.d.z.s.o.a.h.c.h.i.c.InternalHttpClient - ex-000000E4: acquired endpoint ep-000000E3
2024-07-24 14:30:48.848 [Test worker] DEBUG c.g.d.z.s.o.a.h.c.h.i.c.MainClientExec - ex-000000E4: executing GET /v1.32/containers/dbc533547c417b0c08282c44771719f217c6a168c57c402bef0c197a9aadd6ef/json HTTP/1.1
2024-07-24 14:30:48.848 [Test worker] DEBUG c.g.d.z.s.o.a.h.c.h.i.c.InternalHttpClient - ep-000000E3: start execution ex-000000E4
2024-07-24 14:30:48.848 [Test worker] DEBUG c.g.d.z.s.o.a.h.c.h.i.i.PoolingHttpClientConnectionManager - ep-000000E3: executing exchange ex-000000E4 over http-outgoing-21
2024-07-24 14:30:48.849 [Test worker] DEBUG c.g.d.z.s.o.a.h.client5.http.headers - http-outgoing-21 >> GET /v1.32/containers/dbc533547c417b0c08282c44771719f217c6a168c57c402bef0c197a9aadd6ef/json HTTP/1.1
2024-07-24 14:30:48.849 [Test worker] DEBUG c.g.d.z.s.o.a.h.client5.http.headers - http-outgoing-21 >> accept: application/json
2024-07-24 14:30:48.849 [Test worker] DEBUG c.g.d.z.s.o.a.h.client5.http.headers - http-outgoing-21 >> x-tc-sid: 280e6229-7396-4d60-b1e3-a5de48b5d49b
2024-07-24 14:30:48.849 [Test worker] DEBUG c.g.d.z.s.o.a.h.client5.http.headers - http-outgoing-21 >> User-Agent: tc-java/1.19.8
2024-07-24 14:30:48.849 [Test worker] DEBUG c.g.d.z.s.o.a.h.client5.http.headers - http-outgoing-21 >> Accept-Encoding: gzip, x-gzip, deflate
2024-07-24 14:30:48.849 [Test worker] DEBUG c.g.d.z.s.o.a.h.client5.http.headers - http-outgoing-21 >> Host: localhost:2375
2024-07-24 14:30:48.849 [Test worker] DEBUG c.g.d.z.s.o.a.h.client5.http.headers - http-outgoing-21 >> Connection: keep-alive
2024-07-24 14:30:48.849 [Test worker] DEBUG c.g.d.z.s.o.a.hc.client5.http.wire - http-outgoing-21 >> "GET /v1.32/containers/dbc533547c417b0c08282c44771719f217c6a168c57c402bef0c197a9aadd6ef/json HTTP/1.1[\r][\n]"
2024-07-24 14:30:48.849 [Test worker] DEBUG c.g.d.z.s.o.a.hc.client5.http.wire - http-outgoing-21 >> "accept: application/json[\r][\n]"
2024-07-24 14:30:48.849 [Test worker] DEBUG c.g.d.z.s.o.a.hc.client5.http.wire - http-outgoing-21 >> "x-tc-sid: 280e6229-7396-4d60-b1e3-a5de48b5d49b[\r][\n]"
2024-07-24 14:30:48.849 [Test worker] DEBUG c.g.d.z.s.o.a.hc.client5.http.wire - http-outgoing-21 >> "User-Agent: tc-java/1.19.8[\r][\n]"
2024-07-24 14:30:48.849 [Test worker] DEBUG c.g.d.z.s.o.a.hc.client5.http.wire - http-outgoing-21 >> "Accept-Encoding: gzip, x-gzip, deflate[\r][\n]"
2024-07-24 14:30:48.849 [Test worker] DEBUG c.g.d.z.s.o.a.hc.client5.http.wire - http-outgoing-21 >> "Host: localhost:2375[\r][\n]"
2024-07-24 14:30:48.849 [Test worker] DEBUG c.g.d.z.s.o.a.hc.client5.http.wire - http-outgoing-21 >> "Connection: keep-alive[\r][\n]"
2024-07-24 14:30:48.849 [Test worker] DEBUG c.g.d.z.s.o.a.hc.client5.http.wire - http-outgoing-21 >> "[\r][\n]"
2024-07-24 14:30:48.874 [Test worker] DEBUG c.g.d.z.s.o.a.hc.client5.http.wire - http-outgoing-21 << "HTTP/1.1 200 OK[\r][\n]"
2024-07-24 14:30:48.875 [Test worker] DEBUG c.g.d.z.s.o.a.hc.client5.http.wire - http-outgoing-21 << "Api-Version: 1.45[\r][\n]"
2024-07-24 14:30:48.875 [Test worker] DEBUG c.g.d.z.s.o.a.hc.client5.http.wire - http-outgoing-21 << "Content-Type: application/json[\r][\n]"
2024-07-24 14:30:48.875 [Test worker] DEBUG c.g.d.z.s.o.a.hc.client5.http.wire - http-outgoing-21 << "Date: Wed, 24 Jul 2024 02:30:48 GMT[\r][\n]"
2024-07-24 14:30:48.875 [Test worker] DEBUG c.g.d.z.s.o.a.hc.client5.http.wire - http-outgoing-21 << "Docker-Experimental: false[\r][\n]"
2024-07-24 14:30:48.875 [Test worker] DEBUG c.g.d.z.s.o.a.hc.client5.http.wire - http-outgoing-21 << "Ostype: linux[\r][\n]"
2024-07-24 14:30:48.875 [Test worker] DEBUG c.g.d.z.s.o.a.hc.client5.http.wire - http-outgoing-21 << "Server: Docker/26.0.0 (linux)[\r][\n]"
2024-07-24 14:30:48.875 [Test worker] DEBUG c.g.d.z.s.o.a.hc.client5.http.wire - http-outgoing-21 << "Transfer-Encoding: chunked[\r][\n]"
2024-07-24 14:30:48.875 [Test worker] DEBUG c.g.d.z.s.o.a.hc.client5.http.wire - http-outgoing-21 << "[\r][\n]"
2024-07-24 14:30:48.875 [Test worker] DEBUG c.g.d.z.s.o.a.h.client5.http.headers - http-outgoing-21 << HTTP/1.1 200 OK
2024-07-24 14:30:48.875 [Test worker] DEBUG c.g.d.z.s.o.a.h.client5.http.headers - http-outgoing-21 << Api-Version: 1.45
2024-07-24 14:30:48.875 [Test worker] DEBUG c.g.d.z.s.o.a.h.client5.http.headers - http-outgoing-21 << Content-Type: application/json
2024-07-24 14:30:48.875 [Test worker] DEBUG c.g.d.z.s.o.a.h.client5.http.headers - http-outgoing-21 << Date: Wed, 24 Jul 2024 02:30:48 GMT
2024-07-24 14:30:48.875 [Test worker] DEBUG c.g.d.z.s.o.a.h.client5.http.headers - http-outgoing-21 << Docker-Experimental: false
2024-07-24 14:30:48.875 [Test worker] DEBUG c.g.d.z.s.o.a.h.client5.http.headers - http-outgoing-21 << Ostype: linux
2024-07-24 14:30:48.875 [Test worker] DEBUG c.g.d.z.s.o.a.h.client5.http.headers - http-outgoing-21 << Server: Docker/26.0.0 (linux)
2024-07-24 14:30:48.875 [Test worker] DEBUG c.g.d.z.s.o.a.h.client5.http.headers - http-outgoing-21 << Transfer-Encoding: chunked
2024-07-24 14:30:48.875 [Test worker] DEBUG c.g.d.z.s.o.a.h.c.h.i.c.MainClientExec - ex-000000E4: connection can be kept alive for 3 MINUTES
2024-07-24 14:30:48.876 [Test worker] DEBUG c.g.d.z.s.o.a.hc.client5.http.wire - http-outgoing-21 << "1940[\r][\n]"
2024-07-24 14:30:48.876 [Test worker] DEBUG c.g.d.z.s.o.a.hc.client5.http.wire - http-outgoing-21 << "{"Id":"dbc533547c417b0c08282c44771719f217c6a168c57c402bef0c197a9aadd6ef","Created":"2024-07-24T02:30:46.283144215Z","Path":"docker-entrypoint.sh","Args":["postgres","-c","fsync=off"],"State":{"Status":"exited","Running":false,"Paused":false,"Restarting":false,"OOMKilled":false,"Dead":false,"Pid":0,"ExitCode":137,"Error":"","StartedAt":"2024-07-24T02:30:46.791247107Z","FinishedAt":"2024-07-24T02:30:48.316337865Z"},"Image":"sha256:8e4fc9e184899a58735e7ee333f5e272d7d2298cf59302006b71f33e217be130","ResolvConfPath":"/var/lib/docker/containers/dbc533547c417b0c08282c44771719f217c6a168c57c402bef0c197a9aadd6ef/resolv.conf","HostnamePath":"/var/lib/docker/containers/dbc533547c417b0c08282c44771719f217c6a168c57c402bef0c197a9aadd6ef/hostname","HostsPath":"/var/lib/docker/containers/dbc533547c417b0c08282c44771719f217c6a168c57c402bef0c197a9aadd6ef/hosts","LogPath":"/var/lib/docker/containers/dbc533547c417b0c08282c44771719f217c6a168c57c402bef0c197a9aadd6ef/dbc533547c417b0c08282c44771719f217c6a168c57c402bef0c197a9aadd6ef-json.log","Name":"/naughty_mcnulty","RestartCount":0,"Driver":"overlay2","Platform":"linux","MountLabel":"","ProcessLabel":"","AppArmorProfile":"","ExecIDs":null,"HostConfig":{"Binds":[],"ContainerIDFile":"","LogConfig":{"Type":"json-file","Config":{}},"NetworkMode":"default","PortBindings":{"5432/tcp":[{"HostIp":"0.0.0.0","HostPort":"0"}]},"RestartPolicy":{"Name":"no","MaximumRetryCount":0},"AutoRemove":false,"VolumeDriver":"","VolumesFrom":[],"ConsoleSize":[0,0],"CapAdd":null,"CapDrop":null,"CgroupnsMode":"host","Dns":null,"DnsOptions":null,"DnsSearch":null,"ExtraHosts":[],"GroupAdd":null,"IpcMode":"shareable","Cgroup":"","Links":null,"OomScoreAdj":0,"PidMode":"","Privileged":false,"PublishAllPorts":false,"ReadonlyRootfs":false,"SecurityOpt":null,"UTSMode":"","UsernsMode":"","ShmSize":67108864,"Runtime":"runc","Isolation":"","CpuShares":0,"Memory":0,"NanoCpus":0,"CgroupParent":"","BlkioWeight":0,"BlkioWeightDevice":null,"BlkioDeviceReadBps":null,"BlkioDeviceWriteBps":null,"BlkioDeviceReadIOps":null,"BlkioDeviceWriteIOps":null,"CpuPeriod":0,"CpuQuota":0,"CpuRealtimePeriod":0,"CpuRealtimeRuntime":0,"CpusetCpus":"","CpusetMems":"","Devices":null,"DeviceCgroupRules":null,"DeviceRequests":null,"MemoryReservation":0,"MemorySwap":0,"MemorySwappiness":null,"OomKillDisable":false,"PidsLimit":null,"Ulimits":null,"CpuCount":0,"CpuPercent":0,"IOMaximumIOps":0,"IOMaximumBandwidth":0,"MaskedPaths":["/proc/asound","/proc/acpi","/proc/kcore","/proc/keys","/proc/latency_stats","/proc/timer_list","/proc/timer_stats","/proc/sched_debug","/proc/scsi","/sys/firmware","/sys/devices/virtual/powercap"],"ReadonlyPaths":["/proc/bus","/proc/fs","/proc/irq","/proc/sys","/proc/sysrq-trigger"]},"GraphDriver":{"Data":{"LowerDir":"/var/lib/docker/overlay2/419bb4493892614e9331d06ee242f4aaa4b1185912a69dc4dc79286e33e9f3b5-init/diff:/var/lib/docker/overlay2/8f0ddbd386af0785c2e348570516955816ab350305d698d363962d488eeb15ec/diff:/var/lib/docker/overlay2/0eb0ca73e9b0be7c3d7fa8762ef4778a68f38391bc84c037c2e90b88e781b475/diff:/var/lib/docker/overlay2/74e634bddc785c5d436b10a5158cd82e21dc2065fd1cf8ff9c1c12e01575a2d8/diff:/var/lib/docker/overlay2/bb918b2851cd2f508f1e3fdbfff8b7f8b041d61e65fe8c368288bf399e80b818/diff:/var/lib/docker/overlay2/2abab2946cbdc2941ee8ec4024c51dac7313dee9de5fbedd1ca33388c59eb3c8/diff:/var/lib/docker/overlay2/e12f6083ee669bd92743ceb339a896bb25dbe461b718705bb39eb410b80c0ecd/diff:/var/lib/docker/overlay2/ced1e86d670d097da5ed4da7288c22507735918959161c2cd8bf083fb30d169a/diff:/var/lib/docker/overlay2/94e9ac7b74923285ae73af20aeccb964ca9079e2305db367cb85d1603560472d/diff:/var/lib/docker/overlay2/a396b6dfd63f0c228c519871183c614cccf4d366a43460f27ecf97113c3c4be8/diff:/var/lib/docker/overlay2/f58ada5d5080c2bac553c734f81127660a90581a35ed2a92cebe3c59e340875b/diff:/var/lib/docker/overlay2/84f85636f37bf55d945e217b4f87a856eba7932284beaf042561007b66f48977/diff:/var/lib/docker/overlay2/1e6e519613884e91a2b74a588ba35dc8a2f789371ab798ef6e7d9836d756042f/diff:/var/lib/docker/overlay2/14a3151cc8b4f9d27d2e64f1a8abc0c7809309580f2d7e8dc8545055c1d56194/diff:/var"
2024-07-24 14:30:48.876 [Test worker] DEBUG c.g.d.z.s.o.a.hc.client5.http.wire - http-outgoing-21 << "/lib/docker/overlay2/5b354b9e793401517fe2f1da697653fdaadffc54888eaf76d67e0600b8c68bdc/diff","MergedDir":"/var/lib/docker/overlay2/419bb4493892614e9331d06ee242f4aaa4b1185912a69dc4dc79286e33e9f3b5/merged","UpperDir":"/var/lib/docker/overlay2/419bb4493892614e9331d06ee242f4aaa4b1185912a69dc4dc79286e33e9f3b5/diff","WorkDir":"/var/lib/docker/overlay2/419bb4493892614e9331d06ee242f4aaa4b1185912a69dc4dc79286e33e9f3b5/work"},"Name":"overlay2"},"Mounts":[{"Type":"volume","Name":"966d041503b3c2e6380f7312ab4c12f133426941caa2f443877a5424d9d5cb33","Source":"/var/lib/docker/volumes/966d041503b3c2e6380f7312ab4c12f133426941caa2f443877a5424d9d5cb33/_data","Destination":"/var/lib/postgresql/data","Driver":"local","Mode":"","RW":true,"Propagation":""}],"Config":{"Hostname":"dbc533547c41","Domainname":"","User":"","AttachStdin":false,"AttachStdout":false,"AttachStderr":false,"ExposedPorts":{"5432/tcp":{}},"Tty":false,"OpenStdin":false,"StdinOnce":false,"Env":["POSTGRES_USER=user","POSTGRES_PASSWORD=password","POSTGRES_DB=db","PATH=/usr/local/sbin:/usr/local/bin:/usr/sbin:/usr/bin:/sbin:/bin:/usr/lib/postgresql/16/bin","GOSU_VERSION=1.17","LANG=en_US.utf8","PG_MAJOR=16","PG_VERSION=16.2-1.pgdg120+2","PGDATA=/var/lib/postgresql/data"],"Cmd":["postgres","-c","fsync=off"],"Image":"postgres:latest","Volumes":{"/var/lib/postgresql/data":{}},"WorkingDir":"","Entrypoint":["docker-entrypoint.sh"],"OnBuild":null,"Labels":{"org.testcontainers":"true","org.testcontainers.lang":"java","org.testcontainers.sessionId":"280e6229-7396-4d60-b1e3-a5de48b5d49b","org.testcontainers.version":"1.19.8"},"StopSignal":"SIGINT"},"NetworkSettings":{"Bridge":"","SandboxID":"0cdb7a97b89ad614030de487f13b726fe85375774ee77e159bad6f4cb4a9445c","SandboxKey":"/var/run/docker/netns/0cdb7a97b89a","Ports":{},"HairpinMode":false,"LinkLocalIPv6Address":"","LinkLocalIPv6PrefixLen":0,"SecondaryIPAddresses":null,"SecondaryIPv6Addresses":null,"EndpointID":"","Gateway":"","GlobalIPv6Address":"","GlobalIPv6PrefixLen":0,"IPAddress":"","IPPrefixLen":0,"IPv6Gateway":"","MacAddress":"","Networks":{"bridge":{"IPAMConfig":null,"Links":null,"Aliases":null,"MacAddress":"","NetworkID":"3c842496be344cbdae878c1dee0957e7bc7c0a2236009c92752030f2b053e72f","EndpointID":"","Gateway":"","IPAddress":"","IPPrefixLen":0,"IPv6Gateway":"","GlobalIPv6Address":"","GlobalIPv6PrefixLen":0,"DriverOpts":null,"DNSNames":null}}}}[\n]"
2024-07-24 14:30:48.877 [Test worker] DEBUG c.g.d.z.s.o.a.hc.client5.http.wire - http-outgoing-21 << "[\r][\n]"
2024-07-24 14:30:48.877 [Test worker] DEBUG c.g.d.z.s.o.a.hc.client5.http.wire - http-outgoing-21 << "0[\r][\n]"
2024-07-24 14:30:48.877 [Test worker] DEBUG c.g.d.z.s.o.a.hc.client5.http.wire - http-outgoing-21 << "[\r][\n]"
2024-07-24 14:30:48.877 [Test worker] DEBUG c.g.d.z.s.o.a.h.c.h.i.c.InternalHttpClient - ep-000000E3: releasing valid endpoint
2024-07-24 14:30:48.877 [Test worker] DEBUG c.g.d.z.s.o.a.h.c.h.i.i.PoolingHttpClientConnectionManager - ep-000000E3: releasing endpoint
2024-07-24 14:30:48.877 [Test worker] DEBUG c.g.d.z.s.o.a.h.c.h.i.i.PoolingHttpClientConnectionManager - ep-000000E3: connection http-outgoing-21 can be kept alive for 3 MINUTES
2024-07-24 14:30:48.877 [Test worker] DEBUG c.g.d.z.s.o.a.h.c.h.i.i.PoolingHttpClientConnectionManager - ep-000000E3: connection released [route: {}->npipe://localhost:2375][total available: 1; route allocated: 1 of 2147483647; total allocated: 1 of 2147483647]
2024-07-24 14:30:48.878 [Test worker] TRACE o.t.utility.ResourceReaper - Removing container: dbc533547c417b0c08282c44771719f217c6a168c57c402bef0c197a9aadd6ef
2024-07-24 14:30:48.878 [Test worker] DEBUG o.t.s.c.g.d.c.command.AbstrDockerCmd - Cmd: dbc533547c417b0c08282c44771719f217c6a168c57c402bef0c197a9aadd6ef,true,true
2024-07-24 14:30:48.878 [Test worker] TRACE o.t.s.c.g.d.c.e.RemoveContainerCmdExec - DELETE: DefaultWebTarget{path=[/containers/dbc533547c417b0c08282c44771719f217c6a168c57c402bef0c197a9aadd6ef], queryParams={v=[true], force=[true]}}
2024-07-24 14:30:48.879 [Test worker] DEBUG c.g.d.z.s.o.a.h.c.h.i.c.InternalHttpClient - ex-000000E5: preparing request execution
2024-07-24 14:30:48.879 [Test worker] DEBUG c.g.d.z.s.o.a.h.c.h.p.RequestAddCookies - Cookie spec selected: strict
2024-07-24 14:30:48.879 [Test worker] DEBUG c.g.d.z.s.o.a.h.c.h.p.RequestAuthCache - Auth cache not set in the context
2024-07-24 14:30:48.879 [Test worker] DEBUG c.g.d.z.s.o.a.h.c.h.i.c.ProtocolExec - ex-000000E5: target auth state: UNCHALLENGED
2024-07-24 14:30:48.879 [Test worker] DEBUG c.g.d.z.s.o.a.h.c.h.i.c.ProtocolExec - ex-000000E5: proxy auth state: UNCHALLENGED
2024-07-24 14:30:48.879 [Test worker] DEBUG c.g.d.z.s.o.a.h.c.h.i.c.ConnectExec - ex-000000E5: acquiring connection with route {}->npipe://localhost:2375
2024-07-24 14:30:48.879 [Test worker] DEBUG c.g.d.z.s.o.a.h.c.h.i.c.InternalHttpClient - ex-000000E5: acquiring endpoint (3 MINUTES)
2024-07-24 14:30:48.879 [Test worker] DEBUG c.g.d.z.s.o.a.h.c.h.i.i.PoolingHttpClientConnectionManager - ex-000000E5: endpoint lease request (3 MINUTES) [route: {}->npipe://localhost:2375][total available: 1; route allocated: 1 of 2147483647; total allocated: 1 of 2147483647]
2024-07-24 14:30:48.879 [Test worker] DEBUG c.g.d.z.s.o.a.h.c.h.i.i.PoolingHttpClientConnectionManager - ex-000000E5: endpoint leased [route: {}->npipe://localhost:2375][total available: 0; route allocated: 1 of 2147483647; total allocated: 1 of 2147483647]
2024-07-24 14:30:48.879 [Test worker] DEBUG c.g.d.z.s.o.a.h.c.h.i.i.PoolingHttpClientConnectionManager - ex-000000E5: acquired ep-000000E4
2024-07-24 14:30:48.879 [Test worker] DEBUG c.g.d.z.s.o.a.h.c.h.i.c.InternalHttpClient - ex-000000E5: acquired endpoint ep-000000E4
2024-07-24 14:30:48.879 [Test worker] DEBUG c.g.d.z.s.o.a.h.c.h.i.c.MainClientExec - ex-000000E5: executing DELETE /v1.32/containers/dbc533547c417b0c08282c44771719f217c6a168c57c402bef0c197a9aadd6ef?v=true&force=true HTTP/1.1
2024-07-24 14:30:48.879 [Test worker] DEBUG c.g.d.z.s.o.a.h.c.h.i.c.InternalHttpClient - ep-000000E4: start execution ex-000000E5
2024-07-24 14:30:48.879 [Test worker] DEBUG c.g.d.z.s.o.a.h.c.h.i.i.PoolingHttpClientConnectionManager - ep-000000E4: executing exchange ex-000000E5 over http-outgoing-21
2024-07-24 14:30:48.879 [Test worker] DEBUG c.g.d.z.s.o.a.h.client5.http.headers - http-outgoing-21 >> DELETE /v1.32/containers/dbc533547c417b0c08282c44771719f217c6a168c57c402bef0c197a9aadd6ef?v=true&force=true HTTP/1.1
2024-07-24 14:30:48.879 [Test worker] DEBUG c.g.d.z.s.o.a.h.client5.http.headers - http-outgoing-21 >> accept: application/json
2024-07-24 14:30:48.879 [Test worker] DEBUG c.g.d.z.s.o.a.h.client5.http.headers - http-outgoing-21 >> x-tc-sid: 280e6229-7396-4d60-b1e3-a5de48b5d49b
2024-07-24 14:30:48.879 [Test worker] DEBUG c.g.d.z.s.o.a.h.client5.http.headers - http-outgoing-21 >> User-Agent: tc-java/1.19.8
2024-07-24 14:30:48.879 [Test worker] DEBUG c.g.d.z.s.o.a.h.client5.http.headers - http-outgoing-21 >> Accept-Encoding: gzip, x-gzip, deflate
2024-07-24 14:30:48.879 [Test worker] DEBUG c.g.d.z.s.o.a.h.client5.http.headers - http-outgoing-21 >> Host: localhost:2375
2024-07-24 14:30:48.879 [Test worker] DEBUG c.g.d.z.s.o.a.h.client5.http.headers - http-outgoing-21 >> Connection: keep-alive
2024-07-24 14:30:48.879 [Test worker] DEBUG c.g.d.z.s.o.a.hc.client5.http.wire - http-outgoing-21 >> "DELETE /v1.32/containers/dbc533547c417b0c08282c44771719f217c6a168c57c402bef0c197a9aadd6ef?v=true&force=true HTTP/1.1[\r][\n]"
2024-07-24 14:30:48.879 [Test worker] DEBUG c.g.d.z.s.o.a.hc.client5.http.wire - http-outgoing-21 >> "accept: application/json[\r][\n]"
2024-07-24 14:30:48.879 [Test worker] DEBUG c.g.d.z.s.o.a.hc.client5.http.wire - http-outgoing-21 >> "x-tc-sid: 280e6229-7396-4d60-b1e3-a5de48b5d49b[\r][\n]"
2024-07-24 14:30:48.879 [Test worker] DEBUG c.g.d.z.s.o.a.hc.client5.http.wire - http-outgoing-21 >> "User-Agent: tc-java/1.19.8[\r][\n]"
2024-07-24 14:30:48.879 [Test worker] DEBUG c.g.d.z.s.o.a.hc.client5.http.wire - http-outgoing-21 >> "Accept-Encoding: gzip, x-gzip, deflate[\r][\n]"
2024-07-24 14:30:48.879 [Test worker] DEBUG c.g.d.z.s.o.a.hc.client5.http.wire - http-outgoing-21 >> "Host: localhost:2375[\r][\n]"
2024-07-24 14:30:48.879 [Test worker] DEBUG c.g.d.z.s.o.a.hc.client5.http.wire - http-outgoing-21 >> "Connection: keep-alive[\r][\n]"
2024-07-24 14:30:48.879 [Test worker] DEBUG c.g.d.z.s.o.a.hc.client5.http.wire - http-outgoing-21 >> "[\r][\n]"
2024-07-24 14:30:48.946 [Test worker] DEBUG c.g.d.z.s.o.a.hc.client5.http.wire - http-outgoing-21 << "HTTP/1.1 204 No Content[\r][\n]"
2024-07-24 14:30:48.946 [Test worker] DEBUG c.g.d.z.s.o.a.hc.client5.http.wire - http-outgoing-21 << "Api-Version: 1.45[\r][\n]"
2024-07-24 14:30:48.946 [Test worker] DEBUG c.g.d.z.s.o.a.hc.client5.http.wire - http-outgoing-21 << "Date: Wed, 24 Jul 2024 02:30:48 GMT[\r][\n]"
2024-07-24 14:30:48.946 [Test worker] DEBUG c.g.d.z.s.o.a.hc.client5.http.wire - http-outgoing-21 << "Docker-Experimental: false[\r][\n]"
2024-07-24 14:30:48.946 [Test worker] DEBUG c.g.d.z.s.o.a.hc.client5.http.wire - http-outgoing-21 << "Ostype: linux[\r][\n]"
2024-07-24 14:30:48.946 [Test worker] DEBUG c.g.d.z.s.o.a.hc.client5.http.wire - http-outgoing-21 << "Server: Docker/26.0.0 (linux)[\r][\n]"
2024-07-24 14:30:48.946 [Test worker] DEBUG c.g.d.z.s.o.a.hc.client5.http.wire - http-outgoing-21 << "[\r][\n]"
2024-07-24 14:30:48.946 [Test worker] DEBUG c.g.d.z.s.o.a.h.client5.http.headers - http-outgoing-21 << HTTP/1.1 204 No Content
2024-07-24 14:30:48.946 [Test worker] DEBUG c.g.d.z.s.o.a.h.client5.http.headers - http-outgoing-21 << Api-Version: 1.45
2024-07-24 14:30:48.946 [Test worker] DEBUG c.g.d.z.s.o.a.h.client5.http.headers - http-outgoing-21 << Date: Wed, 24 Jul 2024 02:30:48 GMT
2024-07-24 14:30:48.946 [Test worker] DEBUG c.g.d.z.s.o.a.h.client5.http.headers - http-outgoing-21 << Docker-Experimental: false
2024-07-24 14:30:48.946 [Test worker] DEBUG c.g.d.z.s.o.a.h.client5.http.headers - http-outgoing-21 << Ostype: linux
2024-07-24 14:30:48.946 [Test worker] DEBUG c.g.d.z.s.o.a.h.client5.http.headers - http-outgoing-21 << Server: Docker/26.0.0 (linux)
2024-07-24 14:30:48.946 [Test worker] DEBUG c.g.d.z.s.o.a.h.c.h.i.c.MainClientExec - ex-000000E5: connection can be kept alive for 3 MINUTES
2024-07-24 14:30:48.947 [Test worker] DEBUG c.g.d.z.s.o.a.h.c.h.i.c.InternalHttpClient - ep-000000E4: releasing valid endpoint
2024-07-24 14:30:48.947 [Test worker] DEBUG c.g.d.z.s.o.a.h.c.h.i.i.PoolingHttpClientConnectionManager - ep-000000E4: releasing endpoint
2024-07-24 14:30:48.947 [Test worker] DEBUG c.g.d.z.s.o.a.h.c.h.i.i.PoolingHttpClientConnectionManager - ep-000000E4: connection http-outgoing-21 can be kept alive for 3 MINUTES
2024-07-24 14:30:48.947 [Test worker] DEBUG c.g.d.z.s.o.a.h.c.h.i.i.PoolingHttpClientConnectionManager - ep-000000E4: connection released [route: {}->npipe://localhost:2375][total available: 1; route allocated: 1 of 2147483647; total allocated: 1 of 2147483647]
2024-07-24 14:30:48.947 [Test worker] DEBUG o.t.utility.ResourceReaper - Removed container and associated volume(s): postgres:latest
]]></system-out>
  <system-err><![CDATA[]]></system-err>
</testsuite>
