<?xml version="1.0" encoding="UTF-8"?>
<testsuite name="com.unitedApi.SequenceLineDAOTest" tests="4" skipped="0" failures="0" errors="0" timestamp="2024-07-24T02:30:33" hostname="DESKTOP-FRUHT2G" time="10.232">
  <properties/>
  <testcase name="getSequenceline" classname="com.unitedApi.SequenceLineDAOTest" time="2.766"/>
  <testcase name="getSequencelines" classname="com.unitedApi.SequenceLineDAOTest" time="2.509"/>
  <testcase name="getSequenceLineByHeader" classname="com.unitedApi.SequenceLineDAOTest" time="2.53"/>
  <testcase name="getSequenceLineByWork" classname="com.unitedApi.SequenceLineDAOTest" time="2.426"/>
  <system-out><![CDATA[2024-07-24 14:30:33.482 [Test worker] DEBUG o.t.u.PrefixingImageNameSubstitutor - No prefix is configured
2024-07-24 14:30:33.483 [Test worker] DEBUG o.t.utility.ImageNameSubstitutor - Did not find a substitute image for postgres:latest (using image substitutor: DefaultImageNameSubstitutor (composite of 'ConfigurationFileImageNameSubstitutor' and 'PrefixingImageNameSubstitutor'))
2024-07-24 14:30:33.483 [Test worker] TRACE tc.postgres:latest - postgres:latest is already in image name cache
2024-07-24 14:30:33.483 [Test worker] DEBUG o.t.images.AbstractImagePullPolicy - Using locally available and not pulling image: postgres:latest
2024-07-24 14:30:33.483 [Test worker] DEBUG tc.postgres:latest - Starting container: postgres:latest
2024-07-24 14:30:33.483 [Test worker] DEBUG tc.postgres:latest - Trying to start container: postgres:latest (attempt 1/1)
2024-07-24 14:30:33.483 [Test worker] DEBUG tc.postgres:latest - Starting container: postgres:latest
2024-07-24 14:30:33.483 [Test worker] INFO  tc.postgres:latest - Creating container for image: postgres:latest
2024-07-24 14:30:33.483 [Test worker] DEBUG o.t.utility.RegistryAuthLocator - Looking up auth config for image: postgres:latest at registry: https://index.docker.io/v1/
2024-07-24 14:30:33.483 [Test worker] DEBUG o.t.utility.RegistryAuthLocator - No matching Auth Configs - falling back to defaultAuthConfig [null]
2024-07-24 14:30:33.483 [Test worker] DEBUG o.t.d.AuthDelegatingDockerClientConfig - Effective auth config [null]
2024-07-24 14:30:33.483 [Test worker] DEBUG o.t.s.c.g.d.c.command.AbstrDockerCmd - Cmd: org.testcontainers.shaded.com.github.dockerjava.core.command.CreateContainerCmdImpl@7f97bc14[aliases=<null>,argsEscaped=<null>,attachStderr=<null>,attachStdin=<null>,attachStdout=<null>,authConfig=<null>,cmd={postgres,-c,fsync=off},domainName=<null>,entrypoint=<null>,env={POSTGRES_USER=user,POSTGRES_PASSWORD=password,POSTGRES_DB=db},exposedPorts=ExposedPorts(exposedPorts=[5432/tcp]),healthcheck=<null>,hostConfig=HostConfig(binds=[], blkioWeight=null, blkioWeightDevice=null, blkioDeviceReadBps=null, blkioDeviceWriteBps=null, blkioDeviceReadIOps=null, blkioDeviceWriteIOps=null, memorySwappiness=null, nanoCPUs=null, capAdd=null, capDrop=null, containerIDFile=null, cpuPeriod=null, cpuRealtimePeriod=null, cpuRealtimeRuntime=null, cpuShares=null, cpuQuota=null, cpusetCpus=null, cpusetMems=null, devices=null, deviceCgroupRules=null, deviceRequests=null, diskQuota=null, dns=null, dnsOptions=null, dnsSearch=null, extraHosts=[], groupAdd=null, ipcMode=null, cgroup=null, links=[], logConfig=LogConfig(type=null, config=null), lxcConf=null, memory=null, memorySwap=null, memoryReservation=null, kernelMemory=null, networkMode=null, oomKillDisable=null, init=null, autoRemove=null, oomScoreAdj=null, portBindings={5432/tcp=[Lcom.github.dockerjava.api.model.Ports$Binding;@4b325930}, privileged=null, publishAllPorts=null, readonlyRootfs=null, restartPolicy=null, ulimits=null, cpuCount=null, cpuPercent=null, ioMaximumIOps=null, ioMaximumBandwidth=null, volumesFrom=[], mounts=null, pidMode=null, isolation=null, securityOpts=null, storageOpt=null, cgroupParent=null, volumeDriver=null, shmSize=null, pidsLimit=null, runtime=null, tmpFs=null, utSMode=null, usernsMode=null, sysctls=null, consoleSize=null, cgroupnsMode=null),hostName=<null>,image=postgres:latest,ipv4Address=<null>,ipv6Address=<null>,labels={org.testcontainers=true, org.testcontainers.lang=java, org.testcontainers.version=1.19.8, org.testcontainers.sessionId=280e6229-7396-4d60-b1e3-a5de48b5d49b},macAddress=<null>,name=<null>,networkDisabled=<null>,networkingConfig=<null>,onBuild=<null>,platform=<null>,portSpecs=<null>,shell=<null>,stdInOnce=<null>,stdinOpen=<null>,stopSignal=<null>,stopTimeout=<null>,tty=<null>,user=<null>,volumes=Volumes(volumes=[]),workingDir=<null>]
2024-07-24 14:30:33.484 [Test worker] TRACE o.t.s.c.g.d.c.e.CreateContainerCmdExec - POST: DefaultWebTarget{path=[/containers/create], queryParams={}} 
2024-07-24 14:30:33.495 [Test worker] DEBUG c.g.d.z.s.o.a.h.c.h.i.c.InternalHttpClient - ex-000000A4: preparing request execution
2024-07-24 14:30:33.495 [Test worker] DEBUG c.g.d.z.s.o.a.h.c.h.p.RequestAddCookies - Cookie spec selected: strict
2024-07-24 14:30:33.495 [Test worker] DEBUG c.g.d.z.s.o.a.h.c.h.p.RequestAuthCache - Auth cache not set in the context
2024-07-24 14:30:33.495 [Test worker] DEBUG c.g.d.z.s.o.a.h.c.h.i.c.ProtocolExec - ex-000000A4: target auth state: UNCHALLENGED
2024-07-24 14:30:33.495 [Test worker] DEBUG c.g.d.z.s.o.a.h.c.h.i.c.ProtocolExec - ex-000000A4: proxy auth state: UNCHALLENGED
2024-07-24 14:30:33.495 [Test worker] DEBUG c.g.d.z.s.o.a.h.c.h.i.c.ConnectExec - ex-000000A4: acquiring connection with route {}->npipe://localhost:2375
2024-07-24 14:30:33.495 [Test worker] DEBUG c.g.d.z.s.o.a.h.c.h.i.c.InternalHttpClient - ex-000000A4: acquiring endpoint (3 MINUTES)
2024-07-24 14:30:33.495 [Test worker] DEBUG c.g.d.z.s.o.a.h.c.h.i.i.PoolingHttpClientConnectionManager - ex-000000A4: endpoint lease request (3 MINUTES) [route: {}->npipe://localhost:2375][total available: 1; route allocated: 1 of 2147483647; total allocated: 1 of 2147483647]
2024-07-24 14:30:33.495 [Test worker] DEBUG c.g.d.z.s.o.a.h.c.h.i.i.PoolingHttpClientConnectionManager - ex-000000A4: endpoint leased [route: {}->npipe://localhost:2375][total available: 0; route allocated: 1 of 2147483647; total allocated: 1 of 2147483647]
2024-07-24 14:30:33.496 [Test worker] DEBUG c.g.d.z.s.o.a.h.c.h.i.i.PoolingHttpClientConnectionManager - ex-000000A4: acquired ep-000000A3
2024-07-24 14:30:33.496 [Test worker] DEBUG c.g.d.z.s.o.a.h.c.h.i.c.InternalHttpClient - ex-000000A4: acquired endpoint ep-000000A3
2024-07-24 14:30:33.496 [Test worker] DEBUG c.g.d.z.s.o.a.h.c.h.i.c.MainClientExec - ex-000000A4: executing POST /v1.32/containers/create HTTP/1.1
2024-07-24 14:30:33.496 [Test worker] DEBUG c.g.d.z.s.o.a.h.c.h.i.c.InternalHttpClient - ep-000000A3: start execution ex-000000A4
2024-07-24 14:30:33.496 [Test worker] DEBUG c.g.d.z.s.o.a.h.c.h.i.i.PoolingHttpClientConnectionManager - ep-000000A3: executing exchange ex-000000A4 over http-outgoing-15
2024-07-24 14:30:33.496 [Test worker] DEBUG c.g.d.z.s.o.a.h.client5.http.headers - http-outgoing-15 >> POST /v1.32/containers/create HTTP/1.1
2024-07-24 14:30:33.496 [Test worker] DEBUG c.g.d.z.s.o.a.h.client5.http.headers - http-outgoing-15 >> accept: application/json
2024-07-24 14:30:33.496 [Test worker] DEBUG c.g.d.z.s.o.a.h.client5.http.headers - http-outgoing-15 >> content-type: application/json
2024-07-24 14:30:33.496 [Test worker] DEBUG c.g.d.z.s.o.a.h.client5.http.headers - http-outgoing-15 >> x-tc-sid: 280e6229-7396-4d60-b1e3-a5de48b5d49b
2024-07-24 14:30:33.496 [Test worker] DEBUG c.g.d.z.s.o.a.h.client5.http.headers - http-outgoing-15 >> User-Agent: tc-java/1.19.8
2024-07-24 14:30:33.496 [Test worker] DEBUG c.g.d.z.s.o.a.h.client5.http.headers - http-outgoing-15 >> Accept-Encoding: gzip, x-gzip, deflate
2024-07-24 14:30:33.496 [Test worker] DEBUG c.g.d.z.s.o.a.h.client5.http.headers - http-outgoing-15 >> Content-Length: 2061
2024-07-24 14:30:33.496 [Test worker] DEBUG c.g.d.z.s.o.a.h.client5.http.headers - http-outgoing-15 >> Host: localhost:2375
2024-07-24 14:30:33.496 [Test worker] DEBUG c.g.d.z.s.o.a.h.client5.http.headers - http-outgoing-15 >> Connection: keep-alive
2024-07-24 14:30:33.496 [Test worker] DEBUG c.g.d.z.s.o.a.hc.client5.http.wire - http-outgoing-15 >> "POST /v1.32/containers/create HTTP/1.1[\r][\n]"
2024-07-24 14:30:33.496 [Test worker] DEBUG c.g.d.z.s.o.a.hc.client5.http.wire - http-outgoing-15 >> "accept: application/json[\r][\n]"
2024-07-24 14:30:33.496 [Test worker] DEBUG c.g.d.z.s.o.a.hc.client5.http.wire - http-outgoing-15 >> "content-type: application/json[\r][\n]"
2024-07-24 14:30:33.496 [Test worker] DEBUG c.g.d.z.s.o.a.hc.client5.http.wire - http-outgoing-15 >> "x-tc-sid: 280e6229-7396-4d60-b1e3-a5de48b5d49b[\r][\n]"
2024-07-24 14:30:33.496 [Test worker] DEBUG c.g.d.z.s.o.a.hc.client5.http.wire - http-outgoing-15 >> "User-Agent: tc-java/1.19.8[\r][\n]"
2024-07-24 14:30:33.496 [Test worker] DEBUG c.g.d.z.s.o.a.hc.client5.http.wire - http-outgoing-15 >> "Accept-Encoding: gzip, x-gzip, deflate[\r][\n]"
2024-07-24 14:30:33.496 [Test worker] DEBUG c.g.d.z.s.o.a.hc.client5.http.wire - http-outgoing-15 >> "Content-Length: 2061[\r][\n]"
2024-07-24 14:30:33.496 [Test worker] DEBUG c.g.d.z.s.o.a.hc.client5.http.wire - http-outgoing-15 >> "Host: localhost:2375[\r][\n]"
2024-07-24 14:30:33.496 [Test worker] DEBUG c.g.d.z.s.o.a.hc.client5.http.wire - http-outgoing-15 >> "Connection: keep-alive[\r][\n]"
2024-07-24 14:30:33.496 [Test worker] DEBUG c.g.d.z.s.o.a.hc.client5.http.wire - http-outgoing-15 >> "[\r][\n]"
2024-07-24 14:30:33.496 [Test worker] DEBUG c.g.d.z.s.o.a.hc.client5.http.wire - http-outgoing-15 >> "{"Hostname":null,"Domainname":null,"User":null,"AttachStdin":null,"AttachStdout":null,"AttachStderr":null,"PortSpecs":null,"Tty":null,"OpenStdin":null,"StdinOnce":null,"Env":["POSTGRES_USER=user","POSTGRES_PASSWORD=password","POSTGRES_DB=db"],"Cmd":["postgres","-c","fsync=off"],"Healthcheck":null,"ArgsEscaped":null,"Entrypoint":null,"Image":"postgres:latest","Volumes":{},"WorkingDir":null,"MacAddress":null,"OnBuild":null,"NetworkDisabled":null,"ExposedPorts":{"5432/tcp":{}},"StopSignal":null,"StopTimeout":null,"HostConfig":{"Binds":[],"BlkioWeight":null,"BlkioWeightDevice":null,"BlkioDeviceReadBps":null,"BlkioDeviceWriteBps":null,"BlkioDeviceReadIOps":null,"BlkioDeviceWriteIOps":null,"MemorySwappiness":null,"NanoCpus":null,"CapAdd":null,"CapDrop":null,"ContainerIDFile":null,"CpuPeriod":null,"CpuRealtimePeriod":null,"CpuRealtimeRuntime":null,"CpuShares":null,"CpuQuota":null,"CpusetCpus":null,"CpusetMems":null,"Devices":null,"DeviceCgroupRules":null,"DeviceRequests":null,"DiskQuota":null,"Dns":null,"DnsOptions":null,"DnsSearch":null,"ExtraHosts":[],"GroupAdd":null,"IpcMode":null,"Cgroup":null,"Links":[],"LogConfig":null,"LxcConf":null,"Memory":null,"MemorySwap":null,"MemoryReservation":null,"KernelMemory":null,"NetworkMode":null,"OomKillDisable":null,"Init":null,"AutoRemove":null,"OomScoreAdj":null,"PortBindings":{"5432/tcp":[{"HostIp":"","HostPort":""}]},"Privileged":null,"PublishAllPorts":null,"ReadonlyRootfs":null,"RestartPolicy":null,"Ulimits":null,"CpuCount":null,"CpuPercent":null,"IOMaximumIOps":null,"IOMaximumBandwidth":null,"VolumesFrom":[],"Mounts":null,"PidMode":null,"Isolation":null,"SecurityOpt":null,"StorageOpt":null,"CgroupParent":null,"VolumeDriver":null,"ShmSize":null,"PidsLimit":null,"Runtime":null,"Tmpfs":null,"UTSMode":null,"UsernsMode":null,"Sysctls":null,"ConsoleSize":null,"CgroupnsMode":null},"Labels":{"org.testcontainers":"true","org.testcontainers.lang":"java","org.testcontainers.version":"1.19.8","org.testcontainers.sessionId":"280e6229-7396-4d60-b1e3-a5de48b5d49b"},"Shell":null,"NetworkingConfig":null}"
2024-07-24 14:30:33.657 [Test worker] DEBUG c.g.d.z.s.o.a.hc.client5.http.wire - http-outgoing-15 << "HTTP/1.1 201 Created[\r][\n]"
2024-07-24 14:30:33.657 [Test worker] DEBUG c.g.d.z.s.o.a.hc.client5.http.wire - http-outgoing-15 << "Api-Version: 1.45[\r][\n]"
2024-07-24 14:30:33.658 [Test worker] DEBUG c.g.d.z.s.o.a.hc.client5.http.wire - http-outgoing-15 << "Content-Type: application/json[\r][\n]"
2024-07-24 14:30:33.658 [Test worker] DEBUG c.g.d.z.s.o.a.hc.client5.http.wire - http-outgoing-15 << "Date: Wed, 24 Jul 2024 02:30:33 GMT[\r][\n]"
2024-07-24 14:30:33.658 [Test worker] DEBUG c.g.d.z.s.o.a.hc.client5.http.wire - http-outgoing-15 << "Docker-Experimental: false[\r][\n]"
2024-07-24 14:30:33.658 [Test worker] DEBUG c.g.d.z.s.o.a.hc.client5.http.wire - http-outgoing-15 << "Ostype: linux[\r][\n]"
2024-07-24 14:30:33.658 [Test worker] DEBUG c.g.d.z.s.o.a.hc.client5.http.wire - http-outgoing-15 << "Server: Docker/26.0.0 (linux)[\r][\n]"
2024-07-24 14:30:33.658 [Test worker] DEBUG c.g.d.z.s.o.a.hc.client5.http.wire - http-outgoing-15 << "Transfer-Encoding: chunked[\r][\n]"
2024-07-24 14:30:33.658 [Test worker] DEBUG c.g.d.z.s.o.a.hc.client5.http.wire - http-outgoing-15 << "[\r][\n]"
2024-07-24 14:30:33.658 [Test worker] DEBUG c.g.d.z.s.o.a.h.client5.http.headers - http-outgoing-15 << HTTP/1.1 201 Created
2024-07-24 14:30:33.658 [Test worker] DEBUG c.g.d.z.s.o.a.h.client5.http.headers - http-outgoing-15 << Api-Version: 1.45
2024-07-24 14:30:33.658 [Test worker] DEBUG c.g.d.z.s.o.a.h.client5.http.headers - http-outgoing-15 << Content-Type: application/json
2024-07-24 14:30:33.658 [Test worker] DEBUG c.g.d.z.s.o.a.h.client5.http.headers - http-outgoing-15 << Date: Wed, 24 Jul 2024 02:30:33 GMT
2024-07-24 14:30:33.658 [Test worker] DEBUG c.g.d.z.s.o.a.h.client5.http.headers - http-outgoing-15 << Docker-Experimental: false
2024-07-24 14:30:33.658 [Test worker] DEBUG c.g.d.z.s.o.a.h.client5.http.headers - http-outgoing-15 << Ostype: linux
2024-07-24 14:30:33.658 [Test worker] DEBUG c.g.d.z.s.o.a.h.client5.http.headers - http-outgoing-15 << Server: Docker/26.0.0 (linux)
2024-07-24 14:30:33.658 [Test worker] DEBUG c.g.d.z.s.o.a.h.client5.http.headers - http-outgoing-15 << Transfer-Encoding: chunked
2024-07-24 14:30:33.658 [Test worker] DEBUG c.g.d.z.s.o.a.h.c.h.i.c.MainClientExec - ex-000000A4: connection can be kept alive for 3 MINUTES
2024-07-24 14:30:33.658 [Test worker] DEBUG c.g.d.z.s.o.a.hc.client5.http.wire - http-outgoing-15 << "58[\r][\n]"
2024-07-24 14:30:33.658 [Test worker] DEBUG c.g.d.z.s.o.a.hc.client5.http.wire - http-outgoing-15 << "{"Id":"429aad1742374679350f33e4dd3981aa6466f782d7699865f9fe1f1ba15de6ab","Warnings":[]}[\n]"
2024-07-24 14:30:33.658 [Test worker] DEBUG c.g.d.z.s.o.a.hc.client5.http.wire - http-outgoing-15 << "[\r][\n]"
2024-07-24 14:30:33.658 [Test worker] DEBUG c.g.d.z.s.o.a.hc.client5.http.wire - http-outgoing-15 << "0[\r][\n]"
2024-07-24 14:30:33.658 [Test worker] DEBUG c.g.d.z.s.o.a.hc.client5.http.wire - http-outgoing-15 << "[\r][\n]"
2024-07-24 14:30:33.659 [Test worker] DEBUG c.g.d.z.s.o.a.h.c.h.i.c.InternalHttpClient - ep-000000A3: releasing valid endpoint
2024-07-24 14:30:33.659 [Test worker] DEBUG c.g.d.z.s.o.a.h.c.h.i.i.PoolingHttpClientConnectionManager - ep-000000A3: releasing endpoint
2024-07-24 14:30:33.660 [Test worker] DEBUG c.g.d.z.s.o.a.h.c.h.i.i.PoolingHttpClientConnectionManager - ep-000000A3: connection http-outgoing-15 can be kept alive for 3 MINUTES
2024-07-24 14:30:33.660 [Test worker] DEBUG c.g.d.z.s.o.a.h.c.h.i.i.PoolingHttpClientConnectionManager - ep-000000A3: connection released [route: {}->npipe://localhost:2375][total available: 1; route allocated: 1 of 2147483647; total allocated: 1 of 2147483647]
2024-07-24 14:30:33.660 [Test worker] INFO  tc.postgres:latest - Container postgres:latest is starting: 429aad1742374679350f33e4dd3981aa6466f782d7699865f9fe1f1ba15de6ab
2024-07-24 14:30:33.660 [Test worker] DEBUG o.t.s.c.g.d.c.command.AbstrDockerCmd - Cmd: 429aad1742374679350f33e4dd3981aa6466f782d7699865f9fe1f1ba15de6ab
2024-07-24 14:30:33.660 [Test worker] TRACE o.t.s.c.g.d.c.e.StartContainerCmdExec - POST: DefaultWebTarget{path=[/containers/429aad1742374679350f33e4dd3981aa6466f782d7699865f9fe1f1ba15de6ab/start], queryParams={}}
2024-07-24 14:30:33.660 [Test worker] DEBUG c.g.d.z.s.o.a.h.c.h.i.c.InternalHttpClient - ex-000000A5: preparing request execution
2024-07-24 14:30:33.660 [Test worker] DEBUG c.g.d.z.s.o.a.h.c.h.p.RequestAddCookies - Cookie spec selected: strict
2024-07-24 14:30:33.660 [Test worker] DEBUG c.g.d.z.s.o.a.h.c.h.p.RequestAuthCache - Auth cache not set in the context
2024-07-24 14:30:33.660 [Test worker] DEBUG c.g.d.z.s.o.a.h.c.h.i.c.ProtocolExec - ex-000000A5: target auth state: UNCHALLENGED
2024-07-24 14:30:33.660 [Test worker] DEBUG c.g.d.z.s.o.a.h.c.h.i.c.ProtocolExec - ex-000000A5: proxy auth state: UNCHALLENGED
2024-07-24 14:30:33.660 [Test worker] DEBUG c.g.d.z.s.o.a.h.c.h.i.c.ConnectExec - ex-000000A5: acquiring connection with route {}->npipe://localhost:2375
2024-07-24 14:30:33.660 [Test worker] DEBUG c.g.d.z.s.o.a.h.c.h.i.c.InternalHttpClient - ex-000000A5: acquiring endpoint (3 MINUTES)
2024-07-24 14:30:33.661 [Test worker] DEBUG c.g.d.z.s.o.a.h.c.h.i.i.PoolingHttpClientConnectionManager - ex-000000A5: endpoint lease request (3 MINUTES) [route: {}->npipe://localhost:2375][total available: 1; route allocated: 1 of 2147483647; total allocated: 1 of 2147483647]
2024-07-24 14:30:33.661 [Test worker] DEBUG c.g.d.z.s.o.a.h.c.h.i.i.PoolingHttpClientConnectionManager - ex-000000A5: endpoint leased [route: {}->npipe://localhost:2375][total available: 0; route allocated: 1 of 2147483647; total allocated: 1 of 2147483647]
2024-07-24 14:30:33.661 [Test worker] DEBUG c.g.d.z.s.o.a.h.c.h.i.i.PoolingHttpClientConnectionManager - ex-000000A5: acquired ep-000000A4
2024-07-24 14:30:33.661 [Test worker] DEBUG c.g.d.z.s.o.a.h.c.h.i.c.InternalHttpClient - ex-000000A5: acquired endpoint ep-000000A4
2024-07-24 14:30:33.661 [Test worker] DEBUG c.g.d.z.s.o.a.h.c.h.i.c.MainClientExec - ex-000000A5: executing POST /v1.32/containers/429aad1742374679350f33e4dd3981aa6466f782d7699865f9fe1f1ba15de6ab/start HTTP/1.1
2024-07-24 14:30:33.661 [Test worker] DEBUG c.g.d.z.s.o.a.h.c.h.i.c.InternalHttpClient - ep-000000A4: start execution ex-000000A5
2024-07-24 14:30:33.661 [Test worker] DEBUG c.g.d.z.s.o.a.h.c.h.i.i.PoolingHttpClientConnectionManager - ep-000000A4: executing exchange ex-000000A5 over http-outgoing-15
2024-07-24 14:30:33.661 [Test worker] DEBUG c.g.d.z.s.o.a.h.client5.http.headers - http-outgoing-15 >> POST /v1.32/containers/429aad1742374679350f33e4dd3981aa6466f782d7699865f9fe1f1ba15de6ab/start HTTP/1.1
2024-07-24 14:30:33.661 [Test worker] DEBUG c.g.d.z.s.o.a.h.client5.http.headers - http-outgoing-15 >> accept: application/json
2024-07-24 14:30:33.661 [Test worker] DEBUG c.g.d.z.s.o.a.h.client5.http.headers - http-outgoing-15 >> content-type: application/json
2024-07-24 14:30:33.661 [Test worker] DEBUG c.g.d.z.s.o.a.h.client5.http.headers - http-outgoing-15 >> x-tc-sid: 280e6229-7396-4d60-b1e3-a5de48b5d49b
2024-07-24 14:30:33.661 [Test worker] DEBUG c.g.d.z.s.o.a.h.client5.http.headers - http-outgoing-15 >> User-Agent: tc-java/1.19.8
2024-07-24 14:30:33.661 [Test worker] DEBUG c.g.d.z.s.o.a.h.client5.http.headers - http-outgoing-15 >> Accept-Encoding: gzip, x-gzip, deflate
2024-07-24 14:30:33.661 [Test worker] DEBUG c.g.d.z.s.o.a.h.client5.http.headers - http-outgoing-15 >> Host: localhost:2375
2024-07-24 14:30:33.661 [Test worker] DEBUG c.g.d.z.s.o.a.h.client5.http.headers - http-outgoing-15 >> Connection: keep-alive
2024-07-24 14:30:33.661 [Test worker] DEBUG c.g.d.z.s.o.a.hc.client5.http.wire - http-outgoing-15 >> "POST /v1.32/containers/429aad1742374679350f33e4dd3981aa6466f782d7699865f9fe1f1ba15de6ab/start HTTP/1.1[\r][\n]"
2024-07-24 14:30:33.661 [Test worker] DEBUG c.g.d.z.s.o.a.hc.client5.http.wire - http-outgoing-15 >> "accept: application/json[\r][\n]"
2024-07-24 14:30:33.661 [Test worker] DEBUG c.g.d.z.s.o.a.hc.client5.http.wire - http-outgoing-15 >> "content-type: application/json[\r][\n]"
2024-07-24 14:30:33.661 [Test worker] DEBUG c.g.d.z.s.o.a.hc.client5.http.wire - http-outgoing-15 >> "x-tc-sid: 280e6229-7396-4d60-b1e3-a5de48b5d49b[\r][\n]"
2024-07-24 14:30:33.661 [Test worker] DEBUG c.g.d.z.s.o.a.hc.client5.http.wire - http-outgoing-15 >> "User-Agent: tc-java/1.19.8[\r][\n]"
2024-07-24 14:30:33.661 [Test worker] DEBUG c.g.d.z.s.o.a.hc.client5.http.wire - http-outgoing-15 >> "Accept-Encoding: gzip, x-gzip, deflate[\r][\n]"
2024-07-24 14:30:33.661 [Test worker] DEBUG c.g.d.z.s.o.a.hc.client5.http.wire - http-outgoing-15 >> "Host: localhost:2375[\r][\n]"
2024-07-24 14:30:33.661 [Test worker] DEBUG c.g.d.z.s.o.a.hc.client5.http.wire - http-outgoing-15 >> "Connection: keep-alive[\r][\n]"
2024-07-24 14:30:33.661 [Test worker] DEBUG c.g.d.z.s.o.a.hc.client5.http.wire - http-outgoing-15 >> "[\r][\n]"
2024-07-24 14:30:34.041 [Test worker] DEBUG c.g.d.z.s.o.a.hc.client5.http.wire - http-outgoing-15 << "HTTP/1.1 204 No Content[\r][\n]"
2024-07-24 14:30:34.041 [Test worker] DEBUG c.g.d.z.s.o.a.hc.client5.http.wire - http-outgoing-15 << "Api-Version: 1.45[\r][\n]"
2024-07-24 14:30:34.041 [Test worker] DEBUG c.g.d.z.s.o.a.hc.client5.http.wire - http-outgoing-15 << "Date: Wed, 24 Jul 2024 02:30:34 GMT[\r][\n]"
2024-07-24 14:30:34.041 [Test worker] DEBUG c.g.d.z.s.o.a.hc.client5.http.wire - http-outgoing-15 << "Docker-Experimental: false[\r][\n]"
2024-07-24 14:30:34.041 [Test worker] DEBUG c.g.d.z.s.o.a.hc.client5.http.wire - http-outgoing-15 << "Ostype: linux[\r][\n]"
2024-07-24 14:30:34.041 [Test worker] DEBUG c.g.d.z.s.o.a.hc.client5.http.wire - http-outgoing-15 << "Server: Docker/26.0.0 (linux)[\r][\n]"
2024-07-24 14:30:34.041 [Test worker] DEBUG c.g.d.z.s.o.a.hc.client5.http.wire - http-outgoing-15 << "[\r][\n]"
2024-07-24 14:30:34.041 [Test worker] DEBUG c.g.d.z.s.o.a.h.client5.http.headers - http-outgoing-15 << HTTP/1.1 204 No Content
2024-07-24 14:30:34.041 [Test worker] DEBUG c.g.d.z.s.o.a.h.client5.http.headers - http-outgoing-15 << Api-Version: 1.45
2024-07-24 14:30:34.041 [Test worker] DEBUG c.g.d.z.s.o.a.h.client5.http.headers - http-outgoing-15 << Date: Wed, 24 Jul 2024 02:30:34 GMT
2024-07-24 14:30:34.041 [Test worker] DEBUG c.g.d.z.s.o.a.h.client5.http.headers - http-outgoing-15 << Docker-Experimental: false
2024-07-24 14:30:34.041 [Test worker] DEBUG c.g.d.z.s.o.a.h.client5.http.headers - http-outgoing-15 << Ostype: linux
2024-07-24 14:30:34.041 [Test worker] DEBUG c.g.d.z.s.o.a.h.client5.http.headers - http-outgoing-15 << Server: Docker/26.0.0 (linux)
2024-07-24 14:30:34.041 [Test worker] DEBUG c.g.d.z.s.o.a.h.c.h.i.c.MainClientExec - ex-000000A5: connection can be kept alive for 3 MINUTES
2024-07-24 14:30:34.041 [Test worker] DEBUG c.g.d.z.s.o.a.h.c.h.i.c.InternalHttpClient - ep-000000A4: releasing valid endpoint
2024-07-24 14:30:34.041 [Test worker] DEBUG c.g.d.z.s.o.a.h.c.h.i.i.PoolingHttpClientConnectionManager - ep-000000A4: releasing endpoint
2024-07-24 14:30:34.041 [Test worker] DEBUG c.g.d.z.s.o.a.h.c.h.i.i.PoolingHttpClientConnectionManager - ep-000000A4: connection http-outgoing-15 can be kept alive for 3 MINUTES
2024-07-24 14:30:34.041 [Test worker] DEBUG c.g.d.z.s.o.a.h.c.h.i.i.PoolingHttpClientConnectionManager - ep-000000A4: connection released [route: {}->npipe://localhost:2375][total available: 1; route allocated: 1 of 2147483647; total allocated: 1 of 2147483647]
2024-07-24 14:30:34.042 [Test worker] DEBUG o.t.s.c.g.d.c.command.AbstrDockerCmd - Cmd: 429aad1742374679350f33e4dd3981aa6466f782d7699865f9fe1f1ba15de6ab,false
2024-07-24 14:30:34.042 [Test worker] DEBUG o.t.s.c.g.d.c.e.InspectContainerCmdExec - GET: DefaultWebTarget{path=[/containers/429aad1742374679350f33e4dd3981aa6466f782d7699865f9fe1f1ba15de6ab/json], queryParams={}}
2024-07-24 14:30:34.042 [Test worker] DEBUG c.g.d.z.s.o.a.h.c.h.i.c.InternalHttpClient - ex-000000A6: preparing request execution
2024-07-24 14:30:34.043 [Test worker] DEBUG c.g.d.z.s.o.a.h.c.h.p.RequestAddCookies - Cookie spec selected: strict
2024-07-24 14:30:34.043 [Test worker] DEBUG c.g.d.z.s.o.a.h.c.h.p.RequestAuthCache - Auth cache not set in the context
2024-07-24 14:30:34.043 [Test worker] DEBUG c.g.d.z.s.o.a.h.c.h.i.c.ProtocolExec - ex-000000A6: target auth state: UNCHALLENGED
2024-07-24 14:30:34.043 [Test worker] DEBUG c.g.d.z.s.o.a.h.c.h.i.c.ProtocolExec - ex-000000A6: proxy auth state: UNCHALLENGED
2024-07-24 14:30:34.043 [Test worker] DEBUG c.g.d.z.s.o.a.h.c.h.i.c.ConnectExec - ex-000000A6: acquiring connection with route {}->npipe://localhost:2375
2024-07-24 14:30:34.043 [Test worker] DEBUG c.g.d.z.s.o.a.h.c.h.i.c.InternalHttpClient - ex-000000A6: acquiring endpoint (3 MINUTES)
2024-07-24 14:30:34.043 [Test worker] DEBUG c.g.d.z.s.o.a.h.c.h.i.i.PoolingHttpClientConnectionManager - ex-000000A6: endpoint lease request (3 MINUTES) [route: {}->npipe://localhost:2375][total available: 1; route allocated: 1 of 2147483647; total allocated: 1 of 2147483647]
2024-07-24 14:30:34.043 [Test worker] DEBUG c.g.d.z.s.o.a.h.c.h.i.i.PoolingHttpClientConnectionManager - ex-000000A6: endpoint leased [route: {}->npipe://localhost:2375][total available: 0; route allocated: 1 of 2147483647; total allocated: 1 of 2147483647]
2024-07-24 14:30:34.043 [Test worker] DEBUG c.g.d.z.s.o.a.h.c.h.i.i.PoolingHttpClientConnectionManager - ex-000000A6: acquired ep-000000A5
2024-07-24 14:30:34.043 [Test worker] DEBUG c.g.d.z.s.o.a.h.c.h.i.c.InternalHttpClient - ex-000000A6: acquired endpoint ep-000000A5
2024-07-24 14:30:34.043 [Test worker] DEBUG c.g.d.z.s.o.a.h.c.h.i.c.MainClientExec - ex-000000A6: executing GET /v1.32/containers/429aad1742374679350f33e4dd3981aa6466f782d7699865f9fe1f1ba15de6ab/json HTTP/1.1
2024-07-24 14:30:34.043 [Test worker] DEBUG c.g.d.z.s.o.a.h.c.h.i.c.InternalHttpClient - ep-000000A5: start execution ex-000000A6
2024-07-24 14:30:34.043 [Test worker] DEBUG c.g.d.z.s.o.a.h.c.h.i.i.PoolingHttpClientConnectionManager - ep-000000A5: executing exchange ex-000000A6 over http-outgoing-15
2024-07-24 14:30:34.043 [Test worker] DEBUG c.g.d.z.s.o.a.h.client5.http.headers - http-outgoing-15 >> GET /v1.32/containers/429aad1742374679350f33e4dd3981aa6466f782d7699865f9fe1f1ba15de6ab/json HTTP/1.1
2024-07-24 14:30:34.043 [Test worker] DEBUG c.g.d.z.s.o.a.h.client5.http.headers - http-outgoing-15 >> accept: application/json
2024-07-24 14:30:34.043 [Test worker] DEBUG c.g.d.z.s.o.a.h.client5.http.headers - http-outgoing-15 >> x-tc-sid: 280e6229-7396-4d60-b1e3-a5de48b5d49b
2024-07-24 14:30:34.043 [Test worker] DEBUG c.g.d.z.s.o.a.h.client5.http.headers - http-outgoing-15 >> User-Agent: tc-java/1.19.8
2024-07-24 14:30:34.043 [Test worker] DEBUG c.g.d.z.s.o.a.h.client5.http.headers - http-outgoing-15 >> Accept-Encoding: gzip, x-gzip, deflate
2024-07-24 14:30:34.043 [Test worker] DEBUG c.g.d.z.s.o.a.h.client5.http.headers - http-outgoing-15 >> Host: localhost:2375
2024-07-24 14:30:34.043 [Test worker] DEBUG c.g.d.z.s.o.a.h.client5.http.headers - http-outgoing-15 >> Connection: keep-alive
2024-07-24 14:30:34.043 [Test worker] DEBUG c.g.d.z.s.o.a.hc.client5.http.wire - http-outgoing-15 >> "GET /v1.32/containers/429aad1742374679350f33e4dd3981aa6466f782d7699865f9fe1f1ba15de6ab/json HTTP/1.1[\r][\n]"
2024-07-24 14:30:34.043 [Test worker] DEBUG c.g.d.z.s.o.a.hc.client5.http.wire - http-outgoing-15 >> "accept: application/json[\r][\n]"
2024-07-24 14:30:34.043 [Test worker] DEBUG c.g.d.z.s.o.a.hc.client5.http.wire - http-outgoing-15 >> "x-tc-sid: 280e6229-7396-4d60-b1e3-a5de48b5d49b[\r][\n]"
2024-07-24 14:30:34.043 [Test worker] DEBUG c.g.d.z.s.o.a.hc.client5.http.wire - http-outgoing-15 >> "User-Agent: tc-java/1.19.8[\r][\n]"
2024-07-24 14:30:34.043 [Test worker] DEBUG c.g.d.z.s.o.a.hc.client5.http.wire - http-outgoing-15 >> "Accept-Encoding: gzip, x-gzip, deflate[\r][\n]"
2024-07-24 14:30:34.043 [Test worker] DEBUG c.g.d.z.s.o.a.hc.client5.http.wire - http-outgoing-15 >> "Host: localhost:2375[\r][\n]"
2024-07-24 14:30:34.043 [Test worker] DEBUG c.g.d.z.s.o.a.hc.client5.http.wire - http-outgoing-15 >> "Connection: keep-alive[\r][\n]"
2024-07-24 14:30:34.043 [Test worker] DEBUG c.g.d.z.s.o.a.hc.client5.http.wire - http-outgoing-15 >> "[\r][\n]"
2024-07-24 14:30:34.047 [Test worker] DEBUG c.g.d.z.s.o.a.hc.client5.http.wire - http-outgoing-15 << "HTTP/1.1 200 OK[\r][\n]"
2024-07-24 14:30:34.047 [Test worker] DEBUG c.g.d.z.s.o.a.hc.client5.http.wire - http-outgoing-15 << "Api-Version: 1.45[\r][\n]"
2024-07-24 14:30:34.047 [Test worker] DEBUG c.g.d.z.s.o.a.hc.client5.http.wire - http-outgoing-15 << "Content-Type: application/json[\r][\n]"
2024-07-24 14:30:34.047 [Test worker] DEBUG c.g.d.z.s.o.a.hc.client5.http.wire - http-outgoing-15 << "Date: Wed, 24 Jul 2024 02:30:34 GMT[\r][\n]"
2024-07-24 14:30:34.047 [Test worker] DEBUG c.g.d.z.s.o.a.hc.client5.http.wire - http-outgoing-15 << "Docker-Experimental: false[\r][\n]"
2024-07-24 14:30:34.047 [Test worker] DEBUG c.g.d.z.s.o.a.hc.client5.http.wire - http-outgoing-15 << "Ostype: linux[\r][\n]"
2024-07-24 14:30:34.047 [Test worker] DEBUG c.g.d.z.s.o.a.hc.client5.http.wire - http-outgoing-15 << "Server: Docker/26.0.0 (linux)[\r][\n]"
2024-07-24 14:30:34.047 [Test worker] DEBUG c.g.d.z.s.o.a.hc.client5.http.wire - http-outgoing-15 << "Transfer-Encoding: chunked[\r][\n]"
2024-07-24 14:30:34.047 [Test worker] DEBUG c.g.d.z.s.o.a.hc.client5.http.wire - http-outgoing-15 << "[\r][\n]"
2024-07-24 14:30:34.047 [Test worker] DEBUG c.g.d.z.s.o.a.h.client5.http.headers - http-outgoing-15 << HTTP/1.1 200 OK
2024-07-24 14:30:34.047 [Test worker] DEBUG c.g.d.z.s.o.a.h.client5.http.headers - http-outgoing-15 << Api-Version: 1.45
2024-07-24 14:30:34.047 [Test worker] DEBUG c.g.d.z.s.o.a.h.client5.http.headers - http-outgoing-15 << Content-Type: application/json
2024-07-24 14:30:34.047 [Test worker] DEBUG c.g.d.z.s.o.a.h.client5.http.headers - http-outgoing-15 << Date: Wed, 24 Jul 2024 02:30:34 GMT
2024-07-24 14:30:34.047 [Test worker] DEBUG c.g.d.z.s.o.a.h.client5.http.headers - http-outgoing-15 << Docker-Experimental: false
2024-07-24 14:30:34.047 [Test worker] DEBUG c.g.d.z.s.o.a.h.client5.http.headers - http-outgoing-15 << Ostype: linux
2024-07-24 14:30:34.047 [Test worker] DEBUG c.g.d.z.s.o.a.h.client5.http.headers - http-outgoing-15 << Server: Docker/26.0.0 (linux)
2024-07-24 14:30:34.047 [Test worker] DEBUG c.g.d.z.s.o.a.h.client5.http.headers - http-outgoing-15 << Transfer-Encoding: chunked
2024-07-24 14:30:34.048 [Test worker] DEBUG c.g.d.z.s.o.a.h.c.h.i.c.MainClientExec - ex-000000A6: connection can be kept alive for 3 MINUTES
2024-07-24 14:30:34.049 [Test worker] DEBUG c.g.d.z.s.o.a.hc.client5.http.wire - http-outgoing-15 << "1a39[\r][\n]"
2024-07-24 14:30:34.049 [Test worker] DEBUG c.g.d.z.s.o.a.hc.client5.http.wire - http-outgoing-15 << "{"Id":"429aad1742374679350f33e4dd3981aa6466f782d7699865f9fe1f1ba15de6ab","Created":"2024-07-24T02:30:33.505485953Z","Path":"docker-entrypoint.sh","Args":["postgres","-c","fsync=off"],"State":{"Status":"running","Running":true,"Paused":false,"Restarting":false,"OOMKilled":false,"Dead":false,"Pid":29874,"ExitCode":0,"Error":"","StartedAt":"2024-07-24T02:30:34.021730059Z","FinishedAt":"0001-01-01T00:00:00Z"},"Image":"sha256:8e4fc9e184899a58735e7ee333f5e272d7d2298cf59302006b71f33e217be130","ResolvConfPath":"/var/lib/docker/containers/429aad1742374679350f33e4dd3981aa6466f782d7699865f9fe1f1ba15de6ab/resolv.conf","HostnamePath":"/var/lib/docker/containers/429aad1742374679350f33e4dd3981aa6466f782d7699865f9fe1f1ba15de6ab/hostname","HostsPath":"/var/lib/docker/containers/429aad1742374679350f33e4dd3981aa6466f782d7699865f9fe1f1ba15de6ab/hosts","LogPath":"/var/lib/docker/containers/429aad1742374679350f33e4dd3981aa6466f782d7699865f9fe1f1ba15de6ab/429aad1742374679350f33e4dd3981aa6466f782d7699865f9fe1f1ba15de6ab-json.log","Name":"/exciting_hellman","RestartCount":0,"Driver":"overlay2","Platform":"linux","MountLabel":"","ProcessLabel":"","AppArmorProfile":"","ExecIDs":null,"HostConfig":{"Binds":[],"ContainerIDFile":"","LogConfig":{"Type":"json-file","Config":{}},"NetworkMode":"default","PortBindings":{"5432/tcp":[{"HostIp":"0.0.0.0","HostPort":"0"}]},"RestartPolicy":{"Name":"no","MaximumRetryCount":0},"AutoRemove":false,"VolumeDriver":"","VolumesFrom":[],"ConsoleSize":[0,0],"CapAdd":null,"CapDrop":null,"CgroupnsMode":"host","Dns":null,"DnsOptions":null,"DnsSearch":null,"ExtraHosts":[],"GroupAdd":null,"IpcMode":"shareable","Cgroup":"","Links":null,"OomScoreAdj":0,"PidMode":"","Privileged":false,"PublishAllPorts":false,"ReadonlyRootfs":false,"SecurityOpt":null,"UTSMode":"","UsernsMode":"","ShmSize":67108864,"Runtime":"runc","Isolation":"","CpuShares":0,"Memory":0,"NanoCpus":0,"CgroupParent":"","BlkioWeight":0,"BlkioWeightDevice":null,"BlkioDeviceReadBps":null,"BlkioDeviceWriteBps":null,"BlkioDeviceReadIOps":null,"BlkioDeviceWriteIOps":null,"CpuPeriod":0,"CpuQuota":0,"CpuRealtimePeriod":0,"CpuRealtimeRuntime":0,"CpusetCpus":"","CpusetMems":"","Devices":null,"DeviceCgroupRules":null,"DeviceRequests":null,"MemoryReservation":0,"MemorySwap":0,"MemorySwappiness":null,"OomKillDisable":false,"PidsLimit":null,"Ulimits":null,"CpuCount":0,"CpuPercent":0,"IOMaximumIOps":0,"IOMaximumBandwidth":0,"MaskedPaths":["/proc/asound","/proc/acpi","/proc/kcore","/proc/keys","/proc/latency_stats","/proc/timer_list","/proc/timer_stats","/proc/sched_debug","/proc/scsi","/sys/firmware","/sys/devices/virtual/powercap"],"ReadonlyPaths":["/proc/bus","/proc/fs","/proc/irq","/proc/sys","/proc/sysrq-trigger"]},"GraphDriver":{"Data":{"LowerDir":"/var/lib/docker/overlay2/e529093064c8a1447fec215af33cff57860cbb5cd0c95bebf6d94f04e5e217d1-init/diff:/var/lib/docker/overlay2/8f0ddbd386af0785c2e348570516955816ab350305d698d363962d488eeb15ec/diff:/var/lib/docker/overlay2/0eb0ca73e9b0be7c3d7fa8762ef4778a68f38391bc84c037c2e90b88e781b475/diff:/var/lib/docker/overlay2/74e634bddc785c5d436b10a5158cd82e21dc2065fd1cf8ff9c1c12e01575a2d8/diff:/var/lib/docker/overlay2/bb918b2851cd2f508f1e3fdbfff8b7f8b041d61e65fe8c368288bf399e80b818/diff:/var/lib/docker/overlay2/2abab2946cbdc2941ee8ec4024c51dac7313dee9de5fbedd1ca33388c59eb3c8/diff:/var/lib/docker/overlay2/e12f6083ee669bd92743ceb339a896bb25dbe461b718705bb39eb410b80c0ecd/diff:/var/lib/docker/overlay2/ced1e86d670d097da5ed4da7288c22507735918959161c2cd8bf083fb30d169a/diff:/var/lib/docker/overlay2/94e9ac7b74923285ae73af20aeccb964ca9079e2305db367cb85d1603560472d/diff:/var/lib/docker/overlay2/a396b6dfd63f0c228c519871183c614cccf4d366a43460f27ecf97113c3c4be8/diff:/var/lib/docker/overlay2/f58ada5d5080c2bac553c734f81127660a90581a35ed2a92cebe3c59e340875b/diff:/var/lib/docker/overlay2/84f85636f37bf55d945e217b4f87a856eba7932284beaf042561007b66f48977/diff:/var/lib/docker/overlay2/1e6e519613884e91a2b74a588ba35dc8a2f789371ab798ef6e7d9836d756042f/diff:/var/lib/docker/overlay2/14a3151cc8b4f9d27d2e64f1a8abc0c7809309580f2d7e8dc8545055c1d56194/diff:/var/lib/do"
2024-07-24 14:30:34.049 [Test worker] DEBUG c.g.d.z.s.o.a.hc.client5.http.wire - http-outgoing-15 << "cker/overlay2/5b354b9e793401517fe2f1da697653fdaadffc54888eaf76d67e0600b8c68bdc/diff","MergedDir":"/var/lib/docker/overlay2/e529093064c8a1447fec215af33cff57860cbb5cd0c95bebf6d94f04e5e217d1/merged","UpperDir":"/var/lib/docker/overlay2/e529093064c8a1447fec215af33cff57860cbb5cd0c95bebf6d94f04e5e217d1/diff","WorkDir":"/var/lib/docker/overlay2/e529093064c8a1447fec215af33cff57860cbb5cd0c95bebf6d94f04e5e217d1/work"},"Name":"overlay2"},"Mounts":[{"Type":"volume","Name":"fcae6d7e0b845944749fe1726a415bd36b3ef150214df9694e3b85d6003318b1","Source":"/var/lib/docker/volumes/fcae6d7e0b845944749fe1726a415bd36b3ef150214df9694e3b85d6003318b1/_data","Destination":"/var/lib/postgresql/data","Driver":"local","Mode":"","RW":true,"Propagation":""}],"Config":{"Hostname":"429aad174237","Domainname":"","User":"","AttachStdin":false,"AttachStdout":false,"AttachStderr":false,"ExposedPorts":{"5432/tcp":{}},"Tty":false,"OpenStdin":false,"StdinOnce":false,"Env":["POSTGRES_USER=user","POSTGRES_PASSWORD=password","POSTGRES_DB=db","PATH=/usr/local/sbin:/usr/local/bin:/usr/sbin:/usr/bin:/sbin:/bin:/usr/lib/postgresql/16/bin","GOSU_VERSION=1.17","LANG=en_US.utf8","PG_MAJOR=16","PG_VERSION=16.2-1.pgdg120+2","PGDATA=/var/lib/postgresql/data"],"Cmd":["postgres","-c","fsync=off"],"Image":"postgres:latest","Volumes":{"/var/lib/postgresql/data":{}},"WorkingDir":"","Entrypoint":["docker-entrypoint.sh"],"OnBuild":null,"Labels":{"org.testcontainers":"true","org.testcontainers.lang":"java","org.testcontainers.sessionId":"280e6229-7396-4d60-b1e3-a5de48b5d49b","org.testcontainers.version":"1.19.8"},"StopSignal":"SIGINT"},"NetworkSettings":{"Bridge":"","SandboxID":"4804db6f4569f55abc22dfa1562f4769350ddc364bf6d78f549fe3ac1fa214c2","SandboxKey":"/var/run/docker/netns/4804db6f4569","Ports":{"5432/tcp":[{"HostIp":"0.0.0.0","HostPort":"51558"}]},"HairpinMode":false,"LinkLocalIPv6Address":"","LinkLocalIPv6PrefixLen":0,"SecondaryIPAddresses":null,"SecondaryIPv6Addresses":null,"EndpointID":"23b9784a8b02f9ece1a41f1054d59df74fffa20fd889926faa89efe469cfdb30","Gateway":"172.17.0.1","GlobalIPv6Address":"","GlobalIPv6PrefixLen":0,"IPAddress":"172.17.0.3","IPPrefixLen":16,"IPv6Gateway":"","MacAddress":"02:42:ac:11:00:03","Networks":{"bridge":{"IPAMConfig":null,"Links":null,"Aliases":null,"MacAddress":"02:42:ac:11:00:03","NetworkID":"3c842496be344cbdae878c1dee0957e7bc7c0a2236009c92752030f2b053e72f","EndpointID":"23b9784a8b02f9ece1a41f1054d59df74fffa20fd889926faa89efe469cfdb30","Gateway":"172.17.0.1","IPAddress":"172.17.0.3","IPPrefixLen":16,"IPv6Gateway":"","GlobalIPv6Address":"","GlobalIPv6PrefixLen":0,"DriverOpts":null,"DNSNames":null}}}}[\n]"
2024-07-24 14:30:34.050 [Test worker] DEBUG c.g.d.z.s.o.a.hc.client5.http.wire - http-outgoing-15 << "[\r][\n]"
2024-07-24 14:30:34.050 [Test worker] DEBUG c.g.d.z.s.o.a.hc.client5.http.wire - http-outgoing-15 << "0[\r][\n]"
2024-07-24 14:30:34.050 [Test worker] DEBUG c.g.d.z.s.o.a.hc.client5.http.wire - http-outgoing-15 << "[\r][\n]"
2024-07-24 14:30:34.050 [Test worker] DEBUG c.g.d.z.s.o.a.h.c.h.i.c.InternalHttpClient - ep-000000A5: releasing valid endpoint
2024-07-24 14:30:34.050 [Test worker] DEBUG c.g.d.z.s.o.a.h.c.h.i.i.PoolingHttpClientConnectionManager - ep-000000A5: releasing endpoint
2024-07-24 14:30:34.050 [Test worker] DEBUG c.g.d.z.s.o.a.h.c.h.i.i.PoolingHttpClientConnectionManager - ep-000000A5: connection http-outgoing-15 can be kept alive for 3 MINUTES
2024-07-24 14:30:34.050 [Test worker] DEBUG c.g.d.z.s.o.a.h.c.h.i.i.PoolingHttpClientConnectionManager - ep-000000A5: connection released [route: {}->npipe://localhost:2375][total available: 1; route allocated: 1 of 2147483647; total allocated: 1 of 2147483647]
2024-07-24 14:30:34.051 [Test worker] DEBUG o.t.s.c.g.d.c.command.AbstrDockerCmd - Cmd: sha256:8e4fc9e184899a58735e7ee333f5e272d7d2298cf59302006b71f33e217be130
2024-07-24 14:30:34.051 [Test worker] TRACE o.t.s.c.g.d.c.e.InspectImageCmdExec - GET: DefaultWebTarget{path=[/images/sha256:8e4fc9e184899a58735e7ee333f5e272d7d2298cf59302006b71f33e217be130/json], queryParams={}}
2024-07-24 14:30:34.051 [Test worker] DEBUG c.g.d.z.s.o.a.h.c.h.i.c.InternalHttpClient - ex-000000A7: preparing request execution
2024-07-24 14:30:34.051 [Test worker] DEBUG c.g.d.z.s.o.a.h.c.h.p.RequestAddCookies - Cookie spec selected: strict
2024-07-24 14:30:34.051 [Test worker] DEBUG c.g.d.z.s.o.a.h.c.h.p.RequestAuthCache - Auth cache not set in the context
2024-07-24 14:30:34.051 [Test worker] DEBUG c.g.d.z.s.o.a.h.c.h.i.c.ProtocolExec - ex-000000A7: target auth state: UNCHALLENGED
2024-07-24 14:30:34.051 [Test worker] DEBUG c.g.d.z.s.o.a.h.c.h.i.c.ProtocolExec - ex-000000A7: proxy auth state: UNCHALLENGED
2024-07-24 14:30:34.051 [Test worker] DEBUG c.g.d.z.s.o.a.h.c.h.i.c.ConnectExec - ex-000000A7: acquiring connection with route {}->npipe://localhost:2375
2024-07-24 14:30:34.051 [Test worker] DEBUG c.g.d.z.s.o.a.h.c.h.i.c.InternalHttpClient - ex-000000A7: acquiring endpoint (3 MINUTES)
2024-07-24 14:30:34.051 [Test worker] DEBUG c.g.d.z.s.o.a.h.c.h.i.i.PoolingHttpClientConnectionManager - ex-000000A7: endpoint lease request (3 MINUTES) [route: {}->npipe://localhost:2375][total available: 1; route allocated: 1 of 2147483647; total allocated: 1 of 2147483647]
2024-07-24 14:30:34.051 [Test worker] DEBUG c.g.d.z.s.o.a.h.c.h.i.i.PoolingHttpClientConnectionManager - ex-000000A7: endpoint leased [route: {}->npipe://localhost:2375][total available: 0; route allocated: 1 of 2147483647; total allocated: 1 of 2147483647]
2024-07-24 14:30:34.051 [Test worker] DEBUG c.g.d.z.s.o.a.h.c.h.i.i.PoolingHttpClientConnectionManager - ex-000000A7: acquired ep-000000A6
2024-07-24 14:30:34.051 [Test worker] DEBUG c.g.d.z.s.o.a.h.c.h.i.c.InternalHttpClient - ex-000000A7: acquired endpoint ep-000000A6
2024-07-24 14:30:34.051 [Test worker] DEBUG c.g.d.z.s.o.a.h.c.h.i.c.MainClientExec - ex-000000A7: executing GET /v1.32/images/sha256:8e4fc9e184899a58735e7ee333f5e272d7d2298cf59302006b71f33e217be130/json HTTP/1.1
2024-07-24 14:30:34.051 [Test worker] DEBUG c.g.d.z.s.o.a.h.c.h.i.c.InternalHttpClient - ep-000000A6: start execution ex-000000A7
2024-07-24 14:30:34.051 [Test worker] DEBUG c.g.d.z.s.o.a.h.c.h.i.i.PoolingHttpClientConnectionManager - ep-000000A6: executing exchange ex-000000A7 over http-outgoing-15
2024-07-24 14:30:34.051 [Test worker] DEBUG c.g.d.z.s.o.a.h.client5.http.headers - http-outgoing-15 >> GET /v1.32/images/sha256:8e4fc9e184899a58735e7ee333f5e272d7d2298cf59302006b71f33e217be130/json HTTP/1.1
2024-07-24 14:30:34.051 [Test worker] DEBUG c.g.d.z.s.o.a.h.client5.http.headers - http-outgoing-15 >> accept: application/json
2024-07-24 14:30:34.051 [Test worker] DEBUG c.g.d.z.s.o.a.h.client5.http.headers - http-outgoing-15 >> x-tc-sid: 280e6229-7396-4d60-b1e3-a5de48b5d49b
2024-07-24 14:30:34.051 [Test worker] DEBUG c.g.d.z.s.o.a.h.client5.http.headers - http-outgoing-15 >> User-Agent: tc-java/1.19.8
2024-07-24 14:30:34.051 [Test worker] DEBUG c.g.d.z.s.o.a.h.client5.http.headers - http-outgoing-15 >> Accept-Encoding: gzip, x-gzip, deflate
2024-07-24 14:30:34.051 [Test worker] DEBUG c.g.d.z.s.o.a.h.client5.http.headers - http-outgoing-15 >> Host: localhost:2375
2024-07-24 14:30:34.051 [Test worker] DEBUG c.g.d.z.s.o.a.h.client5.http.headers - http-outgoing-15 >> Connection: keep-alive
2024-07-24 14:30:34.051 [Test worker] DEBUG c.g.d.z.s.o.a.hc.client5.http.wire - http-outgoing-15 >> "GET /v1.32/images/sha256:8e4fc9e184899a58735e7ee333f5e272d7d2298cf59302006b71f33e217be130/json HTTP/1.1[\r][\n]"
2024-07-24 14:30:34.051 [Test worker] DEBUG c.g.d.z.s.o.a.hc.client5.http.wire - http-outgoing-15 >> "accept: application/json[\r][\n]"
2024-07-24 14:30:34.051 [Test worker] DEBUG c.g.d.z.s.o.a.hc.client5.http.wire - http-outgoing-15 >> "x-tc-sid: 280e6229-7396-4d60-b1e3-a5de48b5d49b[\r][\n]"
2024-07-24 14:30:34.051 [Test worker] DEBUG c.g.d.z.s.o.a.hc.client5.http.wire - http-outgoing-15 >> "User-Agent: tc-java/1.19.8[\r][\n]"
2024-07-24 14:30:34.051 [Test worker] DEBUG c.g.d.z.s.o.a.hc.client5.http.wire - http-outgoing-15 >> "Accept-Encoding: gzip, x-gzip, deflate[\r][\n]"
2024-07-24 14:30:34.051 [Test worker] DEBUG c.g.d.z.s.o.a.hc.client5.http.wire - http-outgoing-15 >> "Host: localhost:2375[\r][\n]"
2024-07-24 14:30:34.051 [Test worker] DEBUG c.g.d.z.s.o.a.hc.client5.http.wire - http-outgoing-15 >> "Connection: keep-alive[\r][\n]"
2024-07-24 14:30:34.051 [Test worker] DEBUG c.g.d.z.s.o.a.hc.client5.http.wire - http-outgoing-15 >> "[\r][\n]"
2024-07-24 14:30:34.055 [Test worker] DEBUG c.g.d.z.s.o.a.hc.client5.http.wire - http-outgoing-15 << "HTTP/1.1 200 OK[\r][\n]"
2024-07-24 14:30:34.055 [Test worker] DEBUG c.g.d.z.s.o.a.hc.client5.http.wire - http-outgoing-15 << "Api-Version: 1.45[\r][\n]"
2024-07-24 14:30:34.055 [Test worker] DEBUG c.g.d.z.s.o.a.hc.client5.http.wire - http-outgoing-15 << "Content-Type: application/json[\r][\n]"
2024-07-24 14:30:34.055 [Test worker] DEBUG c.g.d.z.s.o.a.hc.client5.http.wire - http-outgoing-15 << "Date: Wed, 24 Jul 2024 02:30:34 GMT[\r][\n]"
2024-07-24 14:30:34.055 [Test worker] DEBUG c.g.d.z.s.o.a.hc.client5.http.wire - http-outgoing-15 << "Docker-Experimental: false[\r][\n]"
2024-07-24 14:30:34.055 [Test worker] DEBUG c.g.d.z.s.o.a.hc.client5.http.wire - http-outgoing-15 << "Ostype: linux[\r][\n]"
2024-07-24 14:30:34.055 [Test worker] DEBUG c.g.d.z.s.o.a.hc.client5.http.wire - http-outgoing-15 << "Server: Docker/26.0.0 (linux)[\r][\n]"
2024-07-24 14:30:34.055 [Test worker] DEBUG c.g.d.z.s.o.a.hc.client5.http.wire - http-outgoing-15 << "Transfer-Encoding: chunked[\r][\n]"
2024-07-24 14:30:34.055 [Test worker] DEBUG c.g.d.z.s.o.a.hc.client5.http.wire - http-outgoing-15 << "[\r][\n]"
2024-07-24 14:30:34.055 [Test worker] DEBUG c.g.d.z.s.o.a.h.client5.http.headers - http-outgoing-15 << HTTP/1.1 200 OK
2024-07-24 14:30:34.055 [Test worker] DEBUG c.g.d.z.s.o.a.h.client5.http.headers - http-outgoing-15 << Api-Version: 1.45
2024-07-24 14:30:34.055 [Test worker] DEBUG c.g.d.z.s.o.a.h.client5.http.headers - http-outgoing-15 << Content-Type: application/json
2024-07-24 14:30:34.055 [Test worker] DEBUG c.g.d.z.s.o.a.h.client5.http.headers - http-outgoing-15 << Date: Wed, 24 Jul 2024 02:30:34 GMT
2024-07-24 14:30:34.055 [Test worker] DEBUG c.g.d.z.s.o.a.h.client5.http.headers - http-outgoing-15 << Docker-Experimental: false
2024-07-24 14:30:34.055 [Test worker] DEBUG c.g.d.z.s.o.a.h.client5.http.headers - http-outgoing-15 << Ostype: linux
2024-07-24 14:30:34.055 [Test worker] DEBUG c.g.d.z.s.o.a.h.client5.http.headers - http-outgoing-15 << Server: Docker/26.0.0 (linux)
2024-07-24 14:30:34.055 [Test worker] DEBUG c.g.d.z.s.o.a.h.client5.http.headers - http-outgoing-15 << Transfer-Encoding: chunked
2024-07-24 14:30:34.055 [Test worker] DEBUG c.g.d.z.s.o.a.h.c.h.i.c.MainClientExec - ex-000000A7: connection can be kept alive for 3 MINUTES
2024-07-24 14:30:34.055 [Test worker] DEBUG c.g.d.z.s.o.a.hc.client5.http.wire - http-outgoing-15 << "fcb[\r][\n]"
2024-07-24 14:30:34.055 [Test worker] DEBUG c.g.d.z.s.o.a.hc.client5.http.wire - http-outgoing-15 << "{"Id":"sha256:8e4fc9e184899a58735e7ee333f5e272d7d2298cf59302006b71f33e217be130","RepoTags":["postgres:latest"],"RepoDigests":["postgres@sha256:4aea012537edfad80f98d870a36e6b90b4c09b27be7f4b4759d72db863baeebb"],"Parent":"","Comment":"buildkit.dockerfile.v0","Created":"2024-02-21T00:46:13Z","ContainerConfig":{"Hostname":"","Domainname":"","User":"","AttachStdin":false,"AttachStdout":false,"AttachStderr":false,"Tty":false,"OpenStdin":false,"StdinOnce":false,"Env":null,"Cmd":null,"Image":"","Volumes":null,"WorkingDir":"","Entrypoint":null,"OnBuild":null,"Labels":null},"DockerVersion":"","Author":"","Config":{"Hostname":"","Domainname":"","User":"","AttachStdin":false,"AttachStdout":false,"AttachStderr":false,"ExposedPorts":{"5432/tcp":{}},"Tty":false,"OpenStdin":false,"StdinOnce":false,"Env":["PATH=/usr/local/sbin:/usr/local/bin:/usr/sbin:/usr/bin:/sbin:/bin:/usr/lib/postgresql/16/bin","GOSU_VERSION=1.17","LANG=en_US.utf8","PG_MAJOR=16","PG_VERSION=16.2-1.pgdg120+2","PGDATA=/var/lib/postgresql/data"],"Cmd":["postgres"],"ArgsEscaped":true,"Image":"","Volumes":{"/var/lib/postgresql/data":{}},"WorkingDir":"","Entrypoint":["docker-entrypoint.sh"],"OnBuild":null,"Labels":null,"StopSignal":"SIGINT"},"Architecture":"amd64","Os":"linux","Size":431496964,"VirtualSize":431496964,"GraphDriver":{"Data":{"LowerDir":"/var/lib/docker/overlay2/0eb0ca73e9b0be7c3d7fa8762ef4778a68f38391bc84c037c2e90b88e781b475/diff:/var/lib/docker/overlay2/74e634bddc785c5d436b10a5158cd82e21dc2065fd1cf8ff9c1c12e01575a2d8/diff:/var/lib/docker/overlay2/bb918b2851cd2f508f1e3fdbfff8b7f8b041d61e65fe8c368288bf399e80b818/diff:/var/lib/docker/overlay2/2abab2946cbdc2941ee8ec4024c51dac7313dee9de5fbedd1ca33388c59eb3c8/diff:/var/lib/docker/overlay2/e12f6083ee669bd92743ceb339a896bb25dbe461b718705bb39eb410b80c0ecd/diff:/var/lib/docker/overlay2/ced1e86d670d097da5ed4da7288c22507735918959161c2cd8bf083fb30d169a/diff:/var/lib/docker/overlay2/94e9ac7b74923285ae73af20aeccb964ca9079e2305db367cb85d1603560472d/diff:/var/lib/docker/overlay2/a396b6dfd63f0c228c519871183c614cccf4d366a43460f27ecf97113c3c4be8/diff:/var/lib/docker/overlay2/f58ada5d5080c2bac553c734f81127660a90581a35ed2a92cebe3c59e340875b/diff:/var/lib/docker/overlay2/84f85636f37bf55d945e217b4f87a856eba7932284beaf042561007b66f48977/diff:/var/lib/docker/overlay2/1e6e519613884e91a2b74a588ba35dc8a2f789371ab798ef6e7d9836d756042f/diff:/var/lib/docker/overlay2/14a3151cc8b4f9d27d2e64f1a8abc0c7809309580f2d7e8dc8545055c1d56194/diff:/var/lib/docker/overlay2/5b354b9e793401517fe2f1da697653fdaadffc54888eaf76d67e0600b8c68bdc/diff","MergedDir":"/var/lib/docker/overlay2/8f0ddbd386af0785c2e348570516955816ab350305d698d363962d488eeb15ec/merged","UpperDir":"/var/lib/docker/overlay2/8f0ddbd386af0785c2e348570516955816ab350305d698d363962d488eeb15ec/diff","WorkDir":"/var/lib/docker/overlay2/8f0ddbd386af0785c2e348570516955816ab350305d698d363962d488eeb15ec/work"},"Name":"overlay2"},"RootFS":{"Type":"layers","Layers":["sha256:52ec5a4316fadc09a4a51f82b8d7b66ead0d71bea4f75e81e25b4094c4219061","sha256:5a99d63e3aef066b4fa085cf24d0281681d5530c22f0c93391b854ba5741b62e","sha256:12694c6edf8321950446751b5acc175137946701b72febd6a32ab6e6cb89403b","sha256:beceb355ef35df0b8123db4eddd8f734e7414a3828e463354a913dda6738571d","sha256:0f86e6985ca32f3adeb9f65e3f80b3f2aa37a697d345c84011b2421e5608bc06","sha256:22c31f24613cd6a7b43f3074166d79619574e76f430035be15d909ae45fb97da","sha256:7c32a1ce1cc084a148145553666d5b64e3b6551491d1c3c6cc545b5b69daf5da","sha256:192de40051e6f5b468a60be4e6d162a1bbf3dc4af2dfb0a7aa8db25f86b6e68e","sha256:257f3fc789f6526019470322285b4bfe55e3e09f41150576c0997f370407af14","sha256:2993953b2c109056b0d580a549dae9f902a84a29f3907d96d7329746a8df7fc2","sha256:0bc02fbb093e939812a0ca64bd21a807d815b89c5e034e73026d14535053f4e2","sha256:3866ad927dc8101b32941f0fe6e36e656eba398b92164688ce1d1afdeca7eb09","sha256:2621fdc21b32f8210d30df7b9f44c068fa347ce07f7e1935a2383e5f7e7ddecb","sha256:c116a9ba3dbfe8c6135659ba009883a03bdc660abfedc64e2528baa6d736dbc9"]},"Metadata":{"LastTagTime":"0001-01-01T00:00:00Z"},"Container":""}[\n]"
2024-07-24 14:30:34.055 [Test worker] DEBUG c.g.d.z.s.o.a.hc.client5.http.wire - http-outgoing-15 << "[\r][\n]"
2024-07-24 14:30:34.055 [Test worker] DEBUG c.g.d.z.s.o.a.hc.client5.http.wire - http-outgoing-15 << "0[\r][\n]"
2024-07-24 14:30:34.055 [Test worker] DEBUG c.g.d.z.s.o.a.hc.client5.http.wire - http-outgoing-15 << "[\r][\n]"
2024-07-24 14:30:34.057 [Test worker] DEBUG c.g.d.z.s.o.a.h.c.h.i.c.InternalHttpClient - ep-000000A6: releasing valid endpoint
2024-07-24 14:30:34.057 [Test worker] DEBUG c.g.d.z.s.o.a.h.c.h.i.i.PoolingHttpClientConnectionManager - ep-000000A6: releasing endpoint
2024-07-24 14:30:34.057 [Test worker] DEBUG c.g.d.z.s.o.a.h.c.h.i.i.PoolingHttpClientConnectionManager - ep-000000A6: connection http-outgoing-15 can be kept alive for 3 MINUTES
2024-07-24 14:30:34.057 [Test worker] DEBUG c.g.d.z.s.o.a.h.c.h.i.i.PoolingHttpClientConnectionManager - ep-000000A6: connection released [route: {}->npipe://localhost:2375][total available: 1; route allocated: 1 of 2147483647; total allocated: 1 of 2147483647]
2024-07-24 14:30:34.057 [Test worker] DEBUG o.t.s.c.g.d.c.command.AbstrDockerCmd - Cmd: 
2024-07-24 14:30:34.057 [Test worker] TRACE o.t.s.c.g.d.core.exec.VersionCmdExec - GET: DefaultWebTarget{path=[/version], queryParams={}}
2024-07-24 14:30:34.057 [Test worker] DEBUG c.g.d.z.s.o.a.h.c.h.i.c.InternalHttpClient - ex-000000A8: preparing request execution
2024-07-24 14:30:34.057 [Test worker] DEBUG c.g.d.z.s.o.a.h.c.h.p.RequestAddCookies - Cookie spec selected: strict
2024-07-24 14:30:34.057 [Test worker] DEBUG c.g.d.z.s.o.a.h.c.h.p.RequestAuthCache - Auth cache not set in the context
2024-07-24 14:30:34.057 [Test worker] DEBUG c.g.d.z.s.o.a.h.c.h.i.c.ProtocolExec - ex-000000A8: target auth state: UNCHALLENGED
2024-07-24 14:30:34.057 [Test worker] DEBUG c.g.d.z.s.o.a.h.c.h.i.c.ProtocolExec - ex-000000A8: proxy auth state: UNCHALLENGED
2024-07-24 14:30:34.057 [Test worker] DEBUG c.g.d.z.s.o.a.h.c.h.i.c.ConnectExec - ex-000000A8: acquiring connection with route {}->npipe://localhost:2375
2024-07-24 14:30:34.057 [Test worker] DEBUG c.g.d.z.s.o.a.h.c.h.i.c.InternalHttpClient - ex-000000A8: acquiring endpoint (3 MINUTES)
2024-07-24 14:30:34.057 [Test worker] DEBUG c.g.d.z.s.o.a.h.c.h.i.i.PoolingHttpClientConnectionManager - ex-000000A8: endpoint lease request (3 MINUTES) [route: {}->npipe://localhost:2375][total available: 1; route allocated: 1 of 2147483647; total allocated: 1 of 2147483647]
2024-07-24 14:30:34.057 [Test worker] DEBUG c.g.d.z.s.o.a.h.c.h.i.i.PoolingHttpClientConnectionManager - ex-000000A8: endpoint leased [route: {}->npipe://localhost:2375][total available: 0; route allocated: 1 of 2147483647; total allocated: 1 of 2147483647]
2024-07-24 14:30:34.057 [Test worker] DEBUG c.g.d.z.s.o.a.h.c.h.i.i.PoolingHttpClientConnectionManager - ex-000000A8: acquired ep-000000A7
2024-07-24 14:30:34.057 [Test worker] DEBUG c.g.d.z.s.o.a.h.c.h.i.c.InternalHttpClient - ex-000000A8: acquired endpoint ep-000000A7
2024-07-24 14:30:34.057 [Test worker] DEBUG c.g.d.z.s.o.a.h.c.h.i.c.MainClientExec - ex-000000A8: executing GET /v1.32/version HTTP/1.1
2024-07-24 14:30:34.057 [Test worker] DEBUG c.g.d.z.s.o.a.h.c.h.i.c.InternalHttpClient - ep-000000A7: start execution ex-000000A8
2024-07-24 14:30:34.057 [Test worker] DEBUG c.g.d.z.s.o.a.h.c.h.i.i.PoolingHttpClientConnectionManager - ep-000000A7: executing exchange ex-000000A8 over http-outgoing-15
2024-07-24 14:30:34.057 [Test worker] DEBUG c.g.d.z.s.o.a.h.client5.http.headers - http-outgoing-15 >> GET /v1.32/version HTTP/1.1
2024-07-24 14:30:34.057 [Test worker] DEBUG c.g.d.z.s.o.a.h.client5.http.headers - http-outgoing-15 >> accept: application/json
2024-07-24 14:30:34.057 [Test worker] DEBUG c.g.d.z.s.o.a.h.client5.http.headers - http-outgoing-15 >> x-tc-sid: 280e6229-7396-4d60-b1e3-a5de48b5d49b
2024-07-24 14:30:34.057 [Test worker] DEBUG c.g.d.z.s.o.a.h.client5.http.headers - http-outgoing-15 >> User-Agent: tc-java/1.19.8
2024-07-24 14:30:34.057 [Test worker] DEBUG c.g.d.z.s.o.a.h.client5.http.headers - http-outgoing-15 >> Accept-Encoding: gzip, x-gzip, deflate
2024-07-24 14:30:34.057 [Test worker] DEBUG c.g.d.z.s.o.a.h.client5.http.headers - http-outgoing-15 >> Host: localhost:2375
2024-07-24 14:30:34.057 [Test worker] DEBUG c.g.d.z.s.o.a.h.client5.http.headers - http-outgoing-15 >> Connection: keep-alive
2024-07-24 14:30:34.057 [Test worker] DEBUG c.g.d.z.s.o.a.hc.client5.http.wire - http-outgoing-15 >> "GET /v1.32/version HTTP/1.1[\r][\n]"
2024-07-24 14:30:34.057 [Test worker] DEBUG c.g.d.z.s.o.a.hc.client5.http.wire - http-outgoing-15 >> "accept: application/json[\r][\n]"
2024-07-24 14:30:34.057 [Test worker] DEBUG c.g.d.z.s.o.a.hc.client5.http.wire - http-outgoing-15 >> "x-tc-sid: 280e6229-7396-4d60-b1e3-a5de48b5d49b[\r][\n]"
2024-07-24 14:30:34.057 [Test worker] DEBUG c.g.d.z.s.o.a.hc.client5.http.wire - http-outgoing-15 >> "User-Agent: tc-java/1.19.8[\r][\n]"
2024-07-24 14:30:34.057 [Test worker] DEBUG c.g.d.z.s.o.a.hc.client5.http.wire - http-outgoing-15 >> "Accept-Encoding: gzip, x-gzip, deflate[\r][\n]"
2024-07-24 14:30:34.057 [Test worker] DEBUG c.g.d.z.s.o.a.hc.client5.http.wire - http-outgoing-15 >> "Host: localhost:2375[\r][\n]"
2024-07-24 14:30:34.057 [Test worker] DEBUG c.g.d.z.s.o.a.hc.client5.http.wire - http-outgoing-15 >> "Connection: keep-alive[\r][\n]"
2024-07-24 14:30:34.057 [Test worker] DEBUG c.g.d.z.s.o.a.hc.client5.http.wire - http-outgoing-15 >> "[\r][\n]"
2024-07-24 14:30:34.066 [Test worker] DEBUG c.g.d.z.s.o.a.hc.client5.http.wire - http-outgoing-15 << "HTTP/1.1 200 OK[\r][\n]"
2024-07-24 14:30:34.067 [Test worker] DEBUG c.g.d.z.s.o.a.hc.client5.http.wire - http-outgoing-15 << "Api-Version: 1.45[\r][\n]"
2024-07-24 14:30:34.067 [Test worker] DEBUG c.g.d.z.s.o.a.hc.client5.http.wire - http-outgoing-15 << "Content-Type: application/json[\r][\n]"
2024-07-24 14:30:34.067 [Test worker] DEBUG c.g.d.z.s.o.a.hc.client5.http.wire - http-outgoing-15 << "Date: Wed, 24 Jul 2024 02:30:34 GMT[\r][\n]"
2024-07-24 14:30:34.067 [Test worker] DEBUG c.g.d.z.s.o.a.hc.client5.http.wire - http-outgoing-15 << "Docker-Experimental: false[\r][\n]"
2024-07-24 14:30:34.067 [Test worker] DEBUG c.g.d.z.s.o.a.hc.client5.http.wire - http-outgoing-15 << "Ostype: linux[\r][\n]"
2024-07-24 14:30:34.067 [Test worker] DEBUG c.g.d.z.s.o.a.hc.client5.http.wire - http-outgoing-15 << "Server: Docker/26.0.0 (linux)[\r][\n]"
2024-07-24 14:30:34.067 [Test worker] DEBUG c.g.d.z.s.o.a.hc.client5.http.wire - http-outgoing-15 << "Transfer-Encoding: chunked[\r][\n]"
2024-07-24 14:30:34.067 [Test worker] DEBUG c.g.d.z.s.o.a.hc.client5.http.wire - http-outgoing-15 << "[\r][\n]"
2024-07-24 14:30:34.067 [Test worker] DEBUG c.g.d.z.s.o.a.h.client5.http.headers - http-outgoing-15 << HTTP/1.1 200 OK
2024-07-24 14:30:34.067 [Test worker] DEBUG c.g.d.z.s.o.a.h.client5.http.headers - http-outgoing-15 << Api-Version: 1.45
2024-07-24 14:30:34.067 [Test worker] DEBUG c.g.d.z.s.o.a.h.client5.http.headers - http-outgoing-15 << Content-Type: application/json
2024-07-24 14:30:34.067 [Test worker] DEBUG c.g.d.z.s.o.a.h.client5.http.headers - http-outgoing-15 << Date: Wed, 24 Jul 2024 02:30:34 GMT
2024-07-24 14:30:34.067 [Test worker] DEBUG c.g.d.z.s.o.a.h.client5.http.headers - http-outgoing-15 << Docker-Experimental: false
2024-07-24 14:30:34.067 [Test worker] DEBUG c.g.d.z.s.o.a.h.client5.http.headers - http-outgoing-15 << Ostype: linux
2024-07-24 14:30:34.067 [Test worker] DEBUG c.g.d.z.s.o.a.h.client5.http.headers - http-outgoing-15 << Server: Docker/26.0.0 (linux)
2024-07-24 14:30:34.067 [Test worker] DEBUG c.g.d.z.s.o.a.h.client5.http.headers - http-outgoing-15 << Transfer-Encoding: chunked
2024-07-24 14:30:34.067 [Test worker] DEBUG c.g.d.z.s.o.a.h.c.h.i.c.MainClientExec - ex-000000A8: connection can be kept alive for 3 MINUTES
2024-07-24 14:30:34.067 [Test worker] DEBUG c.g.d.z.s.o.a.hc.client5.http.wire - http-outgoing-15 << "35f[\r][\n]"
2024-07-24 14:30:34.067 [Test worker] DEBUG c.g.d.z.s.o.a.hc.client5.http.wire - http-outgoing-15 << "{"Platform":{"Name":"Docker Desktop 4.29.0 (145265)"},"Components":[{"Name":"Engine","Version":"26.0.0","Details":{"ApiVersion":"1.45","Arch":"amd64","BuildTime":"2024-03-20T15:18:01.000000000+00:00","Experimental":"false","GitCommit":"8b79278","GoVersion":"go1.21.8","KernelVersion":"5.15.153.1-microsoft-standard-WSL2","MinAPIVersion":"1.24","Os":"linux"}},{"Name":"containerd","Version":"1.6.28","Details":{"GitCommit":"ae07eda36dd25f8a1b98dfbf587313b99c0190bb"}},{"Name":"runc","Version":"1.1.12","Details":{"GitCommit":"v1.1.12-0-g51d5e94"}},{"Name":"docker-init","Version":"0.19.0","Details":{"GitCommit":"de40ad0"}}],"Version":"26.0.0","ApiVersion":"1.45","MinAPIVersion":"1.24","GitCommit":"8b79278","GoVersion":"go1.21.8","Os":"linux","Arch":"amd64","KernelVersion":"5.15.153.1-microsoft-standard-WSL2","BuildTime":"2024-03-20T15:18:01.000000000+00:00"}[\n]"
2024-07-24 14:30:34.067 [Test worker] DEBUG c.g.d.z.s.o.a.hc.client5.http.wire - http-outgoing-15 << "[\r][\n]"
2024-07-24 14:30:34.067 [Test worker] DEBUG c.g.d.z.s.o.a.hc.client5.http.wire - http-outgoing-15 << "0[\r][\n]"
2024-07-24 14:30:34.067 [Test worker] DEBUG c.g.d.z.s.o.a.hc.client5.http.wire - http-outgoing-15 << "[\r][\n]"
2024-07-24 14:30:34.067 [Test worker] DEBUG c.g.d.z.s.o.a.h.c.h.i.c.InternalHttpClient - ep-000000A7: releasing valid endpoint
2024-07-24 14:30:34.067 [Test worker] DEBUG c.g.d.z.s.o.a.h.c.h.i.i.PoolingHttpClientConnectionManager - ep-000000A7: releasing endpoint
2024-07-24 14:30:34.068 [Test worker] DEBUG c.g.d.z.s.o.a.h.c.h.i.i.PoolingHttpClientConnectionManager - ep-000000A7: connection http-outgoing-15 can be kept alive for 3 MINUTES
2024-07-24 14:30:34.068 [Test worker] DEBUG c.g.d.z.s.o.a.h.c.h.i.i.PoolingHttpClientConnectionManager - ep-000000A7: connection released [route: {}->npipe://localhost:2375][total available: 1; route allocated: 1 of 2147483647; total allocated: 1 of 2147483647]
2024-07-24 14:30:34.068 [Test worker] TRACE o.t.s.c.g.d.c.e.LogContainerCmdExec - GET: DefaultWebTarget{path=[/containers/429aad1742374679350f33e4dd3981aa6466f782d7699865f9fe1f1ba15de6ab/logs], queryParams={stdout=[true], stderr=[true], follow=[true], since=[0]}}
2024-07-24 14:30:34.069 [docker-java-stream-1296536166] DEBUG c.g.d.z.s.o.a.h.c.h.i.c.InternalHttpClient - ex-000000A9: preparing request execution
2024-07-24 14:30:34.069 [docker-java-stream-1296536166] DEBUG c.g.d.z.s.o.a.h.c.h.p.RequestAddCookies - Cookie spec selected: strict
2024-07-24 14:30:34.069 [docker-java-stream-1296536166] DEBUG c.g.d.z.s.o.a.h.c.h.p.RequestAuthCache - Auth cache not set in the context
2024-07-24 14:30:34.069 [docker-java-stream-1296536166] DEBUG c.g.d.z.s.o.a.h.c.h.i.c.ProtocolExec - ex-000000A9: target auth state: UNCHALLENGED
2024-07-24 14:30:34.069 [docker-java-stream-1296536166] DEBUG c.g.d.z.s.o.a.h.c.h.i.c.ProtocolExec - ex-000000A9: proxy auth state: UNCHALLENGED
2024-07-24 14:30:34.069 [docker-java-stream-1296536166] DEBUG c.g.d.z.s.o.a.h.c.h.i.c.ConnectExec - ex-000000A9: acquiring connection with route {}->npipe://localhost:2375
2024-07-24 14:30:34.069 [docker-java-stream-1296536166] DEBUG c.g.d.z.s.o.a.h.c.h.i.c.InternalHttpClient - ex-000000A9: acquiring endpoint (3 MINUTES)
2024-07-24 14:30:34.069 [docker-java-stream-1296536166] DEBUG c.g.d.z.s.o.a.h.c.h.i.i.PoolingHttpClientConnectionManager - ex-000000A9: endpoint lease request (3 MINUTES) [route: {}->npipe://localhost:2375][total available: 1; route allocated: 1 of 2147483647; total allocated: 1 of 2147483647]
2024-07-24 14:30:34.069 [docker-java-stream-1296536166] DEBUG c.g.d.z.s.o.a.h.c.h.i.i.PoolingHttpClientConnectionManager - ex-000000A9: endpoint leased [route: {}->npipe://localhost:2375][total available: 0; route allocated: 1 of 2147483647; total allocated: 1 of 2147483647]
2024-07-24 14:30:34.069 [docker-java-stream-1296536166] DEBUG c.g.d.z.s.o.a.h.c.h.i.i.PoolingHttpClientConnectionManager - ex-000000A9: acquired ep-000000A8
2024-07-24 14:30:34.069 [docker-java-stream-1296536166] DEBUG c.g.d.z.s.o.a.h.c.h.i.c.InternalHttpClient - ex-000000A9: acquired endpoint ep-000000A8
2024-07-24 14:30:34.069 [docker-java-stream-1296536166] DEBUG c.g.d.z.s.o.a.h.c.h.i.c.MainClientExec - ex-000000A9: executing GET /v1.32/containers/429aad1742374679350f33e4dd3981aa6466f782d7699865f9fe1f1ba15de6ab/logs?stdout=true&stderr=true&follow=true&since=0 HTTP/1.1
2024-07-24 14:30:34.069 [docker-java-stream-1296536166] DEBUG c.g.d.z.s.o.a.h.c.h.i.c.InternalHttpClient - ep-000000A8: start execution ex-000000A9
2024-07-24 14:30:34.069 [docker-java-stream-1296536166] DEBUG c.g.d.z.s.o.a.h.c.h.i.i.PoolingHttpClientConnectionManager - ep-000000A8: executing exchange ex-000000A9 over http-outgoing-15
2024-07-24 14:30:34.069 [docker-java-stream-1296536166] DEBUG c.g.d.z.s.o.a.h.client5.http.headers - http-outgoing-15 >> GET /v1.32/containers/429aad1742374679350f33e4dd3981aa6466f782d7699865f9fe1f1ba15de6ab/logs?stdout=true&stderr=true&follow=true&since=0 HTTP/1.1
2024-07-24 14:30:34.069 [docker-java-stream-1296536166] DEBUG c.g.d.z.s.o.a.h.client5.http.headers - http-outgoing-15 >> x-tc-sid: 280e6229-7396-4d60-b1e3-a5de48b5d49b
2024-07-24 14:30:34.069 [docker-java-stream-1296536166] DEBUG c.g.d.z.s.o.a.h.client5.http.headers - http-outgoing-15 >> User-Agent: tc-java/1.19.8
2024-07-24 14:30:34.069 [docker-java-stream-1296536166] DEBUG c.g.d.z.s.o.a.h.client5.http.headers - http-outgoing-15 >> Accept-Encoding: gzip, x-gzip, deflate
2024-07-24 14:30:34.069 [docker-java-stream-1296536166] DEBUG c.g.d.z.s.o.a.h.client5.http.headers - http-outgoing-15 >> Host: localhost:2375
2024-07-24 14:30:34.069 [docker-java-stream-1296536166] DEBUG c.g.d.z.s.o.a.h.client5.http.headers - http-outgoing-15 >> Connection: keep-alive
2024-07-24 14:30:34.069 [docker-java-stream-1296536166] DEBUG c.g.d.z.s.o.a.hc.client5.http.wire - http-outgoing-15 >> "GET /v1.32/containers/429aad1742374679350f33e4dd3981aa6466f782d7699865f9fe1f1ba15de6ab/logs?stdout=true&stderr=true&follow=true&since=0 HTTP/1.1[\r][\n]"
2024-07-24 14:30:34.069 [docker-java-stream-1296536166] DEBUG c.g.d.z.s.o.a.hc.client5.http.wire - http-outgoing-15 >> "x-tc-sid: 280e6229-7396-4d60-b1e3-a5de48b5d49b[\r][\n]"
2024-07-24 14:30:34.069 [docker-java-stream-1296536166] DEBUG c.g.d.z.s.o.a.hc.client5.http.wire - http-outgoing-15 >> "User-Agent: tc-java/1.19.8[\r][\n]"
2024-07-24 14:30:34.069 [docker-java-stream-1296536166] DEBUG c.g.d.z.s.o.a.hc.client5.http.wire - http-outgoing-15 >> "Accept-Encoding: gzip, x-gzip, deflate[\r][\n]"
2024-07-24 14:30:34.069 [docker-java-stream-1296536166] DEBUG c.g.d.z.s.o.a.hc.client5.http.wire - http-outgoing-15 >> "Host: localhost:2375[\r][\n]"
2024-07-24 14:30:34.069 [docker-java-stream-1296536166] DEBUG c.g.d.z.s.o.a.hc.client5.http.wire - http-outgoing-15 >> "Connection: keep-alive[\r][\n]"
2024-07-24 14:30:34.069 [docker-java-stream-1296536166] DEBUG c.g.d.z.s.o.a.hc.client5.http.wire - http-outgoing-15 >> "[\r][\n]"
2024-07-24 14:30:34.072 [docker-java-stream-1296536166] DEBUG c.g.d.z.s.o.a.hc.client5.http.wire - http-outgoing-15 << "HTTP/1.1 200 OK[\r][\n]"
2024-07-24 14:30:34.073 [docker-java-stream-1296536166] DEBUG c.g.d.z.s.o.a.hc.client5.http.wire - http-outgoing-15 << "Api-Version: 1.45[\r][\n]"
2024-07-24 14:30:34.073 [docker-java-stream-1296536166] DEBUG c.g.d.z.s.o.a.hc.client5.http.wire - http-outgoing-15 << "Content-Type: application/vnd.docker.raw-stream[\r][\n]"
2024-07-24 14:30:34.073 [docker-java-stream-1296536166] DEBUG c.g.d.z.s.o.a.hc.client5.http.wire - http-outgoing-15 << "Date: Wed, 24 Jul 2024 02:30:34 GMT[\r][\n]"
2024-07-24 14:30:34.073 [docker-java-stream-1296536166] DEBUG c.g.d.z.s.o.a.hc.client5.http.wire - http-outgoing-15 << "Docker-Experimental: false[\r][\n]"
2024-07-24 14:30:34.073 [docker-java-stream-1296536166] DEBUG c.g.d.z.s.o.a.hc.client5.http.wire - http-outgoing-15 << "Ostype: linux[\r][\n]"
2024-07-24 14:30:34.073 [docker-java-stream-1296536166] DEBUG c.g.d.z.s.o.a.hc.client5.http.wire - http-outgoing-15 << "Server: Docker/26.0.0 (linux)[\r][\n]"
2024-07-24 14:30:34.073 [docker-java-stream-1296536166] DEBUG c.g.d.z.s.o.a.hc.client5.http.wire - http-outgoing-15 << "Transfer-Encoding: chunked[\r][\n]"
2024-07-24 14:30:34.073 [docker-java-stream-1296536166] DEBUG c.g.d.z.s.o.a.hc.client5.http.wire - http-outgoing-15 << "[\r][\n]"
2024-07-24 14:30:34.073 [docker-java-stream-1296536166] DEBUG c.g.d.z.s.o.a.h.client5.http.headers - http-outgoing-15 << HTTP/1.1 200 OK
2024-07-24 14:30:34.073 [docker-java-stream-1296536166] DEBUG c.g.d.z.s.o.a.h.client5.http.headers - http-outgoing-15 << Api-Version: 1.45
2024-07-24 14:30:34.073 [docker-java-stream-1296536166] DEBUG c.g.d.z.s.o.a.h.client5.http.headers - http-outgoing-15 << Content-Type: application/vnd.docker.raw-stream
2024-07-24 14:30:34.073 [docker-java-stream-1296536166] DEBUG c.g.d.z.s.o.a.h.client5.http.headers - http-outgoing-15 << Date: Wed, 24 Jul 2024 02:30:34 GMT
2024-07-24 14:30:34.073 [docker-java-stream-1296536166] DEBUG c.g.d.z.s.o.a.h.client5.http.headers - http-outgoing-15 << Docker-Experimental: false
2024-07-24 14:30:34.073 [docker-java-stream-1296536166] DEBUG c.g.d.z.s.o.a.h.client5.http.headers - http-outgoing-15 << Ostype: linux
2024-07-24 14:30:34.073 [docker-java-stream-1296536166] DEBUG c.g.d.z.s.o.a.h.client5.http.headers - http-outgoing-15 << Server: Docker/26.0.0 (linux)
2024-07-24 14:30:34.073 [docker-java-stream-1296536166] DEBUG c.g.d.z.s.o.a.h.client5.http.headers - http-outgoing-15 << Transfer-Encoding: chunked
2024-07-24 14:30:34.073 [docker-java-stream-1296536166] DEBUG c.g.d.z.s.o.a.h.c.h.i.c.MainClientExec - ex-000000A9: connection can be kept alive for 3 MINUTES
2024-07-24 14:30:34.073 [docker-java-stream-1296536166] DEBUG c.g.d.z.s.o.a.hc.client5.http.wire - http-outgoing-15 << "de[\r][\n]"
2024-07-24 14:30:34.073 [docker-java-stream-1296536166] DEBUG c.g.d.z.s.o.a.hc.client5.http.wire - http-outgoing-15 << "[0x1][0x0][0x0][0x0][0x0][0x0][0x0]NThe files belonging to this database system will be owned by user "postgres".[\n]"
2024-07-24 14:30:34.073 [docker-java-stream-1296536166] DEBUG c.g.d.z.s.o.a.hc.client5.http.wire - http-outgoing-15 << "[0x1][0x0][0x0][0x0][0x0][0x0][0x0],This user must also own the server process.[\n]"
2024-07-24 14:30:34.073 [docker-java-stream-1296536166] DEBUG c.g.d.z.s.o.a.hc.client5.http.wire - http-outgoing-15 << "[0x1][0x0][0x0][0x0][0x0][0x0][0x0][0x1][\n]"
2024-07-24 14:30:34.073 [docker-java-stream-1296536166] DEBUG c.g.d.z.s.o.a.hc.client5.http.wire - http-outgoing-15 << "[0x1][0x0][0x0][0x0][0x0][0x0][0x0]CThe database cluster will be initialized with locale "en_US.utf8".[\n]"
2024-07-24 14:30:34.073 [docker-java-stream-1296536166] DEBUG c.g.d.z.s.o.a.hc.client5.http.wire - http-outgoing-15 << "[\r][\n]"
2024-07-24 14:30:34.073 [docker-java-stream-1296536166] DEBUG c.g.d.z.s.o.a.hc.client5.http.wire - http-outgoing-15 << "11f[\r][\n]"
2024-07-24 14:30:34.073 [docker-java-stream-1296536166] DEBUG c.g.d.z.s.o.a.hc.client5.http.wire - http-outgoing-15 << "[0x1][0x0][0x0][0x0][0x0][0x0][0x0]BThe default database encoding has accordingly been set to "UTF8".[\n]"
2024-07-24 14:30:34.073 [docker-java-stream-1296536166] DEBUG c.g.d.z.s.o.a.hc.client5.http.wire - http-outgoing-15 << "[0x1][0x0][0x0][0x0][0x0][0x0][0x0]@The default text search configuration will be set to "english".[\n]"
2024-07-24 14:30:34.073 [docker-java-stream-1296536166] DEBUG c.g.d.z.s.o.a.hc.client5.http.wire - http-outgoing-15 << "[0x1][0x0][0x0][0x0][0x0][0x0][0x0][0x1][\n]"
2024-07-24 14:30:34.073 [docker-java-stream-1296536166] DEBUG c.g.d.z.s.o.a.hc.client5.http.wire - http-outgoing-15 << "[0x1][0x0][0x0][0x0][0x0][0x0][0x0]"Data page checksums are disabled.[\n]"
2024-07-24 14:30:34.073 [docker-java-stream-1296536166] DEBUG c.g.d.z.s.o.a.hc.client5.http.wire - http-outgoing-15 << "[0x1][0x0][0x0][0x0][0x0][0x0][0x0][0x1][\n]"
2024-07-24 14:30:34.073 [docker-java-stream-1296536166] DEBUG c.g.d.z.s.o.a.hc.client5.http.wire - http-outgoing-15 << "[0x1][0x0][0x0][0x0][0x0][0x0][0x0]Ifixing permissions on existing directory /var/lib/postgresql/data ... ok[\n]"
2024-07-24 14:30:34.073 [docker-java-stream-1296536166] DEBUG c.g.d.z.s.o.a.hc.client5.http.wire - http-outgoing-15 << "[\r][\n]"
2024-07-24 14:30:34.073 [Test worker] DEBUG o.t.c.output.WaitingConsumer - STDOUT: The database cluster will be initialized with locale "en_US.utf8".
2024-07-24 14:30:34.073 [Test worker] DEBUG o.t.c.output.WaitingConsumer - STDOUT: fixing permissions on existing directory /var/lib/postgresql/data ... ok
2024-07-24 14:30:34.073 [Test worker] DEBUG o.t.c.output.WaitingConsumer - STDOUT: 
2024-07-24 14:30:34.073 [Test worker] DEBUG o.t.c.output.WaitingConsumer - STDOUT: Data page checksums are disabled.
2024-07-24 14:30:34.073 [Test worker] DEBUG o.t.c.output.WaitingConsumer - STDOUT: 
2024-07-24 14:30:34.073 [Test worker] DEBUG o.t.c.output.WaitingConsumer - STDOUT: The default text search configuration will be set to "english".
2024-07-24 14:30:34.073 [Test worker] DEBUG o.t.c.output.WaitingConsumer - STDOUT: The default database encoding has accordingly been set to "UTF8".
2024-07-24 14:30:34.073 [Test worker] DEBUG o.t.c.output.WaitingConsumer - STDOUT: 
2024-07-24 14:30:34.073 [Test worker] DEBUG o.t.c.output.WaitingConsumer - STDOUT: This user must also own the server process.
2024-07-24 14:30:34.073 [Test worker] DEBUG o.t.c.output.WaitingConsumer - STDOUT: The files belonging to this database system will be owned by user "postgres".
2024-07-24 14:30:34.077 [docker-java-stream-1296536166] DEBUG c.g.d.z.s.o.a.hc.client5.http.wire - http-outgoing-15 << "27[\r][\n]"
2024-07-24 14:30:34.077 [docker-java-stream-1296536166] DEBUG c.g.d.z.s.o.a.hc.client5.http.wire - http-outgoing-15 << "[0x1][0x0][0x0][0x0][0x0][0x0][0x0][0x1f]creating subdirectories ... ok[\n]"
2024-07-24 14:30:34.077 [docker-java-stream-1296536166] DEBUG c.g.d.z.s.o.a.hc.client5.http.wire - http-outgoing-15 << "[\r][\n]"
2024-07-24 14:30:34.077 [docker-java-stream-1296536166] DEBUG c.g.d.z.s.o.a.hc.client5.http.wire - http-outgoing-15 << "41[\r][\n]"
2024-07-24 14:30:34.077 [docker-java-stream-1296536166] DEBUG c.g.d.z.s.o.a.hc.client5.http.wire - http-outgoing-15 << "[0x1][0x0][0x0][0x0][0x0][0x0][0x0]9selecting dynamic shared memory implementation ... posix[\n]"
2024-07-24 14:30:34.077 [docker-java-stream-1296536166] DEBUG c.g.d.z.s.o.a.hc.client5.http.wire - http-outgoing-15 << "[\r][\n]"
2024-07-24 14:30:34.096 [docker-java-stream-1296536166] DEBUG c.g.d.z.s.o.a.hc.client5.http.wire - http-outgoing-15 << "32[\r][\n]"
2024-07-24 14:30:34.096 [docker-java-stream-1296536166] DEBUG c.g.d.z.s.o.a.hc.client5.http.wire - http-outgoing-15 << "[0x1][0x0][0x0][0x0][0x0][0x0][0x0]*selecting default max_connections ... 100[\n]"
2024-07-24 14:30:34.096 [docker-java-stream-1296536166] DEBUG c.g.d.z.s.o.a.hc.client5.http.wire - http-outgoing-15 << "[\r][\n]"
2024-07-24 14:30:34.096 [Test worker] DEBUG o.t.c.output.WaitingConsumer - STDOUT: selecting default max_connections ... 100
2024-07-24 14:30:34.096 [Test worker] DEBUG o.t.c.output.WaitingConsumer - STDOUT: selecting dynamic shared memory implementation ... posix
2024-07-24 14:30:34.096 [Test worker] DEBUG o.t.c.output.WaitingConsumer - STDOUT: creating subdirectories ... ok
2024-07-24 14:30:34.117 [docker-java-stream-1296536166] DEBUG c.g.d.z.s.o.a.hc.client5.http.wire - http-outgoing-15 << "33[\r][\n]"
2024-07-24 14:30:34.118 [docker-java-stream-1296536166] DEBUG c.g.d.z.s.o.a.hc.client5.http.wire - http-outgoing-15 << "[0x1][0x0][0x0][0x0][0x0][0x0][0x0]+selecting default shared_buffers ... 128MB[\n]"
2024-07-24 14:30:34.118 [docker-java-stream-1296536166] DEBUG c.g.d.z.s.o.a.hc.client5.http.wire - http-outgoing-15 << "[\r][\n]"
2024-07-24 14:30:34.118 [Test worker] DEBUG o.t.c.output.WaitingConsumer - STDOUT: selecting default shared_buffers ... 128MB
2024-07-24 14:30:34.137 [docker-java-stream-1296536166] DEBUG c.g.d.z.s.o.a.hc.client5.http.wire - http-outgoing-15 << "30[\r][\n]"
2024-07-24 14:30:34.138 [docker-java-stream-1296536166] DEBUG c.g.d.z.s.o.a.hc.client5.http.wire - http-outgoing-15 << "[0x1][0x0][0x0][0x0][0x0][0x0][0x0](selecting default time zone ... Etc/UTC[\n]"
2024-07-24 14:30:34.138 [docker-java-stream-1296536166] DEBUG c.g.d.z.s.o.a.hc.client5.http.wire - http-outgoing-15 << "[\r][\n]"
2024-07-24 14:30:34.138 [docker-java-stream-1296536166] DEBUG c.g.d.z.s.o.a.hc.client5.http.wire - http-outgoing-15 << "2c[\r][\n]"
2024-07-24 14:30:34.138 [docker-java-stream-1296536166] DEBUG c.g.d.z.s.o.a.hc.client5.http.wire - http-outgoing-15 << "[0x1][0x0][0x0][0x0][0x0][0x0][0x0]$creating configuration files ... ok[\n]"
2024-07-24 14:30:34.138 [docker-java-stream-1296536166] DEBUG c.g.d.z.s.o.a.hc.client5.http.wire - http-outgoing-15 << "[\r][\n]"
2024-07-24 14:30:34.142 [Test worker] DEBUG o.t.c.output.WaitingConsumer - STDOUT: creating configuration files ... ok
2024-07-24 14:30:34.143 [Test worker] DEBUG o.t.c.output.WaitingConsumer - STDOUT: selecting default time zone ... Etc/UTC
2024-07-24 14:30:34.270 [docker-java-stream-1296536166] DEBUG c.g.d.z.s.o.a.hc.client5.http.wire - http-outgoing-15 << "28[\r][\n]"
2024-07-24 14:30:34.270 [docker-java-stream-1296536166] DEBUG c.g.d.z.s.o.a.hc.client5.http.wire - http-outgoing-15 << "[0x1][0x0][0x0][0x0][0x0][0x0][0x0] running bootstrap script ... ok[\n]"
2024-07-24 14:30:34.270 [docker-java-stream-1296536166] DEBUG c.g.d.z.s.o.a.hc.client5.http.wire - http-outgoing-15 << "[\r][\n]"
2024-07-24 14:30:34.283 [Test worker] DEBUG o.t.c.output.WaitingConsumer - STDOUT: running bootstrap script ... ok
2024-07-24 14:30:34.604 [docker-java-stream-1296536166] DEBUG c.g.d.z.s.o.a.hc.client5.http.wire - http-outgoing-15 << "38[\r][\n]"
2024-07-24 14:30:34.604 [docker-java-stream-1296536166] DEBUG c.g.d.z.s.o.a.hc.client5.http.wire - http-outgoing-15 << "[0x1][0x0][0x0][0x0][0x0][0x0][0x0]0performing post-bootstrap initialization ... ok[\n]"
2024-07-24 14:30:34.604 [docker-java-stream-1296536166] DEBUG c.g.d.z.s.o.a.hc.client5.http.wire - http-outgoing-15 << "[\r][\n]"
2024-07-24 14:30:34.604 [Test worker] DEBUG o.t.c.output.WaitingConsumer - STDOUT: performing post-bootstrap initialization ... ok
2024-07-24 14:30:35.134 [docker-java-stream-1296536166] DEBUG c.g.d.z.s.o.a.hc.client5.http.wire - http-outgoing-15 << "1ad[\r][\n]"
2024-07-24 14:30:35.134 [docker-java-stream-1296536166] DEBUG c.g.d.z.s.o.a.hc.client5.http.wire - http-outgoing-15 << "[0x2][0x0][0x0][0x0][0x0][0x0][0x0]Ginitdb: warning: enabling "trust" authentication for local connections[\n]"
2024-07-24 14:30:35.134 [docker-java-stream-1296536166] DEBUG c.g.d.z.s.o.a.hc.client5.http.wire - http-outgoing-15 << "[0x2][0x0][0x0][0x0][0x0][0x0][0x0][0xffffff90]initdb: hint: You can change this by editing pg_hba.conf or using the option -A, or --auth-local and --auth-host, the next time you run initdb.[\n]"
2024-07-24 14:30:35.134 [docker-java-stream-1296536166] DEBUG c.g.d.z.s.o.a.hc.client5.http.wire - http-outgoing-15 << "[0x1][0x0][0x0][0x0][0x0][0x0][0x0][0x1c]syncing data to disk ... ok[\n]"
2024-07-24 14:30:35.134 [docker-java-stream-1296536166] DEBUG c.g.d.z.s.o.a.hc.client5.http.wire - http-outgoing-15 << "[0x1][0x0][0x0][0x0][0x0][0x0][0x0][0x1][\n]"
2024-07-24 14:30:35.134 [docker-java-stream-1296536166] DEBUG c.g.d.z.s.o.a.hc.client5.http.wire - http-outgoing-15 << "[0x1][0x0][0x0][0x0][0x0][0x0][0x0][0x1][\n]"
2024-07-24 14:30:35.134 [docker-java-stream-1296536166] DEBUG c.g.d.z.s.o.a.hc.client5.http.wire - http-outgoing-15 << "[0x1][0x0][0x0][0x0][0x0][0x0][0x0]6Success. You can now start the database server using:[\n]"
2024-07-24 14:30:35.134 [docker-java-stream-1296536166] DEBUG c.g.d.z.s.o.a.hc.client5.http.wire - http-outgoing-15 << "[0x1][0x0][0x0][0x0][0x0][0x0][0x0][0x1][\n]"
2024-07-24 14:30:35.134 [docker-java-stream-1296536166] DEBUG c.g.d.z.s.o.a.hc.client5.http.wire - http-outgoing-15 << "[0x1][0x0][0x0][0x0][0x0][0x0][0x0]8    pg_ctl -D /var/lib/postgresql/data -l logfile start[\n]"
2024-07-24 14:30:35.134 [docker-java-stream-1296536166] DEBUG c.g.d.z.s.o.a.hc.client5.http.wire - http-outgoing-15 << "[0x1][0x0][0x0][0x0][0x0][0x0][0x0][0x1][\n]"
2024-07-24 14:30:35.134 [docker-java-stream-1296536166] DEBUG c.g.d.z.s.o.a.hc.client5.http.wire - http-outgoing-15 << "[\r][\n]"
2024-07-24 14:30:35.134 [Test worker] DEBUG o.t.c.output.WaitingConsumer - STDOUT: 
2024-07-24 14:30:35.135 [Test worker] DEBUG o.t.c.output.WaitingConsumer - STDOUT: 
2024-07-24 14:30:35.135 [Test worker] DEBUG o.t.c.output.WaitingConsumer - STDOUT:     pg_ctl -D /var/lib/postgresql/data -l logfile start
2024-07-24 14:30:35.135 [Test worker] DEBUG o.t.c.output.WaitingConsumer - STDOUT: Success. You can now start the database server using:
2024-07-24 14:30:35.135 [Test worker] DEBUG o.t.c.output.WaitingConsumer - STDOUT: 
2024-07-24 14:30:35.135 [Test worker] DEBUG o.t.c.output.WaitingConsumer - STDOUT: 
2024-07-24 14:30:35.135 [Test worker] DEBUG o.t.c.output.WaitingConsumer - STDOUT: syncing data to disk ... ok
2024-07-24 14:30:35.135 [Test worker] DEBUG o.t.c.output.WaitingConsumer - STDERR: initdb: hint: You can change this by editing pg_hba.conf or using the option -A, or --auth-local and --auth-host, the next time you run initdb.
2024-07-24 14:30:35.135 [Test worker] DEBUG o.t.c.output.WaitingConsumer - STDERR: initdb: warning: enabling "trust" authentication for local connections
2024-07-24 14:30:35.172 [docker-java-stream-1296536166] DEBUG c.g.d.z.s.o.a.hc.client5.http.wire - http-outgoing-15 << "137[\r][\n]"
2024-07-24 14:30:35.172 [docker-java-stream-1296536166] DEBUG c.g.d.z.s.o.a.hc.client5.http.wire - http-outgoing-15 << "[0x1][0x0][0x0][0x0][0x0][0x0][0x0][0xffffffc3]waiting for server to start....2024-07-24 02:30:35.171 UTC [48] LOG:  starting PostgreSQL 16.2 (Debian 16.2-1.pgdg120+2) on x86_64-pc-linux-gnu, compiled by gcc (Debian 12.2.0-14) 12.2.0, 64-bit[\n]"
2024-07-24 14:30:35.172 [docker-java-stream-1296536166] DEBUG c.g.d.z.s.o.a.hc.client5.http.wire - http-outgoing-15 << "[0x1][0x0][0x0][0x0][0x0][0x0][0x0]d2024-07-24 02:30:35.171 UTC [48] LOG:  listening on Unix socket "/var/run/postgresql/.s.PGSQL.5432"[\n]"
2024-07-24 14:30:35.172 [docker-java-stream-1296536166] DEBUG c.g.d.z.s.o.a.hc.client5.http.wire - http-outgoing-15 << "[\r][\n]"
2024-07-24 14:30:35.172 [Test worker] DEBUG o.t.c.output.WaitingConsumer - STDOUT: 2024-07-24 02:30:35.171 UTC [48] LOG:  listening on Unix socket "/var/run/postgresql/.s.PGSQL.5432"
2024-07-24 14:30:35.172 [Test worker] DEBUG o.t.c.output.WaitingConsumer - STDOUT: waiting for server to start....2024-07-24 02:30:35.171 UTC [48] LOG:  starting PostgreSQL 16.2 (Debian 16.2-1.pgdg120+2) on x86_64-pc-linux-gnu, compiled by gcc (Debian 12.2.0-14) 12.2.0, 64-bit
2024-07-24 14:30:35.174 [docker-java-stream-1296536166] DEBUG c.g.d.z.s.o.a.hc.client5.http.wire - http-outgoing-15 << "68[\r][\n]"
2024-07-24 14:30:35.174 [docker-java-stream-1296536166] DEBUG c.g.d.z.s.o.a.hc.client5.http.wire - http-outgoing-15 << "[0x1][0x0][0x0][0x0][0x0][0x0][0x0]`2024-07-24 02:30:35.174 UTC [51] LOG:  database system was shut down at 2024-07-24 02:30:34 UTC[\n]"
2024-07-24 14:30:35.174 [docker-java-stream-1296536166] DEBUG c.g.d.z.s.o.a.hc.client5.http.wire - http-outgoing-15 << "[\r][\n]"
2024-07-24 14:30:35.177 [docker-java-stream-1296536166] DEBUG c.g.d.z.s.o.a.hc.client5.http.wire - http-outgoing-15 << "5e[\r][\n]"
2024-07-24 14:30:35.177 [docker-java-stream-1296536166] DEBUG c.g.d.z.s.o.a.hc.client5.http.wire - http-outgoing-15 << "[0x1][0x0][0x0][0x0][0x0][0x0][0x0]V2024-07-24 02:30:35.177 UTC [48] LOG:  database system is ready to accept connections[\n]"
2024-07-24 14:30:35.177 [docker-java-stream-1296536166] DEBUG c.g.d.z.s.o.a.hc.client5.http.wire - http-outgoing-15 << "[\r][\n]"
2024-07-24 14:30:35.197 [Test worker] DEBUG o.t.c.output.WaitingConsumer - STDOUT: 2024-07-24 02:30:35.177 UTC [48] LOG:  database system is ready to accept connections
2024-07-24 14:30:35.197 [Test worker] DEBUG o.t.c.output.WaitingConsumer - STDOUT: 2024-07-24 02:30:35.174 UTC [51] LOG:  database system was shut down at 2024-07-24 02:30:34 UTC
2024-07-24 14:30:35.257 [docker-java-stream-1296536166] DEBUG c.g.d.z.s.o.a.hc.client5.http.wire - http-outgoing-15 << "25[\r][\n]"
2024-07-24 14:30:35.257 [docker-java-stream-1296536166] DEBUG c.g.d.z.s.o.a.hc.client5.http.wire - http-outgoing-15 << "[0x1][0x0][0x0][0x0][0x0][0x0][0x0][0x6] done[\n]"
2024-07-24 14:30:35.257 [docker-java-stream-1296536166] DEBUG c.g.d.z.s.o.a.hc.client5.http.wire - http-outgoing-15 << "[0x1][0x0][0x0][0x0][0x0][0x0][0x0][0xf]server started[\n]"
2024-07-24 14:30:35.257 [docker-java-stream-1296536166] DEBUG c.g.d.z.s.o.a.hc.client5.http.wire - http-outgoing-15 << "[\r][\n]"
2024-07-24 14:30:35.257 [Test worker] DEBUG o.t.c.output.WaitingConsumer - STDOUT: server started
2024-07-24 14:30:35.257 [Test worker] DEBUG o.t.c.output.WaitingConsumer - STDOUT:  done
2024-07-24 14:30:35.345 [docker-java-stream-1296536166] DEBUG c.g.d.z.s.o.a.hc.client5.http.wire - http-outgoing-15 << "18[\r][\n]"
2024-07-24 14:30:35.345 [docker-java-stream-1296536166] DEBUG c.g.d.z.s.o.a.hc.client5.http.wire - http-outgoing-15 << "[0x1][0x0][0x0][0x0][0x0][0x0][0x0][0x10]CREATE DATABASE[\n]"
2024-07-24 14:30:35.345 [docker-java-stream-1296536166] DEBUG c.g.d.z.s.o.a.hc.client5.http.wire - http-outgoing-15 << "[\r][\n]"
2024-07-24 14:30:35.346 [Test worker] DEBUG o.t.c.output.WaitingConsumer - STDOUT: CREATE DATABASE
2024-07-24 14:30:35.346 [docker-java-stream-1296536166] DEBUG c.g.d.z.s.o.a.hc.client5.http.wire - http-outgoing-15 << "6f[\r][\n]"
2024-07-24 14:30:35.346 [docker-java-stream-1296536166] DEBUG c.g.d.z.s.o.a.hc.client5.http.wire - http-outgoing-15 << "[0x1][0x0][0x0][0x0][0x0][0x0][0x0][0x1][\n]"
2024-07-24 14:30:35.346 [docker-java-stream-1296536166] DEBUG c.g.d.z.s.o.a.hc.client5.http.wire - http-outgoing-15 << "[0x1][0x0][0x0][0x0][0x0][0x0][0x0][0x1][\n]"
2024-07-24 14:30:35.346 [docker-java-stream-1296536166] DEBUG c.g.d.z.s.o.a.hc.client5.http.wire - http-outgoing-15 << "[0x1][0x0][0x0][0x0][0x0][0x0][0x0]L/usr/local/bin/docker-entrypoint.sh: ignoring /docker-entrypoint-initdb.d/*[\n]"
2024-07-24 14:30:35.346 [docker-java-stream-1296536166] DEBUG c.g.d.z.s.o.a.hc.client5.http.wire - http-outgoing-15 << "[0x1][0x0][0x0][0x0][0x0][0x0][0x0][0x1][\n]"
2024-07-24 14:30:35.346 [docker-java-stream-1296536166] DEBUG c.g.d.z.s.o.a.hc.client5.http.wire - http-outgoing-15 << "[\r][\n]"
2024-07-24 14:30:35.348 [docker-java-stream-1296536166] DEBUG c.g.d.z.s.o.a.hc.client5.http.wire - http-outgoing-15 << "c0[\r][\n]"
2024-07-24 14:30:35.348 [docker-java-stream-1296536166] DEBUG c.g.d.z.s.o.a.hc.client5.http.wire - http-outgoing-15 << "[0x1][0x0][0x0][0x0][0x0][0x0][0x0]hwaiting for server to shut down...2024-07-24 02:30:35.347 UTC [48] LOG:  received fast shutdown request[\n]"
2024-07-24 14:30:35.348 [docker-java-stream-1296536166] DEBUG c.g.d.z.s.o.a.hc.client5.http.wire - http-outgoing-15 << "[0x1][0x0][0x0][0x0][0x0][0x0][0x0]H2024-07-24 02:30:35.347 UTC [48] LOG:  aborting any active transactions[\n]"
2024-07-24 14:30:35.348 [docker-java-stream-1296536166] DEBUG c.g.d.z.s.o.a.hc.client5.http.wire - http-outgoing-15 << "[\r][\n]"
2024-07-24 14:30:35.349 [docker-java-stream-1296536166] DEBUG c.g.d.z.s.o.a.hc.client5.http.wire - http-outgoing-15 << "82[\r][\n]"
2024-07-24 14:30:35.349 [docker-java-stream-1296536166] DEBUG c.g.d.z.s.o.a.hc.client5.http.wire - http-outgoing-15 << "[0x1][0x0][0x0][0x0][0x0][0x0][0x0]z.2024-07-24 02:30:35.349 UTC [48] LOG:  background worker "logical replication launcher" (PID 54) exited with exit code 1[\n]"
2024-07-24 14:30:35.349 [docker-java-stream-1296536166] DEBUG c.g.d.z.s.o.a.hc.client5.http.wire - http-outgoing-15 << "[\r][\n]"
2024-07-24 14:30:35.350 [docker-java-stream-1296536166] DEBUG c.g.d.z.s.o.a.hc.client5.http.wire - http-outgoing-15 << "94[\r][\n]"
2024-07-24 14:30:35.350 [docker-java-stream-1296536166] DEBUG c.g.d.z.s.o.a.hc.client5.http.wire - http-outgoing-15 << "[0x1][0x0][0x0][0x0][0x0][0x0][0x0]52024-07-24 02:30:35.349 UTC [49] LOG:  shutting down[\n]"
2024-07-24 14:30:35.350 [docker-java-stream-1296536166] DEBUG c.g.d.z.s.o.a.hc.client5.http.wire - http-outgoing-15 << "[0x1][0x0][0x0][0x0][0x0][0x0][0x0]O2024-07-24 02:30:35.349 UTC [49] LOG:  checkpoint starting: shutdown immediate[\n]"
2024-07-24 14:30:35.350 [docker-java-stream-1296536166] DEBUG c.g.d.z.s.o.a.hc.client5.http.wire - http-outgoing-15 << "[\r][\n]"
2024-07-24 14:30:35.360 [docker-java-stream-1296536166] DEBUG c.g.d.z.s.o.a.hc.client5.http.wire - http-outgoing-15 << "12c[\r][\n]"
2024-07-24 14:30:35.360 [docker-java-stream-1296536166] DEBUG c.g.d.z.s.o.a.hc.client5.http.wire - http-outgoing-15 << "[0x1][0x0][0x0][0x0][0x0][0x0][0x1]$2024-07-24 02:30:35.360 UTC [49] LOG:  checkpoint complete: wrote 923 buffers (5.6%); 0 WAL file(s) added, 0 removed, 0 recycled; write=0.010 s, sync=0.001 s, total=0.011 s; sync files=0, longest=0.000 s, average=0.000 s; distance=4257 kB, estimate=4257 kB; lsn=0/1913068, redo lsn=0/1913068[\n]"
2024-07-24 14:30:35.360 [docker-java-stream-1296536166] DEBUG c.g.d.z.s.o.a.hc.client5.http.wire - http-outgoing-15 << "[\r][\n]"
2024-07-24 14:30:35.367 [Test worker] DEBUG o.t.c.output.WaitingConsumer - STDOUT: 2024-07-24 02:30:35.360 UTC [49] LOG:  checkpoint complete: wrote 923 buffers (5.6%); 0 WAL file(s) added, 0 removed, 0 recycled; write=0.010 s, sync=0.001 s, total=0.011 s; sync files=0, longest=0.000 s, average=0.000 s; distance=4257 kB, estimate=4257 kB; lsn=0/1913068, redo lsn=0/1913068
2024-07-24 14:30:35.367 [Test worker] DEBUG o.t.c.output.WaitingConsumer - STDOUT: 2024-07-24 02:30:35.349 UTC [49] LOG:  checkpoint starting: shutdown immediate
2024-07-24 14:30:35.367 [Test worker] DEBUG o.t.c.output.WaitingConsumer - STDOUT: 2024-07-24 02:30:35.349 UTC [49] LOG:  shutting down
2024-07-24 14:30:35.367 [Test worker] DEBUG o.t.c.output.WaitingConsumer - STDOUT: .2024-07-24 02:30:35.349 UTC [48] LOG:  background worker "logical replication launcher" (PID 54) exited with exit code 1
2024-07-24 14:30:35.367 [Test worker] DEBUG o.t.c.output.WaitingConsumer - STDOUT: 2024-07-24 02:30:35.347 UTC [48] LOG:  aborting any active transactions
2024-07-24 14:30:35.367 [Test worker] DEBUG o.t.c.output.WaitingConsumer - STDOUT: waiting for server to shut down...2024-07-24 02:30:35.347 UTC [48] LOG:  received fast shutdown request
2024-07-24 14:30:35.367 [Test worker] DEBUG o.t.c.output.WaitingConsumer - STDOUT: 
2024-07-24 14:30:35.367 [Test worker] DEBUG o.t.c.output.WaitingConsumer - STDOUT: /usr/local/bin/docker-entrypoint.sh: ignoring /docker-entrypoint-initdb.d/*
2024-07-24 14:30:35.367 [Test worker] DEBUG o.t.c.output.WaitingConsumer - STDOUT: 
2024-07-24 14:30:35.367 [Test worker] DEBUG o.t.c.output.WaitingConsumer - STDOUT: 
2024-07-24 14:30:35.371 [docker-java-stream-1296536166] DEBUG c.g.d.z.s.o.a.hc.client5.http.wire - http-outgoing-15 << "4c[\r][\n]"
2024-07-24 14:30:35.371 [docker-java-stream-1296536166] DEBUG c.g.d.z.s.o.a.hc.client5.http.wire - http-outgoing-15 << "[0x1][0x0][0x0][0x0][0x0][0x0][0x0]D2024-07-24 02:30:35.369 UTC [48] LOG:  database system is shut down[\n]"
2024-07-24 14:30:35.371 [docker-java-stream-1296536166] DEBUG c.g.d.z.s.o.a.hc.client5.http.wire - http-outgoing-15 << "[\r][\n]"
2024-07-24 14:30:35.382 [Test worker] DEBUG o.t.c.output.WaitingConsumer - STDOUT: 2024-07-24 02:30:35.369 UTC [48] LOG:  database system is shut down
2024-07-24 14:30:35.448 [docker-java-stream-1296536166] DEBUG c.g.d.z.s.o.a.hc.client5.http.wire - http-outgoing-15 << "25[\r][\n]"
2024-07-24 14:30:35.449 [docker-java-stream-1296536166] DEBUG c.g.d.z.s.o.a.hc.client5.http.wire - http-outgoing-15 << "[0x1][0x0][0x0][0x0][0x0][0x0][0x0][0x6] done[\n]"
2024-07-24 14:30:35.449 [docker-java-stream-1296536166] DEBUG c.g.d.z.s.o.a.hc.client5.http.wire - http-outgoing-15 << "[0x1][0x0][0x0][0x0][0x0][0x0][0x0][0xf]server stopped[\n]"
2024-07-24 14:30:35.449 [docker-java-stream-1296536166] DEBUG c.g.d.z.s.o.a.hc.client5.http.wire - http-outgoing-15 << "[\r][\n]"
2024-07-24 14:30:35.449 [Test worker] DEBUG o.t.c.output.WaitingConsumer - STDOUT: server stopped
2024-07-24 14:30:35.449 [Test worker] DEBUG o.t.c.output.WaitingConsumer - STDOUT:  done
2024-07-24 14:30:35.450 [docker-java-stream-1296536166] DEBUG c.g.d.z.s.o.a.hc.client5.http.wire - http-outgoing-15 << "50[\r][\n]"
2024-07-24 14:30:35.450 [docker-java-stream-1296536166] DEBUG c.g.d.z.s.o.a.hc.client5.http.wire - http-outgoing-15 << "[0x1][0x0][0x0][0x0][0x0][0x0][0x0][0x1][\n]"
2024-07-24 14:30:35.450 [docker-java-stream-1296536166] DEBUG c.g.d.z.s.o.a.hc.client5.http.wire - http-outgoing-15 << "[0x1][0x0][0x0][0x0][0x0][0x0][0x0]6PostgreSQL init process complete; ready for start up.[\n]"
2024-07-24 14:30:35.450 [docker-java-stream-1296536166] DEBUG c.g.d.z.s.o.a.hc.client5.http.wire - http-outgoing-15 << "[0x1][0x0][0x0][0x0][0x0][0x0][0x0][0x1][\n]"
2024-07-24 14:30:35.450 [docker-java-stream-1296536166] DEBUG c.g.d.z.s.o.a.hc.client5.http.wire - http-outgoing-15 << "[\r][\n]"
2024-07-24 14:30:35.460 [Test worker] DEBUG o.t.c.output.WaitingConsumer - STDOUT: 
2024-07-24 14:30:35.460 [Test worker] DEBUG o.t.c.output.WaitingConsumer - STDOUT: PostgreSQL init process complete; ready for start up.
2024-07-24 14:30:35.460 [Test worker] DEBUG o.t.c.output.WaitingConsumer - STDOUT: 
2024-07-24 14:30:35.468 [docker-java-stream-1296536166] DEBUG c.g.d.z.s.o.a.hc.client5.http.wire - http-outgoing-15 << "1cb[\r][\n]"
2024-07-24 14:30:35.468 [docker-java-stream-1296536166] DEBUG c.g.d.z.s.o.a.hc.client5.http.wire - http-outgoing-15 << "[0x2][0x0][0x0][0x0][0x0][0x0][0x0][0xffffffa3]2024-07-24 02:30:35.467 UTC [1] LOG:  starting PostgreSQL 16.2 (Debian 16.2-1.pgdg120+2) on x86_64-pc-linux-gnu, compiled by gcc (Debian 12.2.0-14) 12.2.0, 64-bit[\n]"
2024-07-24 14:30:35.468 [docker-java-stream-1296536166] DEBUG c.g.d.z.s.o.a.hc.client5.http.wire - http-outgoing-15 << "[0x2][0x0][0x0][0x0][0x0][0x0][0x0]U2024-07-24 02:30:35.468 UTC [1] LOG:  listening on IPv4 address "0.0.0.0", port 5432[\n]"
2024-07-24 14:30:35.468 [docker-java-stream-1296536166] DEBUG c.g.d.z.s.o.a.hc.client5.http.wire - http-outgoing-15 << "[0x2][0x0][0x0][0x0][0x0][0x0][0x0]P2024-07-24 02:30:35.468 UTC [1] LOG:  listening on IPv6 address "::", port 5432[\n]"
2024-07-24 14:30:35.468 [docker-java-stream-1296536166] DEBUG c.g.d.z.s.o.a.hc.client5.http.wire - http-outgoing-15 << "[0x2][0x0][0x0][0x0][0x0][0x0][0x0]c2024-07-24 02:30:35.468 UTC [1] LOG:  listening on Unix socket "/var/run/postgresql/.s.PGSQL.5432"[\n]"
2024-07-24 14:30:35.468 [docker-java-stream-1296536166] DEBUG c.g.d.z.s.o.a.hc.client5.http.wire - http-outgoing-15 << "[\r][\n]"
2024-07-24 14:30:35.471 [docker-java-stream-1296536166] DEBUG c.g.d.z.s.o.a.hc.client5.http.wire - http-outgoing-15 << "68[\r][\n]"
2024-07-24 14:30:35.471 [docker-java-stream-1296536166] DEBUG c.g.d.z.s.o.a.hc.client5.http.wire - http-outgoing-15 << "[0x2][0x0][0x0][0x0][0x0][0x0][0x0]`2024-07-24 02:30:35.470 UTC [64] LOG:  database system was shut down at 2024-07-24 02:30:35 UTC[\n]"
2024-07-24 14:30:35.471 [docker-java-stream-1296536166] DEBUG c.g.d.z.s.o.a.hc.client5.http.wire - http-outgoing-15 << "[\r][\n]"
2024-07-24 14:30:35.474 [docker-java-stream-1296536166] DEBUG c.g.d.z.s.o.a.hc.client5.http.wire - http-outgoing-15 << "5d[\r][\n]"
2024-07-24 14:30:35.474 [docker-java-stream-1296536166] DEBUG c.g.d.z.s.o.a.hc.client5.http.wire - http-outgoing-15 << "[0x2][0x0][0x0][0x0][0x0][0x0][0x0]U2024-07-24 02:30:35.474 UTC [1] LOG:  database system is ready to accept connections[\n]"
2024-07-24 14:30:35.474 [docker-java-stream-1296536166] DEBUG c.g.d.z.s.o.a.hc.client5.http.wire - http-outgoing-15 << "[\r][\n]"
2024-07-24 14:30:35.475 [Test worker] DEBUG o.t.c.output.WaitingConsumer - STDERR: 2024-07-24 02:30:35.474 UTC [1] LOG:  database system is ready to accept connections
2024-07-24 14:30:35.475 [Test worker] DEBUG c.g.d.z.s.o.a.h.c.h.i.c.InternalHttpClient - ep-000000A8: cancel
2024-07-24 14:30:35.475 [Test worker] DEBUG c.g.d.z.s.o.a.h.c.h.i.i.DefaultManagedHttpClientConnection - http-outgoing-15: close connection IMMEDIATE
2024-07-24 14:30:35.475 [Test worker] DEBUG c.g.d.z.s.o.a.h.c.h.i.c.InternalHttpClient - ep-000000A8: endpoint closed
2024-07-24 14:30:35.475 [Test worker] DEBUG c.g.d.z.s.o.a.h.c.h.i.c.InternalHttpClient - ep-000000A8: discarding endpoint
2024-07-24 14:30:35.475 [docker-java-stream-1296536166] DEBUG c.g.d.z.s.o.a.hc.client5.http.wire - http-outgoing-15 << "end of stream"
2024-07-24 14:30:35.475 [Test worker] DEBUG c.g.d.z.s.o.a.h.c.h.i.i.PoolingHttpClientConnectionManager - ep-000000A8: releasing endpoint
2024-07-24 14:30:35.475 [Test worker] DEBUG c.g.d.z.s.o.a.h.c.h.i.i.PoolingHttpClientConnectionManager - ep-000000A8: connection is not kept alive
2024-07-24 14:30:35.475 [Test worker] DEBUG c.g.d.z.s.o.a.h.c.h.i.i.PoolingHttpClientConnectionManager - ep-000000A8: connection released [route: {}->npipe://localhost:2375][total available: 0; route allocated: 0 of 2147483647; total allocated: 0 of 2147483647]
2024-07-24 14:30:35.476 [docker-java-stream-1296536166] DEBUG c.g.d.z.s.o.a.hc.client5.http.wire - http-outgoing-15 << "[read] I/O error: java.nio.channels.ClosedChannelException"
2024-07-24 14:30:35.476 [Test worker] DEBUG c.g.d.z.s.o.a.hc.client5.http.wire - http-outgoing-15 << "[read] I/O error: java.nio.channels.ClosedChannelException"
2024-07-24 14:30:35.476 [docker-java-stream-1296536166] DEBUG c.g.d.z.ApacheDockerHttpClientImpl$ApacheResponse - Failed to close the response
java.io.IOException: java.nio.channels.ClosedChannelException
	at java.base/java.nio.channels.Channels$2.read(Channels.java:240)
	at com.github.dockerjava.zerodep.shaded.org.apache.hc.client5.http.impl.io.LoggingInputStream.read(LoggingInputStream.java:81)
	at com.github.dockerjava.zerodep.shaded.org.apache.hc.core5.http.impl.io.SessionInputBufferImpl.fillBuffer(SessionInputBufferImpl.java:149)
	at com.github.dockerjava.zerodep.shaded.org.apache.hc.core5.http.impl.io.SessionInputBufferImpl.readLine(SessionInputBufferImpl.java:280)
	at com.github.dockerjava.zerodep.shaded.org.apache.hc.core5.http.impl.io.ChunkedInputStream.getChunkSize(ChunkedInputStream.java:261)
	at com.github.dockerjava.zerodep.shaded.org.apache.hc.core5.http.impl.io.ChunkedInputStream.nextChunk(ChunkedInputStream.java:222)
	at com.github.dockerjava.zerodep.shaded.org.apache.hc.core5.http.impl.io.ChunkedInputStream.read(ChunkedInputStream.java:147)
	at com.github.dockerjava.zerodep.shaded.org.apache.hc.core5.http.impl.io.ChunkedInputStream.close(ChunkedInputStream.java:314)
	at com.github.dockerjava.zerodep.shaded.org.apache.hc.core5.io.Closer.close(Closer.java:48)
	at com.github.dockerjava.zerodep.shaded.org.apache.hc.core5.http.impl.io.IncomingHttpEntity.close(IncomingHttpEntity.java:111)
	at com.github.dockerjava.zerodep.shaded.org.apache.hc.core5.http.io.entity.HttpEntityWrapper.close(HttpEntityWrapper.java:120)
	at com.github.dockerjava.zerodep.shaded.org.apache.hc.core5.io.Closer.close(Closer.java:48)
	at com.github.dockerjava.zerodep.shaded.org.apache.hc.core5.http.message.BasicClassicHttpResponse.close(BasicClassicHttpResponse.java:93)
	at com.github.dockerjava.zerodep.shaded.org.apache.hc.client5.http.impl.classic.CloseableHttpResponse.close(CloseableHttpResponse.java:200)
	at com.github.dockerjava.zerodep.ApacheDockerHttpClientImpl$ApacheResponse.close(ApacheDockerHttpClientImpl.java:271)
	at org.testcontainers.shaded.com.github.dockerjava.core.DefaultInvocationBuilder.lambda$executeAndStream$1(DefaultInvocationBuilder.java:277)
	at java.base/java.lang.Thread.run(Thread.java:833)
Caused by: java.nio.channels.ClosedChannelException: null
	at java.base/sun.nio.ch.WindowsAsynchronousFileChannelImpl.implRead(WindowsAsynchronousFileChannelImpl.java:516)
	at java.base/sun.nio.ch.AsynchronousFileChannelImpl.read(AsynchronousFileChannelImpl.java:229)
	at com.github.dockerjava.transport.NamedPipeSocket$AsynchronousFileByteChannel.read(NamedPipeSocket.java:117)
	at java.base/java.nio.channels.Channels$2.read(Channels.java:238)
	... 16 common frames omitted
2024-07-24 14:30:35.476 [Test worker] DEBUG c.g.d.z.ApacheDockerHttpClientImpl$ApacheResponse - Failed to close the response
java.io.IOException: java.nio.channels.ClosedChannelException
	at java.base/java.nio.channels.Channels$2.read(Channels.java:240)
	at com.github.dockerjava.zerodep.shaded.org.apache.hc.client5.http.impl.io.LoggingInputStream.read(LoggingInputStream.java:81)
	at com.github.dockerjava.zerodep.shaded.org.apache.hc.core5.http.impl.io.SessionInputBufferImpl.fillBuffer(SessionInputBufferImpl.java:149)
	at com.github.dockerjava.zerodep.shaded.org.apache.hc.core5.http.impl.io.SessionInputBufferImpl.readLine(SessionInputBufferImpl.java:280)
	at com.github.dockerjava.zerodep.shaded.org.apache.hc.core5.http.impl.io.ChunkedInputStream.getChunkSize(ChunkedInputStream.java:261)
	at com.github.dockerjava.zerodep.shaded.org.apache.hc.core5.http.impl.io.ChunkedInputStream.nextChunk(ChunkedInputStream.java:222)
	at com.github.dockerjava.zerodep.shaded.org.apache.hc.core5.http.impl.io.ChunkedInputStream.read(ChunkedInputStream.java:147)
	at com.github.dockerjava.zerodep.shaded.org.apache.hc.core5.http.impl.io.ChunkedInputStream.close(ChunkedInputStream.java:314)
	at com.github.dockerjava.zerodep.shaded.org.apache.hc.core5.io.Closer.close(Closer.java:48)
	at com.github.dockerjava.zerodep.shaded.org.apache.hc.core5.http.impl.io.IncomingHttpEntity.close(IncomingHttpEntity.java:111)
	at com.github.dockerjava.zerodep.shaded.org.apache.hc.core5.http.io.entity.HttpEntityWrapper.close(HttpEntityWrapper.java:120)
	at com.github.dockerjava.zerodep.shaded.org.apache.hc.core5.io.Closer.close(Closer.java:48)
	at com.github.dockerjava.zerodep.shaded.org.apache.hc.core5.http.message.BasicClassicHttpResponse.close(BasicClassicHttpResponse.java:93)
	at com.github.dockerjava.zerodep.shaded.org.apache.hc.client5.http.impl.classic.CloseableHttpResponse.close(CloseableHttpResponse.java:200)
	at com.github.dockerjava.zerodep.ApacheDockerHttpClientImpl$ApacheResponse.close(ApacheDockerHttpClientImpl.java:271)
	at org.testcontainers.shaded.com.github.dockerjava.core.DefaultInvocationBuilder.lambda$null$0(DefaultInvocationBuilder.java:272)
	at com.github.dockerjava.api.async.ResultCallbackTemplate.close(ResultCallbackTemplate.java:77)
	at org.testcontainers.containers.output.FrameConsumerResultCallback.close(FrameConsumerResultCallback.java:69)
	at org.testcontainers.containers.wait.strategy.LogMessageWaitStrategy.waitUntilReady(LogMessageWaitStrategy.java:49)
	at org.testcontainers.containers.wait.strategy.AbstractWaitStrategy.waitUntilReady(AbstractWaitStrategy.java:52)
	at org.testcontainers.containers.PostgreSQLContainer.waitUntilContainerStarted(PostgreSQLContainer.java:149)
	at org.testcontainers.containers.GenericContainer.tryStart(GenericContainer.java:500)
	at org.testcontainers.containers.GenericContainer.lambda$doStart$0(GenericContainer.java:354)
	at org.rnorth.ducttape.unreliables.Unreliables.retryUntilSuccess(Unreliables.java:81)
	at org.testcontainers.containers.GenericContainer.doStart(GenericContainer.java:344)
	at org.testcontainers.containers.GenericContainer.start(GenericContainer.java:330)
	at com.unitedApi.SequenceLineDAOTest.<init>(SequenceLineDAOTest.kt:43)
	at java.base/jdk.internal.reflect.NativeConstructorAccessorImpl.newInstance0(Native Method)
	at java.base/jdk.internal.reflect.NativeConstructorAccessorImpl.newInstance(NativeConstructorAccessorImpl.java:77)
	at java.base/jdk.internal.reflect.DelegatingConstructorAccessorImpl.newInstance(DelegatingConstructorAccessorImpl.java:45)
	at java.base/java.lang.reflect.Constructor.newInstanceWithCaller(Constructor.java:499)
	at java.base/java.lang.reflect.Constructor.newInstance(Constructor.java:480)
	at org.junit.runners.BlockJUnit4ClassRunner.createTest(BlockJUnit4ClassRunner.java:250)
	at org.junit.runners.BlockJUnit4ClassRunner.createTest(BlockJUnit4ClassRunner.java:260)
	at org.junit.runners.BlockJUnit4ClassRunner$2.runReflectiveCall(BlockJUnit4ClassRunner.java:309)
	at org.junit.internal.runners.model.ReflectiveCallable.run(ReflectiveCallable.java:12)
	at org.junit.runners.BlockJUnit4ClassRunner.methodBlock(BlockJUnit4ClassRunner.java:306)
	at org.junit.runners.BlockJUnit4ClassRunner$1.evaluate(BlockJUnit4ClassRunner.java:100)
	at org.junit.runners.ParentRunner.runLeaf(ParentRunner.java:366)
	at org.junit.runners.BlockJUnit4ClassRunner.runChild(BlockJUnit4ClassRunner.java:103)
	at org.junit.runners.BlockJUnit4ClassRunner.runChild(BlockJUnit4ClassRunner.java:63)
	at org.junit.runners.ParentRunner$4.run(ParentRunner.java:331)
	at org.junit.runners.ParentRunner$1.schedule(ParentRunner.java:79)
	at org.junit.runners.ParentRunner.runChildren(ParentRunner.java:329)
	at org.junit.runners.ParentRunner.access$100(ParentRunner.java:66)
	at org.junit.runners.ParentRunner$2.evaluate(ParentRunner.java:293)
	at org.junit.runners.ParentRunner$3.evaluate(ParentRunner.java:306)
	at org.junit.runners.ParentRunner.run(ParentRunner.java:413)
	at org.gradle.api.internal.tasks.testing.junit.JUnitTestClassExecutor.runTestClass(JUnitTestClassExecutor.java:112)
	at org.gradle.api.internal.tasks.testing.junit.JUnitTestClassExecutor.execute(JUnitTestClassExecutor.java:58)
	at org.gradle.api.internal.tasks.testing.junit.JUnitTestClassExecutor.execute(JUnitTestClassExecutor.java:40)
	at org.gradle.api.internal.tasks.testing.junit.AbstractJUnitTestClassProcessor.processTestClass(AbstractJUnitTestClassProcessor.java:60)
	at org.gradle.api.internal.tasks.testing.SuiteTestClassProcessor.processTestClass(SuiteTestClassProcessor.java:52)
	at java.base/jdk.internal.reflect.NativeMethodAccessorImpl.invoke0(Native Method)
	at java.base/jdk.internal.reflect.NativeMethodAccessorImpl.invoke(NativeMethodAccessorImpl.java:77)
	at java.base/jdk.internal.reflect.DelegatingMethodAccessorImpl.invoke(DelegatingMethodAccessorImpl.java:43)
	at java.base/java.lang.reflect.Method.invoke(Method.java:568)
	at org.gradle.internal.dispatch.ReflectionDispatch.dispatch(ReflectionDispatch.java:36)
	at org.gradle.internal.dispatch.ReflectionDispatch.dispatch(ReflectionDispatch.java:24)
	at org.gradle.internal.dispatch.ContextClassLoaderDispatch.dispatch(ContextClassLoaderDispatch.java:33)
	at org.gradle.internal.dispatch.ProxyDispatchAdapter$DispatchingInvocationHandler.invoke(ProxyDispatchAdapter.java:94)
	at jdk.proxy1/jdk.proxy1.$Proxy2.processTestClass(Unknown Source)
	at org.gradle.api.internal.tasks.testing.worker.TestWorker$2.run(TestWorker.java:176)
	at org.gradle.api.internal.tasks.testing.worker.TestWorker.executeAndMaintainThreadName(TestWorker.java:129)
	at org.gradle.api.internal.tasks.testing.worker.TestWorker.execute(TestWorker.java:100)
	at org.gradle.api.internal.tasks.testing.worker.TestWorker.execute(TestWorker.java:60)
	at org.gradle.process.internal.worker.child.ActionExecutionWorker.execute(ActionExecutionWorker.java:56)
	at org.gradle.process.internal.worker.child.SystemApplicationClassLoaderWorker.call(SystemApplicationClassLoaderWorker.java:113)
	at org.gradle.process.internal.worker.child.SystemApplicationClassLoaderWorker.call(SystemApplicationClassLoaderWorker.java:65)
	at worker.org.gradle.process.internal.worker.GradleWorkerMain.run(GradleWorkerMain.java:69)
	at worker.org.gradle.process.internal.worker.GradleWorkerMain.main(GradleWorkerMain.java:74)
Caused by: java.nio.channels.ClosedChannelException: null
	at java.base/sun.nio.ch.WindowsAsynchronousFileChannelImpl.implRead(WindowsAsynchronousFileChannelImpl.java:516)
	at java.base/sun.nio.ch.AsynchronousFileChannelImpl.read(AsynchronousFileChannelImpl.java:229)
	at com.github.dockerjava.transport.NamedPipeSocket$AsynchronousFileByteChannel.read(NamedPipeSocket.java:117)
	at java.base/java.nio.channels.Channels$2.read(Channels.java:238)
	... 70 common frames omitted
2024-07-24 14:30:35.476 [Test worker] INFO  tc.postgres:latest - Container postgres:latest started in PT1.99358S
2024-07-24 14:30:35.476 [Test worker] INFO  tc.postgres:latest - Container is started (JDBC URL: jdbc:postgresql://localhost:51558/db?loggerLevel=OFF)
2024-07-24 14:30:35.477 [Test worker] INFO  org.testcontainers.ext.ScriptUtils - Executing database script from sql/init.sql
2024-07-24 14:30:35.478 [Test worker] DEBUG o.t.s.c.g.d.c.command.AbstrDockerCmd - Cmd: 429aad1742374679350f33e4dd3981aa6466f782d7699865f9fe1f1ba15de6ab,false
2024-07-24 14:30:35.478 [Test worker] DEBUG o.t.s.c.g.d.c.e.InspectContainerCmdExec - GET: DefaultWebTarget{path=[/containers/429aad1742374679350f33e4dd3981aa6466f782d7699865f9fe1f1ba15de6ab/json], queryParams={}}
2024-07-24 14:30:35.479 [Test worker] DEBUG c.g.d.z.s.o.a.h.c.h.i.c.InternalHttpClient - ex-000000AA: preparing request execution
2024-07-24 14:30:35.479 [Test worker] DEBUG c.g.d.z.s.o.a.h.c.h.p.RequestAddCookies - Cookie spec selected: strict
2024-07-24 14:30:35.479 [Test worker] DEBUG c.g.d.z.s.o.a.h.c.h.p.RequestAuthCache - Auth cache not set in the context
2024-07-24 14:30:35.479 [Test worker] DEBUG c.g.d.z.s.o.a.h.c.h.i.c.ProtocolExec - ex-000000AA: target auth state: UNCHALLENGED
2024-07-24 14:30:35.479 [Test worker] DEBUG c.g.d.z.s.o.a.h.c.h.i.c.ProtocolExec - ex-000000AA: proxy auth state: UNCHALLENGED
2024-07-24 14:30:35.479 [Test worker] DEBUG c.g.d.z.s.o.a.h.c.h.i.c.ConnectExec - ex-000000AA: acquiring connection with route {}->npipe://localhost:2375
2024-07-24 14:30:35.479 [Test worker] DEBUG c.g.d.z.s.o.a.h.c.h.i.c.InternalHttpClient - ex-000000AA: acquiring endpoint (3 MINUTES)
2024-07-24 14:30:35.479 [Test worker] DEBUG c.g.d.z.s.o.a.h.c.h.i.i.PoolingHttpClientConnectionManager - ex-000000AA: endpoint lease request (3 MINUTES) [route: {}->npipe://localhost:2375][total available: 0; route allocated: 0 of 2147483647; total allocated: 0 of 2147483647]
2024-07-24 14:30:35.479 [Test worker] DEBUG c.g.d.z.s.o.a.h.c.h.i.i.PoolingHttpClientConnectionManager - ex-000000AA: endpoint leased [route: {}->npipe://localhost:2375][total available: 0; route allocated: 1 of 2147483647; total allocated: 1 of 2147483647]
2024-07-24 14:30:35.479 [Test worker] DEBUG c.g.d.z.s.o.a.h.c.h.i.i.PoolingHttpClientConnectionManager - ex-000000AA: acquired ep-000000A9
2024-07-24 14:30:35.479 [Test worker] DEBUG c.g.d.z.s.o.a.h.c.h.i.c.InternalHttpClient - ex-000000AA: acquired endpoint ep-000000A9
2024-07-24 14:30:35.479 [Test worker] DEBUG c.g.d.z.s.o.a.h.c.h.i.c.ConnectExec - ex-000000AA: opening connection {}->npipe://localhost:2375
2024-07-24 14:30:35.479 [Test worker] DEBUG c.g.d.z.s.o.a.h.c.h.i.c.InternalHttpClient - ep-000000A9: connecting endpoint (3 MINUTES)
2024-07-24 14:30:35.479 [Test worker] DEBUG c.g.d.z.s.o.a.h.c.h.i.i.PoolingHttpClientConnectionManager - ep-000000A9: connecting endpoint to npipe://localhost:2375 (3 MINUTES)
2024-07-24 14:30:35.479 [Test worker] DEBUG c.g.d.z.s.o.a.h.c.h.i.i.DefaultHttpClientConnectionOperator - http-outgoing-16: connecting to localhost/127.0.0.1:2375
2024-07-24 14:30:35.479 [Test worker] DEBUG c.g.d.z.s.o.a.h.c.h.i.i.DefaultHttpClientConnectionOperator - http-outgoing-16: connection established 
2024-07-24 14:30:35.479 [Test worker] DEBUG c.g.d.z.s.o.a.h.c.h.i.i.PoolingHttpClientConnectionManager - ep-000000A9: connected http-outgoing-16
2024-07-24 14:30:35.479 [Test worker] DEBUG c.g.d.z.s.o.a.h.c.h.i.c.InternalHttpClient - ep-000000A9: endpoint connected
2024-07-24 14:30:35.479 [Test worker] DEBUG c.g.d.z.s.o.a.h.c.h.i.c.MainClientExec - ex-000000AA: executing GET /v1.32/containers/429aad1742374679350f33e4dd3981aa6466f782d7699865f9fe1f1ba15de6ab/json HTTP/1.1
2024-07-24 14:30:35.479 [Test worker] DEBUG c.g.d.z.s.o.a.h.c.h.i.c.InternalHttpClient - ep-000000A9: start execution ex-000000AA
2024-07-24 14:30:35.479 [Test worker] DEBUG c.g.d.z.s.o.a.h.c.h.i.i.PoolingHttpClientConnectionManager - ep-000000A9: executing exchange ex-000000AA over http-outgoing-16
2024-07-24 14:30:35.479 [Test worker] DEBUG c.g.d.z.s.o.a.h.client5.http.headers - http-outgoing-16 >> GET /v1.32/containers/429aad1742374679350f33e4dd3981aa6466f782d7699865f9fe1f1ba15de6ab/json HTTP/1.1
2024-07-24 14:30:35.479 [Test worker] DEBUG c.g.d.z.s.o.a.h.client5.http.headers - http-outgoing-16 >> accept: application/json
2024-07-24 14:30:35.479 [Test worker] DEBUG c.g.d.z.s.o.a.h.client5.http.headers - http-outgoing-16 >> x-tc-sid: 280e6229-7396-4d60-b1e3-a5de48b5d49b
2024-07-24 14:30:35.479 [Test worker] DEBUG c.g.d.z.s.o.a.h.client5.http.headers - http-outgoing-16 >> User-Agent: tc-java/1.19.8
2024-07-24 14:30:35.479 [Test worker] DEBUG c.g.d.z.s.o.a.h.client5.http.headers - http-outgoing-16 >> Accept-Encoding: gzip, x-gzip, deflate
2024-07-24 14:30:35.479 [Test worker] DEBUG c.g.d.z.s.o.a.h.client5.http.headers - http-outgoing-16 >> Host: localhost:2375
2024-07-24 14:30:35.479 [Test worker] DEBUG c.g.d.z.s.o.a.h.client5.http.headers - http-outgoing-16 >> Connection: keep-alive
2024-07-24 14:30:35.479 [Test worker] DEBUG c.g.d.z.s.o.a.hc.client5.http.wire - http-outgoing-16 >> "GET /v1.32/containers/429aad1742374679350f33e4dd3981aa6466f782d7699865f9fe1f1ba15de6ab/json HTTP/1.1[\r][\n]"
2024-07-24 14:30:35.479 [Test worker] DEBUG c.g.d.z.s.o.a.hc.client5.http.wire - http-outgoing-16 >> "accept: application/json[\r][\n]"
2024-07-24 14:30:35.479 [Test worker] DEBUG c.g.d.z.s.o.a.hc.client5.http.wire - http-outgoing-16 >> "x-tc-sid: 280e6229-7396-4d60-b1e3-a5de48b5d49b[\r][\n]"
2024-07-24 14:30:35.479 [Test worker] DEBUG c.g.d.z.s.o.a.hc.client5.http.wire - http-outgoing-16 >> "User-Agent: tc-java/1.19.8[\r][\n]"
2024-07-24 14:30:35.479 [Test worker] DEBUG c.g.d.z.s.o.a.hc.client5.http.wire - http-outgoing-16 >> "Accept-Encoding: gzip, x-gzip, deflate[\r][\n]"
2024-07-24 14:30:35.479 [Test worker] DEBUG c.g.d.z.s.o.a.hc.client5.http.wire - http-outgoing-16 >> "Host: localhost:2375[\r][\n]"
2024-07-24 14:30:35.479 [Test worker] DEBUG c.g.d.z.s.o.a.hc.client5.http.wire - http-outgoing-16 >> "Connection: keep-alive[\r][\n]"
2024-07-24 14:30:35.479 [Test worker] DEBUG c.g.d.z.s.o.a.hc.client5.http.wire - http-outgoing-16 >> "[\r][\n]"
2024-07-24 14:30:35.482 [Test worker] DEBUG c.g.d.z.s.o.a.hc.client5.http.wire - http-outgoing-16 << "HTTP/1.1 200 OK[\r][\n]"
2024-07-24 14:30:35.482 [Test worker] DEBUG c.g.d.z.s.o.a.hc.client5.http.wire - http-outgoing-16 << "Api-Version: 1.45[\r][\n]"
2024-07-24 14:30:35.482 [Test worker] DEBUG c.g.d.z.s.o.a.hc.client5.http.wire - http-outgoing-16 << "Content-Type: application/json[\r][\n]"
2024-07-24 14:30:35.482 [Test worker] DEBUG c.g.d.z.s.o.a.hc.client5.http.wire - http-outgoing-16 << "Date: Wed, 24 Jul 2024 02:30:35 GMT[\r][\n]"
2024-07-24 14:30:35.482 [Test worker] DEBUG c.g.d.z.s.o.a.hc.client5.http.wire - http-outgoing-16 << "Docker-Experimental: false[\r][\n]"
2024-07-24 14:30:35.482 [Test worker] DEBUG c.g.d.z.s.o.a.hc.client5.http.wire - http-outgoing-16 << "Ostype: linux[\r][\n]"
2024-07-24 14:30:35.482 [Test worker] DEBUG c.g.d.z.s.o.a.hc.client5.http.wire - http-outgoing-16 << "Server: Docker/26.0.0 (linux)[\r][\n]"
2024-07-24 14:30:35.482 [Test worker] DEBUG c.g.d.z.s.o.a.hc.client5.http.wire - http-outgoing-16 << "Transfer-Encoding: chunked[\r][\n]"
2024-07-24 14:30:35.482 [Test worker] DEBUG c.g.d.z.s.o.a.hc.client5.http.wire - http-outgoing-16 << "[\r][\n]"
2024-07-24 14:30:35.482 [Test worker] DEBUG c.g.d.z.s.o.a.h.client5.http.headers - http-outgoing-16 << HTTP/1.1 200 OK
2024-07-24 14:30:35.482 [Test worker] DEBUG c.g.d.z.s.o.a.h.client5.http.headers - http-outgoing-16 << Api-Version: 1.45
2024-07-24 14:30:35.482 [Test worker] DEBUG c.g.d.z.s.o.a.h.client5.http.headers - http-outgoing-16 << Content-Type: application/json
2024-07-24 14:30:35.482 [Test worker] DEBUG c.g.d.z.s.o.a.h.client5.http.headers - http-outgoing-16 << Date: Wed, 24 Jul 2024 02:30:35 GMT
2024-07-24 14:30:35.482 [Test worker] DEBUG c.g.d.z.s.o.a.h.client5.http.headers - http-outgoing-16 << Docker-Experimental: false
2024-07-24 14:30:35.482 [Test worker] DEBUG c.g.d.z.s.o.a.h.client5.http.headers - http-outgoing-16 << Ostype: linux
2024-07-24 14:30:35.482 [Test worker] DEBUG c.g.d.z.s.o.a.h.client5.http.headers - http-outgoing-16 << Server: Docker/26.0.0 (linux)
2024-07-24 14:30:35.482 [Test worker] DEBUG c.g.d.z.s.o.a.h.client5.http.headers - http-outgoing-16 << Transfer-Encoding: chunked
2024-07-24 14:30:35.482 [Test worker] DEBUG c.g.d.z.s.o.a.h.c.h.i.c.MainClientExec - ex-000000AA: connection can be kept alive for 3 MINUTES
2024-07-24 14:30:35.484 [Test worker] DEBUG c.g.d.z.s.o.a.hc.client5.http.wire - http-outgoing-16 << "1a39[\r][\n]"
2024-07-24 14:30:35.484 [Test worker] DEBUG c.g.d.z.s.o.a.hc.client5.http.wire - http-outgoing-16 << "{"Id":"429aad1742374679350f33e4dd3981aa6466f782d7699865f9fe1f1ba15de6ab","Created":"2024-07-24T02:30:33.505485953Z","Path":"docker-entrypoint.sh","Args":["postgres","-c","fsync=off"],"State":{"Status":"running","Running":true,"Paused":false,"Restarting":false,"OOMKilled":false,"Dead":false,"Pid":29874,"ExitCode":0,"Error":"","StartedAt":"2024-07-24T02:30:34.021730059Z","FinishedAt":"0001-01-01T00:00:00Z"},"Image":"sha256:8e4fc9e184899a58735e7ee333f5e272d7d2298cf59302006b71f33e217be130","ResolvConfPath":"/var/lib/docker/containers/429aad1742374679350f33e4dd3981aa6466f782d7699865f9fe1f1ba15de6ab/resolv.conf","HostnamePath":"/var/lib/docker/containers/429aad1742374679350f33e4dd3981aa6466f782d7699865f9fe1f1ba15de6ab/hostname","HostsPath":"/var/lib/docker/containers/429aad1742374679350f33e4dd3981aa6466f782d7699865f9fe1f1ba15de6ab/hosts","LogPath":"/var/lib/docker/containers/429aad1742374679350f33e4dd3981aa6466f782d7699865f9fe1f1ba15de6ab/429aad1742374679350f33e4dd3981aa6466f782d7699865f9fe1f1ba15de6ab-json.log","Name":"/exciting_hellman","RestartCount":0,"Driver":"overlay2","Platform":"linux","MountLabel":"","ProcessLabel":"","AppArmorProfile":"","ExecIDs":null,"HostConfig":{"Binds":[],"ContainerIDFile":"","LogConfig":{"Type":"json-file","Config":{}},"NetworkMode":"default","PortBindings":{"5432/tcp":[{"HostIp":"0.0.0.0","HostPort":"0"}]},"RestartPolicy":{"Name":"no","MaximumRetryCount":0},"AutoRemove":false,"VolumeDriver":"","VolumesFrom":[],"ConsoleSize":[0,0],"CapAdd":null,"CapDrop":null,"CgroupnsMode":"host","Dns":null,"DnsOptions":null,"DnsSearch":null,"ExtraHosts":[],"GroupAdd":null,"IpcMode":"shareable","Cgroup":"","Links":null,"OomScoreAdj":0,"PidMode":"","Privileged":false,"PublishAllPorts":false,"ReadonlyRootfs":false,"SecurityOpt":null,"UTSMode":"","UsernsMode":"","ShmSize":67108864,"Runtime":"runc","Isolation":"","CpuShares":0,"Memory":0,"NanoCpus":0,"CgroupParent":"","BlkioWeight":0,"BlkioWeightDevice":null,"BlkioDeviceReadBps":null,"BlkioDeviceWriteBps":null,"BlkioDeviceReadIOps":null,"BlkioDeviceWriteIOps":null,"CpuPeriod":0,"CpuQuota":0,"CpuRealtimePeriod":0,"CpuRealtimeRuntime":0,"CpusetCpus":"","CpusetMems":"","Devices":null,"DeviceCgroupRules":null,"DeviceRequests":null,"MemoryReservation":0,"MemorySwap":0,"MemorySwappiness":null,"OomKillDisable":false,"PidsLimit":null,"Ulimits":null,"CpuCount":0,"CpuPercent":0,"IOMaximumIOps":0,"IOMaximumBandwidth":0,"MaskedPaths":["/proc/asound","/proc/acpi","/proc/kcore","/proc/keys","/proc/latency_stats","/proc/timer_list","/proc/timer_stats","/proc/sched_debug","/proc/scsi","/sys/firmware","/sys/devices/virtual/powercap"],"ReadonlyPaths":["/proc/bus","/proc/fs","/proc/irq","/proc/sys","/proc/sysrq-trigger"]},"GraphDriver":{"Data":{"LowerDir":"/var/lib/docker/overlay2/e529093064c8a1447fec215af33cff57860cbb5cd0c95bebf6d94f04e5e217d1-init/diff:/var/lib/docker/overlay2/8f0ddbd386af0785c2e348570516955816ab350305d698d363962d488eeb15ec/diff:/var/lib/docker/overlay2/0eb0ca73e9b0be7c3d7fa8762ef4778a68f38391bc84c037c2e90b88e781b475/diff:/var/lib/docker/overlay2/74e634bddc785c5d436b10a5158cd82e21dc2065fd1cf8ff9c1c12e01575a2d8/diff:/var/lib/docker/overlay2/bb918b2851cd2f508f1e3fdbfff8b7f8b041d61e65fe8c368288bf399e80b818/diff:/var/lib/docker/overlay2/2abab2946cbdc2941ee8ec4024c51dac7313dee9de5fbedd1ca33388c59eb3c8/diff:/var/lib/docker/overlay2/e12f6083ee669bd92743ceb339a896bb25dbe461b718705bb39eb410b80c0ecd/diff:/var/lib/docker/overlay2/ced1e86d670d097da5ed4da7288c22507735918959161c2cd8bf083fb30d169a/diff:/var/lib/docker/overlay2/94e9ac7b74923285ae73af20aeccb964ca9079e2305db367cb85d1603560472d/diff:/var/lib/docker/overlay2/a396b6dfd63f0c228c519871183c614cccf4d366a43460f27ecf97113c3c4be8/diff:/var/lib/docker/overlay2/f58ada5d5080c2bac553c734f81127660a90581a35ed2a92cebe3c59e340875b/diff:/var/lib/docker/overlay2/84f85636f37bf55d945e217b4f87a856eba7932284beaf042561007b66f48977/diff:/var/lib/docker/overlay2/1e6e519613884e91a2b74a588ba35dc8a2f789371ab798ef6e7d9836d756042f/diff:/var/lib/docker/overlay2/14a3151cc8b4f9d27d2e64f1a8abc0c7809309580f2d7e8dc8545055c1d56194/diff:/var/lib/do"
2024-07-24 14:30:35.484 [Test worker] DEBUG c.g.d.z.s.o.a.hc.client5.http.wire - http-outgoing-16 << "cker/overlay2/5b354b9e793401517fe2f1da697653fdaadffc54888eaf76d67e0600b8c68bdc/diff","MergedDir":"/var/lib/docker/overlay2/e529093064c8a1447fec215af33cff57860cbb5cd0c95bebf6d94f04e5e217d1/merged","UpperDir":"/var/lib/docker/overlay2/e529093064c8a1447fec215af33cff57860cbb5cd0c95bebf6d94f04e5e217d1/diff","WorkDir":"/var/lib/docker/overlay2/e529093064c8a1447fec215af33cff57860cbb5cd0c95bebf6d94f04e5e217d1/work"},"Name":"overlay2"},"Mounts":[{"Type":"volume","Name":"fcae6d7e0b845944749fe1726a415bd36b3ef150214df9694e3b85d6003318b1","Source":"/var/lib/docker/volumes/fcae6d7e0b845944749fe1726a415bd36b3ef150214df9694e3b85d6003318b1/_data","Destination":"/var/lib/postgresql/data","Driver":"local","Mode":"","RW":true,"Propagation":""}],"Config":{"Hostname":"429aad174237","Domainname":"","User":"","AttachStdin":false,"AttachStdout":false,"AttachStderr":false,"ExposedPorts":{"5432/tcp":{}},"Tty":false,"OpenStdin":false,"StdinOnce":false,"Env":["POSTGRES_USER=user","POSTGRES_PASSWORD=password","POSTGRES_DB=db","PATH=/usr/local/sbin:/usr/local/bin:/usr/sbin:/usr/bin:/sbin:/bin:/usr/lib/postgresql/16/bin","GOSU_VERSION=1.17","LANG=en_US.utf8","PG_MAJOR=16","PG_VERSION=16.2-1.pgdg120+2","PGDATA=/var/lib/postgresql/data"],"Cmd":["postgres","-c","fsync=off"],"Image":"postgres:latest","Volumes":{"/var/lib/postgresql/data":{}},"WorkingDir":"","Entrypoint":["docker-entrypoint.sh"],"OnBuild":null,"Labels":{"org.testcontainers":"true","org.testcontainers.lang":"java","org.testcontainers.sessionId":"280e6229-7396-4d60-b1e3-a5de48b5d49b","org.testcontainers.version":"1.19.8"},"StopSignal":"SIGINT"},"NetworkSettings":{"Bridge":"","SandboxID":"4804db6f4569f55abc22dfa1562f4769350ddc364bf6d78f549fe3ac1fa214c2","SandboxKey":"/var/run/docker/netns/4804db6f4569","Ports":{"5432/tcp":[{"HostIp":"0.0.0.0","HostPort":"51558"}]},"HairpinMode":false,"LinkLocalIPv6Address":"","LinkLocalIPv6PrefixLen":0,"SecondaryIPAddresses":null,"SecondaryIPv6Addresses":null,"EndpointID":"23b9784a8b02f9ece1a41f1054d59df74fffa20fd889926faa89efe469cfdb30","Gateway":"172.17.0.1","GlobalIPv6Address":"","GlobalIPv6PrefixLen":0,"IPAddress":"172.17.0.3","IPPrefixLen":16,"IPv6Gateway":"","MacAddress":"02:42:ac:11:00:03","Networks":{"bridge":{"IPAMConfig":null,"Links":null,"Aliases":null,"MacAddress":"02:42:ac:11:00:03","NetworkID":"3c842496be344cbdae878c1dee0957e7bc7c0a2236009c92752030f2b053e72f","EndpointID":"23b9784a8b02f9ece1a41f1054d59df74fffa20fd889926faa89efe469cfdb30","Gateway":"172.17.0.1","IPAddress":"172.17.0.3","IPPrefixLen":16,"IPv6Gateway":"","GlobalIPv6Address":"","GlobalIPv6PrefixLen":0,"DriverOpts":null,"DNSNames":null}}}}[\n]"
2024-07-24 14:30:35.485 [Test worker] DEBUG c.g.d.z.s.o.a.hc.client5.http.wire - http-outgoing-16 << "[\r][\n]"
2024-07-24 14:30:35.485 [Test worker] DEBUG c.g.d.z.s.o.a.hc.client5.http.wire - http-outgoing-16 << "0[\r][\n]"
2024-07-24 14:30:35.485 [Test worker] DEBUG c.g.d.z.s.o.a.hc.client5.http.wire - http-outgoing-16 << "[\r][\n]"
2024-07-24 14:30:35.485 [Test worker] DEBUG c.g.d.z.s.o.a.h.c.h.i.c.InternalHttpClient - ep-000000A9: releasing valid endpoint
2024-07-24 14:30:35.485 [Test worker] DEBUG c.g.d.z.s.o.a.h.c.h.i.i.PoolingHttpClientConnectionManager - ep-000000A9: releasing endpoint
2024-07-24 14:30:35.485 [Test worker] DEBUG c.g.d.z.s.o.a.h.c.h.i.i.PoolingHttpClientConnectionManager - ep-000000A9: connection http-outgoing-16 can be kept alive for 3 MINUTES
2024-07-24 14:30:35.485 [Test worker] DEBUG c.g.d.z.s.o.a.h.c.h.i.i.PoolingHttpClientConnectionManager - ep-000000A9: connection released [route: {}->npipe://localhost:2375][total available: 1; route allocated: 1 of 2147483647; total allocated: 1 of 2147483647]
2024-07-24 14:30:35.485 [Test worker] DEBUG tc.postgres:latest - Trying to create JDBC connection using org.postgresql.Driver to jdbc:postgresql://localhost:51558/db?loggerLevel=OFF with properties: {password=password, user=user}
2024-07-24 14:30:35.497 [Test worker] DEBUG o.t.jdbc.JdbcDatabaseDelegate - false returned as updateCount for SQL: drop table if exists WorkedOn
2024-07-24 14:30:35.498 [Test worker] DEBUG o.t.jdbc.JdbcDatabaseDelegate - false returned as updateCount for SQL: drop table if exists SequenceLine
2024-07-24 14:30:35.499 [Test worker] DEBUG o.t.jdbc.JdbcDatabaseDelegate - false returned as updateCount for SQL: drop table if exists WorkOrder
2024-07-24 14:30:35.499 [Test worker] DEBUG o.t.jdbc.JdbcDatabaseDelegate - false returned as updateCount for SQL: drop table if exists SequenceHeader
2024-07-24 14:30:35.500 [Test worker] DEBUG o.t.jdbc.JdbcDatabaseDelegate - false returned as updateCount for SQL: drop table if exists SaleOrderLine
2024-07-24 14:30:35.501 [Test worker] DEBUG o.t.jdbc.JdbcDatabaseDelegate - false returned as updateCount for SQL: drop table if exists SaleOrderHeader
2024-07-24 14:30:35.501 [Test worker] DEBUG o.t.jdbc.JdbcDatabaseDelegate - false returned as updateCount for SQL: drop table if exists Staff
2024-07-24 14:30:35.502 [Test worker] DEBUG o.t.jdbc.JdbcDatabaseDelegate - false returned as updateCount for SQL: drop table if exists WorkStation
2024-07-24 14:30:35.503 [Test worker] DEBUG o.t.jdbc.JdbcDatabaseDelegate - false returned as updateCount for SQL: drop table if exists Part
2024-07-24 14:30:35.503 [Test worker] DEBUG o.t.jdbc.JdbcDatabaseDelegate - false returned as updateCount for SQL: drop table if exists Customer
2024-07-24 14:30:35.506 [Test worker] DEBUG o.t.jdbc.JdbcDatabaseDelegate - false returned as updateCount for SQL: create table Customer ( customerId VarChar(8) PRIMARY Key, name VarChar(100) not null, address VarChar(500) not null )
2024-07-24 14:30:35.507 [Test worker] DEBUG o.t.jdbc.JdbcDatabaseDelegate - false returned as updateCount for SQL: create table Part ( partId VarChar(6) PRIMARY KEY, inventory Int not null, name VarChar(100) not null )
2024-07-24 14:30:35.509 [Test worker] DEBUG o.t.jdbc.JdbcDatabaseDelegate - false returned as updateCount for SQL: create table WorkStation ( name VarChar(50) PRIMARY KEY )
2024-07-24 14:30:35.510 [Test worker] DEBUG o.t.jdbc.JdbcDatabaseDelegate - false returned as updateCount for SQL: create table Staff ( staffID VarChar(6) PRIMARY KEY, name VarChar(100) not null )
2024-07-24 14:30:35.511 [Test worker] DEBUG o.t.jdbc.JdbcDatabaseDelegate - false returned as updateCount for SQL: create table SaleOrderHeader ( soHeaderId VarChar(6) PRIMARY key , customerId VarChar(8) not null references Customer (customerId) )
2024-07-24 14:30:35.513 [Test worker] DEBUG o.t.jdbc.JdbcDatabaseDelegate - false returned as updateCount for SQL: create table SaleOrderLine ( soLineId VarChar(6), soHeaderId VarChar(6) references SaleOrderHeader (soHeaderID), dateDue Date not null, partID VarChar(6) not null references Part(partId), PRIMARY KEY (soLineId,soHeaderId) )
2024-07-24 14:30:35.514 [Test worker] DEBUG o.t.jdbc.JdbcDatabaseDelegate - false returned as updateCount for SQL: create table SequenceHeader ( seqHeaderId VarChar(6) PRIMARY KEY, partId VarChar(6) not null references Part(partId) )
2024-07-24 14:30:35.515 [Test worker] DEBUG o.t.jdbc.JdbcDatabaseDelegate - false returned as updateCount for SQL: create table WorkOrder ( workOrderId VarChar(8) PRIMARY KEY, seqHeaderId VarChar(6) not null REFERENCES SequenceHeader (seqHeaderId), soLineId VarChar(6) not null, soHeaderId VarChar(6) not null, quanity Int not null, FOREIGN KEY (soLineId,soHeaderId) REFERENCES SaleOrderLine (soLineId,soHeaderId) )
2024-07-24 14:30:35.517 [Test worker] DEBUG o.t.jdbc.JdbcDatabaseDelegate - false returned as updateCount for SQL: create table SequenceLine ( seqLineId VarChar(10), seqHeaderId VarChar(6) references SequenceHeader (seqHeaderId), workStation VarChar(50) not null references WorkStation(name), PRIMARY KEY(seqLineId,seqHeaderId) )
2024-07-24 14:30:35.519 [Test worker] DEBUG o.t.jdbc.JdbcDatabaseDelegate - false returned as updateCount for SQL: create table WorkedOn ( staffId VarChar(8) references Staff (staffId), seqHeaderId VarChar(6), seqLineId VarChar(10), workOrderId VarChar(50) references WorkOrder(workOrderId), PRIMARY key (staffId,seqHeaderId,seqLineId,workOrderId), FOREIGN KEY (seqHeaderId,seqLineId) REFERENCES SequenceLine (seqHeaderId,seqLineId) )
2024-07-24 14:30:35.519 [Test worker] INFO  org.testcontainers.ext.ScriptUtils - Executed database script from sql/init.sql in 41 ms.
2024-07-24 14:30:35.540 [Test worker] DEBUG o.t.s.c.g.d.c.command.AbstrDockerCmd - Cmd: 429aad1742374679350f33e4dd3981aa6466f782d7699865f9fe1f1ba15de6ab,false
2024-07-24 14:30:35.540 [Test worker] DEBUG o.t.s.c.g.d.c.e.InspectContainerCmdExec - GET: DefaultWebTarget{path=[/containers/429aad1742374679350f33e4dd3981aa6466f782d7699865f9fe1f1ba15de6ab/json], queryParams={}}
2024-07-24 14:30:35.540 [Test worker] DEBUG c.g.d.z.s.o.a.h.c.h.i.c.InternalHttpClient - ex-000000AB: preparing request execution
2024-07-24 14:30:35.540 [Test worker] DEBUG c.g.d.z.s.o.a.h.c.h.p.RequestAddCookies - Cookie spec selected: strict
2024-07-24 14:30:35.540 [Test worker] DEBUG c.g.d.z.s.o.a.h.c.h.p.RequestAuthCache - Auth cache not set in the context
2024-07-24 14:30:35.540 [Test worker] DEBUG c.g.d.z.s.o.a.h.c.h.i.c.ProtocolExec - ex-000000AB: target auth state: UNCHALLENGED
2024-07-24 14:30:35.540 [Test worker] DEBUG c.g.d.z.s.o.a.h.c.h.i.c.ProtocolExec - ex-000000AB: proxy auth state: UNCHALLENGED
2024-07-24 14:30:35.540 [Test worker] DEBUG c.g.d.z.s.o.a.h.c.h.i.c.ConnectExec - ex-000000AB: acquiring connection with route {}->npipe://localhost:2375
2024-07-24 14:30:35.540 [Test worker] DEBUG c.g.d.z.s.o.a.h.c.h.i.c.InternalHttpClient - ex-000000AB: acquiring endpoint (3 MINUTES)
2024-07-24 14:30:35.540 [Test worker] DEBUG c.g.d.z.s.o.a.h.c.h.i.i.PoolingHttpClientConnectionManager - ex-000000AB: endpoint lease request (3 MINUTES) [route: {}->npipe://localhost:2375][total available: 1; route allocated: 1 of 2147483647; total allocated: 1 of 2147483647]
2024-07-24 14:30:35.540 [Test worker] DEBUG c.g.d.z.s.o.a.h.c.h.i.i.PoolingHttpClientConnectionManager - ex-000000AB: endpoint leased [route: {}->npipe://localhost:2375][total available: 0; route allocated: 1 of 2147483647; total allocated: 1 of 2147483647]
2024-07-24 14:30:35.541 [Test worker] DEBUG c.g.d.z.s.o.a.h.c.h.i.i.PoolingHttpClientConnectionManager - ex-000000AB: acquired ep-000000AA
2024-07-24 14:30:35.541 [Test worker] DEBUG c.g.d.z.s.o.a.h.c.h.i.c.InternalHttpClient - ex-000000AB: acquired endpoint ep-000000AA
2024-07-24 14:30:35.541 [Test worker] DEBUG c.g.d.z.s.o.a.h.c.h.i.c.MainClientExec - ex-000000AB: executing GET /v1.32/containers/429aad1742374679350f33e4dd3981aa6466f782d7699865f9fe1f1ba15de6ab/json HTTP/1.1
2024-07-24 14:30:35.541 [Test worker] DEBUG c.g.d.z.s.o.a.h.c.h.i.c.InternalHttpClient - ep-000000AA: start execution ex-000000AB
2024-07-24 14:30:35.541 [Test worker] DEBUG c.g.d.z.s.o.a.h.c.h.i.i.PoolingHttpClientConnectionManager - ep-000000AA: executing exchange ex-000000AB over http-outgoing-16
2024-07-24 14:30:35.541 [Test worker] DEBUG c.g.d.z.s.o.a.h.client5.http.headers - http-outgoing-16 >> GET /v1.32/containers/429aad1742374679350f33e4dd3981aa6466f782d7699865f9fe1f1ba15de6ab/json HTTP/1.1
2024-07-24 14:30:35.541 [Test worker] DEBUG c.g.d.z.s.o.a.h.client5.http.headers - http-outgoing-16 >> accept: application/json
2024-07-24 14:30:35.541 [Test worker] DEBUG c.g.d.z.s.o.a.h.client5.http.headers - http-outgoing-16 >> x-tc-sid: 280e6229-7396-4d60-b1e3-a5de48b5d49b
2024-07-24 14:30:35.541 [Test worker] DEBUG c.g.d.z.s.o.a.h.client5.http.headers - http-outgoing-16 >> User-Agent: tc-java/1.19.8
2024-07-24 14:30:35.541 [Test worker] DEBUG c.g.d.z.s.o.a.h.client5.http.headers - http-outgoing-16 >> Accept-Encoding: gzip, x-gzip, deflate
2024-07-24 14:30:35.541 [Test worker] DEBUG c.g.d.z.s.o.a.h.client5.http.headers - http-outgoing-16 >> Host: localhost:2375
2024-07-24 14:30:35.541 [Test worker] DEBUG c.g.d.z.s.o.a.h.client5.http.headers - http-outgoing-16 >> Connection: keep-alive
2024-07-24 14:30:35.541 [Test worker] DEBUG c.g.d.z.s.o.a.hc.client5.http.wire - http-outgoing-16 >> "GET /v1.32/containers/429aad1742374679350f33e4dd3981aa6466f782d7699865f9fe1f1ba15de6ab/json HTTP/1.1[\r][\n]"
2024-07-24 14:30:35.541 [Test worker] DEBUG c.g.d.z.s.o.a.hc.client5.http.wire - http-outgoing-16 >> "accept: application/json[\r][\n]"
2024-07-24 14:30:35.541 [Test worker] DEBUG c.g.d.z.s.o.a.hc.client5.http.wire - http-outgoing-16 >> "x-tc-sid: 280e6229-7396-4d60-b1e3-a5de48b5d49b[\r][\n]"
2024-07-24 14:30:35.541 [Test worker] DEBUG c.g.d.z.s.o.a.hc.client5.http.wire - http-outgoing-16 >> "User-Agent: tc-java/1.19.8[\r][\n]"
2024-07-24 14:30:35.541 [Test worker] DEBUG c.g.d.z.s.o.a.hc.client5.http.wire - http-outgoing-16 >> "Accept-Encoding: gzip, x-gzip, deflate[\r][\n]"
2024-07-24 14:30:35.541 [Test worker] DEBUG c.g.d.z.s.o.a.hc.client5.http.wire - http-outgoing-16 >> "Host: localhost:2375[\r][\n]"
2024-07-24 14:30:35.541 [Test worker] DEBUG c.g.d.z.s.o.a.hc.client5.http.wire - http-outgoing-16 >> "Connection: keep-alive[\r][\n]"
2024-07-24 14:30:35.541 [Test worker] DEBUG c.g.d.z.s.o.a.hc.client5.http.wire - http-outgoing-16 >> "[\r][\n]"
2024-07-24 14:30:35.543 [Test worker] DEBUG c.g.d.z.s.o.a.hc.client5.http.wire - http-outgoing-16 << "HTTP/1.1 200 OK[\r][\n]"
2024-07-24 14:30:35.543 [Test worker] DEBUG c.g.d.z.s.o.a.hc.client5.http.wire - http-outgoing-16 << "Api-Version: 1.45[\r][\n]"
2024-07-24 14:30:35.544 [Test worker] DEBUG c.g.d.z.s.o.a.hc.client5.http.wire - http-outgoing-16 << "Content-Type: application/json[\r][\n]"
2024-07-24 14:30:35.544 [Test worker] DEBUG c.g.d.z.s.o.a.hc.client5.http.wire - http-outgoing-16 << "Date: Wed, 24 Jul 2024 02:30:35 GMT[\r][\n]"
2024-07-24 14:30:35.544 [Test worker] DEBUG c.g.d.z.s.o.a.hc.client5.http.wire - http-outgoing-16 << "Docker-Experimental: false[\r][\n]"
2024-07-24 14:30:35.544 [Test worker] DEBUG c.g.d.z.s.o.a.hc.client5.http.wire - http-outgoing-16 << "Ostype: linux[\r][\n]"
2024-07-24 14:30:35.544 [Test worker] DEBUG c.g.d.z.s.o.a.hc.client5.http.wire - http-outgoing-16 << "Server: Docker/26.0.0 (linux)[\r][\n]"
2024-07-24 14:30:35.544 [Test worker] DEBUG c.g.d.z.s.o.a.hc.client5.http.wire - http-outgoing-16 << "Transfer-Encoding: chunked[\r][\n]"
2024-07-24 14:30:35.544 [Test worker] DEBUG c.g.d.z.s.o.a.hc.client5.http.wire - http-outgoing-16 << "[\r][\n]"
2024-07-24 14:30:35.544 [Test worker] DEBUG c.g.d.z.s.o.a.h.client5.http.headers - http-outgoing-16 << HTTP/1.1 200 OK
2024-07-24 14:30:35.544 [Test worker] DEBUG c.g.d.z.s.o.a.h.client5.http.headers - http-outgoing-16 << Api-Version: 1.45
2024-07-24 14:30:35.544 [Test worker] DEBUG c.g.d.z.s.o.a.h.client5.http.headers - http-outgoing-16 << Content-Type: application/json
2024-07-24 14:30:35.544 [Test worker] DEBUG c.g.d.z.s.o.a.h.client5.http.headers - http-outgoing-16 << Date: Wed, 24 Jul 2024 02:30:35 GMT
2024-07-24 14:30:35.544 [Test worker] DEBUG c.g.d.z.s.o.a.h.client5.http.headers - http-outgoing-16 << Docker-Experimental: false
2024-07-24 14:30:35.544 [Test worker] DEBUG c.g.d.z.s.o.a.h.client5.http.headers - http-outgoing-16 << Ostype: linux
2024-07-24 14:30:35.544 [Test worker] DEBUG c.g.d.z.s.o.a.h.client5.http.headers - http-outgoing-16 << Server: Docker/26.0.0 (linux)
2024-07-24 14:30:35.544 [Test worker] DEBUG c.g.d.z.s.o.a.h.client5.http.headers - http-outgoing-16 << Transfer-Encoding: chunked
2024-07-24 14:30:35.544 [Test worker] DEBUG c.g.d.z.s.o.a.h.c.h.i.c.MainClientExec - ex-000000AB: connection can be kept alive for 3 MINUTES
2024-07-24 14:30:35.545 [Test worker] DEBUG c.g.d.z.s.o.a.hc.client5.http.wire - http-outgoing-16 << "1a39[\r][\n]"
2024-07-24 14:30:35.545 [Test worker] DEBUG c.g.d.z.s.o.a.hc.client5.http.wire - http-outgoing-16 << "{"Id":"429aad1742374679350f33e4dd3981aa6466f782d7699865f9fe1f1ba15de6ab","Created":"2024-07-24T02:30:33.505485953Z","Path":"docker-entrypoint.sh","Args":["postgres","-c","fsync=off"],"State":{"Status":"running","Running":true,"Paused":false,"Restarting":false,"OOMKilled":false,"Dead":false,"Pid":29874,"ExitCode":0,"Error":"","StartedAt":"2024-07-24T02:30:34.021730059Z","FinishedAt":"0001-01-01T00:00:00Z"},"Image":"sha256:8e4fc9e184899a58735e7ee333f5e272d7d2298cf59302006b71f33e217be130","ResolvConfPath":"/var/lib/docker/containers/429aad1742374679350f33e4dd3981aa6466f782d7699865f9fe1f1ba15de6ab/resolv.conf","HostnamePath":"/var/lib/docker/containers/429aad1742374679350f33e4dd3981aa6466f782d7699865f9fe1f1ba15de6ab/hostname","HostsPath":"/var/lib/docker/containers/429aad1742374679350f33e4dd3981aa6466f782d7699865f9fe1f1ba15de6ab/hosts","LogPath":"/var/lib/docker/containers/429aad1742374679350f33e4dd3981aa6466f782d7699865f9fe1f1ba15de6ab/429aad1742374679350f33e4dd3981aa6466f782d7699865f9fe1f1ba15de6ab-json.log","Name":"/exciting_hellman","RestartCount":0,"Driver":"overlay2","Platform":"linux","MountLabel":"","ProcessLabel":"","AppArmorProfile":"","ExecIDs":null,"HostConfig":{"Binds":[],"ContainerIDFile":"","LogConfig":{"Type":"json-file","Config":{}},"NetworkMode":"default","PortBindings":{"5432/tcp":[{"HostIp":"0.0.0.0","HostPort":"0"}]},"RestartPolicy":{"Name":"no","MaximumRetryCount":0},"AutoRemove":false,"VolumeDriver":"","VolumesFrom":[],"ConsoleSize":[0,0],"CapAdd":null,"CapDrop":null,"CgroupnsMode":"host","Dns":null,"DnsOptions":null,"DnsSearch":null,"ExtraHosts":[],"GroupAdd":null,"IpcMode":"shareable","Cgroup":"","Links":null,"OomScoreAdj":0,"PidMode":"","Privileged":false,"PublishAllPorts":false,"ReadonlyRootfs":false,"SecurityOpt":null,"UTSMode":"","UsernsMode":"","ShmSize":67108864,"Runtime":"runc","Isolation":"","CpuShares":0,"Memory":0,"NanoCpus":0,"CgroupParent":"","BlkioWeight":0,"BlkioWeightDevice":null,"BlkioDeviceReadBps":null,"BlkioDeviceWriteBps":null,"BlkioDeviceReadIOps":null,"BlkioDeviceWriteIOps":null,"CpuPeriod":0,"CpuQuota":0,"CpuRealtimePeriod":0,"CpuRealtimeRuntime":0,"CpusetCpus":"","CpusetMems":"","Devices":null,"DeviceCgroupRules":null,"DeviceRequests":null,"MemoryReservation":0,"MemorySwap":0,"MemorySwappiness":null,"OomKillDisable":false,"PidsLimit":null,"Ulimits":null,"CpuCount":0,"CpuPercent":0,"IOMaximumIOps":0,"IOMaximumBandwidth":0,"MaskedPaths":["/proc/asound","/proc/acpi","/proc/kcore","/proc/keys","/proc/latency_stats","/proc/timer_list","/proc/timer_stats","/proc/sched_debug","/proc/scsi","/sys/firmware","/sys/devices/virtual/powercap"],"ReadonlyPaths":["/proc/bus","/proc/fs","/proc/irq","/proc/sys","/proc/sysrq-trigger"]},"GraphDriver":{"Data":{"LowerDir":"/var/lib/docker/overlay2/e529093064c8a1447fec215af33cff57860cbb5cd0c95bebf6d94f04e5e217d1-init/diff:/var/lib/docker/overlay2/8f0ddbd386af0785c2e348570516955816ab350305d698d363962d488eeb15ec/diff:/var/lib/docker/overlay2/0eb0ca73e9b0be7c3d7fa8762ef4778a68f38391bc84c037c2e90b88e781b475/diff:/var/lib/docker/overlay2/74e634bddc785c5d436b10a5158cd82e21dc2065fd1cf8ff9c1c12e01575a2d8/diff:/var/lib/docker/overlay2/bb918b2851cd2f508f1e3fdbfff8b7f8b041d61e65fe8c368288bf399e80b818/diff:/var/lib/docker/overlay2/2abab2946cbdc2941ee8ec4024c51dac7313dee9de5fbedd1ca33388c59eb3c8/diff:/var/lib/docker/overlay2/e12f6083ee669bd92743ceb339a896bb25dbe461b718705bb39eb410b80c0ecd/diff:/var/lib/docker/overlay2/ced1e86d670d097da5ed4da7288c22507735918959161c2cd8bf083fb30d169a/diff:/var/lib/docker/overlay2/94e9ac7b74923285ae73af20aeccb964ca9079e2305db367cb85d1603560472d/diff:/var/lib/docker/overlay2/a396b6dfd63f0c228c519871183c614cccf4d366a43460f27ecf97113c3c4be8/diff:/var/lib/docker/overlay2/f58ada5d5080c2bac553c734f81127660a90581a35ed2a92cebe3c59e340875b/diff:/var/lib/docker/overlay2/84f85636f37bf55d945e217b4f87a856eba7932284beaf042561007b66f48977/diff:/var/lib/docker/overlay2/1e6e519613884e91a2b74a588ba35dc8a2f789371ab798ef6e7d9836d756042f/diff:/var/lib/docker/overlay2/14a3151cc8b4f9d27d2e64f1a8abc0c7809309580f2d7e8dc8545055c1d56194/diff:/var/lib/do"
2024-07-24 14:30:35.545 [Test worker] DEBUG c.g.d.z.s.o.a.hc.client5.http.wire - http-outgoing-16 << "cker/overlay2/5b354b9e793401517fe2f1da697653fdaadffc54888eaf76d67e0600b8c68bdc/diff","MergedDir":"/var/lib/docker/overlay2/e529093064c8a1447fec215af33cff57860cbb5cd0c95bebf6d94f04e5e217d1/merged","UpperDir":"/var/lib/docker/overlay2/e529093064c8a1447fec215af33cff57860cbb5cd0c95bebf6d94f04e5e217d1/diff","WorkDir":"/var/lib/docker/overlay2/e529093064c8a1447fec215af33cff57860cbb5cd0c95bebf6d94f04e5e217d1/work"},"Name":"overlay2"},"Mounts":[{"Type":"volume","Name":"fcae6d7e0b845944749fe1726a415bd36b3ef150214df9694e3b85d6003318b1","Source":"/var/lib/docker/volumes/fcae6d7e0b845944749fe1726a415bd36b3ef150214df9694e3b85d6003318b1/_data","Destination":"/var/lib/postgresql/data","Driver":"local","Mode":"","RW":true,"Propagation":""}],"Config":{"Hostname":"429aad174237","Domainname":"","User":"","AttachStdin":false,"AttachStdout":false,"AttachStderr":false,"ExposedPorts":{"5432/tcp":{}},"Tty":false,"OpenStdin":false,"StdinOnce":false,"Env":["POSTGRES_USER=user","POSTGRES_PASSWORD=password","POSTGRES_DB=db","PATH=/usr/local/sbin:/usr/local/bin:/usr/sbin:/usr/bin:/sbin:/bin:/usr/lib/postgresql/16/bin","GOSU_VERSION=1.17","LANG=en_US.utf8","PG_MAJOR=16","PG_VERSION=16.2-1.pgdg120+2","PGDATA=/var/lib/postgresql/data"],"Cmd":["postgres","-c","fsync=off"],"Image":"postgres:latest","Volumes":{"/var/lib/postgresql/data":{}},"WorkingDir":"","Entrypoint":["docker-entrypoint.sh"],"OnBuild":null,"Labels":{"org.testcontainers":"true","org.testcontainers.lang":"java","org.testcontainers.sessionId":"280e6229-7396-4d60-b1e3-a5de48b5d49b","org.testcontainers.version":"1.19.8"},"StopSignal":"SIGINT"},"NetworkSettings":{"Bridge":"","SandboxID":"4804db6f4569f55abc22dfa1562f4769350ddc364bf6d78f549fe3ac1fa214c2","SandboxKey":"/var/run/docker/netns/4804db6f4569","Ports":{"5432/tcp":[{"HostIp":"0.0.0.0","HostPort":"51558"}]},"HairpinMode":false,"LinkLocalIPv6Address":"","LinkLocalIPv6PrefixLen":0,"SecondaryIPAddresses":null,"SecondaryIPv6Addresses":null,"EndpointID":"23b9784a8b02f9ece1a41f1054d59df74fffa20fd889926faa89efe469cfdb30","Gateway":"172.17.0.1","GlobalIPv6Address":"","GlobalIPv6PrefixLen":0,"IPAddress":"172.17.0.3","IPPrefixLen":16,"IPv6Gateway":"","MacAddress":"02:42:ac:11:00:03","Networks":{"bridge":{"IPAMConfig":null,"Links":null,"Aliases":null,"MacAddress":"02:42:ac:11:00:03","NetworkID":"3c842496be344cbdae878c1dee0957e7bc7c0a2236009c92752030f2b053e72f","EndpointID":"23b9784a8b02f9ece1a41f1054d59df74fffa20fd889926faa89efe469cfdb30","Gateway":"172.17.0.1","IPAddress":"172.17.0.3","IPPrefixLen":16,"IPv6Gateway":"","GlobalIPv6Address":"","GlobalIPv6PrefixLen":0,"DriverOpts":null,"DNSNames":null}}}}[\n]"
2024-07-24 14:30:35.546 [Test worker] DEBUG c.g.d.z.s.o.a.hc.client5.http.wire - http-outgoing-16 << "[\r][\n]"
2024-07-24 14:30:35.546 [Test worker] DEBUG c.g.d.z.s.o.a.hc.client5.http.wire - http-outgoing-16 << "0[\r][\n]"
2024-07-24 14:30:35.546 [Test worker] DEBUG c.g.d.z.s.o.a.hc.client5.http.wire - http-outgoing-16 << "[\r][\n]"
2024-07-24 14:30:35.546 [Test worker] DEBUG c.g.d.z.s.o.a.h.c.h.i.c.InternalHttpClient - ep-000000AA: releasing valid endpoint
2024-07-24 14:30:35.546 [Test worker] DEBUG c.g.d.z.s.o.a.h.c.h.i.i.PoolingHttpClientConnectionManager - ep-000000AA: releasing endpoint
2024-07-24 14:30:35.546 [Test worker] DEBUG c.g.d.z.s.o.a.h.c.h.i.i.PoolingHttpClientConnectionManager - ep-000000AA: connection http-outgoing-16 can be kept alive for 3 MINUTES
2024-07-24 14:30:35.546 [Test worker] DEBUG c.g.d.z.s.o.a.h.c.h.i.i.PoolingHttpClientConnectionManager - ep-000000AA: connection released [route: {}->npipe://localhost:2375][total available: 1; route allocated: 1 of 2147483647; total allocated: 1 of 2147483647]
2024-07-24 14:30:35.546 [Test worker] TRACE o.t.utility.ResourceReaper - Stopping container: 429aad1742374679350f33e4dd3981aa6466f782d7699865f9fe1f1ba15de6ab
2024-07-24 14:30:35.546 [Test worker] DEBUG o.t.s.c.g.d.c.command.AbstrDockerCmd - Cmd: 429aad1742374679350f33e4dd3981aa6466f782d7699865f9fe1f1ba15de6ab,<null>
2024-07-24 14:30:35.546 [Test worker] TRACE o.t.s.c.g.d.c.e.KillContainerCmdExec - POST: DefaultWebTarget{path=[/containers/429aad1742374679350f33e4dd3981aa6466f782d7699865f9fe1f1ba15de6ab/kill], queryParams={}}
2024-07-24 14:30:35.546 [Test worker] DEBUG c.g.d.z.s.o.a.h.c.h.i.c.InternalHttpClient - ex-000000AC: preparing request execution
2024-07-24 14:30:35.546 [Test worker] DEBUG c.g.d.z.s.o.a.h.c.h.p.RequestAddCookies - Cookie spec selected: strict
2024-07-24 14:30:35.546 [Test worker] DEBUG c.g.d.z.s.o.a.h.c.h.p.RequestAuthCache - Auth cache not set in the context
2024-07-24 14:30:35.546 [Test worker] DEBUG c.g.d.z.s.o.a.h.c.h.i.c.ProtocolExec - ex-000000AC: target auth state: UNCHALLENGED
2024-07-24 14:30:35.546 [Test worker] DEBUG c.g.d.z.s.o.a.h.c.h.i.c.ProtocolExec - ex-000000AC: proxy auth state: UNCHALLENGED
2024-07-24 14:30:35.546 [Test worker] DEBUG c.g.d.z.s.o.a.h.c.h.i.c.ConnectExec - ex-000000AC: acquiring connection with route {}->npipe://localhost:2375
2024-07-24 14:30:35.546 [Test worker] DEBUG c.g.d.z.s.o.a.h.c.h.i.c.InternalHttpClient - ex-000000AC: acquiring endpoint (3 MINUTES)
2024-07-24 14:30:35.547 [Test worker] DEBUG c.g.d.z.s.o.a.h.c.h.i.i.PoolingHttpClientConnectionManager - ex-000000AC: endpoint lease request (3 MINUTES) [route: {}->npipe://localhost:2375][total available: 1; route allocated: 1 of 2147483647; total allocated: 1 of 2147483647]
2024-07-24 14:30:35.547 [Test worker] DEBUG c.g.d.z.s.o.a.h.c.h.i.i.PoolingHttpClientConnectionManager - ex-000000AC: endpoint leased [route: {}->npipe://localhost:2375][total available: 0; route allocated: 1 of 2147483647; total allocated: 1 of 2147483647]
2024-07-24 14:30:35.547 [Test worker] DEBUG c.g.d.z.s.o.a.h.c.h.i.i.PoolingHttpClientConnectionManager - ex-000000AC: acquired ep-000000AB
2024-07-24 14:30:35.547 [Test worker] DEBUG c.g.d.z.s.o.a.h.c.h.i.c.InternalHttpClient - ex-000000AC: acquired endpoint ep-000000AB
2024-07-24 14:30:35.547 [Test worker] DEBUG c.g.d.z.s.o.a.h.c.h.i.c.MainClientExec - ex-000000AC: executing POST /v1.32/containers/429aad1742374679350f33e4dd3981aa6466f782d7699865f9fe1f1ba15de6ab/kill HTTP/1.1
2024-07-24 14:30:35.547 [Test worker] DEBUG c.g.d.z.s.o.a.h.c.h.i.c.InternalHttpClient - ep-000000AB: start execution ex-000000AC
2024-07-24 14:30:35.547 [Test worker] DEBUG c.g.d.z.s.o.a.h.c.h.i.i.PoolingHttpClientConnectionManager - ep-000000AB: executing exchange ex-000000AC over http-outgoing-16
2024-07-24 14:30:35.547 [Test worker] DEBUG c.g.d.z.s.o.a.h.client5.http.headers - http-outgoing-16 >> POST /v1.32/containers/429aad1742374679350f33e4dd3981aa6466f782d7699865f9fe1f1ba15de6ab/kill HTTP/1.1
2024-07-24 14:30:35.547 [Test worker] DEBUG c.g.d.z.s.o.a.h.client5.http.headers - http-outgoing-16 >> accept: application/json
2024-07-24 14:30:35.547 [Test worker] DEBUG c.g.d.z.s.o.a.h.client5.http.headers - http-outgoing-16 >> content-type: application/json
2024-07-24 14:30:35.547 [Test worker] DEBUG c.g.d.z.s.o.a.h.client5.http.headers - http-outgoing-16 >> x-tc-sid: 280e6229-7396-4d60-b1e3-a5de48b5d49b
2024-07-24 14:30:35.547 [Test worker] DEBUG c.g.d.z.s.o.a.h.client5.http.headers - http-outgoing-16 >> User-Agent: tc-java/1.19.8
2024-07-24 14:30:35.547 [Test worker] DEBUG c.g.d.z.s.o.a.h.client5.http.headers - http-outgoing-16 >> Accept-Encoding: gzip, x-gzip, deflate
2024-07-24 14:30:35.547 [Test worker] DEBUG c.g.d.z.s.o.a.h.client5.http.headers - http-outgoing-16 >> Host: localhost:2375
2024-07-24 14:30:35.547 [Test worker] DEBUG c.g.d.z.s.o.a.h.client5.http.headers - http-outgoing-16 >> Connection: keep-alive
2024-07-24 14:30:35.547 [Test worker] DEBUG c.g.d.z.s.o.a.hc.client5.http.wire - http-outgoing-16 >> "POST /v1.32/containers/429aad1742374679350f33e4dd3981aa6466f782d7699865f9fe1f1ba15de6ab/kill HTTP/1.1[\r][\n]"
2024-07-24 14:30:35.547 [Test worker] DEBUG c.g.d.z.s.o.a.hc.client5.http.wire - http-outgoing-16 >> "accept: application/json[\r][\n]"
2024-07-24 14:30:35.547 [Test worker] DEBUG c.g.d.z.s.o.a.hc.client5.http.wire - http-outgoing-16 >> "content-type: application/json[\r][\n]"
2024-07-24 14:30:35.547 [Test worker] DEBUG c.g.d.z.s.o.a.hc.client5.http.wire - http-outgoing-16 >> "x-tc-sid: 280e6229-7396-4d60-b1e3-a5de48b5d49b[\r][\n]"
2024-07-24 14:30:35.547 [Test worker] DEBUG c.g.d.z.s.o.a.hc.client5.http.wire - http-outgoing-16 >> "User-Agent: tc-java/1.19.8[\r][\n]"
2024-07-24 14:30:35.547 [Test worker] DEBUG c.g.d.z.s.o.a.hc.client5.http.wire - http-outgoing-16 >> "Accept-Encoding: gzip, x-gzip, deflate[\r][\n]"
2024-07-24 14:30:35.547 [Test worker] DEBUG c.g.d.z.s.o.a.hc.client5.http.wire - http-outgoing-16 >> "Host: localhost:2375[\r][\n]"
2024-07-24 14:30:35.547 [Test worker] DEBUG c.g.d.z.s.o.a.hc.client5.http.wire - http-outgoing-16 >> "Connection: keep-alive[\r][\n]"
2024-07-24 14:30:35.547 [Test worker] DEBUG c.g.d.z.s.o.a.hc.client5.http.wire - http-outgoing-16 >> "[\r][\n]"
2024-07-24 14:30:36.146 [Test worker] DEBUG c.g.d.z.s.o.a.hc.client5.http.wire - http-outgoing-16 << "HTTP/1.1 204 No Content[\r][\n]"
2024-07-24 14:30:36.146 [Test worker] DEBUG c.g.d.z.s.o.a.hc.client5.http.wire - http-outgoing-16 << "Api-Version: 1.45[\r][\n]"
2024-07-24 14:30:36.146 [Test worker] DEBUG c.g.d.z.s.o.a.hc.client5.http.wire - http-outgoing-16 << "Date: Wed, 24 Jul 2024 02:30:36 GMT[\r][\n]"
2024-07-24 14:30:36.146 [Test worker] DEBUG c.g.d.z.s.o.a.hc.client5.http.wire - http-outgoing-16 << "Docker-Experimental: false[\r][\n]"
2024-07-24 14:30:36.146 [Test worker] DEBUG c.g.d.z.s.o.a.hc.client5.http.wire - http-outgoing-16 << "Ostype: linux[\r][\n]"
2024-07-24 14:30:36.146 [Test worker] DEBUG c.g.d.z.s.o.a.hc.client5.http.wire - http-outgoing-16 << "Server: Docker/26.0.0 (linux)[\r][\n]"
2024-07-24 14:30:36.147 [Test worker] DEBUG c.g.d.z.s.o.a.hc.client5.http.wire - http-outgoing-16 << "[\r][\n]"
2024-07-24 14:30:36.147 [Test worker] DEBUG c.g.d.z.s.o.a.h.client5.http.headers - http-outgoing-16 << HTTP/1.1 204 No Content
2024-07-24 14:30:36.147 [Test worker] DEBUG c.g.d.z.s.o.a.h.client5.http.headers - http-outgoing-16 << Api-Version: 1.45
2024-07-24 14:30:36.147 [Test worker] DEBUG c.g.d.z.s.o.a.h.client5.http.headers - http-outgoing-16 << Date: Wed, 24 Jul 2024 02:30:36 GMT
2024-07-24 14:30:36.147 [Test worker] DEBUG c.g.d.z.s.o.a.h.client5.http.headers - http-outgoing-16 << Docker-Experimental: false
2024-07-24 14:30:36.147 [Test worker] DEBUG c.g.d.z.s.o.a.h.client5.http.headers - http-outgoing-16 << Ostype: linux
2024-07-24 14:30:36.147 [Test worker] DEBUG c.g.d.z.s.o.a.h.client5.http.headers - http-outgoing-16 << Server: Docker/26.0.0 (linux)
2024-07-24 14:30:36.148 [Test worker] DEBUG c.g.d.z.s.o.a.h.c.h.i.c.MainClientExec - ex-000000AC: connection can be kept alive for 3 MINUTES
2024-07-24 14:30:36.148 [Test worker] DEBUG c.g.d.z.s.o.a.h.c.h.i.c.InternalHttpClient - ep-000000AB: releasing valid endpoint
2024-07-24 14:30:36.148 [Test worker] DEBUG c.g.d.z.s.o.a.h.c.h.i.i.PoolingHttpClientConnectionManager - ep-000000AB: releasing endpoint
2024-07-24 14:30:36.148 [Test worker] DEBUG c.g.d.z.s.o.a.h.c.h.i.i.PoolingHttpClientConnectionManager - ep-000000AB: connection http-outgoing-16 can be kept alive for 3 MINUTES
2024-07-24 14:30:36.148 [Test worker] DEBUG c.g.d.z.s.o.a.h.c.h.i.i.PoolingHttpClientConnectionManager - ep-000000AB: connection released [route: {}->npipe://localhost:2375][total available: 1; route allocated: 1 of 2147483647; total allocated: 1 of 2147483647]
2024-07-24 14:30:36.148 [Test worker] TRACE o.t.utility.ResourceReaper - Stopped container: postgres:latest
2024-07-24 14:30:36.148 [Test worker] DEBUG o.t.s.c.g.d.c.command.AbstrDockerCmd - Cmd: 429aad1742374679350f33e4dd3981aa6466f782d7699865f9fe1f1ba15de6ab,false
2024-07-24 14:30:36.148 [Test worker] DEBUG o.t.s.c.g.d.c.e.InspectContainerCmdExec - GET: DefaultWebTarget{path=[/containers/429aad1742374679350f33e4dd3981aa6466f782d7699865f9fe1f1ba15de6ab/json], queryParams={}}
2024-07-24 14:30:36.149 [Test worker] DEBUG c.g.d.z.s.o.a.h.c.h.i.c.InternalHttpClient - ex-000000AD: preparing request execution
2024-07-24 14:30:36.149 [Test worker] DEBUG c.g.d.z.s.o.a.h.c.h.p.RequestAddCookies - Cookie spec selected: strict
2024-07-24 14:30:36.149 [Test worker] DEBUG c.g.d.z.s.o.a.h.c.h.p.RequestAuthCache - Auth cache not set in the context
2024-07-24 14:30:36.149 [Test worker] DEBUG c.g.d.z.s.o.a.h.c.h.i.c.ProtocolExec - ex-000000AD: target auth state: UNCHALLENGED
2024-07-24 14:30:36.149 [Test worker] DEBUG c.g.d.z.s.o.a.h.c.h.i.c.ProtocolExec - ex-000000AD: proxy auth state: UNCHALLENGED
2024-07-24 14:30:36.149 [Test worker] DEBUG c.g.d.z.s.o.a.h.c.h.i.c.ConnectExec - ex-000000AD: acquiring connection with route {}->npipe://localhost:2375
2024-07-24 14:30:36.149 [Test worker] DEBUG c.g.d.z.s.o.a.h.c.h.i.c.InternalHttpClient - ex-000000AD: acquiring endpoint (3 MINUTES)
2024-07-24 14:30:36.149 [Test worker] DEBUG c.g.d.z.s.o.a.h.c.h.i.i.PoolingHttpClientConnectionManager - ex-000000AD: endpoint lease request (3 MINUTES) [route: {}->npipe://localhost:2375][total available: 1; route allocated: 1 of 2147483647; total allocated: 1 of 2147483647]
2024-07-24 14:30:36.149 [Test worker] DEBUG c.g.d.z.s.o.a.h.c.h.i.i.PoolingHttpClientConnectionManager - ex-000000AD: endpoint leased [route: {}->npipe://localhost:2375][total available: 0; route allocated: 1 of 2147483647; total allocated: 1 of 2147483647]
2024-07-24 14:30:36.149 [Test worker] DEBUG c.g.d.z.s.o.a.h.c.h.i.i.PoolingHttpClientConnectionManager - ex-000000AD: acquired ep-000000AC
2024-07-24 14:30:36.149 [Test worker] DEBUG c.g.d.z.s.o.a.h.c.h.i.c.InternalHttpClient - ex-000000AD: acquired endpoint ep-000000AC
2024-07-24 14:30:36.149 [Test worker] DEBUG c.g.d.z.s.o.a.h.c.h.i.c.MainClientExec - ex-000000AD: executing GET /v1.32/containers/429aad1742374679350f33e4dd3981aa6466f782d7699865f9fe1f1ba15de6ab/json HTTP/1.1
2024-07-24 14:30:36.149 [Test worker] DEBUG c.g.d.z.s.o.a.h.c.h.i.c.InternalHttpClient - ep-000000AC: start execution ex-000000AD
2024-07-24 14:30:36.149 [Test worker] DEBUG c.g.d.z.s.o.a.h.c.h.i.i.PoolingHttpClientConnectionManager - ep-000000AC: executing exchange ex-000000AD over http-outgoing-16
2024-07-24 14:30:36.149 [Test worker] DEBUG c.g.d.z.s.o.a.h.client5.http.headers - http-outgoing-16 >> GET /v1.32/containers/429aad1742374679350f33e4dd3981aa6466f782d7699865f9fe1f1ba15de6ab/json HTTP/1.1
2024-07-24 14:30:36.149 [Test worker] DEBUG c.g.d.z.s.o.a.h.client5.http.headers - http-outgoing-16 >> accept: application/json
2024-07-24 14:30:36.149 [Test worker] DEBUG c.g.d.z.s.o.a.h.client5.http.headers - http-outgoing-16 >> x-tc-sid: 280e6229-7396-4d60-b1e3-a5de48b5d49b
2024-07-24 14:30:36.149 [Test worker] DEBUG c.g.d.z.s.o.a.h.client5.http.headers - http-outgoing-16 >> User-Agent: tc-java/1.19.8
2024-07-24 14:30:36.149 [Test worker] DEBUG c.g.d.z.s.o.a.h.client5.http.headers - http-outgoing-16 >> Accept-Encoding: gzip, x-gzip, deflate
2024-07-24 14:30:36.149 [Test worker] DEBUG c.g.d.z.s.o.a.h.client5.http.headers - http-outgoing-16 >> Host: localhost:2375
2024-07-24 14:30:36.149 [Test worker] DEBUG c.g.d.z.s.o.a.h.client5.http.headers - http-outgoing-16 >> Connection: keep-alive
2024-07-24 14:30:36.149 [Test worker] DEBUG c.g.d.z.s.o.a.hc.client5.http.wire - http-outgoing-16 >> "GET /v1.32/containers/429aad1742374679350f33e4dd3981aa6466f782d7699865f9fe1f1ba15de6ab/json HTTP/1.1[\r][\n]"
2024-07-24 14:30:36.149 [Test worker] DEBUG c.g.d.z.s.o.a.hc.client5.http.wire - http-outgoing-16 >> "accept: application/json[\r][\n]"
2024-07-24 14:30:36.149 [Test worker] DEBUG c.g.d.z.s.o.a.hc.client5.http.wire - http-outgoing-16 >> "x-tc-sid: 280e6229-7396-4d60-b1e3-a5de48b5d49b[\r][\n]"
2024-07-24 14:30:36.149 [Test worker] DEBUG c.g.d.z.s.o.a.hc.client5.http.wire - http-outgoing-16 >> "User-Agent: tc-java/1.19.8[\r][\n]"
2024-07-24 14:30:36.149 [Test worker] DEBUG c.g.d.z.s.o.a.hc.client5.http.wire - http-outgoing-16 >> "Accept-Encoding: gzip, x-gzip, deflate[\r][\n]"
2024-07-24 14:30:36.149 [Test worker] DEBUG c.g.d.z.s.o.a.hc.client5.http.wire - http-outgoing-16 >> "Host: localhost:2375[\r][\n]"
2024-07-24 14:30:36.149 [Test worker] DEBUG c.g.d.z.s.o.a.hc.client5.http.wire - http-outgoing-16 >> "Connection: keep-alive[\r][\n]"
2024-07-24 14:30:36.149 [Test worker] DEBUG c.g.d.z.s.o.a.hc.client5.http.wire - http-outgoing-16 >> "[\r][\n]"
2024-07-24 14:30:36.169 [Test worker] DEBUG c.g.d.z.s.o.a.hc.client5.http.wire - http-outgoing-16 << "HTTP/1.1 200 OK[\r][\n]"
2024-07-24 14:30:36.169 [Test worker] DEBUG c.g.d.z.s.o.a.hc.client5.http.wire - http-outgoing-16 << "Api-Version: 1.45[\r][\n]"
2024-07-24 14:30:36.169 [Test worker] DEBUG c.g.d.z.s.o.a.hc.client5.http.wire - http-outgoing-16 << "Content-Type: application/json[\r][\n]"
2024-07-24 14:30:36.169 [Test worker] DEBUG c.g.d.z.s.o.a.hc.client5.http.wire - http-outgoing-16 << "Date: Wed, 24 Jul 2024 02:30:36 GMT[\r][\n]"
2024-07-24 14:30:36.169 [Test worker] DEBUG c.g.d.z.s.o.a.hc.client5.http.wire - http-outgoing-16 << "Docker-Experimental: false[\r][\n]"
2024-07-24 14:30:36.169 [Test worker] DEBUG c.g.d.z.s.o.a.hc.client5.http.wire - http-outgoing-16 << "Ostype: linux[\r][\n]"
2024-07-24 14:30:36.169 [Test worker] DEBUG c.g.d.z.s.o.a.hc.client5.http.wire - http-outgoing-16 << "Server: Docker/26.0.0 (linux)[\r][\n]"
2024-07-24 14:30:36.169 [Test worker] DEBUG c.g.d.z.s.o.a.hc.client5.http.wire - http-outgoing-16 << "Transfer-Encoding: chunked[\r][\n]"
2024-07-24 14:30:36.169 [Test worker] DEBUG c.g.d.z.s.o.a.hc.client5.http.wire - http-outgoing-16 << "[\r][\n]"
2024-07-24 14:30:36.169 [Test worker] DEBUG c.g.d.z.s.o.a.h.client5.http.headers - http-outgoing-16 << HTTP/1.1 200 OK
2024-07-24 14:30:36.169 [Test worker] DEBUG c.g.d.z.s.o.a.h.client5.http.headers - http-outgoing-16 << Api-Version: 1.45
2024-07-24 14:30:36.169 [Test worker] DEBUG c.g.d.z.s.o.a.h.client5.http.headers - http-outgoing-16 << Content-Type: application/json
2024-07-24 14:30:36.169 [Test worker] DEBUG c.g.d.z.s.o.a.h.client5.http.headers - http-outgoing-16 << Date: Wed, 24 Jul 2024 02:30:36 GMT
2024-07-24 14:30:36.169 [Test worker] DEBUG c.g.d.z.s.o.a.h.client5.http.headers - http-outgoing-16 << Docker-Experimental: false
2024-07-24 14:30:36.169 [Test worker] DEBUG c.g.d.z.s.o.a.h.client5.http.headers - http-outgoing-16 << Ostype: linux
2024-07-24 14:30:36.169 [Test worker] DEBUG c.g.d.z.s.o.a.h.client5.http.headers - http-outgoing-16 << Server: Docker/26.0.0 (linux)
2024-07-24 14:30:36.169 [Test worker] DEBUG c.g.d.z.s.o.a.h.client5.http.headers - http-outgoing-16 << Transfer-Encoding: chunked
2024-07-24 14:30:36.170 [Test worker] DEBUG c.g.d.z.s.o.a.h.c.h.i.c.MainClientExec - ex-000000AD: connection can be kept alive for 3 MINUTES
2024-07-24 14:30:36.170 [Test worker] DEBUG c.g.d.z.s.o.a.hc.client5.http.wire - http-outgoing-16 << "1941[\r][\n]"
2024-07-24 14:30:36.170 [Test worker] DEBUG c.g.d.z.s.o.a.hc.client5.http.wire - http-outgoing-16 << "{"Id":"429aad1742374679350f33e4dd3981aa6466f782d7699865f9fe1f1ba15de6ab","Created":"2024-07-24T02:30:33.505485953Z","Path":"docker-entrypoint.sh","Args":["postgres","-c","fsync=off"],"State":{"Status":"exited","Running":false,"Paused":false,"Restarting":false,"OOMKilled":false,"Dead":false,"Pid":0,"ExitCode":137,"Error":"","StartedAt":"2024-07-24T02:30:34.021730059Z","FinishedAt":"2024-07-24T02:30:35.592606497Z"},"Image":"sha256:8e4fc9e184899a58735e7ee333f5e272d7d2298cf59302006b71f33e217be130","ResolvConfPath":"/var/lib/docker/containers/429aad1742374679350f33e4dd3981aa6466f782d7699865f9fe1f1ba15de6ab/resolv.conf","HostnamePath":"/var/lib/docker/containers/429aad1742374679350f33e4dd3981aa6466f782d7699865f9fe1f1ba15de6ab/hostname","HostsPath":"/var/lib/docker/containers/429aad1742374679350f33e4dd3981aa6466f782d7699865f9fe1f1ba15de6ab/hosts","LogPath":"/var/lib/docker/containers/429aad1742374679350f33e4dd3981aa6466f782d7699865f9fe1f1ba15de6ab/429aad1742374679350f33e4dd3981aa6466f782d7699865f9fe1f1ba15de6ab-json.log","Name":"/exciting_hellman","RestartCount":0,"Driver":"overlay2","Platform":"linux","MountLabel":"","ProcessLabel":"","AppArmorProfile":"","ExecIDs":null,"HostConfig":{"Binds":[],"ContainerIDFile":"","LogConfig":{"Type":"json-file","Config":{}},"NetworkMode":"default","PortBindings":{"5432/tcp":[{"HostIp":"0.0.0.0","HostPort":"0"}]},"RestartPolicy":{"Name":"no","MaximumRetryCount":0},"AutoRemove":false,"VolumeDriver":"","VolumesFrom":[],"ConsoleSize":[0,0],"CapAdd":null,"CapDrop":null,"CgroupnsMode":"host","Dns":null,"DnsOptions":null,"DnsSearch":null,"ExtraHosts":[],"GroupAdd":null,"IpcMode":"shareable","Cgroup":"","Links":null,"OomScoreAdj":0,"PidMode":"","Privileged":false,"PublishAllPorts":false,"ReadonlyRootfs":false,"SecurityOpt":null,"UTSMode":"","UsernsMode":"","ShmSize":67108864,"Runtime":"runc","Isolation":"","CpuShares":0,"Memory":0,"NanoCpus":0,"CgroupParent":"","BlkioWeight":0,"BlkioWeightDevice":null,"BlkioDeviceReadBps":null,"BlkioDeviceWriteBps":null,"BlkioDeviceReadIOps":null,"BlkioDeviceWriteIOps":null,"CpuPeriod":0,"CpuQuota":0,"CpuRealtimePeriod":0,"CpuRealtimeRuntime":0,"CpusetCpus":"","CpusetMems":"","Devices":null,"DeviceCgroupRules":null,"DeviceRequests":null,"MemoryReservation":0,"MemorySwap":0,"MemorySwappiness":null,"OomKillDisable":false,"PidsLimit":null,"Ulimits":null,"CpuCount":0,"CpuPercent":0,"IOMaximumIOps":0,"IOMaximumBandwidth":0,"MaskedPaths":["/proc/asound","/proc/acpi","/proc/kcore","/proc/keys","/proc/latency_stats","/proc/timer_list","/proc/timer_stats","/proc/sched_debug","/proc/scsi","/sys/firmware","/sys/devices/virtual/powercap"],"ReadonlyPaths":["/proc/bus","/proc/fs","/proc/irq","/proc/sys","/proc/sysrq-trigger"]},"GraphDriver":{"Data":{"LowerDir":"/var/lib/docker/overlay2/e529093064c8a1447fec215af33cff57860cbb5cd0c95bebf6d94f04e5e217d1-init/diff:/var/lib/docker/overlay2/8f0ddbd386af0785c2e348570516955816ab350305d698d363962d488eeb15ec/diff:/var/lib/docker/overlay2/0eb0ca73e9b0be7c3d7fa8762ef4778a68f38391bc84c037c2e90b88e781b475/diff:/var/lib/docker/overlay2/74e634bddc785c5d436b10a5158cd82e21dc2065fd1cf8ff9c1c12e01575a2d8/diff:/var/lib/docker/overlay2/bb918b2851cd2f508f1e3fdbfff8b7f8b041d61e65fe8c368288bf399e80b818/diff:/var/lib/docker/overlay2/2abab2946cbdc2941ee8ec4024c51dac7313dee9de5fbedd1ca33388c59eb3c8/diff:/var/lib/docker/overlay2/e12f6083ee669bd92743ceb339a896bb25dbe461b718705bb39eb410b80c0ecd/diff:/var/lib/docker/overlay2/ced1e86d670d097da5ed4da7288c22507735918959161c2cd8bf083fb30d169a/diff:/var/lib/docker/overlay2/94e9ac7b74923285ae73af20aeccb964ca9079e2305db367cb85d1603560472d/diff:/var/lib/docker/overlay2/a396b6dfd63f0c228c519871183c614cccf4d366a43460f27ecf97113c3c4be8/diff:/var/lib/docker/overlay2/f58ada5d5080c2bac553c734f81127660a90581a35ed2a92cebe3c59e340875b/diff:/var/lib/docker/overlay2/84f85636f37bf55d945e217b4f87a856eba7932284beaf042561007b66f48977/diff:/var/lib/docker/overlay2/1e6e519613884e91a2b74a588ba35dc8a2f789371ab798ef6e7d9836d756042f/diff:/var/lib/docker/overlay2/14a3151cc8b4f9d27d2e64f1a8abc0c7809309580f2d7e8dc8545055c1d56194/diff:/va"
2024-07-24 14:30:36.171 [Test worker] DEBUG c.g.d.z.s.o.a.hc.client5.http.wire - http-outgoing-16 << "r/lib/docker/overlay2/5b354b9e793401517fe2f1da697653fdaadffc54888eaf76d67e0600b8c68bdc/diff","MergedDir":"/var/lib/docker/overlay2/e529093064c8a1447fec215af33cff57860cbb5cd0c95bebf6d94f04e5e217d1/merged","UpperDir":"/var/lib/docker/overlay2/e529093064c8a1447fec215af33cff57860cbb5cd0c95bebf6d94f04e5e217d1/diff","WorkDir":"/var/lib/docker/overlay2/e529093064c8a1447fec215af33cff57860cbb5cd0c95bebf6d94f04e5e217d1/work"},"Name":"overlay2"},"Mounts":[{"Type":"volume","Name":"fcae6d7e0b845944749fe1726a415bd36b3ef150214df9694e3b85d6003318b1","Source":"/var/lib/docker/volumes/fcae6d7e0b845944749fe1726a415bd36b3ef150214df9694e3b85d6003318b1/_data","Destination":"/var/lib/postgresql/data","Driver":"local","Mode":"","RW":true,"Propagation":""}],"Config":{"Hostname":"429aad174237","Domainname":"","User":"","AttachStdin":false,"AttachStdout":false,"AttachStderr":false,"ExposedPorts":{"5432/tcp":{}},"Tty":false,"OpenStdin":false,"StdinOnce":false,"Env":["POSTGRES_USER=user","POSTGRES_PASSWORD=password","POSTGRES_DB=db","PATH=/usr/local/sbin:/usr/local/bin:/usr/sbin:/usr/bin:/sbin:/bin:/usr/lib/postgresql/16/bin","GOSU_VERSION=1.17","LANG=en_US.utf8","PG_MAJOR=16","PG_VERSION=16.2-1.pgdg120+2","PGDATA=/var/lib/postgresql/data"],"Cmd":["postgres","-c","fsync=off"],"Image":"postgres:latest","Volumes":{"/var/lib/postgresql/data":{}},"WorkingDir":"","Entrypoint":["docker-entrypoint.sh"],"OnBuild":null,"Labels":{"org.testcontainers":"true","org.testcontainers.lang":"java","org.testcontainers.sessionId":"280e6229-7396-4d60-b1e3-a5de48b5d49b","org.testcontainers.version":"1.19.8"},"StopSignal":"SIGINT"},"NetworkSettings":{"Bridge":"","SandboxID":"4804db6f4569f55abc22dfa1562f4769350ddc364bf6d78f549fe3ac1fa214c2","SandboxKey":"/var/run/docker/netns/4804db6f4569","Ports":{},"HairpinMode":false,"LinkLocalIPv6Address":"","LinkLocalIPv6PrefixLen":0,"SecondaryIPAddresses":null,"SecondaryIPv6Addresses":null,"EndpointID":"","Gateway":"","GlobalIPv6Address":"","GlobalIPv6PrefixLen":0,"IPAddress":"","IPPrefixLen":0,"IPv6Gateway":"","MacAddress":"","Networks":{"bridge":{"IPAMConfig":null,"Links":null,"Aliases":null,"MacAddress":"","NetworkID":"3c842496be344cbdae878c1dee0957e7bc7c0a2236009c92752030f2b053e72f","EndpointID":"","Gateway":"","IPAddress":"","IPPrefixLen":0,"IPv6Gateway":"","GlobalIPv6Address":"","GlobalIPv6PrefixLen":0,"DriverOpts":null,"DNSNames":null}}}}[\n]"
2024-07-24 14:30:36.172 [Test worker] DEBUG c.g.d.z.s.o.a.hc.client5.http.wire - http-outgoing-16 << "[\r][\n]"
2024-07-24 14:30:36.172 [Test worker] DEBUG c.g.d.z.s.o.a.hc.client5.http.wire - http-outgoing-16 << "0[\r][\n]"
2024-07-24 14:30:36.172 [Test worker] DEBUG c.g.d.z.s.o.a.hc.client5.http.wire - http-outgoing-16 << "[\r][\n]"
2024-07-24 14:30:36.172 [Test worker] DEBUG c.g.d.z.s.o.a.h.c.h.i.c.InternalHttpClient - ep-000000AC: releasing valid endpoint
2024-07-24 14:30:36.172 [Test worker] DEBUG c.g.d.z.s.o.a.h.c.h.i.i.PoolingHttpClientConnectionManager - ep-000000AC: releasing endpoint
2024-07-24 14:30:36.172 [Test worker] DEBUG c.g.d.z.s.o.a.h.c.h.i.i.PoolingHttpClientConnectionManager - ep-000000AC: connection http-outgoing-16 can be kept alive for 3 MINUTES
2024-07-24 14:30:36.172 [Test worker] DEBUG c.g.d.z.s.o.a.h.c.h.i.i.PoolingHttpClientConnectionManager - ep-000000AC: connection released [route: {}->npipe://localhost:2375][total available: 1; route allocated: 1 of 2147483647; total allocated: 1 of 2147483647]
2024-07-24 14:30:36.172 [Test worker] TRACE o.t.utility.ResourceReaper - Removing container: 429aad1742374679350f33e4dd3981aa6466f782d7699865f9fe1f1ba15de6ab
2024-07-24 14:30:36.172 [Test worker] DEBUG o.t.s.c.g.d.c.command.AbstrDockerCmd - Cmd: 429aad1742374679350f33e4dd3981aa6466f782d7699865f9fe1f1ba15de6ab,true,true
2024-07-24 14:30:36.172 [Test worker] TRACE o.t.s.c.g.d.c.e.RemoveContainerCmdExec - DELETE: DefaultWebTarget{path=[/containers/429aad1742374679350f33e4dd3981aa6466f782d7699865f9fe1f1ba15de6ab], queryParams={v=[true], force=[true]}}
2024-07-24 14:30:36.172 [Test worker] DEBUG c.g.d.z.s.o.a.h.c.h.i.c.InternalHttpClient - ex-000000AE: preparing request execution
2024-07-24 14:30:36.172 [Test worker] DEBUG c.g.d.z.s.o.a.h.c.h.p.RequestAddCookies - Cookie spec selected: strict
2024-07-24 14:30:36.172 [Test worker] DEBUG c.g.d.z.s.o.a.h.c.h.p.RequestAuthCache - Auth cache not set in the context
2024-07-24 14:30:36.172 [Test worker] DEBUG c.g.d.z.s.o.a.h.c.h.i.c.ProtocolExec - ex-000000AE: target auth state: UNCHALLENGED
2024-07-24 14:30:36.172 [Test worker] DEBUG c.g.d.z.s.o.a.h.c.h.i.c.ProtocolExec - ex-000000AE: proxy auth state: UNCHALLENGED
2024-07-24 14:30:36.172 [Test worker] DEBUG c.g.d.z.s.o.a.h.c.h.i.c.ConnectExec - ex-000000AE: acquiring connection with route {}->npipe://localhost:2375
2024-07-24 14:30:36.172 [Test worker] DEBUG c.g.d.z.s.o.a.h.c.h.i.c.InternalHttpClient - ex-000000AE: acquiring endpoint (3 MINUTES)
2024-07-24 14:30:36.172 [Test worker] DEBUG c.g.d.z.s.o.a.h.c.h.i.i.PoolingHttpClientConnectionManager - ex-000000AE: endpoint lease request (3 MINUTES) [route: {}->npipe://localhost:2375][total available: 1; route allocated: 1 of 2147483647; total allocated: 1 of 2147483647]
2024-07-24 14:30:36.172 [Test worker] DEBUG c.g.d.z.s.o.a.h.c.h.i.i.PoolingHttpClientConnectionManager - ex-000000AE: endpoint leased [route: {}->npipe://localhost:2375][total available: 0; route allocated: 1 of 2147483647; total allocated: 1 of 2147483647]
2024-07-24 14:30:36.173 [Test worker] DEBUG c.g.d.z.s.o.a.h.c.h.i.i.PoolingHttpClientConnectionManager - ex-000000AE: acquired ep-000000AD
2024-07-24 14:30:36.173 [Test worker] DEBUG c.g.d.z.s.o.a.h.c.h.i.c.InternalHttpClient - ex-000000AE: acquired endpoint ep-000000AD
2024-07-24 14:30:36.173 [Test worker] DEBUG c.g.d.z.s.o.a.h.c.h.i.c.MainClientExec - ex-000000AE: executing DELETE /v1.32/containers/429aad1742374679350f33e4dd3981aa6466f782d7699865f9fe1f1ba15de6ab?v=true&force=true HTTP/1.1
2024-07-24 14:30:36.173 [Test worker] DEBUG c.g.d.z.s.o.a.h.c.h.i.c.InternalHttpClient - ep-000000AD: start execution ex-000000AE
2024-07-24 14:30:36.173 [Test worker] DEBUG c.g.d.z.s.o.a.h.c.h.i.i.PoolingHttpClientConnectionManager - ep-000000AD: executing exchange ex-000000AE over http-outgoing-16
2024-07-24 14:30:36.173 [Test worker] DEBUG c.g.d.z.s.o.a.h.client5.http.headers - http-outgoing-16 >> DELETE /v1.32/containers/429aad1742374679350f33e4dd3981aa6466f782d7699865f9fe1f1ba15de6ab?v=true&force=true HTTP/1.1
2024-07-24 14:30:36.173 [Test worker] DEBUG c.g.d.z.s.o.a.h.client5.http.headers - http-outgoing-16 >> accept: application/json
2024-07-24 14:30:36.173 [Test worker] DEBUG c.g.d.z.s.o.a.h.client5.http.headers - http-outgoing-16 >> x-tc-sid: 280e6229-7396-4d60-b1e3-a5de48b5d49b
2024-07-24 14:30:36.173 [Test worker] DEBUG c.g.d.z.s.o.a.h.client5.http.headers - http-outgoing-16 >> User-Agent: tc-java/1.19.8
2024-07-24 14:30:36.173 [Test worker] DEBUG c.g.d.z.s.o.a.h.client5.http.headers - http-outgoing-16 >> Accept-Encoding: gzip, x-gzip, deflate
2024-07-24 14:30:36.173 [Test worker] DEBUG c.g.d.z.s.o.a.h.client5.http.headers - http-outgoing-16 >> Host: localhost:2375
2024-07-24 14:30:36.173 [Test worker] DEBUG c.g.d.z.s.o.a.h.client5.http.headers - http-outgoing-16 >> Connection: keep-alive
2024-07-24 14:30:36.173 [Test worker] DEBUG c.g.d.z.s.o.a.hc.client5.http.wire - http-outgoing-16 >> "DELETE /v1.32/containers/429aad1742374679350f33e4dd3981aa6466f782d7699865f9fe1f1ba15de6ab?v=true&force=true HTTP/1.1[\r][\n]"
2024-07-24 14:30:36.173 [Test worker] DEBUG c.g.d.z.s.o.a.hc.client5.http.wire - http-outgoing-16 >> "accept: application/json[\r][\n]"
2024-07-24 14:30:36.173 [Test worker] DEBUG c.g.d.z.s.o.a.hc.client5.http.wire - http-outgoing-16 >> "x-tc-sid: 280e6229-7396-4d60-b1e3-a5de48b5d49b[\r][\n]"
2024-07-24 14:30:36.173 [Test worker] DEBUG c.g.d.z.s.o.a.hc.client5.http.wire - http-outgoing-16 >> "User-Agent: tc-java/1.19.8[\r][\n]"
2024-07-24 14:30:36.173 [Test worker] DEBUG c.g.d.z.s.o.a.hc.client5.http.wire - http-outgoing-16 >> "Accept-Encoding: gzip, x-gzip, deflate[\r][\n]"
2024-07-24 14:30:36.173 [Test worker] DEBUG c.g.d.z.s.o.a.hc.client5.http.wire - http-outgoing-16 >> "Host: localhost:2375[\r][\n]"
2024-07-24 14:30:36.173 [Test worker] DEBUG c.g.d.z.s.o.a.hc.client5.http.wire - http-outgoing-16 >> "Connection: keep-alive[\r][\n]"
2024-07-24 14:30:36.173 [Test worker] DEBUG c.g.d.z.s.o.a.hc.client5.http.wire - http-outgoing-16 >> "[\r][\n]"
2024-07-24 14:30:36.246 [Test worker] DEBUG c.g.d.z.s.o.a.hc.client5.http.wire - http-outgoing-16 << "HTTP/1.1 204 No Content[\r][\n]"
2024-07-24 14:30:36.246 [Test worker] DEBUG c.g.d.z.s.o.a.hc.client5.http.wire - http-outgoing-16 << "Api-Version: 1.45[\r][\n]"
2024-07-24 14:30:36.246 [Test worker] DEBUG c.g.d.z.s.o.a.hc.client5.http.wire - http-outgoing-16 << "Date: Wed, 24 Jul 2024 02:30:36 GMT[\r][\n]"
2024-07-24 14:30:36.246 [Test worker] DEBUG c.g.d.z.s.o.a.hc.client5.http.wire - http-outgoing-16 << "Docker-Experimental: false[\r][\n]"
2024-07-24 14:30:36.246 [Test worker] DEBUG c.g.d.z.s.o.a.hc.client5.http.wire - http-outgoing-16 << "Ostype: linux[\r][\n]"
2024-07-24 14:30:36.246 [Test worker] DEBUG c.g.d.z.s.o.a.hc.client5.http.wire - http-outgoing-16 << "Server: Docker/26.0.0 (linux)[\r][\n]"
2024-07-24 14:30:36.246 [Test worker] DEBUG c.g.d.z.s.o.a.hc.client5.http.wire - http-outgoing-16 << "[\r][\n]"
2024-07-24 14:30:36.246 [Test worker] DEBUG c.g.d.z.s.o.a.h.client5.http.headers - http-outgoing-16 << HTTP/1.1 204 No Content
2024-07-24 14:30:36.246 [Test worker] DEBUG c.g.d.z.s.o.a.h.client5.http.headers - http-outgoing-16 << Api-Version: 1.45
2024-07-24 14:30:36.246 [Test worker] DEBUG c.g.d.z.s.o.a.h.client5.http.headers - http-outgoing-16 << Date: Wed, 24 Jul 2024 02:30:36 GMT
2024-07-24 14:30:36.246 [Test worker] DEBUG c.g.d.z.s.o.a.h.client5.http.headers - http-outgoing-16 << Docker-Experimental: false
2024-07-24 14:30:36.246 [Test worker] DEBUG c.g.d.z.s.o.a.h.client5.http.headers - http-outgoing-16 << Ostype: linux
2024-07-24 14:30:36.246 [Test worker] DEBUG c.g.d.z.s.o.a.h.client5.http.headers - http-outgoing-16 << Server: Docker/26.0.0 (linux)
2024-07-24 14:30:36.246 [Test worker] DEBUG c.g.d.z.s.o.a.h.c.h.i.c.MainClientExec - ex-000000AE: connection can be kept alive for 3 MINUTES
2024-07-24 14:30:36.246 [Test worker] DEBUG c.g.d.z.s.o.a.h.c.h.i.c.InternalHttpClient - ep-000000AD: releasing valid endpoint
2024-07-24 14:30:36.246 [Test worker] DEBUG c.g.d.z.s.o.a.h.c.h.i.i.PoolingHttpClientConnectionManager - ep-000000AD: releasing endpoint
2024-07-24 14:30:36.246 [Test worker] DEBUG c.g.d.z.s.o.a.h.c.h.i.i.PoolingHttpClientConnectionManager - ep-000000AD: connection http-outgoing-16 can be kept alive for 3 MINUTES
2024-07-24 14:30:36.246 [Test worker] DEBUG c.g.d.z.s.o.a.h.c.h.i.i.PoolingHttpClientConnectionManager - ep-000000AD: connection released [route: {}->npipe://localhost:2375][total available: 1; route allocated: 1 of 2147483647; total allocated: 1 of 2147483647]
2024-07-24 14:30:36.246 [Test worker] DEBUG o.t.utility.ResourceReaper - Removed container and associated volume(s): postgres:latest
2024-07-24 14:30:36.248 [Test worker] DEBUG o.t.u.PrefixingImageNameSubstitutor - No prefix is configured
2024-07-24 14:30:36.248 [Test worker] DEBUG o.t.utility.ImageNameSubstitutor - Did not find a substitute image for postgres:latest (using image substitutor: DefaultImageNameSubstitutor (composite of 'ConfigurationFileImageNameSubstitutor' and 'PrefixingImageNameSubstitutor'))
2024-07-24 14:30:36.248 [Test worker] TRACE tc.postgres:latest - postgres:latest is already in image name cache
2024-07-24 14:30:36.248 [Test worker] DEBUG o.t.images.AbstractImagePullPolicy - Using locally available and not pulling image: postgres:latest
2024-07-24 14:30:36.248 [Test worker] DEBUG tc.postgres:latest - Starting container: postgres:latest
2024-07-24 14:30:36.248 [Test worker] DEBUG tc.postgres:latest - Trying to start container: postgres:latest (attempt 1/1)
2024-07-24 14:30:36.248 [Test worker] DEBUG tc.postgres:latest - Starting container: postgres:latest
2024-07-24 14:30:36.248 [Test worker] INFO  tc.postgres:latest - Creating container for image: postgres:latest
2024-07-24 14:30:36.248 [Test worker] DEBUG o.t.utility.RegistryAuthLocator - Looking up auth config for image: postgres:latest at registry: https://index.docker.io/v1/
2024-07-24 14:30:36.248 [Test worker] DEBUG o.t.utility.RegistryAuthLocator - No matching Auth Configs - falling back to defaultAuthConfig [null]
2024-07-24 14:30:36.248 [Test worker] DEBUG o.t.d.AuthDelegatingDockerClientConfig - Effective auth config [null]
2024-07-24 14:30:36.249 [Test worker] DEBUG o.t.s.c.g.d.c.command.AbstrDockerCmd - Cmd: org.testcontainers.shaded.com.github.dockerjava.core.command.CreateContainerCmdImpl@2f995afc[aliases=<null>,argsEscaped=<null>,attachStderr=<null>,attachStdin=<null>,attachStdout=<null>,authConfig=<null>,cmd={postgres,-c,fsync=off},domainName=<null>,entrypoint=<null>,env={POSTGRES_USER=user,POSTGRES_PASSWORD=password,POSTGRES_DB=db},exposedPorts=ExposedPorts(exposedPorts=[5432/tcp]),healthcheck=<null>,hostConfig=HostConfig(binds=[], blkioWeight=null, blkioWeightDevice=null, blkioDeviceReadBps=null, blkioDeviceWriteBps=null, blkioDeviceReadIOps=null, blkioDeviceWriteIOps=null, memorySwappiness=null, nanoCPUs=null, capAdd=null, capDrop=null, containerIDFile=null, cpuPeriod=null, cpuRealtimePeriod=null, cpuRealtimeRuntime=null, cpuShares=null, cpuQuota=null, cpusetCpus=null, cpusetMems=null, devices=null, deviceCgroupRules=null, deviceRequests=null, diskQuota=null, dns=null, dnsOptions=null, dnsSearch=null, extraHosts=[], groupAdd=null, ipcMode=null, cgroup=null, links=[], logConfig=LogConfig(type=null, config=null), lxcConf=null, memory=null, memorySwap=null, memoryReservation=null, kernelMemory=null, networkMode=null, oomKillDisable=null, init=null, autoRemove=null, oomScoreAdj=null, portBindings={5432/tcp=[Lcom.github.dockerjava.api.model.Ports$Binding;@644a3add}, privileged=null, publishAllPorts=null, readonlyRootfs=null, restartPolicy=null, ulimits=null, cpuCount=null, cpuPercent=null, ioMaximumIOps=null, ioMaximumBandwidth=null, volumesFrom=[], mounts=null, pidMode=null, isolation=null, securityOpts=null, storageOpt=null, cgroupParent=null, volumeDriver=null, shmSize=null, pidsLimit=null, runtime=null, tmpFs=null, utSMode=null, usernsMode=null, sysctls=null, consoleSize=null, cgroupnsMode=null),hostName=<null>,image=postgres:latest,ipv4Address=<null>,ipv6Address=<null>,labels={org.testcontainers=true, org.testcontainers.lang=java, org.testcontainers.version=1.19.8, org.testcontainers.sessionId=280e6229-7396-4d60-b1e3-a5de48b5d49b},macAddress=<null>,name=<null>,networkDisabled=<null>,networkingConfig=<null>,onBuild=<null>,platform=<null>,portSpecs=<null>,shell=<null>,stdInOnce=<null>,stdinOpen=<null>,stopSignal=<null>,stopTimeout=<null>,tty=<null>,user=<null>,volumes=Volumes(volumes=[]),workingDir=<null>]
2024-07-24 14:30:36.250 [Test worker] TRACE o.t.s.c.g.d.c.e.CreateContainerCmdExec - POST: DefaultWebTarget{path=[/containers/create], queryParams={}} 
2024-07-24 14:30:36.251 [Test worker] DEBUG c.g.d.z.s.o.a.h.c.h.i.c.InternalHttpClient - ex-000000AF: preparing request execution
2024-07-24 14:30:36.251 [Test worker] DEBUG c.g.d.z.s.o.a.h.c.h.p.RequestAddCookies - Cookie spec selected: strict
2024-07-24 14:30:36.251 [Test worker] DEBUG c.g.d.z.s.o.a.h.c.h.p.RequestAuthCache - Auth cache not set in the context
2024-07-24 14:30:36.251 [Test worker] DEBUG c.g.d.z.s.o.a.h.c.h.i.c.ProtocolExec - ex-000000AF: target auth state: UNCHALLENGED
2024-07-24 14:30:36.251 [Test worker] DEBUG c.g.d.z.s.o.a.h.c.h.i.c.ProtocolExec - ex-000000AF: proxy auth state: UNCHALLENGED
2024-07-24 14:30:36.251 [Test worker] DEBUG c.g.d.z.s.o.a.h.c.h.i.c.ConnectExec - ex-000000AF: acquiring connection with route {}->npipe://localhost:2375
2024-07-24 14:30:36.251 [Test worker] DEBUG c.g.d.z.s.o.a.h.c.h.i.c.InternalHttpClient - ex-000000AF: acquiring endpoint (3 MINUTES)
2024-07-24 14:30:36.251 [Test worker] DEBUG c.g.d.z.s.o.a.h.c.h.i.i.PoolingHttpClientConnectionManager - ex-000000AF: endpoint lease request (3 MINUTES) [route: {}->npipe://localhost:2375][total available: 1; route allocated: 1 of 2147483647; total allocated: 1 of 2147483647]
2024-07-24 14:30:36.251 [Test worker] DEBUG c.g.d.z.s.o.a.h.c.h.i.i.PoolingHttpClientConnectionManager - ex-000000AF: endpoint leased [route: {}->npipe://localhost:2375][total available: 0; route allocated: 1 of 2147483647; total allocated: 1 of 2147483647]
2024-07-24 14:30:36.251 [Test worker] DEBUG c.g.d.z.s.o.a.h.c.h.i.i.PoolingHttpClientConnectionManager - ex-000000AF: acquired ep-000000AE
2024-07-24 14:30:36.251 [Test worker] DEBUG c.g.d.z.s.o.a.h.c.h.i.c.InternalHttpClient - ex-000000AF: acquired endpoint ep-000000AE
2024-07-24 14:30:36.251 [Test worker] DEBUG c.g.d.z.s.o.a.h.c.h.i.c.MainClientExec - ex-000000AF: executing POST /v1.32/containers/create HTTP/1.1
2024-07-24 14:30:36.251 [Test worker] DEBUG c.g.d.z.s.o.a.h.c.h.i.c.InternalHttpClient - ep-000000AE: start execution ex-000000AF
2024-07-24 14:30:36.251 [Test worker] DEBUG c.g.d.z.s.o.a.h.c.h.i.i.PoolingHttpClientConnectionManager - ep-000000AE: executing exchange ex-000000AF over http-outgoing-16
2024-07-24 14:30:36.251 [Test worker] DEBUG c.g.d.z.s.o.a.h.client5.http.headers - http-outgoing-16 >> POST /v1.32/containers/create HTTP/1.1
2024-07-24 14:30:36.251 [Test worker] DEBUG c.g.d.z.s.o.a.h.client5.http.headers - http-outgoing-16 >> accept: application/json
2024-07-24 14:30:36.251 [Test worker] DEBUG c.g.d.z.s.o.a.h.client5.http.headers - http-outgoing-16 >> content-type: application/json
2024-07-24 14:30:36.251 [Test worker] DEBUG c.g.d.z.s.o.a.h.client5.http.headers - http-outgoing-16 >> x-tc-sid: 280e6229-7396-4d60-b1e3-a5de48b5d49b
2024-07-24 14:30:36.251 [Test worker] DEBUG c.g.d.z.s.o.a.h.client5.http.headers - http-outgoing-16 >> User-Agent: tc-java/1.19.8
2024-07-24 14:30:36.251 [Test worker] DEBUG c.g.d.z.s.o.a.h.client5.http.headers - http-outgoing-16 >> Accept-Encoding: gzip, x-gzip, deflate
2024-07-24 14:30:36.251 [Test worker] DEBUG c.g.d.z.s.o.a.h.client5.http.headers - http-outgoing-16 >> Content-Length: 2061
2024-07-24 14:30:36.251 [Test worker] DEBUG c.g.d.z.s.o.a.h.client5.http.headers - http-outgoing-16 >> Host: localhost:2375
2024-07-24 14:30:36.251 [Test worker] DEBUG c.g.d.z.s.o.a.h.client5.http.headers - http-outgoing-16 >> Connection: keep-alive
2024-07-24 14:30:36.251 [Test worker] DEBUG c.g.d.z.s.o.a.hc.client5.http.wire - http-outgoing-16 >> "POST /v1.32/containers/create HTTP/1.1[\r][\n]"
2024-07-24 14:30:36.251 [Test worker] DEBUG c.g.d.z.s.o.a.hc.client5.http.wire - http-outgoing-16 >> "accept: application/json[\r][\n]"
2024-07-24 14:30:36.251 [Test worker] DEBUG c.g.d.z.s.o.a.hc.client5.http.wire - http-outgoing-16 >> "content-type: application/json[\r][\n]"
2024-07-24 14:30:36.251 [Test worker] DEBUG c.g.d.z.s.o.a.hc.client5.http.wire - http-outgoing-16 >> "x-tc-sid: 280e6229-7396-4d60-b1e3-a5de48b5d49b[\r][\n]"
2024-07-24 14:30:36.251 [Test worker] DEBUG c.g.d.z.s.o.a.hc.client5.http.wire - http-outgoing-16 >> "User-Agent: tc-java/1.19.8[\r][\n]"
2024-07-24 14:30:36.251 [Test worker] DEBUG c.g.d.z.s.o.a.hc.client5.http.wire - http-outgoing-16 >> "Accept-Encoding: gzip, x-gzip, deflate[\r][\n]"
2024-07-24 14:30:36.251 [Test worker] DEBUG c.g.d.z.s.o.a.hc.client5.http.wire - http-outgoing-16 >> "Content-Length: 2061[\r][\n]"
2024-07-24 14:30:36.251 [Test worker] DEBUG c.g.d.z.s.o.a.hc.client5.http.wire - http-outgoing-16 >> "Host: localhost:2375[\r][\n]"
2024-07-24 14:30:36.251 [Test worker] DEBUG c.g.d.z.s.o.a.hc.client5.http.wire - http-outgoing-16 >> "Connection: keep-alive[\r][\n]"
2024-07-24 14:30:36.251 [Test worker] DEBUG c.g.d.z.s.o.a.hc.client5.http.wire - http-outgoing-16 >> "[\r][\n]"
2024-07-24 14:30:36.251 [Test worker] DEBUG c.g.d.z.s.o.a.hc.client5.http.wire - http-outgoing-16 >> "{"Hostname":null,"Domainname":null,"User":null,"AttachStdin":null,"AttachStdout":null,"AttachStderr":null,"PortSpecs":null,"Tty":null,"OpenStdin":null,"StdinOnce":null,"Env":["POSTGRES_USER=user","POSTGRES_PASSWORD=password","POSTGRES_DB=db"],"Cmd":["postgres","-c","fsync=off"],"Healthcheck":null,"ArgsEscaped":null,"Entrypoint":null,"Image":"postgres:latest","Volumes":{},"WorkingDir":null,"MacAddress":null,"OnBuild":null,"NetworkDisabled":null,"ExposedPorts":{"5432/tcp":{}},"StopSignal":null,"StopTimeout":null,"HostConfig":{"Binds":[],"BlkioWeight":null,"BlkioWeightDevice":null,"BlkioDeviceReadBps":null,"BlkioDeviceWriteBps":null,"BlkioDeviceReadIOps":null,"BlkioDeviceWriteIOps":null,"MemorySwappiness":null,"NanoCpus":null,"CapAdd":null,"CapDrop":null,"ContainerIDFile":null,"CpuPeriod":null,"CpuRealtimePeriod":null,"CpuRealtimeRuntime":null,"CpuShares":null,"CpuQuota":null,"CpusetCpus":null,"CpusetMems":null,"Devices":null,"DeviceCgroupRules":null,"DeviceRequests":null,"DiskQuota":null,"Dns":null,"DnsOptions":null,"DnsSearch":null,"ExtraHosts":[],"GroupAdd":null,"IpcMode":null,"Cgroup":null,"Links":[],"LogConfig":null,"LxcConf":null,"Memory":null,"MemorySwap":null,"MemoryReservation":null,"KernelMemory":null,"NetworkMode":null,"OomKillDisable":null,"Init":null,"AutoRemove":null,"OomScoreAdj":null,"PortBindings":{"5432/tcp":[{"HostIp":"","HostPort":""}]},"Privileged":null,"PublishAllPorts":null,"ReadonlyRootfs":null,"RestartPolicy":null,"Ulimits":null,"CpuCount":null,"CpuPercent":null,"IOMaximumIOps":null,"IOMaximumBandwidth":null,"VolumesFrom":[],"Mounts":null,"PidMode":null,"Isolation":null,"SecurityOpt":null,"StorageOpt":null,"CgroupParent":null,"VolumeDriver":null,"ShmSize":null,"PidsLimit":null,"Runtime":null,"Tmpfs":null,"UTSMode":null,"UsernsMode":null,"Sysctls":null,"ConsoleSize":null,"CgroupnsMode":null},"Labels":{"org.testcontainers":"true","org.testcontainers.lang":"java","org.testcontainers.version":"1.19.8","org.testcontainers.sessionId":"280e6229-7396-4d60-b1e3-a5de48b5d49b"},"Shell":null,"NetworkingConfig":null}"
2024-07-24 14:30:36.394 [Test worker] DEBUG c.g.d.z.s.o.a.hc.client5.http.wire - http-outgoing-16 << "HTTP/1.1 201 Created[\r][\n]"
2024-07-24 14:30:36.395 [Test worker] DEBUG c.g.d.z.s.o.a.hc.client5.http.wire - http-outgoing-16 << "Api-Version: 1.45[\r][\n]"
2024-07-24 14:30:36.395 [Test worker] DEBUG c.g.d.z.s.o.a.hc.client5.http.wire - http-outgoing-16 << "Content-Type: application/json[\r][\n]"
2024-07-24 14:30:36.395 [Test worker] DEBUG c.g.d.z.s.o.a.hc.client5.http.wire - http-outgoing-16 << "Date: Wed, 24 Jul 2024 02:30:36 GMT[\r][\n]"
2024-07-24 14:30:36.395 [Test worker] DEBUG c.g.d.z.s.o.a.hc.client5.http.wire - http-outgoing-16 << "Docker-Experimental: false[\r][\n]"
2024-07-24 14:30:36.395 [Test worker] DEBUG c.g.d.z.s.o.a.hc.client5.http.wire - http-outgoing-16 << "Ostype: linux[\r][\n]"
2024-07-24 14:30:36.395 [Test worker] DEBUG c.g.d.z.s.o.a.hc.client5.http.wire - http-outgoing-16 << "Server: Docker/26.0.0 (linux)[\r][\n]"
2024-07-24 14:30:36.395 [Test worker] DEBUG c.g.d.z.s.o.a.hc.client5.http.wire - http-outgoing-16 << "Transfer-Encoding: chunked[\r][\n]"
2024-07-24 14:30:36.395 [Test worker] DEBUG c.g.d.z.s.o.a.hc.client5.http.wire - http-outgoing-16 << "[\r][\n]"
2024-07-24 14:30:36.395 [Test worker] DEBUG c.g.d.z.s.o.a.h.client5.http.headers - http-outgoing-16 << HTTP/1.1 201 Created
2024-07-24 14:30:36.395 [Test worker] DEBUG c.g.d.z.s.o.a.h.client5.http.headers - http-outgoing-16 << Api-Version: 1.45
2024-07-24 14:30:36.395 [Test worker] DEBUG c.g.d.z.s.o.a.h.client5.http.headers - http-outgoing-16 << Content-Type: application/json
2024-07-24 14:30:36.395 [Test worker] DEBUG c.g.d.z.s.o.a.h.client5.http.headers - http-outgoing-16 << Date: Wed, 24 Jul 2024 02:30:36 GMT
2024-07-24 14:30:36.395 [Test worker] DEBUG c.g.d.z.s.o.a.h.client5.http.headers - http-outgoing-16 << Docker-Experimental: false
2024-07-24 14:30:36.395 [Test worker] DEBUG c.g.d.z.s.o.a.h.client5.http.headers - http-outgoing-16 << Ostype: linux
2024-07-24 14:30:36.395 [Test worker] DEBUG c.g.d.z.s.o.a.h.client5.http.headers - http-outgoing-16 << Server: Docker/26.0.0 (linux)
2024-07-24 14:30:36.395 [Test worker] DEBUG c.g.d.z.s.o.a.h.client5.http.headers - http-outgoing-16 << Transfer-Encoding: chunked
2024-07-24 14:30:36.395 [Test worker] DEBUG c.g.d.z.s.o.a.h.c.h.i.c.MainClientExec - ex-000000AF: connection can be kept alive for 3 MINUTES
2024-07-24 14:30:36.395 [Test worker] DEBUG c.g.d.z.s.o.a.hc.client5.http.wire - http-outgoing-16 << "58[\r][\n]"
2024-07-24 14:30:36.395 [Test worker] DEBUG c.g.d.z.s.o.a.hc.client5.http.wire - http-outgoing-16 << "{"Id":"a0f1d774ddc75c129976ddcb1e2ee8674b198363eecdbfd7ed670346c3c19056","Warnings":[]}[\n]"
2024-07-24 14:30:36.395 [Test worker] DEBUG c.g.d.z.s.o.a.hc.client5.http.wire - http-outgoing-16 << "[\r][\n]"
2024-07-24 14:30:36.395 [Test worker] DEBUG c.g.d.z.s.o.a.hc.client5.http.wire - http-outgoing-16 << "0[\r][\n]"
2024-07-24 14:30:36.395 [Test worker] DEBUG c.g.d.z.s.o.a.hc.client5.http.wire - http-outgoing-16 << "[\r][\n]"
2024-07-24 14:30:36.395 [Test worker] DEBUG c.g.d.z.s.o.a.h.c.h.i.c.InternalHttpClient - ep-000000AE: releasing valid endpoint
2024-07-24 14:30:36.395 [Test worker] DEBUG c.g.d.z.s.o.a.h.c.h.i.i.PoolingHttpClientConnectionManager - ep-000000AE: releasing endpoint
2024-07-24 14:30:36.395 [Test worker] DEBUG c.g.d.z.s.o.a.h.c.h.i.i.PoolingHttpClientConnectionManager - ep-000000AE: connection http-outgoing-16 can be kept alive for 3 MINUTES
2024-07-24 14:30:36.396 [Test worker] DEBUG c.g.d.z.s.o.a.h.c.h.i.i.PoolingHttpClientConnectionManager - ep-000000AE: connection released [route: {}->npipe://localhost:2375][total available: 1; route allocated: 1 of 2147483647; total allocated: 1 of 2147483647]
2024-07-24 14:30:36.396 [Test worker] INFO  tc.postgres:latest - Container postgres:latest is starting: a0f1d774ddc75c129976ddcb1e2ee8674b198363eecdbfd7ed670346c3c19056
2024-07-24 14:30:36.396 [Test worker] DEBUG o.t.s.c.g.d.c.command.AbstrDockerCmd - Cmd: a0f1d774ddc75c129976ddcb1e2ee8674b198363eecdbfd7ed670346c3c19056
2024-07-24 14:30:36.396 [Test worker] TRACE o.t.s.c.g.d.c.e.StartContainerCmdExec - POST: DefaultWebTarget{path=[/containers/a0f1d774ddc75c129976ddcb1e2ee8674b198363eecdbfd7ed670346c3c19056/start], queryParams={}}
2024-07-24 14:30:36.396 [Test worker] DEBUG c.g.d.z.s.o.a.h.c.h.i.c.InternalHttpClient - ex-000000B0: preparing request execution
2024-07-24 14:30:36.396 [Test worker] DEBUG c.g.d.z.s.o.a.h.c.h.p.RequestAddCookies - Cookie spec selected: strict
2024-07-24 14:30:36.396 [Test worker] DEBUG c.g.d.z.s.o.a.h.c.h.p.RequestAuthCache - Auth cache not set in the context
2024-07-24 14:30:36.396 [Test worker] DEBUG c.g.d.z.s.o.a.h.c.h.i.c.ProtocolExec - ex-000000B0: target auth state: UNCHALLENGED
2024-07-24 14:30:36.396 [Test worker] DEBUG c.g.d.z.s.o.a.h.c.h.i.c.ProtocolExec - ex-000000B0: proxy auth state: UNCHALLENGED
2024-07-24 14:30:36.396 [Test worker] DEBUG c.g.d.z.s.o.a.h.c.h.i.c.ConnectExec - ex-000000B0: acquiring connection with route {}->npipe://localhost:2375
2024-07-24 14:30:36.396 [Test worker] DEBUG c.g.d.z.s.o.a.h.c.h.i.c.InternalHttpClient - ex-000000B0: acquiring endpoint (3 MINUTES)
2024-07-24 14:30:36.396 [Test worker] DEBUG c.g.d.z.s.o.a.h.c.h.i.i.PoolingHttpClientConnectionManager - ex-000000B0: endpoint lease request (3 MINUTES) [route: {}->npipe://localhost:2375][total available: 1; route allocated: 1 of 2147483647; total allocated: 1 of 2147483647]
2024-07-24 14:30:36.396 [Test worker] DEBUG c.g.d.z.s.o.a.h.c.h.i.i.PoolingHttpClientConnectionManager - ex-000000B0: endpoint leased [route: {}->npipe://localhost:2375][total available: 0; route allocated: 1 of 2147483647; total allocated: 1 of 2147483647]
2024-07-24 14:30:36.396 [Test worker] DEBUG c.g.d.z.s.o.a.h.c.h.i.i.PoolingHttpClientConnectionManager - ex-000000B0: acquired ep-000000AF
2024-07-24 14:30:36.396 [Test worker] DEBUG c.g.d.z.s.o.a.h.c.h.i.c.InternalHttpClient - ex-000000B0: acquired endpoint ep-000000AF
2024-07-24 14:30:36.396 [Test worker] DEBUG c.g.d.z.s.o.a.h.c.h.i.c.MainClientExec - ex-000000B0: executing POST /v1.32/containers/a0f1d774ddc75c129976ddcb1e2ee8674b198363eecdbfd7ed670346c3c19056/start HTTP/1.1
2024-07-24 14:30:36.396 [Test worker] DEBUG c.g.d.z.s.o.a.h.c.h.i.c.InternalHttpClient - ep-000000AF: start execution ex-000000B0
2024-07-24 14:30:36.396 [Test worker] DEBUG c.g.d.z.s.o.a.h.c.h.i.i.PoolingHttpClientConnectionManager - ep-000000AF: executing exchange ex-000000B0 over http-outgoing-16
2024-07-24 14:30:36.396 [Test worker] DEBUG c.g.d.z.s.o.a.h.client5.http.headers - http-outgoing-16 >> POST /v1.32/containers/a0f1d774ddc75c129976ddcb1e2ee8674b198363eecdbfd7ed670346c3c19056/start HTTP/1.1
2024-07-24 14:30:36.396 [Test worker] DEBUG c.g.d.z.s.o.a.h.client5.http.headers - http-outgoing-16 >> accept: application/json
2024-07-24 14:30:36.396 [Test worker] DEBUG c.g.d.z.s.o.a.h.client5.http.headers - http-outgoing-16 >> content-type: application/json
2024-07-24 14:30:36.396 [Test worker] DEBUG c.g.d.z.s.o.a.h.client5.http.headers - http-outgoing-16 >> x-tc-sid: 280e6229-7396-4d60-b1e3-a5de48b5d49b
2024-07-24 14:30:36.396 [Test worker] DEBUG c.g.d.z.s.o.a.h.client5.http.headers - http-outgoing-16 >> User-Agent: tc-java/1.19.8
2024-07-24 14:30:36.396 [Test worker] DEBUG c.g.d.z.s.o.a.h.client5.http.headers - http-outgoing-16 >> Accept-Encoding: gzip, x-gzip, deflate
2024-07-24 14:30:36.396 [Test worker] DEBUG c.g.d.z.s.o.a.h.client5.http.headers - http-outgoing-16 >> Host: localhost:2375
2024-07-24 14:30:36.396 [Test worker] DEBUG c.g.d.z.s.o.a.h.client5.http.headers - http-outgoing-16 >> Connection: keep-alive
2024-07-24 14:30:36.396 [Test worker] DEBUG c.g.d.z.s.o.a.hc.client5.http.wire - http-outgoing-16 >> "POST /v1.32/containers/a0f1d774ddc75c129976ddcb1e2ee8674b198363eecdbfd7ed670346c3c19056/start HTTP/1.1[\r][\n]"
2024-07-24 14:30:36.396 [Test worker] DEBUG c.g.d.z.s.o.a.hc.client5.http.wire - http-outgoing-16 >> "accept: application/json[\r][\n]"
2024-07-24 14:30:36.396 [Test worker] DEBUG c.g.d.z.s.o.a.hc.client5.http.wire - http-outgoing-16 >> "content-type: application/json[\r][\n]"
2024-07-24 14:30:36.396 [Test worker] DEBUG c.g.d.z.s.o.a.hc.client5.http.wire - http-outgoing-16 >> "x-tc-sid: 280e6229-7396-4d60-b1e3-a5de48b5d49b[\r][\n]"
2024-07-24 14:30:36.396 [Test worker] DEBUG c.g.d.z.s.o.a.hc.client5.http.wire - http-outgoing-16 >> "User-Agent: tc-java/1.19.8[\r][\n]"
2024-07-24 14:30:36.396 [Test worker] DEBUG c.g.d.z.s.o.a.hc.client5.http.wire - http-outgoing-16 >> "Accept-Encoding: gzip, x-gzip, deflate[\r][\n]"
2024-07-24 14:30:36.396 [Test worker] DEBUG c.g.d.z.s.o.a.hc.client5.http.wire - http-outgoing-16 >> "Host: localhost:2375[\r][\n]"
2024-07-24 14:30:36.396 [Test worker] DEBUG c.g.d.z.s.o.a.hc.client5.http.wire - http-outgoing-16 >> "Connection: keep-alive[\r][\n]"
2024-07-24 14:30:36.396 [Test worker] DEBUG c.g.d.z.s.o.a.hc.client5.http.wire - http-outgoing-16 >> "[\r][\n]"
2024-07-24 14:30:36.768 [Test worker] DEBUG c.g.d.z.s.o.a.hc.client5.http.wire - http-outgoing-16 << "HTTP/1.1 204 No Content[\r][\n]"
2024-07-24 14:30:36.768 [Test worker] DEBUG c.g.d.z.s.o.a.hc.client5.http.wire - http-outgoing-16 << "Api-Version: 1.45[\r][\n]"
2024-07-24 14:30:36.768 [Test worker] DEBUG c.g.d.z.s.o.a.hc.client5.http.wire - http-outgoing-16 << "Date: Wed, 24 Jul 2024 02:30:36 GMT[\r][\n]"
2024-07-24 14:30:36.768 [Test worker] DEBUG c.g.d.z.s.o.a.hc.client5.http.wire - http-outgoing-16 << "Docker-Experimental: false[\r][\n]"
2024-07-24 14:30:36.768 [Test worker] DEBUG c.g.d.z.s.o.a.hc.client5.http.wire - http-outgoing-16 << "Ostype: linux[\r][\n]"
2024-07-24 14:30:36.768 [Test worker] DEBUG c.g.d.z.s.o.a.hc.client5.http.wire - http-outgoing-16 << "Server: Docker/26.0.0 (linux)[\r][\n]"
2024-07-24 14:30:36.768 [Test worker] DEBUG c.g.d.z.s.o.a.hc.client5.http.wire - http-outgoing-16 << "[\r][\n]"
2024-07-24 14:30:36.768 [Test worker] DEBUG c.g.d.z.s.o.a.h.client5.http.headers - http-outgoing-16 << HTTP/1.1 204 No Content
2024-07-24 14:30:36.768 [Test worker] DEBUG c.g.d.z.s.o.a.h.client5.http.headers - http-outgoing-16 << Api-Version: 1.45
2024-07-24 14:30:36.768 [Test worker] DEBUG c.g.d.z.s.o.a.h.client5.http.headers - http-outgoing-16 << Date: Wed, 24 Jul 2024 02:30:36 GMT
2024-07-24 14:30:36.768 [Test worker] DEBUG c.g.d.z.s.o.a.h.client5.http.headers - http-outgoing-16 << Docker-Experimental: false
2024-07-24 14:30:36.768 [Test worker] DEBUG c.g.d.z.s.o.a.h.client5.http.headers - http-outgoing-16 << Ostype: linux
2024-07-24 14:30:36.768 [Test worker] DEBUG c.g.d.z.s.o.a.h.client5.http.headers - http-outgoing-16 << Server: Docker/26.0.0 (linux)
2024-07-24 14:30:36.768 [Test worker] DEBUG c.g.d.z.s.o.a.h.c.h.i.c.MainClientExec - ex-000000B0: connection can be kept alive for 3 MINUTES
2024-07-24 14:30:36.769 [Test worker] DEBUG c.g.d.z.s.o.a.h.c.h.i.c.InternalHttpClient - ep-000000AF: releasing valid endpoint
2024-07-24 14:30:36.769 [Test worker] DEBUG c.g.d.z.s.o.a.h.c.h.i.i.PoolingHttpClientConnectionManager - ep-000000AF: releasing endpoint
2024-07-24 14:30:36.769 [Test worker] DEBUG c.g.d.z.s.o.a.h.c.h.i.i.PoolingHttpClientConnectionManager - ep-000000AF: connection http-outgoing-16 can be kept alive for 3 MINUTES
2024-07-24 14:30:36.769 [Test worker] DEBUG c.g.d.z.s.o.a.h.c.h.i.i.PoolingHttpClientConnectionManager - ep-000000AF: connection released [route: {}->npipe://localhost:2375][total available: 1; route allocated: 1 of 2147483647; total allocated: 1 of 2147483647]
2024-07-24 14:30:36.769 [Test worker] DEBUG o.t.s.c.g.d.c.command.AbstrDockerCmd - Cmd: a0f1d774ddc75c129976ddcb1e2ee8674b198363eecdbfd7ed670346c3c19056,false
2024-07-24 14:30:36.770 [Test worker] DEBUG o.t.s.c.g.d.c.e.InspectContainerCmdExec - GET: DefaultWebTarget{path=[/containers/a0f1d774ddc75c129976ddcb1e2ee8674b198363eecdbfd7ed670346c3c19056/json], queryParams={}}
2024-07-24 14:30:36.770 [Test worker] DEBUG c.g.d.z.s.o.a.h.c.h.i.c.InternalHttpClient - ex-000000B1: preparing request execution
2024-07-24 14:30:36.770 [Test worker] DEBUG c.g.d.z.s.o.a.h.c.h.p.RequestAddCookies - Cookie spec selected: strict
2024-07-24 14:30:36.770 [Test worker] DEBUG c.g.d.z.s.o.a.h.c.h.p.RequestAuthCache - Auth cache not set in the context
2024-07-24 14:30:36.770 [Test worker] DEBUG c.g.d.z.s.o.a.h.c.h.i.c.ProtocolExec - ex-000000B1: target auth state: UNCHALLENGED
2024-07-24 14:30:36.770 [Test worker] DEBUG c.g.d.z.s.o.a.h.c.h.i.c.ProtocolExec - ex-000000B1: proxy auth state: UNCHALLENGED
2024-07-24 14:30:36.770 [Test worker] DEBUG c.g.d.z.s.o.a.h.c.h.i.c.ConnectExec - ex-000000B1: acquiring connection with route {}->npipe://localhost:2375
2024-07-24 14:30:36.770 [Test worker] DEBUG c.g.d.z.s.o.a.h.c.h.i.c.InternalHttpClient - ex-000000B1: acquiring endpoint (3 MINUTES)
2024-07-24 14:30:36.770 [Test worker] DEBUG c.g.d.z.s.o.a.h.c.h.i.i.PoolingHttpClientConnectionManager - ex-000000B1: endpoint lease request (3 MINUTES) [route: {}->npipe://localhost:2375][total available: 1; route allocated: 1 of 2147483647; total allocated: 1 of 2147483647]
2024-07-24 14:30:36.770 [Test worker] DEBUG c.g.d.z.s.o.a.h.c.h.i.i.PoolingHttpClientConnectionManager - ex-000000B1: endpoint leased [route: {}->npipe://localhost:2375][total available: 0; route allocated: 1 of 2147483647; total allocated: 1 of 2147483647]
2024-07-24 14:30:36.770 [Test worker] DEBUG c.g.d.z.s.o.a.h.c.h.i.i.PoolingHttpClientConnectionManager - ex-000000B1: acquired ep-000000B0
2024-07-24 14:30:36.770 [Test worker] DEBUG c.g.d.z.s.o.a.h.c.h.i.c.InternalHttpClient - ex-000000B1: acquired endpoint ep-000000B0
2024-07-24 14:30:36.770 [Test worker] DEBUG c.g.d.z.s.o.a.h.c.h.i.c.MainClientExec - ex-000000B1: executing GET /v1.32/containers/a0f1d774ddc75c129976ddcb1e2ee8674b198363eecdbfd7ed670346c3c19056/json HTTP/1.1
2024-07-24 14:30:36.770 [Test worker] DEBUG c.g.d.z.s.o.a.h.c.h.i.c.InternalHttpClient - ep-000000B0: start execution ex-000000B1
2024-07-24 14:30:36.770 [Test worker] DEBUG c.g.d.z.s.o.a.h.c.h.i.i.PoolingHttpClientConnectionManager - ep-000000B0: executing exchange ex-000000B1 over http-outgoing-16
2024-07-24 14:30:36.770 [Test worker] DEBUG c.g.d.z.s.o.a.h.client5.http.headers - http-outgoing-16 >> GET /v1.32/containers/a0f1d774ddc75c129976ddcb1e2ee8674b198363eecdbfd7ed670346c3c19056/json HTTP/1.1
2024-07-24 14:30:36.770 [Test worker] DEBUG c.g.d.z.s.o.a.h.client5.http.headers - http-outgoing-16 >> accept: application/json
2024-07-24 14:30:36.770 [Test worker] DEBUG c.g.d.z.s.o.a.h.client5.http.headers - http-outgoing-16 >> x-tc-sid: 280e6229-7396-4d60-b1e3-a5de48b5d49b
2024-07-24 14:30:36.770 [Test worker] DEBUG c.g.d.z.s.o.a.h.client5.http.headers - http-outgoing-16 >> User-Agent: tc-java/1.19.8
2024-07-24 14:30:36.770 [Test worker] DEBUG c.g.d.z.s.o.a.h.client5.http.headers - http-outgoing-16 >> Accept-Encoding: gzip, x-gzip, deflate
2024-07-24 14:30:36.770 [Test worker] DEBUG c.g.d.z.s.o.a.h.client5.http.headers - http-outgoing-16 >> Host: localhost:2375
2024-07-24 14:30:36.770 [Test worker] DEBUG c.g.d.z.s.o.a.h.client5.http.headers - http-outgoing-16 >> Connection: keep-alive
2024-07-24 14:30:36.770 [Test worker] DEBUG c.g.d.z.s.o.a.hc.client5.http.wire - http-outgoing-16 >> "GET /v1.32/containers/a0f1d774ddc75c129976ddcb1e2ee8674b198363eecdbfd7ed670346c3c19056/json HTTP/1.1[\r][\n]"
2024-07-24 14:30:36.770 [Test worker] DEBUG c.g.d.z.s.o.a.hc.client5.http.wire - http-outgoing-16 >> "accept: application/json[\r][\n]"
2024-07-24 14:30:36.770 [Test worker] DEBUG c.g.d.z.s.o.a.hc.client5.http.wire - http-outgoing-16 >> "x-tc-sid: 280e6229-7396-4d60-b1e3-a5de48b5d49b[\r][\n]"
2024-07-24 14:30:36.770 [Test worker] DEBUG c.g.d.z.s.o.a.hc.client5.http.wire - http-outgoing-16 >> "User-Agent: tc-java/1.19.8[\r][\n]"
2024-07-24 14:30:36.770 [Test worker] DEBUG c.g.d.z.s.o.a.hc.client5.http.wire - http-outgoing-16 >> "Accept-Encoding: gzip, x-gzip, deflate[\r][\n]"
2024-07-24 14:30:36.770 [Test worker] DEBUG c.g.d.z.s.o.a.hc.client5.http.wire - http-outgoing-16 >> "Host: localhost:2375[\r][\n]"
2024-07-24 14:30:36.770 [Test worker] DEBUG c.g.d.z.s.o.a.hc.client5.http.wire - http-outgoing-16 >> "Connection: keep-alive[\r][\n]"
2024-07-24 14:30:36.770 [Test worker] DEBUG c.g.d.z.s.o.a.hc.client5.http.wire - http-outgoing-16 >> "[\r][\n]"
2024-07-24 14:30:36.774 [Test worker] DEBUG c.g.d.z.s.o.a.hc.client5.http.wire - http-outgoing-16 << "HTTP/1.1 200 OK[\r][\n]"
2024-07-24 14:30:36.774 [Test worker] DEBUG c.g.d.z.s.o.a.hc.client5.http.wire - http-outgoing-16 << "Api-Version: 1.45[\r][\n]"
2024-07-24 14:30:36.774 [Test worker] DEBUG c.g.d.z.s.o.a.hc.client5.http.wire - http-outgoing-16 << "Content-Type: application/json[\r][\n]"
2024-07-24 14:30:36.774 [Test worker] DEBUG c.g.d.z.s.o.a.hc.client5.http.wire - http-outgoing-16 << "Date: Wed, 24 Jul 2024 02:30:36 GMT[\r][\n]"
2024-07-24 14:30:36.774 [Test worker] DEBUG c.g.d.z.s.o.a.hc.client5.http.wire - http-outgoing-16 << "Docker-Experimental: false[\r][\n]"
2024-07-24 14:30:36.774 [Test worker] DEBUG c.g.d.z.s.o.a.hc.client5.http.wire - http-outgoing-16 << "Ostype: linux[\r][\n]"
2024-07-24 14:30:36.774 [Test worker] DEBUG c.g.d.z.s.o.a.hc.client5.http.wire - http-outgoing-16 << "Server: Docker/26.0.0 (linux)[\r][\n]"
2024-07-24 14:30:36.774 [Test worker] DEBUG c.g.d.z.s.o.a.hc.client5.http.wire - http-outgoing-16 << "Transfer-Encoding: chunked[\r][\n]"
2024-07-24 14:30:36.774 [Test worker] DEBUG c.g.d.z.s.o.a.hc.client5.http.wire - http-outgoing-16 << "[\r][\n]"
2024-07-24 14:30:36.774 [Test worker] DEBUG c.g.d.z.s.o.a.h.client5.http.headers - http-outgoing-16 << HTTP/1.1 200 OK
2024-07-24 14:30:36.774 [Test worker] DEBUG c.g.d.z.s.o.a.h.client5.http.headers - http-outgoing-16 << Api-Version: 1.45
2024-07-24 14:30:36.774 [Test worker] DEBUG c.g.d.z.s.o.a.h.client5.http.headers - http-outgoing-16 << Content-Type: application/json
2024-07-24 14:30:36.774 [Test worker] DEBUG c.g.d.z.s.o.a.h.client5.http.headers - http-outgoing-16 << Date: Wed, 24 Jul 2024 02:30:36 GMT
2024-07-24 14:30:36.774 [Test worker] DEBUG c.g.d.z.s.o.a.h.client5.http.headers - http-outgoing-16 << Docker-Experimental: false
2024-07-24 14:30:36.774 [Test worker] DEBUG c.g.d.z.s.o.a.h.client5.http.headers - http-outgoing-16 << Ostype: linux
2024-07-24 14:30:36.774 [Test worker] DEBUG c.g.d.z.s.o.a.h.client5.http.headers - http-outgoing-16 << Server: Docker/26.0.0 (linux)
2024-07-24 14:30:36.774 [Test worker] DEBUG c.g.d.z.s.o.a.h.client5.http.headers - http-outgoing-16 << Transfer-Encoding: chunked
2024-07-24 14:30:36.774 [Test worker] DEBUG c.g.d.z.s.o.a.h.c.h.i.c.MainClientExec - ex-000000B1: connection can be kept alive for 3 MINUTES
2024-07-24 14:30:36.775 [Test worker] DEBUG c.g.d.z.s.o.a.hc.client5.http.wire - http-outgoing-16 << "1a37[\r][\n]"
2024-07-24 14:30:36.776 [Test worker] DEBUG c.g.d.z.s.o.a.hc.client5.http.wire - http-outgoing-16 << "{"Id":"a0f1d774ddc75c129976ddcb1e2ee8674b198363eecdbfd7ed670346c3c19056","Created":"2024-07-24T02:30:36.259218731Z","Path":"docker-entrypoint.sh","Args":["postgres","-c","fsync=off"],"State":{"Status":"running","Running":true,"Paused":false,"Restarting":false,"OOMKilled":false,"Dead":false,"Pid":30022,"ExitCode":0,"Error":"","StartedAt":"2024-07-24T02:30:36.752861949Z","FinishedAt":"0001-01-01T00:00:00Z"},"Image":"sha256:8e4fc9e184899a58735e7ee333f5e272d7d2298cf59302006b71f33e217be130","ResolvConfPath":"/var/lib/docker/containers/a0f1d774ddc75c129976ddcb1e2ee8674b198363eecdbfd7ed670346c3c19056/resolv.conf","HostnamePath":"/var/lib/docker/containers/a0f1d774ddc75c129976ddcb1e2ee8674b198363eecdbfd7ed670346c3c19056/hostname","HostsPath":"/var/lib/docker/containers/a0f1d774ddc75c129976ddcb1e2ee8674b198363eecdbfd7ed670346c3c19056/hosts","LogPath":"/var/lib/docker/containers/a0f1d774ddc75c129976ddcb1e2ee8674b198363eecdbfd7ed670346c3c19056/a0f1d774ddc75c129976ddcb1e2ee8674b198363eecdbfd7ed670346c3c19056-json.log","Name":"/quirky_almeida","RestartCount":0,"Driver":"overlay2","Platform":"linux","MountLabel":"","ProcessLabel":"","AppArmorProfile":"","ExecIDs":null,"HostConfig":{"Binds":[],"ContainerIDFile":"","LogConfig":{"Type":"json-file","Config":{}},"NetworkMode":"default","PortBindings":{"5432/tcp":[{"HostIp":"0.0.0.0","HostPort":"0"}]},"RestartPolicy":{"Name":"no","MaximumRetryCount":0},"AutoRemove":false,"VolumeDriver":"","VolumesFrom":[],"ConsoleSize":[0,0],"CapAdd":null,"CapDrop":null,"CgroupnsMode":"host","Dns":null,"DnsOptions":null,"DnsSearch":null,"ExtraHosts":[],"GroupAdd":null,"IpcMode":"shareable","Cgroup":"","Links":null,"OomScoreAdj":0,"PidMode":"","Privileged":false,"PublishAllPorts":false,"ReadonlyRootfs":false,"SecurityOpt":null,"UTSMode":"","UsernsMode":"","ShmSize":67108864,"Runtime":"runc","Isolation":"","CpuShares":0,"Memory":0,"NanoCpus":0,"CgroupParent":"","BlkioWeight":0,"BlkioWeightDevice":null,"BlkioDeviceReadBps":null,"BlkioDeviceWriteBps":null,"BlkioDeviceReadIOps":null,"BlkioDeviceWriteIOps":null,"CpuPeriod":0,"CpuQuota":0,"CpuRealtimePeriod":0,"CpuRealtimeRuntime":0,"CpusetCpus":"","CpusetMems":"","Devices":null,"DeviceCgroupRules":null,"DeviceRequests":null,"MemoryReservation":0,"MemorySwap":0,"MemorySwappiness":null,"OomKillDisable":false,"PidsLimit":null,"Ulimits":null,"CpuCount":0,"CpuPercent":0,"IOMaximumIOps":0,"IOMaximumBandwidth":0,"MaskedPaths":["/proc/asound","/proc/acpi","/proc/kcore","/proc/keys","/proc/latency_stats","/proc/timer_list","/proc/timer_stats","/proc/sched_debug","/proc/scsi","/sys/firmware","/sys/devices/virtual/powercap"],"ReadonlyPaths":["/proc/bus","/proc/fs","/proc/irq","/proc/sys","/proc/sysrq-trigger"]},"GraphDriver":{"Data":{"LowerDir":"/var/lib/docker/overlay2/882694b5daa48f47878bf18a870dba3d3f8e8092a48569de724b503e0cf658ea-init/diff:/var/lib/docker/overlay2/8f0ddbd386af0785c2e348570516955816ab350305d698d363962d488eeb15ec/diff:/var/lib/docker/overlay2/0eb0ca73e9b0be7c3d7fa8762ef4778a68f38391bc84c037c2e90b88e781b475/diff:/var/lib/docker/overlay2/74e634bddc785c5d436b10a5158cd82e21dc2065fd1cf8ff9c1c12e01575a2d8/diff:/var/lib/docker/overlay2/bb918b2851cd2f508f1e3fdbfff8b7f8b041d61e65fe8c368288bf399e80b818/diff:/var/lib/docker/overlay2/2abab2946cbdc2941ee8ec4024c51dac7313dee9de5fbedd1ca33388c59eb3c8/diff:/var/lib/docker/overlay2/e12f6083ee669bd92743ceb339a896bb25dbe461b718705bb39eb410b80c0ecd/diff:/var/lib/docker/overlay2/ced1e86d670d097da5ed4da7288c22507735918959161c2cd8bf083fb30d169a/diff:/var/lib/docker/overlay2/94e9ac7b74923285ae73af20aeccb964ca9079e2305db367cb85d1603560472d/diff:/var/lib/docker/overlay2/a396b6dfd63f0c228c519871183c614cccf4d366a43460f27ecf97113c3c4be8/diff:/var/lib/docker/overlay2/f58ada5d5080c2bac553c734f81127660a90581a35ed2a92cebe3c59e340875b/diff:/var/lib/docker/overlay2/84f85636f37bf55d945e217b4f87a856eba7932284beaf042561007b66f48977/diff:/var/lib/docker/overlay2/1e6e519613884e91a2b74a588ba35dc8a2f789371ab798ef6e7d9836d756042f/diff:/var/lib/docker/overlay2/14a3151cc8b4f9d27d2e64f1a8abc0c7809309580f2d7e8dc8545055c1d56194/diff:/var/lib/dock"
2024-07-24 14:30:36.776 [Test worker] DEBUG c.g.d.z.s.o.a.hc.client5.http.wire - http-outgoing-16 << "er/overlay2/5b354b9e793401517fe2f1da697653fdaadffc54888eaf76d67e0600b8c68bdc/diff","MergedDir":"/var/lib/docker/overlay2/882694b5daa48f47878bf18a870dba3d3f8e8092a48569de724b503e0cf658ea/merged","UpperDir":"/var/lib/docker/overlay2/882694b5daa48f47878bf18a870dba3d3f8e8092a48569de724b503e0cf658ea/diff","WorkDir":"/var/lib/docker/overlay2/882694b5daa48f47878bf18a870dba3d3f8e8092a48569de724b503e0cf658ea/work"},"Name":"overlay2"},"Mounts":[{"Type":"volume","Name":"f4430afc930f6ce96386a25ef818c1a8ea7a1422ad8055fb1379ed0302ee24a7","Source":"/var/lib/docker/volumes/f4430afc930f6ce96386a25ef818c1a8ea7a1422ad8055fb1379ed0302ee24a7/_data","Destination":"/var/lib/postgresql/data","Driver":"local","Mode":"","RW":true,"Propagation":""}],"Config":{"Hostname":"a0f1d774ddc7","Domainname":"","User":"","AttachStdin":false,"AttachStdout":false,"AttachStderr":false,"ExposedPorts":{"5432/tcp":{}},"Tty":false,"OpenStdin":false,"StdinOnce":false,"Env":["POSTGRES_USER=user","POSTGRES_PASSWORD=password","POSTGRES_DB=db","PATH=/usr/local/sbin:/usr/local/bin:/usr/sbin:/usr/bin:/sbin:/bin:/usr/lib/postgresql/16/bin","GOSU_VERSION=1.17","LANG=en_US.utf8","PG_MAJOR=16","PG_VERSION=16.2-1.pgdg120+2","PGDATA=/var/lib/postgresql/data"],"Cmd":["postgres","-c","fsync=off"],"Image":"postgres:latest","Volumes":{"/var/lib/postgresql/data":{}},"WorkingDir":"","Entrypoint":["docker-entrypoint.sh"],"OnBuild":null,"Labels":{"org.testcontainers":"true","org.testcontainers.lang":"java","org.testcontainers.sessionId":"280e6229-7396-4d60-b1e3-a5de48b5d49b","org.testcontainers.version":"1.19.8"},"StopSignal":"SIGINT"},"NetworkSettings":{"Bridge":"","SandboxID":"2c2434f24b79fabe919020de3a72a40119cd26c884c12124e761b3d5ba241960","SandboxKey":"/var/run/docker/netns/2c2434f24b79","Ports":{"5432/tcp":[{"HostIp":"0.0.0.0","HostPort":"51561"}]},"HairpinMode":false,"LinkLocalIPv6Address":"","LinkLocalIPv6PrefixLen":0,"SecondaryIPAddresses":null,"SecondaryIPv6Addresses":null,"EndpointID":"e869291b29a133689c81bd3f0537e2f1ed91a99621eb4fc1426ca2a76e6b7cf1","Gateway":"172.17.0.1","GlobalIPv6Address":"","GlobalIPv6PrefixLen":0,"IPAddress":"172.17.0.3","IPPrefixLen":16,"IPv6Gateway":"","MacAddress":"02:42:ac:11:00:03","Networks":{"bridge":{"IPAMConfig":null,"Links":null,"Aliases":null,"MacAddress":"02:42:ac:11:00:03","NetworkID":"3c842496be344cbdae878c1dee0957e7bc7c0a2236009c92752030f2b053e72f","EndpointID":"e869291b29a133689c81bd3f0537e2f1ed91a99621eb4fc1426ca2a76e6b7cf1","Gateway":"172.17.0.1","IPAddress":"172.17.0.3","IPPrefixLen":16,"IPv6Gateway":"","GlobalIPv6Address":"","GlobalIPv6PrefixLen":0,"DriverOpts":null,"DNSNames":null}}}}[\n]"
2024-07-24 14:30:36.776 [Test worker] DEBUG c.g.d.z.s.o.a.hc.client5.http.wire - http-outgoing-16 << "[\r][\n]"
2024-07-24 14:30:36.776 [Test worker] DEBUG c.g.d.z.s.o.a.hc.client5.http.wire - http-outgoing-16 << "0[\r][\n]"
2024-07-24 14:30:36.776 [Test worker] DEBUG c.g.d.z.s.o.a.hc.client5.http.wire - http-outgoing-16 << "[\r][\n]"
2024-07-24 14:30:36.776 [Test worker] DEBUG c.g.d.z.s.o.a.h.c.h.i.c.InternalHttpClient - ep-000000B0: releasing valid endpoint
2024-07-24 14:30:36.776 [Test worker] DEBUG c.g.d.z.s.o.a.h.c.h.i.i.PoolingHttpClientConnectionManager - ep-000000B0: releasing endpoint
2024-07-24 14:30:36.776 [Test worker] DEBUG c.g.d.z.s.o.a.h.c.h.i.i.PoolingHttpClientConnectionManager - ep-000000B0: connection http-outgoing-16 can be kept alive for 3 MINUTES
2024-07-24 14:30:36.777 [Test worker] DEBUG c.g.d.z.s.o.a.h.c.h.i.i.PoolingHttpClientConnectionManager - ep-000000B0: connection released [route: {}->npipe://localhost:2375][total available: 1; route allocated: 1 of 2147483647; total allocated: 1 of 2147483647]
2024-07-24 14:30:36.777 [Test worker] DEBUG o.t.s.c.g.d.c.command.AbstrDockerCmd - Cmd: sha256:8e4fc9e184899a58735e7ee333f5e272d7d2298cf59302006b71f33e217be130
2024-07-24 14:30:36.777 [Test worker] TRACE o.t.s.c.g.d.c.e.InspectImageCmdExec - GET: DefaultWebTarget{path=[/images/sha256:8e4fc9e184899a58735e7ee333f5e272d7d2298cf59302006b71f33e217be130/json], queryParams={}}
2024-07-24 14:30:36.778 [Test worker] DEBUG c.g.d.z.s.o.a.h.c.h.i.c.InternalHttpClient - ex-000000B2: preparing request execution
2024-07-24 14:30:36.778 [Test worker] DEBUG c.g.d.z.s.o.a.h.c.h.p.RequestAddCookies - Cookie spec selected: strict
2024-07-24 14:30:36.778 [Test worker] DEBUG c.g.d.z.s.o.a.h.c.h.p.RequestAuthCache - Auth cache not set in the context
2024-07-24 14:30:36.778 [Test worker] DEBUG c.g.d.z.s.o.a.h.c.h.i.c.ProtocolExec - ex-000000B2: target auth state: UNCHALLENGED
2024-07-24 14:30:36.778 [Test worker] DEBUG c.g.d.z.s.o.a.h.c.h.i.c.ProtocolExec - ex-000000B2: proxy auth state: UNCHALLENGED
2024-07-24 14:30:36.778 [Test worker] DEBUG c.g.d.z.s.o.a.h.c.h.i.c.ConnectExec - ex-000000B2: acquiring connection with route {}->npipe://localhost:2375
2024-07-24 14:30:36.778 [Test worker] DEBUG c.g.d.z.s.o.a.h.c.h.i.c.InternalHttpClient - ex-000000B2: acquiring endpoint (3 MINUTES)
2024-07-24 14:30:36.778 [Test worker] DEBUG c.g.d.z.s.o.a.h.c.h.i.i.PoolingHttpClientConnectionManager - ex-000000B2: endpoint lease request (3 MINUTES) [route: {}->npipe://localhost:2375][total available: 1; route allocated: 1 of 2147483647; total allocated: 1 of 2147483647]
2024-07-24 14:30:36.778 [Test worker] DEBUG c.g.d.z.s.o.a.h.c.h.i.i.PoolingHttpClientConnectionManager - ex-000000B2: endpoint leased [route: {}->npipe://localhost:2375][total available: 0; route allocated: 1 of 2147483647; total allocated: 1 of 2147483647]
2024-07-24 14:30:36.778 [Test worker] DEBUG c.g.d.z.s.o.a.h.c.h.i.i.PoolingHttpClientConnectionManager - ex-000000B2: acquired ep-000000B1
2024-07-24 14:30:36.778 [Test worker] DEBUG c.g.d.z.s.o.a.h.c.h.i.c.InternalHttpClient - ex-000000B2: acquired endpoint ep-000000B1
2024-07-24 14:30:36.778 [Test worker] DEBUG c.g.d.z.s.o.a.h.c.h.i.c.MainClientExec - ex-000000B2: executing GET /v1.32/images/sha256:8e4fc9e184899a58735e7ee333f5e272d7d2298cf59302006b71f33e217be130/json HTTP/1.1
2024-07-24 14:30:36.778 [Test worker] DEBUG c.g.d.z.s.o.a.h.c.h.i.c.InternalHttpClient - ep-000000B1: start execution ex-000000B2
2024-07-24 14:30:36.778 [Test worker] DEBUG c.g.d.z.s.o.a.h.c.h.i.i.PoolingHttpClientConnectionManager - ep-000000B1: executing exchange ex-000000B2 over http-outgoing-16
2024-07-24 14:30:36.778 [Test worker] DEBUG c.g.d.z.s.o.a.h.client5.http.headers - http-outgoing-16 >> GET /v1.32/images/sha256:8e4fc9e184899a58735e7ee333f5e272d7d2298cf59302006b71f33e217be130/json HTTP/1.1
2024-07-24 14:30:36.778 [Test worker] DEBUG c.g.d.z.s.o.a.h.client5.http.headers - http-outgoing-16 >> accept: application/json
2024-07-24 14:30:36.778 [Test worker] DEBUG c.g.d.z.s.o.a.h.client5.http.headers - http-outgoing-16 >> x-tc-sid: 280e6229-7396-4d60-b1e3-a5de48b5d49b
2024-07-24 14:30:36.778 [Test worker] DEBUG c.g.d.z.s.o.a.h.client5.http.headers - http-outgoing-16 >> User-Agent: tc-java/1.19.8
2024-07-24 14:30:36.778 [Test worker] DEBUG c.g.d.z.s.o.a.h.client5.http.headers - http-outgoing-16 >> Accept-Encoding: gzip, x-gzip, deflate
2024-07-24 14:30:36.778 [Test worker] DEBUG c.g.d.z.s.o.a.h.client5.http.headers - http-outgoing-16 >> Host: localhost:2375
2024-07-24 14:30:36.778 [Test worker] DEBUG c.g.d.z.s.o.a.h.client5.http.headers - http-outgoing-16 >> Connection: keep-alive
2024-07-24 14:30:36.778 [Test worker] DEBUG c.g.d.z.s.o.a.hc.client5.http.wire - http-outgoing-16 >> "GET /v1.32/images/sha256:8e4fc9e184899a58735e7ee333f5e272d7d2298cf59302006b71f33e217be130/json HTTP/1.1[\r][\n]"
2024-07-24 14:30:36.778 [Test worker] DEBUG c.g.d.z.s.o.a.hc.client5.http.wire - http-outgoing-16 >> "accept: application/json[\r][\n]"
2024-07-24 14:30:36.778 [Test worker] DEBUG c.g.d.z.s.o.a.hc.client5.http.wire - http-outgoing-16 >> "x-tc-sid: 280e6229-7396-4d60-b1e3-a5de48b5d49b[\r][\n]"
2024-07-24 14:30:36.778 [Test worker] DEBUG c.g.d.z.s.o.a.hc.client5.http.wire - http-outgoing-16 >> "User-Agent: tc-java/1.19.8[\r][\n]"
2024-07-24 14:30:36.778 [Test worker] DEBUG c.g.d.z.s.o.a.hc.client5.http.wire - http-outgoing-16 >> "Accept-Encoding: gzip, x-gzip, deflate[\r][\n]"
2024-07-24 14:30:36.778 [Test worker] DEBUG c.g.d.z.s.o.a.hc.client5.http.wire - http-outgoing-16 >> "Host: localhost:2375[\r][\n]"
2024-07-24 14:30:36.778 [Test worker] DEBUG c.g.d.z.s.o.a.hc.client5.http.wire - http-outgoing-16 >> "Connection: keep-alive[\r][\n]"
2024-07-24 14:30:36.778 [Test worker] DEBUG c.g.d.z.s.o.a.hc.client5.http.wire - http-outgoing-16 >> "[\r][\n]"
2024-07-24 14:30:36.782 [Test worker] DEBUG c.g.d.z.s.o.a.hc.client5.http.wire - http-outgoing-16 << "HTTP/1.1 200 OK[\r][\n]"
2024-07-24 14:30:36.782 [Test worker] DEBUG c.g.d.z.s.o.a.hc.client5.http.wire - http-outgoing-16 << "Api-Version: 1.45[\r][\n]"
2024-07-24 14:30:36.782 [Test worker] DEBUG c.g.d.z.s.o.a.hc.client5.http.wire - http-outgoing-16 << "Content-Type: application/json[\r][\n]"
2024-07-24 14:30:36.782 [Test worker] DEBUG c.g.d.z.s.o.a.hc.client5.http.wire - http-outgoing-16 << "Date: Wed, 24 Jul 2024 02:30:36 GMT[\r][\n]"
2024-07-24 14:30:36.782 [Test worker] DEBUG c.g.d.z.s.o.a.hc.client5.http.wire - http-outgoing-16 << "Docker-Experimental: false[\r][\n]"
2024-07-24 14:30:36.782 [Test worker] DEBUG c.g.d.z.s.o.a.hc.client5.http.wire - http-outgoing-16 << "Ostype: linux[\r][\n]"
2024-07-24 14:30:36.782 [Test worker] DEBUG c.g.d.z.s.o.a.hc.client5.http.wire - http-outgoing-16 << "Server: Docker/26.0.0 (linux)[\r][\n]"
2024-07-24 14:30:36.782 [Test worker] DEBUG c.g.d.z.s.o.a.hc.client5.http.wire - http-outgoing-16 << "Transfer-Encoding: chunked[\r][\n]"
2024-07-24 14:30:36.782 [Test worker] DEBUG c.g.d.z.s.o.a.hc.client5.http.wire - http-outgoing-16 << "[\r][\n]"
2024-07-24 14:30:36.782 [Test worker] DEBUG c.g.d.z.s.o.a.h.client5.http.headers - http-outgoing-16 << HTTP/1.1 200 OK
2024-07-24 14:30:36.782 [Test worker] DEBUG c.g.d.z.s.o.a.h.client5.http.headers - http-outgoing-16 << Api-Version: 1.45
2024-07-24 14:30:36.782 [Test worker] DEBUG c.g.d.z.s.o.a.h.client5.http.headers - http-outgoing-16 << Content-Type: application/json
2024-07-24 14:30:36.782 [Test worker] DEBUG c.g.d.z.s.o.a.h.client5.http.headers - http-outgoing-16 << Date: Wed, 24 Jul 2024 02:30:36 GMT
2024-07-24 14:30:36.782 [Test worker] DEBUG c.g.d.z.s.o.a.h.client5.http.headers - http-outgoing-16 << Docker-Experimental: false
2024-07-24 14:30:36.782 [Test worker] DEBUG c.g.d.z.s.o.a.h.client5.http.headers - http-outgoing-16 << Ostype: linux
2024-07-24 14:30:36.782 [Test worker] DEBUG c.g.d.z.s.o.a.h.client5.http.headers - http-outgoing-16 << Server: Docker/26.0.0 (linux)
2024-07-24 14:30:36.782 [Test worker] DEBUG c.g.d.z.s.o.a.h.client5.http.headers - http-outgoing-16 << Transfer-Encoding: chunked
2024-07-24 14:30:36.782 [Test worker] DEBUG c.g.d.z.s.o.a.h.c.h.i.c.MainClientExec - ex-000000B2: connection can be kept alive for 3 MINUTES
2024-07-24 14:30:36.782 [Test worker] DEBUG c.g.d.z.s.o.a.hc.client5.http.wire - http-outgoing-16 << "fcb[\r][\n]"
2024-07-24 14:30:36.782 [Test worker] DEBUG c.g.d.z.s.o.a.hc.client5.http.wire - http-outgoing-16 << "{"Id":"sha256:8e4fc9e184899a58735e7ee333f5e272d7d2298cf59302006b71f33e217be130","RepoTags":["postgres:latest"],"RepoDigests":["postgres@sha256:4aea012537edfad80f98d870a36e6b90b4c09b27be7f4b4759d72db863baeebb"],"Parent":"","Comment":"buildkit.dockerfile.v0","Created":"2024-02-21T00:46:13Z","ContainerConfig":{"Hostname":"","Domainname":"","User":"","AttachStdin":false,"AttachStdout":false,"AttachStderr":false,"Tty":false,"OpenStdin":false,"StdinOnce":false,"Env":null,"Cmd":null,"Image":"","Volumes":null,"WorkingDir":"","Entrypoint":null,"OnBuild":null,"Labels":null},"DockerVersion":"","Author":"","Config":{"Hostname":"","Domainname":"","User":"","AttachStdin":false,"AttachStdout":false,"AttachStderr":false,"ExposedPorts":{"5432/tcp":{}},"Tty":false,"OpenStdin":false,"StdinOnce":false,"Env":["PATH=/usr/local/sbin:/usr/local/bin:/usr/sbin:/usr/bin:/sbin:/bin:/usr/lib/postgresql/16/bin","GOSU_VERSION=1.17","LANG=en_US.utf8","PG_MAJOR=16","PG_VERSION=16.2-1.pgdg120+2","PGDATA=/var/lib/postgresql/data"],"Cmd":["postgres"],"ArgsEscaped":true,"Image":"","Volumes":{"/var/lib/postgresql/data":{}},"WorkingDir":"","Entrypoint":["docker-entrypoint.sh"],"OnBuild":null,"Labels":null,"StopSignal":"SIGINT"},"Architecture":"amd64","Os":"linux","Size":431496964,"VirtualSize":431496964,"GraphDriver":{"Data":{"LowerDir":"/var/lib/docker/overlay2/0eb0ca73e9b0be7c3d7fa8762ef4778a68f38391bc84c037c2e90b88e781b475/diff:/var/lib/docker/overlay2/74e634bddc785c5d436b10a5158cd82e21dc2065fd1cf8ff9c1c12e01575a2d8/diff:/var/lib/docker/overlay2/bb918b2851cd2f508f1e3fdbfff8b7f8b041d61e65fe8c368288bf399e80b818/diff:/var/lib/docker/overlay2/2abab2946cbdc2941ee8ec4024c51dac7313dee9de5fbedd1ca33388c59eb3c8/diff:/var/lib/docker/overlay2/e12f6083ee669bd92743ceb339a896bb25dbe461b718705bb39eb410b80c0ecd/diff:/var/lib/docker/overlay2/ced1e86d670d097da5ed4da7288c22507735918959161c2cd8bf083fb30d169a/diff:/var/lib/docker/overlay2/94e9ac7b74923285ae73af20aeccb964ca9079e2305db367cb85d1603560472d/diff:/var/lib/docker/overlay2/a396b6dfd63f0c228c519871183c614cccf4d366a43460f27ecf97113c3c4be8/diff:/var/lib/docker/overlay2/f58ada5d5080c2bac553c734f81127660a90581a35ed2a92cebe3c59e340875b/diff:/var/lib/docker/overlay2/84f85636f37bf55d945e217b4f87a856eba7932284beaf042561007b66f48977/diff:/var/lib/docker/overlay2/1e6e519613884e91a2b74a588ba35dc8a2f789371ab798ef6e7d9836d756042f/diff:/var/lib/docker/overlay2/14a3151cc8b4f9d27d2e64f1a8abc0c7809309580f2d7e8dc8545055c1d56194/diff:/var/lib/docker/overlay2/5b354b9e793401517fe2f1da697653fdaadffc54888eaf76d67e0600b8c68bdc/diff","MergedDir":"/var/lib/docker/overlay2/8f0ddbd386af0785c2e348570516955816ab350305d698d363962d488eeb15ec/merged","UpperDir":"/var/lib/docker/overlay2/8f0ddbd386af0785c2e348570516955816ab350305d698d363962d488eeb15ec/diff","WorkDir":"/var/lib/docker/overlay2/8f0ddbd386af0785c2e348570516955816ab350305d698d363962d488eeb15ec/work"},"Name":"overlay2"},"RootFS":{"Type":"layers","Layers":["sha256:52ec5a4316fadc09a4a51f82b8d7b66ead0d71bea4f75e81e25b4094c4219061","sha256:5a99d63e3aef066b4fa085cf24d0281681d5530c22f0c93391b854ba5741b62e","sha256:12694c6edf8321950446751b5acc175137946701b72febd6a32ab6e6cb89403b","sha256:beceb355ef35df0b8123db4eddd8f734e7414a3828e463354a913dda6738571d","sha256:0f86e6985ca32f3adeb9f65e3f80b3f2aa37a697d345c84011b2421e5608bc06","sha256:22c31f24613cd6a7b43f3074166d79619574e76f430035be15d909ae45fb97da","sha256:7c32a1ce1cc084a148145553666d5b64e3b6551491d1c3c6cc545b5b69daf5da","sha256:192de40051e6f5b468a60be4e6d162a1bbf3dc4af2dfb0a7aa8db25f86b6e68e","sha256:257f3fc789f6526019470322285b4bfe55e3e09f41150576c0997f370407af14","sha256:2993953b2c109056b0d580a549dae9f902a84a29f3907d96d7329746a8df7fc2","sha256:0bc02fbb093e939812a0ca64bd21a807d815b89c5e034e73026d14535053f4e2","sha256:3866ad927dc8101b32941f0fe6e36e656eba398b92164688ce1d1afdeca7eb09","sha256:2621fdc21b32f8210d30df7b9f44c068fa347ce07f7e1935a2383e5f7e7ddecb","sha256:c116a9ba3dbfe8c6135659ba009883a03bdc660abfedc64e2528baa6d736dbc9"]},"Metadata":{"LastTagTime":"0001-01-01T00:00:00Z"},"Container":""}[\n]"
2024-07-24 14:30:36.782 [Test worker] DEBUG c.g.d.z.s.o.a.hc.client5.http.wire - http-outgoing-16 << "[\r][\n]"
2024-07-24 14:30:36.782 [Test worker] DEBUG c.g.d.z.s.o.a.hc.client5.http.wire - http-outgoing-16 << "0[\r][\n]"
2024-07-24 14:30:36.782 [Test worker] DEBUG c.g.d.z.s.o.a.hc.client5.http.wire - http-outgoing-16 << "[\r][\n]"
2024-07-24 14:30:36.783 [Test worker] DEBUG c.g.d.z.s.o.a.h.c.h.i.c.InternalHttpClient - ep-000000B1: releasing valid endpoint
2024-07-24 14:30:36.783 [Test worker] DEBUG c.g.d.z.s.o.a.h.c.h.i.i.PoolingHttpClientConnectionManager - ep-000000B1: releasing endpoint
2024-07-24 14:30:36.783 [Test worker] DEBUG c.g.d.z.s.o.a.h.c.h.i.i.PoolingHttpClientConnectionManager - ep-000000B1: connection http-outgoing-16 can be kept alive for 3 MINUTES
2024-07-24 14:30:36.784 [Test worker] DEBUG c.g.d.z.s.o.a.h.c.h.i.i.PoolingHttpClientConnectionManager - ep-000000B1: connection released [route: {}->npipe://localhost:2375][total available: 1; route allocated: 1 of 2147483647; total allocated: 1 of 2147483647]
2024-07-24 14:30:36.784 [Test worker] DEBUG o.t.s.c.g.d.c.command.AbstrDockerCmd - Cmd: 
2024-07-24 14:30:36.784 [Test worker] TRACE o.t.s.c.g.d.core.exec.VersionCmdExec - GET: DefaultWebTarget{path=[/version], queryParams={}}
2024-07-24 14:30:36.784 [Test worker] DEBUG c.g.d.z.s.o.a.h.c.h.i.c.InternalHttpClient - ex-000000B3: preparing request execution
2024-07-24 14:30:36.784 [Test worker] DEBUG c.g.d.z.s.o.a.h.c.h.p.RequestAddCookies - Cookie spec selected: strict
2024-07-24 14:30:36.784 [Test worker] DEBUG c.g.d.z.s.o.a.h.c.h.p.RequestAuthCache - Auth cache not set in the context
2024-07-24 14:30:36.784 [Test worker] DEBUG c.g.d.z.s.o.a.h.c.h.i.c.ProtocolExec - ex-000000B3: target auth state: UNCHALLENGED
2024-07-24 14:30:36.784 [Test worker] DEBUG c.g.d.z.s.o.a.h.c.h.i.c.ProtocolExec - ex-000000B3: proxy auth state: UNCHALLENGED
2024-07-24 14:30:36.784 [Test worker] DEBUG c.g.d.z.s.o.a.h.c.h.i.c.ConnectExec - ex-000000B3: acquiring connection with route {}->npipe://localhost:2375
2024-07-24 14:30:36.784 [Test worker] DEBUG c.g.d.z.s.o.a.h.c.h.i.c.InternalHttpClient - ex-000000B3: acquiring endpoint (3 MINUTES)
2024-07-24 14:30:36.784 [Test worker] DEBUG c.g.d.z.s.o.a.h.c.h.i.i.PoolingHttpClientConnectionManager - ex-000000B3: endpoint lease request (3 MINUTES) [route: {}->npipe://localhost:2375][total available: 1; route allocated: 1 of 2147483647; total allocated: 1 of 2147483647]
2024-07-24 14:30:36.784 [Test worker] DEBUG c.g.d.z.s.o.a.h.c.h.i.i.PoolingHttpClientConnectionManager - ex-000000B3: endpoint leased [route: {}->npipe://localhost:2375][total available: 0; route allocated: 1 of 2147483647; total allocated: 1 of 2147483647]
2024-07-24 14:30:36.784 [Test worker] DEBUG c.g.d.z.s.o.a.h.c.h.i.i.PoolingHttpClientConnectionManager - ex-000000B3: acquired ep-000000B2
2024-07-24 14:30:36.784 [Test worker] DEBUG c.g.d.z.s.o.a.h.c.h.i.c.InternalHttpClient - ex-000000B3: acquired endpoint ep-000000B2
2024-07-24 14:30:36.784 [Test worker] DEBUG c.g.d.z.s.o.a.h.c.h.i.c.MainClientExec - ex-000000B3: executing GET /v1.32/version HTTP/1.1
2024-07-24 14:30:36.784 [Test worker] DEBUG c.g.d.z.s.o.a.h.c.h.i.c.InternalHttpClient - ep-000000B2: start execution ex-000000B3
2024-07-24 14:30:36.784 [Test worker] DEBUG c.g.d.z.s.o.a.h.c.h.i.i.PoolingHttpClientConnectionManager - ep-000000B2: executing exchange ex-000000B3 over http-outgoing-16
2024-07-24 14:30:36.784 [Test worker] DEBUG c.g.d.z.s.o.a.h.client5.http.headers - http-outgoing-16 >> GET /v1.32/version HTTP/1.1
2024-07-24 14:30:36.784 [Test worker] DEBUG c.g.d.z.s.o.a.h.client5.http.headers - http-outgoing-16 >> accept: application/json
2024-07-24 14:30:36.784 [Test worker] DEBUG c.g.d.z.s.o.a.h.client5.http.headers - http-outgoing-16 >> x-tc-sid: 280e6229-7396-4d60-b1e3-a5de48b5d49b
2024-07-24 14:30:36.784 [Test worker] DEBUG c.g.d.z.s.o.a.h.client5.http.headers - http-outgoing-16 >> User-Agent: tc-java/1.19.8
2024-07-24 14:30:36.784 [Test worker] DEBUG c.g.d.z.s.o.a.h.client5.http.headers - http-outgoing-16 >> Accept-Encoding: gzip, x-gzip, deflate
2024-07-24 14:30:36.784 [Test worker] DEBUG c.g.d.z.s.o.a.h.client5.http.headers - http-outgoing-16 >> Host: localhost:2375
2024-07-24 14:30:36.784 [Test worker] DEBUG c.g.d.z.s.o.a.h.client5.http.headers - http-outgoing-16 >> Connection: keep-alive
2024-07-24 14:30:36.784 [Test worker] DEBUG c.g.d.z.s.o.a.hc.client5.http.wire - http-outgoing-16 >> "GET /v1.32/version HTTP/1.1[\r][\n]"
2024-07-24 14:30:36.784 [Test worker] DEBUG c.g.d.z.s.o.a.hc.client5.http.wire - http-outgoing-16 >> "accept: application/json[\r][\n]"
2024-07-24 14:30:36.784 [Test worker] DEBUG c.g.d.z.s.o.a.hc.client5.http.wire - http-outgoing-16 >> "x-tc-sid: 280e6229-7396-4d60-b1e3-a5de48b5d49b[\r][\n]"
2024-07-24 14:30:36.784 [Test worker] DEBUG c.g.d.z.s.o.a.hc.client5.http.wire - http-outgoing-16 >> "User-Agent: tc-java/1.19.8[\r][\n]"
2024-07-24 14:30:36.784 [Test worker] DEBUG c.g.d.z.s.o.a.hc.client5.http.wire - http-outgoing-16 >> "Accept-Encoding: gzip, x-gzip, deflate[\r][\n]"
2024-07-24 14:30:36.784 [Test worker] DEBUG c.g.d.z.s.o.a.hc.client5.http.wire - http-outgoing-16 >> "Host: localhost:2375[\r][\n]"
2024-07-24 14:30:36.784 [Test worker] DEBUG c.g.d.z.s.o.a.hc.client5.http.wire - http-outgoing-16 >> "Connection: keep-alive[\r][\n]"
2024-07-24 14:30:36.784 [Test worker] DEBUG c.g.d.z.s.o.a.hc.client5.http.wire - http-outgoing-16 >> "[\r][\n]"
2024-07-24 14:30:36.793 [Test worker] DEBUG c.g.d.z.s.o.a.hc.client5.http.wire - http-outgoing-16 << "HTTP/1.1 200 OK[\r][\n]"
2024-07-24 14:30:36.793 [Test worker] DEBUG c.g.d.z.s.o.a.hc.client5.http.wire - http-outgoing-16 << "Api-Version: 1.45[\r][\n]"
2024-07-24 14:30:36.793 [Test worker] DEBUG c.g.d.z.s.o.a.hc.client5.http.wire - http-outgoing-16 << "Content-Type: application/json[\r][\n]"
2024-07-24 14:30:36.793 [Test worker] DEBUG c.g.d.z.s.o.a.hc.client5.http.wire - http-outgoing-16 << "Date: Wed, 24 Jul 2024 02:30:36 GMT[\r][\n]"
2024-07-24 14:30:36.793 [Test worker] DEBUG c.g.d.z.s.o.a.hc.client5.http.wire - http-outgoing-16 << "Docker-Experimental: false[\r][\n]"
2024-07-24 14:30:36.793 [Test worker] DEBUG c.g.d.z.s.o.a.hc.client5.http.wire - http-outgoing-16 << "Ostype: linux[\r][\n]"
2024-07-24 14:30:36.793 [Test worker] DEBUG c.g.d.z.s.o.a.hc.client5.http.wire - http-outgoing-16 << "Server: Docker/26.0.0 (linux)[\r][\n]"
2024-07-24 14:30:36.793 [Test worker] DEBUG c.g.d.z.s.o.a.hc.client5.http.wire - http-outgoing-16 << "Transfer-Encoding: chunked[\r][\n]"
2024-07-24 14:30:36.793 [Test worker] DEBUG c.g.d.z.s.o.a.hc.client5.http.wire - http-outgoing-16 << "[\r][\n]"
2024-07-24 14:30:36.794 [Test worker] DEBUG c.g.d.z.s.o.a.h.client5.http.headers - http-outgoing-16 << HTTP/1.1 200 OK
2024-07-24 14:30:36.794 [Test worker] DEBUG c.g.d.z.s.o.a.h.client5.http.headers - http-outgoing-16 << Api-Version: 1.45
2024-07-24 14:30:36.794 [Test worker] DEBUG c.g.d.z.s.o.a.h.client5.http.headers - http-outgoing-16 << Content-Type: application/json
2024-07-24 14:30:36.794 [Test worker] DEBUG c.g.d.z.s.o.a.h.client5.http.headers - http-outgoing-16 << Date: Wed, 24 Jul 2024 02:30:36 GMT
2024-07-24 14:30:36.794 [Test worker] DEBUG c.g.d.z.s.o.a.h.client5.http.headers - http-outgoing-16 << Docker-Experimental: false
2024-07-24 14:30:36.794 [Test worker] DEBUG c.g.d.z.s.o.a.h.client5.http.headers - http-outgoing-16 << Ostype: linux
2024-07-24 14:30:36.794 [Test worker] DEBUG c.g.d.z.s.o.a.h.client5.http.headers - http-outgoing-16 << Server: Docker/26.0.0 (linux)
2024-07-24 14:30:36.794 [Test worker] DEBUG c.g.d.z.s.o.a.h.client5.http.headers - http-outgoing-16 << Transfer-Encoding: chunked
2024-07-24 14:30:36.794 [Test worker] DEBUG c.g.d.z.s.o.a.h.c.h.i.c.MainClientExec - ex-000000B3: connection can be kept alive for 3 MINUTES
2024-07-24 14:30:36.794 [Test worker] DEBUG c.g.d.z.s.o.a.hc.client5.http.wire - http-outgoing-16 << "35f[\r][\n]"
2024-07-24 14:30:36.794 [Test worker] DEBUG c.g.d.z.s.o.a.hc.client5.http.wire - http-outgoing-16 << "{"Platform":{"Name":"Docker Desktop 4.29.0 (145265)"},"Components":[{"Name":"Engine","Version":"26.0.0","Details":{"ApiVersion":"1.45","Arch":"amd64","BuildTime":"2024-03-20T15:18:01.000000000+00:00","Experimental":"false","GitCommit":"8b79278","GoVersion":"go1.21.8","KernelVersion":"5.15.153.1-microsoft-standard-WSL2","MinAPIVersion":"1.24","Os":"linux"}},{"Name":"containerd","Version":"1.6.28","Details":{"GitCommit":"ae07eda36dd25f8a1b98dfbf587313b99c0190bb"}},{"Name":"runc","Version":"1.1.12","Details":{"GitCommit":"v1.1.12-0-g51d5e94"}},{"Name":"docker-init","Version":"0.19.0","Details":{"GitCommit":"de40ad0"}}],"Version":"26.0.0","ApiVersion":"1.45","MinAPIVersion":"1.24","GitCommit":"8b79278","GoVersion":"go1.21.8","Os":"linux","Arch":"amd64","KernelVersion":"5.15.153.1-microsoft-standard-WSL2","BuildTime":"2024-03-20T15:18:01.000000000+00:00"}[\n]"
2024-07-24 14:30:36.794 [Test worker] DEBUG c.g.d.z.s.o.a.hc.client5.http.wire - http-outgoing-16 << "[\r][\n]"
2024-07-24 14:30:36.794 [Test worker] DEBUG c.g.d.z.s.o.a.hc.client5.http.wire - http-outgoing-16 << "0[\r][\n]"
2024-07-24 14:30:36.794 [Test worker] DEBUG c.g.d.z.s.o.a.hc.client5.http.wire - http-outgoing-16 << "[\r][\n]"
2024-07-24 14:30:36.795 [Test worker] DEBUG c.g.d.z.s.o.a.h.c.h.i.c.InternalHttpClient - ep-000000B2: releasing valid endpoint
2024-07-24 14:30:36.795 [Test worker] DEBUG c.g.d.z.s.o.a.h.c.h.i.i.PoolingHttpClientConnectionManager - ep-000000B2: releasing endpoint
2024-07-24 14:30:36.795 [Test worker] DEBUG c.g.d.z.s.o.a.h.c.h.i.i.PoolingHttpClientConnectionManager - ep-000000B2: connection http-outgoing-16 can be kept alive for 3 MINUTES
2024-07-24 14:30:36.795 [Test worker] DEBUG c.g.d.z.s.o.a.h.c.h.i.i.PoolingHttpClientConnectionManager - ep-000000B2: connection released [route: {}->npipe://localhost:2375][total available: 1; route allocated: 1 of 2147483647; total allocated: 1 of 2147483647]
2024-07-24 14:30:36.796 [Test worker] TRACE o.t.s.c.g.d.c.e.LogContainerCmdExec - GET: DefaultWebTarget{path=[/containers/a0f1d774ddc75c129976ddcb1e2ee8674b198363eecdbfd7ed670346c3c19056/logs], queryParams={stdout=[true], stderr=[true], follow=[true], since=[0]}}
2024-07-24 14:30:36.796 [docker-java-stream--2014993504] DEBUG c.g.d.z.s.o.a.h.c.h.i.c.InternalHttpClient - ex-000000B4: preparing request execution
2024-07-24 14:30:36.796 [docker-java-stream--2014993504] DEBUG c.g.d.z.s.o.a.h.c.h.p.RequestAddCookies - Cookie spec selected: strict
2024-07-24 14:30:36.796 [docker-java-stream--2014993504] DEBUG c.g.d.z.s.o.a.h.c.h.p.RequestAuthCache - Auth cache not set in the context
2024-07-24 14:30:36.796 [docker-java-stream--2014993504] DEBUG c.g.d.z.s.o.a.h.c.h.i.c.ProtocolExec - ex-000000B4: target auth state: UNCHALLENGED
2024-07-24 14:30:36.796 [docker-java-stream--2014993504] DEBUG c.g.d.z.s.o.a.h.c.h.i.c.ProtocolExec - ex-000000B4: proxy auth state: UNCHALLENGED
2024-07-24 14:30:36.796 [docker-java-stream--2014993504] DEBUG c.g.d.z.s.o.a.h.c.h.i.c.ConnectExec - ex-000000B4: acquiring connection with route {}->npipe://localhost:2375
2024-07-24 14:30:36.796 [docker-java-stream--2014993504] DEBUG c.g.d.z.s.o.a.h.c.h.i.c.InternalHttpClient - ex-000000B4: acquiring endpoint (3 MINUTES)
2024-07-24 14:30:36.797 [docker-java-stream--2014993504] DEBUG c.g.d.z.s.o.a.h.c.h.i.i.PoolingHttpClientConnectionManager - ex-000000B4: endpoint lease request (3 MINUTES) [route: {}->npipe://localhost:2375][total available: 1; route allocated: 1 of 2147483647; total allocated: 1 of 2147483647]
2024-07-24 14:30:36.797 [docker-java-stream--2014993504] DEBUG c.g.d.z.s.o.a.h.c.h.i.i.PoolingHttpClientConnectionManager - ex-000000B4: endpoint leased [route: {}->npipe://localhost:2375][total available: 0; route allocated: 1 of 2147483647; total allocated: 1 of 2147483647]
2024-07-24 14:30:36.797 [docker-java-stream--2014993504] DEBUG c.g.d.z.s.o.a.h.c.h.i.i.PoolingHttpClientConnectionManager - ex-000000B4: acquired ep-000000B3
2024-07-24 14:30:36.797 [docker-java-stream--2014993504] DEBUG c.g.d.z.s.o.a.h.c.h.i.c.InternalHttpClient - ex-000000B4: acquired endpoint ep-000000B3
2024-07-24 14:30:36.797 [docker-java-stream--2014993504] DEBUG c.g.d.z.s.o.a.h.c.h.i.c.MainClientExec - ex-000000B4: executing GET /v1.32/containers/a0f1d774ddc75c129976ddcb1e2ee8674b198363eecdbfd7ed670346c3c19056/logs?stdout=true&stderr=true&follow=true&since=0 HTTP/1.1
2024-07-24 14:30:36.797 [docker-java-stream--2014993504] DEBUG c.g.d.z.s.o.a.h.c.h.i.c.InternalHttpClient - ep-000000B3: start execution ex-000000B4
2024-07-24 14:30:36.797 [docker-java-stream--2014993504] DEBUG c.g.d.z.s.o.a.h.c.h.i.i.PoolingHttpClientConnectionManager - ep-000000B3: executing exchange ex-000000B4 over http-outgoing-16
2024-07-24 14:30:36.797 [docker-java-stream--2014993504] DEBUG c.g.d.z.s.o.a.h.client5.http.headers - http-outgoing-16 >> GET /v1.32/containers/a0f1d774ddc75c129976ddcb1e2ee8674b198363eecdbfd7ed670346c3c19056/logs?stdout=true&stderr=true&follow=true&since=0 HTTP/1.1
2024-07-24 14:30:36.797 [docker-java-stream--2014993504] DEBUG c.g.d.z.s.o.a.h.client5.http.headers - http-outgoing-16 >> x-tc-sid: 280e6229-7396-4d60-b1e3-a5de48b5d49b
2024-07-24 14:30:36.797 [docker-java-stream--2014993504] DEBUG c.g.d.z.s.o.a.h.client5.http.headers - http-outgoing-16 >> User-Agent: tc-java/1.19.8
2024-07-24 14:30:36.797 [docker-java-stream--2014993504] DEBUG c.g.d.z.s.o.a.h.client5.http.headers - http-outgoing-16 >> Accept-Encoding: gzip, x-gzip, deflate
2024-07-24 14:30:36.797 [docker-java-stream--2014993504] DEBUG c.g.d.z.s.o.a.h.client5.http.headers - http-outgoing-16 >> Host: localhost:2375
2024-07-24 14:30:36.797 [docker-java-stream--2014993504] DEBUG c.g.d.z.s.o.a.h.client5.http.headers - http-outgoing-16 >> Connection: keep-alive
2024-07-24 14:30:36.797 [docker-java-stream--2014993504] DEBUG c.g.d.z.s.o.a.hc.client5.http.wire - http-outgoing-16 >> "GET /v1.32/containers/a0f1d774ddc75c129976ddcb1e2ee8674b198363eecdbfd7ed670346c3c19056/logs?stdout=true&stderr=true&follow=true&since=0 HTTP/1.1[\r][\n]"
2024-07-24 14:30:36.797 [docker-java-stream--2014993504] DEBUG c.g.d.z.s.o.a.hc.client5.http.wire - http-outgoing-16 >> "x-tc-sid: 280e6229-7396-4d60-b1e3-a5de48b5d49b[\r][\n]"
2024-07-24 14:30:36.797 [docker-java-stream--2014993504] DEBUG c.g.d.z.s.o.a.hc.client5.http.wire - http-outgoing-16 >> "User-Agent: tc-java/1.19.8[\r][\n]"
2024-07-24 14:30:36.797 [docker-java-stream--2014993504] DEBUG c.g.d.z.s.o.a.hc.client5.http.wire - http-outgoing-16 >> "Accept-Encoding: gzip, x-gzip, deflate[\r][\n]"
2024-07-24 14:30:36.797 [docker-java-stream--2014993504] DEBUG c.g.d.z.s.o.a.hc.client5.http.wire - http-outgoing-16 >> "Host: localhost:2375[\r][\n]"
2024-07-24 14:30:36.797 [docker-java-stream--2014993504] DEBUG c.g.d.z.s.o.a.hc.client5.http.wire - http-outgoing-16 >> "Connection: keep-alive[\r][\n]"
2024-07-24 14:30:36.797 [docker-java-stream--2014993504] DEBUG c.g.d.z.s.o.a.hc.client5.http.wire - http-outgoing-16 >> "[\r][\n]"
2024-07-24 14:30:36.799 [docker-java-stream--2014993504] DEBUG c.g.d.z.s.o.a.hc.client5.http.wire - http-outgoing-16 << "HTTP/1.1 200 OK[\r][\n]"
2024-07-24 14:30:36.799 [docker-java-stream--2014993504] DEBUG c.g.d.z.s.o.a.hc.client5.http.wire - http-outgoing-16 << "Api-Version: 1.45[\r][\n]"
2024-07-24 14:30:36.799 [docker-java-stream--2014993504] DEBUG c.g.d.z.s.o.a.hc.client5.http.wire - http-outgoing-16 << "Content-Type: application/vnd.docker.raw-stream[\r][\n]"
2024-07-24 14:30:36.799 [docker-java-stream--2014993504] DEBUG c.g.d.z.s.o.a.hc.client5.http.wire - http-outgoing-16 << "Date: Wed, 24 Jul 2024 02:30:36 GMT[\r][\n]"
2024-07-24 14:30:36.799 [docker-java-stream--2014993504] DEBUG c.g.d.z.s.o.a.hc.client5.http.wire - http-outgoing-16 << "Docker-Experimental: false[\r][\n]"
2024-07-24 14:30:36.799 [docker-java-stream--2014993504] DEBUG c.g.d.z.s.o.a.hc.client5.http.wire - http-outgoing-16 << "Ostype: linux[\r][\n]"
2024-07-24 14:30:36.799 [docker-java-stream--2014993504] DEBUG c.g.d.z.s.o.a.hc.client5.http.wire - http-outgoing-16 << "Server: Docker/26.0.0 (linux)[\r][\n]"
2024-07-24 14:30:36.799 [docker-java-stream--2014993504] DEBUG c.g.d.z.s.o.a.hc.client5.http.wire - http-outgoing-16 << "Transfer-Encoding: chunked[\r][\n]"
2024-07-24 14:30:36.799 [docker-java-stream--2014993504] DEBUG c.g.d.z.s.o.a.hc.client5.http.wire - http-outgoing-16 << "[\r][\n]"
2024-07-24 14:30:36.799 [docker-java-stream--2014993504] DEBUG c.g.d.z.s.o.a.h.client5.http.headers - http-outgoing-16 << HTTP/1.1 200 OK
2024-07-24 14:30:36.799 [docker-java-stream--2014993504] DEBUG c.g.d.z.s.o.a.h.client5.http.headers - http-outgoing-16 << Api-Version: 1.45
2024-07-24 14:30:36.799 [docker-java-stream--2014993504] DEBUG c.g.d.z.s.o.a.h.client5.http.headers - http-outgoing-16 << Content-Type: application/vnd.docker.raw-stream
2024-07-24 14:30:36.799 [docker-java-stream--2014993504] DEBUG c.g.d.z.s.o.a.h.client5.http.headers - http-outgoing-16 << Date: Wed, 24 Jul 2024 02:30:36 GMT
2024-07-24 14:30:36.800 [docker-java-stream--2014993504] DEBUG c.g.d.z.s.o.a.h.client5.http.headers - http-outgoing-16 << Docker-Experimental: false
2024-07-24 14:30:36.800 [docker-java-stream--2014993504] DEBUG c.g.d.z.s.o.a.h.client5.http.headers - http-outgoing-16 << Ostype: linux
2024-07-24 14:30:36.800 [docker-java-stream--2014993504] DEBUG c.g.d.z.s.o.a.h.client5.http.headers - http-outgoing-16 << Server: Docker/26.0.0 (linux)
2024-07-24 14:30:36.800 [docker-java-stream--2014993504] DEBUG c.g.d.z.s.o.a.h.client5.http.headers - http-outgoing-16 << Transfer-Encoding: chunked
2024-07-24 14:30:36.800 [docker-java-stream--2014993504] DEBUG c.g.d.z.s.o.a.h.c.h.i.c.MainClientExec - ex-000000B4: connection can be kept alive for 3 MINUTES
2024-07-24 14:30:36.804 [docker-java-stream--2014993504] DEBUG c.g.d.z.s.o.a.hc.client5.http.wire - http-outgoing-16 << "1fd[\r][\n]"
2024-07-24 14:30:36.804 [docker-java-stream--2014993504] DEBUG c.g.d.z.s.o.a.hc.client5.http.wire - http-outgoing-16 << "[0x1][0x0][0x0][0x0][0x0][0x0][0x0]NThe files belonging to this database system will be owned by user "postgres".[\n]"
2024-07-24 14:30:36.804 [docker-java-stream--2014993504] DEBUG c.g.d.z.s.o.a.hc.client5.http.wire - http-outgoing-16 << "[0x1][0x0][0x0][0x0][0x0][0x0][0x0],This user must also own the server process.[\n]"
2024-07-24 14:30:36.804 [docker-java-stream--2014993504] DEBUG c.g.d.z.s.o.a.hc.client5.http.wire - http-outgoing-16 << "[0x1][0x0][0x0][0x0][0x0][0x0][0x0][0x1][\n]"
2024-07-24 14:30:36.804 [docker-java-stream--2014993504] DEBUG c.g.d.z.s.o.a.hc.client5.http.wire - http-outgoing-16 << "[0x1][0x0][0x0][0x0][0x0][0x0][0x0]CThe database cluster will be initialized with locale "en_US.utf8".[\n]"
2024-07-24 14:30:36.804 [docker-java-stream--2014993504] DEBUG c.g.d.z.s.o.a.hc.client5.http.wire - http-outgoing-16 << "[0x1][0x0][0x0][0x0][0x0][0x0][0x0]BThe default database encoding has accordingly been set to "UTF8".[\n]"
2024-07-24 14:30:36.804 [docker-java-stream--2014993504] DEBUG c.g.d.z.s.o.a.hc.client5.http.wire - http-outgoing-16 << "[0x1][0x0][0x0][0x0][0x0][0x0][0x0]@The default text search configuration will be set to "english".[\n]"
2024-07-24 14:30:36.804 [docker-java-stream--2014993504] DEBUG c.g.d.z.s.o.a.hc.client5.http.wire - http-outgoing-16 << "[0x1][0x0][0x0][0x0][0x0][0x0][0x0][0x1][\n]"
2024-07-24 14:30:36.804 [docker-java-stream--2014993504] DEBUG c.g.d.z.s.o.a.hc.client5.http.wire - http-outgoing-16 << "[0x1][0x0][0x0][0x0][0x0][0x0][0x0]"Data page checksums are disabled.[\n]"
2024-07-24 14:30:36.804 [docker-java-stream--2014993504] DEBUG c.g.d.z.s.o.a.hc.client5.http.wire - http-outgoing-16 << "[0x1][0x0][0x0][0x0][0x0][0x0][0x0][0x1][\n]"
2024-07-24 14:30:36.804 [docker-java-stream--2014993504] DEBUG c.g.d.z.s.o.a.hc.client5.http.wire - http-outgoing-16 << "[0x1][0x0][0x0][0x0][0x0][0x0][0x0]Ifixing permissions on existing directory /var/lib/postgresql/data ... ok[\n]"
2024-07-24 14:30:36.804 [docker-java-stream--2014993504] DEBUG c.g.d.z.s.o.a.hc.client5.http.wire - http-outgoing-16 << "[\r][\n]"
2024-07-24 14:30:36.804 [Test worker] DEBUG o.t.c.output.WaitingConsumer - STDOUT: The default database encoding has accordingly been set to "UTF8".
2024-07-24 14:30:36.804 [Test worker] DEBUG o.t.c.output.WaitingConsumer - STDOUT: fixing permissions on existing directory /var/lib/postgresql/data ... ok
2024-07-24 14:30:36.804 [Test worker] DEBUG o.t.c.output.WaitingConsumer - STDOUT: 
2024-07-24 14:30:36.804 [Test worker] DEBUG o.t.c.output.WaitingConsumer - STDOUT: Data page checksums are disabled.
2024-07-24 14:30:36.804 [Test worker] DEBUG o.t.c.output.WaitingConsumer - STDOUT: 
2024-07-24 14:30:36.804 [Test worker] DEBUG o.t.c.output.WaitingConsumer - STDOUT: The default text search configuration will be set to "english".
2024-07-24 14:30:36.804 [Test worker] DEBUG o.t.c.output.WaitingConsumer - STDOUT: The database cluster will be initialized with locale "en_US.utf8".
2024-07-24 14:30:36.804 [Test worker] DEBUG o.t.c.output.WaitingConsumer - STDOUT: 
2024-07-24 14:30:36.804 [Test worker] DEBUG o.t.c.output.WaitingConsumer - STDOUT: This user must also own the server process.
2024-07-24 14:30:36.804 [Test worker] DEBUG o.t.c.output.WaitingConsumer - STDOUT: The files belonging to this database system will be owned by user "postgres".
2024-07-24 14:30:36.809 [docker-java-stream--2014993504] DEBUG c.g.d.z.s.o.a.hc.client5.http.wire - http-outgoing-16 << "68[\r][\n]"
2024-07-24 14:30:36.809 [docker-java-stream--2014993504] DEBUG c.g.d.z.s.o.a.hc.client5.http.wire - http-outgoing-16 << "[0x1][0x0][0x0][0x0][0x0][0x0][0x0][0x1f]creating subdirectories ... ok[\n]"
2024-07-24 14:30:36.809 [docker-java-stream--2014993504] DEBUG c.g.d.z.s.o.a.hc.client5.http.wire - http-outgoing-16 << "[0x1][0x0][0x0][0x0][0x0][0x0][0x0]9selecting dynamic shared memory implementation ... posix[\n]"
2024-07-24 14:30:36.809 [docker-java-stream--2014993504] DEBUG c.g.d.z.s.o.a.hc.client5.http.wire - http-outgoing-16 << "[\r][\n]"
2024-07-24 14:30:36.823 [Test worker] DEBUG o.t.c.output.WaitingConsumer - STDOUT: selecting dynamic shared memory implementation ... posix
2024-07-24 14:30:36.823 [Test worker] DEBUG o.t.c.output.WaitingConsumer - STDOUT: creating subdirectories ... ok
2024-07-24 14:30:36.828 [docker-java-stream--2014993504] DEBUG c.g.d.z.s.o.a.hc.client5.http.wire - http-outgoing-16 << "32[\r][\n]"
2024-07-24 14:30:36.828 [docker-java-stream--2014993504] DEBUG c.g.d.z.s.o.a.hc.client5.http.wire - http-outgoing-16 << "[0x1][0x0][0x0][0x0][0x0][0x0][0x0]*selecting default max_connections ... 100[\n]"
2024-07-24 14:30:36.828 [docker-java-stream--2014993504] DEBUG c.g.d.z.s.o.a.hc.client5.http.wire - http-outgoing-16 << "[\r][\n]"
2024-07-24 14:30:36.838 [Test worker] DEBUG o.t.c.output.WaitingConsumer - STDOUT: selecting default max_connections ... 100
2024-07-24 14:30:36.851 [docker-java-stream--2014993504] DEBUG c.g.d.z.s.o.a.hc.client5.http.wire - http-outgoing-16 << "33[\r][\n]"
2024-07-24 14:30:36.851 [docker-java-stream--2014993504] DEBUG c.g.d.z.s.o.a.hc.client5.http.wire - http-outgoing-16 << "[0x1][0x0][0x0][0x0][0x0][0x0][0x0]+selecting default shared_buffers ... 128MB[\n]"
2024-07-24 14:30:36.851 [docker-java-stream--2014993504] DEBUG c.g.d.z.s.o.a.hc.client5.http.wire - http-outgoing-16 << "[\r][\n]"
2024-07-24 14:30:36.853 [Test worker] DEBUG o.t.c.output.WaitingConsumer - STDOUT: selecting default shared_buffers ... 128MB
2024-07-24 14:30:36.874 [docker-java-stream--2014993504] DEBUG c.g.d.z.s.o.a.hc.client5.http.wire - http-outgoing-16 << "30[\r][\n]"
2024-07-24 14:30:36.874 [docker-java-stream--2014993504] DEBUG c.g.d.z.s.o.a.hc.client5.http.wire - http-outgoing-16 << "[0x1][0x0][0x0][0x0][0x0][0x0][0x0](selecting default time zone ... Etc/UTC[\n]"
2024-07-24 14:30:36.874 [docker-java-stream--2014993504] DEBUG c.g.d.z.s.o.a.hc.client5.http.wire - http-outgoing-16 << "[\r][\n]"
2024-07-24 14:30:36.874 [Test worker] DEBUG o.t.c.output.WaitingConsumer - STDOUT: selecting default time zone ... Etc/UTC
2024-07-24 14:30:36.874 [docker-java-stream--2014993504] DEBUG c.g.d.z.s.o.a.hc.client5.http.wire - http-outgoing-16 << "2c[\r][\n]"
2024-07-24 14:30:36.874 [docker-java-stream--2014993504] DEBUG c.g.d.z.s.o.a.hc.client5.http.wire - http-outgoing-16 << "[0x1][0x0][0x0][0x0][0x0][0x0][0x0]$creating configuration files ... ok[\n]"
2024-07-24 14:30:36.874 [docker-java-stream--2014993504] DEBUG c.g.d.z.s.o.a.hc.client5.http.wire - http-outgoing-16 << "[\r][\n]"
2024-07-24 14:30:36.899 [Test worker] DEBUG o.t.c.output.WaitingConsumer - STDOUT: creating configuration files ... ok
2024-07-24 14:30:37.004 [docker-java-stream--2014993504] DEBUG c.g.d.z.s.o.a.hc.client5.http.wire - http-outgoing-16 << "28[\r][\n]"
2024-07-24 14:30:37.004 [docker-java-stream--2014993504] DEBUG c.g.d.z.s.o.a.hc.client5.http.wire - http-outgoing-16 << "[0x1][0x0][0x0][0x0][0x0][0x0][0x0] running bootstrap script ... ok[\n]"
2024-07-24 14:30:37.004 [docker-java-stream--2014993504] DEBUG c.g.d.z.s.o.a.hc.client5.http.wire - http-outgoing-16 << "[\r][\n]"
2024-07-24 14:30:37.005 [Test worker] DEBUG o.t.c.output.WaitingConsumer - STDOUT: running bootstrap script ... ok
2024-07-24 14:30:37.338 [docker-java-stream--2014993504] DEBUG c.g.d.z.s.o.a.hc.client5.http.wire - http-outgoing-16 << "38[\r][\n]"
2024-07-24 14:30:37.338 [docker-java-stream--2014993504] DEBUG c.g.d.z.s.o.a.hc.client5.http.wire - http-outgoing-16 << "[0x1][0x0][0x0][0x0][0x0][0x0][0x0]0performing post-bootstrap initialization ... ok[\n]"
2024-07-24 14:30:37.338 [docker-java-stream--2014993504] DEBUG c.g.d.z.s.o.a.hc.client5.http.wire - http-outgoing-16 << "[\r][\n]"
2024-07-24 14:30:37.339 [Test worker] DEBUG o.t.c.output.WaitingConsumer - STDOUT: performing post-bootstrap initialization ... ok
2024-07-24 14:30:37.789 [docker-java-stream--2014993504] DEBUG c.g.d.z.s.o.a.hc.client5.http.wire - http-outgoing-16 << "1ad[\r][\n]"
2024-07-24 14:30:37.789 [docker-java-stream--2014993504] DEBUG c.g.d.z.s.o.a.hc.client5.http.wire - http-outgoing-16 << "[0x1][0x0][0x0][0x0][0x0][0x0][0x0][0x1c]syncing data to disk ... ok[\n]"
2024-07-24 14:30:37.789 [docker-java-stream--2014993504] DEBUG c.g.d.z.s.o.a.hc.client5.http.wire - http-outgoing-16 << "[0x1][0x0][0x0][0x0][0x0][0x0][0x0][0x1][\n]"
2024-07-24 14:30:37.789 [docker-java-stream--2014993504] DEBUG c.g.d.z.s.o.a.hc.client5.http.wire - http-outgoing-16 << "[0x1][0x0][0x0][0x0][0x0][0x0][0x0][0x1][\n]"
2024-07-24 14:30:37.789 [docker-java-stream--2014993504] DEBUG c.g.d.z.s.o.a.hc.client5.http.wire - http-outgoing-16 << "[0x1][0x0][0x0][0x0][0x0][0x0][0x0]6Success. You can now start the database server using:[\n]"
2024-07-24 14:30:37.789 [docker-java-stream--2014993504] DEBUG c.g.d.z.s.o.a.hc.client5.http.wire - http-outgoing-16 << "[0x1][0x0][0x0][0x0][0x0][0x0][0x0][0x1][\n]"
2024-07-24 14:30:37.789 [docker-java-stream--2014993504] DEBUG c.g.d.z.s.o.a.hc.client5.http.wire - http-outgoing-16 << "[0x1][0x0][0x0][0x0][0x0][0x0][0x0]8    pg_ctl -D /var/lib/postgresql/data -l logfile start[\n]"
2024-07-24 14:30:37.789 [docker-java-stream--2014993504] DEBUG c.g.d.z.s.o.a.hc.client5.http.wire - http-outgoing-16 << "[0x1][0x0][0x0][0x0][0x0][0x0][0x0][0x1][\n]"
2024-07-24 14:30:37.789 [docker-java-stream--2014993504] DEBUG c.g.d.z.s.o.a.hc.client5.http.wire - http-outgoing-16 << "[0x2][0x0][0x0][0x0][0x0][0x0][0x0]Ginitdb: warning: enabling "trust" authentication for local connections[\n]"
2024-07-24 14:30:37.789 [docker-java-stream--2014993504] DEBUG c.g.d.z.s.o.a.hc.client5.http.wire - http-outgoing-16 << "[0x2][0x0][0x0][0x0][0x0][0x0][0x0][0xffffff90]initdb: hint: You can change this by editing pg_hba.conf or using the option -A, or --auth-local and --auth-host, the next time you run initdb.[\n]"
2024-07-24 14:30:37.789 [docker-java-stream--2014993504] DEBUG c.g.d.z.s.o.a.hc.client5.http.wire - http-outgoing-16 << "[\r][\n]"
2024-07-24 14:30:37.789 [Test worker] DEBUG o.t.c.output.WaitingConsumer - STDERR: initdb: warning: enabling "trust" authentication for local connections
2024-07-24 14:30:37.789 [Test worker] DEBUG o.t.c.output.WaitingConsumer - STDERR: initdb: hint: You can change this by editing pg_hba.conf or using the option -A, or --auth-local and --auth-host, the next time you run initdb.
2024-07-24 14:30:37.789 [Test worker] DEBUG o.t.c.output.WaitingConsumer - STDOUT: 
2024-07-24 14:30:37.789 [Test worker] DEBUG o.t.c.output.WaitingConsumer - STDOUT:     pg_ctl -D /var/lib/postgresql/data -l logfile start
2024-07-24 14:30:37.789 [Test worker] DEBUG o.t.c.output.WaitingConsumer - STDOUT: 
2024-07-24 14:30:37.789 [Test worker] DEBUG o.t.c.output.WaitingConsumer - STDOUT: Success. You can now start the database server using:
2024-07-24 14:30:37.789 [Test worker] DEBUG o.t.c.output.WaitingConsumer - STDOUT: 
2024-07-24 14:30:37.789 [Test worker] DEBUG o.t.c.output.WaitingConsumer - STDOUT: 
2024-07-24 14:30:37.789 [Test worker] DEBUG o.t.c.output.WaitingConsumer - STDOUT: syncing data to disk ... ok
2024-07-24 14:30:37.827 [docker-java-stream--2014993504] DEBUG c.g.d.z.s.o.a.hc.client5.http.wire - http-outgoing-16 << "137[\r][\n]"
2024-07-24 14:30:37.827 [docker-java-stream--2014993504] DEBUG c.g.d.z.s.o.a.hc.client5.http.wire - http-outgoing-16 << "[0x1][0x0][0x0][0x0][0x0][0x0][0x0][0xffffffc3]waiting for server to start....2024-07-24 02:30:37.826 UTC [48] LOG:  starting PostgreSQL 16.2 (Debian 16.2-1.pgdg120+2) on x86_64-pc-linux-gnu, compiled by gcc (Debian 12.2.0-14) 12.2.0, 64-bit[\n]"
2024-07-24 14:30:37.827 [docker-java-stream--2014993504] DEBUG c.g.d.z.s.o.a.hc.client5.http.wire - http-outgoing-16 << "[0x1][0x0][0x0][0x0][0x0][0x0][0x0]d2024-07-24 02:30:37.827 UTC [48] LOG:  listening on Unix socket "/var/run/postgresql/.s.PGSQL.5432"[\n]"
2024-07-24 14:30:37.827 [docker-java-stream--2014993504] DEBUG c.g.d.z.s.o.a.hc.client5.http.wire - http-outgoing-16 << "[\r][\n]"
2024-07-24 14:30:37.827 [Test worker] DEBUG o.t.c.output.WaitingConsumer - STDOUT: 2024-07-24 02:30:37.827 UTC [48] LOG:  listening on Unix socket "/var/run/postgresql/.s.PGSQL.5432"
2024-07-24 14:30:37.828 [Test worker] DEBUG o.t.c.output.WaitingConsumer - STDOUT: waiting for server to start....2024-07-24 02:30:37.826 UTC [48] LOG:  starting PostgreSQL 16.2 (Debian 16.2-1.pgdg120+2) on x86_64-pc-linux-gnu, compiled by gcc (Debian 12.2.0-14) 12.2.0, 64-bit
2024-07-24 14:30:37.829 [docker-java-stream--2014993504] DEBUG c.g.d.z.s.o.a.hc.client5.http.wire - http-outgoing-16 << "68[\r][\n]"
2024-07-24 14:30:37.829 [docker-java-stream--2014993504] DEBUG c.g.d.z.s.o.a.hc.client5.http.wire - http-outgoing-16 << "[0x1][0x0][0x0][0x0][0x0][0x0][0x0]`2024-07-24 02:30:37.829 UTC [51] LOG:  database system was shut down at 2024-07-24 02:30:37 UTC[\n]"
2024-07-24 14:30:37.829 [docker-java-stream--2014993504] DEBUG c.g.d.z.s.o.a.hc.client5.http.wire - http-outgoing-16 << "[\r][\n]"
2024-07-24 14:30:37.832 [docker-java-stream--2014993504] DEBUG c.g.d.z.s.o.a.hc.client5.http.wire - http-outgoing-16 << "5e[\r][\n]"
2024-07-24 14:30:37.832 [docker-java-stream--2014993504] DEBUG c.g.d.z.s.o.a.hc.client5.http.wire - http-outgoing-16 << "[0x1][0x0][0x0][0x0][0x0][0x0][0x0]V2024-07-24 02:30:37.832 UTC [48] LOG:  database system is ready to accept connections[\n]"
2024-07-24 14:30:37.832 [docker-java-stream--2014993504] DEBUG c.g.d.z.s.o.a.hc.client5.http.wire - http-outgoing-16 << "[\r][\n]"
2024-07-24 14:30:37.847 [Test worker] DEBUG o.t.c.output.WaitingConsumer - STDOUT: 2024-07-24 02:30:37.832 UTC [48] LOG:  database system is ready to accept connections
2024-07-24 14:30:37.847 [Test worker] DEBUG o.t.c.output.WaitingConsumer - STDOUT: 2024-07-24 02:30:37.829 UTC [51] LOG:  database system was shut down at 2024-07-24 02:30:37 UTC
2024-07-24 14:30:37.911 [docker-java-stream--2014993504] DEBUG c.g.d.z.s.o.a.hc.client5.http.wire - http-outgoing-16 << "25[\r][\n]"
2024-07-24 14:30:37.911 [docker-java-stream--2014993504] DEBUG c.g.d.z.s.o.a.hc.client5.http.wire - http-outgoing-16 << "[0x1][0x0][0x0][0x0][0x0][0x0][0x0][0x6] done[\n]"
2024-07-24 14:30:37.911 [docker-java-stream--2014993504] DEBUG c.g.d.z.s.o.a.hc.client5.http.wire - http-outgoing-16 << "[0x1][0x0][0x0][0x0][0x0][0x0][0x0][0xf]server started[\n]"
2024-07-24 14:30:37.911 [docker-java-stream--2014993504] DEBUG c.g.d.z.s.o.a.hc.client5.http.wire - http-outgoing-16 << "[\r][\n]"
2024-07-24 14:30:37.911 [Test worker] DEBUG o.t.c.output.WaitingConsumer - STDOUT: server started
2024-07-24 14:30:37.911 [Test worker] DEBUG o.t.c.output.WaitingConsumer - STDOUT:  done
2024-07-24 14:30:37.999 [docker-java-stream--2014993504] DEBUG c.g.d.z.s.o.a.hc.client5.http.wire - http-outgoing-16 << "18[\r][\n]"
2024-07-24 14:30:37.999 [docker-java-stream--2014993504] DEBUG c.g.d.z.s.o.a.hc.client5.http.wire - http-outgoing-16 << "[0x1][0x0][0x0][0x0][0x0][0x0][0x0][0x10]CREATE DATABASE[\n]"
2024-07-24 14:30:37.999 [docker-java-stream--2014993504] DEBUG c.g.d.z.s.o.a.hc.client5.http.wire - http-outgoing-16 << "[\r][\n]"
2024-07-24 14:30:38.000 [Test worker] DEBUG o.t.c.output.WaitingConsumer - STDOUT: CREATE DATABASE
2024-07-24 14:30:38.000 [docker-java-stream--2014993504] DEBUG c.g.d.z.s.o.a.hc.client5.http.wire - http-outgoing-16 << "6f[\r][\n]"
2024-07-24 14:30:38.000 [docker-java-stream--2014993504] DEBUG c.g.d.z.s.o.a.hc.client5.http.wire - http-outgoing-16 << "[0x1][0x0][0x0][0x0][0x0][0x0][0x0][0x1][\n]"
2024-07-24 14:30:38.000 [docker-java-stream--2014993504] DEBUG c.g.d.z.s.o.a.hc.client5.http.wire - http-outgoing-16 << "[0x1][0x0][0x0][0x0][0x0][0x0][0x0][0x1][\n]"
2024-07-24 14:30:38.000 [docker-java-stream--2014993504] DEBUG c.g.d.z.s.o.a.hc.client5.http.wire - http-outgoing-16 << "[0x1][0x0][0x0][0x0][0x0][0x0][0x0]L/usr/local/bin/docker-entrypoint.sh: ignoring /docker-entrypoint-initdb.d/*[\n]"
2024-07-24 14:30:38.000 [docker-java-stream--2014993504] DEBUG c.g.d.z.s.o.a.hc.client5.http.wire - http-outgoing-16 << "[0x1][0x0][0x0][0x0][0x0][0x0][0x0][0x1][\n]"
2024-07-24 14:30:38.000 [docker-java-stream--2014993504] DEBUG c.g.d.z.s.o.a.hc.client5.http.wire - http-outgoing-16 << "[\r][\n]"
2024-07-24 14:30:38.001 [docker-java-stream--2014993504] DEBUG c.g.d.z.s.o.a.hc.client5.http.wire - http-outgoing-16 << "c1[\r][\n]"
2024-07-24 14:30:38.002 [docker-java-stream--2014993504] DEBUG c.g.d.z.s.o.a.hc.client5.http.wire - http-outgoing-16 << "[0x1][0x0][0x0][0x0][0x0][0x0][0x0]F2024-07-24 02:30:38.001 UTC [48] LOG:  received fast shutdown request[\n]"
2024-07-24 14:30:38.002 [docker-java-stream--2014993504] DEBUG c.g.d.z.s.o.a.hc.client5.http.wire - http-outgoing-16 << "[0x1][0x0][0x0][0x0][0x0][0x0][0x0]kwaiting for server to shut down....2024-07-24 02:30:38.001 UTC [48] LOG:  aborting any active transactions[\n]"
2024-07-24 14:30:38.002 [docker-java-stream--2014993504] DEBUG c.g.d.z.s.o.a.hc.client5.http.wire - http-outgoing-16 << "[\r][\n]"
2024-07-24 14:30:38.003 [docker-java-stream--2014993504] DEBUG c.g.d.z.s.o.a.hc.client5.http.wire - http-outgoing-16 << "81[\r][\n]"
2024-07-24 14:30:38.004 [docker-java-stream--2014993504] DEBUG c.g.d.z.s.o.a.hc.client5.http.wire - http-outgoing-16 << "[0x1][0x0][0x0][0x0][0x0][0x0][0x0]y2024-07-24 02:30:38.003 UTC [48] LOG:  background worker "logical replication launcher" (PID 54) exited with exit code 1[\n]"
2024-07-24 14:30:38.004 [docker-java-stream--2014993504] DEBUG c.g.d.z.s.o.a.hc.client5.http.wire - http-outgoing-16 << "[\r][\n]"
2024-07-24 14:30:38.004 [docker-java-stream--2014993504] DEBUG c.g.d.z.s.o.a.hc.client5.http.wire - http-outgoing-16 << "94[\r][\n]"
2024-07-24 14:30:38.004 [docker-java-stream--2014993504] DEBUG c.g.d.z.s.o.a.hc.client5.http.wire - http-outgoing-16 << "[0x1][0x0][0x0][0x0][0x0][0x0][0x0]52024-07-24 02:30:38.003 UTC [49] LOG:  shutting down[\n]"
2024-07-24 14:30:38.004 [docker-java-stream--2014993504] DEBUG c.g.d.z.s.o.a.hc.client5.http.wire - http-outgoing-16 << "[0x1][0x0][0x0][0x0][0x0][0x0][0x0]O2024-07-24 02:30:38.004 UTC [49] LOG:  checkpoint starting: shutdown immediate[\n]"
2024-07-24 14:30:38.004 [docker-java-stream--2014993504] DEBUG c.g.d.z.s.o.a.hc.client5.http.wire - http-outgoing-16 << "[\r][\n]"
2024-07-24 14:30:38.013 [docker-java-stream--2014993504] DEBUG c.g.d.z.s.o.a.hc.client5.http.wire - http-outgoing-16 << "12c[\r][\n]"
2024-07-24 14:30:38.013 [docker-java-stream--2014993504] DEBUG c.g.d.z.s.o.a.hc.client5.http.wire - http-outgoing-16 << "[0x1][0x0][0x0][0x0][0x0][0x0][0x1]$2024-07-24 02:30:38.012 UTC [49] LOG:  checkpoint complete: wrote 923 buffers (5.6%); 0 WAL file(s) added, 0 removed, 0 recycled; write=0.009 s, sync=0.001 s, total=0.009 s; sync files=0, longest=0.000 s, average=0.000 s; distance=4257 kB, estimate=4257 kB; lsn=0/1913068, redo lsn=0/1913068[\n]"
2024-07-24 14:30:38.013 [docker-java-stream--2014993504] DEBUG c.g.d.z.s.o.a.hc.client5.http.wire - http-outgoing-16 << "[\r][\n]"
2024-07-24 14:30:38.020 [Test worker] DEBUG o.t.c.output.WaitingConsumer - STDOUT: 2024-07-24 02:30:38.012 UTC [49] LOG:  checkpoint complete: wrote 923 buffers (5.6%); 0 WAL file(s) added, 0 removed, 0 recycled; write=0.009 s, sync=0.001 s, total=0.009 s; sync files=0, longest=0.000 s, average=0.000 s; distance=4257 kB, estimate=4257 kB; lsn=0/1913068, redo lsn=0/1913068
2024-07-24 14:30:38.020 [Test worker] DEBUG o.t.c.output.WaitingConsumer - STDOUT: 2024-07-24 02:30:38.004 UTC [49] LOG:  checkpoint starting: shutdown immediate
2024-07-24 14:30:38.020 [Test worker] DEBUG o.t.c.output.WaitingConsumer - STDOUT: 2024-07-24 02:30:38.003 UTC [49] LOG:  shutting down
2024-07-24 14:30:38.020 [Test worker] DEBUG o.t.c.output.WaitingConsumer - STDOUT: 2024-07-24 02:30:38.003 UTC [48] LOG:  background worker "logical replication launcher" (PID 54) exited with exit code 1
2024-07-24 14:30:38.020 [Test worker] DEBUG o.t.c.output.WaitingConsumer - STDOUT: waiting for server to shut down....2024-07-24 02:30:38.001 UTC [48] LOG:  aborting any active transactions
2024-07-24 14:30:38.020 [Test worker] DEBUG o.t.c.output.WaitingConsumer - STDOUT: 2024-07-24 02:30:38.001 UTC [48] LOG:  received fast shutdown request
2024-07-24 14:30:38.020 [Test worker] DEBUG o.t.c.output.WaitingConsumer - STDOUT: 
2024-07-24 14:30:38.020 [Test worker] DEBUG o.t.c.output.WaitingConsumer - STDOUT: /usr/local/bin/docker-entrypoint.sh: ignoring /docker-entrypoint-initdb.d/*
2024-07-24 14:30:38.020 [Test worker] DEBUG o.t.c.output.WaitingConsumer - STDOUT: 
2024-07-24 14:30:38.020 [Test worker] DEBUG o.t.c.output.WaitingConsumer - STDOUT: 
2024-07-24 14:30:38.022 [docker-java-stream--2014993504] DEBUG c.g.d.z.s.o.a.hc.client5.http.wire - http-outgoing-16 << "4c[\r][\n]"
2024-07-24 14:30:38.022 [docker-java-stream--2014993504] DEBUG c.g.d.z.s.o.a.hc.client5.http.wire - http-outgoing-16 << "[0x1][0x0][0x0][0x0][0x0][0x0][0x0]D2024-07-24 02:30:38.021 UTC [48] LOG:  database system is shut down[\n]"
2024-07-24 14:30:38.022 [docker-java-stream--2014993504] DEBUG c.g.d.z.s.o.a.hc.client5.http.wire - http-outgoing-16 << "[\r][\n]"
2024-07-24 14:30:38.035 [Test worker] DEBUG o.t.c.output.WaitingConsumer - STDOUT: 2024-07-24 02:30:38.021 UTC [48] LOG:  database system is shut down
2024-07-24 14:30:38.102 [docker-java-stream--2014993504] DEBUG c.g.d.z.s.o.a.hc.client5.http.wire - http-outgoing-16 << "25[\r][\n]"
2024-07-24 14:30:38.102 [docker-java-stream--2014993504] DEBUG c.g.d.z.s.o.a.hc.client5.http.wire - http-outgoing-16 << "[0x1][0x0][0x0][0x0][0x0][0x0][0x0][0x6] done[\n]"
2024-07-24 14:30:38.102 [docker-java-stream--2014993504] DEBUG c.g.d.z.s.o.a.hc.client5.http.wire - http-outgoing-16 << "[0x1][0x0][0x0][0x0][0x0][0x0][0x0][0xf]server stopped[\n]"
2024-07-24 14:30:38.102 [docker-java-stream--2014993504] DEBUG c.g.d.z.s.o.a.hc.client5.http.wire - http-outgoing-16 << "[\r][\n]"
2024-07-24 14:30:38.102 [Test worker] DEBUG o.t.c.output.WaitingConsumer - STDOUT: server stopped
2024-07-24 14:30:38.102 [Test worker] DEBUG o.t.c.output.WaitingConsumer - STDOUT:  done
2024-07-24 14:30:38.103 [docker-java-stream--2014993504] DEBUG c.g.d.z.s.o.a.hc.client5.http.wire - http-outgoing-16 << "50[\r][\n]"
2024-07-24 14:30:38.103 [docker-java-stream--2014993504] DEBUG c.g.d.z.s.o.a.hc.client5.http.wire - http-outgoing-16 << "[0x1][0x0][0x0][0x0][0x0][0x0][0x0][0x1][\n]"
2024-07-24 14:30:38.103 [docker-java-stream--2014993504] DEBUG c.g.d.z.s.o.a.hc.client5.http.wire - http-outgoing-16 << "[0x1][0x0][0x0][0x0][0x0][0x0][0x0]6PostgreSQL init process complete; ready for start up.[\n]"
2024-07-24 14:30:38.103 [docker-java-stream--2014993504] DEBUG c.g.d.z.s.o.a.hc.client5.http.wire - http-outgoing-16 << "[0x1][0x0][0x0][0x0][0x0][0x0][0x0][0x1][\n]"
2024-07-24 14:30:38.103 [docker-java-stream--2014993504] DEBUG c.g.d.z.s.o.a.hc.client5.http.wire - http-outgoing-16 << "[\r][\n]"
2024-07-24 14:30:38.113 [Test worker] DEBUG o.t.c.output.WaitingConsumer - STDOUT: 
2024-07-24 14:30:38.113 [Test worker] DEBUG o.t.c.output.WaitingConsumer - STDOUT: PostgreSQL init process complete; ready for start up.
2024-07-24 14:30:38.113 [Test worker] DEBUG o.t.c.output.WaitingConsumer - STDOUT: 
2024-07-24 14:30:38.122 [docker-java-stream--2014993504] DEBUG c.g.d.z.s.o.a.hc.client5.http.wire - http-outgoing-16 << "160[\r][\n]"
2024-07-24 14:30:38.122 [docker-java-stream--2014993504] DEBUG c.g.d.z.s.o.a.hc.client5.http.wire - http-outgoing-16 << "[0x2][0x0][0x0][0x0][0x0][0x0][0x0][0xffffffa3]2024-07-24 02:30:38.121 UTC [1] LOG:  starting PostgreSQL 16.2 (Debian 16.2-1.pgdg120+2) on x86_64-pc-linux-gnu, compiled by gcc (Debian 12.2.0-14) 12.2.0, 64-bit[\n]"
2024-07-24 14:30:38.122 [docker-java-stream--2014993504] DEBUG c.g.d.z.s.o.a.hc.client5.http.wire - http-outgoing-16 << "[0x2][0x0][0x0][0x0][0x0][0x0][0x0]U2024-07-24 02:30:38.121 UTC [1] LOG:  listening on IPv4 address "0.0.0.0", port 5432[\n]"
2024-07-24 14:30:38.122 [docker-java-stream--2014993504] DEBUG c.g.d.z.s.o.a.hc.client5.http.wire - http-outgoing-16 << "[0x2][0x0][0x0][0x0][0x0][0x0][0x0]P2024-07-24 02:30:38.121 UTC [1] LOG:  listening on IPv6 address "::", port 5432[\n]"
2024-07-24 14:30:38.122 [docker-java-stream--2014993504] DEBUG c.g.d.z.s.o.a.hc.client5.http.wire - http-outgoing-16 << "[\r][\n]"
2024-07-24 14:30:38.122 [docker-java-stream--2014993504] DEBUG c.g.d.z.s.o.a.hc.client5.http.wire - http-outgoing-16 << "6b[\r][\n]"
2024-07-24 14:30:38.122 [docker-java-stream--2014993504] DEBUG c.g.d.z.s.o.a.hc.client5.http.wire - http-outgoing-16 << "[0x2][0x0][0x0][0x0][0x0][0x0][0x0]c2024-07-24 02:30:38.121 UTC [1] LOG:  listening on Unix socket "/var/run/postgresql/.s.PGSQL.5432"[\n]"
2024-07-24 14:30:38.122 [docker-java-stream--2014993504] DEBUG c.g.d.z.s.o.a.hc.client5.http.wire - http-outgoing-16 << "[\r][\n]"
2024-07-24 14:30:38.124 [docker-java-stream--2014993504] DEBUG c.g.d.z.s.o.a.hc.client5.http.wire - http-outgoing-16 << "68[\r][\n]"
2024-07-24 14:30:38.124 [docker-java-stream--2014993504] DEBUG c.g.d.z.s.o.a.hc.client5.http.wire - http-outgoing-16 << "[0x2][0x0][0x0][0x0][0x0][0x0][0x0]`2024-07-24 02:30:38.124 UTC [64] LOG:  database system was shut down at 2024-07-24 02:30:38 UTC[\n]"
2024-07-24 14:30:38.124 [docker-java-stream--2014993504] DEBUG c.g.d.z.s.o.a.hc.client5.http.wire - http-outgoing-16 << "[\r][\n]"
2024-07-24 14:30:38.128 [Test worker] DEBUG o.t.c.output.WaitingConsumer - STDERR: 2024-07-24 02:30:38.124 UTC [64] LOG:  database system was shut down at 2024-07-24 02:30:38 UTC
2024-07-24 14:30:38.128 [Test worker] DEBUG o.t.c.output.WaitingConsumer - STDERR: 2024-07-24 02:30:38.121 UTC [1] LOG:  listening on Unix socket "/var/run/postgresql/.s.PGSQL.5432"
2024-07-24 14:30:38.128 [Test worker] DEBUG o.t.c.output.WaitingConsumer - STDERR: 2024-07-24 02:30:38.121 UTC [1] LOG:  listening on IPv6 address "::", port 5432
2024-07-24 14:30:38.128 [Test worker] DEBUG o.t.c.output.WaitingConsumer - STDERR: 2024-07-24 02:30:38.121 UTC [1] LOG:  listening on IPv4 address "0.0.0.0", port 5432
2024-07-24 14:30:38.128 [docker-java-stream--2014993504] DEBUG c.g.d.z.s.o.a.hc.client5.http.wire - http-outgoing-16 << "5d[\r][\n]"
2024-07-24 14:30:38.128 [Test worker] DEBUG o.t.c.output.WaitingConsumer - STDERR: 2024-07-24 02:30:38.121 UTC [1] LOG:  starting PostgreSQL 16.2 (Debian 16.2-1.pgdg120+2) on x86_64-pc-linux-gnu, compiled by gcc (Debian 12.2.0-14) 12.2.0, 64-bit
2024-07-24 14:30:38.128 [docker-java-stream--2014993504] DEBUG c.g.d.z.s.o.a.hc.client5.http.wire - http-outgoing-16 << "[0x2][0x0][0x0][0x0][0x0][0x0][0x0]U2024-07-24 02:30:38.127 UTC [1] LOG:  database system is ready to accept connections[\n]"
2024-07-24 14:30:38.128 [docker-java-stream--2014993504] DEBUG c.g.d.z.s.o.a.hc.client5.http.wire - http-outgoing-16 << "[\r][\n]"
2024-07-24 14:30:38.144 [Test worker] DEBUG o.t.c.output.WaitingConsumer - STDERR: 2024-07-24 02:30:38.127 UTC [1] LOG:  database system is ready to accept connections
2024-07-24 14:30:38.144 [Test worker] DEBUG c.g.d.z.s.o.a.h.c.h.i.c.InternalHttpClient - ep-000000B3: cancel
2024-07-24 14:30:38.144 [Test worker] DEBUG c.g.d.z.s.o.a.h.c.h.i.i.DefaultManagedHttpClientConnection - http-outgoing-16: close connection IMMEDIATE
2024-07-24 14:30:38.144 [Test worker] DEBUG c.g.d.z.s.o.a.h.c.h.i.c.InternalHttpClient - ep-000000B3: endpoint closed
2024-07-24 14:30:38.144 [Test worker] DEBUG c.g.d.z.s.o.a.h.c.h.i.c.InternalHttpClient - ep-000000B3: discarding endpoint
2024-07-24 14:30:38.144 [Test worker] DEBUG c.g.d.z.s.o.a.h.c.h.i.i.PoolingHttpClientConnectionManager - ep-000000B3: releasing endpoint
2024-07-24 14:30:38.144 [Test worker] DEBUG c.g.d.z.s.o.a.h.c.h.i.i.PoolingHttpClientConnectionManager - ep-000000B3: connection is not kept alive
2024-07-24 14:30:38.144 [Test worker] DEBUG c.g.d.z.s.o.a.h.c.h.i.i.PoolingHttpClientConnectionManager - ep-000000B3: connection released [route: {}->npipe://localhost:2375][total available: 0; route allocated: 0 of 2147483647; total allocated: 0 of 2147483647]
2024-07-24 14:30:38.144 [docker-java-stream--2014993504] DEBUG c.g.d.z.s.o.a.hc.client5.http.wire - http-outgoing-16 << "end of stream"
2024-07-24 14:30:38.144 [Test worker] DEBUG c.g.d.z.s.o.a.hc.client5.http.wire - http-outgoing-16 << "[read] I/O error: java.nio.channels.ClosedChannelException"
2024-07-24 14:30:38.144 [docker-java-stream--2014993504] DEBUG c.g.d.z.s.o.a.hc.client5.http.wire - http-outgoing-16 << "[read] I/O error: java.nio.channels.ClosedChannelException"
2024-07-24 14:30:38.144 [docker-java-stream--2014993504] DEBUG c.g.d.z.ApacheDockerHttpClientImpl$ApacheResponse - Failed to close the response
java.io.IOException: java.nio.channels.ClosedChannelException
	at java.base/java.nio.channels.Channels$2.read(Channels.java:240)
	at com.github.dockerjava.zerodep.shaded.org.apache.hc.client5.http.impl.io.LoggingInputStream.read(LoggingInputStream.java:81)
	at com.github.dockerjava.zerodep.shaded.org.apache.hc.core5.http.impl.io.SessionInputBufferImpl.fillBuffer(SessionInputBufferImpl.java:149)
	at com.github.dockerjava.zerodep.shaded.org.apache.hc.core5.http.impl.io.SessionInputBufferImpl.readLine(SessionInputBufferImpl.java:280)
	at com.github.dockerjava.zerodep.shaded.org.apache.hc.core5.http.impl.io.ChunkedInputStream.getChunkSize(ChunkedInputStream.java:261)
	at com.github.dockerjava.zerodep.shaded.org.apache.hc.core5.http.impl.io.ChunkedInputStream.nextChunk(ChunkedInputStream.java:222)
	at com.github.dockerjava.zerodep.shaded.org.apache.hc.core5.http.impl.io.ChunkedInputStream.read(ChunkedInputStream.java:147)
	at com.github.dockerjava.zerodep.shaded.org.apache.hc.core5.http.impl.io.ChunkedInputStream.close(ChunkedInputStream.java:314)
	at com.github.dockerjava.zerodep.shaded.org.apache.hc.core5.io.Closer.close(Closer.java:48)
	at com.github.dockerjava.zerodep.shaded.org.apache.hc.core5.http.impl.io.IncomingHttpEntity.close(IncomingHttpEntity.java:111)
	at com.github.dockerjava.zerodep.shaded.org.apache.hc.core5.http.io.entity.HttpEntityWrapper.close(HttpEntityWrapper.java:120)
	at com.github.dockerjava.zerodep.shaded.org.apache.hc.core5.io.Closer.close(Closer.java:48)
	at com.github.dockerjava.zerodep.shaded.org.apache.hc.core5.http.message.BasicClassicHttpResponse.close(BasicClassicHttpResponse.java:93)
	at com.github.dockerjava.zerodep.shaded.org.apache.hc.client5.http.impl.classic.CloseableHttpResponse.close(CloseableHttpResponse.java:200)
	at com.github.dockerjava.zerodep.ApacheDockerHttpClientImpl$ApacheResponse.close(ApacheDockerHttpClientImpl.java:271)
	at org.testcontainers.shaded.com.github.dockerjava.core.DefaultInvocationBuilder.lambda$executeAndStream$1(DefaultInvocationBuilder.java:277)
	at java.base/java.lang.Thread.run(Thread.java:833)
Caused by: java.nio.channels.ClosedChannelException: null
	at java.base/sun.nio.ch.WindowsAsynchronousFileChannelImpl.implRead(WindowsAsynchronousFileChannelImpl.java:516)
	at java.base/sun.nio.ch.AsynchronousFileChannelImpl.read(AsynchronousFileChannelImpl.java:229)
	at com.github.dockerjava.transport.NamedPipeSocket$AsynchronousFileByteChannel.read(NamedPipeSocket.java:117)
	at java.base/java.nio.channels.Channels$2.read(Channels.java:238)
	... 16 common frames omitted
2024-07-24 14:30:38.144 [Test worker] DEBUG c.g.d.z.ApacheDockerHttpClientImpl$ApacheResponse - Failed to close the response
java.io.IOException: java.nio.channels.ClosedChannelException
	at java.base/java.nio.channels.Channels$2.read(Channels.java:240)
	at com.github.dockerjava.zerodep.shaded.org.apache.hc.client5.http.impl.io.LoggingInputStream.read(LoggingInputStream.java:81)
	at com.github.dockerjava.zerodep.shaded.org.apache.hc.core5.http.impl.io.SessionInputBufferImpl.fillBuffer(SessionInputBufferImpl.java:149)
	at com.github.dockerjava.zerodep.shaded.org.apache.hc.core5.http.impl.io.SessionInputBufferImpl.readLine(SessionInputBufferImpl.java:280)
	at com.github.dockerjava.zerodep.shaded.org.apache.hc.core5.http.impl.io.ChunkedInputStream.getChunkSize(ChunkedInputStream.java:261)
	at com.github.dockerjava.zerodep.shaded.org.apache.hc.core5.http.impl.io.ChunkedInputStream.nextChunk(ChunkedInputStream.java:222)
	at com.github.dockerjava.zerodep.shaded.org.apache.hc.core5.http.impl.io.ChunkedInputStream.read(ChunkedInputStream.java:147)
	at com.github.dockerjava.zerodep.shaded.org.apache.hc.core5.http.impl.io.ChunkedInputStream.close(ChunkedInputStream.java:314)
	at com.github.dockerjava.zerodep.shaded.org.apache.hc.core5.io.Closer.close(Closer.java:48)
	at com.github.dockerjava.zerodep.shaded.org.apache.hc.core5.http.impl.io.IncomingHttpEntity.close(IncomingHttpEntity.java:111)
	at com.github.dockerjava.zerodep.shaded.org.apache.hc.core5.http.io.entity.HttpEntityWrapper.close(HttpEntityWrapper.java:120)
	at com.github.dockerjava.zerodep.shaded.org.apache.hc.core5.io.Closer.close(Closer.java:48)
	at com.github.dockerjava.zerodep.shaded.org.apache.hc.core5.http.message.BasicClassicHttpResponse.close(BasicClassicHttpResponse.java:93)
	at com.github.dockerjava.zerodep.shaded.org.apache.hc.client5.http.impl.classic.CloseableHttpResponse.close(CloseableHttpResponse.java:200)
	at com.github.dockerjava.zerodep.ApacheDockerHttpClientImpl$ApacheResponse.close(ApacheDockerHttpClientImpl.java:271)
	at org.testcontainers.shaded.com.github.dockerjava.core.DefaultInvocationBuilder.lambda$null$0(DefaultInvocationBuilder.java:272)
	at com.github.dockerjava.api.async.ResultCallbackTemplate.close(ResultCallbackTemplate.java:77)
	at org.testcontainers.containers.output.FrameConsumerResultCallback.close(FrameConsumerResultCallback.java:69)
	at org.testcontainers.containers.wait.strategy.LogMessageWaitStrategy.waitUntilReady(LogMessageWaitStrategy.java:49)
	at org.testcontainers.containers.wait.strategy.AbstractWaitStrategy.waitUntilReady(AbstractWaitStrategy.java:52)
	at org.testcontainers.containers.PostgreSQLContainer.waitUntilContainerStarted(PostgreSQLContainer.java:149)
	at org.testcontainers.containers.GenericContainer.tryStart(GenericContainer.java:500)
	at org.testcontainers.containers.GenericContainer.lambda$doStart$0(GenericContainer.java:354)
	at org.rnorth.ducttape.unreliables.Unreliables.retryUntilSuccess(Unreliables.java:81)
	at org.testcontainers.containers.GenericContainer.doStart(GenericContainer.java:344)
	at org.testcontainers.containers.GenericContainer.start(GenericContainer.java:330)
	at com.unitedApi.SequenceLineDAOTest.<init>(SequenceLineDAOTest.kt:43)
	at java.base/jdk.internal.reflect.NativeConstructorAccessorImpl.newInstance0(Native Method)
	at java.base/jdk.internal.reflect.NativeConstructorAccessorImpl.newInstance(NativeConstructorAccessorImpl.java:77)
	at java.base/jdk.internal.reflect.DelegatingConstructorAccessorImpl.newInstance(DelegatingConstructorAccessorImpl.java:45)
	at java.base/java.lang.reflect.Constructor.newInstanceWithCaller(Constructor.java:499)
	at java.base/java.lang.reflect.Constructor.newInstance(Constructor.java:480)
	at org.junit.runners.BlockJUnit4ClassRunner.createTest(BlockJUnit4ClassRunner.java:250)
	at org.junit.runners.BlockJUnit4ClassRunner.createTest(BlockJUnit4ClassRunner.java:260)
	at org.junit.runners.BlockJUnit4ClassRunner$2.runReflectiveCall(BlockJUnit4ClassRunner.java:309)
	at org.junit.internal.runners.model.ReflectiveCallable.run(ReflectiveCallable.java:12)
	at org.junit.runners.BlockJUnit4ClassRunner.methodBlock(BlockJUnit4ClassRunner.java:306)
	at org.junit.runners.BlockJUnit4ClassRunner$1.evaluate(BlockJUnit4ClassRunner.java:100)
	at org.junit.runners.ParentRunner.runLeaf(ParentRunner.java:366)
	at org.junit.runners.BlockJUnit4ClassRunner.runChild(BlockJUnit4ClassRunner.java:103)
	at org.junit.runners.BlockJUnit4ClassRunner.runChild(BlockJUnit4ClassRunner.java:63)
	at org.junit.runners.ParentRunner$4.run(ParentRunner.java:331)
	at org.junit.runners.ParentRunner$1.schedule(ParentRunner.java:79)
	at org.junit.runners.ParentRunner.runChildren(ParentRunner.java:329)
	at org.junit.runners.ParentRunner.access$100(ParentRunner.java:66)
	at org.junit.runners.ParentRunner$2.evaluate(ParentRunner.java:293)
	at org.junit.runners.ParentRunner$3.evaluate(ParentRunner.java:306)
	at org.junit.runners.ParentRunner.run(ParentRunner.java:413)
	at org.gradle.api.internal.tasks.testing.junit.JUnitTestClassExecutor.runTestClass(JUnitTestClassExecutor.java:112)
	at org.gradle.api.internal.tasks.testing.junit.JUnitTestClassExecutor.execute(JUnitTestClassExecutor.java:58)
	at org.gradle.api.internal.tasks.testing.junit.JUnitTestClassExecutor.execute(JUnitTestClassExecutor.java:40)
	at org.gradle.api.internal.tasks.testing.junit.AbstractJUnitTestClassProcessor.processTestClass(AbstractJUnitTestClassProcessor.java:60)
	at org.gradle.api.internal.tasks.testing.SuiteTestClassProcessor.processTestClass(SuiteTestClassProcessor.java:52)
	at java.base/jdk.internal.reflect.NativeMethodAccessorImpl.invoke0(Native Method)
	at java.base/jdk.internal.reflect.NativeMethodAccessorImpl.invoke(NativeMethodAccessorImpl.java:77)
	at java.base/jdk.internal.reflect.DelegatingMethodAccessorImpl.invoke(DelegatingMethodAccessorImpl.java:43)
	at java.base/java.lang.reflect.Method.invoke(Method.java:568)
	at org.gradle.internal.dispatch.ReflectionDispatch.dispatch(ReflectionDispatch.java:36)
	at org.gradle.internal.dispatch.ReflectionDispatch.dispatch(ReflectionDispatch.java:24)
	at org.gradle.internal.dispatch.ContextClassLoaderDispatch.dispatch(ContextClassLoaderDispatch.java:33)
	at org.gradle.internal.dispatch.ProxyDispatchAdapter$DispatchingInvocationHandler.invoke(ProxyDispatchAdapter.java:94)
	at jdk.proxy1/jdk.proxy1.$Proxy2.processTestClass(Unknown Source)
	at org.gradle.api.internal.tasks.testing.worker.TestWorker$2.run(TestWorker.java:176)
	at org.gradle.api.internal.tasks.testing.worker.TestWorker.executeAndMaintainThreadName(TestWorker.java:129)
	at org.gradle.api.internal.tasks.testing.worker.TestWorker.execute(TestWorker.java:100)
	at org.gradle.api.internal.tasks.testing.worker.TestWorker.execute(TestWorker.java:60)
	at org.gradle.process.internal.worker.child.ActionExecutionWorker.execute(ActionExecutionWorker.java:56)
	at org.gradle.process.internal.worker.child.SystemApplicationClassLoaderWorker.call(SystemApplicationClassLoaderWorker.java:113)
	at org.gradle.process.internal.worker.child.SystemApplicationClassLoaderWorker.call(SystemApplicationClassLoaderWorker.java:65)
	at worker.org.gradle.process.internal.worker.GradleWorkerMain.run(GradleWorkerMain.java:69)
	at worker.org.gradle.process.internal.worker.GradleWorkerMain.main(GradleWorkerMain.java:74)
Caused by: java.nio.channels.ClosedChannelException: null
	at java.base/sun.nio.ch.WindowsAsynchronousFileChannelImpl.implRead(WindowsAsynchronousFileChannelImpl.java:516)
	at java.base/sun.nio.ch.AsynchronousFileChannelImpl.read(AsynchronousFileChannelImpl.java:229)
	at com.github.dockerjava.transport.NamedPipeSocket$AsynchronousFileByteChannel.read(NamedPipeSocket.java:117)
	at java.base/java.nio.channels.Channels$2.read(Channels.java:238)
	... 70 common frames omitted
2024-07-24 14:30:38.145 [Test worker] INFO  tc.postgres:latest - Container postgres:latest started in PT1.8965365S
2024-07-24 14:30:38.145 [Test worker] INFO  tc.postgres:latest - Container is started (JDBC URL: jdbc:postgresql://localhost:51561/db?loggerLevel=OFF)
2024-07-24 14:30:38.146 [Test worker] INFO  org.testcontainers.ext.ScriptUtils - Executing database script from sql/init.sql
2024-07-24 14:30:38.147 [Test worker] DEBUG o.t.s.c.g.d.c.command.AbstrDockerCmd - Cmd: a0f1d774ddc75c129976ddcb1e2ee8674b198363eecdbfd7ed670346c3c19056,false
2024-07-24 14:30:38.147 [Test worker] DEBUG o.t.s.c.g.d.c.e.InspectContainerCmdExec - GET: DefaultWebTarget{path=[/containers/a0f1d774ddc75c129976ddcb1e2ee8674b198363eecdbfd7ed670346c3c19056/json], queryParams={}}
2024-07-24 14:30:38.147 [Test worker] DEBUG c.g.d.z.s.o.a.h.c.h.i.c.InternalHttpClient - ex-000000B5: preparing request execution
2024-07-24 14:30:38.147 [Test worker] DEBUG c.g.d.z.s.o.a.h.c.h.p.RequestAddCookies - Cookie spec selected: strict
2024-07-24 14:30:38.147 [Test worker] DEBUG c.g.d.z.s.o.a.h.c.h.p.RequestAuthCache - Auth cache not set in the context
2024-07-24 14:30:38.147 [Test worker] DEBUG c.g.d.z.s.o.a.h.c.h.i.c.ProtocolExec - ex-000000B5: target auth state: UNCHALLENGED
2024-07-24 14:30:38.147 [Test worker] DEBUG c.g.d.z.s.o.a.h.c.h.i.c.ProtocolExec - ex-000000B5: proxy auth state: UNCHALLENGED
2024-07-24 14:30:38.147 [Test worker] DEBUG c.g.d.z.s.o.a.h.c.h.i.c.ConnectExec - ex-000000B5: acquiring connection with route {}->npipe://localhost:2375
2024-07-24 14:30:38.147 [Test worker] DEBUG c.g.d.z.s.o.a.h.c.h.i.c.InternalHttpClient - ex-000000B5: acquiring endpoint (3 MINUTES)
2024-07-24 14:30:38.148 [Test worker] DEBUG c.g.d.z.s.o.a.h.c.h.i.i.PoolingHttpClientConnectionManager - ex-000000B5: endpoint lease request (3 MINUTES) [route: {}->npipe://localhost:2375][total available: 0; route allocated: 0 of 2147483647; total allocated: 0 of 2147483647]
2024-07-24 14:30:38.148 [Test worker] DEBUG c.g.d.z.s.o.a.h.c.h.i.i.PoolingHttpClientConnectionManager - ex-000000B5: endpoint leased [route: {}->npipe://localhost:2375][total available: 0; route allocated: 1 of 2147483647; total allocated: 1 of 2147483647]
2024-07-24 14:30:38.148 [Test worker] DEBUG c.g.d.z.s.o.a.h.c.h.i.i.PoolingHttpClientConnectionManager - ex-000000B5: acquired ep-000000B4
2024-07-24 14:30:38.148 [Test worker] DEBUG c.g.d.z.s.o.a.h.c.h.i.c.InternalHttpClient - ex-000000B5: acquired endpoint ep-000000B4
2024-07-24 14:30:38.148 [Test worker] DEBUG c.g.d.z.s.o.a.h.c.h.i.c.ConnectExec - ex-000000B5: opening connection {}->npipe://localhost:2375
2024-07-24 14:30:38.148 [Test worker] DEBUG c.g.d.z.s.o.a.h.c.h.i.c.InternalHttpClient - ep-000000B4: connecting endpoint (3 MINUTES)
2024-07-24 14:30:38.148 [Test worker] DEBUG c.g.d.z.s.o.a.h.c.h.i.i.PoolingHttpClientConnectionManager - ep-000000B4: connecting endpoint to npipe://localhost:2375 (3 MINUTES)
2024-07-24 14:30:38.148 [Test worker] DEBUG c.g.d.z.s.o.a.h.c.h.i.i.DefaultHttpClientConnectionOperator - http-outgoing-17: connecting to localhost/127.0.0.1:2375
2024-07-24 14:30:38.148 [Test worker] DEBUG c.g.d.z.s.o.a.h.c.h.i.i.DefaultHttpClientConnectionOperator - http-outgoing-17: connection established 
2024-07-24 14:30:38.148 [Test worker] DEBUG c.g.d.z.s.o.a.h.c.h.i.i.PoolingHttpClientConnectionManager - ep-000000B4: connected http-outgoing-17
2024-07-24 14:30:38.148 [Test worker] DEBUG c.g.d.z.s.o.a.h.c.h.i.c.InternalHttpClient - ep-000000B4: endpoint connected
2024-07-24 14:30:38.148 [Test worker] DEBUG c.g.d.z.s.o.a.h.c.h.i.c.MainClientExec - ex-000000B5: executing GET /v1.32/containers/a0f1d774ddc75c129976ddcb1e2ee8674b198363eecdbfd7ed670346c3c19056/json HTTP/1.1
2024-07-24 14:30:38.148 [Test worker] DEBUG c.g.d.z.s.o.a.h.c.h.i.c.InternalHttpClient - ep-000000B4: start execution ex-000000B5
2024-07-24 14:30:38.148 [Test worker] DEBUG c.g.d.z.s.o.a.h.c.h.i.i.PoolingHttpClientConnectionManager - ep-000000B4: executing exchange ex-000000B5 over http-outgoing-17
2024-07-24 14:30:38.148 [Test worker] DEBUG c.g.d.z.s.o.a.h.client5.http.headers - http-outgoing-17 >> GET /v1.32/containers/a0f1d774ddc75c129976ddcb1e2ee8674b198363eecdbfd7ed670346c3c19056/json HTTP/1.1
2024-07-24 14:30:38.148 [Test worker] DEBUG c.g.d.z.s.o.a.h.client5.http.headers - http-outgoing-17 >> accept: application/json
2024-07-24 14:30:38.148 [Test worker] DEBUG c.g.d.z.s.o.a.h.client5.http.headers - http-outgoing-17 >> x-tc-sid: 280e6229-7396-4d60-b1e3-a5de48b5d49b
2024-07-24 14:30:38.148 [Test worker] DEBUG c.g.d.z.s.o.a.h.client5.http.headers - http-outgoing-17 >> User-Agent: tc-java/1.19.8
2024-07-24 14:30:38.148 [Test worker] DEBUG c.g.d.z.s.o.a.h.client5.http.headers - http-outgoing-17 >> Accept-Encoding: gzip, x-gzip, deflate
2024-07-24 14:30:38.148 [Test worker] DEBUG c.g.d.z.s.o.a.h.client5.http.headers - http-outgoing-17 >> Host: localhost:2375
2024-07-24 14:30:38.148 [Test worker] DEBUG c.g.d.z.s.o.a.h.client5.http.headers - http-outgoing-17 >> Connection: keep-alive
2024-07-24 14:30:38.148 [Test worker] DEBUG c.g.d.z.s.o.a.hc.client5.http.wire - http-outgoing-17 >> "GET /v1.32/containers/a0f1d774ddc75c129976ddcb1e2ee8674b198363eecdbfd7ed670346c3c19056/json HTTP/1.1[\r][\n]"
2024-07-24 14:30:38.148 [Test worker] DEBUG c.g.d.z.s.o.a.hc.client5.http.wire - http-outgoing-17 >> "accept: application/json[\r][\n]"
2024-07-24 14:30:38.148 [Test worker] DEBUG c.g.d.z.s.o.a.hc.client5.http.wire - http-outgoing-17 >> "x-tc-sid: 280e6229-7396-4d60-b1e3-a5de48b5d49b[\r][\n]"
2024-07-24 14:30:38.148 [Test worker] DEBUG c.g.d.z.s.o.a.hc.client5.http.wire - http-outgoing-17 >> "User-Agent: tc-java/1.19.8[\r][\n]"
2024-07-24 14:30:38.148 [Test worker] DEBUG c.g.d.z.s.o.a.hc.client5.http.wire - http-outgoing-17 >> "Accept-Encoding: gzip, x-gzip, deflate[\r][\n]"
2024-07-24 14:30:38.148 [Test worker] DEBUG c.g.d.z.s.o.a.hc.client5.http.wire - http-outgoing-17 >> "Host: localhost:2375[\r][\n]"
2024-07-24 14:30:38.148 [Test worker] DEBUG c.g.d.z.s.o.a.hc.client5.http.wire - http-outgoing-17 >> "Connection: keep-alive[\r][\n]"
2024-07-24 14:30:38.148 [Test worker] DEBUG c.g.d.z.s.o.a.hc.client5.http.wire - http-outgoing-17 >> "[\r][\n]"
2024-07-24 14:30:38.151 [Test worker] DEBUG c.g.d.z.s.o.a.hc.client5.http.wire - http-outgoing-17 << "HTTP/1.1 200 OK[\r][\n]"
2024-07-24 14:30:38.151 [Test worker] DEBUG c.g.d.z.s.o.a.hc.client5.http.wire - http-outgoing-17 << "Api-Version: 1.45[\r][\n]"
2024-07-24 14:30:38.151 [Test worker] DEBUG c.g.d.z.s.o.a.hc.client5.http.wire - http-outgoing-17 << "Content-Type: application/json[\r][\n]"
2024-07-24 14:30:38.151 [Test worker] DEBUG c.g.d.z.s.o.a.hc.client5.http.wire - http-outgoing-17 << "Date: Wed, 24 Jul 2024 02:30:38 GMT[\r][\n]"
2024-07-24 14:30:38.151 [Test worker] DEBUG c.g.d.z.s.o.a.hc.client5.http.wire - http-outgoing-17 << "Docker-Experimental: false[\r][\n]"
2024-07-24 14:30:38.151 [Test worker] DEBUG c.g.d.z.s.o.a.hc.client5.http.wire - http-outgoing-17 << "Ostype: linux[\r][\n]"
2024-07-24 14:30:38.152 [Test worker] DEBUG c.g.d.z.s.o.a.hc.client5.http.wire - http-outgoing-17 << "Server: Docker/26.0.0 (linux)[\r][\n]"
2024-07-24 14:30:38.152 [Test worker] DEBUG c.g.d.z.s.o.a.hc.client5.http.wire - http-outgoing-17 << "Transfer-Encoding: chunked[\r][\n]"
2024-07-24 14:30:38.152 [Test worker] DEBUG c.g.d.z.s.o.a.hc.client5.http.wire - http-outgoing-17 << "[\r][\n]"
2024-07-24 14:30:38.152 [Test worker] DEBUG c.g.d.z.s.o.a.h.client5.http.headers - http-outgoing-17 << HTTP/1.1 200 OK
2024-07-24 14:30:38.152 [Test worker] DEBUG c.g.d.z.s.o.a.h.client5.http.headers - http-outgoing-17 << Api-Version: 1.45
2024-07-24 14:30:38.152 [Test worker] DEBUG c.g.d.z.s.o.a.h.client5.http.headers - http-outgoing-17 << Content-Type: application/json
2024-07-24 14:30:38.152 [Test worker] DEBUG c.g.d.z.s.o.a.h.client5.http.headers - http-outgoing-17 << Date: Wed, 24 Jul 2024 02:30:38 GMT
2024-07-24 14:30:38.152 [Test worker] DEBUG c.g.d.z.s.o.a.h.client5.http.headers - http-outgoing-17 << Docker-Experimental: false
2024-07-24 14:30:38.152 [Test worker] DEBUG c.g.d.z.s.o.a.h.client5.http.headers - http-outgoing-17 << Ostype: linux
2024-07-24 14:30:38.152 [Test worker] DEBUG c.g.d.z.s.o.a.h.client5.http.headers - http-outgoing-17 << Server: Docker/26.0.0 (linux)
2024-07-24 14:30:38.152 [Test worker] DEBUG c.g.d.z.s.o.a.h.client5.http.headers - http-outgoing-17 << Transfer-Encoding: chunked
2024-07-24 14:30:38.152 [Test worker] DEBUG c.g.d.z.s.o.a.h.c.h.i.c.MainClientExec - ex-000000B5: connection can be kept alive for 3 MINUTES
2024-07-24 14:30:38.153 [Test worker] DEBUG c.g.d.z.s.o.a.hc.client5.http.wire - http-outgoing-17 << "1a37[\r][\n]"
2024-07-24 14:30:38.153 [Test worker] DEBUG c.g.d.z.s.o.a.hc.client5.http.wire - http-outgoing-17 << "{"Id":"a0f1d774ddc75c129976ddcb1e2ee8674b198363eecdbfd7ed670346c3c19056","Created":"2024-07-24T02:30:36.259218731Z","Path":"docker-entrypoint.sh","Args":["postgres","-c","fsync=off"],"State":{"Status":"running","Running":true,"Paused":false,"Restarting":false,"OOMKilled":false,"Dead":false,"Pid":30022,"ExitCode":0,"Error":"","StartedAt":"2024-07-24T02:30:36.752861949Z","FinishedAt":"0001-01-01T00:00:00Z"},"Image":"sha256:8e4fc9e184899a58735e7ee333f5e272d7d2298cf59302006b71f33e217be130","ResolvConfPath":"/var/lib/docker/containers/a0f1d774ddc75c129976ddcb1e2ee8674b198363eecdbfd7ed670346c3c19056/resolv.conf","HostnamePath":"/var/lib/docker/containers/a0f1d774ddc75c129976ddcb1e2ee8674b198363eecdbfd7ed670346c3c19056/hostname","HostsPath":"/var/lib/docker/containers/a0f1d774ddc75c129976ddcb1e2ee8674b198363eecdbfd7ed670346c3c19056/hosts","LogPath":"/var/lib/docker/containers/a0f1d774ddc75c129976ddcb1e2ee8674b198363eecdbfd7ed670346c3c19056/a0f1d774ddc75c129976ddcb1e2ee8674b198363eecdbfd7ed670346c3c19056-json.log","Name":"/quirky_almeida","RestartCount":0,"Driver":"overlay2","Platform":"linux","MountLabel":"","ProcessLabel":"","AppArmorProfile":"","ExecIDs":null,"HostConfig":{"Binds":[],"ContainerIDFile":"","LogConfig":{"Type":"json-file","Config":{}},"NetworkMode":"default","PortBindings":{"5432/tcp":[{"HostIp":"0.0.0.0","HostPort":"0"}]},"RestartPolicy":{"Name":"no","MaximumRetryCount":0},"AutoRemove":false,"VolumeDriver":"","VolumesFrom":[],"ConsoleSize":[0,0],"CapAdd":null,"CapDrop":null,"CgroupnsMode":"host","Dns":null,"DnsOptions":null,"DnsSearch":null,"ExtraHosts":[],"GroupAdd":null,"IpcMode":"shareable","Cgroup":"","Links":null,"OomScoreAdj":0,"PidMode":"","Privileged":false,"PublishAllPorts":false,"ReadonlyRootfs":false,"SecurityOpt":null,"UTSMode":"","UsernsMode":"","ShmSize":67108864,"Runtime":"runc","Isolation":"","CpuShares":0,"Memory":0,"NanoCpus":0,"CgroupParent":"","BlkioWeight":0,"BlkioWeightDevice":null,"BlkioDeviceReadBps":null,"BlkioDeviceWriteBps":null,"BlkioDeviceReadIOps":null,"BlkioDeviceWriteIOps":null,"CpuPeriod":0,"CpuQuota":0,"CpuRealtimePeriod":0,"CpuRealtimeRuntime":0,"CpusetCpus":"","CpusetMems":"","Devices":null,"DeviceCgroupRules":null,"DeviceRequests":null,"MemoryReservation":0,"MemorySwap":0,"MemorySwappiness":null,"OomKillDisable":false,"PidsLimit":null,"Ulimits":null,"CpuCount":0,"CpuPercent":0,"IOMaximumIOps":0,"IOMaximumBandwidth":0,"MaskedPaths":["/proc/asound","/proc/acpi","/proc/kcore","/proc/keys","/proc/latency_stats","/proc/timer_list","/proc/timer_stats","/proc/sched_debug","/proc/scsi","/sys/firmware","/sys/devices/virtual/powercap"],"ReadonlyPaths":["/proc/bus","/proc/fs","/proc/irq","/proc/sys","/proc/sysrq-trigger"]},"GraphDriver":{"Data":{"LowerDir":"/var/lib/docker/overlay2/882694b5daa48f47878bf18a870dba3d3f8e8092a48569de724b503e0cf658ea-init/diff:/var/lib/docker/overlay2/8f0ddbd386af0785c2e348570516955816ab350305d698d363962d488eeb15ec/diff:/var/lib/docker/overlay2/0eb0ca73e9b0be7c3d7fa8762ef4778a68f38391bc84c037c2e90b88e781b475/diff:/var/lib/docker/overlay2/74e634bddc785c5d436b10a5158cd82e21dc2065fd1cf8ff9c1c12e01575a2d8/diff:/var/lib/docker/overlay2/bb918b2851cd2f508f1e3fdbfff8b7f8b041d61e65fe8c368288bf399e80b818/diff:/var/lib/docker/overlay2/2abab2946cbdc2941ee8ec4024c51dac7313dee9de5fbedd1ca33388c59eb3c8/diff:/var/lib/docker/overlay2/e12f6083ee669bd92743ceb339a896bb25dbe461b718705bb39eb410b80c0ecd/diff:/var/lib/docker/overlay2/ced1e86d670d097da5ed4da7288c22507735918959161c2cd8bf083fb30d169a/diff:/var/lib/docker/overlay2/94e9ac7b74923285ae73af20aeccb964ca9079e2305db367cb85d1603560472d/diff:/var/lib/docker/overlay2/a396b6dfd63f0c228c519871183c614cccf4d366a43460f27ecf97113c3c4be8/diff:/var/lib/docker/overlay2/f58ada5d5080c2bac553c734f81127660a90581a35ed2a92cebe3c59e340875b/diff:/var/lib/docker/overlay2/84f85636f37bf55d945e217b4f87a856eba7932284beaf042561007b66f48977/diff:/var/lib/docker/overlay2/1e6e519613884e91a2b74a588ba35dc8a2f789371ab798ef6e7d9836d756042f/diff:/var/lib/docker/overlay2/14a3151cc8b4f9d27d2e64f1a8abc0c7809309580f2d7e8dc8545055c1d56194/diff:/var/lib/dock"
2024-07-24 14:30:38.153 [Test worker] DEBUG c.g.d.z.s.o.a.hc.client5.http.wire - http-outgoing-17 << "er/overlay2/5b354b9e793401517fe2f1da697653fdaadffc54888eaf76d67e0600b8c68bdc/diff","MergedDir":"/var/lib/docker/overlay2/882694b5daa48f47878bf18a870dba3d3f8e8092a48569de724b503e0cf658ea/merged","UpperDir":"/var/lib/docker/overlay2/882694b5daa48f47878bf18a870dba3d3f8e8092a48569de724b503e0cf658ea/diff","WorkDir":"/var/lib/docker/overlay2/882694b5daa48f47878bf18a870dba3d3f8e8092a48569de724b503e0cf658ea/work"},"Name":"overlay2"},"Mounts":[{"Type":"volume","Name":"f4430afc930f6ce96386a25ef818c1a8ea7a1422ad8055fb1379ed0302ee24a7","Source":"/var/lib/docker/volumes/f4430afc930f6ce96386a25ef818c1a8ea7a1422ad8055fb1379ed0302ee24a7/_data","Destination":"/var/lib/postgresql/data","Driver":"local","Mode":"","RW":true,"Propagation":""}],"Config":{"Hostname":"a0f1d774ddc7","Domainname":"","User":"","AttachStdin":false,"AttachStdout":false,"AttachStderr":false,"ExposedPorts":{"5432/tcp":{}},"Tty":false,"OpenStdin":false,"StdinOnce":false,"Env":["POSTGRES_USER=user","POSTGRES_PASSWORD=password","POSTGRES_DB=db","PATH=/usr/local/sbin:/usr/local/bin:/usr/sbin:/usr/bin:/sbin:/bin:/usr/lib/postgresql/16/bin","GOSU_VERSION=1.17","LANG=en_US.utf8","PG_MAJOR=16","PG_VERSION=16.2-1.pgdg120+2","PGDATA=/var/lib/postgresql/data"],"Cmd":["postgres","-c","fsync=off"],"Image":"postgres:latest","Volumes":{"/var/lib/postgresql/data":{}},"WorkingDir":"","Entrypoint":["docker-entrypoint.sh"],"OnBuild":null,"Labels":{"org.testcontainers":"true","org.testcontainers.lang":"java","org.testcontainers.sessionId":"280e6229-7396-4d60-b1e3-a5de48b5d49b","org.testcontainers.version":"1.19.8"},"StopSignal":"SIGINT"},"NetworkSettings":{"Bridge":"","SandboxID":"2c2434f24b79fabe919020de3a72a40119cd26c884c12124e761b3d5ba241960","SandboxKey":"/var/run/docker/netns/2c2434f24b79","Ports":{"5432/tcp":[{"HostIp":"0.0.0.0","HostPort":"51561"}]},"HairpinMode":false,"LinkLocalIPv6Address":"","LinkLocalIPv6PrefixLen":0,"SecondaryIPAddresses":null,"SecondaryIPv6Addresses":null,"EndpointID":"e869291b29a133689c81bd3f0537e2f1ed91a99621eb4fc1426ca2a76e6b7cf1","Gateway":"172.17.0.1","GlobalIPv6Address":"","GlobalIPv6PrefixLen":0,"IPAddress":"172.17.0.3","IPPrefixLen":16,"IPv6Gateway":"","MacAddress":"02:42:ac:11:00:03","Networks":{"bridge":{"IPAMConfig":null,"Links":null,"Aliases":null,"MacAddress":"02:42:ac:11:00:03","NetworkID":"3c842496be344cbdae878c1dee0957e7bc7c0a2236009c92752030f2b053e72f","EndpointID":"e869291b29a133689c81bd3f0537e2f1ed91a99621eb4fc1426ca2a76e6b7cf1","Gateway":"172.17.0.1","IPAddress":"172.17.0.3","IPPrefixLen":16,"IPv6Gateway":"","GlobalIPv6Address":"","GlobalIPv6PrefixLen":0,"DriverOpts":null,"DNSNames":null}}}}[\n]"
2024-07-24 14:30:38.154 [Test worker] DEBUG c.g.d.z.s.o.a.hc.client5.http.wire - http-outgoing-17 << "[\r][\n]"
2024-07-24 14:30:38.154 [Test worker] DEBUG c.g.d.z.s.o.a.hc.client5.http.wire - http-outgoing-17 << "0[\r][\n]"
2024-07-24 14:30:38.154 [Test worker] DEBUG c.g.d.z.s.o.a.hc.client5.http.wire - http-outgoing-17 << "[\r][\n]"
2024-07-24 14:30:38.154 [Test worker] DEBUG c.g.d.z.s.o.a.h.c.h.i.c.InternalHttpClient - ep-000000B4: releasing valid endpoint
2024-07-24 14:30:38.154 [Test worker] DEBUG c.g.d.z.s.o.a.h.c.h.i.i.PoolingHttpClientConnectionManager - ep-000000B4: releasing endpoint
2024-07-24 14:30:38.154 [Test worker] DEBUG c.g.d.z.s.o.a.h.c.h.i.i.PoolingHttpClientConnectionManager - ep-000000B4: connection http-outgoing-17 can be kept alive for 3 MINUTES
2024-07-24 14:30:38.154 [Test worker] DEBUG c.g.d.z.s.o.a.h.c.h.i.i.PoolingHttpClientConnectionManager - ep-000000B4: connection released [route: {}->npipe://localhost:2375][total available: 1; route allocated: 1 of 2147483647; total allocated: 1 of 2147483647]
2024-07-24 14:30:38.154 [Test worker] DEBUG tc.postgres:latest - Trying to create JDBC connection using org.postgresql.Driver to jdbc:postgresql://localhost:51561/db?loggerLevel=OFF with properties: {password=password, user=user}
2024-07-24 14:30:38.167 [Test worker] DEBUG o.t.jdbc.JdbcDatabaseDelegate - false returned as updateCount for SQL: drop table if exists WorkedOn
2024-07-24 14:30:38.168 [Test worker] DEBUG o.t.jdbc.JdbcDatabaseDelegate - false returned as updateCount for SQL: drop table if exists SequenceLine
2024-07-24 14:30:38.169 [Test worker] DEBUG o.t.jdbc.JdbcDatabaseDelegate - false returned as updateCount for SQL: drop table if exists WorkOrder
2024-07-24 14:30:38.170 [Test worker] DEBUG o.t.jdbc.JdbcDatabaseDelegate - false returned as updateCount for SQL: drop table if exists SequenceHeader
2024-07-24 14:30:38.170 [Test worker] DEBUG o.t.jdbc.JdbcDatabaseDelegate - false returned as updateCount for SQL: drop table if exists SaleOrderLine
2024-07-24 14:30:38.171 [Test worker] DEBUG o.t.jdbc.JdbcDatabaseDelegate - false returned as updateCount for SQL: drop table if exists SaleOrderHeader
2024-07-24 14:30:38.171 [Test worker] DEBUG o.t.jdbc.JdbcDatabaseDelegate - false returned as updateCount for SQL: drop table if exists Staff
2024-07-24 14:30:38.172 [Test worker] DEBUG o.t.jdbc.JdbcDatabaseDelegate - false returned as updateCount for SQL: drop table if exists WorkStation
2024-07-24 14:30:38.173 [Test worker] DEBUG o.t.jdbc.JdbcDatabaseDelegate - false returned as updateCount for SQL: drop table if exists Part
2024-07-24 14:30:38.174 [Test worker] DEBUG o.t.jdbc.JdbcDatabaseDelegate - false returned as updateCount for SQL: drop table if exists Customer
2024-07-24 14:30:38.176 [Test worker] DEBUG o.t.jdbc.JdbcDatabaseDelegate - false returned as updateCount for SQL: create table Customer ( customerId VarChar(8) PRIMARY Key, name VarChar(100) not null, address VarChar(500) not null )
2024-07-24 14:30:38.178 [Test worker] DEBUG o.t.jdbc.JdbcDatabaseDelegate - false returned as updateCount for SQL: create table Part ( partId VarChar(6) PRIMARY KEY, inventory Int not null, name VarChar(100) not null )
2024-07-24 14:30:38.179 [Test worker] DEBUG o.t.jdbc.JdbcDatabaseDelegate - false returned as updateCount for SQL: create table WorkStation ( name VarChar(50) PRIMARY KEY )
2024-07-24 14:30:38.180 [Test worker] DEBUG o.t.jdbc.JdbcDatabaseDelegate - false returned as updateCount for SQL: create table Staff ( staffID VarChar(6) PRIMARY KEY, name VarChar(100) not null )
2024-07-24 14:30:38.181 [Test worker] DEBUG o.t.jdbc.JdbcDatabaseDelegate - false returned as updateCount for SQL: create table SaleOrderHeader ( soHeaderId VarChar(6) PRIMARY key , customerId VarChar(8) not null references Customer (customerId) )
2024-07-24 14:30:38.182 [Test worker] DEBUG o.t.jdbc.JdbcDatabaseDelegate - false returned as updateCount for SQL: create table SaleOrderLine ( soLineId VarChar(6), soHeaderId VarChar(6) references SaleOrderHeader (soHeaderID), dateDue Date not null, partID VarChar(6) not null references Part(partId), PRIMARY KEY (soLineId,soHeaderId) )
2024-07-24 14:30:38.184 [Test worker] DEBUG o.t.jdbc.JdbcDatabaseDelegate - false returned as updateCount for SQL: create table SequenceHeader ( seqHeaderId VarChar(6) PRIMARY KEY, partId VarChar(6) not null references Part(partId) )
2024-07-24 14:30:38.185 [Test worker] DEBUG o.t.jdbc.JdbcDatabaseDelegate - false returned as updateCount for SQL: create table WorkOrder ( workOrderId VarChar(8) PRIMARY KEY, seqHeaderId VarChar(6) not null REFERENCES SequenceHeader (seqHeaderId), soLineId VarChar(6) not null, soHeaderId VarChar(6) not null, quanity Int not null, FOREIGN KEY (soLineId,soHeaderId) REFERENCES SaleOrderLine (soLineId,soHeaderId) )
2024-07-24 14:30:38.187 [Test worker] DEBUG o.t.jdbc.JdbcDatabaseDelegate - false returned as updateCount for SQL: create table SequenceLine ( seqLineId VarChar(10), seqHeaderId VarChar(6) references SequenceHeader (seqHeaderId), workStation VarChar(50) not null references WorkStation(name), PRIMARY KEY(seqLineId,seqHeaderId) )
2024-07-24 14:30:38.189 [Test worker] DEBUG o.t.jdbc.JdbcDatabaseDelegate - false returned as updateCount for SQL: create table WorkedOn ( staffId VarChar(8) references Staff (staffId), seqHeaderId VarChar(6), seqLineId VarChar(10), workOrderId VarChar(50) references WorkOrder(workOrderId), PRIMARY key (staffId,seqHeaderId,seqLineId,workOrderId), FOREIGN KEY (seqHeaderId,seqLineId) REFERENCES SequenceLine (seqHeaderId,seqLineId) )
2024-07-24 14:30:38.189 [Test worker] INFO  org.testcontainers.ext.ScriptUtils - Executed database script from sql/init.sql in 42 ms.
2024-07-24 14:30:38.206 [Test worker] DEBUG o.t.s.c.g.d.c.command.AbstrDockerCmd - Cmd: a0f1d774ddc75c129976ddcb1e2ee8674b198363eecdbfd7ed670346c3c19056,false
2024-07-24 14:30:38.207 [Test worker] DEBUG o.t.s.c.g.d.c.e.InspectContainerCmdExec - GET: DefaultWebTarget{path=[/containers/a0f1d774ddc75c129976ddcb1e2ee8674b198363eecdbfd7ed670346c3c19056/json], queryParams={}}
2024-07-24 14:30:38.207 [Test worker] DEBUG c.g.d.z.s.o.a.h.c.h.i.c.InternalHttpClient - ex-000000B6: preparing request execution
2024-07-24 14:30:38.207 [Test worker] DEBUG c.g.d.z.s.o.a.h.c.h.p.RequestAddCookies - Cookie spec selected: strict
2024-07-24 14:30:38.207 [Test worker] DEBUG c.g.d.z.s.o.a.h.c.h.p.RequestAuthCache - Auth cache not set in the context
2024-07-24 14:30:38.207 [Test worker] DEBUG c.g.d.z.s.o.a.h.c.h.i.c.ProtocolExec - ex-000000B6: target auth state: UNCHALLENGED
2024-07-24 14:30:38.207 [Test worker] DEBUG c.g.d.z.s.o.a.h.c.h.i.c.ProtocolExec - ex-000000B6: proxy auth state: UNCHALLENGED
2024-07-24 14:30:38.207 [Test worker] DEBUG c.g.d.z.s.o.a.h.c.h.i.c.ConnectExec - ex-000000B6: acquiring connection with route {}->npipe://localhost:2375
2024-07-24 14:30:38.207 [Test worker] DEBUG c.g.d.z.s.o.a.h.c.h.i.c.InternalHttpClient - ex-000000B6: acquiring endpoint (3 MINUTES)
2024-07-24 14:30:38.207 [Test worker] DEBUG c.g.d.z.s.o.a.h.c.h.i.i.PoolingHttpClientConnectionManager - ex-000000B6: endpoint lease request (3 MINUTES) [route: {}->npipe://localhost:2375][total available: 1; route allocated: 1 of 2147483647; total allocated: 1 of 2147483647]
2024-07-24 14:30:38.207 [Test worker] DEBUG c.g.d.z.s.o.a.h.c.h.i.i.PoolingHttpClientConnectionManager - ex-000000B6: endpoint leased [route: {}->npipe://localhost:2375][total available: 0; route allocated: 1 of 2147483647; total allocated: 1 of 2147483647]
2024-07-24 14:30:38.207 [Test worker] DEBUG c.g.d.z.s.o.a.h.c.h.i.i.PoolingHttpClientConnectionManager - ex-000000B6: acquired ep-000000B5
2024-07-24 14:30:38.207 [Test worker] DEBUG c.g.d.z.s.o.a.h.c.h.i.c.InternalHttpClient - ex-000000B6: acquired endpoint ep-000000B5
2024-07-24 14:30:38.207 [Test worker] DEBUG c.g.d.z.s.o.a.h.c.h.i.c.MainClientExec - ex-000000B6: executing GET /v1.32/containers/a0f1d774ddc75c129976ddcb1e2ee8674b198363eecdbfd7ed670346c3c19056/json HTTP/1.1
2024-07-24 14:30:38.207 [Test worker] DEBUG c.g.d.z.s.o.a.h.c.h.i.c.InternalHttpClient - ep-000000B5: start execution ex-000000B6
2024-07-24 14:30:38.207 [Test worker] DEBUG c.g.d.z.s.o.a.h.c.h.i.i.PoolingHttpClientConnectionManager - ep-000000B5: executing exchange ex-000000B6 over http-outgoing-17
2024-07-24 14:30:38.207 [Test worker] DEBUG c.g.d.z.s.o.a.h.client5.http.headers - http-outgoing-17 >> GET /v1.32/containers/a0f1d774ddc75c129976ddcb1e2ee8674b198363eecdbfd7ed670346c3c19056/json HTTP/1.1
2024-07-24 14:30:38.207 [Test worker] DEBUG c.g.d.z.s.o.a.h.client5.http.headers - http-outgoing-17 >> accept: application/json
2024-07-24 14:30:38.207 [Test worker] DEBUG c.g.d.z.s.o.a.h.client5.http.headers - http-outgoing-17 >> x-tc-sid: 280e6229-7396-4d60-b1e3-a5de48b5d49b
2024-07-24 14:30:38.207 [Test worker] DEBUG c.g.d.z.s.o.a.h.client5.http.headers - http-outgoing-17 >> User-Agent: tc-java/1.19.8
2024-07-24 14:30:38.207 [Test worker] DEBUG c.g.d.z.s.o.a.h.client5.http.headers - http-outgoing-17 >> Accept-Encoding: gzip, x-gzip, deflate
2024-07-24 14:30:38.207 [Test worker] DEBUG c.g.d.z.s.o.a.h.client5.http.headers - http-outgoing-17 >> Host: localhost:2375
2024-07-24 14:30:38.207 [Test worker] DEBUG c.g.d.z.s.o.a.h.client5.http.headers - http-outgoing-17 >> Connection: keep-alive
2024-07-24 14:30:38.207 [Test worker] DEBUG c.g.d.z.s.o.a.hc.client5.http.wire - http-outgoing-17 >> "GET /v1.32/containers/a0f1d774ddc75c129976ddcb1e2ee8674b198363eecdbfd7ed670346c3c19056/json HTTP/1.1[\r][\n]"
2024-07-24 14:30:38.207 [Test worker] DEBUG c.g.d.z.s.o.a.hc.client5.http.wire - http-outgoing-17 >> "accept: application/json[\r][\n]"
2024-07-24 14:30:38.207 [Test worker] DEBUG c.g.d.z.s.o.a.hc.client5.http.wire - http-outgoing-17 >> "x-tc-sid: 280e6229-7396-4d60-b1e3-a5de48b5d49b[\r][\n]"
2024-07-24 14:30:38.207 [Test worker] DEBUG c.g.d.z.s.o.a.hc.client5.http.wire - http-outgoing-17 >> "User-Agent: tc-java/1.19.8[\r][\n]"
2024-07-24 14:30:38.207 [Test worker] DEBUG c.g.d.z.s.o.a.hc.client5.http.wire - http-outgoing-17 >> "Accept-Encoding: gzip, x-gzip, deflate[\r][\n]"
2024-07-24 14:30:38.207 [Test worker] DEBUG c.g.d.z.s.o.a.hc.client5.http.wire - http-outgoing-17 >> "Host: localhost:2375[\r][\n]"
2024-07-24 14:30:38.207 [Test worker] DEBUG c.g.d.z.s.o.a.hc.client5.http.wire - http-outgoing-17 >> "Connection: keep-alive[\r][\n]"
2024-07-24 14:30:38.207 [Test worker] DEBUG c.g.d.z.s.o.a.hc.client5.http.wire - http-outgoing-17 >> "[\r][\n]"
2024-07-24 14:30:38.211 [Test worker] DEBUG c.g.d.z.s.o.a.hc.client5.http.wire - http-outgoing-17 << "HTTP/1.1 200 OK[\r][\n]"
2024-07-24 14:30:38.211 [Test worker] DEBUG c.g.d.z.s.o.a.hc.client5.http.wire - http-outgoing-17 << "Api-Version: 1.45[\r][\n]"
2024-07-24 14:30:38.211 [Test worker] DEBUG c.g.d.z.s.o.a.hc.client5.http.wire - http-outgoing-17 << "Content-Type: application/json[\r][\n]"
2024-07-24 14:30:38.211 [Test worker] DEBUG c.g.d.z.s.o.a.hc.client5.http.wire - http-outgoing-17 << "Date: Wed, 24 Jul 2024 02:30:38 GMT[\r][\n]"
2024-07-24 14:30:38.211 [Test worker] DEBUG c.g.d.z.s.o.a.hc.client5.http.wire - http-outgoing-17 << "Docker-Experimental: false[\r][\n]"
2024-07-24 14:30:38.211 [Test worker] DEBUG c.g.d.z.s.o.a.hc.client5.http.wire - http-outgoing-17 << "Ostype: linux[\r][\n]"
2024-07-24 14:30:38.211 [Test worker] DEBUG c.g.d.z.s.o.a.hc.client5.http.wire - http-outgoing-17 << "Server: Docker/26.0.0 (linux)[\r][\n]"
2024-07-24 14:30:38.211 [Test worker] DEBUG c.g.d.z.s.o.a.hc.client5.http.wire - http-outgoing-17 << "Transfer-Encoding: chunked[\r][\n]"
2024-07-24 14:30:38.211 [Test worker] DEBUG c.g.d.z.s.o.a.hc.client5.http.wire - http-outgoing-17 << "[\r][\n]"
2024-07-24 14:30:38.211 [Test worker] DEBUG c.g.d.z.s.o.a.h.client5.http.headers - http-outgoing-17 << HTTP/1.1 200 OK
2024-07-24 14:30:38.211 [Test worker] DEBUG c.g.d.z.s.o.a.h.client5.http.headers - http-outgoing-17 << Api-Version: 1.45
2024-07-24 14:30:38.211 [Test worker] DEBUG c.g.d.z.s.o.a.h.client5.http.headers - http-outgoing-17 << Content-Type: application/json
2024-07-24 14:30:38.211 [Test worker] DEBUG c.g.d.z.s.o.a.h.client5.http.headers - http-outgoing-17 << Date: Wed, 24 Jul 2024 02:30:38 GMT
2024-07-24 14:30:38.211 [Test worker] DEBUG c.g.d.z.s.o.a.h.client5.http.headers - http-outgoing-17 << Docker-Experimental: false
2024-07-24 14:30:38.211 [Test worker] DEBUG c.g.d.z.s.o.a.h.client5.http.headers - http-outgoing-17 << Ostype: linux
2024-07-24 14:30:38.211 [Test worker] DEBUG c.g.d.z.s.o.a.h.client5.http.headers - http-outgoing-17 << Server: Docker/26.0.0 (linux)
2024-07-24 14:30:38.211 [Test worker] DEBUG c.g.d.z.s.o.a.h.client5.http.headers - http-outgoing-17 << Transfer-Encoding: chunked
2024-07-24 14:30:38.211 [Test worker] DEBUG c.g.d.z.s.o.a.h.c.h.i.c.MainClientExec - ex-000000B6: connection can be kept alive for 3 MINUTES
2024-07-24 14:30:38.212 [Test worker] DEBUG c.g.d.z.s.o.a.hc.client5.http.wire - http-outgoing-17 << "1a37[\r][\n]"
2024-07-24 14:30:38.212 [Test worker] DEBUG c.g.d.z.s.o.a.hc.client5.http.wire - http-outgoing-17 << "{"Id":"a0f1d774ddc75c129976ddcb1e2ee8674b198363eecdbfd7ed670346c3c19056","Created":"2024-07-24T02:30:36.259218731Z","Path":"docker-entrypoint.sh","Args":["postgres","-c","fsync=off"],"State":{"Status":"running","Running":true,"Paused":false,"Restarting":false,"OOMKilled":false,"Dead":false,"Pid":30022,"ExitCode":0,"Error":"","StartedAt":"2024-07-24T02:30:36.752861949Z","FinishedAt":"0001-01-01T00:00:00Z"},"Image":"sha256:8e4fc9e184899a58735e7ee333f5e272d7d2298cf59302006b71f33e217be130","ResolvConfPath":"/var/lib/docker/containers/a0f1d774ddc75c129976ddcb1e2ee8674b198363eecdbfd7ed670346c3c19056/resolv.conf","HostnamePath":"/var/lib/docker/containers/a0f1d774ddc75c129976ddcb1e2ee8674b198363eecdbfd7ed670346c3c19056/hostname","HostsPath":"/var/lib/docker/containers/a0f1d774ddc75c129976ddcb1e2ee8674b198363eecdbfd7ed670346c3c19056/hosts","LogPath":"/var/lib/docker/containers/a0f1d774ddc75c129976ddcb1e2ee8674b198363eecdbfd7ed670346c3c19056/a0f1d774ddc75c129976ddcb1e2ee8674b198363eecdbfd7ed670346c3c19056-json.log","Name":"/quirky_almeida","RestartCount":0,"Driver":"overlay2","Platform":"linux","MountLabel":"","ProcessLabel":"","AppArmorProfile":"","ExecIDs":null,"HostConfig":{"Binds":[],"ContainerIDFile":"","LogConfig":{"Type":"json-file","Config":{}},"NetworkMode":"default","PortBindings":{"5432/tcp":[{"HostIp":"0.0.0.0","HostPort":"0"}]},"RestartPolicy":{"Name":"no","MaximumRetryCount":0},"AutoRemove":false,"VolumeDriver":"","VolumesFrom":[],"ConsoleSize":[0,0],"CapAdd":null,"CapDrop":null,"CgroupnsMode":"host","Dns":null,"DnsOptions":null,"DnsSearch":null,"ExtraHosts":[],"GroupAdd":null,"IpcMode":"shareable","Cgroup":"","Links":null,"OomScoreAdj":0,"PidMode":"","Privileged":false,"PublishAllPorts":false,"ReadonlyRootfs":false,"SecurityOpt":null,"UTSMode":"","UsernsMode":"","ShmSize":67108864,"Runtime":"runc","Isolation":"","CpuShares":0,"Memory":0,"NanoCpus":0,"CgroupParent":"","BlkioWeight":0,"BlkioWeightDevice":null,"BlkioDeviceReadBps":null,"BlkioDeviceWriteBps":null,"BlkioDeviceReadIOps":null,"BlkioDeviceWriteIOps":null,"CpuPeriod":0,"CpuQuota":0,"CpuRealtimePeriod":0,"CpuRealtimeRuntime":0,"CpusetCpus":"","CpusetMems":"","Devices":null,"DeviceCgroupRules":null,"DeviceRequests":null,"MemoryReservation":0,"MemorySwap":0,"MemorySwappiness":null,"OomKillDisable":false,"PidsLimit":null,"Ulimits":null,"CpuCount":0,"CpuPercent":0,"IOMaximumIOps":0,"IOMaximumBandwidth":0,"MaskedPaths":["/proc/asound","/proc/acpi","/proc/kcore","/proc/keys","/proc/latency_stats","/proc/timer_list","/proc/timer_stats","/proc/sched_debug","/proc/scsi","/sys/firmware","/sys/devices/virtual/powercap"],"ReadonlyPaths":["/proc/bus","/proc/fs","/proc/irq","/proc/sys","/proc/sysrq-trigger"]},"GraphDriver":{"Data":{"LowerDir":"/var/lib/docker/overlay2/882694b5daa48f47878bf18a870dba3d3f8e8092a48569de724b503e0cf658ea-init/diff:/var/lib/docker/overlay2/8f0ddbd386af0785c2e348570516955816ab350305d698d363962d488eeb15ec/diff:/var/lib/docker/overlay2/0eb0ca73e9b0be7c3d7fa8762ef4778a68f38391bc84c037c2e90b88e781b475/diff:/var/lib/docker/overlay2/74e634bddc785c5d436b10a5158cd82e21dc2065fd1cf8ff9c1c12e01575a2d8/diff:/var/lib/docker/overlay2/bb918b2851cd2f508f1e3fdbfff8b7f8b041d61e65fe8c368288bf399e80b818/diff:/var/lib/docker/overlay2/2abab2946cbdc2941ee8ec4024c51dac7313dee9de5fbedd1ca33388c59eb3c8/diff:/var/lib/docker/overlay2/e12f6083ee669bd92743ceb339a896bb25dbe461b718705bb39eb410b80c0ecd/diff:/var/lib/docker/overlay2/ced1e86d670d097da5ed4da7288c22507735918959161c2cd8bf083fb30d169a/diff:/var/lib/docker/overlay2/94e9ac7b74923285ae73af20aeccb964ca9079e2305db367cb85d1603560472d/diff:/var/lib/docker/overlay2/a396b6dfd63f0c228c519871183c614cccf4d366a43460f27ecf97113c3c4be8/diff:/var/lib/docker/overlay2/f58ada5d5080c2bac553c734f81127660a90581a35ed2a92cebe3c59e340875b/diff:/var/lib/docker/overlay2/84f85636f37bf55d945e217b4f87a856eba7932284beaf042561007b66f48977/diff:/var/lib/docker/overlay2/1e6e519613884e91a2b74a588ba35dc8a2f789371ab798ef6e7d9836d756042f/diff:/var/lib/docker/overlay2/14a3151cc8b4f9d27d2e64f1a8abc0c7809309580f2d7e8dc8545055c1d56194/diff:/var/lib/dock"
2024-07-24 14:30:38.212 [Test worker] DEBUG c.g.d.z.s.o.a.hc.client5.http.wire - http-outgoing-17 << "er/overlay2/5b354b9e793401517fe2f1da697653fdaadffc54888eaf76d67e0600b8c68bdc/diff","MergedDir":"/var/lib/docker/overlay2/882694b5daa48f47878bf18a870dba3d3f8e8092a48569de724b503e0cf658ea/merged","UpperDir":"/var/lib/docker/overlay2/882694b5daa48f47878bf18a870dba3d3f8e8092a48569de724b503e0cf658ea/diff","WorkDir":"/var/lib/docker/overlay2/882694b5daa48f47878bf18a870dba3d3f8e8092a48569de724b503e0cf658ea/work"},"Name":"overlay2"},"Mounts":[{"Type":"volume","Name":"f4430afc930f6ce96386a25ef818c1a8ea7a1422ad8055fb1379ed0302ee24a7","Source":"/var/lib/docker/volumes/f4430afc930f6ce96386a25ef818c1a8ea7a1422ad8055fb1379ed0302ee24a7/_data","Destination":"/var/lib/postgresql/data","Driver":"local","Mode":"","RW":true,"Propagation":""}],"Config":{"Hostname":"a0f1d774ddc7","Domainname":"","User":"","AttachStdin":false,"AttachStdout":false,"AttachStderr":false,"ExposedPorts":{"5432/tcp":{}},"Tty":false,"OpenStdin":false,"StdinOnce":false,"Env":["POSTGRES_USER=user","POSTGRES_PASSWORD=password","POSTGRES_DB=db","PATH=/usr/local/sbin:/usr/local/bin:/usr/sbin:/usr/bin:/sbin:/bin:/usr/lib/postgresql/16/bin","GOSU_VERSION=1.17","LANG=en_US.utf8","PG_MAJOR=16","PG_VERSION=16.2-1.pgdg120+2","PGDATA=/var/lib/postgresql/data"],"Cmd":["postgres","-c","fsync=off"],"Image":"postgres:latest","Volumes":{"/var/lib/postgresql/data":{}},"WorkingDir":"","Entrypoint":["docker-entrypoint.sh"],"OnBuild":null,"Labels":{"org.testcontainers":"true","org.testcontainers.lang":"java","org.testcontainers.sessionId":"280e6229-7396-4d60-b1e3-a5de48b5d49b","org.testcontainers.version":"1.19.8"},"StopSignal":"SIGINT"},"NetworkSettings":{"Bridge":"","SandboxID":"2c2434f24b79fabe919020de3a72a40119cd26c884c12124e761b3d5ba241960","SandboxKey":"/var/run/docker/netns/2c2434f24b79","Ports":{"5432/tcp":[{"HostIp":"0.0.0.0","HostPort":"51561"}]},"HairpinMode":false,"LinkLocalIPv6Address":"","LinkLocalIPv6PrefixLen":0,"SecondaryIPAddresses":null,"SecondaryIPv6Addresses":null,"EndpointID":"e869291b29a133689c81bd3f0537e2f1ed91a99621eb4fc1426ca2a76e6b7cf1","Gateway":"172.17.0.1","GlobalIPv6Address":"","GlobalIPv6PrefixLen":0,"IPAddress":"172.17.0.3","IPPrefixLen":16,"IPv6Gateway":"","MacAddress":"02:42:ac:11:00:03","Networks":{"bridge":{"IPAMConfig":null,"Links":null,"Aliases":null,"MacAddress":"02:42:ac:11:00:03","NetworkID":"3c842496be344cbdae878c1dee0957e7bc7c0a2236009c92752030f2b053e72f","EndpointID":"e869291b29a133689c81bd3f0537e2f1ed91a99621eb4fc1426ca2a76e6b7cf1","Gateway":"172.17.0.1","IPAddress":"172.17.0.3","IPPrefixLen":16,"IPv6Gateway":"","GlobalIPv6Address":"","GlobalIPv6PrefixLen":0,"DriverOpts":null,"DNSNames":null}}}}[\n]"
2024-07-24 14:30:38.213 [Test worker] DEBUG c.g.d.z.s.o.a.hc.client5.http.wire - http-outgoing-17 << "[\r][\n]"
2024-07-24 14:30:38.213 [Test worker] DEBUG c.g.d.z.s.o.a.hc.client5.http.wire - http-outgoing-17 << "0[\r][\n]"
2024-07-24 14:30:38.213 [Test worker] DEBUG c.g.d.z.s.o.a.hc.client5.http.wire - http-outgoing-17 << "[\r][\n]"
2024-07-24 14:30:38.213 [Test worker] DEBUG c.g.d.z.s.o.a.h.c.h.i.c.InternalHttpClient - ep-000000B5: releasing valid endpoint
2024-07-24 14:30:38.213 [Test worker] DEBUG c.g.d.z.s.o.a.h.c.h.i.i.PoolingHttpClientConnectionManager - ep-000000B5: releasing endpoint
2024-07-24 14:30:38.213 [Test worker] DEBUG c.g.d.z.s.o.a.h.c.h.i.i.PoolingHttpClientConnectionManager - ep-000000B5: connection http-outgoing-17 can be kept alive for 3 MINUTES
2024-07-24 14:30:38.213 [Test worker] DEBUG c.g.d.z.s.o.a.h.c.h.i.i.PoolingHttpClientConnectionManager - ep-000000B5: connection released [route: {}->npipe://localhost:2375][total available: 1; route allocated: 1 of 2147483647; total allocated: 1 of 2147483647]
2024-07-24 14:30:38.213 [Test worker] TRACE o.t.utility.ResourceReaper - Stopping container: a0f1d774ddc75c129976ddcb1e2ee8674b198363eecdbfd7ed670346c3c19056
2024-07-24 14:30:38.213 [Test worker] DEBUG o.t.s.c.g.d.c.command.AbstrDockerCmd - Cmd: a0f1d774ddc75c129976ddcb1e2ee8674b198363eecdbfd7ed670346c3c19056,<null>
2024-07-24 14:30:38.213 [Test worker] TRACE o.t.s.c.g.d.c.e.KillContainerCmdExec - POST: DefaultWebTarget{path=[/containers/a0f1d774ddc75c129976ddcb1e2ee8674b198363eecdbfd7ed670346c3c19056/kill], queryParams={}}
2024-07-24 14:30:38.213 [Test worker] DEBUG c.g.d.z.s.o.a.h.c.h.i.c.InternalHttpClient - ex-000000B7: preparing request execution
2024-07-24 14:30:38.213 [Test worker] DEBUG c.g.d.z.s.o.a.h.c.h.p.RequestAddCookies - Cookie spec selected: strict
2024-07-24 14:30:38.213 [Test worker] DEBUG c.g.d.z.s.o.a.h.c.h.p.RequestAuthCache - Auth cache not set in the context
2024-07-24 14:30:38.213 [Test worker] DEBUG c.g.d.z.s.o.a.h.c.h.i.c.ProtocolExec - ex-000000B7: target auth state: UNCHALLENGED
2024-07-24 14:30:38.213 [Test worker] DEBUG c.g.d.z.s.o.a.h.c.h.i.c.ProtocolExec - ex-000000B7: proxy auth state: UNCHALLENGED
2024-07-24 14:30:38.213 [Test worker] DEBUG c.g.d.z.s.o.a.h.c.h.i.c.ConnectExec - ex-000000B7: acquiring connection with route {}->npipe://localhost:2375
2024-07-24 14:30:38.213 [Test worker] DEBUG c.g.d.z.s.o.a.h.c.h.i.c.InternalHttpClient - ex-000000B7: acquiring endpoint (3 MINUTES)
2024-07-24 14:30:38.213 [Test worker] DEBUG c.g.d.z.s.o.a.h.c.h.i.i.PoolingHttpClientConnectionManager - ex-000000B7: endpoint lease request (3 MINUTES) [route: {}->npipe://localhost:2375][total available: 1; route allocated: 1 of 2147483647; total allocated: 1 of 2147483647]
2024-07-24 14:30:38.213 [Test worker] DEBUG c.g.d.z.s.o.a.h.c.h.i.i.PoolingHttpClientConnectionManager - ex-000000B7: endpoint leased [route: {}->npipe://localhost:2375][total available: 0; route allocated: 1 of 2147483647; total allocated: 1 of 2147483647]
2024-07-24 14:30:38.213 [Test worker] DEBUG c.g.d.z.s.o.a.h.c.h.i.i.PoolingHttpClientConnectionManager - ex-000000B7: acquired ep-000000B6
2024-07-24 14:30:38.213 [Test worker] DEBUG c.g.d.z.s.o.a.h.c.h.i.c.InternalHttpClient - ex-000000B7: acquired endpoint ep-000000B6
2024-07-24 14:30:38.213 [Test worker] DEBUG c.g.d.z.s.o.a.h.c.h.i.c.MainClientExec - ex-000000B7: executing POST /v1.32/containers/a0f1d774ddc75c129976ddcb1e2ee8674b198363eecdbfd7ed670346c3c19056/kill HTTP/1.1
2024-07-24 14:30:38.213 [Test worker] DEBUG c.g.d.z.s.o.a.h.c.h.i.c.InternalHttpClient - ep-000000B6: start execution ex-000000B7
2024-07-24 14:30:38.213 [Test worker] DEBUG c.g.d.z.s.o.a.h.c.h.i.i.PoolingHttpClientConnectionManager - ep-000000B6: executing exchange ex-000000B7 over http-outgoing-17
2024-07-24 14:30:38.213 [Test worker] DEBUG c.g.d.z.s.o.a.h.client5.http.headers - http-outgoing-17 >> POST /v1.32/containers/a0f1d774ddc75c129976ddcb1e2ee8674b198363eecdbfd7ed670346c3c19056/kill HTTP/1.1
2024-07-24 14:30:38.213 [Test worker] DEBUG c.g.d.z.s.o.a.h.client5.http.headers - http-outgoing-17 >> accept: application/json
2024-07-24 14:30:38.214 [Test worker] DEBUG c.g.d.z.s.o.a.h.client5.http.headers - http-outgoing-17 >> content-type: application/json
2024-07-24 14:30:38.214 [Test worker] DEBUG c.g.d.z.s.o.a.h.client5.http.headers - http-outgoing-17 >> x-tc-sid: 280e6229-7396-4d60-b1e3-a5de48b5d49b
2024-07-24 14:30:38.214 [Test worker] DEBUG c.g.d.z.s.o.a.h.client5.http.headers - http-outgoing-17 >> User-Agent: tc-java/1.19.8
2024-07-24 14:30:38.214 [Test worker] DEBUG c.g.d.z.s.o.a.h.client5.http.headers - http-outgoing-17 >> Accept-Encoding: gzip, x-gzip, deflate
2024-07-24 14:30:38.214 [Test worker] DEBUG c.g.d.z.s.o.a.h.client5.http.headers - http-outgoing-17 >> Host: localhost:2375
2024-07-24 14:30:38.214 [Test worker] DEBUG c.g.d.z.s.o.a.h.client5.http.headers - http-outgoing-17 >> Connection: keep-alive
2024-07-24 14:30:38.214 [Test worker] DEBUG c.g.d.z.s.o.a.hc.client5.http.wire - http-outgoing-17 >> "POST /v1.32/containers/a0f1d774ddc75c129976ddcb1e2ee8674b198363eecdbfd7ed670346c3c19056/kill HTTP/1.1[\r][\n]"
2024-07-24 14:30:38.214 [Test worker] DEBUG c.g.d.z.s.o.a.hc.client5.http.wire - http-outgoing-17 >> "accept: application/json[\r][\n]"
2024-07-24 14:30:38.214 [Test worker] DEBUG c.g.d.z.s.o.a.hc.client5.http.wire - http-outgoing-17 >> "content-type: application/json[\r][\n]"
2024-07-24 14:30:38.214 [Test worker] DEBUG c.g.d.z.s.o.a.hc.client5.http.wire - http-outgoing-17 >> "x-tc-sid: 280e6229-7396-4d60-b1e3-a5de48b5d49b[\r][\n]"
2024-07-24 14:30:38.214 [Test worker] DEBUG c.g.d.z.s.o.a.hc.client5.http.wire - http-outgoing-17 >> "User-Agent: tc-java/1.19.8[\r][\n]"
2024-07-24 14:30:38.214 [Test worker] DEBUG c.g.d.z.s.o.a.hc.client5.http.wire - http-outgoing-17 >> "Accept-Encoding: gzip, x-gzip, deflate[\r][\n]"
2024-07-24 14:30:38.214 [Test worker] DEBUG c.g.d.z.s.o.a.hc.client5.http.wire - http-outgoing-17 >> "Host: localhost:2375[\r][\n]"
2024-07-24 14:30:38.214 [Test worker] DEBUG c.g.d.z.s.o.a.hc.client5.http.wire - http-outgoing-17 >> "Connection: keep-alive[\r][\n]"
2024-07-24 14:30:38.214 [Test worker] DEBUG c.g.d.z.s.o.a.hc.client5.http.wire - http-outgoing-17 >> "[\r][\n]"
2024-07-24 14:30:38.667 [Test worker] DEBUG c.g.d.z.s.o.a.hc.client5.http.wire - http-outgoing-17 << "HTTP/1.1 204 No Content[\r][\n]"
2024-07-24 14:30:38.667 [Test worker] DEBUG c.g.d.z.s.o.a.hc.client5.http.wire - http-outgoing-17 << "Api-Version: 1.45[\r][\n]"
2024-07-24 14:30:38.667 [Test worker] DEBUG c.g.d.z.s.o.a.hc.client5.http.wire - http-outgoing-17 << "Date: Wed, 24 Jul 2024 02:30:38 GMT[\r][\n]"
2024-07-24 14:30:38.667 [Test worker] DEBUG c.g.d.z.s.o.a.hc.client5.http.wire - http-outgoing-17 << "Docker-Experimental: false[\r][\n]"
2024-07-24 14:30:38.667 [Test worker] DEBUG c.g.d.z.s.o.a.hc.client5.http.wire - http-outgoing-17 << "Ostype: linux[\r][\n]"
2024-07-24 14:30:38.667 [Test worker] DEBUG c.g.d.z.s.o.a.hc.client5.http.wire - http-outgoing-17 << "Server: Docker/26.0.0 (linux)[\r][\n]"
2024-07-24 14:30:38.667 [Test worker] DEBUG c.g.d.z.s.o.a.hc.client5.http.wire - http-outgoing-17 << "[\r][\n]"
2024-07-24 14:30:38.667 [Test worker] DEBUG c.g.d.z.s.o.a.h.client5.http.headers - http-outgoing-17 << HTTP/1.1 204 No Content
2024-07-24 14:30:38.667 [Test worker] DEBUG c.g.d.z.s.o.a.h.client5.http.headers - http-outgoing-17 << Api-Version: 1.45
2024-07-24 14:30:38.667 [Test worker] DEBUG c.g.d.z.s.o.a.h.client5.http.headers - http-outgoing-17 << Date: Wed, 24 Jul 2024 02:30:38 GMT
2024-07-24 14:30:38.667 [Test worker] DEBUG c.g.d.z.s.o.a.h.client5.http.headers - http-outgoing-17 << Docker-Experimental: false
2024-07-24 14:30:38.667 [Test worker] DEBUG c.g.d.z.s.o.a.h.client5.http.headers - http-outgoing-17 << Ostype: linux
2024-07-24 14:30:38.667 [Test worker] DEBUG c.g.d.z.s.o.a.h.client5.http.headers - http-outgoing-17 << Server: Docker/26.0.0 (linux)
2024-07-24 14:30:38.667 [Test worker] DEBUG c.g.d.z.s.o.a.h.c.h.i.c.MainClientExec - ex-000000B7: connection can be kept alive for 3 MINUTES
2024-07-24 14:30:38.667 [Test worker] DEBUG c.g.d.z.s.o.a.h.c.h.i.c.InternalHttpClient - ep-000000B6: releasing valid endpoint
2024-07-24 14:30:38.667 [Test worker] DEBUG c.g.d.z.s.o.a.h.c.h.i.i.PoolingHttpClientConnectionManager - ep-000000B6: releasing endpoint
2024-07-24 14:30:38.667 [Test worker] DEBUG c.g.d.z.s.o.a.h.c.h.i.i.PoolingHttpClientConnectionManager - ep-000000B6: connection http-outgoing-17 can be kept alive for 3 MINUTES
2024-07-24 14:30:38.667 [Test worker] DEBUG c.g.d.z.s.o.a.h.c.h.i.i.PoolingHttpClientConnectionManager - ep-000000B6: connection released [route: {}->npipe://localhost:2375][total available: 1; route allocated: 1 of 2147483647; total allocated: 1 of 2147483647]
2024-07-24 14:30:38.667 [Test worker] TRACE o.t.utility.ResourceReaper - Stopped container: postgres:latest
2024-07-24 14:30:38.667 [Test worker] DEBUG o.t.s.c.g.d.c.command.AbstrDockerCmd - Cmd: a0f1d774ddc75c129976ddcb1e2ee8674b198363eecdbfd7ed670346c3c19056,false
2024-07-24 14:30:38.667 [Test worker] DEBUG o.t.s.c.g.d.c.e.InspectContainerCmdExec - GET: DefaultWebTarget{path=[/containers/a0f1d774ddc75c129976ddcb1e2ee8674b198363eecdbfd7ed670346c3c19056/json], queryParams={}}
2024-07-24 14:30:38.668 [Test worker] DEBUG c.g.d.z.s.o.a.h.c.h.i.c.InternalHttpClient - ex-000000B8: preparing request execution
2024-07-24 14:30:38.668 [Test worker] DEBUG c.g.d.z.s.o.a.h.c.h.p.RequestAddCookies - Cookie spec selected: strict
2024-07-24 14:30:38.668 [Test worker] DEBUG c.g.d.z.s.o.a.h.c.h.p.RequestAuthCache - Auth cache not set in the context
2024-07-24 14:30:38.668 [Test worker] DEBUG c.g.d.z.s.o.a.h.c.h.i.c.ProtocolExec - ex-000000B8: target auth state: UNCHALLENGED
2024-07-24 14:30:38.668 [Test worker] DEBUG c.g.d.z.s.o.a.h.c.h.i.c.ProtocolExec - ex-000000B8: proxy auth state: UNCHALLENGED
2024-07-24 14:30:38.668 [Test worker] DEBUG c.g.d.z.s.o.a.h.c.h.i.c.ConnectExec - ex-000000B8: acquiring connection with route {}->npipe://localhost:2375
2024-07-24 14:30:38.668 [Test worker] DEBUG c.g.d.z.s.o.a.h.c.h.i.c.InternalHttpClient - ex-000000B8: acquiring endpoint (3 MINUTES)
2024-07-24 14:30:38.668 [Test worker] DEBUG c.g.d.z.s.o.a.h.c.h.i.i.PoolingHttpClientConnectionManager - ex-000000B8: endpoint lease request (3 MINUTES) [route: {}->npipe://localhost:2375][total available: 1; route allocated: 1 of 2147483647; total allocated: 1 of 2147483647]
2024-07-24 14:30:38.668 [Test worker] DEBUG c.g.d.z.s.o.a.h.c.h.i.i.PoolingHttpClientConnectionManager - ex-000000B8: endpoint leased [route: {}->npipe://localhost:2375][total available: 0; route allocated: 1 of 2147483647; total allocated: 1 of 2147483647]
2024-07-24 14:30:38.668 [Test worker] DEBUG c.g.d.z.s.o.a.h.c.h.i.i.PoolingHttpClientConnectionManager - ex-000000B8: acquired ep-000000B7
2024-07-24 14:30:38.668 [Test worker] DEBUG c.g.d.z.s.o.a.h.c.h.i.c.InternalHttpClient - ex-000000B8: acquired endpoint ep-000000B7
2024-07-24 14:30:38.668 [Test worker] DEBUG c.g.d.z.s.o.a.h.c.h.i.c.MainClientExec - ex-000000B8: executing GET /v1.32/containers/a0f1d774ddc75c129976ddcb1e2ee8674b198363eecdbfd7ed670346c3c19056/json HTTP/1.1
2024-07-24 14:30:38.668 [Test worker] DEBUG c.g.d.z.s.o.a.h.c.h.i.c.InternalHttpClient - ep-000000B7: start execution ex-000000B8
2024-07-24 14:30:38.668 [Test worker] DEBUG c.g.d.z.s.o.a.h.c.h.i.i.PoolingHttpClientConnectionManager - ep-000000B7: executing exchange ex-000000B8 over http-outgoing-17
2024-07-24 14:30:38.668 [Test worker] DEBUG c.g.d.z.s.o.a.h.client5.http.headers - http-outgoing-17 >> GET /v1.32/containers/a0f1d774ddc75c129976ddcb1e2ee8674b198363eecdbfd7ed670346c3c19056/json HTTP/1.1
2024-07-24 14:30:38.668 [Test worker] DEBUG c.g.d.z.s.o.a.h.client5.http.headers - http-outgoing-17 >> accept: application/json
2024-07-24 14:30:38.668 [Test worker] DEBUG c.g.d.z.s.o.a.h.client5.http.headers - http-outgoing-17 >> x-tc-sid: 280e6229-7396-4d60-b1e3-a5de48b5d49b
2024-07-24 14:30:38.668 [Test worker] DEBUG c.g.d.z.s.o.a.h.client5.http.headers - http-outgoing-17 >> User-Agent: tc-java/1.19.8
2024-07-24 14:30:38.668 [Test worker] DEBUG c.g.d.z.s.o.a.h.client5.http.headers - http-outgoing-17 >> Accept-Encoding: gzip, x-gzip, deflate
2024-07-24 14:30:38.668 [Test worker] DEBUG c.g.d.z.s.o.a.h.client5.http.headers - http-outgoing-17 >> Host: localhost:2375
2024-07-24 14:30:38.668 [Test worker] DEBUG c.g.d.z.s.o.a.h.client5.http.headers - http-outgoing-17 >> Connection: keep-alive
2024-07-24 14:30:38.668 [Test worker] DEBUG c.g.d.z.s.o.a.hc.client5.http.wire - http-outgoing-17 >> "GET /v1.32/containers/a0f1d774ddc75c129976ddcb1e2ee8674b198363eecdbfd7ed670346c3c19056/json HTTP/1.1[\r][\n]"
2024-07-24 14:30:38.668 [Test worker] DEBUG c.g.d.z.s.o.a.hc.client5.http.wire - http-outgoing-17 >> "accept: application/json[\r][\n]"
2024-07-24 14:30:38.668 [Test worker] DEBUG c.g.d.z.s.o.a.hc.client5.http.wire - http-outgoing-17 >> "x-tc-sid: 280e6229-7396-4d60-b1e3-a5de48b5d49b[\r][\n]"
2024-07-24 14:30:38.668 [Test worker] DEBUG c.g.d.z.s.o.a.hc.client5.http.wire - http-outgoing-17 >> "User-Agent: tc-java/1.19.8[\r][\n]"
2024-07-24 14:30:38.668 [Test worker] DEBUG c.g.d.z.s.o.a.hc.client5.http.wire - http-outgoing-17 >> "Accept-Encoding: gzip, x-gzip, deflate[\r][\n]"
2024-07-24 14:30:38.668 [Test worker] DEBUG c.g.d.z.s.o.a.hc.client5.http.wire - http-outgoing-17 >> "Host: localhost:2375[\r][\n]"
2024-07-24 14:30:38.668 [Test worker] DEBUG c.g.d.z.s.o.a.hc.client5.http.wire - http-outgoing-17 >> "Connection: keep-alive[\r][\n]"
2024-07-24 14:30:38.668 [Test worker] DEBUG c.g.d.z.s.o.a.hc.client5.http.wire - http-outgoing-17 >> "[\r][\n]"
2024-07-24 14:30:38.674 [Test worker] DEBUG c.g.d.z.s.o.a.hc.client5.http.wire - http-outgoing-17 << "HTTP/1.1 200 OK[\r][\n]"
2024-07-24 14:30:38.674 [Test worker] DEBUG c.g.d.z.s.o.a.hc.client5.http.wire - http-outgoing-17 << "Api-Version: 1.45[\r][\n]"
2024-07-24 14:30:38.674 [Test worker] DEBUG c.g.d.z.s.o.a.hc.client5.http.wire - http-outgoing-17 << "Content-Type: application/json[\r][\n]"
2024-07-24 14:30:38.674 [Test worker] DEBUG c.g.d.z.s.o.a.hc.client5.http.wire - http-outgoing-17 << "Date: Wed, 24 Jul 2024 02:30:38 GMT[\r][\n]"
2024-07-24 14:30:38.674 [Test worker] DEBUG c.g.d.z.s.o.a.hc.client5.http.wire - http-outgoing-17 << "Docker-Experimental: false[\r][\n]"
2024-07-24 14:30:38.674 [Test worker] DEBUG c.g.d.z.s.o.a.hc.client5.http.wire - http-outgoing-17 << "Ostype: linux[\r][\n]"
2024-07-24 14:30:38.674 [Test worker] DEBUG c.g.d.z.s.o.a.hc.client5.http.wire - http-outgoing-17 << "Server: Docker/26.0.0 (linux)[\r][\n]"
2024-07-24 14:30:38.674 [Test worker] DEBUG c.g.d.z.s.o.a.hc.client5.http.wire - http-outgoing-17 << "Transfer-Encoding: chunked[\r][\n]"
2024-07-24 14:30:38.674 [Test worker] DEBUG c.g.d.z.s.o.a.hc.client5.http.wire - http-outgoing-17 << "[\r][\n]"
2024-07-24 14:30:38.674 [Test worker] DEBUG c.g.d.z.s.o.a.h.client5.http.headers - http-outgoing-17 << HTTP/1.1 200 OK
2024-07-24 14:30:38.674 [Test worker] DEBUG c.g.d.z.s.o.a.h.client5.http.headers - http-outgoing-17 << Api-Version: 1.45
2024-07-24 14:30:38.674 [Test worker] DEBUG c.g.d.z.s.o.a.h.client5.http.headers - http-outgoing-17 << Content-Type: application/json
2024-07-24 14:30:38.674 [Test worker] DEBUG c.g.d.z.s.o.a.h.client5.http.headers - http-outgoing-17 << Date: Wed, 24 Jul 2024 02:30:38 GMT
2024-07-24 14:30:38.674 [Test worker] DEBUG c.g.d.z.s.o.a.h.client5.http.headers - http-outgoing-17 << Docker-Experimental: false
2024-07-24 14:30:38.674 [Test worker] DEBUG c.g.d.z.s.o.a.h.client5.http.headers - http-outgoing-17 << Ostype: linux
2024-07-24 14:30:38.675 [Test worker] DEBUG c.g.d.z.s.o.a.h.client5.http.headers - http-outgoing-17 << Server: Docker/26.0.0 (linux)
2024-07-24 14:30:38.675 [Test worker] DEBUG c.g.d.z.s.o.a.h.client5.http.headers - http-outgoing-17 << Transfer-Encoding: chunked
2024-07-24 14:30:38.675 [Test worker] DEBUG c.g.d.z.s.o.a.h.c.h.i.c.MainClientExec - ex-000000B8: connection can be kept alive for 3 MINUTES
2024-07-24 14:30:38.675 [Test worker] DEBUG c.g.d.z.s.o.a.hc.client5.http.wire - http-outgoing-17 << "193f[\r][\n]"
2024-07-24 14:30:38.675 [Test worker] DEBUG c.g.d.z.s.o.a.hc.client5.http.wire - http-outgoing-17 << "{"Id":"a0f1d774ddc75c129976ddcb1e2ee8674b198363eecdbfd7ed670346c3c19056","Created":"2024-07-24T02:30:36.259218731Z","Path":"docker-entrypoint.sh","Args":["postgres","-c","fsync=off"],"State":{"Status":"exited","Running":false,"Paused":false,"Restarting":false,"OOMKilled":false,"Dead":false,"Pid":0,"ExitCode":137,"Error":"","StartedAt":"2024-07-24T02:30:36.752861949Z","FinishedAt":"2024-07-24T02:30:38.245897183Z"},"Image":"sha256:8e4fc9e184899a58735e7ee333f5e272d7d2298cf59302006b71f33e217be130","ResolvConfPath":"/var/lib/docker/containers/a0f1d774ddc75c129976ddcb1e2ee8674b198363eecdbfd7ed670346c3c19056/resolv.conf","HostnamePath":"/var/lib/docker/containers/a0f1d774ddc75c129976ddcb1e2ee8674b198363eecdbfd7ed670346c3c19056/hostname","HostsPath":"/var/lib/docker/containers/a0f1d774ddc75c129976ddcb1e2ee8674b198363eecdbfd7ed670346c3c19056/hosts","LogPath":"/var/lib/docker/containers/a0f1d774ddc75c129976ddcb1e2ee8674b198363eecdbfd7ed670346c3c19056/a0f1d774ddc75c129976ddcb1e2ee8674b198363eecdbfd7ed670346c3c19056-json.log","Name":"/quirky_almeida","RestartCount":0,"Driver":"overlay2","Platform":"linux","MountLabel":"","ProcessLabel":"","AppArmorProfile":"","ExecIDs":null,"HostConfig":{"Binds":[],"ContainerIDFile":"","LogConfig":{"Type":"json-file","Config":{}},"NetworkMode":"default","PortBindings":{"5432/tcp":[{"HostIp":"0.0.0.0","HostPort":"0"}]},"RestartPolicy":{"Name":"no","MaximumRetryCount":0},"AutoRemove":false,"VolumeDriver":"","VolumesFrom":[],"ConsoleSize":[0,0],"CapAdd":null,"CapDrop":null,"CgroupnsMode":"host","Dns":null,"DnsOptions":null,"DnsSearch":null,"ExtraHosts":[],"GroupAdd":null,"IpcMode":"shareable","Cgroup":"","Links":null,"OomScoreAdj":0,"PidMode":"","Privileged":false,"PublishAllPorts":false,"ReadonlyRootfs":false,"SecurityOpt":null,"UTSMode":"","UsernsMode":"","ShmSize":67108864,"Runtime":"runc","Isolation":"","CpuShares":0,"Memory":0,"NanoCpus":0,"CgroupParent":"","BlkioWeight":0,"BlkioWeightDevice":null,"BlkioDeviceReadBps":null,"BlkioDeviceWriteBps":null,"BlkioDeviceReadIOps":null,"BlkioDeviceWriteIOps":null,"CpuPeriod":0,"CpuQuota":0,"CpuRealtimePeriod":0,"CpuRealtimeRuntime":0,"CpusetCpus":"","CpusetMems":"","Devices":null,"DeviceCgroupRules":null,"DeviceRequests":null,"MemoryReservation":0,"MemorySwap":0,"MemorySwappiness":null,"OomKillDisable":false,"PidsLimit":null,"Ulimits":null,"CpuCount":0,"CpuPercent":0,"IOMaximumIOps":0,"IOMaximumBandwidth":0,"MaskedPaths":["/proc/asound","/proc/acpi","/proc/kcore","/proc/keys","/proc/latency_stats","/proc/timer_list","/proc/timer_stats","/proc/sched_debug","/proc/scsi","/sys/firmware","/sys/devices/virtual/powercap"],"ReadonlyPaths":["/proc/bus","/proc/fs","/proc/irq","/proc/sys","/proc/sysrq-trigger"]},"GraphDriver":{"Data":{"LowerDir":"/var/lib/docker/overlay2/882694b5daa48f47878bf18a870dba3d3f8e8092a48569de724b503e0cf658ea-init/diff:/var/lib/docker/overlay2/8f0ddbd386af0785c2e348570516955816ab350305d698d363962d488eeb15ec/diff:/var/lib/docker/overlay2/0eb0ca73e9b0be7c3d7fa8762ef4778a68f38391bc84c037c2e90b88e781b475/diff:/var/lib/docker/overlay2/74e634bddc785c5d436b10a5158cd82e21dc2065fd1cf8ff9c1c12e01575a2d8/diff:/var/lib/docker/overlay2/bb918b2851cd2f508f1e3fdbfff8b7f8b041d61e65fe8c368288bf399e80b818/diff:/var/lib/docker/overlay2/2abab2946cbdc2941ee8ec4024c51dac7313dee9de5fbedd1ca33388c59eb3c8/diff:/var/lib/docker/overlay2/e12f6083ee669bd92743ceb339a896bb25dbe461b718705bb39eb410b80c0ecd/diff:/var/lib/docker/overlay2/ced1e86d670d097da5ed4da7288c22507735918959161c2cd8bf083fb30d169a/diff:/var/lib/docker/overlay2/94e9ac7b74923285ae73af20aeccb964ca9079e2305db367cb85d1603560472d/diff:/var/lib/docker/overlay2/a396b6dfd63f0c228c519871183c614cccf4d366a43460f27ecf97113c3c4be8/diff:/var/lib/docker/overlay2/f58ada5d5080c2bac553c734f81127660a90581a35ed2a92cebe3c59e340875b/diff:/var/lib/docker/overlay2/84f85636f37bf55d945e217b4f87a856eba7932284beaf042561007b66f48977/diff:/var/lib/docker/overlay2/1e6e519613884e91a2b74a588ba35dc8a2f789371ab798ef6e7d9836d756042f/diff:/var/lib/docker/overlay2/14a3151cc8b4f9d27d2e64f1a8abc0c7809309580f2d7e8dc8545055c1d56194/diff:/var/"
2024-07-24 14:30:38.676 [Test worker] DEBUG c.g.d.z.s.o.a.hc.client5.http.wire - http-outgoing-17 << "lib/docker/overlay2/5b354b9e793401517fe2f1da697653fdaadffc54888eaf76d67e0600b8c68bdc/diff","MergedDir":"/var/lib/docker/overlay2/882694b5daa48f47878bf18a870dba3d3f8e8092a48569de724b503e0cf658ea/merged","UpperDir":"/var/lib/docker/overlay2/882694b5daa48f47878bf18a870dba3d3f8e8092a48569de724b503e0cf658ea/diff","WorkDir":"/var/lib/docker/overlay2/882694b5daa48f47878bf18a870dba3d3f8e8092a48569de724b503e0cf658ea/work"},"Name":"overlay2"},"Mounts":[{"Type":"volume","Name":"f4430afc930f6ce96386a25ef818c1a8ea7a1422ad8055fb1379ed0302ee24a7","Source":"/var/lib/docker/volumes/f4430afc930f6ce96386a25ef818c1a8ea7a1422ad8055fb1379ed0302ee24a7/_data","Destination":"/var/lib/postgresql/data","Driver":"local","Mode":"","RW":true,"Propagation":""}],"Config":{"Hostname":"a0f1d774ddc7","Domainname":"","User":"","AttachStdin":false,"AttachStdout":false,"AttachStderr":false,"ExposedPorts":{"5432/tcp":{}},"Tty":false,"OpenStdin":false,"StdinOnce":false,"Env":["POSTGRES_USER=user","POSTGRES_PASSWORD=password","POSTGRES_DB=db","PATH=/usr/local/sbin:/usr/local/bin:/usr/sbin:/usr/bin:/sbin:/bin:/usr/lib/postgresql/16/bin","GOSU_VERSION=1.17","LANG=en_US.utf8","PG_MAJOR=16","PG_VERSION=16.2-1.pgdg120+2","PGDATA=/var/lib/postgresql/data"],"Cmd":["postgres","-c","fsync=off"],"Image":"postgres:latest","Volumes":{"/var/lib/postgresql/data":{}},"WorkingDir":"","Entrypoint":["docker-entrypoint.sh"],"OnBuild":null,"Labels":{"org.testcontainers":"true","org.testcontainers.lang":"java","org.testcontainers.sessionId":"280e6229-7396-4d60-b1e3-a5de48b5d49b","org.testcontainers.version":"1.19.8"},"StopSignal":"SIGINT"},"NetworkSettings":{"Bridge":"","SandboxID":"2c2434f24b79fabe919020de3a72a40119cd26c884c12124e761b3d5ba241960","SandboxKey":"/var/run/docker/netns/2c2434f24b79","Ports":{},"HairpinMode":false,"LinkLocalIPv6Address":"","LinkLocalIPv6PrefixLen":0,"SecondaryIPAddresses":null,"SecondaryIPv6Addresses":null,"EndpointID":"","Gateway":"","GlobalIPv6Address":"","GlobalIPv6PrefixLen":0,"IPAddress":"","IPPrefixLen":0,"IPv6Gateway":"","MacAddress":"","Networks":{"bridge":{"IPAMConfig":null,"Links":null,"Aliases":null,"MacAddress":"","NetworkID":"3c842496be344cbdae878c1dee0957e7bc7c0a2236009c92752030f2b053e72f","EndpointID":"","Gateway":"","IPAddress":"","IPPrefixLen":0,"IPv6Gateway":"","GlobalIPv6Address":"","GlobalIPv6PrefixLen":0,"DriverOpts":null,"DNSNames":null}}}}[\n]"
2024-07-24 14:30:38.677 [Test worker] DEBUG c.g.d.z.s.o.a.hc.client5.http.wire - http-outgoing-17 << "[\r][\n]"
2024-07-24 14:30:38.677 [Test worker] DEBUG c.g.d.z.s.o.a.hc.client5.http.wire - http-outgoing-17 << "0[\r][\n]"
2024-07-24 14:30:38.677 [Test worker] DEBUG c.g.d.z.s.o.a.hc.client5.http.wire - http-outgoing-17 << "[\r][\n]"
2024-07-24 14:30:38.677 [Test worker] DEBUG c.g.d.z.s.o.a.h.c.h.i.c.InternalHttpClient - ep-000000B7: releasing valid endpoint
2024-07-24 14:30:38.677 [Test worker] DEBUG c.g.d.z.s.o.a.h.c.h.i.i.PoolingHttpClientConnectionManager - ep-000000B7: releasing endpoint
2024-07-24 14:30:38.677 [Test worker] DEBUG c.g.d.z.s.o.a.h.c.h.i.i.PoolingHttpClientConnectionManager - ep-000000B7: connection http-outgoing-17 can be kept alive for 3 MINUTES
2024-07-24 14:30:38.677 [Test worker] DEBUG c.g.d.z.s.o.a.h.c.h.i.i.PoolingHttpClientConnectionManager - ep-000000B7: connection released [route: {}->npipe://localhost:2375][total available: 1; route allocated: 1 of 2147483647; total allocated: 1 of 2147483647]
2024-07-24 14:30:38.677 [Test worker] TRACE o.t.utility.ResourceReaper - Removing container: a0f1d774ddc75c129976ddcb1e2ee8674b198363eecdbfd7ed670346c3c19056
2024-07-24 14:30:38.677 [Test worker] DEBUG o.t.s.c.g.d.c.command.AbstrDockerCmd - Cmd: a0f1d774ddc75c129976ddcb1e2ee8674b198363eecdbfd7ed670346c3c19056,true,true
2024-07-24 14:30:38.677 [Test worker] TRACE o.t.s.c.g.d.c.e.RemoveContainerCmdExec - DELETE: DefaultWebTarget{path=[/containers/a0f1d774ddc75c129976ddcb1e2ee8674b198363eecdbfd7ed670346c3c19056], queryParams={v=[true], force=[true]}}
2024-07-24 14:30:38.678 [Test worker] DEBUG c.g.d.z.s.o.a.h.c.h.i.c.InternalHttpClient - ex-000000B9: preparing request execution
2024-07-24 14:30:38.678 [Test worker] DEBUG c.g.d.z.s.o.a.h.c.h.p.RequestAddCookies - Cookie spec selected: strict
2024-07-24 14:30:38.678 [Test worker] DEBUG c.g.d.z.s.o.a.h.c.h.p.RequestAuthCache - Auth cache not set in the context
2024-07-24 14:30:38.678 [Test worker] DEBUG c.g.d.z.s.o.a.h.c.h.i.c.ProtocolExec - ex-000000B9: target auth state: UNCHALLENGED
2024-07-24 14:30:38.678 [Test worker] DEBUG c.g.d.z.s.o.a.h.c.h.i.c.ProtocolExec - ex-000000B9: proxy auth state: UNCHALLENGED
2024-07-24 14:30:38.678 [Test worker] DEBUG c.g.d.z.s.o.a.h.c.h.i.c.ConnectExec - ex-000000B9: acquiring connection with route {}->npipe://localhost:2375
2024-07-24 14:30:38.678 [Test worker] DEBUG c.g.d.z.s.o.a.h.c.h.i.c.InternalHttpClient - ex-000000B9: acquiring endpoint (3 MINUTES)
2024-07-24 14:30:38.678 [Test worker] DEBUG c.g.d.z.s.o.a.h.c.h.i.i.PoolingHttpClientConnectionManager - ex-000000B9: endpoint lease request (3 MINUTES) [route: {}->npipe://localhost:2375][total available: 1; route allocated: 1 of 2147483647; total allocated: 1 of 2147483647]
2024-07-24 14:30:38.678 [Test worker] DEBUG c.g.d.z.s.o.a.h.c.h.i.i.PoolingHttpClientConnectionManager - ex-000000B9: endpoint leased [route: {}->npipe://localhost:2375][total available: 0; route allocated: 1 of 2147483647; total allocated: 1 of 2147483647]
2024-07-24 14:30:38.678 [Test worker] DEBUG c.g.d.z.s.o.a.h.c.h.i.i.PoolingHttpClientConnectionManager - ex-000000B9: acquired ep-000000B8
2024-07-24 14:30:38.678 [Test worker] DEBUG c.g.d.z.s.o.a.h.c.h.i.c.InternalHttpClient - ex-000000B9: acquired endpoint ep-000000B8
2024-07-24 14:30:38.678 [Test worker] DEBUG c.g.d.z.s.o.a.h.c.h.i.c.MainClientExec - ex-000000B9: executing DELETE /v1.32/containers/a0f1d774ddc75c129976ddcb1e2ee8674b198363eecdbfd7ed670346c3c19056?v=true&force=true HTTP/1.1
2024-07-24 14:30:38.678 [Test worker] DEBUG c.g.d.z.s.o.a.h.c.h.i.c.InternalHttpClient - ep-000000B8: start execution ex-000000B9
2024-07-24 14:30:38.678 [Test worker] DEBUG c.g.d.z.s.o.a.h.c.h.i.i.PoolingHttpClientConnectionManager - ep-000000B8: executing exchange ex-000000B9 over http-outgoing-17
2024-07-24 14:30:38.678 [Test worker] DEBUG c.g.d.z.s.o.a.h.client5.http.headers - http-outgoing-17 >> DELETE /v1.32/containers/a0f1d774ddc75c129976ddcb1e2ee8674b198363eecdbfd7ed670346c3c19056?v=true&force=true HTTP/1.1
2024-07-24 14:30:38.678 [Test worker] DEBUG c.g.d.z.s.o.a.h.client5.http.headers - http-outgoing-17 >> accept: application/json
2024-07-24 14:30:38.678 [Test worker] DEBUG c.g.d.z.s.o.a.h.client5.http.headers - http-outgoing-17 >> x-tc-sid: 280e6229-7396-4d60-b1e3-a5de48b5d49b
2024-07-24 14:30:38.678 [Test worker] DEBUG c.g.d.z.s.o.a.h.client5.http.headers - http-outgoing-17 >> User-Agent: tc-java/1.19.8
2024-07-24 14:30:38.678 [Test worker] DEBUG c.g.d.z.s.o.a.h.client5.http.headers - http-outgoing-17 >> Accept-Encoding: gzip, x-gzip, deflate
2024-07-24 14:30:38.678 [Test worker] DEBUG c.g.d.z.s.o.a.h.client5.http.headers - http-outgoing-17 >> Host: localhost:2375
2024-07-24 14:30:38.678 [Test worker] DEBUG c.g.d.z.s.o.a.h.client5.http.headers - http-outgoing-17 >> Connection: keep-alive
2024-07-24 14:30:38.678 [Test worker] DEBUG c.g.d.z.s.o.a.hc.client5.http.wire - http-outgoing-17 >> "DELETE /v1.32/containers/a0f1d774ddc75c129976ddcb1e2ee8674b198363eecdbfd7ed670346c3c19056?v=true&force=true HTTP/1.1[\r][\n]"
2024-07-24 14:30:38.678 [Test worker] DEBUG c.g.d.z.s.o.a.hc.client5.http.wire - http-outgoing-17 >> "accept: application/json[\r][\n]"
2024-07-24 14:30:38.678 [Test worker] DEBUG c.g.d.z.s.o.a.hc.client5.http.wire - http-outgoing-17 >> "x-tc-sid: 280e6229-7396-4d60-b1e3-a5de48b5d49b[\r][\n]"
2024-07-24 14:30:38.678 [Test worker] DEBUG c.g.d.z.s.o.a.hc.client5.http.wire - http-outgoing-17 >> "User-Agent: tc-java/1.19.8[\r][\n]"
2024-07-24 14:30:38.678 [Test worker] DEBUG c.g.d.z.s.o.a.hc.client5.http.wire - http-outgoing-17 >> "Accept-Encoding: gzip, x-gzip, deflate[\r][\n]"
2024-07-24 14:30:38.678 [Test worker] DEBUG c.g.d.z.s.o.a.hc.client5.http.wire - http-outgoing-17 >> "Host: localhost:2375[\r][\n]"
2024-07-24 14:30:38.678 [Test worker] DEBUG c.g.d.z.s.o.a.hc.client5.http.wire - http-outgoing-17 >> "Connection: keep-alive[\r][\n]"
2024-07-24 14:30:38.678 [Test worker] DEBUG c.g.d.z.s.o.a.hc.client5.http.wire - http-outgoing-17 >> "[\r][\n]"
2024-07-24 14:30:38.756 [Test worker] DEBUG c.g.d.z.s.o.a.hc.client5.http.wire - http-outgoing-17 << "HTTP/1.1 204 No Content[\r][\n]"
2024-07-24 14:30:38.756 [Test worker] DEBUG c.g.d.z.s.o.a.hc.client5.http.wire - http-outgoing-17 << "Api-Version: 1.45[\r][\n]"
2024-07-24 14:30:38.756 [Test worker] DEBUG c.g.d.z.s.o.a.hc.client5.http.wire - http-outgoing-17 << "Date: Wed, 24 Jul 2024 02:30:38 GMT[\r][\n]"
2024-07-24 14:30:38.756 [Test worker] DEBUG c.g.d.z.s.o.a.hc.client5.http.wire - http-outgoing-17 << "Docker-Experimental: false[\r][\n]"
2024-07-24 14:30:38.756 [Test worker] DEBUG c.g.d.z.s.o.a.hc.client5.http.wire - http-outgoing-17 << "Ostype: linux[\r][\n]"
2024-07-24 14:30:38.756 [Test worker] DEBUG c.g.d.z.s.o.a.hc.client5.http.wire - http-outgoing-17 << "Server: Docker/26.0.0 (linux)[\r][\n]"
2024-07-24 14:30:38.756 [Test worker] DEBUG c.g.d.z.s.o.a.hc.client5.http.wire - http-outgoing-17 << "[\r][\n]"
2024-07-24 14:30:38.756 [Test worker] DEBUG c.g.d.z.s.o.a.h.client5.http.headers - http-outgoing-17 << HTTP/1.1 204 No Content
2024-07-24 14:30:38.756 [Test worker] DEBUG c.g.d.z.s.o.a.h.client5.http.headers - http-outgoing-17 << Api-Version: 1.45
2024-07-24 14:30:38.756 [Test worker] DEBUG c.g.d.z.s.o.a.h.client5.http.headers - http-outgoing-17 << Date: Wed, 24 Jul 2024 02:30:38 GMT
2024-07-24 14:30:38.756 [Test worker] DEBUG c.g.d.z.s.o.a.h.client5.http.headers - http-outgoing-17 << Docker-Experimental: false
2024-07-24 14:30:38.756 [Test worker] DEBUG c.g.d.z.s.o.a.h.client5.http.headers - http-outgoing-17 << Ostype: linux
2024-07-24 14:30:38.756 [Test worker] DEBUG c.g.d.z.s.o.a.h.client5.http.headers - http-outgoing-17 << Server: Docker/26.0.0 (linux)
2024-07-24 14:30:38.756 [Test worker] DEBUG c.g.d.z.s.o.a.h.c.h.i.c.MainClientExec - ex-000000B9: connection can be kept alive for 3 MINUTES
2024-07-24 14:30:38.756 [Test worker] DEBUG c.g.d.z.s.o.a.h.c.h.i.c.InternalHttpClient - ep-000000B8: releasing valid endpoint
2024-07-24 14:30:38.756 [Test worker] DEBUG c.g.d.z.s.o.a.h.c.h.i.i.PoolingHttpClientConnectionManager - ep-000000B8: releasing endpoint
2024-07-24 14:30:38.756 [Test worker] DEBUG c.g.d.z.s.o.a.h.c.h.i.i.PoolingHttpClientConnectionManager - ep-000000B8: connection http-outgoing-17 can be kept alive for 3 MINUTES
2024-07-24 14:30:38.756 [Test worker] DEBUG c.g.d.z.s.o.a.h.c.h.i.i.PoolingHttpClientConnectionManager - ep-000000B8: connection released [route: {}->npipe://localhost:2375][total available: 1; route allocated: 1 of 2147483647; total allocated: 1 of 2147483647]
2024-07-24 14:30:38.756 [Test worker] DEBUG o.t.utility.ResourceReaper - Removed container and associated volume(s): postgres:latest
2024-07-24 14:30:38.757 [Test worker] DEBUG o.t.u.PrefixingImageNameSubstitutor - No prefix is configured
2024-07-24 14:30:38.757 [Test worker] DEBUG o.t.utility.ImageNameSubstitutor - Did not find a substitute image for postgres:latest (using image substitutor: DefaultImageNameSubstitutor (composite of 'ConfigurationFileImageNameSubstitutor' and 'PrefixingImageNameSubstitutor'))
2024-07-24 14:30:38.757 [Test worker] TRACE tc.postgres:latest - postgres:latest is already in image name cache
2024-07-24 14:30:38.757 [Test worker] DEBUG o.t.images.AbstractImagePullPolicy - Using locally available and not pulling image: postgres:latest
2024-07-24 14:30:38.757 [Test worker] DEBUG tc.postgres:latest - Starting container: postgres:latest
2024-07-24 14:30:38.757 [Test worker] DEBUG tc.postgres:latest - Trying to start container: postgres:latest (attempt 1/1)
2024-07-24 14:30:38.757 [Test worker] DEBUG tc.postgres:latest - Starting container: postgres:latest
2024-07-24 14:30:38.757 [Test worker] INFO  tc.postgres:latest - Creating container for image: postgres:latest
2024-07-24 14:30:38.757 [Test worker] DEBUG o.t.utility.RegistryAuthLocator - Looking up auth config for image: postgres:latest at registry: https://index.docker.io/v1/
2024-07-24 14:30:38.757 [Test worker] DEBUG o.t.utility.RegistryAuthLocator - No matching Auth Configs - falling back to defaultAuthConfig [null]
2024-07-24 14:30:38.757 [Test worker] DEBUG o.t.d.AuthDelegatingDockerClientConfig - Effective auth config [null]
2024-07-24 14:30:38.758 [Test worker] DEBUG o.t.s.c.g.d.c.command.AbstrDockerCmd - Cmd: org.testcontainers.shaded.com.github.dockerjava.core.command.CreateContainerCmdImpl@15d3793b[aliases=<null>,argsEscaped=<null>,attachStderr=<null>,attachStdin=<null>,attachStdout=<null>,authConfig=<null>,cmd={postgres,-c,fsync=off},domainName=<null>,entrypoint=<null>,env={POSTGRES_USER=user,POSTGRES_PASSWORD=password,POSTGRES_DB=db},exposedPorts=ExposedPorts(exposedPorts=[5432/tcp]),healthcheck=<null>,hostConfig=HostConfig(binds=[], blkioWeight=null, blkioWeightDevice=null, blkioDeviceReadBps=null, blkioDeviceWriteBps=null, blkioDeviceReadIOps=null, blkioDeviceWriteIOps=null, memorySwappiness=null, nanoCPUs=null, capAdd=null, capDrop=null, containerIDFile=null, cpuPeriod=null, cpuRealtimePeriod=null, cpuRealtimeRuntime=null, cpuShares=null, cpuQuota=null, cpusetCpus=null, cpusetMems=null, devices=null, deviceCgroupRules=null, deviceRequests=null, diskQuota=null, dns=null, dnsOptions=null, dnsSearch=null, extraHosts=[], groupAdd=null, ipcMode=null, cgroup=null, links=[], logConfig=LogConfig(type=null, config=null), lxcConf=null, memory=null, memorySwap=null, memoryReservation=null, kernelMemory=null, networkMode=null, oomKillDisable=null, init=null, autoRemove=null, oomScoreAdj=null, portBindings={5432/tcp=[Lcom.github.dockerjava.api.model.Ports$Binding;@6e8fdd19}, privileged=null, publishAllPorts=null, readonlyRootfs=null, restartPolicy=null, ulimits=null, cpuCount=null, cpuPercent=null, ioMaximumIOps=null, ioMaximumBandwidth=null, volumesFrom=[], mounts=null, pidMode=null, isolation=null, securityOpts=null, storageOpt=null, cgroupParent=null, volumeDriver=null, shmSize=null, pidsLimit=null, runtime=null, tmpFs=null, utSMode=null, usernsMode=null, sysctls=null, consoleSize=null, cgroupnsMode=null),hostName=<null>,image=postgres:latest,ipv4Address=<null>,ipv6Address=<null>,labels={org.testcontainers=true, org.testcontainers.lang=java, org.testcontainers.version=1.19.8, org.testcontainers.sessionId=280e6229-7396-4d60-b1e3-a5de48b5d49b},macAddress=<null>,name=<null>,networkDisabled=<null>,networkingConfig=<null>,onBuild=<null>,platform=<null>,portSpecs=<null>,shell=<null>,stdInOnce=<null>,stdinOpen=<null>,stopSignal=<null>,stopTimeout=<null>,tty=<null>,user=<null>,volumes=Volumes(volumes=[]),workingDir=<null>]
2024-07-24 14:30:38.759 [Test worker] TRACE o.t.s.c.g.d.c.e.CreateContainerCmdExec - POST: DefaultWebTarget{path=[/containers/create], queryParams={}} 
2024-07-24 14:30:38.759 [Test worker] DEBUG c.g.d.z.s.o.a.h.c.h.i.c.InternalHttpClient - ex-000000BA: preparing request execution
2024-07-24 14:30:38.759 [Test worker] DEBUG c.g.d.z.s.o.a.h.c.h.p.RequestAddCookies - Cookie spec selected: strict
2024-07-24 14:30:38.759 [Test worker] DEBUG c.g.d.z.s.o.a.h.c.h.p.RequestAuthCache - Auth cache not set in the context
2024-07-24 14:30:38.759 [Test worker] DEBUG c.g.d.z.s.o.a.h.c.h.i.c.ProtocolExec - ex-000000BA: target auth state: UNCHALLENGED
2024-07-24 14:30:38.759 [Test worker] DEBUG c.g.d.z.s.o.a.h.c.h.i.c.ProtocolExec - ex-000000BA: proxy auth state: UNCHALLENGED
2024-07-24 14:30:38.759 [Test worker] DEBUG c.g.d.z.s.o.a.h.c.h.i.c.ConnectExec - ex-000000BA: acquiring connection with route {}->npipe://localhost:2375
2024-07-24 14:30:38.759 [Test worker] DEBUG c.g.d.z.s.o.a.h.c.h.i.c.InternalHttpClient - ex-000000BA: acquiring endpoint (3 MINUTES)
2024-07-24 14:30:38.759 [Test worker] DEBUG c.g.d.z.s.o.a.h.c.h.i.i.PoolingHttpClientConnectionManager - ex-000000BA: endpoint lease request (3 MINUTES) [route: {}->npipe://localhost:2375][total available: 1; route allocated: 1 of 2147483647; total allocated: 1 of 2147483647]
2024-07-24 14:30:38.759 [Test worker] DEBUG c.g.d.z.s.o.a.h.c.h.i.i.PoolingHttpClientConnectionManager - ex-000000BA: endpoint leased [route: {}->npipe://localhost:2375][total available: 0; route allocated: 1 of 2147483647; total allocated: 1 of 2147483647]
2024-07-24 14:30:38.759 [Test worker] DEBUG c.g.d.z.s.o.a.h.c.h.i.i.PoolingHttpClientConnectionManager - ex-000000BA: acquired ep-000000B9
2024-07-24 14:30:38.759 [Test worker] DEBUG c.g.d.z.s.o.a.h.c.h.i.c.InternalHttpClient - ex-000000BA: acquired endpoint ep-000000B9
2024-07-24 14:30:38.759 [Test worker] DEBUG c.g.d.z.s.o.a.h.c.h.i.c.MainClientExec - ex-000000BA: executing POST /v1.32/containers/create HTTP/1.1
2024-07-24 14:30:38.759 [Test worker] DEBUG c.g.d.z.s.o.a.h.c.h.i.c.InternalHttpClient - ep-000000B9: start execution ex-000000BA
2024-07-24 14:30:38.759 [Test worker] DEBUG c.g.d.z.s.o.a.h.c.h.i.i.PoolingHttpClientConnectionManager - ep-000000B9: executing exchange ex-000000BA over http-outgoing-17
2024-07-24 14:30:38.760 [Test worker] DEBUG c.g.d.z.s.o.a.h.client5.http.headers - http-outgoing-17 >> POST /v1.32/containers/create HTTP/1.1
2024-07-24 14:30:38.760 [Test worker] DEBUG c.g.d.z.s.o.a.h.client5.http.headers - http-outgoing-17 >> accept: application/json
2024-07-24 14:30:38.760 [Test worker] DEBUG c.g.d.z.s.o.a.h.client5.http.headers - http-outgoing-17 >> content-type: application/json
2024-07-24 14:30:38.760 [Test worker] DEBUG c.g.d.z.s.o.a.h.client5.http.headers - http-outgoing-17 >> x-tc-sid: 280e6229-7396-4d60-b1e3-a5de48b5d49b
2024-07-24 14:30:38.760 [Test worker] DEBUG c.g.d.z.s.o.a.h.client5.http.headers - http-outgoing-17 >> User-Agent: tc-java/1.19.8
2024-07-24 14:30:38.760 [Test worker] DEBUG c.g.d.z.s.o.a.h.client5.http.headers - http-outgoing-17 >> Accept-Encoding: gzip, x-gzip, deflate
2024-07-24 14:30:38.760 [Test worker] DEBUG c.g.d.z.s.o.a.h.client5.http.headers - http-outgoing-17 >> Content-Length: 2061
2024-07-24 14:30:38.760 [Test worker] DEBUG c.g.d.z.s.o.a.h.client5.http.headers - http-outgoing-17 >> Host: localhost:2375
2024-07-24 14:30:38.760 [Test worker] DEBUG c.g.d.z.s.o.a.h.client5.http.headers - http-outgoing-17 >> Connection: keep-alive
2024-07-24 14:30:38.760 [Test worker] DEBUG c.g.d.z.s.o.a.hc.client5.http.wire - http-outgoing-17 >> "POST /v1.32/containers/create HTTP/1.1[\r][\n]"
2024-07-24 14:30:38.760 [Test worker] DEBUG c.g.d.z.s.o.a.hc.client5.http.wire - http-outgoing-17 >> "accept: application/json[\r][\n]"
2024-07-24 14:30:38.760 [Test worker] DEBUG c.g.d.z.s.o.a.hc.client5.http.wire - http-outgoing-17 >> "content-type: application/json[\r][\n]"
2024-07-24 14:30:38.760 [Test worker] DEBUG c.g.d.z.s.o.a.hc.client5.http.wire - http-outgoing-17 >> "x-tc-sid: 280e6229-7396-4d60-b1e3-a5de48b5d49b[\r][\n]"
2024-07-24 14:30:38.760 [Test worker] DEBUG c.g.d.z.s.o.a.hc.client5.http.wire - http-outgoing-17 >> "User-Agent: tc-java/1.19.8[\r][\n]"
2024-07-24 14:30:38.760 [Test worker] DEBUG c.g.d.z.s.o.a.hc.client5.http.wire - http-outgoing-17 >> "Accept-Encoding: gzip, x-gzip, deflate[\r][\n]"
2024-07-24 14:30:38.760 [Test worker] DEBUG c.g.d.z.s.o.a.hc.client5.http.wire - http-outgoing-17 >> "Content-Length: 2061[\r][\n]"
2024-07-24 14:30:38.760 [Test worker] DEBUG c.g.d.z.s.o.a.hc.client5.http.wire - http-outgoing-17 >> "Host: localhost:2375[\r][\n]"
2024-07-24 14:30:38.760 [Test worker] DEBUG c.g.d.z.s.o.a.hc.client5.http.wire - http-outgoing-17 >> "Connection: keep-alive[\r][\n]"
2024-07-24 14:30:38.760 [Test worker] DEBUG c.g.d.z.s.o.a.hc.client5.http.wire - http-outgoing-17 >> "[\r][\n]"
2024-07-24 14:30:38.760 [Test worker] DEBUG c.g.d.z.s.o.a.hc.client5.http.wire - http-outgoing-17 >> "{"Hostname":null,"Domainname":null,"User":null,"AttachStdin":null,"AttachStdout":null,"AttachStderr":null,"PortSpecs":null,"Tty":null,"OpenStdin":null,"StdinOnce":null,"Env":["POSTGRES_USER=user","POSTGRES_PASSWORD=password","POSTGRES_DB=db"],"Cmd":["postgres","-c","fsync=off"],"Healthcheck":null,"ArgsEscaped":null,"Entrypoint":null,"Image":"postgres:latest","Volumes":{},"WorkingDir":null,"MacAddress":null,"OnBuild":null,"NetworkDisabled":null,"ExposedPorts":{"5432/tcp":{}},"StopSignal":null,"StopTimeout":null,"HostConfig":{"Binds":[],"BlkioWeight":null,"BlkioWeightDevice":null,"BlkioDeviceReadBps":null,"BlkioDeviceWriteBps":null,"BlkioDeviceReadIOps":null,"BlkioDeviceWriteIOps":null,"MemorySwappiness":null,"NanoCpus":null,"CapAdd":null,"CapDrop":null,"ContainerIDFile":null,"CpuPeriod":null,"CpuRealtimePeriod":null,"CpuRealtimeRuntime":null,"CpuShares":null,"CpuQuota":null,"CpusetCpus":null,"CpusetMems":null,"Devices":null,"DeviceCgroupRules":null,"DeviceRequests":null,"DiskQuota":null,"Dns":null,"DnsOptions":null,"DnsSearch":null,"ExtraHosts":[],"GroupAdd":null,"IpcMode":null,"Cgroup":null,"Links":[],"LogConfig":null,"LxcConf":null,"Memory":null,"MemorySwap":null,"MemoryReservation":null,"KernelMemory":null,"NetworkMode":null,"OomKillDisable":null,"Init":null,"AutoRemove":null,"OomScoreAdj":null,"PortBindings":{"5432/tcp":[{"HostIp":"","HostPort":""}]},"Privileged":null,"PublishAllPorts":null,"ReadonlyRootfs":null,"RestartPolicy":null,"Ulimits":null,"CpuCount":null,"CpuPercent":null,"IOMaximumIOps":null,"IOMaximumBandwidth":null,"VolumesFrom":[],"Mounts":null,"PidMode":null,"Isolation":null,"SecurityOpt":null,"StorageOpt":null,"CgroupParent":null,"VolumeDriver":null,"ShmSize":null,"PidsLimit":null,"Runtime":null,"Tmpfs":null,"UTSMode":null,"UsernsMode":null,"Sysctls":null,"ConsoleSize":null,"CgroupnsMode":null},"Labels":{"org.testcontainers":"true","org.testcontainers.lang":"java","org.testcontainers.version":"1.19.8","org.testcontainers.sessionId":"280e6229-7396-4d60-b1e3-a5de48b5d49b"},"Shell":null,"NetworkingConfig":null}"
2024-07-24 14:30:38.890 [Test worker] DEBUG c.g.d.z.s.o.a.hc.client5.http.wire - http-outgoing-17 << "HTTP/1.1 201 Created[\r][\n]"
2024-07-24 14:30:38.890 [Test worker] DEBUG c.g.d.z.s.o.a.hc.client5.http.wire - http-outgoing-17 << "Api-Version: 1.45[\r][\n]"
2024-07-24 14:30:38.890 [Test worker] DEBUG c.g.d.z.s.o.a.hc.client5.http.wire - http-outgoing-17 << "Content-Type: application/json[\r][\n]"
2024-07-24 14:30:38.890 [Test worker] DEBUG c.g.d.z.s.o.a.hc.client5.http.wire - http-outgoing-17 << "Date: Wed, 24 Jul 2024 02:30:38 GMT[\r][\n]"
2024-07-24 14:30:38.890 [Test worker] DEBUG c.g.d.z.s.o.a.hc.client5.http.wire - http-outgoing-17 << "Docker-Experimental: false[\r][\n]"
2024-07-24 14:30:38.890 [Test worker] DEBUG c.g.d.z.s.o.a.hc.client5.http.wire - http-outgoing-17 << "Ostype: linux[\r][\n]"
2024-07-24 14:30:38.890 [Test worker] DEBUG c.g.d.z.s.o.a.hc.client5.http.wire - http-outgoing-17 << "Server: Docker/26.0.0 (linux)[\r][\n]"
2024-07-24 14:30:38.890 [Test worker] DEBUG c.g.d.z.s.o.a.hc.client5.http.wire - http-outgoing-17 << "Transfer-Encoding: chunked[\r][\n]"
2024-07-24 14:30:38.890 [Test worker] DEBUG c.g.d.z.s.o.a.hc.client5.http.wire - http-outgoing-17 << "[\r][\n]"
2024-07-24 14:30:38.890 [Test worker] DEBUG c.g.d.z.s.o.a.h.client5.http.headers - http-outgoing-17 << HTTP/1.1 201 Created
2024-07-24 14:30:38.890 [Test worker] DEBUG c.g.d.z.s.o.a.h.client5.http.headers - http-outgoing-17 << Api-Version: 1.45
2024-07-24 14:30:38.890 [Test worker] DEBUG c.g.d.z.s.o.a.h.client5.http.headers - http-outgoing-17 << Content-Type: application/json
2024-07-24 14:30:38.890 [Test worker] DEBUG c.g.d.z.s.o.a.h.client5.http.headers - http-outgoing-17 << Date: Wed, 24 Jul 2024 02:30:38 GMT
2024-07-24 14:30:38.890 [Test worker] DEBUG c.g.d.z.s.o.a.h.client5.http.headers - http-outgoing-17 << Docker-Experimental: false
2024-07-24 14:30:38.890 [Test worker] DEBUG c.g.d.z.s.o.a.h.client5.http.headers - http-outgoing-17 << Ostype: linux
2024-07-24 14:30:38.890 [Test worker] DEBUG c.g.d.z.s.o.a.h.client5.http.headers - http-outgoing-17 << Server: Docker/26.0.0 (linux)
2024-07-24 14:30:38.890 [Test worker] DEBUG c.g.d.z.s.o.a.h.client5.http.headers - http-outgoing-17 << Transfer-Encoding: chunked
2024-07-24 14:30:38.890 [Test worker] DEBUG c.g.d.z.s.o.a.h.c.h.i.c.MainClientExec - ex-000000BA: connection can be kept alive for 3 MINUTES
2024-07-24 14:30:38.890 [Test worker] DEBUG c.g.d.z.s.o.a.hc.client5.http.wire - http-outgoing-17 << "58[\r][\n]"
2024-07-24 14:30:38.890 [Test worker] DEBUG c.g.d.z.s.o.a.hc.client5.http.wire - http-outgoing-17 << "{"Id":"61241ef5988020b430e66b415bf724770a48d6faea2b33e38c2474e7cb7f239c","Warnings":[]}[\n]"
2024-07-24 14:30:38.890 [Test worker] DEBUG c.g.d.z.s.o.a.hc.client5.http.wire - http-outgoing-17 << "[\r][\n]"
2024-07-24 14:30:38.890 [Test worker] DEBUG c.g.d.z.s.o.a.hc.client5.http.wire - http-outgoing-17 << "0[\r][\n]"
2024-07-24 14:30:38.890 [Test worker] DEBUG c.g.d.z.s.o.a.hc.client5.http.wire - http-outgoing-17 << "[\r][\n]"
2024-07-24 14:30:38.891 [Test worker] DEBUG c.g.d.z.s.o.a.h.c.h.i.c.InternalHttpClient - ep-000000B9: releasing valid endpoint
2024-07-24 14:30:38.891 [Test worker] DEBUG c.g.d.z.s.o.a.h.c.h.i.i.PoolingHttpClientConnectionManager - ep-000000B9: releasing endpoint
2024-07-24 14:30:38.891 [Test worker] DEBUG c.g.d.z.s.o.a.h.c.h.i.i.PoolingHttpClientConnectionManager - ep-000000B9: connection http-outgoing-17 can be kept alive for 3 MINUTES
2024-07-24 14:30:38.891 [Test worker] DEBUG c.g.d.z.s.o.a.h.c.h.i.i.PoolingHttpClientConnectionManager - ep-000000B9: connection released [route: {}->npipe://localhost:2375][total available: 1; route allocated: 1 of 2147483647; total allocated: 1 of 2147483647]
2024-07-24 14:30:38.892 [Test worker] INFO  tc.postgres:latest - Container postgres:latest is starting: 61241ef5988020b430e66b415bf724770a48d6faea2b33e38c2474e7cb7f239c
2024-07-24 14:30:38.892 [Test worker] DEBUG o.t.s.c.g.d.c.command.AbstrDockerCmd - Cmd: 61241ef5988020b430e66b415bf724770a48d6faea2b33e38c2474e7cb7f239c
2024-07-24 14:30:38.892 [Test worker] TRACE o.t.s.c.g.d.c.e.StartContainerCmdExec - POST: DefaultWebTarget{path=[/containers/61241ef5988020b430e66b415bf724770a48d6faea2b33e38c2474e7cb7f239c/start], queryParams={}}
2024-07-24 14:30:38.892 [Test worker] DEBUG c.g.d.z.s.o.a.h.c.h.i.c.InternalHttpClient - ex-000000BB: preparing request execution
2024-07-24 14:30:38.892 [Test worker] DEBUG c.g.d.z.s.o.a.h.c.h.p.RequestAddCookies - Cookie spec selected: strict
2024-07-24 14:30:38.892 [Test worker] DEBUG c.g.d.z.s.o.a.h.c.h.p.RequestAuthCache - Auth cache not set in the context
2024-07-24 14:30:38.892 [Test worker] DEBUG c.g.d.z.s.o.a.h.c.h.i.c.ProtocolExec - ex-000000BB: target auth state: UNCHALLENGED
2024-07-24 14:30:38.893 [Test worker] DEBUG c.g.d.z.s.o.a.h.c.h.i.c.ProtocolExec - ex-000000BB: proxy auth state: UNCHALLENGED
2024-07-24 14:30:38.893 [Test worker] DEBUG c.g.d.z.s.o.a.h.c.h.i.c.ConnectExec - ex-000000BB: acquiring connection with route {}->npipe://localhost:2375
2024-07-24 14:30:38.893 [Test worker] DEBUG c.g.d.z.s.o.a.h.c.h.i.c.InternalHttpClient - ex-000000BB: acquiring endpoint (3 MINUTES)
2024-07-24 14:30:38.893 [Test worker] DEBUG c.g.d.z.s.o.a.h.c.h.i.i.PoolingHttpClientConnectionManager - ex-000000BB: endpoint lease request (3 MINUTES) [route: {}->npipe://localhost:2375][total available: 1; route allocated: 1 of 2147483647; total allocated: 1 of 2147483647]
2024-07-24 14:30:38.893 [Test worker] DEBUG c.g.d.z.s.o.a.h.c.h.i.i.PoolingHttpClientConnectionManager - ex-000000BB: endpoint leased [route: {}->npipe://localhost:2375][total available: 0; route allocated: 1 of 2147483647; total allocated: 1 of 2147483647]
2024-07-24 14:30:38.893 [Test worker] DEBUG c.g.d.z.s.o.a.h.c.h.i.i.PoolingHttpClientConnectionManager - ex-000000BB: acquired ep-000000BA
2024-07-24 14:30:38.893 [Test worker] DEBUG c.g.d.z.s.o.a.h.c.h.i.c.InternalHttpClient - ex-000000BB: acquired endpoint ep-000000BA
2024-07-24 14:30:38.893 [Test worker] DEBUG c.g.d.z.s.o.a.h.c.h.i.c.MainClientExec - ex-000000BB: executing POST /v1.32/containers/61241ef5988020b430e66b415bf724770a48d6faea2b33e38c2474e7cb7f239c/start HTTP/1.1
2024-07-24 14:30:38.893 [Test worker] DEBUG c.g.d.z.s.o.a.h.c.h.i.c.InternalHttpClient - ep-000000BA: start execution ex-000000BB
2024-07-24 14:30:38.893 [Test worker] DEBUG c.g.d.z.s.o.a.h.c.h.i.i.PoolingHttpClientConnectionManager - ep-000000BA: executing exchange ex-000000BB over http-outgoing-17
2024-07-24 14:30:38.893 [Test worker] DEBUG c.g.d.z.s.o.a.h.client5.http.headers - http-outgoing-17 >> POST /v1.32/containers/61241ef5988020b430e66b415bf724770a48d6faea2b33e38c2474e7cb7f239c/start HTTP/1.1
2024-07-24 14:30:38.893 [Test worker] DEBUG c.g.d.z.s.o.a.h.client5.http.headers - http-outgoing-17 >> accept: application/json
2024-07-24 14:30:38.893 [Test worker] DEBUG c.g.d.z.s.o.a.h.client5.http.headers - http-outgoing-17 >> content-type: application/json
2024-07-24 14:30:38.893 [Test worker] DEBUG c.g.d.z.s.o.a.h.client5.http.headers - http-outgoing-17 >> x-tc-sid: 280e6229-7396-4d60-b1e3-a5de48b5d49b
2024-07-24 14:30:38.893 [Test worker] DEBUG c.g.d.z.s.o.a.h.client5.http.headers - http-outgoing-17 >> User-Agent: tc-java/1.19.8
2024-07-24 14:30:38.893 [Test worker] DEBUG c.g.d.z.s.o.a.h.client5.http.headers - http-outgoing-17 >> Accept-Encoding: gzip, x-gzip, deflate
2024-07-24 14:30:38.893 [Test worker] DEBUG c.g.d.z.s.o.a.h.client5.http.headers - http-outgoing-17 >> Host: localhost:2375
2024-07-24 14:30:38.893 [Test worker] DEBUG c.g.d.z.s.o.a.h.client5.http.headers - http-outgoing-17 >> Connection: keep-alive
2024-07-24 14:30:38.893 [Test worker] DEBUG c.g.d.z.s.o.a.hc.client5.http.wire - http-outgoing-17 >> "POST /v1.32/containers/61241ef5988020b430e66b415bf724770a48d6faea2b33e38c2474e7cb7f239c/start HTTP/1.1[\r][\n]"
2024-07-24 14:30:38.893 [Test worker] DEBUG c.g.d.z.s.o.a.hc.client5.http.wire - http-outgoing-17 >> "accept: application/json[\r][\n]"
2024-07-24 14:30:38.893 [Test worker] DEBUG c.g.d.z.s.o.a.hc.client5.http.wire - http-outgoing-17 >> "content-type: application/json[\r][\n]"
2024-07-24 14:30:38.893 [Test worker] DEBUG c.g.d.z.s.o.a.hc.client5.http.wire - http-outgoing-17 >> "x-tc-sid: 280e6229-7396-4d60-b1e3-a5de48b5d49b[\r][\n]"
2024-07-24 14:30:38.893 [Test worker] DEBUG c.g.d.z.s.o.a.hc.client5.http.wire - http-outgoing-17 >> "User-Agent: tc-java/1.19.8[\r][\n]"
2024-07-24 14:30:38.893 [Test worker] DEBUG c.g.d.z.s.o.a.hc.client5.http.wire - http-outgoing-17 >> "Accept-Encoding: gzip, x-gzip, deflate[\r][\n]"
2024-07-24 14:30:38.893 [Test worker] DEBUG c.g.d.z.s.o.a.hc.client5.http.wire - http-outgoing-17 >> "Host: localhost:2375[\r][\n]"
2024-07-24 14:30:38.893 [Test worker] DEBUG c.g.d.z.s.o.a.hc.client5.http.wire - http-outgoing-17 >> "Connection: keep-alive[\r][\n]"
2024-07-24 14:30:38.893 [Test worker] DEBUG c.g.d.z.s.o.a.hc.client5.http.wire - http-outgoing-17 >> "[\r][\n]"
2024-07-24 14:30:39.277 [Test worker] DEBUG c.g.d.z.s.o.a.hc.client5.http.wire - http-outgoing-17 << "HTTP/1.1 204 No Content[\r][\n]"
2024-07-24 14:30:39.277 [Test worker] DEBUG c.g.d.z.s.o.a.hc.client5.http.wire - http-outgoing-17 << "Api-Version: 1.45[\r][\n]"
2024-07-24 14:30:39.277 [Test worker] DEBUG c.g.d.z.s.o.a.hc.client5.http.wire - http-outgoing-17 << "Date: Wed, 24 Jul 2024 02:30:39 GMT[\r][\n]"
2024-07-24 14:30:39.277 [Test worker] DEBUG c.g.d.z.s.o.a.hc.client5.http.wire - http-outgoing-17 << "Docker-Experimental: false[\r][\n]"
2024-07-24 14:30:39.277 [Test worker] DEBUG c.g.d.z.s.o.a.hc.client5.http.wire - http-outgoing-17 << "Ostype: linux[\r][\n]"
2024-07-24 14:30:39.277 [Test worker] DEBUG c.g.d.z.s.o.a.hc.client5.http.wire - http-outgoing-17 << "Server: Docker/26.0.0 (linux)[\r][\n]"
2024-07-24 14:30:39.278 [Test worker] DEBUG c.g.d.z.s.o.a.hc.client5.http.wire - http-outgoing-17 << "[\r][\n]"
2024-07-24 14:30:39.278 [Test worker] DEBUG c.g.d.z.s.o.a.h.client5.http.headers - http-outgoing-17 << HTTP/1.1 204 No Content
2024-07-24 14:30:39.278 [Test worker] DEBUG c.g.d.z.s.o.a.h.client5.http.headers - http-outgoing-17 << Api-Version: 1.45
2024-07-24 14:30:39.278 [Test worker] DEBUG c.g.d.z.s.o.a.h.client5.http.headers - http-outgoing-17 << Date: Wed, 24 Jul 2024 02:30:39 GMT
2024-07-24 14:30:39.278 [Test worker] DEBUG c.g.d.z.s.o.a.h.client5.http.headers - http-outgoing-17 << Docker-Experimental: false
2024-07-24 14:30:39.278 [Test worker] DEBUG c.g.d.z.s.o.a.h.client5.http.headers - http-outgoing-17 << Ostype: linux
2024-07-24 14:30:39.278 [Test worker] DEBUG c.g.d.z.s.o.a.h.client5.http.headers - http-outgoing-17 << Server: Docker/26.0.0 (linux)
2024-07-24 14:30:39.278 [Test worker] DEBUG c.g.d.z.s.o.a.h.c.h.i.c.MainClientExec - ex-000000BB: connection can be kept alive for 3 MINUTES
2024-07-24 14:30:39.278 [Test worker] DEBUG c.g.d.z.s.o.a.h.c.h.i.c.InternalHttpClient - ep-000000BA: releasing valid endpoint
2024-07-24 14:30:39.278 [Test worker] DEBUG c.g.d.z.s.o.a.h.c.h.i.i.PoolingHttpClientConnectionManager - ep-000000BA: releasing endpoint
2024-07-24 14:30:39.278 [Test worker] DEBUG c.g.d.z.s.o.a.h.c.h.i.i.PoolingHttpClientConnectionManager - ep-000000BA: connection http-outgoing-17 can be kept alive for 3 MINUTES
2024-07-24 14:30:39.278 [Test worker] DEBUG c.g.d.z.s.o.a.h.c.h.i.i.PoolingHttpClientConnectionManager - ep-000000BA: connection released [route: {}->npipe://localhost:2375][total available: 1; route allocated: 1 of 2147483647; total allocated: 1 of 2147483647]
2024-07-24 14:30:39.279 [Test worker] DEBUG o.t.s.c.g.d.c.command.AbstrDockerCmd - Cmd: 61241ef5988020b430e66b415bf724770a48d6faea2b33e38c2474e7cb7f239c,false
2024-07-24 14:30:39.279 [Test worker] DEBUG o.t.s.c.g.d.c.e.InspectContainerCmdExec - GET: DefaultWebTarget{path=[/containers/61241ef5988020b430e66b415bf724770a48d6faea2b33e38c2474e7cb7f239c/json], queryParams={}}
2024-07-24 14:30:39.279 [Test worker] DEBUG c.g.d.z.s.o.a.h.c.h.i.c.InternalHttpClient - ex-000000BC: preparing request execution
2024-07-24 14:30:39.279 [Test worker] DEBUG c.g.d.z.s.o.a.h.c.h.p.RequestAddCookies - Cookie spec selected: strict
2024-07-24 14:30:39.279 [Test worker] DEBUG c.g.d.z.s.o.a.h.c.h.p.RequestAuthCache - Auth cache not set in the context
2024-07-24 14:30:39.279 [Test worker] DEBUG c.g.d.z.s.o.a.h.c.h.i.c.ProtocolExec - ex-000000BC: target auth state: UNCHALLENGED
2024-07-24 14:30:39.279 [Test worker] DEBUG c.g.d.z.s.o.a.h.c.h.i.c.ProtocolExec - ex-000000BC: proxy auth state: UNCHALLENGED
2024-07-24 14:30:39.279 [Test worker] DEBUG c.g.d.z.s.o.a.h.c.h.i.c.ConnectExec - ex-000000BC: acquiring connection with route {}->npipe://localhost:2375
2024-07-24 14:30:39.279 [Test worker] DEBUG c.g.d.z.s.o.a.h.c.h.i.c.InternalHttpClient - ex-000000BC: acquiring endpoint (3 MINUTES)
2024-07-24 14:30:39.279 [Test worker] DEBUG c.g.d.z.s.o.a.h.c.h.i.i.PoolingHttpClientConnectionManager - ex-000000BC: endpoint lease request (3 MINUTES) [route: {}->npipe://localhost:2375][total available: 1; route allocated: 1 of 2147483647; total allocated: 1 of 2147483647]
2024-07-24 14:30:39.279 [Test worker] DEBUG c.g.d.z.s.o.a.h.c.h.i.i.PoolingHttpClientConnectionManager - ex-000000BC: endpoint leased [route: {}->npipe://localhost:2375][total available: 0; route allocated: 1 of 2147483647; total allocated: 1 of 2147483647]
2024-07-24 14:30:39.279 [Test worker] DEBUG c.g.d.z.s.o.a.h.c.h.i.i.PoolingHttpClientConnectionManager - ex-000000BC: acquired ep-000000BB
2024-07-24 14:30:39.279 [Test worker] DEBUG c.g.d.z.s.o.a.h.c.h.i.c.InternalHttpClient - ex-000000BC: acquired endpoint ep-000000BB
2024-07-24 14:30:39.280 [Test worker] DEBUG c.g.d.z.s.o.a.h.c.h.i.c.MainClientExec - ex-000000BC: executing GET /v1.32/containers/61241ef5988020b430e66b415bf724770a48d6faea2b33e38c2474e7cb7f239c/json HTTP/1.1
2024-07-24 14:30:39.280 [Test worker] DEBUG c.g.d.z.s.o.a.h.c.h.i.c.InternalHttpClient - ep-000000BB: start execution ex-000000BC
2024-07-24 14:30:39.280 [Test worker] DEBUG c.g.d.z.s.o.a.h.c.h.i.i.PoolingHttpClientConnectionManager - ep-000000BB: executing exchange ex-000000BC over http-outgoing-17
2024-07-24 14:30:39.280 [Test worker] DEBUG c.g.d.z.s.o.a.h.client5.http.headers - http-outgoing-17 >> GET /v1.32/containers/61241ef5988020b430e66b415bf724770a48d6faea2b33e38c2474e7cb7f239c/json HTTP/1.1
2024-07-24 14:30:39.280 [Test worker] DEBUG c.g.d.z.s.o.a.h.client5.http.headers - http-outgoing-17 >> accept: application/json
2024-07-24 14:30:39.280 [Test worker] DEBUG c.g.d.z.s.o.a.h.client5.http.headers - http-outgoing-17 >> x-tc-sid: 280e6229-7396-4d60-b1e3-a5de48b5d49b
2024-07-24 14:30:39.280 [Test worker] DEBUG c.g.d.z.s.o.a.h.client5.http.headers - http-outgoing-17 >> User-Agent: tc-java/1.19.8
2024-07-24 14:30:39.280 [Test worker] DEBUG c.g.d.z.s.o.a.h.client5.http.headers - http-outgoing-17 >> Accept-Encoding: gzip, x-gzip, deflate
2024-07-24 14:30:39.280 [Test worker] DEBUG c.g.d.z.s.o.a.h.client5.http.headers - http-outgoing-17 >> Host: localhost:2375
2024-07-24 14:30:39.280 [Test worker] DEBUG c.g.d.z.s.o.a.h.client5.http.headers - http-outgoing-17 >> Connection: keep-alive
2024-07-24 14:30:39.280 [Test worker] DEBUG c.g.d.z.s.o.a.hc.client5.http.wire - http-outgoing-17 >> "GET /v1.32/containers/61241ef5988020b430e66b415bf724770a48d6faea2b33e38c2474e7cb7f239c/json HTTP/1.1[\r][\n]"
2024-07-24 14:30:39.280 [Test worker] DEBUG c.g.d.z.s.o.a.hc.client5.http.wire - http-outgoing-17 >> "accept: application/json[\r][\n]"
2024-07-24 14:30:39.280 [Test worker] DEBUG c.g.d.z.s.o.a.hc.client5.http.wire - http-outgoing-17 >> "x-tc-sid: 280e6229-7396-4d60-b1e3-a5de48b5d49b[\r][\n]"
2024-07-24 14:30:39.280 [Test worker] DEBUG c.g.d.z.s.o.a.hc.client5.http.wire - http-outgoing-17 >> "User-Agent: tc-java/1.19.8[\r][\n]"
2024-07-24 14:30:39.280 [Test worker] DEBUG c.g.d.z.s.o.a.hc.client5.http.wire - http-outgoing-17 >> "Accept-Encoding: gzip, x-gzip, deflate[\r][\n]"
2024-07-24 14:30:39.280 [Test worker] DEBUG c.g.d.z.s.o.a.hc.client5.http.wire - http-outgoing-17 >> "Host: localhost:2375[\r][\n]"
2024-07-24 14:30:39.280 [Test worker] DEBUG c.g.d.z.s.o.a.hc.client5.http.wire - http-outgoing-17 >> "Connection: keep-alive[\r][\n]"
2024-07-24 14:30:39.280 [Test worker] DEBUG c.g.d.z.s.o.a.hc.client5.http.wire - http-outgoing-17 >> "[\r][\n]"
2024-07-24 14:30:39.283 [Test worker] DEBUG c.g.d.z.s.o.a.hc.client5.http.wire - http-outgoing-17 << "HTTP/1.1 200 OK[\r][\n]"
2024-07-24 14:30:39.283 [Test worker] DEBUG c.g.d.z.s.o.a.hc.client5.http.wire - http-outgoing-17 << "Api-Version: 1.45[\r][\n]"
2024-07-24 14:30:39.283 [Test worker] DEBUG c.g.d.z.s.o.a.hc.client5.http.wire - http-outgoing-17 << "Content-Type: application/json[\r][\n]"
2024-07-24 14:30:39.283 [Test worker] DEBUG c.g.d.z.s.o.a.hc.client5.http.wire - http-outgoing-17 << "Date: Wed, 24 Jul 2024 02:30:39 GMT[\r][\n]"
2024-07-24 14:30:39.283 [Test worker] DEBUG c.g.d.z.s.o.a.hc.client5.http.wire - http-outgoing-17 << "Docker-Experimental: false[\r][\n]"
2024-07-24 14:30:39.283 [Test worker] DEBUG c.g.d.z.s.o.a.hc.client5.http.wire - http-outgoing-17 << "Ostype: linux[\r][\n]"
2024-07-24 14:30:39.283 [Test worker] DEBUG c.g.d.z.s.o.a.hc.client5.http.wire - http-outgoing-17 << "Server: Docker/26.0.0 (linux)[\r][\n]"
2024-07-24 14:30:39.283 [Test worker] DEBUG c.g.d.z.s.o.a.hc.client5.http.wire - http-outgoing-17 << "Transfer-Encoding: chunked[\r][\n]"
2024-07-24 14:30:39.283 [Test worker] DEBUG c.g.d.z.s.o.a.hc.client5.http.wire - http-outgoing-17 << "[\r][\n]"
2024-07-24 14:30:39.283 [Test worker] DEBUG c.g.d.z.s.o.a.h.client5.http.headers - http-outgoing-17 << HTTP/1.1 200 OK
2024-07-24 14:30:39.283 [Test worker] DEBUG c.g.d.z.s.o.a.h.client5.http.headers - http-outgoing-17 << Api-Version: 1.45
2024-07-24 14:30:39.283 [Test worker] DEBUG c.g.d.z.s.o.a.h.client5.http.headers - http-outgoing-17 << Content-Type: application/json
2024-07-24 14:30:39.283 [Test worker] DEBUG c.g.d.z.s.o.a.h.client5.http.headers - http-outgoing-17 << Date: Wed, 24 Jul 2024 02:30:39 GMT
2024-07-24 14:30:39.283 [Test worker] DEBUG c.g.d.z.s.o.a.h.client5.http.headers - http-outgoing-17 << Docker-Experimental: false
2024-07-24 14:30:39.283 [Test worker] DEBUG c.g.d.z.s.o.a.h.client5.http.headers - http-outgoing-17 << Ostype: linux
2024-07-24 14:30:39.283 [Test worker] DEBUG c.g.d.z.s.o.a.h.client5.http.headers - http-outgoing-17 << Server: Docker/26.0.0 (linux)
2024-07-24 14:30:39.283 [Test worker] DEBUG c.g.d.z.s.o.a.h.client5.http.headers - http-outgoing-17 << Transfer-Encoding: chunked
2024-07-24 14:30:39.283 [Test worker] DEBUG c.g.d.z.s.o.a.h.c.h.i.c.MainClientExec - ex-000000BC: connection can be kept alive for 3 MINUTES
2024-07-24 14:30:39.287 [Test worker] DEBUG c.g.d.z.s.o.a.hc.client5.http.wire - http-outgoing-17 << "1a39[\r][\n]"
2024-07-24 14:30:39.288 [Test worker] DEBUG c.g.d.z.s.o.a.hc.client5.http.wire - http-outgoing-17 << "{"Id":"61241ef5988020b430e66b415bf724770a48d6faea2b33e38c2474e7cb7f239c","Created":"2024-07-24T02:30:38.765949385Z","Path":"docker-entrypoint.sh","Args":["postgres","-c","fsync=off"],"State":{"Status":"running","Running":true,"Paused":false,"Restarting":false,"OOMKilled":false,"Dead":false,"Pid":30169,"ExitCode":0,"Error":"","StartedAt":"2024-07-24T02:30:39.261430669Z","FinishedAt":"0001-01-01T00:00:00Z"},"Image":"sha256:8e4fc9e184899a58735e7ee333f5e272d7d2298cf59302006b71f33e217be130","ResolvConfPath":"/var/lib/docker/containers/61241ef5988020b430e66b415bf724770a48d6faea2b33e38c2474e7cb7f239c/resolv.conf","HostnamePath":"/var/lib/docker/containers/61241ef5988020b430e66b415bf724770a48d6faea2b33e38c2474e7cb7f239c/hostname","HostsPath":"/var/lib/docker/containers/61241ef5988020b430e66b415bf724770a48d6faea2b33e38c2474e7cb7f239c/hosts","LogPath":"/var/lib/docker/containers/61241ef5988020b430e66b415bf724770a48d6faea2b33e38c2474e7cb7f239c/61241ef5988020b430e66b415bf724770a48d6faea2b33e38c2474e7cb7f239c-json.log","Name":"/wizardly_ptolemy","RestartCount":0,"Driver":"overlay2","Platform":"linux","MountLabel":"","ProcessLabel":"","AppArmorProfile":"","ExecIDs":null,"HostConfig":{"Binds":[],"ContainerIDFile":"","LogConfig":{"Type":"json-file","Config":{}},"NetworkMode":"default","PortBindings":{"5432/tcp":[{"HostIp":"0.0.0.0","HostPort":"0"}]},"RestartPolicy":{"Name":"no","MaximumRetryCount":0},"AutoRemove":false,"VolumeDriver":"","VolumesFrom":[],"ConsoleSize":[0,0],"CapAdd":null,"CapDrop":null,"CgroupnsMode":"host","Dns":null,"DnsOptions":null,"DnsSearch":null,"ExtraHosts":[],"GroupAdd":null,"IpcMode":"shareable","Cgroup":"","Links":null,"OomScoreAdj":0,"PidMode":"","Privileged":false,"PublishAllPorts":false,"ReadonlyRootfs":false,"SecurityOpt":null,"UTSMode":"","UsernsMode":"","ShmSize":67108864,"Runtime":"runc","Isolation":"","CpuShares":0,"Memory":0,"NanoCpus":0,"CgroupParent":"","BlkioWeight":0,"BlkioWeightDevice":null,"BlkioDeviceReadBps":null,"BlkioDeviceWriteBps":null,"BlkioDeviceReadIOps":null,"BlkioDeviceWriteIOps":null,"CpuPeriod":0,"CpuQuota":0,"CpuRealtimePeriod":0,"CpuRealtimeRuntime":0,"CpusetCpus":"","CpusetMems":"","Devices":null,"DeviceCgroupRules":null,"DeviceRequests":null,"MemoryReservation":0,"MemorySwap":0,"MemorySwappiness":null,"OomKillDisable":false,"PidsLimit":null,"Ulimits":null,"CpuCount":0,"CpuPercent":0,"IOMaximumIOps":0,"IOMaximumBandwidth":0,"MaskedPaths":["/proc/asound","/proc/acpi","/proc/kcore","/proc/keys","/proc/latency_stats","/proc/timer_list","/proc/timer_stats","/proc/sched_debug","/proc/scsi","/sys/firmware","/sys/devices/virtual/powercap"],"ReadonlyPaths":["/proc/bus","/proc/fs","/proc/irq","/proc/sys","/proc/sysrq-trigger"]},"GraphDriver":{"Data":{"LowerDir":"/var/lib/docker/overlay2/67c3f8e26d8f5169a947b6683f301968e5fec6296c8cb351fc15991133bd0e9d-init/diff:/var/lib/docker/overlay2/8f0ddbd386af0785c2e348570516955816ab350305d698d363962d488eeb15ec/diff:/var/lib/docker/overlay2/0eb0ca73e9b0be7c3d7fa8762ef4778a68f38391bc84c037c2e90b88e781b475/diff:/var/lib/docker/overlay2/74e634bddc785c5d436b10a5158cd82e21dc2065fd1cf8ff9c1c12e01575a2d8/diff:/var/lib/docker/overlay2/bb918b2851cd2f508f1e3fdbfff8b7f8b041d61e65fe8c368288bf399e80b818/diff:/var/lib/docker/overlay2/2abab2946cbdc2941ee8ec4024c51dac7313dee9de5fbedd1ca33388c59eb3c8/diff:/var/lib/docker/overlay2/e12f6083ee669bd92743ceb339a896bb25dbe461b718705bb39eb410b80c0ecd/diff:/var/lib/docker/overlay2/ced1e86d670d097da5ed4da7288c22507735918959161c2cd8bf083fb30d169a/diff:/var/lib/docker/overlay2/94e9ac7b74923285ae73af20aeccb964ca9079e2305db367cb85d1603560472d/diff:/var/lib/docker/overlay2/a396b6dfd63f0c228c519871183c614cccf4d366a43460f27ecf97113c3c4be8/diff:/var/lib/docker/overlay2/f58ada5d5080c2bac553c734f81127660a90581a35ed2a92cebe3c59e340875b/diff:/var/lib/docker/overlay2/84f85636f37bf55d945e217b4f87a856eba7932284beaf042561007b66f48977/diff:/var/lib/docker/overlay2/1e6e519613884e91a2b74a588ba35dc8a2f789371ab798ef6e7d9836d756042f/diff:/var/lib/docker/overlay2/14a3151cc8b4f9d27d2e64f1a8abc0c7809309580f2d7e8dc8545055c1d56194/diff:/var/lib/do"
2024-07-24 14:30:39.288 [Test worker] DEBUG c.g.d.z.s.o.a.hc.client5.http.wire - http-outgoing-17 << "cker/overlay2/5b354b9e793401517fe2f1da697653fdaadffc54888eaf76d67e0600b8c68bdc/diff","MergedDir":"/var/lib/docker/overlay2/67c3f8e26d8f5169a947b6683f301968e5fec6296c8cb351fc15991133bd0e9d/merged","UpperDir":"/var/lib/docker/overlay2/67c3f8e26d8f5169a947b6683f301968e5fec6296c8cb351fc15991133bd0e9d/diff","WorkDir":"/var/lib/docker/overlay2/67c3f8e26d8f5169a947b6683f301968e5fec6296c8cb351fc15991133bd0e9d/work"},"Name":"overlay2"},"Mounts":[{"Type":"volume","Name":"ee60604c9a4112317dc88c15e3f46f6afbb7d49f0501b8df1a1f1bdebd36b907","Source":"/var/lib/docker/volumes/ee60604c9a4112317dc88c15e3f46f6afbb7d49f0501b8df1a1f1bdebd36b907/_data","Destination":"/var/lib/postgresql/data","Driver":"local","Mode":"","RW":true,"Propagation":""}],"Config":{"Hostname":"61241ef59880","Domainname":"","User":"","AttachStdin":false,"AttachStdout":false,"AttachStderr":false,"ExposedPorts":{"5432/tcp":{}},"Tty":false,"OpenStdin":false,"StdinOnce":false,"Env":["POSTGRES_USER=user","POSTGRES_PASSWORD=password","POSTGRES_DB=db","PATH=/usr/local/sbin:/usr/local/bin:/usr/sbin:/usr/bin:/sbin:/bin:/usr/lib/postgresql/16/bin","GOSU_VERSION=1.17","LANG=en_US.utf8","PG_MAJOR=16","PG_VERSION=16.2-1.pgdg120+2","PGDATA=/var/lib/postgresql/data"],"Cmd":["postgres","-c","fsync=off"],"Image":"postgres:latest","Volumes":{"/var/lib/postgresql/data":{}},"WorkingDir":"","Entrypoint":["docker-entrypoint.sh"],"OnBuild":null,"Labels":{"org.testcontainers":"true","org.testcontainers.lang":"java","org.testcontainers.sessionId":"280e6229-7396-4d60-b1e3-a5de48b5d49b","org.testcontainers.version":"1.19.8"},"StopSignal":"SIGINT"},"NetworkSettings":{"Bridge":"","SandboxID":"86a1ba1d1e2015e3c18ac378d3be678ea4f935661e82563eb8a7b2a31c40e906","SandboxKey":"/var/run/docker/netns/86a1ba1d1e20","Ports":{"5432/tcp":[{"HostIp":"0.0.0.0","HostPort":"51565"}]},"HairpinMode":false,"LinkLocalIPv6Address":"","LinkLocalIPv6PrefixLen":0,"SecondaryIPAddresses":null,"SecondaryIPv6Addresses":null,"EndpointID":"6fe4cd23ddff08167a964ad71576429922e83ab5551653152142af2118d3cff4","Gateway":"172.17.0.1","GlobalIPv6Address":"","GlobalIPv6PrefixLen":0,"IPAddress":"172.17.0.3","IPPrefixLen":16,"IPv6Gateway":"","MacAddress":"02:42:ac:11:00:03","Networks":{"bridge":{"IPAMConfig":null,"Links":null,"Aliases":null,"MacAddress":"02:42:ac:11:00:03","NetworkID":"3c842496be344cbdae878c1dee0957e7bc7c0a2236009c92752030f2b053e72f","EndpointID":"6fe4cd23ddff08167a964ad71576429922e83ab5551653152142af2118d3cff4","Gateway":"172.17.0.1","IPAddress":"172.17.0.3","IPPrefixLen":16,"IPv6Gateway":"","GlobalIPv6Address":"","GlobalIPv6PrefixLen":0,"DriverOpts":null,"DNSNames":null}}}}[\n]"
2024-07-24 14:30:39.289 [Test worker] DEBUG c.g.d.z.s.o.a.hc.client5.http.wire - http-outgoing-17 << "[\r][\n]"
2024-07-24 14:30:39.289 [Test worker] DEBUG c.g.d.z.s.o.a.hc.client5.http.wire - http-outgoing-17 << "0[\r][\n]"
2024-07-24 14:30:39.289 [Test worker] DEBUG c.g.d.z.s.o.a.hc.client5.http.wire - http-outgoing-17 << "[\r][\n]"
2024-07-24 14:30:39.289 [Test worker] DEBUG c.g.d.z.s.o.a.h.c.h.i.c.InternalHttpClient - ep-000000BB: releasing valid endpoint
2024-07-24 14:30:39.289 [Test worker] DEBUG c.g.d.z.s.o.a.h.c.h.i.i.PoolingHttpClientConnectionManager - ep-000000BB: releasing endpoint
2024-07-24 14:30:39.289 [Test worker] DEBUG c.g.d.z.s.o.a.h.c.h.i.i.PoolingHttpClientConnectionManager - ep-000000BB: connection http-outgoing-17 can be kept alive for 3 MINUTES
2024-07-24 14:30:39.289 [Test worker] DEBUG c.g.d.z.s.o.a.h.c.h.i.i.PoolingHttpClientConnectionManager - ep-000000BB: connection released [route: {}->npipe://localhost:2375][total available: 1; route allocated: 1 of 2147483647; total allocated: 1 of 2147483647]
2024-07-24 14:30:39.290 [Test worker] DEBUG o.t.s.c.g.d.c.command.AbstrDockerCmd - Cmd: sha256:8e4fc9e184899a58735e7ee333f5e272d7d2298cf59302006b71f33e217be130
2024-07-24 14:30:39.290 [Test worker] TRACE o.t.s.c.g.d.c.e.InspectImageCmdExec - GET: DefaultWebTarget{path=[/images/sha256:8e4fc9e184899a58735e7ee333f5e272d7d2298cf59302006b71f33e217be130/json], queryParams={}}
2024-07-24 14:30:39.290 [Test worker] DEBUG c.g.d.z.s.o.a.h.c.h.i.c.InternalHttpClient - ex-000000BD: preparing request execution
2024-07-24 14:30:39.290 [Test worker] DEBUG c.g.d.z.s.o.a.h.c.h.p.RequestAddCookies - Cookie spec selected: strict
2024-07-24 14:30:39.290 [Test worker] DEBUG c.g.d.z.s.o.a.h.c.h.p.RequestAuthCache - Auth cache not set in the context
2024-07-24 14:30:39.290 [Test worker] DEBUG c.g.d.z.s.o.a.h.c.h.i.c.ProtocolExec - ex-000000BD: target auth state: UNCHALLENGED
2024-07-24 14:30:39.290 [Test worker] DEBUG c.g.d.z.s.o.a.h.c.h.i.c.ProtocolExec - ex-000000BD: proxy auth state: UNCHALLENGED
2024-07-24 14:30:39.290 [Test worker] DEBUG c.g.d.z.s.o.a.h.c.h.i.c.ConnectExec - ex-000000BD: acquiring connection with route {}->npipe://localhost:2375
2024-07-24 14:30:39.290 [Test worker] DEBUG c.g.d.z.s.o.a.h.c.h.i.c.InternalHttpClient - ex-000000BD: acquiring endpoint (3 MINUTES)
2024-07-24 14:30:39.290 [Test worker] DEBUG c.g.d.z.s.o.a.h.c.h.i.i.PoolingHttpClientConnectionManager - ex-000000BD: endpoint lease request (3 MINUTES) [route: {}->npipe://localhost:2375][total available: 1; route allocated: 1 of 2147483647; total allocated: 1 of 2147483647]
2024-07-24 14:30:39.290 [Test worker] DEBUG c.g.d.z.s.o.a.h.c.h.i.i.PoolingHttpClientConnectionManager - ex-000000BD: endpoint leased [route: {}->npipe://localhost:2375][total available: 0; route allocated: 1 of 2147483647; total allocated: 1 of 2147483647]
2024-07-24 14:30:39.290 [Test worker] DEBUG c.g.d.z.s.o.a.h.c.h.i.i.PoolingHttpClientConnectionManager - ex-000000BD: acquired ep-000000BC
2024-07-24 14:30:39.290 [Test worker] DEBUG c.g.d.z.s.o.a.h.c.h.i.c.InternalHttpClient - ex-000000BD: acquired endpoint ep-000000BC
2024-07-24 14:30:39.290 [Test worker] DEBUG c.g.d.z.s.o.a.h.c.h.i.c.MainClientExec - ex-000000BD: executing GET /v1.32/images/sha256:8e4fc9e184899a58735e7ee333f5e272d7d2298cf59302006b71f33e217be130/json HTTP/1.1
2024-07-24 14:30:39.290 [Test worker] DEBUG c.g.d.z.s.o.a.h.c.h.i.c.InternalHttpClient - ep-000000BC: start execution ex-000000BD
2024-07-24 14:30:39.290 [Test worker] DEBUG c.g.d.z.s.o.a.h.c.h.i.i.PoolingHttpClientConnectionManager - ep-000000BC: executing exchange ex-000000BD over http-outgoing-17
2024-07-24 14:30:39.291 [Test worker] DEBUG c.g.d.z.s.o.a.h.client5.http.headers - http-outgoing-17 >> GET /v1.32/images/sha256:8e4fc9e184899a58735e7ee333f5e272d7d2298cf59302006b71f33e217be130/json HTTP/1.1
2024-07-24 14:30:39.291 [Test worker] DEBUG c.g.d.z.s.o.a.h.client5.http.headers - http-outgoing-17 >> accept: application/json
2024-07-24 14:30:39.291 [Test worker] DEBUG c.g.d.z.s.o.a.h.client5.http.headers - http-outgoing-17 >> x-tc-sid: 280e6229-7396-4d60-b1e3-a5de48b5d49b
2024-07-24 14:30:39.291 [Test worker] DEBUG c.g.d.z.s.o.a.h.client5.http.headers - http-outgoing-17 >> User-Agent: tc-java/1.19.8
2024-07-24 14:30:39.291 [Test worker] DEBUG c.g.d.z.s.o.a.h.client5.http.headers - http-outgoing-17 >> Accept-Encoding: gzip, x-gzip, deflate
2024-07-24 14:30:39.291 [Test worker] DEBUG c.g.d.z.s.o.a.h.client5.http.headers - http-outgoing-17 >> Host: localhost:2375
2024-07-24 14:30:39.291 [Test worker] DEBUG c.g.d.z.s.o.a.h.client5.http.headers - http-outgoing-17 >> Connection: keep-alive
2024-07-24 14:30:39.291 [Test worker] DEBUG c.g.d.z.s.o.a.hc.client5.http.wire - http-outgoing-17 >> "GET /v1.32/images/sha256:8e4fc9e184899a58735e7ee333f5e272d7d2298cf59302006b71f33e217be130/json HTTP/1.1[\r][\n]"
2024-07-24 14:30:39.291 [Test worker] DEBUG c.g.d.z.s.o.a.hc.client5.http.wire - http-outgoing-17 >> "accept: application/json[\r][\n]"
2024-07-24 14:30:39.291 [Test worker] DEBUG c.g.d.z.s.o.a.hc.client5.http.wire - http-outgoing-17 >> "x-tc-sid: 280e6229-7396-4d60-b1e3-a5de48b5d49b[\r][\n]"
2024-07-24 14:30:39.291 [Test worker] DEBUG c.g.d.z.s.o.a.hc.client5.http.wire - http-outgoing-17 >> "User-Agent: tc-java/1.19.8[\r][\n]"
2024-07-24 14:30:39.291 [Test worker] DEBUG c.g.d.z.s.o.a.hc.client5.http.wire - http-outgoing-17 >> "Accept-Encoding: gzip, x-gzip, deflate[\r][\n]"
2024-07-24 14:30:39.291 [Test worker] DEBUG c.g.d.z.s.o.a.hc.client5.http.wire - http-outgoing-17 >> "Host: localhost:2375[\r][\n]"
2024-07-24 14:30:39.291 [Test worker] DEBUG c.g.d.z.s.o.a.hc.client5.http.wire - http-outgoing-17 >> "Connection: keep-alive[\r][\n]"
2024-07-24 14:30:39.291 [Test worker] DEBUG c.g.d.z.s.o.a.hc.client5.http.wire - http-outgoing-17 >> "[\r][\n]"
2024-07-24 14:30:39.294 [Test worker] DEBUG c.g.d.z.s.o.a.hc.client5.http.wire - http-outgoing-17 << "HTTP/1.1 200 OK[\r][\n]"
2024-07-24 14:30:39.294 [Test worker] DEBUG c.g.d.z.s.o.a.hc.client5.http.wire - http-outgoing-17 << "Api-Version: 1.45[\r][\n]"
2024-07-24 14:30:39.294 [Test worker] DEBUG c.g.d.z.s.o.a.hc.client5.http.wire - http-outgoing-17 << "Content-Type: application/json[\r][\n]"
2024-07-24 14:30:39.294 [Test worker] DEBUG c.g.d.z.s.o.a.hc.client5.http.wire - http-outgoing-17 << "Date: Wed, 24 Jul 2024 02:30:39 GMT[\r][\n]"
2024-07-24 14:30:39.294 [Test worker] DEBUG c.g.d.z.s.o.a.hc.client5.http.wire - http-outgoing-17 << "Docker-Experimental: false[\r][\n]"
2024-07-24 14:30:39.294 [Test worker] DEBUG c.g.d.z.s.o.a.hc.client5.http.wire - http-outgoing-17 << "Ostype: linux[\r][\n]"
2024-07-24 14:30:39.294 [Test worker] DEBUG c.g.d.z.s.o.a.hc.client5.http.wire - http-outgoing-17 << "Server: Docker/26.0.0 (linux)[\r][\n]"
2024-07-24 14:30:39.294 [Test worker] DEBUG c.g.d.z.s.o.a.hc.client5.http.wire - http-outgoing-17 << "Transfer-Encoding: chunked[\r][\n]"
2024-07-24 14:30:39.294 [Test worker] DEBUG c.g.d.z.s.o.a.hc.client5.http.wire - http-outgoing-17 << "[\r][\n]"
2024-07-24 14:30:39.294 [Test worker] DEBUG c.g.d.z.s.o.a.h.client5.http.headers - http-outgoing-17 << HTTP/1.1 200 OK
2024-07-24 14:30:39.294 [Test worker] DEBUG c.g.d.z.s.o.a.h.client5.http.headers - http-outgoing-17 << Api-Version: 1.45
2024-07-24 14:30:39.294 [Test worker] DEBUG c.g.d.z.s.o.a.h.client5.http.headers - http-outgoing-17 << Content-Type: application/json
2024-07-24 14:30:39.294 [Test worker] DEBUG c.g.d.z.s.o.a.h.client5.http.headers - http-outgoing-17 << Date: Wed, 24 Jul 2024 02:30:39 GMT
2024-07-24 14:30:39.294 [Test worker] DEBUG c.g.d.z.s.o.a.h.client5.http.headers - http-outgoing-17 << Docker-Experimental: false
2024-07-24 14:30:39.294 [Test worker] DEBUG c.g.d.z.s.o.a.h.client5.http.headers - http-outgoing-17 << Ostype: linux
2024-07-24 14:30:39.294 [Test worker] DEBUG c.g.d.z.s.o.a.h.client5.http.headers - http-outgoing-17 << Server: Docker/26.0.0 (linux)
2024-07-24 14:30:39.294 [Test worker] DEBUG c.g.d.z.s.o.a.h.client5.http.headers - http-outgoing-17 << Transfer-Encoding: chunked
2024-07-24 14:30:39.294 [Test worker] DEBUG c.g.d.z.s.o.a.h.c.h.i.c.MainClientExec - ex-000000BD: connection can be kept alive for 3 MINUTES
2024-07-24 14:30:39.294 [Test worker] DEBUG c.g.d.z.s.o.a.hc.client5.http.wire - http-outgoing-17 << "fcb[\r][\n]"
2024-07-24 14:30:39.295 [Test worker] DEBUG c.g.d.z.s.o.a.hc.client5.http.wire - http-outgoing-17 << "{"Id":"sha256:8e4fc9e184899a58735e7ee333f5e272d7d2298cf59302006b71f33e217be130","RepoTags":["postgres:latest"],"RepoDigests":["postgres@sha256:4aea012537edfad80f98d870a36e6b90b4c09b27be7f4b4759d72db863baeebb"],"Parent":"","Comment":"buildkit.dockerfile.v0","Created":"2024-02-21T00:46:13Z","ContainerConfig":{"Hostname":"","Domainname":"","User":"","AttachStdin":false,"AttachStdout":false,"AttachStderr":false,"Tty":false,"OpenStdin":false,"StdinOnce":false,"Env":null,"Cmd":null,"Image":"","Volumes":null,"WorkingDir":"","Entrypoint":null,"OnBuild":null,"Labels":null},"DockerVersion":"","Author":"","Config":{"Hostname":"","Domainname":"","User":"","AttachStdin":false,"AttachStdout":false,"AttachStderr":false,"ExposedPorts":{"5432/tcp":{}},"Tty":false,"OpenStdin":false,"StdinOnce":false,"Env":["PATH=/usr/local/sbin:/usr/local/bin:/usr/sbin:/usr/bin:/sbin:/bin:/usr/lib/postgresql/16/bin","GOSU_VERSION=1.17","LANG=en_US.utf8","PG_MAJOR=16","PG_VERSION=16.2-1.pgdg120+2","PGDATA=/var/lib/postgresql/data"],"Cmd":["postgres"],"ArgsEscaped":true,"Image":"","Volumes":{"/var/lib/postgresql/data":{}},"WorkingDir":"","Entrypoint":["docker-entrypoint.sh"],"OnBuild":null,"Labels":null,"StopSignal":"SIGINT"},"Architecture":"amd64","Os":"linux","Size":431496964,"VirtualSize":431496964,"GraphDriver":{"Data":{"LowerDir":"/var/lib/docker/overlay2/0eb0ca73e9b0be7c3d7fa8762ef4778a68f38391bc84c037c2e90b88e781b475/diff:/var/lib/docker/overlay2/74e634bddc785c5d436b10a5158cd82e21dc2065fd1cf8ff9c1c12e01575a2d8/diff:/var/lib/docker/overlay2/bb918b2851cd2f508f1e3fdbfff8b7f8b041d61e65fe8c368288bf399e80b818/diff:/var/lib/docker/overlay2/2abab2946cbdc2941ee8ec4024c51dac7313dee9de5fbedd1ca33388c59eb3c8/diff:/var/lib/docker/overlay2/e12f6083ee669bd92743ceb339a896bb25dbe461b718705bb39eb410b80c0ecd/diff:/var/lib/docker/overlay2/ced1e86d670d097da5ed4da7288c22507735918959161c2cd8bf083fb30d169a/diff:/var/lib/docker/overlay2/94e9ac7b74923285ae73af20aeccb964ca9079e2305db367cb85d1603560472d/diff:/var/lib/docker/overlay2/a396b6dfd63f0c228c519871183c614cccf4d366a43460f27ecf97113c3c4be8/diff:/var/lib/docker/overlay2/f58ada5d5080c2bac553c734f81127660a90581a35ed2a92cebe3c59e340875b/diff:/var/lib/docker/overlay2/84f85636f37bf55d945e217b4f87a856eba7932284beaf042561007b66f48977/diff:/var/lib/docker/overlay2/1e6e519613884e91a2b74a588ba35dc8a2f789371ab798ef6e7d9836d756042f/diff:/var/lib/docker/overlay2/14a3151cc8b4f9d27d2e64f1a8abc0c7809309580f2d7e8dc8545055c1d56194/diff:/var/lib/docker/overlay2/5b354b9e793401517fe2f1da697653fdaadffc54888eaf76d67e0600b8c68bdc/diff","MergedDir":"/var/lib/docker/overlay2/8f0ddbd386af0785c2e348570516955816ab350305d698d363962d488eeb15ec/merged","UpperDir":"/var/lib/docker/overlay2/8f0ddbd386af0785c2e348570516955816ab350305d698d363962d488eeb15ec/diff","WorkDir":"/var/lib/docker/overlay2/8f0ddbd386af0785c2e348570516955816ab350305d698d363962d488eeb15ec/work"},"Name":"overlay2"},"RootFS":{"Type":"layers","Layers":["sha256:52ec5a4316fadc09a4a51f82b8d7b66ead0d71bea4f75e81e25b4094c4219061","sha256:5a99d63e3aef066b4fa085cf24d0281681d5530c22f0c93391b854ba5741b62e","sha256:12694c6edf8321950446751b5acc175137946701b72febd6a32ab6e6cb89403b","sha256:beceb355ef35df0b8123db4eddd8f734e7414a3828e463354a913dda6738571d","sha256:0f86e6985ca32f3adeb9f65e3f80b3f2aa37a697d345c84011b2421e5608bc06","sha256:22c31f24613cd6a7b43f3074166d79619574e76f430035be15d909ae45fb97da","sha256:7c32a1ce1cc084a148145553666d5b64e3b6551491d1c3c6cc545b5b69daf5da","sha256:192de40051e6f5b468a60be4e6d162a1bbf3dc4af2dfb0a7aa8db25f86b6e68e","sha256:257f3fc789f6526019470322285b4bfe55e3e09f41150576c0997f370407af14","sha256:2993953b2c109056b0d580a549dae9f902a84a29f3907d96d7329746a8df7fc2","sha256:0bc02fbb093e939812a0ca64bd21a807d815b89c5e034e73026d14535053f4e2","sha256:3866ad927dc8101b32941f0fe6e36e656eba398b92164688ce1d1afdeca7eb09","sha256:2621fdc21b32f8210d30df7b9f44c068fa347ce07f7e1935a2383e5f7e7ddecb","sha256:c116a9ba3dbfe8c6135659ba009883a03bdc660abfedc64e2528baa6d736dbc9"]},"Metadata":{"LastTagTime":"0001-01-01T00:00:00Z"},"Container":""}[\n]"
2024-07-24 14:30:39.295 [Test worker] DEBUG c.g.d.z.s.o.a.hc.client5.http.wire - http-outgoing-17 << "[\r][\n]"
2024-07-24 14:30:39.295 [Test worker] DEBUG c.g.d.z.s.o.a.hc.client5.http.wire - http-outgoing-17 << "0[\r][\n]"
2024-07-24 14:30:39.295 [Test worker] DEBUG c.g.d.z.s.o.a.hc.client5.http.wire - http-outgoing-17 << "[\r][\n]"
2024-07-24 14:30:39.295 [Test worker] DEBUG c.g.d.z.s.o.a.h.c.h.i.c.InternalHttpClient - ep-000000BC: releasing valid endpoint
2024-07-24 14:30:39.295 [Test worker] DEBUG c.g.d.z.s.o.a.h.c.h.i.i.PoolingHttpClientConnectionManager - ep-000000BC: releasing endpoint
2024-07-24 14:30:39.295 [Test worker] DEBUG c.g.d.z.s.o.a.h.c.h.i.i.PoolingHttpClientConnectionManager - ep-000000BC: connection http-outgoing-17 can be kept alive for 3 MINUTES
2024-07-24 14:30:39.295 [Test worker] DEBUG c.g.d.z.s.o.a.h.c.h.i.i.PoolingHttpClientConnectionManager - ep-000000BC: connection released [route: {}->npipe://localhost:2375][total available: 1; route allocated: 1 of 2147483647; total allocated: 1 of 2147483647]
2024-07-24 14:30:39.296 [Test worker] DEBUG o.t.s.c.g.d.c.command.AbstrDockerCmd - Cmd: 
2024-07-24 14:30:39.296 [Test worker] TRACE o.t.s.c.g.d.core.exec.VersionCmdExec - GET: DefaultWebTarget{path=[/version], queryParams={}}
2024-07-24 14:30:39.296 [Test worker] DEBUG c.g.d.z.s.o.a.h.c.h.i.c.InternalHttpClient - ex-000000BE: preparing request execution
2024-07-24 14:30:39.296 [Test worker] DEBUG c.g.d.z.s.o.a.h.c.h.p.RequestAddCookies - Cookie spec selected: strict
2024-07-24 14:30:39.296 [Test worker] DEBUG c.g.d.z.s.o.a.h.c.h.p.RequestAuthCache - Auth cache not set in the context
2024-07-24 14:30:39.296 [Test worker] DEBUG c.g.d.z.s.o.a.h.c.h.i.c.ProtocolExec - ex-000000BE: target auth state: UNCHALLENGED
2024-07-24 14:30:39.296 [Test worker] DEBUG c.g.d.z.s.o.a.h.c.h.i.c.ProtocolExec - ex-000000BE: proxy auth state: UNCHALLENGED
2024-07-24 14:30:39.296 [Test worker] DEBUG c.g.d.z.s.o.a.h.c.h.i.c.ConnectExec - ex-000000BE: acquiring connection with route {}->npipe://localhost:2375
2024-07-24 14:30:39.296 [Test worker] DEBUG c.g.d.z.s.o.a.h.c.h.i.c.InternalHttpClient - ex-000000BE: acquiring endpoint (3 MINUTES)
2024-07-24 14:30:39.296 [Test worker] DEBUG c.g.d.z.s.o.a.h.c.h.i.i.PoolingHttpClientConnectionManager - ex-000000BE: endpoint lease request (3 MINUTES) [route: {}->npipe://localhost:2375][total available: 1; route allocated: 1 of 2147483647; total allocated: 1 of 2147483647]
2024-07-24 14:30:39.297 [Test worker] DEBUG c.g.d.z.s.o.a.h.c.h.i.i.PoolingHttpClientConnectionManager - ex-000000BE: endpoint leased [route: {}->npipe://localhost:2375][total available: 0; route allocated: 1 of 2147483647; total allocated: 1 of 2147483647]
2024-07-24 14:30:39.297 [Test worker] DEBUG c.g.d.z.s.o.a.h.c.h.i.i.PoolingHttpClientConnectionManager - ex-000000BE: acquired ep-000000BD
2024-07-24 14:30:39.297 [Test worker] DEBUG c.g.d.z.s.o.a.h.c.h.i.c.InternalHttpClient - ex-000000BE: acquired endpoint ep-000000BD
2024-07-24 14:30:39.297 [Test worker] DEBUG c.g.d.z.s.o.a.h.c.h.i.c.MainClientExec - ex-000000BE: executing GET /v1.32/version HTTP/1.1
2024-07-24 14:30:39.297 [Test worker] DEBUG c.g.d.z.s.o.a.h.c.h.i.c.InternalHttpClient - ep-000000BD: start execution ex-000000BE
2024-07-24 14:30:39.297 [Test worker] DEBUG c.g.d.z.s.o.a.h.c.h.i.i.PoolingHttpClientConnectionManager - ep-000000BD: executing exchange ex-000000BE over http-outgoing-17
2024-07-24 14:30:39.297 [Test worker] DEBUG c.g.d.z.s.o.a.h.client5.http.headers - http-outgoing-17 >> GET /v1.32/version HTTP/1.1
2024-07-24 14:30:39.297 [Test worker] DEBUG c.g.d.z.s.o.a.h.client5.http.headers - http-outgoing-17 >> accept: application/json
2024-07-24 14:30:39.297 [Test worker] DEBUG c.g.d.z.s.o.a.h.client5.http.headers - http-outgoing-17 >> x-tc-sid: 280e6229-7396-4d60-b1e3-a5de48b5d49b
2024-07-24 14:30:39.297 [Test worker] DEBUG c.g.d.z.s.o.a.h.client5.http.headers - http-outgoing-17 >> User-Agent: tc-java/1.19.8
2024-07-24 14:30:39.297 [Test worker] DEBUG c.g.d.z.s.o.a.h.client5.http.headers - http-outgoing-17 >> Accept-Encoding: gzip, x-gzip, deflate
2024-07-24 14:30:39.297 [Test worker] DEBUG c.g.d.z.s.o.a.h.client5.http.headers - http-outgoing-17 >> Host: localhost:2375
2024-07-24 14:30:39.297 [Test worker] DEBUG c.g.d.z.s.o.a.h.client5.http.headers - http-outgoing-17 >> Connection: keep-alive
2024-07-24 14:30:39.297 [Test worker] DEBUG c.g.d.z.s.o.a.hc.client5.http.wire - http-outgoing-17 >> "GET /v1.32/version HTTP/1.1[\r][\n]"
2024-07-24 14:30:39.297 [Test worker] DEBUG c.g.d.z.s.o.a.hc.client5.http.wire - http-outgoing-17 >> "accept: application/json[\r][\n]"
2024-07-24 14:30:39.297 [Test worker] DEBUG c.g.d.z.s.o.a.hc.client5.http.wire - http-outgoing-17 >> "x-tc-sid: 280e6229-7396-4d60-b1e3-a5de48b5d49b[\r][\n]"
2024-07-24 14:30:39.297 [Test worker] DEBUG c.g.d.z.s.o.a.hc.client5.http.wire - http-outgoing-17 >> "User-Agent: tc-java/1.19.8[\r][\n]"
2024-07-24 14:30:39.297 [Test worker] DEBUG c.g.d.z.s.o.a.hc.client5.http.wire - http-outgoing-17 >> "Accept-Encoding: gzip, x-gzip, deflate[\r][\n]"
2024-07-24 14:30:39.297 [Test worker] DEBUG c.g.d.z.s.o.a.hc.client5.http.wire - http-outgoing-17 >> "Host: localhost:2375[\r][\n]"
2024-07-24 14:30:39.297 [Test worker] DEBUG c.g.d.z.s.o.a.hc.client5.http.wire - http-outgoing-17 >> "Connection: keep-alive[\r][\n]"
2024-07-24 14:30:39.297 [Test worker] DEBUG c.g.d.z.s.o.a.hc.client5.http.wire - http-outgoing-17 >> "[\r][\n]"
2024-07-24 14:30:39.308 [Test worker] DEBUG c.g.d.z.s.o.a.hc.client5.http.wire - http-outgoing-17 << "HTTP/1.1 200 OK[\r][\n]"
2024-07-24 14:30:39.308 [Test worker] DEBUG c.g.d.z.s.o.a.hc.client5.http.wire - http-outgoing-17 << "Api-Version: 1.45[\r][\n]"
2024-07-24 14:30:39.308 [Test worker] DEBUG c.g.d.z.s.o.a.hc.client5.http.wire - http-outgoing-17 << "Content-Type: application/json[\r][\n]"
2024-07-24 14:30:39.308 [Test worker] DEBUG c.g.d.z.s.o.a.hc.client5.http.wire - http-outgoing-17 << "Date: Wed, 24 Jul 2024 02:30:39 GMT[\r][\n]"
2024-07-24 14:30:39.308 [Test worker] DEBUG c.g.d.z.s.o.a.hc.client5.http.wire - http-outgoing-17 << "Docker-Experimental: false[\r][\n]"
2024-07-24 14:30:39.308 [Test worker] DEBUG c.g.d.z.s.o.a.hc.client5.http.wire - http-outgoing-17 << "Ostype: linux[\r][\n]"
2024-07-24 14:30:39.308 [Test worker] DEBUG c.g.d.z.s.o.a.hc.client5.http.wire - http-outgoing-17 << "Server: Docker/26.0.0 (linux)[\r][\n]"
2024-07-24 14:30:39.308 [Test worker] DEBUG c.g.d.z.s.o.a.hc.client5.http.wire - http-outgoing-17 << "Transfer-Encoding: chunked[\r][\n]"
2024-07-24 14:30:39.308 [Test worker] DEBUG c.g.d.z.s.o.a.hc.client5.http.wire - http-outgoing-17 << "[\r][\n]"
2024-07-24 14:30:39.309 [Test worker] DEBUG c.g.d.z.s.o.a.h.client5.http.headers - http-outgoing-17 << HTTP/1.1 200 OK
2024-07-24 14:30:39.309 [Test worker] DEBUG c.g.d.z.s.o.a.h.client5.http.headers - http-outgoing-17 << Api-Version: 1.45
2024-07-24 14:30:39.309 [Test worker] DEBUG c.g.d.z.s.o.a.h.client5.http.headers - http-outgoing-17 << Content-Type: application/json
2024-07-24 14:30:39.309 [Test worker] DEBUG c.g.d.z.s.o.a.h.client5.http.headers - http-outgoing-17 << Date: Wed, 24 Jul 2024 02:30:39 GMT
2024-07-24 14:30:39.309 [Test worker] DEBUG c.g.d.z.s.o.a.h.client5.http.headers - http-outgoing-17 << Docker-Experimental: false
2024-07-24 14:30:39.309 [Test worker] DEBUG c.g.d.z.s.o.a.h.client5.http.headers - http-outgoing-17 << Ostype: linux
2024-07-24 14:30:39.309 [Test worker] DEBUG c.g.d.z.s.o.a.h.client5.http.headers - http-outgoing-17 << Server: Docker/26.0.0 (linux)
2024-07-24 14:30:39.309 [Test worker] DEBUG c.g.d.z.s.o.a.h.client5.http.headers - http-outgoing-17 << Transfer-Encoding: chunked
2024-07-24 14:30:39.309 [Test worker] DEBUG c.g.d.z.s.o.a.h.c.h.i.c.MainClientExec - ex-000000BE: connection can be kept alive for 3 MINUTES
2024-07-24 14:30:39.309 [Test worker] DEBUG c.g.d.z.s.o.a.hc.client5.http.wire - http-outgoing-17 << "35f[\r][\n]"
2024-07-24 14:30:39.309 [Test worker] DEBUG c.g.d.z.s.o.a.hc.client5.http.wire - http-outgoing-17 << "{"Platform":{"Name":"Docker Desktop 4.29.0 (145265)"},"Components":[{"Name":"Engine","Version":"26.0.0","Details":{"ApiVersion":"1.45","Arch":"amd64","BuildTime":"2024-03-20T15:18:01.000000000+00:00","Experimental":"false","GitCommit":"8b79278","GoVersion":"go1.21.8","KernelVersion":"5.15.153.1-microsoft-standard-WSL2","MinAPIVersion":"1.24","Os":"linux"}},{"Name":"containerd","Version":"1.6.28","Details":{"GitCommit":"ae07eda36dd25f8a1b98dfbf587313b99c0190bb"}},{"Name":"runc","Version":"1.1.12","Details":{"GitCommit":"v1.1.12-0-g51d5e94"}},{"Name":"docker-init","Version":"0.19.0","Details":{"GitCommit":"de40ad0"}}],"Version":"26.0.0","ApiVersion":"1.45","MinAPIVersion":"1.24","GitCommit":"8b79278","GoVersion":"go1.21.8","Os":"linux","Arch":"amd64","KernelVersion":"5.15.153.1-microsoft-standard-WSL2","BuildTime":"2024-03-20T15:18:01.000000000+00:00"}[\n]"
2024-07-24 14:30:39.309 [Test worker] DEBUG c.g.d.z.s.o.a.hc.client5.http.wire - http-outgoing-17 << "[\r][\n]"
2024-07-24 14:30:39.309 [Test worker] DEBUG c.g.d.z.s.o.a.hc.client5.http.wire - http-outgoing-17 << "0[\r][\n]"
2024-07-24 14:30:39.309 [Test worker] DEBUG c.g.d.z.s.o.a.hc.client5.http.wire - http-outgoing-17 << "[\r][\n]"
2024-07-24 14:30:39.309 [Test worker] DEBUG c.g.d.z.s.o.a.h.c.h.i.c.InternalHttpClient - ep-000000BD: releasing valid endpoint
2024-07-24 14:30:39.309 [Test worker] DEBUG c.g.d.z.s.o.a.h.c.h.i.i.PoolingHttpClientConnectionManager - ep-000000BD: releasing endpoint
2024-07-24 14:30:39.309 [Test worker] DEBUG c.g.d.z.s.o.a.h.c.h.i.i.PoolingHttpClientConnectionManager - ep-000000BD: connection http-outgoing-17 can be kept alive for 3 MINUTES
2024-07-24 14:30:39.309 [Test worker] DEBUG c.g.d.z.s.o.a.h.c.h.i.i.PoolingHttpClientConnectionManager - ep-000000BD: connection released [route: {}->npipe://localhost:2375][total available: 1; route allocated: 1 of 2147483647; total allocated: 1 of 2147483647]
2024-07-24 14:30:39.310 [Test worker] TRACE o.t.s.c.g.d.c.e.LogContainerCmdExec - GET: DefaultWebTarget{path=[/containers/61241ef5988020b430e66b415bf724770a48d6faea2b33e38c2474e7cb7f239c/logs], queryParams={stdout=[true], stderr=[true], follow=[true], since=[0]}}
2024-07-24 14:30:39.310 [docker-java-stream-1827958680] DEBUG c.g.d.z.s.o.a.h.c.h.i.c.InternalHttpClient - ex-000000BF: preparing request execution
2024-07-24 14:30:39.311 [docker-java-stream-1827958680] DEBUG c.g.d.z.s.o.a.h.c.h.p.RequestAddCookies - Cookie spec selected: strict
2024-07-24 14:30:39.311 [docker-java-stream-1827958680] DEBUG c.g.d.z.s.o.a.h.c.h.p.RequestAuthCache - Auth cache not set in the context
2024-07-24 14:30:39.311 [docker-java-stream-1827958680] DEBUG c.g.d.z.s.o.a.h.c.h.i.c.ProtocolExec - ex-000000BF: target auth state: UNCHALLENGED
2024-07-24 14:30:39.311 [docker-java-stream-1827958680] DEBUG c.g.d.z.s.o.a.h.c.h.i.c.ProtocolExec - ex-000000BF: proxy auth state: UNCHALLENGED
2024-07-24 14:30:39.311 [docker-java-stream-1827958680] DEBUG c.g.d.z.s.o.a.h.c.h.i.c.ConnectExec - ex-000000BF: acquiring connection with route {}->npipe://localhost:2375
2024-07-24 14:30:39.311 [docker-java-stream-1827958680] DEBUG c.g.d.z.s.o.a.h.c.h.i.c.InternalHttpClient - ex-000000BF: acquiring endpoint (3 MINUTES)
2024-07-24 14:30:39.311 [docker-java-stream-1827958680] DEBUG c.g.d.z.s.o.a.h.c.h.i.i.PoolingHttpClientConnectionManager - ex-000000BF: endpoint lease request (3 MINUTES) [route: {}->npipe://localhost:2375][total available: 1; route allocated: 1 of 2147483647; total allocated: 1 of 2147483647]
2024-07-24 14:30:39.311 [docker-java-stream-1827958680] DEBUG c.g.d.z.s.o.a.h.c.h.i.i.PoolingHttpClientConnectionManager - ex-000000BF: endpoint leased [route: {}->npipe://localhost:2375][total available: 0; route allocated: 1 of 2147483647; total allocated: 1 of 2147483647]
2024-07-24 14:30:39.311 [docker-java-stream-1827958680] DEBUG c.g.d.z.s.o.a.h.c.h.i.i.PoolingHttpClientConnectionManager - ex-000000BF: acquired ep-000000BE
2024-07-24 14:30:39.311 [docker-java-stream-1827958680] DEBUG c.g.d.z.s.o.a.h.c.h.i.c.InternalHttpClient - ex-000000BF: acquired endpoint ep-000000BE
2024-07-24 14:30:39.311 [docker-java-stream-1827958680] DEBUG c.g.d.z.s.o.a.h.c.h.i.c.MainClientExec - ex-000000BF: executing GET /v1.32/containers/61241ef5988020b430e66b415bf724770a48d6faea2b33e38c2474e7cb7f239c/logs?stdout=true&stderr=true&follow=true&since=0 HTTP/1.1
2024-07-24 14:30:39.311 [docker-java-stream-1827958680] DEBUG c.g.d.z.s.o.a.h.c.h.i.c.InternalHttpClient - ep-000000BE: start execution ex-000000BF
2024-07-24 14:30:39.311 [docker-java-stream-1827958680] DEBUG c.g.d.z.s.o.a.h.c.h.i.i.PoolingHttpClientConnectionManager - ep-000000BE: executing exchange ex-000000BF over http-outgoing-17
2024-07-24 14:30:39.311 [docker-java-stream-1827958680] DEBUG c.g.d.z.s.o.a.h.client5.http.headers - http-outgoing-17 >> GET /v1.32/containers/61241ef5988020b430e66b415bf724770a48d6faea2b33e38c2474e7cb7f239c/logs?stdout=true&stderr=true&follow=true&since=0 HTTP/1.1
2024-07-24 14:30:39.311 [docker-java-stream-1827958680] DEBUG c.g.d.z.s.o.a.h.client5.http.headers - http-outgoing-17 >> x-tc-sid: 280e6229-7396-4d60-b1e3-a5de48b5d49b
2024-07-24 14:30:39.311 [docker-java-stream-1827958680] DEBUG c.g.d.z.s.o.a.h.client5.http.headers - http-outgoing-17 >> User-Agent: tc-java/1.19.8
2024-07-24 14:30:39.311 [docker-java-stream-1827958680] DEBUG c.g.d.z.s.o.a.h.client5.http.headers - http-outgoing-17 >> Accept-Encoding: gzip, x-gzip, deflate
2024-07-24 14:30:39.311 [docker-java-stream-1827958680] DEBUG c.g.d.z.s.o.a.h.client5.http.headers - http-outgoing-17 >> Host: localhost:2375
2024-07-24 14:30:39.311 [docker-java-stream-1827958680] DEBUG c.g.d.z.s.o.a.h.client5.http.headers - http-outgoing-17 >> Connection: keep-alive
2024-07-24 14:30:39.311 [docker-java-stream-1827958680] DEBUG c.g.d.z.s.o.a.hc.client5.http.wire - http-outgoing-17 >> "GET /v1.32/containers/61241ef5988020b430e66b415bf724770a48d6faea2b33e38c2474e7cb7f239c/logs?stdout=true&stderr=true&follow=true&since=0 HTTP/1.1[\r][\n]"
2024-07-24 14:30:39.311 [docker-java-stream-1827958680] DEBUG c.g.d.z.s.o.a.hc.client5.http.wire - http-outgoing-17 >> "x-tc-sid: 280e6229-7396-4d60-b1e3-a5de48b5d49b[\r][\n]"
2024-07-24 14:30:39.311 [docker-java-stream-1827958680] DEBUG c.g.d.z.s.o.a.hc.client5.http.wire - http-outgoing-17 >> "User-Agent: tc-java/1.19.8[\r][\n]"
2024-07-24 14:30:39.311 [docker-java-stream-1827958680] DEBUG c.g.d.z.s.o.a.hc.client5.http.wire - http-outgoing-17 >> "Accept-Encoding: gzip, x-gzip, deflate[\r][\n]"
2024-07-24 14:30:39.311 [docker-java-stream-1827958680] DEBUG c.g.d.z.s.o.a.hc.client5.http.wire - http-outgoing-17 >> "Host: localhost:2375[\r][\n]"
2024-07-24 14:30:39.311 [docker-java-stream-1827958680] DEBUG c.g.d.z.s.o.a.hc.client5.http.wire - http-outgoing-17 >> "Connection: keep-alive[\r][\n]"
2024-07-24 14:30:39.311 [docker-java-stream-1827958680] DEBUG c.g.d.z.s.o.a.hc.client5.http.wire - http-outgoing-17 >> "[\r][\n]"
2024-07-24 14:30:39.314 [docker-java-stream-1827958680] DEBUG c.g.d.z.s.o.a.hc.client5.http.wire - http-outgoing-17 << "HTTP/1.1 200 OK[\r][\n]"
2024-07-24 14:30:39.314 [docker-java-stream-1827958680] DEBUG c.g.d.z.s.o.a.hc.client5.http.wire - http-outgoing-17 << "Api-Version: 1.45[\r][\n]"
2024-07-24 14:30:39.314 [docker-java-stream-1827958680] DEBUG c.g.d.z.s.o.a.hc.client5.http.wire - http-outgoing-17 << "Content-Type: application/vnd.docker.raw-stream[\r][\n]"
2024-07-24 14:30:39.314 [docker-java-stream-1827958680] DEBUG c.g.d.z.s.o.a.hc.client5.http.wire - http-outgoing-17 << "Date: Wed, 24 Jul 2024 02:30:39 GMT[\r][\n]"
2024-07-24 14:30:39.314 [docker-java-stream-1827958680] DEBUG c.g.d.z.s.o.a.hc.client5.http.wire - http-outgoing-17 << "Docker-Experimental: false[\r][\n]"
2024-07-24 14:30:39.314 [docker-java-stream-1827958680] DEBUG c.g.d.z.s.o.a.hc.client5.http.wire - http-outgoing-17 << "Ostype: linux[\r][\n]"
2024-07-24 14:30:39.314 [docker-java-stream-1827958680] DEBUG c.g.d.z.s.o.a.hc.client5.http.wire - http-outgoing-17 << "Server: Docker/26.0.0 (linux)[\r][\n]"
2024-07-24 14:30:39.314 [docker-java-stream-1827958680] DEBUG c.g.d.z.s.o.a.hc.client5.http.wire - http-outgoing-17 << "Transfer-Encoding: chunked[\r][\n]"
2024-07-24 14:30:39.314 [docker-java-stream-1827958680] DEBUG c.g.d.z.s.o.a.hc.client5.http.wire - http-outgoing-17 << "[\r][\n]"
2024-07-24 14:30:39.315 [docker-java-stream-1827958680] DEBUG c.g.d.z.s.o.a.h.client5.http.headers - http-outgoing-17 << HTTP/1.1 200 OK
2024-07-24 14:30:39.315 [docker-java-stream-1827958680] DEBUG c.g.d.z.s.o.a.h.client5.http.headers - http-outgoing-17 << Api-Version: 1.45
2024-07-24 14:30:39.315 [docker-java-stream-1827958680] DEBUG c.g.d.z.s.o.a.h.client5.http.headers - http-outgoing-17 << Content-Type: application/vnd.docker.raw-stream
2024-07-24 14:30:39.315 [docker-java-stream-1827958680] DEBUG c.g.d.z.s.o.a.h.client5.http.headers - http-outgoing-17 << Date: Wed, 24 Jul 2024 02:30:39 GMT
2024-07-24 14:30:39.315 [docker-java-stream-1827958680] DEBUG c.g.d.z.s.o.a.h.client5.http.headers - http-outgoing-17 << Docker-Experimental: false
2024-07-24 14:30:39.315 [docker-java-stream-1827958680] DEBUG c.g.d.z.s.o.a.h.client5.http.headers - http-outgoing-17 << Ostype: linux
2024-07-24 14:30:39.315 [docker-java-stream-1827958680] DEBUG c.g.d.z.s.o.a.h.client5.http.headers - http-outgoing-17 << Server: Docker/26.0.0 (linux)
2024-07-24 14:30:39.315 [docker-java-stream-1827958680] DEBUG c.g.d.z.s.o.a.h.client5.http.headers - http-outgoing-17 << Transfer-Encoding: chunked
2024-07-24 14:30:39.315 [docker-java-stream-1827958680] DEBUG c.g.d.z.s.o.a.h.c.h.i.c.MainClientExec - ex-000000BF: connection can be kept alive for 3 MINUTES
2024-07-24 14:30:39.324 [docker-java-stream-1827958680] DEBUG c.g.d.z.s.o.a.hc.client5.http.wire - http-outgoing-17 << "1fd[\r][\n]"
2024-07-24 14:30:39.324 [docker-java-stream-1827958680] DEBUG c.g.d.z.s.o.a.hc.client5.http.wire - http-outgoing-17 << "[0x1][0x0][0x0][0x0][0x0][0x0][0x0]NThe files belonging to this database system will be owned by user "postgres".[\n]"
2024-07-24 14:30:39.324 [docker-java-stream-1827958680] DEBUG c.g.d.z.s.o.a.hc.client5.http.wire - http-outgoing-17 << "[0x1][0x0][0x0][0x0][0x0][0x0][0x0],This user must also own the server process.[\n]"
2024-07-24 14:30:39.324 [docker-java-stream-1827958680] DEBUG c.g.d.z.s.o.a.hc.client5.http.wire - http-outgoing-17 << "[0x1][0x0][0x0][0x0][0x0][0x0][0x0][0x1][\n]"
2024-07-24 14:30:39.324 [docker-java-stream-1827958680] DEBUG c.g.d.z.s.o.a.hc.client5.http.wire - http-outgoing-17 << "[0x1][0x0][0x0][0x0][0x0][0x0][0x0]CThe database cluster will be initialized with locale "en_US.utf8".[\n]"
2024-07-24 14:30:39.324 [docker-java-stream-1827958680] DEBUG c.g.d.z.s.o.a.hc.client5.http.wire - http-outgoing-17 << "[0x1][0x0][0x0][0x0][0x0][0x0][0x0]BThe default database encoding has accordingly been set to "UTF8".[\n]"
2024-07-24 14:30:39.324 [docker-java-stream-1827958680] DEBUG c.g.d.z.s.o.a.hc.client5.http.wire - http-outgoing-17 << "[0x1][0x0][0x0][0x0][0x0][0x0][0x0]@The default text search configuration will be set to "english".[\n]"
2024-07-24 14:30:39.324 [docker-java-stream-1827958680] DEBUG c.g.d.z.s.o.a.hc.client5.http.wire - http-outgoing-17 << "[0x1][0x0][0x0][0x0][0x0][0x0][0x0][0x1][\n]"
2024-07-24 14:30:39.324 [docker-java-stream-1827958680] DEBUG c.g.d.z.s.o.a.hc.client5.http.wire - http-outgoing-17 << "[0x1][0x0][0x0][0x0][0x0][0x0][0x0]"Data page checksums are disabled.[\n]"
2024-07-24 14:30:39.324 [docker-java-stream-1827958680] DEBUG c.g.d.z.s.o.a.hc.client5.http.wire - http-outgoing-17 << "[0x1][0x0][0x0][0x0][0x0][0x0][0x0][0x1][\n]"
2024-07-24 14:30:39.324 [docker-java-stream-1827958680] DEBUG c.g.d.z.s.o.a.hc.client5.http.wire - http-outgoing-17 << "[0x1][0x0][0x0][0x0][0x0][0x0][0x0]Ifixing permissions on existing directory /var/lib/postgresql/data ... ok[\n]"
2024-07-24 14:30:39.324 [docker-java-stream-1827958680] DEBUG c.g.d.z.s.o.a.hc.client5.http.wire - http-outgoing-17 << "[\r][\n]"
2024-07-24 14:30:39.324 [Test worker] DEBUG o.t.c.output.WaitingConsumer - STDOUT: fixing permissions on existing directory /var/lib/postgresql/data ... ok
2024-07-24 14:30:39.324 [Test worker] DEBUG o.t.c.output.WaitingConsumer - STDOUT: 
2024-07-24 14:30:39.324 [Test worker] DEBUG o.t.c.output.WaitingConsumer - STDOUT: Data page checksums are disabled.
2024-07-24 14:30:39.324 [Test worker] DEBUG o.t.c.output.WaitingConsumer - STDOUT: 
2024-07-24 14:30:39.324 [Test worker] DEBUG o.t.c.output.WaitingConsumer - STDOUT: The default text search configuration will be set to "english".
2024-07-24 14:30:39.324 [Test worker] DEBUG o.t.c.output.WaitingConsumer - STDOUT: The default database encoding has accordingly been set to "UTF8".
2024-07-24 14:30:39.324 [Test worker] DEBUG o.t.c.output.WaitingConsumer - STDOUT: The database cluster will be initialized with locale "en_US.utf8".
2024-07-24 14:30:39.324 [Test worker] DEBUG o.t.c.output.WaitingConsumer - STDOUT: 
2024-07-24 14:30:39.324 [Test worker] DEBUG o.t.c.output.WaitingConsumer - STDOUT: This user must also own the server process.
2024-07-24 14:30:39.324 [Test worker] DEBUG o.t.c.output.WaitingConsumer - STDOUT: The files belonging to this database system will be owned by user "postgres".
2024-07-24 14:30:39.328 [docker-java-stream-1827958680] DEBUG c.g.d.z.s.o.a.hc.client5.http.wire - http-outgoing-17 << "68[\r][\n]"
2024-07-24 14:30:39.328 [docker-java-stream-1827958680] DEBUG c.g.d.z.s.o.a.hc.client5.http.wire - http-outgoing-17 << "[0x1][0x0][0x0][0x0][0x0][0x0][0x0][0x1f]creating subdirectories ... ok[\n]"
2024-07-24 14:30:39.328 [docker-java-stream-1827958680] DEBUG c.g.d.z.s.o.a.hc.client5.http.wire - http-outgoing-17 << "[0x1][0x0][0x0][0x0][0x0][0x0][0x0]9selecting dynamic shared memory implementation ... posix[\n]"
2024-07-24 14:30:39.328 [docker-java-stream-1827958680] DEBUG c.g.d.z.s.o.a.hc.client5.http.wire - http-outgoing-17 << "[\r][\n]"
2024-07-24 14:30:39.335 [Test worker] DEBUG o.t.c.output.WaitingConsumer - STDOUT: selecting dynamic shared memory implementation ... posix
2024-07-24 14:30:39.335 [Test worker] DEBUG o.t.c.output.WaitingConsumer - STDOUT: creating subdirectories ... ok
2024-07-24 14:30:39.347 [docker-java-stream-1827958680] DEBUG c.g.d.z.s.o.a.hc.client5.http.wire - http-outgoing-17 << "32[\r][\n]"
2024-07-24 14:30:39.347 [docker-java-stream-1827958680] DEBUG c.g.d.z.s.o.a.hc.client5.http.wire - http-outgoing-17 << "[0x1][0x0][0x0][0x0][0x0][0x0][0x0]*selecting default max_connections ... 100[\n]"
2024-07-24 14:30:39.347 [docker-java-stream-1827958680] DEBUG c.g.d.z.s.o.a.hc.client5.http.wire - http-outgoing-17 << "[\r][\n]"
2024-07-24 14:30:39.349 [Test worker] DEBUG o.t.c.output.WaitingConsumer - STDOUT: selecting default max_connections ... 100
2024-07-24 14:30:39.371 [docker-java-stream-1827958680] DEBUG c.g.d.z.s.o.a.hc.client5.http.wire - http-outgoing-17 << "33[\r][\n]"
2024-07-24 14:30:39.371 [docker-java-stream-1827958680] DEBUG c.g.d.z.s.o.a.hc.client5.http.wire - http-outgoing-17 << "[0x1][0x0][0x0][0x0][0x0][0x0][0x0]+selecting default shared_buffers ... 128MB[\n]"
2024-07-24 14:30:39.371 [docker-java-stream-1827958680] DEBUG c.g.d.z.s.o.a.hc.client5.http.wire - http-outgoing-17 << "[\r][\n]"
2024-07-24 14:30:39.372 [Test worker] DEBUG o.t.c.output.WaitingConsumer - STDOUT: selecting default shared_buffers ... 128MB
2024-07-24 14:30:39.392 [docker-java-stream-1827958680] DEBUG c.g.d.z.s.o.a.hc.client5.http.wire - http-outgoing-17 << "30[\r][\n]"
2024-07-24 14:30:39.392 [docker-java-stream-1827958680] DEBUG c.g.d.z.s.o.a.hc.client5.http.wire - http-outgoing-17 << "[0x1][0x0][0x0][0x0][0x0][0x0][0x0](selecting default time zone ... Etc/UTC[\n]"
2024-07-24 14:30:39.392 [docker-java-stream-1827958680] DEBUG c.g.d.z.s.o.a.hc.client5.http.wire - http-outgoing-17 << "[\r][\n]"
2024-07-24 14:30:39.393 [docker-java-stream-1827958680] DEBUG c.g.d.z.s.o.a.hc.client5.http.wire - http-outgoing-17 << "2c[\r][\n]"
2024-07-24 14:30:39.393 [docker-java-stream-1827958680] DEBUG c.g.d.z.s.o.a.hc.client5.http.wire - http-outgoing-17 << "[0x1][0x0][0x0][0x0][0x0][0x0][0x0]$creating configuration files ... ok[\n]"
2024-07-24 14:30:39.393 [docker-java-stream-1827958680] DEBUG c.g.d.z.s.o.a.hc.client5.http.wire - http-outgoing-17 << "[\r][\n]"
2024-07-24 14:30:39.396 [Test worker] DEBUG o.t.c.output.WaitingConsumer - STDOUT: creating configuration files ... ok
2024-07-24 14:30:39.396 [Test worker] DEBUG o.t.c.output.WaitingConsumer - STDOUT: selecting default time zone ... Etc/UTC
2024-07-24 14:30:39.526 [docker-java-stream-1827958680] DEBUG c.g.d.z.s.o.a.hc.client5.http.wire - http-outgoing-17 << "28[\r][\n]"
2024-07-24 14:30:39.526 [docker-java-stream-1827958680] DEBUG c.g.d.z.s.o.a.hc.client5.http.wire - http-outgoing-17 << "[0x1][0x0][0x0][0x0][0x0][0x0][0x0] running bootstrap script ... ok[\n]"
2024-07-24 14:30:39.526 [docker-java-stream-1827958680] DEBUG c.g.d.z.s.o.a.hc.client5.http.wire - http-outgoing-17 << "[\r][\n]"
2024-07-24 14:30:39.535 [Test worker] DEBUG o.t.c.output.WaitingConsumer - STDOUT: running bootstrap script ... ok
2024-07-24 14:30:39.850 [docker-java-stream-1827958680] DEBUG c.g.d.z.s.o.a.hc.client5.http.wire - http-outgoing-17 << "38[\r][\n]"
2024-07-24 14:30:39.850 [docker-java-stream-1827958680] DEBUG c.g.d.z.s.o.a.hc.client5.http.wire - http-outgoing-17 << "[0x1][0x0][0x0][0x0][0x0][0x0][0x0]0performing post-bootstrap initialization ... ok[\n]"
2024-07-24 14:30:39.850 [docker-java-stream-1827958680] DEBUG c.g.d.z.s.o.a.hc.client5.http.wire - http-outgoing-17 << "[\r][\n]"
2024-07-24 14:30:39.850 [Test worker] DEBUG o.t.c.output.WaitingConsumer - STDOUT: performing post-bootstrap initialization ... ok
2024-07-24 14:30:40.190 [docker-java-stream-1827958680] DEBUG c.g.d.z.s.o.a.hc.client5.http.wire - http-outgoing-17 << "1ad[\r][\n]"
2024-07-24 14:30:40.190 [docker-java-stream-1827958680] DEBUG c.g.d.z.s.o.a.hc.client5.http.wire - http-outgoing-17 << "[0x2][0x0][0x0][0x0][0x0][0x0][0x0]Ginitdb: warning: enabling "trust" authentication for local connections[\n]"
2024-07-24 14:30:40.190 [docker-java-stream-1827958680] DEBUG c.g.d.z.s.o.a.hc.client5.http.wire - http-outgoing-17 << "[0x2][0x0][0x0][0x0][0x0][0x0][0x0][0xffffff90]initdb: hint: You can change this by editing pg_hba.conf or using the option -A, or --auth-local and --auth-host, the next time you run initdb.[\n]"
2024-07-24 14:30:40.190 [docker-java-stream-1827958680] DEBUG c.g.d.z.s.o.a.hc.client5.http.wire - http-outgoing-17 << "[0x1][0x0][0x0][0x0][0x0][0x0][0x0][0x1c]syncing data to disk ... ok[\n]"
2024-07-24 14:30:40.190 [docker-java-stream-1827958680] DEBUG c.g.d.z.s.o.a.hc.client5.http.wire - http-outgoing-17 << "[0x1][0x0][0x0][0x0][0x0][0x0][0x0][0x1][\n]"
2024-07-24 14:30:40.190 [docker-java-stream-1827958680] DEBUG c.g.d.z.s.o.a.hc.client5.http.wire - http-outgoing-17 << "[0x1][0x0][0x0][0x0][0x0][0x0][0x0][0x1][\n]"
2024-07-24 14:30:40.190 [docker-java-stream-1827958680] DEBUG c.g.d.z.s.o.a.hc.client5.http.wire - http-outgoing-17 << "[0x1][0x0][0x0][0x0][0x0][0x0][0x0]6Success. You can now start the database server using:[\n]"
2024-07-24 14:30:40.190 [docker-java-stream-1827958680] DEBUG c.g.d.z.s.o.a.hc.client5.http.wire - http-outgoing-17 << "[0x1][0x0][0x0][0x0][0x0][0x0][0x0][0x1][\n]"
2024-07-24 14:30:40.190 [docker-java-stream-1827958680] DEBUG c.g.d.z.s.o.a.hc.client5.http.wire - http-outgoing-17 << "[0x1][0x0][0x0][0x0][0x0][0x0][0x0]8    pg_ctl -D /var/lib/postgresql/data -l logfile start[\n]"
2024-07-24 14:30:40.190 [docker-java-stream-1827958680] DEBUG c.g.d.z.s.o.a.hc.client5.http.wire - http-outgoing-17 << "[0x1][0x0][0x0][0x0][0x0][0x0][0x0][0x1][\n]"
2024-07-24 14:30:40.190 [docker-java-stream-1827958680] DEBUG c.g.d.z.s.o.a.hc.client5.http.wire - http-outgoing-17 << "[\r][\n]"
2024-07-24 14:30:40.191 [Test worker] DEBUG o.t.c.output.WaitingConsumer - STDOUT: Success. You can now start the database server using:
2024-07-24 14:30:40.191 [Test worker] DEBUG o.t.c.output.WaitingConsumer - STDOUT: 
2024-07-24 14:30:40.191 [Test worker] DEBUG o.t.c.output.WaitingConsumer - STDOUT:     pg_ctl -D /var/lib/postgresql/data -l logfile start
2024-07-24 14:30:40.191 [Test worker] DEBUG o.t.c.output.WaitingConsumer - STDOUT: 
2024-07-24 14:30:40.191 [Test worker] DEBUG o.t.c.output.WaitingConsumer - STDOUT: 
2024-07-24 14:30:40.191 [Test worker] DEBUG o.t.c.output.WaitingConsumer - STDOUT: 
2024-07-24 14:30:40.191 [Test worker] DEBUG o.t.c.output.WaitingConsumer - STDOUT: syncing data to disk ... ok
2024-07-24 14:30:40.191 [Test worker] DEBUG o.t.c.output.WaitingConsumer - STDERR: initdb: hint: You can change this by editing pg_hba.conf or using the option -A, or --auth-local and --auth-host, the next time you run initdb.
2024-07-24 14:30:40.191 [Test worker] DEBUG o.t.c.output.WaitingConsumer - STDERR: initdb: warning: enabling "trust" authentication for local connections
2024-07-24 14:30:40.229 [docker-java-stream-1827958680] DEBUG c.g.d.z.s.o.a.hc.client5.http.wire - http-outgoing-17 << "137[\r][\n]"
2024-07-24 14:30:40.229 [docker-java-stream-1827958680] DEBUG c.g.d.z.s.o.a.hc.client5.http.wire - http-outgoing-17 << "[0x1][0x0][0x0][0x0][0x0][0x0][0x0][0xffffffc3]waiting for server to start....2024-07-24 02:30:40.228 UTC [48] LOG:  starting PostgreSQL 16.2 (Debian 16.2-1.pgdg120+2) on x86_64-pc-linux-gnu, compiled by gcc (Debian 12.2.0-14) 12.2.0, 64-bit[\n]"
2024-07-24 14:30:40.229 [docker-java-stream-1827958680] DEBUG c.g.d.z.s.o.a.hc.client5.http.wire - http-outgoing-17 << "[0x1][0x0][0x0][0x0][0x0][0x0][0x0]d2024-07-24 02:30:40.228 UTC [48] LOG:  listening on Unix socket "/var/run/postgresql/.s.PGSQL.5432"[\n]"
2024-07-24 14:30:40.229 [docker-java-stream-1827958680] DEBUG c.g.d.z.s.o.a.hc.client5.http.wire - http-outgoing-17 << "[\r][\n]"
2024-07-24 14:30:40.229 [Test worker] DEBUG o.t.c.output.WaitingConsumer - STDOUT: waiting for server to start....2024-07-24 02:30:40.228 UTC [48] LOG:  starting PostgreSQL 16.2 (Debian 16.2-1.pgdg120+2) on x86_64-pc-linux-gnu, compiled by gcc (Debian 12.2.0-14) 12.2.0, 64-bit
2024-07-24 14:30:40.229 [Test worker] DEBUG o.t.c.output.WaitingConsumer - STDOUT: 2024-07-24 02:30:40.228 UTC [48] LOG:  listening on Unix socket "/var/run/postgresql/.s.PGSQL.5432"
2024-07-24 14:30:40.231 [docker-java-stream-1827958680] DEBUG c.g.d.z.s.o.a.hc.client5.http.wire - http-outgoing-17 << "68[\r][\n]"
2024-07-24 14:30:40.231 [docker-java-stream-1827958680] DEBUG c.g.d.z.s.o.a.hc.client5.http.wire - http-outgoing-17 << "[0x1][0x0][0x0][0x0][0x0][0x0][0x0]`2024-07-24 02:30:40.230 UTC [51] LOG:  database system was shut down at 2024-07-24 02:30:39 UTC[\n]"
2024-07-24 14:30:40.231 [docker-java-stream-1827958680] DEBUG c.g.d.z.s.o.a.hc.client5.http.wire - http-outgoing-17 << "[\r][\n]"
2024-07-24 14:30:40.234 [docker-java-stream-1827958680] DEBUG c.g.d.z.s.o.a.hc.client5.http.wire - http-outgoing-17 << "5e[\r][\n]"
2024-07-24 14:30:40.234 [docker-java-stream-1827958680] DEBUG c.g.d.z.s.o.a.hc.client5.http.wire - http-outgoing-17 << "[0x1][0x0][0x0][0x0][0x0][0x0][0x0]V2024-07-24 02:30:40.234 UTC [48] LOG:  database system is ready to accept connections[\n]"
2024-07-24 14:30:40.234 [docker-java-stream-1827958680] DEBUG c.g.d.z.s.o.a.hc.client5.http.wire - http-outgoing-17 << "[\r][\n]"
2024-07-24 14:30:40.248 [Test worker] DEBUG o.t.c.output.WaitingConsumer - STDOUT: 2024-07-24 02:30:40.234 UTC [48] LOG:  database system is ready to accept connections
2024-07-24 14:30:40.248 [Test worker] DEBUG o.t.c.output.WaitingConsumer - STDOUT: 2024-07-24 02:30:40.230 UTC [51] LOG:  database system was shut down at 2024-07-24 02:30:39 UTC
2024-07-24 14:30:40.313 [docker-java-stream-1827958680] DEBUG c.g.d.z.s.o.a.hc.client5.http.wire - http-outgoing-17 << "25[\r][\n]"
2024-07-24 14:30:40.313 [docker-java-stream-1827958680] DEBUG c.g.d.z.s.o.a.hc.client5.http.wire - http-outgoing-17 << "[0x1][0x0][0x0][0x0][0x0][0x0][0x0][0x6] done[\n]"
2024-07-24 14:30:40.313 [docker-java-stream-1827958680] DEBUG c.g.d.z.s.o.a.hc.client5.http.wire - http-outgoing-17 << "[0x1][0x0][0x0][0x0][0x0][0x0][0x0][0xf]server started[\n]"
2024-07-24 14:30:40.313 [docker-java-stream-1827958680] DEBUG c.g.d.z.s.o.a.hc.client5.http.wire - http-outgoing-17 << "[\r][\n]"
2024-07-24 14:30:40.313 [Test worker] DEBUG o.t.c.output.WaitingConsumer - STDOUT: server started
2024-07-24 14:30:40.313 [Test worker] DEBUG o.t.c.output.WaitingConsumer - STDOUT:  done
2024-07-24 14:30:40.403 [docker-java-stream-1827958680] DEBUG c.g.d.z.s.o.a.hc.client5.http.wire - http-outgoing-17 << "18[\r][\n]"
2024-07-24 14:30:40.403 [docker-java-stream-1827958680] DEBUG c.g.d.z.s.o.a.hc.client5.http.wire - http-outgoing-17 << "[0x1][0x0][0x0][0x0][0x0][0x0][0x0][0x10]CREATE DATABASE[\n]"
2024-07-24 14:30:40.403 [docker-java-stream-1827958680] DEBUG c.g.d.z.s.o.a.hc.client5.http.wire - http-outgoing-17 << "[\r][\n]"
2024-07-24 14:30:40.403 [Test worker] DEBUG o.t.c.output.WaitingConsumer - STDOUT: CREATE DATABASE
2024-07-24 14:30:40.404 [docker-java-stream-1827958680] DEBUG c.g.d.z.s.o.a.hc.client5.http.wire - http-outgoing-17 << "6f[\r][\n]"
2024-07-24 14:30:40.404 [docker-java-stream-1827958680] DEBUG c.g.d.z.s.o.a.hc.client5.http.wire - http-outgoing-17 << "[0x1][0x0][0x0][0x0][0x0][0x0][0x0][0x1][\n]"
2024-07-24 14:30:40.404 [docker-java-stream-1827958680] DEBUG c.g.d.z.s.o.a.hc.client5.http.wire - http-outgoing-17 << "[0x1][0x0][0x0][0x0][0x0][0x0][0x0][0x1][\n]"
2024-07-24 14:30:40.404 [docker-java-stream-1827958680] DEBUG c.g.d.z.s.o.a.hc.client5.http.wire - http-outgoing-17 << "[0x1][0x0][0x0][0x0][0x0][0x0][0x0]L/usr/local/bin/docker-entrypoint.sh: ignoring /docker-entrypoint-initdb.d/*[\n]"
2024-07-24 14:30:40.404 [docker-java-stream-1827958680] DEBUG c.g.d.z.s.o.a.hc.client5.http.wire - http-outgoing-17 << "[0x1][0x0][0x0][0x0][0x0][0x0][0x0][0x1][\n]"
2024-07-24 14:30:40.404 [docker-java-stream-1827958680] DEBUG c.g.d.z.s.o.a.hc.client5.http.wire - http-outgoing-17 << "[\r][\n]"
2024-07-24 14:30:40.405 [docker-java-stream-1827958680] DEBUG c.g.d.z.s.o.a.hc.client5.http.wire - http-outgoing-17 << "c1[\r][\n]"
2024-07-24 14:30:40.406 [docker-java-stream-1827958680] DEBUG c.g.d.z.s.o.a.hc.client5.http.wire - http-outgoing-17 << "[0x1][0x0][0x0][0x0][0x0][0x0][0x0]hwaiting for server to shut down...2024-07-24 02:30:40.405 UTC [48] LOG:  received fast shutdown request[\n]"
2024-07-24 14:30:40.406 [docker-java-stream-1827958680] DEBUG c.g.d.z.s.o.a.hc.client5.http.wire - http-outgoing-17 << "[0x1][0x0][0x0][0x0][0x0][0x0][0x0]I.2024-07-24 02:30:40.405 UTC [48] LOG:  aborting any active transactions[\n]"
2024-07-24 14:30:40.406 [docker-java-stream-1827958680] DEBUG c.g.d.z.s.o.a.hc.client5.http.wire - http-outgoing-17 << "[\r][\n]"
2024-07-24 14:30:40.408 [docker-java-stream-1827958680] DEBUG c.g.d.z.s.o.a.hc.client5.http.wire - http-outgoing-17 << "81[\r][\n]"
2024-07-24 14:30:40.408 [docker-java-stream-1827958680] DEBUG c.g.d.z.s.o.a.hc.client5.http.wire - http-outgoing-17 << "[0x1][0x0][0x0][0x0][0x0][0x0][0x0]y2024-07-24 02:30:40.407 UTC [48] LOG:  background worker "logical replication launcher" (PID 54) exited with exit code 1[\n]"
2024-07-24 14:30:40.408 [docker-java-stream-1827958680] DEBUG c.g.d.z.s.o.a.hc.client5.http.wire - http-outgoing-17 << "[\r][\n]"
2024-07-24 14:30:40.408 [docker-java-stream-1827958680] DEBUG c.g.d.z.s.o.a.hc.client5.http.wire - http-outgoing-17 << "94[\r][\n]"
2024-07-24 14:30:40.408 [docker-java-stream-1827958680] DEBUG c.g.d.z.s.o.a.hc.client5.http.wire - http-outgoing-17 << "[0x1][0x0][0x0][0x0][0x0][0x0][0x0]52024-07-24 02:30:40.407 UTC [49] LOG:  shutting down[\n]"
2024-07-24 14:30:40.408 [docker-java-stream-1827958680] DEBUG c.g.d.z.s.o.a.hc.client5.http.wire - http-outgoing-17 << "[0x1][0x0][0x0][0x0][0x0][0x0][0x0]O2024-07-24 02:30:40.407 UTC [49] LOG:  checkpoint starting: shutdown immediate[\n]"
2024-07-24 14:30:40.408 [docker-java-stream-1827958680] DEBUG c.g.d.z.s.o.a.hc.client5.http.wire - http-outgoing-17 << "[\r][\n]"
2024-07-24 14:30:40.417 [docker-java-stream-1827958680] DEBUG c.g.d.z.s.o.a.hc.client5.http.wire - http-outgoing-17 << "12c[\r][\n]"
2024-07-24 14:30:40.417 [docker-java-stream-1827958680] DEBUG c.g.d.z.s.o.a.hc.client5.http.wire - http-outgoing-17 << "[0x1][0x0][0x0][0x0][0x0][0x0][0x1]$2024-07-24 02:30:40.417 UTC [49] LOG:  checkpoint complete: wrote 923 buffers (5.6%); 0 WAL file(s) added, 0 removed, 0 recycled; write=0.009 s, sync=0.001 s, total=0.010 s; sync files=0, longest=0.000 s, average=0.000 s; distance=4257 kB, estimate=4257 kB; lsn=0/1913068, redo lsn=0/1913068[\n]"
2024-07-24 14:30:40.417 [docker-java-stream-1827958680] DEBUG c.g.d.z.s.o.a.hc.client5.http.wire - http-outgoing-17 << "[\r][\n]"
2024-07-24 14:30:40.418 [Test worker] DEBUG o.t.c.output.WaitingConsumer - STDOUT: 2024-07-24 02:30:40.417 UTC [49] LOG:  checkpoint complete: wrote 923 buffers (5.6%); 0 WAL file(s) added, 0 removed, 0 recycled; write=0.009 s, sync=0.001 s, total=0.010 s; sync files=0, longest=0.000 s, average=0.000 s; distance=4257 kB, estimate=4257 kB; lsn=0/1913068, redo lsn=0/1913068
2024-07-24 14:30:40.418 [Test worker] DEBUG o.t.c.output.WaitingConsumer - STDOUT: 2024-07-24 02:30:40.407 UTC [49] LOG:  checkpoint starting: shutdown immediate
2024-07-24 14:30:40.418 [Test worker] DEBUG o.t.c.output.WaitingConsumer - STDOUT: 2024-07-24 02:30:40.407 UTC [49] LOG:  shutting down
2024-07-24 14:30:40.418 [Test worker] DEBUG o.t.c.output.WaitingConsumer - STDOUT: 2024-07-24 02:30:40.407 UTC [48] LOG:  background worker "logical replication launcher" (PID 54) exited with exit code 1
2024-07-24 14:30:40.418 [Test worker] DEBUG o.t.c.output.WaitingConsumer - STDOUT: .2024-07-24 02:30:40.405 UTC [48] LOG:  aborting any active transactions
2024-07-24 14:30:40.418 [Test worker] DEBUG o.t.c.output.WaitingConsumer - STDOUT: waiting for server to shut down...2024-07-24 02:30:40.405 UTC [48] LOG:  received fast shutdown request
2024-07-24 14:30:40.418 [Test worker] DEBUG o.t.c.output.WaitingConsumer - STDOUT: 
2024-07-24 14:30:40.418 [Test worker] DEBUG o.t.c.output.WaitingConsumer - STDOUT: /usr/local/bin/docker-entrypoint.sh: ignoring /docker-entrypoint-initdb.d/*
2024-07-24 14:30:40.418 [Test worker] DEBUG o.t.c.output.WaitingConsumer - STDOUT: 
2024-07-24 14:30:40.418 [Test worker] DEBUG o.t.c.output.WaitingConsumer - STDOUT: 
2024-07-24 14:30:40.426 [docker-java-stream-1827958680] DEBUG c.g.d.z.s.o.a.hc.client5.http.wire - http-outgoing-17 << "4c[\r][\n]"
2024-07-24 14:30:40.426 [docker-java-stream-1827958680] DEBUG c.g.d.z.s.o.a.hc.client5.http.wire - http-outgoing-17 << "[0x1][0x0][0x0][0x0][0x0][0x0][0x0]D2024-07-24 02:30:40.426 UTC [48] LOG:  database system is shut down[\n]"
2024-07-24 14:30:40.426 [docker-java-stream-1827958680] DEBUG c.g.d.z.s.o.a.hc.client5.http.wire - http-outgoing-17 << "[\r][\n]"
2024-07-24 14:30:40.433 [Test worker] DEBUG o.t.c.output.WaitingConsumer - STDOUT: 2024-07-24 02:30:40.426 UTC [48] LOG:  database system is shut down
2024-07-24 14:30:40.506 [docker-java-stream-1827958680] DEBUG c.g.d.z.s.o.a.hc.client5.http.wire - http-outgoing-17 << "25[\r][\n]"
2024-07-24 14:30:40.506 [docker-java-stream-1827958680] DEBUG c.g.d.z.s.o.a.hc.client5.http.wire - http-outgoing-17 << "[0x1][0x0][0x0][0x0][0x0][0x0][0x0][0x6] done[\n]"
2024-07-24 14:30:40.506 [docker-java-stream-1827958680] DEBUG c.g.d.z.s.o.a.hc.client5.http.wire - http-outgoing-17 << "[0x1][0x0][0x0][0x0][0x0][0x0][0x0][0xf]server stopped[\n]"
2024-07-24 14:30:40.506 [docker-java-stream-1827958680] DEBUG c.g.d.z.s.o.a.hc.client5.http.wire - http-outgoing-17 << "[\r][\n]"
2024-07-24 14:30:40.506 [Test worker] DEBUG o.t.c.output.WaitingConsumer - STDOUT: server stopped
2024-07-24 14:30:40.506 [Test worker] DEBUG o.t.c.output.WaitingConsumer - STDOUT:  done
2024-07-24 14:30:40.507 [docker-java-stream-1827958680] DEBUG c.g.d.z.s.o.a.hc.client5.http.wire - http-outgoing-17 << "50[\r][\n]"
2024-07-24 14:30:40.507 [docker-java-stream-1827958680] DEBUG c.g.d.z.s.o.a.hc.client5.http.wire - http-outgoing-17 << "[0x1][0x0][0x0][0x0][0x0][0x0][0x0][0x1][\n]"
2024-07-24 14:30:40.507 [docker-java-stream-1827958680] DEBUG c.g.d.z.s.o.a.hc.client5.http.wire - http-outgoing-17 << "[0x1][0x0][0x0][0x0][0x0][0x0][0x0]6PostgreSQL init process complete; ready for start up.[\n]"
2024-07-24 14:30:40.507 [docker-java-stream-1827958680] DEBUG c.g.d.z.s.o.a.hc.client5.http.wire - http-outgoing-17 << "[0x1][0x0][0x0][0x0][0x0][0x0][0x0][0x1][\n]"
2024-07-24 14:30:40.507 [docker-java-stream-1827958680] DEBUG c.g.d.z.s.o.a.hc.client5.http.wire - http-outgoing-17 << "[\r][\n]"
2024-07-24 14:30:40.526 [Test worker] DEBUG o.t.c.output.WaitingConsumer - STDOUT: 
2024-07-24 14:30:40.526 [Test worker] DEBUG o.t.c.output.WaitingConsumer - STDOUT: PostgreSQL init process complete; ready for start up.
2024-07-24 14:30:40.526 [Test worker] DEBUG o.t.c.output.WaitingConsumer - STDOUT: 
2024-07-24 14:30:40.526 [docker-java-stream-1827958680] DEBUG c.g.d.z.s.o.a.hc.client5.http.wire - http-outgoing-17 << "1cb[\r][\n]"
2024-07-24 14:30:40.526 [docker-java-stream-1827958680] DEBUG c.g.d.z.s.o.a.hc.client5.http.wire - http-outgoing-17 << "[0x2][0x0][0x0][0x0][0x0][0x0][0x0][0xffffffa3]2024-07-24 02:30:40.525 UTC [1] LOG:  starting PostgreSQL 16.2 (Debian 16.2-1.pgdg120+2) on x86_64-pc-linux-gnu, compiled by gcc (Debian 12.2.0-14) 12.2.0, 64-bit[\n]"
2024-07-24 14:30:40.526 [docker-java-stream-1827958680] DEBUG c.g.d.z.s.o.a.hc.client5.http.wire - http-outgoing-17 << "[0x2][0x0][0x0][0x0][0x0][0x0][0x0]U2024-07-24 02:30:40.526 UTC [1] LOG:  listening on IPv4 address "0.0.0.0", port 5432[\n]"
2024-07-24 14:30:40.526 [docker-java-stream-1827958680] DEBUG c.g.d.z.s.o.a.hc.client5.http.wire - http-outgoing-17 << "[0x2][0x0][0x0][0x0][0x0][0x0][0x0]P2024-07-24 02:30:40.526 UTC [1] LOG:  listening on IPv6 address "::", port 5432[\n]"
2024-07-24 14:30:40.526 [docker-java-stream-1827958680] DEBUG c.g.d.z.s.o.a.hc.client5.http.wire - http-outgoing-17 << "[0x2][0x0][0x0][0x0][0x0][0x0][0x0]c2024-07-24 02:30:40.526 UTC [1] LOG:  listening on Unix socket "/var/run/postgresql/.s.PGSQL.5432"[\n]"
2024-07-24 14:30:40.526 [docker-java-stream-1827958680] DEBUG c.g.d.z.s.o.a.hc.client5.http.wire - http-outgoing-17 << "[\r][\n]"
2024-07-24 14:30:40.529 [docker-java-stream-1827958680] DEBUG c.g.d.z.s.o.a.hc.client5.http.wire - http-outgoing-17 << "68[\r][\n]"
2024-07-24 14:30:40.529 [docker-java-stream-1827958680] DEBUG c.g.d.z.s.o.a.hc.client5.http.wire - http-outgoing-17 << "[0x2][0x0][0x0][0x0][0x0][0x0][0x0]`2024-07-24 02:30:40.528 UTC [64] LOG:  database system was shut down at 2024-07-24 02:30:40 UTC[\n]"
2024-07-24 14:30:40.529 [docker-java-stream-1827958680] DEBUG c.g.d.z.s.o.a.hc.client5.http.wire - http-outgoing-17 << "[\r][\n]"
2024-07-24 14:30:40.532 [docker-java-stream-1827958680] DEBUG c.g.d.z.s.o.a.hc.client5.http.wire - http-outgoing-17 << "5d[\r][\n]"
2024-07-24 14:30:40.532 [docker-java-stream-1827958680] DEBUG c.g.d.z.s.o.a.hc.client5.http.wire - http-outgoing-17 << "[0x2][0x0][0x0][0x0][0x0][0x0][0x0]U2024-07-24 02:30:40.532 UTC [1] LOG:  database system is ready to accept connections[\n]"
2024-07-24 14:30:40.532 [docker-java-stream-1827958680] DEBUG c.g.d.z.s.o.a.hc.client5.http.wire - http-outgoing-17 << "[\r][\n]"
2024-07-24 14:30:40.541 [Test worker] DEBUG o.t.c.output.WaitingConsumer - STDERR: 2024-07-24 02:30:40.532 UTC [1] LOG:  database system is ready to accept connections
2024-07-24 14:30:40.541 [Test worker] DEBUG c.g.d.z.s.o.a.h.c.h.i.c.InternalHttpClient - ep-000000BE: cancel
2024-07-24 14:30:40.541 [Test worker] DEBUG c.g.d.z.s.o.a.h.c.h.i.i.DefaultManagedHttpClientConnection - http-outgoing-17: close connection IMMEDIATE
2024-07-24 14:30:40.541 [Test worker] DEBUG c.g.d.z.s.o.a.h.c.h.i.c.InternalHttpClient - ep-000000BE: endpoint closed
2024-07-24 14:30:40.541 [Test worker] DEBUG c.g.d.z.s.o.a.h.c.h.i.c.InternalHttpClient - ep-000000BE: discarding endpoint
2024-07-24 14:30:40.541 [Test worker] DEBUG c.g.d.z.s.o.a.h.c.h.i.i.PoolingHttpClientConnectionManager - ep-000000BE: releasing endpoint
2024-07-24 14:30:40.541 [Test worker] DEBUG c.g.d.z.s.o.a.h.c.h.i.i.PoolingHttpClientConnectionManager - ep-000000BE: connection is not kept alive
2024-07-24 14:30:40.542 [Test worker] DEBUG c.g.d.z.s.o.a.h.c.h.i.i.PoolingHttpClientConnectionManager - ep-000000BE: connection released [route: {}->npipe://localhost:2375][total available: 0; route allocated: 0 of 2147483647; total allocated: 0 of 2147483647]
2024-07-24 14:30:40.542 [docker-java-stream-1827958680] DEBUG c.g.d.z.s.o.a.hc.client5.http.wire - http-outgoing-17 << "end of stream"
2024-07-24 14:30:40.542 [Test worker] DEBUG c.g.d.z.s.o.a.hc.client5.http.wire - http-outgoing-17 << "[read] I/O error: java.nio.channels.ClosedChannelException"
2024-07-24 14:30:40.542 [docker-java-stream-1827958680] DEBUG c.g.d.z.s.o.a.hc.client5.http.wire - http-outgoing-17 << "[read] I/O error: java.nio.channels.ClosedChannelException"
2024-07-24 14:30:40.542 [docker-java-stream-1827958680] DEBUG c.g.d.z.ApacheDockerHttpClientImpl$ApacheResponse - Failed to close the response
java.io.IOException: java.nio.channels.ClosedChannelException
	at java.base/java.nio.channels.Channels$2.read(Channels.java:240)
	at com.github.dockerjava.zerodep.shaded.org.apache.hc.client5.http.impl.io.LoggingInputStream.read(LoggingInputStream.java:81)
	at com.github.dockerjava.zerodep.shaded.org.apache.hc.core5.http.impl.io.SessionInputBufferImpl.fillBuffer(SessionInputBufferImpl.java:149)
	at com.github.dockerjava.zerodep.shaded.org.apache.hc.core5.http.impl.io.SessionInputBufferImpl.readLine(SessionInputBufferImpl.java:280)
	at com.github.dockerjava.zerodep.shaded.org.apache.hc.core5.http.impl.io.ChunkedInputStream.getChunkSize(ChunkedInputStream.java:261)
	at com.github.dockerjava.zerodep.shaded.org.apache.hc.core5.http.impl.io.ChunkedInputStream.nextChunk(ChunkedInputStream.java:222)
	at com.github.dockerjava.zerodep.shaded.org.apache.hc.core5.http.impl.io.ChunkedInputStream.read(ChunkedInputStream.java:147)
	at com.github.dockerjava.zerodep.shaded.org.apache.hc.core5.http.impl.io.ChunkedInputStream.close(ChunkedInputStream.java:314)
	at com.github.dockerjava.zerodep.shaded.org.apache.hc.core5.io.Closer.close(Closer.java:48)
	at com.github.dockerjava.zerodep.shaded.org.apache.hc.core5.http.impl.io.IncomingHttpEntity.close(IncomingHttpEntity.java:111)
	at com.github.dockerjava.zerodep.shaded.org.apache.hc.core5.http.io.entity.HttpEntityWrapper.close(HttpEntityWrapper.java:120)
	at com.github.dockerjava.zerodep.shaded.org.apache.hc.core5.io.Closer.close(Closer.java:48)
	at com.github.dockerjava.zerodep.shaded.org.apache.hc.core5.http.message.BasicClassicHttpResponse.close(BasicClassicHttpResponse.java:93)
	at com.github.dockerjava.zerodep.shaded.org.apache.hc.client5.http.impl.classic.CloseableHttpResponse.close(CloseableHttpResponse.java:200)
	at com.github.dockerjava.zerodep.ApacheDockerHttpClientImpl$ApacheResponse.close(ApacheDockerHttpClientImpl.java:271)
	at org.testcontainers.shaded.com.github.dockerjava.core.DefaultInvocationBuilder.lambda$executeAndStream$1(DefaultInvocationBuilder.java:277)
	at java.base/java.lang.Thread.run(Thread.java:833)
Caused by: java.nio.channels.ClosedChannelException: null
	at java.base/sun.nio.ch.WindowsAsynchronousFileChannelImpl.implRead(WindowsAsynchronousFileChannelImpl.java:516)
	at java.base/sun.nio.ch.AsynchronousFileChannelImpl.read(AsynchronousFileChannelImpl.java:229)
	at com.github.dockerjava.transport.NamedPipeSocket$AsynchronousFileByteChannel.read(NamedPipeSocket.java:117)
	at java.base/java.nio.channels.Channels$2.read(Channels.java:238)
	... 16 common frames omitted
2024-07-24 14:30:40.542 [Test worker] DEBUG c.g.d.z.ApacheDockerHttpClientImpl$ApacheResponse - Failed to close the response
java.io.IOException: java.nio.channels.ClosedChannelException
	at java.base/java.nio.channels.Channels$2.read(Channels.java:240)
	at com.github.dockerjava.zerodep.shaded.org.apache.hc.client5.http.impl.io.LoggingInputStream.read(LoggingInputStream.java:81)
	at com.github.dockerjava.zerodep.shaded.org.apache.hc.core5.http.impl.io.SessionInputBufferImpl.fillBuffer(SessionInputBufferImpl.java:149)
	at com.github.dockerjava.zerodep.shaded.org.apache.hc.core5.http.impl.io.SessionInputBufferImpl.readLine(SessionInputBufferImpl.java:280)
	at com.github.dockerjava.zerodep.shaded.org.apache.hc.core5.http.impl.io.ChunkedInputStream.getChunkSize(ChunkedInputStream.java:261)
	at com.github.dockerjava.zerodep.shaded.org.apache.hc.core5.http.impl.io.ChunkedInputStream.nextChunk(ChunkedInputStream.java:222)
	at com.github.dockerjava.zerodep.shaded.org.apache.hc.core5.http.impl.io.ChunkedInputStream.read(ChunkedInputStream.java:147)
	at com.github.dockerjava.zerodep.shaded.org.apache.hc.core5.http.impl.io.ChunkedInputStream.close(ChunkedInputStream.java:314)
	at com.github.dockerjava.zerodep.shaded.org.apache.hc.core5.io.Closer.close(Closer.java:48)
	at com.github.dockerjava.zerodep.shaded.org.apache.hc.core5.http.impl.io.IncomingHttpEntity.close(IncomingHttpEntity.java:111)
	at com.github.dockerjava.zerodep.shaded.org.apache.hc.core5.http.io.entity.HttpEntityWrapper.close(HttpEntityWrapper.java:120)
	at com.github.dockerjava.zerodep.shaded.org.apache.hc.core5.io.Closer.close(Closer.java:48)
	at com.github.dockerjava.zerodep.shaded.org.apache.hc.core5.http.message.BasicClassicHttpResponse.close(BasicClassicHttpResponse.java:93)
	at com.github.dockerjava.zerodep.shaded.org.apache.hc.client5.http.impl.classic.CloseableHttpResponse.close(CloseableHttpResponse.java:200)
	at com.github.dockerjava.zerodep.ApacheDockerHttpClientImpl$ApacheResponse.close(ApacheDockerHttpClientImpl.java:271)
	at org.testcontainers.shaded.com.github.dockerjava.core.DefaultInvocationBuilder.lambda$null$0(DefaultInvocationBuilder.java:272)
	at com.github.dockerjava.api.async.ResultCallbackTemplate.close(ResultCallbackTemplate.java:77)
	at org.testcontainers.containers.output.FrameConsumerResultCallback.close(FrameConsumerResultCallback.java:69)
	at org.testcontainers.containers.wait.strategy.LogMessageWaitStrategy.waitUntilReady(LogMessageWaitStrategy.java:49)
	at org.testcontainers.containers.wait.strategy.AbstractWaitStrategy.waitUntilReady(AbstractWaitStrategy.java:52)
	at org.testcontainers.containers.PostgreSQLContainer.waitUntilContainerStarted(PostgreSQLContainer.java:149)
	at org.testcontainers.containers.GenericContainer.tryStart(GenericContainer.java:500)
	at org.testcontainers.containers.GenericContainer.lambda$doStart$0(GenericContainer.java:354)
	at org.rnorth.ducttape.unreliables.Unreliables.retryUntilSuccess(Unreliables.java:81)
	at org.testcontainers.containers.GenericContainer.doStart(GenericContainer.java:344)
	at org.testcontainers.containers.GenericContainer.start(GenericContainer.java:330)
	at com.unitedApi.SequenceLineDAOTest.<init>(SequenceLineDAOTest.kt:43)
	at java.base/jdk.internal.reflect.NativeConstructorAccessorImpl.newInstance0(Native Method)
	at java.base/jdk.internal.reflect.NativeConstructorAccessorImpl.newInstance(NativeConstructorAccessorImpl.java:77)
	at java.base/jdk.internal.reflect.DelegatingConstructorAccessorImpl.newInstance(DelegatingConstructorAccessorImpl.java:45)
	at java.base/java.lang.reflect.Constructor.newInstanceWithCaller(Constructor.java:499)
	at java.base/java.lang.reflect.Constructor.newInstance(Constructor.java:480)
	at org.junit.runners.BlockJUnit4ClassRunner.createTest(BlockJUnit4ClassRunner.java:250)
	at org.junit.runners.BlockJUnit4ClassRunner.createTest(BlockJUnit4ClassRunner.java:260)
	at org.junit.runners.BlockJUnit4ClassRunner$2.runReflectiveCall(BlockJUnit4ClassRunner.java:309)
	at org.junit.internal.runners.model.ReflectiveCallable.run(ReflectiveCallable.java:12)
	at org.junit.runners.BlockJUnit4ClassRunner.methodBlock(BlockJUnit4ClassRunner.java:306)
	at org.junit.runners.BlockJUnit4ClassRunner$1.evaluate(BlockJUnit4ClassRunner.java:100)
	at org.junit.runners.ParentRunner.runLeaf(ParentRunner.java:366)
	at org.junit.runners.BlockJUnit4ClassRunner.runChild(BlockJUnit4ClassRunner.java:103)
	at org.junit.runners.BlockJUnit4ClassRunner.runChild(BlockJUnit4ClassRunner.java:63)
	at org.junit.runners.ParentRunner$4.run(ParentRunner.java:331)
	at org.junit.runners.ParentRunner$1.schedule(ParentRunner.java:79)
	at org.junit.runners.ParentRunner.runChildren(ParentRunner.java:329)
	at org.junit.runners.ParentRunner.access$100(ParentRunner.java:66)
	at org.junit.runners.ParentRunner$2.evaluate(ParentRunner.java:293)
	at org.junit.runners.ParentRunner$3.evaluate(ParentRunner.java:306)
	at org.junit.runners.ParentRunner.run(ParentRunner.java:413)
	at org.gradle.api.internal.tasks.testing.junit.JUnitTestClassExecutor.runTestClass(JUnitTestClassExecutor.java:112)
	at org.gradle.api.internal.tasks.testing.junit.JUnitTestClassExecutor.execute(JUnitTestClassExecutor.java:58)
	at org.gradle.api.internal.tasks.testing.junit.JUnitTestClassExecutor.execute(JUnitTestClassExecutor.java:40)
	at org.gradle.api.internal.tasks.testing.junit.AbstractJUnitTestClassProcessor.processTestClass(AbstractJUnitTestClassProcessor.java:60)
	at org.gradle.api.internal.tasks.testing.SuiteTestClassProcessor.processTestClass(SuiteTestClassProcessor.java:52)
	at java.base/jdk.internal.reflect.NativeMethodAccessorImpl.invoke0(Native Method)
	at java.base/jdk.internal.reflect.NativeMethodAccessorImpl.invoke(NativeMethodAccessorImpl.java:77)
	at java.base/jdk.internal.reflect.DelegatingMethodAccessorImpl.invoke(DelegatingMethodAccessorImpl.java:43)
	at java.base/java.lang.reflect.Method.invoke(Method.java:568)
	at org.gradle.internal.dispatch.ReflectionDispatch.dispatch(ReflectionDispatch.java:36)
	at org.gradle.internal.dispatch.ReflectionDispatch.dispatch(ReflectionDispatch.java:24)
	at org.gradle.internal.dispatch.ContextClassLoaderDispatch.dispatch(ContextClassLoaderDispatch.java:33)
	at org.gradle.internal.dispatch.ProxyDispatchAdapter$DispatchingInvocationHandler.invoke(ProxyDispatchAdapter.java:94)
	at jdk.proxy1/jdk.proxy1.$Proxy2.processTestClass(Unknown Source)
	at org.gradle.api.internal.tasks.testing.worker.TestWorker$2.run(TestWorker.java:176)
	at org.gradle.api.internal.tasks.testing.worker.TestWorker.executeAndMaintainThreadName(TestWorker.java:129)
	at org.gradle.api.internal.tasks.testing.worker.TestWorker.execute(TestWorker.java:100)
	at org.gradle.api.internal.tasks.testing.worker.TestWorker.execute(TestWorker.java:60)
	at org.gradle.process.internal.worker.child.ActionExecutionWorker.execute(ActionExecutionWorker.java:56)
	at org.gradle.process.internal.worker.child.SystemApplicationClassLoaderWorker.call(SystemApplicationClassLoaderWorker.java:113)
	at org.gradle.process.internal.worker.child.SystemApplicationClassLoaderWorker.call(SystemApplicationClassLoaderWorker.java:65)
	at worker.org.gradle.process.internal.worker.GradleWorkerMain.run(GradleWorkerMain.java:69)
	at worker.org.gradle.process.internal.worker.GradleWorkerMain.main(GradleWorkerMain.java:74)
Caused by: java.nio.channels.ClosedChannelException: null
	at java.base/sun.nio.ch.WindowsAsynchronousFileChannelImpl.implRead(WindowsAsynchronousFileChannelImpl.java:516)
	at java.base/sun.nio.ch.AsynchronousFileChannelImpl.read(AsynchronousFileChannelImpl.java:229)
	at com.github.dockerjava.transport.NamedPipeSocket$AsynchronousFileByteChannel.read(NamedPipeSocket.java:117)
	at java.base/java.nio.channels.Channels$2.read(Channels.java:238)
	... 70 common frames omitted
2024-07-24 14:30:40.542 [Test worker] INFO  tc.postgres:latest - Container postgres:latest started in PT1.7849053S
2024-07-24 14:30:40.542 [Test worker] INFO  tc.postgres:latest - Container is started (JDBC URL: jdbc:postgresql://localhost:51565/db?loggerLevel=OFF)
2024-07-24 14:30:40.544 [Test worker] INFO  org.testcontainers.ext.ScriptUtils - Executing database script from sql/init.sql
2024-07-24 14:30:40.544 [Test worker] DEBUG o.t.s.c.g.d.c.command.AbstrDockerCmd - Cmd: 61241ef5988020b430e66b415bf724770a48d6faea2b33e38c2474e7cb7f239c,false
2024-07-24 14:30:40.544 [Test worker] DEBUG o.t.s.c.g.d.c.e.InspectContainerCmdExec - GET: DefaultWebTarget{path=[/containers/61241ef5988020b430e66b415bf724770a48d6faea2b33e38c2474e7cb7f239c/json], queryParams={}}
2024-07-24 14:30:40.544 [Test worker] DEBUG c.g.d.z.s.o.a.h.c.h.i.c.InternalHttpClient - ex-000000C0: preparing request execution
2024-07-24 14:30:40.545 [Test worker] DEBUG c.g.d.z.s.o.a.h.c.h.p.RequestAddCookies - Cookie spec selected: strict
2024-07-24 14:30:40.545 [Test worker] DEBUG c.g.d.z.s.o.a.h.c.h.p.RequestAuthCache - Auth cache not set in the context
2024-07-24 14:30:40.545 [Test worker] DEBUG c.g.d.z.s.o.a.h.c.h.i.c.ProtocolExec - ex-000000C0: target auth state: UNCHALLENGED
2024-07-24 14:30:40.545 [Test worker] DEBUG c.g.d.z.s.o.a.h.c.h.i.c.ProtocolExec - ex-000000C0: proxy auth state: UNCHALLENGED
2024-07-24 14:30:40.545 [Test worker] DEBUG c.g.d.z.s.o.a.h.c.h.i.c.ConnectExec - ex-000000C0: acquiring connection with route {}->npipe://localhost:2375
2024-07-24 14:30:40.545 [Test worker] DEBUG c.g.d.z.s.o.a.h.c.h.i.c.InternalHttpClient - ex-000000C0: acquiring endpoint (3 MINUTES)
2024-07-24 14:30:40.545 [Test worker] DEBUG c.g.d.z.s.o.a.h.c.h.i.i.PoolingHttpClientConnectionManager - ex-000000C0: endpoint lease request (3 MINUTES) [route: {}->npipe://localhost:2375][total available: 0; route allocated: 0 of 2147483647; total allocated: 0 of 2147483647]
2024-07-24 14:30:40.545 [Test worker] DEBUG c.g.d.z.s.o.a.h.c.h.i.i.PoolingHttpClientConnectionManager - ex-000000C0: endpoint leased [route: {}->npipe://localhost:2375][total available: 0; route allocated: 1 of 2147483647; total allocated: 1 of 2147483647]
2024-07-24 14:30:40.545 [Test worker] DEBUG c.g.d.z.s.o.a.h.c.h.i.i.PoolingHttpClientConnectionManager - ex-000000C0: acquired ep-000000BF
2024-07-24 14:30:40.545 [Test worker] DEBUG c.g.d.z.s.o.a.h.c.h.i.c.InternalHttpClient - ex-000000C0: acquired endpoint ep-000000BF
2024-07-24 14:30:40.545 [Test worker] DEBUG c.g.d.z.s.o.a.h.c.h.i.c.ConnectExec - ex-000000C0: opening connection {}->npipe://localhost:2375
2024-07-24 14:30:40.545 [Test worker] DEBUG c.g.d.z.s.o.a.h.c.h.i.c.InternalHttpClient - ep-000000BF: connecting endpoint (3 MINUTES)
2024-07-24 14:30:40.545 [Test worker] DEBUG c.g.d.z.s.o.a.h.c.h.i.i.PoolingHttpClientConnectionManager - ep-000000BF: connecting endpoint to npipe://localhost:2375 (3 MINUTES)
2024-07-24 14:30:40.545 [Test worker] DEBUG c.g.d.z.s.o.a.h.c.h.i.i.DefaultHttpClientConnectionOperator - http-outgoing-18: connecting to localhost/127.0.0.1:2375
2024-07-24 14:30:40.545 [Test worker] DEBUG c.g.d.z.s.o.a.h.c.h.i.i.DefaultHttpClientConnectionOperator - http-outgoing-18: connection established 
2024-07-24 14:30:40.545 [Test worker] DEBUG c.g.d.z.s.o.a.h.c.h.i.i.PoolingHttpClientConnectionManager - ep-000000BF: connected http-outgoing-18
2024-07-24 14:30:40.545 [Test worker] DEBUG c.g.d.z.s.o.a.h.c.h.i.c.InternalHttpClient - ep-000000BF: endpoint connected
2024-07-24 14:30:40.545 [Test worker] DEBUG c.g.d.z.s.o.a.h.c.h.i.c.MainClientExec - ex-000000C0: executing GET /v1.32/containers/61241ef5988020b430e66b415bf724770a48d6faea2b33e38c2474e7cb7f239c/json HTTP/1.1
2024-07-24 14:30:40.545 [Test worker] DEBUG c.g.d.z.s.o.a.h.c.h.i.c.InternalHttpClient - ep-000000BF: start execution ex-000000C0
2024-07-24 14:30:40.545 [Test worker] DEBUG c.g.d.z.s.o.a.h.c.h.i.i.PoolingHttpClientConnectionManager - ep-000000BF: executing exchange ex-000000C0 over http-outgoing-18
2024-07-24 14:30:40.545 [Test worker] DEBUG c.g.d.z.s.o.a.h.client5.http.headers - http-outgoing-18 >> GET /v1.32/containers/61241ef5988020b430e66b415bf724770a48d6faea2b33e38c2474e7cb7f239c/json HTTP/1.1
2024-07-24 14:30:40.545 [Test worker] DEBUG c.g.d.z.s.o.a.h.client5.http.headers - http-outgoing-18 >> accept: application/json
2024-07-24 14:30:40.545 [Test worker] DEBUG c.g.d.z.s.o.a.h.client5.http.headers - http-outgoing-18 >> x-tc-sid: 280e6229-7396-4d60-b1e3-a5de48b5d49b
2024-07-24 14:30:40.545 [Test worker] DEBUG c.g.d.z.s.o.a.h.client5.http.headers - http-outgoing-18 >> User-Agent: tc-java/1.19.8
2024-07-24 14:30:40.545 [Test worker] DEBUG c.g.d.z.s.o.a.h.client5.http.headers - http-outgoing-18 >> Accept-Encoding: gzip, x-gzip, deflate
2024-07-24 14:30:40.545 [Test worker] DEBUG c.g.d.z.s.o.a.h.client5.http.headers - http-outgoing-18 >> Host: localhost:2375
2024-07-24 14:30:40.545 [Test worker] DEBUG c.g.d.z.s.o.a.h.client5.http.headers - http-outgoing-18 >> Connection: keep-alive
2024-07-24 14:30:40.545 [Test worker] DEBUG c.g.d.z.s.o.a.hc.client5.http.wire - http-outgoing-18 >> "GET /v1.32/containers/61241ef5988020b430e66b415bf724770a48d6faea2b33e38c2474e7cb7f239c/json HTTP/1.1[\r][\n]"
2024-07-24 14:30:40.545 [Test worker] DEBUG c.g.d.z.s.o.a.hc.client5.http.wire - http-outgoing-18 >> "accept: application/json[\r][\n]"
2024-07-24 14:30:40.545 [Test worker] DEBUG c.g.d.z.s.o.a.hc.client5.http.wire - http-outgoing-18 >> "x-tc-sid: 280e6229-7396-4d60-b1e3-a5de48b5d49b[\r][\n]"
2024-07-24 14:30:40.545 [Test worker] DEBUG c.g.d.z.s.o.a.hc.client5.http.wire - http-outgoing-18 >> "User-Agent: tc-java/1.19.8[\r][\n]"
2024-07-24 14:30:40.545 [Test worker] DEBUG c.g.d.z.s.o.a.hc.client5.http.wire - http-outgoing-18 >> "Accept-Encoding: gzip, x-gzip, deflate[\r][\n]"
2024-07-24 14:30:40.545 [Test worker] DEBUG c.g.d.z.s.o.a.hc.client5.http.wire - http-outgoing-18 >> "Host: localhost:2375[\r][\n]"
2024-07-24 14:30:40.545 [Test worker] DEBUG c.g.d.z.s.o.a.hc.client5.http.wire - http-outgoing-18 >> "Connection: keep-alive[\r][\n]"
2024-07-24 14:30:40.545 [Test worker] DEBUG c.g.d.z.s.o.a.hc.client5.http.wire - http-outgoing-18 >> "[\r][\n]"
2024-07-24 14:30:40.548 [Test worker] DEBUG c.g.d.z.s.o.a.hc.client5.http.wire - http-outgoing-18 << "HTTP/1.1 200 OK[\r][\n]"
2024-07-24 14:30:40.548 [Test worker] DEBUG c.g.d.z.s.o.a.hc.client5.http.wire - http-outgoing-18 << "Api-Version: 1.45[\r][\n]"
2024-07-24 14:30:40.548 [Test worker] DEBUG c.g.d.z.s.o.a.hc.client5.http.wire - http-outgoing-18 << "Content-Type: application/json[\r][\n]"
2024-07-24 14:30:40.548 [Test worker] DEBUG c.g.d.z.s.o.a.hc.client5.http.wire - http-outgoing-18 << "Date: Wed, 24 Jul 2024 02:30:40 GMT[\r][\n]"
2024-07-24 14:30:40.548 [Test worker] DEBUG c.g.d.z.s.o.a.hc.client5.http.wire - http-outgoing-18 << "Docker-Experimental: false[\r][\n]"
2024-07-24 14:30:40.548 [Test worker] DEBUG c.g.d.z.s.o.a.hc.client5.http.wire - http-outgoing-18 << "Ostype: linux[\r][\n]"
2024-07-24 14:30:40.548 [Test worker] DEBUG c.g.d.z.s.o.a.hc.client5.http.wire - http-outgoing-18 << "Server: Docker/26.0.0 (linux)[\r][\n]"
2024-07-24 14:30:40.548 [Test worker] DEBUG c.g.d.z.s.o.a.hc.client5.http.wire - http-outgoing-18 << "Transfer-Encoding: chunked[\r][\n]"
2024-07-24 14:30:40.548 [Test worker] DEBUG c.g.d.z.s.o.a.hc.client5.http.wire - http-outgoing-18 << "[\r][\n]"
2024-07-24 14:30:40.548 [Test worker] DEBUG c.g.d.z.s.o.a.h.client5.http.headers - http-outgoing-18 << HTTP/1.1 200 OK
2024-07-24 14:30:40.548 [Test worker] DEBUG c.g.d.z.s.o.a.h.client5.http.headers - http-outgoing-18 << Api-Version: 1.45
2024-07-24 14:30:40.548 [Test worker] DEBUG c.g.d.z.s.o.a.h.client5.http.headers - http-outgoing-18 << Content-Type: application/json
2024-07-24 14:30:40.548 [Test worker] DEBUG c.g.d.z.s.o.a.h.client5.http.headers - http-outgoing-18 << Date: Wed, 24 Jul 2024 02:30:40 GMT
2024-07-24 14:30:40.548 [Test worker] DEBUG c.g.d.z.s.o.a.h.client5.http.headers - http-outgoing-18 << Docker-Experimental: false
2024-07-24 14:30:40.548 [Test worker] DEBUG c.g.d.z.s.o.a.h.client5.http.headers - http-outgoing-18 << Ostype: linux
2024-07-24 14:30:40.548 [Test worker] DEBUG c.g.d.z.s.o.a.h.client5.http.headers - http-outgoing-18 << Server: Docker/26.0.0 (linux)
2024-07-24 14:30:40.548 [Test worker] DEBUG c.g.d.z.s.o.a.h.client5.http.headers - http-outgoing-18 << Transfer-Encoding: chunked
2024-07-24 14:30:40.548 [Test worker] DEBUG c.g.d.z.s.o.a.h.c.h.i.c.MainClientExec - ex-000000C0: connection can be kept alive for 3 MINUTES
2024-07-24 14:30:40.550 [Test worker] DEBUG c.g.d.z.s.o.a.hc.client5.http.wire - http-outgoing-18 << "1a39[\r][\n]"
2024-07-24 14:30:40.550 [Test worker] DEBUG c.g.d.z.s.o.a.hc.client5.http.wire - http-outgoing-18 << "{"Id":"61241ef5988020b430e66b415bf724770a48d6faea2b33e38c2474e7cb7f239c","Created":"2024-07-24T02:30:38.765949385Z","Path":"docker-entrypoint.sh","Args":["postgres","-c","fsync=off"],"State":{"Status":"running","Running":true,"Paused":false,"Restarting":false,"OOMKilled":false,"Dead":false,"Pid":30169,"ExitCode":0,"Error":"","StartedAt":"2024-07-24T02:30:39.261430669Z","FinishedAt":"0001-01-01T00:00:00Z"},"Image":"sha256:8e4fc9e184899a58735e7ee333f5e272d7d2298cf59302006b71f33e217be130","ResolvConfPath":"/var/lib/docker/containers/61241ef5988020b430e66b415bf724770a48d6faea2b33e38c2474e7cb7f239c/resolv.conf","HostnamePath":"/var/lib/docker/containers/61241ef5988020b430e66b415bf724770a48d6faea2b33e38c2474e7cb7f239c/hostname","HostsPath":"/var/lib/docker/containers/61241ef5988020b430e66b415bf724770a48d6faea2b33e38c2474e7cb7f239c/hosts","LogPath":"/var/lib/docker/containers/61241ef5988020b430e66b415bf724770a48d6faea2b33e38c2474e7cb7f239c/61241ef5988020b430e66b415bf724770a48d6faea2b33e38c2474e7cb7f239c-json.log","Name":"/wizardly_ptolemy","RestartCount":0,"Driver":"overlay2","Platform":"linux","MountLabel":"","ProcessLabel":"","AppArmorProfile":"","ExecIDs":null,"HostConfig":{"Binds":[],"ContainerIDFile":"","LogConfig":{"Type":"json-file","Config":{}},"NetworkMode":"default","PortBindings":{"5432/tcp":[{"HostIp":"0.0.0.0","HostPort":"0"}]},"RestartPolicy":{"Name":"no","MaximumRetryCount":0},"AutoRemove":false,"VolumeDriver":"","VolumesFrom":[],"ConsoleSize":[0,0],"CapAdd":null,"CapDrop":null,"CgroupnsMode":"host","Dns":null,"DnsOptions":null,"DnsSearch":null,"ExtraHosts":[],"GroupAdd":null,"IpcMode":"shareable","Cgroup":"","Links":null,"OomScoreAdj":0,"PidMode":"","Privileged":false,"PublishAllPorts":false,"ReadonlyRootfs":false,"SecurityOpt":null,"UTSMode":"","UsernsMode":"","ShmSize":67108864,"Runtime":"runc","Isolation":"","CpuShares":0,"Memory":0,"NanoCpus":0,"CgroupParent":"","BlkioWeight":0,"BlkioWeightDevice":null,"BlkioDeviceReadBps":null,"BlkioDeviceWriteBps":null,"BlkioDeviceReadIOps":null,"BlkioDeviceWriteIOps":null,"CpuPeriod":0,"CpuQuota":0,"CpuRealtimePeriod":0,"CpuRealtimeRuntime":0,"CpusetCpus":"","CpusetMems":"","Devices":null,"DeviceCgroupRules":null,"DeviceRequests":null,"MemoryReservation":0,"MemorySwap":0,"MemorySwappiness":null,"OomKillDisable":false,"PidsLimit":null,"Ulimits":null,"CpuCount":0,"CpuPercent":0,"IOMaximumIOps":0,"IOMaximumBandwidth":0,"MaskedPaths":["/proc/asound","/proc/acpi","/proc/kcore","/proc/keys","/proc/latency_stats","/proc/timer_list","/proc/timer_stats","/proc/sched_debug","/proc/scsi","/sys/firmware","/sys/devices/virtual/powercap"],"ReadonlyPaths":["/proc/bus","/proc/fs","/proc/irq","/proc/sys","/proc/sysrq-trigger"]},"GraphDriver":{"Data":{"LowerDir":"/var/lib/docker/overlay2/67c3f8e26d8f5169a947b6683f301968e5fec6296c8cb351fc15991133bd0e9d-init/diff:/var/lib/docker/overlay2/8f0ddbd386af0785c2e348570516955816ab350305d698d363962d488eeb15ec/diff:/var/lib/docker/overlay2/0eb0ca73e9b0be7c3d7fa8762ef4778a68f38391bc84c037c2e90b88e781b475/diff:/var/lib/docker/overlay2/74e634bddc785c5d436b10a5158cd82e21dc2065fd1cf8ff9c1c12e01575a2d8/diff:/var/lib/docker/overlay2/bb918b2851cd2f508f1e3fdbfff8b7f8b041d61e65fe8c368288bf399e80b818/diff:/var/lib/docker/overlay2/2abab2946cbdc2941ee8ec4024c51dac7313dee9de5fbedd1ca33388c59eb3c8/diff:/var/lib/docker/overlay2/e12f6083ee669bd92743ceb339a896bb25dbe461b718705bb39eb410b80c0ecd/diff:/var/lib/docker/overlay2/ced1e86d670d097da5ed4da7288c22507735918959161c2cd8bf083fb30d169a/diff:/var/lib/docker/overlay2/94e9ac7b74923285ae73af20aeccb964ca9079e2305db367cb85d1603560472d/diff:/var/lib/docker/overlay2/a396b6dfd63f0c228c519871183c614cccf4d366a43460f27ecf97113c3c4be8/diff:/var/lib/docker/overlay2/f58ada5d5080c2bac553c734f81127660a90581a35ed2a92cebe3c59e340875b/diff:/var/lib/docker/overlay2/84f85636f37bf55d945e217b4f87a856eba7932284beaf042561007b66f48977/diff:/var/lib/docker/overlay2/1e6e519613884e91a2b74a588ba35dc8a2f789371ab798ef6e7d9836d756042f/diff:/var/lib/docker/overlay2/14a3151cc8b4f9d27d2e64f1a8abc0c7809309580f2d7e8dc8545055c1d56194/diff:/var/lib/do"
2024-07-24 14:30:40.550 [Test worker] DEBUG c.g.d.z.s.o.a.hc.client5.http.wire - http-outgoing-18 << "cker/overlay2/5b354b9e793401517fe2f1da697653fdaadffc54888eaf76d67e0600b8c68bdc/diff","MergedDir":"/var/lib/docker/overlay2/67c3f8e26d8f5169a947b6683f301968e5fec6296c8cb351fc15991133bd0e9d/merged","UpperDir":"/var/lib/docker/overlay2/67c3f8e26d8f5169a947b6683f301968e5fec6296c8cb351fc15991133bd0e9d/diff","WorkDir":"/var/lib/docker/overlay2/67c3f8e26d8f5169a947b6683f301968e5fec6296c8cb351fc15991133bd0e9d/work"},"Name":"overlay2"},"Mounts":[{"Type":"volume","Name":"ee60604c9a4112317dc88c15e3f46f6afbb7d49f0501b8df1a1f1bdebd36b907","Source":"/var/lib/docker/volumes/ee60604c9a4112317dc88c15e3f46f6afbb7d49f0501b8df1a1f1bdebd36b907/_data","Destination":"/var/lib/postgresql/data","Driver":"local","Mode":"","RW":true,"Propagation":""}],"Config":{"Hostname":"61241ef59880","Domainname":"","User":"","AttachStdin":false,"AttachStdout":false,"AttachStderr":false,"ExposedPorts":{"5432/tcp":{}},"Tty":false,"OpenStdin":false,"StdinOnce":false,"Env":["POSTGRES_USER=user","POSTGRES_PASSWORD=password","POSTGRES_DB=db","PATH=/usr/local/sbin:/usr/local/bin:/usr/sbin:/usr/bin:/sbin:/bin:/usr/lib/postgresql/16/bin","GOSU_VERSION=1.17","LANG=en_US.utf8","PG_MAJOR=16","PG_VERSION=16.2-1.pgdg120+2","PGDATA=/var/lib/postgresql/data"],"Cmd":["postgres","-c","fsync=off"],"Image":"postgres:latest","Volumes":{"/var/lib/postgresql/data":{}},"WorkingDir":"","Entrypoint":["docker-entrypoint.sh"],"OnBuild":null,"Labels":{"org.testcontainers":"true","org.testcontainers.lang":"java","org.testcontainers.sessionId":"280e6229-7396-4d60-b1e3-a5de48b5d49b","org.testcontainers.version":"1.19.8"},"StopSignal":"SIGINT"},"NetworkSettings":{"Bridge":"","SandboxID":"86a1ba1d1e2015e3c18ac378d3be678ea4f935661e82563eb8a7b2a31c40e906","SandboxKey":"/var/run/docker/netns/86a1ba1d1e20","Ports":{"5432/tcp":[{"HostIp":"0.0.0.0","HostPort":"51565"}]},"HairpinMode":false,"LinkLocalIPv6Address":"","LinkLocalIPv6PrefixLen":0,"SecondaryIPAddresses":null,"SecondaryIPv6Addresses":null,"EndpointID":"6fe4cd23ddff08167a964ad71576429922e83ab5551653152142af2118d3cff4","Gateway":"172.17.0.1","GlobalIPv6Address":"","GlobalIPv6PrefixLen":0,"IPAddress":"172.17.0.3","IPPrefixLen":16,"IPv6Gateway":"","MacAddress":"02:42:ac:11:00:03","Networks":{"bridge":{"IPAMConfig":null,"Links":null,"Aliases":null,"MacAddress":"02:42:ac:11:00:03","NetworkID":"3c842496be344cbdae878c1dee0957e7bc7c0a2236009c92752030f2b053e72f","EndpointID":"6fe4cd23ddff08167a964ad71576429922e83ab5551653152142af2118d3cff4","Gateway":"172.17.0.1","IPAddress":"172.17.0.3","IPPrefixLen":16,"IPv6Gateway":"","GlobalIPv6Address":"","GlobalIPv6PrefixLen":0,"DriverOpts":null,"DNSNames":null}}}}[\n]"
2024-07-24 14:30:40.551 [Test worker] DEBUG c.g.d.z.s.o.a.hc.client5.http.wire - http-outgoing-18 << "[\r][\n]"
2024-07-24 14:30:40.551 [Test worker] DEBUG c.g.d.z.s.o.a.hc.client5.http.wire - http-outgoing-18 << "0[\r][\n]"
2024-07-24 14:30:40.551 [Test worker] DEBUG c.g.d.z.s.o.a.hc.client5.http.wire - http-outgoing-18 << "[\r][\n]"
2024-07-24 14:30:40.551 [Test worker] DEBUG c.g.d.z.s.o.a.h.c.h.i.c.InternalHttpClient - ep-000000BF: releasing valid endpoint
2024-07-24 14:30:40.551 [Test worker] DEBUG c.g.d.z.s.o.a.h.c.h.i.i.PoolingHttpClientConnectionManager - ep-000000BF: releasing endpoint
2024-07-24 14:30:40.551 [Test worker] DEBUG c.g.d.z.s.o.a.h.c.h.i.i.PoolingHttpClientConnectionManager - ep-000000BF: connection http-outgoing-18 can be kept alive for 3 MINUTES
2024-07-24 14:30:40.551 [Test worker] DEBUG c.g.d.z.s.o.a.h.c.h.i.i.PoolingHttpClientConnectionManager - ep-000000BF: connection released [route: {}->npipe://localhost:2375][total available: 1; route allocated: 1 of 2147483647; total allocated: 1 of 2147483647]
2024-07-24 14:30:40.551 [Test worker] DEBUG tc.postgres:latest - Trying to create JDBC connection using org.postgresql.Driver to jdbc:postgresql://localhost:51565/db?loggerLevel=OFF with properties: {password=password, user=user}
2024-07-24 14:30:40.564 [Test worker] DEBUG o.t.jdbc.JdbcDatabaseDelegate - false returned as updateCount for SQL: drop table if exists WorkedOn
2024-07-24 14:30:40.566 [Test worker] DEBUG o.t.jdbc.JdbcDatabaseDelegate - false returned as updateCount for SQL: drop table if exists SequenceLine
2024-07-24 14:30:40.567 [Test worker] DEBUG o.t.jdbc.JdbcDatabaseDelegate - false returned as updateCount for SQL: drop table if exists WorkOrder
2024-07-24 14:30:40.567 [Test worker] DEBUG o.t.jdbc.JdbcDatabaseDelegate - false returned as updateCount for SQL: drop table if exists SequenceHeader
2024-07-24 14:30:40.568 [Test worker] DEBUG o.t.jdbc.JdbcDatabaseDelegate - false returned as updateCount for SQL: drop table if exists SaleOrderLine
2024-07-24 14:30:40.568 [Test worker] DEBUG o.t.jdbc.JdbcDatabaseDelegate - false returned as updateCount for SQL: drop table if exists SaleOrderHeader
2024-07-24 14:30:40.569 [Test worker] DEBUG o.t.jdbc.JdbcDatabaseDelegate - false returned as updateCount for SQL: drop table if exists Staff
2024-07-24 14:30:40.570 [Test worker] DEBUG o.t.jdbc.JdbcDatabaseDelegate - false returned as updateCount for SQL: drop table if exists WorkStation
2024-07-24 14:30:40.570 [Test worker] DEBUG o.t.jdbc.JdbcDatabaseDelegate - false returned as updateCount for SQL: drop table if exists Part
2024-07-24 14:30:40.571 [Test worker] DEBUG o.t.jdbc.JdbcDatabaseDelegate - false returned as updateCount for SQL: drop table if exists Customer
2024-07-24 14:30:40.574 [Test worker] DEBUG o.t.jdbc.JdbcDatabaseDelegate - false returned as updateCount for SQL: create table Customer ( customerId VarChar(8) PRIMARY Key, name VarChar(100) not null, address VarChar(500) not null )
2024-07-24 14:30:40.576 [Test worker] DEBUG o.t.jdbc.JdbcDatabaseDelegate - false returned as updateCount for SQL: create table Part ( partId VarChar(6) PRIMARY KEY, inventory Int not null, name VarChar(100) not null )
2024-07-24 14:30:40.577 [Test worker] DEBUG o.t.jdbc.JdbcDatabaseDelegate - false returned as updateCount for SQL: create table WorkStation ( name VarChar(50) PRIMARY KEY )
2024-07-24 14:30:40.578 [Test worker] DEBUG o.t.jdbc.JdbcDatabaseDelegate - false returned as updateCount for SQL: create table Staff ( staffID VarChar(6) PRIMARY KEY, name VarChar(100) not null )
2024-07-24 14:30:40.579 [Test worker] DEBUG o.t.jdbc.JdbcDatabaseDelegate - false returned as updateCount for SQL: create table SaleOrderHeader ( soHeaderId VarChar(6) PRIMARY key , customerId VarChar(8) not null references Customer (customerId) )
2024-07-24 14:30:40.581 [Test worker] DEBUG o.t.jdbc.JdbcDatabaseDelegate - false returned as updateCount for SQL: create table SaleOrderLine ( soLineId VarChar(6), soHeaderId VarChar(6) references SaleOrderHeader (soHeaderID), dateDue Date not null, partID VarChar(6) not null references Part(partId), PRIMARY KEY (soLineId,soHeaderId) )
2024-07-24 14:30:40.582 [Test worker] DEBUG o.t.jdbc.JdbcDatabaseDelegate - false returned as updateCount for SQL: create table SequenceHeader ( seqHeaderId VarChar(6) PRIMARY KEY, partId VarChar(6) not null references Part(partId) )
2024-07-24 14:30:40.583 [Test worker] DEBUG o.t.jdbc.JdbcDatabaseDelegate - false returned as updateCount for SQL: create table WorkOrder ( workOrderId VarChar(8) PRIMARY KEY, seqHeaderId VarChar(6) not null REFERENCES SequenceHeader (seqHeaderId), soLineId VarChar(6) not null, soHeaderId VarChar(6) not null, quanity Int not null, FOREIGN KEY (soLineId,soHeaderId) REFERENCES SaleOrderLine (soLineId,soHeaderId) )
2024-07-24 14:30:40.584 [Test worker] DEBUG o.t.jdbc.JdbcDatabaseDelegate - false returned as updateCount for SQL: create table SequenceLine ( seqLineId VarChar(10), seqHeaderId VarChar(6) references SequenceHeader (seqHeaderId), workStation VarChar(50) not null references WorkStation(name), PRIMARY KEY(seqLineId,seqHeaderId) )
2024-07-24 14:30:40.586 [Test worker] DEBUG o.t.jdbc.JdbcDatabaseDelegate - false returned as updateCount for SQL: create table WorkedOn ( staffId VarChar(8) references Staff (staffId), seqHeaderId VarChar(6), seqLineId VarChar(10), workOrderId VarChar(50) references WorkOrder(workOrderId), PRIMARY key (staffId,seqHeaderId,seqLineId,workOrderId), FOREIGN KEY (seqHeaderId,seqLineId) REFERENCES SequenceLine (seqHeaderId,seqLineId) )
2024-07-24 14:30:40.586 [Test worker] INFO  org.testcontainers.ext.ScriptUtils - Executed database script from sql/init.sql in 42 ms.
2024-07-24 14:30:40.604 [Test worker] DEBUG o.t.s.c.g.d.c.command.AbstrDockerCmd - Cmd: 61241ef5988020b430e66b415bf724770a48d6faea2b33e38c2474e7cb7f239c,false
2024-07-24 14:30:40.604 [Test worker] DEBUG o.t.s.c.g.d.c.e.InspectContainerCmdExec - GET: DefaultWebTarget{path=[/containers/61241ef5988020b430e66b415bf724770a48d6faea2b33e38c2474e7cb7f239c/json], queryParams={}}
2024-07-24 14:30:40.605 [Test worker] DEBUG c.g.d.z.s.o.a.h.c.h.i.c.InternalHttpClient - ex-000000C1: preparing request execution
2024-07-24 14:30:40.605 [Test worker] DEBUG c.g.d.z.s.o.a.h.c.h.p.RequestAddCookies - Cookie spec selected: strict
2024-07-24 14:30:40.605 [Test worker] DEBUG c.g.d.z.s.o.a.h.c.h.p.RequestAuthCache - Auth cache not set in the context
2024-07-24 14:30:40.605 [Test worker] DEBUG c.g.d.z.s.o.a.h.c.h.i.c.ProtocolExec - ex-000000C1: target auth state: UNCHALLENGED
2024-07-24 14:30:40.605 [Test worker] DEBUG c.g.d.z.s.o.a.h.c.h.i.c.ProtocolExec - ex-000000C1: proxy auth state: UNCHALLENGED
2024-07-24 14:30:40.605 [Test worker] DEBUG c.g.d.z.s.o.a.h.c.h.i.c.ConnectExec - ex-000000C1: acquiring connection with route {}->npipe://localhost:2375
2024-07-24 14:30:40.605 [Test worker] DEBUG c.g.d.z.s.o.a.h.c.h.i.c.InternalHttpClient - ex-000000C1: acquiring endpoint (3 MINUTES)
2024-07-24 14:30:40.605 [Test worker] DEBUG c.g.d.z.s.o.a.h.c.h.i.i.PoolingHttpClientConnectionManager - ex-000000C1: endpoint lease request (3 MINUTES) [route: {}->npipe://localhost:2375][total available: 1; route allocated: 1 of 2147483647; total allocated: 1 of 2147483647]
2024-07-24 14:30:40.605 [Test worker] DEBUG c.g.d.z.s.o.a.h.c.h.i.i.PoolingHttpClientConnectionManager - ex-000000C1: endpoint leased [route: {}->npipe://localhost:2375][total available: 0; route allocated: 1 of 2147483647; total allocated: 1 of 2147483647]
2024-07-24 14:30:40.605 [Test worker] DEBUG c.g.d.z.s.o.a.h.c.h.i.i.PoolingHttpClientConnectionManager - ex-000000C1: acquired ep-000000C0
2024-07-24 14:30:40.605 [Test worker] DEBUG c.g.d.z.s.o.a.h.c.h.i.c.InternalHttpClient - ex-000000C1: acquired endpoint ep-000000C0
2024-07-24 14:30:40.605 [Test worker] DEBUG c.g.d.z.s.o.a.h.c.h.i.c.MainClientExec - ex-000000C1: executing GET /v1.32/containers/61241ef5988020b430e66b415bf724770a48d6faea2b33e38c2474e7cb7f239c/json HTTP/1.1
2024-07-24 14:30:40.605 [Test worker] DEBUG c.g.d.z.s.o.a.h.c.h.i.c.InternalHttpClient - ep-000000C0: start execution ex-000000C1
2024-07-24 14:30:40.605 [Test worker] DEBUG c.g.d.z.s.o.a.h.c.h.i.i.PoolingHttpClientConnectionManager - ep-000000C0: executing exchange ex-000000C1 over http-outgoing-18
2024-07-24 14:30:40.605 [Test worker] DEBUG c.g.d.z.s.o.a.h.client5.http.headers - http-outgoing-18 >> GET /v1.32/containers/61241ef5988020b430e66b415bf724770a48d6faea2b33e38c2474e7cb7f239c/json HTTP/1.1
2024-07-24 14:30:40.605 [Test worker] DEBUG c.g.d.z.s.o.a.h.client5.http.headers - http-outgoing-18 >> accept: application/json
2024-07-24 14:30:40.605 [Test worker] DEBUG c.g.d.z.s.o.a.h.client5.http.headers - http-outgoing-18 >> x-tc-sid: 280e6229-7396-4d60-b1e3-a5de48b5d49b
2024-07-24 14:30:40.605 [Test worker] DEBUG c.g.d.z.s.o.a.h.client5.http.headers - http-outgoing-18 >> User-Agent: tc-java/1.19.8
2024-07-24 14:30:40.605 [Test worker] DEBUG c.g.d.z.s.o.a.h.client5.http.headers - http-outgoing-18 >> Accept-Encoding: gzip, x-gzip, deflate
2024-07-24 14:30:40.605 [Test worker] DEBUG c.g.d.z.s.o.a.h.client5.http.headers - http-outgoing-18 >> Host: localhost:2375
2024-07-24 14:30:40.605 [Test worker] DEBUG c.g.d.z.s.o.a.h.client5.http.headers - http-outgoing-18 >> Connection: keep-alive
2024-07-24 14:30:40.605 [Test worker] DEBUG c.g.d.z.s.o.a.hc.client5.http.wire - http-outgoing-18 >> "GET /v1.32/containers/61241ef5988020b430e66b415bf724770a48d6faea2b33e38c2474e7cb7f239c/json HTTP/1.1[\r][\n]"
2024-07-24 14:30:40.605 [Test worker] DEBUG c.g.d.z.s.o.a.hc.client5.http.wire - http-outgoing-18 >> "accept: application/json[\r][\n]"
2024-07-24 14:30:40.605 [Test worker] DEBUG c.g.d.z.s.o.a.hc.client5.http.wire - http-outgoing-18 >> "x-tc-sid: 280e6229-7396-4d60-b1e3-a5de48b5d49b[\r][\n]"
2024-07-24 14:30:40.605 [Test worker] DEBUG c.g.d.z.s.o.a.hc.client5.http.wire - http-outgoing-18 >> "User-Agent: tc-java/1.19.8[\r][\n]"
2024-07-24 14:30:40.605 [Test worker] DEBUG c.g.d.z.s.o.a.hc.client5.http.wire - http-outgoing-18 >> "Accept-Encoding: gzip, x-gzip, deflate[\r][\n]"
2024-07-24 14:30:40.605 [Test worker] DEBUG c.g.d.z.s.o.a.hc.client5.http.wire - http-outgoing-18 >> "Host: localhost:2375[\r][\n]"
2024-07-24 14:30:40.605 [Test worker] DEBUG c.g.d.z.s.o.a.hc.client5.http.wire - http-outgoing-18 >> "Connection: keep-alive[\r][\n]"
2024-07-24 14:30:40.605 [Test worker] DEBUG c.g.d.z.s.o.a.hc.client5.http.wire - http-outgoing-18 >> "[\r][\n]"
2024-07-24 14:30:40.608 [Test worker] DEBUG c.g.d.z.s.o.a.hc.client5.http.wire - http-outgoing-18 << "HTTP/1.1 200 OK[\r][\n]"
2024-07-24 14:30:40.608 [Test worker] DEBUG c.g.d.z.s.o.a.hc.client5.http.wire - http-outgoing-18 << "Api-Version: 1.45[\r][\n]"
2024-07-24 14:30:40.608 [Test worker] DEBUG c.g.d.z.s.o.a.hc.client5.http.wire - http-outgoing-18 << "Content-Type: application/json[\r][\n]"
2024-07-24 14:30:40.608 [Test worker] DEBUG c.g.d.z.s.o.a.hc.client5.http.wire - http-outgoing-18 << "Date: Wed, 24 Jul 2024 02:30:40 GMT[\r][\n]"
2024-07-24 14:30:40.608 [Test worker] DEBUG c.g.d.z.s.o.a.hc.client5.http.wire - http-outgoing-18 << "Docker-Experimental: false[\r][\n]"
2024-07-24 14:30:40.608 [Test worker] DEBUG c.g.d.z.s.o.a.hc.client5.http.wire - http-outgoing-18 << "Ostype: linux[\r][\n]"
2024-07-24 14:30:40.608 [Test worker] DEBUG c.g.d.z.s.o.a.hc.client5.http.wire - http-outgoing-18 << "Server: Docker/26.0.0 (linux)[\r][\n]"
2024-07-24 14:30:40.608 [Test worker] DEBUG c.g.d.z.s.o.a.hc.client5.http.wire - http-outgoing-18 << "Transfer-Encoding: chunked[\r][\n]"
2024-07-24 14:30:40.608 [Test worker] DEBUG c.g.d.z.s.o.a.hc.client5.http.wire - http-outgoing-18 << "[\r][\n]"
2024-07-24 14:30:40.608 [Test worker] DEBUG c.g.d.z.s.o.a.h.client5.http.headers - http-outgoing-18 << HTTP/1.1 200 OK
2024-07-24 14:30:40.608 [Test worker] DEBUG c.g.d.z.s.o.a.h.client5.http.headers - http-outgoing-18 << Api-Version: 1.45
2024-07-24 14:30:40.608 [Test worker] DEBUG c.g.d.z.s.o.a.h.client5.http.headers - http-outgoing-18 << Content-Type: application/json
2024-07-24 14:30:40.608 [Test worker] DEBUG c.g.d.z.s.o.a.h.client5.http.headers - http-outgoing-18 << Date: Wed, 24 Jul 2024 02:30:40 GMT
2024-07-24 14:30:40.608 [Test worker] DEBUG c.g.d.z.s.o.a.h.client5.http.headers - http-outgoing-18 << Docker-Experimental: false
2024-07-24 14:30:40.608 [Test worker] DEBUG c.g.d.z.s.o.a.h.client5.http.headers - http-outgoing-18 << Ostype: linux
2024-07-24 14:30:40.608 [Test worker] DEBUG c.g.d.z.s.o.a.h.client5.http.headers - http-outgoing-18 << Server: Docker/26.0.0 (linux)
2024-07-24 14:30:40.608 [Test worker] DEBUG c.g.d.z.s.o.a.h.client5.http.headers - http-outgoing-18 << Transfer-Encoding: chunked
2024-07-24 14:30:40.608 [Test worker] DEBUG c.g.d.z.s.o.a.h.c.h.i.c.MainClientExec - ex-000000C1: connection can be kept alive for 3 MINUTES
2024-07-24 14:30:40.609 [Test worker] DEBUG c.g.d.z.s.o.a.hc.client5.http.wire - http-outgoing-18 << "1a39[\r][\n]"
2024-07-24 14:30:40.609 [Test worker] DEBUG c.g.d.z.s.o.a.hc.client5.http.wire - http-outgoing-18 << "{"Id":"61241ef5988020b430e66b415bf724770a48d6faea2b33e38c2474e7cb7f239c","Created":"2024-07-24T02:30:38.765949385Z","Path":"docker-entrypoint.sh","Args":["postgres","-c","fsync=off"],"State":{"Status":"running","Running":true,"Paused":false,"Restarting":false,"OOMKilled":false,"Dead":false,"Pid":30169,"ExitCode":0,"Error":"","StartedAt":"2024-07-24T02:30:39.261430669Z","FinishedAt":"0001-01-01T00:00:00Z"},"Image":"sha256:8e4fc9e184899a58735e7ee333f5e272d7d2298cf59302006b71f33e217be130","ResolvConfPath":"/var/lib/docker/containers/61241ef5988020b430e66b415bf724770a48d6faea2b33e38c2474e7cb7f239c/resolv.conf","HostnamePath":"/var/lib/docker/containers/61241ef5988020b430e66b415bf724770a48d6faea2b33e38c2474e7cb7f239c/hostname","HostsPath":"/var/lib/docker/containers/61241ef5988020b430e66b415bf724770a48d6faea2b33e38c2474e7cb7f239c/hosts","LogPath":"/var/lib/docker/containers/61241ef5988020b430e66b415bf724770a48d6faea2b33e38c2474e7cb7f239c/61241ef5988020b430e66b415bf724770a48d6faea2b33e38c2474e7cb7f239c-json.log","Name":"/wizardly_ptolemy","RestartCount":0,"Driver":"overlay2","Platform":"linux","MountLabel":"","ProcessLabel":"","AppArmorProfile":"","ExecIDs":null,"HostConfig":{"Binds":[],"ContainerIDFile":"","LogConfig":{"Type":"json-file","Config":{}},"NetworkMode":"default","PortBindings":{"5432/tcp":[{"HostIp":"0.0.0.0","HostPort":"0"}]},"RestartPolicy":{"Name":"no","MaximumRetryCount":0},"AutoRemove":false,"VolumeDriver":"","VolumesFrom":[],"ConsoleSize":[0,0],"CapAdd":null,"CapDrop":null,"CgroupnsMode":"host","Dns":null,"DnsOptions":null,"DnsSearch":null,"ExtraHosts":[],"GroupAdd":null,"IpcMode":"shareable","Cgroup":"","Links":null,"OomScoreAdj":0,"PidMode":"","Privileged":false,"PublishAllPorts":false,"ReadonlyRootfs":false,"SecurityOpt":null,"UTSMode":"","UsernsMode":"","ShmSize":67108864,"Runtime":"runc","Isolation":"","CpuShares":0,"Memory":0,"NanoCpus":0,"CgroupParent":"","BlkioWeight":0,"BlkioWeightDevice":null,"BlkioDeviceReadBps":null,"BlkioDeviceWriteBps":null,"BlkioDeviceReadIOps":null,"BlkioDeviceWriteIOps":null,"CpuPeriod":0,"CpuQuota":0,"CpuRealtimePeriod":0,"CpuRealtimeRuntime":0,"CpusetCpus":"","CpusetMems":"","Devices":null,"DeviceCgroupRules":null,"DeviceRequests":null,"MemoryReservation":0,"MemorySwap":0,"MemorySwappiness":null,"OomKillDisable":false,"PidsLimit":null,"Ulimits":null,"CpuCount":0,"CpuPercent":0,"IOMaximumIOps":0,"IOMaximumBandwidth":0,"MaskedPaths":["/proc/asound","/proc/acpi","/proc/kcore","/proc/keys","/proc/latency_stats","/proc/timer_list","/proc/timer_stats","/proc/sched_debug","/proc/scsi","/sys/firmware","/sys/devices/virtual/powercap"],"ReadonlyPaths":["/proc/bus","/proc/fs","/proc/irq","/proc/sys","/proc/sysrq-trigger"]},"GraphDriver":{"Data":{"LowerDir":"/var/lib/docker/overlay2/67c3f8e26d8f5169a947b6683f301968e5fec6296c8cb351fc15991133bd0e9d-init/diff:/var/lib/docker/overlay2/8f0ddbd386af0785c2e348570516955816ab350305d698d363962d488eeb15ec/diff:/var/lib/docker/overlay2/0eb0ca73e9b0be7c3d7fa8762ef4778a68f38391bc84c037c2e90b88e781b475/diff:/var/lib/docker/overlay2/74e634bddc785c5d436b10a5158cd82e21dc2065fd1cf8ff9c1c12e01575a2d8/diff:/var/lib/docker/overlay2/bb918b2851cd2f508f1e3fdbfff8b7f8b041d61e65fe8c368288bf399e80b818/diff:/var/lib/docker/overlay2/2abab2946cbdc2941ee8ec4024c51dac7313dee9de5fbedd1ca33388c59eb3c8/diff:/var/lib/docker/overlay2/e12f6083ee669bd92743ceb339a896bb25dbe461b718705bb39eb410b80c0ecd/diff:/var/lib/docker/overlay2/ced1e86d670d097da5ed4da7288c22507735918959161c2cd8bf083fb30d169a/diff:/var/lib/docker/overlay2/94e9ac7b74923285ae73af20aeccb964ca9079e2305db367cb85d1603560472d/diff:/var/lib/docker/overlay2/a396b6dfd63f0c228c519871183c614cccf4d366a43460f27ecf97113c3c4be8/diff:/var/lib/docker/overlay2/f58ada5d5080c2bac553c734f81127660a90581a35ed2a92cebe3c59e340875b/diff:/var/lib/docker/overlay2/84f85636f37bf55d945e217b4f87a856eba7932284beaf042561007b66f48977/diff:/var/lib/docker/overlay2/1e6e519613884e91a2b74a588ba35dc8a2f789371ab798ef6e7d9836d756042f/diff:/var/lib/docker/overlay2/14a3151cc8b4f9d27d2e64f1a8abc0c7809309580f2d7e8dc8545055c1d56194/diff:/var/lib/do"
2024-07-24 14:30:40.609 [Test worker] DEBUG c.g.d.z.s.o.a.hc.client5.http.wire - http-outgoing-18 << "cker/overlay2/5b354b9e793401517fe2f1da697653fdaadffc54888eaf76d67e0600b8c68bdc/diff","MergedDir":"/var/lib/docker/overlay2/67c3f8e26d8f5169a947b6683f301968e5fec6296c8cb351fc15991133bd0e9d/merged","UpperDir":"/var/lib/docker/overlay2/67c3f8e26d8f5169a947b6683f301968e5fec6296c8cb351fc15991133bd0e9d/diff","WorkDir":"/var/lib/docker/overlay2/67c3f8e26d8f5169a947b6683f301968e5fec6296c8cb351fc15991133bd0e9d/work"},"Name":"overlay2"},"Mounts":[{"Type":"volume","Name":"ee60604c9a4112317dc88c15e3f46f6afbb7d49f0501b8df1a1f1bdebd36b907","Source":"/var/lib/docker/volumes/ee60604c9a4112317dc88c15e3f46f6afbb7d49f0501b8df1a1f1bdebd36b907/_data","Destination":"/var/lib/postgresql/data","Driver":"local","Mode":"","RW":true,"Propagation":""}],"Config":{"Hostname":"61241ef59880","Domainname":"","User":"","AttachStdin":false,"AttachStdout":false,"AttachStderr":false,"ExposedPorts":{"5432/tcp":{}},"Tty":false,"OpenStdin":false,"StdinOnce":false,"Env":["POSTGRES_USER=user","POSTGRES_PASSWORD=password","POSTGRES_DB=db","PATH=/usr/local/sbin:/usr/local/bin:/usr/sbin:/usr/bin:/sbin:/bin:/usr/lib/postgresql/16/bin","GOSU_VERSION=1.17","LANG=en_US.utf8","PG_MAJOR=16","PG_VERSION=16.2-1.pgdg120+2","PGDATA=/var/lib/postgresql/data"],"Cmd":["postgres","-c","fsync=off"],"Image":"postgres:latest","Volumes":{"/var/lib/postgresql/data":{}},"WorkingDir":"","Entrypoint":["docker-entrypoint.sh"],"OnBuild":null,"Labels":{"org.testcontainers":"true","org.testcontainers.lang":"java","org.testcontainers.sessionId":"280e6229-7396-4d60-b1e3-a5de48b5d49b","org.testcontainers.version":"1.19.8"},"StopSignal":"SIGINT"},"NetworkSettings":{"Bridge":"","SandboxID":"86a1ba1d1e2015e3c18ac378d3be678ea4f935661e82563eb8a7b2a31c40e906","SandboxKey":"/var/run/docker/netns/86a1ba1d1e20","Ports":{"5432/tcp":[{"HostIp":"0.0.0.0","HostPort":"51565"}]},"HairpinMode":false,"LinkLocalIPv6Address":"","LinkLocalIPv6PrefixLen":0,"SecondaryIPAddresses":null,"SecondaryIPv6Addresses":null,"EndpointID":"6fe4cd23ddff08167a964ad71576429922e83ab5551653152142af2118d3cff4","Gateway":"172.17.0.1","GlobalIPv6Address":"","GlobalIPv6PrefixLen":0,"IPAddress":"172.17.0.3","IPPrefixLen":16,"IPv6Gateway":"","MacAddress":"02:42:ac:11:00:03","Networks":{"bridge":{"IPAMConfig":null,"Links":null,"Aliases":null,"MacAddress":"02:42:ac:11:00:03","NetworkID":"3c842496be344cbdae878c1dee0957e7bc7c0a2236009c92752030f2b053e72f","EndpointID":"6fe4cd23ddff08167a964ad71576429922e83ab5551653152142af2118d3cff4","Gateway":"172.17.0.1","IPAddress":"172.17.0.3","IPPrefixLen":16,"IPv6Gateway":"","GlobalIPv6Address":"","GlobalIPv6PrefixLen":0,"DriverOpts":null,"DNSNames":null}}}}[\n]"
2024-07-24 14:30:40.610 [Test worker] DEBUG c.g.d.z.s.o.a.hc.client5.http.wire - http-outgoing-18 << "[\r][\n]"
2024-07-24 14:30:40.610 [Test worker] DEBUG c.g.d.z.s.o.a.hc.client5.http.wire - http-outgoing-18 << "0[\r][\n]"
2024-07-24 14:30:40.610 [Test worker] DEBUG c.g.d.z.s.o.a.hc.client5.http.wire - http-outgoing-18 << "[\r][\n]"
2024-07-24 14:30:40.610 [Test worker] DEBUG c.g.d.z.s.o.a.h.c.h.i.c.InternalHttpClient - ep-000000C0: releasing valid endpoint
2024-07-24 14:30:40.610 [Test worker] DEBUG c.g.d.z.s.o.a.h.c.h.i.i.PoolingHttpClientConnectionManager - ep-000000C0: releasing endpoint
2024-07-24 14:30:40.610 [Test worker] DEBUG c.g.d.z.s.o.a.h.c.h.i.i.PoolingHttpClientConnectionManager - ep-000000C0: connection http-outgoing-18 can be kept alive for 3 MINUTES
2024-07-24 14:30:40.610 [Test worker] DEBUG c.g.d.z.s.o.a.h.c.h.i.i.PoolingHttpClientConnectionManager - ep-000000C0: connection released [route: {}->npipe://localhost:2375][total available: 1; route allocated: 1 of 2147483647; total allocated: 1 of 2147483647]
2024-07-24 14:30:40.610 [Test worker] TRACE o.t.utility.ResourceReaper - Stopping container: 61241ef5988020b430e66b415bf724770a48d6faea2b33e38c2474e7cb7f239c
2024-07-24 14:30:40.610 [Test worker] DEBUG o.t.s.c.g.d.c.command.AbstrDockerCmd - Cmd: 61241ef5988020b430e66b415bf724770a48d6faea2b33e38c2474e7cb7f239c,<null>
2024-07-24 14:30:40.610 [Test worker] TRACE o.t.s.c.g.d.c.e.KillContainerCmdExec - POST: DefaultWebTarget{path=[/containers/61241ef5988020b430e66b415bf724770a48d6faea2b33e38c2474e7cb7f239c/kill], queryParams={}}
2024-07-24 14:30:40.610 [Test worker] DEBUG c.g.d.z.s.o.a.h.c.h.i.c.InternalHttpClient - ex-000000C2: preparing request execution
2024-07-24 14:30:40.610 [Test worker] DEBUG c.g.d.z.s.o.a.h.c.h.p.RequestAddCookies - Cookie spec selected: strict
2024-07-24 14:30:40.610 [Test worker] DEBUG c.g.d.z.s.o.a.h.c.h.p.RequestAuthCache - Auth cache not set in the context
2024-07-24 14:30:40.610 [Test worker] DEBUG c.g.d.z.s.o.a.h.c.h.i.c.ProtocolExec - ex-000000C2: target auth state: UNCHALLENGED
2024-07-24 14:30:40.610 [Test worker] DEBUG c.g.d.z.s.o.a.h.c.h.i.c.ProtocolExec - ex-000000C2: proxy auth state: UNCHALLENGED
2024-07-24 14:30:40.610 [Test worker] DEBUG c.g.d.z.s.o.a.h.c.h.i.c.ConnectExec - ex-000000C2: acquiring connection with route {}->npipe://localhost:2375
2024-07-24 14:30:40.610 [Test worker] DEBUG c.g.d.z.s.o.a.h.c.h.i.c.InternalHttpClient - ex-000000C2: acquiring endpoint (3 MINUTES)
2024-07-24 14:30:40.610 [Test worker] DEBUG c.g.d.z.s.o.a.h.c.h.i.i.PoolingHttpClientConnectionManager - ex-000000C2: endpoint lease request (3 MINUTES) [route: {}->npipe://localhost:2375][total available: 1; route allocated: 1 of 2147483647; total allocated: 1 of 2147483647]
2024-07-24 14:30:40.611 [Test worker] DEBUG c.g.d.z.s.o.a.h.c.h.i.i.PoolingHttpClientConnectionManager - ex-000000C2: endpoint leased [route: {}->npipe://localhost:2375][total available: 0; route allocated: 1 of 2147483647; total allocated: 1 of 2147483647]
2024-07-24 14:30:40.611 [Test worker] DEBUG c.g.d.z.s.o.a.h.c.h.i.i.PoolingHttpClientConnectionManager - ex-000000C2: acquired ep-000000C1
2024-07-24 14:30:40.611 [Test worker] DEBUG c.g.d.z.s.o.a.h.c.h.i.c.InternalHttpClient - ex-000000C2: acquired endpoint ep-000000C1
2024-07-24 14:30:40.611 [Test worker] DEBUG c.g.d.z.s.o.a.h.c.h.i.c.MainClientExec - ex-000000C2: executing POST /v1.32/containers/61241ef5988020b430e66b415bf724770a48d6faea2b33e38c2474e7cb7f239c/kill HTTP/1.1
2024-07-24 14:30:40.611 [Test worker] DEBUG c.g.d.z.s.o.a.h.c.h.i.c.InternalHttpClient - ep-000000C1: start execution ex-000000C2
2024-07-24 14:30:40.611 [Test worker] DEBUG c.g.d.z.s.o.a.h.c.h.i.i.PoolingHttpClientConnectionManager - ep-000000C1: executing exchange ex-000000C2 over http-outgoing-18
2024-07-24 14:30:40.611 [Test worker] DEBUG c.g.d.z.s.o.a.h.client5.http.headers - http-outgoing-18 >> POST /v1.32/containers/61241ef5988020b430e66b415bf724770a48d6faea2b33e38c2474e7cb7f239c/kill HTTP/1.1
2024-07-24 14:30:40.611 [Test worker] DEBUG c.g.d.z.s.o.a.h.client5.http.headers - http-outgoing-18 >> accept: application/json
2024-07-24 14:30:40.611 [Test worker] DEBUG c.g.d.z.s.o.a.h.client5.http.headers - http-outgoing-18 >> content-type: application/json
2024-07-24 14:30:40.611 [Test worker] DEBUG c.g.d.z.s.o.a.h.client5.http.headers - http-outgoing-18 >> x-tc-sid: 280e6229-7396-4d60-b1e3-a5de48b5d49b
2024-07-24 14:30:40.611 [Test worker] DEBUG c.g.d.z.s.o.a.h.client5.http.headers - http-outgoing-18 >> User-Agent: tc-java/1.19.8
2024-07-24 14:30:40.611 [Test worker] DEBUG c.g.d.z.s.o.a.h.client5.http.headers - http-outgoing-18 >> Accept-Encoding: gzip, x-gzip, deflate
2024-07-24 14:30:40.611 [Test worker] DEBUG c.g.d.z.s.o.a.h.client5.http.headers - http-outgoing-18 >> Host: localhost:2375
2024-07-24 14:30:40.611 [Test worker] DEBUG c.g.d.z.s.o.a.h.client5.http.headers - http-outgoing-18 >> Connection: keep-alive
2024-07-24 14:30:40.611 [Test worker] DEBUG c.g.d.z.s.o.a.hc.client5.http.wire - http-outgoing-18 >> "POST /v1.32/containers/61241ef5988020b430e66b415bf724770a48d6faea2b33e38c2474e7cb7f239c/kill HTTP/1.1[\r][\n]"
2024-07-24 14:30:40.611 [Test worker] DEBUG c.g.d.z.s.o.a.hc.client5.http.wire - http-outgoing-18 >> "accept: application/json[\r][\n]"
2024-07-24 14:30:40.611 [Test worker] DEBUG c.g.d.z.s.o.a.hc.client5.http.wire - http-outgoing-18 >> "content-type: application/json[\r][\n]"
2024-07-24 14:30:40.611 [Test worker] DEBUG c.g.d.z.s.o.a.hc.client5.http.wire - http-outgoing-18 >> "x-tc-sid: 280e6229-7396-4d60-b1e3-a5de48b5d49b[\r][\n]"
2024-07-24 14:30:40.611 [Test worker] DEBUG c.g.d.z.s.o.a.hc.client5.http.wire - http-outgoing-18 >> "User-Agent: tc-java/1.19.8[\r][\n]"
2024-07-24 14:30:40.611 [Test worker] DEBUG c.g.d.z.s.o.a.hc.client5.http.wire - http-outgoing-18 >> "Accept-Encoding: gzip, x-gzip, deflate[\r][\n]"
2024-07-24 14:30:40.611 [Test worker] DEBUG c.g.d.z.s.o.a.hc.client5.http.wire - http-outgoing-18 >> "Host: localhost:2375[\r][\n]"
2024-07-24 14:30:40.611 [Test worker] DEBUG c.g.d.z.s.o.a.hc.client5.http.wire - http-outgoing-18 >> "Connection: keep-alive[\r][\n]"
2024-07-24 14:30:40.611 [Test worker] DEBUG c.g.d.z.s.o.a.hc.client5.http.wire - http-outgoing-18 >> "[\r][\n]"
2024-07-24 14:30:41.186 [Test worker] DEBUG c.g.d.z.s.o.a.hc.client5.http.wire - http-outgoing-18 << "HTTP/1.1 204 No Content[\r][\n]"
2024-07-24 14:30:41.186 [Test worker] DEBUG c.g.d.z.s.o.a.hc.client5.http.wire - http-outgoing-18 << "Api-Version: 1.45[\r][\n]"
2024-07-24 14:30:41.186 [Test worker] DEBUG c.g.d.z.s.o.a.hc.client5.http.wire - http-outgoing-18 << "Date: Wed, 24 Jul 2024 02:30:41 GMT[\r][\n]"
2024-07-24 14:30:41.186 [Test worker] DEBUG c.g.d.z.s.o.a.hc.client5.http.wire - http-outgoing-18 << "Docker-Experimental: false[\r][\n]"
2024-07-24 14:30:41.186 [Test worker] DEBUG c.g.d.z.s.o.a.hc.client5.http.wire - http-outgoing-18 << "Ostype: linux[\r][\n]"
2024-07-24 14:30:41.186 [Test worker] DEBUG c.g.d.z.s.o.a.hc.client5.http.wire - http-outgoing-18 << "Server: Docker/26.0.0 (linux)[\r][\n]"
2024-07-24 14:30:41.186 [Test worker] DEBUG c.g.d.z.s.o.a.hc.client5.http.wire - http-outgoing-18 << "[\r][\n]"
2024-07-24 14:30:41.186 [Test worker] DEBUG c.g.d.z.s.o.a.h.client5.http.headers - http-outgoing-18 << HTTP/1.1 204 No Content
2024-07-24 14:30:41.186 [Test worker] DEBUG c.g.d.z.s.o.a.h.client5.http.headers - http-outgoing-18 << Api-Version: 1.45
2024-07-24 14:30:41.186 [Test worker] DEBUG c.g.d.z.s.o.a.h.client5.http.headers - http-outgoing-18 << Date: Wed, 24 Jul 2024 02:30:41 GMT
2024-07-24 14:30:41.186 [Test worker] DEBUG c.g.d.z.s.o.a.h.client5.http.headers - http-outgoing-18 << Docker-Experimental: false
2024-07-24 14:30:41.186 [Test worker] DEBUG c.g.d.z.s.o.a.h.client5.http.headers - http-outgoing-18 << Ostype: linux
2024-07-24 14:30:41.186 [Test worker] DEBUG c.g.d.z.s.o.a.h.client5.http.headers - http-outgoing-18 << Server: Docker/26.0.0 (linux)
2024-07-24 14:30:41.187 [Test worker] DEBUG c.g.d.z.s.o.a.h.c.h.i.c.MainClientExec - ex-000000C2: connection can be kept alive for 3 MINUTES
2024-07-24 14:30:41.187 [Test worker] DEBUG c.g.d.z.s.o.a.h.c.h.i.c.InternalHttpClient - ep-000000C1: releasing valid endpoint
2024-07-24 14:30:41.187 [Test worker] DEBUG c.g.d.z.s.o.a.h.c.h.i.i.PoolingHttpClientConnectionManager - ep-000000C1: releasing endpoint
2024-07-24 14:30:41.187 [Test worker] DEBUG c.g.d.z.s.o.a.h.c.h.i.i.PoolingHttpClientConnectionManager - ep-000000C1: connection http-outgoing-18 can be kept alive for 3 MINUTES
2024-07-24 14:30:41.187 [Test worker] DEBUG c.g.d.z.s.o.a.h.c.h.i.i.PoolingHttpClientConnectionManager - ep-000000C1: connection released [route: {}->npipe://localhost:2375][total available: 1; route allocated: 1 of 2147483647; total allocated: 1 of 2147483647]
2024-07-24 14:30:41.187 [Test worker] TRACE o.t.utility.ResourceReaper - Stopped container: postgres:latest
2024-07-24 14:30:41.187 [Test worker] DEBUG o.t.s.c.g.d.c.command.AbstrDockerCmd - Cmd: 61241ef5988020b430e66b415bf724770a48d6faea2b33e38c2474e7cb7f239c,false
2024-07-24 14:30:41.187 [Test worker] DEBUG o.t.s.c.g.d.c.e.InspectContainerCmdExec - GET: DefaultWebTarget{path=[/containers/61241ef5988020b430e66b415bf724770a48d6faea2b33e38c2474e7cb7f239c/json], queryParams={}}
2024-07-24 14:30:41.187 [Test worker] DEBUG c.g.d.z.s.o.a.h.c.h.i.c.InternalHttpClient - ex-000000C3: preparing request execution
2024-07-24 14:30:41.187 [Test worker] DEBUG c.g.d.z.s.o.a.h.c.h.p.RequestAddCookies - Cookie spec selected: strict
2024-07-24 14:30:41.187 [Test worker] DEBUG c.g.d.z.s.o.a.h.c.h.p.RequestAuthCache - Auth cache not set in the context
2024-07-24 14:30:41.188 [Test worker] DEBUG c.g.d.z.s.o.a.h.c.h.i.c.ProtocolExec - ex-000000C3: target auth state: UNCHALLENGED
2024-07-24 14:30:41.188 [Test worker] DEBUG c.g.d.z.s.o.a.h.c.h.i.c.ProtocolExec - ex-000000C3: proxy auth state: UNCHALLENGED
2024-07-24 14:30:41.188 [Test worker] DEBUG c.g.d.z.s.o.a.h.c.h.i.c.ConnectExec - ex-000000C3: acquiring connection with route {}->npipe://localhost:2375
2024-07-24 14:30:41.188 [Test worker] DEBUG c.g.d.z.s.o.a.h.c.h.i.c.InternalHttpClient - ex-000000C3: acquiring endpoint (3 MINUTES)
2024-07-24 14:30:41.188 [Test worker] DEBUG c.g.d.z.s.o.a.h.c.h.i.i.PoolingHttpClientConnectionManager - ex-000000C3: endpoint lease request (3 MINUTES) [route: {}->npipe://localhost:2375][total available: 1; route allocated: 1 of 2147483647; total allocated: 1 of 2147483647]
2024-07-24 14:30:41.188 [Test worker] DEBUG c.g.d.z.s.o.a.h.c.h.i.i.PoolingHttpClientConnectionManager - ex-000000C3: endpoint leased [route: {}->npipe://localhost:2375][total available: 0; route allocated: 1 of 2147483647; total allocated: 1 of 2147483647]
2024-07-24 14:30:41.188 [Test worker] DEBUG c.g.d.z.s.o.a.h.c.h.i.i.PoolingHttpClientConnectionManager - ex-000000C3: acquired ep-000000C2
2024-07-24 14:30:41.188 [Test worker] DEBUG c.g.d.z.s.o.a.h.c.h.i.c.InternalHttpClient - ex-000000C3: acquired endpoint ep-000000C2
2024-07-24 14:30:41.188 [Test worker] DEBUG c.g.d.z.s.o.a.h.c.h.i.c.MainClientExec - ex-000000C3: executing GET /v1.32/containers/61241ef5988020b430e66b415bf724770a48d6faea2b33e38c2474e7cb7f239c/json HTTP/1.1
2024-07-24 14:30:41.188 [Test worker] DEBUG c.g.d.z.s.o.a.h.c.h.i.c.InternalHttpClient - ep-000000C2: start execution ex-000000C3
2024-07-24 14:30:41.188 [Test worker] DEBUG c.g.d.z.s.o.a.h.c.h.i.i.PoolingHttpClientConnectionManager - ep-000000C2: executing exchange ex-000000C3 over http-outgoing-18
2024-07-24 14:30:41.188 [Test worker] DEBUG c.g.d.z.s.o.a.h.client5.http.headers - http-outgoing-18 >> GET /v1.32/containers/61241ef5988020b430e66b415bf724770a48d6faea2b33e38c2474e7cb7f239c/json HTTP/1.1
2024-07-24 14:30:41.188 [Test worker] DEBUG c.g.d.z.s.o.a.h.client5.http.headers - http-outgoing-18 >> accept: application/json
2024-07-24 14:30:41.188 [Test worker] DEBUG c.g.d.z.s.o.a.h.client5.http.headers - http-outgoing-18 >> x-tc-sid: 280e6229-7396-4d60-b1e3-a5de48b5d49b
2024-07-24 14:30:41.188 [Test worker] DEBUG c.g.d.z.s.o.a.h.client5.http.headers - http-outgoing-18 >> User-Agent: tc-java/1.19.8
2024-07-24 14:30:41.188 [Test worker] DEBUG c.g.d.z.s.o.a.h.client5.http.headers - http-outgoing-18 >> Accept-Encoding: gzip, x-gzip, deflate
2024-07-24 14:30:41.188 [Test worker] DEBUG c.g.d.z.s.o.a.h.client5.http.headers - http-outgoing-18 >> Host: localhost:2375
2024-07-24 14:30:41.188 [Test worker] DEBUG c.g.d.z.s.o.a.h.client5.http.headers - http-outgoing-18 >> Connection: keep-alive
2024-07-24 14:30:41.188 [Test worker] DEBUG c.g.d.z.s.o.a.hc.client5.http.wire - http-outgoing-18 >> "GET /v1.32/containers/61241ef5988020b430e66b415bf724770a48d6faea2b33e38c2474e7cb7f239c/json HTTP/1.1[\r][\n]"
2024-07-24 14:30:41.188 [Test worker] DEBUG c.g.d.z.s.o.a.hc.client5.http.wire - http-outgoing-18 >> "accept: application/json[\r][\n]"
2024-07-24 14:30:41.188 [Test worker] DEBUG c.g.d.z.s.o.a.hc.client5.http.wire - http-outgoing-18 >> "x-tc-sid: 280e6229-7396-4d60-b1e3-a5de48b5d49b[\r][\n]"
2024-07-24 14:30:41.188 [Test worker] DEBUG c.g.d.z.s.o.a.hc.client5.http.wire - http-outgoing-18 >> "User-Agent: tc-java/1.19.8[\r][\n]"
2024-07-24 14:30:41.188 [Test worker] DEBUG c.g.d.z.s.o.a.hc.client5.http.wire - http-outgoing-18 >> "Accept-Encoding: gzip, x-gzip, deflate[\r][\n]"
2024-07-24 14:30:41.188 [Test worker] DEBUG c.g.d.z.s.o.a.hc.client5.http.wire - http-outgoing-18 >> "Host: localhost:2375[\r][\n]"
2024-07-24 14:30:41.188 [Test worker] DEBUG c.g.d.z.s.o.a.hc.client5.http.wire - http-outgoing-18 >> "Connection: keep-alive[\r][\n]"
2024-07-24 14:30:41.188 [Test worker] DEBUG c.g.d.z.s.o.a.hc.client5.http.wire - http-outgoing-18 >> "[\r][\n]"
2024-07-24 14:30:41.200 [Test worker] DEBUG c.g.d.z.s.o.a.hc.client5.http.wire - http-outgoing-18 << "HTTP/1.1 200 OK[\r][\n]"
2024-07-24 14:30:41.200 [Test worker] DEBUG c.g.d.z.s.o.a.hc.client5.http.wire - http-outgoing-18 << "Api-Version: 1.45[\r][\n]"
2024-07-24 14:30:41.200 [Test worker] DEBUG c.g.d.z.s.o.a.hc.client5.http.wire - http-outgoing-18 << "Content-Type: application/json[\r][\n]"
2024-07-24 14:30:41.200 [Test worker] DEBUG c.g.d.z.s.o.a.hc.client5.http.wire - http-outgoing-18 << "Date: Wed, 24 Jul 2024 02:30:41 GMT[\r][\n]"
2024-07-24 14:30:41.200 [Test worker] DEBUG c.g.d.z.s.o.a.hc.client5.http.wire - http-outgoing-18 << "Docker-Experimental: false[\r][\n]"
2024-07-24 14:30:41.200 [Test worker] DEBUG c.g.d.z.s.o.a.hc.client5.http.wire - http-outgoing-18 << "Ostype: linux[\r][\n]"
2024-07-24 14:30:41.200 [Test worker] DEBUG c.g.d.z.s.o.a.hc.client5.http.wire - http-outgoing-18 << "Server: Docker/26.0.0 (linux)[\r][\n]"
2024-07-24 14:30:41.200 [Test worker] DEBUG c.g.d.z.s.o.a.hc.client5.http.wire - http-outgoing-18 << "Transfer-Encoding: chunked[\r][\n]"
2024-07-24 14:30:41.200 [Test worker] DEBUG c.g.d.z.s.o.a.hc.client5.http.wire - http-outgoing-18 << "[\r][\n]"
2024-07-24 14:30:41.200 [Test worker] DEBUG c.g.d.z.s.o.a.h.client5.http.headers - http-outgoing-18 << HTTP/1.1 200 OK
2024-07-24 14:30:41.200 [Test worker] DEBUG c.g.d.z.s.o.a.h.client5.http.headers - http-outgoing-18 << Api-Version: 1.45
2024-07-24 14:30:41.200 [Test worker] DEBUG c.g.d.z.s.o.a.h.client5.http.headers - http-outgoing-18 << Content-Type: application/json
2024-07-24 14:30:41.200 [Test worker] DEBUG c.g.d.z.s.o.a.h.client5.http.headers - http-outgoing-18 << Date: Wed, 24 Jul 2024 02:30:41 GMT
2024-07-24 14:30:41.200 [Test worker] DEBUG c.g.d.z.s.o.a.h.client5.http.headers - http-outgoing-18 << Docker-Experimental: false
2024-07-24 14:30:41.200 [Test worker] DEBUG c.g.d.z.s.o.a.h.client5.http.headers - http-outgoing-18 << Ostype: linux
2024-07-24 14:30:41.200 [Test worker] DEBUG c.g.d.z.s.o.a.h.client5.http.headers - http-outgoing-18 << Server: Docker/26.0.0 (linux)
2024-07-24 14:30:41.200 [Test worker] DEBUG c.g.d.z.s.o.a.h.client5.http.headers - http-outgoing-18 << Transfer-Encoding: chunked
2024-07-24 14:30:41.200 [Test worker] DEBUG c.g.d.z.s.o.a.h.c.h.i.c.MainClientExec - ex-000000C3: connection can be kept alive for 3 MINUTES
2024-07-24 14:30:41.201 [Test worker] DEBUG c.g.d.z.s.o.a.hc.client5.http.wire - http-outgoing-18 << "1941[\r][\n]"
2024-07-24 14:30:41.201 [Test worker] DEBUG c.g.d.z.s.o.a.hc.client5.http.wire - http-outgoing-18 << "{"Id":"61241ef5988020b430e66b415bf724770a48d6faea2b33e38c2474e7cb7f239c","Created":"2024-07-24T02:30:38.765949385Z","Path":"docker-entrypoint.sh","Args":["postgres","-c","fsync=off"],"State":{"Status":"exited","Running":false,"Paused":false,"Restarting":false,"OOMKilled":false,"Dead":false,"Pid":0,"ExitCode":137,"Error":"","StartedAt":"2024-07-24T02:30:39.261430669Z","FinishedAt":"2024-07-24T02:30:40.642985813Z"},"Image":"sha256:8e4fc9e184899a58735e7ee333f5e272d7d2298cf59302006b71f33e217be130","ResolvConfPath":"/var/lib/docker/containers/61241ef5988020b430e66b415bf724770a48d6faea2b33e38c2474e7cb7f239c/resolv.conf","HostnamePath":"/var/lib/docker/containers/61241ef5988020b430e66b415bf724770a48d6faea2b33e38c2474e7cb7f239c/hostname","HostsPath":"/var/lib/docker/containers/61241ef5988020b430e66b415bf724770a48d6faea2b33e38c2474e7cb7f239c/hosts","LogPath":"/var/lib/docker/containers/61241ef5988020b430e66b415bf724770a48d6faea2b33e38c2474e7cb7f239c/61241ef5988020b430e66b415bf724770a48d6faea2b33e38c2474e7cb7f239c-json.log","Name":"/wizardly_ptolemy","RestartCount":0,"Driver":"overlay2","Platform":"linux","MountLabel":"","ProcessLabel":"","AppArmorProfile":"","ExecIDs":null,"HostConfig":{"Binds":[],"ContainerIDFile":"","LogConfig":{"Type":"json-file","Config":{}},"NetworkMode":"default","PortBindings":{"5432/tcp":[{"HostIp":"0.0.0.0","HostPort":"0"}]},"RestartPolicy":{"Name":"no","MaximumRetryCount":0},"AutoRemove":false,"VolumeDriver":"","VolumesFrom":[],"ConsoleSize":[0,0],"CapAdd":null,"CapDrop":null,"CgroupnsMode":"host","Dns":null,"DnsOptions":null,"DnsSearch":null,"ExtraHosts":[],"GroupAdd":null,"IpcMode":"shareable","Cgroup":"","Links":null,"OomScoreAdj":0,"PidMode":"","Privileged":false,"PublishAllPorts":false,"ReadonlyRootfs":false,"SecurityOpt":null,"UTSMode":"","UsernsMode":"","ShmSize":67108864,"Runtime":"runc","Isolation":"","CpuShares":0,"Memory":0,"NanoCpus":0,"CgroupParent":"","BlkioWeight":0,"BlkioWeightDevice":null,"BlkioDeviceReadBps":null,"BlkioDeviceWriteBps":null,"BlkioDeviceReadIOps":null,"BlkioDeviceWriteIOps":null,"CpuPeriod":0,"CpuQuota":0,"CpuRealtimePeriod":0,"CpuRealtimeRuntime":0,"CpusetCpus":"","CpusetMems":"","Devices":null,"DeviceCgroupRules":null,"DeviceRequests":null,"MemoryReservation":0,"MemorySwap":0,"MemorySwappiness":null,"OomKillDisable":false,"PidsLimit":null,"Ulimits":null,"CpuCount":0,"CpuPercent":0,"IOMaximumIOps":0,"IOMaximumBandwidth":0,"MaskedPaths":["/proc/asound","/proc/acpi","/proc/kcore","/proc/keys","/proc/latency_stats","/proc/timer_list","/proc/timer_stats","/proc/sched_debug","/proc/scsi","/sys/firmware","/sys/devices/virtual/powercap"],"ReadonlyPaths":["/proc/bus","/proc/fs","/proc/irq","/proc/sys","/proc/sysrq-trigger"]},"GraphDriver":{"Data":{"LowerDir":"/var/lib/docker/overlay2/67c3f8e26d8f5169a947b6683f301968e5fec6296c8cb351fc15991133bd0e9d-init/diff:/var/lib/docker/overlay2/8f0ddbd386af0785c2e348570516955816ab350305d698d363962d488eeb15ec/diff:/var/lib/docker/overlay2/0eb0ca73e9b0be7c3d7fa8762ef4778a68f38391bc84c037c2e90b88e781b475/diff:/var/lib/docker/overlay2/74e634bddc785c5d436b10a5158cd82e21dc2065fd1cf8ff9c1c12e01575a2d8/diff:/var/lib/docker/overlay2/bb918b2851cd2f508f1e3fdbfff8b7f8b041d61e65fe8c368288bf399e80b818/diff:/var/lib/docker/overlay2/2abab2946cbdc2941ee8ec4024c51dac7313dee9de5fbedd1ca33388c59eb3c8/diff:/var/lib/docker/overlay2/e12f6083ee669bd92743ceb339a896bb25dbe461b718705bb39eb410b80c0ecd/diff:/var/lib/docker/overlay2/ced1e86d670d097da5ed4da7288c22507735918959161c2cd8bf083fb30d169a/diff:/var/lib/docker/overlay2/94e9ac7b74923285ae73af20aeccb964ca9079e2305db367cb85d1603560472d/diff:/var/lib/docker/overlay2/a396b6dfd63f0c228c519871183c614cccf4d366a43460f27ecf97113c3c4be8/diff:/var/lib/docker/overlay2/f58ada5d5080c2bac553c734f81127660a90581a35ed2a92cebe3c59e340875b/diff:/var/lib/docker/overlay2/84f85636f37bf55d945e217b4f87a856eba7932284beaf042561007b66f48977/diff:/var/lib/docker/overlay2/1e6e519613884e91a2b74a588ba35dc8a2f789371ab798ef6e7d9836d756042f/diff:/var/lib/docker/overlay2/14a3151cc8b4f9d27d2e64f1a8abc0c7809309580f2d7e8dc8545055c1d56194/diff:/va"
2024-07-24 14:30:41.201 [Test worker] DEBUG c.g.d.z.s.o.a.hc.client5.http.wire - http-outgoing-18 << "r/lib/docker/overlay2/5b354b9e793401517fe2f1da697653fdaadffc54888eaf76d67e0600b8c68bdc/diff","MergedDir":"/var/lib/docker/overlay2/67c3f8e26d8f5169a947b6683f301968e5fec6296c8cb351fc15991133bd0e9d/merged","UpperDir":"/var/lib/docker/overlay2/67c3f8e26d8f5169a947b6683f301968e5fec6296c8cb351fc15991133bd0e9d/diff","WorkDir":"/var/lib/docker/overlay2/67c3f8e26d8f5169a947b6683f301968e5fec6296c8cb351fc15991133bd0e9d/work"},"Name":"overlay2"},"Mounts":[{"Type":"volume","Name":"ee60604c9a4112317dc88c15e3f46f6afbb7d49f0501b8df1a1f1bdebd36b907","Source":"/var/lib/docker/volumes/ee60604c9a4112317dc88c15e3f46f6afbb7d49f0501b8df1a1f1bdebd36b907/_data","Destination":"/var/lib/postgresql/data","Driver":"local","Mode":"","RW":true,"Propagation":""}],"Config":{"Hostname":"61241ef59880","Domainname":"","User":"","AttachStdin":false,"AttachStdout":false,"AttachStderr":false,"ExposedPorts":{"5432/tcp":{}},"Tty":false,"OpenStdin":false,"StdinOnce":false,"Env":["POSTGRES_USER=user","POSTGRES_PASSWORD=password","POSTGRES_DB=db","PATH=/usr/local/sbin:/usr/local/bin:/usr/sbin:/usr/bin:/sbin:/bin:/usr/lib/postgresql/16/bin","GOSU_VERSION=1.17","LANG=en_US.utf8","PG_MAJOR=16","PG_VERSION=16.2-1.pgdg120+2","PGDATA=/var/lib/postgresql/data"],"Cmd":["postgres","-c","fsync=off"],"Image":"postgres:latest","Volumes":{"/var/lib/postgresql/data":{}},"WorkingDir":"","Entrypoint":["docker-entrypoint.sh"],"OnBuild":null,"Labels":{"org.testcontainers":"true","org.testcontainers.lang":"java","org.testcontainers.sessionId":"280e6229-7396-4d60-b1e3-a5de48b5d49b","org.testcontainers.version":"1.19.8"},"StopSignal":"SIGINT"},"NetworkSettings":{"Bridge":"","SandboxID":"86a1ba1d1e2015e3c18ac378d3be678ea4f935661e82563eb8a7b2a31c40e906","SandboxKey":"/var/run/docker/netns/86a1ba1d1e20","Ports":{},"HairpinMode":false,"LinkLocalIPv6Address":"","LinkLocalIPv6PrefixLen":0,"SecondaryIPAddresses":null,"SecondaryIPv6Addresses":null,"EndpointID":"","Gateway":"","GlobalIPv6Address":"","GlobalIPv6PrefixLen":0,"IPAddress":"","IPPrefixLen":0,"IPv6Gateway":"","MacAddress":"","Networks":{"bridge":{"IPAMConfig":null,"Links":null,"Aliases":null,"MacAddress":"","NetworkID":"3c842496be344cbdae878c1dee0957e7bc7c0a2236009c92752030f2b053e72f","EndpointID":"","Gateway":"","IPAddress":"","IPPrefixLen":0,"IPv6Gateway":"","GlobalIPv6Address":"","GlobalIPv6PrefixLen":0,"DriverOpts":null,"DNSNames":null}}}}[\n]"
2024-07-24 14:30:41.202 [Test worker] DEBUG c.g.d.z.s.o.a.hc.client5.http.wire - http-outgoing-18 << "[\r][\n]"
2024-07-24 14:30:41.202 [Test worker] DEBUG c.g.d.z.s.o.a.hc.client5.http.wire - http-outgoing-18 << "0[\r][\n]"
2024-07-24 14:30:41.202 [Test worker] DEBUG c.g.d.z.s.o.a.hc.client5.http.wire - http-outgoing-18 << "[\r][\n]"
2024-07-24 14:30:41.202 [Test worker] DEBUG c.g.d.z.s.o.a.h.c.h.i.c.InternalHttpClient - ep-000000C2: releasing valid endpoint
2024-07-24 14:30:41.202 [Test worker] DEBUG c.g.d.z.s.o.a.h.c.h.i.i.PoolingHttpClientConnectionManager - ep-000000C2: releasing endpoint
2024-07-24 14:30:41.202 [Test worker] DEBUG c.g.d.z.s.o.a.h.c.h.i.i.PoolingHttpClientConnectionManager - ep-000000C2: connection http-outgoing-18 can be kept alive for 3 MINUTES
2024-07-24 14:30:41.202 [Test worker] DEBUG c.g.d.z.s.o.a.h.c.h.i.i.PoolingHttpClientConnectionManager - ep-000000C2: connection released [route: {}->npipe://localhost:2375][total available: 1; route allocated: 1 of 2147483647; total allocated: 1 of 2147483647]
2024-07-24 14:30:41.202 [Test worker] TRACE o.t.utility.ResourceReaper - Removing container: 61241ef5988020b430e66b415bf724770a48d6faea2b33e38c2474e7cb7f239c
2024-07-24 14:30:41.202 [Test worker] DEBUG o.t.s.c.g.d.c.command.AbstrDockerCmd - Cmd: 61241ef5988020b430e66b415bf724770a48d6faea2b33e38c2474e7cb7f239c,true,true
2024-07-24 14:30:41.203 [Test worker] TRACE o.t.s.c.g.d.c.e.RemoveContainerCmdExec - DELETE: DefaultWebTarget{path=[/containers/61241ef5988020b430e66b415bf724770a48d6faea2b33e38c2474e7cb7f239c], queryParams={v=[true], force=[true]}}
2024-07-24 14:30:41.203 [Test worker] DEBUG c.g.d.z.s.o.a.h.c.h.i.c.InternalHttpClient - ex-000000C4: preparing request execution
2024-07-24 14:30:41.203 [Test worker] DEBUG c.g.d.z.s.o.a.h.c.h.p.RequestAddCookies - Cookie spec selected: strict
2024-07-24 14:30:41.203 [Test worker] DEBUG c.g.d.z.s.o.a.h.c.h.p.RequestAuthCache - Auth cache not set in the context
2024-07-24 14:30:41.203 [Test worker] DEBUG c.g.d.z.s.o.a.h.c.h.i.c.ProtocolExec - ex-000000C4: target auth state: UNCHALLENGED
2024-07-24 14:30:41.203 [Test worker] DEBUG c.g.d.z.s.o.a.h.c.h.i.c.ProtocolExec - ex-000000C4: proxy auth state: UNCHALLENGED
2024-07-24 14:30:41.203 [Test worker] DEBUG c.g.d.z.s.o.a.h.c.h.i.c.ConnectExec - ex-000000C4: acquiring connection with route {}->npipe://localhost:2375
2024-07-24 14:30:41.203 [Test worker] DEBUG c.g.d.z.s.o.a.h.c.h.i.c.InternalHttpClient - ex-000000C4: acquiring endpoint (3 MINUTES)
2024-07-24 14:30:41.203 [Test worker] DEBUG c.g.d.z.s.o.a.h.c.h.i.i.PoolingHttpClientConnectionManager - ex-000000C4: endpoint lease request (3 MINUTES) [route: {}->npipe://localhost:2375][total available: 1; route allocated: 1 of 2147483647; total allocated: 1 of 2147483647]
2024-07-24 14:30:41.203 [Test worker] DEBUG c.g.d.z.s.o.a.h.c.h.i.i.PoolingHttpClientConnectionManager - ex-000000C4: endpoint leased [route: {}->npipe://localhost:2375][total available: 0; route allocated: 1 of 2147483647; total allocated: 1 of 2147483647]
2024-07-24 14:30:41.203 [Test worker] DEBUG c.g.d.z.s.o.a.h.c.h.i.i.PoolingHttpClientConnectionManager - ex-000000C4: acquired ep-000000C3
2024-07-24 14:30:41.203 [Test worker] DEBUG c.g.d.z.s.o.a.h.c.h.i.c.InternalHttpClient - ex-000000C4: acquired endpoint ep-000000C3
2024-07-24 14:30:41.203 [Test worker] DEBUG c.g.d.z.s.o.a.h.c.h.i.c.MainClientExec - ex-000000C4: executing DELETE /v1.32/containers/61241ef5988020b430e66b415bf724770a48d6faea2b33e38c2474e7cb7f239c?v=true&force=true HTTP/1.1
2024-07-24 14:30:41.203 [Test worker] DEBUG c.g.d.z.s.o.a.h.c.h.i.c.InternalHttpClient - ep-000000C3: start execution ex-000000C4
2024-07-24 14:30:41.203 [Test worker] DEBUG c.g.d.z.s.o.a.h.c.h.i.i.PoolingHttpClientConnectionManager - ep-000000C3: executing exchange ex-000000C4 over http-outgoing-18
2024-07-24 14:30:41.204 [Test worker] DEBUG c.g.d.z.s.o.a.h.client5.http.headers - http-outgoing-18 >> DELETE /v1.32/containers/61241ef5988020b430e66b415bf724770a48d6faea2b33e38c2474e7cb7f239c?v=true&force=true HTTP/1.1
2024-07-24 14:30:41.204 [Test worker] DEBUG c.g.d.z.s.o.a.h.client5.http.headers - http-outgoing-18 >> accept: application/json
2024-07-24 14:30:41.204 [Test worker] DEBUG c.g.d.z.s.o.a.h.client5.http.headers - http-outgoing-18 >> x-tc-sid: 280e6229-7396-4d60-b1e3-a5de48b5d49b
2024-07-24 14:30:41.204 [Test worker] DEBUG c.g.d.z.s.o.a.h.client5.http.headers - http-outgoing-18 >> User-Agent: tc-java/1.19.8
2024-07-24 14:30:41.204 [Test worker] DEBUG c.g.d.z.s.o.a.h.client5.http.headers - http-outgoing-18 >> Accept-Encoding: gzip, x-gzip, deflate
2024-07-24 14:30:41.204 [Test worker] DEBUG c.g.d.z.s.o.a.h.client5.http.headers - http-outgoing-18 >> Host: localhost:2375
2024-07-24 14:30:41.204 [Test worker] DEBUG c.g.d.z.s.o.a.h.client5.http.headers - http-outgoing-18 >> Connection: keep-alive
2024-07-24 14:30:41.204 [Test worker] DEBUG c.g.d.z.s.o.a.hc.client5.http.wire - http-outgoing-18 >> "DELETE /v1.32/containers/61241ef5988020b430e66b415bf724770a48d6faea2b33e38c2474e7cb7f239c?v=true&force=true HTTP/1.1[\r][\n]"
2024-07-24 14:30:41.204 [Test worker] DEBUG c.g.d.z.s.o.a.hc.client5.http.wire - http-outgoing-18 >> "accept: application/json[\r][\n]"
2024-07-24 14:30:41.204 [Test worker] DEBUG c.g.d.z.s.o.a.hc.client5.http.wire - http-outgoing-18 >> "x-tc-sid: 280e6229-7396-4d60-b1e3-a5de48b5d49b[\r][\n]"
2024-07-24 14:30:41.204 [Test worker] DEBUG c.g.d.z.s.o.a.hc.client5.http.wire - http-outgoing-18 >> "User-Agent: tc-java/1.19.8[\r][\n]"
2024-07-24 14:30:41.204 [Test worker] DEBUG c.g.d.z.s.o.a.hc.client5.http.wire - http-outgoing-18 >> "Accept-Encoding: gzip, x-gzip, deflate[\r][\n]"
2024-07-24 14:30:41.204 [Test worker] DEBUG c.g.d.z.s.o.a.hc.client5.http.wire - http-outgoing-18 >> "Host: localhost:2375[\r][\n]"
2024-07-24 14:30:41.204 [Test worker] DEBUG c.g.d.z.s.o.a.hc.client5.http.wire - http-outgoing-18 >> "Connection: keep-alive[\r][\n]"
2024-07-24 14:30:41.204 [Test worker] DEBUG c.g.d.z.s.o.a.hc.client5.http.wire - http-outgoing-18 >> "[\r][\n]"
2024-07-24 14:30:41.285 [Test worker] DEBUG c.g.d.z.s.o.a.hc.client5.http.wire - http-outgoing-18 << "HTTP/1.1 204 No Content[\r][\n]"
2024-07-24 14:30:41.285 [Test worker] DEBUG c.g.d.z.s.o.a.hc.client5.http.wire - http-outgoing-18 << "Api-Version: 1.45[\r][\n]"
2024-07-24 14:30:41.285 [Test worker] DEBUG c.g.d.z.s.o.a.hc.client5.http.wire - http-outgoing-18 << "Date: Wed, 24 Jul 2024 02:30:41 GMT[\r][\n]"
2024-07-24 14:30:41.285 [Test worker] DEBUG c.g.d.z.s.o.a.hc.client5.http.wire - http-outgoing-18 << "Docker-Experimental: false[\r][\n]"
2024-07-24 14:30:41.285 [Test worker] DEBUG c.g.d.z.s.o.a.hc.client5.http.wire - http-outgoing-18 << "Ostype: linux[\r][\n]"
2024-07-24 14:30:41.285 [Test worker] DEBUG c.g.d.z.s.o.a.hc.client5.http.wire - http-outgoing-18 << "Server: Docker/26.0.0 (linux)[\r][\n]"
2024-07-24 14:30:41.285 [Test worker] DEBUG c.g.d.z.s.o.a.hc.client5.http.wire - http-outgoing-18 << "[\r][\n]"
2024-07-24 14:30:41.285 [Test worker] DEBUG c.g.d.z.s.o.a.h.client5.http.headers - http-outgoing-18 << HTTP/1.1 204 No Content
2024-07-24 14:30:41.285 [Test worker] DEBUG c.g.d.z.s.o.a.h.client5.http.headers - http-outgoing-18 << Api-Version: 1.45
2024-07-24 14:30:41.285 [Test worker] DEBUG c.g.d.z.s.o.a.h.client5.http.headers - http-outgoing-18 << Date: Wed, 24 Jul 2024 02:30:41 GMT
2024-07-24 14:30:41.285 [Test worker] DEBUG c.g.d.z.s.o.a.h.client5.http.headers - http-outgoing-18 << Docker-Experimental: false
2024-07-24 14:30:41.285 [Test worker] DEBUG c.g.d.z.s.o.a.h.client5.http.headers - http-outgoing-18 << Ostype: linux
2024-07-24 14:30:41.285 [Test worker] DEBUG c.g.d.z.s.o.a.h.client5.http.headers - http-outgoing-18 << Server: Docker/26.0.0 (linux)
2024-07-24 14:30:41.285 [Test worker] DEBUG c.g.d.z.s.o.a.h.c.h.i.c.MainClientExec - ex-000000C4: connection can be kept alive for 3 MINUTES
2024-07-24 14:30:41.286 [Test worker] DEBUG c.g.d.z.s.o.a.h.c.h.i.c.InternalHttpClient - ep-000000C3: releasing valid endpoint
2024-07-24 14:30:41.286 [Test worker] DEBUG c.g.d.z.s.o.a.h.c.h.i.i.PoolingHttpClientConnectionManager - ep-000000C3: releasing endpoint
2024-07-24 14:30:41.286 [Test worker] DEBUG c.g.d.z.s.o.a.h.c.h.i.i.PoolingHttpClientConnectionManager - ep-000000C3: connection http-outgoing-18 can be kept alive for 3 MINUTES
2024-07-24 14:30:41.286 [Test worker] DEBUG c.g.d.z.s.o.a.h.c.h.i.i.PoolingHttpClientConnectionManager - ep-000000C3: connection released [route: {}->npipe://localhost:2375][total available: 1; route allocated: 1 of 2147483647; total allocated: 1 of 2147483647]
2024-07-24 14:30:41.286 [Test worker] DEBUG o.t.utility.ResourceReaper - Removed container and associated volume(s): postgres:latest
2024-07-24 14:30:41.287 [Test worker] DEBUG o.t.u.PrefixingImageNameSubstitutor - No prefix is configured
2024-07-24 14:30:41.287 [Test worker] DEBUG o.t.utility.ImageNameSubstitutor - Did not find a substitute image for postgres:latest (using image substitutor: DefaultImageNameSubstitutor (composite of 'ConfigurationFileImageNameSubstitutor' and 'PrefixingImageNameSubstitutor'))
2024-07-24 14:30:41.287 [Test worker] TRACE tc.postgres:latest - postgres:latest is already in image name cache
2024-07-24 14:30:41.287 [Test worker] DEBUG o.t.images.AbstractImagePullPolicy - Using locally available and not pulling image: postgres:latest
2024-07-24 14:30:41.287 [Test worker] DEBUG tc.postgres:latest - Starting container: postgres:latest
2024-07-24 14:30:41.287 [Test worker] DEBUG tc.postgres:latest - Trying to start container: postgres:latest (attempt 1/1)
2024-07-24 14:30:41.287 [Test worker] DEBUG tc.postgres:latest - Starting container: postgres:latest
2024-07-24 14:30:41.287 [Test worker] INFO  tc.postgres:latest - Creating container for image: postgres:latest
2024-07-24 14:30:41.287 [Test worker] DEBUG o.t.utility.RegistryAuthLocator - Looking up auth config for image: postgres:latest at registry: https://index.docker.io/v1/
2024-07-24 14:30:41.287 [Test worker] DEBUG o.t.utility.RegistryAuthLocator - No matching Auth Configs - falling back to defaultAuthConfig [null]
2024-07-24 14:30:41.287 [Test worker] DEBUG o.t.d.AuthDelegatingDockerClientConfig - Effective auth config [null]
2024-07-24 14:30:41.287 [Test worker] DEBUG o.t.s.c.g.d.c.command.AbstrDockerCmd - Cmd: org.testcontainers.shaded.com.github.dockerjava.core.command.CreateContainerCmdImpl@2fe2965c[aliases=<null>,argsEscaped=<null>,attachStderr=<null>,attachStdin=<null>,attachStdout=<null>,authConfig=<null>,cmd={postgres,-c,fsync=off},domainName=<null>,entrypoint=<null>,env={POSTGRES_USER=user,POSTGRES_PASSWORD=password,POSTGRES_DB=db},exposedPorts=ExposedPorts(exposedPorts=[5432/tcp]),healthcheck=<null>,hostConfig=HostConfig(binds=[], blkioWeight=null, blkioWeightDevice=null, blkioDeviceReadBps=null, blkioDeviceWriteBps=null, blkioDeviceReadIOps=null, blkioDeviceWriteIOps=null, memorySwappiness=null, nanoCPUs=null, capAdd=null, capDrop=null, containerIDFile=null, cpuPeriod=null, cpuRealtimePeriod=null, cpuRealtimeRuntime=null, cpuShares=null, cpuQuota=null, cpusetCpus=null, cpusetMems=null, devices=null, deviceCgroupRules=null, deviceRequests=null, diskQuota=null, dns=null, dnsOptions=null, dnsSearch=null, extraHosts=[], groupAdd=null, ipcMode=null, cgroup=null, links=[], logConfig=LogConfig(type=null, config=null), lxcConf=null, memory=null, memorySwap=null, memoryReservation=null, kernelMemory=null, networkMode=null, oomKillDisable=null, init=null, autoRemove=null, oomScoreAdj=null, portBindings={5432/tcp=[Lcom.github.dockerjava.api.model.Ports$Binding;@c2cf597}, privileged=null, publishAllPorts=null, readonlyRootfs=null, restartPolicy=null, ulimits=null, cpuCount=null, cpuPercent=null, ioMaximumIOps=null, ioMaximumBandwidth=null, volumesFrom=[], mounts=null, pidMode=null, isolation=null, securityOpts=null, storageOpt=null, cgroupParent=null, volumeDriver=null, shmSize=null, pidsLimit=null, runtime=null, tmpFs=null, utSMode=null, usernsMode=null, sysctls=null, consoleSize=null, cgroupnsMode=null),hostName=<null>,image=postgres:latest,ipv4Address=<null>,ipv6Address=<null>,labels={org.testcontainers=true, org.testcontainers.lang=java, org.testcontainers.version=1.19.8, org.testcontainers.sessionId=280e6229-7396-4d60-b1e3-a5de48b5d49b},macAddress=<null>,name=<null>,networkDisabled=<null>,networkingConfig=<null>,onBuild=<null>,platform=<null>,portSpecs=<null>,shell=<null>,stdInOnce=<null>,stdinOpen=<null>,stopSignal=<null>,stopTimeout=<null>,tty=<null>,user=<null>,volumes=Volumes(volumes=[]),workingDir=<null>]
2024-07-24 14:30:41.288 [Test worker] TRACE o.t.s.c.g.d.c.e.CreateContainerCmdExec - POST: DefaultWebTarget{path=[/containers/create], queryParams={}} 
2024-07-24 14:30:41.288 [Test worker] DEBUG c.g.d.z.s.o.a.h.c.h.i.c.InternalHttpClient - ex-000000C5: preparing request execution
2024-07-24 14:30:41.288 [Test worker] DEBUG c.g.d.z.s.o.a.h.c.h.p.RequestAddCookies - Cookie spec selected: strict
2024-07-24 14:30:41.288 [Test worker] DEBUG c.g.d.z.s.o.a.h.c.h.p.RequestAuthCache - Auth cache not set in the context
2024-07-24 14:30:41.288 [Test worker] DEBUG c.g.d.z.s.o.a.h.c.h.i.c.ProtocolExec - ex-000000C5: target auth state: UNCHALLENGED
2024-07-24 14:30:41.288 [Test worker] DEBUG c.g.d.z.s.o.a.h.c.h.i.c.ProtocolExec - ex-000000C5: proxy auth state: UNCHALLENGED
2024-07-24 14:30:41.288 [Test worker] DEBUG c.g.d.z.s.o.a.h.c.h.i.c.ConnectExec - ex-000000C5: acquiring connection with route {}->npipe://localhost:2375
2024-07-24 14:30:41.288 [Test worker] DEBUG c.g.d.z.s.o.a.h.c.h.i.c.InternalHttpClient - ex-000000C5: acquiring endpoint (3 MINUTES)
2024-07-24 14:30:41.288 [Test worker] DEBUG c.g.d.z.s.o.a.h.c.h.i.i.PoolingHttpClientConnectionManager - ex-000000C5: endpoint lease request (3 MINUTES) [route: {}->npipe://localhost:2375][total available: 1; route allocated: 1 of 2147483647; total allocated: 1 of 2147483647]
2024-07-24 14:30:41.288 [Test worker] DEBUG c.g.d.z.s.o.a.h.c.h.i.i.PoolingHttpClientConnectionManager - ex-000000C5: endpoint leased [route: {}->npipe://localhost:2375][total available: 0; route allocated: 1 of 2147483647; total allocated: 1 of 2147483647]
2024-07-24 14:30:41.288 [Test worker] DEBUG c.g.d.z.s.o.a.h.c.h.i.i.PoolingHttpClientConnectionManager - ex-000000C5: acquired ep-000000C4
2024-07-24 14:30:41.288 [Test worker] DEBUG c.g.d.z.s.o.a.h.c.h.i.c.InternalHttpClient - ex-000000C5: acquired endpoint ep-000000C4
2024-07-24 14:30:41.288 [Test worker] DEBUG c.g.d.z.s.o.a.h.c.h.i.c.MainClientExec - ex-000000C5: executing POST /v1.32/containers/create HTTP/1.1
2024-07-24 14:30:41.288 [Test worker] DEBUG c.g.d.z.s.o.a.h.c.h.i.c.InternalHttpClient - ep-000000C4: start execution ex-000000C5
2024-07-24 14:30:41.288 [Test worker] DEBUG c.g.d.z.s.o.a.h.c.h.i.i.PoolingHttpClientConnectionManager - ep-000000C4: executing exchange ex-000000C5 over http-outgoing-18
2024-07-24 14:30:41.288 [Test worker] DEBUG c.g.d.z.s.o.a.h.client5.http.headers - http-outgoing-18 >> POST /v1.32/containers/create HTTP/1.1
2024-07-24 14:30:41.288 [Test worker] DEBUG c.g.d.z.s.o.a.h.client5.http.headers - http-outgoing-18 >> accept: application/json
2024-07-24 14:30:41.288 [Test worker] DEBUG c.g.d.z.s.o.a.h.client5.http.headers - http-outgoing-18 >> content-type: application/json
2024-07-24 14:30:41.288 [Test worker] DEBUG c.g.d.z.s.o.a.h.client5.http.headers - http-outgoing-18 >> x-tc-sid: 280e6229-7396-4d60-b1e3-a5de48b5d49b
2024-07-24 14:30:41.288 [Test worker] DEBUG c.g.d.z.s.o.a.h.client5.http.headers - http-outgoing-18 >> User-Agent: tc-java/1.19.8
2024-07-24 14:30:41.288 [Test worker] DEBUG c.g.d.z.s.o.a.h.client5.http.headers - http-outgoing-18 >> Accept-Encoding: gzip, x-gzip, deflate
2024-07-24 14:30:41.288 [Test worker] DEBUG c.g.d.z.s.o.a.h.client5.http.headers - http-outgoing-18 >> Content-Length: 2061
2024-07-24 14:30:41.288 [Test worker] DEBUG c.g.d.z.s.o.a.h.client5.http.headers - http-outgoing-18 >> Host: localhost:2375
2024-07-24 14:30:41.288 [Test worker] DEBUG c.g.d.z.s.o.a.h.client5.http.headers - http-outgoing-18 >> Connection: keep-alive
2024-07-24 14:30:41.288 [Test worker] DEBUG c.g.d.z.s.o.a.hc.client5.http.wire - http-outgoing-18 >> "POST /v1.32/containers/create HTTP/1.1[\r][\n]"
2024-07-24 14:30:41.288 [Test worker] DEBUG c.g.d.z.s.o.a.hc.client5.http.wire - http-outgoing-18 >> "accept: application/json[\r][\n]"
2024-07-24 14:30:41.288 [Test worker] DEBUG c.g.d.z.s.o.a.hc.client5.http.wire - http-outgoing-18 >> "content-type: application/json[\r][\n]"
2024-07-24 14:30:41.288 [Test worker] DEBUG c.g.d.z.s.o.a.hc.client5.http.wire - http-outgoing-18 >> "x-tc-sid: 280e6229-7396-4d60-b1e3-a5de48b5d49b[\r][\n]"
2024-07-24 14:30:41.289 [Test worker] DEBUG c.g.d.z.s.o.a.hc.client5.http.wire - http-outgoing-18 >> "User-Agent: tc-java/1.19.8[\r][\n]"
2024-07-24 14:30:41.289 [Test worker] DEBUG c.g.d.z.s.o.a.hc.client5.http.wire - http-outgoing-18 >> "Accept-Encoding: gzip, x-gzip, deflate[\r][\n]"
2024-07-24 14:30:41.289 [Test worker] DEBUG c.g.d.z.s.o.a.hc.client5.http.wire - http-outgoing-18 >> "Content-Length: 2061[\r][\n]"
2024-07-24 14:30:41.289 [Test worker] DEBUG c.g.d.z.s.o.a.hc.client5.http.wire - http-outgoing-18 >> "Host: localhost:2375[\r][\n]"
2024-07-24 14:30:41.289 [Test worker] DEBUG c.g.d.z.s.o.a.hc.client5.http.wire - http-outgoing-18 >> "Connection: keep-alive[\r][\n]"
2024-07-24 14:30:41.289 [Test worker] DEBUG c.g.d.z.s.o.a.hc.client5.http.wire - http-outgoing-18 >> "[\r][\n]"
2024-07-24 14:30:41.289 [Test worker] DEBUG c.g.d.z.s.o.a.hc.client5.http.wire - http-outgoing-18 >> "{"Hostname":null,"Domainname":null,"User":null,"AttachStdin":null,"AttachStdout":null,"AttachStderr":null,"PortSpecs":null,"Tty":null,"OpenStdin":null,"StdinOnce":null,"Env":["POSTGRES_USER=user","POSTGRES_PASSWORD=password","POSTGRES_DB=db"],"Cmd":["postgres","-c","fsync=off"],"Healthcheck":null,"ArgsEscaped":null,"Entrypoint":null,"Image":"postgres:latest","Volumes":{},"WorkingDir":null,"MacAddress":null,"OnBuild":null,"NetworkDisabled":null,"ExposedPorts":{"5432/tcp":{}},"StopSignal":null,"StopTimeout":null,"HostConfig":{"Binds":[],"BlkioWeight":null,"BlkioWeightDevice":null,"BlkioDeviceReadBps":null,"BlkioDeviceWriteBps":null,"BlkioDeviceReadIOps":null,"BlkioDeviceWriteIOps":null,"MemorySwappiness":null,"NanoCpus":null,"CapAdd":null,"CapDrop":null,"ContainerIDFile":null,"CpuPeriod":null,"CpuRealtimePeriod":null,"CpuRealtimeRuntime":null,"CpuShares":null,"CpuQuota":null,"CpusetCpus":null,"CpusetMems":null,"Devices":null,"DeviceCgroupRules":null,"DeviceRequests":null,"DiskQuota":null,"Dns":null,"DnsOptions":null,"DnsSearch":null,"ExtraHosts":[],"GroupAdd":null,"IpcMode":null,"Cgroup":null,"Links":[],"LogConfig":null,"LxcConf":null,"Memory":null,"MemorySwap":null,"MemoryReservation":null,"KernelMemory":null,"NetworkMode":null,"OomKillDisable":null,"Init":null,"AutoRemove":null,"OomScoreAdj":null,"PortBindings":{"5432/tcp":[{"HostIp":"","HostPort":""}]},"Privileged":null,"PublishAllPorts":null,"ReadonlyRootfs":null,"RestartPolicy":null,"Ulimits":null,"CpuCount":null,"CpuPercent":null,"IOMaximumIOps":null,"IOMaximumBandwidth":null,"VolumesFrom":[],"Mounts":null,"PidMode":null,"Isolation":null,"SecurityOpt":null,"StorageOpt":null,"CgroupParent":null,"VolumeDriver":null,"ShmSize":null,"PidsLimit":null,"Runtime":null,"Tmpfs":null,"UTSMode":null,"UsernsMode":null,"Sysctls":null,"ConsoleSize":null,"CgroupnsMode":null},"Labels":{"org.testcontainers":"true","org.testcontainers.lang":"java","org.testcontainers.version":"1.19.8","org.testcontainers.sessionId":"280e6229-7396-4d60-b1e3-a5de48b5d49b"},"Shell":null,"NetworkingConfig":null}"
2024-07-24 14:30:41.416 [Test worker] DEBUG c.g.d.z.s.o.a.hc.client5.http.wire - http-outgoing-18 << "HTTP/1.1 201 Created[\r][\n]"
2024-07-24 14:30:41.416 [Test worker] DEBUG c.g.d.z.s.o.a.hc.client5.http.wire - http-outgoing-18 << "Api-Version: 1.45[\r][\n]"
2024-07-24 14:30:41.416 [Test worker] DEBUG c.g.d.z.s.o.a.hc.client5.http.wire - http-outgoing-18 << "Content-Type: application/json[\r][\n]"
2024-07-24 14:30:41.416 [Test worker] DEBUG c.g.d.z.s.o.a.hc.client5.http.wire - http-outgoing-18 << "Date: Wed, 24 Jul 2024 02:30:41 GMT[\r][\n]"
2024-07-24 14:30:41.416 [Test worker] DEBUG c.g.d.z.s.o.a.hc.client5.http.wire - http-outgoing-18 << "Docker-Experimental: false[\r][\n]"
2024-07-24 14:30:41.416 [Test worker] DEBUG c.g.d.z.s.o.a.hc.client5.http.wire - http-outgoing-18 << "Ostype: linux[\r][\n]"
2024-07-24 14:30:41.416 [Test worker] DEBUG c.g.d.z.s.o.a.hc.client5.http.wire - http-outgoing-18 << "Server: Docker/26.0.0 (linux)[\r][\n]"
2024-07-24 14:30:41.416 [Test worker] DEBUG c.g.d.z.s.o.a.hc.client5.http.wire - http-outgoing-18 << "Transfer-Encoding: chunked[\r][\n]"
2024-07-24 14:30:41.416 [Test worker] DEBUG c.g.d.z.s.o.a.hc.client5.http.wire - http-outgoing-18 << "[\r][\n]"
2024-07-24 14:30:41.416 [Test worker] DEBUG c.g.d.z.s.o.a.h.client5.http.headers - http-outgoing-18 << HTTP/1.1 201 Created
2024-07-24 14:30:41.416 [Test worker] DEBUG c.g.d.z.s.o.a.h.client5.http.headers - http-outgoing-18 << Api-Version: 1.45
2024-07-24 14:30:41.416 [Test worker] DEBUG c.g.d.z.s.o.a.h.client5.http.headers - http-outgoing-18 << Content-Type: application/json
2024-07-24 14:30:41.416 [Test worker] DEBUG c.g.d.z.s.o.a.h.client5.http.headers - http-outgoing-18 << Date: Wed, 24 Jul 2024 02:30:41 GMT
2024-07-24 14:30:41.416 [Test worker] DEBUG c.g.d.z.s.o.a.h.client5.http.headers - http-outgoing-18 << Docker-Experimental: false
2024-07-24 14:30:41.416 [Test worker] DEBUG c.g.d.z.s.o.a.h.client5.http.headers - http-outgoing-18 << Ostype: linux
2024-07-24 14:30:41.416 [Test worker] DEBUG c.g.d.z.s.o.a.h.client5.http.headers - http-outgoing-18 << Server: Docker/26.0.0 (linux)
2024-07-24 14:30:41.416 [Test worker] DEBUG c.g.d.z.s.o.a.h.client5.http.headers - http-outgoing-18 << Transfer-Encoding: chunked
2024-07-24 14:30:41.416 [Test worker] DEBUG c.g.d.z.s.o.a.h.c.h.i.c.MainClientExec - ex-000000C5: connection can be kept alive for 3 MINUTES
2024-07-24 14:30:41.416 [Test worker] DEBUG c.g.d.z.s.o.a.hc.client5.http.wire - http-outgoing-18 << "58[\r][\n]"
2024-07-24 14:30:41.416 [Test worker] DEBUG c.g.d.z.s.o.a.hc.client5.http.wire - http-outgoing-18 << "{"Id":"7c9a29c4879ab957d8fc1965a67b4eae934f2b817dd9d4ff072501431c5d46bf","Warnings":[]}[\n]"
2024-07-24 14:30:41.416 [Test worker] DEBUG c.g.d.z.s.o.a.hc.client5.http.wire - http-outgoing-18 << "[\r][\n]"
2024-07-24 14:30:41.416 [Test worker] DEBUG c.g.d.z.s.o.a.hc.client5.http.wire - http-outgoing-18 << "0[\r][\n]"
2024-07-24 14:30:41.416 [Test worker] DEBUG c.g.d.z.s.o.a.hc.client5.http.wire - http-outgoing-18 << "[\r][\n]"
2024-07-24 14:30:41.416 [Test worker] DEBUG c.g.d.z.s.o.a.h.c.h.i.c.InternalHttpClient - ep-000000C4: releasing valid endpoint
2024-07-24 14:30:41.416 [Test worker] DEBUG c.g.d.z.s.o.a.h.c.h.i.i.PoolingHttpClientConnectionManager - ep-000000C4: releasing endpoint
2024-07-24 14:30:41.417 [Test worker] DEBUG c.g.d.z.s.o.a.h.c.h.i.i.PoolingHttpClientConnectionManager - ep-000000C4: connection http-outgoing-18 can be kept alive for 3 MINUTES
2024-07-24 14:30:41.417 [Test worker] DEBUG c.g.d.z.s.o.a.h.c.h.i.i.PoolingHttpClientConnectionManager - ep-000000C4: connection released [route: {}->npipe://localhost:2375][total available: 1; route allocated: 1 of 2147483647; total allocated: 1 of 2147483647]
2024-07-24 14:30:41.417 [Test worker] INFO  tc.postgres:latest - Container postgres:latest is starting: 7c9a29c4879ab957d8fc1965a67b4eae934f2b817dd9d4ff072501431c5d46bf
2024-07-24 14:30:41.417 [Test worker] DEBUG o.t.s.c.g.d.c.command.AbstrDockerCmd - Cmd: 7c9a29c4879ab957d8fc1965a67b4eae934f2b817dd9d4ff072501431c5d46bf
2024-07-24 14:30:41.417 [Test worker] TRACE o.t.s.c.g.d.c.e.StartContainerCmdExec - POST: DefaultWebTarget{path=[/containers/7c9a29c4879ab957d8fc1965a67b4eae934f2b817dd9d4ff072501431c5d46bf/start], queryParams={}}
2024-07-24 14:30:41.417 [Test worker] DEBUG c.g.d.z.s.o.a.h.c.h.i.c.InternalHttpClient - ex-000000C6: preparing request execution
2024-07-24 14:30:41.417 [Test worker] DEBUG c.g.d.z.s.o.a.h.c.h.p.RequestAddCookies - Cookie spec selected: strict
2024-07-24 14:30:41.417 [Test worker] DEBUG c.g.d.z.s.o.a.h.c.h.p.RequestAuthCache - Auth cache not set in the context
2024-07-24 14:30:41.417 [Test worker] DEBUG c.g.d.z.s.o.a.h.c.h.i.c.ProtocolExec - ex-000000C6: target auth state: UNCHALLENGED
2024-07-24 14:30:41.417 [Test worker] DEBUG c.g.d.z.s.o.a.h.c.h.i.c.ProtocolExec - ex-000000C6: proxy auth state: UNCHALLENGED
2024-07-24 14:30:41.417 [Test worker] DEBUG c.g.d.z.s.o.a.h.c.h.i.c.ConnectExec - ex-000000C6: acquiring connection with route {}->npipe://localhost:2375
2024-07-24 14:30:41.417 [Test worker] DEBUG c.g.d.z.s.o.a.h.c.h.i.c.InternalHttpClient - ex-000000C6: acquiring endpoint (3 MINUTES)
2024-07-24 14:30:41.417 [Test worker] DEBUG c.g.d.z.s.o.a.h.c.h.i.i.PoolingHttpClientConnectionManager - ex-000000C6: endpoint lease request (3 MINUTES) [route: {}->npipe://localhost:2375][total available: 1; route allocated: 1 of 2147483647; total allocated: 1 of 2147483647]
2024-07-24 14:30:41.417 [Test worker] DEBUG c.g.d.z.s.o.a.h.c.h.i.i.PoolingHttpClientConnectionManager - ex-000000C6: endpoint leased [route: {}->npipe://localhost:2375][total available: 0; route allocated: 1 of 2147483647; total allocated: 1 of 2147483647]
2024-07-24 14:30:41.417 [Test worker] DEBUG c.g.d.z.s.o.a.h.c.h.i.i.PoolingHttpClientConnectionManager - ex-000000C6: acquired ep-000000C5
2024-07-24 14:30:41.417 [Test worker] DEBUG c.g.d.z.s.o.a.h.c.h.i.c.InternalHttpClient - ex-000000C6: acquired endpoint ep-000000C5
2024-07-24 14:30:41.417 [Test worker] DEBUG c.g.d.z.s.o.a.h.c.h.i.c.MainClientExec - ex-000000C6: executing POST /v1.32/containers/7c9a29c4879ab957d8fc1965a67b4eae934f2b817dd9d4ff072501431c5d46bf/start HTTP/1.1
2024-07-24 14:30:41.417 [Test worker] DEBUG c.g.d.z.s.o.a.h.c.h.i.c.InternalHttpClient - ep-000000C5: start execution ex-000000C6
2024-07-24 14:30:41.417 [Test worker] DEBUG c.g.d.z.s.o.a.h.c.h.i.i.PoolingHttpClientConnectionManager - ep-000000C5: executing exchange ex-000000C6 over http-outgoing-18
2024-07-24 14:30:41.417 [Test worker] DEBUG c.g.d.z.s.o.a.h.client5.http.headers - http-outgoing-18 >> POST /v1.32/containers/7c9a29c4879ab957d8fc1965a67b4eae934f2b817dd9d4ff072501431c5d46bf/start HTTP/1.1
2024-07-24 14:30:41.417 [Test worker] DEBUG c.g.d.z.s.o.a.h.client5.http.headers - http-outgoing-18 >> accept: application/json
2024-07-24 14:30:41.417 [Test worker] DEBUG c.g.d.z.s.o.a.h.client5.http.headers - http-outgoing-18 >> content-type: application/json
2024-07-24 14:30:41.417 [Test worker] DEBUG c.g.d.z.s.o.a.h.client5.http.headers - http-outgoing-18 >> x-tc-sid: 280e6229-7396-4d60-b1e3-a5de48b5d49b
2024-07-24 14:30:41.417 [Test worker] DEBUG c.g.d.z.s.o.a.h.client5.http.headers - http-outgoing-18 >> User-Agent: tc-java/1.19.8
2024-07-24 14:30:41.417 [Test worker] DEBUG c.g.d.z.s.o.a.h.client5.http.headers - http-outgoing-18 >> Accept-Encoding: gzip, x-gzip, deflate
2024-07-24 14:30:41.417 [Test worker] DEBUG c.g.d.z.s.o.a.h.client5.http.headers - http-outgoing-18 >> Host: localhost:2375
2024-07-24 14:30:41.417 [Test worker] DEBUG c.g.d.z.s.o.a.h.client5.http.headers - http-outgoing-18 >> Connection: keep-alive
2024-07-24 14:30:41.417 [Test worker] DEBUG c.g.d.z.s.o.a.hc.client5.http.wire - http-outgoing-18 >> "POST /v1.32/containers/7c9a29c4879ab957d8fc1965a67b4eae934f2b817dd9d4ff072501431c5d46bf/start HTTP/1.1[\r][\n]"
2024-07-24 14:30:41.417 [Test worker] DEBUG c.g.d.z.s.o.a.hc.client5.http.wire - http-outgoing-18 >> "accept: application/json[\r][\n]"
2024-07-24 14:30:41.417 [Test worker] DEBUG c.g.d.z.s.o.a.hc.client5.http.wire - http-outgoing-18 >> "content-type: application/json[\r][\n]"
2024-07-24 14:30:41.417 [Test worker] DEBUG c.g.d.z.s.o.a.hc.client5.http.wire - http-outgoing-18 >> "x-tc-sid: 280e6229-7396-4d60-b1e3-a5de48b5d49b[\r][\n]"
2024-07-24 14:30:41.417 [Test worker] DEBUG c.g.d.z.s.o.a.hc.client5.http.wire - http-outgoing-18 >> "User-Agent: tc-java/1.19.8[\r][\n]"
2024-07-24 14:30:41.417 [Test worker] DEBUG c.g.d.z.s.o.a.hc.client5.http.wire - http-outgoing-18 >> "Accept-Encoding: gzip, x-gzip, deflate[\r][\n]"
2024-07-24 14:30:41.417 [Test worker] DEBUG c.g.d.z.s.o.a.hc.client5.http.wire - http-outgoing-18 >> "Host: localhost:2375[\r][\n]"
2024-07-24 14:30:41.417 [Test worker] DEBUG c.g.d.z.s.o.a.hc.client5.http.wire - http-outgoing-18 >> "Connection: keep-alive[\r][\n]"
2024-07-24 14:30:41.417 [Test worker] DEBUG c.g.d.z.s.o.a.hc.client5.http.wire - http-outgoing-18 >> "[\r][\n]"
2024-07-24 14:30:41.771 [Test worker] DEBUG c.g.d.z.s.o.a.hc.client5.http.wire - http-outgoing-18 << "HTTP/1.1 204 No Content[\r][\n]"
2024-07-24 14:30:41.771 [Test worker] DEBUG c.g.d.z.s.o.a.hc.client5.http.wire - http-outgoing-18 << "Api-Version: 1.45[\r][\n]"
2024-07-24 14:30:41.771 [Test worker] DEBUG c.g.d.z.s.o.a.hc.client5.http.wire - http-outgoing-18 << "Date: Wed, 24 Jul 2024 02:30:41 GMT[\r][\n]"
2024-07-24 14:30:41.771 [Test worker] DEBUG c.g.d.z.s.o.a.hc.client5.http.wire - http-outgoing-18 << "Docker-Experimental: false[\r][\n]"
2024-07-24 14:30:41.771 [Test worker] DEBUG c.g.d.z.s.o.a.hc.client5.http.wire - http-outgoing-18 << "Ostype: linux[\r][\n]"
2024-07-24 14:30:41.771 [Test worker] DEBUG c.g.d.z.s.o.a.hc.client5.http.wire - http-outgoing-18 << "Server: Docker/26.0.0 (linux)[\r][\n]"
2024-07-24 14:30:41.771 [Test worker] DEBUG c.g.d.z.s.o.a.hc.client5.http.wire - http-outgoing-18 << "[\r][\n]"
2024-07-24 14:30:41.772 [Test worker] DEBUG c.g.d.z.s.o.a.h.client5.http.headers - http-outgoing-18 << HTTP/1.1 204 No Content
2024-07-24 14:30:41.772 [Test worker] DEBUG c.g.d.z.s.o.a.h.client5.http.headers - http-outgoing-18 << Api-Version: 1.45
2024-07-24 14:30:41.772 [Test worker] DEBUG c.g.d.z.s.o.a.h.client5.http.headers - http-outgoing-18 << Date: Wed, 24 Jul 2024 02:30:41 GMT
2024-07-24 14:30:41.772 [Test worker] DEBUG c.g.d.z.s.o.a.h.client5.http.headers - http-outgoing-18 << Docker-Experimental: false
2024-07-24 14:30:41.772 [Test worker] DEBUG c.g.d.z.s.o.a.h.client5.http.headers - http-outgoing-18 << Ostype: linux
2024-07-24 14:30:41.772 [Test worker] DEBUG c.g.d.z.s.o.a.h.client5.http.headers - http-outgoing-18 << Server: Docker/26.0.0 (linux)
2024-07-24 14:30:41.772 [Test worker] DEBUG c.g.d.z.s.o.a.h.c.h.i.c.MainClientExec - ex-000000C6: connection can be kept alive for 3 MINUTES
2024-07-24 14:30:41.772 [Test worker] DEBUG c.g.d.z.s.o.a.h.c.h.i.c.InternalHttpClient - ep-000000C5: releasing valid endpoint
2024-07-24 14:30:41.772 [Test worker] DEBUG c.g.d.z.s.o.a.h.c.h.i.i.PoolingHttpClientConnectionManager - ep-000000C5: releasing endpoint
2024-07-24 14:30:41.772 [Test worker] DEBUG c.g.d.z.s.o.a.h.c.h.i.i.PoolingHttpClientConnectionManager - ep-000000C5: connection http-outgoing-18 can be kept alive for 3 MINUTES
2024-07-24 14:30:41.773 [Test worker] DEBUG c.g.d.z.s.o.a.h.c.h.i.i.PoolingHttpClientConnectionManager - ep-000000C5: connection released [route: {}->npipe://localhost:2375][total available: 1; route allocated: 1 of 2147483647; total allocated: 1 of 2147483647]
2024-07-24 14:30:41.773 [Test worker] DEBUG o.t.s.c.g.d.c.command.AbstrDockerCmd - Cmd: 7c9a29c4879ab957d8fc1965a67b4eae934f2b817dd9d4ff072501431c5d46bf,false
2024-07-24 14:30:41.773 [Test worker] DEBUG o.t.s.c.g.d.c.e.InspectContainerCmdExec - GET: DefaultWebTarget{path=[/containers/7c9a29c4879ab957d8fc1965a67b4eae934f2b817dd9d4ff072501431c5d46bf/json], queryParams={}}
2024-07-24 14:30:41.773 [Test worker] DEBUG c.g.d.z.s.o.a.h.c.h.i.c.InternalHttpClient - ex-000000C7: preparing request execution
2024-07-24 14:30:41.774 [Test worker] DEBUG c.g.d.z.s.o.a.h.c.h.p.RequestAddCookies - Cookie spec selected: strict
2024-07-24 14:30:41.774 [Test worker] DEBUG c.g.d.z.s.o.a.h.c.h.p.RequestAuthCache - Auth cache not set in the context
2024-07-24 14:30:41.774 [Test worker] DEBUG c.g.d.z.s.o.a.h.c.h.i.c.ProtocolExec - ex-000000C7: target auth state: UNCHALLENGED
2024-07-24 14:30:41.774 [Test worker] DEBUG c.g.d.z.s.o.a.h.c.h.i.c.ProtocolExec - ex-000000C7: proxy auth state: UNCHALLENGED
2024-07-24 14:30:41.774 [Test worker] DEBUG c.g.d.z.s.o.a.h.c.h.i.c.ConnectExec - ex-000000C7: acquiring connection with route {}->npipe://localhost:2375
2024-07-24 14:30:41.774 [Test worker] DEBUG c.g.d.z.s.o.a.h.c.h.i.c.InternalHttpClient - ex-000000C7: acquiring endpoint (3 MINUTES)
2024-07-24 14:30:41.774 [Test worker] DEBUG c.g.d.z.s.o.a.h.c.h.i.i.PoolingHttpClientConnectionManager - ex-000000C7: endpoint lease request (3 MINUTES) [route: {}->npipe://localhost:2375][total available: 1; route allocated: 1 of 2147483647; total allocated: 1 of 2147483647]
2024-07-24 14:30:41.774 [Test worker] DEBUG c.g.d.z.s.o.a.h.c.h.i.i.PoolingHttpClientConnectionManager - ex-000000C7: endpoint leased [route: {}->npipe://localhost:2375][total available: 0; route allocated: 1 of 2147483647; total allocated: 1 of 2147483647]
2024-07-24 14:30:41.774 [Test worker] DEBUG c.g.d.z.s.o.a.h.c.h.i.i.PoolingHttpClientConnectionManager - ex-000000C7: acquired ep-000000C6
2024-07-24 14:30:41.774 [Test worker] DEBUG c.g.d.z.s.o.a.h.c.h.i.c.InternalHttpClient - ex-000000C7: acquired endpoint ep-000000C6
2024-07-24 14:30:41.774 [Test worker] DEBUG c.g.d.z.s.o.a.h.c.h.i.c.MainClientExec - ex-000000C7: executing GET /v1.32/containers/7c9a29c4879ab957d8fc1965a67b4eae934f2b817dd9d4ff072501431c5d46bf/json HTTP/1.1
2024-07-24 14:30:41.774 [Test worker] DEBUG c.g.d.z.s.o.a.h.c.h.i.c.InternalHttpClient - ep-000000C6: start execution ex-000000C7
2024-07-24 14:30:41.774 [Test worker] DEBUG c.g.d.z.s.o.a.h.c.h.i.i.PoolingHttpClientConnectionManager - ep-000000C6: executing exchange ex-000000C7 over http-outgoing-18
2024-07-24 14:30:41.774 [Test worker] DEBUG c.g.d.z.s.o.a.h.client5.http.headers - http-outgoing-18 >> GET /v1.32/containers/7c9a29c4879ab957d8fc1965a67b4eae934f2b817dd9d4ff072501431c5d46bf/json HTTP/1.1
2024-07-24 14:30:41.774 [Test worker] DEBUG c.g.d.z.s.o.a.h.client5.http.headers - http-outgoing-18 >> accept: application/json
2024-07-24 14:30:41.774 [Test worker] DEBUG c.g.d.z.s.o.a.h.client5.http.headers - http-outgoing-18 >> x-tc-sid: 280e6229-7396-4d60-b1e3-a5de48b5d49b
2024-07-24 14:30:41.774 [Test worker] DEBUG c.g.d.z.s.o.a.h.client5.http.headers - http-outgoing-18 >> User-Agent: tc-java/1.19.8
2024-07-24 14:30:41.774 [Test worker] DEBUG c.g.d.z.s.o.a.h.client5.http.headers - http-outgoing-18 >> Accept-Encoding: gzip, x-gzip, deflate
2024-07-24 14:30:41.774 [Test worker] DEBUG c.g.d.z.s.o.a.h.client5.http.headers - http-outgoing-18 >> Host: localhost:2375
2024-07-24 14:30:41.774 [Test worker] DEBUG c.g.d.z.s.o.a.h.client5.http.headers - http-outgoing-18 >> Connection: keep-alive
2024-07-24 14:30:41.774 [Test worker] DEBUG c.g.d.z.s.o.a.hc.client5.http.wire - http-outgoing-18 >> "GET /v1.32/containers/7c9a29c4879ab957d8fc1965a67b4eae934f2b817dd9d4ff072501431c5d46bf/json HTTP/1.1[\r][\n]"
2024-07-24 14:30:41.774 [Test worker] DEBUG c.g.d.z.s.o.a.hc.client5.http.wire - http-outgoing-18 >> "accept: application/json[\r][\n]"
2024-07-24 14:30:41.774 [Test worker] DEBUG c.g.d.z.s.o.a.hc.client5.http.wire - http-outgoing-18 >> "x-tc-sid: 280e6229-7396-4d60-b1e3-a5de48b5d49b[\r][\n]"
2024-07-24 14:30:41.774 [Test worker] DEBUG c.g.d.z.s.o.a.hc.client5.http.wire - http-outgoing-18 >> "User-Agent: tc-java/1.19.8[\r][\n]"
2024-07-24 14:30:41.774 [Test worker] DEBUG c.g.d.z.s.o.a.hc.client5.http.wire - http-outgoing-18 >> "Accept-Encoding: gzip, x-gzip, deflate[\r][\n]"
2024-07-24 14:30:41.774 [Test worker] DEBUG c.g.d.z.s.o.a.hc.client5.http.wire - http-outgoing-18 >> "Host: localhost:2375[\r][\n]"
2024-07-24 14:30:41.774 [Test worker] DEBUG c.g.d.z.s.o.a.hc.client5.http.wire - http-outgoing-18 >> "Connection: keep-alive[\r][\n]"
2024-07-24 14:30:41.774 [Test worker] DEBUG c.g.d.z.s.o.a.hc.client5.http.wire - http-outgoing-18 >> "[\r][\n]"
2024-07-24 14:30:41.777 [Test worker] DEBUG c.g.d.z.s.o.a.hc.client5.http.wire - http-outgoing-18 << "HTTP/1.1 200 OK[\r][\n]"
2024-07-24 14:30:41.777 [Test worker] DEBUG c.g.d.z.s.o.a.hc.client5.http.wire - http-outgoing-18 << "Api-Version: 1.45[\r][\n]"
2024-07-24 14:30:41.778 [Test worker] DEBUG c.g.d.z.s.o.a.hc.client5.http.wire - http-outgoing-18 << "Content-Type: application/json[\r][\n]"
2024-07-24 14:30:41.778 [Test worker] DEBUG c.g.d.z.s.o.a.hc.client5.http.wire - http-outgoing-18 << "Date: Wed, 24 Jul 2024 02:30:41 GMT[\r][\n]"
2024-07-24 14:30:41.778 [Test worker] DEBUG c.g.d.z.s.o.a.hc.client5.http.wire - http-outgoing-18 << "Docker-Experimental: false[\r][\n]"
2024-07-24 14:30:41.778 [Test worker] DEBUG c.g.d.z.s.o.a.hc.client5.http.wire - http-outgoing-18 << "Ostype: linux[\r][\n]"
2024-07-24 14:30:41.778 [Test worker] DEBUG c.g.d.z.s.o.a.hc.client5.http.wire - http-outgoing-18 << "Server: Docker/26.0.0 (linux)[\r][\n]"
2024-07-24 14:30:41.778 [Test worker] DEBUG c.g.d.z.s.o.a.hc.client5.http.wire - http-outgoing-18 << "Transfer-Encoding: chunked[\r][\n]"
2024-07-24 14:30:41.778 [Test worker] DEBUG c.g.d.z.s.o.a.hc.client5.http.wire - http-outgoing-18 << "[\r][\n]"
2024-07-24 14:30:41.778 [Test worker] DEBUG c.g.d.z.s.o.a.h.client5.http.headers - http-outgoing-18 << HTTP/1.1 200 OK
2024-07-24 14:30:41.778 [Test worker] DEBUG c.g.d.z.s.o.a.h.client5.http.headers - http-outgoing-18 << Api-Version: 1.45
2024-07-24 14:30:41.778 [Test worker] DEBUG c.g.d.z.s.o.a.h.client5.http.headers - http-outgoing-18 << Content-Type: application/json
2024-07-24 14:30:41.778 [Test worker] DEBUG c.g.d.z.s.o.a.h.client5.http.headers - http-outgoing-18 << Date: Wed, 24 Jul 2024 02:30:41 GMT
2024-07-24 14:30:41.778 [Test worker] DEBUG c.g.d.z.s.o.a.h.client5.http.headers - http-outgoing-18 << Docker-Experimental: false
2024-07-24 14:30:41.778 [Test worker] DEBUG c.g.d.z.s.o.a.h.client5.http.headers - http-outgoing-18 << Ostype: linux
2024-07-24 14:30:41.778 [Test worker] DEBUG c.g.d.z.s.o.a.h.client5.http.headers - http-outgoing-18 << Server: Docker/26.0.0 (linux)
2024-07-24 14:30:41.778 [Test worker] DEBUG c.g.d.z.s.o.a.h.client5.http.headers - http-outgoing-18 << Transfer-Encoding: chunked
2024-07-24 14:30:41.778 [Test worker] DEBUG c.g.d.z.s.o.a.h.c.h.i.c.MainClientExec - ex-000000C7: connection can be kept alive for 3 MINUTES
2024-07-24 14:30:41.779 [Test worker] DEBUG c.g.d.z.s.o.a.hc.client5.http.wire - http-outgoing-18 << "1a37[\r][\n]"
2024-07-24 14:30:41.779 [Test worker] DEBUG c.g.d.z.s.o.a.hc.client5.http.wire - http-outgoing-18 << "{"Id":"7c9a29c4879ab957d8fc1965a67b4eae934f2b817dd9d4ff072501431c5d46bf","Created":"2024-07-24T02:30:41.295697693Z","Path":"docker-entrypoint.sh","Args":["postgres","-c","fsync=off"],"State":{"Status":"running","Running":true,"Paused":false,"Restarting":false,"OOMKilled":false,"Dead":false,"Pid":30316,"ExitCode":0,"Error":"","StartedAt":"2024-07-24T02:30:41.755979014Z","FinishedAt":"0001-01-01T00:00:00Z"},"Image":"sha256:8e4fc9e184899a58735e7ee333f5e272d7d2298cf59302006b71f33e217be130","ResolvConfPath":"/var/lib/docker/containers/7c9a29c4879ab957d8fc1965a67b4eae934f2b817dd9d4ff072501431c5d46bf/resolv.conf","HostnamePath":"/var/lib/docker/containers/7c9a29c4879ab957d8fc1965a67b4eae934f2b817dd9d4ff072501431c5d46bf/hostname","HostsPath":"/var/lib/docker/containers/7c9a29c4879ab957d8fc1965a67b4eae934f2b817dd9d4ff072501431c5d46bf/hosts","LogPath":"/var/lib/docker/containers/7c9a29c4879ab957d8fc1965a67b4eae934f2b817dd9d4ff072501431c5d46bf/7c9a29c4879ab957d8fc1965a67b4eae934f2b817dd9d4ff072501431c5d46bf-json.log","Name":"/funny_einstein","RestartCount":0,"Driver":"overlay2","Platform":"linux","MountLabel":"","ProcessLabel":"","AppArmorProfile":"","ExecIDs":null,"HostConfig":{"Binds":[],"ContainerIDFile":"","LogConfig":{"Type":"json-file","Config":{}},"NetworkMode":"default","PortBindings":{"5432/tcp":[{"HostIp":"0.0.0.0","HostPort":"0"}]},"RestartPolicy":{"Name":"no","MaximumRetryCount":0},"AutoRemove":false,"VolumeDriver":"","VolumesFrom":[],"ConsoleSize":[0,0],"CapAdd":null,"CapDrop":null,"CgroupnsMode":"host","Dns":null,"DnsOptions":null,"DnsSearch":null,"ExtraHosts":[],"GroupAdd":null,"IpcMode":"shareable","Cgroup":"","Links":null,"OomScoreAdj":0,"PidMode":"","Privileged":false,"PublishAllPorts":false,"ReadonlyRootfs":false,"SecurityOpt":null,"UTSMode":"","UsernsMode":"","ShmSize":67108864,"Runtime":"runc","Isolation":"","CpuShares":0,"Memory":0,"NanoCpus":0,"CgroupParent":"","BlkioWeight":0,"BlkioWeightDevice":null,"BlkioDeviceReadBps":null,"BlkioDeviceWriteBps":null,"BlkioDeviceReadIOps":null,"BlkioDeviceWriteIOps":null,"CpuPeriod":0,"CpuQuota":0,"CpuRealtimePeriod":0,"CpuRealtimeRuntime":0,"CpusetCpus":"","CpusetMems":"","Devices":null,"DeviceCgroupRules":null,"DeviceRequests":null,"MemoryReservation":0,"MemorySwap":0,"MemorySwappiness":null,"OomKillDisable":false,"PidsLimit":null,"Ulimits":null,"CpuCount":0,"CpuPercent":0,"IOMaximumIOps":0,"IOMaximumBandwidth":0,"MaskedPaths":["/proc/asound","/proc/acpi","/proc/kcore","/proc/keys","/proc/latency_stats","/proc/timer_list","/proc/timer_stats","/proc/sched_debug","/proc/scsi","/sys/firmware","/sys/devices/virtual/powercap"],"ReadonlyPaths":["/proc/bus","/proc/fs","/proc/irq","/proc/sys","/proc/sysrq-trigger"]},"GraphDriver":{"Data":{"LowerDir":"/var/lib/docker/overlay2/b4cde8ad73319d3089a403a7334e54c5c11b8c7780a010a0ed4078d455379a75-init/diff:/var/lib/docker/overlay2/8f0ddbd386af0785c2e348570516955816ab350305d698d363962d488eeb15ec/diff:/var/lib/docker/overlay2/0eb0ca73e9b0be7c3d7fa8762ef4778a68f38391bc84c037c2e90b88e781b475/diff:/var/lib/docker/overlay2/74e634bddc785c5d436b10a5158cd82e21dc2065fd1cf8ff9c1c12e01575a2d8/diff:/var/lib/docker/overlay2/bb918b2851cd2f508f1e3fdbfff8b7f8b041d61e65fe8c368288bf399e80b818/diff:/var/lib/docker/overlay2/2abab2946cbdc2941ee8ec4024c51dac7313dee9de5fbedd1ca33388c59eb3c8/diff:/var/lib/docker/overlay2/e12f6083ee669bd92743ceb339a896bb25dbe461b718705bb39eb410b80c0ecd/diff:/var/lib/docker/overlay2/ced1e86d670d097da5ed4da7288c22507735918959161c2cd8bf083fb30d169a/diff:/var/lib/docker/overlay2/94e9ac7b74923285ae73af20aeccb964ca9079e2305db367cb85d1603560472d/diff:/var/lib/docker/overlay2/a396b6dfd63f0c228c519871183c614cccf4d366a43460f27ecf97113c3c4be8/diff:/var/lib/docker/overlay2/f58ada5d5080c2bac553c734f81127660a90581a35ed2a92cebe3c59e340875b/diff:/var/lib/docker/overlay2/84f85636f37bf55d945e217b4f87a856eba7932284beaf042561007b66f48977/diff:/var/lib/docker/overlay2/1e6e519613884e91a2b74a588ba35dc8a2f789371ab798ef6e7d9836d756042f/diff:/var/lib/docker/overlay2/14a3151cc8b4f9d27d2e64f1a8abc0c7809309580f2d7e8dc8545055c1d56194/diff:/var/lib/dock"
2024-07-24 14:30:41.779 [Test worker] DEBUG c.g.d.z.s.o.a.hc.client5.http.wire - http-outgoing-18 << "er/overlay2/5b354b9e793401517fe2f1da697653fdaadffc54888eaf76d67e0600b8c68bdc/diff","MergedDir":"/var/lib/docker/overlay2/b4cde8ad73319d3089a403a7334e54c5c11b8c7780a010a0ed4078d455379a75/merged","UpperDir":"/var/lib/docker/overlay2/b4cde8ad73319d3089a403a7334e54c5c11b8c7780a010a0ed4078d455379a75/diff","WorkDir":"/var/lib/docker/overlay2/b4cde8ad73319d3089a403a7334e54c5c11b8c7780a010a0ed4078d455379a75/work"},"Name":"overlay2"},"Mounts":[{"Type":"volume","Name":"602df9ea8607dc1c4a99e522242a9e5e630be425a10e0caab7b4028f3ff06740","Source":"/var/lib/docker/volumes/602df9ea8607dc1c4a99e522242a9e5e630be425a10e0caab7b4028f3ff06740/_data","Destination":"/var/lib/postgresql/data","Driver":"local","Mode":"","RW":true,"Propagation":""}],"Config":{"Hostname":"7c9a29c4879a","Domainname":"","User":"","AttachStdin":false,"AttachStdout":false,"AttachStderr":false,"ExposedPorts":{"5432/tcp":{}},"Tty":false,"OpenStdin":false,"StdinOnce":false,"Env":["POSTGRES_USER=user","POSTGRES_PASSWORD=password","POSTGRES_DB=db","PATH=/usr/local/sbin:/usr/local/bin:/usr/sbin:/usr/bin:/sbin:/bin:/usr/lib/postgresql/16/bin","GOSU_VERSION=1.17","LANG=en_US.utf8","PG_MAJOR=16","PG_VERSION=16.2-1.pgdg120+2","PGDATA=/var/lib/postgresql/data"],"Cmd":["postgres","-c","fsync=off"],"Image":"postgres:latest","Volumes":{"/var/lib/postgresql/data":{}},"WorkingDir":"","Entrypoint":["docker-entrypoint.sh"],"OnBuild":null,"Labels":{"org.testcontainers":"true","org.testcontainers.lang":"java","org.testcontainers.sessionId":"280e6229-7396-4d60-b1e3-a5de48b5d49b","org.testcontainers.version":"1.19.8"},"StopSignal":"SIGINT"},"NetworkSettings":{"Bridge":"","SandboxID":"d28fc92553f55d1526c06301b51fe1864840b3c28944104fd18553af5a28bb9f","SandboxKey":"/var/run/docker/netns/d28fc92553f5","Ports":{"5432/tcp":[{"HostIp":"0.0.0.0","HostPort":"51569"}]},"HairpinMode":false,"LinkLocalIPv6Address":"","LinkLocalIPv6PrefixLen":0,"SecondaryIPAddresses":null,"SecondaryIPv6Addresses":null,"EndpointID":"1e144ef32f8bf830867fe4ced5273d188264fbfb48fc076bdc0f956bf4d16e66","Gateway":"172.17.0.1","GlobalIPv6Address":"","GlobalIPv6PrefixLen":0,"IPAddress":"172.17.0.3","IPPrefixLen":16,"IPv6Gateway":"","MacAddress":"02:42:ac:11:00:03","Networks":{"bridge":{"IPAMConfig":null,"Links":null,"Aliases":null,"MacAddress":"02:42:ac:11:00:03","NetworkID":"3c842496be344cbdae878c1dee0957e7bc7c0a2236009c92752030f2b053e72f","EndpointID":"1e144ef32f8bf830867fe4ced5273d188264fbfb48fc076bdc0f956bf4d16e66","Gateway":"172.17.0.1","IPAddress":"172.17.0.3","IPPrefixLen":16,"IPv6Gateway":"","GlobalIPv6Address":"","GlobalIPv6PrefixLen":0,"DriverOpts":null,"DNSNames":null}}}}[\n]"
2024-07-24 14:30:41.780 [Test worker] DEBUG c.g.d.z.s.o.a.hc.client5.http.wire - http-outgoing-18 << "[\r][\n]"
2024-07-24 14:30:41.780 [Test worker] DEBUG c.g.d.z.s.o.a.hc.client5.http.wire - http-outgoing-18 << "0[\r][\n]"
2024-07-24 14:30:41.780 [Test worker] DEBUG c.g.d.z.s.o.a.hc.client5.http.wire - http-outgoing-18 << "[\r][\n]"
2024-07-24 14:30:41.780 [Test worker] DEBUG c.g.d.z.s.o.a.h.c.h.i.c.InternalHttpClient - ep-000000C6: releasing valid endpoint
2024-07-24 14:30:41.780 [Test worker] DEBUG c.g.d.z.s.o.a.h.c.h.i.i.PoolingHttpClientConnectionManager - ep-000000C6: releasing endpoint
2024-07-24 14:30:41.780 [Test worker] DEBUG c.g.d.z.s.o.a.h.c.h.i.i.PoolingHttpClientConnectionManager - ep-000000C6: connection http-outgoing-18 can be kept alive for 3 MINUTES
2024-07-24 14:30:41.780 [Test worker] DEBUG c.g.d.z.s.o.a.h.c.h.i.i.PoolingHttpClientConnectionManager - ep-000000C6: connection released [route: {}->npipe://localhost:2375][total available: 1; route allocated: 1 of 2147483647; total allocated: 1 of 2147483647]
2024-07-24 14:30:41.780 [Test worker] DEBUG o.t.s.c.g.d.c.command.AbstrDockerCmd - Cmd: sha256:8e4fc9e184899a58735e7ee333f5e272d7d2298cf59302006b71f33e217be130
2024-07-24 14:30:41.780 [Test worker] TRACE o.t.s.c.g.d.c.e.InspectImageCmdExec - GET: DefaultWebTarget{path=[/images/sha256:8e4fc9e184899a58735e7ee333f5e272d7d2298cf59302006b71f33e217be130/json], queryParams={}}
2024-07-24 14:30:41.781 [Test worker] DEBUG c.g.d.z.s.o.a.h.c.h.i.c.InternalHttpClient - ex-000000C8: preparing request execution
2024-07-24 14:30:41.781 [Test worker] DEBUG c.g.d.z.s.o.a.h.c.h.p.RequestAddCookies - Cookie spec selected: strict
2024-07-24 14:30:41.781 [Test worker] DEBUG c.g.d.z.s.o.a.h.c.h.p.RequestAuthCache - Auth cache not set in the context
2024-07-24 14:30:41.781 [Test worker] DEBUG c.g.d.z.s.o.a.h.c.h.i.c.ProtocolExec - ex-000000C8: target auth state: UNCHALLENGED
2024-07-24 14:30:41.781 [Test worker] DEBUG c.g.d.z.s.o.a.h.c.h.i.c.ProtocolExec - ex-000000C8: proxy auth state: UNCHALLENGED
2024-07-24 14:30:41.781 [Test worker] DEBUG c.g.d.z.s.o.a.h.c.h.i.c.ConnectExec - ex-000000C8: acquiring connection with route {}->npipe://localhost:2375
2024-07-24 14:30:41.781 [Test worker] DEBUG c.g.d.z.s.o.a.h.c.h.i.c.InternalHttpClient - ex-000000C8: acquiring endpoint (3 MINUTES)
2024-07-24 14:30:41.781 [Test worker] DEBUG c.g.d.z.s.o.a.h.c.h.i.i.PoolingHttpClientConnectionManager - ex-000000C8: endpoint lease request (3 MINUTES) [route: {}->npipe://localhost:2375][total available: 1; route allocated: 1 of 2147483647; total allocated: 1 of 2147483647]
2024-07-24 14:30:41.781 [Test worker] DEBUG c.g.d.z.s.o.a.h.c.h.i.i.PoolingHttpClientConnectionManager - ex-000000C8: endpoint leased [route: {}->npipe://localhost:2375][total available: 0; route allocated: 1 of 2147483647; total allocated: 1 of 2147483647]
2024-07-24 14:30:41.781 [Test worker] DEBUG c.g.d.z.s.o.a.h.c.h.i.i.PoolingHttpClientConnectionManager - ex-000000C8: acquired ep-000000C7
2024-07-24 14:30:41.781 [Test worker] DEBUG c.g.d.z.s.o.a.h.c.h.i.c.InternalHttpClient - ex-000000C8: acquired endpoint ep-000000C7
2024-07-24 14:30:41.781 [Test worker] DEBUG c.g.d.z.s.o.a.h.c.h.i.c.MainClientExec - ex-000000C8: executing GET /v1.32/images/sha256:8e4fc9e184899a58735e7ee333f5e272d7d2298cf59302006b71f33e217be130/json HTTP/1.1
2024-07-24 14:30:41.781 [Test worker] DEBUG c.g.d.z.s.o.a.h.c.h.i.c.InternalHttpClient - ep-000000C7: start execution ex-000000C8
2024-07-24 14:30:41.781 [Test worker] DEBUG c.g.d.z.s.o.a.h.c.h.i.i.PoolingHttpClientConnectionManager - ep-000000C7: executing exchange ex-000000C8 over http-outgoing-18
2024-07-24 14:30:41.781 [Test worker] DEBUG c.g.d.z.s.o.a.h.client5.http.headers - http-outgoing-18 >> GET /v1.32/images/sha256:8e4fc9e184899a58735e7ee333f5e272d7d2298cf59302006b71f33e217be130/json HTTP/1.1
2024-07-24 14:30:41.781 [Test worker] DEBUG c.g.d.z.s.o.a.h.client5.http.headers - http-outgoing-18 >> accept: application/json
2024-07-24 14:30:41.781 [Test worker] DEBUG c.g.d.z.s.o.a.h.client5.http.headers - http-outgoing-18 >> x-tc-sid: 280e6229-7396-4d60-b1e3-a5de48b5d49b
2024-07-24 14:30:41.781 [Test worker] DEBUG c.g.d.z.s.o.a.h.client5.http.headers - http-outgoing-18 >> User-Agent: tc-java/1.19.8
2024-07-24 14:30:41.781 [Test worker] DEBUG c.g.d.z.s.o.a.h.client5.http.headers - http-outgoing-18 >> Accept-Encoding: gzip, x-gzip, deflate
2024-07-24 14:30:41.781 [Test worker] DEBUG c.g.d.z.s.o.a.h.client5.http.headers - http-outgoing-18 >> Host: localhost:2375
2024-07-24 14:30:41.781 [Test worker] DEBUG c.g.d.z.s.o.a.h.client5.http.headers - http-outgoing-18 >> Connection: keep-alive
2024-07-24 14:30:41.781 [Test worker] DEBUG c.g.d.z.s.o.a.hc.client5.http.wire - http-outgoing-18 >> "GET /v1.32/images/sha256:8e4fc9e184899a58735e7ee333f5e272d7d2298cf59302006b71f33e217be130/json HTTP/1.1[\r][\n]"
2024-07-24 14:30:41.781 [Test worker] DEBUG c.g.d.z.s.o.a.hc.client5.http.wire - http-outgoing-18 >> "accept: application/json[\r][\n]"
2024-07-24 14:30:41.781 [Test worker] DEBUG c.g.d.z.s.o.a.hc.client5.http.wire - http-outgoing-18 >> "x-tc-sid: 280e6229-7396-4d60-b1e3-a5de48b5d49b[\r][\n]"
2024-07-24 14:30:41.781 [Test worker] DEBUG c.g.d.z.s.o.a.hc.client5.http.wire - http-outgoing-18 >> "User-Agent: tc-java/1.19.8[\r][\n]"
2024-07-24 14:30:41.781 [Test worker] DEBUG c.g.d.z.s.o.a.hc.client5.http.wire - http-outgoing-18 >> "Accept-Encoding: gzip, x-gzip, deflate[\r][\n]"
2024-07-24 14:30:41.781 [Test worker] DEBUG c.g.d.z.s.o.a.hc.client5.http.wire - http-outgoing-18 >> "Host: localhost:2375[\r][\n]"
2024-07-24 14:30:41.781 [Test worker] DEBUG c.g.d.z.s.o.a.hc.client5.http.wire - http-outgoing-18 >> "Connection: keep-alive[\r][\n]"
2024-07-24 14:30:41.781 [Test worker] DEBUG c.g.d.z.s.o.a.hc.client5.http.wire - http-outgoing-18 >> "[\r][\n]"
2024-07-24 14:30:41.785 [Test worker] DEBUG c.g.d.z.s.o.a.hc.client5.http.wire - http-outgoing-18 << "HTTP/1.1 200 OK[\r][\n]"
2024-07-24 14:30:41.785 [Test worker] DEBUG c.g.d.z.s.o.a.hc.client5.http.wire - http-outgoing-18 << "Api-Version: 1.45[\r][\n]"
2024-07-24 14:30:41.785 [Test worker] DEBUG c.g.d.z.s.o.a.hc.client5.http.wire - http-outgoing-18 << "Content-Type: application/json[\r][\n]"
2024-07-24 14:30:41.785 [Test worker] DEBUG c.g.d.z.s.o.a.hc.client5.http.wire - http-outgoing-18 << "Date: Wed, 24 Jul 2024 02:30:41 GMT[\r][\n]"
2024-07-24 14:30:41.785 [Test worker] DEBUG c.g.d.z.s.o.a.hc.client5.http.wire - http-outgoing-18 << "Docker-Experimental: false[\r][\n]"
2024-07-24 14:30:41.785 [Test worker] DEBUG c.g.d.z.s.o.a.hc.client5.http.wire - http-outgoing-18 << "Ostype: linux[\r][\n]"
2024-07-24 14:30:41.785 [Test worker] DEBUG c.g.d.z.s.o.a.hc.client5.http.wire - http-outgoing-18 << "Server: Docker/26.0.0 (linux)[\r][\n]"
2024-07-24 14:30:41.785 [Test worker] DEBUG c.g.d.z.s.o.a.hc.client5.http.wire - http-outgoing-18 << "Transfer-Encoding: chunked[\r][\n]"
2024-07-24 14:30:41.785 [Test worker] DEBUG c.g.d.z.s.o.a.hc.client5.http.wire - http-outgoing-18 << "[\r][\n]"
2024-07-24 14:30:41.785 [Test worker] DEBUG c.g.d.z.s.o.a.h.client5.http.headers - http-outgoing-18 << HTTP/1.1 200 OK
2024-07-24 14:30:41.785 [Test worker] DEBUG c.g.d.z.s.o.a.h.client5.http.headers - http-outgoing-18 << Api-Version: 1.45
2024-07-24 14:30:41.785 [Test worker] DEBUG c.g.d.z.s.o.a.h.client5.http.headers - http-outgoing-18 << Content-Type: application/json
2024-07-24 14:30:41.785 [Test worker] DEBUG c.g.d.z.s.o.a.h.client5.http.headers - http-outgoing-18 << Date: Wed, 24 Jul 2024 02:30:41 GMT
2024-07-24 14:30:41.785 [Test worker] DEBUG c.g.d.z.s.o.a.h.client5.http.headers - http-outgoing-18 << Docker-Experimental: false
2024-07-24 14:30:41.785 [Test worker] DEBUG c.g.d.z.s.o.a.h.client5.http.headers - http-outgoing-18 << Ostype: linux
2024-07-24 14:30:41.785 [Test worker] DEBUG c.g.d.z.s.o.a.h.client5.http.headers - http-outgoing-18 << Server: Docker/26.0.0 (linux)
2024-07-24 14:30:41.785 [Test worker] DEBUG c.g.d.z.s.o.a.h.client5.http.headers - http-outgoing-18 << Transfer-Encoding: chunked
2024-07-24 14:30:41.785 [Test worker] DEBUG c.g.d.z.s.o.a.h.c.h.i.c.MainClientExec - ex-000000C8: connection can be kept alive for 3 MINUTES
2024-07-24 14:30:41.785 [Test worker] DEBUG c.g.d.z.s.o.a.hc.client5.http.wire - http-outgoing-18 << "fcb[\r][\n]"
2024-07-24 14:30:41.785 [Test worker] DEBUG c.g.d.z.s.o.a.hc.client5.http.wire - http-outgoing-18 << "{"Id":"sha256:8e4fc9e184899a58735e7ee333f5e272d7d2298cf59302006b71f33e217be130","RepoTags":["postgres:latest"],"RepoDigests":["postgres@sha256:4aea012537edfad80f98d870a36e6b90b4c09b27be7f4b4759d72db863baeebb"],"Parent":"","Comment":"buildkit.dockerfile.v0","Created":"2024-02-21T00:46:13Z","ContainerConfig":{"Hostname":"","Domainname":"","User":"","AttachStdin":false,"AttachStdout":false,"AttachStderr":false,"Tty":false,"OpenStdin":false,"StdinOnce":false,"Env":null,"Cmd":null,"Image":"","Volumes":null,"WorkingDir":"","Entrypoint":null,"OnBuild":null,"Labels":null},"DockerVersion":"","Author":"","Config":{"Hostname":"","Domainname":"","User":"","AttachStdin":false,"AttachStdout":false,"AttachStderr":false,"ExposedPorts":{"5432/tcp":{}},"Tty":false,"OpenStdin":false,"StdinOnce":false,"Env":["PATH=/usr/local/sbin:/usr/local/bin:/usr/sbin:/usr/bin:/sbin:/bin:/usr/lib/postgresql/16/bin","GOSU_VERSION=1.17","LANG=en_US.utf8","PG_MAJOR=16","PG_VERSION=16.2-1.pgdg120+2","PGDATA=/var/lib/postgresql/data"],"Cmd":["postgres"],"ArgsEscaped":true,"Image":"","Volumes":{"/var/lib/postgresql/data":{}},"WorkingDir":"","Entrypoint":["docker-entrypoint.sh"],"OnBuild":null,"Labels":null,"StopSignal":"SIGINT"},"Architecture":"amd64","Os":"linux","Size":431496964,"VirtualSize":431496964,"GraphDriver":{"Data":{"LowerDir":"/var/lib/docker/overlay2/0eb0ca73e9b0be7c3d7fa8762ef4778a68f38391bc84c037c2e90b88e781b475/diff:/var/lib/docker/overlay2/74e634bddc785c5d436b10a5158cd82e21dc2065fd1cf8ff9c1c12e01575a2d8/diff:/var/lib/docker/overlay2/bb918b2851cd2f508f1e3fdbfff8b7f8b041d61e65fe8c368288bf399e80b818/diff:/var/lib/docker/overlay2/2abab2946cbdc2941ee8ec4024c51dac7313dee9de5fbedd1ca33388c59eb3c8/diff:/var/lib/docker/overlay2/e12f6083ee669bd92743ceb339a896bb25dbe461b718705bb39eb410b80c0ecd/diff:/var/lib/docker/overlay2/ced1e86d670d097da5ed4da7288c22507735918959161c2cd8bf083fb30d169a/diff:/var/lib/docker/overlay2/94e9ac7b74923285ae73af20aeccb964ca9079e2305db367cb85d1603560472d/diff:/var/lib/docker/overlay2/a396b6dfd63f0c228c519871183c614cccf4d366a43460f27ecf97113c3c4be8/diff:/var/lib/docker/overlay2/f58ada5d5080c2bac553c734f81127660a90581a35ed2a92cebe3c59e340875b/diff:/var/lib/docker/overlay2/84f85636f37bf55d945e217b4f87a856eba7932284beaf042561007b66f48977/diff:/var/lib/docker/overlay2/1e6e519613884e91a2b74a588ba35dc8a2f789371ab798ef6e7d9836d756042f/diff:/var/lib/docker/overlay2/14a3151cc8b4f9d27d2e64f1a8abc0c7809309580f2d7e8dc8545055c1d56194/diff:/var/lib/docker/overlay2/5b354b9e793401517fe2f1da697653fdaadffc54888eaf76d67e0600b8c68bdc/diff","MergedDir":"/var/lib/docker/overlay2/8f0ddbd386af0785c2e348570516955816ab350305d698d363962d488eeb15ec/merged","UpperDir":"/var/lib/docker/overlay2/8f0ddbd386af0785c2e348570516955816ab350305d698d363962d488eeb15ec/diff","WorkDir":"/var/lib/docker/overlay2/8f0ddbd386af0785c2e348570516955816ab350305d698d363962d488eeb15ec/work"},"Name":"overlay2"},"RootFS":{"Type":"layers","Layers":["sha256:52ec5a4316fadc09a4a51f82b8d7b66ead0d71bea4f75e81e25b4094c4219061","sha256:5a99d63e3aef066b4fa085cf24d0281681d5530c22f0c93391b854ba5741b62e","sha256:12694c6edf8321950446751b5acc175137946701b72febd6a32ab6e6cb89403b","sha256:beceb355ef35df0b8123db4eddd8f734e7414a3828e463354a913dda6738571d","sha256:0f86e6985ca32f3adeb9f65e3f80b3f2aa37a697d345c84011b2421e5608bc06","sha256:22c31f24613cd6a7b43f3074166d79619574e76f430035be15d909ae45fb97da","sha256:7c32a1ce1cc084a148145553666d5b64e3b6551491d1c3c6cc545b5b69daf5da","sha256:192de40051e6f5b468a60be4e6d162a1bbf3dc4af2dfb0a7aa8db25f86b6e68e","sha256:257f3fc789f6526019470322285b4bfe55e3e09f41150576c0997f370407af14","sha256:2993953b2c109056b0d580a549dae9f902a84a29f3907d96d7329746a8df7fc2","sha256:0bc02fbb093e939812a0ca64bd21a807d815b89c5e034e73026d14535053f4e2","sha256:3866ad927dc8101b32941f0fe6e36e656eba398b92164688ce1d1afdeca7eb09","sha256:2621fdc21b32f8210d30df7b9f44c068fa347ce07f7e1935a2383e5f7e7ddecb","sha256:c116a9ba3dbfe8c6135659ba009883a03bdc660abfedc64e2528baa6d736dbc9"]},"Metadata":{"LastTagTime":"0001-01-01T00:00:00Z"},"Container":""}[\n]"
2024-07-24 14:30:41.785 [Test worker] DEBUG c.g.d.z.s.o.a.hc.client5.http.wire - http-outgoing-18 << "[\r][\n]"
2024-07-24 14:30:41.785 [Test worker] DEBUG c.g.d.z.s.o.a.hc.client5.http.wire - http-outgoing-18 << "0[\r][\n]"
2024-07-24 14:30:41.785 [Test worker] DEBUG c.g.d.z.s.o.a.hc.client5.http.wire - http-outgoing-18 << "[\r][\n]"
2024-07-24 14:30:41.786 [Test worker] DEBUG c.g.d.z.s.o.a.h.c.h.i.c.InternalHttpClient - ep-000000C7: releasing valid endpoint
2024-07-24 14:30:41.786 [Test worker] DEBUG c.g.d.z.s.o.a.h.c.h.i.i.PoolingHttpClientConnectionManager - ep-000000C7: releasing endpoint
2024-07-24 14:30:41.786 [Test worker] DEBUG c.g.d.z.s.o.a.h.c.h.i.i.PoolingHttpClientConnectionManager - ep-000000C7: connection http-outgoing-18 can be kept alive for 3 MINUTES
2024-07-24 14:30:41.786 [Test worker] DEBUG c.g.d.z.s.o.a.h.c.h.i.i.PoolingHttpClientConnectionManager - ep-000000C7: connection released [route: {}->npipe://localhost:2375][total available: 1; route allocated: 1 of 2147483647; total allocated: 1 of 2147483647]
2024-07-24 14:30:41.786 [Test worker] DEBUG o.t.s.c.g.d.c.command.AbstrDockerCmd - Cmd: 
2024-07-24 14:30:41.786 [Test worker] TRACE o.t.s.c.g.d.core.exec.VersionCmdExec - GET: DefaultWebTarget{path=[/version], queryParams={}}
2024-07-24 14:30:41.786 [Test worker] DEBUG c.g.d.z.s.o.a.h.c.h.i.c.InternalHttpClient - ex-000000C9: preparing request execution
2024-07-24 14:30:41.786 [Test worker] DEBUG c.g.d.z.s.o.a.h.c.h.p.RequestAddCookies - Cookie spec selected: strict
2024-07-24 14:30:41.786 [Test worker] DEBUG c.g.d.z.s.o.a.h.c.h.p.RequestAuthCache - Auth cache not set in the context
2024-07-24 14:30:41.786 [Test worker] DEBUG c.g.d.z.s.o.a.h.c.h.i.c.ProtocolExec - ex-000000C9: target auth state: UNCHALLENGED
2024-07-24 14:30:41.786 [Test worker] DEBUG c.g.d.z.s.o.a.h.c.h.i.c.ProtocolExec - ex-000000C9: proxy auth state: UNCHALLENGED
2024-07-24 14:30:41.786 [Test worker] DEBUG c.g.d.z.s.o.a.h.c.h.i.c.ConnectExec - ex-000000C9: acquiring connection with route {}->npipe://localhost:2375
2024-07-24 14:30:41.786 [Test worker] DEBUG c.g.d.z.s.o.a.h.c.h.i.c.InternalHttpClient - ex-000000C9: acquiring endpoint (3 MINUTES)
2024-07-24 14:30:41.786 [Test worker] DEBUG c.g.d.z.s.o.a.h.c.h.i.i.PoolingHttpClientConnectionManager - ex-000000C9: endpoint lease request (3 MINUTES) [route: {}->npipe://localhost:2375][total available: 1; route allocated: 1 of 2147483647; total allocated: 1 of 2147483647]
2024-07-24 14:30:41.786 [Test worker] DEBUG c.g.d.z.s.o.a.h.c.h.i.i.PoolingHttpClientConnectionManager - ex-000000C9: endpoint leased [route: {}->npipe://localhost:2375][total available: 0; route allocated: 1 of 2147483647; total allocated: 1 of 2147483647]
2024-07-24 14:30:41.786 [Test worker] DEBUG c.g.d.z.s.o.a.h.c.h.i.i.PoolingHttpClientConnectionManager - ex-000000C9: acquired ep-000000C8
2024-07-24 14:30:41.786 [Test worker] DEBUG c.g.d.z.s.o.a.h.c.h.i.c.InternalHttpClient - ex-000000C9: acquired endpoint ep-000000C8
2024-07-24 14:30:41.786 [Test worker] DEBUG c.g.d.z.s.o.a.h.c.h.i.c.MainClientExec - ex-000000C9: executing GET /v1.32/version HTTP/1.1
2024-07-24 14:30:41.786 [Test worker] DEBUG c.g.d.z.s.o.a.h.c.h.i.c.InternalHttpClient - ep-000000C8: start execution ex-000000C9
2024-07-24 14:30:41.786 [Test worker] DEBUG c.g.d.z.s.o.a.h.c.h.i.i.PoolingHttpClientConnectionManager - ep-000000C8: executing exchange ex-000000C9 over http-outgoing-18
2024-07-24 14:30:41.786 [Test worker] DEBUG c.g.d.z.s.o.a.h.client5.http.headers - http-outgoing-18 >> GET /v1.32/version HTTP/1.1
2024-07-24 14:30:41.786 [Test worker] DEBUG c.g.d.z.s.o.a.h.client5.http.headers - http-outgoing-18 >> accept: application/json
2024-07-24 14:30:41.786 [Test worker] DEBUG c.g.d.z.s.o.a.h.client5.http.headers - http-outgoing-18 >> x-tc-sid: 280e6229-7396-4d60-b1e3-a5de48b5d49b
2024-07-24 14:30:41.786 [Test worker] DEBUG c.g.d.z.s.o.a.h.client5.http.headers - http-outgoing-18 >> User-Agent: tc-java/1.19.8
2024-07-24 14:30:41.786 [Test worker] DEBUG c.g.d.z.s.o.a.h.client5.http.headers - http-outgoing-18 >> Accept-Encoding: gzip, x-gzip, deflate
2024-07-24 14:30:41.786 [Test worker] DEBUG c.g.d.z.s.o.a.h.client5.http.headers - http-outgoing-18 >> Host: localhost:2375
2024-07-24 14:30:41.786 [Test worker] DEBUG c.g.d.z.s.o.a.h.client5.http.headers - http-outgoing-18 >> Connection: keep-alive
2024-07-24 14:30:41.786 [Test worker] DEBUG c.g.d.z.s.o.a.hc.client5.http.wire - http-outgoing-18 >> "GET /v1.32/version HTTP/1.1[\r][\n]"
2024-07-24 14:30:41.786 [Test worker] DEBUG c.g.d.z.s.o.a.hc.client5.http.wire - http-outgoing-18 >> "accept: application/json[\r][\n]"
2024-07-24 14:30:41.786 [Test worker] DEBUG c.g.d.z.s.o.a.hc.client5.http.wire - http-outgoing-18 >> "x-tc-sid: 280e6229-7396-4d60-b1e3-a5de48b5d49b[\r][\n]"
2024-07-24 14:30:41.786 [Test worker] DEBUG c.g.d.z.s.o.a.hc.client5.http.wire - http-outgoing-18 >> "User-Agent: tc-java/1.19.8[\r][\n]"
2024-07-24 14:30:41.786 [Test worker] DEBUG c.g.d.z.s.o.a.hc.client5.http.wire - http-outgoing-18 >> "Accept-Encoding: gzip, x-gzip, deflate[\r][\n]"
2024-07-24 14:30:41.786 [Test worker] DEBUG c.g.d.z.s.o.a.hc.client5.http.wire - http-outgoing-18 >> "Host: localhost:2375[\r][\n]"
2024-07-24 14:30:41.786 [Test worker] DEBUG c.g.d.z.s.o.a.hc.client5.http.wire - http-outgoing-18 >> "Connection: keep-alive[\r][\n]"
2024-07-24 14:30:41.786 [Test worker] DEBUG c.g.d.z.s.o.a.hc.client5.http.wire - http-outgoing-18 >> "[\r][\n]"
2024-07-24 14:30:41.798 [Test worker] DEBUG c.g.d.z.s.o.a.hc.client5.http.wire - http-outgoing-18 << "HTTP/1.1 200 OK[\r][\n]"
2024-07-24 14:30:41.798 [Test worker] DEBUG c.g.d.z.s.o.a.hc.client5.http.wire - http-outgoing-18 << "Api-Version: 1.45[\r][\n]"
2024-07-24 14:30:41.798 [Test worker] DEBUG c.g.d.z.s.o.a.hc.client5.http.wire - http-outgoing-18 << "Content-Type: application/json[\r][\n]"
2024-07-24 14:30:41.798 [Test worker] DEBUG c.g.d.z.s.o.a.hc.client5.http.wire - http-outgoing-18 << "Date: Wed, 24 Jul 2024 02:30:41 GMT[\r][\n]"
2024-07-24 14:30:41.798 [Test worker] DEBUG c.g.d.z.s.o.a.hc.client5.http.wire - http-outgoing-18 << "Docker-Experimental: false[\r][\n]"
2024-07-24 14:30:41.798 [Test worker] DEBUG c.g.d.z.s.o.a.hc.client5.http.wire - http-outgoing-18 << "Ostype: linux[\r][\n]"
2024-07-24 14:30:41.798 [Test worker] DEBUG c.g.d.z.s.o.a.hc.client5.http.wire - http-outgoing-18 << "Server: Docker/26.0.0 (linux)[\r][\n]"
2024-07-24 14:30:41.798 [Test worker] DEBUG c.g.d.z.s.o.a.hc.client5.http.wire - http-outgoing-18 << "Transfer-Encoding: chunked[\r][\n]"
2024-07-24 14:30:41.798 [Test worker] DEBUG c.g.d.z.s.o.a.hc.client5.http.wire - http-outgoing-18 << "[\r][\n]"
2024-07-24 14:30:41.798 [Test worker] DEBUG c.g.d.z.s.o.a.h.client5.http.headers - http-outgoing-18 << HTTP/1.1 200 OK
2024-07-24 14:30:41.798 [Test worker] DEBUG c.g.d.z.s.o.a.h.client5.http.headers - http-outgoing-18 << Api-Version: 1.45
2024-07-24 14:30:41.798 [Test worker] DEBUG c.g.d.z.s.o.a.h.client5.http.headers - http-outgoing-18 << Content-Type: application/json
2024-07-24 14:30:41.798 [Test worker] DEBUG c.g.d.z.s.o.a.h.client5.http.headers - http-outgoing-18 << Date: Wed, 24 Jul 2024 02:30:41 GMT
2024-07-24 14:30:41.798 [Test worker] DEBUG c.g.d.z.s.o.a.h.client5.http.headers - http-outgoing-18 << Docker-Experimental: false
2024-07-24 14:30:41.798 [Test worker] DEBUG c.g.d.z.s.o.a.h.client5.http.headers - http-outgoing-18 << Ostype: linux
2024-07-24 14:30:41.798 [Test worker] DEBUG c.g.d.z.s.o.a.h.client5.http.headers - http-outgoing-18 << Server: Docker/26.0.0 (linux)
2024-07-24 14:30:41.798 [Test worker] DEBUG c.g.d.z.s.o.a.h.client5.http.headers - http-outgoing-18 << Transfer-Encoding: chunked
2024-07-24 14:30:41.798 [Test worker] DEBUG c.g.d.z.s.o.a.h.c.h.i.c.MainClientExec - ex-000000C9: connection can be kept alive for 3 MINUTES
2024-07-24 14:30:41.798 [Test worker] DEBUG c.g.d.z.s.o.a.hc.client5.http.wire - http-outgoing-18 << "35f[\r][\n]"
2024-07-24 14:30:41.798 [Test worker] DEBUG c.g.d.z.s.o.a.hc.client5.http.wire - http-outgoing-18 << "{"Platform":{"Name":"Docker Desktop 4.29.0 (145265)"},"Components":[{"Name":"Engine","Version":"26.0.0","Details":{"ApiVersion":"1.45","Arch":"amd64","BuildTime":"2024-03-20T15:18:01.000000000+00:00","Experimental":"false","GitCommit":"8b79278","GoVersion":"go1.21.8","KernelVersion":"5.15.153.1-microsoft-standard-WSL2","MinAPIVersion":"1.24","Os":"linux"}},{"Name":"containerd","Version":"1.6.28","Details":{"GitCommit":"ae07eda36dd25f8a1b98dfbf587313b99c0190bb"}},{"Name":"runc","Version":"1.1.12","Details":{"GitCommit":"v1.1.12-0-g51d5e94"}},{"Name":"docker-init","Version":"0.19.0","Details":{"GitCommit":"de40ad0"}}],"Version":"26.0.0","ApiVersion":"1.45","MinAPIVersion":"1.24","GitCommit":"8b79278","GoVersion":"go1.21.8","Os":"linux","Arch":"amd64","KernelVersion":"5.15.153.1-microsoft-standard-WSL2","BuildTime":"2024-03-20T15:18:01.000000000+00:00"}[\n]"
2024-07-24 14:30:41.798 [Test worker] DEBUG c.g.d.z.s.o.a.hc.client5.http.wire - http-outgoing-18 << "[\r][\n]"
2024-07-24 14:30:41.798 [Test worker] DEBUG c.g.d.z.s.o.a.hc.client5.http.wire - http-outgoing-18 << "0[\r][\n]"
2024-07-24 14:30:41.798 [Test worker] DEBUG c.g.d.z.s.o.a.hc.client5.http.wire - http-outgoing-18 << "[\r][\n]"
2024-07-24 14:30:41.799 [Test worker] DEBUG c.g.d.z.s.o.a.h.c.h.i.c.InternalHttpClient - ep-000000C8: releasing valid endpoint
2024-07-24 14:30:41.799 [Test worker] DEBUG c.g.d.z.s.o.a.h.c.h.i.i.PoolingHttpClientConnectionManager - ep-000000C8: releasing endpoint
2024-07-24 14:30:41.799 [Test worker] DEBUG c.g.d.z.s.o.a.h.c.h.i.i.PoolingHttpClientConnectionManager - ep-000000C8: connection http-outgoing-18 can be kept alive for 3 MINUTES
2024-07-24 14:30:41.799 [Test worker] DEBUG c.g.d.z.s.o.a.h.c.h.i.i.PoolingHttpClientConnectionManager - ep-000000C8: connection released [route: {}->npipe://localhost:2375][total available: 1; route allocated: 1 of 2147483647; total allocated: 1 of 2147483647]
2024-07-24 14:30:41.799 [Test worker] TRACE o.t.s.c.g.d.c.e.LogContainerCmdExec - GET: DefaultWebTarget{path=[/containers/7c9a29c4879ab957d8fc1965a67b4eae934f2b817dd9d4ff072501431c5d46bf/logs], queryParams={stdout=[true], stderr=[true], follow=[true], since=[0]}}
2024-07-24 14:30:41.801 [docker-java-stream-637135478] DEBUG c.g.d.z.s.o.a.h.c.h.i.c.InternalHttpClient - ex-000000CA: preparing request execution
2024-07-24 14:30:41.801 [docker-java-stream-637135478] DEBUG c.g.d.z.s.o.a.h.c.h.p.RequestAddCookies - Cookie spec selected: strict
2024-07-24 14:30:41.801 [docker-java-stream-637135478] DEBUG c.g.d.z.s.o.a.h.c.h.p.RequestAuthCache - Auth cache not set in the context
2024-07-24 14:30:41.801 [docker-java-stream-637135478] DEBUG c.g.d.z.s.o.a.h.c.h.i.c.ProtocolExec - ex-000000CA: target auth state: UNCHALLENGED
2024-07-24 14:30:41.801 [docker-java-stream-637135478] DEBUG c.g.d.z.s.o.a.h.c.h.i.c.ProtocolExec - ex-000000CA: proxy auth state: UNCHALLENGED
2024-07-24 14:30:41.801 [docker-java-stream-637135478] DEBUG c.g.d.z.s.o.a.h.c.h.i.c.ConnectExec - ex-000000CA: acquiring connection with route {}->npipe://localhost:2375
2024-07-24 14:30:41.801 [docker-java-stream-637135478] DEBUG c.g.d.z.s.o.a.h.c.h.i.c.InternalHttpClient - ex-000000CA: acquiring endpoint (3 MINUTES)
2024-07-24 14:30:41.802 [docker-java-stream-637135478] DEBUG c.g.d.z.s.o.a.h.c.h.i.i.PoolingHttpClientConnectionManager - ex-000000CA: endpoint lease request (3 MINUTES) [route: {}->npipe://localhost:2375][total available: 1; route allocated: 1 of 2147483647; total allocated: 1 of 2147483647]
2024-07-24 14:30:41.802 [docker-java-stream-637135478] DEBUG c.g.d.z.s.o.a.h.c.h.i.i.PoolingHttpClientConnectionManager - ex-000000CA: endpoint leased [route: {}->npipe://localhost:2375][total available: 0; route allocated: 1 of 2147483647; total allocated: 1 of 2147483647]
2024-07-24 14:30:41.802 [docker-java-stream-637135478] DEBUG c.g.d.z.s.o.a.h.c.h.i.i.PoolingHttpClientConnectionManager - ex-000000CA: acquired ep-000000C9
2024-07-24 14:30:41.802 [docker-java-stream-637135478] DEBUG c.g.d.z.s.o.a.h.c.h.i.c.InternalHttpClient - ex-000000CA: acquired endpoint ep-000000C9
2024-07-24 14:30:41.802 [docker-java-stream-637135478] DEBUG c.g.d.z.s.o.a.h.c.h.i.c.MainClientExec - ex-000000CA: executing GET /v1.32/containers/7c9a29c4879ab957d8fc1965a67b4eae934f2b817dd9d4ff072501431c5d46bf/logs?stdout=true&stderr=true&follow=true&since=0 HTTP/1.1
2024-07-24 14:30:41.802 [docker-java-stream-637135478] DEBUG c.g.d.z.s.o.a.h.c.h.i.c.InternalHttpClient - ep-000000C9: start execution ex-000000CA
2024-07-24 14:30:41.802 [docker-java-stream-637135478] DEBUG c.g.d.z.s.o.a.h.c.h.i.i.PoolingHttpClientConnectionManager - ep-000000C9: executing exchange ex-000000CA over http-outgoing-18
2024-07-24 14:30:41.802 [docker-java-stream-637135478] DEBUG c.g.d.z.s.o.a.h.client5.http.headers - http-outgoing-18 >> GET /v1.32/containers/7c9a29c4879ab957d8fc1965a67b4eae934f2b817dd9d4ff072501431c5d46bf/logs?stdout=true&stderr=true&follow=true&since=0 HTTP/1.1
2024-07-24 14:30:41.802 [docker-java-stream-637135478] DEBUG c.g.d.z.s.o.a.h.client5.http.headers - http-outgoing-18 >> x-tc-sid: 280e6229-7396-4d60-b1e3-a5de48b5d49b
2024-07-24 14:30:41.802 [docker-java-stream-637135478] DEBUG c.g.d.z.s.o.a.h.client5.http.headers - http-outgoing-18 >> User-Agent: tc-java/1.19.8
2024-07-24 14:30:41.802 [docker-java-stream-637135478] DEBUG c.g.d.z.s.o.a.h.client5.http.headers - http-outgoing-18 >> Accept-Encoding: gzip, x-gzip, deflate
2024-07-24 14:30:41.802 [docker-java-stream-637135478] DEBUG c.g.d.z.s.o.a.h.client5.http.headers - http-outgoing-18 >> Host: localhost:2375
2024-07-24 14:30:41.802 [docker-java-stream-637135478] DEBUG c.g.d.z.s.o.a.h.client5.http.headers - http-outgoing-18 >> Connection: keep-alive
2024-07-24 14:30:41.802 [docker-java-stream-637135478] DEBUG c.g.d.z.s.o.a.hc.client5.http.wire - http-outgoing-18 >> "GET /v1.32/containers/7c9a29c4879ab957d8fc1965a67b4eae934f2b817dd9d4ff072501431c5d46bf/logs?stdout=true&stderr=true&follow=true&since=0 HTTP/1.1[\r][\n]"
2024-07-24 14:30:41.802 [docker-java-stream-637135478] DEBUG c.g.d.z.s.o.a.hc.client5.http.wire - http-outgoing-18 >> "x-tc-sid: 280e6229-7396-4d60-b1e3-a5de48b5d49b[\r][\n]"
2024-07-24 14:30:41.802 [docker-java-stream-637135478] DEBUG c.g.d.z.s.o.a.hc.client5.http.wire - http-outgoing-18 >> "User-Agent: tc-java/1.19.8[\r][\n]"
2024-07-24 14:30:41.802 [docker-java-stream-637135478] DEBUG c.g.d.z.s.o.a.hc.client5.http.wire - http-outgoing-18 >> "Accept-Encoding: gzip, x-gzip, deflate[\r][\n]"
2024-07-24 14:30:41.802 [docker-java-stream-637135478] DEBUG c.g.d.z.s.o.a.hc.client5.http.wire - http-outgoing-18 >> "Host: localhost:2375[\r][\n]"
2024-07-24 14:30:41.802 [docker-java-stream-637135478] DEBUG c.g.d.z.s.o.a.hc.client5.http.wire - http-outgoing-18 >> "Connection: keep-alive[\r][\n]"
2024-07-24 14:30:41.802 [docker-java-stream-637135478] DEBUG c.g.d.z.s.o.a.hc.client5.http.wire - http-outgoing-18 >> "[\r][\n]"
2024-07-24 14:30:41.806 [docker-java-stream-637135478] DEBUG c.g.d.z.s.o.a.hc.client5.http.wire - http-outgoing-18 << "HTTP/1.1 200 OK[\r][\n]"
2024-07-24 14:30:41.806 [docker-java-stream-637135478] DEBUG c.g.d.z.s.o.a.hc.client5.http.wire - http-outgoing-18 << "Api-Version: 1.45[\r][\n]"
2024-07-24 14:30:41.806 [docker-java-stream-637135478] DEBUG c.g.d.z.s.o.a.hc.client5.http.wire - http-outgoing-18 << "Content-Type: application/vnd.docker.raw-stream[\r][\n]"
2024-07-24 14:30:41.806 [docker-java-stream-637135478] DEBUG c.g.d.z.s.o.a.hc.client5.http.wire - http-outgoing-18 << "Date: Wed, 24 Jul 2024 02:30:41 GMT[\r][\n]"
2024-07-24 14:30:41.806 [docker-java-stream-637135478] DEBUG c.g.d.z.s.o.a.hc.client5.http.wire - http-outgoing-18 << "Docker-Experimental: false[\r][\n]"
2024-07-24 14:30:41.806 [docker-java-stream-637135478] DEBUG c.g.d.z.s.o.a.hc.client5.http.wire - http-outgoing-18 << "Ostype: linux[\r][\n]"
2024-07-24 14:30:41.806 [docker-java-stream-637135478] DEBUG c.g.d.z.s.o.a.hc.client5.http.wire - http-outgoing-18 << "Server: Docker/26.0.0 (linux)[\r][\n]"
2024-07-24 14:30:41.806 [docker-java-stream-637135478] DEBUG c.g.d.z.s.o.a.hc.client5.http.wire - http-outgoing-18 << "Transfer-Encoding: chunked[\r][\n]"
2024-07-24 14:30:41.806 [docker-java-stream-637135478] DEBUG c.g.d.z.s.o.a.hc.client5.http.wire - http-outgoing-18 << "[\r][\n]"
2024-07-24 14:30:41.806 [docker-java-stream-637135478] DEBUG c.g.d.z.s.o.a.h.client5.http.headers - http-outgoing-18 << HTTP/1.1 200 OK
2024-07-24 14:30:41.806 [docker-java-stream-637135478] DEBUG c.g.d.z.s.o.a.h.client5.http.headers - http-outgoing-18 << Api-Version: 1.45
2024-07-24 14:30:41.806 [docker-java-stream-637135478] DEBUG c.g.d.z.s.o.a.h.client5.http.headers - http-outgoing-18 << Content-Type: application/vnd.docker.raw-stream
2024-07-24 14:30:41.806 [docker-java-stream-637135478] DEBUG c.g.d.z.s.o.a.h.client5.http.headers - http-outgoing-18 << Date: Wed, 24 Jul 2024 02:30:41 GMT
2024-07-24 14:30:41.806 [docker-java-stream-637135478] DEBUG c.g.d.z.s.o.a.h.client5.http.headers - http-outgoing-18 << Docker-Experimental: false
2024-07-24 14:30:41.806 [docker-java-stream-637135478] DEBUG c.g.d.z.s.o.a.h.client5.http.headers - http-outgoing-18 << Ostype: linux
2024-07-24 14:30:41.806 [docker-java-stream-637135478] DEBUG c.g.d.z.s.o.a.h.client5.http.headers - http-outgoing-18 << Server: Docker/26.0.0 (linux)
2024-07-24 14:30:41.806 [docker-java-stream-637135478] DEBUG c.g.d.z.s.o.a.h.client5.http.headers - http-outgoing-18 << Transfer-Encoding: chunked
2024-07-24 14:30:41.806 [docker-java-stream-637135478] DEBUG c.g.d.z.s.o.a.h.c.h.i.c.MainClientExec - ex-000000CA: connection can be kept alive for 3 MINUTES
2024-07-24 14:30:41.814 [docker-java-stream-637135478] DEBUG c.g.d.z.s.o.a.hc.client5.http.wire - http-outgoing-18 << "1fd[\r][\n]"
2024-07-24 14:30:41.814 [docker-java-stream-637135478] DEBUG c.g.d.z.s.o.a.hc.client5.http.wire - http-outgoing-18 << "[0x1][0x0][0x0][0x0][0x0][0x0][0x0]NThe files belonging to this database system will be owned by user "postgres".[\n]"
2024-07-24 14:30:41.814 [docker-java-stream-637135478] DEBUG c.g.d.z.s.o.a.hc.client5.http.wire - http-outgoing-18 << "[0x1][0x0][0x0][0x0][0x0][0x0][0x0],This user must also own the server process.[\n]"
2024-07-24 14:30:41.814 [docker-java-stream-637135478] DEBUG c.g.d.z.s.o.a.hc.client5.http.wire - http-outgoing-18 << "[0x1][0x0][0x0][0x0][0x0][0x0][0x0][0x1][\n]"
2024-07-24 14:30:41.814 [docker-java-stream-637135478] DEBUG c.g.d.z.s.o.a.hc.client5.http.wire - http-outgoing-18 << "[0x1][0x0][0x0][0x0][0x0][0x0][0x0]CThe database cluster will be initialized with locale "en_US.utf8".[\n]"
2024-07-24 14:30:41.814 [docker-java-stream-637135478] DEBUG c.g.d.z.s.o.a.hc.client5.http.wire - http-outgoing-18 << "[0x1][0x0][0x0][0x0][0x0][0x0][0x0]BThe default database encoding has accordingly been set to "UTF8".[\n]"
2024-07-24 14:30:41.814 [docker-java-stream-637135478] DEBUG c.g.d.z.s.o.a.hc.client5.http.wire - http-outgoing-18 << "[0x1][0x0][0x0][0x0][0x0][0x0][0x0]@The default text search configuration will be set to "english".[\n]"
2024-07-24 14:30:41.814 [docker-java-stream-637135478] DEBUG c.g.d.z.s.o.a.hc.client5.http.wire - http-outgoing-18 << "[0x1][0x0][0x0][0x0][0x0][0x0][0x0][0x1][\n]"
2024-07-24 14:30:41.814 [docker-java-stream-637135478] DEBUG c.g.d.z.s.o.a.hc.client5.http.wire - http-outgoing-18 << "[0x1][0x0][0x0][0x0][0x0][0x0][0x0]"Data page checksums are disabled.[\n]"
2024-07-24 14:30:41.814 [docker-java-stream-637135478] DEBUG c.g.d.z.s.o.a.hc.client5.http.wire - http-outgoing-18 << "[0x1][0x0][0x0][0x0][0x0][0x0][0x0][0x1][\n]"
2024-07-24 14:30:41.814 [docker-java-stream-637135478] DEBUG c.g.d.z.s.o.a.hc.client5.http.wire - http-outgoing-18 << "[0x1][0x0][0x0][0x0][0x0][0x0][0x0]Ifixing permissions on existing directory /var/lib/postgresql/data ... ok[\n]"
2024-07-24 14:30:41.814 [docker-java-stream-637135478] DEBUG c.g.d.z.s.o.a.hc.client5.http.wire - http-outgoing-18 << "[\r][\n]"
2024-07-24 14:30:41.814 [Test worker] DEBUG o.t.c.output.WaitingConsumer - STDOUT: The database cluster will be initialized with locale "en_US.utf8".
2024-07-24 14:30:41.814 [Test worker] DEBUG o.t.c.output.WaitingConsumer - STDOUT: fixing permissions on existing directory /var/lib/postgresql/data ... ok
2024-07-24 14:30:41.814 [Test worker] DEBUG o.t.c.output.WaitingConsumer - STDOUT: 
2024-07-24 14:30:41.814 [Test worker] DEBUG o.t.c.output.WaitingConsumer - STDOUT: Data page checksums are disabled.
2024-07-24 14:30:41.814 [Test worker] DEBUG o.t.c.output.WaitingConsumer - STDOUT: 
2024-07-24 14:30:41.814 [Test worker] DEBUG o.t.c.output.WaitingConsumer - STDOUT: The default text search configuration will be set to "english".
2024-07-24 14:30:41.814 [Test worker] DEBUG o.t.c.output.WaitingConsumer - STDOUT: The default database encoding has accordingly been set to "UTF8".
2024-07-24 14:30:41.814 [Test worker] DEBUG o.t.c.output.WaitingConsumer - STDOUT: 
2024-07-24 14:30:41.814 [Test worker] DEBUG o.t.c.output.WaitingConsumer - STDOUT: This user must also own the server process.
2024-07-24 14:30:41.814 [Test worker] DEBUG o.t.c.output.WaitingConsumer - STDOUT: The files belonging to this database system will be owned by user "postgres".
2024-07-24 14:30:41.818 [docker-java-stream-637135478] DEBUG c.g.d.z.s.o.a.hc.client5.http.wire - http-outgoing-18 << "68[\r][\n]"
2024-07-24 14:30:41.818 [docker-java-stream-637135478] DEBUG c.g.d.z.s.o.a.hc.client5.http.wire - http-outgoing-18 << "[0x1][0x0][0x0][0x0][0x0][0x0][0x0][0x1f]creating subdirectories ... ok[\n]"
2024-07-24 14:30:41.818 [docker-java-stream-637135478] DEBUG c.g.d.z.s.o.a.hc.client5.http.wire - http-outgoing-18 << "[0x1][0x0][0x0][0x0][0x0][0x0][0x0]9selecting dynamic shared memory implementation ... posix[\n]"
2024-07-24 14:30:41.818 [docker-java-stream-637135478] DEBUG c.g.d.z.s.o.a.hc.client5.http.wire - http-outgoing-18 << "[\r][\n]"
2024-07-24 14:30:41.836 [Test worker] DEBUG o.t.c.output.WaitingConsumer - STDOUT: selecting dynamic shared memory implementation ... posix
2024-07-24 14:30:41.836 [Test worker] DEBUG o.t.c.output.WaitingConsumer - STDOUT: creating subdirectories ... ok
2024-07-24 14:30:41.836 [docker-java-stream-637135478] DEBUG c.g.d.z.s.o.a.hc.client5.http.wire - http-outgoing-18 << "32[\r][\n]"
2024-07-24 14:30:41.836 [docker-java-stream-637135478] DEBUG c.g.d.z.s.o.a.hc.client5.http.wire - http-outgoing-18 << "[0x1][0x0][0x0][0x0][0x0][0x0][0x0]*selecting default max_connections ... 100[\n]"
2024-07-24 14:30:41.836 [docker-java-stream-637135478] DEBUG c.g.d.z.s.o.a.hc.client5.http.wire - http-outgoing-18 << "[\r][\n]"
2024-07-24 14:30:41.851 [Test worker] DEBUG o.t.c.output.WaitingConsumer - STDOUT: selecting default max_connections ... 100
2024-07-24 14:30:41.861 [docker-java-stream-637135478] DEBUG c.g.d.z.s.o.a.hc.client5.http.wire - http-outgoing-18 << "33[\r][\n]"
2024-07-24 14:30:41.861 [docker-java-stream-637135478] DEBUG c.g.d.z.s.o.a.hc.client5.http.wire - http-outgoing-18 << "[0x1][0x0][0x0][0x0][0x0][0x0][0x0]+selecting default shared_buffers ... 128MB[\n]"
2024-07-24 14:30:41.861 [docker-java-stream-637135478] DEBUG c.g.d.z.s.o.a.hc.client5.http.wire - http-outgoing-18 << "[\r][\n]"
2024-07-24 14:30:41.866 [Test worker] DEBUG o.t.c.output.WaitingConsumer - STDOUT: selecting default shared_buffers ... 128MB
2024-07-24 14:30:41.881 [docker-java-stream-637135478] DEBUG c.g.d.z.s.o.a.hc.client5.http.wire - http-outgoing-18 << "30[\r][\n]"
2024-07-24 14:30:41.881 [docker-java-stream-637135478] DEBUG c.g.d.z.s.o.a.hc.client5.http.wire - http-outgoing-18 << "[0x1][0x0][0x0][0x0][0x0][0x0][0x0](selecting default time zone ... Etc/UTC[\n]"
2024-07-24 14:30:41.881 [docker-java-stream-637135478] DEBUG c.g.d.z.s.o.a.hc.client5.http.wire - http-outgoing-18 << "[\r][\n]"
2024-07-24 14:30:41.881 [Test worker] DEBUG o.t.c.output.WaitingConsumer - STDOUT: selecting default time zone ... Etc/UTC
2024-07-24 14:30:41.881 [docker-java-stream-637135478] DEBUG c.g.d.z.s.o.a.hc.client5.http.wire - http-outgoing-18 << "2c[\r][\n]"
2024-07-24 14:30:41.881 [docker-java-stream-637135478] DEBUG c.g.d.z.s.o.a.hc.client5.http.wire - http-outgoing-18 << "[0x1][0x0][0x0][0x0][0x0][0x0][0x0]$creating configuration files ... ok[\n]"
2024-07-24 14:30:41.881 [docker-java-stream-637135478] DEBUG c.g.d.z.s.o.a.hc.client5.http.wire - http-outgoing-18 << "[\r][\n]"
2024-07-24 14:30:41.881 [Test worker] DEBUG o.t.c.output.WaitingConsumer - STDOUT: creating configuration files ... ok
2024-07-24 14:30:42.015 [docker-java-stream-637135478] DEBUG c.g.d.z.s.o.a.hc.client5.http.wire - http-outgoing-18 << "28[\r][\n]"
2024-07-24 14:30:42.016 [docker-java-stream-637135478] DEBUG c.g.d.z.s.o.a.hc.client5.http.wire - http-outgoing-18 << "[0x1][0x0][0x0][0x0][0x0][0x0][0x0] running bootstrap script ... ok[\n]"
2024-07-24 14:30:42.016 [docker-java-stream-637135478] DEBUG c.g.d.z.s.o.a.hc.client5.http.wire - http-outgoing-18 << "[\r][\n]"
2024-07-24 14:30:42.021 [Test worker] DEBUG o.t.c.output.WaitingConsumer - STDOUT: running bootstrap script ... ok
2024-07-24 14:30:42.341 [docker-java-stream-637135478] DEBUG c.g.d.z.s.o.a.hc.client5.http.wire - http-outgoing-18 << "38[\r][\n]"
2024-07-24 14:30:42.341 [docker-java-stream-637135478] DEBUG c.g.d.z.s.o.a.hc.client5.http.wire - http-outgoing-18 << "[0x1][0x0][0x0][0x0][0x0][0x0][0x0]0performing post-bootstrap initialization ... ok[\n]"
2024-07-24 14:30:42.341 [docker-java-stream-637135478] DEBUG c.g.d.z.s.o.a.hc.client5.http.wire - http-outgoing-18 << "[\r][\n]"
2024-07-24 14:30:42.341 [Test worker] DEBUG o.t.c.output.WaitingConsumer - STDOUT: performing post-bootstrap initialization ... ok
2024-07-24 14:30:42.736 [docker-java-stream-637135478] DEBUG c.g.d.z.s.o.a.hc.client5.http.wire - http-outgoing-18 << "1ad[\r][\n]"
2024-07-24 14:30:42.736 [docker-java-stream-637135478] DEBUG c.g.d.z.s.o.a.hc.client5.http.wire - http-outgoing-18 << "[0x1][0x0][0x0][0x0][0x0][0x0][0x0][0x1c]syncing data to disk ... ok[\n]"
2024-07-24 14:30:42.736 [docker-java-stream-637135478] DEBUG c.g.d.z.s.o.a.hc.client5.http.wire - http-outgoing-18 << "[0x1][0x0][0x0][0x0][0x0][0x0][0x0][0x1][\n]"
2024-07-24 14:30:42.736 [docker-java-stream-637135478] DEBUG c.g.d.z.s.o.a.hc.client5.http.wire - http-outgoing-18 << "[0x1][0x0][0x0][0x0][0x0][0x0][0x0][0x1][\n]"
2024-07-24 14:30:42.736 [docker-java-stream-637135478] DEBUG c.g.d.z.s.o.a.hc.client5.http.wire - http-outgoing-18 << "[0x1][0x0][0x0][0x0][0x0][0x0][0x0]6Success. You can now start the database server using:[\n]"
2024-07-24 14:30:42.736 [docker-java-stream-637135478] DEBUG c.g.d.z.s.o.a.hc.client5.http.wire - http-outgoing-18 << "[0x1][0x0][0x0][0x0][0x0][0x0][0x0][0x1][\n]"
2024-07-24 14:30:42.736 [docker-java-stream-637135478] DEBUG c.g.d.z.s.o.a.hc.client5.http.wire - http-outgoing-18 << "[0x1][0x0][0x0][0x0][0x0][0x0][0x0]8    pg_ctl -D /var/lib/postgresql/data -l logfile start[\n]"
2024-07-24 14:30:42.736 [docker-java-stream-637135478] DEBUG c.g.d.z.s.o.a.hc.client5.http.wire - http-outgoing-18 << "[0x1][0x0][0x0][0x0][0x0][0x0][0x0][0x1][\n]"
2024-07-24 14:30:42.736 [docker-java-stream-637135478] DEBUG c.g.d.z.s.o.a.hc.client5.http.wire - http-outgoing-18 << "[0x2][0x0][0x0][0x0][0x0][0x0][0x0]Ginitdb: warning: enabling "trust" authentication for local connections[\n]"
2024-07-24 14:30:42.736 [docker-java-stream-637135478] DEBUG c.g.d.z.s.o.a.hc.client5.http.wire - http-outgoing-18 << "[0x2][0x0][0x0][0x0][0x0][0x0][0x0][0xffffff90]initdb: hint: You can change this by editing pg_hba.conf or using the option -A, or --auth-local and --auth-host, the next time you run initdb.[\n]"
2024-07-24 14:30:42.736 [docker-java-stream-637135478] DEBUG c.g.d.z.s.o.a.hc.client5.http.wire - http-outgoing-18 << "[\r][\n]"
2024-07-24 14:30:42.739 [Test worker] DEBUG o.t.c.output.WaitingConsumer - STDERR: initdb: hint: You can change this by editing pg_hba.conf or using the option -A, or --auth-local and --auth-host, the next time you run initdb.
2024-07-24 14:30:42.739 [Test worker] DEBUG o.t.c.output.WaitingConsumer - STDERR: initdb: warning: enabling "trust" authentication for local connections
2024-07-24 14:30:42.739 [Test worker] DEBUG o.t.c.output.WaitingConsumer - STDOUT: 
2024-07-24 14:30:42.739 [Test worker] DEBUG o.t.c.output.WaitingConsumer - STDOUT:     pg_ctl -D /var/lib/postgresql/data -l logfile start
2024-07-24 14:30:42.739 [Test worker] DEBUG o.t.c.output.WaitingConsumer - STDOUT: 
2024-07-24 14:30:42.739 [Test worker] DEBUG o.t.c.output.WaitingConsumer - STDOUT: Success. You can now start the database server using:
2024-07-24 14:30:42.739 [Test worker] DEBUG o.t.c.output.WaitingConsumer - STDOUT: 
2024-07-24 14:30:42.739 [Test worker] DEBUG o.t.c.output.WaitingConsumer - STDOUT: 
2024-07-24 14:30:42.739 [Test worker] DEBUG o.t.c.output.WaitingConsumer - STDOUT: syncing data to disk ... ok
2024-07-24 14:30:42.783 [docker-java-stream-637135478] DEBUG c.g.d.z.s.o.a.hc.client5.http.wire - http-outgoing-18 << "137[\r][\n]"
2024-07-24 14:30:42.783 [docker-java-stream-637135478] DEBUG c.g.d.z.s.o.a.hc.client5.http.wire - http-outgoing-18 << "[0x1][0x0][0x0][0x0][0x0][0x0][0x0][0xffffffc3]waiting for server to start....2024-07-24 02:30:42.783 UTC [48] LOG:  starting PostgreSQL 16.2 (Debian 16.2-1.pgdg120+2) on x86_64-pc-linux-gnu, compiled by gcc (Debian 12.2.0-14) 12.2.0, 64-bit[\n]"
2024-07-24 14:30:42.783 [docker-java-stream-637135478] DEBUG c.g.d.z.s.o.a.hc.client5.http.wire - http-outgoing-18 << "[0x1][0x0][0x0][0x0][0x0][0x0][0x0]d2024-07-24 02:30:42.783 UTC [48] LOG:  listening on Unix socket "/var/run/postgresql/.s.PGSQL.5432"[\n]"
2024-07-24 14:30:42.783 [docker-java-stream-637135478] DEBUG c.g.d.z.s.o.a.hc.client5.http.wire - http-outgoing-18 << "[\r][\n]"
2024-07-24 14:30:42.784 [Test worker] DEBUG o.t.c.output.WaitingConsumer - STDOUT: 2024-07-24 02:30:42.783 UTC [48] LOG:  listening on Unix socket "/var/run/postgresql/.s.PGSQL.5432"
2024-07-24 14:30:42.784 [Test worker] DEBUG o.t.c.output.WaitingConsumer - STDOUT: waiting for server to start....2024-07-24 02:30:42.783 UTC [48] LOG:  starting PostgreSQL 16.2 (Debian 16.2-1.pgdg120+2) on x86_64-pc-linux-gnu, compiled by gcc (Debian 12.2.0-14) 12.2.0, 64-bit
2024-07-24 14:30:42.786 [docker-java-stream-637135478] DEBUG c.g.d.z.s.o.a.hc.client5.http.wire - http-outgoing-18 << "68[\r][\n]"
2024-07-24 14:30:42.786 [docker-java-stream-637135478] DEBUG c.g.d.z.s.o.a.hc.client5.http.wire - http-outgoing-18 << "[0x1][0x0][0x0][0x0][0x0][0x0][0x0]`2024-07-24 02:30:42.785 UTC [51] LOG:  database system was shut down at 2024-07-24 02:30:42 UTC[\n]"
2024-07-24 14:30:42.786 [docker-java-stream-637135478] DEBUG c.g.d.z.s.o.a.hc.client5.http.wire - http-outgoing-18 << "[\r][\n]"
2024-07-24 14:30:42.791 [docker-java-stream-637135478] DEBUG c.g.d.z.s.o.a.hc.client5.http.wire - http-outgoing-18 << "5e[\r][\n]"
2024-07-24 14:30:42.791 [docker-java-stream-637135478] DEBUG c.g.d.z.s.o.a.hc.client5.http.wire - http-outgoing-18 << "[0x1][0x0][0x0][0x0][0x0][0x0][0x0]V2024-07-24 02:30:42.790 UTC [48] LOG:  database system is ready to accept connections[\n]"
2024-07-24 14:30:42.791 [docker-java-stream-637135478] DEBUG c.g.d.z.s.o.a.hc.client5.http.wire - http-outgoing-18 << "[\r][\n]"
2024-07-24 14:30:42.800 [Test worker] DEBUG o.t.c.output.WaitingConsumer - STDOUT: 2024-07-24 02:30:42.790 UTC [48] LOG:  database system is ready to accept connections
2024-07-24 14:30:42.800 [Test worker] DEBUG o.t.c.output.WaitingConsumer - STDOUT: 2024-07-24 02:30:42.785 UTC [51] LOG:  database system was shut down at 2024-07-24 02:30:42 UTC
2024-07-24 14:30:42.863 [docker-java-stream-637135478] DEBUG c.g.d.z.s.o.a.hc.client5.http.wire - http-outgoing-18 << "25[\r][\n]"
2024-07-24 14:30:42.863 [docker-java-stream-637135478] DEBUG c.g.d.z.s.o.a.hc.client5.http.wire - http-outgoing-18 << "[0x1][0x0][0x0][0x0][0x0][0x0][0x0][0x6] done[\n]"
2024-07-24 14:30:42.863 [docker-java-stream-637135478] DEBUG c.g.d.z.s.o.a.hc.client5.http.wire - http-outgoing-18 << "[0x1][0x0][0x0][0x0][0x0][0x0][0x0][0xf]server started[\n]"
2024-07-24 14:30:42.863 [docker-java-stream-637135478] DEBUG c.g.d.z.s.o.a.hc.client5.http.wire - http-outgoing-18 << "[\r][\n]"
2024-07-24 14:30:42.863 [Test worker] DEBUG o.t.c.output.WaitingConsumer - STDOUT: server started
2024-07-24 14:30:42.863 [Test worker] DEBUG o.t.c.output.WaitingConsumer - STDOUT:  done
2024-07-24 14:30:42.960 [docker-java-stream-637135478] DEBUG c.g.d.z.s.o.a.hc.client5.http.wire - http-outgoing-18 << "18[\r][\n]"
2024-07-24 14:30:42.960 [docker-java-stream-637135478] DEBUG c.g.d.z.s.o.a.hc.client5.http.wire - http-outgoing-18 << "[0x1][0x0][0x0][0x0][0x0][0x0][0x0][0x10]CREATE DATABASE[\n]"
2024-07-24 14:30:42.960 [docker-java-stream-637135478] DEBUG c.g.d.z.s.o.a.hc.client5.http.wire - http-outgoing-18 << "[\r][\n]"
2024-07-24 14:30:42.960 [Test worker] DEBUG o.t.c.output.WaitingConsumer - STDOUT: CREATE DATABASE
2024-07-24 14:30:42.962 [docker-java-stream-637135478] DEBUG c.g.d.z.s.o.a.hc.client5.http.wire - http-outgoing-18 << "6f[\r][\n]"
2024-07-24 14:30:42.962 [docker-java-stream-637135478] DEBUG c.g.d.z.s.o.a.hc.client5.http.wire - http-outgoing-18 << "[0x1][0x0][0x0][0x0][0x0][0x0][0x0][0x1][\n]"
2024-07-24 14:30:42.962 [docker-java-stream-637135478] DEBUG c.g.d.z.s.o.a.hc.client5.http.wire - http-outgoing-18 << "[0x1][0x0][0x0][0x0][0x0][0x0][0x0][0x1][\n]"
2024-07-24 14:30:42.962 [docker-java-stream-637135478] DEBUG c.g.d.z.s.o.a.hc.client5.http.wire - http-outgoing-18 << "[0x1][0x0][0x0][0x0][0x0][0x0][0x0]L/usr/local/bin/docker-entrypoint.sh: ignoring /docker-entrypoint-initdb.d/*[\n]"
2024-07-24 14:30:42.962 [docker-java-stream-637135478] DEBUG c.g.d.z.s.o.a.hc.client5.http.wire - http-outgoing-18 << "[0x1][0x0][0x0][0x0][0x0][0x0][0x0][0x1][\n]"
2024-07-24 14:30:42.962 [docker-java-stream-637135478] DEBUG c.g.d.z.s.o.a.hc.client5.http.wire - http-outgoing-18 << "[\r][\n]"
2024-07-24 14:30:42.963 [docker-java-stream-637135478] DEBUG c.g.d.z.s.o.a.hc.client5.http.wire - http-outgoing-18 << "c0[\r][\n]"
2024-07-24 14:30:42.963 [docker-java-stream-637135478] DEBUG c.g.d.z.s.o.a.hc.client5.http.wire - http-outgoing-18 << "[0x1][0x0][0x0][0x0][0x0][0x0][0x0]hwaiting for server to shut down...2024-07-24 02:30:42.963 UTC [48] LOG:  received fast shutdown request[\n]"
2024-07-24 14:30:42.963 [docker-java-stream-637135478] DEBUG c.g.d.z.s.o.a.hc.client5.http.wire - http-outgoing-18 << "[0x1][0x0][0x0][0x0][0x0][0x0][0x0]H2024-07-24 02:30:42.963 UTC [48] LOG:  aborting any active transactions[\n]"
2024-07-24 14:30:42.963 [docker-java-stream-637135478] DEBUG c.g.d.z.s.o.a.hc.client5.http.wire - http-outgoing-18 << "[\r][\n]"
2024-07-24 14:30:42.965 [docker-java-stream-637135478] DEBUG c.g.d.z.s.o.a.hc.client5.http.wire - http-outgoing-18 << "116[\r][\n]"
2024-07-24 14:30:42.965 [docker-java-stream-637135478] DEBUG c.g.d.z.s.o.a.hc.client5.http.wire - http-outgoing-18 << "[0x1][0x0][0x0][0x0][0x0][0x0][0x0]z.2024-07-24 02:30:42.965 UTC [48] LOG:  background worker "logical replication launcher" (PID 54) exited with exit code 1[\n]"
2024-07-24 14:30:42.965 [docker-java-stream-637135478] DEBUG c.g.d.z.s.o.a.hc.client5.http.wire - http-outgoing-18 << "[0x1][0x0][0x0][0x0][0x0][0x0][0x0]52024-07-24 02:30:42.965 UTC [49] LOG:  shutting down[\n]"
2024-07-24 14:30:42.965 [docker-java-stream-637135478] DEBUG c.g.d.z.s.o.a.hc.client5.http.wire - http-outgoing-18 << "[0x1][0x0][0x0][0x0][0x0][0x0][0x0]O2024-07-24 02:30:42.965 UTC [49] LOG:  checkpoint starting: shutdown immediate[\n]"
2024-07-24 14:30:42.965 [docker-java-stream-637135478] DEBUG c.g.d.z.s.o.a.hc.client5.http.wire - http-outgoing-18 << "[\r][\n]"
2024-07-24 14:30:42.976 [docker-java-stream-637135478] DEBUG c.g.d.z.s.o.a.hc.client5.http.wire - http-outgoing-18 << "12c[\r][\n]"
2024-07-24 14:30:42.976 [docker-java-stream-637135478] DEBUG c.g.d.z.s.o.a.hc.client5.http.wire - http-outgoing-18 << "[0x1][0x0][0x0][0x0][0x0][0x0][0x1]$2024-07-24 02:30:42.976 UTC [49] LOG:  checkpoint complete: wrote 923 buffers (5.6%); 0 WAL file(s) added, 0 removed, 0 recycled; write=0.011 s, sync=0.001 s, total=0.011 s; sync files=0, longest=0.000 s, average=0.000 s; distance=4257 kB, estimate=4257 kB; lsn=0/1913068, redo lsn=0/1913068[\n]"
2024-07-24 14:30:42.976 [docker-java-stream-637135478] DEBUG c.g.d.z.s.o.a.hc.client5.http.wire - http-outgoing-18 << "[\r][\n]"
2024-07-24 14:30:42.983 [Test worker] DEBUG o.t.c.output.WaitingConsumer - STDOUT: 2024-07-24 02:30:42.976 UTC [49] LOG:  checkpoint complete: wrote 923 buffers (5.6%); 0 WAL file(s) added, 0 removed, 0 recycled; write=0.011 s, sync=0.001 s, total=0.011 s; sync files=0, longest=0.000 s, average=0.000 s; distance=4257 kB, estimate=4257 kB; lsn=0/1913068, redo lsn=0/1913068
2024-07-24 14:30:42.983 [Test worker] DEBUG o.t.c.output.WaitingConsumer - STDOUT: 2024-07-24 02:30:42.965 UTC [49] LOG:  checkpoint starting: shutdown immediate
2024-07-24 14:30:42.983 [Test worker] DEBUG o.t.c.output.WaitingConsumer - STDOUT: 2024-07-24 02:30:42.965 UTC [49] LOG:  shutting down
2024-07-24 14:30:42.983 [Test worker] DEBUG o.t.c.output.WaitingConsumer - STDOUT: .2024-07-24 02:30:42.965 UTC [48] LOG:  background worker "logical replication launcher" (PID 54) exited with exit code 1
2024-07-24 14:30:42.983 [Test worker] DEBUG o.t.c.output.WaitingConsumer - STDOUT: 2024-07-24 02:30:42.963 UTC [48] LOG:  aborting any active transactions
2024-07-24 14:30:42.983 [Test worker] DEBUG o.t.c.output.WaitingConsumer - STDOUT: waiting for server to shut down...2024-07-24 02:30:42.963 UTC [48] LOG:  received fast shutdown request
2024-07-24 14:30:42.983 [Test worker] DEBUG o.t.c.output.WaitingConsumer - STDOUT: 
2024-07-24 14:30:42.983 [Test worker] DEBUG o.t.c.output.WaitingConsumer - STDOUT: /usr/local/bin/docker-entrypoint.sh: ignoring /docker-entrypoint-initdb.d/*
2024-07-24 14:30:42.983 [Test worker] DEBUG o.t.c.output.WaitingConsumer - STDOUT: 
2024-07-24 14:30:42.983 [Test worker] DEBUG o.t.c.output.WaitingConsumer - STDOUT: 
2024-07-24 14:30:42.985 [docker-java-stream-637135478] DEBUG c.g.d.z.s.o.a.hc.client5.http.wire - http-outgoing-18 << "4c[\r][\n]"
2024-07-24 14:30:42.985 [docker-java-stream-637135478] DEBUG c.g.d.z.s.o.a.hc.client5.http.wire - http-outgoing-18 << "[0x1][0x0][0x0][0x0][0x0][0x0][0x0]D2024-07-24 02:30:42.985 UTC [48] LOG:  database system is shut down[\n]"
2024-07-24 14:30:42.985 [docker-java-stream-637135478] DEBUG c.g.d.z.s.o.a.hc.client5.http.wire - http-outgoing-18 << "[\r][\n]"
2024-07-24 14:30:42.999 [Test worker] DEBUG o.t.c.output.WaitingConsumer - STDOUT: 2024-07-24 02:30:42.985 UTC [48] LOG:  database system is shut down
2024-07-24 14:30:43.063 [docker-java-stream-637135478] DEBUG c.g.d.z.s.o.a.hc.client5.http.wire - http-outgoing-18 << "25[\r][\n]"
2024-07-24 14:30:43.063 [docker-java-stream-637135478] DEBUG c.g.d.z.s.o.a.hc.client5.http.wire - http-outgoing-18 << "[0x1][0x0][0x0][0x0][0x0][0x0][0x0][0x6] done[\n]"
2024-07-24 14:30:43.063 [docker-java-stream-637135478] DEBUG c.g.d.z.s.o.a.hc.client5.http.wire - http-outgoing-18 << "[0x1][0x0][0x0][0x0][0x0][0x0][0x0][0xf]server stopped[\n]"
2024-07-24 14:30:43.063 [docker-java-stream-637135478] DEBUG c.g.d.z.s.o.a.hc.client5.http.wire - http-outgoing-18 << "[\r][\n]"
2024-07-24 14:30:43.063 [Test worker] DEBUG o.t.c.output.WaitingConsumer - STDOUT: server stopped
2024-07-24 14:30:43.063 [Test worker] DEBUG o.t.c.output.WaitingConsumer - STDOUT:  done
2024-07-24 14:30:43.065 [docker-java-stream-637135478] DEBUG c.g.d.z.s.o.a.hc.client5.http.wire - http-outgoing-18 << "50[\r][\n]"
2024-07-24 14:30:43.065 [docker-java-stream-637135478] DEBUG c.g.d.z.s.o.a.hc.client5.http.wire - http-outgoing-18 << "[0x1][0x0][0x0][0x0][0x0][0x0][0x0][0x1][\n]"
2024-07-24 14:30:43.065 [docker-java-stream-637135478] DEBUG c.g.d.z.s.o.a.hc.client5.http.wire - http-outgoing-18 << "[0x1][0x0][0x0][0x0][0x0][0x0][0x0]6PostgreSQL init process complete; ready for start up.[\n]"
2024-07-24 14:30:43.065 [docker-java-stream-637135478] DEBUG c.g.d.z.s.o.a.hc.client5.http.wire - http-outgoing-18 << "[0x1][0x0][0x0][0x0][0x0][0x0][0x0][0x1][\n]"
2024-07-24 14:30:43.065 [docker-java-stream-637135478] DEBUG c.g.d.z.s.o.a.hc.client5.http.wire - http-outgoing-18 << "[\r][\n]"
2024-07-24 14:30:43.077 [Test worker] DEBUG o.t.c.output.WaitingConsumer - STDOUT: 
2024-07-24 14:30:43.077 [Test worker] DEBUG o.t.c.output.WaitingConsumer - STDOUT: PostgreSQL init process complete; ready for start up.
2024-07-24 14:30:43.077 [Test worker] DEBUG o.t.c.output.WaitingConsumer - STDOUT: 
2024-07-24 14:30:43.082 [docker-java-stream-637135478] DEBUG c.g.d.z.s.o.a.hc.client5.http.wire - http-outgoing-18 << "ab[\r][\n]"
2024-07-24 14:30:43.082 [docker-java-stream-637135478] DEBUG c.g.d.z.s.o.a.hc.client5.http.wire - http-outgoing-18 << "[0x2][0x0][0x0][0x0][0x0][0x0][0x0][0xffffffa3]2024-07-24 02:30:43.082 UTC [1] LOG:  starting PostgreSQL 16.2 (Debian 16.2-1.pgdg120+2) on x86_64-pc-linux-gnu, compiled by gcc (Debian 12.2.0-14) 12.2.0, 64-bit[\n]"
2024-07-24 14:30:43.082 [docker-java-stream-637135478] DEBUG c.g.d.z.s.o.a.hc.client5.http.wire - http-outgoing-18 << "[\r][\n]"
2024-07-24 14:30:43.082 [docker-java-stream-637135478] DEBUG c.g.d.z.s.o.a.hc.client5.http.wire - http-outgoing-18 << "120[\r][\n]"
2024-07-24 14:30:43.082 [docker-java-stream-637135478] DEBUG c.g.d.z.s.o.a.hc.client5.http.wire - http-outgoing-18 << "[0x2][0x0][0x0][0x0][0x0][0x0][0x0]U2024-07-24 02:30:43.082 UTC [1] LOG:  listening on IPv4 address "0.0.0.0", port 5432[\n]"
2024-07-24 14:30:43.082 [docker-java-stream-637135478] DEBUG c.g.d.z.s.o.a.hc.client5.http.wire - http-outgoing-18 << "[0x2][0x0][0x0][0x0][0x0][0x0][0x0]P2024-07-24 02:30:43.082 UTC [1] LOG:  listening on IPv6 address "::", port 5432[\n]"
2024-07-24 14:30:43.082 [docker-java-stream-637135478] DEBUG c.g.d.z.s.o.a.hc.client5.http.wire - http-outgoing-18 << "[0x2][0x0][0x0][0x0][0x0][0x0][0x0]c2024-07-24 02:30:43.082 UTC [1] LOG:  listening on Unix socket "/var/run/postgresql/.s.PGSQL.5432"[\n]"
2024-07-24 14:30:43.082 [docker-java-stream-637135478] DEBUG c.g.d.z.s.o.a.hc.client5.http.wire - http-outgoing-18 << "[\r][\n]"
2024-07-24 14:30:43.085 [docker-java-stream-637135478] DEBUG c.g.d.z.s.o.a.hc.client5.http.wire - http-outgoing-18 << "68[\r][\n]"
2024-07-24 14:30:43.085 [docker-java-stream-637135478] DEBUG c.g.d.z.s.o.a.hc.client5.http.wire - http-outgoing-18 << "[0x2][0x0][0x0][0x0][0x0][0x0][0x0]`2024-07-24 02:30:43.085 UTC [64] LOG:  database system was shut down at 2024-07-24 02:30:42 UTC[\n]"
2024-07-24 14:30:43.085 [docker-java-stream-637135478] DEBUG c.g.d.z.s.o.a.hc.client5.http.wire - http-outgoing-18 << "[\r][\n]"
2024-07-24 14:30:43.089 [docker-java-stream-637135478] DEBUG c.g.d.z.s.o.a.hc.client5.http.wire - http-outgoing-18 << "5d[\r][\n]"
2024-07-24 14:30:43.089 [docker-java-stream-637135478] DEBUG c.g.d.z.s.o.a.hc.client5.http.wire - http-outgoing-18 << "[0x2][0x0][0x0][0x0][0x0][0x0][0x0]U2024-07-24 02:30:43.089 UTC [1] LOG:  database system is ready to accept connections[\n]"
2024-07-24 14:30:43.089 [docker-java-stream-637135478] DEBUG c.g.d.z.s.o.a.hc.client5.http.wire - http-outgoing-18 << "[\r][\n]"
2024-07-24 14:30:43.092 [Test worker] DEBUG o.t.c.output.WaitingConsumer - STDERR: 2024-07-24 02:30:43.089 UTC [1] LOG:  database system is ready to accept connections
2024-07-24 14:30:43.092 [Test worker] DEBUG c.g.d.z.s.o.a.h.c.h.i.c.InternalHttpClient - ep-000000C9: cancel
2024-07-24 14:30:43.092 [Test worker] DEBUG c.g.d.z.s.o.a.h.c.h.i.i.DefaultManagedHttpClientConnection - http-outgoing-18: close connection IMMEDIATE
2024-07-24 14:30:43.092 [Test worker] DEBUG c.g.d.z.s.o.a.h.c.h.i.c.InternalHttpClient - ep-000000C9: endpoint closed
2024-07-24 14:30:43.092 [Test worker] DEBUG c.g.d.z.s.o.a.h.c.h.i.c.InternalHttpClient - ep-000000C9: discarding endpoint
2024-07-24 14:30:43.092 [Test worker] DEBUG c.g.d.z.s.o.a.h.c.h.i.i.PoolingHttpClientConnectionManager - ep-000000C9: releasing endpoint
2024-07-24 14:30:43.092 [Test worker] DEBUG c.g.d.z.s.o.a.h.c.h.i.i.PoolingHttpClientConnectionManager - ep-000000C9: connection is not kept alive
2024-07-24 14:30:43.092 [docker-java-stream-637135478] DEBUG c.g.d.z.s.o.a.hc.client5.http.wire - http-outgoing-18 << "end of stream"
2024-07-24 14:30:43.092 [Test worker] DEBUG c.g.d.z.s.o.a.h.c.h.i.i.PoolingHttpClientConnectionManager - ep-000000C9: connection released [route: {}->npipe://localhost:2375][total available: 0; route allocated: 0 of 2147483647; total allocated: 0 of 2147483647]
2024-07-24 14:30:43.093 [Test worker] DEBUG c.g.d.z.s.o.a.hc.client5.http.wire - http-outgoing-18 << "[read] I/O error: java.nio.channels.ClosedChannelException"
2024-07-24 14:30:43.093 [docker-java-stream-637135478] DEBUG c.g.d.z.s.o.a.hc.client5.http.wire - http-outgoing-18 << "[read] I/O error: java.nio.channels.ClosedChannelException"
2024-07-24 14:30:43.093 [docker-java-stream-637135478] DEBUG c.g.d.z.ApacheDockerHttpClientImpl$ApacheResponse - Failed to close the response
java.io.IOException: java.nio.channels.ClosedChannelException
	at java.base/java.nio.channels.Channels$2.read(Channels.java:240)
	at com.github.dockerjava.zerodep.shaded.org.apache.hc.client5.http.impl.io.LoggingInputStream.read(LoggingInputStream.java:81)
	at com.github.dockerjava.zerodep.shaded.org.apache.hc.core5.http.impl.io.SessionInputBufferImpl.fillBuffer(SessionInputBufferImpl.java:149)
	at com.github.dockerjava.zerodep.shaded.org.apache.hc.core5.http.impl.io.SessionInputBufferImpl.readLine(SessionInputBufferImpl.java:280)
	at com.github.dockerjava.zerodep.shaded.org.apache.hc.core5.http.impl.io.ChunkedInputStream.getChunkSize(ChunkedInputStream.java:261)
	at com.github.dockerjava.zerodep.shaded.org.apache.hc.core5.http.impl.io.ChunkedInputStream.nextChunk(ChunkedInputStream.java:222)
	at com.github.dockerjava.zerodep.shaded.org.apache.hc.core5.http.impl.io.ChunkedInputStream.read(ChunkedInputStream.java:147)
	at com.github.dockerjava.zerodep.shaded.org.apache.hc.core5.http.impl.io.ChunkedInputStream.close(ChunkedInputStream.java:314)
	at com.github.dockerjava.zerodep.shaded.org.apache.hc.core5.io.Closer.close(Closer.java:48)
	at com.github.dockerjava.zerodep.shaded.org.apache.hc.core5.http.impl.io.IncomingHttpEntity.close(IncomingHttpEntity.java:111)
	at com.github.dockerjava.zerodep.shaded.org.apache.hc.core5.http.io.entity.HttpEntityWrapper.close(HttpEntityWrapper.java:120)
	at com.github.dockerjava.zerodep.shaded.org.apache.hc.core5.io.Closer.close(Closer.java:48)
	at com.github.dockerjava.zerodep.shaded.org.apache.hc.core5.http.message.BasicClassicHttpResponse.close(BasicClassicHttpResponse.java:93)
	at com.github.dockerjava.zerodep.shaded.org.apache.hc.client5.http.impl.classic.CloseableHttpResponse.close(CloseableHttpResponse.java:200)
	at com.github.dockerjava.zerodep.ApacheDockerHttpClientImpl$ApacheResponse.close(ApacheDockerHttpClientImpl.java:271)
	at org.testcontainers.shaded.com.github.dockerjava.core.DefaultInvocationBuilder.lambda$executeAndStream$1(DefaultInvocationBuilder.java:277)
	at java.base/java.lang.Thread.run(Thread.java:833)
Caused by: java.nio.channels.ClosedChannelException: null
	at java.base/sun.nio.ch.WindowsAsynchronousFileChannelImpl.implRead(WindowsAsynchronousFileChannelImpl.java:516)
	at java.base/sun.nio.ch.AsynchronousFileChannelImpl.read(AsynchronousFileChannelImpl.java:229)
	at com.github.dockerjava.transport.NamedPipeSocket$AsynchronousFileByteChannel.read(NamedPipeSocket.java:117)
	at java.base/java.nio.channels.Channels$2.read(Channels.java:238)
	... 16 common frames omitted
2024-07-24 14:30:43.093 [Test worker] DEBUG c.g.d.z.ApacheDockerHttpClientImpl$ApacheResponse - Failed to close the response
java.io.IOException: java.nio.channels.ClosedChannelException
	at java.base/java.nio.channels.Channels$2.read(Channels.java:240)
	at com.github.dockerjava.zerodep.shaded.org.apache.hc.client5.http.impl.io.LoggingInputStream.read(LoggingInputStream.java:81)
	at com.github.dockerjava.zerodep.shaded.org.apache.hc.core5.http.impl.io.SessionInputBufferImpl.fillBuffer(SessionInputBufferImpl.java:149)
	at com.github.dockerjava.zerodep.shaded.org.apache.hc.core5.http.impl.io.SessionInputBufferImpl.readLine(SessionInputBufferImpl.java:280)
	at com.github.dockerjava.zerodep.shaded.org.apache.hc.core5.http.impl.io.ChunkedInputStream.getChunkSize(ChunkedInputStream.java:261)
	at com.github.dockerjava.zerodep.shaded.org.apache.hc.core5.http.impl.io.ChunkedInputStream.nextChunk(ChunkedInputStream.java:222)
	at com.github.dockerjava.zerodep.shaded.org.apache.hc.core5.http.impl.io.ChunkedInputStream.read(ChunkedInputStream.java:147)
	at com.github.dockerjava.zerodep.shaded.org.apache.hc.core5.http.impl.io.ChunkedInputStream.close(ChunkedInputStream.java:314)
	at com.github.dockerjava.zerodep.shaded.org.apache.hc.core5.io.Closer.close(Closer.java:48)
	at com.github.dockerjava.zerodep.shaded.org.apache.hc.core5.http.impl.io.IncomingHttpEntity.close(IncomingHttpEntity.java:111)
	at com.github.dockerjava.zerodep.shaded.org.apache.hc.core5.http.io.entity.HttpEntityWrapper.close(HttpEntityWrapper.java:120)
	at com.github.dockerjava.zerodep.shaded.org.apache.hc.core5.io.Closer.close(Closer.java:48)
	at com.github.dockerjava.zerodep.shaded.org.apache.hc.core5.http.message.BasicClassicHttpResponse.close(BasicClassicHttpResponse.java:93)
	at com.github.dockerjava.zerodep.shaded.org.apache.hc.client5.http.impl.classic.CloseableHttpResponse.close(CloseableHttpResponse.java:200)
	at com.github.dockerjava.zerodep.ApacheDockerHttpClientImpl$ApacheResponse.close(ApacheDockerHttpClientImpl.java:271)
	at org.testcontainers.shaded.com.github.dockerjava.core.DefaultInvocationBuilder.lambda$null$0(DefaultInvocationBuilder.java:272)
	at com.github.dockerjava.api.async.ResultCallbackTemplate.close(ResultCallbackTemplate.java:77)
	at org.testcontainers.containers.output.FrameConsumerResultCallback.close(FrameConsumerResultCallback.java:69)
	at org.testcontainers.containers.wait.strategy.LogMessageWaitStrategy.waitUntilReady(LogMessageWaitStrategy.java:49)
	at org.testcontainers.containers.wait.strategy.AbstractWaitStrategy.waitUntilReady(AbstractWaitStrategy.java:52)
	at org.testcontainers.containers.PostgreSQLContainer.waitUntilContainerStarted(PostgreSQLContainer.java:149)
	at org.testcontainers.containers.GenericContainer.tryStart(GenericContainer.java:500)
	at org.testcontainers.containers.GenericContainer.lambda$doStart$0(GenericContainer.java:354)
	at org.rnorth.ducttape.unreliables.Unreliables.retryUntilSuccess(Unreliables.java:81)
	at org.testcontainers.containers.GenericContainer.doStart(GenericContainer.java:344)
	at org.testcontainers.containers.GenericContainer.start(GenericContainer.java:330)
	at com.unitedApi.SequenceLineDAOTest.<init>(SequenceLineDAOTest.kt:43)
	at java.base/jdk.internal.reflect.NativeConstructorAccessorImpl.newInstance0(Native Method)
	at java.base/jdk.internal.reflect.NativeConstructorAccessorImpl.newInstance(NativeConstructorAccessorImpl.java:77)
	at java.base/jdk.internal.reflect.DelegatingConstructorAccessorImpl.newInstance(DelegatingConstructorAccessorImpl.java:45)
	at java.base/java.lang.reflect.Constructor.newInstanceWithCaller(Constructor.java:499)
	at java.base/java.lang.reflect.Constructor.newInstance(Constructor.java:480)
	at org.junit.runners.BlockJUnit4ClassRunner.createTest(BlockJUnit4ClassRunner.java:250)
	at org.junit.runners.BlockJUnit4ClassRunner.createTest(BlockJUnit4ClassRunner.java:260)
	at org.junit.runners.BlockJUnit4ClassRunner$2.runReflectiveCall(BlockJUnit4ClassRunner.java:309)
	at org.junit.internal.runners.model.ReflectiveCallable.run(ReflectiveCallable.java:12)
	at org.junit.runners.BlockJUnit4ClassRunner.methodBlock(BlockJUnit4ClassRunner.java:306)
	at org.junit.runners.BlockJUnit4ClassRunner$1.evaluate(BlockJUnit4ClassRunner.java:100)
	at org.junit.runners.ParentRunner.runLeaf(ParentRunner.java:366)
	at org.junit.runners.BlockJUnit4ClassRunner.runChild(BlockJUnit4ClassRunner.java:103)
	at org.junit.runners.BlockJUnit4ClassRunner.runChild(BlockJUnit4ClassRunner.java:63)
	at org.junit.runners.ParentRunner$4.run(ParentRunner.java:331)
	at org.junit.runners.ParentRunner$1.schedule(ParentRunner.java:79)
	at org.junit.runners.ParentRunner.runChildren(ParentRunner.java:329)
	at org.junit.runners.ParentRunner.access$100(ParentRunner.java:66)
	at org.junit.runners.ParentRunner$2.evaluate(ParentRunner.java:293)
	at org.junit.runners.ParentRunner$3.evaluate(ParentRunner.java:306)
	at org.junit.runners.ParentRunner.run(ParentRunner.java:413)
	at org.gradle.api.internal.tasks.testing.junit.JUnitTestClassExecutor.runTestClass(JUnitTestClassExecutor.java:112)
	at org.gradle.api.internal.tasks.testing.junit.JUnitTestClassExecutor.execute(JUnitTestClassExecutor.java:58)
	at org.gradle.api.internal.tasks.testing.junit.JUnitTestClassExecutor.execute(JUnitTestClassExecutor.java:40)
	at org.gradle.api.internal.tasks.testing.junit.AbstractJUnitTestClassProcessor.processTestClass(AbstractJUnitTestClassProcessor.java:60)
	at org.gradle.api.internal.tasks.testing.SuiteTestClassProcessor.processTestClass(SuiteTestClassProcessor.java:52)
	at java.base/jdk.internal.reflect.NativeMethodAccessorImpl.invoke0(Native Method)
	at java.base/jdk.internal.reflect.NativeMethodAccessorImpl.invoke(NativeMethodAccessorImpl.java:77)
	at java.base/jdk.internal.reflect.DelegatingMethodAccessorImpl.invoke(DelegatingMethodAccessorImpl.java:43)
	at java.base/java.lang.reflect.Method.invoke(Method.java:568)
	at org.gradle.internal.dispatch.ReflectionDispatch.dispatch(ReflectionDispatch.java:36)
	at org.gradle.internal.dispatch.ReflectionDispatch.dispatch(ReflectionDispatch.java:24)
	at org.gradle.internal.dispatch.ContextClassLoaderDispatch.dispatch(ContextClassLoaderDispatch.java:33)
	at org.gradle.internal.dispatch.ProxyDispatchAdapter$DispatchingInvocationHandler.invoke(ProxyDispatchAdapter.java:94)
	at jdk.proxy1/jdk.proxy1.$Proxy2.processTestClass(Unknown Source)
	at org.gradle.api.internal.tasks.testing.worker.TestWorker$2.run(TestWorker.java:176)
	at org.gradle.api.internal.tasks.testing.worker.TestWorker.executeAndMaintainThreadName(TestWorker.java:129)
	at org.gradle.api.internal.tasks.testing.worker.TestWorker.execute(TestWorker.java:100)
	at org.gradle.api.internal.tasks.testing.worker.TestWorker.execute(TestWorker.java:60)
	at org.gradle.process.internal.worker.child.ActionExecutionWorker.execute(ActionExecutionWorker.java:56)
	at org.gradle.process.internal.worker.child.SystemApplicationClassLoaderWorker.call(SystemApplicationClassLoaderWorker.java:113)
	at org.gradle.process.internal.worker.child.SystemApplicationClassLoaderWorker.call(SystemApplicationClassLoaderWorker.java:65)
	at worker.org.gradle.process.internal.worker.GradleWorkerMain.run(GradleWorkerMain.java:69)
	at worker.org.gradle.process.internal.worker.GradleWorkerMain.main(GradleWorkerMain.java:74)
Caused by: java.nio.channels.ClosedChannelException: null
	at java.base/sun.nio.ch.WindowsAsynchronousFileChannelImpl.implRead(WindowsAsynchronousFileChannelImpl.java:516)
	at java.base/sun.nio.ch.AsynchronousFileChannelImpl.read(AsynchronousFileChannelImpl.java:229)
	at com.github.dockerjava.transport.NamedPipeSocket$AsynchronousFileByteChannel.read(NamedPipeSocket.java:117)
	at java.base/java.nio.channels.Channels$2.read(Channels.java:238)
	... 70 common frames omitted
2024-07-24 14:30:43.093 [Test worker] INFO  tc.postgres:latest - Container postgres:latest started in PT1.8064489S
2024-07-24 14:30:43.093 [Test worker] INFO  tc.postgres:latest - Container is started (JDBC URL: jdbc:postgresql://localhost:51569/db?loggerLevel=OFF)
2024-07-24 14:30:43.094 [Test worker] INFO  org.testcontainers.ext.ScriptUtils - Executing database script from sql/init.sql
2024-07-24 14:30:43.095 [Test worker] DEBUG o.t.s.c.g.d.c.command.AbstrDockerCmd - Cmd: 7c9a29c4879ab957d8fc1965a67b4eae934f2b817dd9d4ff072501431c5d46bf,false
2024-07-24 14:30:43.095 [Test worker] DEBUG o.t.s.c.g.d.c.e.InspectContainerCmdExec - GET: DefaultWebTarget{path=[/containers/7c9a29c4879ab957d8fc1965a67b4eae934f2b817dd9d4ff072501431c5d46bf/json], queryParams={}}
2024-07-24 14:30:43.095 [Test worker] DEBUG c.g.d.z.s.o.a.h.c.h.i.c.InternalHttpClient - ex-000000CB: preparing request execution
2024-07-24 14:30:43.095 [Test worker] DEBUG c.g.d.z.s.o.a.h.c.h.p.RequestAddCookies - Cookie spec selected: strict
2024-07-24 14:30:43.095 [Test worker] DEBUG c.g.d.z.s.o.a.h.c.h.p.RequestAuthCache - Auth cache not set in the context
2024-07-24 14:30:43.095 [Test worker] DEBUG c.g.d.z.s.o.a.h.c.h.i.c.ProtocolExec - ex-000000CB: target auth state: UNCHALLENGED
2024-07-24 14:30:43.095 [Test worker] DEBUG c.g.d.z.s.o.a.h.c.h.i.c.ProtocolExec - ex-000000CB: proxy auth state: UNCHALLENGED
2024-07-24 14:30:43.095 [Test worker] DEBUG c.g.d.z.s.o.a.h.c.h.i.c.ConnectExec - ex-000000CB: acquiring connection with route {}->npipe://localhost:2375
2024-07-24 14:30:43.095 [Test worker] DEBUG c.g.d.z.s.o.a.h.c.h.i.c.InternalHttpClient - ex-000000CB: acquiring endpoint (3 MINUTES)
2024-07-24 14:30:43.095 [Test worker] DEBUG c.g.d.z.s.o.a.h.c.h.i.i.PoolingHttpClientConnectionManager - ex-000000CB: endpoint lease request (3 MINUTES) [route: {}->npipe://localhost:2375][total available: 0; route allocated: 0 of 2147483647; total allocated: 0 of 2147483647]
2024-07-24 14:30:43.095 [Test worker] DEBUG c.g.d.z.s.o.a.h.c.h.i.i.PoolingHttpClientConnectionManager - ex-000000CB: endpoint leased [route: {}->npipe://localhost:2375][total available: 0; route allocated: 1 of 2147483647; total allocated: 1 of 2147483647]
2024-07-24 14:30:43.095 [Test worker] DEBUG c.g.d.z.s.o.a.h.c.h.i.i.PoolingHttpClientConnectionManager - ex-000000CB: acquired ep-000000CA
2024-07-24 14:30:43.095 [Test worker] DEBUG c.g.d.z.s.o.a.h.c.h.i.c.InternalHttpClient - ex-000000CB: acquired endpoint ep-000000CA
2024-07-24 14:30:43.095 [Test worker] DEBUG c.g.d.z.s.o.a.h.c.h.i.c.ConnectExec - ex-000000CB: opening connection {}->npipe://localhost:2375
2024-07-24 14:30:43.095 [Test worker] DEBUG c.g.d.z.s.o.a.h.c.h.i.c.InternalHttpClient - ep-000000CA: connecting endpoint (3 MINUTES)
2024-07-24 14:30:43.095 [Test worker] DEBUG c.g.d.z.s.o.a.h.c.h.i.i.PoolingHttpClientConnectionManager - ep-000000CA: connecting endpoint to npipe://localhost:2375 (3 MINUTES)
2024-07-24 14:30:43.095 [Test worker] DEBUG c.g.d.z.s.o.a.h.c.h.i.i.DefaultHttpClientConnectionOperator - http-outgoing-19: connecting to localhost/127.0.0.1:2375
2024-07-24 14:30:43.095 [Test worker] DEBUG c.g.d.z.s.o.a.h.c.h.i.i.DefaultHttpClientConnectionOperator - http-outgoing-19: connection established 
2024-07-24 14:30:43.095 [Test worker] DEBUG c.g.d.z.s.o.a.h.c.h.i.i.PoolingHttpClientConnectionManager - ep-000000CA: connected http-outgoing-19
2024-07-24 14:30:43.095 [Test worker] DEBUG c.g.d.z.s.o.a.h.c.h.i.c.InternalHttpClient - ep-000000CA: endpoint connected
2024-07-24 14:30:43.096 [Test worker] DEBUG c.g.d.z.s.o.a.h.c.h.i.c.MainClientExec - ex-000000CB: executing GET /v1.32/containers/7c9a29c4879ab957d8fc1965a67b4eae934f2b817dd9d4ff072501431c5d46bf/json HTTP/1.1
2024-07-24 14:30:43.096 [Test worker] DEBUG c.g.d.z.s.o.a.h.c.h.i.c.InternalHttpClient - ep-000000CA: start execution ex-000000CB
2024-07-24 14:30:43.096 [Test worker] DEBUG c.g.d.z.s.o.a.h.c.h.i.i.PoolingHttpClientConnectionManager - ep-000000CA: executing exchange ex-000000CB over http-outgoing-19
2024-07-24 14:30:43.096 [Test worker] DEBUG c.g.d.z.s.o.a.h.client5.http.headers - http-outgoing-19 >> GET /v1.32/containers/7c9a29c4879ab957d8fc1965a67b4eae934f2b817dd9d4ff072501431c5d46bf/json HTTP/1.1
2024-07-24 14:30:43.096 [Test worker] DEBUG c.g.d.z.s.o.a.h.client5.http.headers - http-outgoing-19 >> accept: application/json
2024-07-24 14:30:43.096 [Test worker] DEBUG c.g.d.z.s.o.a.h.client5.http.headers - http-outgoing-19 >> x-tc-sid: 280e6229-7396-4d60-b1e3-a5de48b5d49b
2024-07-24 14:30:43.096 [Test worker] DEBUG c.g.d.z.s.o.a.h.client5.http.headers - http-outgoing-19 >> User-Agent: tc-java/1.19.8
2024-07-24 14:30:43.096 [Test worker] DEBUG c.g.d.z.s.o.a.h.client5.http.headers - http-outgoing-19 >> Accept-Encoding: gzip, x-gzip, deflate
2024-07-24 14:30:43.096 [Test worker] DEBUG c.g.d.z.s.o.a.h.client5.http.headers - http-outgoing-19 >> Host: localhost:2375
2024-07-24 14:30:43.096 [Test worker] DEBUG c.g.d.z.s.o.a.h.client5.http.headers - http-outgoing-19 >> Connection: keep-alive
2024-07-24 14:30:43.096 [Test worker] DEBUG c.g.d.z.s.o.a.hc.client5.http.wire - http-outgoing-19 >> "GET /v1.32/containers/7c9a29c4879ab957d8fc1965a67b4eae934f2b817dd9d4ff072501431c5d46bf/json HTTP/1.1[\r][\n]"
2024-07-24 14:30:43.096 [Test worker] DEBUG c.g.d.z.s.o.a.hc.client5.http.wire - http-outgoing-19 >> "accept: application/json[\r][\n]"
2024-07-24 14:30:43.096 [Test worker] DEBUG c.g.d.z.s.o.a.hc.client5.http.wire - http-outgoing-19 >> "x-tc-sid: 280e6229-7396-4d60-b1e3-a5de48b5d49b[\r][\n]"
2024-07-24 14:30:43.096 [Test worker] DEBUG c.g.d.z.s.o.a.hc.client5.http.wire - http-outgoing-19 >> "User-Agent: tc-java/1.19.8[\r][\n]"
2024-07-24 14:30:43.096 [Test worker] DEBUG c.g.d.z.s.o.a.hc.client5.http.wire - http-outgoing-19 >> "Accept-Encoding: gzip, x-gzip, deflate[\r][\n]"
2024-07-24 14:30:43.096 [Test worker] DEBUG c.g.d.z.s.o.a.hc.client5.http.wire - http-outgoing-19 >> "Host: localhost:2375[\r][\n]"
2024-07-24 14:30:43.096 [Test worker] DEBUG c.g.d.z.s.o.a.hc.client5.http.wire - http-outgoing-19 >> "Connection: keep-alive[\r][\n]"
2024-07-24 14:30:43.096 [Test worker] DEBUG c.g.d.z.s.o.a.hc.client5.http.wire - http-outgoing-19 >> "[\r][\n]"
2024-07-24 14:30:43.099 [Test worker] DEBUG c.g.d.z.s.o.a.hc.client5.http.wire - http-outgoing-19 << "HTTP/1.1 200 OK[\r][\n]"
2024-07-24 14:30:43.099 [Test worker] DEBUG c.g.d.z.s.o.a.hc.client5.http.wire - http-outgoing-19 << "Api-Version: 1.45[\r][\n]"
2024-07-24 14:30:43.099 [Test worker] DEBUG c.g.d.z.s.o.a.hc.client5.http.wire - http-outgoing-19 << "Content-Type: application/json[\r][\n]"
2024-07-24 14:30:43.099 [Test worker] DEBUG c.g.d.z.s.o.a.hc.client5.http.wire - http-outgoing-19 << "Date: Wed, 24 Jul 2024 02:30:43 GMT[\r][\n]"
2024-07-24 14:30:43.099 [Test worker] DEBUG c.g.d.z.s.o.a.hc.client5.http.wire - http-outgoing-19 << "Docker-Experimental: false[\r][\n]"
2024-07-24 14:30:43.099 [Test worker] DEBUG c.g.d.z.s.o.a.hc.client5.http.wire - http-outgoing-19 << "Ostype: linux[\r][\n]"
2024-07-24 14:30:43.099 [Test worker] DEBUG c.g.d.z.s.o.a.hc.client5.http.wire - http-outgoing-19 << "Server: Docker/26.0.0 (linux)[\r][\n]"
2024-07-24 14:30:43.099 [Test worker] DEBUG c.g.d.z.s.o.a.hc.client5.http.wire - http-outgoing-19 << "Transfer-Encoding: chunked[\r][\n]"
2024-07-24 14:30:43.099 [Test worker] DEBUG c.g.d.z.s.o.a.hc.client5.http.wire - http-outgoing-19 << "[\r][\n]"
2024-07-24 14:30:43.099 [Test worker] DEBUG c.g.d.z.s.o.a.h.client5.http.headers - http-outgoing-19 << HTTP/1.1 200 OK
2024-07-24 14:30:43.099 [Test worker] DEBUG c.g.d.z.s.o.a.h.client5.http.headers - http-outgoing-19 << Api-Version: 1.45
2024-07-24 14:30:43.099 [Test worker] DEBUG c.g.d.z.s.o.a.h.client5.http.headers - http-outgoing-19 << Content-Type: application/json
2024-07-24 14:30:43.099 [Test worker] DEBUG c.g.d.z.s.o.a.h.client5.http.headers - http-outgoing-19 << Date: Wed, 24 Jul 2024 02:30:43 GMT
2024-07-24 14:30:43.099 [Test worker] DEBUG c.g.d.z.s.o.a.h.client5.http.headers - http-outgoing-19 << Docker-Experimental: false
2024-07-24 14:30:43.099 [Test worker] DEBUG c.g.d.z.s.o.a.h.client5.http.headers - http-outgoing-19 << Ostype: linux
2024-07-24 14:30:43.099 [Test worker] DEBUG c.g.d.z.s.o.a.h.client5.http.headers - http-outgoing-19 << Server: Docker/26.0.0 (linux)
2024-07-24 14:30:43.099 [Test worker] DEBUG c.g.d.z.s.o.a.h.client5.http.headers - http-outgoing-19 << Transfer-Encoding: chunked
2024-07-24 14:30:43.099 [Test worker] DEBUG c.g.d.z.s.o.a.h.c.h.i.c.MainClientExec - ex-000000CB: connection can be kept alive for 3 MINUTES
2024-07-24 14:30:43.100 [Test worker] DEBUG c.g.d.z.s.o.a.hc.client5.http.wire - http-outgoing-19 << "1a37[\r][\n]"
2024-07-24 14:30:43.100 [Test worker] DEBUG c.g.d.z.s.o.a.hc.client5.http.wire - http-outgoing-19 << "{"Id":"7c9a29c4879ab957d8fc1965a67b4eae934f2b817dd9d4ff072501431c5d46bf","Created":"2024-07-24T02:30:41.295697693Z","Path":"docker-entrypoint.sh","Args":["postgres","-c","fsync=off"],"State":{"Status":"running","Running":true,"Paused":false,"Restarting":false,"OOMKilled":false,"Dead":false,"Pid":30316,"ExitCode":0,"Error":"","StartedAt":"2024-07-24T02:30:41.755979014Z","FinishedAt":"0001-01-01T00:00:00Z"},"Image":"sha256:8e4fc9e184899a58735e7ee333f5e272d7d2298cf59302006b71f33e217be130","ResolvConfPath":"/var/lib/docker/containers/7c9a29c4879ab957d8fc1965a67b4eae934f2b817dd9d4ff072501431c5d46bf/resolv.conf","HostnamePath":"/var/lib/docker/containers/7c9a29c4879ab957d8fc1965a67b4eae934f2b817dd9d4ff072501431c5d46bf/hostname","HostsPath":"/var/lib/docker/containers/7c9a29c4879ab957d8fc1965a67b4eae934f2b817dd9d4ff072501431c5d46bf/hosts","LogPath":"/var/lib/docker/containers/7c9a29c4879ab957d8fc1965a67b4eae934f2b817dd9d4ff072501431c5d46bf/7c9a29c4879ab957d8fc1965a67b4eae934f2b817dd9d4ff072501431c5d46bf-json.log","Name":"/funny_einstein","RestartCount":0,"Driver":"overlay2","Platform":"linux","MountLabel":"","ProcessLabel":"","AppArmorProfile":"","ExecIDs":null,"HostConfig":{"Binds":[],"ContainerIDFile":"","LogConfig":{"Type":"json-file","Config":{}},"NetworkMode":"default","PortBindings":{"5432/tcp":[{"HostIp":"0.0.0.0","HostPort":"0"}]},"RestartPolicy":{"Name":"no","MaximumRetryCount":0},"AutoRemove":false,"VolumeDriver":"","VolumesFrom":[],"ConsoleSize":[0,0],"CapAdd":null,"CapDrop":null,"CgroupnsMode":"host","Dns":null,"DnsOptions":null,"DnsSearch":null,"ExtraHosts":[],"GroupAdd":null,"IpcMode":"shareable","Cgroup":"","Links":null,"OomScoreAdj":0,"PidMode":"","Privileged":false,"PublishAllPorts":false,"ReadonlyRootfs":false,"SecurityOpt":null,"UTSMode":"","UsernsMode":"","ShmSize":67108864,"Runtime":"runc","Isolation":"","CpuShares":0,"Memory":0,"NanoCpus":0,"CgroupParent":"","BlkioWeight":0,"BlkioWeightDevice":null,"BlkioDeviceReadBps":null,"BlkioDeviceWriteBps":null,"BlkioDeviceReadIOps":null,"BlkioDeviceWriteIOps":null,"CpuPeriod":0,"CpuQuota":0,"CpuRealtimePeriod":0,"CpuRealtimeRuntime":0,"CpusetCpus":"","CpusetMems":"","Devices":null,"DeviceCgroupRules":null,"DeviceRequests":null,"MemoryReservation":0,"MemorySwap":0,"MemorySwappiness":null,"OomKillDisable":false,"PidsLimit":null,"Ulimits":null,"CpuCount":0,"CpuPercent":0,"IOMaximumIOps":0,"IOMaximumBandwidth":0,"MaskedPaths":["/proc/asound","/proc/acpi","/proc/kcore","/proc/keys","/proc/latency_stats","/proc/timer_list","/proc/timer_stats","/proc/sched_debug","/proc/scsi","/sys/firmware","/sys/devices/virtual/powercap"],"ReadonlyPaths":["/proc/bus","/proc/fs","/proc/irq","/proc/sys","/proc/sysrq-trigger"]},"GraphDriver":{"Data":{"LowerDir":"/var/lib/docker/overlay2/b4cde8ad73319d3089a403a7334e54c5c11b8c7780a010a0ed4078d455379a75-init/diff:/var/lib/docker/overlay2/8f0ddbd386af0785c2e348570516955816ab350305d698d363962d488eeb15ec/diff:/var/lib/docker/overlay2/0eb0ca73e9b0be7c3d7fa8762ef4778a68f38391bc84c037c2e90b88e781b475/diff:/var/lib/docker/overlay2/74e634bddc785c5d436b10a5158cd82e21dc2065fd1cf8ff9c1c12e01575a2d8/diff:/var/lib/docker/overlay2/bb918b2851cd2f508f1e3fdbfff8b7f8b041d61e65fe8c368288bf399e80b818/diff:/var/lib/docker/overlay2/2abab2946cbdc2941ee8ec4024c51dac7313dee9de5fbedd1ca33388c59eb3c8/diff:/var/lib/docker/overlay2/e12f6083ee669bd92743ceb339a896bb25dbe461b718705bb39eb410b80c0ecd/diff:/var/lib/docker/overlay2/ced1e86d670d097da5ed4da7288c22507735918959161c2cd8bf083fb30d169a/diff:/var/lib/docker/overlay2/94e9ac7b74923285ae73af20aeccb964ca9079e2305db367cb85d1603560472d/diff:/var/lib/docker/overlay2/a396b6dfd63f0c228c519871183c614cccf4d366a43460f27ecf97113c3c4be8/diff:/var/lib/docker/overlay2/f58ada5d5080c2bac553c734f81127660a90581a35ed2a92cebe3c59e340875b/diff:/var/lib/docker/overlay2/84f85636f37bf55d945e217b4f87a856eba7932284beaf042561007b66f48977/diff:/var/lib/docker/overlay2/1e6e519613884e91a2b74a588ba35dc8a2f789371ab798ef6e7d9836d756042f/diff:/var/lib/docker/overlay2/14a3151cc8b4f9d27d2e64f1a8abc0c7809309580f2d7e8dc8545055c1d56194/diff:/var/lib/dock"
2024-07-24 14:30:43.101 [Test worker] DEBUG c.g.d.z.s.o.a.hc.client5.http.wire - http-outgoing-19 << "er/overlay2/5b354b9e793401517fe2f1da697653fdaadffc54888eaf76d67e0600b8c68bdc/diff","MergedDir":"/var/lib/docker/overlay2/b4cde8ad73319d3089a403a7334e54c5c11b8c7780a010a0ed4078d455379a75/merged","UpperDir":"/var/lib/docker/overlay2/b4cde8ad73319d3089a403a7334e54c5c11b8c7780a010a0ed4078d455379a75/diff","WorkDir":"/var/lib/docker/overlay2/b4cde8ad73319d3089a403a7334e54c5c11b8c7780a010a0ed4078d455379a75/work"},"Name":"overlay2"},"Mounts":[{"Type":"volume","Name":"602df9ea8607dc1c4a99e522242a9e5e630be425a10e0caab7b4028f3ff06740","Source":"/var/lib/docker/volumes/602df9ea8607dc1c4a99e522242a9e5e630be425a10e0caab7b4028f3ff06740/_data","Destination":"/var/lib/postgresql/data","Driver":"local","Mode":"","RW":true,"Propagation":""}],"Config":{"Hostname":"7c9a29c4879a","Domainname":"","User":"","AttachStdin":false,"AttachStdout":false,"AttachStderr":false,"ExposedPorts":{"5432/tcp":{}},"Tty":false,"OpenStdin":false,"StdinOnce":false,"Env":["POSTGRES_USER=user","POSTGRES_PASSWORD=password","POSTGRES_DB=db","PATH=/usr/local/sbin:/usr/local/bin:/usr/sbin:/usr/bin:/sbin:/bin:/usr/lib/postgresql/16/bin","GOSU_VERSION=1.17","LANG=en_US.utf8","PG_MAJOR=16","PG_VERSION=16.2-1.pgdg120+2","PGDATA=/var/lib/postgresql/data"],"Cmd":["postgres","-c","fsync=off"],"Image":"postgres:latest","Volumes":{"/var/lib/postgresql/data":{}},"WorkingDir":"","Entrypoint":["docker-entrypoint.sh"],"OnBuild":null,"Labels":{"org.testcontainers":"true","org.testcontainers.lang":"java","org.testcontainers.sessionId":"280e6229-7396-4d60-b1e3-a5de48b5d49b","org.testcontainers.version":"1.19.8"},"StopSignal":"SIGINT"},"NetworkSettings":{"Bridge":"","SandboxID":"d28fc92553f55d1526c06301b51fe1864840b3c28944104fd18553af5a28bb9f","SandboxKey":"/var/run/docker/netns/d28fc92553f5","Ports":{"5432/tcp":[{"HostIp":"0.0.0.0","HostPort":"51569"}]},"HairpinMode":false,"LinkLocalIPv6Address":"","LinkLocalIPv6PrefixLen":0,"SecondaryIPAddresses":null,"SecondaryIPv6Addresses":null,"EndpointID":"1e144ef32f8bf830867fe4ced5273d188264fbfb48fc076bdc0f956bf4d16e66","Gateway":"172.17.0.1","GlobalIPv6Address":"","GlobalIPv6PrefixLen":0,"IPAddress":"172.17.0.3","IPPrefixLen":16,"IPv6Gateway":"","MacAddress":"02:42:ac:11:00:03","Networks":{"bridge":{"IPAMConfig":null,"Links":null,"Aliases":null,"MacAddress":"02:42:ac:11:00:03","NetworkID":"3c842496be344cbdae878c1dee0957e7bc7c0a2236009c92752030f2b053e72f","EndpointID":"1e144ef32f8bf830867fe4ced5273d188264fbfb48fc076bdc0f956bf4d16e66","Gateway":"172.17.0.1","IPAddress":"172.17.0.3","IPPrefixLen":16,"IPv6Gateway":"","GlobalIPv6Address":"","GlobalIPv6PrefixLen":0,"DriverOpts":null,"DNSNames":null}}}}[\n]"
2024-07-24 14:30:43.101 [Test worker] DEBUG c.g.d.z.s.o.a.hc.client5.http.wire - http-outgoing-19 << "[\r][\n]"
2024-07-24 14:30:43.101 [Test worker] DEBUG c.g.d.z.s.o.a.hc.client5.http.wire - http-outgoing-19 << "0[\r][\n]"
2024-07-24 14:30:43.101 [Test worker] DEBUG c.g.d.z.s.o.a.hc.client5.http.wire - http-outgoing-19 << "[\r][\n]"
2024-07-24 14:30:43.101 [Test worker] DEBUG c.g.d.z.s.o.a.h.c.h.i.c.InternalHttpClient - ep-000000CA: releasing valid endpoint
2024-07-24 14:30:43.101 [Test worker] DEBUG c.g.d.z.s.o.a.h.c.h.i.i.PoolingHttpClientConnectionManager - ep-000000CA: releasing endpoint
2024-07-24 14:30:43.101 [Test worker] DEBUG c.g.d.z.s.o.a.h.c.h.i.i.PoolingHttpClientConnectionManager - ep-000000CA: connection http-outgoing-19 can be kept alive for 3 MINUTES
2024-07-24 14:30:43.101 [Test worker] DEBUG c.g.d.z.s.o.a.h.c.h.i.i.PoolingHttpClientConnectionManager - ep-000000CA: connection released [route: {}->npipe://localhost:2375][total available: 1; route allocated: 1 of 2147483647; total allocated: 1 of 2147483647]
2024-07-24 14:30:43.101 [Test worker] DEBUG tc.postgres:latest - Trying to create JDBC connection using org.postgresql.Driver to jdbc:postgresql://localhost:51569/db?loggerLevel=OFF with properties: {password=password, user=user}
2024-07-24 14:30:43.113 [Test worker] DEBUG o.t.jdbc.JdbcDatabaseDelegate - false returned as updateCount for SQL: drop table if exists WorkedOn
2024-07-24 14:30:43.115 [Test worker] DEBUG o.t.jdbc.JdbcDatabaseDelegate - false returned as updateCount for SQL: drop table if exists SequenceLine
2024-07-24 14:30:43.115 [Test worker] DEBUG o.t.jdbc.JdbcDatabaseDelegate - false returned as updateCount for SQL: drop table if exists WorkOrder
2024-07-24 14:30:43.116 [Test worker] DEBUG o.t.jdbc.JdbcDatabaseDelegate - false returned as updateCount for SQL: drop table if exists SequenceHeader
2024-07-24 14:30:43.117 [Test worker] DEBUG o.t.jdbc.JdbcDatabaseDelegate - false returned as updateCount for SQL: drop table if exists SaleOrderLine
2024-07-24 14:30:43.117 [Test worker] DEBUG o.t.jdbc.JdbcDatabaseDelegate - false returned as updateCount for SQL: drop table if exists SaleOrderHeader
2024-07-24 14:30:43.118 [Test worker] DEBUG o.t.jdbc.JdbcDatabaseDelegate - false returned as updateCount for SQL: drop table if exists Staff
2024-07-24 14:30:43.118 [Test worker] DEBUG o.t.jdbc.JdbcDatabaseDelegate - false returned as updateCount for SQL: drop table if exists WorkStation
2024-07-24 14:30:43.119 [Test worker] DEBUG o.t.jdbc.JdbcDatabaseDelegate - false returned as updateCount for SQL: drop table if exists Part
2024-07-24 14:30:43.119 [Test worker] DEBUG o.t.jdbc.JdbcDatabaseDelegate - false returned as updateCount for SQL: drop table if exists Customer
2024-07-24 14:30:43.123 [Test worker] DEBUG o.t.jdbc.JdbcDatabaseDelegate - false returned as updateCount for SQL: create table Customer ( customerId VarChar(8) PRIMARY Key, name VarChar(100) not null, address VarChar(500) not null )
2024-07-24 14:30:43.124 [Test worker] DEBUG o.t.jdbc.JdbcDatabaseDelegate - false returned as updateCount for SQL: create table Part ( partId VarChar(6) PRIMARY KEY, inventory Int not null, name VarChar(100) not null )
2024-07-24 14:30:43.125 [Test worker] DEBUG o.t.jdbc.JdbcDatabaseDelegate - false returned as updateCount for SQL: create table WorkStation ( name VarChar(50) PRIMARY KEY )
2024-07-24 14:30:43.126 [Test worker] DEBUG o.t.jdbc.JdbcDatabaseDelegate - false returned as updateCount for SQL: create table Staff ( staffID VarChar(6) PRIMARY KEY, name VarChar(100) not null )
2024-07-24 14:30:43.128 [Test worker] DEBUG o.t.jdbc.JdbcDatabaseDelegate - false returned as updateCount for SQL: create table SaleOrderHeader ( soHeaderId VarChar(6) PRIMARY key , customerId VarChar(8) not null references Customer (customerId) )
2024-07-24 14:30:43.129 [Test worker] DEBUG o.t.jdbc.JdbcDatabaseDelegate - false returned as updateCount for SQL: create table SaleOrderLine ( soLineId VarChar(6), soHeaderId VarChar(6) references SaleOrderHeader (soHeaderID), dateDue Date not null, partID VarChar(6) not null references Part(partId), PRIMARY KEY (soLineId,soHeaderId) )
2024-07-24 14:30:43.131 [Test worker] DEBUG o.t.jdbc.JdbcDatabaseDelegate - false returned as updateCount for SQL: create table SequenceHeader ( seqHeaderId VarChar(6) PRIMARY KEY, partId VarChar(6) not null references Part(partId) )
2024-07-24 14:30:43.132 [Test worker] DEBUG o.t.jdbc.JdbcDatabaseDelegate - false returned as updateCount for SQL: create table WorkOrder ( workOrderId VarChar(8) PRIMARY KEY, seqHeaderId VarChar(6) not null REFERENCES SequenceHeader (seqHeaderId), soLineId VarChar(6) not null, soHeaderId VarChar(6) not null, quanity Int not null, FOREIGN KEY (soLineId,soHeaderId) REFERENCES SaleOrderLine (soLineId,soHeaderId) )
2024-07-24 14:30:43.133 [Test worker] DEBUG o.t.jdbc.JdbcDatabaseDelegate - false returned as updateCount for SQL: create table SequenceLine ( seqLineId VarChar(10), seqHeaderId VarChar(6) references SequenceHeader (seqHeaderId), workStation VarChar(50) not null references WorkStation(name), PRIMARY KEY(seqLineId,seqHeaderId) )
2024-07-24 14:30:43.135 [Test worker] DEBUG o.t.jdbc.JdbcDatabaseDelegate - false returned as updateCount for SQL: create table WorkedOn ( staffId VarChar(8) references Staff (staffId), seqHeaderId VarChar(6), seqLineId VarChar(10), workOrderId VarChar(50) references WorkOrder(workOrderId), PRIMARY key (staffId,seqHeaderId,seqLineId,workOrderId), FOREIGN KEY (seqHeaderId,seqLineId) REFERENCES SequenceLine (seqHeaderId,seqLineId) )
2024-07-24 14:30:43.135 [Test worker] INFO  org.testcontainers.ext.ScriptUtils - Executed database script from sql/init.sql in 40 ms.
2024-07-24 14:30:43.153 [Test worker] DEBUG o.t.s.c.g.d.c.command.AbstrDockerCmd - Cmd: 7c9a29c4879ab957d8fc1965a67b4eae934f2b817dd9d4ff072501431c5d46bf,false
2024-07-24 14:30:43.153 [Test worker] DEBUG o.t.s.c.g.d.c.e.InspectContainerCmdExec - GET: DefaultWebTarget{path=[/containers/7c9a29c4879ab957d8fc1965a67b4eae934f2b817dd9d4ff072501431c5d46bf/json], queryParams={}}
2024-07-24 14:30:43.153 [Test worker] DEBUG c.g.d.z.s.o.a.h.c.h.i.c.InternalHttpClient - ex-000000CC: preparing request execution
2024-07-24 14:30:43.153 [Test worker] DEBUG c.g.d.z.s.o.a.h.c.h.p.RequestAddCookies - Cookie spec selected: strict
2024-07-24 14:30:43.153 [Test worker] DEBUG c.g.d.z.s.o.a.h.c.h.p.RequestAuthCache - Auth cache not set in the context
2024-07-24 14:30:43.153 [Test worker] DEBUG c.g.d.z.s.o.a.h.c.h.i.c.ProtocolExec - ex-000000CC: target auth state: UNCHALLENGED
2024-07-24 14:30:43.153 [Test worker] DEBUG c.g.d.z.s.o.a.h.c.h.i.c.ProtocolExec - ex-000000CC: proxy auth state: UNCHALLENGED
2024-07-24 14:30:43.153 [Test worker] DEBUG c.g.d.z.s.o.a.h.c.h.i.c.ConnectExec - ex-000000CC: acquiring connection with route {}->npipe://localhost:2375
2024-07-24 14:30:43.153 [Test worker] DEBUG c.g.d.z.s.o.a.h.c.h.i.c.InternalHttpClient - ex-000000CC: acquiring endpoint (3 MINUTES)
2024-07-24 14:30:43.153 [Test worker] DEBUG c.g.d.z.s.o.a.h.c.h.i.i.PoolingHttpClientConnectionManager - ex-000000CC: endpoint lease request (3 MINUTES) [route: {}->npipe://localhost:2375][total available: 1; route allocated: 1 of 2147483647; total allocated: 1 of 2147483647]
2024-07-24 14:30:43.154 [Test worker] DEBUG c.g.d.z.s.o.a.h.c.h.i.i.PoolingHttpClientConnectionManager - ex-000000CC: endpoint leased [route: {}->npipe://localhost:2375][total available: 0; route allocated: 1 of 2147483647; total allocated: 1 of 2147483647]
2024-07-24 14:30:43.154 [Test worker] DEBUG c.g.d.z.s.o.a.h.c.h.i.i.PoolingHttpClientConnectionManager - ex-000000CC: acquired ep-000000CB
2024-07-24 14:30:43.154 [Test worker] DEBUG c.g.d.z.s.o.a.h.c.h.i.c.InternalHttpClient - ex-000000CC: acquired endpoint ep-000000CB
2024-07-24 14:30:43.154 [Test worker] DEBUG c.g.d.z.s.o.a.h.c.h.i.c.MainClientExec - ex-000000CC: executing GET /v1.32/containers/7c9a29c4879ab957d8fc1965a67b4eae934f2b817dd9d4ff072501431c5d46bf/json HTTP/1.1
2024-07-24 14:30:43.154 [Test worker] DEBUG c.g.d.z.s.o.a.h.c.h.i.c.InternalHttpClient - ep-000000CB: start execution ex-000000CC
2024-07-24 14:30:43.154 [Test worker] DEBUG c.g.d.z.s.o.a.h.c.h.i.i.PoolingHttpClientConnectionManager - ep-000000CB: executing exchange ex-000000CC over http-outgoing-19
2024-07-24 14:30:43.154 [Test worker] DEBUG c.g.d.z.s.o.a.h.client5.http.headers - http-outgoing-19 >> GET /v1.32/containers/7c9a29c4879ab957d8fc1965a67b4eae934f2b817dd9d4ff072501431c5d46bf/json HTTP/1.1
2024-07-24 14:30:43.154 [Test worker] DEBUG c.g.d.z.s.o.a.h.client5.http.headers - http-outgoing-19 >> accept: application/json
2024-07-24 14:30:43.154 [Test worker] DEBUG c.g.d.z.s.o.a.h.client5.http.headers - http-outgoing-19 >> x-tc-sid: 280e6229-7396-4d60-b1e3-a5de48b5d49b
2024-07-24 14:30:43.154 [Test worker] DEBUG c.g.d.z.s.o.a.h.client5.http.headers - http-outgoing-19 >> User-Agent: tc-java/1.19.8
2024-07-24 14:30:43.154 [Test worker] DEBUG c.g.d.z.s.o.a.h.client5.http.headers - http-outgoing-19 >> Accept-Encoding: gzip, x-gzip, deflate
2024-07-24 14:30:43.154 [Test worker] DEBUG c.g.d.z.s.o.a.h.client5.http.headers - http-outgoing-19 >> Host: localhost:2375
2024-07-24 14:30:43.154 [Test worker] DEBUG c.g.d.z.s.o.a.h.client5.http.headers - http-outgoing-19 >> Connection: keep-alive
2024-07-24 14:30:43.154 [Test worker] DEBUG c.g.d.z.s.o.a.hc.client5.http.wire - http-outgoing-19 >> "GET /v1.32/containers/7c9a29c4879ab957d8fc1965a67b4eae934f2b817dd9d4ff072501431c5d46bf/json HTTP/1.1[\r][\n]"
2024-07-24 14:30:43.154 [Test worker] DEBUG c.g.d.z.s.o.a.hc.client5.http.wire - http-outgoing-19 >> "accept: application/json[\r][\n]"
2024-07-24 14:30:43.154 [Test worker] DEBUG c.g.d.z.s.o.a.hc.client5.http.wire - http-outgoing-19 >> "x-tc-sid: 280e6229-7396-4d60-b1e3-a5de48b5d49b[\r][\n]"
2024-07-24 14:30:43.154 [Test worker] DEBUG c.g.d.z.s.o.a.hc.client5.http.wire - http-outgoing-19 >> "User-Agent: tc-java/1.19.8[\r][\n]"
2024-07-24 14:30:43.154 [Test worker] DEBUG c.g.d.z.s.o.a.hc.client5.http.wire - http-outgoing-19 >> "Accept-Encoding: gzip, x-gzip, deflate[\r][\n]"
2024-07-24 14:30:43.154 [Test worker] DEBUG c.g.d.z.s.o.a.hc.client5.http.wire - http-outgoing-19 >> "Host: localhost:2375[\r][\n]"
2024-07-24 14:30:43.154 [Test worker] DEBUG c.g.d.z.s.o.a.hc.client5.http.wire - http-outgoing-19 >> "Connection: keep-alive[\r][\n]"
2024-07-24 14:30:43.154 [Test worker] DEBUG c.g.d.z.s.o.a.hc.client5.http.wire - http-outgoing-19 >> "[\r][\n]"
2024-07-24 14:30:43.157 [Test worker] DEBUG c.g.d.z.s.o.a.hc.client5.http.wire - http-outgoing-19 << "HTTP/1.1 200 OK[\r][\n]"
2024-07-24 14:30:43.157 [Test worker] DEBUG c.g.d.z.s.o.a.hc.client5.http.wire - http-outgoing-19 << "Api-Version: 1.45[\r][\n]"
2024-07-24 14:30:43.157 [Test worker] DEBUG c.g.d.z.s.o.a.hc.client5.http.wire - http-outgoing-19 << "Content-Type: application/json[\r][\n]"
2024-07-24 14:30:43.157 [Test worker] DEBUG c.g.d.z.s.o.a.hc.client5.http.wire - http-outgoing-19 << "Date: Wed, 24 Jul 2024 02:30:43 GMT[\r][\n]"
2024-07-24 14:30:43.157 [Test worker] DEBUG c.g.d.z.s.o.a.hc.client5.http.wire - http-outgoing-19 << "Docker-Experimental: false[\r][\n]"
2024-07-24 14:30:43.157 [Test worker] DEBUG c.g.d.z.s.o.a.hc.client5.http.wire - http-outgoing-19 << "Ostype: linux[\r][\n]"
2024-07-24 14:30:43.157 [Test worker] DEBUG c.g.d.z.s.o.a.hc.client5.http.wire - http-outgoing-19 << "Server: Docker/26.0.0 (linux)[\r][\n]"
2024-07-24 14:30:43.157 [Test worker] DEBUG c.g.d.z.s.o.a.hc.client5.http.wire - http-outgoing-19 << "Transfer-Encoding: chunked[\r][\n]"
2024-07-24 14:30:43.157 [Test worker] DEBUG c.g.d.z.s.o.a.hc.client5.http.wire - http-outgoing-19 << "[\r][\n]"
2024-07-24 14:30:43.157 [Test worker] DEBUG c.g.d.z.s.o.a.h.client5.http.headers - http-outgoing-19 << HTTP/1.1 200 OK
2024-07-24 14:30:43.157 [Test worker] DEBUG c.g.d.z.s.o.a.h.client5.http.headers - http-outgoing-19 << Api-Version: 1.45
2024-07-24 14:30:43.157 [Test worker] DEBUG c.g.d.z.s.o.a.h.client5.http.headers - http-outgoing-19 << Content-Type: application/json
2024-07-24 14:30:43.157 [Test worker] DEBUG c.g.d.z.s.o.a.h.client5.http.headers - http-outgoing-19 << Date: Wed, 24 Jul 2024 02:30:43 GMT
2024-07-24 14:30:43.157 [Test worker] DEBUG c.g.d.z.s.o.a.h.client5.http.headers - http-outgoing-19 << Docker-Experimental: false
2024-07-24 14:30:43.157 [Test worker] DEBUG c.g.d.z.s.o.a.h.client5.http.headers - http-outgoing-19 << Ostype: linux
2024-07-24 14:30:43.157 [Test worker] DEBUG c.g.d.z.s.o.a.h.client5.http.headers - http-outgoing-19 << Server: Docker/26.0.0 (linux)
2024-07-24 14:30:43.157 [Test worker] DEBUG c.g.d.z.s.o.a.h.client5.http.headers - http-outgoing-19 << Transfer-Encoding: chunked
2024-07-24 14:30:43.157 [Test worker] DEBUG c.g.d.z.s.o.a.h.c.h.i.c.MainClientExec - ex-000000CC: connection can be kept alive for 3 MINUTES
2024-07-24 14:30:43.158 [Test worker] DEBUG c.g.d.z.s.o.a.hc.client5.http.wire - http-outgoing-19 << "1a37[\r][\n]"
2024-07-24 14:30:43.158 [Test worker] DEBUG c.g.d.z.s.o.a.hc.client5.http.wire - http-outgoing-19 << "{"Id":"7c9a29c4879ab957d8fc1965a67b4eae934f2b817dd9d4ff072501431c5d46bf","Created":"2024-07-24T02:30:41.295697693Z","Path":"docker-entrypoint.sh","Args":["postgres","-c","fsync=off"],"State":{"Status":"running","Running":true,"Paused":false,"Restarting":false,"OOMKilled":false,"Dead":false,"Pid":30316,"ExitCode":0,"Error":"","StartedAt":"2024-07-24T02:30:41.755979014Z","FinishedAt":"0001-01-01T00:00:00Z"},"Image":"sha256:8e4fc9e184899a58735e7ee333f5e272d7d2298cf59302006b71f33e217be130","ResolvConfPath":"/var/lib/docker/containers/7c9a29c4879ab957d8fc1965a67b4eae934f2b817dd9d4ff072501431c5d46bf/resolv.conf","HostnamePath":"/var/lib/docker/containers/7c9a29c4879ab957d8fc1965a67b4eae934f2b817dd9d4ff072501431c5d46bf/hostname","HostsPath":"/var/lib/docker/containers/7c9a29c4879ab957d8fc1965a67b4eae934f2b817dd9d4ff072501431c5d46bf/hosts","LogPath":"/var/lib/docker/containers/7c9a29c4879ab957d8fc1965a67b4eae934f2b817dd9d4ff072501431c5d46bf/7c9a29c4879ab957d8fc1965a67b4eae934f2b817dd9d4ff072501431c5d46bf-json.log","Name":"/funny_einstein","RestartCount":0,"Driver":"overlay2","Platform":"linux","MountLabel":"","ProcessLabel":"","AppArmorProfile":"","ExecIDs":null,"HostConfig":{"Binds":[],"ContainerIDFile":"","LogConfig":{"Type":"json-file","Config":{}},"NetworkMode":"default","PortBindings":{"5432/tcp":[{"HostIp":"0.0.0.0","HostPort":"0"}]},"RestartPolicy":{"Name":"no","MaximumRetryCount":0},"AutoRemove":false,"VolumeDriver":"","VolumesFrom":[],"ConsoleSize":[0,0],"CapAdd":null,"CapDrop":null,"CgroupnsMode":"host","Dns":null,"DnsOptions":null,"DnsSearch":null,"ExtraHosts":[],"GroupAdd":null,"IpcMode":"shareable","Cgroup":"","Links":null,"OomScoreAdj":0,"PidMode":"","Privileged":false,"PublishAllPorts":false,"ReadonlyRootfs":false,"SecurityOpt":null,"UTSMode":"","UsernsMode":"","ShmSize":67108864,"Runtime":"runc","Isolation":"","CpuShares":0,"Memory":0,"NanoCpus":0,"CgroupParent":"","BlkioWeight":0,"BlkioWeightDevice":null,"BlkioDeviceReadBps":null,"BlkioDeviceWriteBps":null,"BlkioDeviceReadIOps":null,"BlkioDeviceWriteIOps":null,"CpuPeriod":0,"CpuQuota":0,"CpuRealtimePeriod":0,"CpuRealtimeRuntime":0,"CpusetCpus":"","CpusetMems":"","Devices":null,"DeviceCgroupRules":null,"DeviceRequests":null,"MemoryReservation":0,"MemorySwap":0,"MemorySwappiness":null,"OomKillDisable":false,"PidsLimit":null,"Ulimits":null,"CpuCount":0,"CpuPercent":0,"IOMaximumIOps":0,"IOMaximumBandwidth":0,"MaskedPaths":["/proc/asound","/proc/acpi","/proc/kcore","/proc/keys","/proc/latency_stats","/proc/timer_list","/proc/timer_stats","/proc/sched_debug","/proc/scsi","/sys/firmware","/sys/devices/virtual/powercap"],"ReadonlyPaths":["/proc/bus","/proc/fs","/proc/irq","/proc/sys","/proc/sysrq-trigger"]},"GraphDriver":{"Data":{"LowerDir":"/var/lib/docker/overlay2/b4cde8ad73319d3089a403a7334e54c5c11b8c7780a010a0ed4078d455379a75-init/diff:/var/lib/docker/overlay2/8f0ddbd386af0785c2e348570516955816ab350305d698d363962d488eeb15ec/diff:/var/lib/docker/overlay2/0eb0ca73e9b0be7c3d7fa8762ef4778a68f38391bc84c037c2e90b88e781b475/diff:/var/lib/docker/overlay2/74e634bddc785c5d436b10a5158cd82e21dc2065fd1cf8ff9c1c12e01575a2d8/diff:/var/lib/docker/overlay2/bb918b2851cd2f508f1e3fdbfff8b7f8b041d61e65fe8c368288bf399e80b818/diff:/var/lib/docker/overlay2/2abab2946cbdc2941ee8ec4024c51dac7313dee9de5fbedd1ca33388c59eb3c8/diff:/var/lib/docker/overlay2/e12f6083ee669bd92743ceb339a896bb25dbe461b718705bb39eb410b80c0ecd/diff:/var/lib/docker/overlay2/ced1e86d670d097da5ed4da7288c22507735918959161c2cd8bf083fb30d169a/diff:/var/lib/docker/overlay2/94e9ac7b74923285ae73af20aeccb964ca9079e2305db367cb85d1603560472d/diff:/var/lib/docker/overlay2/a396b6dfd63f0c228c519871183c614cccf4d366a43460f27ecf97113c3c4be8/diff:/var/lib/docker/overlay2/f58ada5d5080c2bac553c734f81127660a90581a35ed2a92cebe3c59e340875b/diff:/var/lib/docker/overlay2/84f85636f37bf55d945e217b4f87a856eba7932284beaf042561007b66f48977/diff:/var/lib/docker/overlay2/1e6e519613884e91a2b74a588ba35dc8a2f789371ab798ef6e7d9836d756042f/diff:/var/lib/docker/overlay2/14a3151cc8b4f9d27d2e64f1a8abc0c7809309580f2d7e8dc8545055c1d56194/diff:/var/lib/dock"
2024-07-24 14:30:43.158 [Test worker] DEBUG c.g.d.z.s.o.a.hc.client5.http.wire - http-outgoing-19 << "er/overlay2/5b354b9e793401517fe2f1da697653fdaadffc54888eaf76d67e0600b8c68bdc/diff","MergedDir":"/var/lib/docker/overlay2/b4cde8ad73319d3089a403a7334e54c5c11b8c7780a010a0ed4078d455379a75/merged","UpperDir":"/var/lib/docker/overlay2/b4cde8ad73319d3089a403a7334e54c5c11b8c7780a010a0ed4078d455379a75/diff","WorkDir":"/var/lib/docker/overlay2/b4cde8ad73319d3089a403a7334e54c5c11b8c7780a010a0ed4078d455379a75/work"},"Name":"overlay2"},"Mounts":[{"Type":"volume","Name":"602df9ea8607dc1c4a99e522242a9e5e630be425a10e0caab7b4028f3ff06740","Source":"/var/lib/docker/volumes/602df9ea8607dc1c4a99e522242a9e5e630be425a10e0caab7b4028f3ff06740/_data","Destination":"/var/lib/postgresql/data","Driver":"local","Mode":"","RW":true,"Propagation":""}],"Config":{"Hostname":"7c9a29c4879a","Domainname":"","User":"","AttachStdin":false,"AttachStdout":false,"AttachStderr":false,"ExposedPorts":{"5432/tcp":{}},"Tty":false,"OpenStdin":false,"StdinOnce":false,"Env":["POSTGRES_USER=user","POSTGRES_PASSWORD=password","POSTGRES_DB=db","PATH=/usr/local/sbin:/usr/local/bin:/usr/sbin:/usr/bin:/sbin:/bin:/usr/lib/postgresql/16/bin","GOSU_VERSION=1.17","LANG=en_US.utf8","PG_MAJOR=16","PG_VERSION=16.2-1.pgdg120+2","PGDATA=/var/lib/postgresql/data"],"Cmd":["postgres","-c","fsync=off"],"Image":"postgres:latest","Volumes":{"/var/lib/postgresql/data":{}},"WorkingDir":"","Entrypoint":["docker-entrypoint.sh"],"OnBuild":null,"Labels":{"org.testcontainers":"true","org.testcontainers.lang":"java","org.testcontainers.sessionId":"280e6229-7396-4d60-b1e3-a5de48b5d49b","org.testcontainers.version":"1.19.8"},"StopSignal":"SIGINT"},"NetworkSettings":{"Bridge":"","SandboxID":"d28fc92553f55d1526c06301b51fe1864840b3c28944104fd18553af5a28bb9f","SandboxKey":"/var/run/docker/netns/d28fc92553f5","Ports":{"5432/tcp":[{"HostIp":"0.0.0.0","HostPort":"51569"}]},"HairpinMode":false,"LinkLocalIPv6Address":"","LinkLocalIPv6PrefixLen":0,"SecondaryIPAddresses":null,"SecondaryIPv6Addresses":null,"EndpointID":"1e144ef32f8bf830867fe4ced5273d188264fbfb48fc076bdc0f956bf4d16e66","Gateway":"172.17.0.1","GlobalIPv6Address":"","GlobalIPv6PrefixLen":0,"IPAddress":"172.17.0.3","IPPrefixLen":16,"IPv6Gateway":"","MacAddress":"02:42:ac:11:00:03","Networks":{"bridge":{"IPAMConfig":null,"Links":null,"Aliases":null,"MacAddress":"02:42:ac:11:00:03","NetworkID":"3c842496be344cbdae878c1dee0957e7bc7c0a2236009c92752030f2b053e72f","EndpointID":"1e144ef32f8bf830867fe4ced5273d188264fbfb48fc076bdc0f956bf4d16e66","Gateway":"172.17.0.1","IPAddress":"172.17.0.3","IPPrefixLen":16,"IPv6Gateway":"","GlobalIPv6Address":"","GlobalIPv6PrefixLen":0,"DriverOpts":null,"DNSNames":null}}}}[\n]"
2024-07-24 14:30:43.158 [Test worker] DEBUG c.g.d.z.s.o.a.hc.client5.http.wire - http-outgoing-19 << "[\r][\n]"
2024-07-24 14:30:43.158 [Test worker] DEBUG c.g.d.z.s.o.a.hc.client5.http.wire - http-outgoing-19 << "0[\r][\n]"
2024-07-24 14:30:43.158 [Test worker] DEBUG c.g.d.z.s.o.a.hc.client5.http.wire - http-outgoing-19 << "[\r][\n]"
2024-07-24 14:30:43.158 [Test worker] DEBUG c.g.d.z.s.o.a.h.c.h.i.c.InternalHttpClient - ep-000000CB: releasing valid endpoint
2024-07-24 14:30:43.158 [Test worker] DEBUG c.g.d.z.s.o.a.h.c.h.i.i.PoolingHttpClientConnectionManager - ep-000000CB: releasing endpoint
2024-07-24 14:30:43.159 [Test worker] DEBUG c.g.d.z.s.o.a.h.c.h.i.i.PoolingHttpClientConnectionManager - ep-000000CB: connection http-outgoing-19 can be kept alive for 3 MINUTES
2024-07-24 14:30:43.159 [Test worker] DEBUG c.g.d.z.s.o.a.h.c.h.i.i.PoolingHttpClientConnectionManager - ep-000000CB: connection released [route: {}->npipe://localhost:2375][total available: 1; route allocated: 1 of 2147483647; total allocated: 1 of 2147483647]
2024-07-24 14:30:43.159 [Test worker] TRACE o.t.utility.ResourceReaper - Stopping container: 7c9a29c4879ab957d8fc1965a67b4eae934f2b817dd9d4ff072501431c5d46bf
2024-07-24 14:30:43.159 [Test worker] DEBUG o.t.s.c.g.d.c.command.AbstrDockerCmd - Cmd: 7c9a29c4879ab957d8fc1965a67b4eae934f2b817dd9d4ff072501431c5d46bf,<null>
2024-07-24 14:30:43.159 [Test worker] TRACE o.t.s.c.g.d.c.e.KillContainerCmdExec - POST: DefaultWebTarget{path=[/containers/7c9a29c4879ab957d8fc1965a67b4eae934f2b817dd9d4ff072501431c5d46bf/kill], queryParams={}}
2024-07-24 14:30:43.159 [Test worker] DEBUG c.g.d.z.s.o.a.h.c.h.i.c.InternalHttpClient - ex-000000CD: preparing request execution
2024-07-24 14:30:43.159 [Test worker] DEBUG c.g.d.z.s.o.a.h.c.h.p.RequestAddCookies - Cookie spec selected: strict
2024-07-24 14:30:43.159 [Test worker] DEBUG c.g.d.z.s.o.a.h.c.h.p.RequestAuthCache - Auth cache not set in the context
2024-07-24 14:30:43.159 [Test worker] DEBUG c.g.d.z.s.o.a.h.c.h.i.c.ProtocolExec - ex-000000CD: target auth state: UNCHALLENGED
2024-07-24 14:30:43.160 [Test worker] DEBUG c.g.d.z.s.o.a.h.c.h.i.c.ProtocolExec - ex-000000CD: proxy auth state: UNCHALLENGED
2024-07-24 14:30:43.160 [Test worker] DEBUG c.g.d.z.s.o.a.h.c.h.i.c.ConnectExec - ex-000000CD: acquiring connection with route {}->npipe://localhost:2375
2024-07-24 14:30:43.160 [Test worker] DEBUG c.g.d.z.s.o.a.h.c.h.i.c.InternalHttpClient - ex-000000CD: acquiring endpoint (3 MINUTES)
2024-07-24 14:30:43.160 [Test worker] DEBUG c.g.d.z.s.o.a.h.c.h.i.i.PoolingHttpClientConnectionManager - ex-000000CD: endpoint lease request (3 MINUTES) [route: {}->npipe://localhost:2375][total available: 1; route allocated: 1 of 2147483647; total allocated: 1 of 2147483647]
2024-07-24 14:30:43.160 [Test worker] DEBUG c.g.d.z.s.o.a.h.c.h.i.i.PoolingHttpClientConnectionManager - ex-000000CD: endpoint leased [route: {}->npipe://localhost:2375][total available: 0; route allocated: 1 of 2147483647; total allocated: 1 of 2147483647]
2024-07-24 14:30:43.160 [Test worker] DEBUG c.g.d.z.s.o.a.h.c.h.i.i.PoolingHttpClientConnectionManager - ex-000000CD: acquired ep-000000CC
2024-07-24 14:30:43.160 [Test worker] DEBUG c.g.d.z.s.o.a.h.c.h.i.c.InternalHttpClient - ex-000000CD: acquired endpoint ep-000000CC
2024-07-24 14:30:43.160 [Test worker] DEBUG c.g.d.z.s.o.a.h.c.h.i.c.MainClientExec - ex-000000CD: executing POST /v1.32/containers/7c9a29c4879ab957d8fc1965a67b4eae934f2b817dd9d4ff072501431c5d46bf/kill HTTP/1.1
2024-07-24 14:30:43.160 [Test worker] DEBUG c.g.d.z.s.o.a.h.c.h.i.c.InternalHttpClient - ep-000000CC: start execution ex-000000CD
2024-07-24 14:30:43.160 [Test worker] DEBUG c.g.d.z.s.o.a.h.c.h.i.i.PoolingHttpClientConnectionManager - ep-000000CC: executing exchange ex-000000CD over http-outgoing-19
2024-07-24 14:30:43.160 [Test worker] DEBUG c.g.d.z.s.o.a.h.client5.http.headers - http-outgoing-19 >> POST /v1.32/containers/7c9a29c4879ab957d8fc1965a67b4eae934f2b817dd9d4ff072501431c5d46bf/kill HTTP/1.1
2024-07-24 14:30:43.160 [Test worker] DEBUG c.g.d.z.s.o.a.h.client5.http.headers - http-outgoing-19 >> accept: application/json
2024-07-24 14:30:43.160 [Test worker] DEBUG c.g.d.z.s.o.a.h.client5.http.headers - http-outgoing-19 >> content-type: application/json
2024-07-24 14:30:43.160 [Test worker] DEBUG c.g.d.z.s.o.a.h.client5.http.headers - http-outgoing-19 >> x-tc-sid: 280e6229-7396-4d60-b1e3-a5de48b5d49b
2024-07-24 14:30:43.160 [Test worker] DEBUG c.g.d.z.s.o.a.h.client5.http.headers - http-outgoing-19 >> User-Agent: tc-java/1.19.8
2024-07-24 14:30:43.160 [Test worker] DEBUG c.g.d.z.s.o.a.h.client5.http.headers - http-outgoing-19 >> Accept-Encoding: gzip, x-gzip, deflate
2024-07-24 14:30:43.160 [Test worker] DEBUG c.g.d.z.s.o.a.h.client5.http.headers - http-outgoing-19 >> Host: localhost:2375
2024-07-24 14:30:43.160 [Test worker] DEBUG c.g.d.z.s.o.a.h.client5.http.headers - http-outgoing-19 >> Connection: keep-alive
2024-07-24 14:30:43.160 [Test worker] DEBUG c.g.d.z.s.o.a.hc.client5.http.wire - http-outgoing-19 >> "POST /v1.32/containers/7c9a29c4879ab957d8fc1965a67b4eae934f2b817dd9d4ff072501431c5d46bf/kill HTTP/1.1[\r][\n]"
2024-07-24 14:30:43.160 [Test worker] DEBUG c.g.d.z.s.o.a.hc.client5.http.wire - http-outgoing-19 >> "accept: application/json[\r][\n]"
2024-07-24 14:30:43.160 [Test worker] DEBUG c.g.d.z.s.o.a.hc.client5.http.wire - http-outgoing-19 >> "content-type: application/json[\r][\n]"
2024-07-24 14:30:43.160 [Test worker] DEBUG c.g.d.z.s.o.a.hc.client5.http.wire - http-outgoing-19 >> "x-tc-sid: 280e6229-7396-4d60-b1e3-a5de48b5d49b[\r][\n]"
2024-07-24 14:30:43.160 [Test worker] DEBUG c.g.d.z.s.o.a.hc.client5.http.wire - http-outgoing-19 >> "User-Agent: tc-java/1.19.8[\r][\n]"
2024-07-24 14:30:43.160 [Test worker] DEBUG c.g.d.z.s.o.a.hc.client5.http.wire - http-outgoing-19 >> "Accept-Encoding: gzip, x-gzip, deflate[\r][\n]"
2024-07-24 14:30:43.160 [Test worker] DEBUG c.g.d.z.s.o.a.hc.client5.http.wire - http-outgoing-19 >> "Host: localhost:2375[\r][\n]"
2024-07-24 14:30:43.160 [Test worker] DEBUG c.g.d.z.s.o.a.hc.client5.http.wire - http-outgoing-19 >> "Connection: keep-alive[\r][\n]"
2024-07-24 14:30:43.160 [Test worker] DEBUG c.g.d.z.s.o.a.hc.client5.http.wire - http-outgoing-19 >> "[\r][\n]"
2024-07-24 14:30:43.612 [Test worker] DEBUG c.g.d.z.s.o.a.hc.client5.http.wire - http-outgoing-19 << "HTTP/1.1 204 No Content[\r][\n]"
2024-07-24 14:30:43.612 [Test worker] DEBUG c.g.d.z.s.o.a.hc.client5.http.wire - http-outgoing-19 << "Api-Version: 1.45[\r][\n]"
2024-07-24 14:30:43.612 [Test worker] DEBUG c.g.d.z.s.o.a.hc.client5.http.wire - http-outgoing-19 << "Date: Wed, 24 Jul 2024 02:30:43 GMT[\r][\n]"
2024-07-24 14:30:43.612 [Test worker] DEBUG c.g.d.z.s.o.a.hc.client5.http.wire - http-outgoing-19 << "Docker-Experimental: false[\r][\n]"
2024-07-24 14:30:43.612 [Test worker] DEBUG c.g.d.z.s.o.a.hc.client5.http.wire - http-outgoing-19 << "Ostype: linux[\r][\n]"
2024-07-24 14:30:43.612 [Test worker] DEBUG c.g.d.z.s.o.a.hc.client5.http.wire - http-outgoing-19 << "Server: Docker/26.0.0 (linux)[\r][\n]"
2024-07-24 14:30:43.612 [Test worker] DEBUG c.g.d.z.s.o.a.hc.client5.http.wire - http-outgoing-19 << "[\r][\n]"
2024-07-24 14:30:43.612 [Test worker] DEBUG c.g.d.z.s.o.a.h.client5.http.headers - http-outgoing-19 << HTTP/1.1 204 No Content
2024-07-24 14:30:43.612 [Test worker] DEBUG c.g.d.z.s.o.a.h.client5.http.headers - http-outgoing-19 << Api-Version: 1.45
2024-07-24 14:30:43.612 [Test worker] DEBUG c.g.d.z.s.o.a.h.client5.http.headers - http-outgoing-19 << Date: Wed, 24 Jul 2024 02:30:43 GMT
2024-07-24 14:30:43.612 [Test worker] DEBUG c.g.d.z.s.o.a.h.client5.http.headers - http-outgoing-19 << Docker-Experimental: false
2024-07-24 14:30:43.612 [Test worker] DEBUG c.g.d.z.s.o.a.h.client5.http.headers - http-outgoing-19 << Ostype: linux
2024-07-24 14:30:43.612 [Test worker] DEBUG c.g.d.z.s.o.a.h.client5.http.headers - http-outgoing-19 << Server: Docker/26.0.0 (linux)
2024-07-24 14:30:43.613 [Test worker] DEBUG c.g.d.z.s.o.a.h.c.h.i.c.MainClientExec - ex-000000CD: connection can be kept alive for 3 MINUTES
2024-07-24 14:30:43.613 [Test worker] DEBUG c.g.d.z.s.o.a.h.c.h.i.c.InternalHttpClient - ep-000000CC: releasing valid endpoint
2024-07-24 14:30:43.613 [Test worker] DEBUG c.g.d.z.s.o.a.h.c.h.i.i.PoolingHttpClientConnectionManager - ep-000000CC: releasing endpoint
2024-07-24 14:30:43.613 [Test worker] DEBUG c.g.d.z.s.o.a.h.c.h.i.i.PoolingHttpClientConnectionManager - ep-000000CC: connection http-outgoing-19 can be kept alive for 3 MINUTES
2024-07-24 14:30:43.613 [Test worker] DEBUG c.g.d.z.s.o.a.h.c.h.i.i.PoolingHttpClientConnectionManager - ep-000000CC: connection released [route: {}->npipe://localhost:2375][total available: 1; route allocated: 1 of 2147483647; total allocated: 1 of 2147483647]
2024-07-24 14:30:43.613 [Test worker] TRACE o.t.utility.ResourceReaper - Stopped container: postgres:latest
2024-07-24 14:30:43.613 [Test worker] DEBUG o.t.s.c.g.d.c.command.AbstrDockerCmd - Cmd: 7c9a29c4879ab957d8fc1965a67b4eae934f2b817dd9d4ff072501431c5d46bf,false
2024-07-24 14:30:43.613 [Test worker] DEBUG o.t.s.c.g.d.c.e.InspectContainerCmdExec - GET: DefaultWebTarget{path=[/containers/7c9a29c4879ab957d8fc1965a67b4eae934f2b817dd9d4ff072501431c5d46bf/json], queryParams={}}
2024-07-24 14:30:43.613 [Test worker] DEBUG c.g.d.z.s.o.a.h.c.h.i.c.InternalHttpClient - ex-000000CE: preparing request execution
2024-07-24 14:30:43.613 [Test worker] DEBUG c.g.d.z.s.o.a.h.c.h.p.RequestAddCookies - Cookie spec selected: strict
2024-07-24 14:30:43.614 [Test worker] DEBUG c.g.d.z.s.o.a.h.c.h.p.RequestAuthCache - Auth cache not set in the context
2024-07-24 14:30:43.614 [Test worker] DEBUG c.g.d.z.s.o.a.h.c.h.i.c.ProtocolExec - ex-000000CE: target auth state: UNCHALLENGED
2024-07-24 14:30:43.614 [Test worker] DEBUG c.g.d.z.s.o.a.h.c.h.i.c.ProtocolExec - ex-000000CE: proxy auth state: UNCHALLENGED
2024-07-24 14:30:43.614 [Test worker] DEBUG c.g.d.z.s.o.a.h.c.h.i.c.ConnectExec - ex-000000CE: acquiring connection with route {}->npipe://localhost:2375
2024-07-24 14:30:43.614 [Test worker] DEBUG c.g.d.z.s.o.a.h.c.h.i.c.InternalHttpClient - ex-000000CE: acquiring endpoint (3 MINUTES)
2024-07-24 14:30:43.614 [Test worker] DEBUG c.g.d.z.s.o.a.h.c.h.i.i.PoolingHttpClientConnectionManager - ex-000000CE: endpoint lease request (3 MINUTES) [route: {}->npipe://localhost:2375][total available: 1; route allocated: 1 of 2147483647; total allocated: 1 of 2147483647]
2024-07-24 14:30:43.614 [Test worker] DEBUG c.g.d.z.s.o.a.h.c.h.i.i.PoolingHttpClientConnectionManager - ex-000000CE: endpoint leased [route: {}->npipe://localhost:2375][total available: 0; route allocated: 1 of 2147483647; total allocated: 1 of 2147483647]
2024-07-24 14:30:43.614 [Test worker] DEBUG c.g.d.z.s.o.a.h.c.h.i.i.PoolingHttpClientConnectionManager - ex-000000CE: acquired ep-000000CD
2024-07-24 14:30:43.614 [Test worker] DEBUG c.g.d.z.s.o.a.h.c.h.i.c.InternalHttpClient - ex-000000CE: acquired endpoint ep-000000CD
2024-07-24 14:30:43.614 [Test worker] DEBUG c.g.d.z.s.o.a.h.c.h.i.c.MainClientExec - ex-000000CE: executing GET /v1.32/containers/7c9a29c4879ab957d8fc1965a67b4eae934f2b817dd9d4ff072501431c5d46bf/json HTTP/1.1
2024-07-24 14:30:43.614 [Test worker] DEBUG c.g.d.z.s.o.a.h.c.h.i.c.InternalHttpClient - ep-000000CD: start execution ex-000000CE
2024-07-24 14:30:43.614 [Test worker] DEBUG c.g.d.z.s.o.a.h.c.h.i.i.PoolingHttpClientConnectionManager - ep-000000CD: executing exchange ex-000000CE over http-outgoing-19
2024-07-24 14:30:43.614 [Test worker] DEBUG c.g.d.z.s.o.a.h.client5.http.headers - http-outgoing-19 >> GET /v1.32/containers/7c9a29c4879ab957d8fc1965a67b4eae934f2b817dd9d4ff072501431c5d46bf/json HTTP/1.1
2024-07-24 14:30:43.614 [Test worker] DEBUG c.g.d.z.s.o.a.h.client5.http.headers - http-outgoing-19 >> accept: application/json
2024-07-24 14:30:43.614 [Test worker] DEBUG c.g.d.z.s.o.a.h.client5.http.headers - http-outgoing-19 >> x-tc-sid: 280e6229-7396-4d60-b1e3-a5de48b5d49b
2024-07-24 14:30:43.614 [Test worker] DEBUG c.g.d.z.s.o.a.h.client5.http.headers - http-outgoing-19 >> User-Agent: tc-java/1.19.8
2024-07-24 14:30:43.614 [Test worker] DEBUG c.g.d.z.s.o.a.h.client5.http.headers - http-outgoing-19 >> Accept-Encoding: gzip, x-gzip, deflate
2024-07-24 14:30:43.614 [Test worker] DEBUG c.g.d.z.s.o.a.h.client5.http.headers - http-outgoing-19 >> Host: localhost:2375
2024-07-24 14:30:43.614 [Test worker] DEBUG c.g.d.z.s.o.a.h.client5.http.headers - http-outgoing-19 >> Connection: keep-alive
2024-07-24 14:30:43.614 [Test worker] DEBUG c.g.d.z.s.o.a.hc.client5.http.wire - http-outgoing-19 >> "GET /v1.32/containers/7c9a29c4879ab957d8fc1965a67b4eae934f2b817dd9d4ff072501431c5d46bf/json HTTP/1.1[\r][\n]"
2024-07-24 14:30:43.614 [Test worker] DEBUG c.g.d.z.s.o.a.hc.client5.http.wire - http-outgoing-19 >> "accept: application/json[\r][\n]"
2024-07-24 14:30:43.614 [Test worker] DEBUG c.g.d.z.s.o.a.hc.client5.http.wire - http-outgoing-19 >> "x-tc-sid: 280e6229-7396-4d60-b1e3-a5de48b5d49b[\r][\n]"
2024-07-24 14:30:43.614 [Test worker] DEBUG c.g.d.z.s.o.a.hc.client5.http.wire - http-outgoing-19 >> "User-Agent: tc-java/1.19.8[\r][\n]"
2024-07-24 14:30:43.614 [Test worker] DEBUG c.g.d.z.s.o.a.hc.client5.http.wire - http-outgoing-19 >> "Accept-Encoding: gzip, x-gzip, deflate[\r][\n]"
2024-07-24 14:30:43.614 [Test worker] DEBUG c.g.d.z.s.o.a.hc.client5.http.wire - http-outgoing-19 >> "Host: localhost:2375[\r][\n]"
2024-07-24 14:30:43.614 [Test worker] DEBUG c.g.d.z.s.o.a.hc.client5.http.wire - http-outgoing-19 >> "Connection: keep-alive[\r][\n]"
2024-07-24 14:30:43.614 [Test worker] DEBUG c.g.d.z.s.o.a.hc.client5.http.wire - http-outgoing-19 >> "[\r][\n]"
2024-07-24 14:30:43.629 [Test worker] DEBUG c.g.d.z.s.o.a.hc.client5.http.wire - http-outgoing-19 << "HTTP/1.1 200 OK[\r][\n]"
2024-07-24 14:30:43.629 [Test worker] DEBUG c.g.d.z.s.o.a.hc.client5.http.wire - http-outgoing-19 << "Api-Version: 1.45[\r][\n]"
2024-07-24 14:30:43.629 [Test worker] DEBUG c.g.d.z.s.o.a.hc.client5.http.wire - http-outgoing-19 << "Content-Type: application/json[\r][\n]"
2024-07-24 14:30:43.629 [Test worker] DEBUG c.g.d.z.s.o.a.hc.client5.http.wire - http-outgoing-19 << "Date: Wed, 24 Jul 2024 02:30:43 GMT[\r][\n]"
2024-07-24 14:30:43.629 [Test worker] DEBUG c.g.d.z.s.o.a.hc.client5.http.wire - http-outgoing-19 << "Docker-Experimental: false[\r][\n]"
2024-07-24 14:30:43.629 [Test worker] DEBUG c.g.d.z.s.o.a.hc.client5.http.wire - http-outgoing-19 << "Ostype: linux[\r][\n]"
2024-07-24 14:30:43.629 [Test worker] DEBUG c.g.d.z.s.o.a.hc.client5.http.wire - http-outgoing-19 << "Server: Docker/26.0.0 (linux)[\r][\n]"
2024-07-24 14:30:43.629 [Test worker] DEBUG c.g.d.z.s.o.a.hc.client5.http.wire - http-outgoing-19 << "Transfer-Encoding: chunked[\r][\n]"
2024-07-24 14:30:43.629 [Test worker] DEBUG c.g.d.z.s.o.a.hc.client5.http.wire - http-outgoing-19 << "[\r][\n]"
2024-07-24 14:30:43.629 [Test worker] DEBUG c.g.d.z.s.o.a.h.client5.http.headers - http-outgoing-19 << HTTP/1.1 200 OK
2024-07-24 14:30:43.629 [Test worker] DEBUG c.g.d.z.s.o.a.h.client5.http.headers - http-outgoing-19 << Api-Version: 1.45
2024-07-24 14:30:43.629 [Test worker] DEBUG c.g.d.z.s.o.a.h.client5.http.headers - http-outgoing-19 << Content-Type: application/json
2024-07-24 14:30:43.629 [Test worker] DEBUG c.g.d.z.s.o.a.h.client5.http.headers - http-outgoing-19 << Date: Wed, 24 Jul 2024 02:30:43 GMT
2024-07-24 14:30:43.629 [Test worker] DEBUG c.g.d.z.s.o.a.h.client5.http.headers - http-outgoing-19 << Docker-Experimental: false
2024-07-24 14:30:43.629 [Test worker] DEBUG c.g.d.z.s.o.a.h.client5.http.headers - http-outgoing-19 << Ostype: linux
2024-07-24 14:30:43.629 [Test worker] DEBUG c.g.d.z.s.o.a.h.client5.http.headers - http-outgoing-19 << Server: Docker/26.0.0 (linux)
2024-07-24 14:30:43.629 [Test worker] DEBUG c.g.d.z.s.o.a.h.client5.http.headers - http-outgoing-19 << Transfer-Encoding: chunked
2024-07-24 14:30:43.629 [Test worker] DEBUG c.g.d.z.s.o.a.h.c.h.i.c.MainClientExec - ex-000000CE: connection can be kept alive for 3 MINUTES
2024-07-24 14:30:43.630 [Test worker] DEBUG c.g.d.z.s.o.a.hc.client5.http.wire - http-outgoing-19 << "193e[\r][\n]"
2024-07-24 14:30:43.630 [Test worker] DEBUG c.g.d.z.s.o.a.hc.client5.http.wire - http-outgoing-19 << "{"Id":"7c9a29c4879ab957d8fc1965a67b4eae934f2b817dd9d4ff072501431c5d46bf","Created":"2024-07-24T02:30:41.295697693Z","Path":"docker-entrypoint.sh","Args":["postgres","-c","fsync=off"],"State":{"Status":"exited","Running":false,"Paused":false,"Restarting":false,"OOMKilled":false,"Dead":false,"Pid":0,"ExitCode":137,"Error":"","StartedAt":"2024-07-24T02:30:41.755979014Z","FinishedAt":"2024-07-24T02:30:43.20306126Z"},"Image":"sha256:8e4fc9e184899a58735e7ee333f5e272d7d2298cf59302006b71f33e217be130","ResolvConfPath":"/var/lib/docker/containers/7c9a29c4879ab957d8fc1965a67b4eae934f2b817dd9d4ff072501431c5d46bf/resolv.conf","HostnamePath":"/var/lib/docker/containers/7c9a29c4879ab957d8fc1965a67b4eae934f2b817dd9d4ff072501431c5d46bf/hostname","HostsPath":"/var/lib/docker/containers/7c9a29c4879ab957d8fc1965a67b4eae934f2b817dd9d4ff072501431c5d46bf/hosts","LogPath":"/var/lib/docker/containers/7c9a29c4879ab957d8fc1965a67b4eae934f2b817dd9d4ff072501431c5d46bf/7c9a29c4879ab957d8fc1965a67b4eae934f2b817dd9d4ff072501431c5d46bf-json.log","Name":"/funny_einstein","RestartCount":0,"Driver":"overlay2","Platform":"linux","MountLabel":"","ProcessLabel":"","AppArmorProfile":"","ExecIDs":null,"HostConfig":{"Binds":[],"ContainerIDFile":"","LogConfig":{"Type":"json-file","Config":{}},"NetworkMode":"default","PortBindings":{"5432/tcp":[{"HostIp":"0.0.0.0","HostPort":"0"}]},"RestartPolicy":{"Name":"no","MaximumRetryCount":0},"AutoRemove":false,"VolumeDriver":"","VolumesFrom":[],"ConsoleSize":[0,0],"CapAdd":null,"CapDrop":null,"CgroupnsMode":"host","Dns":null,"DnsOptions":null,"DnsSearch":null,"ExtraHosts":[],"GroupAdd":null,"IpcMode":"shareable","Cgroup":"","Links":null,"OomScoreAdj":0,"PidMode":"","Privileged":false,"PublishAllPorts":false,"ReadonlyRootfs":false,"SecurityOpt":null,"UTSMode":"","UsernsMode":"","ShmSize":67108864,"Runtime":"runc","Isolation":"","CpuShares":0,"Memory":0,"NanoCpus":0,"CgroupParent":"","BlkioWeight":0,"BlkioWeightDevice":null,"BlkioDeviceReadBps":null,"BlkioDeviceWriteBps":null,"BlkioDeviceReadIOps":null,"BlkioDeviceWriteIOps":null,"CpuPeriod":0,"CpuQuota":0,"CpuRealtimePeriod":0,"CpuRealtimeRuntime":0,"CpusetCpus":"","CpusetMems":"","Devices":null,"DeviceCgroupRules":null,"DeviceRequests":null,"MemoryReservation":0,"MemorySwap":0,"MemorySwappiness":null,"OomKillDisable":false,"PidsLimit":null,"Ulimits":null,"CpuCount":0,"CpuPercent":0,"IOMaximumIOps":0,"IOMaximumBandwidth":0,"MaskedPaths":["/proc/asound","/proc/acpi","/proc/kcore","/proc/keys","/proc/latency_stats","/proc/timer_list","/proc/timer_stats","/proc/sched_debug","/proc/scsi","/sys/firmware","/sys/devices/virtual/powercap"],"ReadonlyPaths":["/proc/bus","/proc/fs","/proc/irq","/proc/sys","/proc/sysrq-trigger"]},"GraphDriver":{"Data":{"LowerDir":"/var/lib/docker/overlay2/b4cde8ad73319d3089a403a7334e54c5c11b8c7780a010a0ed4078d455379a75-init/diff:/var/lib/docker/overlay2/8f0ddbd386af0785c2e348570516955816ab350305d698d363962d488eeb15ec/diff:/var/lib/docker/overlay2/0eb0ca73e9b0be7c3d7fa8762ef4778a68f38391bc84c037c2e90b88e781b475/diff:/var/lib/docker/overlay2/74e634bddc785c5d436b10a5158cd82e21dc2065fd1cf8ff9c1c12e01575a2d8/diff:/var/lib/docker/overlay2/bb918b2851cd2f508f1e3fdbfff8b7f8b041d61e65fe8c368288bf399e80b818/diff:/var/lib/docker/overlay2/2abab2946cbdc2941ee8ec4024c51dac7313dee9de5fbedd1ca33388c59eb3c8/diff:/var/lib/docker/overlay2/e12f6083ee669bd92743ceb339a896bb25dbe461b718705bb39eb410b80c0ecd/diff:/var/lib/docker/overlay2/ced1e86d670d097da5ed4da7288c22507735918959161c2cd8bf083fb30d169a/diff:/var/lib/docker/overlay2/94e9ac7b74923285ae73af20aeccb964ca9079e2305db367cb85d1603560472d/diff:/var/lib/docker/overlay2/a396b6dfd63f0c228c519871183c614cccf4d366a43460f27ecf97113c3c4be8/diff:/var/lib/docker/overlay2/f58ada5d5080c2bac553c734f81127660a90581a35ed2a92cebe3c59e340875b/diff:/var/lib/docker/overlay2/84f85636f37bf55d945e217b4f87a856eba7932284beaf042561007b66f48977/diff:/var/lib/docker/overlay2/1e6e519613884e91a2b74a588ba35dc8a2f789371ab798ef6e7d9836d756042f/diff:/var/lib/docker/overlay2/14a3151cc8b4f9d27d2e64f1a8abc0c7809309580f2d7e8dc8545055c1d56194/diff:/var/l"
2024-07-24 14:30:43.631 [Test worker] DEBUG c.g.d.z.s.o.a.hc.client5.http.wire - http-outgoing-19 << "ib/docker/overlay2/5b354b9e793401517fe2f1da697653fdaadffc54888eaf76d67e0600b8c68bdc/diff","MergedDir":"/var/lib/docker/overlay2/b4cde8ad73319d3089a403a7334e54c5c11b8c7780a010a0ed4078d455379a75/merged","UpperDir":"/var/lib/docker/overlay2/b4cde8ad73319d3089a403a7334e54c5c11b8c7780a010a0ed4078d455379a75/diff","WorkDir":"/var/lib/docker/overlay2/b4cde8ad73319d3089a403a7334e54c5c11b8c7780a010a0ed4078d455379a75/work"},"Name":"overlay2"},"Mounts":[{"Type":"volume","Name":"602df9ea8607dc1c4a99e522242a9e5e630be425a10e0caab7b4028f3ff06740","Source":"/var/lib/docker/volumes/602df9ea8607dc1c4a99e522242a9e5e630be425a10e0caab7b4028f3ff06740/_data","Destination":"/var/lib/postgresql/data","Driver":"local","Mode":"","RW":true,"Propagation":""}],"Config":{"Hostname":"7c9a29c4879a","Domainname":"","User":"","AttachStdin":false,"AttachStdout":false,"AttachStderr":false,"ExposedPorts":{"5432/tcp":{}},"Tty":false,"OpenStdin":false,"StdinOnce":false,"Env":["POSTGRES_USER=user","POSTGRES_PASSWORD=password","POSTGRES_DB=db","PATH=/usr/local/sbin:/usr/local/bin:/usr/sbin:/usr/bin:/sbin:/bin:/usr/lib/postgresql/16/bin","GOSU_VERSION=1.17","LANG=en_US.utf8","PG_MAJOR=16","PG_VERSION=16.2-1.pgdg120+2","PGDATA=/var/lib/postgresql/data"],"Cmd":["postgres","-c","fsync=off"],"Image":"postgres:latest","Volumes":{"/var/lib/postgresql/data":{}},"WorkingDir":"","Entrypoint":["docker-entrypoint.sh"],"OnBuild":null,"Labels":{"org.testcontainers":"true","org.testcontainers.lang":"java","org.testcontainers.sessionId":"280e6229-7396-4d60-b1e3-a5de48b5d49b","org.testcontainers.version":"1.19.8"},"StopSignal":"SIGINT"},"NetworkSettings":{"Bridge":"","SandboxID":"d28fc92553f55d1526c06301b51fe1864840b3c28944104fd18553af5a28bb9f","SandboxKey":"/var/run/docker/netns/d28fc92553f5","Ports":{},"HairpinMode":false,"LinkLocalIPv6Address":"","LinkLocalIPv6PrefixLen":0,"SecondaryIPAddresses":null,"SecondaryIPv6Addresses":null,"EndpointID":"","Gateway":"","GlobalIPv6Address":"","GlobalIPv6PrefixLen":0,"IPAddress":"","IPPrefixLen":0,"IPv6Gateway":"","MacAddress":"","Networks":{"bridge":{"IPAMConfig":null,"Links":null,"Aliases":null,"MacAddress":"","NetworkID":"3c842496be344cbdae878c1dee0957e7bc7c0a2236009c92752030f2b053e72f","EndpointID":"","Gateway":"","IPAddress":"","IPPrefixLen":0,"IPv6Gateway":"","GlobalIPv6Address":"","GlobalIPv6PrefixLen":0,"DriverOpts":null,"DNSNames":null}}}}[\n]"
2024-07-24 14:30:43.632 [Test worker] DEBUG c.g.d.z.s.o.a.hc.client5.http.wire - http-outgoing-19 << "[\r][\n]"
2024-07-24 14:30:43.632 [Test worker] DEBUG c.g.d.z.s.o.a.hc.client5.http.wire - http-outgoing-19 << "0[\r][\n]"
2024-07-24 14:30:43.632 [Test worker] DEBUG c.g.d.z.s.o.a.hc.client5.http.wire - http-outgoing-19 << "[\r][\n]"
2024-07-24 14:30:43.632 [Test worker] DEBUG c.g.d.z.s.o.a.h.c.h.i.c.InternalHttpClient - ep-000000CD: releasing valid endpoint
2024-07-24 14:30:43.632 [Test worker] DEBUG c.g.d.z.s.o.a.h.c.h.i.i.PoolingHttpClientConnectionManager - ep-000000CD: releasing endpoint
2024-07-24 14:30:43.632 [Test worker] DEBUG c.g.d.z.s.o.a.h.c.h.i.i.PoolingHttpClientConnectionManager - ep-000000CD: connection http-outgoing-19 can be kept alive for 3 MINUTES
2024-07-24 14:30:43.632 [Test worker] DEBUG c.g.d.z.s.o.a.h.c.h.i.i.PoolingHttpClientConnectionManager - ep-000000CD: connection released [route: {}->npipe://localhost:2375][total available: 1; route allocated: 1 of 2147483647; total allocated: 1 of 2147483647]
2024-07-24 14:30:43.632 [Test worker] TRACE o.t.utility.ResourceReaper - Removing container: 7c9a29c4879ab957d8fc1965a67b4eae934f2b817dd9d4ff072501431c5d46bf
2024-07-24 14:30:43.632 [Test worker] DEBUG o.t.s.c.g.d.c.command.AbstrDockerCmd - Cmd: 7c9a29c4879ab957d8fc1965a67b4eae934f2b817dd9d4ff072501431c5d46bf,true,true
2024-07-24 14:30:43.632 [Test worker] TRACE o.t.s.c.g.d.c.e.RemoveContainerCmdExec - DELETE: DefaultWebTarget{path=[/containers/7c9a29c4879ab957d8fc1965a67b4eae934f2b817dd9d4ff072501431c5d46bf], queryParams={v=[true], force=[true]}}
2024-07-24 14:30:43.633 [Test worker] DEBUG c.g.d.z.s.o.a.h.c.h.i.c.InternalHttpClient - ex-000000CF: preparing request execution
2024-07-24 14:30:43.633 [Test worker] DEBUG c.g.d.z.s.o.a.h.c.h.p.RequestAddCookies - Cookie spec selected: strict
2024-07-24 14:30:43.633 [Test worker] DEBUG c.g.d.z.s.o.a.h.c.h.p.RequestAuthCache - Auth cache not set in the context
2024-07-24 14:30:43.633 [Test worker] DEBUG c.g.d.z.s.o.a.h.c.h.i.c.ProtocolExec - ex-000000CF: target auth state: UNCHALLENGED
2024-07-24 14:30:43.633 [Test worker] DEBUG c.g.d.z.s.o.a.h.c.h.i.c.ProtocolExec - ex-000000CF: proxy auth state: UNCHALLENGED
2024-07-24 14:30:43.633 [Test worker] DEBUG c.g.d.z.s.o.a.h.c.h.i.c.ConnectExec - ex-000000CF: acquiring connection with route {}->npipe://localhost:2375
2024-07-24 14:30:43.633 [Test worker] DEBUG c.g.d.z.s.o.a.h.c.h.i.c.InternalHttpClient - ex-000000CF: acquiring endpoint (3 MINUTES)
2024-07-24 14:30:43.633 [Test worker] DEBUG c.g.d.z.s.o.a.h.c.h.i.i.PoolingHttpClientConnectionManager - ex-000000CF: endpoint lease request (3 MINUTES) [route: {}->npipe://localhost:2375][total available: 1; route allocated: 1 of 2147483647; total allocated: 1 of 2147483647]
2024-07-24 14:30:43.633 [Test worker] DEBUG c.g.d.z.s.o.a.h.c.h.i.i.PoolingHttpClientConnectionManager - ex-000000CF: endpoint leased [route: {}->npipe://localhost:2375][total available: 0; route allocated: 1 of 2147483647; total allocated: 1 of 2147483647]
2024-07-24 14:30:43.633 [Test worker] DEBUG c.g.d.z.s.o.a.h.c.h.i.i.PoolingHttpClientConnectionManager - ex-000000CF: acquired ep-000000CE
2024-07-24 14:30:43.633 [Test worker] DEBUG c.g.d.z.s.o.a.h.c.h.i.c.InternalHttpClient - ex-000000CF: acquired endpoint ep-000000CE
2024-07-24 14:30:43.633 [Test worker] DEBUG c.g.d.z.s.o.a.h.c.h.i.c.MainClientExec - ex-000000CF: executing DELETE /v1.32/containers/7c9a29c4879ab957d8fc1965a67b4eae934f2b817dd9d4ff072501431c5d46bf?v=true&force=true HTTP/1.1
2024-07-24 14:30:43.633 [Test worker] DEBUG c.g.d.z.s.o.a.h.c.h.i.c.InternalHttpClient - ep-000000CE: start execution ex-000000CF
2024-07-24 14:30:43.633 [Test worker] DEBUG c.g.d.z.s.o.a.h.c.h.i.i.PoolingHttpClientConnectionManager - ep-000000CE: executing exchange ex-000000CF over http-outgoing-19
2024-07-24 14:30:43.633 [Test worker] DEBUG c.g.d.z.s.o.a.h.client5.http.headers - http-outgoing-19 >> DELETE /v1.32/containers/7c9a29c4879ab957d8fc1965a67b4eae934f2b817dd9d4ff072501431c5d46bf?v=true&force=true HTTP/1.1
2024-07-24 14:30:43.633 [Test worker] DEBUG c.g.d.z.s.o.a.h.client5.http.headers - http-outgoing-19 >> accept: application/json
2024-07-24 14:30:43.633 [Test worker] DEBUG c.g.d.z.s.o.a.h.client5.http.headers - http-outgoing-19 >> x-tc-sid: 280e6229-7396-4d60-b1e3-a5de48b5d49b
2024-07-24 14:30:43.633 [Test worker] DEBUG c.g.d.z.s.o.a.h.client5.http.headers - http-outgoing-19 >> User-Agent: tc-java/1.19.8
2024-07-24 14:30:43.633 [Test worker] DEBUG c.g.d.z.s.o.a.h.client5.http.headers - http-outgoing-19 >> Accept-Encoding: gzip, x-gzip, deflate
2024-07-24 14:30:43.633 [Test worker] DEBUG c.g.d.z.s.o.a.h.client5.http.headers - http-outgoing-19 >> Host: localhost:2375
2024-07-24 14:30:43.633 [Test worker] DEBUG c.g.d.z.s.o.a.h.client5.http.headers - http-outgoing-19 >> Connection: keep-alive
2024-07-24 14:30:43.633 [Test worker] DEBUG c.g.d.z.s.o.a.hc.client5.http.wire - http-outgoing-19 >> "DELETE /v1.32/containers/7c9a29c4879ab957d8fc1965a67b4eae934f2b817dd9d4ff072501431c5d46bf?v=true&force=true HTTP/1.1[\r][\n]"
2024-07-24 14:30:43.633 [Test worker] DEBUG c.g.d.z.s.o.a.hc.client5.http.wire - http-outgoing-19 >> "accept: application/json[\r][\n]"
2024-07-24 14:30:43.633 [Test worker] DEBUG c.g.d.z.s.o.a.hc.client5.http.wire - http-outgoing-19 >> "x-tc-sid: 280e6229-7396-4d60-b1e3-a5de48b5d49b[\r][\n]"
2024-07-24 14:30:43.633 [Test worker] DEBUG c.g.d.z.s.o.a.hc.client5.http.wire - http-outgoing-19 >> "User-Agent: tc-java/1.19.8[\r][\n]"
2024-07-24 14:30:43.633 [Test worker] DEBUG c.g.d.z.s.o.a.hc.client5.http.wire - http-outgoing-19 >> "Accept-Encoding: gzip, x-gzip, deflate[\r][\n]"
2024-07-24 14:30:43.633 [Test worker] DEBUG c.g.d.z.s.o.a.hc.client5.http.wire - http-outgoing-19 >> "Host: localhost:2375[\r][\n]"
2024-07-24 14:30:43.633 [Test worker] DEBUG c.g.d.z.s.o.a.hc.client5.http.wire - http-outgoing-19 >> "Connection: keep-alive[\r][\n]"
2024-07-24 14:30:43.633 [Test worker] DEBUG c.g.d.z.s.o.a.hc.client5.http.wire - http-outgoing-19 >> "[\r][\n]"
2024-07-24 14:30:43.711 [Test worker] DEBUG c.g.d.z.s.o.a.hc.client5.http.wire - http-outgoing-19 << "HTTP/1.1 204 No Content[\r][\n]"
2024-07-24 14:30:43.711 [Test worker] DEBUG c.g.d.z.s.o.a.hc.client5.http.wire - http-outgoing-19 << "Api-Version: 1.45[\r][\n]"
2024-07-24 14:30:43.711 [Test worker] DEBUG c.g.d.z.s.o.a.hc.client5.http.wire - http-outgoing-19 << "Date: Wed, 24 Jul 2024 02:30:43 GMT[\r][\n]"
2024-07-24 14:30:43.711 [Test worker] DEBUG c.g.d.z.s.o.a.hc.client5.http.wire - http-outgoing-19 << "Docker-Experimental: false[\r][\n]"
2024-07-24 14:30:43.711 [Test worker] DEBUG c.g.d.z.s.o.a.hc.client5.http.wire - http-outgoing-19 << "Ostype: linux[\r][\n]"
2024-07-24 14:30:43.711 [Test worker] DEBUG c.g.d.z.s.o.a.hc.client5.http.wire - http-outgoing-19 << "Server: Docker/26.0.0 (linux)[\r][\n]"
2024-07-24 14:30:43.711 [Test worker] DEBUG c.g.d.z.s.o.a.hc.client5.http.wire - http-outgoing-19 << "[\r][\n]"
2024-07-24 14:30:43.711 [Test worker] DEBUG c.g.d.z.s.o.a.h.client5.http.headers - http-outgoing-19 << HTTP/1.1 204 No Content
2024-07-24 14:30:43.711 [Test worker] DEBUG c.g.d.z.s.o.a.h.client5.http.headers - http-outgoing-19 << Api-Version: 1.45
2024-07-24 14:30:43.711 [Test worker] DEBUG c.g.d.z.s.o.a.h.client5.http.headers - http-outgoing-19 << Date: Wed, 24 Jul 2024 02:30:43 GMT
2024-07-24 14:30:43.711 [Test worker] DEBUG c.g.d.z.s.o.a.h.client5.http.headers - http-outgoing-19 << Docker-Experimental: false
2024-07-24 14:30:43.711 [Test worker] DEBUG c.g.d.z.s.o.a.h.client5.http.headers - http-outgoing-19 << Ostype: linux
2024-07-24 14:30:43.711 [Test worker] DEBUG c.g.d.z.s.o.a.h.client5.http.headers - http-outgoing-19 << Server: Docker/26.0.0 (linux)
2024-07-24 14:30:43.712 [Test worker] DEBUG c.g.d.z.s.o.a.h.c.h.i.c.MainClientExec - ex-000000CF: connection can be kept alive for 3 MINUTES
2024-07-24 14:30:43.712 [Test worker] DEBUG c.g.d.z.s.o.a.h.c.h.i.c.InternalHttpClient - ep-000000CE: releasing valid endpoint
2024-07-24 14:30:43.712 [Test worker] DEBUG c.g.d.z.s.o.a.h.c.h.i.i.PoolingHttpClientConnectionManager - ep-000000CE: releasing endpoint
2024-07-24 14:30:43.712 [Test worker] DEBUG c.g.d.z.s.o.a.h.c.h.i.i.PoolingHttpClientConnectionManager - ep-000000CE: connection http-outgoing-19 can be kept alive for 3 MINUTES
2024-07-24 14:30:43.712 [Test worker] DEBUG c.g.d.z.s.o.a.h.c.h.i.i.PoolingHttpClientConnectionManager - ep-000000CE: connection released [route: {}->npipe://localhost:2375][total available: 1; route allocated: 1 of 2147483647; total allocated: 1 of 2147483647]
2024-07-24 14:30:43.712 [Test worker] DEBUG o.t.utility.ResourceReaper - Removed container and associated volume(s): postgres:latest
]]></system-out>
  <system-err><![CDATA[]]></system-err>
</testsuite>
