<?xml version="1.0" encoding="UTF-8"?>
<testsuite name="com.unitedApi.WorkStationDAOTest" tests="2" skipped="0" failures="0" errors="0" timestamp="2024-07-24T02:29:50" hostname="DESKTOP-FRUHT2G" time="8.447">
  <properties/>
  <testcase name="getWorkStations" classname="com.unitedApi.WorkStationDAOTest" time="5.454"/>
  <testcase name="getWorkStation" classname="com.unitedApi.WorkStationDAOTest" time="2.993"/>
  <system-out><![CDATA[2024-07-24 14:29:51.186 [Test worker] DEBUG o.t.u.TestcontainersConfiguration - Testcontainers configuration overrides will be loaded from file:/C:/Users/danie/.testcontainers.properties
2024-07-24 14:29:51.196 [Test worker] INFO  o.testcontainers.images.PullPolicy - Image pull policy will be performed by: DefaultPullPolicy()
2024-07-24 14:29:51.199 [Test worker] INFO  o.t.utility.ImageNameSubstitutor - Image name substitution will be performed by: DefaultImageNameSubstitutor (composite of 'ConfigurationFileImageNameSubstitutor' and 'PrefixingImageNameSubstitutor')
2024-07-24 14:29:51.414 [Test worker] INFO  o.t.d.DockerClientProviderStrategy - Loaded org.testcontainers.dockerclient.NpipeSocketClientProviderStrategy from ~/.testcontainers.properties, will try it first
2024-07-24 14:29:51.415 [Test worker] DEBUG o.t.d.DockerClientProviderStrategy - Trying out strategy: NpipeSocketClientProviderStrategy
2024-07-24 14:29:51.556 [Test worker] DEBUG o.t.s.c.g.d.c.command.AbstrDockerCmd - Cmd: 
2024-07-24 14:29:51.578 [Test worker] DEBUG c.g.d.z.s.o.a.h.c.h.i.c.InternalHttpClient - ex-00000001: preparing request execution
2024-07-24 14:29:51.583 [Test worker] DEBUG c.g.d.z.s.o.a.h.c.h.p.RequestAddCookies - Cookie spec selected: strict
2024-07-24 14:29:51.587 [Test worker] DEBUG c.g.d.z.s.o.a.h.c.h.p.RequestAuthCache - Auth cache not set in the context
2024-07-24 14:29:51.587 [Test worker] DEBUG c.g.d.z.s.o.a.h.c.h.i.c.ProtocolExec - ex-00000001: target auth state: UNCHALLENGED
2024-07-24 14:29:51.588 [Test worker] DEBUG c.g.d.z.s.o.a.h.c.h.i.c.ProtocolExec - ex-00000001: proxy auth state: UNCHALLENGED
2024-07-24 14:29:51.588 [Test worker] DEBUG c.g.d.z.s.o.a.h.c.h.i.c.ConnectExec - ex-00000001: acquiring connection with route {}->npipe://localhost:2375
2024-07-24 14:29:51.588 [Test worker] DEBUG c.g.d.z.s.o.a.h.c.h.i.c.InternalHttpClient - ex-00000001: acquiring endpoint (3 MINUTES)
2024-07-24 14:29:51.589 [Test worker] DEBUG c.g.d.z.s.o.a.h.c.h.i.i.PoolingHttpClientConnectionManager - ex-00000001: endpoint lease request (3 MINUTES) [route: {}->npipe://localhost:2375][total available: 0; route allocated: 0 of 2147483647; total allocated: 0 of 2147483647]
2024-07-24 14:29:51.593 [Test worker] DEBUG c.g.d.z.s.o.a.h.c.h.i.i.PoolingHttpClientConnectionManager - ex-00000001: endpoint leased [route: {}->npipe://localhost:2375][total available: 0; route allocated: 1 of 2147483647; total allocated: 1 of 2147483647]
2024-07-24 14:29:51.602 [Test worker] DEBUG c.g.d.z.s.o.a.h.c.h.i.i.PoolingHttpClientConnectionManager - ex-00000001: acquired ep-00000000
2024-07-24 14:29:51.602 [Test worker] DEBUG c.g.d.z.s.o.a.h.c.h.i.c.InternalHttpClient - ex-00000001: acquired endpoint ep-00000000
2024-07-24 14:29:51.602 [Test worker] DEBUG c.g.d.z.s.o.a.h.c.h.i.c.ConnectExec - ex-00000001: opening connection {}->npipe://localhost:2375
2024-07-24 14:29:51.602 [Test worker] DEBUG c.g.d.z.s.o.a.h.c.h.i.c.InternalHttpClient - ep-00000000: connecting endpoint (3 MINUTES)
2024-07-24 14:29:51.603 [Test worker] DEBUG c.g.d.z.s.o.a.h.c.h.i.i.PoolingHttpClientConnectionManager - ep-00000000: connecting endpoint to npipe://localhost:2375 (3 MINUTES)
2024-07-24 14:29:51.604 [Test worker] DEBUG c.g.d.z.s.o.a.h.c.h.i.i.DefaultHttpClientConnectionOperator - http-outgoing-0: connecting to localhost/127.0.0.1:2375
2024-07-24 14:29:51.605 [Test worker] DEBUG c.g.d.z.s.o.a.h.c.h.i.i.DefaultHttpClientConnectionOperator - http-outgoing-0: connection established 
2024-07-24 14:29:51.606 [Test worker] DEBUG c.g.d.z.s.o.a.h.c.h.i.i.PoolingHttpClientConnectionManager - ep-00000000: connected http-outgoing-0
2024-07-24 14:29:51.606 [Test worker] DEBUG c.g.d.z.s.o.a.h.c.h.i.c.InternalHttpClient - ep-00000000: endpoint connected
2024-07-24 14:29:51.606 [Test worker] DEBUG c.g.d.z.s.o.a.h.c.h.i.c.MainClientExec - ex-00000001: executing GET /v1.32/info HTTP/1.1
2024-07-24 14:29:51.607 [Test worker] DEBUG c.g.d.z.s.o.a.h.c.h.i.c.InternalHttpClient - ep-00000000: start execution ex-00000001
2024-07-24 14:29:51.607 [Test worker] DEBUG c.g.d.z.s.o.a.h.c.h.i.i.PoolingHttpClientConnectionManager - ep-00000000: executing exchange ex-00000001 over http-outgoing-0
2024-07-24 14:29:51.608 [Test worker] DEBUG c.g.d.z.s.o.a.h.client5.http.headers - http-outgoing-0 >> GET /v1.32/info HTTP/1.1
2024-07-24 14:29:51.608 [Test worker] DEBUG c.g.d.z.s.o.a.h.client5.http.headers - http-outgoing-0 >> x-tc-sid: 280e6229-7396-4d60-b1e3-a5de48b5d49b
2024-07-24 14:29:51.608 [Test worker] DEBUG c.g.d.z.s.o.a.h.client5.http.headers - http-outgoing-0 >> User-Agent: tc-java/1.19.8
2024-07-24 14:29:51.608 [Test worker] DEBUG c.g.d.z.s.o.a.h.client5.http.headers - http-outgoing-0 >> Accept-Encoding: gzip, x-gzip, deflate
2024-07-24 14:29:51.608 [Test worker] DEBUG c.g.d.z.s.o.a.h.client5.http.headers - http-outgoing-0 >> Host: localhost:2375
2024-07-24 14:29:51.608 [Test worker] DEBUG c.g.d.z.s.o.a.h.client5.http.headers - http-outgoing-0 >> Connection: keep-alive
2024-07-24 14:29:51.608 [Test worker] DEBUG c.g.d.z.s.o.a.hc.client5.http.wire - http-outgoing-0 >> "GET /v1.32/info HTTP/1.1[\r][\n]"
2024-07-24 14:29:51.608 [Test worker] DEBUG c.g.d.z.s.o.a.hc.client5.http.wire - http-outgoing-0 >> "x-tc-sid: 280e6229-7396-4d60-b1e3-a5de48b5d49b[\r][\n]"
2024-07-24 14:29:51.608 [Test worker] DEBUG c.g.d.z.s.o.a.hc.client5.http.wire - http-outgoing-0 >> "User-Agent: tc-java/1.19.8[\r][\n]"
2024-07-24 14:29:51.608 [Test worker] DEBUG c.g.d.z.s.o.a.hc.client5.http.wire - http-outgoing-0 >> "Accept-Encoding: gzip, x-gzip, deflate[\r][\n]"
2024-07-24 14:29:51.608 [Test worker] DEBUG c.g.d.z.s.o.a.hc.client5.http.wire - http-outgoing-0 >> "Host: localhost:2375[\r][\n]"
2024-07-24 14:29:51.608 [Test worker] DEBUG c.g.d.z.s.o.a.hc.client5.http.wire - http-outgoing-0 >> "Connection: keep-alive[\r][\n]"
2024-07-24 14:29:51.609 [Test worker] DEBUG c.g.d.z.s.o.a.hc.client5.http.wire - http-outgoing-0 >> "[\r][\n]"
2024-07-24 14:29:51.620 [Test worker] DEBUG c.g.d.z.s.o.a.hc.client5.http.wire - http-outgoing-0 << "HTTP/1.1 200 OK[\r][\n]"
2024-07-24 14:29:51.621 [Test worker] DEBUG c.g.d.z.s.o.a.hc.client5.http.wire - http-outgoing-0 << "Api-Version: 1.45[\r][\n]"
2024-07-24 14:29:51.621 [Test worker] DEBUG c.g.d.z.s.o.a.hc.client5.http.wire - http-outgoing-0 << "Content-Type: application/json[\r][\n]"
2024-07-24 14:29:51.621 [Test worker] DEBUG c.g.d.z.s.o.a.hc.client5.http.wire - http-outgoing-0 << "Date: Wed, 24 Jul 2024 02:29:51 GMT[\r][\n]"
2024-07-24 14:29:51.621 [Test worker] DEBUG c.g.d.z.s.o.a.hc.client5.http.wire - http-outgoing-0 << "Docker-Experimental: false[\r][\n]"
2024-07-24 14:29:51.621 [Test worker] DEBUG c.g.d.z.s.o.a.hc.client5.http.wire - http-outgoing-0 << "Ostype: linux[\r][\n]"
2024-07-24 14:29:51.621 [Test worker] DEBUG c.g.d.z.s.o.a.hc.client5.http.wire - http-outgoing-0 << "Server: Docker/26.0.0 (linux)[\r][\n]"
2024-07-24 14:29:51.621 [Test worker] DEBUG c.g.d.z.s.o.a.hc.client5.http.wire - http-outgoing-0 << "Transfer-Encoding: chunked[\r][\n]"
2024-07-24 14:29:51.621 [Test worker] DEBUG c.g.d.z.s.o.a.hc.client5.http.wire - http-outgoing-0 << "[\r][\n]"
2024-07-24 14:29:51.624 [Test worker] DEBUG c.g.d.z.s.o.a.h.client5.http.headers - http-outgoing-0 << HTTP/1.1 200 OK
2024-07-24 14:29:51.624 [Test worker] DEBUG c.g.d.z.s.o.a.h.client5.http.headers - http-outgoing-0 << Api-Version: 1.45
2024-07-24 14:29:51.624 [Test worker] DEBUG c.g.d.z.s.o.a.h.client5.http.headers - http-outgoing-0 << Content-Type: application/json
2024-07-24 14:29:51.624 [Test worker] DEBUG c.g.d.z.s.o.a.h.client5.http.headers - http-outgoing-0 << Date: Wed, 24 Jul 2024 02:29:51 GMT
2024-07-24 14:29:51.624 [Test worker] DEBUG c.g.d.z.s.o.a.h.client5.http.headers - http-outgoing-0 << Docker-Experimental: false
2024-07-24 14:29:51.624 [Test worker] DEBUG c.g.d.z.s.o.a.h.client5.http.headers - http-outgoing-0 << Ostype: linux
2024-07-24 14:29:51.624 [Test worker] DEBUG c.g.d.z.s.o.a.h.client5.http.headers - http-outgoing-0 << Server: Docker/26.0.0 (linux)
2024-07-24 14:29:51.624 [Test worker] DEBUG c.g.d.z.s.o.a.h.client5.http.headers - http-outgoing-0 << Transfer-Encoding: chunked
2024-07-24 14:29:51.628 [Test worker] DEBUG c.g.d.z.s.o.a.h.c.h.i.c.MainClientExec - ex-00000001: connection can be kept alive for 3 MINUTES
2024-07-24 14:29:51.630 [Test worker] DEBUG c.g.d.z.s.o.a.hc.client5.http.wire - http-outgoing-0 << "adf[\r][\n]"
2024-07-24 14:29:51.631 [Test worker] DEBUG c.g.d.z.s.o.a.hc.client5.http.wire - http-outgoing-0 << "{"ID":"a2dbbb4b-74b3-4d98-98dd-ab988ccd1d70","Containers":6,"ContainersRunning":0,"ContainersPaused":0,"ContainersStopped":6,"Images":6,"Driver":"overlay2","DriverStatus":[["Backing Filesystem","extfs"],["Supports d_type","true"],["Using metacopy","false"],["Native Overlay Diff","true"],["userxattr","false"]],"Plugins":{"Volume":["local"],"Network":["bridge","host","ipvlan","macvlan","null","overlay"],"Authorization":null,"Log":["awslogs","fluentd","gcplogs","gelf","journald","json-file","local","splunk","syslog"]},"MemoryLimit":true,"SwapLimit":true,"KernelMemory":true,"KernelMemoryTCP":true,"CpuCfsPeriod":true,"CpuCfsQuota":true,"CPUShares":true,"CPUSet":true,"PidsLimit":true,"IPv4Forwarding":true,"BridgeNfIptables":true,"BridgeNfIp6tables":true,"Debug":false,"NFd":57,"OomKillDisable":true,"NGoroutines":85,"SystemTime":"2024-07-24T02:29:51.611806659Z","LoggingDriver":"json-file","CgroupDriver":"cgroupfs","CgroupVersion":"1","NEventsListener":16,"KernelVersion":"5.15.153.1-microsoft-standard-WSL2","OperatingSystem":"Docker Desktop","OSVersion":"","OSType":"linux","Architecture":"x86_64","IndexServerAddress":"https://index.docker.io/v1/","RegistryConfig":{"AllowNondistributableArtifactsCIDRs":null,"AllowNondistributableArtifactsHostnames":null,"InsecureRegistryCIDRs":["127.0.0.0/8"],"IndexConfigs":{"docker.io":{"Name":"docker.io","Mirrors":[],"Secure":true,"Official":true},"hubproxy.docker.internal:5555":{"Name":"hubproxy.docker.internal:5555","Mirrors":[],"Secure":false,"Official":false}},"Mirrors":null},"NCPU":12,"MemTotal":8293384192,"GenericResources":null,"DockerRootDir":"/var/lib/docker","HttpProxy":"http.docker.internal:3128","HttpsProxy":"http.docker.internal:3128","NoProxy":"hubproxy.docker.internal","Name":"docker-desktop","Labels":["com.docker.desktop.address=npipe://\\\\.\\pipe\\docker_cli"],"ExperimentalBuild":false,"ServerVersion":"26.0.0","Runtimes":{"io.containerd.runc.v2":{"path":"runc"},"runc":{"path":"runc"}},"DefaultRuntime":"runc","Swarm":{"NodeID":"","NodeAddr":"","LocalNodeState":"inactive","ControlAvailable":false,"Error":"","RemoteManagers":null},"LiveRestoreEnabled":false,"Isolation":"","InitBinary":"docker-init","ContainerdCommit":{"ID":"ae07eda36dd25f8a1b98dfbf587313b99c0190bb","Expected":"ae07eda36dd25f8a1b98dfbf587313b99c0190bb"},"RuncCommit":{"ID":"v1.1.12-0-g51d5e94","Expected":"v1.1.12-0-g51d5e94"},"InitCommit":{"ID":"de40ad0","Expected":"de40ad0"},"SecurityOptions":["name=seccomp,profile=unconfined"],"CDISpecDirs":[],"Warnings":["WARNING: No blkio throttle.read_bps_device support","WARNING: No blkio throttle.write_bps_device support","WARNING: No blkio throttle.read_iops_device support","WARNING: No blkio throttle.write_iops_device support","WARNING: daemon is not using the default seccomp profile"]}[\r][\n]"
2024-07-24 14:29:51.631 [Test worker] DEBUG c.g.d.z.s.o.a.hc.client5.http.wire - http-outgoing-0 << "0[\r][\n]"
2024-07-24 14:29:51.631 [Test worker] DEBUG c.g.d.z.s.o.a.hc.client5.http.wire - http-outgoing-0 << "[\r][\n]"
2024-07-24 14:29:51.702 [Test worker] DEBUG c.g.d.z.s.o.a.h.c.h.i.c.InternalHttpClient - ep-00000000: releasing valid endpoint
2024-07-24 14:29:51.702 [Test worker] DEBUG c.g.d.z.s.o.a.h.c.h.i.i.PoolingHttpClientConnectionManager - ep-00000000: releasing endpoint
2024-07-24 14:29:51.702 [Test worker] DEBUG c.g.d.z.s.o.a.h.c.h.i.i.PoolingHttpClientConnectionManager - ep-00000000: connection http-outgoing-0 can be kept alive for 3 MINUTES
2024-07-24 14:29:51.703 [Test worker] DEBUG c.g.d.z.s.o.a.h.c.h.i.i.PoolingHttpClientConnectionManager - ep-00000000: connection released [route: {}->npipe://localhost:2375][total available: 1; route allocated: 1 of 2147483647; total allocated: 1 of 2147483647]
2024-07-24 14:29:51.703 [Test worker] INFO  o.t.d.DockerClientProviderStrategy - Found Docker environment with local Npipe socket (npipe:////./pipe/docker_engine)
2024-07-24 14:29:51.704 [Test worker] DEBUG o.t.d.DockerClientProviderStrategy - Transport type: 'httpclient5', Docker host: 'npipe:////./pipe/docker_engine'
2024-07-24 14:29:51.704 [Test worker] DEBUG o.t.d.DockerClientProviderStrategy - Checking Docker OS type for local Npipe socket (npipe:////./pipe/docker_engine)
2024-07-24 14:29:51.705 [Test worker] INFO  o.testcontainers.DockerClientFactory - Docker host IP address is localhost
2024-07-24 14:29:51.705 [Test worker] DEBUG o.testcontainers.DockerClientFactory - Docker info: {CDISpecDirs=[], NGoroutines=85, Name=docker-desktop, Swarm={NodeID=, NodeAddr=, LocalNodeState=inactive, ControlAvailable=false, Error=, RemoteManagers=null}, RuncCommit={ID=v1.1.12-0-g51d5e94, Expected=v1.1.12-0-g51d5e94}, OSVersion=, Runtimes={io.containerd.runc.v2={path=runc}, runc={path=runc}}, ID=a2dbbb4b-74b3-4d98-98dd-ab988ccd1d70, DriverStatus=[[Backing Filesystem, extfs], [Supports d_type, true], [Using metacopy, false], [Native Overlay Diff, true], [userxattr, false]], BridgeNfIptables=true, LiveRestoreEnabled=false, SystemTime=2024-07-24T02:29:51.611806659Z, NoProxy=hubproxy.docker.internal, Architecture=x86_64, NEventsListener=16, HttpsProxy=http.docker.internal:3128, Images=6, ContainersRunning=0, Labels=[com.docker.desktop.address=npipe://\\.\pipe\docker_cli], InitCommit={ID=de40ad0, Expected=de40ad0}, NFd=57, KernelVersion=5.15.153.1-microsoft-standard-WSL2, LoggingDriver=json-file, OSType=linux, SecurityOptions=[name=seccomp,profile=unconfined], ContainerdCommit={ID=ae07eda36dd25f8a1b98dfbf587313b99c0190bb, Expected=ae07eda36dd25f8a1b98dfbf587313b99c0190bb}, GenericResources=null, KernelMemory=true, OperatingSystem=Docker Desktop, RegistryConfig={AllowNondistributableArtifactsCIDRs=null, AllowNondistributableArtifactsHostnames=null, InsecureRegistryCIDRs=[127.0.0.0/8], IndexConfigs={docker.io={Name=docker.io, Mirrors=[], Secure=true, Official=true}, hubproxy.docker.internal:5555={Name=hubproxy.docker.internal:5555, Mirrors=[], Secure=false, Official=false}}, Mirrors=null}, ServerVersion=26.0.0, OomKillDisable=true, CpuCfsQuota=true, Containers=6, Driver=overlay2, KernelMemoryTCP=true, IPv4Forwarding=true, ExperimentalBuild=false, DockerRootDir=/var/lib/docker, CPUSet=true, CpuCfsPeriod=true, DefaultRuntime=runc, CPUShares=true, Debug=false, NCPU=12, Plugins={Volume=[local], Network=[bridge, host, ipvlan, macvlan, null, overlay], Authorization=null, Log=[awslogs, fluentd, gcplogs, gelf, journald, json-file, local, splunk, syslog]}, SwapLimit=true, CgroupDriver=cgroupfs, ContainersPaused=0, MemTotal=8293384192, IndexServerAddress=https://index.docker.io/v1/, MemoryLimit=true, HttpProxy=http.docker.internal:3128, InitBinary=docker-init, CgroupVersion=1, PidsLimit=true, Isolation=, BridgeNfIp6tables=true, Warnings=[WARNING: No blkio throttle.read_bps_device support, WARNING: No blkio throttle.write_bps_device support, WARNING: No blkio throttle.read_iops_device support, WARNING: No blkio throttle.write_iops_device support, WARNING: daemon is not using the default seccomp profile], ContainersStopped=6}
2024-07-24 14:29:51.707 [Test worker] DEBUG o.t.s.c.g.d.c.command.AbstrDockerCmd - Cmd: 
2024-07-24 14:29:51.707 [Test worker] TRACE o.t.s.c.g.d.core.exec.VersionCmdExec - GET: DefaultWebTarget{path=[/version], queryParams={}}
2024-07-24 14:29:51.709 [Test worker] DEBUG c.g.d.z.s.o.a.h.c.h.i.c.InternalHttpClient - ex-00000002: preparing request execution
2024-07-24 14:29:51.709 [Test worker] DEBUG c.g.d.z.s.o.a.h.c.h.p.RequestAddCookies - Cookie spec selected: strict
2024-07-24 14:29:51.710 [Test worker] DEBUG c.g.d.z.s.o.a.h.c.h.p.RequestAuthCache - Auth cache not set in the context
2024-07-24 14:29:51.710 [Test worker] DEBUG c.g.d.z.s.o.a.h.c.h.i.c.ProtocolExec - ex-00000002: target auth state: UNCHALLENGED
2024-07-24 14:29:51.710 [Test worker] DEBUG c.g.d.z.s.o.a.h.c.h.i.c.ProtocolExec - ex-00000002: proxy auth state: UNCHALLENGED
2024-07-24 14:29:51.710 [Test worker] DEBUG c.g.d.z.s.o.a.h.c.h.i.c.ConnectExec - ex-00000002: acquiring connection with route {}->npipe://localhost:2375
2024-07-24 14:29:51.710 [Test worker] DEBUG c.g.d.z.s.o.a.h.c.h.i.c.InternalHttpClient - ex-00000002: acquiring endpoint (3 MINUTES)
2024-07-24 14:29:51.711 [Test worker] DEBUG c.g.d.z.s.o.a.h.c.h.i.i.PoolingHttpClientConnectionManager - ex-00000002: endpoint lease request (3 MINUTES) [route: {}->npipe://localhost:2375][total available: 1; route allocated: 1 of 2147483647; total allocated: 1 of 2147483647]
2024-07-24 14:29:51.711 [Test worker] DEBUG c.g.d.z.s.o.a.h.c.h.i.i.PoolingHttpClientConnectionManager - ex-00000002: endpoint leased [route: {}->npipe://localhost:2375][total available: 0; route allocated: 1 of 2147483647; total allocated: 1 of 2147483647]
2024-07-24 14:29:51.711 [Test worker] DEBUG c.g.d.z.s.o.a.h.c.h.i.i.PoolingHttpClientConnectionManager - ex-00000002: acquired ep-00000001
2024-07-24 14:29:51.711 [Test worker] DEBUG c.g.d.z.s.o.a.h.c.h.i.c.InternalHttpClient - ex-00000002: acquired endpoint ep-00000001
2024-07-24 14:29:51.711 [Test worker] DEBUG c.g.d.z.s.o.a.h.c.h.i.c.MainClientExec - ex-00000002: executing GET /v1.32/version HTTP/1.1
2024-07-24 14:29:51.711 [Test worker] DEBUG c.g.d.z.s.o.a.h.c.h.i.c.InternalHttpClient - ep-00000001: start execution ex-00000002
2024-07-24 14:29:51.711 [Test worker] DEBUG c.g.d.z.s.o.a.h.c.h.i.i.PoolingHttpClientConnectionManager - ep-00000001: executing exchange ex-00000002 over http-outgoing-0
2024-07-24 14:29:51.712 [Test worker] DEBUG c.g.d.z.s.o.a.h.client5.http.headers - http-outgoing-0 >> GET /v1.32/version HTTP/1.1
2024-07-24 14:29:51.712 [Test worker] DEBUG c.g.d.z.s.o.a.h.client5.http.headers - http-outgoing-0 >> accept: application/json
2024-07-24 14:29:51.712 [Test worker] DEBUG c.g.d.z.s.o.a.h.client5.http.headers - http-outgoing-0 >> x-tc-sid: 280e6229-7396-4d60-b1e3-a5de48b5d49b
2024-07-24 14:29:51.712 [Test worker] DEBUG c.g.d.z.s.o.a.h.client5.http.headers - http-outgoing-0 >> User-Agent: tc-java/1.19.8
2024-07-24 14:29:51.712 [Test worker] DEBUG c.g.d.z.s.o.a.h.client5.http.headers - http-outgoing-0 >> Accept-Encoding: gzip, x-gzip, deflate
2024-07-24 14:29:51.712 [Test worker] DEBUG c.g.d.z.s.o.a.h.client5.http.headers - http-outgoing-0 >> Host: localhost:2375
2024-07-24 14:29:51.712 [Test worker] DEBUG c.g.d.z.s.o.a.h.client5.http.headers - http-outgoing-0 >> Connection: keep-alive
2024-07-24 14:29:51.712 [Test worker] DEBUG c.g.d.z.s.o.a.hc.client5.http.wire - http-outgoing-0 >> "GET /v1.32/version HTTP/1.1[\r][\n]"
2024-07-24 14:29:51.712 [Test worker] DEBUG c.g.d.z.s.o.a.hc.client5.http.wire - http-outgoing-0 >> "accept: application/json[\r][\n]"
2024-07-24 14:29:51.712 [Test worker] DEBUG c.g.d.z.s.o.a.hc.client5.http.wire - http-outgoing-0 >> "x-tc-sid: 280e6229-7396-4d60-b1e3-a5de48b5d49b[\r][\n]"
2024-07-24 14:29:51.713 [Test worker] DEBUG c.g.d.z.s.o.a.hc.client5.http.wire - http-outgoing-0 >> "User-Agent: tc-java/1.19.8[\r][\n]"
2024-07-24 14:29:51.713 [Test worker] DEBUG c.g.d.z.s.o.a.hc.client5.http.wire - http-outgoing-0 >> "Accept-Encoding: gzip, x-gzip, deflate[\r][\n]"
2024-07-24 14:29:51.713 [Test worker] DEBUG c.g.d.z.s.o.a.hc.client5.http.wire - http-outgoing-0 >> "Host: localhost:2375[\r][\n]"
2024-07-24 14:29:51.713 [Test worker] DEBUG c.g.d.z.s.o.a.hc.client5.http.wire - http-outgoing-0 >> "Connection: keep-alive[\r][\n]"
2024-07-24 14:29:51.713 [Test worker] DEBUG c.g.d.z.s.o.a.hc.client5.http.wire - http-outgoing-0 >> "[\r][\n]"
2024-07-24 14:29:51.727 [Test worker] DEBUG c.g.d.z.s.o.a.hc.client5.http.wire - http-outgoing-0 << "HTTP/1.1 200 OK[\r][\n]"
2024-07-24 14:29:51.728 [Test worker] DEBUG c.g.d.z.s.o.a.hc.client5.http.wire - http-outgoing-0 << "Api-Version: 1.45[\r][\n]"
2024-07-24 14:29:51.729 [Test worker] DEBUG c.g.d.z.s.o.a.hc.client5.http.wire - http-outgoing-0 << "Content-Type: application/json[\r][\n]"
2024-07-24 14:29:51.729 [Test worker] DEBUG c.g.d.z.s.o.a.hc.client5.http.wire - http-outgoing-0 << "Date: Wed, 24 Jul 2024 02:29:51 GMT[\r][\n]"
2024-07-24 14:29:51.729 [Test worker] DEBUG c.g.d.z.s.o.a.hc.client5.http.wire - http-outgoing-0 << "Docker-Experimental: false[\r][\n]"
2024-07-24 14:29:51.729 [Test worker] DEBUG c.g.d.z.s.o.a.hc.client5.http.wire - http-outgoing-0 << "Ostype: linux[\r][\n]"
2024-07-24 14:29:51.729 [Test worker] DEBUG c.g.d.z.s.o.a.hc.client5.http.wire - http-outgoing-0 << "Server: Docker/26.0.0 (linux)[\r][\n]"
2024-07-24 14:29:51.729 [Test worker] DEBUG c.g.d.z.s.o.a.hc.client5.http.wire - http-outgoing-0 << "Transfer-Encoding: chunked[\r][\n]"
2024-07-24 14:29:51.729 [Test worker] DEBUG c.g.d.z.s.o.a.hc.client5.http.wire - http-outgoing-0 << "[\r][\n]"
2024-07-24 14:29:51.729 [Test worker] DEBUG c.g.d.z.s.o.a.h.client5.http.headers - http-outgoing-0 << HTTP/1.1 200 OK
2024-07-24 14:29:51.729 [Test worker] DEBUG c.g.d.z.s.o.a.h.client5.http.headers - http-outgoing-0 << Api-Version: 1.45
2024-07-24 14:29:51.730 [Test worker] DEBUG c.g.d.z.s.o.a.h.client5.http.headers - http-outgoing-0 << Content-Type: application/json
2024-07-24 14:29:51.730 [Test worker] DEBUG c.g.d.z.s.o.a.h.client5.http.headers - http-outgoing-0 << Date: Wed, 24 Jul 2024 02:29:51 GMT
2024-07-24 14:29:51.730 [Test worker] DEBUG c.g.d.z.s.o.a.h.client5.http.headers - http-outgoing-0 << Docker-Experimental: false
2024-07-24 14:29:51.730 [Test worker] DEBUG c.g.d.z.s.o.a.h.client5.http.headers - http-outgoing-0 << Ostype: linux
2024-07-24 14:29:51.730 [Test worker] DEBUG c.g.d.z.s.o.a.h.client5.http.headers - http-outgoing-0 << Server: Docker/26.0.0 (linux)
2024-07-24 14:29:51.730 [Test worker] DEBUG c.g.d.z.s.o.a.h.client5.http.headers - http-outgoing-0 << Transfer-Encoding: chunked
2024-07-24 14:29:51.730 [Test worker] DEBUG c.g.d.z.s.o.a.h.c.h.i.c.MainClientExec - ex-00000002: connection can be kept alive for 3 MINUTES
2024-07-24 14:29:51.730 [Test worker] DEBUG c.g.d.z.s.o.a.hc.client5.http.wire - http-outgoing-0 << "35f[\r][\n]"
2024-07-24 14:29:51.731 [Test worker] DEBUG c.g.d.z.s.o.a.hc.client5.http.wire - http-outgoing-0 << "{"Platform":{"Name":"Docker Desktop 4.29.0 (145265)"},"Components":[{"Name":"Engine","Version":"26.0.0","Details":{"ApiVersion":"1.45","Arch":"amd64","BuildTime":"2024-03-20T15:18:01.000000000+00:00","Experimental":"false","GitCommit":"8b79278","GoVersion":"go1.21.8","KernelVersion":"5.15.153.1-microsoft-standard-WSL2","MinAPIVersion":"1.24","Os":"linux"}},{"Name":"containerd","Version":"1.6.28","Details":{"GitCommit":"ae07eda36dd25f8a1b98dfbf587313b99c0190bb"}},{"Name":"runc","Version":"1.1.12","Details":{"GitCommit":"v1.1.12-0-g51d5e94"}},{"Name":"docker-init","Version":"0.19.0","Details":{"GitCommit":"de40ad0"}}],"Version":"26.0.0","ApiVersion":"1.45","MinAPIVersion":"1.24","GitCommit":"8b79278","GoVersion":"go1.21.8","Os":"linux","Arch":"amd64","KernelVersion":"5.15.153.1-microsoft-standard-WSL2","BuildTime":"2024-03-20T15:18:01.000000000+00:00"}[\n]"
2024-07-24 14:29:51.731 [Test worker] DEBUG c.g.d.z.s.o.a.hc.client5.http.wire - http-outgoing-0 << "[\r][\n]"
2024-07-24 14:29:51.731 [Test worker] DEBUG c.g.d.z.s.o.a.hc.client5.http.wire - http-outgoing-0 << "0[\r][\n]"
2024-07-24 14:29:51.731 [Test worker] DEBUG c.g.d.z.s.o.a.hc.client5.http.wire - http-outgoing-0 << "[\r][\n]"
2024-07-24 14:29:51.738 [Test worker] DEBUG c.g.d.z.s.o.a.h.c.h.i.c.InternalHttpClient - ep-00000001: releasing valid endpoint
2024-07-24 14:29:51.739 [Test worker] DEBUG c.g.d.z.s.o.a.h.c.h.i.i.PoolingHttpClientConnectionManager - ep-00000001: releasing endpoint
2024-07-24 14:29:51.739 [Test worker] DEBUG c.g.d.z.s.o.a.h.c.h.i.i.PoolingHttpClientConnectionManager - ep-00000001: connection http-outgoing-0 can be kept alive for 3 MINUTES
2024-07-24 14:29:51.739 [Test worker] DEBUG c.g.d.z.s.o.a.h.c.h.i.i.PoolingHttpClientConnectionManager - ep-00000001: connection released [route: {}->npipe://localhost:2375][total available: 1; route allocated: 1 of 2147483647; total allocated: 1 of 2147483647]
2024-07-24 14:29:51.739 [Test worker] DEBUG o.testcontainers.DockerClientFactory - Docker version: {Components=[{Name=Engine, Version=26.0.0, Details={ApiVersion=1.45, Arch=amd64, BuildTime=2024-03-20T15:18:01.000000000+00:00, Experimental=false, GitCommit=8b79278, GoVersion=go1.21.8, KernelVersion=5.15.153.1-microsoft-standard-WSL2, MinAPIVersion=1.24, Os=linux}}, {Name=containerd, Version=1.6.28, Details={GitCommit=ae07eda36dd25f8a1b98dfbf587313b99c0190bb}}, {Name=runc, Version=1.1.12, Details={GitCommit=v1.1.12-0-g51d5e94}}, {Name=docker-init, Version=0.19.0, Details={GitCommit=de40ad0}}], KernelVersion=5.15.153.1-microsoft-standard-WSL2, ApiVersion=1.45, Platform={Name=Docker Desktop 4.29.0 (145265)}, GitCommit=8b79278, Os=linux, Version=26.0.0, MinAPIVersion=1.24, Arch=amd64, GoVersion=go1.21.8, BuildTime=2024-03-20T15:18:01.000000000+00:00}
2024-07-24 14:29:51.739 [Test worker] INFO  o.testcontainers.DockerClientFactory - Connected to docker: 
  Server Version: 26.0.0
  API Version: 1.45
  Operating System: Docker Desktop
  Total Memory: 7909 MB
2024-07-24 14:29:51.748 [Test worker] DEBUG o.t.utility.RyukResourceReaper - Ryuk is enabled
2024-07-24 14:29:51.752 [Test worker] DEBUG o.t.u.PrefixingImageNameSubstitutor - No prefix is configured
2024-07-24 14:29:51.752 [Test worker] DEBUG o.t.utility.ImageNameSubstitutor - Did not find a substitute image for testcontainers/ryuk:0.7.0 (using image substitutor: DefaultImageNameSubstitutor (composite of 'ConfigurationFileImageNameSubstitutor' and 'PrefixingImageNameSubstitutor'))
2024-07-24 14:29:51.754 [Test worker] DEBUG o.t.s.c.g.d.c.command.AbstrDockerCmd - Cmd: ListImagesCmdImpl[filters=org.testcontainers.shaded.com.github.dockerjava.core.util.FiltersBuilder@0,imageNameFilter=<null>,showAll=false]
2024-07-24 14:29:51.756 [Test worker] TRACE o.t.s.c.g.d.c.exec.ListImagesCmdExec - GET: DefaultWebTarget{path=[/images/json], queryParams={}}
2024-07-24 14:29:51.757 [Test worker] DEBUG c.g.d.z.s.o.a.h.c.h.i.c.InternalHttpClient - ex-00000003: preparing request execution
2024-07-24 14:29:51.758 [Test worker] DEBUG c.g.d.z.s.o.a.h.c.h.p.RequestAddCookies - Cookie spec selected: strict
2024-07-24 14:29:51.758 [Test worker] DEBUG c.g.d.z.s.o.a.h.c.h.p.RequestAuthCache - Auth cache not set in the context
2024-07-24 14:29:51.758 [Test worker] DEBUG c.g.d.z.s.o.a.h.c.h.i.c.ProtocolExec - ex-00000003: target auth state: UNCHALLENGED
2024-07-24 14:29:51.758 [Test worker] DEBUG c.g.d.z.s.o.a.h.c.h.i.c.ProtocolExec - ex-00000003: proxy auth state: UNCHALLENGED
2024-07-24 14:29:51.758 [Test worker] DEBUG c.g.d.z.s.o.a.h.c.h.i.c.ConnectExec - ex-00000003: acquiring connection with route {}->npipe://localhost:2375
2024-07-24 14:29:51.758 [Test worker] DEBUG c.g.d.z.s.o.a.h.c.h.i.c.InternalHttpClient - ex-00000003: acquiring endpoint (3 MINUTES)
2024-07-24 14:29:51.758 [Test worker] DEBUG c.g.d.z.s.o.a.h.c.h.i.i.PoolingHttpClientConnectionManager - ex-00000003: endpoint lease request (3 MINUTES) [route: {}->npipe://localhost:2375][total available: 1; route allocated: 1 of 2147483647; total allocated: 1 of 2147483647]
2024-07-24 14:29:51.758 [Test worker] DEBUG c.g.d.z.s.o.a.h.c.h.i.i.PoolingHttpClientConnectionManager - ex-00000003: endpoint leased [route: {}->npipe://localhost:2375][total available: 0; route allocated: 1 of 2147483647; total allocated: 1 of 2147483647]
2024-07-24 14:29:51.759 [Test worker] DEBUG c.g.d.z.s.o.a.h.c.h.i.i.PoolingHttpClientConnectionManager - ex-00000003: acquired ep-00000002
2024-07-24 14:29:51.759 [Test worker] DEBUG c.g.d.z.s.o.a.h.c.h.i.c.InternalHttpClient - ex-00000003: acquired endpoint ep-00000002
2024-07-24 14:29:51.759 [Test worker] DEBUG c.g.d.z.s.o.a.h.c.h.i.c.MainClientExec - ex-00000003: executing GET /v1.32/images/json HTTP/1.1
2024-07-24 14:29:51.759 [Test worker] DEBUG c.g.d.z.s.o.a.h.c.h.i.c.InternalHttpClient - ep-00000002: start execution ex-00000003
2024-07-24 14:29:51.759 [Test worker] DEBUG c.g.d.z.s.o.a.h.c.h.i.i.PoolingHttpClientConnectionManager - ep-00000002: executing exchange ex-00000003 over http-outgoing-0
2024-07-24 14:29:51.759 [Test worker] DEBUG c.g.d.z.s.o.a.h.client5.http.headers - http-outgoing-0 >> GET /v1.32/images/json HTTP/1.1
2024-07-24 14:29:51.759 [Test worker] DEBUG c.g.d.z.s.o.a.h.client5.http.headers - http-outgoing-0 >> accept: application/json
2024-07-24 14:29:51.759 [Test worker] DEBUG c.g.d.z.s.o.a.h.client5.http.headers - http-outgoing-0 >> x-tc-sid: 280e6229-7396-4d60-b1e3-a5de48b5d49b
2024-07-24 14:29:51.759 [Test worker] DEBUG c.g.d.z.s.o.a.h.client5.http.headers - http-outgoing-0 >> User-Agent: tc-java/1.19.8
2024-07-24 14:29:51.759 [Test worker] DEBUG c.g.d.z.s.o.a.h.client5.http.headers - http-outgoing-0 >> Accept-Encoding: gzip, x-gzip, deflate
2024-07-24 14:29:51.759 [Test worker] DEBUG c.g.d.z.s.o.a.h.client5.http.headers - http-outgoing-0 >> Host: localhost:2375
2024-07-24 14:29:51.759 [Test worker] DEBUG c.g.d.z.s.o.a.h.client5.http.headers - http-outgoing-0 >> Connection: keep-alive
2024-07-24 14:29:51.760 [Test worker] DEBUG c.g.d.z.s.o.a.hc.client5.http.wire - http-outgoing-0 >> "GET /v1.32/images/json HTTP/1.1[\r][\n]"
2024-07-24 14:29:51.760 [Test worker] DEBUG c.g.d.z.s.o.a.hc.client5.http.wire - http-outgoing-0 >> "accept: application/json[\r][\n]"
2024-07-24 14:29:51.760 [Test worker] DEBUG c.g.d.z.s.o.a.hc.client5.http.wire - http-outgoing-0 >> "x-tc-sid: 280e6229-7396-4d60-b1e3-a5de48b5d49b[\r][\n]"
2024-07-24 14:29:51.760 [Test worker] DEBUG c.g.d.z.s.o.a.hc.client5.http.wire - http-outgoing-0 >> "User-Agent: tc-java/1.19.8[\r][\n]"
2024-07-24 14:29:51.760 [Test worker] DEBUG c.g.d.z.s.o.a.hc.client5.http.wire - http-outgoing-0 >> "Accept-Encoding: gzip, x-gzip, deflate[\r][\n]"
2024-07-24 14:29:51.760 [Test worker] DEBUG c.g.d.z.s.o.a.hc.client5.http.wire - http-outgoing-0 >> "Host: localhost:2375[\r][\n]"
2024-07-24 14:29:51.760 [Test worker] DEBUG c.g.d.z.s.o.a.hc.client5.http.wire - http-outgoing-0 >> "Connection: keep-alive[\r][\n]"
2024-07-24 14:29:51.760 [Test worker] DEBUG c.g.d.z.s.o.a.hc.client5.http.wire - http-outgoing-0 >> "[\r][\n]"
2024-07-24 14:29:51.765 [Test worker] DEBUG c.g.d.z.s.o.a.hc.client5.http.wire - http-outgoing-0 << "HTTP/1.1 200 OK[\r][\n]"
2024-07-24 14:29:51.765 [Test worker] DEBUG c.g.d.z.s.o.a.hc.client5.http.wire - http-outgoing-0 << "Api-Version: 1.45[\r][\n]"
2024-07-24 14:29:51.765 [Test worker] DEBUG c.g.d.z.s.o.a.hc.client5.http.wire - http-outgoing-0 << "Content-Type: application/json[\r][\n]"
2024-07-24 14:29:51.765 [Test worker] DEBUG c.g.d.z.s.o.a.hc.client5.http.wire - http-outgoing-0 << "Date: Wed, 24 Jul 2024 02:29:51 GMT[\r][\n]"
2024-07-24 14:29:51.766 [Test worker] DEBUG c.g.d.z.s.o.a.hc.client5.http.wire - http-outgoing-0 << "Docker-Experimental: false[\r][\n]"
2024-07-24 14:29:51.766 [Test worker] DEBUG c.g.d.z.s.o.a.hc.client5.http.wire - http-outgoing-0 << "Ostype: linux[\r][\n]"
2024-07-24 14:29:51.766 [Test worker] DEBUG c.g.d.z.s.o.a.hc.client5.http.wire - http-outgoing-0 << "Server: Docker/26.0.0 (linux)[\r][\n]"
2024-07-24 14:29:51.766 [Test worker] DEBUG c.g.d.z.s.o.a.hc.client5.http.wire - http-outgoing-0 << "Transfer-Encoding: chunked[\r][\n]"
2024-07-24 14:29:51.766 [Test worker] DEBUG c.g.d.z.s.o.a.hc.client5.http.wire - http-outgoing-0 << "[\r][\n]"
2024-07-24 14:29:51.766 [Test worker] DEBUG c.g.d.z.s.o.a.h.client5.http.headers - http-outgoing-0 << HTTP/1.1 200 OK
2024-07-24 14:29:51.766 [Test worker] DEBUG c.g.d.z.s.o.a.h.client5.http.headers - http-outgoing-0 << Api-Version: 1.45
2024-07-24 14:29:51.766 [Test worker] DEBUG c.g.d.z.s.o.a.h.client5.http.headers - http-outgoing-0 << Content-Type: application/json
2024-07-24 14:29:51.767 [Test worker] DEBUG c.g.d.z.s.o.a.h.client5.http.headers - http-outgoing-0 << Date: Wed, 24 Jul 2024 02:29:51 GMT
2024-07-24 14:29:51.767 [Test worker] DEBUG c.g.d.z.s.o.a.h.client5.http.headers - http-outgoing-0 << Docker-Experimental: false
2024-07-24 14:29:51.767 [Test worker] DEBUG c.g.d.z.s.o.a.h.client5.http.headers - http-outgoing-0 << Ostype: linux
2024-07-24 14:29:51.767 [Test worker] DEBUG c.g.d.z.s.o.a.h.client5.http.headers - http-outgoing-0 << Server: Docker/26.0.0 (linux)
2024-07-24 14:29:51.767 [Test worker] DEBUG c.g.d.z.s.o.a.h.client5.http.headers - http-outgoing-0 << Transfer-Encoding: chunked
2024-07-24 14:29:51.767 [Test worker] DEBUG c.g.d.z.s.o.a.h.c.h.i.c.MainClientExec - ex-00000003: connection can be kept alive for 3 MINUTES
2024-07-24 14:29:51.767 [Test worker] DEBUG c.g.d.z.s.o.a.hc.client5.http.wire - http-outgoing-0 << "8a2[\r][\n]"
2024-07-24 14:29:51.768 [Test worker] DEBUG c.g.d.z.s.o.a.hc.client5.http.wire - http-outgoing-0 << "[{"Containers":-1,"Created":1721112551,"Id":"sha256:acaae032bcdc148e07f0082ecbfb73a1ad78c16185a81b2506d24016b2b8a6c0","Labels":{"com.docker.compose.project":"united-api","com.docker.compose.service":"web","com.docker.compose.version":"2.26.1"},"ParentId":"","RepoDigests":null,"RepoTags":["united-api-web:latest"],"SharedSize":-1,"Size":425891503,"VirtualSize":425891503},{"Containers":-1,"Created":1714408683,"Id":"sha256:bf3dc08bfed031182827888bb15977e316ad797ee2ccb63b4c7a57fdfe7eb31d","Labels":{"org.opencontainers.image.ref.name":"ubuntu","org.opencontainers.image.version":"24.04"},"ParentId":"","RepoDigests":["ubuntu@sha256:3f85b7caad41a95462cf5b787d8a04604c8262cdcdf9a472b8c52ef83375fe15"],"RepoTags":["ubuntu:latest"],"SharedSize":-1,"Size":76237470,"VirtualSize":76237470},{"Containers":-1,"Created":1714183334,"Id":"sha256:a0f33ed601af4b88b66fe67c840b331acfd58e776f6603ad7ddfe5ba06ca27ff","Labels":{"com.docker.compose.project":"shoppinglist-api","com.docker.compose.service":"web","com.docker.compose.version":"2.26.1"},"ParentId":"","RepoDigests":null,"RepoTags":["shoppinglist-api-web:latest"],"SharedSize":-1,"Size":426386055,"VirtualSize":426386055},{"Containers":-1,"Created":1709906940,"Id":"sha256:d2ed07d3edac38204208c19bbf5e4893989b9c1f3fffb67403225e2dc74abeba","Labels":{"org.testcontainers.ryuk":"true"},"ParentId":"","RepoDigests":["testcontainers/ryuk@sha256:bcbee39cd601396958ba1bd06ea14ad64ce0ea709de29a427d741d1f5262080a"],"RepoTags":["testcontainers/ryuk:0.7.0"],"SharedSize":-1,"Size":15229672,"VirtualSize":15229672},{"Containers":-1,"Created":1708476373,"Id":"sha256:8e4fc9e184899a58735e7ee333f5e272d7d2298cf59302006b71f33e217be130","Labels":null,"ParentId":"","RepoDigests":["postgres@sha256:4aea012537edfad80f98d870a36e6b90b4c09b27be7f4b4759d72db863baeebb"],"RepoTags":["postgres:latest"],"SharedSize":-1,"Size":431496964,"VirtualSize":431496964},{"Containers":-1,"Created":1691717940,"Id":"sha256:99afc808f15be15cd1d9890394123034a79d1f3204d5b417d8558990cdf30167","Labels":null,"ParentId":"","RepoDigests":["mysql@sha256:c0455ac041844b5e65cd08571387fa5b50ab2a6179557fd938298cab13acf0dd"],"RepoTags":["mysql:latest"],"SharedSize":-1,"Size":577363397,"VirtualSize":577363397}][\n]"
2024-07-24 14:29:51.768 [Test worker] DEBUG c.g.d.z.s.o.a.hc.client5.http.wire - http-outgoing-0 << "[\r][\n]"
2024-07-24 14:29:51.768 [Test worker] DEBUG c.g.d.z.s.o.a.hc.client5.http.wire - http-outgoing-0 << "0[\r][\n]"
2024-07-24 14:29:51.768 [Test worker] DEBUG c.g.d.z.s.o.a.hc.client5.http.wire - http-outgoing-0 << "[\r][\n]"
2024-07-24 14:29:51.771 [Test worker] DEBUG c.g.d.z.s.o.a.h.c.h.i.c.InternalHttpClient - ep-00000002: releasing valid endpoint
2024-07-24 14:29:51.771 [Test worker] DEBUG c.g.d.z.s.o.a.h.c.h.i.i.PoolingHttpClientConnectionManager - ep-00000002: releasing endpoint
2024-07-24 14:29:51.772 [Test worker] DEBUG c.g.d.z.s.o.a.h.c.h.i.i.PoolingHttpClientConnectionManager - ep-00000002: connection http-outgoing-0 can be kept alive for 3 MINUTES
2024-07-24 14:29:51.772 [Test worker] DEBUG c.g.d.z.s.o.a.h.c.h.i.i.PoolingHttpClientConnectionManager - ep-00000002: connection released [route: {}->npipe://localhost:2375][total available: 1; route allocated: 1 of 2147483647; total allocated: 1 of 2147483647]
2024-07-24 14:29:51.772 [Test worker] TRACE o.t.s.c.g.d.c.exec.ListImagesCmdExec - Response: [Image(created=1721112551, id=sha256:acaae032bcdc148e07f0082ecbfb73a1ad78c16185a81b2506d24016b2b8a6c0, parentId=, repoTags=[united-api-web:latest], repoDigests=null, size=425891503, virtualSize=425891503, sharedSize=-1, labels={com.docker.compose.project=united-api, com.docker.compose.service=web, com.docker.compose.version=2.26.1}, containers=-1), Image(created=1714408683, id=sha256:bf3dc08bfed031182827888bb15977e316ad797ee2ccb63b4c7a57fdfe7eb31d, parentId=, repoTags=[ubuntu:latest], repoDigests=[ubuntu@sha256:3f85b7caad41a95462cf5b787d8a04604c8262cdcdf9a472b8c52ef83375fe15], size=76237470, virtualSize=76237470, sharedSize=-1, labels={org.opencontainers.image.ref.name=ubuntu, org.opencontainers.image.version=24.04}, containers=-1), Image(created=1714183334, id=sha256:a0f33ed601af4b88b66fe67c840b331acfd58e776f6603ad7ddfe5ba06ca27ff, parentId=, repoTags=[shoppinglist-api-web:latest], repoDigests=null, size=426386055, virtualSize=426386055, sharedSize=-1, labels={com.docker.compose.project=shoppinglist-api, com.docker.compose.service=web, com.docker.compose.version=2.26.1}, containers=-1), Image(created=1709906940, id=sha256:d2ed07d3edac38204208c19bbf5e4893989b9c1f3fffb67403225e2dc74abeba, parentId=, repoTags=[testcontainers/ryuk:0.7.0], repoDigests=[testcontainers/ryuk@sha256:bcbee39cd601396958ba1bd06ea14ad64ce0ea709de29a427d741d1f5262080a], size=15229672, virtualSize=15229672, sharedSize=-1, labels={org.testcontainers.ryuk=true}, containers=-1), Image(created=1708476373, id=sha256:8e4fc9e184899a58735e7ee333f5e272d7d2298cf59302006b71f33e217be130, parentId=, repoTags=[postgres:latest], repoDigests=[postgres@sha256:4aea012537edfad80f98d870a36e6b90b4c09b27be7f4b4759d72db863baeebb], size=431496964, virtualSize=431496964, sharedSize=-1, labels=null, containers=-1), Image(created=1691717940, id=sha256:99afc808f15be15cd1d9890394123034a79d1f3204d5b417d8558990cdf30167, parentId=, repoTags=[mysql:latest], repoDigests=[mysql@sha256:c0455ac041844b5e65cd08571387fa5b50ab2a6179557fd938298cab13acf0dd], size=577363397, virtualSize=577363397, sharedSize=-1, labels=null, containers=-1)]
2024-07-24 14:29:51.774 [Test worker] TRACE tc.testcontainers/ryuk:0.7.0 - testcontainers/ryuk:0.7.0 is already in image name cache
2024-07-24 14:29:51.775 [Test worker] DEBUG o.t.images.AbstractImagePullPolicy - Using locally available and not pulling image: testcontainers/ryuk:0.7.0
2024-07-24 14:29:51.775 [Test worker] DEBUG tc.testcontainers/ryuk:0.7.0 - Starting container: testcontainers/ryuk:0.7.0
2024-07-24 14:29:51.776 [Test worker] DEBUG tc.testcontainers/ryuk:0.7.0 - Trying to start container: testcontainers/ryuk:0.7.0 (attempt 1/1)
2024-07-24 14:29:51.776 [Test worker] DEBUG tc.testcontainers/ryuk:0.7.0 - Starting container: testcontainers/ryuk:0.7.0
2024-07-24 14:29:51.776 [Test worker] INFO  tc.testcontainers/ryuk:0.7.0 - Creating container for image: testcontainers/ryuk:0.7.0
2024-07-24 14:29:51.780 [Test worker] DEBUG o.t.utility.RegistryAuthLocator - Looking up auth config for image: testcontainers/ryuk:0.7.0 at registry: https://index.docker.io/v1/
2024-07-24 14:29:51.780 [Test worker] DEBUG o.t.utility.RegistryAuthLocator - RegistryAuthLocator has configFile: C:\Users\danie\.docker\config.json (exists) configEnv: DOCKER_AUTH_CONFIG (does not exist) and commandPathPrefix: 
2024-07-24 14:29:51.780 [Test worker] DEBUG o.t.utility.RegistryAuthLocator - RegistryAuthLocator reading from configFile: C:\Users\danie\.docker\config.json
2024-07-24 14:29:51.781 [Test worker] DEBUG o.t.utility.RegistryAuthLocator - registryName [https://index.docker.io/v1/] for dockerImageName [testcontainers/ryuk:0.7.0]
2024-07-24 14:29:51.781 [Test worker] DEBUG o.t.utility.RegistryAuthLocator - Executing docker credential provider: docker-credential-desktop to locate auth config for: https://index.docker.io/v1/
2024-07-24 14:29:51.788 [Test worker] DEBUG o.t.s.o.z.exec.ProcessExecutor - Executing [cmd, /c, docker-credential-desktop, get].
2024-07-24 14:29:51.797 [Test worker] DEBUG o.t.s.o.z.exec.ProcessExecutor - Started Process[pid=63332, exitValue="not exited"]
2024-07-24 14:29:51.800 [Thread-17] TRACE o.t.s.o.z.exec.stream.StreamPumper - org.testcontainers.shaded.org.zeroturnaround.exec.stream.StreamPumper@33480406 started.
2024-07-24 14:29:51.800 [Thread-16] TRACE o.t.s.o.z.exec.stream.StreamPumper - org.testcontainers.shaded.org.zeroturnaround.exec.stream.StreamPumper@7a06af40 started.
2024-07-24 14:29:51.800 [Thread-16] TRACE o.t.s.o.z.exec.stream.StreamPumper - org.testcontainers.shaded.org.zeroturnaround.exec.stream.StreamPumper@7a06af40 finished.
2024-07-24 14:29:51.907 [Thread-17] TRACE o.t.s.o.z.exec.stream.StreamPumper - org.testcontainers.shaded.org.zeroturnaround.exec.stream.StreamPumper@33480406 finished.
2024-07-24 14:29:51.908 [WaitForProcess-Process[pid=63332, exitValue="not exited"]] DEBUG o.t.s.o.z.exec.WaitForProcess - Process[pid=63332, exitValue=1] stopped with exit code 1
2024-07-24 14:29:51.909 [WaitForProcess-Process[pid=63332, exitValue="not exited"]] TRACE o.t.s.o.z.e.stream.PumpStreamHandler - Joining input thread Thread[Thread-16,5,]...
2024-07-24 14:29:51.909 [WaitForProcess-Process[pid=63332, exitValue="not exited"]] TRACE o.t.s.o.z.e.stream.PumpStreamHandler - Joining output thread Thread[Thread-17,5,]...
2024-07-24 14:29:51.909 [WaitForProcess-Process[pid=63332, exitValue="not exited"]] TRACE o.t.s.o.z.e.stream.PumpStreamHandler - Flushing output stream credentials not found in native keychain
...
2024-07-24 14:29:51.909 [WaitForProcess-Process[pid=63332, exitValue="not exited"]] TRACE o.t.s.o.z.e.stream.PumpStreamHandler - Flushing error stream org.testcontainers.shaded.org.zeroturnaround.exec.stream.NullOutputStream@8223b49...
2024-07-24 14:29:51.911 [Test worker] DEBUG o.t.s.o.z.exec.ProcessExecutor - Executing [cmd, /c, docker-credential-desktop, get].
2024-07-24 14:29:51.913 [Test worker] DEBUG o.t.s.o.z.exec.ProcessExecutor - Started Process[pid=30268, exitValue="not exited"]
2024-07-24 14:29:51.914 [Thread-18] TRACE o.t.s.o.z.exec.stream.StreamPumper - org.testcontainers.shaded.org.zeroturnaround.exec.stream.StreamPumper@6eb33c6 started.
2024-07-24 14:29:51.914 [Thread-19] TRACE o.t.s.o.z.exec.stream.StreamPumper - org.testcontainers.shaded.org.zeroturnaround.exec.stream.StreamPumper@3115a9c6 started.
2024-07-24 14:29:51.914 [Thread-18] TRACE o.t.s.o.z.exec.stream.StreamPumper - org.testcontainers.shaded.org.zeroturnaround.exec.stream.StreamPumper@6eb33c6 finished.
2024-07-24 14:29:52.030 [Thread-19] TRACE o.t.s.o.z.exec.stream.StreamPumper - org.testcontainers.shaded.org.zeroturnaround.exec.stream.StreamPumper@3115a9c6 finished.
2024-07-24 14:29:52.031 [WaitForProcess-Process[pid=30268, exitValue="not exited"]] DEBUG o.t.s.o.z.exec.WaitForProcess - Process[pid=30268, exitValue=1] stopped with exit code 1
2024-07-24 14:29:52.031 [WaitForProcess-Process[pid=30268, exitValue="not exited"]] TRACE o.t.s.o.z.e.stream.PumpStreamHandler - Joining input thread Thread[Thread-18,5,]...
2024-07-24 14:29:52.031 [WaitForProcess-Process[pid=30268, exitValue="not exited"]] TRACE o.t.s.o.z.e.stream.PumpStreamHandler - Joining output thread Thread[Thread-19,5,]...
2024-07-24 14:29:52.031 [WaitForProcess-Process[pid=30268, exitValue="not exited"]] TRACE o.t.s.o.z.e.stream.PumpStreamHandler - Flushing output stream credentials not found in native keychain
...
2024-07-24 14:29:52.031 [WaitForProcess-Process[pid=30268, exitValue="not exited"]] TRACE o.t.s.o.z.e.stream.PumpStreamHandler - Flushing error stream org.testcontainers.shaded.org.zeroturnaround.exec.stream.NullOutputStream@8223b49...
2024-07-24 14:29:52.031 [Test worker] DEBUG o.t.utility.RegistryAuthLocator - Got credentials not found error message from docker credential helper - credentials not found in native keychain
2024-07-24 14:29:52.031 [Test worker] INFO  o.t.utility.RegistryAuthLocator - Credential helper/store (docker-credential-desktop) does not have credentials for https://index.docker.io/v1/
2024-07-24 14:29:52.032 [Test worker] DEBUG o.t.utility.RegistryAuthLocator - No matching Auth Configs - falling back to defaultAuthConfig [null]
2024-07-24 14:29:52.032 [Test worker] DEBUG o.t.d.AuthDelegatingDockerClientConfig - Effective auth config [null]
2024-07-24 14:29:52.041 [Test worker] DEBUG o.t.s.c.g.d.c.command.AbstrDockerCmd - Cmd: org.testcontainers.shaded.com.github.dockerjava.core.command.CreateContainerCmdImpl@2571066a[aliases=<null>,argsEscaped=<null>,attachStderr=<null>,attachStdin=<null>,attachStdout=<null>,authConfig=<null>,cmd={},domainName=<null>,entrypoint=<null>,env={},exposedPorts=ExposedPorts(exposedPorts=[8080/tcp]),healthcheck=<null>,hostConfig=HostConfig(binds=[//var/run/docker.sock:/var/run/docker.sock:rw], blkioWeight=null, blkioWeightDevice=null, blkioDeviceReadBps=null, blkioDeviceWriteBps=null, blkioDeviceReadIOps=null, blkioDeviceWriteIOps=null, memorySwappiness=null, nanoCPUs=null, capAdd=null, capDrop=null, containerIDFile=null, cpuPeriod=null, cpuRealtimePeriod=null, cpuRealtimeRuntime=null, cpuShares=null, cpuQuota=null, cpusetCpus=null, cpusetMems=null, devices=null, deviceCgroupRules=null, deviceRequests=null, diskQuota=null, dns=null, dnsOptions=null, dnsSearch=null, extraHosts=[], groupAdd=null, ipcMode=null, cgroup=null, links=[], logConfig=LogConfig(type=null, config=null), lxcConf=null, memory=null, memorySwap=null, memoryReservation=null, kernelMemory=null, networkMode=null, oomKillDisable=null, init=null, autoRemove=true, oomScoreAdj=null, portBindings={8080/tcp=[Lcom.github.dockerjava.api.model.Ports$Binding;@3eed0f5}, privileged=true, publishAllPorts=null, readonlyRootfs=null, restartPolicy=null, ulimits=null, cpuCount=null, cpuPercent=null, ioMaximumIOps=null, ioMaximumBandwidth=null, volumesFrom=[], mounts=null, pidMode=null, isolation=null, securityOpts=null, storageOpt=null, cgroupParent=null, volumeDriver=null, shmSize=null, pidsLimit=null, runtime=null, tmpFs=null, utSMode=null, usernsMode=null, sysctls=null, consoleSize=null, cgroupnsMode=null),hostName=<null>,image=testcontainers/ryuk:0.7.0,ipv4Address=<null>,ipv6Address=<null>,labels={org.testcontainers=true, org.testcontainers.lang=java, org.testcontainers.version=1.19.8},macAddress=<null>,name=testcontainers-ryuk-280e6229-7396-4d60-b1e3-a5de48b5d49b,networkDisabled=<null>,networkingConfig=<null>,onBuild=<null>,platform=<null>,portSpecs=<null>,shell=<null>,stdInOnce=<null>,stdinOpen=<null>,stopSignal=<null>,stopTimeout=<null>,tty=<null>,user=<null>,volumes=Volumes(volumes=[]),workingDir=<null>]
2024-07-24 14:29:52.050 [Test worker] TRACE o.t.s.c.g.d.c.e.CreateContainerCmdExec - POST: DefaultWebTarget{path=[/containers/create], queryParams={name=[testcontainers-ryuk-280e6229-7396-4d60-b1e3-a5de48b5d49b]}} 
2024-07-24 14:29:52.111 [Test worker] DEBUG c.g.d.z.s.o.a.h.c.h.i.c.InternalHttpClient - ex-00000004: preparing request execution
2024-07-24 14:29:52.112 [Test worker] DEBUG c.g.d.z.s.o.a.h.c.h.p.RequestAddCookies - Cookie spec selected: strict
2024-07-24 14:29:52.112 [Test worker] DEBUG c.g.d.z.s.o.a.h.c.h.p.RequestAuthCache - Auth cache not set in the context
2024-07-24 14:29:52.112 [Test worker] DEBUG c.g.d.z.s.o.a.h.c.h.i.c.ProtocolExec - ex-00000004: target auth state: UNCHALLENGED
2024-07-24 14:29:52.112 [Test worker] DEBUG c.g.d.z.s.o.a.h.c.h.i.c.ProtocolExec - ex-00000004: proxy auth state: UNCHALLENGED
2024-07-24 14:29:52.112 [Test worker] DEBUG c.g.d.z.s.o.a.h.c.h.i.c.ConnectExec - ex-00000004: acquiring connection with route {}->npipe://localhost:2375
2024-07-24 14:29:52.112 [Test worker] DEBUG c.g.d.z.s.o.a.h.c.h.i.c.InternalHttpClient - ex-00000004: acquiring endpoint (3 MINUTES)
2024-07-24 14:29:52.112 [Test worker] DEBUG c.g.d.z.s.o.a.h.c.h.i.i.PoolingHttpClientConnectionManager - ex-00000004: endpoint lease request (3 MINUTES) [route: {}->npipe://localhost:2375][total available: 1; route allocated: 1 of 2147483647; total allocated: 1 of 2147483647]
2024-07-24 14:29:52.112 [Test worker] DEBUG c.g.d.z.s.o.a.h.c.h.i.i.PoolingHttpClientConnectionManager - ex-00000004: endpoint leased [route: {}->npipe://localhost:2375][total available: 0; route allocated: 1 of 2147483647; total allocated: 1 of 2147483647]
2024-07-24 14:29:52.112 [Test worker] DEBUG c.g.d.z.s.o.a.h.c.h.i.i.PoolingHttpClientConnectionManager - ex-00000004: acquired ep-00000003
2024-07-24 14:29:52.112 [Test worker] DEBUG c.g.d.z.s.o.a.h.c.h.i.c.InternalHttpClient - ex-00000004: acquired endpoint ep-00000003
2024-07-24 14:29:52.113 [Test worker] DEBUG c.g.d.z.s.o.a.h.c.h.i.c.MainClientExec - ex-00000004: executing POST /v1.32/containers/create?name=testcontainers-ryuk-280e6229-7396-4d60-b1e3-a5de48b5d49b HTTP/1.1
2024-07-24 14:29:52.113 [Test worker] DEBUG c.g.d.z.s.o.a.h.c.h.i.c.InternalHttpClient - ep-00000003: start execution ex-00000004
2024-07-24 14:29:52.113 [Test worker] DEBUG c.g.d.z.s.o.a.h.c.h.i.i.PoolingHttpClientConnectionManager - ep-00000003: executing exchange ex-00000004 over http-outgoing-0
2024-07-24 14:29:52.113 [Test worker] DEBUG c.g.d.z.s.o.a.h.client5.http.headers - http-outgoing-0 >> POST /v1.32/containers/create?name=testcontainers-ryuk-280e6229-7396-4d60-b1e3-a5de48b5d49b HTTP/1.1
2024-07-24 14:29:52.113 [Test worker] DEBUG c.g.d.z.s.o.a.h.client5.http.headers - http-outgoing-0 >> accept: application/json
2024-07-24 14:29:52.113 [Test worker] DEBUG c.g.d.z.s.o.a.h.client5.http.headers - http-outgoing-0 >> content-type: application/json
2024-07-24 14:29:52.113 [Test worker] DEBUG c.g.d.z.s.o.a.h.client5.http.headers - http-outgoing-0 >> x-tc-sid: 280e6229-7396-4d60-b1e3-a5de48b5d49b
2024-07-24 14:29:52.113 [Test worker] DEBUG c.g.d.z.s.o.a.h.client5.http.headers - http-outgoing-0 >> User-Agent: tc-java/1.19.8
2024-07-24 14:29:52.113 [Test worker] DEBUG c.g.d.z.s.o.a.h.client5.http.headers - http-outgoing-0 >> Accept-Encoding: gzip, x-gzip, deflate
2024-07-24 14:29:52.113 [Test worker] DEBUG c.g.d.z.s.o.a.h.client5.http.headers - http-outgoing-0 >> Content-Length: 1955
2024-07-24 14:29:52.113 [Test worker] DEBUG c.g.d.z.s.o.a.h.client5.http.headers - http-outgoing-0 >> Host: localhost:2375
2024-07-24 14:29:52.113 [Test worker] DEBUG c.g.d.z.s.o.a.h.client5.http.headers - http-outgoing-0 >> Connection: keep-alive
2024-07-24 14:29:52.113 [Test worker] DEBUG c.g.d.z.s.o.a.hc.client5.http.wire - http-outgoing-0 >> "POST /v1.32/containers/create?name=testcontainers-ryuk-280e6229-7396-4d60-b1e3-a5de48b5d49b HTTP/1.1[\r][\n]"
2024-07-24 14:29:52.114 [Test worker] DEBUG c.g.d.z.s.o.a.hc.client5.http.wire - http-outgoing-0 >> "accept: application/json[\r][\n]"
2024-07-24 14:29:52.114 [Test worker] DEBUG c.g.d.z.s.o.a.hc.client5.http.wire - http-outgoing-0 >> "content-type: application/json[\r][\n]"
2024-07-24 14:29:52.114 [Test worker] DEBUG c.g.d.z.s.o.a.hc.client5.http.wire - http-outgoing-0 >> "x-tc-sid: 280e6229-7396-4d60-b1e3-a5de48b5d49b[\r][\n]"
2024-07-24 14:29:52.114 [Test worker] DEBUG c.g.d.z.s.o.a.hc.client5.http.wire - http-outgoing-0 >> "User-Agent: tc-java/1.19.8[\r][\n]"
2024-07-24 14:29:52.114 [Test worker] DEBUG c.g.d.z.s.o.a.hc.client5.http.wire - http-outgoing-0 >> "Accept-Encoding: gzip, x-gzip, deflate[\r][\n]"
2024-07-24 14:29:52.114 [Test worker] DEBUG c.g.d.z.s.o.a.hc.client5.http.wire - http-outgoing-0 >> "Content-Length: 1955[\r][\n]"
2024-07-24 14:29:52.114 [Test worker] DEBUG c.g.d.z.s.o.a.hc.client5.http.wire - http-outgoing-0 >> "Host: localhost:2375[\r][\n]"
2024-07-24 14:29:52.114 [Test worker] DEBUG c.g.d.z.s.o.a.hc.client5.http.wire - http-outgoing-0 >> "Connection: keep-alive[\r][\n]"
2024-07-24 14:29:52.114 [Test worker] DEBUG c.g.d.z.s.o.a.hc.client5.http.wire - http-outgoing-0 >> "[\r][\n]"
2024-07-24 14:29:52.114 [Test worker] DEBUG c.g.d.z.s.o.a.hc.client5.http.wire - http-outgoing-0 >> "{"Hostname":null,"Domainname":null,"User":null,"AttachStdin":null,"AttachStdout":null,"AttachStderr":null,"PortSpecs":null,"Tty":null,"OpenStdin":null,"StdinOnce":null,"Env":[],"Cmd":[],"Healthcheck":null,"ArgsEscaped":null,"Entrypoint":null,"Image":"testcontainers/ryuk:0.7.0","Volumes":{},"WorkingDir":null,"MacAddress":null,"OnBuild":null,"NetworkDisabled":null,"ExposedPorts":{"8080/tcp":{}},"StopSignal":null,"StopTimeout":null,"HostConfig":{"Binds":["//var/run/docker.sock:/var/run/docker.sock:rw"],"BlkioWeight":null,"BlkioWeightDevice":null,"BlkioDeviceReadBps":null,"BlkioDeviceWriteBps":null,"BlkioDeviceReadIOps":null,"BlkioDeviceWriteIOps":null,"MemorySwappiness":null,"NanoCpus":null,"CapAdd":null,"CapDrop":null,"ContainerIDFile":null,"CpuPeriod":null,"CpuRealtimePeriod":null,"CpuRealtimeRuntime":null,"CpuShares":null,"CpuQuota":null,"CpusetCpus":null,"CpusetMems":null,"Devices":null,"DeviceCgroupRules":null,"DeviceRequests":null,"DiskQuota":null,"Dns":null,"DnsOptions":null,"DnsSearch":null,"ExtraHosts":[],"GroupAdd":null,"IpcMode":null,"Cgroup":null,"Links":[],"LogConfig":null,"LxcConf":null,"Memory":null,"MemorySwap":null,"MemoryReservation":null,"KernelMemory":null,"NetworkMode":null,"OomKillDisable":null,"Init":null,"AutoRemove":true,"OomScoreAdj":null,"PortBindings":{"8080/tcp":[{"HostIp":"","HostPort":""}]},"Privileged":true,"PublishAllPorts":null,"ReadonlyRootfs":null,"RestartPolicy":null,"Ulimits":null,"CpuCount":null,"CpuPercent":null,"IOMaximumIOps":null,"IOMaximumBandwidth":null,"VolumesFrom":[],"Mounts":null,"PidMode":null,"Isolation":null,"SecurityOpt":null,"StorageOpt":null,"CgroupParent":null,"VolumeDriver":null,"ShmSize":null,"PidsLimit":null,"Runtime":null,"Tmpfs":null,"UTSMode":null,"UsernsMode":null,"Sysctls":null,"ConsoleSize":null,"CgroupnsMode":null},"Labels":{"org.testcontainers":"true","org.testcontainers.lang":"java","org.testcontainers.version":"1.19.8"},"Shell":null,"NetworkingConfig":null}"
2024-07-24 14:29:52.210 [Test worker] DEBUG c.g.d.z.s.o.a.hc.client5.http.wire - http-outgoing-0 << "HTTP/1.1 201 Created[\r][\n]"
2024-07-24 14:29:52.211 [Test worker] DEBUG c.g.d.z.s.o.a.hc.client5.http.wire - http-outgoing-0 << "Api-Version: 1.45[\r][\n]"
2024-07-24 14:29:52.211 [Test worker] DEBUG c.g.d.z.s.o.a.hc.client5.http.wire - http-outgoing-0 << "Content-Type: application/json[\r][\n]"
2024-07-24 14:29:52.211 [Test worker] DEBUG c.g.d.z.s.o.a.hc.client5.http.wire - http-outgoing-0 << "Date: Wed, 24 Jul 2024 02:29:52 GMT[\r][\n]"
2024-07-24 14:29:52.211 [Test worker] DEBUG c.g.d.z.s.o.a.hc.client5.http.wire - http-outgoing-0 << "Docker-Experimental: false[\r][\n]"
2024-07-24 14:29:52.211 [Test worker] DEBUG c.g.d.z.s.o.a.hc.client5.http.wire - http-outgoing-0 << "Ostype: linux[\r][\n]"
2024-07-24 14:29:52.211 [Test worker] DEBUG c.g.d.z.s.o.a.hc.client5.http.wire - http-outgoing-0 << "Server: Docker/26.0.0 (linux)[\r][\n]"
2024-07-24 14:29:52.211 [Test worker] DEBUG c.g.d.z.s.o.a.hc.client5.http.wire - http-outgoing-0 << "Transfer-Encoding: chunked[\r][\n]"
2024-07-24 14:29:52.211 [Test worker] DEBUG c.g.d.z.s.o.a.hc.client5.http.wire - http-outgoing-0 << "[\r][\n]"
2024-07-24 14:29:52.211 [Test worker] DEBUG c.g.d.z.s.o.a.h.client5.http.headers - http-outgoing-0 << HTTP/1.1 201 Created
2024-07-24 14:29:52.211 [Test worker] DEBUG c.g.d.z.s.o.a.h.client5.http.headers - http-outgoing-0 << Api-Version: 1.45
2024-07-24 14:29:52.211 [Test worker] DEBUG c.g.d.z.s.o.a.h.client5.http.headers - http-outgoing-0 << Content-Type: application/json
2024-07-24 14:29:52.211 [Test worker] DEBUG c.g.d.z.s.o.a.h.client5.http.headers - http-outgoing-0 << Date: Wed, 24 Jul 2024 02:29:52 GMT
2024-07-24 14:29:52.211 [Test worker] DEBUG c.g.d.z.s.o.a.h.client5.http.headers - http-outgoing-0 << Docker-Experimental: false
2024-07-24 14:29:52.212 [Test worker] DEBUG c.g.d.z.s.o.a.h.client5.http.headers - http-outgoing-0 << Ostype: linux
2024-07-24 14:29:52.212 [Test worker] DEBUG c.g.d.z.s.o.a.h.client5.http.headers - http-outgoing-0 << Server: Docker/26.0.0 (linux)
2024-07-24 14:29:52.212 [Test worker] DEBUG c.g.d.z.s.o.a.h.client5.http.headers - http-outgoing-0 << Transfer-Encoding: chunked
2024-07-24 14:29:52.212 [Test worker] DEBUG c.g.d.z.s.o.a.h.c.h.i.c.MainClientExec - ex-00000004: connection can be kept alive for 3 MINUTES
2024-07-24 14:29:52.212 [Test worker] DEBUG c.g.d.z.s.o.a.hc.client5.http.wire - http-outgoing-0 << "58[\r][\n]"
2024-07-24 14:29:52.212 [Test worker] DEBUG c.g.d.z.s.o.a.hc.client5.http.wire - http-outgoing-0 << "{"Id":"780d1b7346ee3ac5d0f55d7b5e1112a64fe8a06ddd3bfebb7d3d912e26151749","Warnings":[]}[\n]"
2024-07-24 14:29:52.212 [Test worker] DEBUG c.g.d.z.s.o.a.hc.client5.http.wire - http-outgoing-0 << "[\r][\n]"
2024-07-24 14:29:52.212 [Test worker] DEBUG c.g.d.z.s.o.a.hc.client5.http.wire - http-outgoing-0 << "0[\r][\n]"
2024-07-24 14:29:52.212 [Test worker] DEBUG c.g.d.z.s.o.a.hc.client5.http.wire - http-outgoing-0 << "[\r][\n]"
2024-07-24 14:29:52.216 [Test worker] DEBUG c.g.d.z.s.o.a.h.c.h.i.c.InternalHttpClient - ep-00000003: releasing valid endpoint
2024-07-24 14:29:52.216 [Test worker] DEBUG c.g.d.z.s.o.a.h.c.h.i.i.PoolingHttpClientConnectionManager - ep-00000003: releasing endpoint
2024-07-24 14:29:52.216 [Test worker] DEBUG c.g.d.z.s.o.a.h.c.h.i.i.PoolingHttpClientConnectionManager - ep-00000003: connection http-outgoing-0 can be kept alive for 3 MINUTES
2024-07-24 14:29:52.216 [Test worker] DEBUG c.g.d.z.s.o.a.h.c.h.i.i.PoolingHttpClientConnectionManager - ep-00000003: connection released [route: {}->npipe://localhost:2375][total available: 1; route allocated: 1 of 2147483647; total allocated: 1 of 2147483647]
2024-07-24 14:29:52.221 [Test worker] INFO  tc.testcontainers/ryuk:0.7.0 - Container testcontainers/ryuk:0.7.0 is starting: 780d1b7346ee3ac5d0f55d7b5e1112a64fe8a06ddd3bfebb7d3d912e26151749
2024-07-24 14:29:52.223 [Test worker] DEBUG o.t.s.c.g.d.c.command.AbstrDockerCmd - Cmd: 780d1b7346ee3ac5d0f55d7b5e1112a64fe8a06ddd3bfebb7d3d912e26151749
2024-07-24 14:29:52.226 [Test worker] TRACE o.t.s.c.g.d.c.e.StartContainerCmdExec - POST: DefaultWebTarget{path=[/containers/780d1b7346ee3ac5d0f55d7b5e1112a64fe8a06ddd3bfebb7d3d912e26151749/start], queryParams={}}
2024-07-24 14:29:52.227 [Test worker] DEBUG c.g.d.z.s.o.a.h.c.h.i.c.InternalHttpClient - ex-00000005: preparing request execution
2024-07-24 14:29:52.228 [Test worker] DEBUG c.g.d.z.s.o.a.h.c.h.p.RequestAddCookies - Cookie spec selected: strict
2024-07-24 14:29:52.228 [Test worker] DEBUG c.g.d.z.s.o.a.h.c.h.p.RequestAuthCache - Auth cache not set in the context
2024-07-24 14:29:52.228 [Test worker] DEBUG c.g.d.z.s.o.a.h.c.h.i.c.ProtocolExec - ex-00000005: target auth state: UNCHALLENGED
2024-07-24 14:29:52.228 [Test worker] DEBUG c.g.d.z.s.o.a.h.c.h.i.c.ProtocolExec - ex-00000005: proxy auth state: UNCHALLENGED
2024-07-24 14:29:52.228 [Test worker] DEBUG c.g.d.z.s.o.a.h.c.h.i.c.ConnectExec - ex-00000005: acquiring connection with route {}->npipe://localhost:2375
2024-07-24 14:29:52.228 [Test worker] DEBUG c.g.d.z.s.o.a.h.c.h.i.c.InternalHttpClient - ex-00000005: acquiring endpoint (3 MINUTES)
2024-07-24 14:29:52.228 [Test worker] DEBUG c.g.d.z.s.o.a.h.c.h.i.i.PoolingHttpClientConnectionManager - ex-00000005: endpoint lease request (3 MINUTES) [route: {}->npipe://localhost:2375][total available: 1; route allocated: 1 of 2147483647; total allocated: 1 of 2147483647]
2024-07-24 14:29:52.229 [Test worker] DEBUG c.g.d.z.s.o.a.h.c.h.i.i.PoolingHttpClientConnectionManager - ex-00000005: endpoint leased [route: {}->npipe://localhost:2375][total available: 0; route allocated: 1 of 2147483647; total allocated: 1 of 2147483647]
2024-07-24 14:29:52.230 [Test worker] DEBUG c.g.d.z.s.o.a.h.c.h.i.i.PoolingHttpClientConnectionManager - ex-00000005: acquired ep-00000004
2024-07-24 14:29:52.230 [Test worker] DEBUG c.g.d.z.s.o.a.h.c.h.i.c.InternalHttpClient - ex-00000005: acquired endpoint ep-00000004
2024-07-24 14:29:52.230 [Test worker] DEBUG c.g.d.z.s.o.a.h.c.h.i.c.MainClientExec - ex-00000005: executing POST /v1.32/containers/780d1b7346ee3ac5d0f55d7b5e1112a64fe8a06ddd3bfebb7d3d912e26151749/start HTTP/1.1
2024-07-24 14:29:52.230 [Test worker] DEBUG c.g.d.z.s.o.a.h.c.h.i.c.InternalHttpClient - ep-00000004: start execution ex-00000005
2024-07-24 14:29:52.230 [Test worker] DEBUG c.g.d.z.s.o.a.h.c.h.i.i.PoolingHttpClientConnectionManager - ep-00000004: executing exchange ex-00000005 over http-outgoing-0
2024-07-24 14:29:52.230 [Test worker] DEBUG c.g.d.z.s.o.a.h.client5.http.headers - http-outgoing-0 >> POST /v1.32/containers/780d1b7346ee3ac5d0f55d7b5e1112a64fe8a06ddd3bfebb7d3d912e26151749/start HTTP/1.1
2024-07-24 14:29:52.230 [Test worker] DEBUG c.g.d.z.s.o.a.h.client5.http.headers - http-outgoing-0 >> accept: application/json
2024-07-24 14:29:52.230 [Test worker] DEBUG c.g.d.z.s.o.a.h.client5.http.headers - http-outgoing-0 >> content-type: application/json
2024-07-24 14:29:52.230 [Test worker] DEBUG c.g.d.z.s.o.a.h.client5.http.headers - http-outgoing-0 >> x-tc-sid: 280e6229-7396-4d60-b1e3-a5de48b5d49b
2024-07-24 14:29:52.230 [Test worker] DEBUG c.g.d.z.s.o.a.h.client5.http.headers - http-outgoing-0 >> User-Agent: tc-java/1.19.8
2024-07-24 14:29:52.230 [Test worker] DEBUG c.g.d.z.s.o.a.h.client5.http.headers - http-outgoing-0 >> Accept-Encoding: gzip, x-gzip, deflate
2024-07-24 14:29:52.230 [Test worker] DEBUG c.g.d.z.s.o.a.h.client5.http.headers - http-outgoing-0 >> Host: localhost:2375
2024-07-24 14:29:52.231 [Test worker] DEBUG c.g.d.z.s.o.a.h.client5.http.headers - http-outgoing-0 >> Connection: keep-alive
2024-07-24 14:29:52.231 [Test worker] DEBUG c.g.d.z.s.o.a.hc.client5.http.wire - http-outgoing-0 >> "POST /v1.32/containers/780d1b7346ee3ac5d0f55d7b5e1112a64fe8a06ddd3bfebb7d3d912e26151749/start HTTP/1.1[\r][\n]"
2024-07-24 14:29:52.231 [Test worker] DEBUG c.g.d.z.s.o.a.hc.client5.http.wire - http-outgoing-0 >> "accept: application/json[\r][\n]"
2024-07-24 14:29:52.231 [Test worker] DEBUG c.g.d.z.s.o.a.hc.client5.http.wire - http-outgoing-0 >> "content-type: application/json[\r][\n]"
2024-07-24 14:29:52.231 [Test worker] DEBUG c.g.d.z.s.o.a.hc.client5.http.wire - http-outgoing-0 >> "x-tc-sid: 280e6229-7396-4d60-b1e3-a5de48b5d49b[\r][\n]"
2024-07-24 14:29:52.231 [Test worker] DEBUG c.g.d.z.s.o.a.hc.client5.http.wire - http-outgoing-0 >> "User-Agent: tc-java/1.19.8[\r][\n]"
2024-07-24 14:29:52.232 [Test worker] DEBUG c.g.d.z.s.o.a.hc.client5.http.wire - http-outgoing-0 >> "Accept-Encoding: gzip, x-gzip, deflate[\r][\n]"
2024-07-24 14:29:52.232 [Test worker] DEBUG c.g.d.z.s.o.a.hc.client5.http.wire - http-outgoing-0 >> "Host: localhost:2375[\r][\n]"
2024-07-24 14:29:52.232 [Test worker] DEBUG c.g.d.z.s.o.a.hc.client5.http.wire - http-outgoing-0 >> "Connection: keep-alive[\r][\n]"
2024-07-24 14:29:52.232 [Test worker] DEBUG c.g.d.z.s.o.a.hc.client5.http.wire - http-outgoing-0 >> "[\r][\n]"
2024-07-24 14:29:52.581 [Test worker] DEBUG c.g.d.z.s.o.a.hc.client5.http.wire - http-outgoing-0 << "HTTP/1.1 204 No Content[\r][\n]"
2024-07-24 14:29:52.581 [Test worker] DEBUG c.g.d.z.s.o.a.hc.client5.http.wire - http-outgoing-0 << "Api-Version: 1.45[\r][\n]"
2024-07-24 14:29:52.581 [Test worker] DEBUG c.g.d.z.s.o.a.hc.client5.http.wire - http-outgoing-0 << "Date: Wed, 24 Jul 2024 02:29:52 GMT[\r][\n]"
2024-07-24 14:29:52.582 [Test worker] DEBUG c.g.d.z.s.o.a.hc.client5.http.wire - http-outgoing-0 << "Docker-Experimental: false[\r][\n]"
2024-07-24 14:29:52.582 [Test worker] DEBUG c.g.d.z.s.o.a.hc.client5.http.wire - http-outgoing-0 << "Ostype: linux[\r][\n]"
2024-07-24 14:29:52.582 [Test worker] DEBUG c.g.d.z.s.o.a.hc.client5.http.wire - http-outgoing-0 << "Server: Docker/26.0.0 (linux)[\r][\n]"
2024-07-24 14:29:52.582 [Test worker] DEBUG c.g.d.z.s.o.a.hc.client5.http.wire - http-outgoing-0 << "[\r][\n]"
2024-07-24 14:29:52.582 [Test worker] DEBUG c.g.d.z.s.o.a.h.client5.http.headers - http-outgoing-0 << HTTP/1.1 204 No Content
2024-07-24 14:29:52.582 [Test worker] DEBUG c.g.d.z.s.o.a.h.client5.http.headers - http-outgoing-0 << Api-Version: 1.45
2024-07-24 14:29:52.582 [Test worker] DEBUG c.g.d.z.s.o.a.h.client5.http.headers - http-outgoing-0 << Date: Wed, 24 Jul 2024 02:29:52 GMT
2024-07-24 14:29:52.582 [Test worker] DEBUG c.g.d.z.s.o.a.h.client5.http.headers - http-outgoing-0 << Docker-Experimental: false
2024-07-24 14:29:52.582 [Test worker] DEBUG c.g.d.z.s.o.a.h.client5.http.headers - http-outgoing-0 << Ostype: linux
2024-07-24 14:29:52.582 [Test worker] DEBUG c.g.d.z.s.o.a.h.client5.http.headers - http-outgoing-0 << Server: Docker/26.0.0 (linux)
2024-07-24 14:29:52.583 [Test worker] DEBUG c.g.d.z.s.o.a.h.c.h.i.c.MainClientExec - ex-00000005: connection can be kept alive for 3 MINUTES
2024-07-24 14:29:52.583 [Test worker] DEBUG c.g.d.z.s.o.a.h.c.h.i.c.InternalHttpClient - ep-00000004: releasing valid endpoint
2024-07-24 14:29:52.583 [Test worker] DEBUG c.g.d.z.s.o.a.h.c.h.i.i.PoolingHttpClientConnectionManager - ep-00000004: releasing endpoint
2024-07-24 14:29:52.584 [Test worker] DEBUG c.g.d.z.s.o.a.h.c.h.i.i.PoolingHttpClientConnectionManager - ep-00000004: connection http-outgoing-0 can be kept alive for 3 MINUTES
2024-07-24 14:29:52.584 [Test worker] DEBUG c.g.d.z.s.o.a.h.c.h.i.i.PoolingHttpClientConnectionManager - ep-00000004: connection released [route: {}->npipe://localhost:2375][total available: 1; route allocated: 1 of 2147483647; total allocated: 1 of 2147483647]
2024-07-24 14:29:52.591 [Test worker] DEBUG o.t.s.c.g.d.c.command.AbstrDockerCmd - Cmd: 780d1b7346ee3ac5d0f55d7b5e1112a64fe8a06ddd3bfebb7d3d912e26151749,false
2024-07-24 14:29:52.591 [Test worker] DEBUG o.t.s.c.g.d.c.e.InspectContainerCmdExec - GET: DefaultWebTarget{path=[/containers/780d1b7346ee3ac5d0f55d7b5e1112a64fe8a06ddd3bfebb7d3d912e26151749/json], queryParams={}}
2024-07-24 14:29:52.592 [Test worker] DEBUG c.g.d.z.s.o.a.h.c.h.i.c.InternalHttpClient - ex-00000006: preparing request execution
2024-07-24 14:29:52.592 [Test worker] DEBUG c.g.d.z.s.o.a.h.c.h.p.RequestAddCookies - Cookie spec selected: strict
2024-07-24 14:29:52.592 [Test worker] DEBUG c.g.d.z.s.o.a.h.c.h.p.RequestAuthCache - Auth cache not set in the context
2024-07-24 14:29:52.592 [Test worker] DEBUG c.g.d.z.s.o.a.h.c.h.i.c.ProtocolExec - ex-00000006: target auth state: UNCHALLENGED
2024-07-24 14:29:52.592 [Test worker] DEBUG c.g.d.z.s.o.a.h.c.h.i.c.ProtocolExec - ex-00000006: proxy auth state: UNCHALLENGED
2024-07-24 14:29:52.592 [Test worker] DEBUG c.g.d.z.s.o.a.h.c.h.i.c.ConnectExec - ex-00000006: acquiring connection with route {}->npipe://localhost:2375
2024-07-24 14:29:52.592 [Test worker] DEBUG c.g.d.z.s.o.a.h.c.h.i.c.InternalHttpClient - ex-00000006: acquiring endpoint (3 MINUTES)
2024-07-24 14:29:52.592 [Test worker] DEBUG c.g.d.z.s.o.a.h.c.h.i.i.PoolingHttpClientConnectionManager - ex-00000006: endpoint lease request (3 MINUTES) [route: {}->npipe://localhost:2375][total available: 1; route allocated: 1 of 2147483647; total allocated: 1 of 2147483647]
2024-07-24 14:29:52.592 [Test worker] DEBUG c.g.d.z.s.o.a.h.c.h.i.i.PoolingHttpClientConnectionManager - ex-00000006: endpoint leased [route: {}->npipe://localhost:2375][total available: 0; route allocated: 1 of 2147483647; total allocated: 1 of 2147483647]
2024-07-24 14:29:52.593 [Test worker] DEBUG c.g.d.z.s.o.a.h.c.h.i.i.PoolingHttpClientConnectionManager - ex-00000006: acquired ep-00000005
2024-07-24 14:29:52.593 [Test worker] DEBUG c.g.d.z.s.o.a.h.c.h.i.c.InternalHttpClient - ex-00000006: acquired endpoint ep-00000005
2024-07-24 14:29:52.593 [Test worker] DEBUG c.g.d.z.s.o.a.h.c.h.i.c.MainClientExec - ex-00000006: executing GET /v1.32/containers/780d1b7346ee3ac5d0f55d7b5e1112a64fe8a06ddd3bfebb7d3d912e26151749/json HTTP/1.1
2024-07-24 14:29:52.593 [Test worker] DEBUG c.g.d.z.s.o.a.h.c.h.i.c.InternalHttpClient - ep-00000005: start execution ex-00000006
2024-07-24 14:29:52.593 [Test worker] DEBUG c.g.d.z.s.o.a.h.c.h.i.i.PoolingHttpClientConnectionManager - ep-00000005: executing exchange ex-00000006 over http-outgoing-0
2024-07-24 14:29:52.593 [Test worker] DEBUG c.g.d.z.s.o.a.h.client5.http.headers - http-outgoing-0 >> GET /v1.32/containers/780d1b7346ee3ac5d0f55d7b5e1112a64fe8a06ddd3bfebb7d3d912e26151749/json HTTP/1.1
2024-07-24 14:29:52.593 [Test worker] DEBUG c.g.d.z.s.o.a.h.client5.http.headers - http-outgoing-0 >> accept: application/json
2024-07-24 14:29:52.593 [Test worker] DEBUG c.g.d.z.s.o.a.h.client5.http.headers - http-outgoing-0 >> x-tc-sid: 280e6229-7396-4d60-b1e3-a5de48b5d49b
2024-07-24 14:29:52.593 [Test worker] DEBUG c.g.d.z.s.o.a.h.client5.http.headers - http-outgoing-0 >> User-Agent: tc-java/1.19.8
2024-07-24 14:29:52.593 [Test worker] DEBUG c.g.d.z.s.o.a.h.client5.http.headers - http-outgoing-0 >> Accept-Encoding: gzip, x-gzip, deflate
2024-07-24 14:29:52.593 [Test worker] DEBUG c.g.d.z.s.o.a.h.client5.http.headers - http-outgoing-0 >> Host: localhost:2375
2024-07-24 14:29:52.593 [Test worker] DEBUG c.g.d.z.s.o.a.h.client5.http.headers - http-outgoing-0 >> Connection: keep-alive
2024-07-24 14:29:52.593 [Test worker] DEBUG c.g.d.z.s.o.a.hc.client5.http.wire - http-outgoing-0 >> "GET /v1.32/containers/780d1b7346ee3ac5d0f55d7b5e1112a64fe8a06ddd3bfebb7d3d912e26151749/json HTTP/1.1[\r][\n]"
2024-07-24 14:29:52.593 [Test worker] DEBUG c.g.d.z.s.o.a.hc.client5.http.wire - http-outgoing-0 >> "accept: application/json[\r][\n]"
2024-07-24 14:29:52.593 [Test worker] DEBUG c.g.d.z.s.o.a.hc.client5.http.wire - http-outgoing-0 >> "x-tc-sid: 280e6229-7396-4d60-b1e3-a5de48b5d49b[\r][\n]"
2024-07-24 14:29:52.593 [Test worker] DEBUG c.g.d.z.s.o.a.hc.client5.http.wire - http-outgoing-0 >> "User-Agent: tc-java/1.19.8[\r][\n]"
2024-07-24 14:29:52.593 [Test worker] DEBUG c.g.d.z.s.o.a.hc.client5.http.wire - http-outgoing-0 >> "Accept-Encoding: gzip, x-gzip, deflate[\r][\n]"
2024-07-24 14:29:52.593 [Test worker] DEBUG c.g.d.z.s.o.a.hc.client5.http.wire - http-outgoing-0 >> "Host: localhost:2375[\r][\n]"
2024-07-24 14:29:52.593 [Test worker] DEBUG c.g.d.z.s.o.a.hc.client5.http.wire - http-outgoing-0 >> "Connection: keep-alive[\r][\n]"
2024-07-24 14:29:52.594 [Test worker] DEBUG c.g.d.z.s.o.a.hc.client5.http.wire - http-outgoing-0 >> "[\r][\n]"
2024-07-24 14:29:52.597 [Test worker] DEBUG c.g.d.z.s.o.a.hc.client5.http.wire - http-outgoing-0 << "HTTP/1.1 200 OK[\r][\n]"
2024-07-24 14:29:52.597 [Test worker] DEBUG c.g.d.z.s.o.a.hc.client5.http.wire - http-outgoing-0 << "Api-Version: 1.45[\r][\n]"
2024-07-24 14:29:52.597 [Test worker] DEBUG c.g.d.z.s.o.a.hc.client5.http.wire - http-outgoing-0 << "Content-Type: application/json[\r][\n]"
2024-07-24 14:29:52.597 [Test worker] DEBUG c.g.d.z.s.o.a.hc.client5.http.wire - http-outgoing-0 << "Date: Wed, 24 Jul 2024 02:29:52 GMT[\r][\n]"
2024-07-24 14:29:52.598 [Test worker] DEBUG c.g.d.z.s.o.a.hc.client5.http.wire - http-outgoing-0 << "Docker-Experimental: false[\r][\n]"
2024-07-24 14:29:52.598 [Test worker] DEBUG c.g.d.z.s.o.a.hc.client5.http.wire - http-outgoing-0 << "Ostype: linux[\r][\n]"
2024-07-24 14:29:52.598 [Test worker] DEBUG c.g.d.z.s.o.a.hc.client5.http.wire - http-outgoing-0 << "Server: Docker/26.0.0 (linux)[\r][\n]"
2024-07-24 14:29:52.598 [Test worker] DEBUG c.g.d.z.s.o.a.hc.client5.http.wire - http-outgoing-0 << "Transfer-Encoding: chunked[\r][\n]"
2024-07-24 14:29:52.598 [Test worker] DEBUG c.g.d.z.s.o.a.hc.client5.http.wire - http-outgoing-0 << "[\r][\n]"
2024-07-24 14:29:52.598 [Test worker] DEBUG c.g.d.z.s.o.a.h.client5.http.headers - http-outgoing-0 << HTTP/1.1 200 OK
2024-07-24 14:29:52.598 [Test worker] DEBUG c.g.d.z.s.o.a.h.client5.http.headers - http-outgoing-0 << Api-Version: 1.45
2024-07-24 14:29:52.598 [Test worker] DEBUG c.g.d.z.s.o.a.h.client5.http.headers - http-outgoing-0 << Content-Type: application/json
2024-07-24 14:29:52.598 [Test worker] DEBUG c.g.d.z.s.o.a.h.client5.http.headers - http-outgoing-0 << Date: Wed, 24 Jul 2024 02:29:52 GMT
2024-07-24 14:29:52.598 [Test worker] DEBUG c.g.d.z.s.o.a.h.client5.http.headers - http-outgoing-0 << Docker-Experimental: false
2024-07-24 14:29:52.598 [Test worker] DEBUG c.g.d.z.s.o.a.h.client5.http.headers - http-outgoing-0 << Ostype: linux
2024-07-24 14:29:52.598 [Test worker] DEBUG c.g.d.z.s.o.a.h.client5.http.headers - http-outgoing-0 << Server: Docker/26.0.0 (linux)
2024-07-24 14:29:52.598 [Test worker] DEBUG c.g.d.z.s.o.a.h.client5.http.headers - http-outgoing-0 << Transfer-Encoding: chunked
2024-07-24 14:29:52.599 [Test worker] DEBUG c.g.d.z.s.o.a.h.c.h.i.c.MainClientExec - ex-00000006: connection can be kept alive for 3 MINUTES
2024-07-24 14:29:52.599 [Test worker] DEBUG c.g.d.z.s.o.a.hc.client5.http.wire - http-outgoing-0 << "137a[\r][\n]"
2024-07-24 14:29:52.599 [Test worker] DEBUG c.g.d.z.s.o.a.hc.client5.http.wire - http-outgoing-0 << "{"Id":"780d1b7346ee3ac5d0f55d7b5e1112a64fe8a06ddd3bfebb7d3d912e26151749","Created":"2024-07-24T02:29:52.119729526Z","Path":"/bin/ryuk","Args":[],"State":{"Status":"running","Running":true,"Paused":false,"Restarting":false,"OOMKilled":false,"Dead":false,"Pid":27759,"ExitCode":0,"Error":"","StartedAt":"2024-07-24T02:29:52.565174913Z","FinishedAt":"0001-01-01T00:00:00Z"},"Image":"sha256:d2ed07d3edac38204208c19bbf5e4893989b9c1f3fffb67403225e2dc74abeba","ResolvConfPath":"/var/lib/docker/containers/780d1b7346ee3ac5d0f55d7b5e1112a64fe8a06ddd3bfebb7d3d912e26151749/resolv.conf","HostnamePath":"/var/lib/docker/containers/780d1b7346ee3ac5d0f55d7b5e1112a64fe8a06ddd3bfebb7d3d912e26151749/hostname","HostsPath":"/var/lib/docker/containers/780d1b7346ee3ac5d0f55d7b5e1112a64fe8a06ddd3bfebb7d3d912e26151749/hosts","LogPath":"/var/lib/docker/containers/780d1b7346ee3ac5d0f55d7b5e1112a64fe8a06ddd3bfebb7d3d912e26151749/780d1b7346ee3ac5d0f55d7b5e1112a64fe8a06ddd3bfebb7d3d912e26151749-json.log","Name":"/testcontainers-ryuk-280e6229-7396-4d60-b1e3-a5de48b5d49b","RestartCount":0,"Driver":"overlay2","Platform":"linux","MountLabel":"","ProcessLabel":"","AppArmorProfile":"","ExecIDs":null,"HostConfig":{"Binds":["//var/run/docker.sock:/var/run/docker.sock:rw"],"ContainerIDFile":"","LogConfig":{"Type":"json-file","Config":{}},"NetworkMode":"default","PortBindings":{"8080/tcp":[{"HostIp":"0.0.0.0","HostPort":"0"}]},"RestartPolicy":{"Name":"no","MaximumRetryCount":0},"AutoRemove":true,"VolumeDriver":"","VolumesFrom":[],"ConsoleSize":[0,0],"CapAdd":null,"CapDrop":null,"CgroupnsMode":"host","Dns":null,"DnsOptions":null,"DnsSearch":null,"ExtraHosts":[],"GroupAdd":null,"IpcMode":"shareable","Cgroup":"","Links":null,"OomScoreAdj":0,"PidMode":"","Privileged":true,"PublishAllPorts":false,"ReadonlyRootfs":false,"SecurityOpt":["label=disable"],"UTSMode":"","UsernsMode":"","ShmSize":67108864,"Runtime":"runc","Isolation":"","CpuShares":0,"Memory":0,"NanoCpus":0,"CgroupParent":"","BlkioWeight":0,"BlkioWeightDevice":null,"BlkioDeviceReadBps":null,"BlkioDeviceWriteBps":null,"BlkioDeviceReadIOps":null,"BlkioDeviceWriteIOps":null,"CpuPeriod":0,"CpuQuota":0,"CpuRealtimePeriod":0,"CpuRealtimeRuntime":0,"CpusetCpus":"","CpusetMems":"","Devices":null,"DeviceCgroupRules":null,"DeviceRequests":null,"MemoryReservation":0,"MemorySwap":0,"MemorySwappiness":null,"OomKillDisable":false,"PidsLimit":null,"Ulimits":null,"CpuCount":0,"CpuPercent":0,"IOMaximumIOps":0,"IOMaximumBandwidth":0,"MaskedPaths":null,"ReadonlyPaths":null},"GraphDriver":{"Data":{"LowerDir":"/var/lib/docker/overlay2/caf2015f68b5bf21af6377db6f3e462403e66147dae2e1e068887a426646667e-init/diff:/var/lib/docker/overlay2/aec4b9d30aa3cfd9ba30a11c14eaccbace0b1ad0de859936bfb271dbff751fc3/diff:/var/lib/docker/overlay2/8ee8587f9101c32c4b15823a2f7a6be49b229cab252916921a3274b6ae9ced3b/diff:/var/lib/docker/overlay2/dd4a5d4ecc767ba4eb9919fae8dddaca7cd1223e7329c532bdde5493d7cc647c/diff","MergedDir":"/var/lib/docker/overlay2/caf2015f68b5bf21af6377db6f3e462403e66147dae2e1e068887a426646667e/merged","UpperDir":"/var/lib/docker/overlay2/caf2015f68b5bf21af6377db6f3e462403e66147dae2e1e068887a426646667e/diff","WorkDir":"/var/lib/docker/overlay2/caf2015f68b5bf21af6377db6f3e462403e66147dae2e1e068887a426646667e/work"},"Name":"overlay2"},"Mounts":[{"Type":"bind","Source":"//var/run/docker.sock","Destination":"/var/run/docker.sock","Mode":"rw","RW":true,"Propagation":"rprivate"}],"Config":{"Hostname":"780d1b7346ee","Domainname":"","User":"","AttachStdin":false,"AttachStdout":false,"AttachStderr":false,"ExposedPorts":{"8080/tcp":{}},"Tty":false,"OpenStdin":false,"StdinOnce":false,"Env":["PATH=/usr/local/sbin:/usr/local/bin:/usr/sbin:/usr/bin:/sbin:/bin"],"Cmd":["/bin/ryuk"],"Image":"testcontainers/ryuk:0.7.0","Volumes":null,"WorkingDir":"","Entrypoint":null,"OnBuild":null,"Labels":{"org.testcontainers":"true","org.testcontainers.lang":"java","org.testcontainers.ryuk":"true","org.testcontainers.version":"1.19.8"}},"NetworkSettings":{"Bridge":"","SandboxID":"d0460b13e4386919632d3af4c01d0122303d56b066ea389ed24ba2056eb3c01e","SandboxKey":"/var/run/docker/netns/d0460b13e438","Ports":{"8080/tcp":[{"HostIp":"0.0.0.0","HostPort":"51487"}]},"HairpinMode":false,"LinkLocalIPv6Address":"","LinkLocalIPv6PrefixLen":0,"SecondaryIPAddresses":null,"SecondaryIPv6Addresses":null,"EndpointID":"6bb6b34fc860fdec1bc0dbd49492def453b550f0fd81666b8f4fcc688bffd109","Gateway":"172.17.0.1","GlobalIPv6Address":"","GlobalIPv6PrefixLen":0,"IPAddress":"172.17.0.2","IPPrefixLen":16,"IPv6Gateway":"","MacAddress":"02:42:ac:11:00:02","Networks":{"bridge":{"IPAMConfig":null,"Links":null,"Aliases":null,"MacAddress":"02:42:ac:11:00:02","NetworkID":"3c842496be344cbdae878c1dee0957e7bc7c0a2236009c92752030f2b053e72f","EndpointID":"6bb6b34fc860fdec1bc0dbd49492def453b550f0fd81666b8f4fcc688bffd109","Gateway":"172.17.0.1","IPAddress":"172.17.0.2","IPPrefixLen":16,"IPv6Gateway":"","GlobalIPv6Address":"","GlobalIPv6PrefixLen":0,"DriverOpts":null,"DNSNames":null}}}}[\n]"
2024-07-24 14:29:52.600 [Test worker] DEBUG c.g.d.z.s.o.a.hc.client5.http.wire - http-outgoing-0 << "[\r][\n]"
2024-07-24 14:29:52.600 [Test worker] DEBUG c.g.d.z.s.o.a.hc.client5.http.wire - http-outgoing-0 << "0[\r][\n]"
2024-07-24 14:29:52.600 [Test worker] DEBUG c.g.d.z.s.o.a.hc.client5.http.wire - http-outgoing-0 << "[\r][\n]"
2024-07-24 14:29:52.686 [Test worker] DEBUG c.g.d.z.s.o.a.h.c.h.i.c.InternalHttpClient - ep-00000005: releasing valid endpoint
2024-07-24 14:29:52.686 [Test worker] DEBUG c.g.d.z.s.o.a.h.c.h.i.i.PoolingHttpClientConnectionManager - ep-00000005: releasing endpoint
2024-07-24 14:29:52.686 [Test worker] DEBUG c.g.d.z.s.o.a.h.c.h.i.i.PoolingHttpClientConnectionManager - ep-00000005: connection http-outgoing-0 can be kept alive for 3 MINUTES
2024-07-24 14:29:52.686 [Test worker] DEBUG c.g.d.z.s.o.a.h.c.h.i.i.PoolingHttpClientConnectionManager - ep-00000005: connection released [route: {}->npipe://localhost:2375][total available: 1; route allocated: 1 of 2147483647; total allocated: 1 of 2147483647]
2024-07-24 14:29:52.691 [Test worker] DEBUG o.t.s.c.g.d.c.command.AbstrDockerCmd - Cmd: sha256:d2ed07d3edac38204208c19bbf5e4893989b9c1f3fffb67403225e2dc74abeba
2024-07-24 14:29:52.691 [Test worker] TRACE o.t.s.c.g.d.c.e.InspectImageCmdExec - GET: DefaultWebTarget{path=[/images/sha256:d2ed07d3edac38204208c19bbf5e4893989b9c1f3fffb67403225e2dc74abeba/json], queryParams={}}
2024-07-24 14:29:52.693 [Test worker] DEBUG c.g.d.z.s.o.a.h.c.h.i.c.InternalHttpClient - ex-00000007: preparing request execution
2024-07-24 14:29:52.693 [Test worker] DEBUG c.g.d.z.s.o.a.h.c.h.p.RequestAddCookies - Cookie spec selected: strict
2024-07-24 14:29:52.693 [Test worker] DEBUG c.g.d.z.s.o.a.h.c.h.p.RequestAuthCache - Auth cache not set in the context
2024-07-24 14:29:52.693 [Test worker] DEBUG c.g.d.z.s.o.a.h.c.h.i.c.ProtocolExec - ex-00000007: target auth state: UNCHALLENGED
2024-07-24 14:29:52.693 [Test worker] DEBUG c.g.d.z.s.o.a.h.c.h.i.c.ProtocolExec - ex-00000007: proxy auth state: UNCHALLENGED
2024-07-24 14:29:52.693 [Test worker] DEBUG c.g.d.z.s.o.a.h.c.h.i.c.ConnectExec - ex-00000007: acquiring connection with route {}->npipe://localhost:2375
2024-07-24 14:29:52.693 [Test worker] DEBUG c.g.d.z.s.o.a.h.c.h.i.c.InternalHttpClient - ex-00000007: acquiring endpoint (3 MINUTES)
2024-07-24 14:29:52.693 [Test worker] DEBUG c.g.d.z.s.o.a.h.c.h.i.i.PoolingHttpClientConnectionManager - ex-00000007: endpoint lease request (3 MINUTES) [route: {}->npipe://localhost:2375][total available: 1; route allocated: 1 of 2147483647; total allocated: 1 of 2147483647]
2024-07-24 14:29:52.694 [Test worker] DEBUG c.g.d.z.s.o.a.h.c.h.i.i.PoolingHttpClientConnectionManager - ex-00000007: endpoint leased [route: {}->npipe://localhost:2375][total available: 0; route allocated: 1 of 2147483647; total allocated: 1 of 2147483647]
2024-07-24 14:29:52.694 [Test worker] DEBUG c.g.d.z.s.o.a.h.c.h.i.i.PoolingHttpClientConnectionManager - ex-00000007: acquired ep-00000006
2024-07-24 14:29:52.694 [Test worker] DEBUG c.g.d.z.s.o.a.h.c.h.i.c.InternalHttpClient - ex-00000007: acquired endpoint ep-00000006
2024-07-24 14:29:52.694 [Test worker] DEBUG c.g.d.z.s.o.a.h.c.h.i.c.MainClientExec - ex-00000007: executing GET /v1.32/images/sha256:d2ed07d3edac38204208c19bbf5e4893989b9c1f3fffb67403225e2dc74abeba/json HTTP/1.1
2024-07-24 14:29:52.694 [Test worker] DEBUG c.g.d.z.s.o.a.h.c.h.i.c.InternalHttpClient - ep-00000006: start execution ex-00000007
2024-07-24 14:29:52.694 [Test worker] DEBUG c.g.d.z.s.o.a.h.c.h.i.i.PoolingHttpClientConnectionManager - ep-00000006: executing exchange ex-00000007 over http-outgoing-0
2024-07-24 14:29:52.694 [Test worker] DEBUG c.g.d.z.s.o.a.h.client5.http.headers - http-outgoing-0 >> GET /v1.32/images/sha256:d2ed07d3edac38204208c19bbf5e4893989b9c1f3fffb67403225e2dc74abeba/json HTTP/1.1
2024-07-24 14:29:52.694 [Test worker] DEBUG c.g.d.z.s.o.a.h.client5.http.headers - http-outgoing-0 >> accept: application/json
2024-07-24 14:29:52.694 [Test worker] DEBUG c.g.d.z.s.o.a.h.client5.http.headers - http-outgoing-0 >> x-tc-sid: 280e6229-7396-4d60-b1e3-a5de48b5d49b
2024-07-24 14:29:52.694 [Test worker] DEBUG c.g.d.z.s.o.a.h.client5.http.headers - http-outgoing-0 >> User-Agent: tc-java/1.19.8
2024-07-24 14:29:52.694 [Test worker] DEBUG c.g.d.z.s.o.a.h.client5.http.headers - http-outgoing-0 >> Accept-Encoding: gzip, x-gzip, deflate
2024-07-24 14:29:52.694 [Test worker] DEBUG c.g.d.z.s.o.a.h.client5.http.headers - http-outgoing-0 >> Host: localhost:2375
2024-07-24 14:29:52.694 [Test worker] DEBUG c.g.d.z.s.o.a.h.client5.http.headers - http-outgoing-0 >> Connection: keep-alive
2024-07-24 14:29:52.694 [Test worker] DEBUG c.g.d.z.s.o.a.hc.client5.http.wire - http-outgoing-0 >> "GET /v1.32/images/sha256:d2ed07d3edac38204208c19bbf5e4893989b9c1f3fffb67403225e2dc74abeba/json HTTP/1.1[\r][\n]"
2024-07-24 14:29:52.694 [Test worker] DEBUG c.g.d.z.s.o.a.hc.client5.http.wire - http-outgoing-0 >> "accept: application/json[\r][\n]"
2024-07-24 14:29:52.694 [Test worker] DEBUG c.g.d.z.s.o.a.hc.client5.http.wire - http-outgoing-0 >> "x-tc-sid: 280e6229-7396-4d60-b1e3-a5de48b5d49b[\r][\n]"
2024-07-24 14:29:52.694 [Test worker] DEBUG c.g.d.z.s.o.a.hc.client5.http.wire - http-outgoing-0 >> "User-Agent: tc-java/1.19.8[\r][\n]"
2024-07-24 14:29:52.694 [Test worker] DEBUG c.g.d.z.s.o.a.hc.client5.http.wire - http-outgoing-0 >> "Accept-Encoding: gzip, x-gzip, deflate[\r][\n]"
2024-07-24 14:29:52.695 [Test worker] DEBUG c.g.d.z.s.o.a.hc.client5.http.wire - http-outgoing-0 >> "Host: localhost:2375[\r][\n]"
2024-07-24 14:29:52.695 [Test worker] DEBUG c.g.d.z.s.o.a.hc.client5.http.wire - http-outgoing-0 >> "Connection: keep-alive[\r][\n]"
2024-07-24 14:29:52.695 [Test worker] DEBUG c.g.d.z.s.o.a.hc.client5.http.wire - http-outgoing-0 >> "[\r][\n]"
2024-07-24 14:29:52.698 [Test worker] DEBUG c.g.d.z.s.o.a.hc.client5.http.wire - http-outgoing-0 << "HTTP/1.1 200 OK[\r][\n]"
2024-07-24 14:29:52.699 [Test worker] DEBUG c.g.d.z.s.o.a.hc.client5.http.wire - http-outgoing-0 << "Api-Version: 1.45[\r][\n]"
2024-07-24 14:29:52.699 [Test worker] DEBUG c.g.d.z.s.o.a.hc.client5.http.wire - http-outgoing-0 << "Content-Type: application/json[\r][\n]"
2024-07-24 14:29:52.699 [Test worker] DEBUG c.g.d.z.s.o.a.hc.client5.http.wire - http-outgoing-0 << "Date: Wed, 24 Jul 2024 02:29:52 GMT[\r][\n]"
2024-07-24 14:29:52.699 [Test worker] DEBUG c.g.d.z.s.o.a.hc.client5.http.wire - http-outgoing-0 << "Docker-Experimental: false[\r][\n]"
2024-07-24 14:29:52.699 [Test worker] DEBUG c.g.d.z.s.o.a.hc.client5.http.wire - http-outgoing-0 << "Ostype: linux[\r][\n]"
2024-07-24 14:29:52.699 [Test worker] DEBUG c.g.d.z.s.o.a.hc.client5.http.wire - http-outgoing-0 << "Server: Docker/26.0.0 (linux)[\r][\n]"
2024-07-24 14:29:52.699 [Test worker] DEBUG c.g.d.z.s.o.a.hc.client5.http.wire - http-outgoing-0 << "Transfer-Encoding: chunked[\r][\n]"
2024-07-24 14:29:52.699 [Test worker] DEBUG c.g.d.z.s.o.a.hc.client5.http.wire - http-outgoing-0 << "[\r][\n]"
2024-07-24 14:29:52.699 [Test worker] DEBUG c.g.d.z.s.o.a.h.client5.http.headers - http-outgoing-0 << HTTP/1.1 200 OK
2024-07-24 14:29:52.699 [Test worker] DEBUG c.g.d.z.s.o.a.h.client5.http.headers - http-outgoing-0 << Api-Version: 1.45
2024-07-24 14:29:52.699 [Test worker] DEBUG c.g.d.z.s.o.a.h.client5.http.headers - http-outgoing-0 << Content-Type: application/json
2024-07-24 14:29:52.699 [Test worker] DEBUG c.g.d.z.s.o.a.h.client5.http.headers - http-outgoing-0 << Date: Wed, 24 Jul 2024 02:29:52 GMT
2024-07-24 14:29:52.699 [Test worker] DEBUG c.g.d.z.s.o.a.h.client5.http.headers - http-outgoing-0 << Docker-Experimental: false
2024-07-24 14:29:52.699 [Test worker] DEBUG c.g.d.z.s.o.a.h.client5.http.headers - http-outgoing-0 << Ostype: linux
2024-07-24 14:29:52.699 [Test worker] DEBUG c.g.d.z.s.o.a.h.client5.http.headers - http-outgoing-0 << Server: Docker/26.0.0 (linux)
2024-07-24 14:29:52.699 [Test worker] DEBUG c.g.d.z.s.o.a.h.client5.http.headers - http-outgoing-0 << Transfer-Encoding: chunked
2024-07-24 14:29:52.700 [Test worker] DEBUG c.g.d.z.s.o.a.h.c.h.i.c.MainClientExec - ex-00000007: connection can be kept alive for 3 MINUTES
2024-07-24 14:29:52.701 [Test worker] DEBUG c.g.d.z.s.o.a.hc.client5.http.wire - http-outgoing-0 << "7d1[\r][\n]"
2024-07-24 14:29:52.701 [Test worker] DEBUG c.g.d.z.s.o.a.hc.client5.http.wire - http-outgoing-0 << "{"Id":"sha256:d2ed07d3edac38204208c19bbf5e4893989b9c1f3fffb67403225e2dc74abeba","RepoTags":["testcontainers/ryuk:0.7.0"],"RepoDigests":["testcontainers/ryuk@sha256:bcbee39cd601396958ba1bd06ea14ad64ce0ea709de29a427d741d1f5262080a"],"Parent":"","Comment":"buildkit.dockerfile.v0","Created":"2024-03-08T14:09:00.369000805Z","ContainerConfig":{"Hostname":"","Domainname":"","User":"","AttachStdin":false,"AttachStdout":false,"AttachStderr":false,"Tty":false,"OpenStdin":false,"StdinOnce":false,"Env":null,"Cmd":null,"Image":"","Volumes":null,"WorkingDir":"","Entrypoint":null,"OnBuild":null,"Labels":null},"DockerVersion":"","Author":"","Config":{"Hostname":"","Domainname":"","User":"","AttachStdin":false,"AttachStdout":false,"AttachStderr":false,"Tty":false,"OpenStdin":false,"StdinOnce":false,"Env":["PATH=/usr/local/sbin:/usr/local/bin:/usr/sbin:/usr/bin:/sbin:/bin"],"Cmd":["/bin/ryuk"],"ArgsEscaped":true,"Image":"","Volumes":null,"WorkingDir":"","Entrypoint":null,"OnBuild":null,"Labels":{"org.testcontainers.ryuk":"true"}},"Architecture":"amd64","Os":"linux","Size":15229672,"VirtualSize":15229672,"GraphDriver":{"Data":{"LowerDir":"/var/lib/docker/overlay2/8ee8587f9101c32c4b15823a2f7a6be49b229cab252916921a3274b6ae9ced3b/diff:/var/lib/docker/overlay2/dd4a5d4ecc767ba4eb9919fae8dddaca7cd1223e7329c532bdde5493d7cc647c/diff","MergedDir":"/var/lib/docker/overlay2/aec4b9d30aa3cfd9ba30a11c14eaccbace0b1ad0de859936bfb271dbff751fc3/merged","UpperDir":"/var/lib/docker/overlay2/aec4b9d30aa3cfd9ba30a11c14eaccbace0b1ad0de859936bfb271dbff751fc3/diff","WorkDir":"/var/lib/docker/overlay2/aec4b9d30aa3cfd9ba30a11c14eaccbace0b1ad0de859936bfb271dbff751fc3/work"},"Name":"overlay2"},"RootFS":{"Type":"layers","Layers":["sha256:d4fc045c9e3a848011de66f34b81f052d4f2c15a17bb196d637e526349601820","sha256:1236a062c02a5dd3a8fa468360f5822f4d9a0242f1081f026f979cf6f307fe2c","sha256:92748675906f0914067c0e912e071edfea0ffe938ccc5e9821b1cf1dcdcf4544"]},"Metadata":{"LastTagTime":"0001-01-01T00:00:00Z"},"Container":""}[\n]"
2024-07-24 14:29:52.701 [Test worker] DEBUG c.g.d.z.s.o.a.hc.client5.http.wire - http-outgoing-0 << "[\r][\n]"
2024-07-24 14:29:52.701 [Test worker] DEBUG c.g.d.z.s.o.a.hc.client5.http.wire - http-outgoing-0 << "0[\r][\n]"
2024-07-24 14:29:52.701 [Test worker] DEBUG c.g.d.z.s.o.a.hc.client5.http.wire - http-outgoing-0 << "[\r][\n]"
2024-07-24 14:29:52.707 [Test worker] DEBUG c.g.d.z.s.o.a.h.c.h.i.c.InternalHttpClient - ep-00000006: releasing valid endpoint
2024-07-24 14:29:52.708 [Test worker] DEBUG c.g.d.z.s.o.a.h.c.h.i.i.PoolingHttpClientConnectionManager - ep-00000006: releasing endpoint
2024-07-24 14:29:52.708 [Test worker] DEBUG c.g.d.z.s.o.a.h.c.h.i.i.PoolingHttpClientConnectionManager - ep-00000006: connection http-outgoing-0 can be kept alive for 3 MINUTES
2024-07-24 14:29:52.708 [Test worker] DEBUG c.g.d.z.s.o.a.h.c.h.i.i.PoolingHttpClientConnectionManager - ep-00000006: connection released [route: {}->npipe://localhost:2375][total available: 1; route allocated: 1 of 2147483647; total allocated: 1 of 2147483647]
2024-07-24 14:29:52.708 [Test worker] DEBUG o.t.s.c.g.d.c.command.AbstrDockerCmd - Cmd: 
2024-07-24 14:29:52.708 [Test worker] TRACE o.t.s.c.g.d.core.exec.VersionCmdExec - GET: DefaultWebTarget{path=[/version], queryParams={}}
2024-07-24 14:29:52.709 [Test worker] DEBUG c.g.d.z.s.o.a.h.c.h.i.c.InternalHttpClient - ex-00000008: preparing request execution
2024-07-24 14:29:52.709 [Test worker] DEBUG c.g.d.z.s.o.a.h.c.h.p.RequestAddCookies - Cookie spec selected: strict
2024-07-24 14:29:52.709 [Test worker] DEBUG c.g.d.z.s.o.a.h.c.h.p.RequestAuthCache - Auth cache not set in the context
2024-07-24 14:29:52.709 [Test worker] DEBUG c.g.d.z.s.o.a.h.c.h.i.c.ProtocolExec - ex-00000008: target auth state: UNCHALLENGED
2024-07-24 14:29:52.709 [Test worker] DEBUG c.g.d.z.s.o.a.h.c.h.i.c.ProtocolExec - ex-00000008: proxy auth state: UNCHALLENGED
2024-07-24 14:29:52.709 [Test worker] DEBUG c.g.d.z.s.o.a.h.c.h.i.c.ConnectExec - ex-00000008: acquiring connection with route {}->npipe://localhost:2375
2024-07-24 14:29:52.709 [Test worker] DEBUG c.g.d.z.s.o.a.h.c.h.i.c.InternalHttpClient - ex-00000008: acquiring endpoint (3 MINUTES)
2024-07-24 14:29:52.709 [Test worker] DEBUG c.g.d.z.s.o.a.h.c.h.i.i.PoolingHttpClientConnectionManager - ex-00000008: endpoint lease request (3 MINUTES) [route: {}->npipe://localhost:2375][total available: 1; route allocated: 1 of 2147483647; total allocated: 1 of 2147483647]
2024-07-24 14:29:52.710 [Test worker] DEBUG c.g.d.z.s.o.a.h.c.h.i.i.PoolingHttpClientConnectionManager - ex-00000008: endpoint leased [route: {}->npipe://localhost:2375][total available: 0; route allocated: 1 of 2147483647; total allocated: 1 of 2147483647]
2024-07-24 14:29:52.710 [Test worker] DEBUG c.g.d.z.s.o.a.h.c.h.i.i.PoolingHttpClientConnectionManager - ex-00000008: acquired ep-00000007
2024-07-24 14:29:52.710 [Test worker] DEBUG c.g.d.z.s.o.a.h.c.h.i.c.InternalHttpClient - ex-00000008: acquired endpoint ep-00000007
2024-07-24 14:29:52.710 [Test worker] DEBUG c.g.d.z.s.o.a.h.c.h.i.c.MainClientExec - ex-00000008: executing GET /v1.32/version HTTP/1.1
2024-07-24 14:29:52.710 [Test worker] DEBUG c.g.d.z.s.o.a.h.c.h.i.c.InternalHttpClient - ep-00000007: start execution ex-00000008
2024-07-24 14:29:52.710 [Test worker] DEBUG c.g.d.z.s.o.a.h.c.h.i.i.PoolingHttpClientConnectionManager - ep-00000007: executing exchange ex-00000008 over http-outgoing-0
2024-07-24 14:29:52.710 [Test worker] DEBUG c.g.d.z.s.o.a.h.client5.http.headers - http-outgoing-0 >> GET /v1.32/version HTTP/1.1
2024-07-24 14:29:52.710 [Test worker] DEBUG c.g.d.z.s.o.a.h.client5.http.headers - http-outgoing-0 >> accept: application/json
2024-07-24 14:29:52.710 [Test worker] DEBUG c.g.d.z.s.o.a.h.client5.http.headers - http-outgoing-0 >> x-tc-sid: 280e6229-7396-4d60-b1e3-a5de48b5d49b
2024-07-24 14:29:52.710 [Test worker] DEBUG c.g.d.z.s.o.a.h.client5.http.headers - http-outgoing-0 >> User-Agent: tc-java/1.19.8
2024-07-24 14:29:52.710 [Test worker] DEBUG c.g.d.z.s.o.a.h.client5.http.headers - http-outgoing-0 >> Accept-Encoding: gzip, x-gzip, deflate
2024-07-24 14:29:52.710 [Test worker] DEBUG c.g.d.z.s.o.a.h.client5.http.headers - http-outgoing-0 >> Host: localhost:2375
2024-07-24 14:29:52.710 [Test worker] DEBUG c.g.d.z.s.o.a.h.client5.http.headers - http-outgoing-0 >> Connection: keep-alive
2024-07-24 14:29:52.710 [Test worker] DEBUG c.g.d.z.s.o.a.hc.client5.http.wire - http-outgoing-0 >> "GET /v1.32/version HTTP/1.1[\r][\n]"
2024-07-24 14:29:52.710 [Test worker] DEBUG c.g.d.z.s.o.a.hc.client5.http.wire - http-outgoing-0 >> "accept: application/json[\r][\n]"
2024-07-24 14:29:52.710 [Test worker] DEBUG c.g.d.z.s.o.a.hc.client5.http.wire - http-outgoing-0 >> "x-tc-sid: 280e6229-7396-4d60-b1e3-a5de48b5d49b[\r][\n]"
2024-07-24 14:29:52.710 [Test worker] DEBUG c.g.d.z.s.o.a.hc.client5.http.wire - http-outgoing-0 >> "User-Agent: tc-java/1.19.8[\r][\n]"
2024-07-24 14:29:52.710 [Test worker] DEBUG c.g.d.z.s.o.a.hc.client5.http.wire - http-outgoing-0 >> "Accept-Encoding: gzip, x-gzip, deflate[\r][\n]"
2024-07-24 14:29:52.710 [Test worker] DEBUG c.g.d.z.s.o.a.hc.client5.http.wire - http-outgoing-0 >> "Host: localhost:2375[\r][\n]"
2024-07-24 14:29:52.710 [Test worker] DEBUG c.g.d.z.s.o.a.hc.client5.http.wire - http-outgoing-0 >> "Connection: keep-alive[\r][\n]"
2024-07-24 14:29:52.710 [Test worker] DEBUG c.g.d.z.s.o.a.hc.client5.http.wire - http-outgoing-0 >> "[\r][\n]"
2024-07-24 14:29:52.727 [Test worker] DEBUG c.g.d.z.s.o.a.hc.client5.http.wire - http-outgoing-0 << "HTTP/1.1 200 OK[\r][\n]"
2024-07-24 14:29:52.728 [Test worker] DEBUG c.g.d.z.s.o.a.hc.client5.http.wire - http-outgoing-0 << "Api-Version: 1.45[\r][\n]"
2024-07-24 14:29:52.728 [Test worker] DEBUG c.g.d.z.s.o.a.hc.client5.http.wire - http-outgoing-0 << "Content-Type: application/json[\r][\n]"
2024-07-24 14:29:52.728 [Test worker] DEBUG c.g.d.z.s.o.a.hc.client5.http.wire - http-outgoing-0 << "Date: Wed, 24 Jul 2024 02:29:52 GMT[\r][\n]"
2024-07-24 14:29:52.728 [Test worker] DEBUG c.g.d.z.s.o.a.hc.client5.http.wire - http-outgoing-0 << "Docker-Experimental: false[\r][\n]"
2024-07-24 14:29:52.728 [Test worker] DEBUG c.g.d.z.s.o.a.hc.client5.http.wire - http-outgoing-0 << "Ostype: linux[\r][\n]"
2024-07-24 14:29:52.728 [Test worker] DEBUG c.g.d.z.s.o.a.hc.client5.http.wire - http-outgoing-0 << "Server: Docker/26.0.0 (linux)[\r][\n]"
2024-07-24 14:29:52.728 [Test worker] DEBUG c.g.d.z.s.o.a.hc.client5.http.wire - http-outgoing-0 << "Transfer-Encoding: chunked[\r][\n]"
2024-07-24 14:29:52.728 [Test worker] DEBUG c.g.d.z.s.o.a.hc.client5.http.wire - http-outgoing-0 << "[\r][\n]"
2024-07-24 14:29:52.728 [Test worker] DEBUG c.g.d.z.s.o.a.h.client5.http.headers - http-outgoing-0 << HTTP/1.1 200 OK
2024-07-24 14:29:52.728 [Test worker] DEBUG c.g.d.z.s.o.a.h.client5.http.headers - http-outgoing-0 << Api-Version: 1.45
2024-07-24 14:29:52.728 [Test worker] DEBUG c.g.d.z.s.o.a.h.client5.http.headers - http-outgoing-0 << Content-Type: application/json
2024-07-24 14:29:52.728 [Test worker] DEBUG c.g.d.z.s.o.a.h.client5.http.headers - http-outgoing-0 << Date: Wed, 24 Jul 2024 02:29:52 GMT
2024-07-24 14:29:52.728 [Test worker] DEBUG c.g.d.z.s.o.a.h.client5.http.headers - http-outgoing-0 << Docker-Experimental: false
2024-07-24 14:29:52.728 [Test worker] DEBUG c.g.d.z.s.o.a.h.client5.http.headers - http-outgoing-0 << Ostype: linux
2024-07-24 14:29:52.729 [Test worker] DEBUG c.g.d.z.s.o.a.h.client5.http.headers - http-outgoing-0 << Server: Docker/26.0.0 (linux)
2024-07-24 14:29:52.729 [Test worker] DEBUG c.g.d.z.s.o.a.h.client5.http.headers - http-outgoing-0 << Transfer-Encoding: chunked
2024-07-24 14:29:52.730 [Test worker] DEBUG c.g.d.z.s.o.a.h.c.h.i.c.MainClientExec - ex-00000008: connection can be kept alive for 3 MINUTES
2024-07-24 14:29:52.731 [Test worker] DEBUG c.g.d.z.s.o.a.hc.client5.http.wire - http-outgoing-0 << "35f[\r][\n]"
2024-07-24 14:29:52.731 [Test worker] DEBUG c.g.d.z.s.o.a.hc.client5.http.wire - http-outgoing-0 << "{"Platform":{"Name":"Docker Desktop 4.29.0 (145265)"},"Components":[{"Name":"Engine","Version":"26.0.0","Details":{"ApiVersion":"1.45","Arch":"amd64","BuildTime":"2024-03-20T15:18:01.000000000+00:00","Experimental":"false","GitCommit":"8b79278","GoVersion":"go1.21.8","KernelVersion":"5.15.153.1-microsoft-standard-WSL2","MinAPIVersion":"1.24","Os":"linux"}},{"Name":"containerd","Version":"1.6.28","Details":{"GitCommit":"ae07eda36dd25f8a1b98dfbf587313b99c0190bb"}},{"Name":"runc","Version":"1.1.12","Details":{"GitCommit":"v1.1.12-0-g51d5e94"}},{"Name":"docker-init","Version":"0.19.0","Details":{"GitCommit":"de40ad0"}}],"Version":"26.0.0","ApiVersion":"1.45","MinAPIVersion":"1.24","GitCommit":"8b79278","GoVersion":"go1.21.8","Os":"linux","Arch":"amd64","KernelVersion":"5.15.153.1-microsoft-standard-WSL2","BuildTime":"2024-03-20T15:18:01.000000000+00:00"}[\n]"
2024-07-24 14:29:52.731 [Test worker] DEBUG c.g.d.z.s.o.a.hc.client5.http.wire - http-outgoing-0 << "[\r][\n]"
2024-07-24 14:29:52.731 [Test worker] DEBUG c.g.d.z.s.o.a.hc.client5.http.wire - http-outgoing-0 << "0[\r][\n]"
2024-07-24 14:29:52.731 [Test worker] DEBUG c.g.d.z.s.o.a.hc.client5.http.wire - http-outgoing-0 << "[\r][\n]"
2024-07-24 14:29:52.732 [Test worker] DEBUG c.g.d.z.s.o.a.h.c.h.i.c.InternalHttpClient - ep-00000007: releasing valid endpoint
2024-07-24 14:29:52.732 [Test worker] DEBUG c.g.d.z.s.o.a.h.c.h.i.i.PoolingHttpClientConnectionManager - ep-00000007: releasing endpoint
2024-07-24 14:29:52.732 [Test worker] DEBUG c.g.d.z.s.o.a.h.c.h.i.i.PoolingHttpClientConnectionManager - ep-00000007: connection http-outgoing-0 can be kept alive for 3 MINUTES
2024-07-24 14:29:52.732 [Test worker] DEBUG c.g.d.z.s.o.a.h.c.h.i.i.PoolingHttpClientConnectionManager - ep-00000007: connection released [route: {}->npipe://localhost:2375][total available: 1; route allocated: 1 of 2147483647; total allocated: 1 of 2147483647]
2024-07-24 14:29:52.738 [Test worker] TRACE o.t.s.c.g.d.c.e.LogContainerCmdExec - GET: DefaultWebTarget{path=[/containers/780d1b7346ee3ac5d0f55d7b5e1112a64fe8a06ddd3bfebb7d3d912e26151749/logs], queryParams={stdout=[true], stderr=[true], follow=[true], since=[0]}}
2024-07-24 14:29:52.741 [docker-java-stream--735562052] DEBUG c.g.d.z.s.o.a.h.c.h.i.c.InternalHttpClient - ex-00000009: preparing request execution
2024-07-24 14:29:52.741 [docker-java-stream--735562052] DEBUG c.g.d.z.s.o.a.h.c.h.p.RequestAddCookies - Cookie spec selected: strict
2024-07-24 14:29:52.741 [docker-java-stream--735562052] DEBUG c.g.d.z.s.o.a.h.c.h.p.RequestAuthCache - Auth cache not set in the context
2024-07-24 14:29:52.741 [docker-java-stream--735562052] DEBUG c.g.d.z.s.o.a.h.c.h.i.c.ProtocolExec - ex-00000009: target auth state: UNCHALLENGED
2024-07-24 14:29:52.741 [docker-java-stream--735562052] DEBUG c.g.d.z.s.o.a.h.c.h.i.c.ProtocolExec - ex-00000009: proxy auth state: UNCHALLENGED
2024-07-24 14:29:52.741 [docker-java-stream--735562052] DEBUG c.g.d.z.s.o.a.h.c.h.i.c.ConnectExec - ex-00000009: acquiring connection with route {}->npipe://localhost:2375
2024-07-24 14:29:52.741 [docker-java-stream--735562052] DEBUG c.g.d.z.s.o.a.h.c.h.i.c.InternalHttpClient - ex-00000009: acquiring endpoint (3 MINUTES)
2024-07-24 14:29:52.741 [docker-java-stream--735562052] DEBUG c.g.d.z.s.o.a.h.c.h.i.i.PoolingHttpClientConnectionManager - ex-00000009: endpoint lease request (3 MINUTES) [route: {}->npipe://localhost:2375][total available: 1; route allocated: 1 of 2147483647; total allocated: 1 of 2147483647]
2024-07-24 14:29:52.741 [docker-java-stream--735562052] DEBUG c.g.d.z.s.o.a.h.c.h.i.i.PoolingHttpClientConnectionManager - ex-00000009: endpoint leased [route: {}->npipe://localhost:2375][total available: 0; route allocated: 1 of 2147483647; total allocated: 1 of 2147483647]
2024-07-24 14:29:52.741 [docker-java-stream--735562052] DEBUG c.g.d.z.s.o.a.h.c.h.i.i.PoolingHttpClientConnectionManager - ex-00000009: acquired ep-00000008
2024-07-24 14:29:52.742 [docker-java-stream--735562052] DEBUG c.g.d.z.s.o.a.h.c.h.i.c.InternalHttpClient - ex-00000009: acquired endpoint ep-00000008
2024-07-24 14:29:52.742 [docker-java-stream--735562052] DEBUG c.g.d.z.s.o.a.h.c.h.i.c.MainClientExec - ex-00000009: executing GET /v1.32/containers/780d1b7346ee3ac5d0f55d7b5e1112a64fe8a06ddd3bfebb7d3d912e26151749/logs?stdout=true&stderr=true&follow=true&since=0 HTTP/1.1
2024-07-24 14:29:52.742 [docker-java-stream--735562052] DEBUG c.g.d.z.s.o.a.h.c.h.i.c.InternalHttpClient - ep-00000008: start execution ex-00000009
2024-07-24 14:29:52.742 [docker-java-stream--735562052] DEBUG c.g.d.z.s.o.a.h.c.h.i.i.PoolingHttpClientConnectionManager - ep-00000008: executing exchange ex-00000009 over http-outgoing-0
2024-07-24 14:29:52.742 [docker-java-stream--735562052] DEBUG c.g.d.z.s.o.a.h.client5.http.headers - http-outgoing-0 >> GET /v1.32/containers/780d1b7346ee3ac5d0f55d7b5e1112a64fe8a06ddd3bfebb7d3d912e26151749/logs?stdout=true&stderr=true&follow=true&since=0 HTTP/1.1
2024-07-24 14:29:52.742 [docker-java-stream--735562052] DEBUG c.g.d.z.s.o.a.h.client5.http.headers - http-outgoing-0 >> x-tc-sid: 280e6229-7396-4d60-b1e3-a5de48b5d49b
2024-07-24 14:29:52.742 [docker-java-stream--735562052] DEBUG c.g.d.z.s.o.a.h.client5.http.headers - http-outgoing-0 >> User-Agent: tc-java/1.19.8
2024-07-24 14:29:52.742 [docker-java-stream--735562052] DEBUG c.g.d.z.s.o.a.h.client5.http.headers - http-outgoing-0 >> Accept-Encoding: gzip, x-gzip, deflate
2024-07-24 14:29:52.742 [docker-java-stream--735562052] DEBUG c.g.d.z.s.o.a.h.client5.http.headers - http-outgoing-0 >> Host: localhost:2375
2024-07-24 14:29:52.742 [docker-java-stream--735562052] DEBUG c.g.d.z.s.o.a.h.client5.http.headers - http-outgoing-0 >> Connection: keep-alive
2024-07-24 14:29:52.742 [docker-java-stream--735562052] DEBUG c.g.d.z.s.o.a.hc.client5.http.wire - http-outgoing-0 >> "GET /v1.32/containers/780d1b7346ee3ac5d0f55d7b5e1112a64fe8a06ddd3bfebb7d3d912e26151749/logs?stdout=true&stderr=true&follow=true&since=0 HTTP/1.1[\r][\n]"
2024-07-24 14:29:52.742 [docker-java-stream--735562052] DEBUG c.g.d.z.s.o.a.hc.client5.http.wire - http-outgoing-0 >> "x-tc-sid: 280e6229-7396-4d60-b1e3-a5de48b5d49b[\r][\n]"
2024-07-24 14:29:52.742 [docker-java-stream--735562052] DEBUG c.g.d.z.s.o.a.hc.client5.http.wire - http-outgoing-0 >> "User-Agent: tc-java/1.19.8[\r][\n]"
2024-07-24 14:29:52.742 [docker-java-stream--735562052] DEBUG c.g.d.z.s.o.a.hc.client5.http.wire - http-outgoing-0 >> "Accept-Encoding: gzip, x-gzip, deflate[\r][\n]"
2024-07-24 14:29:52.742 [docker-java-stream--735562052] DEBUG c.g.d.z.s.o.a.hc.client5.http.wire - http-outgoing-0 >> "Host: localhost:2375[\r][\n]"
2024-07-24 14:29:52.742 [docker-java-stream--735562052] DEBUG c.g.d.z.s.o.a.hc.client5.http.wire - http-outgoing-0 >> "Connection: keep-alive[\r][\n]"
2024-07-24 14:29:52.742 [docker-java-stream--735562052] DEBUG c.g.d.z.s.o.a.hc.client5.http.wire - http-outgoing-0 >> "[\r][\n]"
2024-07-24 14:29:52.745 [docker-java-stream--735562052] DEBUG c.g.d.z.s.o.a.hc.client5.http.wire - http-outgoing-0 << "HTTP/1.1 200 OK[\r][\n]"
2024-07-24 14:29:52.746 [docker-java-stream--735562052] DEBUG c.g.d.z.s.o.a.hc.client5.http.wire - http-outgoing-0 << "Api-Version: 1.45[\r][\n]"
2024-07-24 14:29:52.746 [docker-java-stream--735562052] DEBUG c.g.d.z.s.o.a.hc.client5.http.wire - http-outgoing-0 << "Content-Type: application/vnd.docker.raw-stream[\r][\n]"
2024-07-24 14:29:52.746 [docker-java-stream--735562052] DEBUG c.g.d.z.s.o.a.hc.client5.http.wire - http-outgoing-0 << "Date: Wed, 24 Jul 2024 02:29:52 GMT[\r][\n]"
2024-07-24 14:29:52.746 [docker-java-stream--735562052] DEBUG c.g.d.z.s.o.a.hc.client5.http.wire - http-outgoing-0 << "Docker-Experimental: false[\r][\n]"
2024-07-24 14:29:52.746 [docker-java-stream--735562052] DEBUG c.g.d.z.s.o.a.hc.client5.http.wire - http-outgoing-0 << "Ostype: linux[\r][\n]"
2024-07-24 14:29:52.746 [docker-java-stream--735562052] DEBUG c.g.d.z.s.o.a.hc.client5.http.wire - http-outgoing-0 << "Server: Docker/26.0.0 (linux)[\r][\n]"
2024-07-24 14:29:52.746 [docker-java-stream--735562052] DEBUG c.g.d.z.s.o.a.hc.client5.http.wire - http-outgoing-0 << "Transfer-Encoding: chunked[\r][\n]"
2024-07-24 14:29:52.746 [docker-java-stream--735562052] DEBUG c.g.d.z.s.o.a.hc.client5.http.wire - http-outgoing-0 << "[\r][\n]"
2024-07-24 14:29:52.746 [docker-java-stream--735562052] DEBUG c.g.d.z.s.o.a.h.client5.http.headers - http-outgoing-0 << HTTP/1.1 200 OK
2024-07-24 14:29:52.746 [docker-java-stream--735562052] DEBUG c.g.d.z.s.o.a.h.client5.http.headers - http-outgoing-0 << Api-Version: 1.45
2024-07-24 14:29:52.746 [docker-java-stream--735562052] DEBUG c.g.d.z.s.o.a.h.client5.http.headers - http-outgoing-0 << Content-Type: application/vnd.docker.raw-stream
2024-07-24 14:29:52.746 [docker-java-stream--735562052] DEBUG c.g.d.z.s.o.a.h.client5.http.headers - http-outgoing-0 << Date: Wed, 24 Jul 2024 02:29:52 GMT
2024-07-24 14:29:52.746 [docker-java-stream--735562052] DEBUG c.g.d.z.s.o.a.h.client5.http.headers - http-outgoing-0 << Docker-Experimental: false
2024-07-24 14:29:52.746 [docker-java-stream--735562052] DEBUG c.g.d.z.s.o.a.h.client5.http.headers - http-outgoing-0 << Ostype: linux
2024-07-24 14:29:52.746 [docker-java-stream--735562052] DEBUG c.g.d.z.s.o.a.h.client5.http.headers - http-outgoing-0 << Server: Docker/26.0.0 (linux)
2024-07-24 14:29:52.746 [docker-java-stream--735562052] DEBUG c.g.d.z.s.o.a.h.client5.http.headers - http-outgoing-0 << Transfer-Encoding: chunked
2024-07-24 14:29:52.746 [docker-java-stream--735562052] DEBUG c.g.d.z.s.o.a.h.c.h.i.c.MainClientExec - ex-00000009: connection can be kept alive for 3 MINUTES
2024-07-24 14:29:52.747 [docker-java-stream--735562052] DEBUG c.g.d.z.s.o.a.hc.client5.http.wire - http-outgoing-0 << "c0[\r][\n]"
2024-07-24 14:29:52.747 [docker-java-stream--735562052] DEBUG c.g.d.z.s.o.a.hc.client5.http.wire - http-outgoing-0 << "[0x2][0x0][0x0][0x0][0x0][0x0][0x0]&2024/07/24 02:29:52 Pinging Docker...[\n]"
2024-07-24 14:29:52.747 [docker-java-stream--735562052] DEBUG c.g.d.z.s.o.a.hc.client5.http.wire - http-outgoing-0 << "[0x2][0x0][0x0][0x0][0x0][0x0][0x0]02024/07/24 02:29:52 Docker daemon is available![\n]"
2024-07-24 14:29:52.747 [docker-java-stream--735562052] DEBUG c.g.d.z.s.o.a.hc.client5.http.wire - http-outgoing-0 << "[0x2][0x0][0x0][0x0][0x0][0x0][0x0]-2024/07/24 02:29:52 Starting on port 8080...[\n]"
2024-07-24 14:29:52.747 [docker-java-stream--735562052] DEBUG c.g.d.z.s.o.a.hc.client5.http.wire - http-outgoing-0 << "[0x2][0x0][0x0][0x0][0x0][0x0][0x0][0x1d]2024/07/24 02:29:52 Started![\n]"
2024-07-24 14:29:52.747 [docker-java-stream--735562052] DEBUG c.g.d.z.s.o.a.hc.client5.http.wire - http-outgoing-0 << "[\r][\n]"
2024-07-24 14:29:52.749 [Test worker] DEBUG o.t.c.output.WaitingConsumer - STDERR: 2024/07/24 02:29:52 Pinging Docker...
2024-07-24 14:29:52.749 [Test worker] DEBUG o.t.c.output.WaitingConsumer - STDERR: 2024/07/24 02:29:52 Started!
2024-07-24 14:29:52.750 [Test worker] DEBUG c.g.d.z.s.o.a.h.c.h.i.c.InternalHttpClient - ep-00000008: cancel
2024-07-24 14:29:52.751 [Test worker] DEBUG c.g.d.z.s.o.a.h.c.h.i.i.DefaultManagedHttpClientConnection - http-outgoing-0: close connection IMMEDIATE
2024-07-24 14:29:52.751 [Test worker] DEBUG c.g.d.z.s.o.a.h.c.h.i.c.InternalHttpClient - ep-00000008: endpoint closed
2024-07-24 14:29:52.751 [Test worker] DEBUG c.g.d.z.s.o.a.h.c.h.i.c.InternalHttpClient - ep-00000008: discarding endpoint
2024-07-24 14:29:52.751 [Test worker] DEBUG c.g.d.z.s.o.a.h.c.h.i.i.PoolingHttpClientConnectionManager - ep-00000008: releasing endpoint
2024-07-24 14:29:52.751 [Test worker] DEBUG c.g.d.z.s.o.a.h.c.h.i.i.PoolingHttpClientConnectionManager - ep-00000008: connection is not kept alive
2024-07-24 14:29:52.752 [docker-java-stream--735562052] DEBUG c.g.d.z.s.o.a.hc.client5.http.wire - http-outgoing-0 << "end of stream"
2024-07-24 14:29:52.752 [Test worker] DEBUG c.g.d.z.s.o.a.h.c.h.i.i.PoolingHttpClientConnectionManager - ep-00000008: connection released [route: {}->npipe://localhost:2375][total available: 0; route allocated: 0 of 2147483647; total allocated: 0 of 2147483647]
2024-07-24 14:29:52.753 [Test worker] DEBUG c.g.d.z.s.o.a.hc.client5.http.wire - http-outgoing-0 << "[read] I/O error: java.nio.channels.ClosedChannelException"
2024-07-24 14:29:52.753 [docker-java-stream--735562052] DEBUG c.g.d.z.s.o.a.hc.client5.http.wire - http-outgoing-0 << "[read] I/O error: java.nio.channels.ClosedChannelException"
2024-07-24 14:29:52.753 [docker-java-stream--735562052] DEBUG c.g.d.z.ApacheDockerHttpClientImpl$ApacheResponse - Failed to close the response
java.io.IOException: java.nio.channels.ClosedChannelException
	at java.base/java.nio.channels.Channels$2.read(Channels.java:240)
	at com.github.dockerjava.zerodep.shaded.org.apache.hc.client5.http.impl.io.LoggingInputStream.read(LoggingInputStream.java:81)
	at com.github.dockerjava.zerodep.shaded.org.apache.hc.core5.http.impl.io.SessionInputBufferImpl.fillBuffer(SessionInputBufferImpl.java:149)
	at com.github.dockerjava.zerodep.shaded.org.apache.hc.core5.http.impl.io.SessionInputBufferImpl.readLine(SessionInputBufferImpl.java:280)
	at com.github.dockerjava.zerodep.shaded.org.apache.hc.core5.http.impl.io.ChunkedInputStream.getChunkSize(ChunkedInputStream.java:261)
	at com.github.dockerjava.zerodep.shaded.org.apache.hc.core5.http.impl.io.ChunkedInputStream.nextChunk(ChunkedInputStream.java:222)
	at com.github.dockerjava.zerodep.shaded.org.apache.hc.core5.http.impl.io.ChunkedInputStream.read(ChunkedInputStream.java:147)
	at com.github.dockerjava.zerodep.shaded.org.apache.hc.core5.http.impl.io.ChunkedInputStream.close(ChunkedInputStream.java:314)
	at com.github.dockerjava.zerodep.shaded.org.apache.hc.core5.io.Closer.close(Closer.java:48)
	at com.github.dockerjava.zerodep.shaded.org.apache.hc.core5.http.impl.io.IncomingHttpEntity.close(IncomingHttpEntity.java:111)
	at com.github.dockerjava.zerodep.shaded.org.apache.hc.core5.http.io.entity.HttpEntityWrapper.close(HttpEntityWrapper.java:120)
	at com.github.dockerjava.zerodep.shaded.org.apache.hc.core5.io.Closer.close(Closer.java:48)
	at com.github.dockerjava.zerodep.shaded.org.apache.hc.core5.http.message.BasicClassicHttpResponse.close(BasicClassicHttpResponse.java:93)
	at com.github.dockerjava.zerodep.shaded.org.apache.hc.client5.http.impl.classic.CloseableHttpResponse.close(CloseableHttpResponse.java:200)
	at com.github.dockerjava.zerodep.ApacheDockerHttpClientImpl$ApacheResponse.close(ApacheDockerHttpClientImpl.java:271)
	at org.testcontainers.shaded.com.github.dockerjava.core.DefaultInvocationBuilder.lambda$executeAndStream$1(DefaultInvocationBuilder.java:277)
	at java.base/java.lang.Thread.run(Thread.java:833)
Caused by: java.nio.channels.ClosedChannelException: null
	at java.base/sun.nio.ch.WindowsAsynchronousFileChannelImpl.implRead(WindowsAsynchronousFileChannelImpl.java:516)
	at java.base/sun.nio.ch.AsynchronousFileChannelImpl.read(AsynchronousFileChannelImpl.java:229)
	at com.github.dockerjava.transport.NamedPipeSocket$AsynchronousFileByteChannel.read(NamedPipeSocket.java:117)
	at java.base/java.nio.channels.Channels$2.read(Channels.java:238)
	... 16 common frames omitted
2024-07-24 14:29:52.753 [Test worker] DEBUG c.g.d.z.ApacheDockerHttpClientImpl$ApacheResponse - Failed to close the response
java.io.IOException: java.nio.channels.ClosedChannelException
	at java.base/java.nio.channels.Channels$2.read(Channels.java:240)
	at com.github.dockerjava.zerodep.shaded.org.apache.hc.client5.http.impl.io.LoggingInputStream.read(LoggingInputStream.java:81)
	at com.github.dockerjava.zerodep.shaded.org.apache.hc.core5.http.impl.io.SessionInputBufferImpl.fillBuffer(SessionInputBufferImpl.java:149)
	at com.github.dockerjava.zerodep.shaded.org.apache.hc.core5.http.impl.io.SessionInputBufferImpl.readLine(SessionInputBufferImpl.java:280)
	at com.github.dockerjava.zerodep.shaded.org.apache.hc.core5.http.impl.io.ChunkedInputStream.getChunkSize(ChunkedInputStream.java:261)
	at com.github.dockerjava.zerodep.shaded.org.apache.hc.core5.http.impl.io.ChunkedInputStream.nextChunk(ChunkedInputStream.java:222)
	at com.github.dockerjava.zerodep.shaded.org.apache.hc.core5.http.impl.io.ChunkedInputStream.read(ChunkedInputStream.java:147)
	at com.github.dockerjava.zerodep.shaded.org.apache.hc.core5.http.impl.io.ChunkedInputStream.close(ChunkedInputStream.java:314)
	at com.github.dockerjava.zerodep.shaded.org.apache.hc.core5.io.Closer.close(Closer.java:48)
	at com.github.dockerjava.zerodep.shaded.org.apache.hc.core5.http.impl.io.IncomingHttpEntity.close(IncomingHttpEntity.java:111)
	at com.github.dockerjava.zerodep.shaded.org.apache.hc.core5.http.io.entity.HttpEntityWrapper.close(HttpEntityWrapper.java:120)
	at com.github.dockerjava.zerodep.shaded.org.apache.hc.core5.io.Closer.close(Closer.java:48)
	at com.github.dockerjava.zerodep.shaded.org.apache.hc.core5.http.message.BasicClassicHttpResponse.close(BasicClassicHttpResponse.java:93)
	at com.github.dockerjava.zerodep.shaded.org.apache.hc.client5.http.impl.classic.CloseableHttpResponse.close(CloseableHttpResponse.java:200)
	at com.github.dockerjava.zerodep.ApacheDockerHttpClientImpl$ApacheResponse.close(ApacheDockerHttpClientImpl.java:271)
	at org.testcontainers.shaded.com.github.dockerjava.core.DefaultInvocationBuilder.lambda$null$0(DefaultInvocationBuilder.java:272)
	at com.github.dockerjava.api.async.ResultCallbackTemplate.close(ResultCallbackTemplate.java:77)
	at org.testcontainers.containers.output.FrameConsumerResultCallback.close(FrameConsumerResultCallback.java:69)
	at org.testcontainers.containers.wait.strategy.LogMessageWaitStrategy.waitUntilReady(LogMessageWaitStrategy.java:49)
	at org.testcontainers.containers.wait.strategy.AbstractWaitStrategy.waitUntilReady(AbstractWaitStrategy.java:52)
	at org.testcontainers.containers.GenericContainer.waitUntilContainerStarted(GenericContainer.java:909)
	at org.testcontainers.containers.GenericContainer.tryStart(GenericContainer.java:500)
	at org.testcontainers.containers.GenericContainer.lambda$doStart$0(GenericContainer.java:354)
	at org.rnorth.ducttape.unreliables.Unreliables.retryUntilSuccess(Unreliables.java:81)
	at org.testcontainers.containers.GenericContainer.doStart(GenericContainer.java:344)
	at org.testcontainers.containers.GenericContainer.start(GenericContainer.java:330)
	at org.testcontainers.utility.RyukResourceReaper.maybeStart(RyukResourceReaper.java:78)
	at org.testcontainers.utility.RyukResourceReaper.init(RyukResourceReaper.java:42)
	at org.testcontainers.DockerClientFactory.client(DockerClientFactory.java:232)
	at org.testcontainers.DockerClientFactory$1.getDockerClient(DockerClientFactory.java:106)
	at com.github.dockerjava.api.DockerClientDelegate.authConfig(DockerClientDelegate.java:109)
	at org.testcontainers.containers.GenericContainer.start(GenericContainer.java:329)
	at com.unitedApi.WorkStationDAOTest.<init>(WorkStationDAOTest.kt:31)
	at java.base/jdk.internal.reflect.NativeConstructorAccessorImpl.newInstance0(Native Method)
	at java.base/jdk.internal.reflect.NativeConstructorAccessorImpl.newInstance(NativeConstructorAccessorImpl.java:77)
	at java.base/jdk.internal.reflect.DelegatingConstructorAccessorImpl.newInstance(DelegatingConstructorAccessorImpl.java:45)
	at java.base/java.lang.reflect.Constructor.newInstanceWithCaller(Constructor.java:499)
	at java.base/java.lang.reflect.Constructor.newInstance(Constructor.java:480)
	at org.junit.runners.BlockJUnit4ClassRunner.createTest(BlockJUnit4ClassRunner.java:250)
	at org.junit.runners.BlockJUnit4ClassRunner.createTest(BlockJUnit4ClassRunner.java:260)
	at org.junit.runners.BlockJUnit4ClassRunner$2.runReflectiveCall(BlockJUnit4ClassRunner.java:309)
	at org.junit.internal.runners.model.ReflectiveCallable.run(ReflectiveCallable.java:12)
	at org.junit.runners.BlockJUnit4ClassRunner.methodBlock(BlockJUnit4ClassRunner.java:306)
	at org.junit.runners.BlockJUnit4ClassRunner$1.evaluate(BlockJUnit4ClassRunner.java:100)
	at org.junit.runners.ParentRunner.runLeaf(ParentRunner.java:366)
	at org.junit.runners.BlockJUnit4ClassRunner.runChild(BlockJUnit4ClassRunner.java:103)
	at org.junit.runners.BlockJUnit4ClassRunner.runChild(BlockJUnit4ClassRunner.java:63)
	at org.junit.runners.ParentRunner$4.run(ParentRunner.java:331)
	at org.junit.runners.ParentRunner$1.schedule(ParentRunner.java:79)
	at org.junit.runners.ParentRunner.runChildren(ParentRunner.java:329)
	at org.junit.runners.ParentRunner.access$100(ParentRunner.java:66)
	at org.junit.runners.ParentRunner$2.evaluate(ParentRunner.java:293)
	at org.junit.runners.ParentRunner$3.evaluate(ParentRunner.java:306)
	at org.junit.runners.ParentRunner.run(ParentRunner.java:413)
	at org.gradle.api.internal.tasks.testing.junit.JUnitTestClassExecutor.runTestClass(JUnitTestClassExecutor.java:112)
	at org.gradle.api.internal.tasks.testing.junit.JUnitTestClassExecutor.execute(JUnitTestClassExecutor.java:58)
	at org.gradle.api.internal.tasks.testing.junit.JUnitTestClassExecutor.execute(JUnitTestClassExecutor.java:40)
	at org.gradle.api.internal.tasks.testing.junit.AbstractJUnitTestClassProcessor.processTestClass(AbstractJUnitTestClassProcessor.java:60)
	at org.gradle.api.internal.tasks.testing.SuiteTestClassProcessor.processTestClass(SuiteTestClassProcessor.java:52)
	at java.base/jdk.internal.reflect.NativeMethodAccessorImpl.invoke0(Native Method)
	at java.base/jdk.internal.reflect.NativeMethodAccessorImpl.invoke(NativeMethodAccessorImpl.java:77)
	at java.base/jdk.internal.reflect.DelegatingMethodAccessorImpl.invoke(DelegatingMethodAccessorImpl.java:43)
	at java.base/java.lang.reflect.Method.invoke(Method.java:568)
	at org.gradle.internal.dispatch.ReflectionDispatch.dispatch(ReflectionDispatch.java:36)
	at org.gradle.internal.dispatch.ReflectionDispatch.dispatch(ReflectionDispatch.java:24)
	at org.gradle.internal.dispatch.ContextClassLoaderDispatch.dispatch(ContextClassLoaderDispatch.java:33)
	at org.gradle.internal.dispatch.ProxyDispatchAdapter$DispatchingInvocationHandler.invoke(ProxyDispatchAdapter.java:94)
	at jdk.proxy1/jdk.proxy1.$Proxy2.processTestClass(Unknown Source)
	at org.gradle.api.internal.tasks.testing.worker.TestWorker$2.run(TestWorker.java:176)
	at org.gradle.api.internal.tasks.testing.worker.TestWorker.executeAndMaintainThreadName(TestWorker.java:129)
	at org.gradle.api.internal.tasks.testing.worker.TestWorker.execute(TestWorker.java:100)
	at org.gradle.api.internal.tasks.testing.worker.TestWorker.execute(TestWorker.java:60)
	at org.gradle.process.internal.worker.child.ActionExecutionWorker.execute(ActionExecutionWorker.java:56)
	at org.gradle.process.internal.worker.child.SystemApplicationClassLoaderWorker.call(SystemApplicationClassLoaderWorker.java:113)
	at org.gradle.process.internal.worker.child.SystemApplicationClassLoaderWorker.call(SystemApplicationClassLoaderWorker.java:65)
	at worker.org.gradle.process.internal.worker.GradleWorkerMain.run(GradleWorkerMain.java:69)
	at worker.org.gradle.process.internal.worker.GradleWorkerMain.main(GradleWorkerMain.java:74)
Caused by: java.nio.channels.ClosedChannelException: null
	at java.base/sun.nio.ch.WindowsAsynchronousFileChannelImpl.implRead(WindowsAsynchronousFileChannelImpl.java:516)
	at java.base/sun.nio.ch.AsynchronousFileChannelImpl.read(AsynchronousFileChannelImpl.java:229)
	at com.github.dockerjava.transport.NamedPipeSocket$AsynchronousFileByteChannel.read(NamedPipeSocket.java:117)
	at java.base/java.nio.channels.Channels$2.read(Channels.java:238)
	... 76 common frames omitted
2024-07-24 14:29:52.758 [Test worker] INFO  tc.testcontainers/ryuk:0.7.0 - Container testcontainers/ryuk:0.7.0 started in PT0.9809358S
2024-07-24 14:29:52.768 [testcontainers-ryuk] DEBUG o.t.utility.ResourceReaper - Sending 'label=org.testcontainers%3Dtrue&label=org.testcontainers.lang%3Djava&label=org.testcontainers.version%3D1.19.8&label=org.testcontainers.sessionId%3D280e6229-7396-4d60-b1e3-a5de48b5d49b' to Ryuk
2024-07-24 14:29:52.769 [testcontainers-ryuk] DEBUG o.t.utility.RyukResourceReaper - Received 'ACK' from Ryuk
2024-07-24 14:29:52.770 [Test worker] INFO  o.t.utility.RyukResourceReaper - Ryuk started - will monitor and terminate Testcontainers containers on JVM exit
2024-07-24 14:29:52.770 [Test worker] DEBUG o.testcontainers.DockerClientFactory - Checks are enabled
2024-07-24 14:29:52.770 [Test worker] INFO  o.testcontainers.DockerClientFactory - Checking the system...
2024-07-24 14:29:52.771 [Test worker] INFO  o.testcontainers.DockerClientFactory - ?? Docker server version should be at least 1.6.0
2024-07-24 14:29:52.772 [Test worker] DEBUG o.t.u.PrefixingImageNameSubstitutor - No prefix is configured
2024-07-24 14:29:52.772 [Test worker] DEBUG o.t.utility.ImageNameSubstitutor - Did not find a substitute image for postgres:latest (using image substitutor: DefaultImageNameSubstitutor (composite of 'ConfigurationFileImageNameSubstitutor' and 'PrefixingImageNameSubstitutor'))
2024-07-24 14:29:52.772 [Test worker] TRACE tc.postgres:latest - postgres:latest is already in image name cache
2024-07-24 14:29:52.772 [Test worker] DEBUG o.t.images.AbstractImagePullPolicy - Using locally available and not pulling image: postgres:latest
2024-07-24 14:29:52.773 [Test worker] DEBUG tc.postgres:latest - Starting container: postgres:latest
2024-07-24 14:29:52.773 [Test worker] DEBUG tc.postgres:latest - Trying to start container: postgres:latest (attempt 1/1)
2024-07-24 14:29:52.773 [Test worker] DEBUG tc.postgres:latest - Starting container: postgres:latest
2024-07-24 14:29:52.773 [Test worker] INFO  tc.postgres:latest - Creating container for image: postgres:latest
2024-07-24 14:29:52.773 [Test worker] DEBUG o.t.utility.RegistryAuthLocator - Looking up auth config for image: postgres:latest at registry: https://index.docker.io/v1/
2024-07-24 14:29:52.773 [Test worker] DEBUG o.t.utility.RegistryAuthLocator - No matching Auth Configs - falling back to defaultAuthConfig [null]
2024-07-24 14:29:52.773 [Test worker] DEBUG o.t.d.AuthDelegatingDockerClientConfig - Effective auth config [null]
2024-07-24 14:29:52.773 [Test worker] DEBUG o.t.s.c.g.d.c.command.AbstrDockerCmd - Cmd: org.testcontainers.shaded.com.github.dockerjava.core.command.CreateContainerCmdImpl@1dc2de84[aliases=<null>,argsEscaped=<null>,attachStderr=<null>,attachStdin=<null>,attachStdout=<null>,authConfig=<null>,cmd={postgres,-c,fsync=off},domainName=<null>,entrypoint=<null>,env={POSTGRES_USER=user,POSTGRES_PASSWORD=password,POSTGRES_DB=db},exposedPorts=ExposedPorts(exposedPorts=[5432/tcp]),healthcheck=<null>,hostConfig=HostConfig(binds=[], blkioWeight=null, blkioWeightDevice=null, blkioDeviceReadBps=null, blkioDeviceWriteBps=null, blkioDeviceReadIOps=null, blkioDeviceWriteIOps=null, memorySwappiness=null, nanoCPUs=null, capAdd=null, capDrop=null, containerIDFile=null, cpuPeriod=null, cpuRealtimePeriod=null, cpuRealtimeRuntime=null, cpuShares=null, cpuQuota=null, cpusetCpus=null, cpusetMems=null, devices=null, deviceCgroupRules=null, deviceRequests=null, diskQuota=null, dns=null, dnsOptions=null, dnsSearch=null, extraHosts=[], groupAdd=null, ipcMode=null, cgroup=null, links=[], logConfig=LogConfig(type=null, config=null), lxcConf=null, memory=null, memorySwap=null, memoryReservation=null, kernelMemory=null, networkMode=null, oomKillDisable=null, init=null, autoRemove=null, oomScoreAdj=null, portBindings={5432/tcp=[Lcom.github.dockerjava.api.model.Ports$Binding;@44de0113}, privileged=null, publishAllPorts=null, readonlyRootfs=null, restartPolicy=null, ulimits=null, cpuCount=null, cpuPercent=null, ioMaximumIOps=null, ioMaximumBandwidth=null, volumesFrom=[], mounts=null, pidMode=null, isolation=null, securityOpts=null, storageOpt=null, cgroupParent=null, volumeDriver=null, shmSize=null, pidsLimit=null, runtime=null, tmpFs=null, utSMode=null, usernsMode=null, sysctls=null, consoleSize=null, cgroupnsMode=null),hostName=<null>,image=postgres:latest,ipv4Address=<null>,ipv6Address=<null>,labels={org.testcontainers=true, org.testcontainers.lang=java, org.testcontainers.version=1.19.8, org.testcontainers.sessionId=280e6229-7396-4d60-b1e3-a5de48b5d49b},macAddress=<null>,name=<null>,networkDisabled=<null>,networkingConfig=<null>,onBuild=<null>,platform=<null>,portSpecs=<null>,shell=<null>,stdInOnce=<null>,stdinOpen=<null>,stopSignal=<null>,stopTimeout=<null>,tty=<null>,user=<null>,volumes=Volumes(volumes=[]),workingDir=<null>]
2024-07-24 14:29:52.774 [Test worker] TRACE o.t.s.c.g.d.c.e.CreateContainerCmdExec - POST: DefaultWebTarget{path=[/containers/create], queryParams={}} 
2024-07-24 14:29:52.775 [Test worker] DEBUG c.g.d.z.s.o.a.h.c.h.i.c.InternalHttpClient - ex-0000000A: preparing request execution
2024-07-24 14:29:52.775 [Test worker] DEBUG c.g.d.z.s.o.a.h.c.h.p.RequestAddCookies - Cookie spec selected: strict
2024-07-24 14:29:52.775 [Test worker] DEBUG c.g.d.z.s.o.a.h.c.h.p.RequestAuthCache - Auth cache not set in the context
2024-07-24 14:29:52.775 [Test worker] DEBUG c.g.d.z.s.o.a.h.c.h.i.c.ProtocolExec - ex-0000000A: target auth state: UNCHALLENGED
2024-07-24 14:29:52.775 [Test worker] DEBUG c.g.d.z.s.o.a.h.c.h.i.c.ProtocolExec - ex-0000000A: proxy auth state: UNCHALLENGED
2024-07-24 14:29:52.775 [Test worker] DEBUG c.g.d.z.s.o.a.h.c.h.i.c.ConnectExec - ex-0000000A: acquiring connection with route {}->npipe://localhost:2375
2024-07-24 14:29:52.776 [Test worker] DEBUG c.g.d.z.s.o.a.h.c.h.i.c.InternalHttpClient - ex-0000000A: acquiring endpoint (3 MINUTES)
2024-07-24 14:29:52.776 [Test worker] DEBUG c.g.d.z.s.o.a.h.c.h.i.i.PoolingHttpClientConnectionManager - ex-0000000A: endpoint lease request (3 MINUTES) [route: {}->npipe://localhost:2375][total available: 0; route allocated: 0 of 2147483647; total allocated: 0 of 2147483647]
2024-07-24 14:29:52.776 [Test worker] DEBUG c.g.d.z.s.o.a.h.c.h.i.i.PoolingHttpClientConnectionManager - ex-0000000A: endpoint leased [route: {}->npipe://localhost:2375][total available: 0; route allocated: 1 of 2147483647; total allocated: 1 of 2147483647]
2024-07-24 14:29:52.776 [Test worker] DEBUG c.g.d.z.s.o.a.h.c.h.i.i.PoolingHttpClientConnectionManager - ex-0000000A: acquired ep-00000009
2024-07-24 14:29:52.776 [Test worker] DEBUG c.g.d.z.s.o.a.h.c.h.i.c.InternalHttpClient - ex-0000000A: acquired endpoint ep-00000009
2024-07-24 14:29:52.776 [Test worker] DEBUG c.g.d.z.s.o.a.h.c.h.i.c.ConnectExec - ex-0000000A: opening connection {}->npipe://localhost:2375
2024-07-24 14:29:52.776 [Test worker] DEBUG c.g.d.z.s.o.a.h.c.h.i.c.InternalHttpClient - ep-00000009: connecting endpoint (3 MINUTES)
2024-07-24 14:29:52.776 [Test worker] DEBUG c.g.d.z.s.o.a.h.c.h.i.i.PoolingHttpClientConnectionManager - ep-00000009: connecting endpoint to npipe://localhost:2375 (3 MINUTES)
2024-07-24 14:29:52.777 [Test worker] DEBUG c.g.d.z.s.o.a.h.c.h.i.i.DefaultHttpClientConnectionOperator - http-outgoing-1: connecting to localhost/127.0.0.1:2375
2024-07-24 14:29:52.777 [Test worker] DEBUG c.g.d.z.s.o.a.h.c.h.i.i.DefaultHttpClientConnectionOperator - http-outgoing-1: connection established 
2024-07-24 14:29:52.777 [Test worker] DEBUG c.g.d.z.s.o.a.h.c.h.i.i.PoolingHttpClientConnectionManager - ep-00000009: connected http-outgoing-1
2024-07-24 14:29:52.777 [Test worker] DEBUG c.g.d.z.s.o.a.h.c.h.i.c.InternalHttpClient - ep-00000009: endpoint connected
2024-07-24 14:29:52.777 [Test worker] DEBUG c.g.d.z.s.o.a.h.c.h.i.c.MainClientExec - ex-0000000A: executing POST /v1.32/containers/create HTTP/1.1
2024-07-24 14:29:52.777 [Test worker] DEBUG c.g.d.z.s.o.a.h.c.h.i.c.InternalHttpClient - ep-00000009: start execution ex-0000000A
2024-07-24 14:29:52.777 [Test worker] DEBUG c.g.d.z.s.o.a.h.c.h.i.i.PoolingHttpClientConnectionManager - ep-00000009: executing exchange ex-0000000A over http-outgoing-1
2024-07-24 14:29:52.777 [Test worker] DEBUG c.g.d.z.s.o.a.h.client5.http.headers - http-outgoing-1 >> POST /v1.32/containers/create HTTP/1.1
2024-07-24 14:29:52.777 [Test worker] DEBUG c.g.d.z.s.o.a.h.client5.http.headers - http-outgoing-1 >> accept: application/json
2024-07-24 14:29:52.777 [Test worker] DEBUG c.g.d.z.s.o.a.h.client5.http.headers - http-outgoing-1 >> content-type: application/json
2024-07-24 14:29:52.777 [Test worker] DEBUG c.g.d.z.s.o.a.h.client5.http.headers - http-outgoing-1 >> x-tc-sid: 280e6229-7396-4d60-b1e3-a5de48b5d49b
2024-07-24 14:29:52.777 [Test worker] DEBUG c.g.d.z.s.o.a.h.client5.http.headers - http-outgoing-1 >> User-Agent: tc-java/1.19.8
2024-07-24 14:29:52.777 [Test worker] DEBUG c.g.d.z.s.o.a.h.client5.http.headers - http-outgoing-1 >> Accept-Encoding: gzip, x-gzip, deflate
2024-07-24 14:29:52.777 [Test worker] DEBUG c.g.d.z.s.o.a.h.client5.http.headers - http-outgoing-1 >> Content-Length: 2061
2024-07-24 14:29:52.777 [Test worker] DEBUG c.g.d.z.s.o.a.h.client5.http.headers - http-outgoing-1 >> Host: localhost:2375
2024-07-24 14:29:52.777 [Test worker] DEBUG c.g.d.z.s.o.a.h.client5.http.headers - http-outgoing-1 >> Connection: keep-alive
2024-07-24 14:29:52.777 [Test worker] DEBUG c.g.d.z.s.o.a.hc.client5.http.wire - http-outgoing-1 >> "POST /v1.32/containers/create HTTP/1.1[\r][\n]"
2024-07-24 14:29:52.777 [Test worker] DEBUG c.g.d.z.s.o.a.hc.client5.http.wire - http-outgoing-1 >> "accept: application/json[\r][\n]"
2024-07-24 14:29:52.777 [Test worker] DEBUG c.g.d.z.s.o.a.hc.client5.http.wire - http-outgoing-1 >> "content-type: application/json[\r][\n]"
2024-07-24 14:29:52.777 [Test worker] DEBUG c.g.d.z.s.o.a.hc.client5.http.wire - http-outgoing-1 >> "x-tc-sid: 280e6229-7396-4d60-b1e3-a5de48b5d49b[\r][\n]"
2024-07-24 14:29:52.777 [Test worker] DEBUG c.g.d.z.s.o.a.hc.client5.http.wire - http-outgoing-1 >> "User-Agent: tc-java/1.19.8[\r][\n]"
2024-07-24 14:29:52.777 [Test worker] DEBUG c.g.d.z.s.o.a.hc.client5.http.wire - http-outgoing-1 >> "Accept-Encoding: gzip, x-gzip, deflate[\r][\n]"
2024-07-24 14:29:52.777 [Test worker] DEBUG c.g.d.z.s.o.a.hc.client5.http.wire - http-outgoing-1 >> "Content-Length: 2061[\r][\n]"
2024-07-24 14:29:52.777 [Test worker] DEBUG c.g.d.z.s.o.a.hc.client5.http.wire - http-outgoing-1 >> "Host: localhost:2375[\r][\n]"
2024-07-24 14:29:52.777 [Test worker] DEBUG c.g.d.z.s.o.a.hc.client5.http.wire - http-outgoing-1 >> "Connection: keep-alive[\r][\n]"
2024-07-24 14:29:52.777 [Test worker] DEBUG c.g.d.z.s.o.a.hc.client5.http.wire - http-outgoing-1 >> "[\r][\n]"
2024-07-24 14:29:52.778 [Test worker] DEBUG c.g.d.z.s.o.a.hc.client5.http.wire - http-outgoing-1 >> "{"Hostname":null,"Domainname":null,"User":null,"AttachStdin":null,"AttachStdout":null,"AttachStderr":null,"PortSpecs":null,"Tty":null,"OpenStdin":null,"StdinOnce":null,"Env":["POSTGRES_USER=user","POSTGRES_PASSWORD=password","POSTGRES_DB=db"],"Cmd":["postgres","-c","fsync=off"],"Healthcheck":null,"ArgsEscaped":null,"Entrypoint":null,"Image":"postgres:latest","Volumes":{},"WorkingDir":null,"MacAddress":null,"OnBuild":null,"NetworkDisabled":null,"ExposedPorts":{"5432/tcp":{}},"StopSignal":null,"StopTimeout":null,"HostConfig":{"Binds":[],"BlkioWeight":null,"BlkioWeightDevice":null,"BlkioDeviceReadBps":null,"BlkioDeviceWriteBps":null,"BlkioDeviceReadIOps":null,"BlkioDeviceWriteIOps":null,"MemorySwappiness":null,"NanoCpus":null,"CapAdd":null,"CapDrop":null,"ContainerIDFile":null,"CpuPeriod":null,"CpuRealtimePeriod":null,"CpuRealtimeRuntime":null,"CpuShares":null,"CpuQuota":null,"CpusetCpus":null,"CpusetMems":null,"Devices":null,"DeviceCgroupRules":null,"DeviceRequests":null,"DiskQuota":null,"Dns":null,"DnsOptions":null,"DnsSearch":null,"ExtraHosts":[],"GroupAdd":null,"IpcMode":null,"Cgroup":null,"Links":[],"LogConfig":null,"LxcConf":null,"Memory":null,"MemorySwap":null,"MemoryReservation":null,"KernelMemory":null,"NetworkMode":null,"OomKillDisable":null,"Init":null,"AutoRemove":null,"OomScoreAdj":null,"PortBindings":{"5432/tcp":[{"HostIp":"","HostPort":""}]},"Privileged":null,"PublishAllPorts":null,"ReadonlyRootfs":null,"RestartPolicy":null,"Ulimits":null,"CpuCount":null,"CpuPercent":null,"IOMaximumIOps":null,"IOMaximumBandwidth":null,"VolumesFrom":[],"Mounts":null,"PidMode":null,"Isolation":null,"SecurityOpt":null,"StorageOpt":null,"CgroupParent":null,"VolumeDriver":null,"ShmSize":null,"PidsLimit":null,"Runtime":null,"Tmpfs":null,"UTSMode":null,"UsernsMode":null,"Sysctls":null,"ConsoleSize":null,"CgroupnsMode":null},"Labels":{"org.testcontainers":"true","org.testcontainers.lang":"java","org.testcontainers.version":"1.19.8","org.testcontainers.sessionId":"280e6229-7396-4d60-b1e3-a5de48b5d49b"},"Shell":null,"NetworkingConfig":null}"
2024-07-24 14:29:52.900 [Test worker] DEBUG c.g.d.z.s.o.a.hc.client5.http.wire - http-outgoing-1 << "HTTP/1.1 201 Created[\r][\n]"
2024-07-24 14:29:52.900 [Test worker] DEBUG c.g.d.z.s.o.a.hc.client5.http.wire - http-outgoing-1 << "Api-Version: 1.45[\r][\n]"
2024-07-24 14:29:52.900 [Test worker] DEBUG c.g.d.z.s.o.a.hc.client5.http.wire - http-outgoing-1 << "Content-Type: application/json[\r][\n]"
2024-07-24 14:29:52.900 [Test worker] DEBUG c.g.d.z.s.o.a.hc.client5.http.wire - http-outgoing-1 << "Date: Wed, 24 Jul 2024 02:29:52 GMT[\r][\n]"
2024-07-24 14:29:52.900 [Test worker] DEBUG c.g.d.z.s.o.a.hc.client5.http.wire - http-outgoing-1 << "Docker-Experimental: false[\r][\n]"
2024-07-24 14:29:52.900 [Test worker] DEBUG c.g.d.z.s.o.a.hc.client5.http.wire - http-outgoing-1 << "Ostype: linux[\r][\n]"
2024-07-24 14:29:52.900 [Test worker] DEBUG c.g.d.z.s.o.a.hc.client5.http.wire - http-outgoing-1 << "Server: Docker/26.0.0 (linux)[\r][\n]"
2024-07-24 14:29:52.900 [Test worker] DEBUG c.g.d.z.s.o.a.hc.client5.http.wire - http-outgoing-1 << "Transfer-Encoding: chunked[\r][\n]"
2024-07-24 14:29:52.900 [Test worker] DEBUG c.g.d.z.s.o.a.hc.client5.http.wire - http-outgoing-1 << "[\r][\n]"
2024-07-24 14:29:52.901 [Test worker] DEBUG c.g.d.z.s.o.a.h.client5.http.headers - http-outgoing-1 << HTTP/1.1 201 Created
2024-07-24 14:29:52.901 [Test worker] DEBUG c.g.d.z.s.o.a.h.client5.http.headers - http-outgoing-1 << Api-Version: 1.45
2024-07-24 14:29:52.901 [Test worker] DEBUG c.g.d.z.s.o.a.h.client5.http.headers - http-outgoing-1 << Content-Type: application/json
2024-07-24 14:29:52.901 [Test worker] DEBUG c.g.d.z.s.o.a.h.client5.http.headers - http-outgoing-1 << Date: Wed, 24 Jul 2024 02:29:52 GMT
2024-07-24 14:29:52.901 [Test worker] DEBUG c.g.d.z.s.o.a.h.client5.http.headers - http-outgoing-1 << Docker-Experimental: false
2024-07-24 14:29:52.901 [Test worker] DEBUG c.g.d.z.s.o.a.h.client5.http.headers - http-outgoing-1 << Ostype: linux
2024-07-24 14:29:52.901 [Test worker] DEBUG c.g.d.z.s.o.a.h.client5.http.headers - http-outgoing-1 << Server: Docker/26.0.0 (linux)
2024-07-24 14:29:52.901 [Test worker] DEBUG c.g.d.z.s.o.a.h.client5.http.headers - http-outgoing-1 << Transfer-Encoding: chunked
2024-07-24 14:29:52.901 [Test worker] DEBUG c.g.d.z.s.o.a.h.c.h.i.c.MainClientExec - ex-0000000A: connection can be kept alive for 3 MINUTES
2024-07-24 14:29:52.901 [Test worker] DEBUG c.g.d.z.s.o.a.hc.client5.http.wire - http-outgoing-1 << "58[\r][\n]"
2024-07-24 14:29:52.901 [Test worker] DEBUG c.g.d.z.s.o.a.hc.client5.http.wire - http-outgoing-1 << "{"Id":"0c19fc8d9724283b6110cafb8930e7ca98548127b1f0963f5cc98823c64c3c16","Warnings":[]}[\n]"
2024-07-24 14:29:52.901 [Test worker] DEBUG c.g.d.z.s.o.a.hc.client5.http.wire - http-outgoing-1 << "[\r][\n]"
2024-07-24 14:29:52.902 [Test worker] DEBUG c.g.d.z.s.o.a.hc.client5.http.wire - http-outgoing-1 << "0[\r][\n]"
2024-07-24 14:29:52.902 [Test worker] DEBUG c.g.d.z.s.o.a.hc.client5.http.wire - http-outgoing-1 << "[\r][\n]"
2024-07-24 14:29:52.903 [Test worker] DEBUG c.g.d.z.s.o.a.h.c.h.i.c.InternalHttpClient - ep-00000009: releasing valid endpoint
2024-07-24 14:29:52.903 [Test worker] DEBUG c.g.d.z.s.o.a.h.c.h.i.i.PoolingHttpClientConnectionManager - ep-00000009: releasing endpoint
2024-07-24 14:29:52.903 [Test worker] DEBUG c.g.d.z.s.o.a.h.c.h.i.i.PoolingHttpClientConnectionManager - ep-00000009: connection http-outgoing-1 can be kept alive for 3 MINUTES
2024-07-24 14:29:52.903 [Test worker] DEBUG c.g.d.z.s.o.a.h.c.h.i.i.PoolingHttpClientConnectionManager - ep-00000009: connection released [route: {}->npipe://localhost:2375][total available: 1; route allocated: 1 of 2147483647; total allocated: 1 of 2147483647]
2024-07-24 14:29:52.904 [Test worker] INFO  tc.postgres:latest - Container postgres:latest is starting: 0c19fc8d9724283b6110cafb8930e7ca98548127b1f0963f5cc98823c64c3c16
2024-07-24 14:29:52.904 [Test worker] DEBUG o.t.s.c.g.d.c.command.AbstrDockerCmd - Cmd: 0c19fc8d9724283b6110cafb8930e7ca98548127b1f0963f5cc98823c64c3c16
2024-07-24 14:29:52.904 [Test worker] TRACE o.t.s.c.g.d.c.e.StartContainerCmdExec - POST: DefaultWebTarget{path=[/containers/0c19fc8d9724283b6110cafb8930e7ca98548127b1f0963f5cc98823c64c3c16/start], queryParams={}}
2024-07-24 14:29:52.905 [Test worker] DEBUG c.g.d.z.s.o.a.h.c.h.i.c.InternalHttpClient - ex-0000000B: preparing request execution
2024-07-24 14:29:52.905 [Test worker] DEBUG c.g.d.z.s.o.a.h.c.h.p.RequestAddCookies - Cookie spec selected: strict
2024-07-24 14:29:52.905 [Test worker] DEBUG c.g.d.z.s.o.a.h.c.h.p.RequestAuthCache - Auth cache not set in the context
2024-07-24 14:29:52.905 [Test worker] DEBUG c.g.d.z.s.o.a.h.c.h.i.c.ProtocolExec - ex-0000000B: target auth state: UNCHALLENGED
2024-07-24 14:29:52.905 [Test worker] DEBUG c.g.d.z.s.o.a.h.c.h.i.c.ProtocolExec - ex-0000000B: proxy auth state: UNCHALLENGED
2024-07-24 14:29:52.905 [Test worker] DEBUG c.g.d.z.s.o.a.h.c.h.i.c.ConnectExec - ex-0000000B: acquiring connection with route {}->npipe://localhost:2375
2024-07-24 14:29:52.905 [Test worker] DEBUG c.g.d.z.s.o.a.h.c.h.i.c.InternalHttpClient - ex-0000000B: acquiring endpoint (3 MINUTES)
2024-07-24 14:29:52.906 [Test worker] DEBUG c.g.d.z.s.o.a.h.c.h.i.i.PoolingHttpClientConnectionManager - ex-0000000B: endpoint lease request (3 MINUTES) [route: {}->npipe://localhost:2375][total available: 1; route allocated: 1 of 2147483647; total allocated: 1 of 2147483647]
2024-07-24 14:29:52.906 [Test worker] DEBUG c.g.d.z.s.o.a.h.c.h.i.i.PoolingHttpClientConnectionManager - ex-0000000B: endpoint leased [route: {}->npipe://localhost:2375][total available: 0; route allocated: 1 of 2147483647; total allocated: 1 of 2147483647]
2024-07-24 14:29:52.906 [Test worker] DEBUG c.g.d.z.s.o.a.h.c.h.i.i.PoolingHttpClientConnectionManager - ex-0000000B: acquired ep-0000000A
2024-07-24 14:29:52.906 [Test worker] DEBUG c.g.d.z.s.o.a.h.c.h.i.c.InternalHttpClient - ex-0000000B: acquired endpoint ep-0000000A
2024-07-24 14:29:52.906 [Test worker] DEBUG c.g.d.z.s.o.a.h.c.h.i.c.MainClientExec - ex-0000000B: executing POST /v1.32/containers/0c19fc8d9724283b6110cafb8930e7ca98548127b1f0963f5cc98823c64c3c16/start HTTP/1.1
2024-07-24 14:29:52.907 [Test worker] DEBUG c.g.d.z.s.o.a.h.c.h.i.c.InternalHttpClient - ep-0000000A: start execution ex-0000000B
2024-07-24 14:29:52.907 [Test worker] DEBUG c.g.d.z.s.o.a.h.c.h.i.i.PoolingHttpClientConnectionManager - ep-0000000A: executing exchange ex-0000000B over http-outgoing-1
2024-07-24 14:29:52.907 [Test worker] DEBUG c.g.d.z.s.o.a.h.client5.http.headers - http-outgoing-1 >> POST /v1.32/containers/0c19fc8d9724283b6110cafb8930e7ca98548127b1f0963f5cc98823c64c3c16/start HTTP/1.1
2024-07-24 14:29:52.907 [Test worker] DEBUG c.g.d.z.s.o.a.h.client5.http.headers - http-outgoing-1 >> accept: application/json
2024-07-24 14:29:52.907 [Test worker] DEBUG c.g.d.z.s.o.a.h.client5.http.headers - http-outgoing-1 >> content-type: application/json
2024-07-24 14:29:52.907 [Test worker] DEBUG c.g.d.z.s.o.a.h.client5.http.headers - http-outgoing-1 >> x-tc-sid: 280e6229-7396-4d60-b1e3-a5de48b5d49b
2024-07-24 14:29:52.907 [Test worker] DEBUG c.g.d.z.s.o.a.h.client5.http.headers - http-outgoing-1 >> User-Agent: tc-java/1.19.8
2024-07-24 14:29:52.907 [Test worker] DEBUG c.g.d.z.s.o.a.h.client5.http.headers - http-outgoing-1 >> Accept-Encoding: gzip, x-gzip, deflate
2024-07-24 14:29:52.907 [Test worker] DEBUG c.g.d.z.s.o.a.h.client5.http.headers - http-outgoing-1 >> Host: localhost:2375
2024-07-24 14:29:52.907 [Test worker] DEBUG c.g.d.z.s.o.a.h.client5.http.headers - http-outgoing-1 >> Connection: keep-alive
2024-07-24 14:29:52.907 [Test worker] DEBUG c.g.d.z.s.o.a.hc.client5.http.wire - http-outgoing-1 >> "POST /v1.32/containers/0c19fc8d9724283b6110cafb8930e7ca98548127b1f0963f5cc98823c64c3c16/start HTTP/1.1[\r][\n]"
2024-07-24 14:29:52.908 [Test worker] DEBUG c.g.d.z.s.o.a.hc.client5.http.wire - http-outgoing-1 >> "accept: application/json[\r][\n]"
2024-07-24 14:29:52.908 [Test worker] DEBUG c.g.d.z.s.o.a.hc.client5.http.wire - http-outgoing-1 >> "content-type: application/json[\r][\n]"
2024-07-24 14:29:52.908 [Test worker] DEBUG c.g.d.z.s.o.a.hc.client5.http.wire - http-outgoing-1 >> "x-tc-sid: 280e6229-7396-4d60-b1e3-a5de48b5d49b[\r][\n]"
2024-07-24 14:29:52.908 [Test worker] DEBUG c.g.d.z.s.o.a.hc.client5.http.wire - http-outgoing-1 >> "User-Agent: tc-java/1.19.8[\r][\n]"
2024-07-24 14:29:52.908 [Test worker] DEBUG c.g.d.z.s.o.a.hc.client5.http.wire - http-outgoing-1 >> "Accept-Encoding: gzip, x-gzip, deflate[\r][\n]"
2024-07-24 14:29:52.908 [Test worker] DEBUG c.g.d.z.s.o.a.hc.client5.http.wire - http-outgoing-1 >> "Host: localhost:2375[\r][\n]"
2024-07-24 14:29:52.908 [Test worker] DEBUG c.g.d.z.s.o.a.hc.client5.http.wire - http-outgoing-1 >> "Connection: keep-alive[\r][\n]"
2024-07-24 14:29:52.908 [Test worker] DEBUG c.g.d.z.s.o.a.hc.client5.http.wire - http-outgoing-1 >> "[\r][\n]"
2024-07-24 14:29:53.248 [Test worker] DEBUG c.g.d.z.s.o.a.hc.client5.http.wire - http-outgoing-1 << "HTTP/1.1 204 No Content[\r][\n]"
2024-07-24 14:29:53.248 [Test worker] DEBUG c.g.d.z.s.o.a.hc.client5.http.wire - http-outgoing-1 << "Api-Version: 1.45[\r][\n]"
2024-07-24 14:29:53.248 [Test worker] DEBUG c.g.d.z.s.o.a.hc.client5.http.wire - http-outgoing-1 << "Date: Wed, 24 Jul 2024 02:29:53 GMT[\r][\n]"
2024-07-24 14:29:53.248 [Test worker] DEBUG c.g.d.z.s.o.a.hc.client5.http.wire - http-outgoing-1 << "Docker-Experimental: false[\r][\n]"
2024-07-24 14:29:53.248 [Test worker] DEBUG c.g.d.z.s.o.a.hc.client5.http.wire - http-outgoing-1 << "Ostype: linux[\r][\n]"
2024-07-24 14:29:53.248 [Test worker] DEBUG c.g.d.z.s.o.a.hc.client5.http.wire - http-outgoing-1 << "Server: Docker/26.0.0 (linux)[\r][\n]"
2024-07-24 14:29:53.248 [Test worker] DEBUG c.g.d.z.s.o.a.hc.client5.http.wire - http-outgoing-1 << "[\r][\n]"
2024-07-24 14:29:53.249 [Test worker] DEBUG c.g.d.z.s.o.a.h.client5.http.headers - http-outgoing-1 << HTTP/1.1 204 No Content
2024-07-24 14:29:53.249 [Test worker] DEBUG c.g.d.z.s.o.a.h.client5.http.headers - http-outgoing-1 << Api-Version: 1.45
2024-07-24 14:29:53.249 [Test worker] DEBUG c.g.d.z.s.o.a.h.client5.http.headers - http-outgoing-1 << Date: Wed, 24 Jul 2024 02:29:53 GMT
2024-07-24 14:29:53.249 [Test worker] DEBUG c.g.d.z.s.o.a.h.client5.http.headers - http-outgoing-1 << Docker-Experimental: false
2024-07-24 14:29:53.249 [Test worker] DEBUG c.g.d.z.s.o.a.h.client5.http.headers - http-outgoing-1 << Ostype: linux
2024-07-24 14:29:53.249 [Test worker] DEBUG c.g.d.z.s.o.a.h.client5.http.headers - http-outgoing-1 << Server: Docker/26.0.0 (linux)
2024-07-24 14:29:53.249 [Test worker] DEBUG c.g.d.z.s.o.a.h.c.h.i.c.MainClientExec - ex-0000000B: connection can be kept alive for 3 MINUTES
2024-07-24 14:29:53.249 [Test worker] DEBUG c.g.d.z.s.o.a.h.c.h.i.c.InternalHttpClient - ep-0000000A: releasing valid endpoint
2024-07-24 14:29:53.250 [Test worker] DEBUG c.g.d.z.s.o.a.h.c.h.i.i.PoolingHttpClientConnectionManager - ep-0000000A: releasing endpoint
2024-07-24 14:29:53.250 [Test worker] DEBUG c.g.d.z.s.o.a.h.c.h.i.i.PoolingHttpClientConnectionManager - ep-0000000A: connection http-outgoing-1 can be kept alive for 3 MINUTES
2024-07-24 14:29:53.250 [Test worker] DEBUG c.g.d.z.s.o.a.h.c.h.i.i.PoolingHttpClientConnectionManager - ep-0000000A: connection released [route: {}->npipe://localhost:2375][total available: 1; route allocated: 1 of 2147483647; total allocated: 1 of 2147483647]
2024-07-24 14:29:53.251 [Test worker] DEBUG o.t.s.c.g.d.c.command.AbstrDockerCmd - Cmd: 0c19fc8d9724283b6110cafb8930e7ca98548127b1f0963f5cc98823c64c3c16,false
2024-07-24 14:29:53.251 [Test worker] DEBUG o.t.s.c.g.d.c.e.InspectContainerCmdExec - GET: DefaultWebTarget{path=[/containers/0c19fc8d9724283b6110cafb8930e7ca98548127b1f0963f5cc98823c64c3c16/json], queryParams={}}
2024-07-24 14:29:53.252 [Test worker] DEBUG c.g.d.z.s.o.a.h.c.h.i.c.InternalHttpClient - ex-0000000C: preparing request execution
2024-07-24 14:29:53.252 [Test worker] DEBUG c.g.d.z.s.o.a.h.c.h.p.RequestAddCookies - Cookie spec selected: strict
2024-07-24 14:29:53.252 [Test worker] DEBUG c.g.d.z.s.o.a.h.c.h.p.RequestAuthCache - Auth cache not set in the context
2024-07-24 14:29:53.252 [Test worker] DEBUG c.g.d.z.s.o.a.h.c.h.i.c.ProtocolExec - ex-0000000C: target auth state: UNCHALLENGED
2024-07-24 14:29:53.252 [Test worker] DEBUG c.g.d.z.s.o.a.h.c.h.i.c.ProtocolExec - ex-0000000C: proxy auth state: UNCHALLENGED
2024-07-24 14:29:53.252 [Test worker] DEBUG c.g.d.z.s.o.a.h.c.h.i.c.ConnectExec - ex-0000000C: acquiring connection with route {}->npipe://localhost:2375
2024-07-24 14:29:53.252 [Test worker] DEBUG c.g.d.z.s.o.a.h.c.h.i.c.InternalHttpClient - ex-0000000C: acquiring endpoint (3 MINUTES)
2024-07-24 14:29:53.253 [Test worker] DEBUG c.g.d.z.s.o.a.h.c.h.i.i.PoolingHttpClientConnectionManager - ex-0000000C: endpoint lease request (3 MINUTES) [route: {}->npipe://localhost:2375][total available: 1; route allocated: 1 of 2147483647; total allocated: 1 of 2147483647]
2024-07-24 14:29:53.253 [Test worker] DEBUG c.g.d.z.s.o.a.h.c.h.i.i.PoolingHttpClientConnectionManager - ex-0000000C: endpoint leased [route: {}->npipe://localhost:2375][total available: 0; route allocated: 1 of 2147483647; total allocated: 1 of 2147483647]
2024-07-24 14:29:53.253 [Test worker] DEBUG c.g.d.z.s.o.a.h.c.h.i.i.PoolingHttpClientConnectionManager - ex-0000000C: acquired ep-0000000B
2024-07-24 14:29:53.253 [Test worker] DEBUG c.g.d.z.s.o.a.h.c.h.i.c.InternalHttpClient - ex-0000000C: acquired endpoint ep-0000000B
2024-07-24 14:29:53.253 [Test worker] DEBUG c.g.d.z.s.o.a.h.c.h.i.c.MainClientExec - ex-0000000C: executing GET /v1.32/containers/0c19fc8d9724283b6110cafb8930e7ca98548127b1f0963f5cc98823c64c3c16/json HTTP/1.1
2024-07-24 14:29:53.253 [Test worker] DEBUG c.g.d.z.s.o.a.h.c.h.i.c.InternalHttpClient - ep-0000000B: start execution ex-0000000C
2024-07-24 14:29:53.253 [Test worker] DEBUG c.g.d.z.s.o.a.h.c.h.i.i.PoolingHttpClientConnectionManager - ep-0000000B: executing exchange ex-0000000C over http-outgoing-1
2024-07-24 14:29:53.253 [Test worker] DEBUG c.g.d.z.s.o.a.h.client5.http.headers - http-outgoing-1 >> GET /v1.32/containers/0c19fc8d9724283b6110cafb8930e7ca98548127b1f0963f5cc98823c64c3c16/json HTTP/1.1
2024-07-24 14:29:53.253 [Test worker] DEBUG c.g.d.z.s.o.a.h.client5.http.headers - http-outgoing-1 >> accept: application/json
2024-07-24 14:29:53.253 [Test worker] DEBUG c.g.d.z.s.o.a.h.client5.http.headers - http-outgoing-1 >> x-tc-sid: 280e6229-7396-4d60-b1e3-a5de48b5d49b
2024-07-24 14:29:53.253 [Test worker] DEBUG c.g.d.z.s.o.a.h.client5.http.headers - http-outgoing-1 >> User-Agent: tc-java/1.19.8
2024-07-24 14:29:53.253 [Test worker] DEBUG c.g.d.z.s.o.a.h.client5.http.headers - http-outgoing-1 >> Accept-Encoding: gzip, x-gzip, deflate
2024-07-24 14:29:53.253 [Test worker] DEBUG c.g.d.z.s.o.a.h.client5.http.headers - http-outgoing-1 >> Host: localhost:2375
2024-07-24 14:29:53.253 [Test worker] DEBUG c.g.d.z.s.o.a.h.client5.http.headers - http-outgoing-1 >> Connection: keep-alive
2024-07-24 14:29:53.253 [Test worker] DEBUG c.g.d.z.s.o.a.hc.client5.http.wire - http-outgoing-1 >> "GET /v1.32/containers/0c19fc8d9724283b6110cafb8930e7ca98548127b1f0963f5cc98823c64c3c16/json HTTP/1.1[\r][\n]"
2024-07-24 14:29:53.253 [Test worker] DEBUG c.g.d.z.s.o.a.hc.client5.http.wire - http-outgoing-1 >> "accept: application/json[\r][\n]"
2024-07-24 14:29:53.253 [Test worker] DEBUG c.g.d.z.s.o.a.hc.client5.http.wire - http-outgoing-1 >> "x-tc-sid: 280e6229-7396-4d60-b1e3-a5de48b5d49b[\r][\n]"
2024-07-24 14:29:53.253 [Test worker] DEBUG c.g.d.z.s.o.a.hc.client5.http.wire - http-outgoing-1 >> "User-Agent: tc-java/1.19.8[\r][\n]"
2024-07-24 14:29:53.253 [Test worker] DEBUG c.g.d.z.s.o.a.hc.client5.http.wire - http-outgoing-1 >> "Accept-Encoding: gzip, x-gzip, deflate[\r][\n]"
2024-07-24 14:29:53.253 [Test worker] DEBUG c.g.d.z.s.o.a.hc.client5.http.wire - http-outgoing-1 >> "Host: localhost:2375[\r][\n]"
2024-07-24 14:29:53.253 [Test worker] DEBUG c.g.d.z.s.o.a.hc.client5.http.wire - http-outgoing-1 >> "Connection: keep-alive[\r][\n]"
2024-07-24 14:29:53.253 [Test worker] DEBUG c.g.d.z.s.o.a.hc.client5.http.wire - http-outgoing-1 >> "[\r][\n]"
2024-07-24 14:29:53.257 [Test worker] DEBUG c.g.d.z.s.o.a.hc.client5.http.wire - http-outgoing-1 << "HTTP/1.1 200 OK[\r][\n]"
2024-07-24 14:29:53.258 [Test worker] DEBUG c.g.d.z.s.o.a.hc.client5.http.wire - http-outgoing-1 << "Api-Version: 1.45[\r][\n]"
2024-07-24 14:29:53.258 [Test worker] DEBUG c.g.d.z.s.o.a.hc.client5.http.wire - http-outgoing-1 << "Content-Type: application/json[\r][\n]"
2024-07-24 14:29:53.258 [Test worker] DEBUG c.g.d.z.s.o.a.hc.client5.http.wire - http-outgoing-1 << "Date: Wed, 24 Jul 2024 02:29:53 GMT[\r][\n]"
2024-07-24 14:29:53.258 [Test worker] DEBUG c.g.d.z.s.o.a.hc.client5.http.wire - http-outgoing-1 << "Docker-Experimental: false[\r][\n]"
2024-07-24 14:29:53.258 [Test worker] DEBUG c.g.d.z.s.o.a.hc.client5.http.wire - http-outgoing-1 << "Ostype: linux[\r][\n]"
2024-07-24 14:29:53.258 [Test worker] DEBUG c.g.d.z.s.o.a.hc.client5.http.wire - http-outgoing-1 << "Server: Docker/26.0.0 (linux)[\r][\n]"
2024-07-24 14:29:53.258 [Test worker] DEBUG c.g.d.z.s.o.a.hc.client5.http.wire - http-outgoing-1 << "Transfer-Encoding: chunked[\r][\n]"
2024-07-24 14:29:53.258 [Test worker] DEBUG c.g.d.z.s.o.a.hc.client5.http.wire - http-outgoing-1 << "[\r][\n]"
2024-07-24 14:29:53.258 [Test worker] DEBUG c.g.d.z.s.o.a.h.client5.http.headers - http-outgoing-1 << HTTP/1.1 200 OK
2024-07-24 14:29:53.258 [Test worker] DEBUG c.g.d.z.s.o.a.h.client5.http.headers - http-outgoing-1 << Api-Version: 1.45
2024-07-24 14:29:53.258 [Test worker] DEBUG c.g.d.z.s.o.a.h.client5.http.headers - http-outgoing-1 << Content-Type: application/json
2024-07-24 14:29:53.258 [Test worker] DEBUG c.g.d.z.s.o.a.h.client5.http.headers - http-outgoing-1 << Date: Wed, 24 Jul 2024 02:29:53 GMT
2024-07-24 14:29:53.258 [Test worker] DEBUG c.g.d.z.s.o.a.h.client5.http.headers - http-outgoing-1 << Docker-Experimental: false
2024-07-24 14:29:53.258 [Test worker] DEBUG c.g.d.z.s.o.a.h.client5.http.headers - http-outgoing-1 << Ostype: linux
2024-07-24 14:29:53.258 [Test worker] DEBUG c.g.d.z.s.o.a.h.client5.http.headers - http-outgoing-1 << Server: Docker/26.0.0 (linux)
2024-07-24 14:29:53.258 [Test worker] DEBUG c.g.d.z.s.o.a.h.client5.http.headers - http-outgoing-1 << Transfer-Encoding: chunked
2024-07-24 14:29:53.259 [Test worker] DEBUG c.g.d.z.s.o.a.h.c.h.i.c.MainClientExec - ex-0000000C: connection can be kept alive for 3 MINUTES
2024-07-24 14:29:53.260 [Test worker] DEBUG c.g.d.z.s.o.a.hc.client5.http.wire - http-outgoing-1 << "1a38[\r][\n]"
2024-07-24 14:29:53.260 [Test worker] DEBUG c.g.d.z.s.o.a.hc.client5.http.wire - http-outgoing-1 << "{"Id":"0c19fc8d9724283b6110cafb8930e7ca98548127b1f0963f5cc98823c64c3c16","Created":"2024-07-24T02:29:52.785070189Z","Path":"docker-entrypoint.sh","Args":["postgres","-c","fsync=off"],"State":{"Status":"running","Running":true,"Paused":false,"Restarting":false,"OOMKilled":false,"Dead":false,"Pid":27818,"ExitCode":0,"Error":"","StartedAt":"2024-07-24T02:29:53.232841756Z","FinishedAt":"0001-01-01T00:00:00Z"},"Image":"sha256:8e4fc9e184899a58735e7ee333f5e272d7d2298cf59302006b71f33e217be130","ResolvConfPath":"/var/lib/docker/containers/0c19fc8d9724283b6110cafb8930e7ca98548127b1f0963f5cc98823c64c3c16/resolv.conf","HostnamePath":"/var/lib/docker/containers/0c19fc8d9724283b6110cafb8930e7ca98548127b1f0963f5cc98823c64c3c16/hostname","HostsPath":"/var/lib/docker/containers/0c19fc8d9724283b6110cafb8930e7ca98548127b1f0963f5cc98823c64c3c16/hosts","LogPath":"/var/lib/docker/containers/0c19fc8d9724283b6110cafb8930e7ca98548127b1f0963f5cc98823c64c3c16/0c19fc8d9724283b6110cafb8930e7ca98548127b1f0963f5cc98823c64c3c16-json.log","Name":"/gallant_mcnulty","RestartCount":0,"Driver":"overlay2","Platform":"linux","MountLabel":"","ProcessLabel":"","AppArmorProfile":"","ExecIDs":null,"HostConfig":{"Binds":[],"ContainerIDFile":"","LogConfig":{"Type":"json-file","Config":{}},"NetworkMode":"default","PortBindings":{"5432/tcp":[{"HostIp":"0.0.0.0","HostPort":"0"}]},"RestartPolicy":{"Name":"no","MaximumRetryCount":0},"AutoRemove":false,"VolumeDriver":"","VolumesFrom":[],"ConsoleSize":[0,0],"CapAdd":null,"CapDrop":null,"CgroupnsMode":"host","Dns":null,"DnsOptions":null,"DnsSearch":null,"ExtraHosts":[],"GroupAdd":null,"IpcMode":"shareable","Cgroup":"","Links":null,"OomScoreAdj":0,"PidMode":"","Privileged":false,"PublishAllPorts":false,"ReadonlyRootfs":false,"SecurityOpt":null,"UTSMode":"","UsernsMode":"","ShmSize":67108864,"Runtime":"runc","Isolation":"","CpuShares":0,"Memory":0,"NanoCpus":0,"CgroupParent":"","BlkioWeight":0,"BlkioWeightDevice":null,"BlkioDeviceReadBps":null,"BlkioDeviceWriteBps":null,"BlkioDeviceReadIOps":null,"BlkioDeviceWriteIOps":null,"CpuPeriod":0,"CpuQuota":0,"CpuRealtimePeriod":0,"CpuRealtimeRuntime":0,"CpusetCpus":"","CpusetMems":"","Devices":null,"DeviceCgroupRules":null,"DeviceRequests":null,"MemoryReservation":0,"MemorySwap":0,"MemorySwappiness":null,"OomKillDisable":false,"PidsLimit":null,"Ulimits":null,"CpuCount":0,"CpuPercent":0,"IOMaximumIOps":0,"IOMaximumBandwidth":0,"MaskedPaths":["/proc/asound","/proc/acpi","/proc/kcore","/proc/keys","/proc/latency_stats","/proc/timer_list","/proc/timer_stats","/proc/sched_debug","/proc/scsi","/sys/firmware","/sys/devices/virtual/powercap"],"ReadonlyPaths":["/proc/bus","/proc/fs","/proc/irq","/proc/sys","/proc/sysrq-trigger"]},"GraphDriver":{"Data":{"LowerDir":"/var/lib/docker/overlay2/22ba1d87f4f1eed8b06fccd11cef51610f6357cb5e1905e8eeda9e72fbdda08e-init/diff:/var/lib/docker/overlay2/8f0ddbd386af0785c2e348570516955816ab350305d698d363962d488eeb15ec/diff:/var/lib/docker/overlay2/0eb0ca73e9b0be7c3d7fa8762ef4778a68f38391bc84c037c2e90b88e781b475/diff:/var/lib/docker/overlay2/74e634bddc785c5d436b10a5158cd82e21dc2065fd1cf8ff9c1c12e01575a2d8/diff:/var/lib/docker/overlay2/bb918b2851cd2f508f1e3fdbfff8b7f8b041d61e65fe8c368288bf399e80b818/diff:/var/lib/docker/overlay2/2abab2946cbdc2941ee8ec4024c51dac7313dee9de5fbedd1ca33388c59eb3c8/diff:/var/lib/docker/overlay2/e12f6083ee669bd92743ceb339a896bb25dbe461b718705bb39eb410b80c0ecd/diff:/var/lib/docker/overlay2/ced1e86d670d097da5ed4da7288c22507735918959161c2cd8bf083fb30d169a/diff:/var/lib/docker/overlay2/94e9ac7b74923285ae73af20aeccb964ca9079e2305db367cb85d1603560472d/diff:/var/lib/docker/overlay2/a396b6dfd63f0c228c519871183c614cccf4d366a43460f27ecf97113c3c4be8/diff:/var/lib/docker/overlay2/f58ada5d5080c2bac553c734f81127660a90581a35ed2a92cebe3c59e340875b/diff:/var/lib/docker/overlay2/84f85636f37bf55d945e217b4f87a856eba7932284beaf042561007b66f48977/diff:/var/lib/docker/overlay2/1e6e519613884e91a2b74a588ba35dc8a2f789371ab798ef6e7d9836d756042f/diff:/var/lib/docker/overlay2/14a3151cc8b4f9d27d2e64f1a8abc0c7809309580f2d7e8dc8545055c1d56194/diff:/var/lib/docker/overlay2/5b354b9e793401517fe2f1da697653fdaadffc54888eaf76d67e0600b8c68bdc/diff","MergedDir":"/var/lib/docker/overlay2/22ba1d87f4f1eed8b06fccd11cef51610f6357cb5e1905e8eeda9e72fbdda08e/merged","UpperDir":"/var/lib/docker/overlay2/22ba1d87f4f1eed8b06fccd11cef51610f6357cb5e1905e8eeda9e72fbdda08e/diff","WorkDir":"/var/lib/docker/overlay2/22ba1d87f4f1eed8b06fccd11cef51610f6357cb5e1905e8eeda9e72fbdda08e/work"},"Name":"overlay2"},"Mounts":[{"Type":"volume","Name":"5445c20d229ccd9c9061986ca2b2a0c300672312ccbfc2f1db8cba06015583e0","Source":"/var/lib/docker/volumes/5445c20d229ccd9c9061986ca2b2a0c300672312ccbfc2f1db8cba06015583e0/_data","Destination":"/var/lib/postgresql/data","Driver":"local","Mode":"","RW":true,"Propagation":""}],"Config":{"Hostname":"0c19fc8d9724","Domainname":"","User":"","AttachStdin":false,"AttachStdout":false,"AttachStderr":false,"ExposedPorts":{"5432/tcp":{}},"Tty":false,"OpenStdin":false,"StdinOnce":false,"Env":["POSTGRES_USER=user","POSTGRES_PASSWORD=password","POSTGRES_DB=db","PATH=/usr/local/sbin:/usr/local/bin:/usr/sbin:/usr/bin:/sbin:/bin:/usr/lib/postgresql/16/bin","GOSU_VERSION=1.17","LANG=en_US.utf8","PG_MAJOR=16","PG_VERSION=16.2-1.pgdg120+2","PGDATA=/var/lib/postgresql/data"],"Cmd":["postgres","-c","fsync=off"],"Image":"postgres:latest","Volumes":{"/var/lib/postgresql/data":{}},"WorkingDir":"","Entrypoint":["docker-entrypoint.sh"],"OnBuild":null,"Labels":{"org.testcontainers":"true","org.testcontainers.lang":"java","org.testcontainers.sessionId":"280e6229-7396-4d60-b1e3-a5de48b5d49b","org.testcontainers.version":"1.19.8"},"StopSignal":"SIGINT"},"NetworkSettings":{"Bridge":"","SandboxID":"54f15c68931022f3bbd54f43918b93c071720984c1893b398c2eadab7fa6692c","SandboxKey":"/var/run/docker/netns/54f15c689310","Ports":{"5432/tcp":[{"HostIp":"0.0.0.0","HostPort":"51489"}]},"HairpinMode":false,"LinkLocalIPv6Address":"","LinkLocalIPv6PrefixLen":0,"SecondaryIPAddresses":null,"SecondaryIPv6Addresses":null,"EndpointID":"4ea10c875847f131d79c6c6a0981ff7e792d973ee88bedbb67a8ad06e04cc7cc","Gateway":"172.17.0.1","GlobalIPv6Address":"","GlobalIPv6PrefixLen":0,"IPAddress":"172.17.0.3","IPPrefixLen":16,"IPv6Gateway":"","MacAddress":"02:42:ac:11:00:03","Networks":{"bridge":{"IPAMConfig":null,"Links":null,"Aliases":null,"MacAddress":"02:42:ac:11:00:03","NetworkID":"3c842496be344cbdae878c1dee0957e7bc7c0a2236009c92752030f2b053e72f","EndpointID":"4ea10c875847f131d79c6c6a0981ff7e792d973ee88bedbb67a8ad06e04cc7cc","Gateway":"172.17.0.1","IPAddress":"172.17.0.3","IPPrefixLen":16,"IPv6Gateway":"","GlobalIPv6Address":"","GlobalIPv6PrefixLen":0,"DriverOpts":null,"DNSNames":null}}}}[\n]"
2024-07-24 14:29:53.260 [Test worker] DEBUG c.g.d.z.s.o.a.hc.client5.http.wire - http-outgoing-1 << "[\r][\n]"
2024-07-24 14:29:53.260 [Test worker] DEBUG c.g.d.z.s.o.a.hc.client5.http.wire - http-outgoing-1 << "0[\r][\n]"
2024-07-24 14:29:53.260 [Test worker] DEBUG c.g.d.z.s.o.a.hc.client5.http.wire - http-outgoing-1 << "[\r][\n]"
2024-07-24 14:29:53.263 [Test worker] DEBUG c.g.d.z.s.o.a.h.c.h.i.c.InternalHttpClient - ep-0000000B: releasing valid endpoint
2024-07-24 14:29:53.263 [Test worker] DEBUG c.g.d.z.s.o.a.h.c.h.i.i.PoolingHttpClientConnectionManager - ep-0000000B: releasing endpoint
2024-07-24 14:29:53.263 [Test worker] DEBUG c.g.d.z.s.o.a.h.c.h.i.i.PoolingHttpClientConnectionManager - ep-0000000B: connection http-outgoing-1 can be kept alive for 3 MINUTES
2024-07-24 14:29:53.263 [Test worker] DEBUG c.g.d.z.s.o.a.h.c.h.i.i.PoolingHttpClientConnectionManager - ep-0000000B: connection released [route: {}->npipe://localhost:2375][total available: 1; route allocated: 1 of 2147483647; total allocated: 1 of 2147483647]
2024-07-24 14:29:53.264 [Test worker] DEBUG o.t.s.c.g.d.c.command.AbstrDockerCmd - Cmd: sha256:8e4fc9e184899a58735e7ee333f5e272d7d2298cf59302006b71f33e217be130
2024-07-24 14:29:53.264 [Test worker] TRACE o.t.s.c.g.d.c.e.InspectImageCmdExec - GET: DefaultWebTarget{path=[/images/sha256:8e4fc9e184899a58735e7ee333f5e272d7d2298cf59302006b71f33e217be130/json], queryParams={}}
2024-07-24 14:29:53.264 [Test worker] DEBUG c.g.d.z.s.o.a.h.c.h.i.c.InternalHttpClient - ex-0000000D: preparing request execution
2024-07-24 14:29:53.264 [Test worker] DEBUG c.g.d.z.s.o.a.h.c.h.p.RequestAddCookies - Cookie spec selected: strict
2024-07-24 14:29:53.264 [Test worker] DEBUG c.g.d.z.s.o.a.h.c.h.p.RequestAuthCache - Auth cache not set in the context
2024-07-24 14:29:53.265 [Test worker] DEBUG c.g.d.z.s.o.a.h.c.h.i.c.ProtocolExec - ex-0000000D: target auth state: UNCHALLENGED
2024-07-24 14:29:53.265 [Test worker] DEBUG c.g.d.z.s.o.a.h.c.h.i.c.ProtocolExec - ex-0000000D: proxy auth state: UNCHALLENGED
2024-07-24 14:29:53.265 [Test worker] DEBUG c.g.d.z.s.o.a.h.c.h.i.c.ConnectExec - ex-0000000D: acquiring connection with route {}->npipe://localhost:2375
2024-07-24 14:29:53.265 [Test worker] DEBUG c.g.d.z.s.o.a.h.c.h.i.c.InternalHttpClient - ex-0000000D: acquiring endpoint (3 MINUTES)
2024-07-24 14:29:53.265 [Test worker] DEBUG c.g.d.z.s.o.a.h.c.h.i.i.PoolingHttpClientConnectionManager - ex-0000000D: endpoint lease request (3 MINUTES) [route: {}->npipe://localhost:2375][total available: 1; route allocated: 1 of 2147483647; total allocated: 1 of 2147483647]
2024-07-24 14:29:53.265 [Test worker] DEBUG c.g.d.z.s.o.a.h.c.h.i.i.PoolingHttpClientConnectionManager - ex-0000000D: endpoint leased [route: {}->npipe://localhost:2375][total available: 0; route allocated: 1 of 2147483647; total allocated: 1 of 2147483647]
2024-07-24 14:29:53.265 [Test worker] DEBUG c.g.d.z.s.o.a.h.c.h.i.i.PoolingHttpClientConnectionManager - ex-0000000D: acquired ep-0000000C
2024-07-24 14:29:53.265 [Test worker] DEBUG c.g.d.z.s.o.a.h.c.h.i.c.InternalHttpClient - ex-0000000D: acquired endpoint ep-0000000C
2024-07-24 14:29:53.265 [Test worker] DEBUG c.g.d.z.s.o.a.h.c.h.i.c.MainClientExec - ex-0000000D: executing GET /v1.32/images/sha256:8e4fc9e184899a58735e7ee333f5e272d7d2298cf59302006b71f33e217be130/json HTTP/1.1
2024-07-24 14:29:53.265 [Test worker] DEBUG c.g.d.z.s.o.a.h.c.h.i.c.InternalHttpClient - ep-0000000C: start execution ex-0000000D
2024-07-24 14:29:53.265 [Test worker] DEBUG c.g.d.z.s.o.a.h.c.h.i.i.PoolingHttpClientConnectionManager - ep-0000000C: executing exchange ex-0000000D over http-outgoing-1
2024-07-24 14:29:53.265 [Test worker] DEBUG c.g.d.z.s.o.a.h.client5.http.headers - http-outgoing-1 >> GET /v1.32/images/sha256:8e4fc9e184899a58735e7ee333f5e272d7d2298cf59302006b71f33e217be130/json HTTP/1.1
2024-07-24 14:29:53.265 [Test worker] DEBUG c.g.d.z.s.o.a.h.client5.http.headers - http-outgoing-1 >> accept: application/json
2024-07-24 14:29:53.265 [Test worker] DEBUG c.g.d.z.s.o.a.h.client5.http.headers - http-outgoing-1 >> x-tc-sid: 280e6229-7396-4d60-b1e3-a5de48b5d49b
2024-07-24 14:29:53.265 [Test worker] DEBUG c.g.d.z.s.o.a.h.client5.http.headers - http-outgoing-1 >> User-Agent: tc-java/1.19.8
2024-07-24 14:29:53.265 [Test worker] DEBUG c.g.d.z.s.o.a.h.client5.http.headers - http-outgoing-1 >> Accept-Encoding: gzip, x-gzip, deflate
2024-07-24 14:29:53.265 [Test worker] DEBUG c.g.d.z.s.o.a.h.client5.http.headers - http-outgoing-1 >> Host: localhost:2375
2024-07-24 14:29:53.265 [Test worker] DEBUG c.g.d.z.s.o.a.h.client5.http.headers - http-outgoing-1 >> Connection: keep-alive
2024-07-24 14:29:53.265 [Test worker] DEBUG c.g.d.z.s.o.a.hc.client5.http.wire - http-outgoing-1 >> "GET /v1.32/images/sha256:8e4fc9e184899a58735e7ee333f5e272d7d2298cf59302006b71f33e217be130/json HTTP/1.1[\r][\n]"
2024-07-24 14:29:53.265 [Test worker] DEBUG c.g.d.z.s.o.a.hc.client5.http.wire - http-outgoing-1 >> "accept: application/json[\r][\n]"
2024-07-24 14:29:53.265 [Test worker] DEBUG c.g.d.z.s.o.a.hc.client5.http.wire - http-outgoing-1 >> "x-tc-sid: 280e6229-7396-4d60-b1e3-a5de48b5d49b[\r][\n]"
2024-07-24 14:29:53.265 [Test worker] DEBUG c.g.d.z.s.o.a.hc.client5.http.wire - http-outgoing-1 >> "User-Agent: tc-java/1.19.8[\r][\n]"
2024-07-24 14:29:53.265 [Test worker] DEBUG c.g.d.z.s.o.a.hc.client5.http.wire - http-outgoing-1 >> "Accept-Encoding: gzip, x-gzip, deflate[\r][\n]"
2024-07-24 14:29:53.265 [Test worker] DEBUG c.g.d.z.s.o.a.hc.client5.http.wire - http-outgoing-1 >> "Host: localhost:2375[\r][\n]"
2024-07-24 14:29:53.265 [Test worker] DEBUG c.g.d.z.s.o.a.hc.client5.http.wire - http-outgoing-1 >> "Connection: keep-alive[\r][\n]"
2024-07-24 14:29:53.265 [Test worker] DEBUG c.g.d.z.s.o.a.hc.client5.http.wire - http-outgoing-1 >> "[\r][\n]"
2024-07-24 14:29:53.270 [Test worker] DEBUG c.g.d.z.s.o.a.hc.client5.http.wire - http-outgoing-1 << "HTTP/1.1 200 OK[\r][\n]"
2024-07-24 14:29:53.270 [Test worker] DEBUG c.g.d.z.s.o.a.hc.client5.http.wire - http-outgoing-1 << "Api-Version: 1.45[\r][\n]"
2024-07-24 14:29:53.270 [Test worker] DEBUG c.g.d.z.s.o.a.hc.client5.http.wire - http-outgoing-1 << "Content-Type: application/json[\r][\n]"
2024-07-24 14:29:53.270 [Test worker] DEBUG c.g.d.z.s.o.a.hc.client5.http.wire - http-outgoing-1 << "Date: Wed, 24 Jul 2024 02:29:53 GMT[\r][\n]"
2024-07-24 14:29:53.270 [Test worker] DEBUG c.g.d.z.s.o.a.hc.client5.http.wire - http-outgoing-1 << "Docker-Experimental: false[\r][\n]"
2024-07-24 14:29:53.270 [Test worker] DEBUG c.g.d.z.s.o.a.hc.client5.http.wire - http-outgoing-1 << "Ostype: linux[\r][\n]"
2024-07-24 14:29:53.270 [Test worker] DEBUG c.g.d.z.s.o.a.hc.client5.http.wire - http-outgoing-1 << "Server: Docker/26.0.0 (linux)[\r][\n]"
2024-07-24 14:29:53.270 [Test worker] DEBUG c.g.d.z.s.o.a.hc.client5.http.wire - http-outgoing-1 << "Transfer-Encoding: chunked[\r][\n]"
2024-07-24 14:29:53.270 [Test worker] DEBUG c.g.d.z.s.o.a.hc.client5.http.wire - http-outgoing-1 << "[\r][\n]"
2024-07-24 14:29:53.270 [Test worker] DEBUG c.g.d.z.s.o.a.h.client5.http.headers - http-outgoing-1 << HTTP/1.1 200 OK
2024-07-24 14:29:53.270 [Test worker] DEBUG c.g.d.z.s.o.a.h.client5.http.headers - http-outgoing-1 << Api-Version: 1.45
2024-07-24 14:29:53.270 [Test worker] DEBUG c.g.d.z.s.o.a.h.client5.http.headers - http-outgoing-1 << Content-Type: application/json
2024-07-24 14:29:53.270 [Test worker] DEBUG c.g.d.z.s.o.a.h.client5.http.headers - http-outgoing-1 << Date: Wed, 24 Jul 2024 02:29:53 GMT
2024-07-24 14:29:53.270 [Test worker] DEBUG c.g.d.z.s.o.a.h.client5.http.headers - http-outgoing-1 << Docker-Experimental: false
2024-07-24 14:29:53.270 [Test worker] DEBUG c.g.d.z.s.o.a.h.client5.http.headers - http-outgoing-1 << Ostype: linux
2024-07-24 14:29:53.270 [Test worker] DEBUG c.g.d.z.s.o.a.h.client5.http.headers - http-outgoing-1 << Server: Docker/26.0.0 (linux)
2024-07-24 14:29:53.270 [Test worker] DEBUG c.g.d.z.s.o.a.h.client5.http.headers - http-outgoing-1 << Transfer-Encoding: chunked
2024-07-24 14:29:53.271 [Test worker] DEBUG c.g.d.z.s.o.a.h.c.h.i.c.MainClientExec - ex-0000000D: connection can be kept alive for 3 MINUTES
2024-07-24 14:29:53.271 [Test worker] DEBUG c.g.d.z.s.o.a.hc.client5.http.wire - http-outgoing-1 << "fcb[\r][\n]"
2024-07-24 14:29:53.271 [Test worker] DEBUG c.g.d.z.s.o.a.hc.client5.http.wire - http-outgoing-1 << "{"Id":"sha256:8e4fc9e184899a58735e7ee333f5e272d7d2298cf59302006b71f33e217be130","RepoTags":["postgres:latest"],"RepoDigests":["postgres@sha256:4aea012537edfad80f98d870a36e6b90b4c09b27be7f4b4759d72db863baeebb"],"Parent":"","Comment":"buildkit.dockerfile.v0","Created":"2024-02-21T00:46:13Z","ContainerConfig":{"Hostname":"","Domainname":"","User":"","AttachStdin":false,"AttachStdout":false,"AttachStderr":false,"Tty":false,"OpenStdin":false,"StdinOnce":false,"Env":null,"Cmd":null,"Image":"","Volumes":null,"WorkingDir":"","Entrypoint":null,"OnBuild":null,"Labels":null},"DockerVersion":"","Author":"","Config":{"Hostname":"","Domainname":"","User":"","AttachStdin":false,"AttachStdout":false,"AttachStderr":false,"ExposedPorts":{"5432/tcp":{}},"Tty":false,"OpenStdin":false,"StdinOnce":false,"Env":["PATH=/usr/local/sbin:/usr/local/bin:/usr/sbin:/usr/bin:/sbin:/bin:/usr/lib/postgresql/16/bin","GOSU_VERSION=1.17","LANG=en_US.utf8","PG_MAJOR=16","PG_VERSION=16.2-1.pgdg120+2","PGDATA=/var/lib/postgresql/data"],"Cmd":["postgres"],"ArgsEscaped":true,"Image":"","Volumes":{"/var/lib/postgresql/data":{}},"WorkingDir":"","Entrypoint":["docker-entrypoint.sh"],"OnBuild":null,"Labels":null,"StopSignal":"SIGINT"},"Architecture":"amd64","Os":"linux","Size":431496964,"VirtualSize":431496964,"GraphDriver":{"Data":{"LowerDir":"/var/lib/docker/overlay2/0eb0ca73e9b0be7c3d7fa8762ef4778a68f38391bc84c037c2e90b88e781b475/diff:/var/lib/docker/overlay2/74e634bddc785c5d436b10a5158cd82e21dc2065fd1cf8ff9c1c12e01575a2d8/diff:/var/lib/docker/overlay2/bb918b2851cd2f508f1e3fdbfff8b7f8b041d61e65fe8c368288bf399e80b818/diff:/var/lib/docker/overlay2/2abab2946cbdc2941ee8ec4024c51dac7313dee9de5fbedd1ca33388c59eb3c8/diff:/var/lib/docker/overlay2/e12f6083ee669bd92743ceb339a896bb25dbe461b718705bb39eb410b80c0ecd/diff:/var/lib/docker/overlay2/ced1e86d670d097da5ed4da7288c22507735918959161c2cd8bf083fb30d169a/diff:/var/lib/docker/overlay2/94e9ac7b74923285ae73af20aeccb964ca9079e2305db367cb85d1603560472d/diff:/var/lib/docker/overlay2/a396b6dfd63f0c228c519871183c614cccf4d366a43460f27ecf97113c3c4be8/diff:/var/lib/docker/overlay2/f58ada5d5080c2bac553c734f81127660a90581a35ed2a92cebe3c59e340875b/diff:/var/lib/docker/overlay2/84f85636f37bf55d945e217b4f87a856eba7932284beaf042561007b66f48977/diff:/var/lib/docker/overlay2/1e6e519613884e91a2b74a588ba35dc8a2f789371ab798ef6e7d9836d756042f/diff:/var/lib/docker/overlay2/14a3151cc8b4f9d27d2e64f1a8abc0c7809309580f2d7e8dc8545055c1d56194/diff:/var/lib/docker/overlay2/5b354b9e793401517fe2f1da697653fdaadffc54888eaf76d67e0600b8c68bdc/diff","MergedDir":"/var/lib/docker/overlay2/8f0ddbd386af0785c2e348570516955816ab350305d698d363962d488eeb15ec/merged","UpperDir":"/var/lib/docker/overlay2/8f0ddbd386af0785c2e348570516955816ab350305d698d363962d488eeb15ec/diff","WorkDir":"/var/lib/docker/overlay2/8f0ddbd386af0785c2e348570516955816ab350305d698d363962d488eeb15ec/work"},"Name":"overlay2"},"RootFS":{"Type":"layers","Layers":["sha256:52ec5a4316fadc09a4a51f82b8d7b66ead0d71bea4f75e81e25b4094c4219061","sha256:5a99d63e3aef066b4fa085cf24d0281681d5530c22f0c93391b854ba5741b62e","sha256:12694c6edf8321950446751b5acc175137946701b72febd6a32ab6e6cb89403b","sha256:beceb355ef35df0b8123db4eddd8f734e7414a3828e463354a913dda6738571d","sha256:0f86e6985ca32f3adeb9f65e3f80b3f2aa37a697d345c84011b2421e5608bc06","sha256:22c31f24613cd6a7b43f3074166d79619574e76f430035be15d909ae45fb97da","sha256:7c32a1ce1cc084a148145553666d5b64e3b6551491d1c3c6cc545b5b69daf5da","sha256:192de40051e6f5b468a60be4e6d162a1bbf3dc4af2dfb0a7aa8db25f86b6e68e","sha256:257f3fc789f6526019470322285b4bfe55e3e09f41150576c0997f370407af14","sha256:2993953b2c109056b0d580a549dae9f902a84a29f3907d96d7329746a8df7fc2","sha256:0bc02fbb093e939812a0ca64bd21a807d815b89c5e034e73026d14535053f4e2","sha256:3866ad927dc8101b32941f0fe6e36e656eba398b92164688ce1d1afdeca7eb09","sha256:2621fdc21b32f8210d30df7b9f44c068fa347ce07f7e1935a2383e5f7e7ddecb","sha256:c116a9ba3dbfe8c6135659ba009883a03bdc660abfedc64e2528baa6d736dbc9"]},"Metadata":{"LastTagTime":"0001-01-01T00:00:00Z"},"Container":""}[\n]"
2024-07-24 14:29:53.271 [Test worker] DEBUG c.g.d.z.s.o.a.hc.client5.http.wire - http-outgoing-1 << "[\r][\n]"
2024-07-24 14:29:53.271 [Test worker] DEBUG c.g.d.z.s.o.a.hc.client5.http.wire - http-outgoing-1 << "0[\r][\n]"
2024-07-24 14:29:53.271 [Test worker] DEBUG c.g.d.z.s.o.a.hc.client5.http.wire - http-outgoing-1 << "[\r][\n]"
2024-07-24 14:29:53.272 [Test worker] DEBUG c.g.d.z.s.o.a.h.c.h.i.c.InternalHttpClient - ep-0000000C: releasing valid endpoint
2024-07-24 14:29:53.272 [Test worker] DEBUG c.g.d.z.s.o.a.h.c.h.i.i.PoolingHttpClientConnectionManager - ep-0000000C: releasing endpoint
2024-07-24 14:29:53.272 [Test worker] DEBUG c.g.d.z.s.o.a.h.c.h.i.i.PoolingHttpClientConnectionManager - ep-0000000C: connection http-outgoing-1 can be kept alive for 3 MINUTES
2024-07-24 14:29:53.272 [Test worker] DEBUG c.g.d.z.s.o.a.h.c.h.i.i.PoolingHttpClientConnectionManager - ep-0000000C: connection released [route: {}->npipe://localhost:2375][total available: 1; route allocated: 1 of 2147483647; total allocated: 1 of 2147483647]
2024-07-24 14:29:53.273 [Test worker] DEBUG o.t.s.c.g.d.c.command.AbstrDockerCmd - Cmd: 
2024-07-24 14:29:53.273 [Test worker] TRACE o.t.s.c.g.d.core.exec.VersionCmdExec - GET: DefaultWebTarget{path=[/version], queryParams={}}
2024-07-24 14:29:53.273 [Test worker] DEBUG c.g.d.z.s.o.a.h.c.h.i.c.InternalHttpClient - ex-0000000E: preparing request execution
2024-07-24 14:29:53.273 [Test worker] DEBUG c.g.d.z.s.o.a.h.c.h.p.RequestAddCookies - Cookie spec selected: strict
2024-07-24 14:29:53.273 [Test worker] DEBUG c.g.d.z.s.o.a.h.c.h.p.RequestAuthCache - Auth cache not set in the context
2024-07-24 14:29:53.273 [Test worker] DEBUG c.g.d.z.s.o.a.h.c.h.i.c.ProtocolExec - ex-0000000E: target auth state: UNCHALLENGED
2024-07-24 14:29:53.273 [Test worker] DEBUG c.g.d.z.s.o.a.h.c.h.i.c.ProtocolExec - ex-0000000E: proxy auth state: UNCHALLENGED
2024-07-24 14:29:53.273 [Test worker] DEBUG c.g.d.z.s.o.a.h.c.h.i.c.ConnectExec - ex-0000000E: acquiring connection with route {}->npipe://localhost:2375
2024-07-24 14:29:53.273 [Test worker] DEBUG c.g.d.z.s.o.a.h.c.h.i.c.InternalHttpClient - ex-0000000E: acquiring endpoint (3 MINUTES)
2024-07-24 14:29:53.273 [Test worker] DEBUG c.g.d.z.s.o.a.h.c.h.i.i.PoolingHttpClientConnectionManager - ex-0000000E: endpoint lease request (3 MINUTES) [route: {}->npipe://localhost:2375][total available: 1; route allocated: 1 of 2147483647; total allocated: 1 of 2147483647]
2024-07-24 14:29:53.273 [Test worker] DEBUG c.g.d.z.s.o.a.h.c.h.i.i.PoolingHttpClientConnectionManager - ex-0000000E: endpoint leased [route: {}->npipe://localhost:2375][total available: 0; route allocated: 1 of 2147483647; total allocated: 1 of 2147483647]
2024-07-24 14:29:53.273 [Test worker] DEBUG c.g.d.z.s.o.a.h.c.h.i.i.PoolingHttpClientConnectionManager - ex-0000000E: acquired ep-0000000D
2024-07-24 14:29:53.273 [Test worker] DEBUG c.g.d.z.s.o.a.h.c.h.i.c.InternalHttpClient - ex-0000000E: acquired endpoint ep-0000000D
2024-07-24 14:29:53.273 [Test worker] DEBUG c.g.d.z.s.o.a.h.c.h.i.c.MainClientExec - ex-0000000E: executing GET /v1.32/version HTTP/1.1
2024-07-24 14:29:53.273 [Test worker] DEBUG c.g.d.z.s.o.a.h.c.h.i.c.InternalHttpClient - ep-0000000D: start execution ex-0000000E
2024-07-24 14:29:53.273 [Test worker] DEBUG c.g.d.z.s.o.a.h.c.h.i.i.PoolingHttpClientConnectionManager - ep-0000000D: executing exchange ex-0000000E over http-outgoing-1
2024-07-24 14:29:53.274 [Test worker] DEBUG c.g.d.z.s.o.a.h.client5.http.headers - http-outgoing-1 >> GET /v1.32/version HTTP/1.1
2024-07-24 14:29:53.274 [Test worker] DEBUG c.g.d.z.s.o.a.h.client5.http.headers - http-outgoing-1 >> accept: application/json
2024-07-24 14:29:53.274 [Test worker] DEBUG c.g.d.z.s.o.a.h.client5.http.headers - http-outgoing-1 >> x-tc-sid: 280e6229-7396-4d60-b1e3-a5de48b5d49b
2024-07-24 14:29:53.274 [Test worker] DEBUG c.g.d.z.s.o.a.h.client5.http.headers - http-outgoing-1 >> User-Agent: tc-java/1.19.8
2024-07-24 14:29:53.274 [Test worker] DEBUG c.g.d.z.s.o.a.h.client5.http.headers - http-outgoing-1 >> Accept-Encoding: gzip, x-gzip, deflate
2024-07-24 14:29:53.274 [Test worker] DEBUG c.g.d.z.s.o.a.h.client5.http.headers - http-outgoing-1 >> Host: localhost:2375
2024-07-24 14:29:53.274 [Test worker] DEBUG c.g.d.z.s.o.a.h.client5.http.headers - http-outgoing-1 >> Connection: keep-alive
2024-07-24 14:29:53.274 [Test worker] DEBUG c.g.d.z.s.o.a.hc.client5.http.wire - http-outgoing-1 >> "GET /v1.32/version HTTP/1.1[\r][\n]"
2024-07-24 14:29:53.274 [Test worker] DEBUG c.g.d.z.s.o.a.hc.client5.http.wire - http-outgoing-1 >> "accept: application/json[\r][\n]"
2024-07-24 14:29:53.274 [Test worker] DEBUG c.g.d.z.s.o.a.hc.client5.http.wire - http-outgoing-1 >> "x-tc-sid: 280e6229-7396-4d60-b1e3-a5de48b5d49b[\r][\n]"
2024-07-24 14:29:53.274 [Test worker] DEBUG c.g.d.z.s.o.a.hc.client5.http.wire - http-outgoing-1 >> "User-Agent: tc-java/1.19.8[\r][\n]"
2024-07-24 14:29:53.274 [Test worker] DEBUG c.g.d.z.s.o.a.hc.client5.http.wire - http-outgoing-1 >> "Accept-Encoding: gzip, x-gzip, deflate[\r][\n]"
2024-07-24 14:29:53.274 [Test worker] DEBUG c.g.d.z.s.o.a.hc.client5.http.wire - http-outgoing-1 >> "Host: localhost:2375[\r][\n]"
2024-07-24 14:29:53.274 [Test worker] DEBUG c.g.d.z.s.o.a.hc.client5.http.wire - http-outgoing-1 >> "Connection: keep-alive[\r][\n]"
2024-07-24 14:29:53.274 [Test worker] DEBUG c.g.d.z.s.o.a.hc.client5.http.wire - http-outgoing-1 >> "[\r][\n]"
2024-07-24 14:29:53.285 [Test worker] DEBUG c.g.d.z.s.o.a.hc.client5.http.wire - http-outgoing-1 << "HTTP/1.1 200 OK[\r][\n]"
2024-07-24 14:29:53.285 [Test worker] DEBUG c.g.d.z.s.o.a.hc.client5.http.wire - http-outgoing-1 << "Api-Version: 1.45[\r][\n]"
2024-07-24 14:29:53.285 [Test worker] DEBUG c.g.d.z.s.o.a.hc.client5.http.wire - http-outgoing-1 << "Content-Type: application/json[\r][\n]"
2024-07-24 14:29:53.285 [Test worker] DEBUG c.g.d.z.s.o.a.hc.client5.http.wire - http-outgoing-1 << "Date: Wed, 24 Jul 2024 02:29:53 GMT[\r][\n]"
2024-07-24 14:29:53.285 [Test worker] DEBUG c.g.d.z.s.o.a.hc.client5.http.wire - http-outgoing-1 << "Docker-Experimental: false[\r][\n]"
2024-07-24 14:29:53.285 [Test worker] DEBUG c.g.d.z.s.o.a.hc.client5.http.wire - http-outgoing-1 << "Ostype: linux[\r][\n]"
2024-07-24 14:29:53.285 [Test worker] DEBUG c.g.d.z.s.o.a.hc.client5.http.wire - http-outgoing-1 << "Server: Docker/26.0.0 (linux)[\r][\n]"
2024-07-24 14:29:53.285 [Test worker] DEBUG c.g.d.z.s.o.a.hc.client5.http.wire - http-outgoing-1 << "Transfer-Encoding: chunked[\r][\n]"
2024-07-24 14:29:53.285 [Test worker] DEBUG c.g.d.z.s.o.a.hc.client5.http.wire - http-outgoing-1 << "[\r][\n]"
2024-07-24 14:29:53.285 [Test worker] DEBUG c.g.d.z.s.o.a.h.client5.http.headers - http-outgoing-1 << HTTP/1.1 200 OK
2024-07-24 14:29:53.285 [Test worker] DEBUG c.g.d.z.s.o.a.h.client5.http.headers - http-outgoing-1 << Api-Version: 1.45
2024-07-24 14:29:53.285 [Test worker] DEBUG c.g.d.z.s.o.a.h.client5.http.headers - http-outgoing-1 << Content-Type: application/json
2024-07-24 14:29:53.285 [Test worker] DEBUG c.g.d.z.s.o.a.h.client5.http.headers - http-outgoing-1 << Date: Wed, 24 Jul 2024 02:29:53 GMT
2024-07-24 14:29:53.285 [Test worker] DEBUG c.g.d.z.s.o.a.h.client5.http.headers - http-outgoing-1 << Docker-Experimental: false
2024-07-24 14:29:53.285 [Test worker] DEBUG c.g.d.z.s.o.a.h.client5.http.headers - http-outgoing-1 << Ostype: linux
2024-07-24 14:29:53.285 [Test worker] DEBUG c.g.d.z.s.o.a.h.client5.http.headers - http-outgoing-1 << Server: Docker/26.0.0 (linux)
2024-07-24 14:29:53.285 [Test worker] DEBUG c.g.d.z.s.o.a.h.client5.http.headers - http-outgoing-1 << Transfer-Encoding: chunked
2024-07-24 14:29:53.286 [Test worker] DEBUG c.g.d.z.s.o.a.h.c.h.i.c.MainClientExec - ex-0000000E: connection can be kept alive for 3 MINUTES
2024-07-24 14:29:53.287 [Test worker] DEBUG c.g.d.z.s.o.a.hc.client5.http.wire - http-outgoing-1 << "35f[\r][\n]"
2024-07-24 14:29:53.287 [Test worker] DEBUG c.g.d.z.s.o.a.hc.client5.http.wire - http-outgoing-1 << "{"Platform":{"Name":"Docker Desktop 4.29.0 (145265)"},"Components":[{"Name":"Engine","Version":"26.0.0","Details":{"ApiVersion":"1.45","Arch":"amd64","BuildTime":"2024-03-20T15:18:01.000000000+00:00","Experimental":"false","GitCommit":"8b79278","GoVersion":"go1.21.8","KernelVersion":"5.15.153.1-microsoft-standard-WSL2","MinAPIVersion":"1.24","Os":"linux"}},{"Name":"containerd","Version":"1.6.28","Details":{"GitCommit":"ae07eda36dd25f8a1b98dfbf587313b99c0190bb"}},{"Name":"runc","Version":"1.1.12","Details":{"GitCommit":"v1.1.12-0-g51d5e94"}},{"Name":"docker-init","Version":"0.19.0","Details":{"GitCommit":"de40ad0"}}],"Version":"26.0.0","ApiVersion":"1.45","MinAPIVersion":"1.24","GitCommit":"8b79278","GoVersion":"go1.21.8","Os":"linux","Arch":"amd64","KernelVersion":"5.15.153.1-microsoft-standard-WSL2","BuildTime":"2024-03-20T15:18:01.000000000+00:00"}[\n]"
2024-07-24 14:29:53.287 [Test worker] DEBUG c.g.d.z.s.o.a.hc.client5.http.wire - http-outgoing-1 << "[\r][\n]"
2024-07-24 14:29:53.287 [Test worker] DEBUG c.g.d.z.s.o.a.hc.client5.http.wire - http-outgoing-1 << "0[\r][\n]"
2024-07-24 14:29:53.287 [Test worker] DEBUG c.g.d.z.s.o.a.hc.client5.http.wire - http-outgoing-1 << "[\r][\n]"
2024-07-24 14:29:53.288 [Test worker] DEBUG c.g.d.z.s.o.a.h.c.h.i.c.InternalHttpClient - ep-0000000D: releasing valid endpoint
2024-07-24 14:29:53.288 [Test worker] DEBUG c.g.d.z.s.o.a.h.c.h.i.i.PoolingHttpClientConnectionManager - ep-0000000D: releasing endpoint
2024-07-24 14:29:53.288 [Test worker] DEBUG c.g.d.z.s.o.a.h.c.h.i.i.PoolingHttpClientConnectionManager - ep-0000000D: connection http-outgoing-1 can be kept alive for 3 MINUTES
2024-07-24 14:29:53.288 [Test worker] DEBUG c.g.d.z.s.o.a.h.c.h.i.i.PoolingHttpClientConnectionManager - ep-0000000D: connection released [route: {}->npipe://localhost:2375][total available: 1; route allocated: 1 of 2147483647; total allocated: 1 of 2147483647]
2024-07-24 14:29:53.289 [Test worker] TRACE o.t.s.c.g.d.c.e.LogContainerCmdExec - GET: DefaultWebTarget{path=[/containers/0c19fc8d9724283b6110cafb8930e7ca98548127b1f0963f5cc98823c64c3c16/logs], queryParams={stdout=[true], stderr=[true], follow=[true], since=[0]}}
2024-07-24 14:29:53.290 [docker-java-stream-1415513547] DEBUG c.g.d.z.s.o.a.h.c.h.i.c.InternalHttpClient - ex-0000000F: preparing request execution
2024-07-24 14:29:53.290 [docker-java-stream-1415513547] DEBUG c.g.d.z.s.o.a.h.c.h.p.RequestAddCookies - Cookie spec selected: strict
2024-07-24 14:29:53.290 [docker-java-stream-1415513547] DEBUG c.g.d.z.s.o.a.h.c.h.p.RequestAuthCache - Auth cache not set in the context
2024-07-24 14:29:53.290 [docker-java-stream-1415513547] DEBUG c.g.d.z.s.o.a.h.c.h.i.c.ProtocolExec - ex-0000000F: target auth state: UNCHALLENGED
2024-07-24 14:29:53.290 [docker-java-stream-1415513547] DEBUG c.g.d.z.s.o.a.h.c.h.i.c.ProtocolExec - ex-0000000F: proxy auth state: UNCHALLENGED
2024-07-24 14:29:53.290 [docker-java-stream-1415513547] DEBUG c.g.d.z.s.o.a.h.c.h.i.c.ConnectExec - ex-0000000F: acquiring connection with route {}->npipe://localhost:2375
2024-07-24 14:29:53.290 [docker-java-stream-1415513547] DEBUG c.g.d.z.s.o.a.h.c.h.i.c.InternalHttpClient - ex-0000000F: acquiring endpoint (3 MINUTES)
2024-07-24 14:29:53.290 [docker-java-stream-1415513547] DEBUG c.g.d.z.s.o.a.h.c.h.i.i.PoolingHttpClientConnectionManager - ex-0000000F: endpoint lease request (3 MINUTES) [route: {}->npipe://localhost:2375][total available: 1; route allocated: 1 of 2147483647; total allocated: 1 of 2147483647]
2024-07-24 14:29:53.291 [docker-java-stream-1415513547] DEBUG c.g.d.z.s.o.a.h.c.h.i.i.PoolingHttpClientConnectionManager - ex-0000000F: endpoint leased [route: {}->npipe://localhost:2375][total available: 0; route allocated: 1 of 2147483647; total allocated: 1 of 2147483647]
2024-07-24 14:29:53.291 [docker-java-stream-1415513547] DEBUG c.g.d.z.s.o.a.h.c.h.i.i.PoolingHttpClientConnectionManager - ex-0000000F: acquired ep-0000000E
2024-07-24 14:29:53.291 [docker-java-stream-1415513547] DEBUG c.g.d.z.s.o.a.h.c.h.i.c.InternalHttpClient - ex-0000000F: acquired endpoint ep-0000000E
2024-07-24 14:29:53.291 [docker-java-stream-1415513547] DEBUG c.g.d.z.s.o.a.h.c.h.i.c.MainClientExec - ex-0000000F: executing GET /v1.32/containers/0c19fc8d9724283b6110cafb8930e7ca98548127b1f0963f5cc98823c64c3c16/logs?stdout=true&stderr=true&follow=true&since=0 HTTP/1.1
2024-07-24 14:29:53.291 [docker-java-stream-1415513547] DEBUG c.g.d.z.s.o.a.h.c.h.i.c.InternalHttpClient - ep-0000000E: start execution ex-0000000F
2024-07-24 14:29:53.291 [docker-java-stream-1415513547] DEBUG c.g.d.z.s.o.a.h.c.h.i.i.PoolingHttpClientConnectionManager - ep-0000000E: executing exchange ex-0000000F over http-outgoing-1
2024-07-24 14:29:53.291 [docker-java-stream-1415513547] DEBUG c.g.d.z.s.o.a.h.client5.http.headers - http-outgoing-1 >> GET /v1.32/containers/0c19fc8d9724283b6110cafb8930e7ca98548127b1f0963f5cc98823c64c3c16/logs?stdout=true&stderr=true&follow=true&since=0 HTTP/1.1
2024-07-24 14:29:53.291 [docker-java-stream-1415513547] DEBUG c.g.d.z.s.o.a.h.client5.http.headers - http-outgoing-1 >> x-tc-sid: 280e6229-7396-4d60-b1e3-a5de48b5d49b
2024-07-24 14:29:53.291 [docker-java-stream-1415513547] DEBUG c.g.d.z.s.o.a.h.client5.http.headers - http-outgoing-1 >> User-Agent: tc-java/1.19.8
2024-07-24 14:29:53.291 [docker-java-stream-1415513547] DEBUG c.g.d.z.s.o.a.h.client5.http.headers - http-outgoing-1 >> Accept-Encoding: gzip, x-gzip, deflate
2024-07-24 14:29:53.291 [docker-java-stream-1415513547] DEBUG c.g.d.z.s.o.a.h.client5.http.headers - http-outgoing-1 >> Host: localhost:2375
2024-07-24 14:29:53.291 [docker-java-stream-1415513547] DEBUG c.g.d.z.s.o.a.h.client5.http.headers - http-outgoing-1 >> Connection: keep-alive
2024-07-24 14:29:53.291 [docker-java-stream-1415513547] DEBUG c.g.d.z.s.o.a.hc.client5.http.wire - http-outgoing-1 >> "GET /v1.32/containers/0c19fc8d9724283b6110cafb8930e7ca98548127b1f0963f5cc98823c64c3c16/logs?stdout=true&stderr=true&follow=true&since=0 HTTP/1.1[\r][\n]"
2024-07-24 14:29:53.291 [docker-java-stream-1415513547] DEBUG c.g.d.z.s.o.a.hc.client5.http.wire - http-outgoing-1 >> "x-tc-sid: 280e6229-7396-4d60-b1e3-a5de48b5d49b[\r][\n]"
2024-07-24 14:29:53.291 [docker-java-stream-1415513547] DEBUG c.g.d.z.s.o.a.hc.client5.http.wire - http-outgoing-1 >> "User-Agent: tc-java/1.19.8[\r][\n]"
2024-07-24 14:29:53.291 [docker-java-stream-1415513547] DEBUG c.g.d.z.s.o.a.hc.client5.http.wire - http-outgoing-1 >> "Accept-Encoding: gzip, x-gzip, deflate[\r][\n]"
2024-07-24 14:29:53.291 [docker-java-stream-1415513547] DEBUG c.g.d.z.s.o.a.hc.client5.http.wire - http-outgoing-1 >> "Host: localhost:2375[\r][\n]"
2024-07-24 14:29:53.291 [docker-java-stream-1415513547] DEBUG c.g.d.z.s.o.a.hc.client5.http.wire - http-outgoing-1 >> "Connection: keep-alive[\r][\n]"
2024-07-24 14:29:53.291 [docker-java-stream-1415513547] DEBUG c.g.d.z.s.o.a.hc.client5.http.wire - http-outgoing-1 >> "[\r][\n]"
2024-07-24 14:29:53.295 [docker-java-stream-1415513547] DEBUG c.g.d.z.s.o.a.hc.client5.http.wire - http-outgoing-1 << "HTTP/1.1 200 OK[\r][\n]"
2024-07-24 14:29:53.295 [docker-java-stream-1415513547] DEBUG c.g.d.z.s.o.a.hc.client5.http.wire - http-outgoing-1 << "Api-Version: 1.45[\r][\n]"
2024-07-24 14:29:53.295 [docker-java-stream-1415513547] DEBUG c.g.d.z.s.o.a.hc.client5.http.wire - http-outgoing-1 << "Content-Type: application/vnd.docker.raw-stream[\r][\n]"
2024-07-24 14:29:53.295 [docker-java-stream-1415513547] DEBUG c.g.d.z.s.o.a.hc.client5.http.wire - http-outgoing-1 << "Date: Wed, 24 Jul 2024 02:29:53 GMT[\r][\n]"
2024-07-24 14:29:53.295 [docker-java-stream-1415513547] DEBUG c.g.d.z.s.o.a.hc.client5.http.wire - http-outgoing-1 << "Docker-Experimental: false[\r][\n]"
2024-07-24 14:29:53.295 [docker-java-stream-1415513547] DEBUG c.g.d.z.s.o.a.hc.client5.http.wire - http-outgoing-1 << "Ostype: linux[\r][\n]"
2024-07-24 14:29:53.295 [docker-java-stream-1415513547] DEBUG c.g.d.z.s.o.a.hc.client5.http.wire - http-outgoing-1 << "Server: Docker/26.0.0 (linux)[\r][\n]"
2024-07-24 14:29:53.295 [docker-java-stream-1415513547] DEBUG c.g.d.z.s.o.a.hc.client5.http.wire - http-outgoing-1 << "Transfer-Encoding: chunked[\r][\n]"
2024-07-24 14:29:53.295 [docker-java-stream-1415513547] DEBUG c.g.d.z.s.o.a.hc.client5.http.wire - http-outgoing-1 << "[\r][\n]"
2024-07-24 14:29:53.295 [docker-java-stream-1415513547] DEBUG c.g.d.z.s.o.a.h.client5.http.headers - http-outgoing-1 << HTTP/1.1 200 OK
2024-07-24 14:29:53.295 [docker-java-stream-1415513547] DEBUG c.g.d.z.s.o.a.h.client5.http.headers - http-outgoing-1 << Api-Version: 1.45
2024-07-24 14:29:53.295 [docker-java-stream-1415513547] DEBUG c.g.d.z.s.o.a.h.client5.http.headers - http-outgoing-1 << Content-Type: application/vnd.docker.raw-stream
2024-07-24 14:29:53.295 [docker-java-stream-1415513547] DEBUG c.g.d.z.s.o.a.h.client5.http.headers - http-outgoing-1 << Date: Wed, 24 Jul 2024 02:29:53 GMT
2024-07-24 14:29:53.295 [docker-java-stream-1415513547] DEBUG c.g.d.z.s.o.a.h.client5.http.headers - http-outgoing-1 << Docker-Experimental: false
2024-07-24 14:29:53.295 [docker-java-stream-1415513547] DEBUG c.g.d.z.s.o.a.h.client5.http.headers - http-outgoing-1 << Ostype: linux
2024-07-24 14:29:53.295 [docker-java-stream-1415513547] DEBUG c.g.d.z.s.o.a.h.client5.http.headers - http-outgoing-1 << Server: Docker/26.0.0 (linux)
2024-07-24 14:29:53.295 [docker-java-stream-1415513547] DEBUG c.g.d.z.s.o.a.h.client5.http.headers - http-outgoing-1 << Transfer-Encoding: chunked
2024-07-24 14:29:53.296 [docker-java-stream-1415513547] DEBUG c.g.d.z.s.o.a.h.c.h.i.c.MainClientExec - ex-0000000F: connection can be kept alive for 3 MINUTES
2024-07-24 14:29:53.297 [docker-java-stream-1415513547] DEBUG c.g.d.z.s.o.a.hc.client5.http.wire - http-outgoing-1 << "1fd[\r][\n]"
2024-07-24 14:29:53.297 [docker-java-stream-1415513547] DEBUG c.g.d.z.s.o.a.hc.client5.http.wire - http-outgoing-1 << "[0x1][0x0][0x0][0x0][0x0][0x0][0x0]NThe files belonging to this database system will be owned by user "postgres".[\n]"
2024-07-24 14:29:53.297 [docker-java-stream-1415513547] DEBUG c.g.d.z.s.o.a.hc.client5.http.wire - http-outgoing-1 << "[0x1][0x0][0x0][0x0][0x0][0x0][0x0],This user must also own the server process.[\n]"
2024-07-24 14:29:53.297 [docker-java-stream-1415513547] DEBUG c.g.d.z.s.o.a.hc.client5.http.wire - http-outgoing-1 << "[0x1][0x0][0x0][0x0][0x0][0x0][0x0][0x1][\n]"
2024-07-24 14:29:53.297 [docker-java-stream-1415513547] DEBUG c.g.d.z.s.o.a.hc.client5.http.wire - http-outgoing-1 << "[0x1][0x0][0x0][0x0][0x0][0x0][0x0]CThe database cluster will be initialized with locale "en_US.utf8".[\n]"
2024-07-24 14:29:53.297 [docker-java-stream-1415513547] DEBUG c.g.d.z.s.o.a.hc.client5.http.wire - http-outgoing-1 << "[0x1][0x0][0x0][0x0][0x0][0x0][0x0]BThe default database encoding has accordingly been set to "UTF8".[\n]"
2024-07-24 14:29:53.297 [docker-java-stream-1415513547] DEBUG c.g.d.z.s.o.a.hc.client5.http.wire - http-outgoing-1 << "[0x1][0x0][0x0][0x0][0x0][0x0][0x0]@The default text search configuration will be set to "english".[\n]"
2024-07-24 14:29:53.297 [docker-java-stream-1415513547] DEBUG c.g.d.z.s.o.a.hc.client5.http.wire - http-outgoing-1 << "[0x1][0x0][0x0][0x0][0x0][0x0][0x0][0x1][\n]"
2024-07-24 14:29:53.297 [docker-java-stream-1415513547] DEBUG c.g.d.z.s.o.a.hc.client5.http.wire - http-outgoing-1 << "[0x1][0x0][0x0][0x0][0x0][0x0][0x0]"Data page checksums are disabled.[\n]"
2024-07-24 14:29:53.297 [docker-java-stream-1415513547] DEBUG c.g.d.z.s.o.a.hc.client5.http.wire - http-outgoing-1 << "[0x1][0x0][0x0][0x0][0x0][0x0][0x0][0x1][\n]"
2024-07-24 14:29:53.297 [docker-java-stream-1415513547] DEBUG c.g.d.z.s.o.a.hc.client5.http.wire - http-outgoing-1 << "[0x1][0x0][0x0][0x0][0x0][0x0][0x0]Ifixing permissions on existing directory /var/lib/postgresql/data ... ok[\n]"
2024-07-24 14:29:53.297 [docker-java-stream-1415513547] DEBUG c.g.d.z.s.o.a.hc.client5.http.wire - http-outgoing-1 << "[\r][\n]"
2024-07-24 14:29:53.297 [docker-java-stream-1415513547] DEBUG c.g.d.z.s.o.a.hc.client5.http.wire - http-outgoing-1 << "68[\r][\n]"
2024-07-24 14:29:53.297 [docker-java-stream-1415513547] DEBUG c.g.d.z.s.o.a.hc.client5.http.wire - http-outgoing-1 << "[0x1][0x0][0x0][0x0][0x0][0x0][0x0][0x1f]creating subdirectories ... ok[\n]"
2024-07-24 14:29:53.297 [docker-java-stream-1415513547] DEBUG c.g.d.z.s.o.a.hc.client5.http.wire - http-outgoing-1 << "[0x1][0x0][0x0][0x0][0x0][0x0][0x0]9selecting dynamic shared memory implementation ... posix[\n]"
2024-07-24 14:29:53.297 [docker-java-stream-1415513547] DEBUG c.g.d.z.s.o.a.hc.client5.http.wire - http-outgoing-1 << "[\r][\n]"
2024-07-24 14:29:53.297 [Test worker] DEBUG o.t.c.output.WaitingConsumer - STDOUT: The files belonging to this database system will be owned by user "postgres".
2024-07-24 14:29:53.297 [Test worker] DEBUG o.t.c.output.WaitingConsumer - STDOUT: fixing permissions on existing directory /var/lib/postgresql/data ... ok
2024-07-24 14:29:53.298 [Test worker] DEBUG o.t.c.output.WaitingConsumer - STDOUT: selecting dynamic shared memory implementation ... posix
2024-07-24 14:29:53.298 [Test worker] DEBUG o.t.c.output.WaitingConsumer - STDOUT: creating subdirectories ... ok
2024-07-24 14:29:53.298 [Test worker] DEBUG o.t.c.output.WaitingConsumer - STDOUT: 
2024-07-24 14:29:53.298 [Test worker] DEBUG o.t.c.output.WaitingConsumer - STDOUT: Data page checksums are disabled.
2024-07-24 14:29:53.298 [Test worker] DEBUG o.t.c.output.WaitingConsumer - STDOUT: 
2024-07-24 14:29:53.298 [Test worker] DEBUG o.t.c.output.WaitingConsumer - STDOUT: The default text search configuration will be set to "english".
2024-07-24 14:29:53.298 [Test worker] DEBUG o.t.c.output.WaitingConsumer - STDOUT: The default database encoding has accordingly been set to "UTF8".
2024-07-24 14:29:53.298 [Test worker] DEBUG o.t.c.output.WaitingConsumer - STDOUT: The database cluster will be initialized with locale "en_US.utf8".
2024-07-24 14:29:53.298 [Test worker] DEBUG o.t.c.output.WaitingConsumer - STDOUT: 
2024-07-24 14:29:53.298 [Test worker] DEBUG o.t.c.output.WaitingConsumer - STDOUT: This user must also own the server process.
2024-07-24 14:29:53.314 [docker-java-stream-1415513547] DEBUG c.g.d.z.s.o.a.hc.client5.http.wire - http-outgoing-1 << "32[\r][\n]"
2024-07-24 14:29:53.315 [docker-java-stream-1415513547] DEBUG c.g.d.z.s.o.a.hc.client5.http.wire - http-outgoing-1 << "[0x1][0x0][0x0][0x0][0x0][0x0][0x0]*selecting default max_connections ... 100[\n]"
2024-07-24 14:29:53.315 [docker-java-stream-1415513547] DEBUG c.g.d.z.s.o.a.hc.client5.http.wire - http-outgoing-1 << "[\r][\n]"
2024-07-24 14:29:53.315 [Test worker] DEBUG o.t.c.output.WaitingConsumer - STDOUT: selecting default max_connections ... 100
2024-07-24 14:29:53.337 [docker-java-stream-1415513547] DEBUG c.g.d.z.s.o.a.hc.client5.http.wire - http-outgoing-1 << "33[\r][\n]"
2024-07-24 14:29:53.338 [docker-java-stream-1415513547] DEBUG c.g.d.z.s.o.a.hc.client5.http.wire - http-outgoing-1 << "[0x1][0x0][0x0][0x0][0x0][0x0][0x0]+selecting default shared_buffers ... 128MB[\n]"
2024-07-24 14:29:53.338 [docker-java-stream-1415513547] DEBUG c.g.d.z.s.o.a.hc.client5.http.wire - http-outgoing-1 << "[\r][\n]"
2024-07-24 14:29:53.338 [Test worker] DEBUG o.t.c.output.WaitingConsumer - STDOUT: selecting default shared_buffers ... 128MB
2024-07-24 14:29:53.357 [docker-java-stream-1415513547] DEBUG c.g.d.z.s.o.a.hc.client5.http.wire - http-outgoing-1 << "30[\r][\n]"
2024-07-24 14:29:53.357 [docker-java-stream-1415513547] DEBUG c.g.d.z.s.o.a.hc.client5.http.wire - http-outgoing-1 << "[0x1][0x0][0x0][0x0][0x0][0x0][0x0](selecting default time zone ... Etc/UTC[\n]"
2024-07-24 14:29:53.357 [docker-java-stream-1415513547] DEBUG c.g.d.z.s.o.a.hc.client5.http.wire - http-outgoing-1 << "[\r][\n]"
2024-07-24 14:29:53.358 [docker-java-stream-1415513547] DEBUG c.g.d.z.s.o.a.hc.client5.http.wire - http-outgoing-1 << "2c[\r][\n]"
2024-07-24 14:29:53.358 [docker-java-stream-1415513547] DEBUG c.g.d.z.s.o.a.hc.client5.http.wire - http-outgoing-1 << "[0x1][0x0][0x0][0x0][0x0][0x0][0x0]$creating configuration files ... ok[\n]"
2024-07-24 14:29:53.358 [docker-java-stream-1415513547] DEBUG c.g.d.z.s.o.a.hc.client5.http.wire - http-outgoing-1 << "[\r][\n]"
2024-07-24 14:29:53.358 [Test worker] DEBUG o.t.c.output.WaitingConsumer - STDOUT: selecting default time zone ... Etc/UTC
2024-07-24 14:29:53.358 [Test worker] DEBUG o.t.c.output.WaitingConsumer - STDOUT: creating configuration files ... ok
2024-07-24 14:29:53.495 [docker-java-stream-1415513547] DEBUG c.g.d.z.s.o.a.hc.client5.http.wire - http-outgoing-1 << "28[\r][\n]"
2024-07-24 14:29:53.496 [docker-java-stream-1415513547] DEBUG c.g.d.z.s.o.a.hc.client5.http.wire - http-outgoing-1 << "[0x1][0x0][0x0][0x0][0x0][0x0][0x0] running bootstrap script ... ok[\n]"
2024-07-24 14:29:53.496 [docker-java-stream-1415513547] DEBUG c.g.d.z.s.o.a.hc.client5.http.wire - http-outgoing-1 << "[\r][\n]"
2024-07-24 14:29:53.499 [Test worker] DEBUG o.t.c.output.WaitingConsumer - STDOUT: running bootstrap script ... ok
2024-07-24 14:29:53.832 [docker-java-stream-1415513547] DEBUG c.g.d.z.s.o.a.hc.client5.http.wire - http-outgoing-1 << "38[\r][\n]"
2024-07-24 14:29:53.833 [docker-java-stream-1415513547] DEBUG c.g.d.z.s.o.a.hc.client5.http.wire - http-outgoing-1 << "[0x1][0x0][0x0][0x0][0x0][0x0][0x0]0performing post-bootstrap initialization ... ok[\n]"
2024-07-24 14:29:53.833 [docker-java-stream-1415513547] DEBUG c.g.d.z.s.o.a.hc.client5.http.wire - http-outgoing-1 << "[\r][\n]"
2024-07-24 14:29:53.833 [Test worker] DEBUG o.t.c.output.WaitingConsumer - STDOUT: performing post-bootstrap initialization ... ok
2024-07-24 14:29:54.591 [docker-java-stream-1415513547] DEBUG c.g.d.z.s.o.a.hc.client5.http.wire - http-outgoing-1 << "1ad[\r][\n]"
2024-07-24 14:29:54.592 [docker-java-stream-1415513547] DEBUG c.g.d.z.s.o.a.hc.client5.http.wire - http-outgoing-1 << "[0x2][0x0][0x0][0x0][0x0][0x0][0x0]Ginitdb: warning: enabling "trust" authentication for local connections[\n]"
2024-07-24 14:29:54.592 [docker-java-stream-1415513547] DEBUG c.g.d.z.s.o.a.hc.client5.http.wire - http-outgoing-1 << "[0x2][0x0][0x0][0x0][0x0][0x0][0x0][0xffffff90]initdb: hint: You can change this by editing pg_hba.conf or using the option -A, or --auth-local and --auth-host, the next time you run initdb.[\n]"
2024-07-24 14:29:54.592 [docker-java-stream-1415513547] DEBUG c.g.d.z.s.o.a.hc.client5.http.wire - http-outgoing-1 << "[0x1][0x0][0x0][0x0][0x0][0x0][0x0][0x1c]syncing data to disk ... ok[\n]"
2024-07-24 14:29:54.592 [docker-java-stream-1415513547] DEBUG c.g.d.z.s.o.a.hc.client5.http.wire - http-outgoing-1 << "[0x1][0x0][0x0][0x0][0x0][0x0][0x0][0x1][\n]"
2024-07-24 14:29:54.592 [docker-java-stream-1415513547] DEBUG c.g.d.z.s.o.a.hc.client5.http.wire - http-outgoing-1 << "[0x1][0x0][0x0][0x0][0x0][0x0][0x0][0x1][\n]"
2024-07-24 14:29:54.592 [docker-java-stream-1415513547] DEBUG c.g.d.z.s.o.a.hc.client5.http.wire - http-outgoing-1 << "[0x1][0x0][0x0][0x0][0x0][0x0][0x0]6Success. You can now start the database server using:[\n]"
2024-07-24 14:29:54.592 [docker-java-stream-1415513547] DEBUG c.g.d.z.s.o.a.hc.client5.http.wire - http-outgoing-1 << "[0x1][0x0][0x0][0x0][0x0][0x0][0x0][0x1][\n]"
2024-07-24 14:29:54.592 [docker-java-stream-1415513547] DEBUG c.g.d.z.s.o.a.hc.client5.http.wire - http-outgoing-1 << "[0x1][0x0][0x0][0x0][0x0][0x0][0x0]8    pg_ctl -D /var/lib/postgresql/data -l logfile start[\n]"
2024-07-24 14:29:54.592 [docker-java-stream-1415513547] DEBUG c.g.d.z.s.o.a.hc.client5.http.wire - http-outgoing-1 << "[0x1][0x0][0x0][0x0][0x0][0x0][0x0][0x1][\n]"
2024-07-24 14:29:54.592 [docker-java-stream-1415513547] DEBUG c.g.d.z.s.o.a.hc.client5.http.wire - http-outgoing-1 << "[\r][\n]"
2024-07-24 14:29:54.608 [Test worker] DEBUG o.t.c.output.WaitingConsumer - STDOUT: 
2024-07-24 14:29:54.608 [Test worker] DEBUG o.t.c.output.WaitingConsumer - STDOUT:     pg_ctl -D /var/lib/postgresql/data -l logfile start
2024-07-24 14:29:54.608 [Test worker] DEBUG o.t.c.output.WaitingConsumer - STDOUT: 
2024-07-24 14:29:54.608 [Test worker] DEBUG o.t.c.output.WaitingConsumer - STDOUT: Success. You can now start the database server using:
2024-07-24 14:29:54.608 [Test worker] DEBUG o.t.c.output.WaitingConsumer - STDOUT: 
2024-07-24 14:29:54.608 [Test worker] DEBUG o.t.c.output.WaitingConsumer - STDOUT: 
2024-07-24 14:29:54.608 [Test worker] DEBUG o.t.c.output.WaitingConsumer - STDOUT: syncing data to disk ... ok
2024-07-24 14:29:54.609 [Test worker] DEBUG o.t.c.output.WaitingConsumer - STDERR: initdb: hint: You can change this by editing pg_hba.conf or using the option -A, or --auth-local and --auth-host, the next time you run initdb.
2024-07-24 14:29:54.609 [Test worker] DEBUG o.t.c.output.WaitingConsumer - STDERR: initdb: warning: enabling "trust" authentication for local connections
2024-07-24 14:29:54.647 [docker-java-stream-1415513547] DEBUG c.g.d.z.s.o.a.hc.client5.http.wire - http-outgoing-1 << "137[\r][\n]"
2024-07-24 14:29:54.648 [docker-java-stream-1415513547] DEBUG c.g.d.z.s.o.a.hc.client5.http.wire - http-outgoing-1 << "[0x1][0x0][0x0][0x0][0x0][0x0][0x0][0xffffffc3]waiting for server to start....2024-07-24 02:29:54.646 UTC [48] LOG:  starting PostgreSQL 16.2 (Debian 16.2-1.pgdg120+2) on x86_64-pc-linux-gnu, compiled by gcc (Debian 12.2.0-14) 12.2.0, 64-bit[\n]"
2024-07-24 14:29:54.648 [docker-java-stream-1415513547] DEBUG c.g.d.z.s.o.a.hc.client5.http.wire - http-outgoing-1 << "[0x1][0x0][0x0][0x0][0x0][0x0][0x0]d2024-07-24 02:29:54.646 UTC [48] LOG:  listening on Unix socket "/var/run/postgresql/.s.PGSQL.5432"[\n]"
2024-07-24 14:29:54.648 [docker-java-stream-1415513547] DEBUG c.g.d.z.s.o.a.hc.client5.http.wire - http-outgoing-1 << "[\r][\n]"
2024-07-24 14:29:54.648 [Test worker] DEBUG o.t.c.output.WaitingConsumer - STDOUT: waiting for server to start....2024-07-24 02:29:54.646 UTC [48] LOG:  starting PostgreSQL 16.2 (Debian 16.2-1.pgdg120+2) on x86_64-pc-linux-gnu, compiled by gcc (Debian 12.2.0-14) 12.2.0, 64-bit
2024-07-24 14:29:54.648 [Test worker] DEBUG o.t.c.output.WaitingConsumer - STDOUT: 2024-07-24 02:29:54.646 UTC [48] LOG:  listening on Unix socket "/var/run/postgresql/.s.PGSQL.5432"
2024-07-24 14:29:54.650 [docker-java-stream-1415513547] DEBUG c.g.d.z.s.o.a.hc.client5.http.wire - http-outgoing-1 << "68[\r][\n]"
2024-07-24 14:29:54.650 [docker-java-stream-1415513547] DEBUG c.g.d.z.s.o.a.hc.client5.http.wire - http-outgoing-1 << "[0x1][0x0][0x0][0x0][0x0][0x0][0x0]`2024-07-24 02:29:54.649 UTC [51] LOG:  database system was shut down at 2024-07-24 02:29:53 UTC[\n]"
2024-07-24 14:29:54.650 [docker-java-stream-1415513547] DEBUG c.g.d.z.s.o.a.hc.client5.http.wire - http-outgoing-1 << "[\r][\n]"
2024-07-24 14:29:54.655 [docker-java-stream-1415513547] DEBUG c.g.d.z.s.o.a.hc.client5.http.wire - http-outgoing-1 << "5e[\r][\n]"
2024-07-24 14:29:54.655 [docker-java-stream-1415513547] DEBUG c.g.d.z.s.o.a.hc.client5.http.wire - http-outgoing-1 << "[0x1][0x0][0x0][0x0][0x0][0x0][0x0]V2024-07-24 02:29:54.654 UTC [48] LOG:  database system is ready to accept connections[\n]"
2024-07-24 14:29:54.655 [docker-java-stream-1415513547] DEBUG c.g.d.z.s.o.a.hc.client5.http.wire - http-outgoing-1 << "[\r][\n]"
2024-07-24 14:29:54.668 [Test worker] DEBUG o.t.c.output.WaitingConsumer - STDOUT: 2024-07-24 02:29:54.654 UTC [48] LOG:  database system is ready to accept connections
2024-07-24 14:29:54.668 [Test worker] DEBUG o.t.c.output.WaitingConsumer - STDOUT: 2024-07-24 02:29:54.649 UTC [51] LOG:  database system was shut down at 2024-07-24 02:29:53 UTC
2024-07-24 14:29:54.726 [docker-java-stream-1415513547] DEBUG c.g.d.z.s.o.a.hc.client5.http.wire - http-outgoing-1 << "25[\r][\n]"
2024-07-24 14:29:54.727 [docker-java-stream-1415513547] DEBUG c.g.d.z.s.o.a.hc.client5.http.wire - http-outgoing-1 << "[0x1][0x0][0x0][0x0][0x0][0x0][0x0][0x6] done[\n]"
2024-07-24 14:29:54.727 [docker-java-stream-1415513547] DEBUG c.g.d.z.s.o.a.hc.client5.http.wire - http-outgoing-1 << "[0x1][0x0][0x0][0x0][0x0][0x0][0x0][0xf]server started[\n]"
2024-07-24 14:29:54.727 [docker-java-stream-1415513547] DEBUG c.g.d.z.s.o.a.hc.client5.http.wire - http-outgoing-1 << "[\r][\n]"
2024-07-24 14:29:54.727 [Test worker] DEBUG o.t.c.output.WaitingConsumer - STDOUT: server started
2024-07-24 14:29:54.728 [Test worker] DEBUG o.t.c.output.WaitingConsumer - STDOUT:  done
2024-07-24 14:29:54.882 [docker-java-stream-1415513547] DEBUG c.g.d.z.s.o.a.hc.client5.http.wire - http-outgoing-1 << "21[\r][\n]"
2024-07-24 14:29:54.884 [docker-java-stream-1415513547] DEBUG c.g.d.z.s.o.a.hc.client5.http.wire - http-outgoing-1 << "[0x1][0x0][0x0][0x0][0x0][0x0][0x0][0x10]CREATE DATABASE[\n]"
2024-07-24 14:29:54.884 [docker-java-stream-1415513547] DEBUG c.g.d.z.s.o.a.hc.client5.http.wire - http-outgoing-1 << "[0x1][0x0][0x0][0x0][0x0][0x0][0x0][0x1][\n]"
2024-07-24 14:29:54.884 [docker-java-stream-1415513547] DEBUG c.g.d.z.s.o.a.hc.client5.http.wire - http-outgoing-1 << "[\r][\n]"
2024-07-24 14:29:54.885 [docker-java-stream-1415513547] DEBUG c.g.d.z.s.o.a.hc.client5.http.wire - http-outgoing-1 << "66[\r][\n]"
2024-07-24 14:29:54.885 [docker-java-stream-1415513547] DEBUG c.g.d.z.s.o.a.hc.client5.http.wire - http-outgoing-1 << "[0x1][0x0][0x0][0x0][0x0][0x0][0x0][0x1][\n]"
2024-07-24 14:29:54.885 [docker-java-stream-1415513547] DEBUG c.g.d.z.s.o.a.hc.client5.http.wire - http-outgoing-1 << "[0x1][0x0][0x0][0x0][0x0][0x0][0x0]L/usr/local/bin/docker-entrypoint.sh: ignoring /docker-entrypoint-initdb.d/*[\n]"
2024-07-24 14:29:54.885 [docker-java-stream-1415513547] DEBUG c.g.d.z.s.o.a.hc.client5.http.wire - http-outgoing-1 << "[0x1][0x0][0x0][0x0][0x0][0x0][0x0][0x1][\n]"
2024-07-24 14:29:54.885 [docker-java-stream-1415513547] DEBUG c.g.d.z.s.o.a.hc.client5.http.wire - http-outgoing-1 << "[\r][\n]"
2024-07-24 14:29:54.886 [docker-java-stream-1415513547] DEBUG c.g.d.z.s.o.a.hc.client5.http.wire - http-outgoing-1 << "c1[\r][\n]"
2024-07-24 14:29:54.887 [docker-java-stream-1415513547] DEBUG c.g.d.z.s.o.a.hc.client5.http.wire - http-outgoing-1 << "[0x1][0x0][0x0][0x0][0x0][0x0][0x0]iwaiting for server to shut down....2024-07-24 02:29:54.880 UTC [48] LOG:  received fast shutdown request[\n]"
2024-07-24 14:29:54.888 [docker-java-stream-1415513547] DEBUG c.g.d.z.s.o.a.hc.client5.http.wire - http-outgoing-1 << "[0x1][0x0][0x0][0x0][0x0][0x0][0x0]H2024-07-24 02:29:54.881 UTC [48] LOG:  aborting any active transactions[\n]"
2024-07-24 14:29:54.888 [docker-java-stream-1415513547] DEBUG c.g.d.z.s.o.a.hc.client5.http.wire - http-outgoing-1 << "[\r][\n]"
2024-07-24 14:29:54.888 [Test worker] DEBUG o.t.c.output.WaitingConsumer - STDOUT: 2024-07-24 02:29:54.881 UTC [48] LOG:  aborting any active transactions
2024-07-24 14:29:54.888 [Test worker] DEBUG o.t.c.output.WaitingConsumer - STDOUT: waiting for server to shut down....2024-07-24 02:29:54.880 UTC [48] LOG:  received fast shutdown request
2024-07-24 14:29:54.888 [Test worker] DEBUG o.t.c.output.WaitingConsumer - STDOUT: 
2024-07-24 14:29:54.888 [Test worker] DEBUG o.t.c.output.WaitingConsumer - STDOUT: /usr/local/bin/docker-entrypoint.sh: ignoring /docker-entrypoint-initdb.d/*
2024-07-24 14:29:54.888 [Test worker] DEBUG o.t.c.output.WaitingConsumer - STDOUT: 
2024-07-24 14:29:54.888 [Test worker] DEBUG o.t.c.output.WaitingConsumer - STDOUT: 
2024-07-24 14:29:54.889 [Test worker] DEBUG o.t.c.output.WaitingConsumer - STDOUT: CREATE DATABASE
2024-07-24 14:29:54.910 [docker-java-stream-1415513547] DEBUG c.g.d.z.s.o.a.hc.client5.http.wire - http-outgoing-1 << "81[\r][\n]"
2024-07-24 14:29:54.911 [docker-java-stream-1415513547] DEBUG c.g.d.z.s.o.a.hc.client5.http.wire - http-outgoing-1 << "[0x1][0x0][0x0][0x0][0x0][0x0][0x0]y2024-07-24 02:29:54.901 UTC [48] LOG:  background worker "logical replication launcher" (PID 54) exited with exit code 1[\n]"
2024-07-24 14:29:54.911 [docker-java-stream-1415513547] DEBUG c.g.d.z.s.o.a.hc.client5.http.wire - http-outgoing-1 << "[\r][\n]"
2024-07-24 14:29:54.918 [Test worker] DEBUG o.t.c.output.WaitingConsumer - STDOUT: 2024-07-24 02:29:54.901 UTC [48] LOG:  background worker "logical replication launcher" (PID 54) exited with exit code 1
2024-07-24 14:29:54.921 [docker-java-stream-1415513547] DEBUG c.g.d.z.s.o.a.hc.client5.http.wire - http-outgoing-1 << "94[\r][\n]"
2024-07-24 14:29:54.922 [docker-java-stream-1415513547] DEBUG c.g.d.z.s.o.a.hc.client5.http.wire - http-outgoing-1 << "[0x1][0x0][0x0][0x0][0x0][0x0][0x0]52024-07-24 02:29:54.919 UTC [49] LOG:  shutting down[\n]"
2024-07-24 14:29:54.922 [docker-java-stream-1415513547] DEBUG c.g.d.z.s.o.a.hc.client5.http.wire - http-outgoing-1 << "[0x1][0x0][0x0][0x0][0x0][0x0][0x0]O2024-07-24 02:29:54.919 UTC [49] LOG:  checkpoint starting: shutdown immediate[\n]"
2024-07-24 14:29:54.922 [docker-java-stream-1415513547] DEBUG c.g.d.z.s.o.a.hc.client5.http.wire - http-outgoing-1 << "[\r][\n]"
2024-07-24 14:29:54.939 [docker-java-stream-1415513547] DEBUG c.g.d.z.s.o.a.hc.client5.http.wire - http-outgoing-1 << "12c[\r][\n]"
2024-07-24 14:29:54.940 [docker-java-stream-1415513547] DEBUG c.g.d.z.s.o.a.hc.client5.http.wire - http-outgoing-1 << "[0x1][0x0][0x0][0x0][0x0][0x0][0x1]$2024-07-24 02:29:54.938 UTC [49] LOG:  checkpoint complete: wrote 923 buffers (5.6%); 0 WAL file(s) added, 0 removed, 0 recycled; write=0.018 s, sync=0.001 s, total=0.019 s; sync files=0, longest=0.000 s, average=0.000 s; distance=4257 kB, estimate=4257 kB; lsn=0/1913068, redo lsn=0/1913068[\n]"
2024-07-24 14:29:54.940 [docker-java-stream-1415513547] DEBUG c.g.d.z.s.o.a.hc.client5.http.wire - http-outgoing-1 << "[\r][\n]"
2024-07-24 14:29:54.944 [Test worker] DEBUG o.t.c.output.WaitingConsumer - STDOUT: 2024-07-24 02:29:54.938 UTC [49] LOG:  checkpoint complete: wrote 923 buffers (5.6%); 0 WAL file(s) added, 0 removed, 0 recycled; write=0.018 s, sync=0.001 s, total=0.019 s; sync files=0, longest=0.000 s, average=0.000 s; distance=4257 kB, estimate=4257 kB; lsn=0/1913068, redo lsn=0/1913068
2024-07-24 14:29:54.944 [Test worker] DEBUG o.t.c.output.WaitingConsumer - STDOUT: 2024-07-24 02:29:54.919 UTC [49] LOG:  checkpoint starting: shutdown immediate
2024-07-24 14:29:54.945 [Test worker] DEBUG o.t.c.output.WaitingConsumer - STDOUT: 2024-07-24 02:29:54.919 UTC [49] LOG:  shutting down
2024-07-24 14:29:54.951 [docker-java-stream-1415513547] DEBUG c.g.d.z.s.o.a.hc.client5.http.wire - http-outgoing-1 << "4c[\r][\n]"
2024-07-24 14:29:54.952 [docker-java-stream-1415513547] DEBUG c.g.d.z.s.o.a.hc.client5.http.wire - http-outgoing-1 << "[0x1][0x0][0x0][0x0][0x0][0x0][0x0]D2024-07-24 02:29:54.950 UTC [48] LOG:  database system is shut down[\n]"
2024-07-24 14:29:54.952 [docker-java-stream-1415513547] DEBUG c.g.d.z.s.o.a.hc.client5.http.wire - http-outgoing-1 << "[\r][\n]"
2024-07-24 14:29:54.960 [Test worker] DEBUG o.t.c.output.WaitingConsumer - STDOUT: 2024-07-24 02:29:54.950 UTC [48] LOG:  database system is shut down
2024-07-24 14:29:54.984 [docker-java-stream-1415513547] DEBUG c.g.d.z.s.o.a.hc.client5.http.wire - http-outgoing-1 << "25[\r][\n]"
2024-07-24 14:29:54.984 [docker-java-stream-1415513547] DEBUG c.g.d.z.s.o.a.hc.client5.http.wire - http-outgoing-1 << "[0x1][0x0][0x0][0x0][0x0][0x0][0x0][0x6] done[\n]"
2024-07-24 14:29:54.984 [docker-java-stream-1415513547] DEBUG c.g.d.z.s.o.a.hc.client5.http.wire - http-outgoing-1 << "[0x1][0x0][0x0][0x0][0x0][0x0][0x0][0xf]server stopped[\n]"
2024-07-24 14:29:54.984 [docker-java-stream-1415513547] DEBUG c.g.d.z.s.o.a.hc.client5.http.wire - http-outgoing-1 << "[\r][\n]"
2024-07-24 14:29:54.985 [Test worker] DEBUG o.t.c.output.WaitingConsumer - STDOUT:  done
2024-07-24 14:29:54.985 [docker-java-stream-1415513547] DEBUG c.g.d.z.s.o.a.hc.client5.http.wire - http-outgoing-1 << "50[\r][\n]"
2024-07-24 14:29:54.985 [docker-java-stream-1415513547] DEBUG c.g.d.z.s.o.a.hc.client5.http.wire - http-outgoing-1 << "[0x1][0x0][0x0][0x0][0x0][0x0][0x0][0x1][\n]"
2024-07-24 14:29:54.985 [docker-java-stream-1415513547] DEBUG c.g.d.z.s.o.a.hc.client5.http.wire - http-outgoing-1 << "[0x1][0x0][0x0][0x0][0x0][0x0][0x0]6PostgreSQL init process complete; ready for start up.[\n]"
2024-07-24 14:29:54.985 [docker-java-stream-1415513547] DEBUG c.g.d.z.s.o.a.hc.client5.http.wire - http-outgoing-1 << "[0x1][0x0][0x0][0x0][0x0][0x0][0x0][0x1][\n]"
2024-07-24 14:29:54.985 [Test worker] DEBUG o.t.c.output.WaitingConsumer - STDOUT: server stopped
2024-07-24 14:29:54.985 [docker-java-stream-1415513547] DEBUG c.g.d.z.s.o.a.hc.client5.http.wire - http-outgoing-1 << "[\r][\n]"
2024-07-24 14:29:55.007 [Test worker] DEBUG o.t.c.output.WaitingConsumer - STDOUT: 
2024-07-24 14:29:55.007 [Test worker] DEBUG o.t.c.output.WaitingConsumer - STDOUT: PostgreSQL init process complete; ready for start up.
2024-07-24 14:29:55.007 [Test worker] DEBUG o.t.c.output.WaitingConsumer - STDOUT: 
2024-07-24 14:29:55.012 [docker-java-stream-1415513547] DEBUG c.g.d.z.s.o.a.hc.client5.http.wire - http-outgoing-1 << "1cb[\r][\n]"
2024-07-24 14:29:55.012 [docker-java-stream-1415513547] DEBUG c.g.d.z.s.o.a.hc.client5.http.wire - http-outgoing-1 << "[0x2][0x0][0x0][0x0][0x0][0x0][0x0][0xffffffa3]2024-07-24 02:29:55.011 UTC [1] LOG:  starting PostgreSQL 16.2 (Debian 16.2-1.pgdg120+2) on x86_64-pc-linux-gnu, compiled by gcc (Debian 12.2.0-14) 12.2.0, 64-bit[\n]"
2024-07-24 14:29:55.012 [docker-java-stream-1415513547] DEBUG c.g.d.z.s.o.a.hc.client5.http.wire - http-outgoing-1 << "[0x2][0x0][0x0][0x0][0x0][0x0][0x0]U2024-07-24 02:29:55.011 UTC [1] LOG:  listening on IPv4 address "0.0.0.0", port 5432[\n]"
2024-07-24 14:29:55.013 [docker-java-stream-1415513547] DEBUG c.g.d.z.s.o.a.hc.client5.http.wire - http-outgoing-1 << "[0x2][0x0][0x0][0x0][0x0][0x0][0x0]P2024-07-24 02:29:55.011 UTC [1] LOG:  listening on IPv6 address "::", port 5432[\n]"
2024-07-24 14:29:55.013 [docker-java-stream-1415513547] DEBUG c.g.d.z.s.o.a.hc.client5.http.wire - http-outgoing-1 << "[0x2][0x0][0x0][0x0][0x0][0x0][0x0]c2024-07-24 02:29:55.011 UTC [1] LOG:  listening on Unix socket "/var/run/postgresql/.s.PGSQL.5432"[\n]"
2024-07-24 14:29:55.013 [docker-java-stream-1415513547] DEBUG c.g.d.z.s.o.a.hc.client5.http.wire - http-outgoing-1 << "[\r][\n]"
2024-07-24 14:29:55.016 [docker-java-stream-1415513547] DEBUG c.g.d.z.s.o.a.hc.client5.http.wire - http-outgoing-1 << "68[\r][\n]"
2024-07-24 14:29:55.016 [docker-java-stream-1415513547] DEBUG c.g.d.z.s.o.a.hc.client5.http.wire - http-outgoing-1 << "[0x2][0x0][0x0][0x0][0x0][0x0][0x0]`2024-07-24 02:29:55.014 UTC [64] LOG:  database system was shut down at 2024-07-24 02:29:54 UTC[\n]"
2024-07-24 14:29:55.016 [docker-java-stream-1415513547] DEBUG c.g.d.z.s.o.a.hc.client5.http.wire - http-outgoing-1 << "[\r][\n]"
2024-07-24 14:29:55.022 [docker-java-stream-1415513547] DEBUG c.g.d.z.s.o.a.hc.client5.http.wire - http-outgoing-1 << "5d[\r][\n]"
2024-07-24 14:29:55.023 [docker-java-stream-1415513547] DEBUG c.g.d.z.s.o.a.hc.client5.http.wire - http-outgoing-1 << "[0x2][0x0][0x0][0x0][0x0][0x0][0x0]U2024-07-24 02:29:55.020 UTC [1] LOG:  database system is ready to accept connections[\n]"
2024-07-24 14:29:55.023 [docker-java-stream-1415513547] DEBUG c.g.d.z.s.o.a.hc.client5.http.wire - http-outgoing-1 << "[\r][\n]"
2024-07-24 14:29:55.022 [Test worker] DEBUG o.t.c.output.WaitingConsumer - STDERR: 2024-07-24 02:29:55.014 UTC [64] LOG:  database system was shut down at 2024-07-24 02:29:54 UTC
2024-07-24 14:29:55.025 [Test worker] DEBUG o.t.c.output.WaitingConsumer - STDERR: 2024-07-24 02:29:55.020 UTC [1] LOG:  database system is ready to accept connections
2024-07-24 14:29:55.025 [Test worker] DEBUG c.g.d.z.s.o.a.h.c.h.i.c.InternalHttpClient - ep-0000000E: cancel
2024-07-24 14:29:55.025 [Test worker] DEBUG c.g.d.z.s.o.a.h.c.h.i.i.DefaultManagedHttpClientConnection - http-outgoing-1: close connection IMMEDIATE
2024-07-24 14:29:55.026 [docker-java-stream-1415513547] DEBUG c.g.d.z.s.o.a.hc.client5.http.wire - http-outgoing-1 << "end of stream"
2024-07-24 14:29:55.026 [Test worker] DEBUG c.g.d.z.s.o.a.h.c.h.i.c.InternalHttpClient - ep-0000000E: endpoint closed
2024-07-24 14:29:55.026 [Test worker] DEBUG c.g.d.z.s.o.a.h.c.h.i.c.InternalHttpClient - ep-0000000E: discarding endpoint
2024-07-24 14:29:55.026 [Test worker] DEBUG c.g.d.z.s.o.a.h.c.h.i.i.PoolingHttpClientConnectionManager - ep-0000000E: releasing endpoint
2024-07-24 14:29:55.026 [Test worker] DEBUG c.g.d.z.s.o.a.h.c.h.i.i.PoolingHttpClientConnectionManager - ep-0000000E: connection is not kept alive
2024-07-24 14:29:55.026 [Test worker] DEBUG c.g.d.z.s.o.a.h.c.h.i.i.PoolingHttpClientConnectionManager - ep-0000000E: connection released [route: {}->npipe://localhost:2375][total available: 0; route allocated: 0 of 2147483647; total allocated: 0 of 2147483647]
2024-07-24 14:29:55.027 [docker-java-stream-1415513547] DEBUG c.g.d.z.s.o.a.hc.client5.http.wire - http-outgoing-1 << "[read] I/O error: java.nio.channels.ClosedChannelException"
2024-07-24 14:29:55.027 [Test worker] DEBUG c.g.d.z.s.o.a.hc.client5.http.wire - http-outgoing-1 << "[read] I/O error: java.nio.channels.ClosedChannelException"
2024-07-24 14:29:55.027 [docker-java-stream-1415513547] DEBUG c.g.d.z.ApacheDockerHttpClientImpl$ApacheResponse - Failed to close the response
java.io.IOException: java.nio.channels.ClosedChannelException
	at java.base/java.nio.channels.Channels$2.read(Channels.java:240)
	at com.github.dockerjava.zerodep.shaded.org.apache.hc.client5.http.impl.io.LoggingInputStream.read(LoggingInputStream.java:81)
	at com.github.dockerjava.zerodep.shaded.org.apache.hc.core5.http.impl.io.SessionInputBufferImpl.fillBuffer(SessionInputBufferImpl.java:149)
	at com.github.dockerjava.zerodep.shaded.org.apache.hc.core5.http.impl.io.SessionInputBufferImpl.readLine(SessionInputBufferImpl.java:280)
	at com.github.dockerjava.zerodep.shaded.org.apache.hc.core5.http.impl.io.ChunkedInputStream.getChunkSize(ChunkedInputStream.java:261)
	at com.github.dockerjava.zerodep.shaded.org.apache.hc.core5.http.impl.io.ChunkedInputStream.nextChunk(ChunkedInputStream.java:222)
	at com.github.dockerjava.zerodep.shaded.org.apache.hc.core5.http.impl.io.ChunkedInputStream.read(ChunkedInputStream.java:147)
	at com.github.dockerjava.zerodep.shaded.org.apache.hc.core5.http.impl.io.ChunkedInputStream.close(ChunkedInputStream.java:314)
	at com.github.dockerjava.zerodep.shaded.org.apache.hc.core5.io.Closer.close(Closer.java:48)
	at com.github.dockerjava.zerodep.shaded.org.apache.hc.core5.http.impl.io.IncomingHttpEntity.close(IncomingHttpEntity.java:111)
	at com.github.dockerjava.zerodep.shaded.org.apache.hc.core5.http.io.entity.HttpEntityWrapper.close(HttpEntityWrapper.java:120)
	at com.github.dockerjava.zerodep.shaded.org.apache.hc.core5.io.Closer.close(Closer.java:48)
	at com.github.dockerjava.zerodep.shaded.org.apache.hc.core5.http.message.BasicClassicHttpResponse.close(BasicClassicHttpResponse.java:93)
	at com.github.dockerjava.zerodep.shaded.org.apache.hc.client5.http.impl.classic.CloseableHttpResponse.close(CloseableHttpResponse.java:200)
	at com.github.dockerjava.zerodep.ApacheDockerHttpClientImpl$ApacheResponse.close(ApacheDockerHttpClientImpl.java:271)
	at org.testcontainers.shaded.com.github.dockerjava.core.DefaultInvocationBuilder.lambda$executeAndStream$1(DefaultInvocationBuilder.java:277)
	at java.base/java.lang.Thread.run(Thread.java:833)
Caused by: java.nio.channels.ClosedChannelException: null
	at java.base/sun.nio.ch.WindowsAsynchronousFileChannelImpl.implRead(WindowsAsynchronousFileChannelImpl.java:516)
	at java.base/sun.nio.ch.AsynchronousFileChannelImpl.read(AsynchronousFileChannelImpl.java:229)
	at com.github.dockerjava.transport.NamedPipeSocket$AsynchronousFileByteChannel.read(NamedPipeSocket.java:117)
	at java.base/java.nio.channels.Channels$2.read(Channels.java:238)
	... 16 common frames omitted
2024-07-24 14:29:55.027 [Test worker] DEBUG c.g.d.z.ApacheDockerHttpClientImpl$ApacheResponse - Failed to close the response
java.io.IOException: java.nio.channels.ClosedChannelException
	at java.base/java.nio.channels.Channels$2.read(Channels.java:240)
	at com.github.dockerjava.zerodep.shaded.org.apache.hc.client5.http.impl.io.LoggingInputStream.read(LoggingInputStream.java:81)
	at com.github.dockerjava.zerodep.shaded.org.apache.hc.core5.http.impl.io.SessionInputBufferImpl.fillBuffer(SessionInputBufferImpl.java:149)
	at com.github.dockerjava.zerodep.shaded.org.apache.hc.core5.http.impl.io.SessionInputBufferImpl.readLine(SessionInputBufferImpl.java:280)
	at com.github.dockerjava.zerodep.shaded.org.apache.hc.core5.http.impl.io.ChunkedInputStream.getChunkSize(ChunkedInputStream.java:261)
	at com.github.dockerjava.zerodep.shaded.org.apache.hc.core5.http.impl.io.ChunkedInputStream.nextChunk(ChunkedInputStream.java:222)
	at com.github.dockerjava.zerodep.shaded.org.apache.hc.core5.http.impl.io.ChunkedInputStream.read(ChunkedInputStream.java:147)
	at com.github.dockerjava.zerodep.shaded.org.apache.hc.core5.http.impl.io.ChunkedInputStream.close(ChunkedInputStream.java:314)
	at com.github.dockerjava.zerodep.shaded.org.apache.hc.core5.io.Closer.close(Closer.java:48)
	at com.github.dockerjava.zerodep.shaded.org.apache.hc.core5.http.impl.io.IncomingHttpEntity.close(IncomingHttpEntity.java:111)
	at com.github.dockerjava.zerodep.shaded.org.apache.hc.core5.http.io.entity.HttpEntityWrapper.close(HttpEntityWrapper.java:120)
	at com.github.dockerjava.zerodep.shaded.org.apache.hc.core5.io.Closer.close(Closer.java:48)
	at com.github.dockerjava.zerodep.shaded.org.apache.hc.core5.http.message.BasicClassicHttpResponse.close(BasicClassicHttpResponse.java:93)
	at com.github.dockerjava.zerodep.shaded.org.apache.hc.client5.http.impl.classic.CloseableHttpResponse.close(CloseableHttpResponse.java:200)
	at com.github.dockerjava.zerodep.ApacheDockerHttpClientImpl$ApacheResponse.close(ApacheDockerHttpClientImpl.java:271)
	at org.testcontainers.shaded.com.github.dockerjava.core.DefaultInvocationBuilder.lambda$null$0(DefaultInvocationBuilder.java:272)
	at com.github.dockerjava.api.async.ResultCallbackTemplate.close(ResultCallbackTemplate.java:77)
	at org.testcontainers.containers.output.FrameConsumerResultCallback.close(FrameConsumerResultCallback.java:69)
	at org.testcontainers.containers.wait.strategy.LogMessageWaitStrategy.waitUntilReady(LogMessageWaitStrategy.java:49)
	at org.testcontainers.containers.wait.strategy.AbstractWaitStrategy.waitUntilReady(AbstractWaitStrategy.java:52)
	at org.testcontainers.containers.PostgreSQLContainer.waitUntilContainerStarted(PostgreSQLContainer.java:149)
	at org.testcontainers.containers.GenericContainer.tryStart(GenericContainer.java:500)
	at org.testcontainers.containers.GenericContainer.lambda$doStart$0(GenericContainer.java:354)
	at org.rnorth.ducttape.unreliables.Unreliables.retryUntilSuccess(Unreliables.java:81)
	at org.testcontainers.containers.GenericContainer.doStart(GenericContainer.java:344)
	at org.testcontainers.containers.GenericContainer.start(GenericContainer.java:330)
	at com.unitedApi.WorkStationDAOTest.<init>(WorkStationDAOTest.kt:31)
	at java.base/jdk.internal.reflect.NativeConstructorAccessorImpl.newInstance0(Native Method)
	at java.base/jdk.internal.reflect.NativeConstructorAccessorImpl.newInstance(NativeConstructorAccessorImpl.java:77)
	at java.base/jdk.internal.reflect.DelegatingConstructorAccessorImpl.newInstance(DelegatingConstructorAccessorImpl.java:45)
	at java.base/java.lang.reflect.Constructor.newInstanceWithCaller(Constructor.java:499)
	at java.base/java.lang.reflect.Constructor.newInstance(Constructor.java:480)
	at org.junit.runners.BlockJUnit4ClassRunner.createTest(BlockJUnit4ClassRunner.java:250)
	at org.junit.runners.BlockJUnit4ClassRunner.createTest(BlockJUnit4ClassRunner.java:260)
	at org.junit.runners.BlockJUnit4ClassRunner$2.runReflectiveCall(BlockJUnit4ClassRunner.java:309)
	at org.junit.internal.runners.model.ReflectiveCallable.run(ReflectiveCallable.java:12)
	at org.junit.runners.BlockJUnit4ClassRunner.methodBlock(BlockJUnit4ClassRunner.java:306)
	at org.junit.runners.BlockJUnit4ClassRunner$1.evaluate(BlockJUnit4ClassRunner.java:100)
	at org.junit.runners.ParentRunner.runLeaf(ParentRunner.java:366)
	at org.junit.runners.BlockJUnit4ClassRunner.runChild(BlockJUnit4ClassRunner.java:103)
	at org.junit.runners.BlockJUnit4ClassRunner.runChild(BlockJUnit4ClassRunner.java:63)
	at org.junit.runners.ParentRunner$4.run(ParentRunner.java:331)
	at org.junit.runners.ParentRunner$1.schedule(ParentRunner.java:79)
	at org.junit.runners.ParentRunner.runChildren(ParentRunner.java:329)
	at org.junit.runners.ParentRunner.access$100(ParentRunner.java:66)
	at org.junit.runners.ParentRunner$2.evaluate(ParentRunner.java:293)
	at org.junit.runners.ParentRunner$3.evaluate(ParentRunner.java:306)
	at org.junit.runners.ParentRunner.run(ParentRunner.java:413)
	at org.gradle.api.internal.tasks.testing.junit.JUnitTestClassExecutor.runTestClass(JUnitTestClassExecutor.java:112)
	at org.gradle.api.internal.tasks.testing.junit.JUnitTestClassExecutor.execute(JUnitTestClassExecutor.java:58)
	at org.gradle.api.internal.tasks.testing.junit.JUnitTestClassExecutor.execute(JUnitTestClassExecutor.java:40)
	at org.gradle.api.internal.tasks.testing.junit.AbstractJUnitTestClassProcessor.processTestClass(AbstractJUnitTestClassProcessor.java:60)
	at org.gradle.api.internal.tasks.testing.SuiteTestClassProcessor.processTestClass(SuiteTestClassProcessor.java:52)
	at java.base/jdk.internal.reflect.NativeMethodAccessorImpl.invoke0(Native Method)
	at java.base/jdk.internal.reflect.NativeMethodAccessorImpl.invoke(NativeMethodAccessorImpl.java:77)
	at java.base/jdk.internal.reflect.DelegatingMethodAccessorImpl.invoke(DelegatingMethodAccessorImpl.java:43)
	at java.base/java.lang.reflect.Method.invoke(Method.java:568)
	at org.gradle.internal.dispatch.ReflectionDispatch.dispatch(ReflectionDispatch.java:36)
	at org.gradle.internal.dispatch.ReflectionDispatch.dispatch(ReflectionDispatch.java:24)
	at org.gradle.internal.dispatch.ContextClassLoaderDispatch.dispatch(ContextClassLoaderDispatch.java:33)
	at org.gradle.internal.dispatch.ProxyDispatchAdapter$DispatchingInvocationHandler.invoke(ProxyDispatchAdapter.java:94)
	at jdk.proxy1/jdk.proxy1.$Proxy2.processTestClass(Unknown Source)
	at org.gradle.api.internal.tasks.testing.worker.TestWorker$2.run(TestWorker.java:176)
	at org.gradle.api.internal.tasks.testing.worker.TestWorker.executeAndMaintainThreadName(TestWorker.java:129)
	at org.gradle.api.internal.tasks.testing.worker.TestWorker.execute(TestWorker.java:100)
	at org.gradle.api.internal.tasks.testing.worker.TestWorker.execute(TestWorker.java:60)
	at org.gradle.process.internal.worker.child.ActionExecutionWorker.execute(ActionExecutionWorker.java:56)
	at org.gradle.process.internal.worker.child.SystemApplicationClassLoaderWorker.call(SystemApplicationClassLoaderWorker.java:113)
	at org.gradle.process.internal.worker.child.SystemApplicationClassLoaderWorker.call(SystemApplicationClassLoaderWorker.java:65)
	at worker.org.gradle.process.internal.worker.GradleWorkerMain.run(GradleWorkerMain.java:69)
	at worker.org.gradle.process.internal.worker.GradleWorkerMain.main(GradleWorkerMain.java:74)
Caused by: java.nio.channels.ClosedChannelException: null
	at java.base/sun.nio.ch.WindowsAsynchronousFileChannelImpl.implRead(WindowsAsynchronousFileChannelImpl.java:516)
	at java.base/sun.nio.ch.AsynchronousFileChannelImpl.read(AsynchronousFileChannelImpl.java:229)
	at com.github.dockerjava.transport.NamedPipeSocket$AsynchronousFileByteChannel.read(NamedPipeSocket.java:117)
	at java.base/java.nio.channels.Channels$2.read(Channels.java:238)
	... 70 common frames omitted
2024-07-24 14:29:55.029 [Test worker] INFO  tc.postgres:latest - Container postgres:latest started in PT2.2564663S
2024-07-24 14:29:55.031 [Test worker] INFO  tc.postgres:latest - Container is started (JDBC URL: jdbc:postgresql://localhost:51489/db?loggerLevel=OFF)
2024-07-24 14:29:55.044 [Test worker] INFO  org.testcontainers.ext.ScriptUtils - Executing database script from sql/init.sql
2024-07-24 14:29:55.058 [Test worker] DEBUG o.t.s.c.g.d.c.command.AbstrDockerCmd - Cmd: 0c19fc8d9724283b6110cafb8930e7ca98548127b1f0963f5cc98823c64c3c16,false
2024-07-24 14:29:55.058 [Test worker] DEBUG o.t.s.c.g.d.c.e.InspectContainerCmdExec - GET: DefaultWebTarget{path=[/containers/0c19fc8d9724283b6110cafb8930e7ca98548127b1f0963f5cc98823c64c3c16/json], queryParams={}}
2024-07-24 14:29:55.059 [Test worker] DEBUG c.g.d.z.s.o.a.h.c.h.i.c.InternalHttpClient - ex-00000010: preparing request execution
2024-07-24 14:29:55.059 [Test worker] DEBUG c.g.d.z.s.o.a.h.c.h.p.RequestAddCookies - Cookie spec selected: strict
2024-07-24 14:29:55.059 [Test worker] DEBUG c.g.d.z.s.o.a.h.c.h.p.RequestAuthCache - Auth cache not set in the context
2024-07-24 14:29:55.059 [Test worker] DEBUG c.g.d.z.s.o.a.h.c.h.i.c.ProtocolExec - ex-00000010: target auth state: UNCHALLENGED
2024-07-24 14:29:55.059 [Test worker] DEBUG c.g.d.z.s.o.a.h.c.h.i.c.ProtocolExec - ex-00000010: proxy auth state: UNCHALLENGED
2024-07-24 14:29:55.059 [Test worker] DEBUG c.g.d.z.s.o.a.h.c.h.i.c.ConnectExec - ex-00000010: acquiring connection with route {}->npipe://localhost:2375
2024-07-24 14:29:55.059 [Test worker] DEBUG c.g.d.z.s.o.a.h.c.h.i.c.InternalHttpClient - ex-00000010: acquiring endpoint (3 MINUTES)
2024-07-24 14:29:55.059 [Test worker] DEBUG c.g.d.z.s.o.a.h.c.h.i.i.PoolingHttpClientConnectionManager - ex-00000010: endpoint lease request (3 MINUTES) [route: {}->npipe://localhost:2375][total available: 0; route allocated: 0 of 2147483647; total allocated: 0 of 2147483647]
2024-07-24 14:29:55.060 [Test worker] DEBUG c.g.d.z.s.o.a.h.c.h.i.i.PoolingHttpClientConnectionManager - ex-00000010: endpoint leased [route: {}->npipe://localhost:2375][total available: 0; route allocated: 1 of 2147483647; total allocated: 1 of 2147483647]
2024-07-24 14:29:55.060 [Test worker] DEBUG c.g.d.z.s.o.a.h.c.h.i.i.PoolingHttpClientConnectionManager - ex-00000010: acquired ep-0000000F
2024-07-24 14:29:55.060 [Test worker] DEBUG c.g.d.z.s.o.a.h.c.h.i.c.InternalHttpClient - ex-00000010: acquired endpoint ep-0000000F
2024-07-24 14:29:55.060 [Test worker] DEBUG c.g.d.z.s.o.a.h.c.h.i.c.ConnectExec - ex-00000010: opening connection {}->npipe://localhost:2375
2024-07-24 14:29:55.060 [Test worker] DEBUG c.g.d.z.s.o.a.h.c.h.i.c.InternalHttpClient - ep-0000000F: connecting endpoint (3 MINUTES)
2024-07-24 14:29:55.060 [Test worker] DEBUG c.g.d.z.s.o.a.h.c.h.i.i.PoolingHttpClientConnectionManager - ep-0000000F: connecting endpoint to npipe://localhost:2375 (3 MINUTES)
2024-07-24 14:29:55.060 [Test worker] DEBUG c.g.d.z.s.o.a.h.c.h.i.i.DefaultHttpClientConnectionOperator - http-outgoing-2: connecting to localhost/127.0.0.1:2375
2024-07-24 14:29:55.061 [Test worker] DEBUG c.g.d.z.s.o.a.h.c.h.i.i.DefaultHttpClientConnectionOperator - http-outgoing-2: connection established 
2024-07-24 14:29:55.062 [Test worker] DEBUG c.g.d.z.s.o.a.h.c.h.i.i.PoolingHttpClientConnectionManager - ep-0000000F: connected http-outgoing-2
2024-07-24 14:29:55.062 [Test worker] DEBUG c.g.d.z.s.o.a.h.c.h.i.c.InternalHttpClient - ep-0000000F: endpoint connected
2024-07-24 14:29:55.062 [Test worker] DEBUG c.g.d.z.s.o.a.h.c.h.i.c.MainClientExec - ex-00000010: executing GET /v1.32/containers/0c19fc8d9724283b6110cafb8930e7ca98548127b1f0963f5cc98823c64c3c16/json HTTP/1.1
2024-07-24 14:29:55.062 [Test worker] DEBUG c.g.d.z.s.o.a.h.c.h.i.c.InternalHttpClient - ep-0000000F: start execution ex-00000010
2024-07-24 14:29:55.062 [Test worker] DEBUG c.g.d.z.s.o.a.h.c.h.i.i.PoolingHttpClientConnectionManager - ep-0000000F: executing exchange ex-00000010 over http-outgoing-2
2024-07-24 14:29:55.062 [Test worker] DEBUG c.g.d.z.s.o.a.h.client5.http.headers - http-outgoing-2 >> GET /v1.32/containers/0c19fc8d9724283b6110cafb8930e7ca98548127b1f0963f5cc98823c64c3c16/json HTTP/1.1
2024-07-24 14:29:55.062 [Test worker] DEBUG c.g.d.z.s.o.a.h.client5.http.headers - http-outgoing-2 >> accept: application/json
2024-07-24 14:29:55.062 [Test worker] DEBUG c.g.d.z.s.o.a.h.client5.http.headers - http-outgoing-2 >> x-tc-sid: 280e6229-7396-4d60-b1e3-a5de48b5d49b
2024-07-24 14:29:55.062 [Test worker] DEBUG c.g.d.z.s.o.a.h.client5.http.headers - http-outgoing-2 >> User-Agent: tc-java/1.19.8
2024-07-24 14:29:55.062 [Test worker] DEBUG c.g.d.z.s.o.a.h.client5.http.headers - http-outgoing-2 >> Accept-Encoding: gzip, x-gzip, deflate
2024-07-24 14:29:55.062 [Test worker] DEBUG c.g.d.z.s.o.a.h.client5.http.headers - http-outgoing-2 >> Host: localhost:2375
2024-07-24 14:29:55.062 [Test worker] DEBUG c.g.d.z.s.o.a.h.client5.http.headers - http-outgoing-2 >> Connection: keep-alive
2024-07-24 14:29:55.062 [Test worker] DEBUG c.g.d.z.s.o.a.hc.client5.http.wire - http-outgoing-2 >> "GET /v1.32/containers/0c19fc8d9724283b6110cafb8930e7ca98548127b1f0963f5cc98823c64c3c16/json HTTP/1.1[\r][\n]"
2024-07-24 14:29:55.062 [Test worker] DEBUG c.g.d.z.s.o.a.hc.client5.http.wire - http-outgoing-2 >> "accept: application/json[\r][\n]"
2024-07-24 14:29:55.062 [Test worker] DEBUG c.g.d.z.s.o.a.hc.client5.http.wire - http-outgoing-2 >> "x-tc-sid: 280e6229-7396-4d60-b1e3-a5de48b5d49b[\r][\n]"
2024-07-24 14:29:55.062 [Test worker] DEBUG c.g.d.z.s.o.a.hc.client5.http.wire - http-outgoing-2 >> "User-Agent: tc-java/1.19.8[\r][\n]"
2024-07-24 14:29:55.062 [Test worker] DEBUG c.g.d.z.s.o.a.hc.client5.http.wire - http-outgoing-2 >> "Accept-Encoding: gzip, x-gzip, deflate[\r][\n]"
2024-07-24 14:29:55.062 [Test worker] DEBUG c.g.d.z.s.o.a.hc.client5.http.wire - http-outgoing-2 >> "Host: localhost:2375[\r][\n]"
2024-07-24 14:29:55.062 [Test worker] DEBUG c.g.d.z.s.o.a.hc.client5.http.wire - http-outgoing-2 >> "Connection: keep-alive[\r][\n]"
2024-07-24 14:29:55.062 [Test worker] DEBUG c.g.d.z.s.o.a.hc.client5.http.wire - http-outgoing-2 >> "[\r][\n]"
2024-07-24 14:29:55.068 [Test worker] DEBUG c.g.d.z.s.o.a.hc.client5.http.wire - http-outgoing-2 << "HTTP/1.1 200 OK[\r][\n]"
2024-07-24 14:29:55.069 [Test worker] DEBUG c.g.d.z.s.o.a.hc.client5.http.wire - http-outgoing-2 << "Api-Version: 1.45[\r][\n]"
2024-07-24 14:29:55.069 [Test worker] DEBUG c.g.d.z.s.o.a.hc.client5.http.wire - http-outgoing-2 << "Content-Type: application/json[\r][\n]"
2024-07-24 14:29:55.069 [Test worker] DEBUG c.g.d.z.s.o.a.hc.client5.http.wire - http-outgoing-2 << "Date: Wed, 24 Jul 2024 02:29:55 GMT[\r][\n]"
2024-07-24 14:29:55.069 [Test worker] DEBUG c.g.d.z.s.o.a.hc.client5.http.wire - http-outgoing-2 << "Docker-Experimental: false[\r][\n]"
2024-07-24 14:29:55.069 [Test worker] DEBUG c.g.d.z.s.o.a.hc.client5.http.wire - http-outgoing-2 << "Ostype: linux[\r][\n]"
2024-07-24 14:29:55.069 [Test worker] DEBUG c.g.d.z.s.o.a.hc.client5.http.wire - http-outgoing-2 << "Server: Docker/26.0.0 (linux)[\r][\n]"
2024-07-24 14:29:55.069 [Test worker] DEBUG c.g.d.z.s.o.a.hc.client5.http.wire - http-outgoing-2 << "Transfer-Encoding: chunked[\r][\n]"
2024-07-24 14:29:55.070 [Test worker] DEBUG c.g.d.z.s.o.a.hc.client5.http.wire - http-outgoing-2 << "[\r][\n]"
2024-07-24 14:29:55.070 [Test worker] DEBUG c.g.d.z.s.o.a.h.client5.http.headers - http-outgoing-2 << HTTP/1.1 200 OK
2024-07-24 14:29:55.070 [Test worker] DEBUG c.g.d.z.s.o.a.h.client5.http.headers - http-outgoing-2 << Api-Version: 1.45
2024-07-24 14:29:55.070 [Test worker] DEBUG c.g.d.z.s.o.a.h.client5.http.headers - http-outgoing-2 << Content-Type: application/json
2024-07-24 14:29:55.070 [Test worker] DEBUG c.g.d.z.s.o.a.h.client5.http.headers - http-outgoing-2 << Date: Wed, 24 Jul 2024 02:29:55 GMT
2024-07-24 14:29:55.070 [Test worker] DEBUG c.g.d.z.s.o.a.h.client5.http.headers - http-outgoing-2 << Docker-Experimental: false
2024-07-24 14:29:55.070 [Test worker] DEBUG c.g.d.z.s.o.a.h.client5.http.headers - http-outgoing-2 << Ostype: linux
2024-07-24 14:29:55.070 [Test worker] DEBUG c.g.d.z.s.o.a.h.client5.http.headers - http-outgoing-2 << Server: Docker/26.0.0 (linux)
2024-07-24 14:29:55.070 [Test worker] DEBUG c.g.d.z.s.o.a.h.client5.http.headers - http-outgoing-2 << Transfer-Encoding: chunked
2024-07-24 14:29:55.070 [Test worker] DEBUG c.g.d.z.s.o.a.h.c.h.i.c.MainClientExec - ex-00000010: connection can be kept alive for 3 MINUTES
2024-07-24 14:29:55.071 [Test worker] DEBUG c.g.d.z.s.o.a.hc.client5.http.wire - http-outgoing-2 << "1a38[\r][\n]"
2024-07-24 14:29:55.072 [Test worker] DEBUG c.g.d.z.s.o.a.hc.client5.http.wire - http-outgoing-2 << "{"Id":"0c19fc8d9724283b6110cafb8930e7ca98548127b1f0963f5cc98823c64c3c16","Created":"2024-07-24T02:29:52.785070189Z","Path":"docker-entrypoint.sh","Args":["postgres","-c","fsync=off"],"State":{"Status":"running","Running":true,"Paused":false,"Restarting":false,"OOMKilled":false,"Dead":false,"Pid":27818,"ExitCode":0,"Error":"","StartedAt":"2024-07-24T02:29:53.232841756Z","FinishedAt":"0001-01-01T00:00:00Z"},"Image":"sha256:8e4fc9e184899a58735e7ee333f5e272d7d2298cf59302006b71f33e217be130","ResolvConfPath":"/var/lib/docker/containers/0c19fc8d9724283b6110cafb8930e7ca98548127b1f0963f5cc98823c64c3c16/resolv.conf","HostnamePath":"/var/lib/docker/containers/0c19fc8d9724283b6110cafb8930e7ca98548127b1f0963f5cc98823c64c3c16/hostname","HostsPath":"/var/lib/docker/containers/0c19fc8d9724283b6110cafb8930e7ca98548127b1f0963f5cc98823c64c3c16/hosts","LogPath":"/var/lib/docker/containers/0c19fc8d9724283b6110cafb8930e7ca98548127b1f0963f5cc98823c64c3c16/0c19fc8d9724283b6110cafb8930e7ca98548127b1f0963f5cc98823c64c3c16-json.log","Name":"/gallant_mcnulty","RestartCount":0,"Driver":"overlay2","Platform":"linux","MountLabel":"","ProcessLabel":"","AppArmorProfile":"","ExecIDs":null,"HostConfig":{"Binds":[],"ContainerIDFile":"","LogConfig":{"Type":"json-file","Config":{}},"NetworkMode":"default","PortBindings":{"5432/tcp":[{"HostIp":"0.0.0.0","HostPort":"0"}]},"RestartPolicy":{"Name":"no","MaximumRetryCount":0},"AutoRemove":false,"VolumeDriver":"","VolumesFrom":[],"ConsoleSize":[0,0],"CapAdd":null,"CapDrop":null,"CgroupnsMode":"host","Dns":null,"DnsOptions":null,"DnsSearch":null,"ExtraHosts":[],"GroupAdd":null,"IpcMode":"shareable","Cgroup":"","Links":null,"OomScoreAdj":0,"PidMode":"","Privileged":false,"PublishAllPorts":false,"ReadonlyRootfs":false,"SecurityOpt":null,"UTSMode":"","UsernsMode":"","ShmSize":67108864,"Runtime":"runc","Isolation":"","CpuShares":0,"Memory":0,"NanoCpus":0,"CgroupParent":"","BlkioWeight":0,"BlkioWeightDevice":null,"BlkioDeviceReadBps":null,"BlkioDeviceWriteBps":null,"BlkioDeviceReadIOps":null,"BlkioDeviceWriteIOps":null,"CpuPeriod":0,"CpuQuota":0,"CpuRealtimePeriod":0,"CpuRealtimeRuntime":0,"CpusetCpus":"","CpusetMems":"","Devices":null,"DeviceCgroupRules":null,"DeviceRequests":null,"MemoryReservation":0,"MemorySwap":0,"MemorySwappiness":null,"OomKillDisable":false,"PidsLimit":null,"Ulimits":null,"CpuCount":0,"CpuPercent":0,"IOMaximumIOps":0,"IOMaximumBandwidth":0,"MaskedPaths":["/proc/asound","/proc/acpi","/proc/kcore","/proc/keys","/proc/latency_stats","/proc/timer_list","/proc/timer_stats","/proc/sched_debug","/proc/scsi","/sys/firmware","/sys/devices/virtual/powercap"],"ReadonlyPaths":["/proc/bus","/proc/fs","/proc/irq","/proc/sys","/proc/sysrq-trigger"]},"GraphDriver":{"Data":{"LowerDir":"/var/lib/docker/overlay2/22ba1d87f4f1eed8b06fccd11cef51610f6357cb5e1905e8eeda9e72fbdda08e-init/diff:/var/lib/docker/overlay2/8f0ddbd386af0785c2e348570516955816ab350305d698d363962d488eeb15ec/diff:/var/lib/docker/overlay2/0eb0ca73e9b0be7c3d7fa8762ef4778a68f38391bc84c037c2e90b88e781b475/diff:/var/lib/docker/overlay2/74e634bddc785c5d436b10a5158cd82e21dc2065fd1cf8ff9c1c12e01575a2d8/diff:/var/lib/docker/overlay2/bb918b2851cd2f508f1e3fdbfff8b7f8b041d61e65fe8c368288bf399e80b818/diff:/var/lib/docker/overlay2/2abab2946cbdc2941ee8ec4024c51dac7313dee9de5fbedd1ca33388c59eb3c8/diff:/var/lib/docker/overlay2/e12f6083ee669bd92743ceb339a896bb25dbe461b718705bb39eb410b80c0ecd/diff:/var/lib/docker/overlay2/ced1e86d670d097da5ed4da7288c22507735918959161c2cd8bf083fb30d169a/diff:/var/lib/docker/overlay2/94e9ac7b74923285ae73af20aeccb964ca9079e2305db367cb85d1603560472d/diff:/var/lib/docker/overlay2/a396b6dfd63f0c228c519871183c614cccf4d366a43460f27ecf97113c3c4be8/diff:/var/lib/docker/overlay2/f58ada5d5080c2bac553c734f81127660a90581a35ed2a92cebe3c59e340875b/diff:/var/lib/docker/overlay2/84f85636f37bf55d945e217b4f87a856eba7932284beaf042561007b66f48977/diff:/var/lib/docker/overlay2/1e6e519613884e91a2b74a588ba35dc8a2f789371ab798ef6e7d9836d756042f/diff:/var/lib/docker/overlay2/14a3151cc8b4f9d27d2e64f1a8abc0c7809309580f2d7e8dc8545055c1d56194/diff:/var/lib/docker/overlay2/5b354b9e793401517fe2f1da697653fdaadffc54888eaf76d67e0600b8c68bdc/diff","MergedDir":"/var/lib/docker/overlay2/22ba1d87f4f1eed8b06fccd11cef51610f6357cb5e1905e8eeda9e72fbdda08e/merged","UpperDir":"/var/lib/docker/overlay2/22ba1d87f4f1eed8b06fccd11cef51610f6357cb5e1905e8eeda9e72fbdda08e/diff","WorkDir":"/var/lib/docker/overlay2/22ba1d87f4f1eed8b06fccd11cef51610f6357cb5e1905e8eeda9e72fbdda08e/work"},"Name":"overlay2"},"Mounts":[{"Type":"volume","Name":"5445c20d229ccd9c9061986ca2b2a0c300672312ccbfc2f1db8cba06015583e0","Source":"/var/lib/docker/volumes/5445c20d229ccd9c9061986ca2b2a0c300672312ccbfc2f1db8cba06015583e0/_data","Destination":"/var/lib/postgresql/data","Driver":"local","Mode":"","RW":true,"Propagation":""}],"Config":{"Hostname":"0c19fc8d9724","Domainname":"","User":"","AttachStdin":false,"AttachStdout":false,"AttachStderr":false,"ExposedPorts":{"5432/tcp":{}},"Tty":false,"OpenStdin":false,"StdinOnce":false,"Env":["POSTGRES_USER=user","POSTGRES_PASSWORD=password","POSTGRES_DB=db","PATH=/usr/local/sbin:/usr/local/bin:/usr/sbin:/usr/bin:/sbin:/bin:/usr/lib/postgresql/16/bin","GOSU_VERSION=1.17","LANG=en_US.utf8","PG_MAJOR=16","PG_VERSION=16.2-1.pgdg120+2","PGDATA=/var/lib/postgresql/data"],"Cmd":["postgres","-c","fsync=off"],"Image":"postgres:latest","Volumes":{"/var/lib/postgresql/data":{}},"WorkingDir":"","Entrypoint":["docker-entrypoint.sh"],"OnBuild":null,"Labels":{"org.testcontainers":"true","org.testcontainers.lang":"java","org.testcontainers.sessionId":"280e6229-7396-4d60-b1e3-a5de48b5d49b","org.testcontainers.version":"1.19.8"},"StopSignal":"SIGINT"},"NetworkSettings":{"Bridge":"","SandboxID":"54f15c68931022f3bbd54f43918b93c071720984c1893b398c2eadab7fa6692c","SandboxKey":"/var/run/docker/netns/54f15c689310","Ports":{"5432/tcp":[{"HostIp":"0.0.0.0","HostPort":"51489"}]},"HairpinMode":false,"LinkLocalIPv6Address":"","LinkLocalIPv6PrefixLen":0,"SecondaryIPAddresses":null,"SecondaryIPv6Addresses":null,"EndpointID":"4ea10c875847f131d79c6c6a0981ff7e792d973ee88bedbb67a8ad06e04cc7cc","Gateway":"172.17.0.1","GlobalIPv6Address":"","GlobalIPv6PrefixLen":0,"IPAddress":"172.17.0.3","IPPrefixLen":16,"IPv6Gateway":"","MacAddress":"02:42:ac:11:00:03","Networks":{"bridge":{"IPAMConfig":null,"Links":null,"Aliases":null,"MacAddress":"02:42:ac:11:00:03","NetworkID":"3c842496be344cbdae878c1dee0957e7bc7c0a2236009c92752030f2b053e72f","EndpointID":"4ea10c875847f131d79c6c6a0981ff7e792d973ee88bedbb67a8ad06e04cc7cc","Gateway":"172.17.0.1","IPAddress":"172.17.0.3","IPPrefixLen":16,"IPv6Gateway":"","GlobalIPv6Address":"","GlobalIPv6PrefixLen":0,"DriverOpts":null,"DNSNames":null}}}}[\n]"
2024-07-24 14:29:55.072 [Test worker] DEBUG c.g.d.z.s.o.a.hc.client5.http.wire - http-outgoing-2 << "[\r][\n]"
2024-07-24 14:29:55.072 [Test worker] DEBUG c.g.d.z.s.o.a.hc.client5.http.wire - http-outgoing-2 << "0[\r][\n]"
2024-07-24 14:29:55.072 [Test worker] DEBUG c.g.d.z.s.o.a.hc.client5.http.wire - http-outgoing-2 << "[\r][\n]"
2024-07-24 14:29:55.076 [Test worker] DEBUG c.g.d.z.s.o.a.h.c.h.i.c.InternalHttpClient - ep-0000000F: releasing valid endpoint
2024-07-24 14:29:55.076 [Test worker] DEBUG c.g.d.z.s.o.a.h.c.h.i.i.PoolingHttpClientConnectionManager - ep-0000000F: releasing endpoint
2024-07-24 14:29:55.076 [Test worker] DEBUG c.g.d.z.s.o.a.h.c.h.i.i.PoolingHttpClientConnectionManager - ep-0000000F: connection http-outgoing-2 can be kept alive for 3 MINUTES
2024-07-24 14:29:55.076 [Test worker] DEBUG c.g.d.z.s.o.a.h.c.h.i.i.PoolingHttpClientConnectionManager - ep-0000000F: connection released [route: {}->npipe://localhost:2375][total available: 1; route allocated: 1 of 2147483647; total allocated: 1 of 2147483647]
2024-07-24 14:29:55.076 [Test worker] DEBUG tc.postgres:latest - Trying to create JDBC connection using org.postgresql.Driver to jdbc:postgresql://localhost:51489/db?loggerLevel=OFF with properties: {password=password, user=user}
2024-07-24 14:29:55.286 [Test worker] DEBUG o.t.jdbc.JdbcDatabaseDelegate - false returned as updateCount for SQL: drop table if exists WorkedOn
2024-07-24 14:29:55.289 [Test worker] DEBUG o.t.jdbc.JdbcDatabaseDelegate - false returned as updateCount for SQL: drop table if exists SequenceLine
2024-07-24 14:29:55.290 [Test worker] DEBUG o.t.jdbc.JdbcDatabaseDelegate - false returned as updateCount for SQL: drop table if exists WorkOrder
2024-07-24 14:29:55.291 [Test worker] DEBUG o.t.jdbc.JdbcDatabaseDelegate - false returned as updateCount for SQL: drop table if exists SequenceHeader
2024-07-24 14:29:55.292 [Test worker] DEBUG o.t.jdbc.JdbcDatabaseDelegate - false returned as updateCount for SQL: drop table if exists SaleOrderLine
2024-07-24 14:29:55.292 [Test worker] DEBUG o.t.jdbc.JdbcDatabaseDelegate - false returned as updateCount for SQL: drop table if exists SaleOrderHeader
2024-07-24 14:29:55.294 [Test worker] DEBUG o.t.jdbc.JdbcDatabaseDelegate - false returned as updateCount for SQL: drop table if exists Staff
2024-07-24 14:29:55.295 [Test worker] DEBUG o.t.jdbc.JdbcDatabaseDelegate - false returned as updateCount for SQL: drop table if exists WorkStation
2024-07-24 14:29:55.296 [Test worker] DEBUG o.t.jdbc.JdbcDatabaseDelegate - false returned as updateCount for SQL: drop table if exists Part
2024-07-24 14:29:55.298 [Test worker] DEBUG o.t.jdbc.JdbcDatabaseDelegate - false returned as updateCount for SQL: drop table if exists Customer
2024-07-24 14:29:55.303 [Test worker] DEBUG o.t.jdbc.JdbcDatabaseDelegate - false returned as updateCount for SQL: create table Customer ( customerId VarChar(8) PRIMARY Key, name VarChar(100) not null, address VarChar(500) not null )
2024-07-24 14:29:55.309 [Test worker] DEBUG o.t.jdbc.JdbcDatabaseDelegate - false returned as updateCount for SQL: create table Part ( partId VarChar(6) PRIMARY KEY, inventory Int not null, name VarChar(100) not null )
2024-07-24 14:29:55.313 [Test worker] DEBUG o.t.jdbc.JdbcDatabaseDelegate - false returned as updateCount for SQL: create table WorkStation ( name VarChar(50) PRIMARY KEY )
2024-07-24 14:29:55.316 [Test worker] DEBUG o.t.jdbc.JdbcDatabaseDelegate - false returned as updateCount for SQL: create table Staff ( staffID VarChar(6) PRIMARY KEY, name VarChar(100) not null )
2024-07-24 14:29:55.319 [Test worker] DEBUG o.t.jdbc.JdbcDatabaseDelegate - false returned as updateCount for SQL: create table SaleOrderHeader ( soHeaderId VarChar(6) PRIMARY key , customerId VarChar(8) not null references Customer (customerId) )
2024-07-24 14:29:55.322 [Test worker] DEBUG o.t.jdbc.JdbcDatabaseDelegate - false returned as updateCount for SQL: create table SaleOrderLine ( soLineId VarChar(6), soHeaderId VarChar(6) references SaleOrderHeader (soHeaderID), dateDue Date not null, partID VarChar(6) not null references Part(partId), PRIMARY KEY (soLineId,soHeaderId) )
2024-07-24 14:29:55.326 [Test worker] DEBUG o.t.jdbc.JdbcDatabaseDelegate - false returned as updateCount for SQL: create table SequenceHeader ( seqHeaderId VarChar(6) PRIMARY KEY, partId VarChar(6) not null references Part(partId) )
2024-07-24 14:29:55.329 [Test worker] DEBUG o.t.jdbc.JdbcDatabaseDelegate - false returned as updateCount for SQL: create table WorkOrder ( workOrderId VarChar(8) PRIMARY KEY, seqHeaderId VarChar(6) not null REFERENCES SequenceHeader (seqHeaderId), soLineId VarChar(6) not null, soHeaderId VarChar(6) not null, quanity Int not null, FOREIGN KEY (soLineId,soHeaderId) REFERENCES SaleOrderLine (soLineId,soHeaderId) )
2024-07-24 14:29:55.332 [Test worker] DEBUG o.t.jdbc.JdbcDatabaseDelegate - false returned as updateCount for SQL: create table SequenceLine ( seqLineId VarChar(10), seqHeaderId VarChar(6) references SequenceHeader (seqHeaderId), workStation VarChar(50) not null references WorkStation(name), PRIMARY KEY(seqLineId,seqHeaderId) )
2024-07-24 14:29:55.336 [Test worker] DEBUG o.t.jdbc.JdbcDatabaseDelegate - false returned as updateCount for SQL: create table WorkedOn ( staffId VarChar(8) references Staff (staffId), seqHeaderId VarChar(6), seqLineId VarChar(10), workOrderId VarChar(50) references WorkOrder(workOrderId), PRIMARY key (staffId,seqHeaderId,seqLineId,workOrderId), FOREIGN KEY (seqHeaderId,seqLineId) REFERENCES SequenceLine (seqHeaderId,seqLineId) )
2024-07-24 14:29:55.337 [Test worker] INFO  org.testcontainers.ext.ScriptUtils - Executed database script from sql/init.sql in 291 ms.
2024-07-24 14:29:55.812 [Test worker] DEBUG o.t.s.c.g.d.c.command.AbstrDockerCmd - Cmd: 0c19fc8d9724283b6110cafb8930e7ca98548127b1f0963f5cc98823c64c3c16,false
2024-07-24 14:29:55.812 [Test worker] DEBUG o.t.s.c.g.d.c.e.InspectContainerCmdExec - GET: DefaultWebTarget{path=[/containers/0c19fc8d9724283b6110cafb8930e7ca98548127b1f0963f5cc98823c64c3c16/json], queryParams={}}
2024-07-24 14:29:55.813 [Test worker] DEBUG c.g.d.z.s.o.a.h.c.h.i.c.InternalHttpClient - ex-00000011: preparing request execution
2024-07-24 14:29:55.813 [Test worker] DEBUG c.g.d.z.s.o.a.h.c.h.p.RequestAddCookies - Cookie spec selected: strict
2024-07-24 14:29:55.813 [Test worker] DEBUG c.g.d.z.s.o.a.h.c.h.p.RequestAuthCache - Auth cache not set in the context
2024-07-24 14:29:55.813 [Test worker] DEBUG c.g.d.z.s.o.a.h.c.h.i.c.ProtocolExec - ex-00000011: target auth state: UNCHALLENGED
2024-07-24 14:29:55.813 [Test worker] DEBUG c.g.d.z.s.o.a.h.c.h.i.c.ProtocolExec - ex-00000011: proxy auth state: UNCHALLENGED
2024-07-24 14:29:55.813 [Test worker] DEBUG c.g.d.z.s.o.a.h.c.h.i.c.ConnectExec - ex-00000011: acquiring connection with route {}->npipe://localhost:2375
2024-07-24 14:29:55.813 [Test worker] DEBUG c.g.d.z.s.o.a.h.c.h.i.c.InternalHttpClient - ex-00000011: acquiring endpoint (3 MINUTES)
2024-07-24 14:29:55.813 [Test worker] DEBUG c.g.d.z.s.o.a.h.c.h.i.i.PoolingHttpClientConnectionManager - ex-00000011: endpoint lease request (3 MINUTES) [route: {}->npipe://localhost:2375][total available: 1; route allocated: 1 of 2147483647; total allocated: 1 of 2147483647]
2024-07-24 14:29:55.813 [Test worker] DEBUG c.g.d.z.s.o.a.h.c.h.i.i.PoolingHttpClientConnectionManager - ex-00000011: endpoint leased [route: {}->npipe://localhost:2375][total available: 0; route allocated: 1 of 2147483647; total allocated: 1 of 2147483647]
2024-07-24 14:29:55.813 [Test worker] DEBUG c.g.d.z.s.o.a.h.c.h.i.i.PoolingHttpClientConnectionManager - ex-00000011: acquired ep-00000010
2024-07-24 14:29:55.813 [Test worker] DEBUG c.g.d.z.s.o.a.h.c.h.i.c.InternalHttpClient - ex-00000011: acquired endpoint ep-00000010
2024-07-24 14:29:55.813 [Test worker] DEBUG c.g.d.z.s.o.a.h.c.h.i.c.MainClientExec - ex-00000011: executing GET /v1.32/containers/0c19fc8d9724283b6110cafb8930e7ca98548127b1f0963f5cc98823c64c3c16/json HTTP/1.1
2024-07-24 14:29:55.813 [Test worker] DEBUG c.g.d.z.s.o.a.h.c.h.i.c.InternalHttpClient - ep-00000010: start execution ex-00000011
2024-07-24 14:29:55.813 [Test worker] DEBUG c.g.d.z.s.o.a.h.c.h.i.i.PoolingHttpClientConnectionManager - ep-00000010: executing exchange ex-00000011 over http-outgoing-2
2024-07-24 14:29:55.813 [Test worker] DEBUG c.g.d.z.s.o.a.h.client5.http.headers - http-outgoing-2 >> GET /v1.32/containers/0c19fc8d9724283b6110cafb8930e7ca98548127b1f0963f5cc98823c64c3c16/json HTTP/1.1
2024-07-24 14:29:55.813 [Test worker] DEBUG c.g.d.z.s.o.a.h.client5.http.headers - http-outgoing-2 >> accept: application/json
2024-07-24 14:29:55.813 [Test worker] DEBUG c.g.d.z.s.o.a.h.client5.http.headers - http-outgoing-2 >> x-tc-sid: 280e6229-7396-4d60-b1e3-a5de48b5d49b
2024-07-24 14:29:55.813 [Test worker] DEBUG c.g.d.z.s.o.a.h.client5.http.headers - http-outgoing-2 >> User-Agent: tc-java/1.19.8
2024-07-24 14:29:55.813 [Test worker] DEBUG c.g.d.z.s.o.a.h.client5.http.headers - http-outgoing-2 >> Accept-Encoding: gzip, x-gzip, deflate
2024-07-24 14:29:55.813 [Test worker] DEBUG c.g.d.z.s.o.a.h.client5.http.headers - http-outgoing-2 >> Host: localhost:2375
2024-07-24 14:29:55.813 [Test worker] DEBUG c.g.d.z.s.o.a.h.client5.http.headers - http-outgoing-2 >> Connection: keep-alive
2024-07-24 14:29:55.813 [Test worker] DEBUG c.g.d.z.s.o.a.hc.client5.http.wire - http-outgoing-2 >> "GET /v1.32/containers/0c19fc8d9724283b6110cafb8930e7ca98548127b1f0963f5cc98823c64c3c16/json HTTP/1.1[\r][\n]"
2024-07-24 14:29:55.813 [Test worker] DEBUG c.g.d.z.s.o.a.hc.client5.http.wire - http-outgoing-2 >> "accept: application/json[\r][\n]"
2024-07-24 14:29:55.813 [Test worker] DEBUG c.g.d.z.s.o.a.hc.client5.http.wire - http-outgoing-2 >> "x-tc-sid: 280e6229-7396-4d60-b1e3-a5de48b5d49b[\r][\n]"
2024-07-24 14:29:55.813 [Test worker] DEBUG c.g.d.z.s.o.a.hc.client5.http.wire - http-outgoing-2 >> "User-Agent: tc-java/1.19.8[\r][\n]"
2024-07-24 14:29:55.813 [Test worker] DEBUG c.g.d.z.s.o.a.hc.client5.http.wire - http-outgoing-2 >> "Accept-Encoding: gzip, x-gzip, deflate[\r][\n]"
2024-07-24 14:29:55.813 [Test worker] DEBUG c.g.d.z.s.o.a.hc.client5.http.wire - http-outgoing-2 >> "Host: localhost:2375[\r][\n]"
2024-07-24 14:29:55.813 [Test worker] DEBUG c.g.d.z.s.o.a.hc.client5.http.wire - http-outgoing-2 >> "Connection: keep-alive[\r][\n]"
2024-07-24 14:29:55.813 [Test worker] DEBUG c.g.d.z.s.o.a.hc.client5.http.wire - http-outgoing-2 >> "[\r][\n]"
2024-07-24 14:29:55.817 [Test worker] DEBUG c.g.d.z.s.o.a.hc.client5.http.wire - http-outgoing-2 << "HTTP/1.1 200 OK[\r][\n]"
2024-07-24 14:29:55.817 [Test worker] DEBUG c.g.d.z.s.o.a.hc.client5.http.wire - http-outgoing-2 << "Api-Version: 1.45[\r][\n]"
2024-07-24 14:29:55.817 [Test worker] DEBUG c.g.d.z.s.o.a.hc.client5.http.wire - http-outgoing-2 << "Content-Type: application/json[\r][\n]"
2024-07-24 14:29:55.817 [Test worker] DEBUG c.g.d.z.s.o.a.hc.client5.http.wire - http-outgoing-2 << "Date: Wed, 24 Jul 2024 02:29:55 GMT[\r][\n]"
2024-07-24 14:29:55.817 [Test worker] DEBUG c.g.d.z.s.o.a.hc.client5.http.wire - http-outgoing-2 << "Docker-Experimental: false[\r][\n]"
2024-07-24 14:29:55.817 [Test worker] DEBUG c.g.d.z.s.o.a.hc.client5.http.wire - http-outgoing-2 << "Ostype: linux[\r][\n]"
2024-07-24 14:29:55.817 [Test worker] DEBUG c.g.d.z.s.o.a.hc.client5.http.wire - http-outgoing-2 << "Server: Docker/26.0.0 (linux)[\r][\n]"
2024-07-24 14:29:55.817 [Test worker] DEBUG c.g.d.z.s.o.a.hc.client5.http.wire - http-outgoing-2 << "Transfer-Encoding: chunked[\r][\n]"
2024-07-24 14:29:55.818 [Test worker] DEBUG c.g.d.z.s.o.a.hc.client5.http.wire - http-outgoing-2 << "[\r][\n]"
2024-07-24 14:29:55.818 [Test worker] DEBUG c.g.d.z.s.o.a.h.client5.http.headers - http-outgoing-2 << HTTP/1.1 200 OK
2024-07-24 14:29:55.818 [Test worker] DEBUG c.g.d.z.s.o.a.h.client5.http.headers - http-outgoing-2 << Api-Version: 1.45
2024-07-24 14:29:55.818 [Test worker] DEBUG c.g.d.z.s.o.a.h.client5.http.headers - http-outgoing-2 << Content-Type: application/json
2024-07-24 14:29:55.818 [Test worker] DEBUG c.g.d.z.s.o.a.h.client5.http.headers - http-outgoing-2 << Date: Wed, 24 Jul 2024 02:29:55 GMT
2024-07-24 14:29:55.818 [Test worker] DEBUG c.g.d.z.s.o.a.h.client5.http.headers - http-outgoing-2 << Docker-Experimental: false
2024-07-24 14:29:55.818 [Test worker] DEBUG c.g.d.z.s.o.a.h.client5.http.headers - http-outgoing-2 << Ostype: linux
2024-07-24 14:29:55.818 [Test worker] DEBUG c.g.d.z.s.o.a.h.client5.http.headers - http-outgoing-2 << Server: Docker/26.0.0 (linux)
2024-07-24 14:29:55.818 [Test worker] DEBUG c.g.d.z.s.o.a.h.client5.http.headers - http-outgoing-2 << Transfer-Encoding: chunked
2024-07-24 14:29:55.818 [Test worker] DEBUG c.g.d.z.s.o.a.h.c.h.i.c.MainClientExec - ex-00000011: connection can be kept alive for 3 MINUTES
2024-07-24 14:29:55.819 [Test worker] DEBUG c.g.d.z.s.o.a.hc.client5.http.wire - http-outgoing-2 << "1a38[\r][\n]"
2024-07-24 14:29:55.819 [Test worker] DEBUG c.g.d.z.s.o.a.hc.client5.http.wire - http-outgoing-2 << "{"Id":"0c19fc8d9724283b6110cafb8930e7ca98548127b1f0963f5cc98823c64c3c16","Created":"2024-07-24T02:29:52.785070189Z","Path":"docker-entrypoint.sh","Args":["postgres","-c","fsync=off"],"State":{"Status":"running","Running":true,"Paused":false,"Restarting":false,"OOMKilled":false,"Dead":false,"Pid":27818,"ExitCode":0,"Error":"","StartedAt":"2024-07-24T02:29:53.232841756Z","FinishedAt":"0001-01-01T00:00:00Z"},"Image":"sha256:8e4fc9e184899a58735e7ee333f5e272d7d2298cf59302006b71f33e217be130","ResolvConfPath":"/var/lib/docker/containers/0c19fc8d9724283b6110cafb8930e7ca98548127b1f0963f5cc98823c64c3c16/resolv.conf","HostnamePath":"/var/lib/docker/containers/0c19fc8d9724283b6110cafb8930e7ca98548127b1f0963f5cc98823c64c3c16/hostname","HostsPath":"/var/lib/docker/containers/0c19fc8d9724283b6110cafb8930e7ca98548127b1f0963f5cc98823c64c3c16/hosts","LogPath":"/var/lib/docker/containers/0c19fc8d9724283b6110cafb8930e7ca98548127b1f0963f5cc98823c64c3c16/0c19fc8d9724283b6110cafb8930e7ca98548127b1f0963f5cc98823c64c3c16-json.log","Name":"/gallant_mcnulty","RestartCount":0,"Driver":"overlay2","Platform":"linux","MountLabel":"","ProcessLabel":"","AppArmorProfile":"","ExecIDs":null,"HostConfig":{"Binds":[],"ContainerIDFile":"","LogConfig":{"Type":"json-file","Config":{}},"NetworkMode":"default","PortBindings":{"5432/tcp":[{"HostIp":"0.0.0.0","HostPort":"0"}]},"RestartPolicy":{"Name":"no","MaximumRetryCount":0},"AutoRemove":false,"VolumeDriver":"","VolumesFrom":[],"ConsoleSize":[0,0],"CapAdd":null,"CapDrop":null,"CgroupnsMode":"host","Dns":null,"DnsOptions":null,"DnsSearch":null,"ExtraHosts":[],"GroupAdd":null,"IpcMode":"shareable","Cgroup":"","Links":null,"OomScoreAdj":0,"PidMode":"","Privileged":false,"PublishAllPorts":false,"ReadonlyRootfs":false,"SecurityOpt":null,"UTSMode":"","UsernsMode":"","ShmSize":67108864,"Runtime":"runc","Isolation":"","CpuShares":0,"Memory":0,"NanoCpus":0,"CgroupParent":"","BlkioWeight":0,"BlkioWeightDevice":null,"BlkioDeviceReadBps":null,"BlkioDeviceWriteBps":null,"BlkioDeviceReadIOps":null,"BlkioDeviceWriteIOps":null,"CpuPeriod":0,"CpuQuota":0,"CpuRealtimePeriod":0,"CpuRealtimeRuntime":0,"CpusetCpus":"","CpusetMems":"","Devices":null,"DeviceCgroupRules":null,"DeviceRequests":null,"MemoryReservation":0,"MemorySwap":0,"MemorySwappiness":null,"OomKillDisable":false,"PidsLimit":null,"Ulimits":null,"CpuCount":0,"CpuPercent":0,"IOMaximumIOps":0,"IOMaximumBandwidth":0,"MaskedPaths":["/proc/asound","/proc/acpi","/proc/kcore","/proc/keys","/proc/latency_stats","/proc/timer_list","/proc/timer_stats","/proc/sched_debug","/proc/scsi","/sys/firmware","/sys/devices/virtual/powercap"],"ReadonlyPaths":["/proc/bus","/proc/fs","/proc/irq","/proc/sys","/proc/sysrq-trigger"]},"GraphDriver":{"Data":{"LowerDir":"/var/lib/docker/overlay2/22ba1d87f4f1eed8b06fccd11cef51610f6357cb5e1905e8eeda9e72fbdda08e-init/diff:/var/lib/docker/overlay2/8f0ddbd386af0785c2e348570516955816ab350305d698d363962d488eeb15ec/diff:/var/lib/docker/overlay2/0eb0ca73e9b0be7c3d7fa8762ef4778a68f38391bc84c037c2e90b88e781b475/diff:/var/lib/docker/overlay2/74e634bddc785c5d436b10a5158cd82e21dc2065fd1cf8ff9c1c12e01575a2d8/diff:/var/lib/docker/overlay2/bb918b2851cd2f508f1e3fdbfff8b7f8b041d61e65fe8c368288bf399e80b818/diff:/var/lib/docker/overlay2/2abab2946cbdc2941ee8ec4024c51dac7313dee9de5fbedd1ca33388c59eb3c8/diff:/var/lib/docker/overlay2/e12f6083ee669bd92743ceb339a896bb25dbe461b718705bb39eb410b80c0ecd/diff:/var/lib/docker/overlay2/ced1e86d670d097da5ed4da7288c22507735918959161c2cd8bf083fb30d169a/diff:/var/lib/docker/overlay2/94e9ac7b74923285ae73af20aeccb964ca9079e2305db367cb85d1603560472d/diff:/var/lib/docker/overlay2/a396b6dfd63f0c228c519871183c614cccf4d366a43460f27ecf97113c3c4be8/diff:/var/lib/docker/overlay2/f58ada5d5080c2bac553c734f81127660a90581a35ed2a92cebe3c59e340875b/diff:/var/lib/docker/overlay2/84f85636f37bf55d945e217b4f87a856eba7932284beaf042561007b66f48977/diff:/var/lib/docker/overlay2/1e6e519613884e91a2b74a588ba35dc8a2f789371ab798ef6e7d9836d756042f/diff:/var/lib/docker/overlay2/14a3151cc8b4f9d27d2e64f1a8abc0c7809309580f2d7e8dc8545055c1d56194/diff:/var/lib/doc"
2024-07-24 14:29:55.820 [Test worker] DEBUG c.g.d.z.s.o.a.hc.client5.http.wire - http-outgoing-2 << "ker/overlay2/5b354b9e793401517fe2f1da697653fdaadffc54888eaf76d67e0600b8c68bdc/diff","MergedDir":"/var/lib/docker/overlay2/22ba1d87f4f1eed8b06fccd11cef51610f6357cb5e1905e8eeda9e72fbdda08e/merged","UpperDir":"/var/lib/docker/overlay2/22ba1d87f4f1eed8b06fccd11cef51610f6357cb5e1905e8eeda9e72fbdda08e/diff","WorkDir":"/var/lib/docker/overlay2/22ba1d87f4f1eed8b06fccd11cef51610f6357cb5e1905e8eeda9e72fbdda08e/work"},"Name":"overlay2"},"Mounts":[{"Type":"volume","Name":"5445c20d229ccd9c9061986ca2b2a0c300672312ccbfc2f1db8cba06015583e0","Source":"/var/lib/docker/volumes/5445c20d229ccd9c9061986ca2b2a0c300672312ccbfc2f1db8cba06015583e0/_data","Destination":"/var/lib/postgresql/data","Driver":"local","Mode":"","RW":true,"Propagation":""}],"Config":{"Hostname":"0c19fc8d9724","Domainname":"","User":"","AttachStdin":false,"AttachStdout":false,"AttachStderr":false,"ExposedPorts":{"5432/tcp":{}},"Tty":false,"OpenStdin":false,"StdinOnce":false,"Env":["POSTGRES_USER=user","POSTGRES_PASSWORD=password","POSTGRES_DB=db","PATH=/usr/local/sbin:/usr/local/bin:/usr/sbin:/usr/bin:/sbin:/bin:/usr/lib/postgresql/16/bin","GOSU_VERSION=1.17","LANG=en_US.utf8","PG_MAJOR=16","PG_VERSION=16.2-1.pgdg120+2","PGDATA=/var/lib/postgresql/data"],"Cmd":["postgres","-c","fsync=off"],"Image":"postgres:latest","Volumes":{"/var/lib/postgresql/data":{}},"WorkingDir":"","Entrypoint":["docker-entrypoint.sh"],"OnBuild":null,"Labels":{"org.testcontainers":"true","org.testcontainers.lang":"java","org.testcontainers.sessionId":"280e6229-7396-4d60-b1e3-a5de48b5d49b","org.testcontainers.version":"1.19.8"},"StopSignal":"SIGINT"},"NetworkSettings":{"Bridge":"","SandboxID":"54f15c68931022f3bbd54f43918b93c071720984c1893b398c2eadab7fa6692c","SandboxKey":"/var/run/docker/netns/54f15c689310","Ports":{"5432/tcp":[{"HostIp":"0.0.0.0","HostPort":"51489"}]},"HairpinMode":false,"LinkLocalIPv6Address":"","LinkLocalIPv6PrefixLen":0,"SecondaryIPAddresses":null,"SecondaryIPv6Addresses":null,"EndpointID":"4ea10c875847f131d79c6c6a0981ff7e792d973ee88bedbb67a8ad06e04cc7cc","Gateway":"172.17.0.1","GlobalIPv6Address":"","GlobalIPv6PrefixLen":0,"IPAddress":"172.17.0.3","IPPrefixLen":16,"IPv6Gateway":"","MacAddress":"02:42:ac:11:00:03","Networks":{"bridge":{"IPAMConfig":null,"Links":null,"Aliases":null,"MacAddress":"02:42:ac:11:00:03","NetworkID":"3c842496be344cbdae878c1dee0957e7bc7c0a2236009c92752030f2b053e72f","EndpointID":"4ea10c875847f131d79c6c6a0981ff7e792d973ee88bedbb67a8ad06e04cc7cc","Gateway":"172.17.0.1","IPAddress":"172.17.0.3","IPPrefixLen":16,"IPv6Gateway":"","GlobalIPv6Address":"","GlobalIPv6PrefixLen":0,"DriverOpts":null,"DNSNames":null}}}}[\n]"
2024-07-24 14:29:55.821 [Test worker] DEBUG c.g.d.z.s.o.a.hc.client5.http.wire - http-outgoing-2 << "[\r][\n]"
2024-07-24 14:29:55.821 [Test worker] DEBUG c.g.d.z.s.o.a.hc.client5.http.wire - http-outgoing-2 << "0[\r][\n]"
2024-07-24 14:29:55.821 [Test worker] DEBUG c.g.d.z.s.o.a.hc.client5.http.wire - http-outgoing-2 << "[\r][\n]"
2024-07-24 14:29:55.821 [Test worker] DEBUG c.g.d.z.s.o.a.h.c.h.i.c.InternalHttpClient - ep-00000010: releasing valid endpoint
2024-07-24 14:29:55.821 [Test worker] DEBUG c.g.d.z.s.o.a.h.c.h.i.i.PoolingHttpClientConnectionManager - ep-00000010: releasing endpoint
2024-07-24 14:29:55.821 [Test worker] DEBUG c.g.d.z.s.o.a.h.c.h.i.i.PoolingHttpClientConnectionManager - ep-00000010: connection http-outgoing-2 can be kept alive for 3 MINUTES
2024-07-24 14:29:55.821 [Test worker] DEBUG c.g.d.z.s.o.a.h.c.h.i.i.PoolingHttpClientConnectionManager - ep-00000010: connection released [route: {}->npipe://localhost:2375][total available: 1; route allocated: 1 of 2147483647; total allocated: 1 of 2147483647]
2024-07-24 14:29:55.821 [Test worker] TRACE o.t.utility.ResourceReaper - Stopping container: 0c19fc8d9724283b6110cafb8930e7ca98548127b1f0963f5cc98823c64c3c16
2024-07-24 14:29:55.822 [Test worker] DEBUG o.t.s.c.g.d.c.command.AbstrDockerCmd - Cmd: 0c19fc8d9724283b6110cafb8930e7ca98548127b1f0963f5cc98823c64c3c16,<null>
2024-07-24 14:29:55.823 [Test worker] TRACE o.t.s.c.g.d.c.e.KillContainerCmdExec - POST: DefaultWebTarget{path=[/containers/0c19fc8d9724283b6110cafb8930e7ca98548127b1f0963f5cc98823c64c3c16/kill], queryParams={}}
2024-07-24 14:29:55.823 [Test worker] DEBUG c.g.d.z.s.o.a.h.c.h.i.c.InternalHttpClient - ex-00000012: preparing request execution
2024-07-24 14:29:55.823 [Test worker] DEBUG c.g.d.z.s.o.a.h.c.h.p.RequestAddCookies - Cookie spec selected: strict
2024-07-24 14:29:55.823 [Test worker] DEBUG c.g.d.z.s.o.a.h.c.h.p.RequestAuthCache - Auth cache not set in the context
2024-07-24 14:29:55.823 [Test worker] DEBUG c.g.d.z.s.o.a.h.c.h.i.c.ProtocolExec - ex-00000012: target auth state: UNCHALLENGED
2024-07-24 14:29:55.823 [Test worker] DEBUG c.g.d.z.s.o.a.h.c.h.i.c.ProtocolExec - ex-00000012: proxy auth state: UNCHALLENGED
2024-07-24 14:29:55.823 [Test worker] DEBUG c.g.d.z.s.o.a.h.c.h.i.c.ConnectExec - ex-00000012: acquiring connection with route {}->npipe://localhost:2375
2024-07-24 14:29:55.823 [Test worker] DEBUG c.g.d.z.s.o.a.h.c.h.i.c.InternalHttpClient - ex-00000012: acquiring endpoint (3 MINUTES)
2024-07-24 14:29:55.823 [Test worker] DEBUG c.g.d.z.s.o.a.h.c.h.i.i.PoolingHttpClientConnectionManager - ex-00000012: endpoint lease request (3 MINUTES) [route: {}->npipe://localhost:2375][total available: 1; route allocated: 1 of 2147483647; total allocated: 1 of 2147483647]
2024-07-24 14:29:55.823 [Test worker] DEBUG c.g.d.z.s.o.a.h.c.h.i.i.PoolingHttpClientConnectionManager - ex-00000012: endpoint leased [route: {}->npipe://localhost:2375][total available: 0; route allocated: 1 of 2147483647; total allocated: 1 of 2147483647]
2024-07-24 14:29:55.823 [Test worker] DEBUG c.g.d.z.s.o.a.h.c.h.i.i.PoolingHttpClientConnectionManager - ex-00000012: acquired ep-00000011
2024-07-24 14:29:55.823 [Test worker] DEBUG c.g.d.z.s.o.a.h.c.h.i.c.InternalHttpClient - ex-00000012: acquired endpoint ep-00000011
2024-07-24 14:29:55.823 [Test worker] DEBUG c.g.d.z.s.o.a.h.c.h.i.c.MainClientExec - ex-00000012: executing POST /v1.32/containers/0c19fc8d9724283b6110cafb8930e7ca98548127b1f0963f5cc98823c64c3c16/kill HTTP/1.1
2024-07-24 14:29:55.823 [Test worker] DEBUG c.g.d.z.s.o.a.h.c.h.i.c.InternalHttpClient - ep-00000011: start execution ex-00000012
2024-07-24 14:29:55.823 [Test worker] DEBUG c.g.d.z.s.o.a.h.c.h.i.i.PoolingHttpClientConnectionManager - ep-00000011: executing exchange ex-00000012 over http-outgoing-2
2024-07-24 14:29:55.823 [Test worker] DEBUG c.g.d.z.s.o.a.h.client5.http.headers - http-outgoing-2 >> POST /v1.32/containers/0c19fc8d9724283b6110cafb8930e7ca98548127b1f0963f5cc98823c64c3c16/kill HTTP/1.1
2024-07-24 14:29:55.823 [Test worker] DEBUG c.g.d.z.s.o.a.h.client5.http.headers - http-outgoing-2 >> accept: application/json
2024-07-24 14:29:55.823 [Test worker] DEBUG c.g.d.z.s.o.a.h.client5.http.headers - http-outgoing-2 >> content-type: application/json
2024-07-24 14:29:55.823 [Test worker] DEBUG c.g.d.z.s.o.a.h.client5.http.headers - http-outgoing-2 >> x-tc-sid: 280e6229-7396-4d60-b1e3-a5de48b5d49b
2024-07-24 14:29:55.823 [Test worker] DEBUG c.g.d.z.s.o.a.h.client5.http.headers - http-outgoing-2 >> User-Agent: tc-java/1.19.8
2024-07-24 14:29:55.824 [Test worker] DEBUG c.g.d.z.s.o.a.h.client5.http.headers - http-outgoing-2 >> Accept-Encoding: gzip, x-gzip, deflate
2024-07-24 14:29:55.824 [Test worker] DEBUG c.g.d.z.s.o.a.h.client5.http.headers - http-outgoing-2 >> Host: localhost:2375
2024-07-24 14:29:55.824 [Test worker] DEBUG c.g.d.z.s.o.a.h.client5.http.headers - http-outgoing-2 >> Connection: keep-alive
2024-07-24 14:29:55.824 [Test worker] DEBUG c.g.d.z.s.o.a.hc.client5.http.wire - http-outgoing-2 >> "POST /v1.32/containers/0c19fc8d9724283b6110cafb8930e7ca98548127b1f0963f5cc98823c64c3c16/kill HTTP/1.1[\r][\n]"
2024-07-24 14:29:55.824 [Test worker] DEBUG c.g.d.z.s.o.a.hc.client5.http.wire - http-outgoing-2 >> "accept: application/json[\r][\n]"
2024-07-24 14:29:55.824 [Test worker] DEBUG c.g.d.z.s.o.a.hc.client5.http.wire - http-outgoing-2 >> "content-type: application/json[\r][\n]"
2024-07-24 14:29:55.824 [Test worker] DEBUG c.g.d.z.s.o.a.hc.client5.http.wire - http-outgoing-2 >> "x-tc-sid: 280e6229-7396-4d60-b1e3-a5de48b5d49b[\r][\n]"
2024-07-24 14:29:55.824 [Test worker] DEBUG c.g.d.z.s.o.a.hc.client5.http.wire - http-outgoing-2 >> "User-Agent: tc-java/1.19.8[\r][\n]"
2024-07-24 14:29:55.824 [Test worker] DEBUG c.g.d.z.s.o.a.hc.client5.http.wire - http-outgoing-2 >> "Accept-Encoding: gzip, x-gzip, deflate[\r][\n]"
2024-07-24 14:29:55.824 [Test worker] DEBUG c.g.d.z.s.o.a.hc.client5.http.wire - http-outgoing-2 >> "Host: localhost:2375[\r][\n]"
2024-07-24 14:29:55.824 [Test worker] DEBUG c.g.d.z.s.o.a.hc.client5.http.wire - http-outgoing-2 >> "Connection: keep-alive[\r][\n]"
2024-07-24 14:29:55.824 [Test worker] DEBUG c.g.d.z.s.o.a.hc.client5.http.wire - http-outgoing-2 >> "[\r][\n]"
2024-07-24 14:29:56.339 [Test worker] DEBUG c.g.d.z.s.o.a.hc.client5.http.wire - http-outgoing-2 << "HTTP/1.1 204 No Content[\r][\n]"
2024-07-24 14:29:56.339 [Test worker] DEBUG c.g.d.z.s.o.a.hc.client5.http.wire - http-outgoing-2 << "Api-Version: 1.45[\r][\n]"
2024-07-24 14:29:56.339 [Test worker] DEBUG c.g.d.z.s.o.a.hc.client5.http.wire - http-outgoing-2 << "Date: Wed, 24 Jul 2024 02:29:56 GMT[\r][\n]"
2024-07-24 14:29:56.339 [Test worker] DEBUG c.g.d.z.s.o.a.hc.client5.http.wire - http-outgoing-2 << "Docker-Experimental: false[\r][\n]"
2024-07-24 14:29:56.339 [Test worker] DEBUG c.g.d.z.s.o.a.hc.client5.http.wire - http-outgoing-2 << "Ostype: linux[\r][\n]"
2024-07-24 14:29:56.339 [Test worker] DEBUG c.g.d.z.s.o.a.hc.client5.http.wire - http-outgoing-2 << "Server: Docker/26.0.0 (linux)[\r][\n]"
2024-07-24 14:29:56.339 [Test worker] DEBUG c.g.d.z.s.o.a.hc.client5.http.wire - http-outgoing-2 << "[\r][\n]"
2024-07-24 14:29:56.339 [Test worker] DEBUG c.g.d.z.s.o.a.h.client5.http.headers - http-outgoing-2 << HTTP/1.1 204 No Content
2024-07-24 14:29:56.339 [Test worker] DEBUG c.g.d.z.s.o.a.h.client5.http.headers - http-outgoing-2 << Api-Version: 1.45
2024-07-24 14:29:56.339 [Test worker] DEBUG c.g.d.z.s.o.a.h.client5.http.headers - http-outgoing-2 << Date: Wed, 24 Jul 2024 02:29:56 GMT
2024-07-24 14:29:56.339 [Test worker] DEBUG c.g.d.z.s.o.a.h.client5.http.headers - http-outgoing-2 << Docker-Experimental: false
2024-07-24 14:29:56.339 [Test worker] DEBUG c.g.d.z.s.o.a.h.client5.http.headers - http-outgoing-2 << Ostype: linux
2024-07-24 14:29:56.339 [Test worker] DEBUG c.g.d.z.s.o.a.h.client5.http.headers - http-outgoing-2 << Server: Docker/26.0.0 (linux)
2024-07-24 14:29:56.340 [Test worker] DEBUG c.g.d.z.s.o.a.h.c.h.i.c.MainClientExec - ex-00000012: connection can be kept alive for 3 MINUTES
2024-07-24 14:29:56.340 [Test worker] DEBUG c.g.d.z.s.o.a.h.c.h.i.c.InternalHttpClient - ep-00000011: releasing valid endpoint
2024-07-24 14:29:56.340 [Test worker] DEBUG c.g.d.z.s.o.a.h.c.h.i.i.PoolingHttpClientConnectionManager - ep-00000011: releasing endpoint
2024-07-24 14:29:56.340 [Test worker] DEBUG c.g.d.z.s.o.a.h.c.h.i.i.PoolingHttpClientConnectionManager - ep-00000011: connection http-outgoing-2 can be kept alive for 3 MINUTES
2024-07-24 14:29:56.340 [Test worker] DEBUG c.g.d.z.s.o.a.h.c.h.i.i.PoolingHttpClientConnectionManager - ep-00000011: connection released [route: {}->npipe://localhost:2375][total available: 1; route allocated: 1 of 2147483647; total allocated: 1 of 2147483647]
2024-07-24 14:29:56.340 [Test worker] TRACE o.t.utility.ResourceReaper - Stopped container: postgres:latest
2024-07-24 14:29:56.340 [Test worker] DEBUG o.t.s.c.g.d.c.command.AbstrDockerCmd - Cmd: 0c19fc8d9724283b6110cafb8930e7ca98548127b1f0963f5cc98823c64c3c16,false
2024-07-24 14:29:56.340 [Test worker] DEBUG o.t.s.c.g.d.c.e.InspectContainerCmdExec - GET: DefaultWebTarget{path=[/containers/0c19fc8d9724283b6110cafb8930e7ca98548127b1f0963f5cc98823c64c3c16/json], queryParams={}}
2024-07-24 14:29:56.340 [Test worker] DEBUG c.g.d.z.s.o.a.h.c.h.i.c.InternalHttpClient - ex-00000013: preparing request execution
2024-07-24 14:29:56.341 [Test worker] DEBUG c.g.d.z.s.o.a.h.c.h.p.RequestAddCookies - Cookie spec selected: strict
2024-07-24 14:29:56.341 [Test worker] DEBUG c.g.d.z.s.o.a.h.c.h.p.RequestAuthCache - Auth cache not set in the context
2024-07-24 14:29:56.341 [Test worker] DEBUG c.g.d.z.s.o.a.h.c.h.i.c.ProtocolExec - ex-00000013: target auth state: UNCHALLENGED
2024-07-24 14:29:56.341 [Test worker] DEBUG c.g.d.z.s.o.a.h.c.h.i.c.ProtocolExec - ex-00000013: proxy auth state: UNCHALLENGED
2024-07-24 14:29:56.341 [Test worker] DEBUG c.g.d.z.s.o.a.h.c.h.i.c.ConnectExec - ex-00000013: acquiring connection with route {}->npipe://localhost:2375
2024-07-24 14:29:56.341 [Test worker] DEBUG c.g.d.z.s.o.a.h.c.h.i.c.InternalHttpClient - ex-00000013: acquiring endpoint (3 MINUTES)
2024-07-24 14:29:56.341 [Test worker] DEBUG c.g.d.z.s.o.a.h.c.h.i.i.PoolingHttpClientConnectionManager - ex-00000013: endpoint lease request (3 MINUTES) [route: {}->npipe://localhost:2375][total available: 1; route allocated: 1 of 2147483647; total allocated: 1 of 2147483647]
2024-07-24 14:29:56.341 [Test worker] DEBUG c.g.d.z.s.o.a.h.c.h.i.i.PoolingHttpClientConnectionManager - ex-00000013: endpoint leased [route: {}->npipe://localhost:2375][total available: 0; route allocated: 1 of 2147483647; total allocated: 1 of 2147483647]
2024-07-24 14:29:56.341 [Test worker] DEBUG c.g.d.z.s.o.a.h.c.h.i.i.PoolingHttpClientConnectionManager - ex-00000013: acquired ep-00000012
2024-07-24 14:29:56.341 [Test worker] DEBUG c.g.d.z.s.o.a.h.c.h.i.c.InternalHttpClient - ex-00000013: acquired endpoint ep-00000012
2024-07-24 14:29:56.341 [Test worker] DEBUG c.g.d.z.s.o.a.h.c.h.i.c.MainClientExec - ex-00000013: executing GET /v1.32/containers/0c19fc8d9724283b6110cafb8930e7ca98548127b1f0963f5cc98823c64c3c16/json HTTP/1.1
2024-07-24 14:29:56.341 [Test worker] DEBUG c.g.d.z.s.o.a.h.c.h.i.c.InternalHttpClient - ep-00000012: start execution ex-00000013
2024-07-24 14:29:56.341 [Test worker] DEBUG c.g.d.z.s.o.a.h.c.h.i.i.PoolingHttpClientConnectionManager - ep-00000012: executing exchange ex-00000013 over http-outgoing-2
2024-07-24 14:29:56.342 [Test worker] DEBUG c.g.d.z.s.o.a.h.client5.http.headers - http-outgoing-2 >> GET /v1.32/containers/0c19fc8d9724283b6110cafb8930e7ca98548127b1f0963f5cc98823c64c3c16/json HTTP/1.1
2024-07-24 14:29:56.342 [Test worker] DEBUG c.g.d.z.s.o.a.h.client5.http.headers - http-outgoing-2 >> accept: application/json
2024-07-24 14:29:56.342 [Test worker] DEBUG c.g.d.z.s.o.a.h.client5.http.headers - http-outgoing-2 >> x-tc-sid: 280e6229-7396-4d60-b1e3-a5de48b5d49b
2024-07-24 14:29:56.342 [Test worker] DEBUG c.g.d.z.s.o.a.h.client5.http.headers - http-outgoing-2 >> User-Agent: tc-java/1.19.8
2024-07-24 14:29:56.342 [Test worker] DEBUG c.g.d.z.s.o.a.h.client5.http.headers - http-outgoing-2 >> Accept-Encoding: gzip, x-gzip, deflate
2024-07-24 14:29:56.342 [Test worker] DEBUG c.g.d.z.s.o.a.h.client5.http.headers - http-outgoing-2 >> Host: localhost:2375
2024-07-24 14:29:56.342 [Test worker] DEBUG c.g.d.z.s.o.a.h.client5.http.headers - http-outgoing-2 >> Connection: keep-alive
2024-07-24 14:29:56.342 [Test worker] DEBUG c.g.d.z.s.o.a.hc.client5.http.wire - http-outgoing-2 >> "GET /v1.32/containers/0c19fc8d9724283b6110cafb8930e7ca98548127b1f0963f5cc98823c64c3c16/json HTTP/1.1[\r][\n]"
2024-07-24 14:29:56.342 [Test worker] DEBUG c.g.d.z.s.o.a.hc.client5.http.wire - http-outgoing-2 >> "accept: application/json[\r][\n]"
2024-07-24 14:29:56.342 [Test worker] DEBUG c.g.d.z.s.o.a.hc.client5.http.wire - http-outgoing-2 >> "x-tc-sid: 280e6229-7396-4d60-b1e3-a5de48b5d49b[\r][\n]"
2024-07-24 14:29:56.342 [Test worker] DEBUG c.g.d.z.s.o.a.hc.client5.http.wire - http-outgoing-2 >> "User-Agent: tc-java/1.19.8[\r][\n]"
2024-07-24 14:29:56.342 [Test worker] DEBUG c.g.d.z.s.o.a.hc.client5.http.wire - http-outgoing-2 >> "Accept-Encoding: gzip, x-gzip, deflate[\r][\n]"
2024-07-24 14:29:56.342 [Test worker] DEBUG c.g.d.z.s.o.a.hc.client5.http.wire - http-outgoing-2 >> "Host: localhost:2375[\r][\n]"
2024-07-24 14:29:56.342 [Test worker] DEBUG c.g.d.z.s.o.a.hc.client5.http.wire - http-outgoing-2 >> "Connection: keep-alive[\r][\n]"
2024-07-24 14:29:56.342 [Test worker] DEBUG c.g.d.z.s.o.a.hc.client5.http.wire - http-outgoing-2 >> "[\r][\n]"
2024-07-24 14:29:56.357 [Test worker] DEBUG c.g.d.z.s.o.a.hc.client5.http.wire - http-outgoing-2 << "HTTP/1.1 200 OK[\r][\n]"
2024-07-24 14:29:56.358 [Test worker] DEBUG c.g.d.z.s.o.a.hc.client5.http.wire - http-outgoing-2 << "Api-Version: 1.45[\r][\n]"
2024-07-24 14:29:56.358 [Test worker] DEBUG c.g.d.z.s.o.a.hc.client5.http.wire - http-outgoing-2 << "Content-Type: application/json[\r][\n]"
2024-07-24 14:29:56.358 [Test worker] DEBUG c.g.d.z.s.o.a.hc.client5.http.wire - http-outgoing-2 << "Date: Wed, 24 Jul 2024 02:29:56 GMT[\r][\n]"
2024-07-24 14:29:56.358 [Test worker] DEBUG c.g.d.z.s.o.a.hc.client5.http.wire - http-outgoing-2 << "Docker-Experimental: false[\r][\n]"
2024-07-24 14:29:56.358 [Test worker] DEBUG c.g.d.z.s.o.a.hc.client5.http.wire - http-outgoing-2 << "Ostype: linux[\r][\n]"
2024-07-24 14:29:56.358 [Test worker] DEBUG c.g.d.z.s.o.a.hc.client5.http.wire - http-outgoing-2 << "Server: Docker/26.0.0 (linux)[\r][\n]"
2024-07-24 14:29:56.358 [Test worker] DEBUG c.g.d.z.s.o.a.hc.client5.http.wire - http-outgoing-2 << "Transfer-Encoding: chunked[\r][\n]"
2024-07-24 14:29:56.358 [Test worker] DEBUG c.g.d.z.s.o.a.hc.client5.http.wire - http-outgoing-2 << "[\r][\n]"
2024-07-24 14:29:56.358 [Test worker] DEBUG c.g.d.z.s.o.a.h.client5.http.headers - http-outgoing-2 << HTTP/1.1 200 OK
2024-07-24 14:29:56.358 [Test worker] DEBUG c.g.d.z.s.o.a.h.client5.http.headers - http-outgoing-2 << Api-Version: 1.45
2024-07-24 14:29:56.358 [Test worker] DEBUG c.g.d.z.s.o.a.h.client5.http.headers - http-outgoing-2 << Content-Type: application/json
2024-07-24 14:29:56.358 [Test worker] DEBUG c.g.d.z.s.o.a.h.client5.http.headers - http-outgoing-2 << Date: Wed, 24 Jul 2024 02:29:56 GMT
2024-07-24 14:29:56.358 [Test worker] DEBUG c.g.d.z.s.o.a.h.client5.http.headers - http-outgoing-2 << Docker-Experimental: false
2024-07-24 14:29:56.358 [Test worker] DEBUG c.g.d.z.s.o.a.h.client5.http.headers - http-outgoing-2 << Ostype: linux
2024-07-24 14:29:56.358 [Test worker] DEBUG c.g.d.z.s.o.a.h.client5.http.headers - http-outgoing-2 << Server: Docker/26.0.0 (linux)
2024-07-24 14:29:56.358 [Test worker] DEBUG c.g.d.z.s.o.a.h.client5.http.headers - http-outgoing-2 << Transfer-Encoding: chunked
2024-07-24 14:29:56.358 [Test worker] DEBUG c.g.d.z.s.o.a.h.c.h.i.c.MainClientExec - ex-00000013: connection can be kept alive for 3 MINUTES
2024-07-24 14:29:56.359 [Test worker] DEBUG c.g.d.z.s.o.a.hc.client5.http.wire - http-outgoing-2 << "1940[\r][\n]"
2024-07-24 14:29:56.359 [Test worker] DEBUG c.g.d.z.s.o.a.hc.client5.http.wire - http-outgoing-2 << "{"Id":"0c19fc8d9724283b6110cafb8930e7ca98548127b1f0963f5cc98823c64c3c16","Created":"2024-07-24T02:29:52.785070189Z","Path":"docker-entrypoint.sh","Args":["postgres","-c","fsync=off"],"State":{"Status":"exited","Running":false,"Paused":false,"Restarting":false,"OOMKilled":false,"Dead":false,"Pid":0,"ExitCode":137,"Error":"","StartedAt":"2024-07-24T02:29:53.232841756Z","FinishedAt":"2024-07-24T02:29:55.857281303Z"},"Image":"sha256:8e4fc9e184899a58735e7ee333f5e272d7d2298cf59302006b71f33e217be130","ResolvConfPath":"/var/lib/docker/containers/0c19fc8d9724283b6110cafb8930e7ca98548127b1f0963f5cc98823c64c3c16/resolv.conf","HostnamePath":"/var/lib/docker/containers/0c19fc8d9724283b6110cafb8930e7ca98548127b1f0963f5cc98823c64c3c16/hostname","HostsPath":"/var/lib/docker/containers/0c19fc8d9724283b6110cafb8930e7ca98548127b1f0963f5cc98823c64c3c16/hosts","LogPath":"/var/lib/docker/containers/0c19fc8d9724283b6110cafb8930e7ca98548127b1f0963f5cc98823c64c3c16/0c19fc8d9724283b6110cafb8930e7ca98548127b1f0963f5cc98823c64c3c16-json.log","Name":"/gallant_mcnulty","RestartCount":0,"Driver":"overlay2","Platform":"linux","MountLabel":"","ProcessLabel":"","AppArmorProfile":"","ExecIDs":null,"HostConfig":{"Binds":[],"ContainerIDFile":"","LogConfig":{"Type":"json-file","Config":{}},"NetworkMode":"default","PortBindings":{"5432/tcp":[{"HostIp":"0.0.0.0","HostPort":"0"}]},"RestartPolicy":{"Name":"no","MaximumRetryCount":0},"AutoRemove":false,"VolumeDriver":"","VolumesFrom":[],"ConsoleSize":[0,0],"CapAdd":null,"CapDrop":null,"CgroupnsMode":"host","Dns":null,"DnsOptions":null,"DnsSearch":null,"ExtraHosts":[],"GroupAdd":null,"IpcMode":"shareable","Cgroup":"","Links":null,"OomScoreAdj":0,"PidMode":"","Privileged":false,"PublishAllPorts":false,"ReadonlyRootfs":false,"SecurityOpt":null,"UTSMode":"","UsernsMode":"","ShmSize":67108864,"Runtime":"runc","Isolation":"","CpuShares":0,"Memory":0,"NanoCpus":0,"CgroupParent":"","BlkioWeight":0,"BlkioWeightDevice":null,"BlkioDeviceReadBps":null,"BlkioDeviceWriteBps":null,"BlkioDeviceReadIOps":null,"BlkioDeviceWriteIOps":null,"CpuPeriod":0,"CpuQuota":0,"CpuRealtimePeriod":0,"CpuRealtimeRuntime":0,"CpusetCpus":"","CpusetMems":"","Devices":null,"DeviceCgroupRules":null,"DeviceRequests":null,"MemoryReservation":0,"MemorySwap":0,"MemorySwappiness":null,"OomKillDisable":false,"PidsLimit":null,"Ulimits":null,"CpuCount":0,"CpuPercent":0,"IOMaximumIOps":0,"IOMaximumBandwidth":0,"MaskedPaths":["/proc/asound","/proc/acpi","/proc/kcore","/proc/keys","/proc/latency_stats","/proc/timer_list","/proc/timer_stats","/proc/sched_debug","/proc/scsi","/sys/firmware","/sys/devices/virtual/powercap"],"ReadonlyPaths":["/proc/bus","/proc/fs","/proc/irq","/proc/sys","/proc/sysrq-trigger"]},"GraphDriver":{"Data":{"LowerDir":"/var/lib/docker/overlay2/22ba1d87f4f1eed8b06fccd11cef51610f6357cb5e1905e8eeda9e72fbdda08e-init/diff:/var/lib/docker/overlay2/8f0ddbd386af0785c2e348570516955816ab350305d698d363962d488eeb15ec/diff:/var/lib/docker/overlay2/0eb0ca73e9b0be7c3d7fa8762ef4778a68f38391bc84c037c2e90b88e781b475/diff:/var/lib/docker/overlay2/74e634bddc785c5d436b10a5158cd82e21dc2065fd1cf8ff9c1c12e01575a2d8/diff:/var/lib/docker/overlay2/bb918b2851cd2f508f1e3fdbfff8b7f8b041d61e65fe8c368288bf399e80b818/diff:/var/lib/docker/overlay2/2abab2946cbdc2941ee8ec4024c51dac7313dee9de5fbedd1ca33388c59eb3c8/diff:/var/lib/docker/overlay2/e12f6083ee669bd92743ceb339a896bb25dbe461b718705bb39eb410b80c0ecd/diff:/var/lib/docker/overlay2/ced1e86d670d097da5ed4da7288c22507735918959161c2cd8bf083fb30d169a/diff:/var/lib/docker/overlay2/94e9ac7b74923285ae73af20aeccb964ca9079e2305db367cb85d1603560472d/diff:/var/lib/docker/overlay2/a396b6dfd63f0c228c519871183c614cccf4d366a43460f27ecf97113c3c4be8/diff:/var/lib/docker/overlay2/f58ada5d5080c2bac553c734f81127660a90581a35ed2a92cebe3c59e340875b/diff:/var/lib/docker/overlay2/84f85636f37bf55d945e217b4f87a856eba7932284beaf042561007b66f48977/diff:/var/lib/docker/overlay2/1e6e519613884e91a2b74a588ba35dc8a2f789371ab798ef6e7d9836d756042f/diff:/var/lib/docker/overlay2/14a3151cc8b4f9d27d2e64f1a8abc0c7809309580f2d7e8dc8545055c1d56194/diff:/var/lib/docker/overlay2/5b354b9e793401517fe2f1da697653fdaadffc54888eaf76d67e0600b8c68bdc/diff","MergedDir":"/var/lib/docker/overlay2/22ba1d87f4f1eed8b06fccd11cef51610f6357cb5e1905e8eeda9e72fbdda08e/merged","UpperDir":"/var/lib/docker/overlay2/22ba1d87f4f1eed8b06fccd11cef51610f6357cb5e1905e8eeda9e72fbdda08e/diff","WorkDir":"/var/lib/docker/overlay2/22ba1d87f4f1eed8b06fccd11cef51610f6357cb5e1905e8eeda9e72fbdda08e/work"},"Name":"overlay2"},"Mounts":[{"Type":"volume","Name":"5445c20d229ccd9c9061986ca2b2a0c300672312ccbfc2f1db8cba06015583e0","Source":"/var/lib/docker/volumes/5445c20d229ccd9c9061986ca2b2a0c300672312ccbfc2f1db8cba06015583e0/_data","Destination":"/var/lib/postgresql/data","Driver":"local","Mode":"","RW":true,"Propagation":""}],"Config":{"Hostname":"0c19fc8d9724","Domainname":"","User":"","AttachStdin":false,"AttachStdout":false,"AttachStderr":false,"ExposedPorts":{"5432/tcp":{}},"Tty":false,"OpenStdin":false,"StdinOnce":false,"Env":["POSTGRES_USER=user","POSTGRES_PASSWORD=password","POSTGRES_DB=db","PATH=/usr/local/sbin:/usr/local/bin:/usr/sbin:/usr/bin:/sbin:/bin:/usr/lib/postgresql/16/bin","GOSU_VERSION=1.17","LANG=en_US.utf8","PG_MAJOR=16","PG_VERSION=16.2-1.pgdg120+2","PGDATA=/var/lib/postgresql/data"],"Cmd":["postgres","-c","fsync=off"],"Image":"postgres:latest","Volumes":{"/var/lib/postgresql/data":{}},"WorkingDir":"","Entrypoint":["docker-entrypoint.sh"],"OnBuild":null,"Labels":{"org.testcontainers":"true","org.testcontainers.lang":"java","org.testcontainers.sessionId":"280e6229-7396-4d60-b1e3-a5de48b5d49b","org.testcontainers.version":"1.19.8"},"StopSignal":"SIGINT"},"NetworkSettings":{"Bridge":"","SandboxID":"54f15c68931022f3bbd54f43918b93c071720984c1893b398c2eadab7fa6692c","SandboxKey":"/var/run/docker/netns/54f15c689310","Ports":{},"HairpinMode":false,"LinkLocalIPv6Address":"","LinkLocalIPv6PrefixLen":0,"SecondaryIPAddresses":null,"SecondaryIPv6Addresses":null,"EndpointID":"","Gateway":"","GlobalIPv6Address":"","GlobalIPv6PrefixLen":0,"IPAddress":"","IPPrefixLen":0,"IPv6Gateway":"","MacAddress":"","Networks":{"bridge":{"IPAMConfig":null,"Links":null,"Aliases":null,"MacAddress":"","NetworkID":"3c842496be344cbdae878c1dee0957e7bc7c0a2236009c92752030f2b053e72f","EndpointID":"","Gateway":"","IPAddress":"","IPPrefixLen":0,"IPv6Gateway":"","GlobalIPv6Address":"","GlobalIPv6PrefixLen":0,"DriverOpts":null,"DNSNames":null}}}}[\n]"
2024-07-24 14:29:56.359 [Test worker] DEBUG c.g.d.z.s.o.a.hc.client5.http.wire - http-outgoing-2 << "[\r][\n]"
2024-07-24 14:29:56.360 [Test worker] DEBUG c.g.d.z.s.o.a.hc.client5.http.wire - http-outgoing-2 << "0[\r][\n]"
2024-07-24 14:29:56.361 [Test worker] DEBUG c.g.d.z.s.o.a.hc.client5.http.wire - http-outgoing-2 << "[\r][\n]"
2024-07-24 14:29:56.361 [Test worker] DEBUG c.g.d.z.s.o.a.h.c.h.i.c.InternalHttpClient - ep-00000012: releasing valid endpoint
2024-07-24 14:29:56.361 [Test worker] DEBUG c.g.d.z.s.o.a.h.c.h.i.i.PoolingHttpClientConnectionManager - ep-00000012: releasing endpoint
2024-07-24 14:29:56.361 [Test worker] DEBUG c.g.d.z.s.o.a.h.c.h.i.i.PoolingHttpClientConnectionManager - ep-00000012: connection http-outgoing-2 can be kept alive for 3 MINUTES
2024-07-24 14:29:56.361 [Test worker] DEBUG c.g.d.z.s.o.a.h.c.h.i.i.PoolingHttpClientConnectionManager - ep-00000012: connection released [route: {}->npipe://localhost:2375][total available: 1; route allocated: 1 of 2147483647; total allocated: 1 of 2147483647]
2024-07-24 14:29:56.362 [Test worker] TRACE o.t.utility.ResourceReaper - Removing container: 0c19fc8d9724283b6110cafb8930e7ca98548127b1f0963f5cc98823c64c3c16
2024-07-24 14:29:56.363 [Test worker] DEBUG o.t.s.c.g.d.c.command.AbstrDockerCmd - Cmd: 0c19fc8d9724283b6110cafb8930e7ca98548127b1f0963f5cc98823c64c3c16,true,true
2024-07-24 14:29:56.364 [Test worker] TRACE o.t.s.c.g.d.c.e.RemoveContainerCmdExec - DELETE: DefaultWebTarget{path=[/containers/0c19fc8d9724283b6110cafb8930e7ca98548127b1f0963f5cc98823c64c3c16], queryParams={v=[true], force=[true]}}
2024-07-24 14:29:56.364 [Test worker] DEBUG c.g.d.z.s.o.a.h.c.h.i.c.InternalHttpClient - ex-00000014: preparing request execution
2024-07-24 14:29:56.364 [Test worker] DEBUG c.g.d.z.s.o.a.h.c.h.p.RequestAddCookies - Cookie spec selected: strict
2024-07-24 14:29:56.364 [Test worker] DEBUG c.g.d.z.s.o.a.h.c.h.p.RequestAuthCache - Auth cache not set in the context
2024-07-24 14:29:56.364 [Test worker] DEBUG c.g.d.z.s.o.a.h.c.h.i.c.ProtocolExec - ex-00000014: target auth state: UNCHALLENGED
2024-07-24 14:29:56.364 [Test worker] DEBUG c.g.d.z.s.o.a.h.c.h.i.c.ProtocolExec - ex-00000014: proxy auth state: UNCHALLENGED
2024-07-24 14:29:56.364 [Test worker] DEBUG c.g.d.z.s.o.a.h.c.h.i.c.ConnectExec - ex-00000014: acquiring connection with route {}->npipe://localhost:2375
2024-07-24 14:29:56.365 [Test worker] DEBUG c.g.d.z.s.o.a.h.c.h.i.c.InternalHttpClient - ex-00000014: acquiring endpoint (3 MINUTES)
2024-07-24 14:29:56.365 [Test worker] DEBUG c.g.d.z.s.o.a.h.c.h.i.i.PoolingHttpClientConnectionManager - ex-00000014: endpoint lease request (3 MINUTES) [route: {}->npipe://localhost:2375][total available: 1; route allocated: 1 of 2147483647; total allocated: 1 of 2147483647]
2024-07-24 14:29:56.365 [Test worker] DEBUG c.g.d.z.s.o.a.h.c.h.i.i.PoolingHttpClientConnectionManager - ex-00000014: endpoint leased [route: {}->npipe://localhost:2375][total available: 0; route allocated: 1 of 2147483647; total allocated: 1 of 2147483647]
2024-07-24 14:29:56.365 [Test worker] DEBUG c.g.d.z.s.o.a.h.c.h.i.i.PoolingHttpClientConnectionManager - ex-00000014: acquired ep-00000013
2024-07-24 14:29:56.365 [Test worker] DEBUG c.g.d.z.s.o.a.h.c.h.i.c.InternalHttpClient - ex-00000014: acquired endpoint ep-00000013
2024-07-24 14:29:56.365 [Test worker] DEBUG c.g.d.z.s.o.a.h.c.h.i.c.MainClientExec - ex-00000014: executing DELETE /v1.32/containers/0c19fc8d9724283b6110cafb8930e7ca98548127b1f0963f5cc98823c64c3c16?v=true&force=true HTTP/1.1
2024-07-24 14:29:56.365 [Test worker] DEBUG c.g.d.z.s.o.a.h.c.h.i.c.InternalHttpClient - ep-00000013: start execution ex-00000014
2024-07-24 14:29:56.365 [Test worker] DEBUG c.g.d.z.s.o.a.h.c.h.i.i.PoolingHttpClientConnectionManager - ep-00000013: executing exchange ex-00000014 over http-outgoing-2
2024-07-24 14:29:56.365 [Test worker] DEBUG c.g.d.z.s.o.a.h.client5.http.headers - http-outgoing-2 >> DELETE /v1.32/containers/0c19fc8d9724283b6110cafb8930e7ca98548127b1f0963f5cc98823c64c3c16?v=true&force=true HTTP/1.1
2024-07-24 14:29:56.365 [Test worker] DEBUG c.g.d.z.s.o.a.h.client5.http.headers - http-outgoing-2 >> accept: application/json
2024-07-24 14:29:56.365 [Test worker] DEBUG c.g.d.z.s.o.a.h.client5.http.headers - http-outgoing-2 >> x-tc-sid: 280e6229-7396-4d60-b1e3-a5de48b5d49b
2024-07-24 14:29:56.365 [Test worker] DEBUG c.g.d.z.s.o.a.h.client5.http.headers - http-outgoing-2 >> User-Agent: tc-java/1.19.8
2024-07-24 14:29:56.365 [Test worker] DEBUG c.g.d.z.s.o.a.h.client5.http.headers - http-outgoing-2 >> Accept-Encoding: gzip, x-gzip, deflate
2024-07-24 14:29:56.365 [Test worker] DEBUG c.g.d.z.s.o.a.h.client5.http.headers - http-outgoing-2 >> Host: localhost:2375
2024-07-24 14:29:56.365 [Test worker] DEBUG c.g.d.z.s.o.a.h.client5.http.headers - http-outgoing-2 >> Connection: keep-alive
2024-07-24 14:29:56.365 [Test worker] DEBUG c.g.d.z.s.o.a.hc.client5.http.wire - http-outgoing-2 >> "DELETE /v1.32/containers/0c19fc8d9724283b6110cafb8930e7ca98548127b1f0963f5cc98823c64c3c16?v=true&force=true HTTP/1.1[\r][\n]"
2024-07-24 14:29:56.365 [Test worker] DEBUG c.g.d.z.s.o.a.hc.client5.http.wire - http-outgoing-2 >> "accept: application/json[\r][\n]"
2024-07-24 14:29:56.365 [Test worker] DEBUG c.g.d.z.s.o.a.hc.client5.http.wire - http-outgoing-2 >> "x-tc-sid: 280e6229-7396-4d60-b1e3-a5de48b5d49b[\r][\n]"
2024-07-24 14:29:56.365 [Test worker] DEBUG c.g.d.z.s.o.a.hc.client5.http.wire - http-outgoing-2 >> "User-Agent: tc-java/1.19.8[\r][\n]"
2024-07-24 14:29:56.365 [Test worker] DEBUG c.g.d.z.s.o.a.hc.client5.http.wire - http-outgoing-2 >> "Accept-Encoding: gzip, x-gzip, deflate[\r][\n]"
2024-07-24 14:29:56.365 [Test worker] DEBUG c.g.d.z.s.o.a.hc.client5.http.wire - http-outgoing-2 >> "Host: localhost:2375[\r][\n]"
2024-07-24 14:29:56.365 [Test worker] DEBUG c.g.d.z.s.o.a.hc.client5.http.wire - http-outgoing-2 >> "Connection: keep-alive[\r][\n]"
2024-07-24 14:29:56.365 [Test worker] DEBUG c.g.d.z.s.o.a.hc.client5.http.wire - http-outgoing-2 >> "[\r][\n]"
2024-07-24 14:29:56.438 [Test worker] DEBUG c.g.d.z.s.o.a.hc.client5.http.wire - http-outgoing-2 << "HTTP/1.1 204 No Content[\r][\n]"
2024-07-24 14:29:56.438 [Test worker] DEBUG c.g.d.z.s.o.a.hc.client5.http.wire - http-outgoing-2 << "Api-Version: 1.45[\r][\n]"
2024-07-24 14:29:56.438 [Test worker] DEBUG c.g.d.z.s.o.a.hc.client5.http.wire - http-outgoing-2 << "Date: Wed, 24 Jul 2024 02:29:56 GMT[\r][\n]"
2024-07-24 14:29:56.438 [Test worker] DEBUG c.g.d.z.s.o.a.hc.client5.http.wire - http-outgoing-2 << "Docker-Experimental: false[\r][\n]"
2024-07-24 14:29:56.438 [Test worker] DEBUG c.g.d.z.s.o.a.hc.client5.http.wire - http-outgoing-2 << "Ostype: linux[\r][\n]"
2024-07-24 14:29:56.438 [Test worker] DEBUG c.g.d.z.s.o.a.hc.client5.http.wire - http-outgoing-2 << "Server: Docker/26.0.0 (linux)[\r][\n]"
2024-07-24 14:29:56.438 [Test worker] DEBUG c.g.d.z.s.o.a.hc.client5.http.wire - http-outgoing-2 << "[\r][\n]"
2024-07-24 14:29:56.439 [Test worker] DEBUG c.g.d.z.s.o.a.h.client5.http.headers - http-outgoing-2 << HTTP/1.1 204 No Content
2024-07-24 14:29:56.439 [Test worker] DEBUG c.g.d.z.s.o.a.h.client5.http.headers - http-outgoing-2 << Api-Version: 1.45
2024-07-24 14:29:56.439 [Test worker] DEBUG c.g.d.z.s.o.a.h.client5.http.headers - http-outgoing-2 << Date: Wed, 24 Jul 2024 02:29:56 GMT
2024-07-24 14:29:56.439 [Test worker] DEBUG c.g.d.z.s.o.a.h.client5.http.headers - http-outgoing-2 << Docker-Experimental: false
2024-07-24 14:29:56.439 [Test worker] DEBUG c.g.d.z.s.o.a.h.client5.http.headers - http-outgoing-2 << Ostype: linux
2024-07-24 14:29:56.439 [Test worker] DEBUG c.g.d.z.s.o.a.h.client5.http.headers - http-outgoing-2 << Server: Docker/26.0.0 (linux)
2024-07-24 14:29:56.439 [Test worker] DEBUG c.g.d.z.s.o.a.h.c.h.i.c.MainClientExec - ex-00000014: connection can be kept alive for 3 MINUTES
2024-07-24 14:29:56.439 [Test worker] DEBUG c.g.d.z.s.o.a.h.c.h.i.c.InternalHttpClient - ep-00000013: releasing valid endpoint
2024-07-24 14:29:56.439 [Test worker] DEBUG c.g.d.z.s.o.a.h.c.h.i.i.PoolingHttpClientConnectionManager - ep-00000013: releasing endpoint
2024-07-24 14:29:56.439 [Test worker] DEBUG c.g.d.z.s.o.a.h.c.h.i.i.PoolingHttpClientConnectionManager - ep-00000013: connection http-outgoing-2 can be kept alive for 3 MINUTES
2024-07-24 14:29:56.440 [Test worker] DEBUG c.g.d.z.s.o.a.h.c.h.i.i.PoolingHttpClientConnectionManager - ep-00000013: connection released [route: {}->npipe://localhost:2375][total available: 1; route allocated: 1 of 2147483647; total allocated: 1 of 2147483647]
2024-07-24 14:29:56.440 [Test worker] DEBUG o.t.utility.ResourceReaper - Removed container and associated volume(s): postgres:latest
2024-07-24 14:29:56.443 [Test worker] DEBUG o.t.u.PrefixingImageNameSubstitutor - No prefix is configured
2024-07-24 14:29:56.443 [Test worker] DEBUG o.t.utility.ImageNameSubstitutor - Did not find a substitute image for postgres:latest (using image substitutor: DefaultImageNameSubstitutor (composite of 'ConfigurationFileImageNameSubstitutor' and 'PrefixingImageNameSubstitutor'))
2024-07-24 14:29:56.443 [Test worker] TRACE tc.postgres:latest - postgres:latest is already in image name cache
2024-07-24 14:29:56.443 [Test worker] DEBUG o.t.images.AbstractImagePullPolicy - Using locally available and not pulling image: postgres:latest
2024-07-24 14:29:56.443 [Test worker] DEBUG tc.postgres:latest - Starting container: postgres:latest
2024-07-24 14:29:56.443 [Test worker] DEBUG tc.postgres:latest - Trying to start container: postgres:latest (attempt 1/1)
2024-07-24 14:29:56.443 [Test worker] DEBUG tc.postgres:latest - Starting container: postgres:latest
2024-07-24 14:29:56.443 [Test worker] INFO  tc.postgres:latest - Creating container for image: postgres:latest
2024-07-24 14:29:56.443 [Test worker] DEBUG o.t.utility.RegistryAuthLocator - Looking up auth config for image: postgres:latest at registry: https://index.docker.io/v1/
2024-07-24 14:29:56.443 [Test worker] DEBUG o.t.utility.RegistryAuthLocator - No matching Auth Configs - falling back to defaultAuthConfig [null]
2024-07-24 14:29:56.443 [Test worker] DEBUG o.t.d.AuthDelegatingDockerClientConfig - Effective auth config [null]
2024-07-24 14:29:56.443 [Test worker] DEBUG o.t.s.c.g.d.c.command.AbstrDockerCmd - Cmd: org.testcontainers.shaded.com.github.dockerjava.core.command.CreateContainerCmdImpl@322ba549[aliases=<null>,argsEscaped=<null>,attachStderr=<null>,attachStdin=<null>,attachStdout=<null>,authConfig=<null>,cmd={postgres,-c,fsync=off},domainName=<null>,entrypoint=<null>,env={POSTGRES_USER=user,POSTGRES_PASSWORD=password,POSTGRES_DB=db},exposedPorts=ExposedPorts(exposedPorts=[5432/tcp]),healthcheck=<null>,hostConfig=HostConfig(binds=[], blkioWeight=null, blkioWeightDevice=null, blkioDeviceReadBps=null, blkioDeviceWriteBps=null, blkioDeviceReadIOps=null, blkioDeviceWriteIOps=null, memorySwappiness=null, nanoCPUs=null, capAdd=null, capDrop=null, containerIDFile=null, cpuPeriod=null, cpuRealtimePeriod=null, cpuRealtimeRuntime=null, cpuShares=null, cpuQuota=null, cpusetCpus=null, cpusetMems=null, devices=null, deviceCgroupRules=null, deviceRequests=null, diskQuota=null, dns=null, dnsOptions=null, dnsSearch=null, extraHosts=[], groupAdd=null, ipcMode=null, cgroup=null, links=[], logConfig=LogConfig(type=null, config=null), lxcConf=null, memory=null, memorySwap=null, memoryReservation=null, kernelMemory=null, networkMode=null, oomKillDisable=null, init=null, autoRemove=null, oomScoreAdj=null, portBindings={5432/tcp=[Lcom.github.dockerjava.api.model.Ports$Binding;@72976b4}, privileged=null, publishAllPorts=null, readonlyRootfs=null, restartPolicy=null, ulimits=null, cpuCount=null, cpuPercent=null, ioMaximumIOps=null, ioMaximumBandwidth=null, volumesFrom=[], mounts=null, pidMode=null, isolation=null, securityOpts=null, storageOpt=null, cgroupParent=null, volumeDriver=null, shmSize=null, pidsLimit=null, runtime=null, tmpFs=null, utSMode=null, usernsMode=null, sysctls=null, consoleSize=null, cgroupnsMode=null),hostName=<null>,image=postgres:latest,ipv4Address=<null>,ipv6Address=<null>,labels={org.testcontainers=true, org.testcontainers.lang=java, org.testcontainers.version=1.19.8, org.testcontainers.sessionId=280e6229-7396-4d60-b1e3-a5de48b5d49b},macAddress=<null>,name=<null>,networkDisabled=<null>,networkingConfig=<null>,onBuild=<null>,platform=<null>,portSpecs=<null>,shell=<null>,stdInOnce=<null>,stdinOpen=<null>,stopSignal=<null>,stopTimeout=<null>,tty=<null>,user=<null>,volumes=Volumes(volumes=[]),workingDir=<null>]
2024-07-24 14:29:56.444 [Test worker] TRACE o.t.s.c.g.d.c.e.CreateContainerCmdExec - POST: DefaultWebTarget{path=[/containers/create], queryParams={}} 
2024-07-24 14:29:56.445 [Test worker] DEBUG c.g.d.z.s.o.a.h.c.h.i.c.InternalHttpClient - ex-00000015: preparing request execution
2024-07-24 14:29:56.446 [Test worker] DEBUG c.g.d.z.s.o.a.h.c.h.p.RequestAddCookies - Cookie spec selected: strict
2024-07-24 14:29:56.446 [Test worker] DEBUG c.g.d.z.s.o.a.h.c.h.p.RequestAuthCache - Auth cache not set in the context
2024-07-24 14:29:56.446 [Test worker] DEBUG c.g.d.z.s.o.a.h.c.h.i.c.ProtocolExec - ex-00000015: target auth state: UNCHALLENGED
2024-07-24 14:29:56.446 [Test worker] DEBUG c.g.d.z.s.o.a.h.c.h.i.c.ProtocolExec - ex-00000015: proxy auth state: UNCHALLENGED
2024-07-24 14:29:56.446 [Test worker] DEBUG c.g.d.z.s.o.a.h.c.h.i.c.ConnectExec - ex-00000015: acquiring connection with route {}->npipe://localhost:2375
2024-07-24 14:29:56.446 [Test worker] DEBUG c.g.d.z.s.o.a.h.c.h.i.c.InternalHttpClient - ex-00000015: acquiring endpoint (3 MINUTES)
2024-07-24 14:29:56.446 [Test worker] DEBUG c.g.d.z.s.o.a.h.c.h.i.i.PoolingHttpClientConnectionManager - ex-00000015: endpoint lease request (3 MINUTES) [route: {}->npipe://localhost:2375][total available: 1; route allocated: 1 of 2147483647; total allocated: 1 of 2147483647]
2024-07-24 14:29:56.446 [Test worker] DEBUG c.g.d.z.s.o.a.h.c.h.i.i.PoolingHttpClientConnectionManager - ex-00000015: endpoint leased [route: {}->npipe://localhost:2375][total available: 0; route allocated: 1 of 2147483647; total allocated: 1 of 2147483647]
2024-07-24 14:29:56.446 [Test worker] DEBUG c.g.d.z.s.o.a.h.c.h.i.i.PoolingHttpClientConnectionManager - ex-00000015: acquired ep-00000014
2024-07-24 14:29:56.446 [Test worker] DEBUG c.g.d.z.s.o.a.h.c.h.i.c.InternalHttpClient - ex-00000015: acquired endpoint ep-00000014
2024-07-24 14:29:56.446 [Test worker] DEBUG c.g.d.z.s.o.a.h.c.h.i.c.MainClientExec - ex-00000015: executing POST /v1.32/containers/create HTTP/1.1
2024-07-24 14:29:56.446 [Test worker] DEBUG c.g.d.z.s.o.a.h.c.h.i.c.InternalHttpClient - ep-00000014: start execution ex-00000015
2024-07-24 14:29:56.446 [Test worker] DEBUG c.g.d.z.s.o.a.h.c.h.i.i.PoolingHttpClientConnectionManager - ep-00000014: executing exchange ex-00000015 over http-outgoing-2
2024-07-24 14:29:56.446 [Test worker] DEBUG c.g.d.z.s.o.a.h.client5.http.headers - http-outgoing-2 >> POST /v1.32/containers/create HTTP/1.1
2024-07-24 14:29:56.446 [Test worker] DEBUG c.g.d.z.s.o.a.h.client5.http.headers - http-outgoing-2 >> accept: application/json
2024-07-24 14:29:56.446 [Test worker] DEBUG c.g.d.z.s.o.a.h.client5.http.headers - http-outgoing-2 >> content-type: application/json
2024-07-24 14:29:56.446 [Test worker] DEBUG c.g.d.z.s.o.a.h.client5.http.headers - http-outgoing-2 >> x-tc-sid: 280e6229-7396-4d60-b1e3-a5de48b5d49b
2024-07-24 14:29:56.446 [Test worker] DEBUG c.g.d.z.s.o.a.h.client5.http.headers - http-outgoing-2 >> User-Agent: tc-java/1.19.8
2024-07-24 14:29:56.446 [Test worker] DEBUG c.g.d.z.s.o.a.h.client5.http.headers - http-outgoing-2 >> Accept-Encoding: gzip, x-gzip, deflate
2024-07-24 14:29:56.446 [Test worker] DEBUG c.g.d.z.s.o.a.h.client5.http.headers - http-outgoing-2 >> Content-Length: 2061
2024-07-24 14:29:56.446 [Test worker] DEBUG c.g.d.z.s.o.a.h.client5.http.headers - http-outgoing-2 >> Host: localhost:2375
2024-07-24 14:29:56.446 [Test worker] DEBUG c.g.d.z.s.o.a.h.client5.http.headers - http-outgoing-2 >> Connection: keep-alive
2024-07-24 14:29:56.447 [Test worker] DEBUG c.g.d.z.s.o.a.hc.client5.http.wire - http-outgoing-2 >> "POST /v1.32/containers/create HTTP/1.1[\r][\n]"
2024-07-24 14:29:56.447 [Test worker] DEBUG c.g.d.z.s.o.a.hc.client5.http.wire - http-outgoing-2 >> "accept: application/json[\r][\n]"
2024-07-24 14:29:56.447 [Test worker] DEBUG c.g.d.z.s.o.a.hc.client5.http.wire - http-outgoing-2 >> "content-type: application/json[\r][\n]"
2024-07-24 14:29:56.447 [Test worker] DEBUG c.g.d.z.s.o.a.hc.client5.http.wire - http-outgoing-2 >> "x-tc-sid: 280e6229-7396-4d60-b1e3-a5de48b5d49b[\r][\n]"
2024-07-24 14:29:56.447 [Test worker] DEBUG c.g.d.z.s.o.a.hc.client5.http.wire - http-outgoing-2 >> "User-Agent: tc-java/1.19.8[\r][\n]"
2024-07-24 14:29:56.447 [Test worker] DEBUG c.g.d.z.s.o.a.hc.client5.http.wire - http-outgoing-2 >> "Accept-Encoding: gzip, x-gzip, deflate[\r][\n]"
2024-07-24 14:29:56.447 [Test worker] DEBUG c.g.d.z.s.o.a.hc.client5.http.wire - http-outgoing-2 >> "Content-Length: 2061[\r][\n]"
2024-07-24 14:29:56.447 [Test worker] DEBUG c.g.d.z.s.o.a.hc.client5.http.wire - http-outgoing-2 >> "Host: localhost:2375[\r][\n]"
2024-07-24 14:29:56.447 [Test worker] DEBUG c.g.d.z.s.o.a.hc.client5.http.wire - http-outgoing-2 >> "Connection: keep-alive[\r][\n]"
2024-07-24 14:29:56.447 [Test worker] DEBUG c.g.d.z.s.o.a.hc.client5.http.wire - http-outgoing-2 >> "[\r][\n]"
2024-07-24 14:29:56.447 [Test worker] DEBUG c.g.d.z.s.o.a.hc.client5.http.wire - http-outgoing-2 >> "{"Hostname":null,"Domainname":null,"User":null,"AttachStdin":null,"AttachStdout":null,"AttachStderr":null,"PortSpecs":null,"Tty":null,"OpenStdin":null,"StdinOnce":null,"Env":["POSTGRES_USER=user","POSTGRES_PASSWORD=password","POSTGRES_DB=db"],"Cmd":["postgres","-c","fsync=off"],"Healthcheck":null,"ArgsEscaped":null,"Entrypoint":null,"Image":"postgres:latest","Volumes":{},"WorkingDir":null,"MacAddress":null,"OnBuild":null,"NetworkDisabled":null,"ExposedPorts":{"5432/tcp":{}},"StopSignal":null,"StopTimeout":null,"HostConfig":{"Binds":[],"BlkioWeight":null,"BlkioWeightDevice":null,"BlkioDeviceReadBps":null,"BlkioDeviceWriteBps":null,"BlkioDeviceReadIOps":null,"BlkioDeviceWriteIOps":null,"MemorySwappiness":null,"NanoCpus":null,"CapAdd":null,"CapDrop":null,"ContainerIDFile":null,"CpuPeriod":null,"CpuRealtimePeriod":null,"CpuRealtimeRuntime":null,"CpuShares":null,"CpuQuota":null,"CpusetCpus":null,"CpusetMems":null,"Devices":null,"DeviceCgroupRules":null,"DeviceRequests":null,"DiskQuota":null,"Dns":null,"DnsOptions":null,"DnsSearch":null,"ExtraHosts":[],"GroupAdd":null,"IpcMode":null,"Cgroup":null,"Links":[],"LogConfig":null,"LxcConf":null,"Memory":null,"MemorySwap":null,"MemoryReservation":null,"KernelMemory":null,"NetworkMode":null,"OomKillDisable":null,"Init":null,"AutoRemove":null,"OomScoreAdj":null,"PortBindings":{"5432/tcp":[{"HostIp":"","HostPort":""}]},"Privileged":null,"PublishAllPorts":null,"ReadonlyRootfs":null,"RestartPolicy":null,"Ulimits":null,"CpuCount":null,"CpuPercent":null,"IOMaximumIOps":null,"IOMaximumBandwidth":null,"VolumesFrom":[],"Mounts":null,"PidMode":null,"Isolation":null,"SecurityOpt":null,"StorageOpt":null,"CgroupParent":null,"VolumeDriver":null,"ShmSize":null,"PidsLimit":null,"Runtime":null,"Tmpfs":null,"UTSMode":null,"UsernsMode":null,"Sysctls":null,"ConsoleSize":null,"CgroupnsMode":null},"Labels":{"org.testcontainers":"true","org.testcontainers.lang":"java","org.testcontainers.version":"1.19.8","org.testcontainers.sessionId":"280e6229-7396-4d60-b1e3-a5de48b5d49b"},"Shell":null,"NetworkingConfig":null}"
2024-07-24 14:29:56.579 [Test worker] DEBUG c.g.d.z.s.o.a.hc.client5.http.wire - http-outgoing-2 << "HTTP/1.1 201 Created[\r][\n]"
2024-07-24 14:29:56.579 [Test worker] DEBUG c.g.d.z.s.o.a.hc.client5.http.wire - http-outgoing-2 << "Api-Version: 1.45[\r][\n]"
2024-07-24 14:29:56.579 [Test worker] DEBUG c.g.d.z.s.o.a.hc.client5.http.wire - http-outgoing-2 << "Content-Type: application/json[\r][\n]"
2024-07-24 14:29:56.579 [Test worker] DEBUG c.g.d.z.s.o.a.hc.client5.http.wire - http-outgoing-2 << "Date: Wed, 24 Jul 2024 02:29:56 GMT[\r][\n]"
2024-07-24 14:29:56.579 [Test worker] DEBUG c.g.d.z.s.o.a.hc.client5.http.wire - http-outgoing-2 << "Docker-Experimental: false[\r][\n]"
2024-07-24 14:29:56.579 [Test worker] DEBUG c.g.d.z.s.o.a.hc.client5.http.wire - http-outgoing-2 << "Ostype: linux[\r][\n]"
2024-07-24 14:29:56.579 [Test worker] DEBUG c.g.d.z.s.o.a.hc.client5.http.wire - http-outgoing-2 << "Server: Docker/26.0.0 (linux)[\r][\n]"
2024-07-24 14:29:56.579 [Test worker] DEBUG c.g.d.z.s.o.a.hc.client5.http.wire - http-outgoing-2 << "Transfer-Encoding: chunked[\r][\n]"
2024-07-24 14:29:56.579 [Test worker] DEBUG c.g.d.z.s.o.a.hc.client5.http.wire - http-outgoing-2 << "[\r][\n]"
2024-07-24 14:29:56.579 [Test worker] DEBUG c.g.d.z.s.o.a.h.client5.http.headers - http-outgoing-2 << HTTP/1.1 201 Created
2024-07-24 14:29:56.579 [Test worker] DEBUG c.g.d.z.s.o.a.h.client5.http.headers - http-outgoing-2 << Api-Version: 1.45
2024-07-24 14:29:56.579 [Test worker] DEBUG c.g.d.z.s.o.a.h.client5.http.headers - http-outgoing-2 << Content-Type: application/json
2024-07-24 14:29:56.579 [Test worker] DEBUG c.g.d.z.s.o.a.h.client5.http.headers - http-outgoing-2 << Date: Wed, 24 Jul 2024 02:29:56 GMT
2024-07-24 14:29:56.579 [Test worker] DEBUG c.g.d.z.s.o.a.h.client5.http.headers - http-outgoing-2 << Docker-Experimental: false
2024-07-24 14:29:56.579 [Test worker] DEBUG c.g.d.z.s.o.a.h.client5.http.headers - http-outgoing-2 << Ostype: linux
2024-07-24 14:29:56.579 [Test worker] DEBUG c.g.d.z.s.o.a.h.client5.http.headers - http-outgoing-2 << Server: Docker/26.0.0 (linux)
2024-07-24 14:29:56.579 [Test worker] DEBUG c.g.d.z.s.o.a.h.client5.http.headers - http-outgoing-2 << Transfer-Encoding: chunked
2024-07-24 14:29:56.579 [Test worker] DEBUG c.g.d.z.s.o.a.h.c.h.i.c.MainClientExec - ex-00000015: connection can be kept alive for 3 MINUTES
2024-07-24 14:29:56.580 [Test worker] DEBUG c.g.d.z.s.o.a.hc.client5.http.wire - http-outgoing-2 << "58[\r][\n]"
2024-07-24 14:29:56.580 [Test worker] DEBUG c.g.d.z.s.o.a.hc.client5.http.wire - http-outgoing-2 << "{"Id":"c6972eea05b9baadfd9239a59ef7a862ed3271849c10af4da6d05285ecb29326","Warnings":[]}[\n]"
2024-07-24 14:29:56.580 [Test worker] DEBUG c.g.d.z.s.o.a.hc.client5.http.wire - http-outgoing-2 << "[\r][\n]"
2024-07-24 14:29:56.580 [Test worker] DEBUG c.g.d.z.s.o.a.hc.client5.http.wire - http-outgoing-2 << "0[\r][\n]"
2024-07-24 14:29:56.580 [Test worker] DEBUG c.g.d.z.s.o.a.hc.client5.http.wire - http-outgoing-2 << "[\r][\n]"
2024-07-24 14:29:56.580 [Test worker] DEBUG c.g.d.z.s.o.a.h.c.h.i.c.InternalHttpClient - ep-00000014: releasing valid endpoint
2024-07-24 14:29:56.580 [Test worker] DEBUG c.g.d.z.s.o.a.h.c.h.i.i.PoolingHttpClientConnectionManager - ep-00000014: releasing endpoint
2024-07-24 14:29:56.580 [Test worker] DEBUG c.g.d.z.s.o.a.h.c.h.i.i.PoolingHttpClientConnectionManager - ep-00000014: connection http-outgoing-2 can be kept alive for 3 MINUTES
2024-07-24 14:29:56.580 [Test worker] DEBUG c.g.d.z.s.o.a.h.c.h.i.i.PoolingHttpClientConnectionManager - ep-00000014: connection released [route: {}->npipe://localhost:2375][total available: 1; route allocated: 1 of 2147483647; total allocated: 1 of 2147483647]
2024-07-24 14:29:56.581 [Test worker] INFO  tc.postgres:latest - Container postgres:latest is starting: c6972eea05b9baadfd9239a59ef7a862ed3271849c10af4da6d05285ecb29326
2024-07-24 14:29:56.581 [Test worker] DEBUG o.t.s.c.g.d.c.command.AbstrDockerCmd - Cmd: c6972eea05b9baadfd9239a59ef7a862ed3271849c10af4da6d05285ecb29326
2024-07-24 14:29:56.581 [Test worker] TRACE o.t.s.c.g.d.c.e.StartContainerCmdExec - POST: DefaultWebTarget{path=[/containers/c6972eea05b9baadfd9239a59ef7a862ed3271849c10af4da6d05285ecb29326/start], queryParams={}}
2024-07-24 14:29:56.582 [Test worker] DEBUG c.g.d.z.s.o.a.h.c.h.i.c.InternalHttpClient - ex-00000016: preparing request execution
2024-07-24 14:29:56.582 [Test worker] DEBUG c.g.d.z.s.o.a.h.c.h.p.RequestAddCookies - Cookie spec selected: strict
2024-07-24 14:29:56.582 [Test worker] DEBUG c.g.d.z.s.o.a.h.c.h.p.RequestAuthCache - Auth cache not set in the context
2024-07-24 14:29:56.582 [Test worker] DEBUG c.g.d.z.s.o.a.h.c.h.i.c.ProtocolExec - ex-00000016: target auth state: UNCHALLENGED
2024-07-24 14:29:56.582 [Test worker] DEBUG c.g.d.z.s.o.a.h.c.h.i.c.ProtocolExec - ex-00000016: proxy auth state: UNCHALLENGED
2024-07-24 14:29:56.582 [Test worker] DEBUG c.g.d.z.s.o.a.h.c.h.i.c.ConnectExec - ex-00000016: acquiring connection with route {}->npipe://localhost:2375
2024-07-24 14:29:56.582 [Test worker] DEBUG c.g.d.z.s.o.a.h.c.h.i.c.InternalHttpClient - ex-00000016: acquiring endpoint (3 MINUTES)
2024-07-24 14:29:56.582 [Test worker] DEBUG c.g.d.z.s.o.a.h.c.h.i.i.PoolingHttpClientConnectionManager - ex-00000016: endpoint lease request (3 MINUTES) [route: {}->npipe://localhost:2375][total available: 1; route allocated: 1 of 2147483647; total allocated: 1 of 2147483647]
2024-07-24 14:29:56.582 [Test worker] DEBUG c.g.d.z.s.o.a.h.c.h.i.i.PoolingHttpClientConnectionManager - ex-00000016: endpoint leased [route: {}->npipe://localhost:2375][total available: 0; route allocated: 1 of 2147483647; total allocated: 1 of 2147483647]
2024-07-24 14:29:56.582 [Test worker] DEBUG c.g.d.z.s.o.a.h.c.h.i.i.PoolingHttpClientConnectionManager - ex-00000016: acquired ep-00000015
2024-07-24 14:29:56.582 [Test worker] DEBUG c.g.d.z.s.o.a.h.c.h.i.c.InternalHttpClient - ex-00000016: acquired endpoint ep-00000015
2024-07-24 14:29:56.582 [Test worker] DEBUG c.g.d.z.s.o.a.h.c.h.i.c.MainClientExec - ex-00000016: executing POST /v1.32/containers/c6972eea05b9baadfd9239a59ef7a862ed3271849c10af4da6d05285ecb29326/start HTTP/1.1
2024-07-24 14:29:56.582 [Test worker] DEBUG c.g.d.z.s.o.a.h.c.h.i.c.InternalHttpClient - ep-00000015: start execution ex-00000016
2024-07-24 14:29:56.582 [Test worker] DEBUG c.g.d.z.s.o.a.h.c.h.i.i.PoolingHttpClientConnectionManager - ep-00000015: executing exchange ex-00000016 over http-outgoing-2
2024-07-24 14:29:56.582 [Test worker] DEBUG c.g.d.z.s.o.a.h.client5.http.headers - http-outgoing-2 >> POST /v1.32/containers/c6972eea05b9baadfd9239a59ef7a862ed3271849c10af4da6d05285ecb29326/start HTTP/1.1
2024-07-24 14:29:56.582 [Test worker] DEBUG c.g.d.z.s.o.a.h.client5.http.headers - http-outgoing-2 >> accept: application/json
2024-07-24 14:29:56.582 [Test worker] DEBUG c.g.d.z.s.o.a.h.client5.http.headers - http-outgoing-2 >> content-type: application/json
2024-07-24 14:29:56.582 [Test worker] DEBUG c.g.d.z.s.o.a.h.client5.http.headers - http-outgoing-2 >> x-tc-sid: 280e6229-7396-4d60-b1e3-a5de48b5d49b
2024-07-24 14:29:56.582 [Test worker] DEBUG c.g.d.z.s.o.a.h.client5.http.headers - http-outgoing-2 >> User-Agent: tc-java/1.19.8
2024-07-24 14:29:56.582 [Test worker] DEBUG c.g.d.z.s.o.a.h.client5.http.headers - http-outgoing-2 >> Accept-Encoding: gzip, x-gzip, deflate
2024-07-24 14:29:56.582 [Test worker] DEBUG c.g.d.z.s.o.a.h.client5.http.headers - http-outgoing-2 >> Host: localhost:2375
2024-07-24 14:29:56.582 [Test worker] DEBUG c.g.d.z.s.o.a.h.client5.http.headers - http-outgoing-2 >> Connection: keep-alive
2024-07-24 14:29:56.582 [Test worker] DEBUG c.g.d.z.s.o.a.hc.client5.http.wire - http-outgoing-2 >> "POST /v1.32/containers/c6972eea05b9baadfd9239a59ef7a862ed3271849c10af4da6d05285ecb29326/start HTTP/1.1[\r][\n]"
2024-07-24 14:29:56.582 [Test worker] DEBUG c.g.d.z.s.o.a.hc.client5.http.wire - http-outgoing-2 >> "accept: application/json[\r][\n]"
2024-07-24 14:29:56.582 [Test worker] DEBUG c.g.d.z.s.o.a.hc.client5.http.wire - http-outgoing-2 >> "content-type: application/json[\r][\n]"
2024-07-24 14:29:56.582 [Test worker] DEBUG c.g.d.z.s.o.a.hc.client5.http.wire - http-outgoing-2 >> "x-tc-sid: 280e6229-7396-4d60-b1e3-a5de48b5d49b[\r][\n]"
2024-07-24 14:29:56.582 [Test worker] DEBUG c.g.d.z.s.o.a.hc.client5.http.wire - http-outgoing-2 >> "User-Agent: tc-java/1.19.8[\r][\n]"
2024-07-24 14:29:56.582 [Test worker] DEBUG c.g.d.z.s.o.a.hc.client5.http.wire - http-outgoing-2 >> "Accept-Encoding: gzip, x-gzip, deflate[\r][\n]"
2024-07-24 14:29:56.582 [Test worker] DEBUG c.g.d.z.s.o.a.hc.client5.http.wire - http-outgoing-2 >> "Host: localhost:2375[\r][\n]"
2024-07-24 14:29:56.582 [Test worker] DEBUG c.g.d.z.s.o.a.hc.client5.http.wire - http-outgoing-2 >> "Connection: keep-alive[\r][\n]"
2024-07-24 14:29:56.582 [Test worker] DEBUG c.g.d.z.s.o.a.hc.client5.http.wire - http-outgoing-2 >> "[\r][\n]"
2024-07-24 14:29:56.981 [Test worker] DEBUG c.g.d.z.s.o.a.hc.client5.http.wire - http-outgoing-2 << "HTTP/1.1 204 No Content[\r][\n]"
2024-07-24 14:29:56.982 [Test worker] DEBUG c.g.d.z.s.o.a.hc.client5.http.wire - http-outgoing-2 << "Api-Version: 1.45[\r][\n]"
2024-07-24 14:29:56.982 [Test worker] DEBUG c.g.d.z.s.o.a.hc.client5.http.wire - http-outgoing-2 << "Date: Wed, 24 Jul 2024 02:29:56 GMT[\r][\n]"
2024-07-24 14:29:56.982 [Test worker] DEBUG c.g.d.z.s.o.a.hc.client5.http.wire - http-outgoing-2 << "Docker-Experimental: false[\r][\n]"
2024-07-24 14:29:56.982 [Test worker] DEBUG c.g.d.z.s.o.a.hc.client5.http.wire - http-outgoing-2 << "Ostype: linux[\r][\n]"
2024-07-24 14:29:56.982 [Test worker] DEBUG c.g.d.z.s.o.a.hc.client5.http.wire - http-outgoing-2 << "Server: Docker/26.0.0 (linux)[\r][\n]"
2024-07-24 14:29:56.982 [Test worker] DEBUG c.g.d.z.s.o.a.hc.client5.http.wire - http-outgoing-2 << "[\r][\n]"
2024-07-24 14:29:56.982 [Test worker] DEBUG c.g.d.z.s.o.a.h.client5.http.headers - http-outgoing-2 << HTTP/1.1 204 No Content
2024-07-24 14:29:56.982 [Test worker] DEBUG c.g.d.z.s.o.a.h.client5.http.headers - http-outgoing-2 << Api-Version: 1.45
2024-07-24 14:29:56.982 [Test worker] DEBUG c.g.d.z.s.o.a.h.client5.http.headers - http-outgoing-2 << Date: Wed, 24 Jul 2024 02:29:56 GMT
2024-07-24 14:29:56.982 [Test worker] DEBUG c.g.d.z.s.o.a.h.client5.http.headers - http-outgoing-2 << Docker-Experimental: false
2024-07-24 14:29:56.982 [Test worker] DEBUG c.g.d.z.s.o.a.h.client5.http.headers - http-outgoing-2 << Ostype: linux
2024-07-24 14:29:56.982 [Test worker] DEBUG c.g.d.z.s.o.a.h.client5.http.headers - http-outgoing-2 << Server: Docker/26.0.0 (linux)
2024-07-24 14:29:56.982 [Test worker] DEBUG c.g.d.z.s.o.a.h.c.h.i.c.MainClientExec - ex-00000016: connection can be kept alive for 3 MINUTES
2024-07-24 14:29:56.982 [Test worker] DEBUG c.g.d.z.s.o.a.h.c.h.i.c.InternalHttpClient - ep-00000015: releasing valid endpoint
2024-07-24 14:29:56.982 [Test worker] DEBUG c.g.d.z.s.o.a.h.c.h.i.i.PoolingHttpClientConnectionManager - ep-00000015: releasing endpoint
2024-07-24 14:29:56.983 [Test worker] DEBUG c.g.d.z.s.o.a.h.c.h.i.i.PoolingHttpClientConnectionManager - ep-00000015: connection http-outgoing-2 can be kept alive for 3 MINUTES
2024-07-24 14:29:56.983 [Test worker] DEBUG c.g.d.z.s.o.a.h.c.h.i.i.PoolingHttpClientConnectionManager - ep-00000015: connection released [route: {}->npipe://localhost:2375][total available: 1; route allocated: 1 of 2147483647; total allocated: 1 of 2147483647]
2024-07-24 14:29:56.983 [Test worker] DEBUG o.t.s.c.g.d.c.command.AbstrDockerCmd - Cmd: c6972eea05b9baadfd9239a59ef7a862ed3271849c10af4da6d05285ecb29326,false
2024-07-24 14:29:56.983 [Test worker] DEBUG o.t.s.c.g.d.c.e.InspectContainerCmdExec - GET: DefaultWebTarget{path=[/containers/c6972eea05b9baadfd9239a59ef7a862ed3271849c10af4da6d05285ecb29326/json], queryParams={}}
2024-07-24 14:29:56.984 [Test worker] DEBUG c.g.d.z.s.o.a.h.c.h.i.c.InternalHttpClient - ex-00000017: preparing request execution
2024-07-24 14:29:56.984 [Test worker] DEBUG c.g.d.z.s.o.a.h.c.h.p.RequestAddCookies - Cookie spec selected: strict
2024-07-24 14:29:56.984 [Test worker] DEBUG c.g.d.z.s.o.a.h.c.h.p.RequestAuthCache - Auth cache not set in the context
2024-07-24 14:29:56.984 [Test worker] DEBUG c.g.d.z.s.o.a.h.c.h.i.c.ProtocolExec - ex-00000017: target auth state: UNCHALLENGED
2024-07-24 14:29:56.984 [Test worker] DEBUG c.g.d.z.s.o.a.h.c.h.i.c.ProtocolExec - ex-00000017: proxy auth state: UNCHALLENGED
2024-07-24 14:29:56.984 [Test worker] DEBUG c.g.d.z.s.o.a.h.c.h.i.c.ConnectExec - ex-00000017: acquiring connection with route {}->npipe://localhost:2375
2024-07-24 14:29:56.984 [Test worker] DEBUG c.g.d.z.s.o.a.h.c.h.i.c.InternalHttpClient - ex-00000017: acquiring endpoint (3 MINUTES)
2024-07-24 14:29:56.984 [Test worker] DEBUG c.g.d.z.s.o.a.h.c.h.i.i.PoolingHttpClientConnectionManager - ex-00000017: endpoint lease request (3 MINUTES) [route: {}->npipe://localhost:2375][total available: 1; route allocated: 1 of 2147483647; total allocated: 1 of 2147483647]
2024-07-24 14:29:56.984 [Test worker] DEBUG c.g.d.z.s.o.a.h.c.h.i.i.PoolingHttpClientConnectionManager - ex-00000017: endpoint leased [route: {}->npipe://localhost:2375][total available: 0; route allocated: 1 of 2147483647; total allocated: 1 of 2147483647]
2024-07-24 14:29:56.984 [Test worker] DEBUG c.g.d.z.s.o.a.h.c.h.i.i.PoolingHttpClientConnectionManager - ex-00000017: acquired ep-00000016
2024-07-24 14:29:56.984 [Test worker] DEBUG c.g.d.z.s.o.a.h.c.h.i.c.InternalHttpClient - ex-00000017: acquired endpoint ep-00000016
2024-07-24 14:29:56.984 [Test worker] DEBUG c.g.d.z.s.o.a.h.c.h.i.c.MainClientExec - ex-00000017: executing GET /v1.32/containers/c6972eea05b9baadfd9239a59ef7a862ed3271849c10af4da6d05285ecb29326/json HTTP/1.1
2024-07-24 14:29:56.984 [Test worker] DEBUG c.g.d.z.s.o.a.h.c.h.i.c.InternalHttpClient - ep-00000016: start execution ex-00000017
2024-07-24 14:29:56.984 [Test worker] DEBUG c.g.d.z.s.o.a.h.c.h.i.i.PoolingHttpClientConnectionManager - ep-00000016: executing exchange ex-00000017 over http-outgoing-2
2024-07-24 14:29:56.984 [Test worker] DEBUG c.g.d.z.s.o.a.h.client5.http.headers - http-outgoing-2 >> GET /v1.32/containers/c6972eea05b9baadfd9239a59ef7a862ed3271849c10af4da6d05285ecb29326/json HTTP/1.1
2024-07-24 14:29:56.984 [Test worker] DEBUG c.g.d.z.s.o.a.h.client5.http.headers - http-outgoing-2 >> accept: application/json
2024-07-24 14:29:56.984 [Test worker] DEBUG c.g.d.z.s.o.a.h.client5.http.headers - http-outgoing-2 >> x-tc-sid: 280e6229-7396-4d60-b1e3-a5de48b5d49b
2024-07-24 14:29:56.984 [Test worker] DEBUG c.g.d.z.s.o.a.h.client5.http.headers - http-outgoing-2 >> User-Agent: tc-java/1.19.8
2024-07-24 14:29:56.984 [Test worker] DEBUG c.g.d.z.s.o.a.h.client5.http.headers - http-outgoing-2 >> Accept-Encoding: gzip, x-gzip, deflate
2024-07-24 14:29:56.984 [Test worker] DEBUG c.g.d.z.s.o.a.h.client5.http.headers - http-outgoing-2 >> Host: localhost:2375
2024-07-24 14:29:56.984 [Test worker] DEBUG c.g.d.z.s.o.a.h.client5.http.headers - http-outgoing-2 >> Connection: keep-alive
2024-07-24 14:29:56.984 [Test worker] DEBUG c.g.d.z.s.o.a.hc.client5.http.wire - http-outgoing-2 >> "GET /v1.32/containers/c6972eea05b9baadfd9239a59ef7a862ed3271849c10af4da6d05285ecb29326/json HTTP/1.1[\r][\n]"
2024-07-24 14:29:56.984 [Test worker] DEBUG c.g.d.z.s.o.a.hc.client5.http.wire - http-outgoing-2 >> "accept: application/json[\r][\n]"
2024-07-24 14:29:56.984 [Test worker] DEBUG c.g.d.z.s.o.a.hc.client5.http.wire - http-outgoing-2 >> "x-tc-sid: 280e6229-7396-4d60-b1e3-a5de48b5d49b[\r][\n]"
2024-07-24 14:29:56.984 [Test worker] DEBUG c.g.d.z.s.o.a.hc.client5.http.wire - http-outgoing-2 >> "User-Agent: tc-java/1.19.8[\r][\n]"
2024-07-24 14:29:56.984 [Test worker] DEBUG c.g.d.z.s.o.a.hc.client5.http.wire - http-outgoing-2 >> "Accept-Encoding: gzip, x-gzip, deflate[\r][\n]"
2024-07-24 14:29:56.984 [Test worker] DEBUG c.g.d.z.s.o.a.hc.client5.http.wire - http-outgoing-2 >> "Host: localhost:2375[\r][\n]"
2024-07-24 14:29:56.984 [Test worker] DEBUG c.g.d.z.s.o.a.hc.client5.http.wire - http-outgoing-2 >> "Connection: keep-alive[\r][\n]"
2024-07-24 14:29:56.984 [Test worker] DEBUG c.g.d.z.s.o.a.hc.client5.http.wire - http-outgoing-2 >> "[\r][\n]"
2024-07-24 14:29:56.988 [Test worker] DEBUG c.g.d.z.s.o.a.hc.client5.http.wire - http-outgoing-2 << "HTTP/1.1 200 OK[\r][\n]"
2024-07-24 14:29:56.989 [Test worker] DEBUG c.g.d.z.s.o.a.hc.client5.http.wire - http-outgoing-2 << "Api-Version: 1.45[\r][\n]"
2024-07-24 14:29:56.989 [Test worker] DEBUG c.g.d.z.s.o.a.hc.client5.http.wire - http-outgoing-2 << "Content-Type: application/json[\r][\n]"
2024-07-24 14:29:56.989 [Test worker] DEBUG c.g.d.z.s.o.a.hc.client5.http.wire - http-outgoing-2 << "Date: Wed, 24 Jul 2024 02:29:56 GMT[\r][\n]"
2024-07-24 14:29:56.989 [Test worker] DEBUG c.g.d.z.s.o.a.hc.client5.http.wire - http-outgoing-2 << "Docker-Experimental: false[\r][\n]"
2024-07-24 14:29:56.989 [Test worker] DEBUG c.g.d.z.s.o.a.hc.client5.http.wire - http-outgoing-2 << "Ostype: linux[\r][\n]"
2024-07-24 14:29:56.989 [Test worker] DEBUG c.g.d.z.s.o.a.hc.client5.http.wire - http-outgoing-2 << "Server: Docker/26.0.0 (linux)[\r][\n]"
2024-07-24 14:29:56.989 [Test worker] DEBUG c.g.d.z.s.o.a.hc.client5.http.wire - http-outgoing-2 << "Transfer-Encoding: chunked[\r][\n]"
2024-07-24 14:29:56.989 [Test worker] DEBUG c.g.d.z.s.o.a.hc.client5.http.wire - http-outgoing-2 << "[\r][\n]"
2024-07-24 14:29:56.989 [Test worker] DEBUG c.g.d.z.s.o.a.h.client5.http.headers - http-outgoing-2 << HTTP/1.1 200 OK
2024-07-24 14:29:56.989 [Test worker] DEBUG c.g.d.z.s.o.a.h.client5.http.headers - http-outgoing-2 << Api-Version: 1.45
2024-07-24 14:29:56.989 [Test worker] DEBUG c.g.d.z.s.o.a.h.client5.http.headers - http-outgoing-2 << Content-Type: application/json
2024-07-24 14:29:56.989 [Test worker] DEBUG c.g.d.z.s.o.a.h.client5.http.headers - http-outgoing-2 << Date: Wed, 24 Jul 2024 02:29:56 GMT
2024-07-24 14:29:56.989 [Test worker] DEBUG c.g.d.z.s.o.a.h.client5.http.headers - http-outgoing-2 << Docker-Experimental: false
2024-07-24 14:29:56.989 [Test worker] DEBUG c.g.d.z.s.o.a.h.client5.http.headers - http-outgoing-2 << Ostype: linux
2024-07-24 14:29:56.989 [Test worker] DEBUG c.g.d.z.s.o.a.h.client5.http.headers - http-outgoing-2 << Server: Docker/26.0.0 (linux)
2024-07-24 14:29:56.989 [Test worker] DEBUG c.g.d.z.s.o.a.h.client5.http.headers - http-outgoing-2 << Transfer-Encoding: chunked
2024-07-24 14:29:56.990 [Test worker] DEBUG c.g.d.z.s.o.a.h.c.h.i.c.MainClientExec - ex-00000017: connection can be kept alive for 3 MINUTES
2024-07-24 14:29:56.990 [Test worker] DEBUG c.g.d.z.s.o.a.hc.client5.http.wire - http-outgoing-2 << "1a38[\r][\n]"
2024-07-24 14:29:56.991 [Test worker] DEBUG c.g.d.z.s.o.a.hc.client5.http.wire - http-outgoing-2 << "{"Id":"c6972eea05b9baadfd9239a59ef7a862ed3271849c10af4da6d05285ecb29326","Created":"2024-07-24T02:29:56.453562295Z","Path":"docker-entrypoint.sh","Args":["postgres","-c","fsync=off"],"State":{"Status":"running","Running":true,"Paused":false,"Restarting":false,"OOMKilled":false,"Dead":false,"Pid":27967,"ExitCode":0,"Error":"","StartedAt":"2024-07-24T02:29:56.953930415Z","FinishedAt":"0001-01-01T00:00:00Z"},"Image":"sha256:8e4fc9e184899a58735e7ee333f5e272d7d2298cf59302006b71f33e217be130","ResolvConfPath":"/var/lib/docker/containers/c6972eea05b9baadfd9239a59ef7a862ed3271849c10af4da6d05285ecb29326/resolv.conf","HostnamePath":"/var/lib/docker/containers/c6972eea05b9baadfd9239a59ef7a862ed3271849c10af4da6d05285ecb29326/hostname","HostsPath":"/var/lib/docker/containers/c6972eea05b9baadfd9239a59ef7a862ed3271849c10af4da6d05285ecb29326/hosts","LogPath":"/var/lib/docker/containers/c6972eea05b9baadfd9239a59ef7a862ed3271849c10af4da6d05285ecb29326/c6972eea05b9baadfd9239a59ef7a862ed3271849c10af4da6d05285ecb29326-json.log","Name":"/peaceful_hoover","RestartCount":0,"Driver":"overlay2","Platform":"linux","MountLabel":"","ProcessLabel":"","AppArmorProfile":"","ExecIDs":null,"HostConfig":{"Binds":[],"ContainerIDFile":"","LogConfig":{"Type":"json-file","Config":{}},"NetworkMode":"default","PortBindings":{"5432/tcp":[{"HostIp":"0.0.0.0","HostPort":"0"}]},"RestartPolicy":{"Name":"no","MaximumRetryCount":0},"AutoRemove":false,"VolumeDriver":"","VolumesFrom":[],"ConsoleSize":[0,0],"CapAdd":null,"CapDrop":null,"CgroupnsMode":"host","Dns":null,"DnsOptions":null,"DnsSearch":null,"ExtraHosts":[],"GroupAdd":null,"IpcMode":"shareable","Cgroup":"","Links":null,"OomScoreAdj":0,"PidMode":"","Privileged":false,"PublishAllPorts":false,"ReadonlyRootfs":false,"SecurityOpt":null,"UTSMode":"","UsernsMode":"","ShmSize":67108864,"Runtime":"runc","Isolation":"","CpuShares":0,"Memory":0,"NanoCpus":0,"CgroupParent":"","BlkioWeight":0,"BlkioWeightDevice":null,"BlkioDeviceReadBps":null,"BlkioDeviceWriteBps":null,"BlkioDeviceReadIOps":null,"BlkioDeviceWriteIOps":null,"CpuPeriod":0,"CpuQuota":0,"CpuRealtimePeriod":0,"CpuRealtimeRuntime":0,"CpusetCpus":"","CpusetMems":"","Devices":null,"DeviceCgroupRules":null,"DeviceRequests":null,"MemoryReservation":0,"MemorySwap":0,"MemorySwappiness":null,"OomKillDisable":false,"PidsLimit":null,"Ulimits":null,"CpuCount":0,"CpuPercent":0,"IOMaximumIOps":0,"IOMaximumBandwidth":0,"MaskedPaths":["/proc/asound","/proc/acpi","/proc/kcore","/proc/keys","/proc/latency_stats","/proc/timer_list","/proc/timer_stats","/proc/sched_debug","/proc/scsi","/sys/firmware","/sys/devices/virtual/powercap"],"ReadonlyPaths":["/proc/bus","/proc/fs","/proc/irq","/proc/sys","/proc/sysrq-trigger"]},"GraphDriver":{"Data":{"LowerDir":"/var/lib/docker/overlay2/baf5d788a2c2c03114cc01902c946206909674889ec1eb6d93b989481ec3e317-init/diff:/var/lib/docker/overlay2/8f0ddbd386af0785c2e348570516955816ab350305d698d363962d488eeb15ec/diff:/var/lib/docker/overlay2/0eb0ca73e9b0be7c3d7fa8762ef4778a68f38391bc84c037c2e90b88e781b475/diff:/var/lib/docker/overlay2/74e634bddc785c5d436b10a5158cd82e21dc2065fd1cf8ff9c1c12e01575a2d8/diff:/var/lib/docker/overlay2/bb918b2851cd2f508f1e3fdbfff8b7f8b041d61e65fe8c368288bf399e80b818/diff:/var/lib/docker/overlay2/2abab2946cbdc2941ee8ec4024c51dac7313dee9de5fbedd1ca33388c59eb3c8/diff:/var/lib/docker/overlay2/e12f6083ee669bd92743ceb339a896bb25dbe461b718705bb39eb410b80c0ecd/diff:/var/lib/docker/overlay2/ced1e86d670d097da5ed4da7288c22507735918959161c2cd8bf083fb30d169a/diff:/var/lib/docker/overlay2/94e9ac7b74923285ae73af20aeccb964ca9079e2305db367cb85d1603560472d/diff:/var/lib/docker/overlay2/a396b6dfd63f0c228c519871183c614cccf4d366a43460f27ecf97113c3c4be8/diff:/var/lib/docker/overlay2/f58ada5d5080c2bac553c734f81127660a90581a35ed2a92cebe3c59e340875b/diff:/var/lib/docker/overlay2/84f85636f37bf55d945e217b4f87a856eba7932284beaf042561007b66f48977/diff:/var/lib/docker/overlay2/1e6e519613884e91a2b74a588ba35dc8a2f789371ab798ef6e7d9836d756042f/diff:/var/lib/docker/overlay2/14a3151cc8b4f9d27d2e64f1a8abc0c7809309580f2d7e8dc8545055c1d56194/diff:/var/lib/doc"
2024-07-24 14:29:56.991 [Test worker] DEBUG c.g.d.z.s.o.a.hc.client5.http.wire - http-outgoing-2 << "ker/overlay2/5b354b9e793401517fe2f1da697653fdaadffc54888eaf76d67e0600b8c68bdc/diff","MergedDir":"/var/lib/docker/overlay2/baf5d788a2c2c03114cc01902c946206909674889ec1eb6d93b989481ec3e317/merged","UpperDir":"/var/lib/docker/overlay2/baf5d788a2c2c03114cc01902c946206909674889ec1eb6d93b989481ec3e317/diff","WorkDir":"/var/lib/docker/overlay2/baf5d788a2c2c03114cc01902c946206909674889ec1eb6d93b989481ec3e317/work"},"Name":"overlay2"},"Mounts":[{"Type":"volume","Name":"0cc7e2a392583e93b40b557cfff20e296592a8997e9716ff3d7b3dfcddb0f5e9","Source":"/var/lib/docker/volumes/0cc7e2a392583e93b40b557cfff20e296592a8997e9716ff3d7b3dfcddb0f5e9/_data","Destination":"/var/lib/postgresql/data","Driver":"local","Mode":"","RW":true,"Propagation":""}],"Config":{"Hostname":"c6972eea05b9","Domainname":"","User":"","AttachStdin":false,"AttachStdout":false,"AttachStderr":false,"ExposedPorts":{"5432/tcp":{}},"Tty":false,"OpenStdin":false,"StdinOnce":false,"Env":["POSTGRES_USER=user","POSTGRES_PASSWORD=password","POSTGRES_DB=db","PATH=/usr/local/sbin:/usr/local/bin:/usr/sbin:/usr/bin:/sbin:/bin:/usr/lib/postgresql/16/bin","GOSU_VERSION=1.17","LANG=en_US.utf8","PG_MAJOR=16","PG_VERSION=16.2-1.pgdg120+2","PGDATA=/var/lib/postgresql/data"],"Cmd":["postgres","-c","fsync=off"],"Image":"postgres:latest","Volumes":{"/var/lib/postgresql/data":{}},"WorkingDir":"","Entrypoint":["docker-entrypoint.sh"],"OnBuild":null,"Labels":{"org.testcontainers":"true","org.testcontainers.lang":"java","org.testcontainers.sessionId":"280e6229-7396-4d60-b1e3-a5de48b5d49b","org.testcontainers.version":"1.19.8"},"StopSignal":"SIGINT"},"NetworkSettings":{"Bridge":"","SandboxID":"b95ed89c9ae5bca3eb2868d59ca8d44a4bb0212562ec9b36b0b79e7963fe083d","SandboxKey":"/var/run/docker/netns/b95ed89c9ae5","Ports":{"5432/tcp":[{"HostIp":"0.0.0.0","HostPort":"51497"}]},"HairpinMode":false,"LinkLocalIPv6Address":"","LinkLocalIPv6PrefixLen":0,"SecondaryIPAddresses":null,"SecondaryIPv6Addresses":null,"EndpointID":"4e3e7f130c8bd6ac697d867bfcf35cfb737432b61ced81a80992380c65e4ad48","Gateway":"172.17.0.1","GlobalIPv6Address":"","GlobalIPv6PrefixLen":0,"IPAddress":"172.17.0.3","IPPrefixLen":16,"IPv6Gateway":"","MacAddress":"02:42:ac:11:00:03","Networks":{"bridge":{"IPAMConfig":null,"Links":null,"Aliases":null,"MacAddress":"02:42:ac:11:00:03","NetworkID":"3c842496be344cbdae878c1dee0957e7bc7c0a2236009c92752030f2b053e72f","EndpointID":"4e3e7f130c8bd6ac697d867bfcf35cfb737432b61ced81a80992380c65e4ad48","Gateway":"172.17.0.1","IPAddress":"172.17.0.3","IPPrefixLen":16,"IPv6Gateway":"","GlobalIPv6Address":"","GlobalIPv6PrefixLen":0,"DriverOpts":null,"DNSNames":null}}}}[\n]"
2024-07-24 14:29:56.992 [Test worker] DEBUG c.g.d.z.s.o.a.hc.client5.http.wire - http-outgoing-2 << "[\r][\n]"
2024-07-24 14:29:56.992 [Test worker] DEBUG c.g.d.z.s.o.a.hc.client5.http.wire - http-outgoing-2 << "0[\r][\n]"
2024-07-24 14:29:56.992 [Test worker] DEBUG c.g.d.z.s.o.a.hc.client5.http.wire - http-outgoing-2 << "[\r][\n]"
2024-07-24 14:29:56.992 [Test worker] DEBUG c.g.d.z.s.o.a.h.c.h.i.c.InternalHttpClient - ep-00000016: releasing valid endpoint
2024-07-24 14:29:56.992 [Test worker] DEBUG c.g.d.z.s.o.a.h.c.h.i.i.PoolingHttpClientConnectionManager - ep-00000016: releasing endpoint
2024-07-24 14:29:56.993 [Test worker] DEBUG c.g.d.z.s.o.a.h.c.h.i.i.PoolingHttpClientConnectionManager - ep-00000016: connection http-outgoing-2 can be kept alive for 3 MINUTES
2024-07-24 14:29:56.993 [Test worker] DEBUG c.g.d.z.s.o.a.h.c.h.i.i.PoolingHttpClientConnectionManager - ep-00000016: connection released [route: {}->npipe://localhost:2375][total available: 1; route allocated: 1 of 2147483647; total allocated: 1 of 2147483647]
2024-07-24 14:29:56.993 [Test worker] DEBUG o.t.s.c.g.d.c.command.AbstrDockerCmd - Cmd: sha256:8e4fc9e184899a58735e7ee333f5e272d7d2298cf59302006b71f33e217be130
2024-07-24 14:29:56.993 [Test worker] TRACE o.t.s.c.g.d.c.e.InspectImageCmdExec - GET: DefaultWebTarget{path=[/images/sha256:8e4fc9e184899a58735e7ee333f5e272d7d2298cf59302006b71f33e217be130/json], queryParams={}}
2024-07-24 14:29:56.993 [Test worker] DEBUG c.g.d.z.s.o.a.h.c.h.i.c.InternalHttpClient - ex-00000018: preparing request execution
2024-07-24 14:29:56.993 [Test worker] DEBUG c.g.d.z.s.o.a.h.c.h.p.RequestAddCookies - Cookie spec selected: strict
2024-07-24 14:29:56.993 [Test worker] DEBUG c.g.d.z.s.o.a.h.c.h.p.RequestAuthCache - Auth cache not set in the context
2024-07-24 14:29:56.993 [Test worker] DEBUG c.g.d.z.s.o.a.h.c.h.i.c.ProtocolExec - ex-00000018: target auth state: UNCHALLENGED
2024-07-24 14:29:56.993 [Test worker] DEBUG c.g.d.z.s.o.a.h.c.h.i.c.ProtocolExec - ex-00000018: proxy auth state: UNCHALLENGED
2024-07-24 14:29:56.993 [Test worker] DEBUG c.g.d.z.s.o.a.h.c.h.i.c.ConnectExec - ex-00000018: acquiring connection with route {}->npipe://localhost:2375
2024-07-24 14:29:56.993 [Test worker] DEBUG c.g.d.z.s.o.a.h.c.h.i.c.InternalHttpClient - ex-00000018: acquiring endpoint (3 MINUTES)
2024-07-24 14:29:56.993 [Test worker] DEBUG c.g.d.z.s.o.a.h.c.h.i.i.PoolingHttpClientConnectionManager - ex-00000018: endpoint lease request (3 MINUTES) [route: {}->npipe://localhost:2375][total available: 1; route allocated: 1 of 2147483647; total allocated: 1 of 2147483647]
2024-07-24 14:29:56.994 [Test worker] DEBUG c.g.d.z.s.o.a.h.c.h.i.i.PoolingHttpClientConnectionManager - ex-00000018: endpoint leased [route: {}->npipe://localhost:2375][total available: 0; route allocated: 1 of 2147483647; total allocated: 1 of 2147483647]
2024-07-24 14:29:56.994 [Test worker] DEBUG c.g.d.z.s.o.a.h.c.h.i.i.PoolingHttpClientConnectionManager - ex-00000018: acquired ep-00000017
2024-07-24 14:29:56.994 [Test worker] DEBUG c.g.d.z.s.o.a.h.c.h.i.c.InternalHttpClient - ex-00000018: acquired endpoint ep-00000017
2024-07-24 14:29:56.994 [Test worker] DEBUG c.g.d.z.s.o.a.h.c.h.i.c.MainClientExec - ex-00000018: executing GET /v1.32/images/sha256:8e4fc9e184899a58735e7ee333f5e272d7d2298cf59302006b71f33e217be130/json HTTP/1.1
2024-07-24 14:29:56.994 [Test worker] DEBUG c.g.d.z.s.o.a.h.c.h.i.c.InternalHttpClient - ep-00000017: start execution ex-00000018
2024-07-24 14:29:56.994 [Test worker] DEBUG c.g.d.z.s.o.a.h.c.h.i.i.PoolingHttpClientConnectionManager - ep-00000017: executing exchange ex-00000018 over http-outgoing-2
2024-07-24 14:29:56.994 [Test worker] DEBUG c.g.d.z.s.o.a.h.client5.http.headers - http-outgoing-2 >> GET /v1.32/images/sha256:8e4fc9e184899a58735e7ee333f5e272d7d2298cf59302006b71f33e217be130/json HTTP/1.1
2024-07-24 14:29:56.994 [Test worker] DEBUG c.g.d.z.s.o.a.h.client5.http.headers - http-outgoing-2 >> accept: application/json
2024-07-24 14:29:56.994 [Test worker] DEBUG c.g.d.z.s.o.a.h.client5.http.headers - http-outgoing-2 >> x-tc-sid: 280e6229-7396-4d60-b1e3-a5de48b5d49b
2024-07-24 14:29:56.994 [Test worker] DEBUG c.g.d.z.s.o.a.h.client5.http.headers - http-outgoing-2 >> User-Agent: tc-java/1.19.8
2024-07-24 14:29:56.994 [Test worker] DEBUG c.g.d.z.s.o.a.h.client5.http.headers - http-outgoing-2 >> Accept-Encoding: gzip, x-gzip, deflate
2024-07-24 14:29:56.994 [Test worker] DEBUG c.g.d.z.s.o.a.h.client5.http.headers - http-outgoing-2 >> Host: localhost:2375
2024-07-24 14:29:56.994 [Test worker] DEBUG c.g.d.z.s.o.a.h.client5.http.headers - http-outgoing-2 >> Connection: keep-alive
2024-07-24 14:29:56.994 [Test worker] DEBUG c.g.d.z.s.o.a.hc.client5.http.wire - http-outgoing-2 >> "GET /v1.32/images/sha256:8e4fc9e184899a58735e7ee333f5e272d7d2298cf59302006b71f33e217be130/json HTTP/1.1[\r][\n]"
2024-07-24 14:29:56.994 [Test worker] DEBUG c.g.d.z.s.o.a.hc.client5.http.wire - http-outgoing-2 >> "accept: application/json[\r][\n]"
2024-07-24 14:29:56.994 [Test worker] DEBUG c.g.d.z.s.o.a.hc.client5.http.wire - http-outgoing-2 >> "x-tc-sid: 280e6229-7396-4d60-b1e3-a5de48b5d49b[\r][\n]"
2024-07-24 14:29:56.994 [Test worker] DEBUG c.g.d.z.s.o.a.hc.client5.http.wire - http-outgoing-2 >> "User-Agent: tc-java/1.19.8[\r][\n]"
2024-07-24 14:29:56.994 [Test worker] DEBUG c.g.d.z.s.o.a.hc.client5.http.wire - http-outgoing-2 >> "Accept-Encoding: gzip, x-gzip, deflate[\r][\n]"
2024-07-24 14:29:56.994 [Test worker] DEBUG c.g.d.z.s.o.a.hc.client5.http.wire - http-outgoing-2 >> "Host: localhost:2375[\r][\n]"
2024-07-24 14:29:56.994 [Test worker] DEBUG c.g.d.z.s.o.a.hc.client5.http.wire - http-outgoing-2 >> "Connection: keep-alive[\r][\n]"
2024-07-24 14:29:56.994 [Test worker] DEBUG c.g.d.z.s.o.a.hc.client5.http.wire - http-outgoing-2 >> "[\r][\n]"
2024-07-24 14:29:56.999 [Test worker] DEBUG c.g.d.z.s.o.a.hc.client5.http.wire - http-outgoing-2 << "HTTP/1.1 200 OK[\r][\n]"
2024-07-24 14:29:56.999 [Test worker] DEBUG c.g.d.z.s.o.a.hc.client5.http.wire - http-outgoing-2 << "Api-Version: 1.45[\r][\n]"
2024-07-24 14:29:56.999 [Test worker] DEBUG c.g.d.z.s.o.a.hc.client5.http.wire - http-outgoing-2 << "Content-Type: application/json[\r][\n]"
2024-07-24 14:29:56.999 [Test worker] DEBUG c.g.d.z.s.o.a.hc.client5.http.wire - http-outgoing-2 << "Date: Wed, 24 Jul 2024 02:29:56 GMT[\r][\n]"
2024-07-24 14:29:56.999 [Test worker] DEBUG c.g.d.z.s.o.a.hc.client5.http.wire - http-outgoing-2 << "Docker-Experimental: false[\r][\n]"
2024-07-24 14:29:56.999 [Test worker] DEBUG c.g.d.z.s.o.a.hc.client5.http.wire - http-outgoing-2 << "Ostype: linux[\r][\n]"
2024-07-24 14:29:56.999 [Test worker] DEBUG c.g.d.z.s.o.a.hc.client5.http.wire - http-outgoing-2 << "Server: Docker/26.0.0 (linux)[\r][\n]"
2024-07-24 14:29:56.999 [Test worker] DEBUG c.g.d.z.s.o.a.hc.client5.http.wire - http-outgoing-2 << "Transfer-Encoding: chunked[\r][\n]"
2024-07-24 14:29:56.999 [Test worker] DEBUG c.g.d.z.s.o.a.hc.client5.http.wire - http-outgoing-2 << "[\r][\n]"
2024-07-24 14:29:56.999 [Test worker] DEBUG c.g.d.z.s.o.a.h.client5.http.headers - http-outgoing-2 << HTTP/1.1 200 OK
2024-07-24 14:29:57.000 [Test worker] DEBUG c.g.d.z.s.o.a.h.client5.http.headers - http-outgoing-2 << Api-Version: 1.45
2024-07-24 14:29:57.000 [Test worker] DEBUG c.g.d.z.s.o.a.h.client5.http.headers - http-outgoing-2 << Content-Type: application/json
2024-07-24 14:29:57.000 [Test worker] DEBUG c.g.d.z.s.o.a.h.client5.http.headers - http-outgoing-2 << Date: Wed, 24 Jul 2024 02:29:56 GMT
2024-07-24 14:29:57.000 [Test worker] DEBUG c.g.d.z.s.o.a.h.client5.http.headers - http-outgoing-2 << Docker-Experimental: false
2024-07-24 14:29:57.000 [Test worker] DEBUG c.g.d.z.s.o.a.h.client5.http.headers - http-outgoing-2 << Ostype: linux
2024-07-24 14:29:57.000 [Test worker] DEBUG c.g.d.z.s.o.a.h.client5.http.headers - http-outgoing-2 << Server: Docker/26.0.0 (linux)
2024-07-24 14:29:57.000 [Test worker] DEBUG c.g.d.z.s.o.a.h.client5.http.headers - http-outgoing-2 << Transfer-Encoding: chunked
2024-07-24 14:29:57.000 [Test worker] DEBUG c.g.d.z.s.o.a.h.c.h.i.c.MainClientExec - ex-00000018: connection can be kept alive for 3 MINUTES
2024-07-24 14:29:57.000 [Test worker] DEBUG c.g.d.z.s.o.a.hc.client5.http.wire - http-outgoing-2 << "fcb[\r][\n]"
2024-07-24 14:29:57.000 [Test worker] DEBUG c.g.d.z.s.o.a.hc.client5.http.wire - http-outgoing-2 << "{"Id":"sha256:8e4fc9e184899a58735e7ee333f5e272d7d2298cf59302006b71f33e217be130","RepoTags":["postgres:latest"],"RepoDigests":["postgres@sha256:4aea012537edfad80f98d870a36e6b90b4c09b27be7f4b4759d72db863baeebb"],"Parent":"","Comment":"buildkit.dockerfile.v0","Created":"2024-02-21T00:46:13Z","ContainerConfig":{"Hostname":"","Domainname":"","User":"","AttachStdin":false,"AttachStdout":false,"AttachStderr":false,"Tty":false,"OpenStdin":false,"StdinOnce":false,"Env":null,"Cmd":null,"Image":"","Volumes":null,"WorkingDir":"","Entrypoint":null,"OnBuild":null,"Labels":null},"DockerVersion":"","Author":"","Config":{"Hostname":"","Domainname":"","User":"","AttachStdin":false,"AttachStdout":false,"AttachStderr":false,"ExposedPorts":{"5432/tcp":{}},"Tty":false,"OpenStdin":false,"StdinOnce":false,"Env":["PATH=/usr/local/sbin:/usr/local/bin:/usr/sbin:/usr/bin:/sbin:/bin:/usr/lib/postgresql/16/bin","GOSU_VERSION=1.17","LANG=en_US.utf8","PG_MAJOR=16","PG_VERSION=16.2-1.pgdg120+2","PGDATA=/var/lib/postgresql/data"],"Cmd":["postgres"],"ArgsEscaped":true,"Image":"","Volumes":{"/var/lib/postgresql/data":{}},"WorkingDir":"","Entrypoint":["docker-entrypoint.sh"],"OnBuild":null,"Labels":null,"StopSignal":"SIGINT"},"Architecture":"amd64","Os":"linux","Size":431496964,"VirtualSize":431496964,"GraphDriver":{"Data":{"LowerDir":"/var/lib/docker/overlay2/0eb0ca73e9b0be7c3d7fa8762ef4778a68f38391bc84c037c2e90b88e781b475/diff:/var/lib/docker/overlay2/74e634bddc785c5d436b10a5158cd82e21dc2065fd1cf8ff9c1c12e01575a2d8/diff:/var/lib/docker/overlay2/bb918b2851cd2f508f1e3fdbfff8b7f8b041d61e65fe8c368288bf399e80b818/diff:/var/lib/docker/overlay2/2abab2946cbdc2941ee8ec4024c51dac7313dee9de5fbedd1ca33388c59eb3c8/diff:/var/lib/docker/overlay2/e12f6083ee669bd92743ceb339a896bb25dbe461b718705bb39eb410b80c0ecd/diff:/var/lib/docker/overlay2/ced1e86d670d097da5ed4da7288c22507735918959161c2cd8bf083fb30d169a/diff:/var/lib/docker/overlay2/94e9ac7b74923285ae73af20aeccb964ca9079e2305db367cb85d1603560472d/diff:/var/lib/docker/overlay2/a396b6dfd63f0c228c519871183c614cccf4d366a43460f27ecf97113c3c4be8/diff:/var/lib/docker/overlay2/f58ada5d5080c2bac553c734f81127660a90581a35ed2a92cebe3c59e340875b/diff:/var/lib/docker/overlay2/84f85636f37bf55d945e217b4f87a856eba7932284beaf042561007b66f48977/diff:/var/lib/docker/overlay2/1e6e519613884e91a2b74a588ba35dc8a2f789371ab798ef6e7d9836d756042f/diff:/var/lib/docker/overlay2/14a3151cc8b4f9d27d2e64f1a8abc0c7809309580f2d7e8dc8545055c1d56194/diff:/var/lib/docker/overlay2/5b354b9e793401517fe2f1da697653fdaadffc54888eaf76d67e0600b8c68bdc/diff","MergedDir":"/var/lib/docker/overlay2/8f0ddbd386af0785c2e348570516955816ab350305d698d363962d488eeb15ec/merged","UpperDir":"/var/lib/docker/overlay2/8f0ddbd386af0785c2e348570516955816ab350305d698d363962d488eeb15ec/diff","WorkDir":"/var/lib/docker/overlay2/8f0ddbd386af0785c2e348570516955816ab350305d698d363962d488eeb15ec/work"},"Name":"overlay2"},"RootFS":{"Type":"layers","Layers":["sha256:52ec5a4316fadc09a4a51f82b8d7b66ead0d71bea4f75e81e25b4094c4219061","sha256:5a99d63e3aef066b4fa085cf24d0281681d5530c22f0c93391b854ba5741b62e","sha256:12694c6edf8321950446751b5acc175137946701b72febd6a32ab6e6cb89403b","sha256:beceb355ef35df0b8123db4eddd8f734e7414a3828e463354a913dda6738571d","sha256:0f86e6985ca32f3adeb9f65e3f80b3f2aa37a697d345c84011b2421e5608bc06","sha256:22c31f24613cd6a7b43f3074166d79619574e76f430035be15d909ae45fb97da","sha256:7c32a1ce1cc084a148145553666d5b64e3b6551491d1c3c6cc545b5b69daf5da","sha256:192de40051e6f5b468a60be4e6d162a1bbf3dc4af2dfb0a7aa8db25f86b6e68e","sha256:257f3fc789f6526019470322285b4bfe55e3e09f41150576c0997f370407af14","sha256:2993953b2c109056b0d580a549dae9f902a84a29f3907d96d7329746a8df7fc2","sha256:0bc02fbb093e939812a0ca64bd21a807d815b89c5e034e73026d14535053f4e2","sha256:3866ad927dc8101b32941f0fe6e36e656eba398b92164688ce1d1afdeca7eb09","sha256:2621fdc21b32f8210d30df7b9f44c068fa347ce07f7e1935a2383e5f7e7ddecb","sha256:c116a9ba3dbfe8c6135659ba009883a03bdc660abfedc64e2528baa6d736dbc9"]},"Metadata":{"LastTagTime":"0001-01-01T00:00:00Z"},"Container":""}[\n]"
2024-07-24 14:29:57.000 [Test worker] DEBUG c.g.d.z.s.o.a.hc.client5.http.wire - http-outgoing-2 << "[\r][\n]"
2024-07-24 14:29:57.000 [Test worker] DEBUG c.g.d.z.s.o.a.hc.client5.http.wire - http-outgoing-2 << "0[\r][\n]"
2024-07-24 14:29:57.001 [Test worker] DEBUG c.g.d.z.s.o.a.hc.client5.http.wire - http-outgoing-2 << "[\r][\n]"
2024-07-24 14:29:57.002 [Test worker] DEBUG c.g.d.z.s.o.a.h.c.h.i.c.InternalHttpClient - ep-00000017: releasing valid endpoint
2024-07-24 14:29:57.002 [Test worker] DEBUG c.g.d.z.s.o.a.h.c.h.i.i.PoolingHttpClientConnectionManager - ep-00000017: releasing endpoint
2024-07-24 14:29:57.002 [Test worker] DEBUG c.g.d.z.s.o.a.h.c.h.i.i.PoolingHttpClientConnectionManager - ep-00000017: connection http-outgoing-2 can be kept alive for 3 MINUTES
2024-07-24 14:29:57.002 [Test worker] DEBUG c.g.d.z.s.o.a.h.c.h.i.i.PoolingHttpClientConnectionManager - ep-00000017: connection released [route: {}->npipe://localhost:2375][total available: 1; route allocated: 1 of 2147483647; total allocated: 1 of 2147483647]
2024-07-24 14:29:57.003 [Test worker] DEBUG o.t.s.c.g.d.c.command.AbstrDockerCmd - Cmd: 
2024-07-24 14:29:57.003 [Test worker] TRACE o.t.s.c.g.d.core.exec.VersionCmdExec - GET: DefaultWebTarget{path=[/version], queryParams={}}
2024-07-24 14:29:57.003 [Test worker] DEBUG c.g.d.z.s.o.a.h.c.h.i.c.InternalHttpClient - ex-00000019: preparing request execution
2024-07-24 14:29:57.003 [Test worker] DEBUG c.g.d.z.s.o.a.h.c.h.p.RequestAddCookies - Cookie spec selected: strict
2024-07-24 14:29:57.003 [Test worker] DEBUG c.g.d.z.s.o.a.h.c.h.p.RequestAuthCache - Auth cache not set in the context
2024-07-24 14:29:57.003 [Test worker] DEBUG c.g.d.z.s.o.a.h.c.h.i.c.ProtocolExec - ex-00000019: target auth state: UNCHALLENGED
2024-07-24 14:29:57.003 [Test worker] DEBUG c.g.d.z.s.o.a.h.c.h.i.c.ProtocolExec - ex-00000019: proxy auth state: UNCHALLENGED
2024-07-24 14:29:57.003 [Test worker] DEBUG c.g.d.z.s.o.a.h.c.h.i.c.ConnectExec - ex-00000019: acquiring connection with route {}->npipe://localhost:2375
2024-07-24 14:29:57.003 [Test worker] DEBUG c.g.d.z.s.o.a.h.c.h.i.c.InternalHttpClient - ex-00000019: acquiring endpoint (3 MINUTES)
2024-07-24 14:29:57.004 [Test worker] DEBUG c.g.d.z.s.o.a.h.c.h.i.i.PoolingHttpClientConnectionManager - ex-00000019: endpoint lease request (3 MINUTES) [route: {}->npipe://localhost:2375][total available: 1; route allocated: 1 of 2147483647; total allocated: 1 of 2147483647]
2024-07-24 14:29:57.004 [Test worker] DEBUG c.g.d.z.s.o.a.h.c.h.i.i.PoolingHttpClientConnectionManager - ex-00000019: endpoint leased [route: {}->npipe://localhost:2375][total available: 0; route allocated: 1 of 2147483647; total allocated: 1 of 2147483647]
2024-07-24 14:29:57.004 [Test worker] DEBUG c.g.d.z.s.o.a.h.c.h.i.i.PoolingHttpClientConnectionManager - ex-00000019: acquired ep-00000018
2024-07-24 14:29:57.004 [Test worker] DEBUG c.g.d.z.s.o.a.h.c.h.i.c.InternalHttpClient - ex-00000019: acquired endpoint ep-00000018
2024-07-24 14:29:57.004 [Test worker] DEBUG c.g.d.z.s.o.a.h.c.h.i.c.MainClientExec - ex-00000019: executing GET /v1.32/version HTTP/1.1
2024-07-24 14:29:57.004 [Test worker] DEBUG c.g.d.z.s.o.a.h.c.h.i.c.InternalHttpClient - ep-00000018: start execution ex-00000019
2024-07-24 14:29:57.004 [Test worker] DEBUG c.g.d.z.s.o.a.h.c.h.i.i.PoolingHttpClientConnectionManager - ep-00000018: executing exchange ex-00000019 over http-outgoing-2
2024-07-24 14:29:57.004 [Test worker] DEBUG c.g.d.z.s.o.a.h.client5.http.headers - http-outgoing-2 >> GET /v1.32/version HTTP/1.1
2024-07-24 14:29:57.004 [Test worker] DEBUG c.g.d.z.s.o.a.h.client5.http.headers - http-outgoing-2 >> accept: application/json
2024-07-24 14:29:57.004 [Test worker] DEBUG c.g.d.z.s.o.a.h.client5.http.headers - http-outgoing-2 >> x-tc-sid: 280e6229-7396-4d60-b1e3-a5de48b5d49b
2024-07-24 14:29:57.004 [Test worker] DEBUG c.g.d.z.s.o.a.h.client5.http.headers - http-outgoing-2 >> User-Agent: tc-java/1.19.8
2024-07-24 14:29:57.004 [Test worker] DEBUG c.g.d.z.s.o.a.h.client5.http.headers - http-outgoing-2 >> Accept-Encoding: gzip, x-gzip, deflate
2024-07-24 14:29:57.004 [Test worker] DEBUG c.g.d.z.s.o.a.h.client5.http.headers - http-outgoing-2 >> Host: localhost:2375
2024-07-24 14:29:57.004 [Test worker] DEBUG c.g.d.z.s.o.a.h.client5.http.headers - http-outgoing-2 >> Connection: keep-alive
2024-07-24 14:29:57.004 [Test worker] DEBUG c.g.d.z.s.o.a.hc.client5.http.wire - http-outgoing-2 >> "GET /v1.32/version HTTP/1.1[\r][\n]"
2024-07-24 14:29:57.004 [Test worker] DEBUG c.g.d.z.s.o.a.hc.client5.http.wire - http-outgoing-2 >> "accept: application/json[\r][\n]"
2024-07-24 14:29:57.004 [Test worker] DEBUG c.g.d.z.s.o.a.hc.client5.http.wire - http-outgoing-2 >> "x-tc-sid: 280e6229-7396-4d60-b1e3-a5de48b5d49b[\r][\n]"
2024-07-24 14:29:57.004 [Test worker] DEBUG c.g.d.z.s.o.a.hc.client5.http.wire - http-outgoing-2 >> "User-Agent: tc-java/1.19.8[\r][\n]"
2024-07-24 14:29:57.004 [Test worker] DEBUG c.g.d.z.s.o.a.hc.client5.http.wire - http-outgoing-2 >> "Accept-Encoding: gzip, x-gzip, deflate[\r][\n]"
2024-07-24 14:29:57.004 [Test worker] DEBUG c.g.d.z.s.o.a.hc.client5.http.wire - http-outgoing-2 >> "Host: localhost:2375[\r][\n]"
2024-07-24 14:29:57.004 [Test worker] DEBUG c.g.d.z.s.o.a.hc.client5.http.wire - http-outgoing-2 >> "Connection: keep-alive[\r][\n]"
2024-07-24 14:29:57.004 [Test worker] DEBUG c.g.d.z.s.o.a.hc.client5.http.wire - http-outgoing-2 >> "[\r][\n]"
2024-07-24 14:29:57.016 [Test worker] DEBUG c.g.d.z.s.o.a.hc.client5.http.wire - http-outgoing-2 << "HTTP/1.1 200 OK[\r][\n]"
2024-07-24 14:29:57.016 [Test worker] DEBUG c.g.d.z.s.o.a.hc.client5.http.wire - http-outgoing-2 << "Api-Version: 1.45[\r][\n]"
2024-07-24 14:29:57.016 [Test worker] DEBUG c.g.d.z.s.o.a.hc.client5.http.wire - http-outgoing-2 << "Content-Type: application/json[\r][\n]"
2024-07-24 14:29:57.016 [Test worker] DEBUG c.g.d.z.s.o.a.hc.client5.http.wire - http-outgoing-2 << "Date: Wed, 24 Jul 2024 02:29:57 GMT[\r][\n]"
2024-07-24 14:29:57.016 [Test worker] DEBUG c.g.d.z.s.o.a.hc.client5.http.wire - http-outgoing-2 << "Docker-Experimental: false[\r][\n]"
2024-07-24 14:29:57.016 [Test worker] DEBUG c.g.d.z.s.o.a.hc.client5.http.wire - http-outgoing-2 << "Ostype: linux[\r][\n]"
2024-07-24 14:29:57.016 [Test worker] DEBUG c.g.d.z.s.o.a.hc.client5.http.wire - http-outgoing-2 << "Server: Docker/26.0.0 (linux)[\r][\n]"
2024-07-24 14:29:57.016 [Test worker] DEBUG c.g.d.z.s.o.a.hc.client5.http.wire - http-outgoing-2 << "Transfer-Encoding: chunked[\r][\n]"
2024-07-24 14:29:57.016 [Test worker] DEBUG c.g.d.z.s.o.a.hc.client5.http.wire - http-outgoing-2 << "[\r][\n]"
2024-07-24 14:29:57.016 [Test worker] DEBUG c.g.d.z.s.o.a.h.client5.http.headers - http-outgoing-2 << HTTP/1.1 200 OK
2024-07-24 14:29:57.016 [Test worker] DEBUG c.g.d.z.s.o.a.h.client5.http.headers - http-outgoing-2 << Api-Version: 1.45
2024-07-24 14:29:57.016 [Test worker] DEBUG c.g.d.z.s.o.a.h.client5.http.headers - http-outgoing-2 << Content-Type: application/json
2024-07-24 14:29:57.016 [Test worker] DEBUG c.g.d.z.s.o.a.h.client5.http.headers - http-outgoing-2 << Date: Wed, 24 Jul 2024 02:29:57 GMT
2024-07-24 14:29:57.016 [Test worker] DEBUG c.g.d.z.s.o.a.h.client5.http.headers - http-outgoing-2 << Docker-Experimental: false
2024-07-24 14:29:57.016 [Test worker] DEBUG c.g.d.z.s.o.a.h.client5.http.headers - http-outgoing-2 << Ostype: linux
2024-07-24 14:29:57.016 [Test worker] DEBUG c.g.d.z.s.o.a.h.client5.http.headers - http-outgoing-2 << Server: Docker/26.0.0 (linux)
2024-07-24 14:29:57.016 [Test worker] DEBUG c.g.d.z.s.o.a.h.client5.http.headers - http-outgoing-2 << Transfer-Encoding: chunked
2024-07-24 14:29:57.017 [Test worker] DEBUG c.g.d.z.s.o.a.h.c.h.i.c.MainClientExec - ex-00000019: connection can be kept alive for 3 MINUTES
2024-07-24 14:29:57.017 [Test worker] DEBUG c.g.d.z.s.o.a.hc.client5.http.wire - http-outgoing-2 << "35f[\r][\n]"
2024-07-24 14:29:57.018 [Test worker] DEBUG c.g.d.z.s.o.a.hc.client5.http.wire - http-outgoing-2 << "{"Platform":{"Name":"Docker Desktop 4.29.0 (145265)"},"Components":[{"Name":"Engine","Version":"26.0.0","Details":{"ApiVersion":"1.45","Arch":"amd64","BuildTime":"2024-03-20T15:18:01.000000000+00:00","Experimental":"false","GitCommit":"8b79278","GoVersion":"go1.21.8","KernelVersion":"5.15.153.1-microsoft-standard-WSL2","MinAPIVersion":"1.24","Os":"linux"}},{"Name":"containerd","Version":"1.6.28","Details":{"GitCommit":"ae07eda36dd25f8a1b98dfbf587313b99c0190bb"}},{"Name":"runc","Version":"1.1.12","Details":{"GitCommit":"v1.1.12-0-g51d5e94"}},{"Name":"docker-init","Version":"0.19.0","Details":{"GitCommit":"de40ad0"}}],"Version":"26.0.0","ApiVersion":"1.45","MinAPIVersion":"1.24","GitCommit":"8b79278","GoVersion":"go1.21.8","Os":"linux","Arch":"amd64","KernelVersion":"5.15.153.1-microsoft-standard-WSL2","BuildTime":"2024-03-20T15:18:01.000000000+00:00"}[\n]"
2024-07-24 14:29:57.018 [Test worker] DEBUG c.g.d.z.s.o.a.hc.client5.http.wire - http-outgoing-2 << "[\r][\n]"
2024-07-24 14:29:57.018 [Test worker] DEBUG c.g.d.z.s.o.a.hc.client5.http.wire - http-outgoing-2 << "0[\r][\n]"
2024-07-24 14:29:57.018 [Test worker] DEBUG c.g.d.z.s.o.a.hc.client5.http.wire - http-outgoing-2 << "[\r][\n]"
2024-07-24 14:29:57.019 [Test worker] DEBUG c.g.d.z.s.o.a.h.c.h.i.c.InternalHttpClient - ep-00000018: releasing valid endpoint
2024-07-24 14:29:57.019 [Test worker] DEBUG c.g.d.z.s.o.a.h.c.h.i.i.PoolingHttpClientConnectionManager - ep-00000018: releasing endpoint
2024-07-24 14:29:57.019 [Test worker] DEBUG c.g.d.z.s.o.a.h.c.h.i.i.PoolingHttpClientConnectionManager - ep-00000018: connection http-outgoing-2 can be kept alive for 3 MINUTES
2024-07-24 14:29:57.019 [Test worker] DEBUG c.g.d.z.s.o.a.h.c.h.i.i.PoolingHttpClientConnectionManager - ep-00000018: connection released [route: {}->npipe://localhost:2375][total available: 1; route allocated: 1 of 2147483647; total allocated: 1 of 2147483647]
2024-07-24 14:29:57.019 [Test worker] TRACE o.t.s.c.g.d.c.e.LogContainerCmdExec - GET: DefaultWebTarget{path=[/containers/c6972eea05b9baadfd9239a59ef7a862ed3271849c10af4da6d05285ecb29326/logs], queryParams={stdout=[true], stderr=[true], follow=[true], since=[0]}}
2024-07-24 14:29:57.020 [docker-java-stream-1422801519] DEBUG c.g.d.z.s.o.a.h.c.h.i.c.InternalHttpClient - ex-0000001A: preparing request execution
2024-07-24 14:29:57.020 [docker-java-stream-1422801519] DEBUG c.g.d.z.s.o.a.h.c.h.p.RequestAddCookies - Cookie spec selected: strict
2024-07-24 14:29:57.020 [docker-java-stream-1422801519] DEBUG c.g.d.z.s.o.a.h.c.h.p.RequestAuthCache - Auth cache not set in the context
2024-07-24 14:29:57.020 [docker-java-stream-1422801519] DEBUG c.g.d.z.s.o.a.h.c.h.i.c.ProtocolExec - ex-0000001A: target auth state: UNCHALLENGED
2024-07-24 14:29:57.020 [docker-java-stream-1422801519] DEBUG c.g.d.z.s.o.a.h.c.h.i.c.ProtocolExec - ex-0000001A: proxy auth state: UNCHALLENGED
2024-07-24 14:29:57.020 [docker-java-stream-1422801519] DEBUG c.g.d.z.s.o.a.h.c.h.i.c.ConnectExec - ex-0000001A: acquiring connection with route {}->npipe://localhost:2375
2024-07-24 14:29:57.020 [docker-java-stream-1422801519] DEBUG c.g.d.z.s.o.a.h.c.h.i.c.InternalHttpClient - ex-0000001A: acquiring endpoint (3 MINUTES)
2024-07-24 14:29:57.020 [docker-java-stream-1422801519] DEBUG c.g.d.z.s.o.a.h.c.h.i.i.PoolingHttpClientConnectionManager - ex-0000001A: endpoint lease request (3 MINUTES) [route: {}->npipe://localhost:2375][total available: 1; route allocated: 1 of 2147483647; total allocated: 1 of 2147483647]
2024-07-24 14:29:57.021 [docker-java-stream-1422801519] DEBUG c.g.d.z.s.o.a.h.c.h.i.i.PoolingHttpClientConnectionManager - ex-0000001A: endpoint leased [route: {}->npipe://localhost:2375][total available: 0; route allocated: 1 of 2147483647; total allocated: 1 of 2147483647]
2024-07-24 14:29:57.021 [docker-java-stream-1422801519] DEBUG c.g.d.z.s.o.a.h.c.h.i.i.PoolingHttpClientConnectionManager - ex-0000001A: acquired ep-00000019
2024-07-24 14:29:57.021 [docker-java-stream-1422801519] DEBUG c.g.d.z.s.o.a.h.c.h.i.c.InternalHttpClient - ex-0000001A: acquired endpoint ep-00000019
2024-07-24 14:29:57.021 [docker-java-stream-1422801519] DEBUG c.g.d.z.s.o.a.h.c.h.i.c.MainClientExec - ex-0000001A: executing GET /v1.32/containers/c6972eea05b9baadfd9239a59ef7a862ed3271849c10af4da6d05285ecb29326/logs?stdout=true&stderr=true&follow=true&since=0 HTTP/1.1
2024-07-24 14:29:57.021 [docker-java-stream-1422801519] DEBUG c.g.d.z.s.o.a.h.c.h.i.c.InternalHttpClient - ep-00000019: start execution ex-0000001A
2024-07-24 14:29:57.021 [docker-java-stream-1422801519] DEBUG c.g.d.z.s.o.a.h.c.h.i.i.PoolingHttpClientConnectionManager - ep-00000019: executing exchange ex-0000001A over http-outgoing-2
2024-07-24 14:29:57.021 [docker-java-stream-1422801519] DEBUG c.g.d.z.s.o.a.h.client5.http.headers - http-outgoing-2 >> GET /v1.32/containers/c6972eea05b9baadfd9239a59ef7a862ed3271849c10af4da6d05285ecb29326/logs?stdout=true&stderr=true&follow=true&since=0 HTTP/1.1
2024-07-24 14:29:57.021 [docker-java-stream-1422801519] DEBUG c.g.d.z.s.o.a.h.client5.http.headers - http-outgoing-2 >> x-tc-sid: 280e6229-7396-4d60-b1e3-a5de48b5d49b
2024-07-24 14:29:57.021 [docker-java-stream-1422801519] DEBUG c.g.d.z.s.o.a.h.client5.http.headers - http-outgoing-2 >> User-Agent: tc-java/1.19.8
2024-07-24 14:29:57.021 [docker-java-stream-1422801519] DEBUG c.g.d.z.s.o.a.h.client5.http.headers - http-outgoing-2 >> Accept-Encoding: gzip, x-gzip, deflate
2024-07-24 14:29:57.021 [docker-java-stream-1422801519] DEBUG c.g.d.z.s.o.a.h.client5.http.headers - http-outgoing-2 >> Host: localhost:2375
2024-07-24 14:29:57.021 [docker-java-stream-1422801519] DEBUG c.g.d.z.s.o.a.h.client5.http.headers - http-outgoing-2 >> Connection: keep-alive
2024-07-24 14:29:57.021 [docker-java-stream-1422801519] DEBUG c.g.d.z.s.o.a.hc.client5.http.wire - http-outgoing-2 >> "GET /v1.32/containers/c6972eea05b9baadfd9239a59ef7a862ed3271849c10af4da6d05285ecb29326/logs?stdout=true&stderr=true&follow=true&since=0 HTTP/1.1[\r][\n]"
2024-07-24 14:29:57.021 [docker-java-stream-1422801519] DEBUG c.g.d.z.s.o.a.hc.client5.http.wire - http-outgoing-2 >> "x-tc-sid: 280e6229-7396-4d60-b1e3-a5de48b5d49b[\r][\n]"
2024-07-24 14:29:57.021 [docker-java-stream-1422801519] DEBUG c.g.d.z.s.o.a.hc.client5.http.wire - http-outgoing-2 >> "User-Agent: tc-java/1.19.8[\r][\n]"
2024-07-24 14:29:57.021 [docker-java-stream-1422801519] DEBUG c.g.d.z.s.o.a.hc.client5.http.wire - http-outgoing-2 >> "Accept-Encoding: gzip, x-gzip, deflate[\r][\n]"
2024-07-24 14:29:57.021 [docker-java-stream-1422801519] DEBUG c.g.d.z.s.o.a.hc.client5.http.wire - http-outgoing-2 >> "Host: localhost:2375[\r][\n]"
2024-07-24 14:29:57.021 [docker-java-stream-1422801519] DEBUG c.g.d.z.s.o.a.hc.client5.http.wire - http-outgoing-2 >> "Connection: keep-alive[\r][\n]"
2024-07-24 14:29:57.021 [docker-java-stream-1422801519] DEBUG c.g.d.z.s.o.a.hc.client5.http.wire - http-outgoing-2 >> "[\r][\n]"
2024-07-24 14:29:57.025 [docker-java-stream-1422801519] DEBUG c.g.d.z.s.o.a.hc.client5.http.wire - http-outgoing-2 << "HTTP/1.1 200 OK[\r][\n]"
2024-07-24 14:29:57.025 [docker-java-stream-1422801519] DEBUG c.g.d.z.s.o.a.hc.client5.http.wire - http-outgoing-2 << "Api-Version: 1.45[\r][\n]"
2024-07-24 14:29:57.025 [docker-java-stream-1422801519] DEBUG c.g.d.z.s.o.a.hc.client5.http.wire - http-outgoing-2 << "Content-Type: application/vnd.docker.raw-stream[\r][\n]"
2024-07-24 14:29:57.025 [docker-java-stream-1422801519] DEBUG c.g.d.z.s.o.a.hc.client5.http.wire - http-outgoing-2 << "Date: Wed, 24 Jul 2024 02:29:57 GMT[\r][\n]"
2024-07-24 14:29:57.025 [docker-java-stream-1422801519] DEBUG c.g.d.z.s.o.a.hc.client5.http.wire - http-outgoing-2 << "Docker-Experimental: false[\r][\n]"
2024-07-24 14:29:57.025 [docker-java-stream-1422801519] DEBUG c.g.d.z.s.o.a.hc.client5.http.wire - http-outgoing-2 << "Ostype: linux[\r][\n]"
2024-07-24 14:29:57.025 [docker-java-stream-1422801519] DEBUG c.g.d.z.s.o.a.hc.client5.http.wire - http-outgoing-2 << "Server: Docker/26.0.0 (linux)[\r][\n]"
2024-07-24 14:29:57.025 [docker-java-stream-1422801519] DEBUG c.g.d.z.s.o.a.hc.client5.http.wire - http-outgoing-2 << "Transfer-Encoding: chunked[\r][\n]"
2024-07-24 14:29:57.025 [docker-java-stream-1422801519] DEBUG c.g.d.z.s.o.a.hc.client5.http.wire - http-outgoing-2 << "[\r][\n]"
2024-07-24 14:29:57.025 [docker-java-stream-1422801519] DEBUG c.g.d.z.s.o.a.h.client5.http.headers - http-outgoing-2 << HTTP/1.1 200 OK
2024-07-24 14:29:57.026 [docker-java-stream-1422801519] DEBUG c.g.d.z.s.o.a.h.client5.http.headers - http-outgoing-2 << Api-Version: 1.45
2024-07-24 14:29:57.026 [docker-java-stream-1422801519] DEBUG c.g.d.z.s.o.a.h.client5.http.headers - http-outgoing-2 << Content-Type: application/vnd.docker.raw-stream
2024-07-24 14:29:57.026 [docker-java-stream-1422801519] DEBUG c.g.d.z.s.o.a.h.client5.http.headers - http-outgoing-2 << Date: Wed, 24 Jul 2024 02:29:57 GMT
2024-07-24 14:29:57.026 [docker-java-stream-1422801519] DEBUG c.g.d.z.s.o.a.h.client5.http.headers - http-outgoing-2 << Docker-Experimental: false
2024-07-24 14:29:57.026 [docker-java-stream-1422801519] DEBUG c.g.d.z.s.o.a.h.client5.http.headers - http-outgoing-2 << Ostype: linux
2024-07-24 14:29:57.026 [docker-java-stream-1422801519] DEBUG c.g.d.z.s.o.a.h.client5.http.headers - http-outgoing-2 << Server: Docker/26.0.0 (linux)
2024-07-24 14:29:57.026 [docker-java-stream-1422801519] DEBUG c.g.d.z.s.o.a.h.client5.http.headers - http-outgoing-2 << Transfer-Encoding: chunked
2024-07-24 14:29:57.026 [docker-java-stream-1422801519] DEBUG c.g.d.z.s.o.a.h.c.h.i.c.MainClientExec - ex-0000001A: connection can be kept alive for 3 MINUTES
2024-07-24 14:29:57.026 [docker-java-stream-1422801519] DEBUG c.g.d.z.s.o.a.hc.client5.http.wire - http-outgoing-2 << "de[\r][\n]"
2024-07-24 14:29:57.026 [docker-java-stream-1422801519] DEBUG c.g.d.z.s.o.a.hc.client5.http.wire - http-outgoing-2 << "[0x1][0x0][0x0][0x0][0x0][0x0][0x0]NThe files belonging to this database system will be owned by user "postgres".[\n]"
2024-07-24 14:29:57.026 [docker-java-stream-1422801519] DEBUG c.g.d.z.s.o.a.hc.client5.http.wire - http-outgoing-2 << "[0x1][0x0][0x0][0x0][0x0][0x0][0x0],This user must also own the server process.[\n]"
2024-07-24 14:29:57.026 [docker-java-stream-1422801519] DEBUG c.g.d.z.s.o.a.hc.client5.http.wire - http-outgoing-2 << "[0x1][0x0][0x0][0x0][0x0][0x0][0x0][0x1][\n]"
2024-07-24 14:29:57.026 [docker-java-stream-1422801519] DEBUG c.g.d.z.s.o.a.hc.client5.http.wire - http-outgoing-2 << "[0x1][0x0][0x0][0x0][0x0][0x0][0x0]CThe database cluster will be initialized with locale "en_US.utf8".[\n]"
2024-07-24 14:29:57.026 [docker-java-stream-1422801519] DEBUG c.g.d.z.s.o.a.hc.client5.http.wire - http-outgoing-2 << "[\r][\n]"
2024-07-24 14:29:57.026 [docker-java-stream-1422801519] DEBUG c.g.d.z.s.o.a.hc.client5.http.wire - http-outgoing-2 << "187[\r][\n]"
2024-07-24 14:29:57.026 [docker-java-stream-1422801519] DEBUG c.g.d.z.s.o.a.hc.client5.http.wire - http-outgoing-2 << "[0x1][0x0][0x0][0x0][0x0][0x0][0x0]BThe default database encoding has accordingly been set to "UTF8".[\n]"
2024-07-24 14:29:57.026 [docker-java-stream-1422801519] DEBUG c.g.d.z.s.o.a.hc.client5.http.wire - http-outgoing-2 << "[0x1][0x0][0x0][0x0][0x0][0x0][0x0]@The default text search configuration will be set to "english".[\n]"
2024-07-24 14:29:57.026 [docker-java-stream-1422801519] DEBUG c.g.d.z.s.o.a.hc.client5.http.wire - http-outgoing-2 << "[0x1][0x0][0x0][0x0][0x0][0x0][0x0][0x1][\n]"
2024-07-24 14:29:57.026 [docker-java-stream-1422801519] DEBUG c.g.d.z.s.o.a.hc.client5.http.wire - http-outgoing-2 << "[0x1][0x0][0x0][0x0][0x0][0x0][0x0]"Data page checksums are disabled.[\n]"
2024-07-24 14:29:57.026 [docker-java-stream-1422801519] DEBUG c.g.d.z.s.o.a.hc.client5.http.wire - http-outgoing-2 << "[0x1][0x0][0x0][0x0][0x0][0x0][0x0][0x1][\n]"
2024-07-24 14:29:57.026 [docker-java-stream-1422801519] DEBUG c.g.d.z.s.o.a.hc.client5.http.wire - http-outgoing-2 << "[0x1][0x0][0x0][0x0][0x0][0x0][0x0]Ifixing permissions on existing directory /var/lib/postgresql/data ... ok[\n]"
2024-07-24 14:29:57.026 [docker-java-stream-1422801519] DEBUG c.g.d.z.s.o.a.hc.client5.http.wire - http-outgoing-2 << "[0x1][0x0][0x0][0x0][0x0][0x0][0x0][0x1f]creating subdirectories ... ok[\n]"
2024-07-24 14:29:57.027 [docker-java-stream-1422801519] DEBUG c.g.d.z.s.o.a.hc.client5.http.wire - http-outgoing-2 << "[0x1][0x0][0x0][0x0][0x0][0x0][0x0]9selecting dynamic shared memory implementation ... posix[\n]"
2024-07-24 14:29:57.027 [docker-java-stream-1422801519] DEBUG c.g.d.z.s.o.a.hc.client5.http.wire - http-outgoing-2 << "[\r][\n]"
2024-07-24 14:29:57.027 [Test worker] DEBUG o.t.c.output.WaitingConsumer - STDOUT: The database cluster will be initialized with locale "en_US.utf8".
2024-07-24 14:29:57.027 [Test worker] DEBUG o.t.c.output.WaitingConsumer - STDOUT: selecting dynamic shared memory implementation ... posix
2024-07-24 14:29:57.027 [Test worker] DEBUG o.t.c.output.WaitingConsumer - STDOUT: creating subdirectories ... ok
2024-07-24 14:29:57.027 [Test worker] DEBUG o.t.c.output.WaitingConsumer - STDOUT: fixing permissions on existing directory /var/lib/postgresql/data ... ok
2024-07-24 14:29:57.027 [Test worker] DEBUG o.t.c.output.WaitingConsumer - STDOUT: 
2024-07-24 14:29:57.027 [Test worker] DEBUG o.t.c.output.WaitingConsumer - STDOUT: Data page checksums are disabled.
2024-07-24 14:29:57.027 [Test worker] DEBUG o.t.c.output.WaitingConsumer - STDOUT: 
2024-07-24 14:29:57.027 [Test worker] DEBUG o.t.c.output.WaitingConsumer - STDOUT: The default text search configuration will be set to "english".
2024-07-24 14:29:57.027 [Test worker] DEBUG o.t.c.output.WaitingConsumer - STDOUT: The default database encoding has accordingly been set to "UTF8".
2024-07-24 14:29:57.027 [Test worker] DEBUG o.t.c.output.WaitingConsumer - STDOUT: 
2024-07-24 14:29:57.027 [Test worker] DEBUG o.t.c.output.WaitingConsumer - STDOUT: This user must also own the server process.
2024-07-24 14:29:57.027 [Test worker] DEBUG o.t.c.output.WaitingConsumer - STDOUT: The files belonging to this database system will be owned by user "postgres".
2024-07-24 14:29:57.034 [docker-java-stream-1422801519] DEBUG c.g.d.z.s.o.a.hc.client5.http.wire - http-outgoing-2 << "32[\r][\n]"
2024-07-24 14:29:57.035 [docker-java-stream-1422801519] DEBUG c.g.d.z.s.o.a.hc.client5.http.wire - http-outgoing-2 << "[0x1][0x0][0x0][0x0][0x0][0x0][0x0]*selecting default max_connections ... 100[\n]"
2024-07-24 14:29:57.035 [docker-java-stream-1422801519] DEBUG c.g.d.z.s.o.a.hc.client5.http.wire - http-outgoing-2 << "[\r][\n]"
2024-07-24 14:29:57.042 [Test worker] DEBUG o.t.c.output.WaitingConsumer - STDOUT: selecting default max_connections ... 100
2024-07-24 14:29:57.065 [docker-java-stream-1422801519] DEBUG c.g.d.z.s.o.a.hc.client5.http.wire - http-outgoing-2 << "33[\r][\n]"
2024-07-24 14:29:57.065 [docker-java-stream-1422801519] DEBUG c.g.d.z.s.o.a.hc.client5.http.wire - http-outgoing-2 << "[0x1][0x0][0x0][0x0][0x0][0x0][0x0]+selecting default shared_buffers ... 128MB[\n]"
2024-07-24 14:29:57.065 [docker-java-stream-1422801519] DEBUG c.g.d.z.s.o.a.hc.client5.http.wire - http-outgoing-2 << "[\r][\n]"
2024-07-24 14:29:57.065 [Test worker] DEBUG o.t.c.output.WaitingConsumer - STDOUT: selecting default shared_buffers ... 128MB
2024-07-24 14:29:57.085 [docker-java-stream-1422801519] DEBUG c.g.d.z.s.o.a.hc.client5.http.wire - http-outgoing-2 << "5c[\r][\n]"
2024-07-24 14:29:57.086 [docker-java-stream-1422801519] DEBUG c.g.d.z.s.o.a.hc.client5.http.wire - http-outgoing-2 << "[0x1][0x0][0x0][0x0][0x0][0x0][0x0](selecting default time zone ... Etc/UTC[\n]"
2024-07-24 14:29:57.086 [docker-java-stream-1422801519] DEBUG c.g.d.z.s.o.a.hc.client5.http.wire - http-outgoing-2 << "[0x1][0x0][0x0][0x0][0x0][0x0][0x0]$creating configuration files ... ok[\n]"
2024-07-24 14:29:57.086 [docker-java-stream-1422801519] DEBUG c.g.d.z.s.o.a.hc.client5.http.wire - http-outgoing-2 << "[\r][\n]"
2024-07-24 14:29:57.087 [Test worker] DEBUG o.t.c.output.WaitingConsumer - STDOUT: creating configuration files ... ok
2024-07-24 14:29:57.087 [Test worker] DEBUG o.t.c.output.WaitingConsumer - STDOUT: selecting default time zone ... Etc/UTC
2024-07-24 14:29:57.233 [docker-java-stream-1422801519] DEBUG c.g.d.z.s.o.a.hc.client5.http.wire - http-outgoing-2 << "28[\r][\n]"
2024-07-24 14:29:57.233 [docker-java-stream-1422801519] DEBUG c.g.d.z.s.o.a.hc.client5.http.wire - http-outgoing-2 << "[0x1][0x0][0x0][0x0][0x0][0x0][0x0] running bootstrap script ... ok[\n]"
2024-07-24 14:29:57.233 [docker-java-stream-1422801519] DEBUG c.g.d.z.s.o.a.hc.client5.http.wire - http-outgoing-2 << "[\r][\n]"
2024-07-24 14:29:57.234 [Test worker] DEBUG o.t.c.output.WaitingConsumer - STDOUT: running bootstrap script ... ok
2024-07-24 14:29:57.596 [docker-java-stream-1422801519] DEBUG c.g.d.z.s.o.a.hc.client5.http.wire - http-outgoing-2 << "38[\r][\n]"
2024-07-24 14:29:57.596 [docker-java-stream-1422801519] DEBUG c.g.d.z.s.o.a.hc.client5.http.wire - http-outgoing-2 << "[0x1][0x0][0x0][0x0][0x0][0x0][0x0]0performing post-bootstrap initialization ... ok[\n]"
2024-07-24 14:29:57.596 [docker-java-stream-1422801519] DEBUG c.g.d.z.s.o.a.hc.client5.http.wire - http-outgoing-2 << "[\r][\n]"
2024-07-24 14:29:57.596 [Test worker] DEBUG o.t.c.output.WaitingConsumer - STDOUT: performing post-bootstrap initialization ... ok
2024-07-24 14:29:58.284 [docker-java-stream-1422801519] DEBUG c.g.d.z.s.o.a.hc.client5.http.wire - http-outgoing-2 << "1ad[\r][\n]"
2024-07-24 14:29:58.284 [docker-java-stream-1422801519] DEBUG c.g.d.z.s.o.a.hc.client5.http.wire - http-outgoing-2 << "[0x2][0x0][0x0][0x0][0x0][0x0][0x0]Ginitdb: warning: enabling "trust" authentication for local connections[\n]"
2024-07-24 14:29:58.284 [docker-java-stream-1422801519] DEBUG c.g.d.z.s.o.a.hc.client5.http.wire - http-outgoing-2 << "[0x2][0x0][0x0][0x0][0x0][0x0][0x0][0xffffff90]initdb: hint: You can change this by editing pg_hba.conf or using the option -A, or --auth-local and --auth-host, the next time you run initdb.[\n]"
2024-07-24 14:29:58.284 [docker-java-stream-1422801519] DEBUG c.g.d.z.s.o.a.hc.client5.http.wire - http-outgoing-2 << "[0x1][0x0][0x0][0x0][0x0][0x0][0x0][0x1c]syncing data to disk ... ok[\n]"
2024-07-24 14:29:58.284 [docker-java-stream-1422801519] DEBUG c.g.d.z.s.o.a.hc.client5.http.wire - http-outgoing-2 << "[0x1][0x0][0x0][0x0][0x0][0x0][0x0][0x1][\n]"
2024-07-24 14:29:58.284 [docker-java-stream-1422801519] DEBUG c.g.d.z.s.o.a.hc.client5.http.wire - http-outgoing-2 << "[0x1][0x0][0x0][0x0][0x0][0x0][0x0][0x1][\n]"
2024-07-24 14:29:58.284 [docker-java-stream-1422801519] DEBUG c.g.d.z.s.o.a.hc.client5.http.wire - http-outgoing-2 << "[0x1][0x0][0x0][0x0][0x0][0x0][0x0]6Success. You can now start the database server using:[\n]"
2024-07-24 14:29:58.284 [docker-java-stream-1422801519] DEBUG c.g.d.z.s.o.a.hc.client5.http.wire - http-outgoing-2 << "[0x1][0x0][0x0][0x0][0x0][0x0][0x0][0x1][\n]"
2024-07-24 14:29:58.284 [docker-java-stream-1422801519] DEBUG c.g.d.z.s.o.a.hc.client5.http.wire - http-outgoing-2 << "[0x1][0x0][0x0][0x0][0x0][0x0][0x0]8    pg_ctl -D /var/lib/postgresql/data -l logfile start[\n]"
2024-07-24 14:29:58.284 [docker-java-stream-1422801519] DEBUG c.g.d.z.s.o.a.hc.client5.http.wire - http-outgoing-2 << "[0x1][0x0][0x0][0x0][0x0][0x0][0x0][0x1][\n]"
2024-07-24 14:29:58.284 [docker-java-stream-1422801519] DEBUG c.g.d.z.s.o.a.hc.client5.http.wire - http-outgoing-2 << "[\r][\n]"
2024-07-24 14:29:58.284 [Test worker] DEBUG o.t.c.output.WaitingConsumer - STDERR: initdb: warning: enabling "trust" authentication for local connections
2024-07-24 14:29:58.284 [Test worker] DEBUG o.t.c.output.WaitingConsumer - STDOUT: 
2024-07-24 14:29:58.284 [Test worker] DEBUG o.t.c.output.WaitingConsumer - STDOUT:     pg_ctl -D /var/lib/postgresql/data -l logfile start
2024-07-24 14:29:58.284 [Test worker] DEBUG o.t.c.output.WaitingConsumer - STDOUT: 
2024-07-24 14:29:58.285 [Test worker] DEBUG o.t.c.output.WaitingConsumer - STDOUT: Success. You can now start the database server using:
2024-07-24 14:29:58.285 [Test worker] DEBUG o.t.c.output.WaitingConsumer - STDOUT: 
2024-07-24 14:29:58.285 [Test worker] DEBUG o.t.c.output.WaitingConsumer - STDOUT: 
2024-07-24 14:29:58.285 [Test worker] DEBUG o.t.c.output.WaitingConsumer - STDOUT: syncing data to disk ... ok
2024-07-24 14:29:58.285 [Test worker] DEBUG o.t.c.output.WaitingConsumer - STDERR: initdb: hint: You can change this by editing pg_hba.conf or using the option -A, or --auth-local and --auth-host, the next time you run initdb.
2024-07-24 14:29:58.327 [docker-java-stream-1422801519] DEBUG c.g.d.z.s.o.a.hc.client5.http.wire - http-outgoing-2 << "137[\r][\n]"
2024-07-24 14:29:58.328 [docker-java-stream-1422801519] DEBUG c.g.d.z.s.o.a.hc.client5.http.wire - http-outgoing-2 << "[0x1][0x0][0x0][0x0][0x0][0x0][0x0][0xffffffc3]waiting for server to start....2024-07-24 02:29:58.326 UTC [48] LOG:  starting PostgreSQL 16.2 (Debian 16.2-1.pgdg120+2) on x86_64-pc-linux-gnu, compiled by gcc (Debian 12.2.0-14) 12.2.0, 64-bit[\n]"
2024-07-24 14:29:58.328 [docker-java-stream-1422801519] DEBUG c.g.d.z.s.o.a.hc.client5.http.wire - http-outgoing-2 << "[0x1][0x0][0x0][0x0][0x0][0x0][0x0]d2024-07-24 02:29:58.327 UTC [48] LOG:  listening on Unix socket "/var/run/postgresql/.s.PGSQL.5432"[\n]"
2024-07-24 14:29:58.328 [docker-java-stream-1422801519] DEBUG c.g.d.z.s.o.a.hc.client5.http.wire - http-outgoing-2 << "[\r][\n]"
2024-07-24 14:29:58.328 [Test worker] DEBUG o.t.c.output.WaitingConsumer - STDOUT: 2024-07-24 02:29:58.327 UTC [48] LOG:  listening on Unix socket "/var/run/postgresql/.s.PGSQL.5432"
2024-07-24 14:29:58.328 [Test worker] DEBUG o.t.c.output.WaitingConsumer - STDOUT: waiting for server to start....2024-07-24 02:29:58.326 UTC [48] LOG:  starting PostgreSQL 16.2 (Debian 16.2-1.pgdg120+2) on x86_64-pc-linux-gnu, compiled by gcc (Debian 12.2.0-14) 12.2.0, 64-bit
2024-07-24 14:29:58.330 [docker-java-stream-1422801519] DEBUG c.g.d.z.s.o.a.hc.client5.http.wire - http-outgoing-2 << "68[\r][\n]"
2024-07-24 14:29:58.330 [docker-java-stream-1422801519] DEBUG c.g.d.z.s.o.a.hc.client5.http.wire - http-outgoing-2 << "[0x1][0x0][0x0][0x0][0x0][0x0][0x0]`2024-07-24 02:29:58.329 UTC [51] LOG:  database system was shut down at 2024-07-24 02:29:57 UTC[\n]"
2024-07-24 14:29:58.330 [docker-java-stream-1422801519] DEBUG c.g.d.z.s.o.a.hc.client5.http.wire - http-outgoing-2 << "[\r][\n]"
2024-07-24 14:29:58.334 [docker-java-stream-1422801519] DEBUG c.g.d.z.s.o.a.hc.client5.http.wire - http-outgoing-2 << "5e[\r][\n]"
2024-07-24 14:29:58.334 [docker-java-stream-1422801519] DEBUG c.g.d.z.s.o.a.hc.client5.http.wire - http-outgoing-2 << "[0x1][0x0][0x0][0x0][0x0][0x0][0x0]V2024-07-24 02:29:58.333 UTC [48] LOG:  database system is ready to accept connections[\n]"
2024-07-24 14:29:58.334 [docker-java-stream-1422801519] DEBUG c.g.d.z.s.o.a.hc.client5.http.wire - http-outgoing-2 << "[\r][\n]"
2024-07-24 14:29:58.342 [Test worker] DEBUG o.t.c.output.WaitingConsumer - STDOUT: 2024-07-24 02:29:58.333 UTC [48] LOG:  database system is ready to accept connections
2024-07-24 14:29:58.342 [Test worker] DEBUG o.t.c.output.WaitingConsumer - STDOUT: 2024-07-24 02:29:58.329 UTC [51] LOG:  database system was shut down at 2024-07-24 02:29:57 UTC
2024-07-24 14:29:58.412 [docker-java-stream-1422801519] DEBUG c.g.d.z.s.o.a.hc.client5.http.wire - http-outgoing-2 << "25[\r][\n]"
2024-07-24 14:29:58.412 [docker-java-stream-1422801519] DEBUG c.g.d.z.s.o.a.hc.client5.http.wire - http-outgoing-2 << "[0x1][0x0][0x0][0x0][0x0][0x0][0x0][0x6] done[\n]"
2024-07-24 14:29:58.413 [docker-java-stream-1422801519] DEBUG c.g.d.z.s.o.a.hc.client5.http.wire - http-outgoing-2 << "[0x1][0x0][0x0][0x0][0x0][0x0][0x0][0xf]server started[\n]"
2024-07-24 14:29:58.413 [docker-java-stream-1422801519] DEBUG c.g.d.z.s.o.a.hc.client5.http.wire - http-outgoing-2 << "[\r][\n]"
2024-07-24 14:29:58.413 [Test worker] DEBUG o.t.c.output.WaitingConsumer - STDOUT: server started
2024-07-24 14:29:58.413 [Test worker] DEBUG o.t.c.output.WaitingConsumer - STDOUT:  done
2024-07-24 14:29:58.502 [docker-java-stream-1422801519] DEBUG c.g.d.z.s.o.a.hc.client5.http.wire - http-outgoing-2 << "18[\r][\n]"
2024-07-24 14:29:58.503 [docker-java-stream-1422801519] DEBUG c.g.d.z.s.o.a.hc.client5.http.wire - http-outgoing-2 << "[0x1][0x0][0x0][0x0][0x0][0x0][0x0][0x10]CREATE DATABASE[\n]"
2024-07-24 14:29:58.503 [docker-java-stream-1422801519] DEBUG c.g.d.z.s.o.a.hc.client5.http.wire - http-outgoing-2 << "[\r][\n]"
2024-07-24 14:29:58.503 [Test worker] DEBUG o.t.c.output.WaitingConsumer - STDOUT: CREATE DATABASE
2024-07-24 14:29:58.503 [docker-java-stream-1422801519] DEBUG c.g.d.z.s.o.a.hc.client5.http.wire - http-outgoing-2 << "9[\r][\n]"
2024-07-24 14:29:58.503 [docker-java-stream-1422801519] DEBUG c.g.d.z.s.o.a.hc.client5.http.wire - http-outgoing-2 << "[0x1][0x0][0x0][0x0][0x0][0x0][0x0][0x1][\n]"
2024-07-24 14:29:58.503 [docker-java-stream-1422801519] DEBUG c.g.d.z.s.o.a.hc.client5.http.wire - http-outgoing-2 << "[\r][\n]"
2024-07-24 14:29:58.503 [docker-java-stream-1422801519] DEBUG c.g.d.z.s.o.a.hc.client5.http.wire - http-outgoing-2 << "66[\r][\n]"
2024-07-24 14:29:58.503 [docker-java-stream-1422801519] DEBUG c.g.d.z.s.o.a.hc.client5.http.wire - http-outgoing-2 << "[0x1][0x0][0x0][0x0][0x0][0x0][0x0][0x1][\n]"
2024-07-24 14:29:58.503 [docker-java-stream-1422801519] DEBUG c.g.d.z.s.o.a.hc.client5.http.wire - http-outgoing-2 << "[0x1][0x0][0x0][0x0][0x0][0x0][0x0]L/usr/local/bin/docker-entrypoint.sh: ignoring /docker-entrypoint-initdb.d/*[\n]"
2024-07-24 14:29:58.503 [docker-java-stream-1422801519] DEBUG c.g.d.z.s.o.a.hc.client5.http.wire - http-outgoing-2 << "[0x1][0x0][0x0][0x0][0x0][0x0][0x0][0x1][\n]"
2024-07-24 14:29:58.503 [docker-java-stream-1422801519] DEBUG c.g.d.z.s.o.a.hc.client5.http.wire - http-outgoing-2 << "[\r][\n]"
2024-07-24 14:29:58.505 [docker-java-stream-1422801519] DEBUG c.g.d.z.s.o.a.hc.client5.http.wire - http-outgoing-2 << "c1[\r][\n]"
2024-07-24 14:29:58.505 [docker-java-stream-1422801519] DEBUG c.g.d.z.s.o.a.hc.client5.http.wire - http-outgoing-2 << "[0x1][0x0][0x0][0x0][0x0][0x0][0x0]hwaiting for server to shut down...2024-07-24 02:29:58.504 UTC [48] LOG:  received fast shutdown request[\n]"
2024-07-24 14:29:58.505 [docker-java-stream-1422801519] DEBUG c.g.d.z.s.o.a.hc.client5.http.wire - http-outgoing-2 << "[0x1][0x0][0x0][0x0][0x0][0x0][0x0]I.2024-07-24 02:29:58.504 UTC [48] LOG:  aborting any active transactions[\n]"
2024-07-24 14:29:58.505 [docker-java-stream-1422801519] DEBUG c.g.d.z.s.o.a.hc.client5.http.wire - http-outgoing-2 << "[\r][\n]"
2024-07-24 14:29:58.507 [docker-java-stream-1422801519] DEBUG c.g.d.z.s.o.a.hc.client5.http.wire - http-outgoing-2 << "115[\r][\n]"
2024-07-24 14:29:58.507 [docker-java-stream-1422801519] DEBUG c.g.d.z.s.o.a.hc.client5.http.wire - http-outgoing-2 << "[0x1][0x0][0x0][0x0][0x0][0x0][0x0]y2024-07-24 02:29:58.507 UTC [48] LOG:  background worker "logical replication launcher" (PID 54) exited with exit code 1[\n]"
2024-07-24 14:29:58.507 [docker-java-stream-1422801519] DEBUG c.g.d.z.s.o.a.hc.client5.http.wire - http-outgoing-2 << "[0x1][0x0][0x0][0x0][0x0][0x0][0x0]52024-07-24 02:29:58.507 UTC [49] LOG:  shutting down[\n]"
2024-07-24 14:29:58.507 [docker-java-stream-1422801519] DEBUG c.g.d.z.s.o.a.hc.client5.http.wire - http-outgoing-2 << "[0x1][0x0][0x0][0x0][0x0][0x0][0x0]O2024-07-24 02:29:58.507 UTC [49] LOG:  checkpoint starting: shutdown immediate[\n]"
2024-07-24 14:29:58.507 [docker-java-stream-1422801519] DEBUG c.g.d.z.s.o.a.hc.client5.http.wire - http-outgoing-2 << "[\r][\n]"
2024-07-24 14:29:58.518 [docker-java-stream-1422801519] DEBUG c.g.d.z.s.o.a.hc.client5.http.wire - http-outgoing-2 << "12c[\r][\n]"
2024-07-24 14:29:58.519 [docker-java-stream-1422801519] DEBUG c.g.d.z.s.o.a.hc.client5.http.wire - http-outgoing-2 << "[0x1][0x0][0x0][0x0][0x0][0x0][0x1]$2024-07-24 02:29:58.517 UTC [49] LOG:  checkpoint complete: wrote 923 buffers (5.6%); 0 WAL file(s) added, 0 removed, 0 recycled; write=0.010 s, sync=0.001 s, total=0.011 s; sync files=0, longest=0.000 s, average=0.000 s; distance=4257 kB, estimate=4257 kB; lsn=0/1913068, redo lsn=0/1913068[\n]"
2024-07-24 14:29:58.519 [docker-java-stream-1422801519] DEBUG c.g.d.z.s.o.a.hc.client5.http.wire - http-outgoing-2 << "[\r][\n]"
2024-07-24 14:29:58.527 [Test worker] DEBUG o.t.c.output.WaitingConsumer - STDOUT: 2024-07-24 02:29:58.517 UTC [49] LOG:  checkpoint complete: wrote 923 buffers (5.6%); 0 WAL file(s) added, 0 removed, 0 recycled; write=0.010 s, sync=0.001 s, total=0.011 s; sync files=0, longest=0.000 s, average=0.000 s; distance=4257 kB, estimate=4257 kB; lsn=0/1913068, redo lsn=0/1913068
2024-07-24 14:29:58.527 [Test worker] DEBUG o.t.c.output.WaitingConsumer - STDOUT: 2024-07-24 02:29:58.507 UTC [49] LOG:  checkpoint starting: shutdown immediate
2024-07-24 14:29:58.527 [Test worker] DEBUG o.t.c.output.WaitingConsumer - STDOUT: 2024-07-24 02:29:58.507 UTC [49] LOG:  shutting down
2024-07-24 14:29:58.527 [Test worker] DEBUG o.t.c.output.WaitingConsumer - STDOUT: 2024-07-24 02:29:58.507 UTC [48] LOG:  background worker "logical replication launcher" (PID 54) exited with exit code 1
2024-07-24 14:29:58.527 [Test worker] DEBUG o.t.c.output.WaitingConsumer - STDOUT: .2024-07-24 02:29:58.504 UTC [48] LOG:  aborting any active transactions
2024-07-24 14:29:58.527 [Test worker] DEBUG o.t.c.output.WaitingConsumer - STDOUT: waiting for server to shut down...2024-07-24 02:29:58.504 UTC [48] LOG:  received fast shutdown request
2024-07-24 14:29:58.527 [Test worker] DEBUG o.t.c.output.WaitingConsumer - STDOUT: 
2024-07-24 14:29:58.527 [Test worker] DEBUG o.t.c.output.WaitingConsumer - STDOUT: /usr/local/bin/docker-entrypoint.sh: ignoring /docker-entrypoint-initdb.d/*
2024-07-24 14:29:58.527 [Test worker] DEBUG o.t.c.output.WaitingConsumer - STDOUT: 
2024-07-24 14:29:58.528 [Test worker] DEBUG o.t.c.output.WaitingConsumer - STDOUT: 
2024-07-24 14:29:58.528 [docker-java-stream-1422801519] DEBUG c.g.d.z.s.o.a.hc.client5.http.wire - http-outgoing-2 << "4c[\r][\n]"
2024-07-24 14:29:58.528 [docker-java-stream-1422801519] DEBUG c.g.d.z.s.o.a.hc.client5.http.wire - http-outgoing-2 << "[0x1][0x0][0x0][0x0][0x0][0x0][0x0]D2024-07-24 02:29:58.527 UTC [48] LOG:  database system is shut down[\n]"
2024-07-24 14:29:58.528 [docker-java-stream-1422801519] DEBUG c.g.d.z.s.o.a.hc.client5.http.wire - http-outgoing-2 << "[\r][\n]"
2024-07-24 14:29:58.543 [Test worker] DEBUG o.t.c.output.WaitingConsumer - STDOUT: 2024-07-24 02:29:58.527 UTC [48] LOG:  database system is shut down
2024-07-24 14:29:58.605 [docker-java-stream-1422801519] DEBUG c.g.d.z.s.o.a.hc.client5.http.wire - http-outgoing-2 << "25[\r][\n]"
2024-07-24 14:29:58.606 [docker-java-stream-1422801519] DEBUG c.g.d.z.s.o.a.hc.client5.http.wire - http-outgoing-2 << "[0x1][0x0][0x0][0x0][0x0][0x0][0x0][0x6] done[\n]"
2024-07-24 14:29:58.606 [docker-java-stream-1422801519] DEBUG c.g.d.z.s.o.a.hc.client5.http.wire - http-outgoing-2 << "[0x1][0x0][0x0][0x0][0x0][0x0][0x0][0xf]server stopped[\n]"
2024-07-24 14:29:58.606 [docker-java-stream-1422801519] DEBUG c.g.d.z.s.o.a.hc.client5.http.wire - http-outgoing-2 << "[\r][\n]"
2024-07-24 14:29:58.606 [Test worker] DEBUG o.t.c.output.WaitingConsumer - STDOUT: server stopped
2024-07-24 14:29:58.606 [Test worker] DEBUG o.t.c.output.WaitingConsumer - STDOUT:  done
2024-07-24 14:29:58.606 [docker-java-stream-1422801519] DEBUG c.g.d.z.s.o.a.hc.client5.http.wire - http-outgoing-2 << "50[\r][\n]"
2024-07-24 14:29:58.606 [docker-java-stream-1422801519] DEBUG c.g.d.z.s.o.a.hc.client5.http.wire - http-outgoing-2 << "[0x1][0x0][0x0][0x0][0x0][0x0][0x0][0x1][\n]"
2024-07-24 14:29:58.606 [docker-java-stream-1422801519] DEBUG c.g.d.z.s.o.a.hc.client5.http.wire - http-outgoing-2 << "[0x1][0x0][0x0][0x0][0x0][0x0][0x0]6PostgreSQL init process complete; ready for start up.[\n]"
2024-07-24 14:29:58.606 [docker-java-stream-1422801519] DEBUG c.g.d.z.s.o.a.hc.client5.http.wire - http-outgoing-2 << "[0x1][0x0][0x0][0x0][0x0][0x0][0x0][0x1][\n]"
2024-07-24 14:29:58.606 [docker-java-stream-1422801519] DEBUG c.g.d.z.s.o.a.hc.client5.http.wire - http-outgoing-2 << "[\r][\n]"
2024-07-24 14:29:58.622 [Test worker] DEBUG o.t.c.output.WaitingConsumer - STDOUT: 
2024-07-24 14:29:58.622 [Test worker] DEBUG o.t.c.output.WaitingConsumer - STDOUT: PostgreSQL init process complete; ready for start up.
2024-07-24 14:29:58.622 [Test worker] DEBUG o.t.c.output.WaitingConsumer - STDOUT: 
2024-07-24 14:29:58.629 [docker-java-stream-1422801519] DEBUG c.g.d.z.s.o.a.hc.client5.http.wire - http-outgoing-2 << "1cb[\r][\n]"
2024-07-24 14:29:58.629 [docker-java-stream-1422801519] DEBUG c.g.d.z.s.o.a.hc.client5.http.wire - http-outgoing-2 << "[0x2][0x0][0x0][0x0][0x0][0x0][0x0][0xffffffa3]2024-07-24 02:29:58.627 UTC [1] LOG:  starting PostgreSQL 16.2 (Debian 16.2-1.pgdg120+2) on x86_64-pc-linux-gnu, compiled by gcc (Debian 12.2.0-14) 12.2.0, 64-bit[\n]"
2024-07-24 14:29:58.629 [docker-java-stream-1422801519] DEBUG c.g.d.z.s.o.a.hc.client5.http.wire - http-outgoing-2 << "[0x2][0x0][0x0][0x0][0x0][0x0][0x0]U2024-07-24 02:29:58.627 UTC [1] LOG:  listening on IPv4 address "0.0.0.0", port 5432[\n]"
2024-07-24 14:29:58.629 [docker-java-stream-1422801519] DEBUG c.g.d.z.s.o.a.hc.client5.http.wire - http-outgoing-2 << "[0x2][0x0][0x0][0x0][0x0][0x0][0x0]P2024-07-24 02:29:58.628 UTC [1] LOG:  listening on IPv6 address "::", port 5432[\n]"
2024-07-24 14:29:58.629 [docker-java-stream-1422801519] DEBUG c.g.d.z.s.o.a.hc.client5.http.wire - http-outgoing-2 << "[0x2][0x0][0x0][0x0][0x0][0x0][0x0]c2024-07-24 02:29:58.628 UTC [1] LOG:  listening on Unix socket "/var/run/postgresql/.s.PGSQL.5432"[\n]"
2024-07-24 14:29:58.629 [docker-java-stream-1422801519] DEBUG c.g.d.z.s.o.a.hc.client5.http.wire - http-outgoing-2 << "[\r][\n]"
2024-07-24 14:29:58.632 [docker-java-stream-1422801519] DEBUG c.g.d.z.s.o.a.hc.client5.http.wire - http-outgoing-2 << "68[\r][\n]"
2024-07-24 14:29:58.632 [docker-java-stream-1422801519] DEBUG c.g.d.z.s.o.a.hc.client5.http.wire - http-outgoing-2 << "[0x2][0x0][0x0][0x0][0x0][0x0][0x0]`2024-07-24 02:29:58.631 UTC [64] LOG:  database system was shut down at 2024-07-24 02:29:58 UTC[\n]"
2024-07-24 14:29:58.632 [docker-java-stream-1422801519] DEBUG c.g.d.z.s.o.a.hc.client5.http.wire - http-outgoing-2 << "[\r][\n]"
2024-07-24 14:29:58.635 [docker-java-stream-1422801519] DEBUG c.g.d.z.s.o.a.hc.client5.http.wire - http-outgoing-2 << "5d[\r][\n]"
2024-07-24 14:29:58.636 [docker-java-stream-1422801519] DEBUG c.g.d.z.s.o.a.hc.client5.http.wire - http-outgoing-2 << "[0x2][0x0][0x0][0x0][0x0][0x0][0x0]U2024-07-24 02:29:58.635 UTC [1] LOG:  database system is ready to accept connections[\n]"
2024-07-24 14:29:58.636 [docker-java-stream-1422801519] DEBUG c.g.d.z.s.o.a.hc.client5.http.wire - http-outgoing-2 << "[\r][\n]"
2024-07-24 14:29:58.637 [Test worker] DEBUG o.t.c.output.WaitingConsumer - STDERR: 2024-07-24 02:29:58.635 UTC [1] LOG:  database system is ready to accept connections
2024-07-24 14:29:58.637 [Test worker] DEBUG c.g.d.z.s.o.a.h.c.h.i.c.InternalHttpClient - ep-00000019: cancel
2024-07-24 14:29:58.637 [Test worker] DEBUG c.g.d.z.s.o.a.h.c.h.i.i.DefaultManagedHttpClientConnection - http-outgoing-2: close connection IMMEDIATE
2024-07-24 14:29:58.638 [docker-java-stream-1422801519] DEBUG c.g.d.z.s.o.a.hc.client5.http.wire - http-outgoing-2 << "end of stream"
2024-07-24 14:29:58.638 [Test worker] DEBUG c.g.d.z.s.o.a.h.c.h.i.c.InternalHttpClient - ep-00000019: endpoint closed
2024-07-24 14:29:58.638 [Test worker] DEBUG c.g.d.z.s.o.a.h.c.h.i.c.InternalHttpClient - ep-00000019: discarding endpoint
2024-07-24 14:29:58.638 [Test worker] DEBUG c.g.d.z.s.o.a.h.c.h.i.i.PoolingHttpClientConnectionManager - ep-00000019: releasing endpoint
2024-07-24 14:29:58.638 [Test worker] DEBUG c.g.d.z.s.o.a.h.c.h.i.i.PoolingHttpClientConnectionManager - ep-00000019: connection is not kept alive
2024-07-24 14:29:58.638 [Test worker] DEBUG c.g.d.z.s.o.a.h.c.h.i.i.PoolingHttpClientConnectionManager - ep-00000019: connection released [route: {}->npipe://localhost:2375][total available: 0; route allocated: 0 of 2147483647; total allocated: 0 of 2147483647]
2024-07-24 14:29:58.638 [docker-java-stream-1422801519] DEBUG c.g.d.z.s.o.a.hc.client5.http.wire - http-outgoing-2 << "[read] I/O error: java.nio.channels.ClosedChannelException"
2024-07-24 14:29:58.638 [Test worker] DEBUG c.g.d.z.s.o.a.hc.client5.http.wire - http-outgoing-2 << "[read] I/O error: java.nio.channels.ClosedChannelException"
2024-07-24 14:29:58.638 [docker-java-stream-1422801519] DEBUG c.g.d.z.ApacheDockerHttpClientImpl$ApacheResponse - Failed to close the response
java.io.IOException: java.nio.channels.ClosedChannelException
	at java.base/java.nio.channels.Channels$2.read(Channels.java:240)
	at com.github.dockerjava.zerodep.shaded.org.apache.hc.client5.http.impl.io.LoggingInputStream.read(LoggingInputStream.java:81)
	at com.github.dockerjava.zerodep.shaded.org.apache.hc.core5.http.impl.io.SessionInputBufferImpl.fillBuffer(SessionInputBufferImpl.java:149)
	at com.github.dockerjava.zerodep.shaded.org.apache.hc.core5.http.impl.io.SessionInputBufferImpl.readLine(SessionInputBufferImpl.java:280)
	at com.github.dockerjava.zerodep.shaded.org.apache.hc.core5.http.impl.io.ChunkedInputStream.getChunkSize(ChunkedInputStream.java:261)
	at com.github.dockerjava.zerodep.shaded.org.apache.hc.core5.http.impl.io.ChunkedInputStream.nextChunk(ChunkedInputStream.java:222)
	at com.github.dockerjava.zerodep.shaded.org.apache.hc.core5.http.impl.io.ChunkedInputStream.read(ChunkedInputStream.java:147)
	at com.github.dockerjava.zerodep.shaded.org.apache.hc.core5.http.impl.io.ChunkedInputStream.close(ChunkedInputStream.java:314)
	at com.github.dockerjava.zerodep.shaded.org.apache.hc.core5.io.Closer.close(Closer.java:48)
	at com.github.dockerjava.zerodep.shaded.org.apache.hc.core5.http.impl.io.IncomingHttpEntity.close(IncomingHttpEntity.java:111)
	at com.github.dockerjava.zerodep.shaded.org.apache.hc.core5.http.io.entity.HttpEntityWrapper.close(HttpEntityWrapper.java:120)
	at com.github.dockerjava.zerodep.shaded.org.apache.hc.core5.io.Closer.close(Closer.java:48)
	at com.github.dockerjava.zerodep.shaded.org.apache.hc.core5.http.message.BasicClassicHttpResponse.close(BasicClassicHttpResponse.java:93)
	at com.github.dockerjava.zerodep.shaded.org.apache.hc.client5.http.impl.classic.CloseableHttpResponse.close(CloseableHttpResponse.java:200)
	at com.github.dockerjava.zerodep.ApacheDockerHttpClientImpl$ApacheResponse.close(ApacheDockerHttpClientImpl.java:271)
	at org.testcontainers.shaded.com.github.dockerjava.core.DefaultInvocationBuilder.lambda$executeAndStream$1(DefaultInvocationBuilder.java:277)
	at java.base/java.lang.Thread.run(Thread.java:833)
Caused by: java.nio.channels.ClosedChannelException: null
	at java.base/sun.nio.ch.WindowsAsynchronousFileChannelImpl.implRead(WindowsAsynchronousFileChannelImpl.java:516)
	at java.base/sun.nio.ch.AsynchronousFileChannelImpl.read(AsynchronousFileChannelImpl.java:229)
	at com.github.dockerjava.transport.NamedPipeSocket$AsynchronousFileByteChannel.read(NamedPipeSocket.java:117)
	at java.base/java.nio.channels.Channels$2.read(Channels.java:238)
	... 16 common frames omitted
2024-07-24 14:29:58.638 [Test worker] DEBUG c.g.d.z.ApacheDockerHttpClientImpl$ApacheResponse - Failed to close the response
java.io.IOException: java.nio.channels.ClosedChannelException
	at java.base/java.nio.channels.Channels$2.read(Channels.java:240)
	at com.github.dockerjava.zerodep.shaded.org.apache.hc.client5.http.impl.io.LoggingInputStream.read(LoggingInputStream.java:81)
	at com.github.dockerjava.zerodep.shaded.org.apache.hc.core5.http.impl.io.SessionInputBufferImpl.fillBuffer(SessionInputBufferImpl.java:149)
	at com.github.dockerjava.zerodep.shaded.org.apache.hc.core5.http.impl.io.SessionInputBufferImpl.readLine(SessionInputBufferImpl.java:280)
	at com.github.dockerjava.zerodep.shaded.org.apache.hc.core5.http.impl.io.ChunkedInputStream.getChunkSize(ChunkedInputStream.java:261)
	at com.github.dockerjava.zerodep.shaded.org.apache.hc.core5.http.impl.io.ChunkedInputStream.nextChunk(ChunkedInputStream.java:222)
	at com.github.dockerjava.zerodep.shaded.org.apache.hc.core5.http.impl.io.ChunkedInputStream.read(ChunkedInputStream.java:147)
	at com.github.dockerjava.zerodep.shaded.org.apache.hc.core5.http.impl.io.ChunkedInputStream.close(ChunkedInputStream.java:314)
	at com.github.dockerjava.zerodep.shaded.org.apache.hc.core5.io.Closer.close(Closer.java:48)
	at com.github.dockerjava.zerodep.shaded.org.apache.hc.core5.http.impl.io.IncomingHttpEntity.close(IncomingHttpEntity.java:111)
	at com.github.dockerjava.zerodep.shaded.org.apache.hc.core5.http.io.entity.HttpEntityWrapper.close(HttpEntityWrapper.java:120)
	at com.github.dockerjava.zerodep.shaded.org.apache.hc.core5.io.Closer.close(Closer.java:48)
	at com.github.dockerjava.zerodep.shaded.org.apache.hc.core5.http.message.BasicClassicHttpResponse.close(BasicClassicHttpResponse.java:93)
	at com.github.dockerjava.zerodep.shaded.org.apache.hc.client5.http.impl.classic.CloseableHttpResponse.close(CloseableHttpResponse.java:200)
	at com.github.dockerjava.zerodep.ApacheDockerHttpClientImpl$ApacheResponse.close(ApacheDockerHttpClientImpl.java:271)
	at org.testcontainers.shaded.com.github.dockerjava.core.DefaultInvocationBuilder.lambda$null$0(DefaultInvocationBuilder.java:272)
	at com.github.dockerjava.api.async.ResultCallbackTemplate.close(ResultCallbackTemplate.java:77)
	at org.testcontainers.containers.output.FrameConsumerResultCallback.close(FrameConsumerResultCallback.java:69)
	at org.testcontainers.containers.wait.strategy.LogMessageWaitStrategy.waitUntilReady(LogMessageWaitStrategy.java:49)
	at org.testcontainers.containers.wait.strategy.AbstractWaitStrategy.waitUntilReady(AbstractWaitStrategy.java:52)
	at org.testcontainers.containers.PostgreSQLContainer.waitUntilContainerStarted(PostgreSQLContainer.java:149)
	at org.testcontainers.containers.GenericContainer.tryStart(GenericContainer.java:500)
	at org.testcontainers.containers.GenericContainer.lambda$doStart$0(GenericContainer.java:354)
	at org.rnorth.ducttape.unreliables.Unreliables.retryUntilSuccess(Unreliables.java:81)
	at org.testcontainers.containers.GenericContainer.doStart(GenericContainer.java:344)
	at org.testcontainers.containers.GenericContainer.start(GenericContainer.java:330)
	at com.unitedApi.WorkStationDAOTest.<init>(WorkStationDAOTest.kt:31)
	at java.base/jdk.internal.reflect.NativeConstructorAccessorImpl.newInstance0(Native Method)
	at java.base/jdk.internal.reflect.NativeConstructorAccessorImpl.newInstance(NativeConstructorAccessorImpl.java:77)
	at java.base/jdk.internal.reflect.DelegatingConstructorAccessorImpl.newInstance(DelegatingConstructorAccessorImpl.java:45)
	at java.base/java.lang.reflect.Constructor.newInstanceWithCaller(Constructor.java:499)
	at java.base/java.lang.reflect.Constructor.newInstance(Constructor.java:480)
	at org.junit.runners.BlockJUnit4ClassRunner.createTest(BlockJUnit4ClassRunner.java:250)
	at org.junit.runners.BlockJUnit4ClassRunner.createTest(BlockJUnit4ClassRunner.java:260)
	at org.junit.runners.BlockJUnit4ClassRunner$2.runReflectiveCall(BlockJUnit4ClassRunner.java:309)
	at org.junit.internal.runners.model.ReflectiveCallable.run(ReflectiveCallable.java:12)
	at org.junit.runners.BlockJUnit4ClassRunner.methodBlock(BlockJUnit4ClassRunner.java:306)
	at org.junit.runners.BlockJUnit4ClassRunner$1.evaluate(BlockJUnit4ClassRunner.java:100)
	at org.junit.runners.ParentRunner.runLeaf(ParentRunner.java:366)
	at org.junit.runners.BlockJUnit4ClassRunner.runChild(BlockJUnit4ClassRunner.java:103)
	at org.junit.runners.BlockJUnit4ClassRunner.runChild(BlockJUnit4ClassRunner.java:63)
	at org.junit.runners.ParentRunner$4.run(ParentRunner.java:331)
	at org.junit.runners.ParentRunner$1.schedule(ParentRunner.java:79)
	at org.junit.runners.ParentRunner.runChildren(ParentRunner.java:329)
	at org.junit.runners.ParentRunner.access$100(ParentRunner.java:66)
	at org.junit.runners.ParentRunner$2.evaluate(ParentRunner.java:293)
	at org.junit.runners.ParentRunner$3.evaluate(ParentRunner.java:306)
	at org.junit.runners.ParentRunner.run(ParentRunner.java:413)
	at org.gradle.api.internal.tasks.testing.junit.JUnitTestClassExecutor.runTestClass(JUnitTestClassExecutor.java:112)
	at org.gradle.api.internal.tasks.testing.junit.JUnitTestClassExecutor.execute(JUnitTestClassExecutor.java:58)
	at org.gradle.api.internal.tasks.testing.junit.JUnitTestClassExecutor.execute(JUnitTestClassExecutor.java:40)
	at org.gradle.api.internal.tasks.testing.junit.AbstractJUnitTestClassProcessor.processTestClass(AbstractJUnitTestClassProcessor.java:60)
	at org.gradle.api.internal.tasks.testing.SuiteTestClassProcessor.processTestClass(SuiteTestClassProcessor.java:52)
	at java.base/jdk.internal.reflect.NativeMethodAccessorImpl.invoke0(Native Method)
	at java.base/jdk.internal.reflect.NativeMethodAccessorImpl.invoke(NativeMethodAccessorImpl.java:77)
	at java.base/jdk.internal.reflect.DelegatingMethodAccessorImpl.invoke(DelegatingMethodAccessorImpl.java:43)
	at java.base/java.lang.reflect.Method.invoke(Method.java:568)
	at org.gradle.internal.dispatch.ReflectionDispatch.dispatch(ReflectionDispatch.java:36)
	at org.gradle.internal.dispatch.ReflectionDispatch.dispatch(ReflectionDispatch.java:24)
	at org.gradle.internal.dispatch.ContextClassLoaderDispatch.dispatch(ContextClassLoaderDispatch.java:33)
	at org.gradle.internal.dispatch.ProxyDispatchAdapter$DispatchingInvocationHandler.invoke(ProxyDispatchAdapter.java:94)
	at jdk.proxy1/jdk.proxy1.$Proxy2.processTestClass(Unknown Source)
	at org.gradle.api.internal.tasks.testing.worker.TestWorker$2.run(TestWorker.java:176)
	at org.gradle.api.internal.tasks.testing.worker.TestWorker.executeAndMaintainThreadName(TestWorker.java:129)
	at org.gradle.api.internal.tasks.testing.worker.TestWorker.execute(TestWorker.java:100)
	at org.gradle.api.internal.tasks.testing.worker.TestWorker.execute(TestWorker.java:60)
	at org.gradle.process.internal.worker.child.ActionExecutionWorker.execute(ActionExecutionWorker.java:56)
	at org.gradle.process.internal.worker.child.SystemApplicationClassLoaderWorker.call(SystemApplicationClassLoaderWorker.java:113)
	at org.gradle.process.internal.worker.child.SystemApplicationClassLoaderWorker.call(SystemApplicationClassLoaderWorker.java:65)
	at worker.org.gradle.process.internal.worker.GradleWorkerMain.run(GradleWorkerMain.java:69)
	at worker.org.gradle.process.internal.worker.GradleWorkerMain.main(GradleWorkerMain.java:74)
Caused by: java.nio.channels.ClosedChannelException: null
	at java.base/sun.nio.ch.WindowsAsynchronousFileChannelImpl.implRead(WindowsAsynchronousFileChannelImpl.java:516)
	at java.base/sun.nio.ch.AsynchronousFileChannelImpl.read(AsynchronousFileChannelImpl.java:229)
	at com.github.dockerjava.transport.NamedPipeSocket$AsynchronousFileByteChannel.read(NamedPipeSocket.java:117)
	at java.base/java.nio.channels.Channels$2.read(Channels.java:238)
	... 70 common frames omitted
2024-07-24 14:29:58.640 [Test worker] INFO  tc.postgres:latest - Container postgres:latest started in PT2.1963655S
2024-07-24 14:29:58.640 [Test worker] INFO  tc.postgres:latest - Container is started (JDBC URL: jdbc:postgresql://localhost:51497/db?loggerLevel=OFF)
2024-07-24 14:29:58.641 [Test worker] INFO  org.testcontainers.ext.ScriptUtils - Executing database script from sql/init.sql
2024-07-24 14:29:58.644 [Test worker] DEBUG o.t.s.c.g.d.c.command.AbstrDockerCmd - Cmd: c6972eea05b9baadfd9239a59ef7a862ed3271849c10af4da6d05285ecb29326,false
2024-07-24 14:29:58.644 [Test worker] DEBUG o.t.s.c.g.d.c.e.InspectContainerCmdExec - GET: DefaultWebTarget{path=[/containers/c6972eea05b9baadfd9239a59ef7a862ed3271849c10af4da6d05285ecb29326/json], queryParams={}}
2024-07-24 14:29:58.644 [Test worker] DEBUG c.g.d.z.s.o.a.h.c.h.i.c.InternalHttpClient - ex-0000001B: preparing request execution
2024-07-24 14:29:58.644 [Test worker] DEBUG c.g.d.z.s.o.a.h.c.h.p.RequestAddCookies - Cookie spec selected: strict
2024-07-24 14:29:58.644 [Test worker] DEBUG c.g.d.z.s.o.a.h.c.h.p.RequestAuthCache - Auth cache not set in the context
2024-07-24 14:29:58.644 [Test worker] DEBUG c.g.d.z.s.o.a.h.c.h.i.c.ProtocolExec - ex-0000001B: target auth state: UNCHALLENGED
2024-07-24 14:29:58.644 [Test worker] DEBUG c.g.d.z.s.o.a.h.c.h.i.c.ProtocolExec - ex-0000001B: proxy auth state: UNCHALLENGED
2024-07-24 14:29:58.644 [Test worker] DEBUG c.g.d.z.s.o.a.h.c.h.i.c.ConnectExec - ex-0000001B: acquiring connection with route {}->npipe://localhost:2375
2024-07-24 14:29:58.644 [Test worker] DEBUG c.g.d.z.s.o.a.h.c.h.i.c.InternalHttpClient - ex-0000001B: acquiring endpoint (3 MINUTES)
2024-07-24 14:29:58.644 [Test worker] DEBUG c.g.d.z.s.o.a.h.c.h.i.i.PoolingHttpClientConnectionManager - ex-0000001B: endpoint lease request (3 MINUTES) [route: {}->npipe://localhost:2375][total available: 0; route allocated: 0 of 2147483647; total allocated: 0 of 2147483647]
2024-07-24 14:29:58.644 [Test worker] DEBUG c.g.d.z.s.o.a.h.c.h.i.i.PoolingHttpClientConnectionManager - ex-0000001B: endpoint leased [route: {}->npipe://localhost:2375][total available: 0; route allocated: 1 of 2147483647; total allocated: 1 of 2147483647]
2024-07-24 14:29:58.645 [Test worker] DEBUG c.g.d.z.s.o.a.h.c.h.i.i.PoolingHttpClientConnectionManager - ex-0000001B: acquired ep-0000001A
2024-07-24 14:29:58.645 [Test worker] DEBUG c.g.d.z.s.o.a.h.c.h.i.c.InternalHttpClient - ex-0000001B: acquired endpoint ep-0000001A
2024-07-24 14:29:58.645 [Test worker] DEBUG c.g.d.z.s.o.a.h.c.h.i.c.ConnectExec - ex-0000001B: opening connection {}->npipe://localhost:2375
2024-07-24 14:29:58.645 [Test worker] DEBUG c.g.d.z.s.o.a.h.c.h.i.c.InternalHttpClient - ep-0000001A: connecting endpoint (3 MINUTES)
2024-07-24 14:29:58.645 [Test worker] DEBUG c.g.d.z.s.o.a.h.c.h.i.i.PoolingHttpClientConnectionManager - ep-0000001A: connecting endpoint to npipe://localhost:2375 (3 MINUTES)
2024-07-24 14:29:58.645 [Test worker] DEBUG c.g.d.z.s.o.a.h.c.h.i.i.DefaultHttpClientConnectionOperator - http-outgoing-3: connecting to localhost/127.0.0.1:2375
2024-07-24 14:29:58.645 [Test worker] DEBUG c.g.d.z.s.o.a.h.c.h.i.i.DefaultHttpClientConnectionOperator - http-outgoing-3: connection established 
2024-07-24 14:29:58.645 [Test worker] DEBUG c.g.d.z.s.o.a.h.c.h.i.i.PoolingHttpClientConnectionManager - ep-0000001A: connected http-outgoing-3
2024-07-24 14:29:58.645 [Test worker] DEBUG c.g.d.z.s.o.a.h.c.h.i.c.InternalHttpClient - ep-0000001A: endpoint connected
2024-07-24 14:29:58.645 [Test worker] DEBUG c.g.d.z.s.o.a.h.c.h.i.c.MainClientExec - ex-0000001B: executing GET /v1.32/containers/c6972eea05b9baadfd9239a59ef7a862ed3271849c10af4da6d05285ecb29326/json HTTP/1.1
2024-07-24 14:29:58.645 [Test worker] DEBUG c.g.d.z.s.o.a.h.c.h.i.c.InternalHttpClient - ep-0000001A: start execution ex-0000001B
2024-07-24 14:29:58.645 [Test worker] DEBUG c.g.d.z.s.o.a.h.c.h.i.i.PoolingHttpClientConnectionManager - ep-0000001A: executing exchange ex-0000001B over http-outgoing-3
2024-07-24 14:29:58.645 [Test worker] DEBUG c.g.d.z.s.o.a.h.client5.http.headers - http-outgoing-3 >> GET /v1.32/containers/c6972eea05b9baadfd9239a59ef7a862ed3271849c10af4da6d05285ecb29326/json HTTP/1.1
2024-07-24 14:29:58.645 [Test worker] DEBUG c.g.d.z.s.o.a.h.client5.http.headers - http-outgoing-3 >> accept: application/json
2024-07-24 14:29:58.645 [Test worker] DEBUG c.g.d.z.s.o.a.h.client5.http.headers - http-outgoing-3 >> x-tc-sid: 280e6229-7396-4d60-b1e3-a5de48b5d49b
2024-07-24 14:29:58.645 [Test worker] DEBUG c.g.d.z.s.o.a.h.client5.http.headers - http-outgoing-3 >> User-Agent: tc-java/1.19.8
2024-07-24 14:29:58.645 [Test worker] DEBUG c.g.d.z.s.o.a.h.client5.http.headers - http-outgoing-3 >> Accept-Encoding: gzip, x-gzip, deflate
2024-07-24 14:29:58.645 [Test worker] DEBUG c.g.d.z.s.o.a.h.client5.http.headers - http-outgoing-3 >> Host: localhost:2375
2024-07-24 14:29:58.645 [Test worker] DEBUG c.g.d.z.s.o.a.h.client5.http.headers - http-outgoing-3 >> Connection: keep-alive
2024-07-24 14:29:58.645 [Test worker] DEBUG c.g.d.z.s.o.a.hc.client5.http.wire - http-outgoing-3 >> "GET /v1.32/containers/c6972eea05b9baadfd9239a59ef7a862ed3271849c10af4da6d05285ecb29326/json HTTP/1.1[\r][\n]"
2024-07-24 14:29:58.645 [Test worker] DEBUG c.g.d.z.s.o.a.hc.client5.http.wire - http-outgoing-3 >> "accept: application/json[\r][\n]"
2024-07-24 14:29:58.645 [Test worker] DEBUG c.g.d.z.s.o.a.hc.client5.http.wire - http-outgoing-3 >> "x-tc-sid: 280e6229-7396-4d60-b1e3-a5de48b5d49b[\r][\n]"
2024-07-24 14:29:58.645 [Test worker] DEBUG c.g.d.z.s.o.a.hc.client5.http.wire - http-outgoing-3 >> "User-Agent: tc-java/1.19.8[\r][\n]"
2024-07-24 14:29:58.645 [Test worker] DEBUG c.g.d.z.s.o.a.hc.client5.http.wire - http-outgoing-3 >> "Accept-Encoding: gzip, x-gzip, deflate[\r][\n]"
2024-07-24 14:29:58.645 [Test worker] DEBUG c.g.d.z.s.o.a.hc.client5.http.wire - http-outgoing-3 >> "Host: localhost:2375[\r][\n]"
2024-07-24 14:29:58.645 [Test worker] DEBUG c.g.d.z.s.o.a.hc.client5.http.wire - http-outgoing-3 >> "Connection: keep-alive[\r][\n]"
2024-07-24 14:29:58.645 [Test worker] DEBUG c.g.d.z.s.o.a.hc.client5.http.wire - http-outgoing-3 >> "[\r][\n]"
2024-07-24 14:29:58.648 [Test worker] DEBUG c.g.d.z.s.o.a.hc.client5.http.wire - http-outgoing-3 << "HTTP/1.1 200 OK[\r][\n]"
2024-07-24 14:29:58.649 [Test worker] DEBUG c.g.d.z.s.o.a.hc.client5.http.wire - http-outgoing-3 << "Api-Version: 1.45[\r][\n]"
2024-07-24 14:29:58.649 [Test worker] DEBUG c.g.d.z.s.o.a.hc.client5.http.wire - http-outgoing-3 << "Content-Type: application/json[\r][\n]"
2024-07-24 14:29:58.649 [Test worker] DEBUG c.g.d.z.s.o.a.hc.client5.http.wire - http-outgoing-3 << "Date: Wed, 24 Jul 2024 02:29:58 GMT[\r][\n]"
2024-07-24 14:29:58.649 [Test worker] DEBUG c.g.d.z.s.o.a.hc.client5.http.wire - http-outgoing-3 << "Docker-Experimental: false[\r][\n]"
2024-07-24 14:29:58.649 [Test worker] DEBUG c.g.d.z.s.o.a.hc.client5.http.wire - http-outgoing-3 << "Ostype: linux[\r][\n]"
2024-07-24 14:29:58.649 [Test worker] DEBUG c.g.d.z.s.o.a.hc.client5.http.wire - http-outgoing-3 << "Server: Docker/26.0.0 (linux)[\r][\n]"
2024-07-24 14:29:58.649 [Test worker] DEBUG c.g.d.z.s.o.a.hc.client5.http.wire - http-outgoing-3 << "Transfer-Encoding: chunked[\r][\n]"
2024-07-24 14:29:58.649 [Test worker] DEBUG c.g.d.z.s.o.a.hc.client5.http.wire - http-outgoing-3 << "[\r][\n]"
2024-07-24 14:29:58.649 [Test worker] DEBUG c.g.d.z.s.o.a.h.client5.http.headers - http-outgoing-3 << HTTP/1.1 200 OK
2024-07-24 14:29:58.649 [Test worker] DEBUG c.g.d.z.s.o.a.h.client5.http.headers - http-outgoing-3 << Api-Version: 1.45
2024-07-24 14:29:58.649 [Test worker] DEBUG c.g.d.z.s.o.a.h.client5.http.headers - http-outgoing-3 << Content-Type: application/json
2024-07-24 14:29:58.649 [Test worker] DEBUG c.g.d.z.s.o.a.h.client5.http.headers - http-outgoing-3 << Date: Wed, 24 Jul 2024 02:29:58 GMT
2024-07-24 14:29:58.649 [Test worker] DEBUG c.g.d.z.s.o.a.h.client5.http.headers - http-outgoing-3 << Docker-Experimental: false
2024-07-24 14:29:58.649 [Test worker] DEBUG c.g.d.z.s.o.a.h.client5.http.headers - http-outgoing-3 << Ostype: linux
2024-07-24 14:29:58.649 [Test worker] DEBUG c.g.d.z.s.o.a.h.client5.http.headers - http-outgoing-3 << Server: Docker/26.0.0 (linux)
2024-07-24 14:29:58.649 [Test worker] DEBUG c.g.d.z.s.o.a.h.client5.http.headers - http-outgoing-3 << Transfer-Encoding: chunked
2024-07-24 14:29:58.650 [Test worker] DEBUG c.g.d.z.s.o.a.h.c.h.i.c.MainClientExec - ex-0000001B: connection can be kept alive for 3 MINUTES
2024-07-24 14:29:58.651 [Test worker] DEBUG c.g.d.z.s.o.a.hc.client5.http.wire - http-outgoing-3 << "1a38[\r][\n]"
2024-07-24 14:29:58.651 [Test worker] DEBUG c.g.d.z.s.o.a.hc.client5.http.wire - http-outgoing-3 << "{"Id":"c6972eea05b9baadfd9239a59ef7a862ed3271849c10af4da6d05285ecb29326","Created":"2024-07-24T02:29:56.453562295Z","Path":"docker-entrypoint.sh","Args":["postgres","-c","fsync=off"],"State":{"Status":"running","Running":true,"Paused":false,"Restarting":false,"OOMKilled":false,"Dead":false,"Pid":27967,"ExitCode":0,"Error":"","StartedAt":"2024-07-24T02:29:56.953930415Z","FinishedAt":"0001-01-01T00:00:00Z"},"Image":"sha256:8e4fc9e184899a58735e7ee333f5e272d7d2298cf59302006b71f33e217be130","ResolvConfPath":"/var/lib/docker/containers/c6972eea05b9baadfd9239a59ef7a862ed3271849c10af4da6d05285ecb29326/resolv.conf","HostnamePath":"/var/lib/docker/containers/c6972eea05b9baadfd9239a59ef7a862ed3271849c10af4da6d05285ecb29326/hostname","HostsPath":"/var/lib/docker/containers/c6972eea05b9baadfd9239a59ef7a862ed3271849c10af4da6d05285ecb29326/hosts","LogPath":"/var/lib/docker/containers/c6972eea05b9baadfd9239a59ef7a862ed3271849c10af4da6d05285ecb29326/c6972eea05b9baadfd9239a59ef7a862ed3271849c10af4da6d05285ecb29326-json.log","Name":"/peaceful_hoover","RestartCount":0,"Driver":"overlay2","Platform":"linux","MountLabel":"","ProcessLabel":"","AppArmorProfile":"","ExecIDs":null,"HostConfig":{"Binds":[],"ContainerIDFile":"","LogConfig":{"Type":"json-file","Config":{}},"NetworkMode":"default","PortBindings":{"5432/tcp":[{"HostIp":"0.0.0.0","HostPort":"0"}]},"RestartPolicy":{"Name":"no","MaximumRetryCount":0},"AutoRemove":false,"VolumeDriver":"","VolumesFrom":[],"ConsoleSize":[0,0],"CapAdd":null,"CapDrop":null,"CgroupnsMode":"host","Dns":null,"DnsOptions":null,"DnsSearch":null,"ExtraHosts":[],"GroupAdd":null,"IpcMode":"shareable","Cgroup":"","Links":null,"OomScoreAdj":0,"PidMode":"","Privileged":false,"PublishAllPorts":false,"ReadonlyRootfs":false,"SecurityOpt":null,"UTSMode":"","UsernsMode":"","ShmSize":67108864,"Runtime":"runc","Isolation":"","CpuShares":0,"Memory":0,"NanoCpus":0,"CgroupParent":"","BlkioWeight":0,"BlkioWeightDevice":null,"BlkioDeviceReadBps":null,"BlkioDeviceWriteBps":null,"BlkioDeviceReadIOps":null,"BlkioDeviceWriteIOps":null,"CpuPeriod":0,"CpuQuota":0,"CpuRealtimePeriod":0,"CpuRealtimeRuntime":0,"CpusetCpus":"","CpusetMems":"","Devices":null,"DeviceCgroupRules":null,"DeviceRequests":null,"MemoryReservation":0,"MemorySwap":0,"MemorySwappiness":null,"OomKillDisable":false,"PidsLimit":null,"Ulimits":null,"CpuCount":0,"CpuPercent":0,"IOMaximumIOps":0,"IOMaximumBandwidth":0,"MaskedPaths":["/proc/asound","/proc/acpi","/proc/kcore","/proc/keys","/proc/latency_stats","/proc/timer_list","/proc/timer_stats","/proc/sched_debug","/proc/scsi","/sys/firmware","/sys/devices/virtual/powercap"],"ReadonlyPaths":["/proc/bus","/proc/fs","/proc/irq","/proc/sys","/proc/sysrq-trigger"]},"GraphDriver":{"Data":{"LowerDir":"/var/lib/docker/overlay2/baf5d788a2c2c03114cc01902c946206909674889ec1eb6d93b989481ec3e317-init/diff:/var/lib/docker/overlay2/8f0ddbd386af0785c2e348570516955816ab350305d698d363962d488eeb15ec/diff:/var/lib/docker/overlay2/0eb0ca73e9b0be7c3d7fa8762ef4778a68f38391bc84c037c2e90b88e781b475/diff:/var/lib/docker/overlay2/74e634bddc785c5d436b10a5158cd82e21dc2065fd1cf8ff9c1c12e01575a2d8/diff:/var/lib/docker/overlay2/bb918b2851cd2f508f1e3fdbfff8b7f8b041d61e65fe8c368288bf399e80b818/diff:/var/lib/docker/overlay2/2abab2946cbdc2941ee8ec4024c51dac7313dee9de5fbedd1ca33388c59eb3c8/diff:/var/lib/docker/overlay2/e12f6083ee669bd92743ceb339a896bb25dbe461b718705bb39eb410b80c0ecd/diff:/var/lib/docker/overlay2/ced1e86d670d097da5ed4da7288c22507735918959161c2cd8bf083fb30d169a/diff:/var/lib/docker/overlay2/94e9ac7b74923285ae73af20aeccb964ca9079e2305db367cb85d1603560472d/diff:/var/lib/docker/overlay2/a396b6dfd63f0c228c519871183c614cccf4d366a43460f27ecf97113c3c4be8/diff:/var/lib/docker/overlay2/f58ada5d5080c2bac553c734f81127660a90581a35ed2a92cebe3c59e340875b/diff:/var/lib/docker/overlay2/84f85636f37bf55d945e217b4f87a856eba7932284beaf042561007b66f48977/diff:/var/lib/docker/overlay2/1e6e519613884e91a2b74a588ba35dc8a2f789371ab798ef6e7d9836d756042f/diff:/var/lib/docker/overlay2/14a3151cc8b4f9d27d2e64f1a8abc0c7809309580f2d7e8dc8545055c1d56194/diff:/var/lib/doc"
2024-07-24 14:29:58.651 [Test worker] DEBUG c.g.d.z.s.o.a.hc.client5.http.wire - http-outgoing-3 << "ker/overlay2/5b354b9e793401517fe2f1da697653fdaadffc54888eaf76d67e0600b8c68bdc/diff","MergedDir":"/var/lib/docker/overlay2/baf5d788a2c2c03114cc01902c946206909674889ec1eb6d93b989481ec3e317/merged","UpperDir":"/var/lib/docker/overlay2/baf5d788a2c2c03114cc01902c946206909674889ec1eb6d93b989481ec3e317/diff","WorkDir":"/var/lib/docker/overlay2/baf5d788a2c2c03114cc01902c946206909674889ec1eb6d93b989481ec3e317/work"},"Name":"overlay2"},"Mounts":[{"Type":"volume","Name":"0cc7e2a392583e93b40b557cfff20e296592a8997e9716ff3d7b3dfcddb0f5e9","Source":"/var/lib/docker/volumes/0cc7e2a392583e93b40b557cfff20e296592a8997e9716ff3d7b3dfcddb0f5e9/_data","Destination":"/var/lib/postgresql/data","Driver":"local","Mode":"","RW":true,"Propagation":""}],"Config":{"Hostname":"c6972eea05b9","Domainname":"","User":"","AttachStdin":false,"AttachStdout":false,"AttachStderr":false,"ExposedPorts":{"5432/tcp":{}},"Tty":false,"OpenStdin":false,"StdinOnce":false,"Env":["POSTGRES_USER=user","POSTGRES_PASSWORD=password","POSTGRES_DB=db","PATH=/usr/local/sbin:/usr/local/bin:/usr/sbin:/usr/bin:/sbin:/bin:/usr/lib/postgresql/16/bin","GOSU_VERSION=1.17","LANG=en_US.utf8","PG_MAJOR=16","PG_VERSION=16.2-1.pgdg120+2","PGDATA=/var/lib/postgresql/data"],"Cmd":["postgres","-c","fsync=off"],"Image":"postgres:latest","Volumes":{"/var/lib/postgresql/data":{}},"WorkingDir":"","Entrypoint":["docker-entrypoint.sh"],"OnBuild":null,"Labels":{"org.testcontainers":"true","org.testcontainers.lang":"java","org.testcontainers.sessionId":"280e6229-7396-4d60-b1e3-a5de48b5d49b","org.testcontainers.version":"1.19.8"},"StopSignal":"SIGINT"},"NetworkSettings":{"Bridge":"","SandboxID":"b95ed89c9ae5bca3eb2868d59ca8d44a4bb0212562ec9b36b0b79e7963fe083d","SandboxKey":"/var/run/docker/netns/b95ed89c9ae5","Ports":{"5432/tcp":[{"HostIp":"0.0.0.0","HostPort":"51497"}]},"HairpinMode":false,"LinkLocalIPv6Address":"","LinkLocalIPv6PrefixLen":0,"SecondaryIPAddresses":null,"SecondaryIPv6Addresses":null,"EndpointID":"4e3e7f130c8bd6ac697d867bfcf35cfb737432b61ced81a80992380c65e4ad48","Gateway":"172.17.0.1","GlobalIPv6Address":"","GlobalIPv6PrefixLen":0,"IPAddress":"172.17.0.3","IPPrefixLen":16,"IPv6Gateway":"","MacAddress":"02:42:ac:11:00:03","Networks":{"bridge":{"IPAMConfig":null,"Links":null,"Aliases":null,"MacAddress":"02:42:ac:11:00:03","NetworkID":"3c842496be344cbdae878c1dee0957e7bc7c0a2236009c92752030f2b053e72f","EndpointID":"4e3e7f130c8bd6ac697d867bfcf35cfb737432b61ced81a80992380c65e4ad48","Gateway":"172.17.0.1","IPAddress":"172.17.0.3","IPPrefixLen":16,"IPv6Gateway":"","GlobalIPv6Address":"","GlobalIPv6PrefixLen":0,"DriverOpts":null,"DNSNames":null}}}}[\n]"
2024-07-24 14:29:58.653 [Test worker] DEBUG c.g.d.z.s.o.a.hc.client5.http.wire - http-outgoing-3 << "[\r][\n]"
2024-07-24 14:29:58.653 [Test worker] DEBUG c.g.d.z.s.o.a.hc.client5.http.wire - http-outgoing-3 << "0[\r][\n]"
2024-07-24 14:29:58.653 [Test worker] DEBUG c.g.d.z.s.o.a.hc.client5.http.wire - http-outgoing-3 << "[\r][\n]"
2024-07-24 14:29:58.653 [Test worker] DEBUG c.g.d.z.s.o.a.h.c.h.i.c.InternalHttpClient - ep-0000001A: releasing valid endpoint
2024-07-24 14:29:58.653 [Test worker] DEBUG c.g.d.z.s.o.a.h.c.h.i.i.PoolingHttpClientConnectionManager - ep-0000001A: releasing endpoint
2024-07-24 14:29:58.653 [Test worker] DEBUG c.g.d.z.s.o.a.h.c.h.i.i.PoolingHttpClientConnectionManager - ep-0000001A: connection http-outgoing-3 can be kept alive for 3 MINUTES
2024-07-24 14:29:58.653 [Test worker] DEBUG c.g.d.z.s.o.a.h.c.h.i.i.PoolingHttpClientConnectionManager - ep-0000001A: connection released [route: {}->npipe://localhost:2375][total available: 1; route allocated: 1 of 2147483647; total allocated: 1 of 2147483647]
2024-07-24 14:29:58.653 [Test worker] DEBUG tc.postgres:latest - Trying to create JDBC connection using org.postgresql.Driver to jdbc:postgresql://localhost:51497/db?loggerLevel=OFF with properties: {password=password, user=user}
2024-07-24 14:29:58.676 [Test worker] DEBUG o.t.jdbc.JdbcDatabaseDelegate - false returned as updateCount for SQL: drop table if exists WorkedOn
2024-07-24 14:29:58.677 [Test worker] DEBUG o.t.jdbc.JdbcDatabaseDelegate - false returned as updateCount for SQL: drop table if exists SequenceLine
2024-07-24 14:29:58.678 [Test worker] DEBUG o.t.jdbc.JdbcDatabaseDelegate - false returned as updateCount for SQL: drop table if exists WorkOrder
2024-07-24 14:29:58.679 [Test worker] DEBUG o.t.jdbc.JdbcDatabaseDelegate - false returned as updateCount for SQL: drop table if exists SequenceHeader
2024-07-24 14:29:58.680 [Test worker] DEBUG o.t.jdbc.JdbcDatabaseDelegate - false returned as updateCount for SQL: drop table if exists SaleOrderLine
2024-07-24 14:29:58.681 [Test worker] DEBUG o.t.jdbc.JdbcDatabaseDelegate - false returned as updateCount for SQL: drop table if exists SaleOrderHeader
2024-07-24 14:29:58.681 [Test worker] DEBUG o.t.jdbc.JdbcDatabaseDelegate - false returned as updateCount for SQL: drop table if exists Staff
2024-07-24 14:29:58.682 [Test worker] DEBUG o.t.jdbc.JdbcDatabaseDelegate - false returned as updateCount for SQL: drop table if exists WorkStation
2024-07-24 14:29:58.683 [Test worker] DEBUG o.t.jdbc.JdbcDatabaseDelegate - false returned as updateCount for SQL: drop table if exists Part
2024-07-24 14:29:58.684 [Test worker] DEBUG o.t.jdbc.JdbcDatabaseDelegate - false returned as updateCount for SQL: drop table if exists Customer
2024-07-24 14:29:58.687 [Test worker] DEBUG o.t.jdbc.JdbcDatabaseDelegate - false returned as updateCount for SQL: create table Customer ( customerId VarChar(8) PRIMARY Key, name VarChar(100) not null, address VarChar(500) not null )
2024-07-24 14:29:58.688 [Test worker] DEBUG o.t.jdbc.JdbcDatabaseDelegate - false returned as updateCount for SQL: create table Part ( partId VarChar(6) PRIMARY KEY, inventory Int not null, name VarChar(100) not null )
2024-07-24 14:29:58.689 [Test worker] DEBUG o.t.jdbc.JdbcDatabaseDelegate - false returned as updateCount for SQL: create table WorkStation ( name VarChar(50) PRIMARY KEY )
2024-07-24 14:29:58.691 [Test worker] DEBUG o.t.jdbc.JdbcDatabaseDelegate - false returned as updateCount for SQL: create table Staff ( staffID VarChar(6) PRIMARY KEY, name VarChar(100) not null )
2024-07-24 14:29:58.692 [Test worker] DEBUG o.t.jdbc.JdbcDatabaseDelegate - false returned as updateCount for SQL: create table SaleOrderHeader ( soHeaderId VarChar(6) PRIMARY key , customerId VarChar(8) not null references Customer (customerId) )
2024-07-24 14:29:58.694 [Test worker] DEBUG o.t.jdbc.JdbcDatabaseDelegate - false returned as updateCount for SQL: create table SaleOrderLine ( soLineId VarChar(6), soHeaderId VarChar(6) references SaleOrderHeader (soHeaderID), dateDue Date not null, partID VarChar(6) not null references Part(partId), PRIMARY KEY (soLineId,soHeaderId) )
2024-07-24 14:29:58.696 [Test worker] DEBUG o.t.jdbc.JdbcDatabaseDelegate - false returned as updateCount for SQL: create table SequenceHeader ( seqHeaderId VarChar(6) PRIMARY KEY, partId VarChar(6) not null references Part(partId) )
2024-07-24 14:29:58.698 [Test worker] DEBUG o.t.jdbc.JdbcDatabaseDelegate - false returned as updateCount for SQL: create table WorkOrder ( workOrderId VarChar(8) PRIMARY KEY, seqHeaderId VarChar(6) not null REFERENCES SequenceHeader (seqHeaderId), soLineId VarChar(6) not null, soHeaderId VarChar(6) not null, quanity Int not null, FOREIGN KEY (soLineId,soHeaderId) REFERENCES SaleOrderLine (soLineId,soHeaderId) )
2024-07-24 14:29:58.700 [Test worker] DEBUG o.t.jdbc.JdbcDatabaseDelegate - false returned as updateCount for SQL: create table SequenceLine ( seqLineId VarChar(10), seqHeaderId VarChar(6) references SequenceHeader (seqHeaderId), workStation VarChar(50) not null references WorkStation(name), PRIMARY KEY(seqLineId,seqHeaderId) )
2024-07-24 14:29:58.702 [Test worker] DEBUG o.t.jdbc.JdbcDatabaseDelegate - false returned as updateCount for SQL: create table WorkedOn ( staffId VarChar(8) references Staff (staffId), seqHeaderId VarChar(6), seqLineId VarChar(10), workOrderId VarChar(50) references WorkOrder(workOrderId), PRIMARY key (staffId,seqHeaderId,seqLineId,workOrderId), FOREIGN KEY (seqHeaderId,seqLineId) REFERENCES SequenceLine (seqHeaderId,seqLineId) )
2024-07-24 14:29:58.702 [Test worker] INFO  org.testcontainers.ext.ScriptUtils - Executed database script from sql/init.sql in 60 ms.
2024-07-24 14:29:58.721 [Test worker] DEBUG o.t.s.c.g.d.c.command.AbstrDockerCmd - Cmd: c6972eea05b9baadfd9239a59ef7a862ed3271849c10af4da6d05285ecb29326,false
2024-07-24 14:29:58.721 [Test worker] DEBUG o.t.s.c.g.d.c.e.InspectContainerCmdExec - GET: DefaultWebTarget{path=[/containers/c6972eea05b9baadfd9239a59ef7a862ed3271849c10af4da6d05285ecb29326/json], queryParams={}}
2024-07-24 14:29:58.722 [Test worker] DEBUG c.g.d.z.s.o.a.h.c.h.i.c.InternalHttpClient - ex-0000001C: preparing request execution
2024-07-24 14:29:58.722 [Test worker] DEBUG c.g.d.z.s.o.a.h.c.h.p.RequestAddCookies - Cookie spec selected: strict
2024-07-24 14:29:58.722 [Test worker] DEBUG c.g.d.z.s.o.a.h.c.h.p.RequestAuthCache - Auth cache not set in the context
2024-07-24 14:29:58.722 [Test worker] DEBUG c.g.d.z.s.o.a.h.c.h.i.c.ProtocolExec - ex-0000001C: target auth state: UNCHALLENGED
2024-07-24 14:29:58.722 [Test worker] DEBUG c.g.d.z.s.o.a.h.c.h.i.c.ProtocolExec - ex-0000001C: proxy auth state: UNCHALLENGED
2024-07-24 14:29:58.722 [Test worker] DEBUG c.g.d.z.s.o.a.h.c.h.i.c.ConnectExec - ex-0000001C: acquiring connection with route {}->npipe://localhost:2375
2024-07-24 14:29:58.722 [Test worker] DEBUG c.g.d.z.s.o.a.h.c.h.i.c.InternalHttpClient - ex-0000001C: acquiring endpoint (3 MINUTES)
2024-07-24 14:29:58.722 [Test worker] DEBUG c.g.d.z.s.o.a.h.c.h.i.i.PoolingHttpClientConnectionManager - ex-0000001C: endpoint lease request (3 MINUTES) [route: {}->npipe://localhost:2375][total available: 1; route allocated: 1 of 2147483647; total allocated: 1 of 2147483647]
2024-07-24 14:29:58.722 [Test worker] DEBUG c.g.d.z.s.o.a.h.c.h.i.i.PoolingHttpClientConnectionManager - ex-0000001C: endpoint leased [route: {}->npipe://localhost:2375][total available: 0; route allocated: 1 of 2147483647; total allocated: 1 of 2147483647]
2024-07-24 14:29:58.722 [Test worker] DEBUG c.g.d.z.s.o.a.h.c.h.i.i.PoolingHttpClientConnectionManager - ex-0000001C: acquired ep-0000001B
2024-07-24 14:29:58.722 [Test worker] DEBUG c.g.d.z.s.o.a.h.c.h.i.c.InternalHttpClient - ex-0000001C: acquired endpoint ep-0000001B
2024-07-24 14:29:58.722 [Test worker] DEBUG c.g.d.z.s.o.a.h.c.h.i.c.MainClientExec - ex-0000001C: executing GET /v1.32/containers/c6972eea05b9baadfd9239a59ef7a862ed3271849c10af4da6d05285ecb29326/json HTTP/1.1
2024-07-24 14:29:58.722 [Test worker] DEBUG c.g.d.z.s.o.a.h.c.h.i.c.InternalHttpClient - ep-0000001B: start execution ex-0000001C
2024-07-24 14:29:58.722 [Test worker] DEBUG c.g.d.z.s.o.a.h.c.h.i.i.PoolingHttpClientConnectionManager - ep-0000001B: executing exchange ex-0000001C over http-outgoing-3
2024-07-24 14:29:58.722 [Test worker] DEBUG c.g.d.z.s.o.a.h.client5.http.headers - http-outgoing-3 >> GET /v1.32/containers/c6972eea05b9baadfd9239a59ef7a862ed3271849c10af4da6d05285ecb29326/json HTTP/1.1
2024-07-24 14:29:58.722 [Test worker] DEBUG c.g.d.z.s.o.a.h.client5.http.headers - http-outgoing-3 >> accept: application/json
2024-07-24 14:29:58.722 [Test worker] DEBUG c.g.d.z.s.o.a.h.client5.http.headers - http-outgoing-3 >> x-tc-sid: 280e6229-7396-4d60-b1e3-a5de48b5d49b
2024-07-24 14:29:58.722 [Test worker] DEBUG c.g.d.z.s.o.a.h.client5.http.headers - http-outgoing-3 >> User-Agent: tc-java/1.19.8
2024-07-24 14:29:58.722 [Test worker] DEBUG c.g.d.z.s.o.a.h.client5.http.headers - http-outgoing-3 >> Accept-Encoding: gzip, x-gzip, deflate
2024-07-24 14:29:58.722 [Test worker] DEBUG c.g.d.z.s.o.a.h.client5.http.headers - http-outgoing-3 >> Host: localhost:2375
2024-07-24 14:29:58.722 [Test worker] DEBUG c.g.d.z.s.o.a.h.client5.http.headers - http-outgoing-3 >> Connection: keep-alive
2024-07-24 14:29:58.723 [Test worker] DEBUG c.g.d.z.s.o.a.hc.client5.http.wire - http-outgoing-3 >> "GET /v1.32/containers/c6972eea05b9baadfd9239a59ef7a862ed3271849c10af4da6d05285ecb29326/json HTTP/1.1[\r][\n]"
2024-07-24 14:29:58.723 [Test worker] DEBUG c.g.d.z.s.o.a.hc.client5.http.wire - http-outgoing-3 >> "accept: application/json[\r][\n]"
2024-07-24 14:29:58.723 [Test worker] DEBUG c.g.d.z.s.o.a.hc.client5.http.wire - http-outgoing-3 >> "x-tc-sid: 280e6229-7396-4d60-b1e3-a5de48b5d49b[\r][\n]"
2024-07-24 14:29:58.723 [Test worker] DEBUG c.g.d.z.s.o.a.hc.client5.http.wire - http-outgoing-3 >> "User-Agent: tc-java/1.19.8[\r][\n]"
2024-07-24 14:29:58.723 [Test worker] DEBUG c.g.d.z.s.o.a.hc.client5.http.wire - http-outgoing-3 >> "Accept-Encoding: gzip, x-gzip, deflate[\r][\n]"
2024-07-24 14:29:58.723 [Test worker] DEBUG c.g.d.z.s.o.a.hc.client5.http.wire - http-outgoing-3 >> "Host: localhost:2375[\r][\n]"
2024-07-24 14:29:58.723 [Test worker] DEBUG c.g.d.z.s.o.a.hc.client5.http.wire - http-outgoing-3 >> "Connection: keep-alive[\r][\n]"
2024-07-24 14:29:58.723 [Test worker] DEBUG c.g.d.z.s.o.a.hc.client5.http.wire - http-outgoing-3 >> "[\r][\n]"
2024-07-24 14:29:58.727 [Test worker] DEBUG c.g.d.z.s.o.a.hc.client5.http.wire - http-outgoing-3 << "HTTP/1.1 200 OK[\r][\n]"
2024-07-24 14:29:58.727 [Test worker] DEBUG c.g.d.z.s.o.a.hc.client5.http.wire - http-outgoing-3 << "Api-Version: 1.45[\r][\n]"
2024-07-24 14:29:58.727 [Test worker] DEBUG c.g.d.z.s.o.a.hc.client5.http.wire - http-outgoing-3 << "Content-Type: application/json[\r][\n]"
2024-07-24 14:29:58.727 [Test worker] DEBUG c.g.d.z.s.o.a.hc.client5.http.wire - http-outgoing-3 << "Date: Wed, 24 Jul 2024 02:29:58 GMT[\r][\n]"
2024-07-24 14:29:58.727 [Test worker] DEBUG c.g.d.z.s.o.a.hc.client5.http.wire - http-outgoing-3 << "Docker-Experimental: false[\r][\n]"
2024-07-24 14:29:58.727 [Test worker] DEBUG c.g.d.z.s.o.a.hc.client5.http.wire - http-outgoing-3 << "Ostype: linux[\r][\n]"
2024-07-24 14:29:58.727 [Test worker] DEBUG c.g.d.z.s.o.a.hc.client5.http.wire - http-outgoing-3 << "Server: Docker/26.0.0 (linux)[\r][\n]"
2024-07-24 14:29:58.727 [Test worker] DEBUG c.g.d.z.s.o.a.hc.client5.http.wire - http-outgoing-3 << "Transfer-Encoding: chunked[\r][\n]"
2024-07-24 14:29:58.727 [Test worker] DEBUG c.g.d.z.s.o.a.hc.client5.http.wire - http-outgoing-3 << "[\r][\n]"
2024-07-24 14:29:58.728 [Test worker] DEBUG c.g.d.z.s.o.a.h.client5.http.headers - http-outgoing-3 << HTTP/1.1 200 OK
2024-07-24 14:29:58.728 [Test worker] DEBUG c.g.d.z.s.o.a.h.client5.http.headers - http-outgoing-3 << Api-Version: 1.45
2024-07-24 14:29:58.728 [Test worker] DEBUG c.g.d.z.s.o.a.h.client5.http.headers - http-outgoing-3 << Content-Type: application/json
2024-07-24 14:29:58.728 [Test worker] DEBUG c.g.d.z.s.o.a.h.client5.http.headers - http-outgoing-3 << Date: Wed, 24 Jul 2024 02:29:58 GMT
2024-07-24 14:29:58.728 [Test worker] DEBUG c.g.d.z.s.o.a.h.client5.http.headers - http-outgoing-3 << Docker-Experimental: false
2024-07-24 14:29:58.728 [Test worker] DEBUG c.g.d.z.s.o.a.h.client5.http.headers - http-outgoing-3 << Ostype: linux
2024-07-24 14:29:58.728 [Test worker] DEBUG c.g.d.z.s.o.a.h.client5.http.headers - http-outgoing-3 << Server: Docker/26.0.0 (linux)
2024-07-24 14:29:58.728 [Test worker] DEBUG c.g.d.z.s.o.a.h.client5.http.headers - http-outgoing-3 << Transfer-Encoding: chunked
2024-07-24 14:29:58.728 [Test worker] DEBUG c.g.d.z.s.o.a.h.c.h.i.c.MainClientExec - ex-0000001C: connection can be kept alive for 3 MINUTES
2024-07-24 14:29:58.728 [Test worker] DEBUG c.g.d.z.s.o.a.hc.client5.http.wire - http-outgoing-3 << "1a38[\r][\n]"
2024-07-24 14:29:58.728 [Test worker] DEBUG c.g.d.z.s.o.a.hc.client5.http.wire - http-outgoing-3 << "{"Id":"c6972eea05b9baadfd9239a59ef7a862ed3271849c10af4da6d05285ecb29326","Created":"2024-07-24T02:29:56.453562295Z","Path":"docker-entrypoint.sh","Args":["postgres","-c","fsync=off"],"State":{"Status":"running","Running":true,"Paused":false,"Restarting":false,"OOMKilled":false,"Dead":false,"Pid":27967,"ExitCode":0,"Error":"","StartedAt":"2024-07-24T02:29:56.953930415Z","FinishedAt":"0001-01-01T00:00:00Z"},"Image":"sha256:8e4fc9e184899a58735e7ee333f5e272d7d2298cf59302006b71f33e217be130","ResolvConfPath":"/var/lib/docker/containers/c6972eea05b9baadfd9239a59ef7a862ed3271849c10af4da6d05285ecb29326/resolv.conf","HostnamePath":"/var/lib/docker/containers/c6972eea05b9baadfd9239a59ef7a862ed3271849c10af4da6d05285ecb29326/hostname","HostsPath":"/var/lib/docker/containers/c6972eea05b9baadfd9239a59ef7a862ed3271849c10af4da6d05285ecb29326/hosts","LogPath":"/var/lib/docker/containers/c6972eea05b9baadfd9239a59ef7a862ed3271849c10af4da6d05285ecb29326/c6972eea05b9baadfd9239a59ef7a862ed3271849c10af4da6d05285ecb29326-json.log","Name":"/peaceful_hoover","RestartCount":0,"Driver":"overlay2","Platform":"linux","MountLabel":"","ProcessLabel":"","AppArmorProfile":"","ExecIDs":null,"HostConfig":{"Binds":[],"ContainerIDFile":"","LogConfig":{"Type":"json-file","Config":{}},"NetworkMode":"default","PortBindings":{"5432/tcp":[{"HostIp":"0.0.0.0","HostPort":"0"}]},"RestartPolicy":{"Name":"no","MaximumRetryCount":0},"AutoRemove":false,"VolumeDriver":"","VolumesFrom":[],"ConsoleSize":[0,0],"CapAdd":null,"CapDrop":null,"CgroupnsMode":"host","Dns":null,"DnsOptions":null,"DnsSearch":null,"ExtraHosts":[],"GroupAdd":null,"IpcMode":"shareable","Cgroup":"","Links":null,"OomScoreAdj":0,"PidMode":"","Privileged":false,"PublishAllPorts":false,"ReadonlyRootfs":false,"SecurityOpt":null,"UTSMode":"","UsernsMode":"","ShmSize":67108864,"Runtime":"runc","Isolation":"","CpuShares":0,"Memory":0,"NanoCpus":0,"CgroupParent":"","BlkioWeight":0,"BlkioWeightDevice":null,"BlkioDeviceReadBps":null,"BlkioDeviceWriteBps":null,"BlkioDeviceReadIOps":null,"BlkioDeviceWriteIOps":null,"CpuPeriod":0,"CpuQuota":0,"CpuRealtimePeriod":0,"CpuRealtimeRuntime":0,"CpusetCpus":"","CpusetMems":"","Devices":null,"DeviceCgroupRules":null,"DeviceRequests":null,"MemoryReservation":0,"MemorySwap":0,"MemorySwappiness":null,"OomKillDisable":false,"PidsLimit":null,"Ulimits":null,"CpuCount":0,"CpuPercent":0,"IOMaximumIOps":0,"IOMaximumBandwidth":0,"MaskedPaths":["/proc/asound","/proc/acpi","/proc/kcore","/proc/keys","/proc/latency_stats","/proc/timer_list","/proc/timer_stats","/proc/sched_debug","/proc/scsi","/sys/firmware","/sys/devices/virtual/powercap"],"ReadonlyPaths":["/proc/bus","/proc/fs","/proc/irq","/proc/sys","/proc/sysrq-trigger"]},"GraphDriver":{"Data":{"LowerDir":"/var/lib/docker/overlay2/baf5d788a2c2c03114cc01902c946206909674889ec1eb6d93b989481ec3e317-init/diff:/var/lib/docker/overlay2/8f0ddbd386af0785c2e348570516955816ab350305d698d363962d488eeb15ec/diff:/var/lib/docker/overlay2/0eb0ca73e9b0be7c3d7fa8762ef4778a68f38391bc84c037c2e90b88e781b475/diff:/var/lib/docker/overlay2/74e634bddc785c5d436b10a5158cd82e21dc2065fd1cf8ff9c1c12e01575a2d8/diff:/var/lib/docker/overlay2/bb918b2851cd2f508f1e3fdbfff8b7f8b041d61e65fe8c368288bf399e80b818/diff:/var/lib/docker/overlay2/2abab2946cbdc2941ee8ec4024c51dac7313dee9de5fbedd1ca33388c59eb3c8/diff:/var/lib/docker/overlay2/e12f6083ee669bd92743ceb339a896bb25dbe461b718705bb39eb410b80c0ecd/diff:/var/lib/docker/overlay2/ced1e86d670d097da5ed4da7288c22507735918959161c2cd8bf083fb30d169a/diff:/var/lib/docker/overlay2/94e9ac7b74923285ae73af20aeccb964ca9079e2305db367cb85d1603560472d/diff:/var/lib/docker/overlay2/a396b6dfd63f0c228c519871183c614cccf4d366a43460f27ecf97113c3c4be8/diff:/var/lib/docker/overlay2/f58ada5d5080c2bac553c734f81127660a90581a35ed2a92cebe3c59e340875b/diff:/var/lib/docker/overlay2/84f85636f37bf55d945e217b4f87a856eba7932284beaf042561007b66f48977/diff:/var/lib/docker/overlay2/1e6e519613884e91a2b74a588ba35dc8a2f789371ab798ef6e7d9836d756042f/diff:/var/lib/docker/overlay2/14a3151cc8b4f9d27d2e64f1a8abc0c7809309580f2d7e8dc8545055c1d56194/diff:/var/lib/doc"
2024-07-24 14:29:58.730 [Test worker] DEBUG c.g.d.z.s.o.a.hc.client5.http.wire - http-outgoing-3 << "ker/overlay2/5b354b9e793401517fe2f1da697653fdaadffc54888eaf76d67e0600b8c68bdc/diff","MergedDir":"/var/lib/docker/overlay2/baf5d788a2c2c03114cc01902c946206909674889ec1eb6d93b989481ec3e317/merged","UpperDir":"/var/lib/docker/overlay2/baf5d788a2c2c03114cc01902c946206909674889ec1eb6d93b989481ec3e317/diff","WorkDir":"/var/lib/docker/overlay2/baf5d788a2c2c03114cc01902c946206909674889ec1eb6d93b989481ec3e317/work"},"Name":"overlay2"},"Mounts":[{"Type":"volume","Name":"0cc7e2a392583e93b40b557cfff20e296592a8997e9716ff3d7b3dfcddb0f5e9","Source":"/var/lib/docker/volumes/0cc7e2a392583e93b40b557cfff20e296592a8997e9716ff3d7b3dfcddb0f5e9/_data","Destination":"/var/lib/postgresql/data","Driver":"local","Mode":"","RW":true,"Propagation":""}],"Config":{"Hostname":"c6972eea05b9","Domainname":"","User":"","AttachStdin":false,"AttachStdout":false,"AttachStderr":false,"ExposedPorts":{"5432/tcp":{}},"Tty":false,"OpenStdin":false,"StdinOnce":false,"Env":["POSTGRES_USER=user","POSTGRES_PASSWORD=password","POSTGRES_DB=db","PATH=/usr/local/sbin:/usr/local/bin:/usr/sbin:/usr/bin:/sbin:/bin:/usr/lib/postgresql/16/bin","GOSU_VERSION=1.17","LANG=en_US.utf8","PG_MAJOR=16","PG_VERSION=16.2-1.pgdg120+2","PGDATA=/var/lib/postgresql/data"],"Cmd":["postgres","-c","fsync=off"],"Image":"postgres:latest","Volumes":{"/var/lib/postgresql/data":{}},"WorkingDir":"","Entrypoint":["docker-entrypoint.sh"],"OnBuild":null,"Labels":{"org.testcontainers":"true","org.testcontainers.lang":"java","org.testcontainers.sessionId":"280e6229-7396-4d60-b1e3-a5de48b5d49b","org.testcontainers.version":"1.19.8"},"StopSignal":"SIGINT"},"NetworkSettings":{"Bridge":"","SandboxID":"b95ed89c9ae5bca3eb2868d59ca8d44a4bb0212562ec9b36b0b79e7963fe083d","SandboxKey":"/var/run/docker/netns/b95ed89c9ae5","Ports":{"5432/tcp":[{"HostIp":"0.0.0.0","HostPort":"51497"}]},"HairpinMode":false,"LinkLocalIPv6Address":"","LinkLocalIPv6PrefixLen":0,"SecondaryIPAddresses":null,"SecondaryIPv6Addresses":null,"EndpointID":"4e3e7f130c8bd6ac697d867bfcf35cfb737432b61ced81a80992380c65e4ad48","Gateway":"172.17.0.1","GlobalIPv6Address":"","GlobalIPv6PrefixLen":0,"IPAddress":"172.17.0.3","IPPrefixLen":16,"IPv6Gateway":"","MacAddress":"02:42:ac:11:00:03","Networks":{"bridge":{"IPAMConfig":null,"Links":null,"Aliases":null,"MacAddress":"02:42:ac:11:00:03","NetworkID":"3c842496be344cbdae878c1dee0957e7bc7c0a2236009c92752030f2b053e72f","EndpointID":"4e3e7f130c8bd6ac697d867bfcf35cfb737432b61ced81a80992380c65e4ad48","Gateway":"172.17.0.1","IPAddress":"172.17.0.3","IPPrefixLen":16,"IPv6Gateway":"","GlobalIPv6Address":"","GlobalIPv6PrefixLen":0,"DriverOpts":null,"DNSNames":null}}}}[\n]"
2024-07-24 14:29:58.731 [Test worker] DEBUG c.g.d.z.s.o.a.hc.client5.http.wire - http-outgoing-3 << "[\r][\n]"
2024-07-24 14:29:58.731 [Test worker] DEBUG c.g.d.z.s.o.a.hc.client5.http.wire - http-outgoing-3 << "0[\r][\n]"
2024-07-24 14:29:58.731 [Test worker] DEBUG c.g.d.z.s.o.a.hc.client5.http.wire - http-outgoing-3 << "[\r][\n]"
2024-07-24 14:29:58.731 [Test worker] DEBUG c.g.d.z.s.o.a.h.c.h.i.c.InternalHttpClient - ep-0000001B: releasing valid endpoint
2024-07-24 14:29:58.731 [Test worker] DEBUG c.g.d.z.s.o.a.h.c.h.i.i.PoolingHttpClientConnectionManager - ep-0000001B: releasing endpoint
2024-07-24 14:29:58.732 [Test worker] DEBUG c.g.d.z.s.o.a.h.c.h.i.i.PoolingHttpClientConnectionManager - ep-0000001B: connection http-outgoing-3 can be kept alive for 3 MINUTES
2024-07-24 14:29:58.732 [Test worker] DEBUG c.g.d.z.s.o.a.h.c.h.i.i.PoolingHttpClientConnectionManager - ep-0000001B: connection released [route: {}->npipe://localhost:2375][total available: 1; route allocated: 1 of 2147483647; total allocated: 1 of 2147483647]
2024-07-24 14:29:58.732 [Test worker] TRACE o.t.utility.ResourceReaper - Stopping container: c6972eea05b9baadfd9239a59ef7a862ed3271849c10af4da6d05285ecb29326
2024-07-24 14:29:58.732 [Test worker] DEBUG o.t.s.c.g.d.c.command.AbstrDockerCmd - Cmd: c6972eea05b9baadfd9239a59ef7a862ed3271849c10af4da6d05285ecb29326,<null>
2024-07-24 14:29:58.732 [Test worker] TRACE o.t.s.c.g.d.c.e.KillContainerCmdExec - POST: DefaultWebTarget{path=[/containers/c6972eea05b9baadfd9239a59ef7a862ed3271849c10af4da6d05285ecb29326/kill], queryParams={}}
2024-07-24 14:29:58.732 [Test worker] DEBUG c.g.d.z.s.o.a.h.c.h.i.c.InternalHttpClient - ex-0000001D: preparing request execution
2024-07-24 14:29:58.733 [Test worker] DEBUG c.g.d.z.s.o.a.h.c.h.p.RequestAddCookies - Cookie spec selected: strict
2024-07-24 14:29:58.733 [Test worker] DEBUG c.g.d.z.s.o.a.h.c.h.p.RequestAuthCache - Auth cache not set in the context
2024-07-24 14:29:58.733 [Test worker] DEBUG c.g.d.z.s.o.a.h.c.h.i.c.ProtocolExec - ex-0000001D: target auth state: UNCHALLENGED
2024-07-24 14:29:58.733 [Test worker] DEBUG c.g.d.z.s.o.a.h.c.h.i.c.ProtocolExec - ex-0000001D: proxy auth state: UNCHALLENGED
2024-07-24 14:29:58.733 [Test worker] DEBUG c.g.d.z.s.o.a.h.c.h.i.c.ConnectExec - ex-0000001D: acquiring connection with route {}->npipe://localhost:2375
2024-07-24 14:29:58.733 [Test worker] DEBUG c.g.d.z.s.o.a.h.c.h.i.c.InternalHttpClient - ex-0000001D: acquiring endpoint (3 MINUTES)
2024-07-24 14:29:58.733 [Test worker] DEBUG c.g.d.z.s.o.a.h.c.h.i.i.PoolingHttpClientConnectionManager - ex-0000001D: endpoint lease request (3 MINUTES) [route: {}->npipe://localhost:2375][total available: 1; route allocated: 1 of 2147483647; total allocated: 1 of 2147483647]
2024-07-24 14:29:58.733 [Test worker] DEBUG c.g.d.z.s.o.a.h.c.h.i.i.PoolingHttpClientConnectionManager - ex-0000001D: endpoint leased [route: {}->npipe://localhost:2375][total available: 0; route allocated: 1 of 2147483647; total allocated: 1 of 2147483647]
2024-07-24 14:29:58.733 [Test worker] DEBUG c.g.d.z.s.o.a.h.c.h.i.i.PoolingHttpClientConnectionManager - ex-0000001D: acquired ep-0000001C
2024-07-24 14:29:58.733 [Test worker] DEBUG c.g.d.z.s.o.a.h.c.h.i.c.InternalHttpClient - ex-0000001D: acquired endpoint ep-0000001C
2024-07-24 14:29:58.733 [Test worker] DEBUG c.g.d.z.s.o.a.h.c.h.i.c.MainClientExec - ex-0000001D: executing POST /v1.32/containers/c6972eea05b9baadfd9239a59ef7a862ed3271849c10af4da6d05285ecb29326/kill HTTP/1.1
2024-07-24 14:29:58.733 [Test worker] DEBUG c.g.d.z.s.o.a.h.c.h.i.c.InternalHttpClient - ep-0000001C: start execution ex-0000001D
2024-07-24 14:29:58.733 [Test worker] DEBUG c.g.d.z.s.o.a.h.c.h.i.i.PoolingHttpClientConnectionManager - ep-0000001C: executing exchange ex-0000001D over http-outgoing-3
2024-07-24 14:29:58.733 [Test worker] DEBUG c.g.d.z.s.o.a.h.client5.http.headers - http-outgoing-3 >> POST /v1.32/containers/c6972eea05b9baadfd9239a59ef7a862ed3271849c10af4da6d05285ecb29326/kill HTTP/1.1
2024-07-24 14:29:58.733 [Test worker] DEBUG c.g.d.z.s.o.a.h.client5.http.headers - http-outgoing-3 >> accept: application/json
2024-07-24 14:29:58.733 [Test worker] DEBUG c.g.d.z.s.o.a.h.client5.http.headers - http-outgoing-3 >> content-type: application/json
2024-07-24 14:29:58.733 [Test worker] DEBUG c.g.d.z.s.o.a.h.client5.http.headers - http-outgoing-3 >> x-tc-sid: 280e6229-7396-4d60-b1e3-a5de48b5d49b
2024-07-24 14:29:58.733 [Test worker] DEBUG c.g.d.z.s.o.a.h.client5.http.headers - http-outgoing-3 >> User-Agent: tc-java/1.19.8
2024-07-24 14:29:58.733 [Test worker] DEBUG c.g.d.z.s.o.a.h.client5.http.headers - http-outgoing-3 >> Accept-Encoding: gzip, x-gzip, deflate
2024-07-24 14:29:58.733 [Test worker] DEBUG c.g.d.z.s.o.a.h.client5.http.headers - http-outgoing-3 >> Host: localhost:2375
2024-07-24 14:29:58.733 [Test worker] DEBUG c.g.d.z.s.o.a.h.client5.http.headers - http-outgoing-3 >> Connection: keep-alive
2024-07-24 14:29:58.733 [Test worker] DEBUG c.g.d.z.s.o.a.hc.client5.http.wire - http-outgoing-3 >> "POST /v1.32/containers/c6972eea05b9baadfd9239a59ef7a862ed3271849c10af4da6d05285ecb29326/kill HTTP/1.1[\r][\n]"
2024-07-24 14:29:58.733 [Test worker] DEBUG c.g.d.z.s.o.a.hc.client5.http.wire - http-outgoing-3 >> "accept: application/json[\r][\n]"
2024-07-24 14:29:58.733 [Test worker] DEBUG c.g.d.z.s.o.a.hc.client5.http.wire - http-outgoing-3 >> "content-type: application/json[\r][\n]"
2024-07-24 14:29:58.733 [Test worker] DEBUG c.g.d.z.s.o.a.hc.client5.http.wire - http-outgoing-3 >> "x-tc-sid: 280e6229-7396-4d60-b1e3-a5de48b5d49b[\r][\n]"
2024-07-24 14:29:58.733 [Test worker] DEBUG c.g.d.z.s.o.a.hc.client5.http.wire - http-outgoing-3 >> "User-Agent: tc-java/1.19.8[\r][\n]"
2024-07-24 14:29:58.733 [Test worker] DEBUG c.g.d.z.s.o.a.hc.client5.http.wire - http-outgoing-3 >> "Accept-Encoding: gzip, x-gzip, deflate[\r][\n]"
2024-07-24 14:29:58.733 [Test worker] DEBUG c.g.d.z.s.o.a.hc.client5.http.wire - http-outgoing-3 >> "Host: localhost:2375[\r][\n]"
2024-07-24 14:29:58.733 [Test worker] DEBUG c.g.d.z.s.o.a.hc.client5.http.wire - http-outgoing-3 >> "Connection: keep-alive[\r][\n]"
2024-07-24 14:29:58.733 [Test worker] DEBUG c.g.d.z.s.o.a.hc.client5.http.wire - http-outgoing-3 >> "[\r][\n]"
2024-07-24 14:29:59.333 [Test worker] DEBUG c.g.d.z.s.o.a.hc.client5.http.wire - http-outgoing-3 << "HTTP/1.1 204 No Content[\r][\n]"
2024-07-24 14:29:59.333 [Test worker] DEBUG c.g.d.z.s.o.a.hc.client5.http.wire - http-outgoing-3 << "Api-Version: 1.45[\r][\n]"
2024-07-24 14:29:59.333 [Test worker] DEBUG c.g.d.z.s.o.a.hc.client5.http.wire - http-outgoing-3 << "Date: Wed, 24 Jul 2024 02:29:59 GMT[\r][\n]"
2024-07-24 14:29:59.333 [Test worker] DEBUG c.g.d.z.s.o.a.hc.client5.http.wire - http-outgoing-3 << "Docker-Experimental: false[\r][\n]"
2024-07-24 14:29:59.333 [Test worker] DEBUG c.g.d.z.s.o.a.hc.client5.http.wire - http-outgoing-3 << "Ostype: linux[\r][\n]"
2024-07-24 14:29:59.333 [Test worker] DEBUG c.g.d.z.s.o.a.hc.client5.http.wire - http-outgoing-3 << "Server: Docker/26.0.0 (linux)[\r][\n]"
2024-07-24 14:29:59.333 [Test worker] DEBUG c.g.d.z.s.o.a.hc.client5.http.wire - http-outgoing-3 << "[\r][\n]"
2024-07-24 14:29:59.333 [Test worker] DEBUG c.g.d.z.s.o.a.h.client5.http.headers - http-outgoing-3 << HTTP/1.1 204 No Content
2024-07-24 14:29:59.333 [Test worker] DEBUG c.g.d.z.s.o.a.h.client5.http.headers - http-outgoing-3 << Api-Version: 1.45
2024-07-24 14:29:59.333 [Test worker] DEBUG c.g.d.z.s.o.a.h.client5.http.headers - http-outgoing-3 << Date: Wed, 24 Jul 2024 02:29:59 GMT
2024-07-24 14:29:59.333 [Test worker] DEBUG c.g.d.z.s.o.a.h.client5.http.headers - http-outgoing-3 << Docker-Experimental: false
2024-07-24 14:29:59.333 [Test worker] DEBUG c.g.d.z.s.o.a.h.client5.http.headers - http-outgoing-3 << Ostype: linux
2024-07-24 14:29:59.333 [Test worker] DEBUG c.g.d.z.s.o.a.h.client5.http.headers - http-outgoing-3 << Server: Docker/26.0.0 (linux)
2024-07-24 14:29:59.334 [Test worker] DEBUG c.g.d.z.s.o.a.h.c.h.i.c.MainClientExec - ex-0000001D: connection can be kept alive for 3 MINUTES
2024-07-24 14:29:59.334 [Test worker] DEBUG c.g.d.z.s.o.a.h.c.h.i.c.InternalHttpClient - ep-0000001C: releasing valid endpoint
2024-07-24 14:29:59.334 [Test worker] DEBUG c.g.d.z.s.o.a.h.c.h.i.i.PoolingHttpClientConnectionManager - ep-0000001C: releasing endpoint
2024-07-24 14:29:59.334 [Test worker] DEBUG c.g.d.z.s.o.a.h.c.h.i.i.PoolingHttpClientConnectionManager - ep-0000001C: connection http-outgoing-3 can be kept alive for 3 MINUTES
2024-07-24 14:29:59.334 [Test worker] DEBUG c.g.d.z.s.o.a.h.c.h.i.i.PoolingHttpClientConnectionManager - ep-0000001C: connection released [route: {}->npipe://localhost:2375][total available: 1; route allocated: 1 of 2147483647; total allocated: 1 of 2147483647]
2024-07-24 14:29:59.334 [Test worker] TRACE o.t.utility.ResourceReaper - Stopped container: postgres:latest
2024-07-24 14:29:59.334 [Test worker] DEBUG o.t.s.c.g.d.c.command.AbstrDockerCmd - Cmd: c6972eea05b9baadfd9239a59ef7a862ed3271849c10af4da6d05285ecb29326,false
2024-07-24 14:29:59.335 [Test worker] DEBUG o.t.s.c.g.d.c.e.InspectContainerCmdExec - GET: DefaultWebTarget{path=[/containers/c6972eea05b9baadfd9239a59ef7a862ed3271849c10af4da6d05285ecb29326/json], queryParams={}}
2024-07-24 14:29:59.335 [Test worker] DEBUG c.g.d.z.s.o.a.h.c.h.i.c.InternalHttpClient - ex-0000001E: preparing request execution
2024-07-24 14:29:59.335 [Test worker] DEBUG c.g.d.z.s.o.a.h.c.h.p.RequestAddCookies - Cookie spec selected: strict
2024-07-24 14:29:59.335 [Test worker] DEBUG c.g.d.z.s.o.a.h.c.h.p.RequestAuthCache - Auth cache not set in the context
2024-07-24 14:29:59.335 [Test worker] DEBUG c.g.d.z.s.o.a.h.c.h.i.c.ProtocolExec - ex-0000001E: target auth state: UNCHALLENGED
2024-07-24 14:29:59.335 [Test worker] DEBUG c.g.d.z.s.o.a.h.c.h.i.c.ProtocolExec - ex-0000001E: proxy auth state: UNCHALLENGED
2024-07-24 14:29:59.335 [Test worker] DEBUG c.g.d.z.s.o.a.h.c.h.i.c.ConnectExec - ex-0000001E: acquiring connection with route {}->npipe://localhost:2375
2024-07-24 14:29:59.335 [Test worker] DEBUG c.g.d.z.s.o.a.h.c.h.i.c.InternalHttpClient - ex-0000001E: acquiring endpoint (3 MINUTES)
2024-07-24 14:29:59.335 [Test worker] DEBUG c.g.d.z.s.o.a.h.c.h.i.i.PoolingHttpClientConnectionManager - ex-0000001E: endpoint lease request (3 MINUTES) [route: {}->npipe://localhost:2375][total available: 1; route allocated: 1 of 2147483647; total allocated: 1 of 2147483647]
2024-07-24 14:29:59.336 [Test worker] DEBUG c.g.d.z.s.o.a.h.c.h.i.i.PoolingHttpClientConnectionManager - ex-0000001E: endpoint leased [route: {}->npipe://localhost:2375][total available: 0; route allocated: 1 of 2147483647; total allocated: 1 of 2147483647]
2024-07-24 14:29:59.336 [Test worker] DEBUG c.g.d.z.s.o.a.h.c.h.i.i.PoolingHttpClientConnectionManager - ex-0000001E: acquired ep-0000001D
2024-07-24 14:29:59.336 [Test worker] DEBUG c.g.d.z.s.o.a.h.c.h.i.c.InternalHttpClient - ex-0000001E: acquired endpoint ep-0000001D
2024-07-24 14:29:59.336 [Test worker] DEBUG c.g.d.z.s.o.a.h.c.h.i.c.MainClientExec - ex-0000001E: executing GET /v1.32/containers/c6972eea05b9baadfd9239a59ef7a862ed3271849c10af4da6d05285ecb29326/json HTTP/1.1
2024-07-24 14:29:59.336 [Test worker] DEBUG c.g.d.z.s.o.a.h.c.h.i.c.InternalHttpClient - ep-0000001D: start execution ex-0000001E
2024-07-24 14:29:59.336 [Test worker] DEBUG c.g.d.z.s.o.a.h.c.h.i.i.PoolingHttpClientConnectionManager - ep-0000001D: executing exchange ex-0000001E over http-outgoing-3
2024-07-24 14:29:59.336 [Test worker] DEBUG c.g.d.z.s.o.a.h.client5.http.headers - http-outgoing-3 >> GET /v1.32/containers/c6972eea05b9baadfd9239a59ef7a862ed3271849c10af4da6d05285ecb29326/json HTTP/1.1
2024-07-24 14:29:59.336 [Test worker] DEBUG c.g.d.z.s.o.a.h.client5.http.headers - http-outgoing-3 >> accept: application/json
2024-07-24 14:29:59.336 [Test worker] DEBUG c.g.d.z.s.o.a.h.client5.http.headers - http-outgoing-3 >> x-tc-sid: 280e6229-7396-4d60-b1e3-a5de48b5d49b
2024-07-24 14:29:59.336 [Test worker] DEBUG c.g.d.z.s.o.a.h.client5.http.headers - http-outgoing-3 >> User-Agent: tc-java/1.19.8
2024-07-24 14:29:59.336 [Test worker] DEBUG c.g.d.z.s.o.a.h.client5.http.headers - http-outgoing-3 >> Accept-Encoding: gzip, x-gzip, deflate
2024-07-24 14:29:59.336 [Test worker] DEBUG c.g.d.z.s.o.a.h.client5.http.headers - http-outgoing-3 >> Host: localhost:2375
2024-07-24 14:29:59.336 [Test worker] DEBUG c.g.d.z.s.o.a.h.client5.http.headers - http-outgoing-3 >> Connection: keep-alive
2024-07-24 14:29:59.336 [Test worker] DEBUG c.g.d.z.s.o.a.hc.client5.http.wire - http-outgoing-3 >> "GET /v1.32/containers/c6972eea05b9baadfd9239a59ef7a862ed3271849c10af4da6d05285ecb29326/json HTTP/1.1[\r][\n]"
2024-07-24 14:29:59.336 [Test worker] DEBUG c.g.d.z.s.o.a.hc.client5.http.wire - http-outgoing-3 >> "accept: application/json[\r][\n]"
2024-07-24 14:29:59.336 [Test worker] DEBUG c.g.d.z.s.o.a.hc.client5.http.wire - http-outgoing-3 >> "x-tc-sid: 280e6229-7396-4d60-b1e3-a5de48b5d49b[\r][\n]"
2024-07-24 14:29:59.336 [Test worker] DEBUG c.g.d.z.s.o.a.hc.client5.http.wire - http-outgoing-3 >> "User-Agent: tc-java/1.19.8[\r][\n]"
2024-07-24 14:29:59.336 [Test worker] DEBUG c.g.d.z.s.o.a.hc.client5.http.wire - http-outgoing-3 >> "Accept-Encoding: gzip, x-gzip, deflate[\r][\n]"
2024-07-24 14:29:59.336 [Test worker] DEBUG c.g.d.z.s.o.a.hc.client5.http.wire - http-outgoing-3 >> "Host: localhost:2375[\r][\n]"
2024-07-24 14:29:59.336 [Test worker] DEBUG c.g.d.z.s.o.a.hc.client5.http.wire - http-outgoing-3 >> "Connection: keep-alive[\r][\n]"
2024-07-24 14:29:59.336 [Test worker] DEBUG c.g.d.z.s.o.a.hc.client5.http.wire - http-outgoing-3 >> "[\r][\n]"
2024-07-24 14:29:59.348 [Test worker] DEBUG c.g.d.z.s.o.a.hc.client5.http.wire - http-outgoing-3 << "HTTP/1.1 200 OK[\r][\n]"
2024-07-24 14:29:59.348 [Test worker] DEBUG c.g.d.z.s.o.a.hc.client5.http.wire - http-outgoing-3 << "Api-Version: 1.45[\r][\n]"
2024-07-24 14:29:59.348 [Test worker] DEBUG c.g.d.z.s.o.a.hc.client5.http.wire - http-outgoing-3 << "Content-Type: application/json[\r][\n]"
2024-07-24 14:29:59.348 [Test worker] DEBUG c.g.d.z.s.o.a.hc.client5.http.wire - http-outgoing-3 << "Date: Wed, 24 Jul 2024 02:29:59 GMT[\r][\n]"
2024-07-24 14:29:59.348 [Test worker] DEBUG c.g.d.z.s.o.a.hc.client5.http.wire - http-outgoing-3 << "Docker-Experimental: false[\r][\n]"
2024-07-24 14:29:59.348 [Test worker] DEBUG c.g.d.z.s.o.a.hc.client5.http.wire - http-outgoing-3 << "Ostype: linux[\r][\n]"
2024-07-24 14:29:59.349 [Test worker] DEBUG c.g.d.z.s.o.a.hc.client5.http.wire - http-outgoing-3 << "Server: Docker/26.0.0 (linux)[\r][\n]"
2024-07-24 14:29:59.349 [Test worker] DEBUG c.g.d.z.s.o.a.hc.client5.http.wire - http-outgoing-3 << "Transfer-Encoding: chunked[\r][\n]"
2024-07-24 14:29:59.349 [Test worker] DEBUG c.g.d.z.s.o.a.hc.client5.http.wire - http-outgoing-3 << "[\r][\n]"
2024-07-24 14:29:59.349 [Test worker] DEBUG c.g.d.z.s.o.a.h.client5.http.headers - http-outgoing-3 << HTTP/1.1 200 OK
2024-07-24 14:29:59.349 [Test worker] DEBUG c.g.d.z.s.o.a.h.client5.http.headers - http-outgoing-3 << Api-Version: 1.45
2024-07-24 14:29:59.349 [Test worker] DEBUG c.g.d.z.s.o.a.h.client5.http.headers - http-outgoing-3 << Content-Type: application/json
2024-07-24 14:29:59.349 [Test worker] DEBUG c.g.d.z.s.o.a.h.client5.http.headers - http-outgoing-3 << Date: Wed, 24 Jul 2024 02:29:59 GMT
2024-07-24 14:29:59.349 [Test worker] DEBUG c.g.d.z.s.o.a.h.client5.http.headers - http-outgoing-3 << Docker-Experimental: false
2024-07-24 14:29:59.349 [Test worker] DEBUG c.g.d.z.s.o.a.h.client5.http.headers - http-outgoing-3 << Ostype: linux
2024-07-24 14:29:59.349 [Test worker] DEBUG c.g.d.z.s.o.a.h.client5.http.headers - http-outgoing-3 << Server: Docker/26.0.0 (linux)
2024-07-24 14:29:59.349 [Test worker] DEBUG c.g.d.z.s.o.a.h.client5.http.headers - http-outgoing-3 << Transfer-Encoding: chunked
2024-07-24 14:29:59.349 [Test worker] DEBUG c.g.d.z.s.o.a.h.c.h.i.c.MainClientExec - ex-0000001E: connection can be kept alive for 3 MINUTES
2024-07-24 14:29:59.350 [Test worker] DEBUG c.g.d.z.s.o.a.hc.client5.http.wire - http-outgoing-3 << "1940[\r][\n]"
2024-07-24 14:29:59.350 [Test worker] DEBUG c.g.d.z.s.o.a.hc.client5.http.wire - http-outgoing-3 << "{"Id":"c6972eea05b9baadfd9239a59ef7a862ed3271849c10af4da6d05285ecb29326","Created":"2024-07-24T02:29:56.453562295Z","Path":"docker-entrypoint.sh","Args":["postgres","-c","fsync=off"],"State":{"Status":"exited","Running":false,"Paused":false,"Restarting":false,"OOMKilled":false,"Dead":false,"Pid":0,"ExitCode":137,"Error":"","StartedAt":"2024-07-24T02:29:56.953930415Z","FinishedAt":"2024-07-24T02:29:58.773177771Z"},"Image":"sha256:8e4fc9e184899a58735e7ee333f5e272d7d2298cf59302006b71f33e217be130","ResolvConfPath":"/var/lib/docker/containers/c6972eea05b9baadfd9239a59ef7a862ed3271849c10af4da6d05285ecb29326/resolv.conf","HostnamePath":"/var/lib/docker/containers/c6972eea05b9baadfd9239a59ef7a862ed3271849c10af4da6d05285ecb29326/hostname","HostsPath":"/var/lib/docker/containers/c6972eea05b9baadfd9239a59ef7a862ed3271849c10af4da6d05285ecb29326/hosts","LogPath":"/var/lib/docker/containers/c6972eea05b9baadfd9239a59ef7a862ed3271849c10af4da6d05285ecb29326/c6972eea05b9baadfd9239a59ef7a862ed3271849c10af4da6d05285ecb29326-json.log","Name":"/peaceful_hoover","RestartCount":0,"Driver":"overlay2","Platform":"linux","MountLabel":"","ProcessLabel":"","AppArmorProfile":"","ExecIDs":null,"HostConfig":{"Binds":[],"ContainerIDFile":"","LogConfig":{"Type":"json-file","Config":{}},"NetworkMode":"default","PortBindings":{"5432/tcp":[{"HostIp":"0.0.0.0","HostPort":"0"}]},"RestartPolicy":{"Name":"no","MaximumRetryCount":0},"AutoRemove":false,"VolumeDriver":"","VolumesFrom":[],"ConsoleSize":[0,0],"CapAdd":null,"CapDrop":null,"CgroupnsMode":"host","Dns":null,"DnsOptions":null,"DnsSearch":null,"ExtraHosts":[],"GroupAdd":null,"IpcMode":"shareable","Cgroup":"","Links":null,"OomScoreAdj":0,"PidMode":"","Privileged":false,"PublishAllPorts":false,"ReadonlyRootfs":false,"SecurityOpt":null,"UTSMode":"","UsernsMode":"","ShmSize":67108864,"Runtime":"runc","Isolation":"","CpuShares":0,"Memory":0,"NanoCpus":0,"CgroupParent":"","BlkioWeight":0,"BlkioWeightDevice":null,"BlkioDeviceReadBps":null,"BlkioDeviceWriteBps":null,"BlkioDeviceReadIOps":null,"BlkioDeviceWriteIOps":null,"CpuPeriod":0,"CpuQuota":0,"CpuRealtimePeriod":0,"CpuRealtimeRuntime":0,"CpusetCpus":"","CpusetMems":"","Devices":null,"DeviceCgroupRules":null,"DeviceRequests":null,"MemoryReservation":0,"MemorySwap":0,"MemorySwappiness":null,"OomKillDisable":false,"PidsLimit":null,"Ulimits":null,"CpuCount":0,"CpuPercent":0,"IOMaximumIOps":0,"IOMaximumBandwidth":0,"MaskedPaths":["/proc/asound","/proc/acpi","/proc/kcore","/proc/keys","/proc/latency_stats","/proc/timer_list","/proc/timer_stats","/proc/sched_debug","/proc/scsi","/sys/firmware","/sys/devices/virtual/powercap"],"ReadonlyPaths":["/proc/bus","/proc/fs","/proc/irq","/proc/sys","/proc/sysrq-trigger"]},"GraphDriver":{"Data":{"LowerDir":"/var/lib/docker/overlay2/baf5d788a2c2c03114cc01902c946206909674889ec1eb6d93b989481ec3e317-init/diff:/var/lib/docker/overlay2/8f0ddbd386af0785c2e348570516955816ab350305d698d363962d488eeb15ec/diff:/var/lib/docker/overlay2/0eb0ca73e9b0be7c3d7fa8762ef4778a68f38391bc84c037c2e90b88e781b475/diff:/var/lib/docker/overlay2/74e634bddc785c5d436b10a5158cd82e21dc2065fd1cf8ff9c1c12e01575a2d8/diff:/var/lib/docker/overlay2/bb918b2851cd2f508f1e3fdbfff8b7f8b041d61e65fe8c368288bf399e80b818/diff:/var/lib/docker/overlay2/2abab2946cbdc2941ee8ec4024c51dac7313dee9de5fbedd1ca33388c59eb3c8/diff:/var/lib/docker/overlay2/e12f6083ee669bd92743ceb339a896bb25dbe461b718705bb39eb410b80c0ecd/diff:/var/lib/docker/overlay2/ced1e86d670d097da5ed4da7288c22507735918959161c2cd8bf083fb30d169a/diff:/var/lib/docker/overlay2/94e9ac7b74923285ae73af20aeccb964ca9079e2305db367cb85d1603560472d/diff:/var/lib/docker/overlay2/a396b6dfd63f0c228c519871183c614cccf4d366a43460f27ecf97113c3c4be8/diff:/var/lib/docker/overlay2/f58ada5d5080c2bac553c734f81127660a90581a35ed2a92cebe3c59e340875b/diff:/var/lib/docker/overlay2/84f85636f37bf55d945e217b4f87a856eba7932284beaf042561007b66f48977/diff:/var/lib/docker/overlay2/1e6e519613884e91a2b74a588ba35dc8a2f789371ab798ef6e7d9836d756042f/diff:/var/lib/docker/overlay2/14a3151cc8b4f9d27d2e64f1a8abc0c7809309580f2d7e8dc8545055c1d56194/diff:/var"
2024-07-24 14:29:59.350 [Test worker] DEBUG c.g.d.z.s.o.a.hc.client5.http.wire - http-outgoing-3 << "/lib/docker/overlay2/5b354b9e793401517fe2f1da697653fdaadffc54888eaf76d67e0600b8c68bdc/diff","MergedDir":"/var/lib/docker/overlay2/baf5d788a2c2c03114cc01902c946206909674889ec1eb6d93b989481ec3e317/merged","UpperDir":"/var/lib/docker/overlay2/baf5d788a2c2c03114cc01902c946206909674889ec1eb6d93b989481ec3e317/diff","WorkDir":"/var/lib/docker/overlay2/baf5d788a2c2c03114cc01902c946206909674889ec1eb6d93b989481ec3e317/work"},"Name":"overlay2"},"Mounts":[{"Type":"volume","Name":"0cc7e2a392583e93b40b557cfff20e296592a8997e9716ff3d7b3dfcddb0f5e9","Source":"/var/lib/docker/volumes/0cc7e2a392583e93b40b557cfff20e296592a8997e9716ff3d7b3dfcddb0f5e9/_data","Destination":"/var/lib/postgresql/data","Driver":"local","Mode":"","RW":true,"Propagation":""}],"Config":{"Hostname":"c6972eea05b9","Domainname":"","User":"","AttachStdin":false,"AttachStdout":false,"AttachStderr":false,"ExposedPorts":{"5432/tcp":{}},"Tty":false,"OpenStdin":false,"StdinOnce":false,"Env":["POSTGRES_USER=user","POSTGRES_PASSWORD=password","POSTGRES_DB=db","PATH=/usr/local/sbin:/usr/local/bin:/usr/sbin:/usr/bin:/sbin:/bin:/usr/lib/postgresql/16/bin","GOSU_VERSION=1.17","LANG=en_US.utf8","PG_MAJOR=16","PG_VERSION=16.2-1.pgdg120+2","PGDATA=/var/lib/postgresql/data"],"Cmd":["postgres","-c","fsync=off"],"Image":"postgres:latest","Volumes":{"/var/lib/postgresql/data":{}},"WorkingDir":"","Entrypoint":["docker-entrypoint.sh"],"OnBuild":null,"Labels":{"org.testcontainers":"true","org.testcontainers.lang":"java","org.testcontainers.sessionId":"280e6229-7396-4d60-b1e3-a5de48b5d49b","org.testcontainers.version":"1.19.8"},"StopSignal":"SIGINT"},"NetworkSettings":{"Bridge":"","SandboxID":"b95ed89c9ae5bca3eb2868d59ca8d44a4bb0212562ec9b36b0b79e7963fe083d","SandboxKey":"/var/run/docker/netns/b95ed89c9ae5","Ports":{},"HairpinMode":false,"LinkLocalIPv6Address":"","LinkLocalIPv6PrefixLen":0,"SecondaryIPAddresses":null,"SecondaryIPv6Addresses":null,"EndpointID":"","Gateway":"","GlobalIPv6Address":"","GlobalIPv6PrefixLen":0,"IPAddress":"","IPPrefixLen":0,"IPv6Gateway":"","MacAddress":"","Networks":{"bridge":{"IPAMConfig":null,"Links":null,"Aliases":null,"MacAddress":"","NetworkID":"3c842496be344cbdae878c1dee0957e7bc7c0a2236009c92752030f2b053e72f","EndpointID":"","Gateway":"","IPAddress":"","IPPrefixLen":0,"IPv6Gateway":"","GlobalIPv6Address":"","GlobalIPv6PrefixLen":0,"DriverOpts":null,"DNSNames":null}}}}[\n]"
2024-07-24 14:29:59.352 [Test worker] DEBUG c.g.d.z.s.o.a.hc.client5.http.wire - http-outgoing-3 << "[\r][\n]"
2024-07-24 14:29:59.352 [Test worker] DEBUG c.g.d.z.s.o.a.hc.client5.http.wire - http-outgoing-3 << "0[\r][\n]"
2024-07-24 14:29:59.352 [Test worker] DEBUG c.g.d.z.s.o.a.hc.client5.http.wire - http-outgoing-3 << "[\r][\n]"
2024-07-24 14:29:59.352 [Test worker] DEBUG c.g.d.z.s.o.a.h.c.h.i.c.InternalHttpClient - ep-0000001D: releasing valid endpoint
2024-07-24 14:29:59.352 [Test worker] DEBUG c.g.d.z.s.o.a.h.c.h.i.i.PoolingHttpClientConnectionManager - ep-0000001D: releasing endpoint
2024-07-24 14:29:59.352 [Test worker] DEBUG c.g.d.z.s.o.a.h.c.h.i.i.PoolingHttpClientConnectionManager - ep-0000001D: connection http-outgoing-3 can be kept alive for 3 MINUTES
2024-07-24 14:29:59.352 [Test worker] DEBUG c.g.d.z.s.o.a.h.c.h.i.i.PoolingHttpClientConnectionManager - ep-0000001D: connection released [route: {}->npipe://localhost:2375][total available: 1; route allocated: 1 of 2147483647; total allocated: 1 of 2147483647]
2024-07-24 14:29:59.352 [Test worker] TRACE o.t.utility.ResourceReaper - Removing container: c6972eea05b9baadfd9239a59ef7a862ed3271849c10af4da6d05285ecb29326
2024-07-24 14:29:59.352 [Test worker] DEBUG o.t.s.c.g.d.c.command.AbstrDockerCmd - Cmd: c6972eea05b9baadfd9239a59ef7a862ed3271849c10af4da6d05285ecb29326,true,true
2024-07-24 14:29:59.353 [Test worker] TRACE o.t.s.c.g.d.c.e.RemoveContainerCmdExec - DELETE: DefaultWebTarget{path=[/containers/c6972eea05b9baadfd9239a59ef7a862ed3271849c10af4da6d05285ecb29326], queryParams={v=[true], force=[true]}}
2024-07-24 14:29:59.353 [Test worker] DEBUG c.g.d.z.s.o.a.h.c.h.i.c.InternalHttpClient - ex-0000001F: preparing request execution
2024-07-24 14:29:59.353 [Test worker] DEBUG c.g.d.z.s.o.a.h.c.h.p.RequestAddCookies - Cookie spec selected: strict
2024-07-24 14:29:59.353 [Test worker] DEBUG c.g.d.z.s.o.a.h.c.h.p.RequestAuthCache - Auth cache not set in the context
2024-07-24 14:29:59.353 [Test worker] DEBUG c.g.d.z.s.o.a.h.c.h.i.c.ProtocolExec - ex-0000001F: target auth state: UNCHALLENGED
2024-07-24 14:29:59.353 [Test worker] DEBUG c.g.d.z.s.o.a.h.c.h.i.c.ProtocolExec - ex-0000001F: proxy auth state: UNCHALLENGED
2024-07-24 14:29:59.353 [Test worker] DEBUG c.g.d.z.s.o.a.h.c.h.i.c.ConnectExec - ex-0000001F: acquiring connection with route {}->npipe://localhost:2375
2024-07-24 14:29:59.353 [Test worker] DEBUG c.g.d.z.s.o.a.h.c.h.i.c.InternalHttpClient - ex-0000001F: acquiring endpoint (3 MINUTES)
2024-07-24 14:29:59.353 [Test worker] DEBUG c.g.d.z.s.o.a.h.c.h.i.i.PoolingHttpClientConnectionManager - ex-0000001F: endpoint lease request (3 MINUTES) [route: {}->npipe://localhost:2375][total available: 1; route allocated: 1 of 2147483647; total allocated: 1 of 2147483647]
2024-07-24 14:29:59.353 [Test worker] DEBUG c.g.d.z.s.o.a.h.c.h.i.i.PoolingHttpClientConnectionManager - ex-0000001F: endpoint leased [route: {}->npipe://localhost:2375][total available: 0; route allocated: 1 of 2147483647; total allocated: 1 of 2147483647]
2024-07-24 14:29:59.353 [Test worker] DEBUG c.g.d.z.s.o.a.h.c.h.i.i.PoolingHttpClientConnectionManager - ex-0000001F: acquired ep-0000001E
2024-07-24 14:29:59.353 [Test worker] DEBUG c.g.d.z.s.o.a.h.c.h.i.c.InternalHttpClient - ex-0000001F: acquired endpoint ep-0000001E
2024-07-24 14:29:59.353 [Test worker] DEBUG c.g.d.z.s.o.a.h.c.h.i.c.MainClientExec - ex-0000001F: executing DELETE /v1.32/containers/c6972eea05b9baadfd9239a59ef7a862ed3271849c10af4da6d05285ecb29326?v=true&force=true HTTP/1.1
2024-07-24 14:29:59.353 [Test worker] DEBUG c.g.d.z.s.o.a.h.c.h.i.c.InternalHttpClient - ep-0000001E: start execution ex-0000001F
2024-07-24 14:29:59.353 [Test worker] DEBUG c.g.d.z.s.o.a.h.c.h.i.i.PoolingHttpClientConnectionManager - ep-0000001E: executing exchange ex-0000001F over http-outgoing-3
2024-07-24 14:29:59.353 [Test worker] DEBUG c.g.d.z.s.o.a.h.client5.http.headers - http-outgoing-3 >> DELETE /v1.32/containers/c6972eea05b9baadfd9239a59ef7a862ed3271849c10af4da6d05285ecb29326?v=true&force=true HTTP/1.1
2024-07-24 14:29:59.353 [Test worker] DEBUG c.g.d.z.s.o.a.h.client5.http.headers - http-outgoing-3 >> accept: application/json
2024-07-24 14:29:59.353 [Test worker] DEBUG c.g.d.z.s.o.a.h.client5.http.headers - http-outgoing-3 >> x-tc-sid: 280e6229-7396-4d60-b1e3-a5de48b5d49b
2024-07-24 14:29:59.353 [Test worker] DEBUG c.g.d.z.s.o.a.h.client5.http.headers - http-outgoing-3 >> User-Agent: tc-java/1.19.8
2024-07-24 14:29:59.353 [Test worker] DEBUG c.g.d.z.s.o.a.h.client5.http.headers - http-outgoing-3 >> Accept-Encoding: gzip, x-gzip, deflate
2024-07-24 14:29:59.353 [Test worker] DEBUG c.g.d.z.s.o.a.h.client5.http.headers - http-outgoing-3 >> Host: localhost:2375
2024-07-24 14:29:59.353 [Test worker] DEBUG c.g.d.z.s.o.a.h.client5.http.headers - http-outgoing-3 >> Connection: keep-alive
2024-07-24 14:29:59.353 [Test worker] DEBUG c.g.d.z.s.o.a.hc.client5.http.wire - http-outgoing-3 >> "DELETE /v1.32/containers/c6972eea05b9baadfd9239a59ef7a862ed3271849c10af4da6d05285ecb29326?v=true&force=true HTTP/1.1[\r][\n]"
2024-07-24 14:29:59.353 [Test worker] DEBUG c.g.d.z.s.o.a.hc.client5.http.wire - http-outgoing-3 >> "accept: application/json[\r][\n]"
2024-07-24 14:29:59.353 [Test worker] DEBUG c.g.d.z.s.o.a.hc.client5.http.wire - http-outgoing-3 >> "x-tc-sid: 280e6229-7396-4d60-b1e3-a5de48b5d49b[\r][\n]"
2024-07-24 14:29:59.353 [Test worker] DEBUG c.g.d.z.s.o.a.hc.client5.http.wire - http-outgoing-3 >> "User-Agent: tc-java/1.19.8[\r][\n]"
2024-07-24 14:29:59.353 [Test worker] DEBUG c.g.d.z.s.o.a.hc.client5.http.wire - http-outgoing-3 >> "Accept-Encoding: gzip, x-gzip, deflate[\r][\n]"
2024-07-24 14:29:59.353 [Test worker] DEBUG c.g.d.z.s.o.a.hc.client5.http.wire - http-outgoing-3 >> "Host: localhost:2375[\r][\n]"
2024-07-24 14:29:59.353 [Test worker] DEBUG c.g.d.z.s.o.a.hc.client5.http.wire - http-outgoing-3 >> "Connection: keep-alive[\r][\n]"
2024-07-24 14:29:59.353 [Test worker] DEBUG c.g.d.z.s.o.a.hc.client5.http.wire - http-outgoing-3 >> "[\r][\n]"
2024-07-24 14:29:59.434 [Test worker] DEBUG c.g.d.z.s.o.a.hc.client5.http.wire - http-outgoing-3 << "HTTP/1.1 204 No Content[\r][\n]"
2024-07-24 14:29:59.434 [Test worker] DEBUG c.g.d.z.s.o.a.hc.client5.http.wire - http-outgoing-3 << "Api-Version: 1.45[\r][\n]"
2024-07-24 14:29:59.434 [Test worker] DEBUG c.g.d.z.s.o.a.hc.client5.http.wire - http-outgoing-3 << "Date: Wed, 24 Jul 2024 02:29:59 GMT[\r][\n]"
2024-07-24 14:29:59.434 [Test worker] DEBUG c.g.d.z.s.o.a.hc.client5.http.wire - http-outgoing-3 << "Docker-Experimental: false[\r][\n]"
2024-07-24 14:29:59.434 [Test worker] DEBUG c.g.d.z.s.o.a.hc.client5.http.wire - http-outgoing-3 << "Ostype: linux[\r][\n]"
2024-07-24 14:29:59.434 [Test worker] DEBUG c.g.d.z.s.o.a.hc.client5.http.wire - http-outgoing-3 << "Server: Docker/26.0.0 (linux)[\r][\n]"
2024-07-24 14:29:59.434 [Test worker] DEBUG c.g.d.z.s.o.a.hc.client5.http.wire - http-outgoing-3 << "[\r][\n]"
2024-07-24 14:29:59.434 [Test worker] DEBUG c.g.d.z.s.o.a.h.client5.http.headers - http-outgoing-3 << HTTP/1.1 204 No Content
2024-07-24 14:29:59.435 [Test worker] DEBUG c.g.d.z.s.o.a.h.client5.http.headers - http-outgoing-3 << Api-Version: 1.45
2024-07-24 14:29:59.435 [Test worker] DEBUG c.g.d.z.s.o.a.h.client5.http.headers - http-outgoing-3 << Date: Wed, 24 Jul 2024 02:29:59 GMT
2024-07-24 14:29:59.435 [Test worker] DEBUG c.g.d.z.s.o.a.h.client5.http.headers - http-outgoing-3 << Docker-Experimental: false
2024-07-24 14:29:59.435 [Test worker] DEBUG c.g.d.z.s.o.a.h.client5.http.headers - http-outgoing-3 << Ostype: linux
2024-07-24 14:29:59.435 [Test worker] DEBUG c.g.d.z.s.o.a.h.client5.http.headers - http-outgoing-3 << Server: Docker/26.0.0 (linux)
2024-07-24 14:29:59.435 [Test worker] DEBUG c.g.d.z.s.o.a.h.c.h.i.c.MainClientExec - ex-0000001F: connection can be kept alive for 3 MINUTES
2024-07-24 14:29:59.435 [Test worker] DEBUG c.g.d.z.s.o.a.h.c.h.i.c.InternalHttpClient - ep-0000001E: releasing valid endpoint
2024-07-24 14:29:59.435 [Test worker] DEBUG c.g.d.z.s.o.a.h.c.h.i.i.PoolingHttpClientConnectionManager - ep-0000001E: releasing endpoint
2024-07-24 14:29:59.435 [Test worker] DEBUG c.g.d.z.s.o.a.h.c.h.i.i.PoolingHttpClientConnectionManager - ep-0000001E: connection http-outgoing-3 can be kept alive for 3 MINUTES
2024-07-24 14:29:59.435 [Test worker] DEBUG c.g.d.z.s.o.a.h.c.h.i.i.PoolingHttpClientConnectionManager - ep-0000001E: connection released [route: {}->npipe://localhost:2375][total available: 1; route allocated: 1 of 2147483647; total allocated: 1 of 2147483647]
2024-07-24 14:29:59.435 [Test worker] DEBUG o.t.utility.ResourceReaper - Removed container and associated volume(s): postgres:latest
]]></system-out>
  <system-err><![CDATA[]]></system-err>
</testsuite>
